 //////////////////////////////////////
 Initializating Rayleigh...

 -- Initalizing MPI...
 ---- Specified parameters:
 ---- NCPU  :    512
 ---- NPROW :     32
 ---- NPCOL :     16
 -- MPI initialized.


 -- Initalizing Grid...
 ---- Specified parameters ----
 ---- N_R                 :     64
 ---- N_THETA             :    384
 ---- Ell_MAX             :    255
 ---- R_MIN               :  5.38462E-01
 ---- R_MAX               :  1.53846E+00
 ---- Chebyshev Domains   :      1

        Domain 1
          Grid points           :  64
          Dealiased Polynomials :  42
          Domain Lower Bound    :  5.38462E-01
          Domain Upper Bound    :  1.53846E+00

 -- Grid initialized.

[SHTns 3.4.5] built Apr 30 2021, 15:43:01, id: avx2,ishioka
        Lmax=255, Mmax*Mres=255, Mres=1, Nlm=32896  [1 threads, orthonormalized]
        => using FFTW : Mmax=255, Nphi=768, Nlat=384  (data layout : phi_inc=384, theta_inc=1, phi_embed=768)
        => using Gauss nodes
        + polar optimization threshold = 1.0e-08
        finding optimal algorithm..........
        + SHT accuracy = 1.64e-12
        => SHTns is ready.
 -- Initalizing Reference State...
 ---- Specified parameters:
 ---- Reference type           :  Boussinesq (Non-dimensional)
 ---- Rayleigh Number          :  1.00000E+05
 ---- Ekman Number             :  1.00000E-03
 ---- Prandtl Number           :  1.00000E+00
 ---- Magnetic Prandtl Number  :  5.00000E+00
 -- Reference State initialized.

 -- Initializing Fields...
 ---- Specified parameters:
 ---- Hydro Init Type    : Benchmark (Christensen et al. 2001)
 ---- Magnetic Init Type : Benchmark (Christensen et al. 2001)
 -- Fields initialized.

 Initialization Complete.
 //////////////////////////////////////

 Timestep has changed from  0.00000E+00 to  1.00000E-04.
 Iteration:  00000001   DeltaT:  1.000E-04   Iter/sec:  0.000E+00
 Timestep has changed from  1.00000E-04 to  1.02211E-05.
 Iteration:  00000002   DeltaT:  1.022E-05   Iter/sec:  1.147E-01
 Iteration:  00000003   DeltaT:  1.022E-05   Iter/sec:  1.156E+01
 Iteration:  00000004   DeltaT:  1.022E-05   Iter/sec:  1.473E+01
 Iteration:  00000005   DeltaT:  1.022E-05   Iter/sec:  1.461E+01
 Iteration:  00000006   DeltaT:  1.022E-05   Iter/sec:  1.493E+01
 Iteration:  00000007   DeltaT:  1.022E-05   Iter/sec:  1.451E+01
 Iteration:  00000008   DeltaT:  1.022E-05   Iter/sec:  1.411E+01
 Iteration:  00000009   DeltaT:  1.022E-05   Iter/sec:  1.519E+01
 Iteration:  00000010   DeltaT:  1.022E-05   Iter/sec:  1.465E+01
 Iteration:  00000011   DeltaT:  1.022E-05   Iter/sec:  1.461E+01
 Iteration:  00000012   DeltaT:  1.022E-05   Iter/sec:  1.535E+01
 Iteration:  00000013   DeltaT:  1.022E-05   Iter/sec:  1.409E+01
 Iteration:  00000014   DeltaT:  1.022E-05   Iter/sec:  1.506E+01
 Iteration:  00000015   DeltaT:  1.022E-05   Iter/sec:  1.454E+01
 Iteration:  00000016   DeltaT:  1.022E-05   Iter/sec:  1.449E+01
 Iteration:  00000017   DeltaT:  1.022E-05   Iter/sec:  1.511E+01
 Iteration:  00000018   DeltaT:  1.022E-05   Iter/sec:  1.487E+01
 Iteration:  00000019   DeltaT:  1.022E-05   Iter/sec:  1.502E+01
 Iteration:  00000020   DeltaT:  1.022E-05   Iter/sec:  1.424E+01
 Iteration:  00000021   DeltaT:  1.022E-05   Iter/sec:  1.492E+01
 Iteration:  00000022   DeltaT:  1.022E-05   Iter/sec:  1.524E+01
 Iteration:  00000023   DeltaT:  1.022E-05   Iter/sec:  1.421E+01
 Iteration:  00000024   DeltaT:  1.022E-05   Iter/sec:  1.467E+01
 Iteration:  00000025   DeltaT:  1.022E-05   Iter/sec:  1.427E+01
 Iteration:  00000026   DeltaT:  1.022E-05   Iter/sec:  1.551E+01
 Iteration:  00000027   DeltaT:  1.022E-05   Iter/sec:  1.432E+01
 Iteration:  00000028   DeltaT:  1.022E-05   Iter/sec:  1.474E+01
 Iteration:  00000029   DeltaT:  1.022E-05   Iter/sec:  1.479E+01
 Iteration:  00000030   DeltaT:  1.022E-05   Iter/sec:  1.452E+01
 Iteration:  00000031   DeltaT:  1.022E-05   Iter/sec:  1.475E+01
 Iteration:  00000032   DeltaT:  1.022E-05   Iter/sec:  1.448E+01
 Iteration:  00000033   DeltaT:  1.022E-05   Iter/sec:  1.491E+01
 Iteration:  00000034   DeltaT:  1.022E-05   Iter/sec:  1.434E+01
 Iteration:  00000035   DeltaT:  1.022E-05   Iter/sec:  1.489E+01
 Iteration:  00000036   DeltaT:  1.022E-05   Iter/sec:  1.450E+01
 Iteration:  00000037   DeltaT:  1.022E-05   Iter/sec:  1.491E+01
 Iteration:  00000038   DeltaT:  1.022E-05   Iter/sec:  1.458E+01
 Iteration:  00000039   DeltaT:  1.022E-05   Iter/sec:  1.536E+01
 Iteration:  00000040   DeltaT:  1.022E-05   Iter/sec:  1.443E+01
 Iteration:  00000041   DeltaT:  1.022E-05   Iter/sec:  1.570E+01
 Iteration:  00000042   DeltaT:  1.022E-05   Iter/sec:  1.434E+01
 Iteration:  00000043   DeltaT:  1.022E-05   Iter/sec:  1.463E+01
 Iteration:  00000044   DeltaT:  1.022E-05   Iter/sec:  1.511E+01
 Iteration:  00000045   DeltaT:  1.022E-05   Iter/sec:  1.455E+01
 Iteration:  00000046   DeltaT:  1.022E-05   Iter/sec:  1.516E+01
 Iteration:  00000047   DeltaT:  1.022E-05   Iter/sec:  1.424E+01
 Iteration:  00000048   DeltaT:  1.022E-05   Iter/sec:  1.512E+01
 Iteration:  00000049   DeltaT:  1.022E-05   Iter/sec:  1.426E+01
 Iteration:  00000050   DeltaT:  1.022E-05   Iter/sec:  1.577E+01


//////////////////////////////////////////////
   Measured Timings for Process 0  (seconds)

 Elapsed time:         3.7804
  Column time:         1.2202
     Row time:         1.0088
Legendre time:         0.2396
     FFT time:         0.2426
   Solve time:         0.1123
    rlma time:         0.0427
    rlmb time:         0.0178
  pspace time:         0.2901
  psolve time:         0.2106
    dphi time:         0.0202
captured time:         3.4050

     iter/sec:        13.2261
//////////////////////////////////////////////
