 //////////////////////////////////////
 Initializating Rayleigh...

 -- Initalizing MPI...
 ---- Specified parameters:
 ---- NCPU  :    512
 ---- NPROW :     16
 ---- NPCOL :     32
 -- MPI initialized.


 -- Initalizing Grid...
 ---- Specified parameters ----
 ---- N_R                 :    128
 ---- N_THETA             :    192
 ---- Ell_MAX             :    127
 ---- R_MIN               :  5.38462E-01
 ---- R_MAX               :  1.53846E+00
 ---- Chebyshev Domains   :      1

        Domain 1
          Grid points           :  128
          Dealiased Polynomials :  85
          Domain Lower Bound    :  5.38462E-01
          Domain Upper Bound    :  1.53846E+00

 -- Grid initialized.

[SHTns 3.4.5] built Apr 30 2021, 15:43:01, id: avx2,ishioka
        Lmax=127, Mmax*Mres=127, Mres=1, Nlm=8256  [1 threads, orthonormalized]
        => using FFTW : Mmax=127, Nphi=384, Nlat=192  (data layout : phi_inc=192, theta_inc=1, phi_embed=384)
        => using Gauss nodes
        + polar optimization threshold = 1.0e-08
        finding optimal algorithm........
        + SHT accuracy = 4.92e-14
        => SHTns is ready.
 -- Initalizing Reference State...
 ---- Specified parameters:
 ---- Reference type           :  Boussinesq (Non-dimensional)
 ---- Rayleigh Number          :  1.00000E+05
 ---- Ekman Number             :  1.00000E-03
 ---- Prandtl Number           :  1.00000E+00
 ---- Magnetic Prandtl Number  :  5.00000E+00
 -- Reference State initialized.

 -- Initializing Fields...
 ---- Specified parameters:
 ---- Hydro Init Type    : Benchmark (Christensen et al. 2001)
 ---- Magnetic Init Type : Benchmark (Christensen et al. 2001)
 -- Fields initialized.

 Initialization Complete.
 //////////////////////////////////////

 Timestep has changed from  0.00000E+00 to  1.00000E-04.
 Iteration:  00000001   DeltaT:  1.000E-04   Iter/sec:  0.000E+00
 Timestep has changed from  1.00000E-04 to  2.55581E-06.
 Iteration:  00000002   DeltaT:  2.556E-06   Iter/sec:  2.466E-01
 Iteration:  00000003   DeltaT:  2.556E-06   Iter/sec:  1.744E+01
 Iteration:  00000004   DeltaT:  2.556E-06   Iter/sec:  3.775E+01
 Iteration:  00000005   DeltaT:  2.556E-06   Iter/sec:  4.166E+01
 Iteration:  00000006   DeltaT:  2.556E-06   Iter/sec:  4.087E+01
 Iteration:  00000007   DeltaT:  2.556E-06   Iter/sec:  4.167E+01
 Iteration:  00000008   DeltaT:  2.556E-06   Iter/sec:  4.093E+01
 Iteration:  00000009   DeltaT:  2.556E-06   Iter/sec:  4.119E+01
 Iteration:  00000010   DeltaT:  2.556E-06   Iter/sec:  4.147E+01
 Iteration:  00000011   DeltaT:  2.556E-06   Iter/sec:  4.090E+01
 Iteration:  00000012   DeltaT:  2.556E-06   Iter/sec:  4.155E+01
 Iteration:  00000013   DeltaT:  2.556E-06   Iter/sec:  4.089E+01
 Iteration:  00000014   DeltaT:  2.556E-06   Iter/sec:  4.108E+01
 Iteration:  00000015   DeltaT:  2.556E-06   Iter/sec:  4.104E+01
 Iteration:  00000016   DeltaT:  2.556E-06   Iter/sec:  3.809E+01
 Iteration:  00000017   DeltaT:  2.556E-06   Iter/sec:  4.040E+01
 Iteration:  00000018   DeltaT:  2.556E-06   Iter/sec:  3.947E+01
 Iteration:  00000019   DeltaT:  2.556E-06   Iter/sec:  4.157E+01
 Iteration:  00000020   DeltaT:  2.556E-06   Iter/sec:  4.111E+01
 Iteration:  00000021   DeltaT:  2.556E-06   Iter/sec:  4.129E+01
 Iteration:  00000022   DeltaT:  2.556E-06   Iter/sec:  4.096E+01
 Iteration:  00000023   DeltaT:  2.556E-06   Iter/sec:  4.170E+01
 Iteration:  00000024   DeltaT:  2.556E-06   Iter/sec:  4.073E+01
 Iteration:  00000025   DeltaT:  2.556E-06   Iter/sec:  4.174E+01
 Iteration:  00000026   DeltaT:  2.556E-06   Iter/sec:  4.151E+01
 Iteration:  00000027   DeltaT:  2.556E-06   Iter/sec:  4.167E+01
 Iteration:  00000028   DeltaT:  2.556E-06   Iter/sec:  4.130E+01
 Iteration:  00000029   DeltaT:  2.556E-06   Iter/sec:  4.128E+01
 Iteration:  00000030   DeltaT:  2.556E-06   Iter/sec:  4.161E+01
 Iteration:  00000031   DeltaT:  2.556E-06   Iter/sec:  4.126E+01
 Iteration:  00000032   DeltaT:  2.556E-06   Iter/sec:  4.194E+01
 Iteration:  00000033   DeltaT:  2.556E-06   Iter/sec:  4.184E+01
 Iteration:  00000034   DeltaT:  2.556E-06   Iter/sec:  4.146E+01
 Iteration:  00000035   DeltaT:  2.556E-06   Iter/sec:  4.144E+01
 Iteration:  00000036   DeltaT:  2.556E-06   Iter/sec:  4.155E+01
 Iteration:  00000037   DeltaT:  2.556E-06   Iter/sec:  4.107E+01
 Iteration:  00000038   DeltaT:  2.556E-06   Iter/sec:  4.159E+01
 Iteration:  00000039   DeltaT:  2.556E-06   Iter/sec:  4.153E+01
 Iteration:  00000040   DeltaT:  2.556E-06   Iter/sec:  4.177E+01
 Iteration:  00000041   DeltaT:  2.556E-06   Iter/sec:  4.069E+01
 Iteration:  00000042   DeltaT:  2.556E-06   Iter/sec:  4.108E+01
 Iteration:  00000043   DeltaT:  2.556E-06   Iter/sec:  4.198E+01
 Iteration:  00000044   DeltaT:  2.556E-06   Iter/sec:  4.184E+01
 Iteration:  00000045   DeltaT:  2.556E-06   Iter/sec:  4.129E+01
 Iteration:  00000046   DeltaT:  2.556E-06   Iter/sec:  4.136E+01
 Iteration:  00000047   DeltaT:  2.556E-06   Iter/sec:  4.136E+01
 Iteration:  00000048   DeltaT:  2.556E-06   Iter/sec:  4.078E+01
 Iteration:  00000049   DeltaT:  2.556E-06   Iter/sec:  4.069E+01
 Iteration:  00000050   DeltaT:  2.556E-06   Iter/sec:  4.070E+01


//////////////////////////////////////////////
   Measured Timings for Process 0  (seconds)

 Elapsed time:         2.0505
  Column time:         0.2721
     Row time:         0.3532
Legendre time:         0.0823
     FFT time:         0.0963
   Solve time:         0.1479
    rlma time:         0.0232
    rlmb time:         0.0099
  pspace time:         0.1135
  psolve time:         0.1488
    dphi time:         0.0142
captured time:         1.2615

     iter/sec:        24.3849
//////////////////////////////////////////////
