 //////////////////////////////////////
 Initializating Rayleigh...

 -- Initalizing MPI...
 ---- Specified parameters:
 ---- NCPU  :     64
 ---- NPROW :     16
 ---- NPCOL :      4
 -- MPI initialized.


 -- Initalizing Grid...
 ---- Specified parameters ----
 ---- N_R                 :    128
 ---- N_THETA             :    384
 ---- Ell_MAX             :    255
 ---- R_MIN               :  5.38462E-01
 ---- R_MAX               :  1.53846E+00
 ---- Chebyshev Domains   :      1

        Domain 1
          Grid points           :  128
          Dealiased Polynomials :  85
          Domain Lower Bound    :  5.38462E-01
          Domain Upper Bound    :  1.53846E+00

 -- Grid initialized.

[SHTns 3.4.5] built Apr 30 2021, 15:43:01, id: avx2,ishioka
        Lmax=255, Mmax*Mres=255, Mres=1, Nlm=32896  [1 threads, orthonormalized]
        => using FFTW : Mmax=255, Nphi=768, Nlat=384  (data layout : phi_inc=384, theta_inc=1, phi_embed=768)
        => using Gauss nodes
        + polar optimization threshold = 1.0e-08
        finding optimal algorithm..........
        + SHT accuracy = 1.63e-12
        => SHTns is ready.
 -- Initalizing Reference State...
 ---- Specified parameters:
 ---- Reference type           :  Boussinesq (Non-dimensional)
 ---- Rayleigh Number          :  1.00000E+05
 ---- Ekman Number             :  1.00000E-03
 ---- Prandtl Number           :  1.00000E+00
 ---- Magnetic Prandtl Number  :  5.00000E+00
 -- Reference State initialized.

 -- Initializing Fields...
 ---- Specified parameters:
 ---- Hydro Init Type    : Benchmark (Christensen et al. 2001)
 ---- Magnetic Init Type : Benchmark (Christensen et al. 2001)
 -- Fields initialized.

 Initialization Complete.
 //////////////////////////////////////

 Timestep has changed from  0.00000E+00 to  1.00000E-04.
 Iteration:  00000001   DeltaT:  1.000E-04   Iter/sec:  0.000E+00
 Timestep has changed from  1.00000E-04 to  2.55566E-06.
 Iteration:  00000002   DeltaT:  2.556E-06   Iter/sec:  9.338E-02
 Iteration:  00000003   DeltaT:  2.556E-06   Iter/sec:  6.911E-01
 Iteration:  00000004   DeltaT:  2.556E-06   Iter/sec:  8.922E-01
 Iteration:  00000005   DeltaT:  2.556E-06   Iter/sec:  9.002E-01
 Iteration:  00000006   DeltaT:  2.556E-06   Iter/sec:  8.846E-01
 Iteration:  00000007   DeltaT:  2.556E-06   Iter/sec:  9.102E-01
 Iteration:  00000008   DeltaT:  2.556E-06   Iter/sec:  9.084E-01
 Iteration:  00000009   DeltaT:  2.556E-06   Iter/sec:  9.021E-01
 Iteration:  00000010   DeltaT:  2.556E-06   Iter/sec:  9.049E-01
 Iteration:  00000011   DeltaT:  2.556E-06   Iter/sec:  9.107E-01
 Iteration:  00000012   DeltaT:  2.556E-06   Iter/sec:  9.128E-01
 Iteration:  00000013   DeltaT:  2.556E-06   Iter/sec:  9.145E-01
 Iteration:  00000014   DeltaT:  2.556E-06   Iter/sec:  9.025E-01
 Iteration:  00000015   DeltaT:  2.556E-06   Iter/sec:  8.938E-01
 Iteration:  00000016   DeltaT:  2.556E-06   Iter/sec:  8.951E-01
 Iteration:  00000017   DeltaT:  2.556E-06   Iter/sec:  8.993E-01
 Iteration:  00000018   DeltaT:  2.556E-06   Iter/sec:  9.051E-01
 Iteration:  00000019   DeltaT:  2.556E-06   Iter/sec:  9.120E-01
 Iteration:  00000020   DeltaT:  2.556E-06   Iter/sec:  9.101E-01
 Iteration:  00000021   DeltaT:  2.556E-06   Iter/sec:  9.049E-01
 Iteration:  00000022   DeltaT:  2.556E-06   Iter/sec:  9.019E-01
 Iteration:  00000023   DeltaT:  2.556E-06   Iter/sec:  8.940E-01
 Iteration:  00000024   DeltaT:  2.556E-06   Iter/sec:  9.032E-01
 Iteration:  00000025   DeltaT:  2.556E-06   Iter/sec:  8.960E-01
 Iteration:  00000026   DeltaT:  2.556E-06   Iter/sec:  9.098E-01
 Iteration:  00000027   DeltaT:  2.556E-06   Iter/sec:  9.141E-01
 Iteration:  00000028   DeltaT:  2.556E-06   Iter/sec:  8.910E-01
 Iteration:  00000029   DeltaT:  2.556E-06   Iter/sec:  9.081E-01
 Iteration:  00000030   DeltaT:  2.556E-06   Iter/sec:  8.973E-01
 Iteration:  00000031   DeltaT:  2.556E-06   Iter/sec:  9.020E-01
 Iteration:  00000032   DeltaT:  2.556E-06   Iter/sec:  9.051E-01
 Iteration:  00000033   DeltaT:  2.556E-06   Iter/sec:  8.958E-01
 Iteration:  00000034   DeltaT:  2.556E-06   Iter/sec:  9.037E-01
 Iteration:  00000035   DeltaT:  2.556E-06   Iter/sec:  9.037E-01
 Iteration:  00000036   DeltaT:  2.556E-06   Iter/sec:  9.069E-01
 Iteration:  00000037   DeltaT:  2.556E-06   Iter/sec:  9.010E-01
 Iteration:  00000038   DeltaT:  2.556E-06   Iter/sec:  9.009E-01
 Iteration:  00000039   DeltaT:  2.556E-06   Iter/sec:  9.090E-01
 Iteration:  00000040   DeltaT:  2.556E-06   Iter/sec:  9.065E-01
 Iteration:  00000041   DeltaT:  2.556E-06   Iter/sec:  9.056E-01
 Iteration:  00000042   DeltaT:  2.556E-06   Iter/sec:  9.098E-01
 Iteration:  00000043   DeltaT:  2.556E-06   Iter/sec:  9.127E-01
 Iteration:  00000044   DeltaT:  2.556E-06   Iter/sec:  9.000E-01
 Iteration:  00000045   DeltaT:  2.556E-06   Iter/sec:  9.010E-01
 Iteration:  00000046   DeltaT:  2.556E-06   Iter/sec:  9.030E-01
 Iteration:  00000047   DeltaT:  2.556E-06   Iter/sec:  9.056E-01
 Iteration:  00000048   DeltaT:  2.556E-06   Iter/sec:  9.121E-01
 Iteration:  00000049   DeltaT:  2.556E-06   Iter/sec:  9.024E-01
 Iteration:  00000050   DeltaT:  2.556E-06   Iter/sec:  8.941E-01


//////////////////////////////////////////////
   Measured Timings for Process 0  (seconds)

 Elapsed time:        57.0670
  Column time:         5.5560
     Row time:        21.2983
Legendre time:         5.0228
     FFT time:         3.9911
   Solve time:         1.8519
    rlma time:         1.3350
    rlmb time:         0.7214
  pspace time:         7.8976
  psolve time:         7.2757
    dphi time:         0.2998
captured time:        55.2496

     iter/sec:         0.8762
//////////////////////////////////////////////
