 //////////////////////////////////////
 Initializating Rayleigh...

 -- Initalizing MPI...
 ---- Specified parameters:
 ---- NCPU  :     64
 ---- NPROW :      4
 ---- NPCOL :     16
 -- MPI initialized.


 -- Initalizing Grid...
 ---- Specified parameters ----
 ---- N_R                 :     64
 ---- N_THETA             :    192
 ---- Ell_MAX             :    127
 ---- R_MIN               :  5.38462E-01
 ---- R_MAX               :  1.53846E+00
 ---- Chebyshev Domains   :      1

        Domain 1
          Grid points           :  64
          Dealiased Polynomials :  42
          Domain Lower Bound    :  5.38462E-01
          Domain Upper Bound    :  1.53846E+00

 -- Grid initialized.

[SHTns 3.4.5] built Apr 30 2021, 15:43:01, id: avx2,ishioka
        Lmax=127, Mmax*Mres=127, Mres=1, Nlm=8256  [1 threads, orthonormalized]
        => using FFTW : Mmax=127, Nphi=384, Nlat=192  (data layout : phi_inc=192, theta_inc=1, phi_embed=384)
        => using Gauss nodes
        + polar optimization threshold = 1.0e-08
        finding optimal algorithm........
        + SHT accuracy = 8.84e-14
        => SHTns is ready.
 -- Initalizing Reference State...
 ---- Specified parameters:
 ---- Reference type           :  Boussinesq (Non-dimensional)
 ---- Rayleigh Number          :  1.00000E+05
 ---- Ekman Number             :  1.00000E-03
 ---- Prandtl Number           :  1.00000E+00
 ---- Magnetic Prandtl Number  :  5.00000E+00
 -- Reference State initialized.

 -- Initializing Fields...
 ---- Specified parameters:
 ---- Hydro Init Type    : Benchmark (Christensen et al. 2001)
 ---- Magnetic Init Type : Benchmark (Christensen et al. 2001)
 -- Fields initialized.

 Initialization Complete.
 //////////////////////////////////////

 Timestep has changed from  0.00000E+00 to  1.00000E-04.
 Iteration:  00000001   DeltaT:  1.000E-04   Iter/sec:  0.000E+00
 Timestep has changed from  1.00000E-04 to  1.02217E-05.
 Iteration:  00000002   DeltaT:  1.022E-05   Iter/sec:  2.334E-01
 Iteration:  00000003   DeltaT:  1.022E-05   Iter/sec:  8.413E+00
 Iteration:  00000004   DeltaT:  1.022E-05   Iter/sec:  9.007E+00
 Iteration:  00000005   DeltaT:  1.022E-05   Iter/sec:  9.128E+00
 Iteration:  00000006   DeltaT:  1.022E-05   Iter/sec:  9.354E+00
 Iteration:  00000007   DeltaT:  1.022E-05   Iter/sec:  9.218E+00
 Iteration:  00000008   DeltaT:  1.022E-05   Iter/sec:  9.045E+00
 Iteration:  00000009   DeltaT:  1.022E-05   Iter/sec:  9.453E+00
 Iteration:  00000010   DeltaT:  1.022E-05   Iter/sec:  9.067E+00
 Iteration:  00000011   DeltaT:  1.022E-05   Iter/sec:  9.238E+00
 Iteration:  00000012   DeltaT:  1.022E-05   Iter/sec:  9.394E+00
 Iteration:  00000013   DeltaT:  1.022E-05   Iter/sec:  9.004E+00
 Iteration:  00000014   DeltaT:  1.022E-05   Iter/sec:  9.160E+00
 Iteration:  00000015   DeltaT:  1.022E-05   Iter/sec:  9.309E+00
 Iteration:  00000016   DeltaT:  1.022E-05   Iter/sec:  9.061E+00
 Iteration:  00000017   DeltaT:  1.022E-05   Iter/sec:  9.164E+00
 Iteration:  00000018   DeltaT:  1.022E-05   Iter/sec:  9.117E+00
 Iteration:  00000019   DeltaT:  1.022E-05   Iter/sec:  9.047E+00
 Iteration:  00000020   DeltaT:  1.022E-05   Iter/sec:  9.233E+00
 Iteration:  00000021   DeltaT:  1.022E-05   Iter/sec:  9.081E+00
 Iteration:  00000022   DeltaT:  1.022E-05   Iter/sec:  9.007E+00
 Iteration:  00000023   DeltaT:  1.022E-05   Iter/sec:  9.205E+00
 Iteration:  00000024   DeltaT:  1.022E-05   Iter/sec:  9.076E+00
 Iteration:  00000025   DeltaT:  1.022E-05   Iter/sec:  9.035E+00
 Iteration:  00000026   DeltaT:  1.022E-05   Iter/sec:  9.115E+00
 Iteration:  00000027   DeltaT:  1.022E-05   Iter/sec:  9.035E+00
 Iteration:  00000028   DeltaT:  1.022E-05   Iter/sec:  9.164E+00
 Iteration:  00000029   DeltaT:  1.022E-05   Iter/sec:  8.905E+00
 Iteration:  00000030   DeltaT:  1.022E-05   Iter/sec:  9.572E+00
 Iteration:  00000031   DeltaT:  1.022E-05   Iter/sec:  9.114E+00
 Iteration:  00000032   DeltaT:  1.022E-05   Iter/sec:  9.045E+00
 Iteration:  00000033   DeltaT:  1.022E-05   Iter/sec:  9.241E+00
 Iteration:  00000034   DeltaT:  1.022E-05   Iter/sec:  9.107E+00
 Iteration:  00000035   DeltaT:  1.022E-05   Iter/sec:  9.142E+00
 Iteration:  00000036   DeltaT:  1.022E-05   Iter/sec:  9.256E+00
 Iteration:  00000037   DeltaT:  1.022E-05   Iter/sec:  9.168E+00
 Iteration:  00000038   DeltaT:  1.022E-05   Iter/sec:  9.082E+00
 Iteration:  00000039   DeltaT:  1.022E-05   Iter/sec:  9.129E+00
 Iteration:  00000040   DeltaT:  1.022E-05   Iter/sec:  9.193E+00
 Iteration:  00000041   DeltaT:  1.022E-05   Iter/sec:  9.192E+00
 Iteration:  00000042   DeltaT:  1.022E-05   Iter/sec:  9.166E+00
 Iteration:  00000043   DeltaT:  1.022E-05   Iter/sec:  9.133E+00
 Iteration:  00000044   DeltaT:  1.022E-05   Iter/sec:  9.116E+00
 Iteration:  00000045   DeltaT:  1.022E-05   Iter/sec:  9.229E+00
 Iteration:  00000046   DeltaT:  1.022E-05   Iter/sec:  9.388E+00
 Iteration:  00000047   DeltaT:  1.022E-05   Iter/sec:  9.412E+00
 Iteration:  00000048   DeltaT:  1.022E-05   Iter/sec:  9.190E+00
 Iteration:  00000049   DeltaT:  1.022E-05   Iter/sec:  9.430E+00
 Iteration:  00000050   DeltaT:  1.022E-05   Iter/sec:  9.165E+00


//////////////////////////////////////////////
   Measured Timings for Process 0  (seconds)

 Elapsed time:         6.7899
  Column time:         0.9955
     Row time:         1.8580
Legendre time:         0.3717
     FFT time:         0.4664
   Solve time:         0.1342
    rlma time:         0.0993
    rlmb time:         0.0457
  pspace time:         0.7967
  psolve time:         0.5983
    dphi time:         0.0464
captured time:         5.4123

     iter/sec:         7.3638
//////////////////////////////////////////////
