 //////////////////////////////////////
 Initializating Rayleigh...

 -- Initalizing MPI...
 ---- Specified parameters:
 ---- NCPU  :     16
 ---- NPROW :      4
 ---- NPCOL :      4
 -- MPI initialized.


 -- Initalizing Grid...
 ---- Specified parameters ----
 ---- N_R                 :    128
 ---- N_THETA             :    192
 ---- Ell_MAX             :    127
 ---- R_MIN               :  5.38462E-01
 ---- R_MAX               :  1.53846E+00
 ---- Chebyshev Domains   :      1

        Domain 1
          Grid points           :  128
          Dealiased Polynomials :  85
          Domain Lower Bound    :  5.38462E-01
          Domain Upper Bound    :  1.53846E+00

 -- Grid initialized.

[SHTns 3.4.5] built Apr 30 2021, 15:43:01, id: avx2,ishioka
        Lmax=127, Mmax*Mres=127, Mres=1, Nlm=8256  [1 threads, orthonormalized]
        => using FFTW : Mmax=127, Nphi=384, Nlat=192  (data layout : phi_inc=192, theta_inc=1, phi_embed=384)
        => using Gauss nodes
        + polar optimization threshold = 1.0e-08
        finding optimal algorithm........
        + SHT accuracy = 3.82e-14
        => SHTns is ready.
 -- Initalizing Reference State...
 ---- Specified parameters:
 ---- Reference type           :  Boussinesq (Non-dimensional)
 ---- Rayleigh Number          :  1.00000E+05
 ---- Ekman Number             :  1.00000E-03
 ---- Prandtl Number           :  1.00000E+00
 ---- Magnetic Prandtl Number  :  5.00000E+00
 -- Reference State initialized.

 -- Initializing Fields...
 ---- Specified parameters:
 ---- Hydro Init Type    : Benchmark (Christensen et al. 2001)
 ---- Magnetic Init Type : Benchmark (Christensen et al. 2001)
 -- Fields initialized.

 Initialization Complete.
 //////////////////////////////////////

 Timestep has changed from  0.00000E+00 to  1.00000E-04.
 Iteration:  00000001   DeltaT:  1.000E-04   Iter/sec:  0.000E+00
 Timestep has changed from  1.00000E-04 to  2.55581E-06.
 Iteration:  00000002   DeltaT:  2.556E-06   Iter/sec:  1.894E-01
 Iteration:  00000003   DeltaT:  2.556E-06   Iter/sec:  7.979E-01
 Iteration:  00000004   DeltaT:  2.556E-06   Iter/sec:  9.030E-01
 Iteration:  00000005   DeltaT:  2.556E-06   Iter/sec:  9.049E-01
 Iteration:  00000006   DeltaT:  2.556E-06   Iter/sec:  9.059E-01
 Iteration:  00000007   DeltaT:  2.556E-06   Iter/sec:  9.087E-01
 Iteration:  00000008   DeltaT:  2.556E-06   Iter/sec:  9.049E-01
 Iteration:  00000009   DeltaT:  2.556E-06   Iter/sec:  9.025E-01
 Iteration:  00000010   DeltaT:  2.556E-06   Iter/sec:  9.029E-01
 Iteration:  00000011   DeltaT:  2.556E-06   Iter/sec:  9.086E-01
 Iteration:  00000012   DeltaT:  2.556E-06   Iter/sec:  8.986E-01
 Iteration:  00000013   DeltaT:  2.556E-06   Iter/sec:  9.014E-01
 Iteration:  00000014   DeltaT:  2.556E-06   Iter/sec:  9.095E-01
 Iteration:  00000015   DeltaT:  2.556E-06   Iter/sec:  9.102E-01
 Iteration:  00000016   DeltaT:  2.556E-06   Iter/sec:  9.026E-01
 Iteration:  00000017   DeltaT:  2.556E-06   Iter/sec:  9.071E-01
 Iteration:  00000018   DeltaT:  2.556E-06   Iter/sec:  9.022E-01
 Iteration:  00000019   DeltaT:  2.556E-06   Iter/sec:  9.092E-01
 Iteration:  00000020   DeltaT:  2.556E-06   Iter/sec:  9.073E-01
 Iteration:  00000021   DeltaT:  2.556E-06   Iter/sec:  9.165E-01
 Iteration:  00000022   DeltaT:  2.556E-06   Iter/sec:  9.098E-01
 Iteration:  00000023   DeltaT:  2.556E-06   Iter/sec:  9.032E-01
 Iteration:  00000024   DeltaT:  2.556E-06   Iter/sec:  9.014E-01
 Iteration:  00000025   DeltaT:  2.556E-06   Iter/sec:  9.106E-01
 Iteration:  00000026   DeltaT:  2.556E-06   Iter/sec:  9.070E-01
 Iteration:  00000027   DeltaT:  2.556E-06   Iter/sec:  9.067E-01
 Iteration:  00000028   DeltaT:  2.556E-06   Iter/sec:  9.053E-01
 Iteration:  00000029   DeltaT:  2.556E-06   Iter/sec:  9.065E-01
 Iteration:  00000030   DeltaT:  2.556E-06   Iter/sec:  9.037E-01
 Iteration:  00000031   DeltaT:  2.556E-06   Iter/sec:  9.067E-01
 Iteration:  00000032   DeltaT:  2.556E-06   Iter/sec:  9.020E-01
 Iteration:  00000033   DeltaT:  2.556E-06   Iter/sec:  9.059E-01
 Iteration:  00000034   DeltaT:  2.556E-06   Iter/sec:  9.048E-01
 Iteration:  00000035   DeltaT:  2.556E-06   Iter/sec:  9.092E-01
 Iteration:  00000036   DeltaT:  2.556E-06   Iter/sec:  9.023E-01
 Iteration:  00000037   DeltaT:  2.556E-06   Iter/sec:  9.064E-01
 Iteration:  00000038   DeltaT:  2.556E-06   Iter/sec:  9.022E-01
 Iteration:  00000039   DeltaT:  2.556E-06   Iter/sec:  9.086E-01
 Iteration:  00000040   DeltaT:  2.556E-06   Iter/sec:  9.089E-01
 Iteration:  00000041   DeltaT:  2.556E-06   Iter/sec:  9.119E-01
 Iteration:  00000042   DeltaT:  2.556E-06   Iter/sec:  9.063E-01
 Iteration:  00000043   DeltaT:  2.556E-06   Iter/sec:  9.092E-01
 Iteration:  00000044   DeltaT:  2.556E-06   Iter/sec:  9.030E-01
 Iteration:  00000045   DeltaT:  2.556E-06   Iter/sec:  9.051E-01
 Iteration:  00000046   DeltaT:  2.556E-06   Iter/sec:  9.064E-01
 Iteration:  00000047   DeltaT:  2.556E-06   Iter/sec:  9.067E-01
 Iteration:  00000048   DeltaT:  2.556E-06   Iter/sec:  9.031E-01
 Iteration:  00000049   DeltaT:  2.556E-06   Iter/sec:  9.091E-01
 Iteration:  00000050   DeltaT:  2.556E-06   Iter/sec:  9.017E-01


//////////////////////////////////////////////
   Measured Timings for Process 0  (seconds)

 Elapsed time:        56.0172
  Column time:         3.1110
     Row time:        24.2178
Legendre time:         3.7527
     FFT time:         3.9223
   Solve time:         1.3981
    rlma time:         1.1629
    rlmb time:         0.3912
  pspace time:         9.1677
  psolve time:         6.9320
    dphi time:         0.4787
captured time:        54.5342

     iter/sec:         0.8926
//////////////////////////////////////////////
