 //////////////////////////////////////
 Initializating Rayleigh...

 -- Initalizing MPI...
 ---- Specified parameters:
 ---- NCPU  :    512
 ---- NPROW :     32
 ---- NPCOL :     16
 -- MPI initialized.


 -- Initalizing Grid...
 ---- Specified parameters ----
 ---- N_R                 :    128
 ---- N_THETA             :    384
 ---- Ell_MAX             :    255
 ---- R_MIN               :  5.38462E-01
 ---- R_MAX               :  1.53846E+00
 ---- Chebyshev Domains   :      1

        Domain 1
          Grid points           :  128
          Dealiased Polynomials :  85
          Domain Lower Bound    :  5.38462E-01
          Domain Upper Bound    :  1.53846E+00

 -- Grid initialized.

[SHTns 3.4.5] built Apr 30 2021, 15:43:01, id: avx2,ishioka
        Lmax=255, Mmax*Mres=255, Mres=1, Nlm=32896  [1 threads, orthonormalized]
        => using FFTW : Mmax=255, Nphi=768, Nlat=384  (data layout : phi_inc=384, theta_inc=1, phi_embed=768)
        => using Gauss nodes
        + polar optimization threshold = 1.0e-08
        finding optimal algorithm..........
        + SHT accuracy = 2.39e-12
        => SHTns is ready.
 -- Initalizing Reference State...
 ---- Specified parameters:
 ---- Reference type           :  Boussinesq (Non-dimensional)
 ---- Rayleigh Number          :  1.00000E+05
 ---- Ekman Number             :  1.00000E-03
 ---- Prandtl Number           :  1.00000E+00
 ---- Magnetic Prandtl Number  :  5.00000E+00
 -- Reference State initialized.

 -- Initializing Fields...
 ---- Specified parameters:
 ---- Hydro Init Type    : Benchmark (Christensen et al. 2001)
 ---- Magnetic Init Type : Benchmark (Christensen et al. 2001)
 -- Fields initialized.

 Initialization Complete.
 //////////////////////////////////////

 Timestep has changed from  0.00000E+00 to  1.00000E-04.
 Iteration:  00000001   DeltaT:  1.000E-04   Iter/sec:  0.000E+00
 Timestep has changed from  1.00000E-04 to  2.55566E-06.
 Iteration:  00000002   DeltaT:  2.556E-06   Iter/sec:  1.130E-01
 Iteration:  00000003   DeltaT:  2.556E-06   Iter/sec:  4.184E+00
 Iteration:  00000004   DeltaT:  2.556E-06   Iter/sec:  6.414E+00
 Iteration:  00000005   DeltaT:  2.556E-06   Iter/sec:  6.400E+00
 Iteration:  00000006   DeltaT:  2.556E-06   Iter/sec:  6.549E+00
 Iteration:  00000007   DeltaT:  2.556E-06   Iter/sec:  6.842E+00
 Iteration:  00000008   DeltaT:  2.556E-06   Iter/sec:  6.542E+00
 Iteration:  00000009   DeltaT:  2.556E-06   Iter/sec:  6.807E+00
 Iteration:  00000010   DeltaT:  2.556E-06   Iter/sec:  6.836E+00
 Iteration:  00000011   DeltaT:  2.556E-06   Iter/sec:  6.680E+00
 Iteration:  00000012   DeltaT:  2.556E-06   Iter/sec:  6.800E+00
 Iteration:  00000013   DeltaT:  2.556E-06   Iter/sec:  6.726E+00
 Iteration:  00000014   DeltaT:  2.556E-06   Iter/sec:  6.646E+00
 Iteration:  00000015   DeltaT:  2.556E-06   Iter/sec:  6.658E+00
 Iteration:  00000016   DeltaT:  2.556E-06   Iter/sec:  6.711E+00
 Iteration:  00000017   DeltaT:  2.556E-06   Iter/sec:  6.777E+00
 Iteration:  00000018   DeltaT:  2.556E-06   Iter/sec:  6.671E+00
 Iteration:  00000019   DeltaT:  2.556E-06   Iter/sec:  6.864E+00
 Iteration:  00000020   DeltaT:  2.556E-06   Iter/sec:  6.537E+00
 Iteration:  00000021   DeltaT:  2.556E-06   Iter/sec:  6.821E+00
 Iteration:  00000022   DeltaT:  2.556E-06   Iter/sec:  6.589E+00
 Iteration:  00000023   DeltaT:  2.556E-06   Iter/sec:  6.876E+00
 Iteration:  00000024   DeltaT:  2.556E-06   Iter/sec:  6.736E+00
 Iteration:  00000025   DeltaT:  2.556E-06   Iter/sec:  6.796E+00
 Iteration:  00000026   DeltaT:  2.556E-06   Iter/sec:  6.950E+00
 Iteration:  00000027   DeltaT:  2.556E-06   Iter/sec:  6.701E+00
 Iteration:  00000028   DeltaT:  2.556E-06   Iter/sec:  6.861E+00
 Iteration:  00000029   DeltaT:  2.556E-06   Iter/sec:  6.850E+00
 Iteration:  00000030   DeltaT:  2.556E-06   Iter/sec:  6.838E+00
 Iteration:  00000031   DeltaT:  2.556E-06   Iter/sec:  6.644E+00
 Iteration:  00000032   DeltaT:  2.556E-06   Iter/sec:  6.859E+00
 Iteration:  00000033   DeltaT:  2.556E-06   Iter/sec:  6.728E+00
 Iteration:  00000034   DeltaT:  2.556E-06   Iter/sec:  6.708E+00
 Iteration:  00000035   DeltaT:  2.556E-06   Iter/sec:  6.927E+00
 Iteration:  00000036   DeltaT:  2.556E-06   Iter/sec:  6.655E+00
 Iteration:  00000037   DeltaT:  2.556E-06   Iter/sec:  7.022E+00
 Iteration:  00000038   DeltaT:  2.556E-06   Iter/sec:  6.669E+00
 Iteration:  00000039   DeltaT:  2.556E-06   Iter/sec:  6.859E+00
 Iteration:  00000040   DeltaT:  2.556E-06   Iter/sec:  6.679E+00
 Iteration:  00000041   DeltaT:  2.556E-06   Iter/sec:  6.677E+00
 Iteration:  00000042   DeltaT:  2.556E-06   Iter/sec:  6.687E+00
 Iteration:  00000043   DeltaT:  2.556E-06   Iter/sec:  7.041E+00
 Iteration:  00000044   DeltaT:  2.556E-06   Iter/sec:  6.666E+00
 Iteration:  00000045   DeltaT:  2.556E-06   Iter/sec:  6.841E+00
 Iteration:  00000046   DeltaT:  2.556E-06   Iter/sec:  6.919E+00
 Iteration:  00000047   DeltaT:  2.556E-06   Iter/sec:  6.777E+00
 Iteration:  00000048   DeltaT:  2.556E-06   Iter/sec:  6.632E+00
 Iteration:  00000049   DeltaT:  2.556E-06   Iter/sec:  6.747E+00
 Iteration:  00000050   DeltaT:  2.556E-06   Iter/sec:  6.753E+00


//////////////////////////////////////////////
   Measured Timings for Process 0  (seconds)

 Elapsed time:         8.1518
  Column time:         2.2392
     Row time:         2.1217
Legendre time:         0.5393
     FFT time:         0.4942
   Solve time:         0.4134
    rlma time:         0.0842
    rlmb time:         0.0363
  pspace time:         0.8639
  psolve time:         0.6988
    dphi time:         0.0438
captured time:         7.5349

     iter/sec:         6.1336
//////////////////////////////////////////////
