 //////////////////////////////////////
 Initializating Rayleigh...

 -- Initalizing MPI...
 ---- Specified parameters:
 ---- NCPU  :    256
 ---- NPROW :     16
 ---- NPCOL :     16
 -- MPI initialized.


 -- Initalizing Grid...
 ---- Specified parameters ----
 ---- N_R                 :     64
 ---- N_THETA             :    384
 ---- Ell_MAX             :    255
 ---- R_MIN               :  5.38462E-01
 ---- R_MAX               :  1.53846E+00
 ---- Chebyshev Domains   :      1

        Domain 1
          Grid points           :  64
          Dealiased Polynomials :  42
          Domain Lower Bound    :  5.38462E-01
          Domain Upper Bound    :  1.53846E+00

 -- Grid initialized.

[SHTns 3.4.5] built Apr 30 2021, 15:43:01, id: avx2,ishioka
        Lmax=255, Mmax*Mres=255, Mres=1, Nlm=32896  [1 threads, orthonormalized]
        => using FFTW : Mmax=255, Nphi=768, Nlat=384  (data layout : phi_inc=384, theta_inc=1, phi_embed=768)
        => using Gauss nodes
        + polar optimization threshold = 1.0e-08
        finding optimal algorithm..........
        + SHT accuracy = 1.2e-12
        => SHTns is ready.
 -- Initalizing Reference State...
 ---- Specified parameters:
 ---- Reference type           :  Boussinesq (Non-dimensional)
 ---- Rayleigh Number          :  1.00000E+05
 ---- Ekman Number             :  1.00000E-03
 ---- Prandtl Number           :  1.00000E+00
 ---- Magnetic Prandtl Number  :  5.00000E+00
 -- Reference State initialized.

 -- Initializing Fields...
 ---- Specified parameters:
 ---- Hydro Init Type    : Benchmark (Christensen et al. 2001)
 ---- Magnetic Init Type : Benchmark (Christensen et al. 2001)
 -- Fields initialized.

 Initialization Complete.
 //////////////////////////////////////

 Timestep has changed from  0.00000E+00 to  1.00000E-04.
 Iteration:  00000001   DeltaT:  1.000E-04   Iter/sec:  0.000E+00
 Timestep has changed from  1.00000E-04 to  1.02211E-05.
 Iteration:  00000002   DeltaT:  1.022E-05   Iter/sec:  1.118E-01
 Iteration:  00000003   DeltaT:  1.022E-05   Iter/sec:  6.961E+00
 Iteration:  00000004   DeltaT:  1.022E-05   Iter/sec:  7.832E+00
 Iteration:  00000005   DeltaT:  1.022E-05   Iter/sec:  7.765E+00
 Iteration:  00000006   DeltaT:  1.022E-05   Iter/sec:  7.762E+00
 Iteration:  00000007   DeltaT:  1.022E-05   Iter/sec:  7.867E+00
 Iteration:  00000008   DeltaT:  1.022E-05   Iter/sec:  7.687E+00
 Iteration:  00000009   DeltaT:  1.022E-05   Iter/sec:  7.815E+00
 Iteration:  00000010   DeltaT:  1.022E-05   Iter/sec:  7.889E+00
 Iteration:  00000011   DeltaT:  1.022E-05   Iter/sec:  7.987E+00
 Iteration:  00000012   DeltaT:  1.022E-05   Iter/sec:  7.727E+00
 Iteration:  00000013   DeltaT:  1.022E-05   Iter/sec:  7.811E+00
 Iteration:  00000014   DeltaT:  1.022E-05   Iter/sec:  7.870E+00
 Iteration:  00000015   DeltaT:  1.022E-05   Iter/sec:  7.895E+00
 Iteration:  00000016   DeltaT:  1.022E-05   Iter/sec:  7.812E+00
 Iteration:  00000017   DeltaT:  1.022E-05   Iter/sec:  7.900E+00
 Iteration:  00000018   DeltaT:  1.022E-05   Iter/sec:  7.918E+00
 Iteration:  00000019   DeltaT:  1.022E-05   Iter/sec:  7.905E+00
 Iteration:  00000020   DeltaT:  1.022E-05   Iter/sec:  7.880E+00
 Iteration:  00000021   DeltaT:  1.022E-05   Iter/sec:  7.973E+00
 Iteration:  00000022   DeltaT:  1.022E-05   Iter/sec:  7.876E+00
 Iteration:  00000023   DeltaT:  1.022E-05   Iter/sec:  7.940E+00
 Iteration:  00000024   DeltaT:  1.022E-05   Iter/sec:  8.080E+00
 Iteration:  00000025   DeltaT:  1.022E-05   Iter/sec:  7.844E+00
 Iteration:  00000026   DeltaT:  1.022E-05   Iter/sec:  8.077E+00
 Iteration:  00000027   DeltaT:  1.022E-05   Iter/sec:  8.123E+00
 Iteration:  00000028   DeltaT:  1.022E-05   Iter/sec:  7.930E+00
 Iteration:  00000029   DeltaT:  1.022E-05   Iter/sec:  8.135E+00
 Iteration:  00000030   DeltaT:  1.022E-05   Iter/sec:  8.102E+00
 Iteration:  00000031   DeltaT:  1.022E-05   Iter/sec:  7.934E+00
 Iteration:  00000032   DeltaT:  1.022E-05   Iter/sec:  8.125E+00
 Iteration:  00000033   DeltaT:  1.022E-05   Iter/sec:  8.041E+00
 Iteration:  00000034   DeltaT:  1.022E-05   Iter/sec:  8.061E+00
 Iteration:  00000035   DeltaT:  1.022E-05   Iter/sec:  7.907E+00
 Iteration:  00000036   DeltaT:  1.022E-05   Iter/sec:  8.033E+00
 Iteration:  00000037   DeltaT:  1.022E-05   Iter/sec:  8.224E+00
 Iteration:  00000038   DeltaT:  1.022E-05   Iter/sec:  7.952E+00
 Iteration:  00000039   DeltaT:  1.022E-05   Iter/sec:  8.005E+00
 Iteration:  00000040   DeltaT:  1.022E-05   Iter/sec:  8.187E+00
 Iteration:  00000041   DeltaT:  1.022E-05   Iter/sec:  7.926E+00
 Iteration:  00000042   DeltaT:  1.022E-05   Iter/sec:  8.321E+00
 Iteration:  00000043   DeltaT:  1.022E-05   Iter/sec:  8.022E+00
 Iteration:  00000044   DeltaT:  1.022E-05   Iter/sec:  7.993E+00
 Iteration:  00000045   DeltaT:  1.022E-05   Iter/sec:  8.207E+00
 Iteration:  00000046   DeltaT:  1.022E-05   Iter/sec:  8.028E+00
 Iteration:  00000047   DeltaT:  1.022E-05   Iter/sec:  7.976E+00
 Iteration:  00000048   DeltaT:  1.022E-05   Iter/sec:  8.194E+00
 Iteration:  00000049   DeltaT:  1.022E-05   Iter/sec:  7.999E+00
 Iteration:  00000050   DeltaT:  1.022E-05   Iter/sec:  8.244E+00


//////////////////////////////////////////////
   Measured Timings for Process 0  (seconds)

 Elapsed time:         6.6574
  Column time:         1.2652
     Row time:         1.9694
Legendre time:         0.5668
     FFT time:         0.4813
   Solve time:         0.1516
    rlma time:         0.0904
    rlmb time:         0.0373
  pspace time:         0.9767
  psolve time:         0.6310
    dphi time:         0.0669
captured time:         6.2367

     iter/sec:         7.5105
//////////////////////////////////////////////
