 //////////////////////////////////////
 Initializating Rayleigh...

 -- Initalizing MPI...
 ---- Specified parameters:
 ---- NCPU  :    256
 ---- NPROW :     16
 ---- NPCOL :     16
 -- MPI initialized.


 -- Initalizing Grid...
 ---- Specified parameters ----
 ---- N_R                 :     64
 ---- N_THETA             :    192
 ---- Ell_MAX             :    127
 ---- R_MIN               :  5.38462E-01
 ---- R_MAX               :  1.53846E+00
 ---- Chebyshev Domains   :      1

        Domain 1
          Grid points           :  64
          Dealiased Polynomials :  42
          Domain Lower Bound    :  5.38462E-01
          Domain Upper Bound    :  1.53846E+00

 -- Grid initialized.

[SHTns 3.4.5] built Apr 30 2021, 15:43:01, id: avx2,ishioka
        Lmax=127, Mmax*Mres=127, Mres=1, Nlm=8256  [1 threads, orthonormalized]
        => using FFTW : Mmax=127, Nphi=384, Nlat=192  (data layout : phi_inc=192, theta_inc=1, phi_embed=384)
        => using Gauss nodes
        + polar optimization threshold = 1.0e-08
        finding optimal algorithm........
        + SHT accuracy = 6.77e-14
        => SHTns is ready.
 -- Initalizing Reference State...
 ---- Specified parameters:
 ---- Reference type           :  Boussinesq (Non-dimensional)
 ---- Rayleigh Number          :  1.00000E+05
 ---- Ekman Number             :  1.00000E-03
 ---- Prandtl Number           :  1.00000E+00
 ---- Magnetic Prandtl Number  :  5.00000E+00
 -- Reference State initialized.

 -- Initializing Fields...
 ---- Specified parameters:
 ---- Hydro Init Type    : Benchmark (Christensen et al. 2001)
 ---- Magnetic Init Type : Benchmark (Christensen et al. 2001)
 -- Fields initialized.

 Initialization Complete.
 //////////////////////////////////////

 Timestep has changed from  0.00000E+00 to  1.00000E-04.
 Iteration:  00000001   DeltaT:  1.000E-04   Iter/sec:  0.000E+00
 Timestep has changed from  1.00000E-04 to  1.02217E-05.
 Iteration:  00000002   DeltaT:  1.022E-05   Iter/sec:  2.492E-01
 Iteration:  00000003   DeltaT:  1.022E-05   Iter/sec:  3.116E+01
 Iteration:  00000004   DeltaT:  1.022E-05   Iter/sec:  4.252E+01
 Iteration:  00000005   DeltaT:  1.022E-05   Iter/sec:  4.298E+01
 Iteration:  00000006   DeltaT:  1.022E-05   Iter/sec:  4.220E+01
 Iteration:  00000007   DeltaT:  1.022E-05   Iter/sec:  4.403E+01
 Iteration:  00000008   DeltaT:  1.022E-05   Iter/sec:  4.258E+01
 Iteration:  00000009   DeltaT:  1.022E-05   Iter/sec:  4.364E+01
 Iteration:  00000010   DeltaT:  1.022E-05   Iter/sec:  4.227E+01
 Iteration:  00000011   DeltaT:  1.022E-05   Iter/sec:  4.248E+01
 Iteration:  00000012   DeltaT:  1.022E-05   Iter/sec:  4.334E+01
 Iteration:  00000013   DeltaT:  1.022E-05   Iter/sec:  4.288E+01
 Iteration:  00000014   DeltaT:  1.022E-05   Iter/sec:  4.326E+01
 Iteration:  00000015   DeltaT:  1.022E-05   Iter/sec:  4.204E+01
 Iteration:  00000016   DeltaT:  1.022E-05   Iter/sec:  4.353E+01
 Iteration:  00000017   DeltaT:  1.022E-05   Iter/sec:  4.187E+01
 Iteration:  00000018   DeltaT:  1.022E-05   Iter/sec:  4.396E+01
 Iteration:  00000019   DeltaT:  1.022E-05   Iter/sec:  4.271E+01
 Iteration:  00000020   DeltaT:  1.022E-05   Iter/sec:  4.401E+01
 Iteration:  00000021   DeltaT:  1.022E-05   Iter/sec:  4.312E+01
 Iteration:  00000022   DeltaT:  1.022E-05   Iter/sec:  4.310E+01
 Iteration:  00000023   DeltaT:  1.022E-05   Iter/sec:  4.214E+01
 Iteration:  00000024   DeltaT:  1.022E-05   Iter/sec:  4.353E+01
 Iteration:  00000025   DeltaT:  1.022E-05   Iter/sec:  4.275E+01
 Iteration:  00000026   DeltaT:  1.022E-05   Iter/sec:  4.340E+01
 Iteration:  00000027   DeltaT:  1.022E-05   Iter/sec:  4.301E+01
 Iteration:  00000028   DeltaT:  1.022E-05   Iter/sec:  4.310E+01
 Iteration:  00000029   DeltaT:  1.022E-05   Iter/sec:  4.292E+01
 Iteration:  00000030   DeltaT:  1.022E-05   Iter/sec:  4.266E+01
 Iteration:  00000031   DeltaT:  1.022E-05   Iter/sec:  4.320E+01
 Iteration:  00000032   DeltaT:  1.022E-05   Iter/sec:  4.229E+01
 Iteration:  00000033   DeltaT:  1.022E-05   Iter/sec:  4.162E+01
 Iteration:  00000034   DeltaT:  1.022E-05   Iter/sec:  4.293E+01
 Iteration:  00000035   DeltaT:  1.022E-05   Iter/sec:  4.311E+01
 Iteration:  00000036   DeltaT:  1.022E-05   Iter/sec:  4.177E+01
 Iteration:  00000037   DeltaT:  1.022E-05   Iter/sec:  4.256E+01
 Iteration:  00000038   DeltaT:  1.022E-05   Iter/sec:  4.406E+01
 Iteration:  00000039   DeltaT:  1.022E-05   Iter/sec:  4.140E+01
 Iteration:  00000040   DeltaT:  1.022E-05   Iter/sec:  4.216E+01
 Iteration:  00000041   DeltaT:  1.022E-05   Iter/sec:  4.148E+01
 Iteration:  00000042   DeltaT:  1.022E-05   Iter/sec:  4.322E+01
 Iteration:  00000043   DeltaT:  1.022E-05   Iter/sec:  4.303E+01
 Iteration:  00000044   DeltaT:  1.022E-05   Iter/sec:  4.302E+01
 Iteration:  00000045   DeltaT:  1.022E-05   Iter/sec:  4.306E+01
 Iteration:  00000046   DeltaT:  1.022E-05   Iter/sec:  4.321E+01
 Iteration:  00000047   DeltaT:  1.022E-05   Iter/sec:  4.212E+01
 Iteration:  00000048   DeltaT:  1.022E-05   Iter/sec:  4.318E+01
 Iteration:  00000049   DeltaT:  1.022E-05   Iter/sec:  4.340E+01
 Iteration:  00000050   DeltaT:  1.022E-05   Iter/sec:  4.325E+01


//////////////////////////////////////////////
   Measured Timings for Process 0  (seconds)

 Elapsed time:         2.1240
  Column time:         0.2945
     Row time:         0.3545
Legendre time:         0.0811
     FFT time:         0.0967
   Solve time:         0.0778
    rlma time:         0.0232
    rlmb time:         0.0097
  pspace time:         0.1180
  psolve time:         0.1003
    dphi time:         0.0144
captured time:         1.1702

     iter/sec:        23.5409
//////////////////////////////////////////////
