 //////////////////////////////////////
 Initializating Rayleigh...

 -- Initalizing MPI...
 ---- Specified parameters:
 ---- NCPU  :     32
 ---- NPROW :      4
 ---- NPCOL :      8
 -- MPI initialized.


 -- Initalizing Grid...
 ---- Specified parameters ----
 ---- N_R                 :    128
 ---- N_THETA             :    384
 ---- Ell_MAX             :    255
 ---- R_MIN               :  5.38462E-01
 ---- R_MAX               :  1.53846E+00
 ---- Chebyshev Domains   :      1

        Domain 1
          Grid points           :  128
          Dealiased Polynomials :  85
          Domain Lower Bound    :  5.38462E-01
          Domain Upper Bound    :  1.53846E+00

 -- Grid initialized.

[SHTns 3.4.5] built Apr 30 2021, 15:43:01, id: avx2,ishioka
        Lmax=255, Mmax*Mres=255, Mres=1, Nlm=32896  [1 threads, orthonormalized]
        => using FFTW : Mmax=255, Nphi=768, Nlat=384  (data layout : phi_inc=384, theta_inc=1, phi_embed=768)
        => using Gauss nodes
        + polar optimization threshold = 1.0e-08
        finding optimal algorithm..........
        + SHT accuracy = 1.61e-12
        => SHTns is ready.
 -- Initalizing Reference State...
 ---- Specified parameters:
 ---- Reference type           :  Boussinesq (Non-dimensional)
 ---- Rayleigh Number          :  1.00000E+05
 ---- Ekman Number             :  1.00000E-03
 ---- Prandtl Number           :  1.00000E+00
 ---- Magnetic Prandtl Number  :  5.00000E+00
 -- Reference State initialized.

 -- Initializing Fields...
 ---- Specified parameters:
 ---- Hydro Init Type    : Benchmark (Christensen et al. 2001)
 ---- Magnetic Init Type : Benchmark (Christensen et al. 2001)
 -- Fields initialized.

 Initialization Complete.
 //////////////////////////////////////

 Timestep has changed from  0.00000E+00 to  1.00000E-04.
 Iteration:  00000001   DeltaT:  1.000E-04   Iter/sec:  0.000E+00
 Timestep has changed from  1.00000E-04 to  2.55566E-06.
 Iteration:  00000002   DeltaT:  2.556E-06   Iter/sec:  8.548E-02
 Iteration:  00000003   DeltaT:  2.556E-06   Iter/sec:  4.030E-01
 Iteration:  00000004   DeltaT:  2.556E-06   Iter/sec:  4.425E-01
 Iteration:  00000005   DeltaT:  2.556E-06   Iter/sec:  4.396E-01
 Iteration:  00000006   DeltaT:  2.556E-06   Iter/sec:  4.396E-01
 Iteration:  00000007   DeltaT:  2.556E-06   Iter/sec:  4.394E-01
 Iteration:  00000008   DeltaT:  2.556E-06   Iter/sec:  4.400E-01
 Iteration:  00000009   DeltaT:  2.556E-06   Iter/sec:  4.341E-01
 Iteration:  00000010   DeltaT:  2.556E-06   Iter/sec:  4.363E-01
 Iteration:  00000011   DeltaT:  2.556E-06   Iter/sec:  4.405E-01
 Iteration:  00000012   DeltaT:  2.556E-06   Iter/sec:  4.414E-01
 Iteration:  00000013   DeltaT:  2.556E-06   Iter/sec:  4.377E-01
 Iteration:  00000014   DeltaT:  2.556E-06   Iter/sec:  4.403E-01
 Iteration:  00000015   DeltaT:  2.556E-06   Iter/sec:  4.419E-01
 Iteration:  00000016   DeltaT:  2.556E-06   Iter/sec:  4.371E-01
 Iteration:  00000017   DeltaT:  2.556E-06   Iter/sec:  4.385E-01
 Iteration:  00000018   DeltaT:  2.556E-06   Iter/sec:  4.386E-01
 Iteration:  00000019   DeltaT:  2.556E-06   Iter/sec:  4.398E-01
 Iteration:  00000020   DeltaT:  2.556E-06   Iter/sec:  4.400E-01
 Iteration:  00000021   DeltaT:  2.556E-06   Iter/sec:  4.398E-01
 Iteration:  00000022   DeltaT:  2.556E-06   Iter/sec:  4.410E-01
 Iteration:  00000023   DeltaT:  2.556E-06   Iter/sec:  4.364E-01
 Iteration:  00000024   DeltaT:  2.556E-06   Iter/sec:  4.395E-01
 Iteration:  00000025   DeltaT:  2.556E-06   Iter/sec:  4.370E-01
 Iteration:  00000026   DeltaT:  2.556E-06   Iter/sec:  4.383E-01
 Iteration:  00000027   DeltaT:  2.556E-06   Iter/sec:  4.419E-01
 Iteration:  00000028   DeltaT:  2.556E-06   Iter/sec:  4.342E-01
 Iteration:  00000029   DeltaT:  2.556E-06   Iter/sec:  4.343E-01
 Iteration:  00000030   DeltaT:  2.556E-06   Iter/sec:  4.356E-01
 Iteration:  00000031   DeltaT:  2.556E-06   Iter/sec:  4.368E-01
 Iteration:  00000032   DeltaT:  2.556E-06   Iter/sec:  4.396E-01
 Iteration:  00000033   DeltaT:  2.556E-06   Iter/sec:  4.426E-01
 Iteration:  00000034   DeltaT:  2.556E-06   Iter/sec:  4.382E-01
 Iteration:  00000035   DeltaT:  2.556E-06   Iter/sec:  4.376E-01
 Iteration:  00000036   DeltaT:  2.556E-06   Iter/sec:  4.330E-01
 Iteration:  00000037   DeltaT:  2.556E-06   Iter/sec:  4.362E-01
 Iteration:  00000038   DeltaT:  2.556E-06   Iter/sec:  4.374E-01
 Iteration:  00000039   DeltaT:  2.556E-06   Iter/sec:  4.375E-01
 Iteration:  00000040   DeltaT:  2.556E-06   Iter/sec:  4.389E-01
 Iteration:  00000041   DeltaT:  2.556E-06   Iter/sec:  4.383E-01
 Iteration:  00000042   DeltaT:  2.556E-06   Iter/sec:  4.400E-01
 Iteration:  00000043   DeltaT:  2.556E-06   Iter/sec:  4.367E-01
 Iteration:  00000044   DeltaT:  2.556E-06   Iter/sec:  4.354E-01
 Iteration:  00000045   DeltaT:  2.556E-06   Iter/sec:  4.334E-01
 Iteration:  00000046   DeltaT:  2.556E-06   Iter/sec:  4.407E-01
 Iteration:  00000047   DeltaT:  2.556E-06   Iter/sec:  4.388E-01
 Iteration:  00000048   DeltaT:  2.556E-06   Iter/sec:  4.392E-01
 Iteration:  00000049   DeltaT:  2.556E-06   Iter/sec:  4.381E-01
 Iteration:  00000050   DeltaT:  2.556E-06   Iter/sec:  4.374E-01


//////////////////////////////////////////////
   Measured Timings for Process 0  (seconds)

 Elapsed time:       115.4529
  Column time:         7.3242
     Row time:        48.4134
Legendre time:        10.2549
     FFT time:         7.7160
   Solve time:         2.1853
    rlma time:         2.8325
    rlmb time:         1.2144
  pspace time:        17.7056
  psolve time:        13.7200
    dphi time:         1.0205
captured time:       112.3867

     iter/sec:         0.4331
//////////////////////////////////////////////
