 //////////////////////////////////////
 Initializating Rayleigh...

 -- Initalizing MPI...
 ---- Specified parameters:
 ---- NCPU  :    512
 ---- NPROW :     16
 ---- NPCOL :     32
 -- MPI initialized.


 -- Initalizing Grid...
 ---- Specified parameters ----
 ---- N_R                 :     64
 ---- N_THETA             :    192
 ---- Ell_MAX             :    127
 ---- R_MIN               :  5.38462E-01
 ---- R_MAX               :  1.53846E+00
 ---- Chebyshev Domains   :      1

        Domain 1
          Grid points           :  64
          Dealiased Polynomials :  42
          Domain Lower Bound    :  5.38462E-01
          Domain Upper Bound    :  1.53846E+00

 -- Grid initialized.

[SHTns 3.4.5] built Apr 30 2021, 15:43:01, id: avx2,ishioka
        Lmax=127, Mmax*Mres=127, Mres=1, Nlm=8256  [1 threads, orthonormalized]
        => using FFTW : Mmax=127, Nphi=384, Nlat=192  (data layout : phi_inc=192, theta_inc=1, phi_embed=384)
        => using Gauss nodes
        + polar optimization threshold = 1.0e-08
        finding optimal algorithm........
        + SHT accuracy = 4.31e-14
        => SHTns is ready.
 -- Initalizing Reference State...
 ---- Specified parameters:
 ---- Reference type           :  Boussinesq (Non-dimensional)
 ---- Rayleigh Number          :  1.00000E+05
 ---- Ekman Number             :  1.00000E-03
 ---- Prandtl Number           :  1.00000E+00
 ---- Magnetic Prandtl Number  :  5.00000E+00
 -- Reference State initialized.

 -- Initializing Fields...
 ---- Specified parameters:
 ---- Hydro Init Type    : Benchmark (Christensen et al. 2001)
 ---- Magnetic Init Type : Benchmark (Christensen et al. 2001)
 -- Fields initialized.

 Initialization Complete.
 //////////////////////////////////////

 Timestep has changed from  0.00000E+00 to  1.00000E-04.
 Iteration:  00000001   DeltaT:  1.000E-04   Iter/sec:  0.000E+00
 Timestep has changed from  1.00000E-04 to  1.02217E-05.
 Iteration:  00000002   DeltaT:  1.022E-05   Iter/sec:  2.478E-01
 Iteration:  00000003   DeltaT:  1.022E-05   Iter/sec:  5.801E+01
 Iteration:  00000004   DeltaT:  1.022E-05   Iter/sec:  8.909E+01
 Iteration:  00000005   DeltaT:  1.022E-05   Iter/sec:  8.651E+01
 Iteration:  00000006   DeltaT:  1.022E-05   Iter/sec:  9.005E+01
 Iteration:  00000007   DeltaT:  1.022E-05   Iter/sec:  9.141E+01
 Iteration:  00000008   DeltaT:  1.022E-05   Iter/sec:  9.181E+01
 Iteration:  00000009   DeltaT:  1.022E-05   Iter/sec:  9.209E+01
 Iteration:  00000010   DeltaT:  1.022E-05   Iter/sec:  9.070E+01
 Iteration:  00000011   DeltaT:  1.022E-05   Iter/sec:  9.111E+01
 Iteration:  00000012   DeltaT:  1.022E-05   Iter/sec:  9.438E+01
 Iteration:  00000013   DeltaT:  1.022E-05   Iter/sec:  9.294E+01
 Iteration:  00000014   DeltaT:  1.022E-05   Iter/sec:  9.502E+01
 Iteration:  00000015   DeltaT:  1.022E-05   Iter/sec:  9.063E+01
 Iteration:  00000016   DeltaT:  1.022E-05   Iter/sec:  9.329E+01
 Iteration:  00000017   DeltaT:  1.022E-05   Iter/sec:  9.263E+01
 Iteration:  00000018   DeltaT:  1.022E-05   Iter/sec:  9.123E+01
 Iteration:  00000019   DeltaT:  1.022E-05   Iter/sec:  9.499E+01
 Iteration:  00000020   DeltaT:  1.022E-05   Iter/sec:  9.352E+01
 Iteration:  00000021   DeltaT:  1.022E-05   Iter/sec:  8.891E+01
 Iteration:  00000022   DeltaT:  1.022E-05   Iter/sec:  1.012E+02
 Iteration:  00000023   DeltaT:  1.022E-05   Iter/sec:  9.147E+01
 Iteration:  00000024   DeltaT:  1.022E-05   Iter/sec:  9.407E+01
 Iteration:  00000025   DeltaT:  1.022E-05   Iter/sec:  9.283E+01
 Iteration:  00000026   DeltaT:  1.022E-05   Iter/sec:  8.563E+01
 Iteration:  00000027   DeltaT:  1.022E-05   Iter/sec:  9.279E+01
 Iteration:  00000028   DeltaT:  1.022E-05   Iter/sec:  9.344E+01
 Iteration:  00000029   DeltaT:  1.022E-05   Iter/sec:  9.501E+01
 Iteration:  00000030   DeltaT:  1.022E-05   Iter/sec:  9.308E+01
 Iteration:  00000031   DeltaT:  1.022E-05   Iter/sec:  9.377E+01
 Iteration:  00000032   DeltaT:  1.022E-05   Iter/sec:  9.311E+01
 Iteration:  00000033   DeltaT:  1.022E-05   Iter/sec:  9.126E+01
 Iteration:  00000034   DeltaT:  1.022E-05   Iter/sec:  9.261E+01
 Iteration:  00000035   DeltaT:  1.022E-05   Iter/sec:  9.230E+01
 Iteration:  00000036   DeltaT:  1.022E-05   Iter/sec:  9.067E+01
 Iteration:  00000037   DeltaT:  1.022E-05   Iter/sec:  8.454E+01
 Iteration:  00000038   DeltaT:  1.022E-05   Iter/sec:  8.626E+01
 Iteration:  00000039   DeltaT:  1.022E-05   Iter/sec:  9.158E+01
 Iteration:  00000040   DeltaT:  1.022E-05   Iter/sec:  8.592E+01
 Iteration:  00000041   DeltaT:  1.022E-05   Iter/sec:  8.510E+01
 Iteration:  00000042   DeltaT:  1.022E-05   Iter/sec:  8.673E+01
 Iteration:  00000043   DeltaT:  1.022E-05   Iter/sec:  9.803E+01
 Iteration:  00000044   DeltaT:  1.022E-05   Iter/sec:  9.121E+01
 Iteration:  00000045   DeltaT:  1.022E-05   Iter/sec:  9.542E+01
 Iteration:  00000046   DeltaT:  1.022E-05   Iter/sec:  9.397E+01
 Iteration:  00000047   DeltaT:  1.022E-05   Iter/sec:  9.258E+01
 Iteration:  00000048   DeltaT:  1.022E-05   Iter/sec:  9.134E+01
 Iteration:  00000049   DeltaT:  1.022E-05   Iter/sec:  9.742E+01
 Iteration:  00000050   DeltaT:  1.022E-05   Iter/sec:  9.315E+01


//////////////////////////////////////////////
   Measured Timings for Process 0  (seconds)

 Elapsed time:         1.3857
  Column time:         0.1731
     Row time:         0.1535
Legendre time:         0.0403
     FFT time:         0.0375
   Solve time:         0.0459
    rlma time:         0.0140
    rlmb time:         0.0061
  pspace time:         0.0227
  psolve time:         0.0537
    dphi time:         0.0023
captured time:         0.5491

     iter/sec:        36.0824
//////////////////////////////////////////////
