 //////////////////////////////////////
 Initializating Rayleigh...

 -- Initalizing MPI...
 ---- Specified parameters:
 ---- NCPU  :     64
 ---- NPROW :      4
 ---- NPCOL :     16
 -- MPI initialized.


 -- Initalizing Grid...
 ---- Specified parameters ----
 ---- N_R                 :    128
 ---- N_THETA             :    192
 ---- Ell_MAX             :    127
 ---- R_MIN               :  5.38462E-01
 ---- R_MAX               :  1.53846E+00
 ---- Chebyshev Domains   :      1

        Domain 1
          Grid points           :  128
          Dealiased Polynomials :  85
          Domain Lower Bound    :  5.38462E-01
          Domain Upper Bound    :  1.53846E+00

 -- Grid initialized.

[SHTns 3.4.5] built Apr 30 2021, 15:43:01, id: avx2,ishioka
        Lmax=127, Mmax*Mres=127, Mres=1, Nlm=8256  [1 threads, orthonormalized]
        => using FFTW : Mmax=127, Nphi=384, Nlat=192  (data layout : phi_inc=192, theta_inc=1, phi_embed=384)
        => using Gauss nodes
        + polar optimization threshold = 1.0e-08
        finding optimal algorithm........
        + SHT accuracy = 4.48e-14
        => SHTns is ready.
 -- Initalizing Reference State...
 ---- Specified parameters:
 ---- Reference type           :  Boussinesq (Non-dimensional)
 ---- Rayleigh Number          :  1.00000E+05
 ---- Ekman Number             :  1.00000E-03
 ---- Prandtl Number           :  1.00000E+00
 ---- Magnetic Prandtl Number  :  5.00000E+00
 -- Reference State initialized.

 -- Initializing Fields...
 ---- Specified parameters:
 ---- Hydro Init Type    : Benchmark (Christensen et al. 2001)
 ---- Magnetic Init Type : Benchmark (Christensen et al. 2001)
 -- Fields initialized.

 Initialization Complete.
 //////////////////////////////////////

 Timestep has changed from  0.00000E+00 to  1.00000E-04.
 Iteration:  00000001   DeltaT:  1.000E-04   Iter/sec:  0.000E+00
 Timestep has changed from  1.00000E-04 to  2.55581E-06.
 Iteration:  00000002   DeltaT:  2.556E-06   Iter/sec:  2.306E-01
 Iteration:  00000003   DeltaT:  2.556E-06   Iter/sec:  3.253E+00
 Iteration:  00000004   DeltaT:  2.556E-06   Iter/sec:  4.195E+00
 Iteration:  00000005   DeltaT:  2.556E-06   Iter/sec:  4.129E+00
 Iteration:  00000006   DeltaT:  2.556E-06   Iter/sec:  4.084E+00
 Iteration:  00000007   DeltaT:  2.556E-06   Iter/sec:  4.155E+00
 Iteration:  00000008   DeltaT:  2.556E-06   Iter/sec:  4.136E+00
 Iteration:  00000009   DeltaT:  2.556E-06   Iter/sec:  4.191E+00
 Iteration:  00000010   DeltaT:  2.556E-06   Iter/sec:  4.145E+00
 Iteration:  00000011   DeltaT:  2.556E-06   Iter/sec:  4.101E+00
 Iteration:  00000012   DeltaT:  2.556E-06   Iter/sec:  4.140E+00
 Iteration:  00000013   DeltaT:  2.556E-06   Iter/sec:  4.144E+00
 Iteration:  00000014   DeltaT:  2.556E-06   Iter/sec:  4.138E+00
 Iteration:  00000015   DeltaT:  2.556E-06   Iter/sec:  4.101E+00
 Iteration:  00000016   DeltaT:  2.556E-06   Iter/sec:  4.148E+00
 Iteration:  00000017   DeltaT:  2.556E-06   Iter/sec:  4.132E+00
 Iteration:  00000018   DeltaT:  2.556E-06   Iter/sec:  4.116E+00
 Iteration:  00000019   DeltaT:  2.556E-06   Iter/sec:  4.156E+00
 Iteration:  00000020   DeltaT:  2.556E-06   Iter/sec:  4.129E+00
 Iteration:  00000021   DeltaT:  2.556E-06   Iter/sec:  4.106E+00
 Iteration:  00000022   DeltaT:  2.556E-06   Iter/sec:  4.129E+00
 Iteration:  00000023   DeltaT:  2.556E-06   Iter/sec:  4.165E+00
 Iteration:  00000024   DeltaT:  2.556E-06   Iter/sec:  4.121E+00
 Iteration:  00000025   DeltaT:  2.556E-06   Iter/sec:  4.100E+00
 Iteration:  00000026   DeltaT:  2.556E-06   Iter/sec:  4.169E+00
 Iteration:  00000027   DeltaT:  2.556E-06   Iter/sec:  4.141E+00
 Iteration:  00000028   DeltaT:  2.556E-06   Iter/sec:  4.105E+00
 Iteration:  00000029   DeltaT:  2.556E-06   Iter/sec:  4.132E+00
 Iteration:  00000030   DeltaT:  2.556E-06   Iter/sec:  4.067E+00
 Iteration:  00000031   DeltaT:  2.556E-06   Iter/sec:  4.091E+00
 Iteration:  00000032   DeltaT:  2.556E-06   Iter/sec:  4.129E+00
 Iteration:  00000033   DeltaT:  2.556E-06   Iter/sec:  4.115E+00
 Iteration:  00000034   DeltaT:  2.556E-06   Iter/sec:  4.092E+00
 Iteration:  00000035   DeltaT:  2.556E-06   Iter/sec:  4.072E+00
 Iteration:  00000036   DeltaT:  2.556E-06   Iter/sec:  4.147E+00
 Iteration:  00000037   DeltaT:  2.556E-06   Iter/sec:  4.152E+00
 Iteration:  00000038   DeltaT:  2.556E-06   Iter/sec:  4.099E+00
 Iteration:  00000039   DeltaT:  2.556E-06   Iter/sec:  4.063E+00
 Iteration:  00000040   DeltaT:  2.556E-06   Iter/sec:  4.206E+00
 Iteration:  00000041   DeltaT:  2.556E-06   Iter/sec:  4.163E+00
 Iteration:  00000042   DeltaT:  2.556E-06   Iter/sec:  4.155E+00
 Iteration:  00000043   DeltaT:  2.556E-06   Iter/sec:  4.121E+00
 Iteration:  00000044   DeltaT:  2.556E-06   Iter/sec:  4.154E+00
 Iteration:  00000045   DeltaT:  2.556E-06   Iter/sec:  4.072E+00
 Iteration:  00000046   DeltaT:  2.556E-06   Iter/sec:  4.066E+00
 Iteration:  00000047   DeltaT:  2.556E-06   Iter/sec:  4.155E+00
 Iteration:  00000048   DeltaT:  2.556E-06   Iter/sec:  4.100E+00
 Iteration:  00000049   DeltaT:  2.556E-06   Iter/sec:  4.100E+00
 Iteration:  00000050   DeltaT:  2.556E-06   Iter/sec:  4.075E+00


//////////////////////////////////////////////
   Measured Timings for Process 0  (seconds)

 Elapsed time:        12.6549
  Column time:         1.3021
     Row time:         4.4009
Legendre time:         0.9590
     FFT time:         0.9806
   Solve time:         0.4579
    rlma time:         0.2035
    rlmb time:         0.0891
  pspace time:         2.1063
  psolve time:         1.4894
    dphi time:         0.1157
captured time:        12.1046

     iter/sec:         3.9510
//////////////////////////////////////////////
