 //////////////////////////////////////
 Initializating Rayleigh...

 -- Initalizing MPI...
 ---- Specified parameters:
 ---- NCPU  :    256
 ---- NPROW :     16
 ---- NPCOL :     16
 -- MPI initialized.


 -- Initalizing Grid...
 ---- Specified parameters ----
 ---- N_R                 :    128
 ---- N_THETA             :    192
 ---- Ell_MAX             :    127
 ---- R_MIN               :  5.38462E-01
 ---- R_MAX               :  1.53846E+00
 ---- Chebyshev Domains   :      1

        Domain 1
          Grid points           :  128
          Dealiased Polynomials :  85
          Domain Lower Bound    :  5.38462E-01
          Domain Upper Bound    :  1.53846E+00

 -- Grid initialized.

[SHTns 3.4.5] built Apr 30 2021, 15:43:01, id: avx2,ishioka
        Lmax=127, Mmax*Mres=127, Mres=1, Nlm=8256  [1 threads, orthonormalized]
        => using FFTW : Mmax=127, Nphi=384, Nlat=192  (data layout : phi_inc=192, theta_inc=1, phi_embed=384)
        => using Gauss nodes
        + polar optimization threshold = 1.0e-08
        finding optimal algorithm........
        + SHT accuracy = 1.02e-13
        => SHTns is ready.
 -- Initalizing Reference State...
 ---- Specified parameters:
 ---- Reference type           :  Boussinesq (Non-dimensional)
 ---- Rayleigh Number          :  1.00000E+05
 ---- Ekman Number             :  1.00000E-03
 ---- Prandtl Number           :  1.00000E+00
 ---- Magnetic Prandtl Number  :  5.00000E+00
 -- Reference State initialized.

 -- Initializing Fields...
 ---- Specified parameters:
 ---- Hydro Init Type    : Benchmark (Christensen et al. 2001)
 ---- Magnetic Init Type : Benchmark (Christensen et al. 2001)
 -- Fields initialized.

 Initialization Complete.
 //////////////////////////////////////

 Timestep has changed from  0.00000E+00 to  1.00000E-04.
 Iteration:  00000001   DeltaT:  1.000E-04   Iter/sec:  0.000E+00
 Timestep has changed from  1.00000E-04 to  2.55581E-06.
 Iteration:  00000002   DeltaT:  2.556E-06   Iter/sec:  2.451E-01
 Iteration:  00000003   DeltaT:  2.556E-06   Iter/sec:  9.297E+00
 Iteration:  00000004   DeltaT:  2.556E-06   Iter/sec:  1.768E+01
 Iteration:  00000005   DeltaT:  2.556E-06   Iter/sec:  1.804E+01
 Iteration:  00000006   DeltaT:  2.556E-06   Iter/sec:  1.780E+01
 Iteration:  00000007   DeltaT:  2.556E-06   Iter/sec:  1.805E+01
 Iteration:  00000008   DeltaT:  2.556E-06   Iter/sec:  1.793E+01
 Iteration:  00000009   DeltaT:  2.556E-06   Iter/sec:  1.780E+01
 Iteration:  00000010   DeltaT:  2.556E-06   Iter/sec:  1.780E+01
 Iteration:  00000011   DeltaT:  2.556E-06   Iter/sec:  1.805E+01
 Iteration:  00000012   DeltaT:  2.556E-06   Iter/sec:  1.799E+01
 Iteration:  00000013   DeltaT:  2.556E-06   Iter/sec:  1.801E+01
 Iteration:  00000014   DeltaT:  2.556E-06   Iter/sec:  1.802E+01
 Iteration:  00000015   DeltaT:  2.556E-06   Iter/sec:  1.777E+01
 Iteration:  00000016   DeltaT:  2.556E-06   Iter/sec:  1.813E+01
 Iteration:  00000017   DeltaT:  2.556E-06   Iter/sec:  1.773E+01
 Iteration:  00000018   DeltaT:  2.556E-06   Iter/sec:  1.810E+01
 Iteration:  00000019   DeltaT:  2.556E-06   Iter/sec:  1.818E+01
 Iteration:  00000020   DeltaT:  2.556E-06   Iter/sec:  1.803E+01
 Iteration:  00000021   DeltaT:  2.556E-06   Iter/sec:  1.790E+01
 Iteration:  00000022   DeltaT:  2.556E-06   Iter/sec:  1.817E+01
 Iteration:  00000023   DeltaT:  2.556E-06   Iter/sec:  1.783E+01
 Iteration:  00000024   DeltaT:  2.556E-06   Iter/sec:  1.832E+01
 Iteration:  00000025   DeltaT:  2.556E-06   Iter/sec:  1.785E+01
 Iteration:  00000026   DeltaT:  2.556E-06   Iter/sec:  1.804E+01
 Iteration:  00000027   DeltaT:  2.556E-06   Iter/sec:  1.820E+01
 Iteration:  00000028   DeltaT:  2.556E-06   Iter/sec:  1.784E+01
 Iteration:  00000029   DeltaT:  2.556E-06   Iter/sec:  1.807E+01
 Iteration:  00000030   DeltaT:  2.556E-06   Iter/sec:  1.794E+01
 Iteration:  00000031   DeltaT:  2.556E-06   Iter/sec:  1.787E+01
 Iteration:  00000032   DeltaT:  2.556E-06   Iter/sec:  1.830E+01
 Iteration:  00000033   DeltaT:  2.556E-06   Iter/sec:  1.784E+01
 Iteration:  00000034   DeltaT:  2.556E-06   Iter/sec:  1.842E+01
 Iteration:  00000035   DeltaT:  2.556E-06   Iter/sec:  1.770E+01
 Iteration:  00000036   DeltaT:  2.556E-06   Iter/sec:  1.822E+01
 Iteration:  00000037   DeltaT:  2.556E-06   Iter/sec:  1.803E+01
 Iteration:  00000038   DeltaT:  2.556E-06   Iter/sec:  1.796E+01
 Iteration:  00000039   DeltaT:  2.556E-06   Iter/sec:  1.822E+01
 Iteration:  00000040   DeltaT:  2.556E-06   Iter/sec:  1.815E+01
 Iteration:  00000041   DeltaT:  2.556E-06   Iter/sec:  1.829E+01
 Iteration:  00000042   DeltaT:  2.556E-06   Iter/sec:  1.795E+01
 Iteration:  00000043   DeltaT:  2.556E-06   Iter/sec:  1.803E+01
 Iteration:  00000044   DeltaT:  2.556E-06   Iter/sec:  1.808E+01
 Iteration:  00000045   DeltaT:  2.556E-06   Iter/sec:  1.808E+01
 Iteration:  00000046   DeltaT:  2.556E-06   Iter/sec:  1.805E+01
 Iteration:  00000047   DeltaT:  2.556E-06   Iter/sec:  1.831E+01
 Iteration:  00000048   DeltaT:  2.556E-06   Iter/sec:  1.789E+01
 Iteration:  00000049   DeltaT:  2.556E-06   Iter/sec:  1.803E+01
 Iteration:  00000050   DeltaT:  2.556E-06   Iter/sec:  1.827E+01


//////////////////////////////////////////////
   Measured Timings for Process 0  (seconds)

 Elapsed time:         3.2541
  Column time:         0.5593
     Row time:         0.8973
Legendre time:         0.1673
     FFT time:         0.2532
   Solve time:         0.2366
    rlma time:         0.0401
    rlmb time:         0.0165
  pspace time:         0.3279
  psolve time:         0.3144
    dphi time:         0.0295
captured time:         2.8420

     iter/sec:        15.3654
//////////////////////////////////////////////
