 //////////////////////////////////////
 Initializating Rayleigh...

 -- Initalizing MPI...
 ---- Specified parameters:
 ---- NCPU  :    256
 ---- NPROW :     16
 ---- NPCOL :     16
 -- MPI initialized.


 -- Initalizing Grid...
 ---- Specified parameters ----
 ---- N_R                 :    128
 ---- N_THETA             :    384
 ---- Ell_MAX             :    255
 ---- R_MIN               :  5.38462E-01
 ---- R_MAX               :  1.53846E+00
 ---- Chebyshev Domains   :      1

        Domain 1
          Grid points           :  128
          Dealiased Polynomials :  85
          Domain Lower Bound    :  5.38462E-01
          Domain Upper Bound    :  1.53846E+00

 -- Grid initialized.

[SHTns 3.4.5] built Apr 30 2021, 15:43:01, id: avx2,ishioka
        Lmax=255, Mmax*Mres=255, Mres=1, Nlm=32896  [1 threads, orthonormalized]
        => using FFTW : Mmax=255, Nphi=768, Nlat=384  (data layout : phi_inc=384, theta_inc=1, phi_embed=768)
        => using Gauss nodes
        + polar optimization threshold = 1.0e-08
        finding optimal algorithm..........
        + SHT accuracy = 1.3e-12
        => SHTns is ready.
 -- Initalizing Reference State...
 ---- Specified parameters:
 ---- Reference type           :  Boussinesq (Non-dimensional)
 ---- Rayleigh Number          :  1.00000E+05
 ---- Ekman Number             :  1.00000E-03
 ---- Prandtl Number           :  1.00000E+00
 ---- Magnetic Prandtl Number  :  5.00000E+00
 -- Reference State initialized.

 -- Initializing Fields...
 ---- Specified parameters:
 ---- Hydro Init Type    : Benchmark (Christensen et al. 2001)
 ---- Magnetic Init Type : Benchmark (Christensen et al. 2001)
 -- Fields initialized.

 Initialization Complete.
 //////////////////////////////////////

 Timestep has changed from  0.00000E+00 to  1.00000E-04.
 Iteration:  00000001   DeltaT:  1.000E-04   Iter/sec:  0.000E+00
 Timestep has changed from  1.00000E-04 to  2.55566E-06.
 Iteration:  00000002   DeltaT:  2.556E-06   Iter/sec:  1.086E-01
 Iteration:  00000003   DeltaT:  2.556E-06   Iter/sec:  2.809E+00
 Iteration:  00000004   DeltaT:  2.556E-06   Iter/sec:  3.574E+00
 Iteration:  00000005   DeltaT:  2.556E-06   Iter/sec:  3.678E+00
 Iteration:  00000006   DeltaT:  2.556E-06   Iter/sec:  3.556E+00
 Iteration:  00000007   DeltaT:  2.556E-06   Iter/sec:  3.652E+00
 Iteration:  00000008   DeltaT:  2.556E-06   Iter/sec:  3.644E+00
 Iteration:  00000009   DeltaT:  2.556E-06   Iter/sec:  3.592E+00
 Iteration:  00000010   DeltaT:  2.556E-06   Iter/sec:  3.613E+00
 Iteration:  00000011   DeltaT:  2.556E-06   Iter/sec:  3.600E+00
 Iteration:  00000012   DeltaT:  2.556E-06   Iter/sec:  3.577E+00
 Iteration:  00000013   DeltaT:  2.556E-06   Iter/sec:  3.601E+00
 Iteration:  00000014   DeltaT:  2.556E-06   Iter/sec:  3.621E+00
 Iteration:  00000015   DeltaT:  2.556E-06   Iter/sec:  3.594E+00
 Iteration:  00000016   DeltaT:  2.556E-06   Iter/sec:  3.596E+00
 Iteration:  00000017   DeltaT:  2.556E-06   Iter/sec:  3.614E+00
 Iteration:  00000018   DeltaT:  2.556E-06   Iter/sec:  3.606E+00
 Iteration:  00000019   DeltaT:  2.556E-06   Iter/sec:  3.625E+00
 Iteration:  00000020   DeltaT:  2.556E-06   Iter/sec:  3.584E+00
 Iteration:  00000021   DeltaT:  2.556E-06   Iter/sec:  3.597E+00
 Iteration:  00000022   DeltaT:  2.556E-06   Iter/sec:  3.633E+00
 Iteration:  00000023   DeltaT:  2.556E-06   Iter/sec:  3.584E+00
 Iteration:  00000024   DeltaT:  2.556E-06   Iter/sec:  3.614E+00
 Iteration:  00000025   DeltaT:  2.556E-06   Iter/sec:  3.618E+00
 Iteration:  00000026   DeltaT:  2.556E-06   Iter/sec:  3.631E+00
 Iteration:  00000027   DeltaT:  2.556E-06   Iter/sec:  3.606E+00
 Iteration:  00000028   DeltaT:  2.556E-06   Iter/sec:  3.597E+00
 Iteration:  00000029   DeltaT:  2.556E-06   Iter/sec:  3.628E+00
 Iteration:  00000030   DeltaT:  2.556E-06   Iter/sec:  3.600E+00
 Iteration:  00000031   DeltaT:  2.556E-06   Iter/sec:  3.594E+00
 Iteration:  00000032   DeltaT:  2.556E-06   Iter/sec:  3.644E+00
 Iteration:  00000033   DeltaT:  2.556E-06   Iter/sec:  3.619E+00
 Iteration:  00000034   DeltaT:  2.556E-06   Iter/sec:  3.533E+00
 Iteration:  00000035   DeltaT:  2.556E-06   Iter/sec:  3.581E+00
 Iteration:  00000036   DeltaT:  2.556E-06   Iter/sec:  3.624E+00
 Iteration:  00000037   DeltaT:  2.556E-06   Iter/sec:  3.568E+00
 Iteration:  00000038   DeltaT:  2.556E-06   Iter/sec:  3.619E+00
 Iteration:  00000039   DeltaT:  2.556E-06   Iter/sec:  3.635E+00
 Iteration:  00000040   DeltaT:  2.556E-06   Iter/sec:  3.618E+00
 Iteration:  00000041   DeltaT:  2.556E-06   Iter/sec:  3.623E+00
 Iteration:  00000042   DeltaT:  2.556E-06   Iter/sec:  3.650E+00
 Iteration:  00000043   DeltaT:  2.556E-06   Iter/sec:  3.592E+00
 Iteration:  00000044   DeltaT:  2.556E-06   Iter/sec:  3.619E+00
 Iteration:  00000045   DeltaT:  2.556E-06   Iter/sec:  3.629E+00
 Iteration:  00000046   DeltaT:  2.556E-06   Iter/sec:  3.555E+00
 Iteration:  00000047   DeltaT:  2.556E-06   Iter/sec:  3.609E+00
 Iteration:  00000048   DeltaT:  2.556E-06   Iter/sec:  3.635E+00
 Iteration:  00000049   DeltaT:  2.556E-06   Iter/sec:  3.618E+00
 Iteration:  00000050   DeltaT:  2.556E-06   Iter/sec:  3.599E+00


//////////////////////////////////////////////
   Measured Timings for Process 0  (seconds)

 Elapsed time:        14.5097
  Column time:         2.4120
     Row time:         4.5813
Legendre time:         1.2540
     FFT time:         0.9680
   Solve time:         0.5248
    rlma time:         0.1859
    rlmb time:         0.0764
  pspace time:         2.1884
  psolve time:         1.5532
    dphi time:         0.1298
captured time:        13.8738

     iter/sec:         3.4460
//////////////////////////////////////////////
