 //////////////////////////////////////
 Initializating Rayleigh...

 -- Initalizing MPI...
 ---- Specified parameters:
 ---- NCPU  :    128
 ---- NPROW :      8
 ---- NPCOL :     16
 -- MPI initialized.


 -- Initalizing Grid...
 ---- Specified parameters ----
 ---- N_R                 :    128
 ---- N_THETA             :    192
 ---- Ell_MAX             :    127
 ---- R_MIN               :  5.38462E-01
 ---- R_MAX               :  1.53846E+00
 ---- Chebyshev Domains   :      1

        Domain 1
          Grid points           :  128
          Dealiased Polynomials :  85
          Domain Lower Bound    :  5.38462E-01
          Domain Upper Bound    :  1.53846E+00

 -- Grid initialized.

[SHTns 3.4.5] built Apr 30 2021, 15:43:01, id: avx2,ishioka
        Lmax=127, Mmax*Mres=127, Mres=1, Nlm=8256  [1 threads, orthonormalized]
        => using FFTW : Mmax=127, Nphi=384, Nlat=192  (data layout : phi_inc=192, theta_inc=1, phi_embed=384)
        => using Gauss nodes
        + polar optimization threshold = 1.0e-08
        finding optimal algorithm........
        + SHT accuracy = 4.8e-14
        => SHTns is ready.
 -- Initalizing Reference State...
 ---- Specified parameters:
 ---- Reference type           :  Boussinesq (Non-dimensional)
 ---- Rayleigh Number          :  1.00000E+05
 ---- Ekman Number             :  1.00000E-03
 ---- Prandtl Number           :  1.00000E+00
 ---- Magnetic Prandtl Number  :  5.00000E+00
 -- Reference State initialized.

 -- Initializing Fields...
 ---- Specified parameters:
 ---- Hydro Init Type    : Benchmark (Christensen et al. 2001)
 ---- Magnetic Init Type : Benchmark (Christensen et al. 2001)
 -- Fields initialized.

 Initialization Complete.
 //////////////////////////////////////

 Timestep has changed from  0.00000E+00 to  1.00000E-04.
 Iteration:  00000001   DeltaT:  1.000E-04   Iter/sec:  0.000E+00
 Timestep has changed from  1.00000E-04 to  2.55581E-06.
 Iteration:  00000002   DeltaT:  2.556E-06   Iter/sec:  2.389E-01
 Iteration:  00000003   DeltaT:  2.556E-06   Iter/sec:  5.840E+00
 Iteration:  00000004   DeltaT:  2.556E-06   Iter/sec:  8.535E+00
 Iteration:  00000005   DeltaT:  2.556E-06   Iter/sec:  8.462E+00
 Iteration:  00000006   DeltaT:  2.556E-06   Iter/sec:  8.571E+00
 Iteration:  00000007   DeltaT:  2.556E-06   Iter/sec:  8.590E+00
 Iteration:  00000008   DeltaT:  2.556E-06   Iter/sec:  8.573E+00
 Iteration:  00000009   DeltaT:  2.556E-06   Iter/sec:  8.518E+00
 Iteration:  00000010   DeltaT:  2.556E-06   Iter/sec:  8.538E+00
 Iteration:  00000011   DeltaT:  2.556E-06   Iter/sec:  8.555E+00
 Iteration:  00000012   DeltaT:  2.556E-06   Iter/sec:  8.649E+00
 Iteration:  00000013   DeltaT:  2.556E-06   Iter/sec:  8.612E+00
 Iteration:  00000014   DeltaT:  2.556E-06   Iter/sec:  8.683E+00
 Iteration:  00000015   DeltaT:  2.556E-06   Iter/sec:  8.808E+00
 Iteration:  00000016   DeltaT:  2.556E-06   Iter/sec:  8.661E+00
 Iteration:  00000017   DeltaT:  2.556E-06   Iter/sec:  8.617E+00
 Iteration:  00000018   DeltaT:  2.556E-06   Iter/sec:  8.769E+00
 Iteration:  00000019   DeltaT:  2.556E-06   Iter/sec:  8.667E+00
 Iteration:  00000020   DeltaT:  2.556E-06   Iter/sec:  8.710E+00
 Iteration:  00000021   DeltaT:  2.556E-06   Iter/sec:  8.632E+00
 Iteration:  00000022   DeltaT:  2.556E-06   Iter/sec:  8.641E+00
 Iteration:  00000023   DeltaT:  2.556E-06   Iter/sec:  8.744E+00
 Iteration:  00000024   DeltaT:  2.556E-06   Iter/sec:  8.820E+00
 Iteration:  00000025   DeltaT:  2.556E-06   Iter/sec:  8.610E+00
 Iteration:  00000026   DeltaT:  2.556E-06   Iter/sec:  8.874E+00
 Iteration:  00000027   DeltaT:  2.556E-06   Iter/sec:  8.769E+00
 Iteration:  00000028   DeltaT:  2.556E-06   Iter/sec:  8.686E+00
 Iteration:  00000029   DeltaT:  2.556E-06   Iter/sec:  8.545E+00
 Iteration:  00000030   DeltaT:  2.556E-06   Iter/sec:  8.793E+00
 Iteration:  00000031   DeltaT:  2.556E-06   Iter/sec:  8.680E+00
 Iteration:  00000032   DeltaT:  2.556E-06   Iter/sec:  8.668E+00
 Iteration:  00000033   DeltaT:  2.556E-06   Iter/sec:  8.689E+00
 Iteration:  00000034   DeltaT:  2.556E-06   Iter/sec:  8.747E+00
 Iteration:  00000035   DeltaT:  2.556E-06   Iter/sec:  8.755E+00
 Iteration:  00000036   DeltaT:  2.556E-06   Iter/sec:  8.804E+00
 Iteration:  00000037   DeltaT:  2.556E-06   Iter/sec:  8.662E+00
 Iteration:  00000038   DeltaT:  2.556E-06   Iter/sec:  8.923E+00
 Iteration:  00000039   DeltaT:  2.556E-06   Iter/sec:  8.715E+00
 Iteration:  00000040   DeltaT:  2.556E-06   Iter/sec:  8.743E+00
 Iteration:  00000041   DeltaT:  2.556E-06   Iter/sec:  8.678E+00
 Iteration:  00000042   DeltaT:  2.556E-06   Iter/sec:  8.810E+00
 Iteration:  00000043   DeltaT:  2.556E-06   Iter/sec:  8.887E+00
 Iteration:  00000044   DeltaT:  2.556E-06   Iter/sec:  8.708E+00
 Iteration:  00000045   DeltaT:  2.556E-06   Iter/sec:  8.683E+00
 Iteration:  00000046   DeltaT:  2.556E-06   Iter/sec:  8.866E+00
 Iteration:  00000047   DeltaT:  2.556E-06   Iter/sec:  8.716E+00
 Iteration:  00000048   DeltaT:  2.556E-06   Iter/sec:  8.812E+00
 Iteration:  00000049   DeltaT:  2.556E-06   Iter/sec:  8.620E+00
 Iteration:  00000050   DeltaT:  2.556E-06   Iter/sec:  8.978E+00


//////////////////////////////////////////////
   Measured Timings for Process 0  (seconds)

 Elapsed time:         6.1789
  Column time:         0.7389
     Row time:         2.0154
Legendre time:         0.4289
     FFT time:         0.4874
   Solve time:         0.3124
    rlma time:         0.0921
    rlmb time:         0.0429
  pspace time:         0.9271
  psolve time:         0.6894
    dphi time:         0.0606
captured time:         5.7950

     iter/sec:         8.0921
//////////////////////////////////////////////
