 //////////////////////////////////////
 Initializating Rayleigh...

 -- Initalizing MPI...
 ---- Specified parameters:
 ---- NCPU  :    512
 ---- NPROW :     16
 ---- NPCOL :     32
 -- MPI initialized.


 -- Initalizing Grid...
 ---- Specified parameters ----
 ---- N_R                 :    128
 ---- N_THETA             :    384
 ---- Ell_MAX             :    255
 ---- R_MIN               :  5.38462E-01
 ---- R_MAX               :  1.53846E+00
 ---- Chebyshev Domains   :      1

        Domain 1
          Grid points           :  128
          Dealiased Polynomials :  85
          Domain Lower Bound    :  5.38462E-01
          Domain Upper Bound    :  1.53846E+00

 -- Grid initialized.

[SHTns 3.4.5] built Apr 30 2021, 15:49:24, id: avx2,ishioka
        Lmax=255, Mmax*Mres=255, Mres=1, Nlm=32896  [4 threads, orthonormalized]
        => using FFTW : Mmax=255, Nphi=768, Nlat=384  (data layout : phi_inc=384, theta_inc=1, phi_embed=768)
        => using Gauss nodes
        + polar optimization threshold = 1.0e-08
        finding optimal algorithm.........
        + SHT accuracy = 1.6e-12
        => SHTns is ready.
 -- Initalizing Reference State...
 ---- Specified parameters:
 ---- Reference type           :  Boussinesq (Non-dimensional)
 ---- Rayleigh Number          :  1.00000E+05
 ---- Ekman Number             :  1.00000E-03
 ---- Prandtl Number           :  1.00000E+00
 ---- Magnetic Prandtl Number  :  5.00000E+00
 -- Reference State initialized.

 -- Initializing Fields...
 ---- Specified parameters:
 ---- Hydro Init Type    : Benchmark (Christensen et al. 2001)
 ---- Magnetic Init Type : Benchmark (Christensen et al. 2001)
 -- Fields initialized.

 Initialization Complete.
 //////////////////////////////////////

 Timestep has changed from  0.00000E+00 to  1.00000E-04.
 Iteration:  00000001   DeltaT:  1.000E-04   Iter/sec:  0.000E+00
 Timestep has changed from  1.00000E-04 to  2.55566E-06.
 Iteration:  00000002   DeltaT:  2.556E-06   Iter/sec:  1.619E-01
 Iteration:  00000003   DeltaT:  2.556E-06   Iter/sec:  5.246E+00
 Iteration:  00000004   DeltaT:  2.556E-06   Iter/sec:  6.947E+00
 Iteration:  00000005   DeltaT:  2.556E-06   Iter/sec:  7.118E+00
 Iteration:  00000006   DeltaT:  2.556E-06   Iter/sec:  7.113E+00
 Iteration:  00000007   DeltaT:  2.556E-06   Iter/sec:  6.762E+00
 Iteration:  00000008   DeltaT:  2.556E-06   Iter/sec:  6.865E+00
 Iteration:  00000009   DeltaT:  2.556E-06   Iter/sec:  6.888E+00
 Iteration:  00000010   DeltaT:  2.556E-06   Iter/sec:  7.201E+00
 Iteration:  00000011   DeltaT:  2.556E-06   Iter/sec:  6.853E+00
 Iteration:  00000012   DeltaT:  2.556E-06   Iter/sec:  7.091E+00
 Iteration:  00000013   DeltaT:  2.556E-06   Iter/sec:  7.111E+00
 Iteration:  00000014   DeltaT:  2.556E-06   Iter/sec:  6.915E+00
 Iteration:  00000015   DeltaT:  2.556E-06   Iter/sec:  6.911E+00
 Iteration:  00000016   DeltaT:  2.556E-06   Iter/sec:  7.072E+00
 Iteration:  00000017   DeltaT:  2.556E-06   Iter/sec:  6.998E+00
 Iteration:  00000018   DeltaT:  2.556E-06   Iter/sec:  7.434E+00
 Iteration:  00000019   DeltaT:  2.556E-06   Iter/sec:  7.045E+00
 Iteration:  00000020   DeltaT:  2.556E-06   Iter/sec:  7.114E+00
 Iteration:  00000021   DeltaT:  2.556E-06   Iter/sec:  6.934E+00
 Iteration:  00000022   DeltaT:  2.556E-06   Iter/sec:  6.964E+00
 Iteration:  00000023   DeltaT:  2.556E-06   Iter/sec:  7.123E+00
 Iteration:  00000024   DeltaT:  2.556E-06   Iter/sec:  7.214E+00
 Iteration:  00000025   DeltaT:  2.556E-06   Iter/sec:  6.973E+00
 Iteration:  00000026   DeltaT:  2.556E-06   Iter/sec:  7.060E+00
 Iteration:  00000027   DeltaT:  2.556E-06   Iter/sec:  7.418E+00
 Iteration:  00000028   DeltaT:  2.556E-06   Iter/sec:  6.705E+00
 Iteration:  00000029   DeltaT:  2.556E-06   Iter/sec:  7.307E+00
 Iteration:  00000030   DeltaT:  2.556E-06   Iter/sec:  7.349E+00
 Iteration:  00000031   DeltaT:  2.556E-06   Iter/sec:  7.146E+00
 Iteration:  00000032   DeltaT:  2.556E-06   Iter/sec:  7.114E+00
 Iteration:  00000033   DeltaT:  2.556E-06   Iter/sec:  6.993E+00
 Iteration:  00000034   DeltaT:  2.556E-06   Iter/sec:  7.385E+00
 Iteration:  00000035   DeltaT:  2.556E-06   Iter/sec:  7.032E+00
 Iteration:  00000036   DeltaT:  2.556E-06   Iter/sec:  6.950E+00
 Iteration:  00000037   DeltaT:  2.556E-06   Iter/sec:  7.086E+00
 Iteration:  00000038   DeltaT:  2.556E-06   Iter/sec:  7.350E+00
 Iteration:  00000039   DeltaT:  2.556E-06   Iter/sec:  6.774E+00
 Iteration:  00000040   DeltaT:  2.556E-06   Iter/sec:  7.128E+00
 Iteration:  00000041   DeltaT:  2.556E-06   Iter/sec:  7.005E+00
 Iteration:  00000042   DeltaT:  2.556E-06   Iter/sec:  7.151E+00
 Iteration:  00000043   DeltaT:  2.556E-06   Iter/sec:  7.161E+00
 Iteration:  00000044   DeltaT:  2.556E-06   Iter/sec:  7.077E+00
 Iteration:  00000045   DeltaT:  2.556E-06   Iter/sec:  7.120E+00
 Iteration:  00000046   DeltaT:  2.556E-06   Iter/sec:  6.935E+00
 Iteration:  00000047   DeltaT:  2.556E-06   Iter/sec:  7.302E+00
 Iteration:  00000048   DeltaT:  2.556E-06   Iter/sec:  7.059E+00
 Iteration:  00000049   DeltaT:  2.556E-06   Iter/sec:  6.922E+00
 Iteration:  00000050   DeltaT:  2.556E-06   Iter/sec:  7.207E+00


//////////////////////////////////////////////
   Measured Timings for Process 0  (seconds)

 Elapsed time:         7.2129
  Column time:         1.9191
     Row time:         2.1205
Legendre time:         0.5010
     FFT time:         0.4811
   Solve time:         0.3033
    rlma time:         0.0906
    rlmb time:         0.0374
  pspace time:         0.9633
  psolve time:         0.6656
    dphi time:         0.0679
captured time:         7.1497

     iter/sec:         6.9320
//////////////////////////////////////////////
