 //////////////////////////////////////
 Initializating Rayleigh...

 -- Initalizing MPI...
 ---- Specified parameters:
 ---- NCPU  :    512
 ---- NPROW :     16
 ---- NPCOL :     32
 -- MPI initialized.


 -- Initalizing Grid...
 ---- Specified parameters ----
 ---- N_R                 :     64
 ---- N_THETA             :    192
 ---- Ell_MAX             :    127
 ---- R_MIN               :  5.38462E-01
 ---- R_MAX               :  1.53846E+00
 ---- Chebyshev Domains   :      1

        Domain 1
          Grid points           :  64
          Dealiased Polynomials :  42
          Domain Lower Bound    :  5.38462E-01
          Domain Upper Bound    :  1.53846E+00

 -- Grid initialized.

[SHTns 3.4.5] built Apr 30 2021, 15:49:24, id: avx2,ishioka
        Lmax=127, Mmax*Mres=127, Mres=1, Nlm=8256  [4 threads, orthonormalized]
        => using FFTW : Mmax=127, Nphi=384, Nlat=192  (data layout : phi_inc=192, theta_inc=1, phi_embed=384)
        => using Gauss nodes
        + polar optimization threshold = 1.0e-08
        finding optimal algorithm.......
        + SHT accuracy = 6.12e-14
        => SHTns is ready.
 -- Initalizing Reference State...
 ---- Specified parameters:
 ---- Reference type           :  Boussinesq (Non-dimensional)
 ---- Rayleigh Number          :  1.00000E+05
 ---- Ekman Number             :  1.00000E-03
 ---- Prandtl Number           :  1.00000E+00
 ---- Magnetic Prandtl Number  :  5.00000E+00
 -- Reference State initialized.

 -- Initializing Fields...
 ---- Specified parameters:
 ---- Hydro Init Type    : Benchmark (Christensen et al. 2001)
 ---- Magnetic Init Type : Benchmark (Christensen et al. 2001)
 -- Fields initialized.

 Initialization Complete.
 //////////////////////////////////////

 Timestep has changed from  0.00000E+00 to  1.00000E-04.
 Iteration:  00000001   DeltaT:  1.000E-04   Iter/sec:  0.000E+00
 Timestep has changed from  1.00000E-04 to  1.02217E-05.
 Iteration:  00000002   DeltaT:  1.022E-05   Iter/sec:  1.297E-01
 Iteration:  00000003   DeltaT:  1.022E-05   Iter/sec:  5.871E+01
 Iteration:  00000004   DeltaT:  1.022E-05   Iter/sec:  8.598E+01
 Iteration:  00000005   DeltaT:  1.022E-05   Iter/sec:  8.468E+01
 Iteration:  00000006   DeltaT:  1.022E-05   Iter/sec:  8.313E+01
 Iteration:  00000007   DeltaT:  1.022E-05   Iter/sec:  8.563E+01
 Iteration:  00000008   DeltaT:  1.022E-05   Iter/sec:  8.411E+01
 Iteration:  00000009   DeltaT:  1.022E-05   Iter/sec:  8.663E+01
 Iteration:  00000010   DeltaT:  1.022E-05   Iter/sec:  8.565E+01
 Iteration:  00000011   DeltaT:  1.022E-05   Iter/sec:  8.552E+01
 Iteration:  00000012   DeltaT:  1.022E-05   Iter/sec:  8.525E+01
 Iteration:  00000013   DeltaT:  1.022E-05   Iter/sec:  8.416E+01
 Iteration:  00000014   DeltaT:  1.022E-05   Iter/sec:  8.465E+01
 Iteration:  00000015   DeltaT:  1.022E-05   Iter/sec:  8.601E+01
 Iteration:  00000016   DeltaT:  1.022E-05   Iter/sec:  8.046E+01
 Iteration:  00000017   DeltaT:  1.022E-05   Iter/sec:  8.648E+01
 Iteration:  00000018   DeltaT:  1.022E-05   Iter/sec:  8.415E+01
 Iteration:  00000019   DeltaT:  1.022E-05   Iter/sec:  8.684E+01
 Iteration:  00000020   DeltaT:  1.022E-05   Iter/sec:  8.690E+01
 Iteration:  00000021   DeltaT:  1.022E-05   Iter/sec:  8.392E+01
 Iteration:  00000022   DeltaT:  1.022E-05   Iter/sec:  8.886E+01
 Iteration:  00000023   DeltaT:  1.022E-05   Iter/sec:  8.632E+01
 Iteration:  00000024   DeltaT:  1.022E-05   Iter/sec:  8.083E+01
 Iteration:  00000025   DeltaT:  1.022E-05   Iter/sec:  8.853E+01
 Iteration:  00000026   DeltaT:  1.022E-05   Iter/sec:  8.274E+01
 Iteration:  00000027   DeltaT:  1.022E-05   Iter/sec:  8.810E+01
 Iteration:  00000028   DeltaT:  1.022E-05   Iter/sec:  7.856E+01
 Iteration:  00000029   DeltaT:  1.022E-05   Iter/sec:  9.240E+01
 Iteration:  00000030   DeltaT:  1.022E-05   Iter/sec:  8.765E+01
 Iteration:  00000031   DeltaT:  1.022E-05   Iter/sec:  8.482E+01
 Iteration:  00000032   DeltaT:  1.022E-05   Iter/sec:  7.112E+01
 Iteration:  00000033   DeltaT:  1.022E-05   Iter/sec:  1.010E+02
 Iteration:  00000034   DeltaT:  1.022E-05   Iter/sec:  8.752E+01
 Iteration:  00000035   DeltaT:  1.022E-05   Iter/sec:  8.689E+01
 Iteration:  00000036   DeltaT:  1.022E-05   Iter/sec:  8.812E+01
 Iteration:  00000037   DeltaT:  1.022E-05   Iter/sec:  8.457E+01
 Iteration:  00000038   DeltaT:  1.022E-05   Iter/sec:  8.598E+01
 Iteration:  00000039   DeltaT:  1.022E-05   Iter/sec:  8.720E+01
 Iteration:  00000040   DeltaT:  1.022E-05   Iter/sec:  8.399E+01
 Iteration:  00000041   DeltaT:  1.022E-05   Iter/sec:  8.825E+01
 Iteration:  00000042   DeltaT:  1.022E-05   Iter/sec:  8.570E+01
 Iteration:  00000043   DeltaT:  1.022E-05   Iter/sec:  8.422E+01
 Iteration:  00000044   DeltaT:  1.022E-05   Iter/sec:  8.774E+01
 Iteration:  00000045   DeltaT:  1.022E-05   Iter/sec:  8.594E+01
 Iteration:  00000046   DeltaT:  1.022E-05   Iter/sec:  8.577E+01
 Iteration:  00000047   DeltaT:  1.022E-05   Iter/sec:  8.680E+01
 Iteration:  00000048   DeltaT:  1.022E-05   Iter/sec:  8.661E+01
 Iteration:  00000049   DeltaT:  1.022E-05   Iter/sec:  8.868E+01
 Iteration:  00000050   DeltaT:  1.022E-05   Iter/sec:  8.604E+01


//////////////////////////////////////////////
   Measured Timings for Process 0  (seconds)

 Elapsed time:         0.6121
  Column time:         0.2141
     Row time:         0.1651
Legendre time:         0.0404
     FFT time:         0.0364
   Solve time:         0.0447
    rlma time:         0.0146
    rlmb time:         0.0061
  pspace time:         0.0240
  psolve time:         0.0506
    dphi time:         0.0032
captured time:         0.5992

     iter/sec:        81.6924
//////////////////////////////////////////////
