 //////////////////////////////////////
 Initializating Rayleigh...

 -- Initalizing MPI...
 ---- Specified parameters:
 ---- NCPU  :     64
 ---- NPROW :     16
 ---- NPCOL :      4
 -- MPI initialized.


 -- Initalizing Grid...
 ---- Specified parameters ----
 ---- N_R                 :    128
 ---- N_THETA             :    384
 ---- Ell_MAX             :    255
 ---- R_MIN               :  5.38462E-01
 ---- R_MAX               :  1.53846E+00
 ---- Chebyshev Domains   :      1

        Domain 1
          Grid points           :  128
          Dealiased Polynomials :  85
          Domain Lower Bound    :  5.38462E-01
          Domain Upper Bound    :  1.53846E+00

 -- Grid initialized.

[SHTns 3.4.5] built Apr 30 2021, 15:49:24, id: avx2,ishioka
        Lmax=255, Mmax*Mres=255, Mres=1, Nlm=32896  [4 threads, orthonormalized]
        => using FFTW : Mmax=255, Nphi=768, Nlat=384  (data layout : phi_inc=384, theta_inc=1, phi_embed=768)
        => using Gauss nodes
        + polar optimization threshold = 1.0e-08
        finding optimal algorithm.........
        + SHT accuracy = 2.11e-12
        => SHTns is ready.
 -- Initalizing Reference State...
 ---- Specified parameters:
 ---- Reference type           :  Boussinesq (Non-dimensional)
 ---- Rayleigh Number          :  1.00000E+05
 ---- Ekman Number             :  1.00000E-03
 ---- Prandtl Number           :  1.00000E+00
 ---- Magnetic Prandtl Number  :  5.00000E+00
 -- Reference State initialized.

 -- Initializing Fields...
 ---- Specified parameters:
 ---- Hydro Init Type    : Benchmark (Christensen et al. 2001)
 ---- Magnetic Init Type : Benchmark (Christensen et al. 2001)
 -- Fields initialized.

 Initialization Complete.
 //////////////////////////////////////

 Timestep has changed from  0.00000E+00 to  1.00000E-04.
 Iteration:  00000001   DeltaT:  1.000E-04   Iter/sec:  0.000E+00
 Timestep has changed from  1.00000E-04 to  2.55566E-06.
 Iteration:  00000002   DeltaT:  2.556E-06   Iter/sec:  1.306E-01
 Iteration:  00000003   DeltaT:  2.556E-06   Iter/sec:  7.004E-01
 Iteration:  00000004   DeltaT:  2.556E-06   Iter/sec:  9.036E-01
 Iteration:  00000005   DeltaT:  2.556E-06   Iter/sec:  8.857E-01
 Iteration:  00000006   DeltaT:  2.556E-06   Iter/sec:  8.919E-01
 Iteration:  00000007   DeltaT:  2.556E-06   Iter/sec:  9.111E-01
 Iteration:  00000008   DeltaT:  2.556E-06   Iter/sec:  9.084E-01
 Iteration:  00000009   DeltaT:  2.556E-06   Iter/sec:  9.010E-01
 Iteration:  00000010   DeltaT:  2.556E-06   Iter/sec:  9.039E-01
 Iteration:  00000011   DeltaT:  2.556E-06   Iter/sec:  8.975E-01
 Iteration:  00000012   DeltaT:  2.556E-06   Iter/sec:  9.160E-01
 Iteration:  00000013   DeltaT:  2.556E-06   Iter/sec:  9.061E-01
 Iteration:  00000014   DeltaT:  2.556E-06   Iter/sec:  8.918E-01
 Iteration:  00000015   DeltaT:  2.556E-06   Iter/sec:  8.987E-01
 Iteration:  00000016   DeltaT:  2.556E-06   Iter/sec:  8.875E-01
 Iteration:  00000017   DeltaT:  2.556E-06   Iter/sec:  8.991E-01
 Iteration:  00000018   DeltaT:  2.556E-06   Iter/sec:  9.040E-01
 Iteration:  00000019   DeltaT:  2.556E-06   Iter/sec:  8.920E-01
 Iteration:  00000020   DeltaT:  2.556E-06   Iter/sec:  9.103E-01
 Iteration:  00000021   DeltaT:  2.556E-06   Iter/sec:  8.951E-01
 Iteration:  00000022   DeltaT:  2.556E-06   Iter/sec:  8.894E-01
 Iteration:  00000023   DeltaT:  2.556E-06   Iter/sec:  8.946E-01
 Iteration:  00000024   DeltaT:  2.556E-06   Iter/sec:  8.844E-01
 Iteration:  00000025   DeltaT:  2.556E-06   Iter/sec:  8.831E-01
 Iteration:  00000026   DeltaT:  2.556E-06   Iter/sec:  9.007E-01
 Iteration:  00000027   DeltaT:  2.556E-06   Iter/sec:  9.020E-01
 Iteration:  00000028   DeltaT:  2.556E-06   Iter/sec:  9.032E-01
 Iteration:  00000029   DeltaT:  2.556E-06   Iter/sec:  8.977E-01
 Iteration:  00000030   DeltaT:  2.556E-06   Iter/sec:  8.959E-01
 Iteration:  00000031   DeltaT:  2.556E-06   Iter/sec:  9.129E-01
 Iteration:  00000032   DeltaT:  2.556E-06   Iter/sec:  8.832E-01
 Iteration:  00000033   DeltaT:  2.556E-06   Iter/sec:  8.815E-01
 Iteration:  00000034   DeltaT:  2.556E-06   Iter/sec:  9.021E-01
 Iteration:  00000035   DeltaT:  2.556E-06   Iter/sec:  9.265E-01
 Iteration:  00000036   DeltaT:  2.556E-06   Iter/sec:  9.021E-01
 Iteration:  00000037   DeltaT:  2.556E-06   Iter/sec:  8.921E-01
 Iteration:  00000038   DeltaT:  2.556E-06   Iter/sec:  9.057E-01
 Iteration:  00000039   DeltaT:  2.556E-06   Iter/sec:  9.093E-01
 Iteration:  00000040   DeltaT:  2.556E-06   Iter/sec:  8.836E-01
 Iteration:  00000041   DeltaT:  2.556E-06   Iter/sec:  9.012E-01
 Iteration:  00000042   DeltaT:  2.556E-06   Iter/sec:  8.928E-01
 Iteration:  00000043   DeltaT:  2.556E-06   Iter/sec:  8.950E-01
 Iteration:  00000044   DeltaT:  2.556E-06   Iter/sec:  8.891E-01
 Iteration:  00000045   DeltaT:  2.556E-06   Iter/sec:  8.960E-01
 Iteration:  00000046   DeltaT:  2.556E-06   Iter/sec:  8.994E-01
 Iteration:  00000047   DeltaT:  2.556E-06   Iter/sec:  9.055E-01
 Iteration:  00000048   DeltaT:  2.556E-06   Iter/sec:  9.014E-01
 Iteration:  00000049   DeltaT:  2.556E-06   Iter/sec:  8.838E-01
 Iteration:  00000050   DeltaT:  2.556E-06   Iter/sec:  9.069E-01


//////////////////////////////////////////////
   Measured Timings for Process 0  (seconds)

 Elapsed time:        56.3618
  Column time:         5.5563
     Row time:        21.3855
Legendre time:         5.0849
     FFT time:         4.0551
   Solve time:         1.8696
    rlma time:         1.3058
    rlmb time:         0.7174
  pspace time:         7.9809
  psolve time:         7.2508
    dphi time:         0.3100
captured time:        55.5163

     iter/sec:         0.8871
//////////////////////////////////////////////
