 //////////////////////////////////////
 Initializating Rayleigh...

 -- Initalizing MPI...
 ---- Specified parameters:
 ---- NCPU  :    128
 ---- NPROW :      8
 ---- NPCOL :     16
 -- MPI initialized.


 -- Initalizing Grid...
 ---- Specified parameters ----
 ---- N_R                 :     64
 ---- N_THETA             :    192
 ---- Ell_MAX             :    127
 ---- R_MIN               :  5.38462E-01
 ---- R_MAX               :  1.53846E+00
 ---- Chebyshev Domains   :      1

        Domain 1
          Grid points           :  64
          Dealiased Polynomials :  42
          Domain Lower Bound    :  5.38462E-01
          Domain Upper Bound    :  1.53846E+00

 -- Grid initialized.

[SHTns 3.4.5] built Apr 30 2021, 15:49:24, id: avx2,ishioka
        Lmax=127, Mmax*Mres=127, Mres=1, Nlm=8256  [4 threads, orthonormalized]
        => using FFTW : Mmax=127, Nphi=384, Nlat=192  (data layout : phi_inc=192, theta_inc=1, phi_embed=384)
        => using Gauss nodes
        + polar optimization threshold = 1.0e-08
        finding optimal algorithm.......
        + SHT accuracy = 6.31e-14
        => SHTns is ready.
 -- Initalizing Reference State...
 ---- Specified parameters:
 ---- Reference type           :  Boussinesq (Non-dimensional)
 ---- Rayleigh Number          :  1.00000E+05
 ---- Ekman Number             :  1.00000E-03
 ---- Prandtl Number           :  1.00000E+00
 ---- Magnetic Prandtl Number  :  5.00000E+00
 -- Reference State initialized.

 -- Initializing Fields...
 ---- Specified parameters:
 ---- Hydro Init Type    : Benchmark (Christensen et al. 2001)
 ---- Magnetic Init Type : Benchmark (Christensen et al. 2001)
 -- Fields initialized.

 Initialization Complete.
 //////////////////////////////////////

 Timestep has changed from  0.00000E+00 to  1.00000E-04.
 Iteration:  00000001   DeltaT:  1.000E-04   Iter/sec:  0.000E+00
 Timestep has changed from  1.00000E-04 to  1.02217E-05.
 Iteration:  00000002   DeltaT:  1.022E-05   Iter/sec:  1.235E-01
 Iteration:  00000003   DeltaT:  1.022E-05   Iter/sec:  1.691E+01
 Iteration:  00000004   DeltaT:  1.022E-05   Iter/sec:  1.977E+01
 Iteration:  00000005   DeltaT:  1.022E-05   Iter/sec:  1.995E+01
 Iteration:  00000006   DeltaT:  1.022E-05   Iter/sec:  1.866E+01
 Iteration:  00000007   DeltaT:  1.022E-05   Iter/sec:  2.105E+01
 Iteration:  00000008   DeltaT:  1.022E-05   Iter/sec:  2.039E+01
 Iteration:  00000009   DeltaT:  1.022E-05   Iter/sec:  2.008E+01
 Iteration:  00000010   DeltaT:  1.022E-05   Iter/sec:  1.986E+01
 Iteration:  00000011   DeltaT:  1.022E-05   Iter/sec:  2.035E+01
 Iteration:  00000012   DeltaT:  1.022E-05   Iter/sec:  2.038E+01
 Iteration:  00000013   DeltaT:  1.022E-05   Iter/sec:  1.980E+01
 Iteration:  00000014   DeltaT:  1.022E-05   Iter/sec:  2.021E+01
 Iteration:  00000015   DeltaT:  1.022E-05   Iter/sec:  1.994E+01
 Iteration:  00000016   DeltaT:  1.022E-05   Iter/sec:  2.057E+01
 Iteration:  00000017   DeltaT:  1.022E-05   Iter/sec:  2.027E+01
 Iteration:  00000018   DeltaT:  1.022E-05   Iter/sec:  2.010E+01
 Iteration:  00000019   DeltaT:  1.022E-05   Iter/sec:  2.004E+01
 Iteration:  00000020   DeltaT:  1.022E-05   Iter/sec:  1.890E+01
 Iteration:  00000021   DeltaT:  1.022E-05   Iter/sec:  2.082E+01
 Iteration:  00000022   DeltaT:  1.022E-05   Iter/sec:  1.988E+01
 Iteration:  00000023   DeltaT:  1.022E-05   Iter/sec:  2.043E+01
 Iteration:  00000024   DeltaT:  1.022E-05   Iter/sec:  2.018E+01
 Iteration:  00000025   DeltaT:  1.022E-05   Iter/sec:  2.049E+01
 Iteration:  00000026   DeltaT:  1.022E-05   Iter/sec:  2.037E+01
 Iteration:  00000027   DeltaT:  1.022E-05   Iter/sec:  1.976E+01
 Iteration:  00000028   DeltaT:  1.022E-05   Iter/sec:  2.030E+01
 Iteration:  00000029   DeltaT:  1.022E-05   Iter/sec:  2.037E+01
 Iteration:  00000030   DeltaT:  1.022E-05   Iter/sec:  1.965E+01
 Iteration:  00000031   DeltaT:  1.022E-05   Iter/sec:  2.032E+01
 Iteration:  00000032   DeltaT:  1.022E-05   Iter/sec:  1.986E+01
 Iteration:  00000033   DeltaT:  1.022E-05   Iter/sec:  2.050E+01
 Iteration:  00000034   DeltaT:  1.022E-05   Iter/sec:  2.042E+01
 Iteration:  00000035   DeltaT:  1.022E-05   Iter/sec:  2.000E+01
 Iteration:  00000036   DeltaT:  1.022E-05   Iter/sec:  2.035E+01
 Iteration:  00000037   DeltaT:  1.022E-05   Iter/sec:  1.986E+01
 Iteration:  00000038   DeltaT:  1.022E-05   Iter/sec:  2.054E+01
 Iteration:  00000039   DeltaT:  1.022E-05   Iter/sec:  1.911E+01
 Iteration:  00000040   DeltaT:  1.022E-05   Iter/sec:  2.065E+01
 Iteration:  00000041   DeltaT:  1.022E-05   Iter/sec:  2.034E+01
 Iteration:  00000042   DeltaT:  1.022E-05   Iter/sec:  2.052E+01
 Iteration:  00000043   DeltaT:  1.022E-05   Iter/sec:  2.030E+01
 Iteration:  00000044   DeltaT:  1.022E-05   Iter/sec:  1.990E+01
 Iteration:  00000045   DeltaT:  1.022E-05   Iter/sec:  2.076E+01
 Iteration:  00000046   DeltaT:  1.022E-05   Iter/sec:  2.016E+01
 Iteration:  00000047   DeltaT:  1.022E-05   Iter/sec:  1.884E+01
 Iteration:  00000048   DeltaT:  1.022E-05   Iter/sec:  2.029E+01
 Iteration:  00000049   DeltaT:  1.022E-05   Iter/sec:  2.028E+01
 Iteration:  00000050   DeltaT:  1.022E-05   Iter/sec:  2.003E+01


//////////////////////////////////////////////
   Measured Timings for Process 0  (seconds)

 Elapsed time:         2.5815
  Column time:         0.5533
     Row time:         0.8209
Legendre time:         0.1766
     FFT time:         0.2362
   Solve time:         0.0911
    rlma time:         0.0442
    rlmb time:         0.0192
  pspace time:         0.3508
  psolve time:         0.2253
    dphi time:         0.0289
captured time:         2.5465

     iter/sec:        19.3685
//////////////////////////////////////////////
