 //////////////////////////////////////
 Initializating Rayleigh...

 -- Initalizing MPI...
 ---- Specified parameters:
 ---- NCPU  :   1024
 ---- NPROW :     32
 ---- NPCOL :     32
 -- MPI initialized.


 -- Initalizing Grid...
 ---- Specified parameters ----
 ---- N_R                 :     64
 ---- N_THETA             :    768
 ---- Ell_MAX             :    511
 ---- R_MIN               :  5.38462E-01
 ---- R_MAX               :  1.53846E+00
 ---- Chebyshev Domains   :      1

        Domain 1
          Grid points           :  64
          Dealiased Polynomials :  42
          Domain Lower Bound    :  5.38462E-01
          Domain Upper Bound    :  1.53846E+00

 -- Grid initialized.

 -- Initalizing Reference State...
 ---- Specified parameters:
 ---- Reference type           :  Boussinesq (Non-dimensional)
 ---- Rayleigh Number          :  1.00000E+05
 ---- Ekman Number             :  1.00000E-03
 ---- Prandtl Number           :  1.00000E+00
 ---- Magnetic Prandtl Number  :  5.00000E+00
 -- Reference State initialized.

 -- Initializing Fields...
 ---- Specified parameters:
 ---- Hydro Init Type    : Benchmark (Christensen et al. 2001)
 ---- Magnetic Init Type : Benchmark (Christensen et al. 2001)
 -- Fields initialized.

 Initialization Complete.
 //////////////////////////////////////

 Timestep has changed from  0.00000E+00 to  1.00000E-04.
 Iteration:  00000001   DeltaT:  1.000E-04   Iter/sec:  0.000E+00
 Timestep has changed from  1.00000E-04 to  8.93257E-06.
 Iteration:  00000002   DeltaT:  8.933E-06   Iter/sec:  7.751E-01
 Iteration:  00000003   DeltaT:  8.933E-06   Iter/sec:  5.006E+00
 Iteration:  00000004   DeltaT:  8.933E-06   Iter/sec:  5.388E+00
 Iteration:  00000005   DeltaT:  8.933E-06   Iter/sec:  5.255E+00
 Iteration:  00000006   DeltaT:  8.933E-06   Iter/sec:  4.906E+00
 Iteration:  00000007   DeltaT:  8.933E-06   Iter/sec:  5.249E+00
 Iteration:  00000008   DeltaT:  8.933E-06   Iter/sec:  5.270E+00
 Iteration:  00000009   DeltaT:  8.933E-06   Iter/sec:  5.544E+00
 Iteration:  00000010   DeltaT:  8.933E-06   Iter/sec:  5.408E+00
 Iteration:  00000011   DeltaT:  8.933E-06   Iter/sec:  5.311E+00
 Iteration:  00000012   DeltaT:  8.933E-06   Iter/sec:  5.233E+00
 Iteration:  00000013   DeltaT:  8.933E-06   Iter/sec:  5.342E+00
 Iteration:  00000014   DeltaT:  8.933E-06   Iter/sec:  5.571E+00
 Iteration:  00000015   DeltaT:  8.933E-06   Iter/sec:  5.551E+00
 Iteration:  00000016   DeltaT:  8.933E-06   Iter/sec:  5.494E+00
 Iteration:  00000017   DeltaT:  8.933E-06   Iter/sec:  5.213E+00
 Iteration:  00000018   DeltaT:  8.933E-06   Iter/sec:  5.380E+00
 Iteration:  00000019   DeltaT:  8.933E-06   Iter/sec:  5.427E+00
 Iteration:  00000020   DeltaT:  8.933E-06   Iter/sec:  5.665E+00
 Iteration:  00000021   DeltaT:  8.933E-06   Iter/sec:  5.234E+00
 Iteration:  00000022   DeltaT:  8.933E-06   Iter/sec:  5.476E+00
 Iteration:  00000023   DeltaT:  8.933E-06   Iter/sec:  5.286E+00
 Iteration:  00000024   DeltaT:  8.933E-06   Iter/sec:  5.441E+00
 Iteration:  00000025   DeltaT:  8.933E-06   Iter/sec:  5.485E+00
 Iteration:  00000026   DeltaT:  8.933E-06   Iter/sec:  5.484E+00
 Iteration:  00000027   DeltaT:  8.933E-06   Iter/sec:  5.459E+00
 Iteration:  00000028   DeltaT:  8.933E-06   Iter/sec:  5.164E+00
 Iteration:  00000029   DeltaT:  8.933E-06   Iter/sec:  5.716E+00
 Iteration:  00000030   DeltaT:  8.933E-06   Iter/sec:  5.505E+00
 Iteration:  00000031   DeltaT:  8.933E-06   Iter/sec:  5.331E+00
 Iteration:  00000032   DeltaT:  8.933E-06   Iter/sec:  5.554E+00
 Iteration:  00000033   DeltaT:  8.933E-06   Iter/sec:  5.645E+00
 Iteration:  00000034   DeltaT:  8.933E-06   Iter/sec:  5.481E+00
 Iteration:  00000035   DeltaT:  8.933E-06   Iter/sec:  5.405E+00
 Iteration:  00000036   DeltaT:  8.933E-06   Iter/sec:  5.699E+00
 Iteration:  00000037   DeltaT:  8.933E-06   Iter/sec:  5.207E+00
 Iteration:  00000038   DeltaT:  8.933E-06   Iter/sec:  5.517E+00
 Iteration:  00000039   DeltaT:  8.933E-06   Iter/sec:  5.393E+00
 Iteration:  00000040   DeltaT:  8.933E-06   Iter/sec:  5.579E+00
 Iteration:  00000041   DeltaT:  8.933E-06   Iter/sec:  5.493E+00
 Iteration:  00000042   DeltaT:  8.933E-06   Iter/sec:  5.311E+00
 Iteration:  00000043   DeltaT:  8.933E-06   Iter/sec:  5.487E+00
 Iteration:  00000044   DeltaT:  8.933E-06   Iter/sec:  5.570E+00
 Iteration:  00000045   DeltaT:  8.933E-06   Iter/sec:  5.321E+00
 Iteration:  00000046   DeltaT:  8.933E-06   Iter/sec:  5.403E+00
 Iteration:  00000047   DeltaT:  8.933E-06   Iter/sec:  5.696E+00
 Iteration:  00000048   DeltaT:  8.933E-06   Iter/sec:  5.473E+00
 Iteration:  00000049   DeltaT:  8.933E-06   Iter/sec:  5.423E+00
 Iteration:  00000050   DeltaT:  8.933E-06   Iter/sec:  5.519E+00


//////////////////////////////////////////////
   Measured Timings for Process 0  (seconds)

 Elapsed time:        10.8537
  Column time:         3.4934
     Row time:         2.4712
Legendre time:         1.0183
     FFT time:         0.4815
   Solve time:         0.1449
    rlma time:         0.0989
    rlmb time:         0.0421
  pspace time:         0.8609
  psolve time:         0.5286
    dphi time:         0.0434
captured time:         9.1832

     iter/sec:         4.6067
//////////////////////////////////////////////
