 //////////////////////////////////////
 Initializating Rayleigh...

 -- Initalizing MPI...
 ---- Specified parameters:
 ---- NCPU  :    512
 ---- NPROW :     32
 ---- NPCOL :     16
 -- MPI initialized.


 -- Initalizing Grid...
 ---- Specified parameters ----
 ---- N_R                 :     64
 ---- N_THETA             :    384
 ---- Ell_MAX             :    255
 ---- R_MIN               :  5.38462E-01
 ---- R_MAX               :  1.53846E+00
 ---- Chebyshev Domains   :      1

        Domain 1
          Grid points           :  64
          Dealiased Polynomials :  42
          Domain Lower Bound    :  5.38462E-01
          Domain Upper Bound    :  1.53846E+00

 -- Grid initialized.

 -- Initalizing Reference State...
 ---- Specified parameters:
 ---- Reference type           :  Boussinesq (Non-dimensional)
 ---- Rayleigh Number          :  1.00000E+05
 ---- Ekman Number             :  1.00000E-03
 ---- Prandtl Number           :  1.00000E+00
 ---- Magnetic Prandtl Number  :  5.00000E+00
 -- Reference State initialized.

 -- Initializing Fields...
 ---- Specified parameters:
 ---- Hydro Init Type    : Benchmark (Christensen et al. 2001)
 ---- Magnetic Init Type : Benchmark (Christensen et al. 2001)
 -- Fields initialized.

 Initialization Complete.
 //////////////////////////////////////

 Timestep has changed from  0.00000E+00 to  1.00000E-04.
 Iteration:  00000001   DeltaT:  1.000E-04   Iter/sec:  0.000E+00
 Timestep has changed from  1.00000E-04 to  1.02211E-05.
 Iteration:  00000002   DeltaT:  1.022E-05   Iter/sec:  4.104E+00
 Iteration:  00000003   DeltaT:  1.022E-05   Iter/sec:  1.121E+01
 Iteration:  00000004   DeltaT:  1.022E-05   Iter/sec:  1.251E+01
 Iteration:  00000005   DeltaT:  1.022E-05   Iter/sec:  1.312E+01
 Iteration:  00000006   DeltaT:  1.022E-05   Iter/sec:  1.397E+01
 Iteration:  00000007   DeltaT:  1.022E-05   Iter/sec:  1.441E+01
 Iteration:  00000008   DeltaT:  1.022E-05   Iter/sec:  1.341E+01
 Iteration:  00000009   DeltaT:  1.022E-05   Iter/sec:  1.453E+01
 Iteration:  00000010   DeltaT:  1.022E-05   Iter/sec:  1.466E+01
 Iteration:  00000011   DeltaT:  1.022E-05   Iter/sec:  1.494E+01
 Iteration:  00000012   DeltaT:  1.022E-05   Iter/sec:  1.518E+01
 Iteration:  00000013   DeltaT:  1.022E-05   Iter/sec:  1.472E+01
 Iteration:  00000014   DeltaT:  1.022E-05   Iter/sec:  1.446E+01
 Iteration:  00000015   DeltaT:  1.022E-05   Iter/sec:  1.508E+01
 Iteration:  00000016   DeltaT:  1.022E-05   Iter/sec:  1.450E+01
 Iteration:  00000017   DeltaT:  1.022E-05   Iter/sec:  1.381E+01
 Iteration:  00000018   DeltaT:  1.022E-05   Iter/sec:  1.380E+01
 Iteration:  00000019   DeltaT:  1.022E-05   Iter/sec:  1.386E+01
 Iteration:  00000020   DeltaT:  1.022E-05   Iter/sec:  1.332E+01
 Iteration:  00000021   DeltaT:  1.022E-05   Iter/sec:  1.494E+01
 Iteration:  00000022   DeltaT:  1.022E-05   Iter/sec:  1.437E+01
 Iteration:  00000023   DeltaT:  1.022E-05   Iter/sec:  1.413E+01
 Iteration:  00000024   DeltaT:  1.022E-05   Iter/sec:  1.451E+01
 Iteration:  00000025   DeltaT:  1.022E-05   Iter/sec:  1.199E+01
 Iteration:  00000026   DeltaT:  1.022E-05   Iter/sec:  1.503E+01
 Iteration:  00000027   DeltaT:  1.022E-05   Iter/sec:  1.315E+01
 Iteration:  00000028   DeltaT:  1.022E-05   Iter/sec:  1.499E+01
 Iteration:  00000029   DeltaT:  1.022E-05   Iter/sec:  1.464E+01
 Iteration:  00000030   DeltaT:  1.022E-05   Iter/sec:  1.438E+01
 Iteration:  00000031   DeltaT:  1.022E-05   Iter/sec:  1.436E+01
 Iteration:  00000032   DeltaT:  1.022E-05   Iter/sec:  1.431E+01
 Iteration:  00000033   DeltaT:  1.022E-05   Iter/sec:  1.347E+01
 Iteration:  00000034   DeltaT:  1.022E-05   Iter/sec:  1.462E+01
 Iteration:  00000035   DeltaT:  1.022E-05   Iter/sec:  1.432E+01
 Iteration:  00000036   DeltaT:  1.022E-05   Iter/sec:  1.365E+01
 Iteration:  00000037   DeltaT:  1.022E-05   Iter/sec:  1.324E+01
 Iteration:  00000038   DeltaT:  1.022E-05   Iter/sec:  1.467E+01
 Iteration:  00000039   DeltaT:  1.022E-05   Iter/sec:  1.483E+01
 Iteration:  00000040   DeltaT:  1.022E-05   Iter/sec:  1.510E+01
 Iteration:  00000041   DeltaT:  1.022E-05   Iter/sec:  1.439E+01
 Iteration:  00000042   DeltaT:  1.022E-05   Iter/sec:  1.463E+01
 Iteration:  00000043   DeltaT:  1.022E-05   Iter/sec:  1.362E+01
 Iteration:  00000044   DeltaT:  1.022E-05   Iter/sec:  1.380E+01
 Iteration:  00000045   DeltaT:  1.022E-05   Iter/sec:  1.665E+01
 Iteration:  00000046   DeltaT:  1.022E-05   Iter/sec:  1.378E+01
 Iteration:  00000047   DeltaT:  1.022E-05   Iter/sec:  1.482E+01
 Iteration:  00000048   DeltaT:  1.022E-05   Iter/sec:  1.485E+01
 Iteration:  00000049   DeltaT:  1.022E-05   Iter/sec:  1.324E+01
 Iteration:  00000050   DeltaT:  1.022E-05   Iter/sec:  1.492E+01


//////////////////////////////////////////////
   Measured Timings for Process 0  (seconds)

 Elapsed time:         3.9118
  Column time:         1.2167
     Row time:         1.0731
Legendre time:         0.3153
     FFT time:         0.2408
   Solve time:         0.1134
    rlma time:         0.0462
    rlmb time:         0.0185
  pspace time:         0.2943
  psolve time:         0.2043
    dphi time:         0.0200
captured time:         3.5427

     iter/sec:        12.7817
//////////////////////////////////////////////
