 //////////////////////////////////////
 Initializating Rayleigh...

 -- Initalizing MPI...
 ---- Specified parameters:
 ---- NCPU  :     16
 ---- NPROW :      4
 ---- NPCOL :      4
 -- MPI initialized.


 -- Initalizing Grid...
 ---- Specified parameters ----
 ---- N_R                 :    128
 ---- N_THETA             :    192
 ---- Ell_MAX             :    127
 ---- R_MIN               :  5.38462E-01
 ---- R_MAX               :  1.53846E+00
 ---- Chebyshev Domains   :      1

        Domain 1
          Grid points           :  128
          Dealiased Polynomials :  85
          Domain Lower Bound    :  5.38462E-01
          Domain Upper Bound    :  1.53846E+00

 -- Grid initialized.

 -- Initalizing Reference State...
 ---- Specified parameters:
 ---- Reference type           :  Boussinesq (Non-dimensional)
 ---- Rayleigh Number          :  1.00000E+05
 ---- Ekman Number             :  1.00000E-03
 ---- Prandtl Number           :  1.00000E+00
 ---- Magnetic Prandtl Number  :  5.00000E+00
 -- Reference State initialized.

 -- Initializing Fields...
 ---- Specified parameters:
 ---- Hydro Init Type    : Benchmark (Christensen et al. 2001)
 ---- Magnetic Init Type : Benchmark (Christensen et al. 2001)
 -- Fields initialized.

 Initialization Complete.
 //////////////////////////////////////

 Timestep has changed from  0.00000E+00 to  1.00000E-04.
 Iteration:  00000001   DeltaT:  1.000E-04   Iter/sec:  0.000E+00
 Timestep has changed from  1.00000E-04 to  2.55581E-06.
 Iteration:  00000002   DeltaT:  2.556E-06   Iter/sec:  6.681E-01
 Iteration:  00000003   DeltaT:  2.556E-06   Iter/sec:  7.536E-01
 Iteration:  00000004   DeltaT:  2.556E-06   Iter/sec:  8.422E-01
 Iteration:  00000005   DeltaT:  2.556E-06   Iter/sec:  8.410E-01
 Iteration:  00000006   DeltaT:  2.556E-06   Iter/sec:  8.429E-01
 Iteration:  00000007   DeltaT:  2.556E-06   Iter/sec:  8.430E-01
 Iteration:  00000008   DeltaT:  2.556E-06   Iter/sec:  8.418E-01
 Iteration:  00000009   DeltaT:  2.556E-06   Iter/sec:  8.433E-01
 Iteration:  00000010   DeltaT:  2.556E-06   Iter/sec:  8.376E-01
 Iteration:  00000011   DeltaT:  2.556E-06   Iter/sec:  8.465E-01
 Iteration:  00000012   DeltaT:  2.556E-06   Iter/sec:  8.366E-01
 Iteration:  00000013   DeltaT:  2.556E-06   Iter/sec:  8.460E-01
 Iteration:  00000014   DeltaT:  2.556E-06   Iter/sec:  8.453E-01
 Iteration:  00000015   DeltaT:  2.556E-06   Iter/sec:  8.420E-01
 Iteration:  00000016   DeltaT:  2.556E-06   Iter/sec:  8.355E-01
 Iteration:  00000017   DeltaT:  2.556E-06   Iter/sec:  8.375E-01
 Iteration:  00000018   DeltaT:  2.556E-06   Iter/sec:  8.380E-01
 Iteration:  00000019   DeltaT:  2.556E-06   Iter/sec:  8.426E-01
 Iteration:  00000020   DeltaT:  2.556E-06   Iter/sec:  8.472E-01
 Iteration:  00000021   DeltaT:  2.556E-06   Iter/sec:  8.372E-01
 Iteration:  00000022   DeltaT:  2.556E-06   Iter/sec:  8.418E-01
 Iteration:  00000023   DeltaT:  2.556E-06   Iter/sec:  8.359E-01
 Iteration:  00000024   DeltaT:  2.556E-06   Iter/sec:  8.401E-01
 Iteration:  00000025   DeltaT:  2.556E-06   Iter/sec:  8.419E-01
 Iteration:  00000026   DeltaT:  2.556E-06   Iter/sec:  8.466E-01
 Iteration:  00000027   DeltaT:  2.556E-06   Iter/sec:  8.415E-01
 Iteration:  00000028   DeltaT:  2.556E-06   Iter/sec:  8.396E-01
 Iteration:  00000029   DeltaT:  2.556E-06   Iter/sec:  8.464E-01
 Iteration:  00000030   DeltaT:  2.556E-06   Iter/sec:  8.413E-01
 Iteration:  00000031   DeltaT:  2.556E-06   Iter/sec:  8.446E-01
 Iteration:  00000032   DeltaT:  2.556E-06   Iter/sec:  8.364E-01
 Iteration:  00000033   DeltaT:  2.556E-06   Iter/sec:  8.451E-01
 Iteration:  00000034   DeltaT:  2.556E-06   Iter/sec:  8.374E-01
 Iteration:  00000035   DeltaT:  2.556E-06   Iter/sec:  8.462E-01
 Iteration:  00000036   DeltaT:  2.556E-06   Iter/sec:  8.431E-01
 Iteration:  00000037   DeltaT:  2.556E-06   Iter/sec:  8.389E-01
 Iteration:  00000038   DeltaT:  2.556E-06   Iter/sec:  8.380E-01
 Iteration:  00000039   DeltaT:  2.556E-06   Iter/sec:  8.382E-01
 Iteration:  00000040   DeltaT:  2.556E-06   Iter/sec:  8.413E-01
 Iteration:  00000041   DeltaT:  2.556E-06   Iter/sec:  8.381E-01
 Iteration:  00000042   DeltaT:  2.556E-06   Iter/sec:  8.444E-01
 Iteration:  00000043   DeltaT:  2.556E-06   Iter/sec:  8.430E-01
 Iteration:  00000044   DeltaT:  2.556E-06   Iter/sec:  8.372E-01
 Iteration:  00000045   DeltaT:  2.556E-06   Iter/sec:  8.414E-01
 Iteration:  00000046   DeltaT:  2.556E-06   Iter/sec:  8.436E-01
 Iteration:  00000047   DeltaT:  2.556E-06   Iter/sec:  8.435E-01
 Iteration:  00000048   DeltaT:  2.556E-06   Iter/sec:  8.437E-01
 Iteration:  00000049   DeltaT:  2.556E-06   Iter/sec:  8.419E-01
 Iteration:  00000050   DeltaT:  2.556E-06   Iter/sec:  8.369E-01


//////////////////////////////////////////////
   Measured Timings for Process 0  (seconds)

 Elapsed time:        60.1704
  Column time:         3.0729
     Row time:        24.4966
Legendre time:         7.6843
     FFT time:         3.8613
   Solve time:         1.3968
    rlma time:         1.1821
    rlmb time:         0.4289
  pspace time:         9.2347
  psolve time:         6.9614
    dphi time:         0.4825
captured time:        58.8016

     iter/sec:         0.8310
//////////////////////////////////////////////
