 //////////////////////////////////////
 Initializating Rayleigh...

 -- Initalizing MPI...
 ---- Specified parameters:
 ---- NCPU  :    128
 ---- NPROW :     16
 ---- NPCOL :      8
 -- MPI initialized.


 -- Initalizing Grid...
 ---- Specified parameters ----
 ---- N_R                 :    128
 ---- N_THETA             :    192
 ---- Ell_MAX             :    127
 ---- R_MIN               :  5.38462E-01
 ---- R_MAX               :  1.53846E+00
 ---- Chebyshev Domains   :      1

        Domain 1
          Grid points           :  128
          Dealiased Polynomials :  85
          Domain Lower Bound    :  5.38462E-01
          Domain Upper Bound    :  1.53846E+00

 -- Grid initialized.

 -- Initalizing Reference State...
 ---- Specified parameters:
 ---- Reference type           :  Boussinesq (Non-dimensional)
 ---- Rayleigh Number          :  1.00000E+05
 ---- Ekman Number             :  1.00000E-03
 ---- Prandtl Number           :  1.00000E+00
 ---- Magnetic Prandtl Number  :  5.00000E+00
 -- Reference State initialized.

 -- Initializing Fields...
 ---- Specified parameters:
 ---- Hydro Init Type    : Benchmark (Christensen et al. 2001)
 ---- Magnetic Init Type : Benchmark (Christensen et al. 2001)
 -- Fields initialized.

 Initialization Complete.
 //////////////////////////////////////

 Timestep has changed from  0.00000E+00 to  1.00000E-04.
 Iteration:  00000001   DeltaT:  1.000E-04   Iter/sec:  0.000E+00
 Timestep has changed from  1.00000E-04 to  2.55581E-06.
 Iteration:  00000002   DeltaT:  2.556E-06   Iter/sec:  3.407E+00
 Iteration:  00000003   DeltaT:  2.556E-06   Iter/sec:  4.554E+00
 Iteration:  00000004   DeltaT:  2.556E-06   Iter/sec:  7.971E+00
 Iteration:  00000005   DeltaT:  2.556E-06   Iter/sec:  7.555E+00
 Iteration:  00000006   DeltaT:  2.556E-06   Iter/sec:  7.892E+00
 Iteration:  00000007   DeltaT:  2.556E-06   Iter/sec:  7.595E+00
 Iteration:  00000008   DeltaT:  2.556E-06   Iter/sec:  7.931E+00
 Iteration:  00000009   DeltaT:  2.556E-06   Iter/sec:  8.157E+00
 Iteration:  00000010   DeltaT:  2.556E-06   Iter/sec:  8.035E+00
 Iteration:  00000011   DeltaT:  2.556E-06   Iter/sec:  8.091E+00
 Iteration:  00000012   DeltaT:  2.556E-06   Iter/sec:  7.653E+00
 Iteration:  00000013   DeltaT:  2.556E-06   Iter/sec:  8.062E+00
 Iteration:  00000014   DeltaT:  2.556E-06   Iter/sec:  6.971E+00
 Iteration:  00000015   DeltaT:  2.556E-06   Iter/sec:  7.849E+00
 Iteration:  00000016   DeltaT:  2.556E-06   Iter/sec:  7.995E+00
 Iteration:  00000017   DeltaT:  2.556E-06   Iter/sec:  8.129E+00
 Iteration:  00000018   DeltaT:  2.556E-06   Iter/sec:  7.872E+00
 Iteration:  00000019   DeltaT:  2.556E-06   Iter/sec:  8.081E+00
 Iteration:  00000020   DeltaT:  2.556E-06   Iter/sec:  8.002E+00
 Iteration:  00000021   DeltaT:  2.556E-06   Iter/sec:  8.120E+00
 Iteration:  00000022   DeltaT:  2.556E-06   Iter/sec:  8.023E+00
 Iteration:  00000023   DeltaT:  2.556E-06   Iter/sec:  7.811E+00
 Iteration:  00000024   DeltaT:  2.556E-06   Iter/sec:  8.028E+00
 Iteration:  00000025   DeltaT:  2.556E-06   Iter/sec:  8.005E+00
 Iteration:  00000026   DeltaT:  2.556E-06   Iter/sec:  7.556E+00
 Iteration:  00000027   DeltaT:  2.556E-06   Iter/sec:  7.955E+00
 Iteration:  00000028   DeltaT:  2.556E-06   Iter/sec:  8.039E+00
 Iteration:  00000029   DeltaT:  2.556E-06   Iter/sec:  8.268E+00
 Iteration:  00000030   DeltaT:  2.556E-06   Iter/sec:  8.081E+00
 Iteration:  00000031   DeltaT:  2.556E-06   Iter/sec:  8.313E+00
 Iteration:  00000032   DeltaT:  2.556E-06   Iter/sec:  7.727E+00
 Iteration:  00000033   DeltaT:  2.556E-06   Iter/sec:  7.988E+00
 Iteration:  00000034   DeltaT:  2.556E-06   Iter/sec:  8.392E+00
 Iteration:  00000035   DeltaT:  2.556E-06   Iter/sec:  8.146E+00
 Iteration:  00000036   DeltaT:  2.556E-06   Iter/sec:  7.584E+00
 Iteration:  00000037   DeltaT:  2.556E-06   Iter/sec:  8.084E+00
 Iteration:  00000038   DeltaT:  2.556E-06   Iter/sec:  8.050E+00
 Iteration:  00000039   DeltaT:  2.556E-06   Iter/sec:  8.321E+00
 Iteration:  00000040   DeltaT:  2.556E-06   Iter/sec:  8.168E+00
 Iteration:  00000041   DeltaT:  2.556E-06   Iter/sec:  8.247E+00
 Iteration:  00000042   DeltaT:  2.556E-06   Iter/sec:  8.101E+00
 Iteration:  00000043   DeltaT:  2.556E-06   Iter/sec:  8.398E+00
 Iteration:  00000044   DeltaT:  2.556E-06   Iter/sec:  8.123E+00
 Iteration:  00000045   DeltaT:  2.556E-06   Iter/sec:  8.068E+00
 Iteration:  00000046   DeltaT:  2.556E-06   Iter/sec:  8.250E+00
 Iteration:  00000047   DeltaT:  2.556E-06   Iter/sec:  8.228E+00
 Iteration:  00000048   DeltaT:  2.556E-06   Iter/sec:  8.455E+00
 Iteration:  00000049   DeltaT:  2.556E-06   Iter/sec:  7.840E+00
 Iteration:  00000050   DeltaT:  2.556E-06   Iter/sec:  8.408E+00


//////////////////////////////////////////////
   Measured Timings for Process 0  (seconds)

 Elapsed time:         6.7653
  Column time:         0.6804
     Row time:         2.0383
Legendre time:         0.7708
     FFT time:         0.4865
   Solve time:         0.4169
    rlma time:         0.0931
    rlmb time:         0.0330
  pspace time:         0.9604
  psolve time:         0.7847
    dphi time:         0.0653
captured time:         6.3292

     iter/sec:         7.3907
//////////////////////////////////////////////
