 //////////////////////////////////////
 Initializating Rayleigh...

 -- Initalizing MPI...
 ---- Specified parameters:
 ---- NCPU  :    128
 ---- NPROW :     16
 ---- NPCOL :      8
 -- MPI initialized.


 -- Initalizing Grid...
 ---- Specified parameters ----
 ---- N_R                 :    128
 ---- N_THETA             :    384
 ---- Ell_MAX             :    255
 ---- R_MIN               :  5.38462E-01
 ---- R_MAX               :  1.53846E+00
 ---- Chebyshev Domains   :      1

        Domain 1
          Grid points           :  128
          Dealiased Polynomials :  85
          Domain Lower Bound    :  5.38462E-01
          Domain Upper Bound    :  1.53846E+00

 -- Grid initialized.

 -- Initalizing Reference State...
 ---- Specified parameters:
 ---- Reference type           :  Boussinesq (Non-dimensional)
 ---- Rayleigh Number          :  1.00000E+05
 ---- Ekman Number             :  1.00000E-03
 ---- Prandtl Number           :  1.00000E+00
 ---- Magnetic Prandtl Number  :  5.00000E+00
 -- Reference State initialized.

 -- Initializing Fields...
 ---- Specified parameters:
 ---- Hydro Init Type    : Benchmark (Christensen et al. 2001)
 ---- Magnetic Init Type : Benchmark (Christensen et al. 2001)
 -- Fields initialized.

 Initialization Complete.
 //////////////////////////////////////

 Timestep has changed from  0.00000E+00 to  1.00000E-04.
 Iteration:  00000001   DeltaT:  1.000E-04   Iter/sec:  0.000E+00
 Timestep has changed from  1.00000E-04 to  2.55566E-06.
 Iteration:  00000002   DeltaT:  2.556E-06   Iter/sec:  1.060E+00
 Iteration:  00000003   DeltaT:  2.556E-06   Iter/sec:  1.357E+00
 Iteration:  00000004   DeltaT:  2.556E-06   Iter/sec:  1.708E+00
 Iteration:  00000005   DeltaT:  2.556E-06   Iter/sec:  1.716E+00
 Iteration:  00000006   DeltaT:  2.556E-06   Iter/sec:  1.686E+00
 Iteration:  00000007   DeltaT:  2.556E-06   Iter/sec:  1.714E+00
 Iteration:  00000008   DeltaT:  2.556E-06   Iter/sec:  1.721E+00
 Iteration:  00000009   DeltaT:  2.556E-06   Iter/sec:  1.710E+00
 Iteration:  00000010   DeltaT:  2.556E-06   Iter/sec:  1.701E+00
 Iteration:  00000011   DeltaT:  2.556E-06   Iter/sec:  1.716E+00
 Iteration:  00000012   DeltaT:  2.556E-06   Iter/sec:  1.704E+00
 Iteration:  00000013   DeltaT:  2.556E-06   Iter/sec:  1.741E+00
 Iteration:  00000014   DeltaT:  2.556E-06   Iter/sec:  1.701E+00
 Iteration:  00000015   DeltaT:  2.556E-06   Iter/sec:  1.702E+00
 Iteration:  00000016   DeltaT:  2.556E-06   Iter/sec:  1.795E+00
 Iteration:  00000017   DeltaT:  2.556E-06   Iter/sec:  1.708E+00
 Iteration:  00000018   DeltaT:  2.556E-06   Iter/sec:  1.690E+00
 Iteration:  00000019   DeltaT:  2.556E-06   Iter/sec:  1.748E+00
 Iteration:  00000020   DeltaT:  2.556E-06   Iter/sec:  1.713E+00
 Iteration:  00000021   DeltaT:  2.556E-06   Iter/sec:  1.716E+00
 Iteration:  00000022   DeltaT:  2.556E-06   Iter/sec:  1.696E+00
 Iteration:  00000023   DeltaT:  2.556E-06   Iter/sec:  1.741E+00
 Iteration:  00000024   DeltaT:  2.556E-06   Iter/sec:  1.712E+00
 Iteration:  00000025   DeltaT:  2.556E-06   Iter/sec:  1.733E+00
 Iteration:  00000026   DeltaT:  2.556E-06   Iter/sec:  1.680E+00
 Iteration:  00000027   DeltaT:  2.556E-06   Iter/sec:  1.719E+00
 Iteration:  00000028   DeltaT:  2.556E-06   Iter/sec:  1.713E+00
 Iteration:  00000029   DeltaT:  2.556E-06   Iter/sec:  1.735E+00
 Iteration:  00000030   DeltaT:  2.556E-06   Iter/sec:  1.684E+00
 Iteration:  00000031   DeltaT:  2.556E-06   Iter/sec:  1.756E+00
 Iteration:  00000032   DeltaT:  2.556E-06   Iter/sec:  1.681E+00
 Iteration:  00000033   DeltaT:  2.556E-06   Iter/sec:  1.717E+00
 Iteration:  00000034   DeltaT:  2.556E-06   Iter/sec:  1.745E+00
 Iteration:  00000035   DeltaT:  2.556E-06   Iter/sec:  1.754E+00
 Iteration:  00000036   DeltaT:  2.556E-06   Iter/sec:  1.699E+00
 Iteration:  00000037   DeltaT:  2.556E-06   Iter/sec:  1.726E+00
 Iteration:  00000038   DeltaT:  2.556E-06   Iter/sec:  1.737E+00
 Iteration:  00000039   DeltaT:  2.556E-06   Iter/sec:  1.686E+00
 Iteration:  00000040   DeltaT:  2.556E-06   Iter/sec:  1.693E+00
 Iteration:  00000041   DeltaT:  2.556E-06   Iter/sec:  1.709E+00
 Iteration:  00000042   DeltaT:  2.556E-06   Iter/sec:  1.688E+00
 Iteration:  00000043   DeltaT:  2.556E-06   Iter/sec:  1.745E+00
 Iteration:  00000044   DeltaT:  2.556E-06   Iter/sec:  1.712E+00
 Iteration:  00000045   DeltaT:  2.556E-06   Iter/sec:  1.744E+00
 Iteration:  00000046   DeltaT:  2.556E-06   Iter/sec:  1.691E+00
 Iteration:  00000047   DeltaT:  2.556E-06   Iter/sec:  1.706E+00
 Iteration:  00000048   DeltaT:  2.556E-06   Iter/sec:  1.700E+00
 Iteration:  00000049   DeltaT:  2.556E-06   Iter/sec:  1.721E+00
 Iteration:  00000050   DeltaT:  2.556E-06   Iter/sec:  1.704E+00


//////////////////////////////////////////////
   Measured Timings for Process 0  (seconds)

 Elapsed time:        30.2851
  Column time:         3.9119
     Row time:         9.3469
Legendre time:         3.9967
     FFT time:         2.0039
   Solve time:         1.0016
    rlma time:         0.5356
    rlmb time:         0.1993
  pspace time:         4.2844
  psolve time:         3.5260
    dphi time:         0.1923
captured time:        28.9985

     iter/sec:         1.6510
//////////////////////////////////////////////
