 //////////////////////////////////////
 Initializating Rayleigh...

 -- Initalizing MPI...
 ---- Specified parameters:
 ---- NCPU  :   1024
 ---- NPROW :     32
 ---- NPCOL :     32
 -- MPI initialized.


 -- Initalizing Grid...
 ---- Specified parameters ----
 ---- N_R                 :     64
 ---- N_THETA             :    192
 ---- Ell_MAX             :    127
 ---- R_MIN               :  5.38462E-01
 ---- R_MAX               :  1.53846E+00
 ---- Chebyshev Domains   :      1

        Domain 1
          Grid points           :  64
          Dealiased Polynomials :  42
          Domain Lower Bound    :  5.38462E-01
          Domain Upper Bound    :  1.53846E+00

 -- Grid initialized.

 -- Initalizing Reference State...
 ---- Specified parameters:
 ---- Reference type           :  Boussinesq (Non-dimensional)
 ---- Rayleigh Number          :  1.00000E+05
 ---- Ekman Number             :  1.00000E-03
 ---- Prandtl Number           :  1.00000E+00
 ---- Magnetic Prandtl Number  :  5.00000E+00
 -- Reference State initialized.

 -- Initializing Fields...
 ---- Specified parameters:
 ---- Hydro Init Type    : Benchmark (Christensen et al. 2001)
 ---- Magnetic Init Type : Benchmark (Christensen et al. 2001)
 -- Fields initialized.

 Initialization Complete.
 //////////////////////////////////////

 Timestep has changed from  0.00000E+00 to  1.00000E-04.
 Iteration:  00000001   DeltaT:  1.000E-04   Iter/sec:  0.000E+00
 Timestep has changed from  1.00000E-04 to  1.02217E-05.
 Iteration:  00000002   DeltaT:  1.022E-05   Iter/sec:  1.016E+01
 Iteration:  00000003   DeltaT:  1.022E-05   Iter/sec:  8.384E+01
 Iteration:  00000004   DeltaT:  1.022E-05   Iter/sec:  1.335E+02
 Iteration:  00000005   DeltaT:  1.022E-05   Iter/sec:  1.138E+02
 Iteration:  00000006   DeltaT:  1.022E-05   Iter/sec:  1.373E+02
 Iteration:  00000007   DeltaT:  1.022E-05   Iter/sec:  1.298E+02
 Iteration:  00000008   DeltaT:  1.022E-05   Iter/sec:  1.219E+02
 Iteration:  00000009   DeltaT:  1.022E-05   Iter/sec:  1.411E+02
 Iteration:  00000010   DeltaT:  1.022E-05   Iter/sec:  1.334E+02
 Iteration:  00000011   DeltaT:  1.022E-05   Iter/sec:  1.180E+02
 Iteration:  00000012   DeltaT:  1.022E-05   Iter/sec:  1.375E+02
 Iteration:  00000013   DeltaT:  1.022E-05   Iter/sec:  1.387E+02
 Iteration:  00000014   DeltaT:  1.022E-05   Iter/sec:  1.209E+02
 Iteration:  00000015   DeltaT:  1.022E-05   Iter/sec:  1.160E+02
 Iteration:  00000016   DeltaT:  1.022E-05   Iter/sec:  1.312E+02
 Iteration:  00000017   DeltaT:  1.022E-05   Iter/sec:  1.414E+02
 Iteration:  00000018   DeltaT:  1.022E-05   Iter/sec:  1.447E+02
 Iteration:  00000019   DeltaT:  1.022E-05   Iter/sec:  1.272E+02
 Iteration:  00000020   DeltaT:  1.022E-05   Iter/sec:  1.367E+02
 Iteration:  00000021   DeltaT:  1.022E-05   Iter/sec:  1.421E+02
 Iteration:  00000022   DeltaT:  1.022E-05   Iter/sec:  1.373E+02
 Iteration:  00000023   DeltaT:  1.022E-05   Iter/sec:  1.393E+02
 Iteration:  00000024   DeltaT:  1.022E-05   Iter/sec:  1.235E+02
 Iteration:  00000025   DeltaT:  1.022E-05   Iter/sec:  1.163E+02
 Iteration:  00000026   DeltaT:  1.022E-05   Iter/sec:  1.292E+02
 Iteration:  00000027   DeltaT:  1.022E-05   Iter/sec:  1.515E+02
 Iteration:  00000028   DeltaT:  1.022E-05   Iter/sec:  1.314E+02
 Iteration:  00000029   DeltaT:  1.022E-05   Iter/sec:  1.420E+02
 Iteration:  00000030   DeltaT:  1.022E-05   Iter/sec:  1.397E+02
 Iteration:  00000031   DeltaT:  1.022E-05   Iter/sec:  1.369E+02
 Iteration:  00000032   DeltaT:  1.022E-05   Iter/sec:  1.339E+02
 Iteration:  00000033   DeltaT:  1.022E-05   Iter/sec:  1.218E+02
 Iteration:  00000034   DeltaT:  1.022E-05   Iter/sec:  1.151E+02
 Iteration:  00000035   DeltaT:  1.022E-05   Iter/sec:  1.448E+02
 Iteration:  00000036   DeltaT:  1.022E-05   Iter/sec:  1.279E+02
 Iteration:  00000037   DeltaT:  1.022E-05   Iter/sec:  1.376E+02
 Iteration:  00000038   DeltaT:  1.022E-05   Iter/sec:  1.313E+02
 Iteration:  00000039   DeltaT:  1.022E-05   Iter/sec:  1.247E+02
 Iteration:  00000040   DeltaT:  1.022E-05   Iter/sec:  1.146E+02
 Iteration:  00000041   DeltaT:  1.022E-05   Iter/sec:  1.285E+02
 Iteration:  00000042   DeltaT:  1.022E-05   Iter/sec:  1.384E+02
 Iteration:  00000043   DeltaT:  1.022E-05   Iter/sec:  1.233E+02
 Iteration:  00000044   DeltaT:  1.022E-05   Iter/sec:  1.148E+02
 Iteration:  00000045   DeltaT:  1.022E-05   Iter/sec:  1.301E+02
 Iteration:  00000046   DeltaT:  1.022E-05   Iter/sec:  1.218E+02
 Iteration:  00000047   DeltaT:  1.022E-05   Iter/sec:  1.188E+02
 Iteration:  00000048   DeltaT:  1.022E-05   Iter/sec:  1.169E+02
 Iteration:  00000049   DeltaT:  1.022E-05   Iter/sec:  1.229E+02
 Iteration:  00000050   DeltaT:  1.022E-05   Iter/sec:  1.280E+02


//////////////////////////////////////////////
   Measured Timings for Process 0  (seconds)

 Elapsed time:         1.4661
  Column time:         0.1621
     Row time:         0.0970
Legendre time:         0.0246
     FFT time:         0.0172
   Solve time:         0.0367
    rlma time:         0.0072
    rlmb time:         0.0034
  pspace time:         0.0099
  psolve time:         0.0320
    dphi time:         0.0011
captured time:         0.3913

     iter/sec:        34.1034
//////////////////////////////////////////////
