 //////////////////////////////////////
 Initializating Rayleigh...

 -- Initalizing MPI...
 ---- Specified parameters:
 ---- NCPU  :   1024
 ---- NPROW :     32
 ---- NPCOL :     32
 -- MPI initialized.


 -- Initalizing Grid...
 ---- Specified parameters ----
 ---- N_R                 :     64
 ---- N_THETA             :    384
 ---- Ell_MAX             :    255
 ---- R_MIN               :  5.38462E-01
 ---- R_MAX               :  1.53846E+00
 ---- Chebyshev Domains   :      1

        Domain 1
          Grid points           :  64
          Dealiased Polynomials :  42
          Domain Lower Bound    :  5.38462E-01
          Domain Upper Bound    :  1.53846E+00

 -- Grid initialized.

 -- Initalizing Reference State...
 ---- Specified parameters:
 ---- Reference type           :  Boussinesq (Non-dimensional)
 ---- Rayleigh Number          :  1.00000E+05
 ---- Ekman Number             :  1.00000E-03
 ---- Prandtl Number           :  1.00000E+00
 ---- Magnetic Prandtl Number  :  5.00000E+00
 -- Reference State initialized.

 -- Initializing Fields...
 ---- Specified parameters:
 ---- Hydro Init Type    : Benchmark (Christensen et al. 2001)
 ---- Magnetic Init Type : Benchmark (Christensen et al. 2001)
 -- Fields initialized.

 Initialization Complete.
 //////////////////////////////////////

 Timestep has changed from  0.00000E+00 to  1.00000E-04.
 Iteration:  00000001   DeltaT:  1.000E-04   Iter/sec:  0.000E+00
 Timestep has changed from  1.00000E-04 to  1.02211E-05.
 Iteration:  00000002   DeltaT:  1.022E-05   Iter/sec:  6.015E-01
 Iteration:  00000003   DeltaT:  1.022E-05   Iter/sec:  2.479E+01
 Iteration:  00000004   DeltaT:  1.022E-05   Iter/sec:  2.876E+01
 Iteration:  00000005   DeltaT:  1.022E-05   Iter/sec:  2.915E+01
 Iteration:  00000006   DeltaT:  1.022E-05   Iter/sec:  2.645E+01
 Iteration:  00000007   DeltaT:  1.022E-05   Iter/sec:  2.927E+01
 Iteration:  00000008   DeltaT:  1.022E-05   Iter/sec:  2.645E+01
 Iteration:  00000009   DeltaT:  1.022E-05   Iter/sec:  2.664E+01
 Iteration:  00000010   DeltaT:  1.022E-05   Iter/sec:  2.480E+01
 Iteration:  00000011   DeltaT:  1.022E-05   Iter/sec:  2.850E+01
 Iteration:  00000012   DeltaT:  1.022E-05   Iter/sec:  3.011E+01
 Iteration:  00000013   DeltaT:  1.022E-05   Iter/sec:  2.750E+01
 Iteration:  00000014   DeltaT:  1.022E-05   Iter/sec:  2.868E+01
 Iteration:  00000015   DeltaT:  1.022E-05   Iter/sec:  2.777E+01
 Iteration:  00000016   DeltaT:  1.022E-05   Iter/sec:  2.867E+01
 Iteration:  00000017   DeltaT:  1.022E-05   Iter/sec:  3.041E+01
 Iteration:  00000018   DeltaT:  1.022E-05   Iter/sec:  2.846E+01
 Iteration:  00000019   DeltaT:  1.022E-05   Iter/sec:  2.975E+01
 Iteration:  00000020   DeltaT:  1.022E-05   Iter/sec:  2.905E+01
 Iteration:  00000021   DeltaT:  1.022E-05   Iter/sec:  2.879E+01
 Iteration:  00000022   DeltaT:  1.022E-05   Iter/sec:  2.857E+01
 Iteration:  00000023   DeltaT:  1.022E-05   Iter/sec:  2.909E+01
 Iteration:  00000024   DeltaT:  1.022E-05   Iter/sec:  2.992E+01
 Iteration:  00000025   DeltaT:  1.022E-05   Iter/sec:  2.908E+01
 Iteration:  00000026   DeltaT:  1.022E-05   Iter/sec:  2.990E+01
 Iteration:  00000027   DeltaT:  1.022E-05   Iter/sec:  2.886E+01
 Iteration:  00000028   DeltaT:  1.022E-05   Iter/sec:  3.057E+01
 Iteration:  00000029   DeltaT:  1.022E-05   Iter/sec:  2.935E+01
 Iteration:  00000030   DeltaT:  1.022E-05   Iter/sec:  2.965E+01
 Iteration:  00000031   DeltaT:  1.022E-05   Iter/sec:  2.929E+01
 Iteration:  00000032   DeltaT:  1.022E-05   Iter/sec:  2.942E+01
 Iteration:  00000033   DeltaT:  1.022E-05   Iter/sec:  2.820E+01
 Iteration:  00000034   DeltaT:  1.022E-05   Iter/sec:  2.788E+01
 Iteration:  00000035   DeltaT:  1.022E-05   Iter/sec:  2.805E+01
 Iteration:  00000036   DeltaT:  1.022E-05   Iter/sec:  2.626E+01
 Iteration:  00000037   DeltaT:  1.022E-05   Iter/sec:  2.795E+01
 Iteration:  00000038   DeltaT:  1.022E-05   Iter/sec:  2.621E+01
 Iteration:  00000039   DeltaT:  1.022E-05   Iter/sec:  2.820E+01
 Iteration:  00000040   DeltaT:  1.022E-05   Iter/sec:  2.934E+01
 Iteration:  00000041   DeltaT:  1.022E-05   Iter/sec:  2.675E+01
 Iteration:  00000042   DeltaT:  1.022E-05   Iter/sec:  2.959E+01
 Iteration:  00000043   DeltaT:  1.022E-05   Iter/sec:  2.787E+01
 Iteration:  00000044   DeltaT:  1.022E-05   Iter/sec:  2.915E+01
 Iteration:  00000045   DeltaT:  1.022E-05   Iter/sec:  2.943E+01
 Iteration:  00000046   DeltaT:  1.022E-05   Iter/sec:  2.914E+01
 Iteration:  00000047   DeltaT:  1.022E-05   Iter/sec:  3.008E+01
 Iteration:  00000048   DeltaT:  1.022E-05   Iter/sec:  2.888E+01
 Iteration:  00000049   DeltaT:  1.022E-05   Iter/sec:  2.696E+01
 Iteration:  00000050   DeltaT:  1.022E-05   Iter/sec:  3.010E+01


//////////////////////////////////////////////
   Measured Timings for Process 0  (seconds)

 Elapsed time:         4.9751
  Column time:         0.7234
     Row time:         0.4472
Legendre time:         0.1579
     FFT time:         0.1010
   Solve time:         0.0680
    rlma time:         0.0264
    rlmb time:         0.0111
  pspace time:         0.1124
  psolve time:         0.1000
    dphi time:         0.0089
captured time:         1.7562

     iter/sec:        10.0500
//////////////////////////////////////////////
