 //////////////////////////////////////
 Initializating Rayleigh...

 -- Initalizing MPI...
 ---- Specified parameters:
 ---- NCPU  :    512
 ---- NPROW :     32
 ---- NPCOL :     16
 -- MPI initialized.


 -- Initalizing Grid...
 ---- Specified parameters ----
 ---- N_R                 :    128
 ---- N_THETA             :   1536
 ---- Ell_MAX             :   1023
 ---- R_MIN               :  5.38462E-01
 ---- R_MAX               :  1.53846E+00
 ---- Chebyshev Domains   :      1

        Domain 1
          Grid points           :  128
          Dealiased Polynomials :  85
          Domain Lower Bound    :  5.38462E-01
          Domain Upper Bound    :  1.53846E+00

 -- Grid initialized.

 -- Initalizing Reference State...
 ---- Specified parameters:
 ---- Reference type           :  Boussinesq (Non-dimensional)
 ---- Rayleigh Number          :  1.00000E+05
 ---- Ekman Number             :  1.00000E-03
 ---- Prandtl Number           :  1.00000E+00
 ---- Magnetic Prandtl Number  :  5.00000E+00
 -- Reference State initialized.

 -- Initializing Fields...
 ---- Specified parameters:
 ---- Hydro Init Type    : Benchmark (Christensen et al. 2001)
 ---- Magnetic Init Type : Benchmark (Christensen et al. 2001)
 -- Fields initialized.

 Initialization Complete.
 //////////////////////////////////////

 Timestep has changed from  0.00000E+00 to  1.00000E-04.
 Iteration:  00000001   DeltaT:  1.000E-04   Iter/sec:  0.000E+00
 Timestep has changed from  1.00000E-04 to  2.55561E-06.
 Iteration:  00000002   DeltaT:  2.556E-06   Iter/sec:  1.392E-01
 Iteration:  00000003   DeltaT:  2.556E-06   Iter/sec:  2.997E-01
 Iteration:  00000004   DeltaT:  2.556E-06   Iter/sec:  3.250E-01
 Iteration:  00000005   DeltaT:  2.556E-06   Iter/sec:  3.235E-01
 Iteration:  00000006   DeltaT:  2.556E-06   Iter/sec:  3.241E-01
 Iteration:  00000007   DeltaT:  2.556E-06   Iter/sec:  3.295E-01
 Iteration:  00000008   DeltaT:  2.556E-06   Iter/sec:  3.269E-01
 Iteration:  00000009   DeltaT:  2.556E-06   Iter/sec:  3.268E-01
 Iteration:  00000010   DeltaT:  2.556E-06   Iter/sec:  3.275E-01
 Iteration:  00000011   DeltaT:  2.556E-06   Iter/sec:  3.256E-01
 Iteration:  00000012   DeltaT:  2.556E-06   Iter/sec:  3.281E-01
 Iteration:  00000013   DeltaT:  2.556E-06   Iter/sec:  3.266E-01
 Iteration:  00000014   DeltaT:  2.556E-06   Iter/sec:  3.261E-01
 Iteration:  00000015   DeltaT:  2.556E-06   Iter/sec:  3.258E-01
 Iteration:  00000016   DeltaT:  2.556E-06   Iter/sec:  3.299E-01
 Iteration:  00000017   DeltaT:  2.556E-06   Iter/sec:  3.226E-01
 Iteration:  00000018   DeltaT:  2.556E-06   Iter/sec:  3.324E-01
 Iteration:  00000019   DeltaT:  2.556E-06   Iter/sec:  3.180E-01
 Iteration:  00000020   DeltaT:  2.556E-06   Iter/sec:  3.331E-01
 Iteration:  00000021   DeltaT:  2.556E-06   Iter/sec:  3.253E-01
 Iteration:  00000022   DeltaT:  2.556E-06   Iter/sec:  3.313E-01
 Iteration:  00000023   DeltaT:  2.556E-06   Iter/sec:  3.213E-01
 Iteration:  00000024   DeltaT:  2.556E-06   Iter/sec:  3.256E-01
 Iteration:  00000025   DeltaT:  2.556E-06   Iter/sec:  3.264E-01
 Iteration:  00000026   DeltaT:  2.556E-06   Iter/sec:  3.301E-01
 Iteration:  00000027   DeltaT:  2.556E-06   Iter/sec:  3.218E-01
 Iteration:  00000028   DeltaT:  2.556E-06   Iter/sec:  3.319E-01
 Iteration:  00000029   DeltaT:  2.556E-06   Iter/sec:  3.238E-01
 Iteration:  00000030   DeltaT:  2.556E-06   Iter/sec:  3.349E-01
 Iteration:  00000031   DeltaT:  2.556E-06   Iter/sec:  3.216E-01
 Iteration:  00000032   DeltaT:  2.556E-06   Iter/sec:  3.215E-01
 Iteration:  00000033   DeltaT:  2.556E-06   Iter/sec:  3.245E-01
 Iteration:  00000034   DeltaT:  2.556E-06   Iter/sec:  3.321E-01
 Iteration:  00000035   DeltaT:  2.556E-06   Iter/sec:  3.217E-01
 Iteration:  00000036   DeltaT:  2.556E-06   Iter/sec:  3.211E-01
 Iteration:  00000037   DeltaT:  2.556E-06   Iter/sec:  3.215E-01
 Iteration:  00000038   DeltaT:  2.556E-06   Iter/sec:  3.318E-01
 Iteration:  00000039   DeltaT:  2.556E-06   Iter/sec:  3.254E-01
 Iteration:  00000040   DeltaT:  2.556E-06   Iter/sec:  3.200E-01
 Iteration:  00000041   DeltaT:  2.556E-06   Iter/sec:  3.263E-01
 Iteration:  00000042   DeltaT:  2.556E-06   Iter/sec:  3.248E-01
 Iteration:  00000043   DeltaT:  2.556E-06   Iter/sec:  3.224E-01
 Iteration:  00000044   DeltaT:  2.556E-06   Iter/sec:  3.317E-01
 Iteration:  00000045   DeltaT:  2.556E-06   Iter/sec:  3.224E-01
 Iteration:  00000046   DeltaT:  2.556E-06   Iter/sec:  3.266E-01
 Iteration:  00000047   DeltaT:  2.556E-06   Iter/sec:  3.245E-01
 Iteration:  00000048   DeltaT:  2.556E-06   Iter/sec:  3.331E-01
 Iteration:  00000049   DeltaT:  2.556E-06   Iter/sec:  3.220E-01
 Iteration:  00000050   DeltaT:  2.556E-06   Iter/sec:  3.321E-01


//////////////////////////////////////////////
   Measured Timings for Process 0  (seconds)

 Elapsed time:       167.5270
  Column time:        35.2654
     Row time:        45.7751
Legendre time:        27.2982
     FFT time:         8.0081
   Solve time:         2.6342
    rlma time:         2.8773
    rlmb time:         1.4136
  pspace time:        14.8413
  psolve time:        13.3524
    dphi time:         0.4897
captured time:       151.9554

     iter/sec:         0.2985
//////////////////////////////////////////////
