 //////////////////////////////////////
 Initializating Rayleigh...

 -- Initalizing MPI...
 ---- Specified parameters:
 ---- NCPU  :    256
 ---- NPROW :     16
 ---- NPCOL :     16
 -- MPI initialized.


 -- Initalizing Grid...
 ---- Specified parameters ----
 ---- N_R                 :    128
 ---- N_THETA             :   1536
 ---- Ell_MAX             :   1023
 ---- R_MIN               :  5.38462E-01
 ---- R_MAX               :  1.53846E+00
 ---- Chebyshev Domains   :      1

        Domain 1
          Grid points           :  128
          Dealiased Polynomials :  85
          Domain Lower Bound    :  5.38462E-01
          Domain Upper Bound    :  1.53846E+00

 -- Grid initialized.

 -- Initalizing Reference State...
 ---- Specified parameters:
 ---- Reference type           :  Boussinesq (Non-dimensional)
 ---- Rayleigh Number          :  1.00000E+05
 ---- Ekman Number             :  1.00000E-03
 ---- Prandtl Number           :  1.00000E+00
 ---- Magnetic Prandtl Number  :  5.00000E+00
 -- Reference State initialized.

 -- Initializing Fields...
 ---- Specified parameters:
 ---- Hydro Init Type    : Benchmark (Christensen et al. 2001)
 ---- Magnetic Init Type : Benchmark (Christensen et al. 2001)
 -- Fields initialized.

 Initialization Complete.
 //////////////////////////////////////

 Timestep has changed from  0.00000E+00 to  1.00000E-04.
 Iteration:  00000001   DeltaT:  1.000E-04   Iter/sec:  0.000E+00
 Timestep has changed from  1.00000E-04 to  2.55561E-06.
 Iteration:  00000002   DeltaT:  2.556E-06   Iter/sec:  7.617E-02
 Iteration:  00000003   DeltaT:  2.556E-06   Iter/sec:  1.634E-01
 Iteration:  00000004   DeltaT:  2.556E-06   Iter/sec:  1.714E-01
 Iteration:  00000005   DeltaT:  2.556E-06   Iter/sec:  1.701E-01
 Iteration:  00000006   DeltaT:  2.556E-06   Iter/sec:  1.726E-01
 Iteration:  00000007   DeltaT:  2.556E-06   Iter/sec:  1.706E-01
 Iteration:  00000008   DeltaT:  2.556E-06   Iter/sec:  1.743E-01
 Iteration:  00000009   DeltaT:  2.556E-06   Iter/sec:  1.690E-01
 Iteration:  00000010   DeltaT:  2.556E-06   Iter/sec:  1.720E-01
 Iteration:  00000011   DeltaT:  2.556E-06   Iter/sec:  1.700E-01
 Iteration:  00000012   DeltaT:  2.556E-06   Iter/sec:  1.728E-01
 Iteration:  00000013   DeltaT:  2.556E-06   Iter/sec:  1.709E-01
 Iteration:  00000014   DeltaT:  2.556E-06   Iter/sec:  1.709E-01
 Iteration:  00000015   DeltaT:  2.556E-06   Iter/sec:  1.738E-01
 Iteration:  00000016   DeltaT:  2.556E-06   Iter/sec:  1.711E-01
 Iteration:  00000017   DeltaT:  2.556E-06   Iter/sec:  1.701E-01
 Iteration:  00000018   DeltaT:  2.556E-06   Iter/sec:  1.708E-01
 Iteration:  00000019   DeltaT:  2.556E-06   Iter/sec:  1.714E-01
 Iteration:  00000020   DeltaT:  2.556E-06   Iter/sec:  1.720E-01
 Iteration:  00000021   DeltaT:  2.556E-06   Iter/sec:  1.699E-01
 Iteration:  00000022   DeltaT:  2.556E-06   Iter/sec:  1.726E-01
 Iteration:  00000023   DeltaT:  2.556E-06   Iter/sec:  1.721E-01
 Iteration:  00000024   DeltaT:  2.556E-06   Iter/sec:  1.710E-01
 Iteration:  00000025   DeltaT:  2.556E-06   Iter/sec:  1.717E-01
 Iteration:  00000026   DeltaT:  2.556E-06   Iter/sec:  1.721E-01
 Iteration:  00000027   DeltaT:  2.556E-06   Iter/sec:  1.723E-01
 Iteration:  00000028   DeltaT:  2.556E-06   Iter/sec:  1.706E-01
 Iteration:  00000029   DeltaT:  2.556E-06   Iter/sec:  1.715E-01
 Iteration:  00000030   DeltaT:  2.556E-06   Iter/sec:  1.713E-01
 Iteration:  00000031   DeltaT:  2.556E-06   Iter/sec:  1.708E-01
 Iteration:  00000032   DeltaT:  2.556E-06   Iter/sec:  1.723E-01
 Iteration:  00000033   DeltaT:  2.556E-06   Iter/sec:  1.722E-01
 Iteration:  00000034   DeltaT:  2.556E-06   Iter/sec:  1.696E-01
 Iteration:  00000035   DeltaT:  2.556E-06   Iter/sec:  1.706E-01
 Iteration:  00000036   DeltaT:  2.556E-06   Iter/sec:  1.714E-01
 Iteration:  00000037   DeltaT:  2.556E-06   Iter/sec:  1.705E-01
 Iteration:  00000038   DeltaT:  2.556E-06   Iter/sec:  1.731E-01
 Iteration:  00000039   DeltaT:  2.556E-06   Iter/sec:  1.715E-01
 Iteration:  00000040   DeltaT:  2.556E-06   Iter/sec:  1.706E-01
 Iteration:  00000041   DeltaT:  2.556E-06   Iter/sec:  1.709E-01
 Iteration:  00000042   DeltaT:  2.556E-06   Iter/sec:  1.716E-01
 Iteration:  00000043   DeltaT:  2.556E-06   Iter/sec:  1.738E-01
 Iteration:  00000044   DeltaT:  2.556E-06   Iter/sec:  1.704E-01
 Iteration:  00000045   DeltaT:  2.556E-06   Iter/sec:  1.717E-01
 Iteration:  00000046   DeltaT:  2.556E-06   Iter/sec:  1.709E-01
 Iteration:  00000047   DeltaT:  2.556E-06   Iter/sec:  1.735E-01
 Iteration:  00000048   DeltaT:  2.556E-06   Iter/sec:  1.714E-01
 Iteration:  00000049   DeltaT:  2.556E-06   Iter/sec:  1.715E-01
 Iteration:  00000050   DeltaT:  2.556E-06   Iter/sec:  1.710E-01


//////////////////////////////////////////////
   Measured Timings for Process 0  (seconds)

 Elapsed time:       305.5205
  Column time:        42.6756
     Row time:        94.6546
Legendre time:        56.0880
     FFT time:        16.6627
   Solve time:         4.2786
    rlma time:         7.2414
    rlmb time:         3.0069
  pspace time:        35.1037
  psolve time:        26.2437
    dphi time:         1.9967
captured time:       287.9520

     iter/sec:         0.1637
//////////////////////////////////////////////
