 //////////////////////////////////////
 Initializating Rayleigh...

 -- Initalizing MPI...
 ---- Specified parameters:
 ---- NCPU  :   2048
 ---- NPROW :     64
 ---- NPCOL :     32
 -- MPI initialized.


 -- Initalizing Grid...
 ---- Specified parameters ----
 ---- N_R                 :     64
 ---- N_THETA             :    768
 ---- Ell_MAX             :    511
 ---- R_MIN               :  5.38462E-01
 ---- R_MAX               :  1.53846E+00
 ---- Chebyshev Domains   :      1

        Domain 1
          Grid points           :  64
          Dealiased Polynomials :  42
          Domain Lower Bound    :  5.38462E-01
          Domain Upper Bound    :  1.53846E+00

 -- Grid initialized.

 -- Initalizing Reference State...
 ---- Specified parameters:
 ---- Reference type           :  Boussinesq (Non-dimensional)
 ---- Rayleigh Number          :  1.00000E+05
 ---- Ekman Number             :  1.00000E-03
 ---- Prandtl Number           :  1.00000E+00
 ---- Magnetic Prandtl Number  :  5.00000E+00
 -- Reference State initialized.

 -- Initializing Fields...
 ---- Specified parameters:
 ---- Hydro Init Type    : Benchmark (Christensen et al. 2001)
 ---- Magnetic Init Type : Benchmark (Christensen et al. 2001)
 -- Fields initialized.

 Initialization Complete.
 //////////////////////////////////////

 Timestep has changed from  0.00000E+00 to  1.00000E-04.
 Iteration:  00000001   DeltaT:  1.000E-04   Iter/sec:  0.000E+00
 Timestep has changed from  1.00000E-04 to  8.93257E-06.
 Iteration:  00000002   DeltaT:  8.933E-06   Iter/sec:  1.576E+00
 Iteration:  00000003   DeltaT:  8.933E-06   Iter/sec:  7.964E+00
 Iteration:  00000004   DeltaT:  8.933E-06   Iter/sec:  9.867E+00
 Iteration:  00000005   DeltaT:  8.933E-06   Iter/sec:  9.593E+00
 Iteration:  00000006   DeltaT:  8.933E-06   Iter/sec:  9.391E+00
 Iteration:  00000007   DeltaT:  8.933E-06   Iter/sec:  9.888E+00
 Iteration:  00000008   DeltaT:  8.933E-06   Iter/sec:  1.104E+01
 Iteration:  00000009   DeltaT:  8.933E-06   Iter/sec:  9.747E+00
 Iteration:  00000010   DeltaT:  8.933E-06   Iter/sec:  9.956E+00
 Iteration:  00000011   DeltaT:  8.933E-06   Iter/sec:  1.002E+01
 Iteration:  00000012   DeltaT:  8.933E-06   Iter/sec:  1.011E+01
 Iteration:  00000013   DeltaT:  8.933E-06   Iter/sec:  9.205E+00
 Iteration:  00000014   DeltaT:  8.933E-06   Iter/sec:  1.002E+01
 Iteration:  00000015   DeltaT:  8.933E-06   Iter/sec:  1.003E+01
 Iteration:  00000016   DeltaT:  8.933E-06   Iter/sec:  9.657E+00
 Iteration:  00000017   DeltaT:  8.933E-06   Iter/sec:  9.677E+00
 Iteration:  00000018   DeltaT:  8.933E-06   Iter/sec:  1.073E+01
 Iteration:  00000019   DeltaT:  8.933E-06   Iter/sec:  9.155E+00
 Iteration:  00000020   DeltaT:  8.933E-06   Iter/sec:  1.054E+01
 Iteration:  00000021   DeltaT:  8.933E-06   Iter/sec:  9.760E+00
 Iteration:  00000022   DeltaT:  8.933E-06   Iter/sec:  1.083E+01
 Iteration:  00000023   DeltaT:  8.933E-06   Iter/sec:  9.767E+00
 Iteration:  00000024   DeltaT:  8.933E-06   Iter/sec:  1.032E+01
 Iteration:  00000025   DeltaT:  8.933E-06   Iter/sec:  1.016E+01
 Iteration:  00000026   DeltaT:  8.933E-06   Iter/sec:  1.005E+01
 Iteration:  00000027   DeltaT:  8.933E-06   Iter/sec:  9.693E+00
 Iteration:  00000028   DeltaT:  8.933E-06   Iter/sec:  9.798E+00
 Iteration:  00000029   DeltaT:  8.933E-06   Iter/sec:  9.002E+00
 Iteration:  00000030   DeltaT:  8.933E-06   Iter/sec:  1.079E+01
 Iteration:  00000031   DeltaT:  8.933E-06   Iter/sec:  9.970E+00
 Iteration:  00000032   DeltaT:  8.933E-06   Iter/sec:  1.053E+01
 Iteration:  00000033   DeltaT:  8.933E-06   Iter/sec:  9.926E+00
 Iteration:  00000034   DeltaT:  8.933E-06   Iter/sec:  1.008E+01
 Iteration:  00000035   DeltaT:  8.933E-06   Iter/sec:  1.002E+01
 Iteration:  00000036   DeltaT:  8.933E-06   Iter/sec:  1.007E+01
 Iteration:  00000037   DeltaT:  8.933E-06   Iter/sec:  1.057E+01
 Iteration:  00000038   DeltaT:  8.933E-06   Iter/sec:  9.957E+00
 Iteration:  00000039   DeltaT:  8.933E-06   Iter/sec:  9.974E+00
 Iteration:  00000040   DeltaT:  8.933E-06   Iter/sec:  1.038E+01
 Iteration:  00000041   DeltaT:  8.933E-06   Iter/sec:  1.050E+01
 Iteration:  00000042   DeltaT:  8.933E-06   Iter/sec:  8.703E+00
 Iteration:  00000043   DeltaT:  8.933E-06   Iter/sec:  9.852E+00
 Iteration:  00000044   DeltaT:  8.933E-06   Iter/sec:  9.981E+00
 Iteration:  00000045   DeltaT:  8.933E-06   Iter/sec:  1.116E+01
 Iteration:  00000046   DeltaT:  8.933E-06   Iter/sec:  1.015E+01
 Iteration:  00000047   DeltaT:  8.933E-06   Iter/sec:  1.033E+01
 Iteration:  00000048   DeltaT:  8.933E-06   Iter/sec:  9.965E+00
 Iteration:  00000049   DeltaT:  8.933E-06   Iter/sec:  1.060E+01
 Iteration:  00000050   DeltaT:  8.933E-06   Iter/sec:  9.974E+00


//////////////////////////////////////////////
   Measured Timings for Process 0  (seconds)

 Elapsed time:         6.9333
  Column time:         1.7746
     Row time:         1.8742
Legendre time:         0.4620
     FFT time:         0.2601
   Solve time:         0.1106
    rlma time:         0.0497
    rlmb time:         0.0211
  pspace time:         0.2930
  psolve time:         0.2113
    dphi time:         0.0229
captured time:         5.0796

     iter/sec:         7.2116
//////////////////////////////////////////////
