 //////////////////////////////////////
 Initializating Rayleigh...

 -- Initalizing MPI...
 ---- Specified parameters:
 ---- NCPU  :   1024
 ---- NPROW :     32
 ---- NPCOL :     32
 -- MPI initialized.


 -- Initalizing Grid...
 ---- Specified parameters ----
 ---- N_R                 :    128
 ---- N_THETA             :    768
 ---- Ell_MAX             :    511
 ---- R_MIN               :  5.38462E-01
 ---- R_MAX               :  1.53846E+00
 ---- Chebyshev Domains   :      1

        Domain 1
          Grid points           :  128
          Dealiased Polynomials :  85
          Domain Lower Bound    :  5.38462E-01
          Domain Upper Bound    :  1.53846E+00

 -- Grid initialized.

 -- Initalizing Reference State...
 ---- Specified parameters:
 ---- Reference type           :  Boussinesq (Non-dimensional)
 ---- Rayleigh Number          :  1.00000E+05
 ---- Ekman Number             :  1.00000E-03
 ---- Prandtl Number           :  1.00000E+00
 ---- Magnetic Prandtl Number  :  5.00000E+00
 -- Reference State initialized.

 -- Initializing Fields...
 ---- Specified parameters:
 ---- Hydro Init Type    : Benchmark (Christensen et al. 2001)
 ---- Magnetic Init Type : Benchmark (Christensen et al. 2001)
 -- Fields initialized.

 Initialization Complete.
 //////////////////////////////////////

 Timestep has changed from  0.00000E+00 to  1.00000E-04.
 Iteration:  00000001   DeltaT:  1.000E-04   Iter/sec:  0.000E+00
 Timestep has changed from  1.00000E-04 to  2.55562E-06.
 Iteration:  00000002   DeltaT:  2.556E-06   Iter/sec:  9.132E-01
 Iteration:  00000003   DeltaT:  2.556E-06   Iter/sec:  2.196E+00
 Iteration:  00000004   DeltaT:  2.556E-06   Iter/sec:  2.611E+00
 Iteration:  00000005   DeltaT:  2.556E-06   Iter/sec:  2.585E+00
 Iteration:  00000006   DeltaT:  2.556E-06   Iter/sec:  2.574E+00
 Iteration:  00000007   DeltaT:  2.556E-06   Iter/sec:  2.614E+00
 Iteration:  00000008   DeltaT:  2.556E-06   Iter/sec:  2.588E+00
 Iteration:  00000009   DeltaT:  2.556E-06   Iter/sec:  2.565E+00
 Iteration:  00000010   DeltaT:  2.556E-06   Iter/sec:  2.615E+00
 Iteration:  00000011   DeltaT:  2.556E-06   Iter/sec:  2.591E+00
 Iteration:  00000012   DeltaT:  2.556E-06   Iter/sec:  2.581E+00
 Iteration:  00000013   DeltaT:  2.556E-06   Iter/sec:  2.497E+00
 Iteration:  00000014   DeltaT:  2.556E-06   Iter/sec:  2.620E+00
 Iteration:  00000015   DeltaT:  2.556E-06   Iter/sec:  2.638E+00
 Iteration:  00000016   DeltaT:  2.556E-06   Iter/sec:  2.600E+00
 Iteration:  00000017   DeltaT:  2.556E-06   Iter/sec:  2.655E+00
 Iteration:  00000018   DeltaT:  2.556E-06   Iter/sec:  2.609E+00
 Iteration:  00000019   DeltaT:  2.556E-06   Iter/sec:  2.567E+00
 Iteration:  00000020   DeltaT:  2.556E-06   Iter/sec:  2.553E+00
 Iteration:  00000021   DeltaT:  2.556E-06   Iter/sec:  2.577E+00
 Iteration:  00000022   DeltaT:  2.556E-06   Iter/sec:  2.599E+00
 Iteration:  00000023   DeltaT:  2.556E-06   Iter/sec:  2.586E+00
 Iteration:  00000024   DeltaT:  2.556E-06   Iter/sec:  2.602E+00
 Iteration:  00000025   DeltaT:  2.556E-06   Iter/sec:  2.595E+00
 Iteration:  00000026   DeltaT:  2.556E-06   Iter/sec:  2.601E+00
 Iteration:  00000027   DeltaT:  2.556E-06   Iter/sec:  2.597E+00
 Iteration:  00000028   DeltaT:  2.556E-06   Iter/sec:  2.519E+00
 Iteration:  00000029   DeltaT:  2.556E-06   Iter/sec:  2.575E+00
 Iteration:  00000030   DeltaT:  2.556E-06   Iter/sec:  2.558E+00
 Iteration:  00000031   DeltaT:  2.556E-06   Iter/sec:  2.550E+00
 Iteration:  00000032   DeltaT:  2.556E-06   Iter/sec:  2.606E+00
 Iteration:  00000033   DeltaT:  2.556E-06   Iter/sec:  2.580E+00
 Iteration:  00000034   DeltaT:  2.556E-06   Iter/sec:  2.545E+00
 Iteration:  00000035   DeltaT:  2.556E-06   Iter/sec:  2.569E+00
 Iteration:  00000036   DeltaT:  2.556E-06   Iter/sec:  2.538E+00
 Iteration:  00000037   DeltaT:  2.556E-06   Iter/sec:  2.567E+00
 Iteration:  00000038   DeltaT:  2.556E-06   Iter/sec:  2.631E+00
 Iteration:  00000039   DeltaT:  2.556E-06   Iter/sec:  2.496E+00
 Iteration:  00000040   DeltaT:  2.556E-06   Iter/sec:  2.546E+00
 Iteration:  00000041   DeltaT:  2.556E-06   Iter/sec:  2.425E+00
 Iteration:  00000042   DeltaT:  2.556E-06   Iter/sec:  2.679E+00
 Iteration:  00000043   DeltaT:  2.556E-06   Iter/sec:  2.540E+00
 Iteration:  00000044   DeltaT:  2.556E-06   Iter/sec:  2.530E+00
 Iteration:  00000045   DeltaT:  2.556E-06   Iter/sec:  2.518E+00
 Iteration:  00000046   DeltaT:  2.556E-06   Iter/sec:  2.527E+00
 Iteration:  00000047   DeltaT:  2.556E-06   Iter/sec:  2.581E+00
 Iteration:  00000048   DeltaT:  2.556E-06   Iter/sec:  2.560E+00
 Iteration:  00000049   DeltaT:  2.556E-06   Iter/sec:  2.596E+00
 Iteration:  00000050   DeltaT:  2.556E-06   Iter/sec:  2.489E+00


//////////////////////////////////////////////
   Measured Timings for Process 0  (seconds)

 Elapsed time:        20.9351
  Column time:         6.8712
     Row time:         5.3298
Legendre time:         2.1128
     FFT time:         0.9392
   Solve time:         0.5152
    rlma time:         0.1790
    rlmb time:         0.0800
  pspace time:         1.7933
  psolve time:         1.5561
    dphi time:         0.0726
captured time:        19.4493

     iter/sec:         2.3883
//////////////////////////////////////////////
