 //////////////////////////////////////
 Initializating Rayleigh...

 -- Initalizing MPI...
 ---- Specified parameters:
 ---- NCPU  :    256
 ---- NPROW :     16
 ---- NPCOL :     16
 -- MPI initialized.


 -- Initalizing Grid...
 ---- Specified parameters ----
 ---- N_R                 :    128
 ---- N_THETA             :    384
 ---- Ell_MAX             :    255
 ---- R_MIN               :  5.38462E-01
 ---- R_MAX               :  1.53846E+00
 ---- Chebyshev Domains   :      1

        Domain 1
          Grid points           :  128
          Dealiased Polynomials :  85
          Domain Lower Bound    :  5.38462E-01
          Domain Upper Bound    :  1.53846E+00

 -- Grid initialized.

 -- Initalizing Reference State...
 ---- Specified parameters:
 ---- Reference type           :  Boussinesq (Non-dimensional)
 ---- Rayleigh Number          :  1.00000E+05
 ---- Ekman Number             :  1.00000E-03
 ---- Prandtl Number           :  1.00000E+00
 ---- Magnetic Prandtl Number  :  5.00000E+00
 -- Reference State initialized.

 -- Initializing Fields...
 ---- Specified parameters:
 ---- Hydro Init Type    : Benchmark (Christensen et al. 2001)
 ---- Magnetic Init Type : Benchmark (Christensen et al. 2001)
 -- Fields initialized.

 Initialization Complete.
 //////////////////////////////////////

 Timestep has changed from  0.00000E+00 to  1.00000E-04.
 Iteration:  00000001   DeltaT:  1.000E-04   Iter/sec:  0.000E+00
 Timestep has changed from  1.00000E-04 to  2.55566E-06.
 Iteration:  00000002   DeltaT:  2.556E-06   Iter/sec:  1.754E+00
 Iteration:  00000003   DeltaT:  2.556E-06   Iter/sec:  2.727E+00
 Iteration:  00000004   DeltaT:  2.556E-06   Iter/sec:  3.523E+00
 Iteration:  00000005   DeltaT:  2.556E-06   Iter/sec:  3.451E+00
 Iteration:  00000006   DeltaT:  2.556E-06   Iter/sec:  3.505E+00
 Iteration:  00000007   DeltaT:  2.556E-06   Iter/sec:  3.505E+00
 Iteration:  00000008   DeltaT:  2.556E-06   Iter/sec:  3.545E+00
 Iteration:  00000009   DeltaT:  2.556E-06   Iter/sec:  3.502E+00
 Iteration:  00000010   DeltaT:  2.556E-06   Iter/sec:  3.496E+00
 Iteration:  00000011   DeltaT:  2.556E-06   Iter/sec:  3.495E+00
 Iteration:  00000012   DeltaT:  2.556E-06   Iter/sec:  3.523E+00
 Iteration:  00000013   DeltaT:  2.556E-06   Iter/sec:  3.502E+00
 Iteration:  00000014   DeltaT:  2.556E-06   Iter/sec:  3.445E+00
 Iteration:  00000015   DeltaT:  2.556E-06   Iter/sec:  3.482E+00
 Iteration:  00000016   DeltaT:  2.556E-06   Iter/sec:  3.555E+00
 Iteration:  00000017   DeltaT:  2.556E-06   Iter/sec:  3.456E+00
 Iteration:  00000018   DeltaT:  2.556E-06   Iter/sec:  3.490E+00
 Iteration:  00000019   DeltaT:  2.556E-06   Iter/sec:  3.462E+00
 Iteration:  00000020   DeltaT:  2.556E-06   Iter/sec:  3.592E+00
 Iteration:  00000021   DeltaT:  2.556E-06   Iter/sec:  3.510E+00
 Iteration:  00000022   DeltaT:  2.556E-06   Iter/sec:  3.515E+00
 Iteration:  00000023   DeltaT:  2.556E-06   Iter/sec:  3.509E+00
 Iteration:  00000024   DeltaT:  2.556E-06   Iter/sec:  3.526E+00
 Iteration:  00000025   DeltaT:  2.556E-06   Iter/sec:  3.514E+00
 Iteration:  00000026   DeltaT:  2.556E-06   Iter/sec:  3.428E+00
 Iteration:  00000027   DeltaT:  2.556E-06   Iter/sec:  3.532E+00
 Iteration:  00000028   DeltaT:  2.556E-06   Iter/sec:  3.487E+00
 Iteration:  00000029   DeltaT:  2.556E-06   Iter/sec:  3.513E+00
 Iteration:  00000030   DeltaT:  2.556E-06   Iter/sec:  3.439E+00
 Iteration:  00000031   DeltaT:  2.556E-06   Iter/sec:  3.522E+00
 Iteration:  00000032   DeltaT:  2.556E-06   Iter/sec:  3.535E+00
 Iteration:  00000033   DeltaT:  2.556E-06   Iter/sec:  3.427E+00
 Iteration:  00000034   DeltaT:  2.556E-06   Iter/sec:  3.534E+00
 Iteration:  00000035   DeltaT:  2.556E-06   Iter/sec:  3.496E+00
 Iteration:  00000036   DeltaT:  2.556E-06   Iter/sec:  3.500E+00
 Iteration:  00000037   DeltaT:  2.556E-06   Iter/sec:  3.535E+00
 Iteration:  00000038   DeltaT:  2.556E-06   Iter/sec:  3.491E+00
 Iteration:  00000039   DeltaT:  2.556E-06   Iter/sec:  3.503E+00
 Iteration:  00000040   DeltaT:  2.556E-06   Iter/sec:  3.534E+00
 Iteration:  00000041   DeltaT:  2.556E-06   Iter/sec:  3.528E+00
 Iteration:  00000042   DeltaT:  2.556E-06   Iter/sec:  3.448E+00
 Iteration:  00000043   DeltaT:  2.556E-06   Iter/sec:  3.507E+00
 Iteration:  00000044   DeltaT:  2.556E-06   Iter/sec:  3.509E+00
 Iteration:  00000045   DeltaT:  2.556E-06   Iter/sec:  3.524E+00
 Iteration:  00000046   DeltaT:  2.556E-06   Iter/sec:  3.455E+00
 Iteration:  00000047   DeltaT:  2.556E-06   Iter/sec:  3.523E+00
 Iteration:  00000048   DeltaT:  2.556E-06   Iter/sec:  3.499E+00
 Iteration:  00000049   DeltaT:  2.556E-06   Iter/sec:  3.527E+00
 Iteration:  00000050   DeltaT:  2.556E-06   Iter/sec:  3.468E+00


//////////////////////////////////////////////
   Measured Timings for Process 0  (seconds)

 Elapsed time:        16.4274
  Column time:         2.2059
     Row time:         4.6019
Legendre time:         1.7085
     FFT time:         0.9698
   Solve time:         0.5319
    rlma time:         0.1987
    rlmb time:         0.0710
  pspace time:         2.2086
  psolve time:         1.6594
    dphi time:         0.1366
captured time:        14.2923

     iter/sec:         3.0437
//////////////////////////////////////////////
