 //////////////////////////////////////
 Initializating Rayleigh...

 -- Initalizing MPI...
 ---- Specified parameters:
 ---- NCPU  :     64
 ---- NPROW :      8
 ---- NPCOL :      8
 -- MPI initialized.


 -- Initalizing Grid...
 ---- Specified parameters ----
 ---- N_R                 :     64
 ---- N_THETA             :    192
 ---- Ell_MAX             :    127
 ---- R_MIN               :  5.38462E-01
 ---- R_MAX               :  1.53846E+00
 ---- Chebyshev Domains   :      1

        Domain 1
          Grid points           :  64
          Dealiased Polynomials :  42
          Domain Lower Bound    :  5.38462E-01
          Domain Upper Bound    :  1.53846E+00

 -- Grid initialized.

 -- Initalizing Reference State...
 ---- Specified parameters:
 ---- Reference type           :  Boussinesq (Non-dimensional)
 ---- Rayleigh Number          :  1.00000E+05
 ---- Ekman Number             :  1.00000E-03
 ---- Prandtl Number           :  1.00000E+00
 ---- Magnetic Prandtl Number  :  5.00000E+00
 -- Reference State initialized.

 -- Initializing Fields...
 ---- Specified parameters:
 ---- Hydro Init Type    : Benchmark (Christensen et al. 2001)
 ---- Magnetic Init Type : Benchmark (Christensen et al. 2001)
 -- Fields initialized.

 Initialization Complete.
 //////////////////////////////////////

 Timestep has changed from  0.00000E+00 to  1.00000E-04.
 Iteration:  00000001   DeltaT:  1.000E-04   Iter/sec:  0.000E+00
 Timestep has changed from  1.00000E-04 to  1.02217E-05.
 Iteration:  00000002   DeltaT:  1.022E-05   Iter/sec:  4.523E+00
 Iteration:  00000003   DeltaT:  1.022E-05   Iter/sec:  7.682E+00
 Iteration:  00000004   DeltaT:  1.022E-05   Iter/sec:  9.049E+00
 Iteration:  00000005   DeltaT:  1.022E-05   Iter/sec:  8.752E+00
 Iteration:  00000006   DeltaT:  1.022E-05   Iter/sec:  8.770E+00
 Iteration:  00000007   DeltaT:  1.022E-05   Iter/sec:  8.878E+00
 Iteration:  00000008   DeltaT:  1.022E-05   Iter/sec:  8.585E+00
 Iteration:  00000009   DeltaT:  1.022E-05   Iter/sec:  8.804E+00
 Iteration:  00000010   DeltaT:  1.022E-05   Iter/sec:  8.854E+00
 Iteration:  00000011   DeltaT:  1.022E-05   Iter/sec:  8.719E+00
 Iteration:  00000012   DeltaT:  1.022E-05   Iter/sec:  8.783E+00
 Iteration:  00000013   DeltaT:  1.022E-05   Iter/sec:  8.727E+00
 Iteration:  00000014   DeltaT:  1.022E-05   Iter/sec:  9.001E+00
 Iteration:  00000015   DeltaT:  1.022E-05   Iter/sec:  8.935E+00
 Iteration:  00000016   DeltaT:  1.022E-05   Iter/sec:  9.294E+00
 Iteration:  00000017   DeltaT:  1.022E-05   Iter/sec:  8.847E+00
 Iteration:  00000018   DeltaT:  1.022E-05   Iter/sec:  8.797E+00
 Iteration:  00000019   DeltaT:  1.022E-05   Iter/sec:  9.226E+00
 Iteration:  00000020   DeltaT:  1.022E-05   Iter/sec:  9.188E+00
 Iteration:  00000021   DeltaT:  1.022E-05   Iter/sec:  9.063E+00
 Iteration:  00000022   DeltaT:  1.022E-05   Iter/sec:  9.018E+00
 Iteration:  00000023   DeltaT:  1.022E-05   Iter/sec:  9.197E+00
 Iteration:  00000024   DeltaT:  1.022E-05   Iter/sec:  9.069E+00
 Iteration:  00000025   DeltaT:  1.022E-05   Iter/sec:  9.270E+00
 Iteration:  00000026   DeltaT:  1.022E-05   Iter/sec:  9.022E+00
 Iteration:  00000027   DeltaT:  1.022E-05   Iter/sec:  9.049E+00
 Iteration:  00000028   DeltaT:  1.022E-05   Iter/sec:  9.155E+00
 Iteration:  00000029   DeltaT:  1.022E-05   Iter/sec:  8.931E+00
 Iteration:  00000030   DeltaT:  1.022E-05   Iter/sec:  9.104E+00
 Iteration:  00000031   DeltaT:  1.022E-05   Iter/sec:  9.086E+00
 Iteration:  00000032   DeltaT:  1.022E-05   Iter/sec:  9.155E+00
 Iteration:  00000033   DeltaT:  1.022E-05   Iter/sec:  9.099E+00
 Iteration:  00000034   DeltaT:  1.022E-05   Iter/sec:  9.090E+00
 Iteration:  00000035   DeltaT:  1.022E-05   Iter/sec:  9.073E+00
 Iteration:  00000036   DeltaT:  1.022E-05   Iter/sec:  9.105E+00
 Iteration:  00000037   DeltaT:  1.022E-05   Iter/sec:  9.250E+00
 Iteration:  00000038   DeltaT:  1.022E-05   Iter/sec:  9.231E+00
 Iteration:  00000039   DeltaT:  1.022E-05   Iter/sec:  9.108E+00
 Iteration:  00000040   DeltaT:  1.022E-05   Iter/sec:  9.227E+00
 Iteration:  00000041   DeltaT:  1.022E-05   Iter/sec:  9.092E+00
 Iteration:  00000042   DeltaT:  1.022E-05   Iter/sec:  9.134E+00
 Iteration:  00000043   DeltaT:  1.022E-05   Iter/sec:  9.211E+00
 Iteration:  00000044   DeltaT:  1.022E-05   Iter/sec:  9.076E+00
 Iteration:  00000045   DeltaT:  1.022E-05   Iter/sec:  9.104E+00
 Iteration:  00000046   DeltaT:  1.022E-05   Iter/sec:  9.062E+00
 Iteration:  00000047   DeltaT:  1.022E-05   Iter/sec:  9.142E+00
 Iteration:  00000048   DeltaT:  1.022E-05   Iter/sec:  9.195E+00
 Iteration:  00000049   DeltaT:  1.022E-05   Iter/sec:  9.185E+00
 Iteration:  00000050   DeltaT:  1.022E-05   Iter/sec:  9.078E+00


//////////////////////////////////////////////
   Measured Timings for Process 0  (seconds)

 Elapsed time:         5.9893
  Column time:         0.5603
     Row time:         1.9272
Legendre time:         0.6677
     FFT time:         0.4849
   Solve time:         0.1644
    rlma time:         0.0926
    rlmb time:         0.0395
  pspace time:         0.9272
  psolve time:         0.6016
    dphi time:         0.0564
captured time:         5.5217

     iter/sec:         8.3482
//////////////////////////////////////////////
