 //////////////////////////////////////
 Initializating Rayleigh...

 -- Initalizing MPI...
 ---- Specified parameters:
 ---- NCPU  :   2048
 ---- NPROW :     64
 ---- NPCOL :     32
 -- MPI initialized.


 -- Initalizing Grid...
 ---- Specified parameters ----
 ---- N_R                 :     64
 ---- N_THETA             :    192
 ---- Ell_MAX             :    127
 ---- R_MIN               :  5.38462E-01
 ---- R_MAX               :  1.53846E+00
 ---- Chebyshev Domains   :      1

        Domain 1
          Grid points           :  64
          Dealiased Polynomials :  42
          Domain Lower Bound    :  5.38462E-01
          Domain Upper Bound    :  1.53846E+00

 -- Grid initialized.

 -- Initalizing Reference State...
 ---- Specified parameters:
 ---- Reference type           :  Boussinesq (Non-dimensional)
 ---- Rayleigh Number          :  1.00000E+05
 ---- Ekman Number             :  1.00000E-03
 ---- Prandtl Number           :  1.00000E+00
 ---- Magnetic Prandtl Number  :  5.00000E+00
 -- Reference State initialized.

 -- Initializing Fields...
 ---- Specified parameters:
 ---- Hydro Init Type    : Benchmark (Christensen et al. 2001)
 ---- Magnetic Init Type : Benchmark (Christensen et al. 2001)
 -- Fields initialized.

 Initialization Complete.
 //////////////////////////////////////

 Timestep has changed from  0.00000E+00 to  1.00000E-04.
 Iteration:  00000001   DeltaT:  1.000E-04   Iter/sec:  0.000E+00
 Timestep has changed from  1.00000E-04 to  1.02217E-05.
 Iteration:  00000002   DeltaT:  1.022E-05   Iter/sec:  2.552E+00
 Iteration:  00000003   DeltaT:  1.022E-05   Iter/sec:  8.040E+01
 Iteration:  00000004   DeltaT:  1.022E-05   Iter/sec:  1.223E+02
 Iteration:  00000005   DeltaT:  1.022E-05   Iter/sec:  1.193E+02
 Iteration:  00000006   DeltaT:  1.022E-05   Iter/sec:  1.197E+02
 Iteration:  00000007   DeltaT:  1.022E-05   Iter/sec:  1.210E+02
 Iteration:  00000008   DeltaT:  1.022E-05   Iter/sec:  1.158E+02
 Iteration:  00000009   DeltaT:  1.022E-05   Iter/sec:  1.209E+02
 Iteration:  00000010   DeltaT:  1.022E-05   Iter/sec:  1.192E+02
 Iteration:  00000011   DeltaT:  1.022E-05   Iter/sec:  1.324E+02
 Iteration:  00000012   DeltaT:  1.022E-05   Iter/sec:  1.255E+02
 Iteration:  00000013   DeltaT:  1.022E-05   Iter/sec:  1.195E+02
 Iteration:  00000014   DeltaT:  1.022E-05   Iter/sec:  1.231E+02
 Iteration:  00000015   DeltaT:  1.022E-05   Iter/sec:  1.120E+02
 Iteration:  00000016   DeltaT:  1.022E-05   Iter/sec:  1.267E+02
 Iteration:  00000017   DeltaT:  1.022E-05   Iter/sec:  1.249E+02
 Iteration:  00000018   DeltaT:  1.022E-05   Iter/sec:  1.320E+02
 Iteration:  00000019   DeltaT:  1.022E-05   Iter/sec:  1.242E+02
 Iteration:  00000020   DeltaT:  1.022E-05   Iter/sec:  1.286E+02
 Iteration:  00000021   DeltaT:  1.022E-05   Iter/sec:  1.277E+02
 Iteration:  00000022   DeltaT:  1.022E-05   Iter/sec:  1.192E+02
 Iteration:  00000023   DeltaT:  1.022E-05   Iter/sec:  1.339E+02
 Iteration:  00000024   DeltaT:  1.022E-05   Iter/sec:  1.282E+02
 Iteration:  00000025   DeltaT:  1.022E-05   Iter/sec:  1.217E+02
 Iteration:  00000026   DeltaT:  1.022E-05   Iter/sec:  1.211E+02
 Iteration:  00000027   DeltaT:  1.022E-05   Iter/sec:  1.282E+02
 Iteration:  00000028   DeltaT:  1.022E-05   Iter/sec:  1.261E+02
 Iteration:  00000029   DeltaT:  1.022E-05   Iter/sec:  1.238E+02
 Iteration:  00000030   DeltaT:  1.022E-05   Iter/sec:  6.452E+01
 Iteration:  00000031   DeltaT:  1.022E-05   Iter/sec:  5.804E+01
 Iteration:  00000032   DeltaT:  1.022E-05   Iter/sec:  5.976E+01
 Iteration:  00000033   DeltaT:  1.022E-05   Iter/sec:  1.063E+02
 Iteration:  00000034   DeltaT:  1.022E-05   Iter/sec:  1.159E+02
 Iteration:  00000035   DeltaT:  1.022E-05   Iter/sec:  1.141E+02
 Iteration:  00000036   DeltaT:  1.022E-05   Iter/sec:  1.345E+02
 Iteration:  00000037   DeltaT:  1.022E-05   Iter/sec:  1.299E+02
 Iteration:  00000038   DeltaT:  1.022E-05   Iter/sec:  1.327E+02
 Iteration:  00000039   DeltaT:  1.022E-05   Iter/sec:  1.277E+02
 Iteration:  00000040   DeltaT:  1.022E-05   Iter/sec:  1.248E+02
 Iteration:  00000041   DeltaT:  1.022E-05   Iter/sec:  1.372E+02
 Iteration:  00000042   DeltaT:  1.022E-05   Iter/sec:  1.214E+02
 Iteration:  00000043   DeltaT:  1.022E-05   Iter/sec:  1.346E+02
 Iteration:  00000044   DeltaT:  1.022E-05   Iter/sec:  1.216E+02
 Iteration:  00000045   DeltaT:  1.022E-05   Iter/sec:  1.180E+02
 Iteration:  00000046   DeltaT:  1.022E-05   Iter/sec:  1.105E+02
 Iteration:  00000047   DeltaT:  1.022E-05   Iter/sec:  1.272E+02
 Iteration:  00000048   DeltaT:  1.022E-05   Iter/sec:  1.256E+02
 Iteration:  00000049   DeltaT:  1.022E-05   Iter/sec:  1.279E+02
 Iteration:  00000050   DeltaT:  1.022E-05   Iter/sec:  1.255E+02


//////////////////////////////////////////////
   Measured Timings for Process 0  (seconds)

 Elapsed time:         2.6199
  Column time:         0.1970
     Row time:         0.2080
Legendre time:         0.0121
     FFT time:         0.0102
   Solve time:         0.0273
    rlma time:         0.0036
    rlmb time:         0.0016
  pspace time:         0.0047
  psolve time:         0.0253
    dphi time:         0.0006
captured time:         0.4903

     iter/sec:        19.0846
//////////////////////////////////////////////
