 //////////////////////////////////////
 Initializating Rayleigh...

 -- Initalizing MPI...
 ---- Specified parameters:
 ---- NCPU  :     64
 ---- NPROW :      8
 ---- NPCOL :      8
 -- MPI initialized.


 -- Initalizing Grid...
 ---- Specified parameters ----
 ---- N_R                 :    128
 ---- N_THETA             :    192
 ---- Ell_MAX             :    127
 ---- R_MIN               :  5.38462E-01
 ---- R_MAX               :  1.53846E+00
 ---- Chebyshev Domains   :      1

        Domain 1
          Grid points           :  128
          Dealiased Polynomials :  85
          Domain Lower Bound    :  5.38462E-01
          Domain Upper Bound    :  1.53846E+00

 -- Grid initialized.

 -- Initalizing Reference State...
 ---- Specified parameters:
 ---- Reference type           :  Boussinesq (Non-dimensional)
 ---- Rayleigh Number          :  1.00000E+05
 ---- Ekman Number             :  1.00000E-03
 ---- Prandtl Number           :  1.00000E+00
 ---- Magnetic Prandtl Number  :  5.00000E+00
 -- Reference State initialized.

 -- Initializing Fields...
 ---- Specified parameters:
 ---- Hydro Init Type    : Benchmark (Christensen et al. 2001)
 ---- Magnetic Init Type : Benchmark (Christensen et al. 2001)
 -- Fields initialized.

 Initialization Complete.
 //////////////////////////////////////

 Timestep has changed from  0.00000E+00 to  1.00000E-04.
 Iteration:  00000001   DeltaT:  1.000E-04   Iter/sec:  0.000E+00
 Timestep has changed from  1.00000E-04 to  2.55581E-06.
 Iteration:  00000002   DeltaT:  2.556E-06   Iter/sec:  2.293E+00
 Iteration:  00000003   DeltaT:  2.556E-06   Iter/sec:  2.908E+00
 Iteration:  00000004   DeltaT:  2.556E-06   Iter/sec:  3.907E+00
 Iteration:  00000005   DeltaT:  2.556E-06   Iter/sec:  4.019E+00
 Iteration:  00000006   DeltaT:  2.556E-06   Iter/sec:  3.864E+00
 Iteration:  00000007   DeltaT:  2.556E-06   Iter/sec:  3.930E+00
 Iteration:  00000008   DeltaT:  2.556E-06   Iter/sec:  3.893E+00
 Iteration:  00000009   DeltaT:  2.556E-06   Iter/sec:  3.969E+00
 Iteration:  00000010   DeltaT:  2.556E-06   Iter/sec:  3.962E+00
 Iteration:  00000011   DeltaT:  2.556E-06   Iter/sec:  3.879E+00
 Iteration:  00000012   DeltaT:  2.556E-06   Iter/sec:  3.949E+00
 Iteration:  00000013   DeltaT:  2.556E-06   Iter/sec:  3.851E+00
 Iteration:  00000014   DeltaT:  2.556E-06   Iter/sec:  3.881E+00
 Iteration:  00000015   DeltaT:  2.556E-06   Iter/sec:  3.979E+00
 Iteration:  00000016   DeltaT:  2.556E-06   Iter/sec:  3.876E+00
 Iteration:  00000017   DeltaT:  2.556E-06   Iter/sec:  3.929E+00
 Iteration:  00000018   DeltaT:  2.556E-06   Iter/sec:  3.878E+00
 Iteration:  00000019   DeltaT:  2.556E-06   Iter/sec:  3.957E+00
 Iteration:  00000020   DeltaT:  2.556E-06   Iter/sec:  3.877E+00
 Iteration:  00000021   DeltaT:  2.556E-06   Iter/sec:  3.959E+00
 Iteration:  00000022   DeltaT:  2.556E-06   Iter/sec:  3.943E+00
 Iteration:  00000023   DeltaT:  2.556E-06   Iter/sec:  3.950E+00
 Iteration:  00000024   DeltaT:  2.556E-06   Iter/sec:  3.894E+00
 Iteration:  00000025   DeltaT:  2.556E-06   Iter/sec:  3.926E+00
 Iteration:  00000026   DeltaT:  2.556E-06   Iter/sec:  3.897E+00
 Iteration:  00000027   DeltaT:  2.556E-06   Iter/sec:  3.926E+00
 Iteration:  00000028   DeltaT:  2.556E-06   Iter/sec:  4.010E+00
 Iteration:  00000029   DeltaT:  2.556E-06   Iter/sec:  4.025E+00
 Iteration:  00000030   DeltaT:  2.556E-06   Iter/sec:  3.868E+00
 Iteration:  00000031   DeltaT:  2.556E-06   Iter/sec:  3.887E+00
 Iteration:  00000032   DeltaT:  2.556E-06   Iter/sec:  3.989E+00
 Iteration:  00000033   DeltaT:  2.556E-06   Iter/sec:  3.894E+00
 Iteration:  00000034   DeltaT:  2.556E-06   Iter/sec:  3.924E+00
 Iteration:  00000035   DeltaT:  2.556E-06   Iter/sec:  3.941E+00
 Iteration:  00000036   DeltaT:  2.556E-06   Iter/sec:  3.944E+00
 Iteration:  00000037   DeltaT:  2.556E-06   Iter/sec:  3.952E+00
 Iteration:  00000038   DeltaT:  2.556E-06   Iter/sec:  3.888E+00
 Iteration:  00000039   DeltaT:  2.556E-06   Iter/sec:  3.979E+00
 Iteration:  00000040   DeltaT:  2.556E-06   Iter/sec:  3.942E+00
 Iteration:  00000041   DeltaT:  2.556E-06   Iter/sec:  3.859E+00
 Iteration:  00000042   DeltaT:  2.556E-06   Iter/sec:  3.947E+00
 Iteration:  00000043   DeltaT:  2.556E-06   Iter/sec:  3.948E+00
 Iteration:  00000044   DeltaT:  2.556E-06   Iter/sec:  3.893E+00
 Iteration:  00000045   DeltaT:  2.556E-06   Iter/sec:  3.866E+00
 Iteration:  00000046   DeltaT:  2.556E-06   Iter/sec:  3.908E+00
 Iteration:  00000047   DeltaT:  2.556E-06   Iter/sec:  3.969E+00
 Iteration:  00000048   DeltaT:  2.556E-06   Iter/sec:  3.901E+00
 Iteration:  00000049   DeltaT:  2.556E-06   Iter/sec:  3.974E+00
 Iteration:  00000050   DeltaT:  2.556E-06   Iter/sec:  3.903E+00


//////////////////////////////////////////////
   Measured Timings for Process 0  (seconds)

 Elapsed time:        13.4306
  Column time:         1.0620
     Row time:         4.5227
Legendre time:         1.4875
     FFT time:         1.0020
   Solve time:         0.5355
    rlma time:         0.2136
    rlmb time:         0.0753
  pspace time:         2.0868
  psolve time:         1.6532
    dphi time:         0.1066
captured time:        12.7450

     iter/sec:         3.7229
//////////////////////////////////////////////
