 //////////////////////////////////////
 Initializating Rayleigh...

 -- Initalizing MPI...
 ---- Specified parameters:
 ---- NCPU  :   2048
 ---- NPROW :     64
 ---- NPCOL :     32
 -- MPI initialized.


 -- Initalizing Grid...
 ---- Specified parameters ----
 ---- N_R                 :    128
 ---- N_THETA             :   1536
 ---- Ell_MAX             :   1023
 ---- R_MIN               :  5.38462E-01
 ---- R_MAX               :  1.53846E+00
 ---- Chebyshev Domains   :      1

        Domain 1
          Grid points           :  128
          Dealiased Polynomials :  85
          Domain Lower Bound    :  5.38462E-01
          Domain Upper Bound    :  1.53846E+00

 -- Grid initialized.

 -- Initalizing Reference State...
 ---- Specified parameters:
 ---- Reference type           :  Boussinesq (Non-dimensional)
 ---- Rayleigh Number          :  1.00000E+05
 ---- Ekman Number             :  1.00000E-03
 ---- Prandtl Number           :  1.00000E+00
 ---- Magnetic Prandtl Number  :  5.00000E+00
 -- Reference State initialized.

 -- Initializing Fields...
 ---- Specified parameters:
 ---- Hydro Init Type    : Benchmark (Christensen et al. 2001)
 ---- Magnetic Init Type : Benchmark (Christensen et al. 2001)
 -- Fields initialized.

 Initialization Complete.
 //////////////////////////////////////

 Timestep has changed from  0.00000E+00 to  1.00000E-04.
 Iteration:  00000001   DeltaT:  1.000E-04   Iter/sec:  0.000E+00
 Timestep has changed from  1.00000E-04 to  2.55561E-06.
 Iteration:  00000002   DeltaT:  2.556E-06   Iter/sec:  2.939E-01
 Iteration:  00000003   DeltaT:  2.556E-06   Iter/sec:  9.276E-01
 Iteration:  00000004   DeltaT:  2.556E-06   Iter/sec:  1.015E+00
 Iteration:  00000005   DeltaT:  2.556E-06   Iter/sec:  1.008E+00
 Iteration:  00000006   DeltaT:  2.556E-06   Iter/sec:  1.023E+00
 Iteration:  00000007   DeltaT:  2.556E-06   Iter/sec:  1.008E+00
 Iteration:  00000008   DeltaT:  2.556E-06   Iter/sec:  1.009E+00
 Iteration:  00000009   DeltaT:  2.556E-06   Iter/sec:  1.041E+00
 Iteration:  00000010   DeltaT:  2.556E-06   Iter/sec:  1.015E+00
 Iteration:  00000011   DeltaT:  2.556E-06   Iter/sec:  1.005E+00
 Iteration:  00000012   DeltaT:  2.556E-06   Iter/sec:  1.014E+00
 Iteration:  00000013   DeltaT:  2.556E-06   Iter/sec:  1.022E+00
 Iteration:  00000014   DeltaT:  2.556E-06   Iter/sec:  1.014E+00
 Iteration:  00000015   DeltaT:  2.556E-06   Iter/sec:  1.021E+00
 Iteration:  00000016   DeltaT:  2.556E-06   Iter/sec:  1.016E+00
 Iteration:  00000017   DeltaT:  2.556E-06   Iter/sec:  1.014E+00
 Iteration:  00000018   DeltaT:  2.556E-06   Iter/sec:  1.019E+00
 Iteration:  00000019   DeltaT:  2.556E-06   Iter/sec:  1.055E+00
 Iteration:  00000020   DeltaT:  2.556E-06   Iter/sec:  1.008E+00
 Iteration:  00000021   DeltaT:  2.556E-06   Iter/sec:  1.047E+00
 Iteration:  00000022   DeltaT:  2.556E-06   Iter/sec:  1.008E+00
 Iteration:  00000023   DeltaT:  2.556E-06   Iter/sec:  1.006E+00
 Iteration:  00000024   DeltaT:  2.556E-06   Iter/sec:  9.995E-01
 Iteration:  00000025   DeltaT:  2.556E-06   Iter/sec:  1.015E+00
 Iteration:  00000026   DeltaT:  2.556E-06   Iter/sec:  9.977E-01
 Iteration:  00000027   DeltaT:  2.556E-06   Iter/sec:  1.041E+00
 Iteration:  00000028   DeltaT:  2.556E-06   Iter/sec:  1.005E+00
 Iteration:  00000029   DeltaT:  2.556E-06   Iter/sec:  1.016E+00
 Iteration:  00000030   DeltaT:  2.556E-06   Iter/sec:  1.005E+00
 Iteration:  00000031   DeltaT:  2.556E-06   Iter/sec:  1.019E+00
 Iteration:  00000032   DeltaT:  2.556E-06   Iter/sec:  1.013E+00
 Iteration:  00000033   DeltaT:  2.556E-06   Iter/sec:  1.012E+00
 Iteration:  00000034   DeltaT:  2.556E-06   Iter/sec:  1.022E+00
 Iteration:  00000035   DeltaT:  2.556E-06   Iter/sec:  1.008E+00
 Iteration:  00000036   DeltaT:  2.556E-06   Iter/sec:  9.826E-01
 Iteration:  00000037   DeltaT:  2.556E-06   Iter/sec:  1.013E+00
 Iteration:  00000038   DeltaT:  2.556E-06   Iter/sec:  1.004E+00
 Iteration:  00000039   DeltaT:  2.556E-06   Iter/sec:  1.031E+00
 Iteration:  00000040   DeltaT:  2.556E-06   Iter/sec:  1.022E+00
 Iteration:  00000041   DeltaT:  2.556E-06   Iter/sec:  9.721E-01
 Iteration:  00000042   DeltaT:  2.556E-06   Iter/sec:  1.003E+00
 Iteration:  00000043   DeltaT:  2.556E-06   Iter/sec:  1.020E+00
 Iteration:  00000044   DeltaT:  2.556E-06   Iter/sec:  1.010E+00
 Iteration:  00000045   DeltaT:  2.556E-06   Iter/sec:  1.014E+00
 Iteration:  00000046   DeltaT:  2.556E-06   Iter/sec:  1.001E+00
 Iteration:  00000047   DeltaT:  2.556E-06   Iter/sec:  1.009E+00
 Iteration:  00000048   DeltaT:  2.556E-06   Iter/sec:  1.030E+00
 Iteration:  00000049   DeltaT:  2.556E-06   Iter/sec:  1.017E+00
 Iteration:  00000050   DeltaT:  2.556E-06   Iter/sec:  9.994E-01


//////////////////////////////////////////////
   Measured Timings for Process 0  (seconds)

 Elapsed time:        61.1237
  Column time:        16.0957
     Row time:        15.6090
Legendre time:         6.4181
     FFT time:         2.0972
   Solve time:         0.9211
    rlma time:         0.3566
    rlmb time:         0.1609
  pspace time:         4.2477
  psolve time:         3.1918
    dphi time:         0.1985
captured time:        49.2965

     iter/sec:         0.8180
//////////////////////////////////////////////
