 //////////////////////////////////////
 Initializating Rayleigh...

 -- Initalizing MPI...
 ---- Specified parameters:
 ---- NCPU  :   1024
 ---- NPROW :     32
 ---- NPCOL :     32
 -- MPI initialized.


 -- Initalizing Grid...
 ---- Specified parameters ----
 ---- N_R                 :    128
 ---- N_THETA             :    192
 ---- Ell_MAX             :    127
 ---- R_MIN               :  5.38462E-01
 ---- R_MAX               :  1.53846E+00
 ---- Chebyshev Domains   :      1

        Domain 1
          Grid points           :  128
          Dealiased Polynomials :  85
          Domain Lower Bound    :  5.38462E-01
          Domain Upper Bound    :  1.53846E+00

 -- Grid initialized.

 -- Initalizing Reference State...
 ---- Specified parameters:
 ---- Reference type           :  Boussinesq (Non-dimensional)
 ---- Rayleigh Number          :  1.00000E+05
 ---- Ekman Number             :  1.00000E-03
 ---- Prandtl Number           :  1.00000E+00
 ---- Magnetic Prandtl Number  :  5.00000E+00
 -- Reference State initialized.

 -- Initializing Fields...
 ---- Specified parameters:
 ---- Hydro Init Type    : Benchmark (Christensen et al. 2001)
 ---- Magnetic Init Type : Benchmark (Christensen et al. 2001)
 -- Fields initialized.

 Initialization Complete.
 //////////////////////////////////////

 Timestep has changed from  0.00000E+00 to  1.00000E-04.
 Iteration:  00000001   DeltaT:  1.000E-04   Iter/sec:  0.000E+00
 Timestep has changed from  1.00000E-04 to  2.55581E-06.
 Iteration:  00000002   DeltaT:  2.556E-06   Iter/sec:  8.070E+00
 Iteration:  00000003   DeltaT:  2.556E-06   Iter/sec:  2.467E+01
 Iteration:  00000004   DeltaT:  2.556E-06   Iter/sec:  6.820E+01
 Iteration:  00000005   DeltaT:  2.556E-06   Iter/sec:  6.714E+01
 Iteration:  00000006   DeltaT:  2.556E-06   Iter/sec:  6.775E+01
 Iteration:  00000007   DeltaT:  2.556E-06   Iter/sec:  6.597E+01
 Iteration:  00000008   DeltaT:  2.556E-06   Iter/sec:  6.758E+01
 Iteration:  00000009   DeltaT:  2.556E-06   Iter/sec:  6.887E+01
 Iteration:  00000010   DeltaT:  2.556E-06   Iter/sec:  6.482E+01
 Iteration:  00000011   DeltaT:  2.556E-06   Iter/sec:  6.970E+01
 Iteration:  00000012   DeltaT:  2.556E-06   Iter/sec:  6.213E+01
 Iteration:  00000013   DeltaT:  2.556E-06   Iter/sec:  6.903E+01
 Iteration:  00000014   DeltaT:  2.556E-06   Iter/sec:  6.881E+01
 Iteration:  00000015   DeltaT:  2.556E-06   Iter/sec:  6.698E+01
 Iteration:  00000016   DeltaT:  2.556E-06   Iter/sec:  6.723E+01
 Iteration:  00000017   DeltaT:  2.556E-06   Iter/sec:  6.943E+01
 Iteration:  00000018   DeltaT:  2.556E-06   Iter/sec:  6.770E+01
 Iteration:  00000019   DeltaT:  2.556E-06   Iter/sec:  6.560E+01
 Iteration:  00000020   DeltaT:  2.556E-06   Iter/sec:  6.884E+01
 Iteration:  00000021   DeltaT:  2.556E-06   Iter/sec:  6.969E+01
 Iteration:  00000022   DeltaT:  2.556E-06   Iter/sec:  7.097E+01
 Iteration:  00000023   DeltaT:  2.556E-06   Iter/sec:  6.758E+01
 Iteration:  00000024   DeltaT:  2.556E-06   Iter/sec:  6.888E+01
 Iteration:  00000025   DeltaT:  2.556E-06   Iter/sec:  7.058E+01
 Iteration:  00000026   DeltaT:  2.556E-06   Iter/sec:  7.004E+01
 Iteration:  00000027   DeltaT:  2.556E-06   Iter/sec:  6.945E+01
 Iteration:  00000028   DeltaT:  2.556E-06   Iter/sec:  6.873E+01
 Iteration:  00000029   DeltaT:  2.556E-06   Iter/sec:  6.853E+01
 Iteration:  00000030   DeltaT:  2.556E-06   Iter/sec:  6.863E+01
 Iteration:  00000031   DeltaT:  2.556E-06   Iter/sec:  6.816E+01
 Iteration:  00000032   DeltaT:  2.556E-06   Iter/sec:  6.802E+01
 Iteration:  00000033   DeltaT:  2.556E-06   Iter/sec:  6.837E+01
 Iteration:  00000034   DeltaT:  2.556E-06   Iter/sec:  6.818E+01
 Iteration:  00000035   DeltaT:  2.556E-06   Iter/sec:  6.778E+01
 Iteration:  00000036   DeltaT:  2.556E-06   Iter/sec:  7.023E+01
 Iteration:  00000037   DeltaT:  2.556E-06   Iter/sec:  6.819E+01
 Iteration:  00000038   DeltaT:  2.556E-06   Iter/sec:  6.613E+01
 Iteration:  00000039   DeltaT:  2.556E-06   Iter/sec:  6.835E+01
 Iteration:  00000040   DeltaT:  2.556E-06   Iter/sec:  6.820E+01
 Iteration:  00000041   DeltaT:  2.556E-06   Iter/sec:  7.081E+01
 Iteration:  00000042   DeltaT:  2.556E-06   Iter/sec:  6.633E+01
 Iteration:  00000043   DeltaT:  2.556E-06   Iter/sec:  6.884E+01
 Iteration:  00000044   DeltaT:  2.556E-06   Iter/sec:  7.006E+01
 Iteration:  00000045   DeltaT:  2.556E-06   Iter/sec:  6.900E+01
 Iteration:  00000046   DeltaT:  2.556E-06   Iter/sec:  6.858E+01
 Iteration:  00000047   DeltaT:  2.556E-06   Iter/sec:  6.839E+01
 Iteration:  00000048   DeltaT:  2.556E-06   Iter/sec:  6.948E+01
 Iteration:  00000049   DeltaT:  2.556E-06   Iter/sec:  6.686E+01
 Iteration:  00000050   DeltaT:  2.556E-06   Iter/sec:  6.919E+01


//////////////////////////////////////////////
   Measured Timings for Process 0  (seconds)

 Elapsed time:         1.5727
  Column time:         0.2786
     Row time:         0.1503
Legendre time:         0.0501
     FFT time:         0.0359
   Solve time:         0.1202
    rlma time:         0.0136
    rlmb time:         0.0050
  pspace time:         0.0261
  psolve time:         0.0942
    dphi time:         0.0030
captured time:         0.7768

     iter/sec:        31.1575
//////////////////////////////////////////////
