 //////////////////////////////////////
 Initializating Rayleigh...

 -- Initalizing MPI...
 ---- Specified parameters:
 ---- NCPU  :    256
 ---- NPROW :     16
 ---- NPCOL :     16
 -- MPI initialized.


 -- Initalizing Grid...
 ---- Specified parameters ----
 ---- N_R                 :    128
 ---- N_THETA             :    768
 ---- Ell_MAX             :    511
 ---- R_MIN               :  5.38462E-01
 ---- R_MAX               :  1.53846E+00
 ---- Chebyshev Domains   :      1

        Domain 1
          Grid points           :  128
          Dealiased Polynomials :  85
          Domain Lower Bound    :  5.38462E-01
          Domain Upper Bound    :  1.53846E+00

 -- Grid initialized.

 -- Initalizing Reference State...
 ---- Specified parameters:
 ---- Reference type           :  Boussinesq (Non-dimensional)
 ---- Rayleigh Number          :  1.00000E+05
 ---- Ekman Number             :  1.00000E-03
 ---- Prandtl Number           :  1.00000E+00
 ---- Magnetic Prandtl Number  :  5.00000E+00
 -- Reference State initialized.

 -- Initializing Fields...
 ---- Specified parameters:
 ---- Hydro Init Type    : Benchmark (Christensen et al. 2001)
 ---- Magnetic Init Type : Benchmark (Christensen et al. 2001)
 -- Fields initialized.

 Initialization Complete.
 //////////////////////////////////////

 Timestep has changed from  0.00000E+00 to  1.00000E-04.
 Iteration:  00000001   DeltaT:  1.000E-04   Iter/sec:  0.000E+00
 Timestep has changed from  1.00000E-04 to  2.55562E-06.
 Iteration:  00000002   DeltaT:  2.556E-06   Iter/sec:  4.134E-01
 Iteration:  00000003   DeltaT:  2.556E-06   Iter/sec:  7.210E-01
 Iteration:  00000004   DeltaT:  2.556E-06   Iter/sec:  8.079E-01
 Iteration:  00000005   DeltaT:  2.556E-06   Iter/sec:  8.124E-01
 Iteration:  00000006   DeltaT:  2.556E-06   Iter/sec:  8.039E-01
 Iteration:  00000007   DeltaT:  2.556E-06   Iter/sec:  8.118E-01
 Iteration:  00000008   DeltaT:  2.556E-06   Iter/sec:  8.239E-01
 Iteration:  00000009   DeltaT:  2.556E-06   Iter/sec:  8.145E-01
 Iteration:  00000010   DeltaT:  2.556E-06   Iter/sec:  8.142E-01
 Iteration:  00000011   DeltaT:  2.556E-06   Iter/sec:  8.172E-01
 Iteration:  00000012   DeltaT:  2.556E-06   Iter/sec:  8.009E-01
 Iteration:  00000013   DeltaT:  2.556E-06   Iter/sec:  8.209E-01
 Iteration:  00000014   DeltaT:  2.556E-06   Iter/sec:  8.026E-01
 Iteration:  00000015   DeltaT:  2.556E-06   Iter/sec:  8.118E-01
 Iteration:  00000016   DeltaT:  2.556E-06   Iter/sec:  8.091E-01
 Iteration:  00000017   DeltaT:  2.556E-06   Iter/sec:  8.155E-01
 Iteration:  00000018   DeltaT:  2.556E-06   Iter/sec:  7.923E-01
 Iteration:  00000019   DeltaT:  2.556E-06   Iter/sec:  8.321E-01
 Iteration:  00000020   DeltaT:  2.556E-06   Iter/sec:  7.893E-01
 Iteration:  00000021   DeltaT:  2.556E-06   Iter/sec:  8.161E-01
 Iteration:  00000022   DeltaT:  2.556E-06   Iter/sec:  8.125E-01
 Iteration:  00000023   DeltaT:  2.556E-06   Iter/sec:  7.969E-01
 Iteration:  00000024   DeltaT:  2.556E-06   Iter/sec:  8.201E-01
 Iteration:  00000025   DeltaT:  2.556E-06   Iter/sec:  8.162E-01
 Iteration:  00000026   DeltaT:  2.556E-06   Iter/sec:  8.014E-01
 Iteration:  00000027   DeltaT:  2.556E-06   Iter/sec:  8.080E-01
 Iteration:  00000028   DeltaT:  2.556E-06   Iter/sec:  7.996E-01
 Iteration:  00000029   DeltaT:  2.556E-06   Iter/sec:  8.066E-01
 Iteration:  00000030   DeltaT:  2.556E-06   Iter/sec:  8.168E-01
 Iteration:  00000031   DeltaT:  2.556E-06   Iter/sec:  8.197E-01
 Iteration:  00000032   DeltaT:  2.556E-06   Iter/sec:  8.273E-01
 Iteration:  00000033   DeltaT:  2.556E-06   Iter/sec:  8.263E-01
 Iteration:  00000034   DeltaT:  2.556E-06   Iter/sec:  7.982E-01
 Iteration:  00000035   DeltaT:  2.556E-06   Iter/sec:  8.072E-01
 Iteration:  00000036   DeltaT:  2.556E-06   Iter/sec:  8.113E-01
 Iteration:  00000037   DeltaT:  2.556E-06   Iter/sec:  7.995E-01
 Iteration:  00000038   DeltaT:  2.556E-06   Iter/sec:  8.200E-01
 Iteration:  00000039   DeltaT:  2.556E-06   Iter/sec:  8.112E-01
 Iteration:  00000040   DeltaT:  2.556E-06   Iter/sec:  8.091E-01
 Iteration:  00000041   DeltaT:  2.556E-06   Iter/sec:  8.039E-01
 Iteration:  00000042   DeltaT:  2.556E-06   Iter/sec:  8.080E-01
 Iteration:  00000043   DeltaT:  2.556E-06   Iter/sec:  8.059E-01
 Iteration:  00000044   DeltaT:  2.556E-06   Iter/sec:  8.088E-01
 Iteration:  00000045   DeltaT:  2.556E-06   Iter/sec:  8.070E-01
 Iteration:  00000046   DeltaT:  2.556E-06   Iter/sec:  8.099E-01
 Iteration:  00000047   DeltaT:  2.556E-06   Iter/sec:  7.993E-01
 Iteration:  00000048   DeltaT:  2.556E-06   Iter/sec:  8.100E-01
 Iteration:  00000049   DeltaT:  2.556E-06   Iter/sec:  8.127E-01
 Iteration:  00000050   DeltaT:  2.556E-06   Iter/sec:  8.204E-01


//////////////////////////////////////////////
   Measured Timings for Process 0  (seconds)

 Elapsed time:        69.5391
  Column time:         9.6821
     Row time:        19.5942
Legendre time:         9.5287
     FFT time:         3.8772
   Solve time:         1.4185
    rlma time:         0.9078
    rlmb time:         0.5108
  pspace time:         8.9604
  psolve time:         6.4648
    dphi time:         0.4092
captured time:        61.3537

     iter/sec:         0.7046
//////////////////////////////////////////////
