 //////////////////////////////////////
 Initializating Rayleigh...

 -- Initalizing MPI...
 ---- Specified parameters:
 ---- NCPU  :    512
 ---- NPROW :     32
 ---- NPCOL :     16
 -- MPI initialized.


 -- Initalizing Grid...
 ---- Specified parameters ----
 ---- N_R                 :    128
 ---- N_THETA             :   1536
 ---- Ell_MAX             :   1023
 ---- R_MIN               :  5.38462E-01
 ---- R_MAX               :  1.53846E+00
 ---- Chebyshev Domains   :      1

        Domain 1
          Grid points           :  128
          Dealiased Polynomials :  85
          Domain Lower Bound    :  5.38462E-01
          Domain Upper Bound    :  1.53846E+00

 -- Grid initialized.

 -- Initalizing Reference State...
 ---- Specified parameters:
 ---- Reference type           :  Boussinesq (Non-dimensional)
 ---- Rayleigh Number          :  1.00000E+05
 ---- Ekman Number             :  1.00000E-03
 ---- Prandtl Number           :  1.00000E+00
 ---- Magnetic Prandtl Number  :  5.00000E+00
 -- Reference State initialized.

 -- Initializing Fields...
 ---- Specified parameters:
 ---- Hydro Init Type    : Benchmark (Christensen et al. 2001)
 ---- Magnetic Init Type : Benchmark (Christensen et al. 2001)
 -- Fields initialized.

 Initialization Complete.
 //////////////////////////////////////

 Timestep has changed from  0.00000E+00 to  1.00000E-04.
 Iteration:  00000001   DeltaT:  1.000E-04   Iter/sec:  0.000E+00
 Timestep has changed from  1.00000E-04 to  2.55561E-06.
 Iteration:  00000002   DeltaT:  2.556E-06   Iter/sec:  1.390E-01
 Iteration:  00000003   DeltaT:  2.556E-06   Iter/sec:  3.100E-01
 Iteration:  00000004   DeltaT:  2.556E-06   Iter/sec:  3.356E-01
 Iteration:  00000005   DeltaT:  2.556E-06   Iter/sec:  3.379E-01
 Iteration:  00000006   DeltaT:  2.556E-06   Iter/sec:  3.421E-01
 Iteration:  00000007   DeltaT:  2.556E-06   Iter/sec:  3.345E-01
 Iteration:  00000008   DeltaT:  2.556E-06   Iter/sec:  3.356E-01
 Iteration:  00000009   DeltaT:  2.556E-06   Iter/sec:  3.403E-01
 Iteration:  00000010   DeltaT:  2.556E-06   Iter/sec:  3.442E-01
 Iteration:  00000011   DeltaT:  2.556E-06   Iter/sec:  3.302E-01
 Iteration:  00000012   DeltaT:  2.556E-06   Iter/sec:  3.357E-01
 Iteration:  00000013   DeltaT:  2.556E-06   Iter/sec:  3.329E-01
 Iteration:  00000014   DeltaT:  2.556E-06   Iter/sec:  3.392E-01
 Iteration:  00000015   DeltaT:  2.556E-06   Iter/sec:  3.427E-01
 Iteration:  00000016   DeltaT:  2.556E-06   Iter/sec:  3.420E-01
 Iteration:  00000017   DeltaT:  2.556E-06   Iter/sec:  3.274E-01
 Iteration:  00000018   DeltaT:  2.556E-06   Iter/sec:  3.422E-01
 Iteration:  00000019   DeltaT:  2.556E-06   Iter/sec:  3.361E-01
 Iteration:  00000020   DeltaT:  2.556E-06   Iter/sec:  3.372E-01
 Iteration:  00000021   DeltaT:  2.556E-06   Iter/sec:  3.396E-01
 Iteration:  00000022   DeltaT:  2.556E-06   Iter/sec:  3.368E-01
 Iteration:  00000023   DeltaT:  2.556E-06   Iter/sec:  3.352E-01
 Iteration:  00000024   DeltaT:  2.556E-06   Iter/sec:  3.390E-01
 Iteration:  00000025   DeltaT:  2.556E-06   Iter/sec:  3.348E-01
 Iteration:  00000026   DeltaT:  2.556E-06   Iter/sec:  3.377E-01
 Iteration:  00000027   DeltaT:  2.556E-06   Iter/sec:  3.422E-01
 Iteration:  00000028   DeltaT:  2.556E-06   Iter/sec:  3.373E-01
 Iteration:  00000029   DeltaT:  2.556E-06   Iter/sec:  3.420E-01
 Iteration:  00000030   DeltaT:  2.556E-06   Iter/sec:  3.381E-01
 Iteration:  00000031   DeltaT:  2.556E-06   Iter/sec:  3.329E-01
 Iteration:  00000032   DeltaT:  2.556E-06   Iter/sec:  3.402E-01
 Iteration:  00000033   DeltaT:  2.556E-06   Iter/sec:  3.347E-01
 Iteration:  00000034   DeltaT:  2.556E-06   Iter/sec:  3.426E-01
 Iteration:  00000035   DeltaT:  2.556E-06   Iter/sec:  3.263E-01
 Iteration:  00000036   DeltaT:  2.556E-06   Iter/sec:  3.414E-01
 Iteration:  00000037   DeltaT:  2.556E-06   Iter/sec:  3.268E-01
 Iteration:  00000038   DeltaT:  2.556E-06   Iter/sec:  3.391E-01
 Iteration:  00000039   DeltaT:  2.556E-06   Iter/sec:  3.340E-01
 Iteration:  00000040   DeltaT:  2.556E-06   Iter/sec:  3.373E-01
 Iteration:  00000041   DeltaT:  2.556E-06   Iter/sec:  3.351E-01
 Iteration:  00000042   DeltaT:  2.556E-06   Iter/sec:  3.363E-01
 Iteration:  00000043   DeltaT:  2.556E-06   Iter/sec:  3.344E-01
 Iteration:  00000044   DeltaT:  2.556E-06   Iter/sec:  3.417E-01
 Iteration:  00000045   DeltaT:  2.556E-06   Iter/sec:  3.292E-01
 Iteration:  00000046   DeltaT:  2.556E-06   Iter/sec:  3.429E-01
 Iteration:  00000047   DeltaT:  2.556E-06   Iter/sec:  3.373E-01
 Iteration:  00000048   DeltaT:  2.556E-06   Iter/sec:  3.341E-01
 Iteration:  00000049   DeltaT:  2.556E-06   Iter/sec:  3.385E-01
 Iteration:  00000050   DeltaT:  2.556E-06   Iter/sec:  3.398E-01


//////////////////////////////////////////////
   Measured Timings for Process 0  (seconds)

 Elapsed time:       178.9295
  Column time:        30.4705
     Row time:        45.5000
Legendre time:        27.6058
     FFT time:         8.0056
   Solve time:         2.7782
    rlma time:         2.9040
    rlmb time:         1.4171
  pspace time:        14.8638
  psolve time:        13.1510
    dphi time:         0.4863
captured time:       147.1825

     iter/sec:         0.2739
//////////////////////////////////////////////
