 //////////////////////////////////////
 Initializating Rayleigh...

 -- Initalizing MPI...
 ---- Specified parameters:
 ---- NCPU  :    128
 ---- NPROW :     16
 ---- NPCOL :      8
 -- MPI initialized.


 -- Initalizing Grid...
 ---- Specified parameters ----
 ---- N_R                 :     64
 ---- N_THETA             :   1536
 ---- Ell_MAX             :   1023
 ---- R_MIN               :  5.38462E-01
 ---- R_MAX               :  1.53846E+00
 ---- Chebyshev Domains   :      1

        Domain 1
          Grid points           :  64
          Dealiased Polynomials :  42
          Domain Lower Bound    :  5.38462E-01
          Domain Upper Bound    :  1.53846E+00

 -- Grid initialized.

 -- Initalizing Reference State...
 ---- Specified parameters:
 ---- Reference type           :  Boussinesq (Non-dimensional)
 ---- Rayleigh Number          :  1.00000E+05
 ---- Ekman Number             :  1.00000E-03
 ---- Prandtl Number           :  1.00000E+00
 ---- Magnetic Prandtl Number  :  5.00000E+00
 -- Reference State initialized.

 -- Initializing Fields...
 ---- Specified parameters:
 ---- Hydro Init Type    : Benchmark (Christensen et al. 2001)
 ---- Magnetic Init Type : Benchmark (Christensen et al. 2001)
 -- Fields initialized.

 Initialization Complete.
 //////////////////////////////////////

 Timestep has changed from  0.00000E+00 to  1.00000E-04.
 Iteration:  00000001   DeltaT:  1.000E-04   Iter/sec:  0.000E+00
 Timestep has changed from  1.00000E-04 to  4.46409E-06.
 Iteration:  00000002   DeltaT:  4.464E-06   Iter/sec:  7.818E-02
 Iteration:  00000003   DeltaT:  4.464E-06   Iter/sec:  1.743E-01
 Iteration:  00000004   DeltaT:  4.464E-06   Iter/sec:  1.743E-01
 Iteration:  00000005   DeltaT:  4.464E-06   Iter/sec:  1.761E-01
 Iteration:  00000006   DeltaT:  4.464E-06   Iter/sec:  1.743E-01
 Iteration:  00000007   DeltaT:  4.464E-06   Iter/sec:  1.804E-01
 Iteration:  00000008   DeltaT:  4.464E-06   Iter/sec:  1.728E-01
 Iteration:  00000009   DeltaT:  4.464E-06   Iter/sec:  1.762E-01
 Iteration:  00000010   DeltaT:  4.464E-06   Iter/sec:  1.764E-01
 Iteration:  00000011   DeltaT:  4.464E-06   Iter/sec:  1.752E-01
 Iteration:  00000012   DeltaT:  4.464E-06   Iter/sec:  1.767E-01
 Iteration:  00000013   DeltaT:  4.464E-06   Iter/sec:  1.762E-01
 Iteration:  00000014   DeltaT:  4.464E-06   Iter/sec:  1.754E-01
 Iteration:  00000015   DeltaT:  4.464E-06   Iter/sec:  1.761E-01
 Iteration:  00000016   DeltaT:  4.464E-06   Iter/sec:  1.767E-01
 Iteration:  00000017   DeltaT:  4.464E-06   Iter/sec:  1.754E-01
 Iteration:  00000018   DeltaT:  4.464E-06   Iter/sec:  1.755E-01
 Iteration:  00000019   DeltaT:  4.464E-06   Iter/sec:  1.773E-01
 Iteration:  00000020   DeltaT:  4.464E-06   Iter/sec:  1.759E-01
 Iteration:  00000021   DeltaT:  4.464E-06   Iter/sec:  1.756E-01
 Iteration:  00000022   DeltaT:  4.464E-06   Iter/sec:  1.755E-01
 Iteration:  00000023   DeltaT:  4.464E-06   Iter/sec:  1.770E-01
 Iteration:  00000024   DeltaT:  4.464E-06   Iter/sec:  1.762E-01
 Iteration:  00000025   DeltaT:  4.464E-06   Iter/sec:  1.767E-01
 Iteration:  00000026   DeltaT:  4.464E-06   Iter/sec:  1.737E-01
 Iteration:  00000027   DeltaT:  4.464E-06   Iter/sec:  1.764E-01
 Iteration:  00000028   DeltaT:  4.464E-06   Iter/sec:  1.748E-01
 Iteration:  00000029   DeltaT:  4.464E-06   Iter/sec:  1.772E-01
 Iteration:  00000030   DeltaT:  4.464E-06   Iter/sec:  1.765E-01
 Iteration:  00000031   DeltaT:  4.464E-06   Iter/sec:  1.785E-01
 Iteration:  00000032   DeltaT:  4.464E-06   Iter/sec:  1.734E-01
 Iteration:  00000033   DeltaT:  4.464E-06   Iter/sec:  1.789E-01
 Iteration:  00000034   DeltaT:  4.464E-06   Iter/sec:  1.728E-01
 Iteration:  00000035   DeltaT:  4.464E-06   Iter/sec:  1.776E-01
 Iteration:  00000036   DeltaT:  4.464E-06   Iter/sec:  1.746E-01
 Iteration:  00000037   DeltaT:  4.464E-06   Iter/sec:  1.763E-01
 Iteration:  00000038   DeltaT:  4.464E-06   Iter/sec:  1.757E-01
 Iteration:  00000039   DeltaT:  4.464E-06   Iter/sec:  1.782E-01
 Iteration:  00000040   DeltaT:  4.464E-06   Iter/sec:  1.745E-01
 Iteration:  00000041   DeltaT:  4.464E-06   Iter/sec:  1.757E-01
 Iteration:  00000042   DeltaT:  4.464E-06   Iter/sec:  1.767E-01
 Iteration:  00000043   DeltaT:  4.464E-06   Iter/sec:  1.764E-01
 Iteration:  00000044   DeltaT:  4.464E-06   Iter/sec:  1.748E-01
 Iteration:  00000045   DeltaT:  4.464E-06   Iter/sec:  1.755E-01
 Iteration:  00000046   DeltaT:  4.464E-06   Iter/sec:  1.757E-01
 Iteration:  00000047   DeltaT:  4.464E-06   Iter/sec:  1.786E-01
 Iteration:  00000048   DeltaT:  4.464E-06   Iter/sec:  1.748E-01
 Iteration:  00000049   DeltaT:  4.464E-06   Iter/sec:  1.781E-01
 Iteration:  00000050   DeltaT:  4.464E-06   Iter/sec:  1.742E-01


//////////////////////////////////////////////
   Measured Timings for Process 0  (seconds)

 Elapsed time:       323.2270
  Column time:        33.1331
     Row time:        96.6231
Legendre time:        56.7502
     FFT time:        16.9207
   Solve time:         2.5172
    rlma time:         7.4265
    rlmb time:         2.9282
  pspace time:        35.6031
  psolve time:        25.8443
    dphi time:         2.1949
captured time:       279.9411

     iter/sec:         0.1516
//////////////////////////////////////////////
