 //////////////////////////////////////
 Initializating Rayleigh...

 -- Initalizing MPI...
 ---- Specified parameters:
 ---- NCPU  :   1024
 ---- NPROW :     32
 ---- NPCOL :     32
 -- MPI initialized.


 -- Initalizing Grid...
 ---- Specified parameters ----
 ---- N_R                 :     64
 ---- N_THETA             :   1536
 ---- Ell_MAX             :   1023
 ---- R_MIN               :  5.38462E-01
 ---- R_MAX               :  1.53846E+00
 ---- Chebyshev Domains   :      1

        Domain 1
          Grid points           :  64
          Dealiased Polynomials :  42
          Domain Lower Bound    :  5.38462E-01
          Domain Upper Bound    :  1.53846E+00

 -- Grid initialized.

 -- Initalizing Reference State...
 ---- Specified parameters:
 ---- Reference type           :  Boussinesq (Non-dimensional)
 ---- Rayleigh Number          :  1.00000E+05
 ---- Ekman Number             :  1.00000E-03
 ---- Prandtl Number           :  1.00000E+00
 ---- Magnetic Prandtl Number  :  5.00000E+00
 -- Reference State initialized.

 -- Initializing Fields...
 ---- Specified parameters:
 ---- Hydro Init Type    : Benchmark (Christensen et al. 2001)
 ---- Magnetic Init Type : Benchmark (Christensen et al. 2001)
 -- Fields initialized.

 Initialization Complete.
 //////////////////////////////////////

 Timestep has changed from  0.00000E+00 to  1.00000E-04.
 Iteration:  00000001   DeltaT:  1.000E-04   Iter/sec:  0.000E+00
 Timestep has changed from  1.00000E-04 to  4.46409E-06.
 Iteration:  00000002   DeltaT:  4.464E-06   Iter/sec:  2.128E-01
 Iteration:  00000003   DeltaT:  4.464E-06   Iter/sec:  1.189E+00
 Iteration:  00000004   DeltaT:  4.464E-06   Iter/sec:  1.210E+00
 Iteration:  00000005   DeltaT:  4.464E-06   Iter/sec:  1.207E+00
 Iteration:  00000006   DeltaT:  4.464E-06   Iter/sec:  1.222E+00
 Iteration:  00000007   DeltaT:  4.464E-06   Iter/sec:  1.216E+00
 Iteration:  00000008   DeltaT:  4.464E-06   Iter/sec:  1.204E+00
 Iteration:  00000009   DeltaT:  4.464E-06   Iter/sec:  1.256E+00
 Iteration:  00000010   DeltaT:  4.464E-06   Iter/sec:  1.177E+00
 Iteration:  00000011   DeltaT:  4.464E-06   Iter/sec:  1.204E+00
 Iteration:  00000012   DeltaT:  4.464E-06   Iter/sec:  1.204E+00
 Iteration:  00000013   DeltaT:  4.464E-06   Iter/sec:  1.228E+00
 Iteration:  00000014   DeltaT:  4.464E-06   Iter/sec:  1.194E+00
 Iteration:  00000015   DeltaT:  4.464E-06   Iter/sec:  1.222E+00
 Iteration:  00000016   DeltaT:  4.464E-06   Iter/sec:  1.187E+00
 Iteration:  00000017   DeltaT:  4.464E-06   Iter/sec:  1.250E+00
 Iteration:  00000018   DeltaT:  4.464E-06   Iter/sec:  1.201E+00
 Iteration:  00000019   DeltaT:  4.464E-06   Iter/sec:  1.220E+00
 Iteration:  00000020   DeltaT:  4.464E-06   Iter/sec:  1.211E+00
 Iteration:  00000021   DeltaT:  4.464E-06   Iter/sec:  1.180E+00
 Iteration:  00000022   DeltaT:  4.464E-06   Iter/sec:  1.241E+00
 Iteration:  00000023   DeltaT:  4.464E-06   Iter/sec:  1.221E+00
 Iteration:  00000024   DeltaT:  4.464E-06   Iter/sec:  1.194E+00
 Iteration:  00000025   DeltaT:  4.464E-06   Iter/sec:  1.218E+00
 Iteration:  00000026   DeltaT:  4.464E-06   Iter/sec:  1.204E+00
 Iteration:  00000027   DeltaT:  4.464E-06   Iter/sec:  1.191E+00
 Iteration:  00000028   DeltaT:  4.464E-06   Iter/sec:  1.241E+00
 Iteration:  00000029   DeltaT:  4.464E-06   Iter/sec:  1.179E+00
 Iteration:  00000030   DeltaT:  4.464E-06   Iter/sec:  1.163E+00
 Iteration:  00000031   DeltaT:  4.464E-06   Iter/sec:  1.256E+00
 Iteration:  00000032   DeltaT:  4.464E-06   Iter/sec:  1.164E+00
 Iteration:  00000033   DeltaT:  4.464E-06   Iter/sec:  1.205E+00
 Iteration:  00000034   DeltaT:  4.464E-06   Iter/sec:  1.200E+00
 Iteration:  00000035   DeltaT:  4.464E-06   Iter/sec:  1.195E+00
 Iteration:  00000036   DeltaT:  4.464E-06   Iter/sec:  1.216E+00
 Iteration:  00000037   DeltaT:  4.464E-06   Iter/sec:  1.225E+00
 Iteration:  00000038   DeltaT:  4.464E-06   Iter/sec:  1.200E+00
 Iteration:  00000039   DeltaT:  4.464E-06   Iter/sec:  1.180E+00
 Iteration:  00000040   DeltaT:  4.464E-06   Iter/sec:  1.213E+00
 Iteration:  00000041   DeltaT:  4.464E-06   Iter/sec:  1.197E+00
 Iteration:  00000042   DeltaT:  4.464E-06   Iter/sec:  1.195E+00
 Iteration:  00000043   DeltaT:  4.464E-06   Iter/sec:  1.232E+00
 Iteration:  00000044   DeltaT:  4.464E-06   Iter/sec:  1.186E+00
 Iteration:  00000045   DeltaT:  4.464E-06   Iter/sec:  1.213E+00
 Iteration:  00000046   DeltaT:  4.464E-06   Iter/sec:  1.224E+00
 Iteration:  00000047   DeltaT:  4.464E-06   Iter/sec:  1.186E+00
 Iteration:  00000048   DeltaT:  4.464E-06   Iter/sec:  1.221E+00
 Iteration:  00000049   DeltaT:  4.464E-06   Iter/sec:  1.218E+00
 Iteration:  00000050   DeltaT:  4.464E-06   Iter/sec:  1.201E+00


//////////////////////////////////////////////
   Measured Timings for Process 0  (seconds)

 Elapsed time:        46.8681
  Column time:        12.7394
     Row time:        10.8478
Legendre time:         6.9484
     FFT time:         2.0855
   Solve time:         0.3759
    rlma time:         0.4161
    rlmb time:         0.1988
  pspace time:         4.4768
  psolve time:         2.9029
    dphi time:         0.2419
captured time:        41.2334

     iter/sec:         1.0455
//////////////////////////////////////////////
