 //////////////////////////////////////
 Initializating Rayleigh...

 -- Initalizing MPI...
 ---- Specified parameters:
 ---- NCPU  :   1024
 ---- NPROW :     32
 ---- NPCOL :     32
 -- MPI initialized.


 -- Initalizing Grid...
 ---- Specified parameters ----
 ---- N_R                 :     64
 ---- N_THETA             :    192
 ---- Ell_MAX             :    127
 ---- R_MIN               :  5.38462E-01
 ---- R_MAX               :  1.53846E+00
 ---- Chebyshev Domains   :      1

        Domain 1
          Grid points           :  64
          Dealiased Polynomials :  42
          Domain Lower Bound    :  5.38462E-01
          Domain Upper Bound    :  1.53846E+00

 -- Grid initialized.

 -- Initalizing Reference State...
 ---- Specified parameters:
 ---- Reference type           :  Boussinesq (Non-dimensional)
 ---- Rayleigh Number          :  1.00000E+05
 ---- Ekman Number             :  1.00000E-03
 ---- Prandtl Number           :  1.00000E+00
 ---- Magnetic Prandtl Number  :  5.00000E+00
 -- Reference State initialized.

 -- Initializing Fields...
 ---- Specified parameters:
 ---- Hydro Init Type    : Benchmark (Christensen et al. 2001)
 ---- Magnetic Init Type : Benchmark (Christensen et al. 2001)
 -- Fields initialized.

 Initialization Complete.
 //////////////////////////////////////

 Timestep has changed from  0.00000E+00 to  1.00000E-04.
 Iteration:  00000001   DeltaT:  1.000E-04   Iter/sec:  0.000E+00
 Timestep has changed from  1.00000E-04 to  1.02217E-05.
 Iteration:  00000002   DeltaT:  1.022E-05   Iter/sec:  8.370E-01
 Iteration:  00000003   DeltaT:  1.022E-05   Iter/sec:  7.752E+01
 Iteration:  00000004   DeltaT:  1.022E-05   Iter/sec:  1.232E+02
 Iteration:  00000005   DeltaT:  1.022E-05   Iter/sec:  1.472E+02
 Iteration:  00000006   DeltaT:  1.022E-05   Iter/sec:  1.191E+02
 Iteration:  00000007   DeltaT:  1.022E-05   Iter/sec:  1.268E+02
 Iteration:  00000008   DeltaT:  1.022E-05   Iter/sec:  1.328E+02
 Iteration:  00000009   DeltaT:  1.022E-05   Iter/sec:  1.013E+02
 Iteration:  00000010   DeltaT:  1.022E-05   Iter/sec:  1.307E+02
 Iteration:  00000011   DeltaT:  1.022E-05   Iter/sec:  1.301E+02
 Iteration:  00000012   DeltaT:  1.022E-05   Iter/sec:  1.270E+02
 Iteration:  00000013   DeltaT:  1.022E-05   Iter/sec:  1.229E+02
 Iteration:  00000014   DeltaT:  1.022E-05   Iter/sec:  1.304E+02
 Iteration:  00000015   DeltaT:  1.022E-05   Iter/sec:  1.285E+02
 Iteration:  00000016   DeltaT:  1.022E-05   Iter/sec:  1.333E+02
 Iteration:  00000017   DeltaT:  1.022E-05   Iter/sec:  1.280E+02
 Iteration:  00000018   DeltaT:  1.022E-05   Iter/sec:  1.341E+02
 Iteration:  00000019   DeltaT:  1.022E-05   Iter/sec:  1.307E+02
 Iteration:  00000020   DeltaT:  1.022E-05   Iter/sec:  1.290E+02
 Iteration:  00000021   DeltaT:  1.022E-05   Iter/sec:  8.905E+01
 Iteration:  00000022   DeltaT:  1.022E-05   Iter/sec:  1.241E+02
 Iteration:  00000023   DeltaT:  1.022E-05   Iter/sec:  1.413E+02
 Iteration:  00000024   DeltaT:  1.022E-05   Iter/sec:  1.323E+02
 Iteration:  00000025   DeltaT:  1.022E-05   Iter/sec:  1.276E+02
 Iteration:  00000026   DeltaT:  1.022E-05   Iter/sec:  1.377E+02
 Iteration:  00000027   DeltaT:  1.022E-05   Iter/sec:  1.340E+02
 Iteration:  00000028   DeltaT:  1.022E-05   Iter/sec:  1.295E+02
 Iteration:  00000029   DeltaT:  1.022E-05   Iter/sec:  1.298E+02
 Iteration:  00000030   DeltaT:  1.022E-05   Iter/sec:  1.372E+02
 Iteration:  00000031   DeltaT:  1.022E-05   Iter/sec:  1.334E+02
 Iteration:  00000032   DeltaT:  1.022E-05   Iter/sec:  1.217E+02
 Iteration:  00000033   DeltaT:  1.022E-05   Iter/sec:  1.036E+02
 Iteration:  00000034   DeltaT:  1.022E-05   Iter/sec:  1.384E+02
 Iteration:  00000035   DeltaT:  1.022E-05   Iter/sec:  1.281E+02
 Iteration:  00000036   DeltaT:  1.022E-05   Iter/sec:  1.368E+02
 Iteration:  00000037   DeltaT:  1.022E-05   Iter/sec:  1.202E+02
 Iteration:  00000038   DeltaT:  1.022E-05   Iter/sec:  1.378E+02
 Iteration:  00000039   DeltaT:  1.022E-05   Iter/sec:  1.402E+02
 Iteration:  00000040   DeltaT:  1.022E-05   Iter/sec:  1.356E+02
 Iteration:  00000041   DeltaT:  1.022E-05   Iter/sec:  1.401E+02
 Iteration:  00000042   DeltaT:  1.022E-05   Iter/sec:  1.345E+02
 Iteration:  00000043   DeltaT:  1.022E-05   Iter/sec:  1.422E+02
 Iteration:  00000044   DeltaT:  1.022E-05   Iter/sec:  1.388E+02
 Iteration:  00000045   DeltaT:  1.022E-05   Iter/sec:  1.423E+02
 Iteration:  00000046   DeltaT:  1.022E-05   Iter/sec:  1.409E+02
 Iteration:  00000047   DeltaT:  1.022E-05   Iter/sec:  1.413E+02
 Iteration:  00000048   DeltaT:  1.022E-05   Iter/sec:  1.387E+02
 Iteration:  00000049   DeltaT:  1.022E-05   Iter/sec:  1.429E+02
 Iteration:  00000050   DeltaT:  1.022E-05   Iter/sec:  1.395E+02


//////////////////////////////////////////////
   Measured Timings for Process 0  (seconds)

 Elapsed time:         2.5877
  Column time:         0.3978
     Row time:         0.1118
Legendre time:         0.0246
     FFT time:         0.1120
   Solve time:         0.0345
    rlma time:         0.0076
    rlmb time:         0.0032
  pspace time:         0.0106
  psolve time:         0.2164
    dphi time:         0.0012
captured time:         0.9197

     iter/sec:        18.9358
//////////////////////////////////////////////
