 //////////////////////////////////////
 Initializating Rayleigh...

 -- Initalizing MPI...
 ---- Specified parameters:
 ---- NCPU  :    512
 ---- NPROW :     32
 ---- NPCOL :     16
 -- MPI initialized.


 -- Initalizing Grid...
 ---- Specified parameters ----
 ---- N_R                 :    128
 ---- N_THETA             :    192
 ---- Ell_MAX             :    127
 ---- R_MIN               :  5.38462E-01
 ---- R_MAX               :  1.53846E+00
 ---- Chebyshev Domains   :      1

        Domain 1
          Grid points           :  128
          Dealiased Polynomials :  85
          Domain Lower Bound    :  5.38462E-01
          Domain Upper Bound    :  1.53846E+00

 -- Grid initialized.

 -- Initalizing Reference State...
 ---- Specified parameters:
 ---- Reference type           :  Boussinesq (Non-dimensional)
 ---- Rayleigh Number          :  1.00000E+05
 ---- Ekman Number             :  1.00000E-03
 ---- Prandtl Number           :  1.00000E+00
 ---- Magnetic Prandtl Number  :  5.00000E+00
 -- Reference State initialized.

 -- Initializing Fields...
 ---- Specified parameters:
 ---- Hydro Init Type    : Benchmark (Christensen et al. 2001)
 ---- Magnetic Init Type : Benchmark (Christensen et al. 2001)
 -- Fields initialized.

 Initialization Complete.
 //////////////////////////////////////

 Timestep has changed from  0.00000E+00 to  1.00000E-04.
 Iteration:  00000001   DeltaT:  1.000E-04   Iter/sec:  0.000E+00
 Timestep has changed from  1.00000E-04 to  2.55581E-06.
 Iteration:  00000002   DeltaT:  2.556E-06   Iter/sec:  6.400E+00
 Iteration:  00000003   DeltaT:  2.556E-06   Iter/sec:  1.282E+01
 Iteration:  00000004   DeltaT:  2.556E-06   Iter/sec:  3.028E+01
 Iteration:  00000005   DeltaT:  2.556E-06   Iter/sec:  3.084E+01
 Iteration:  00000006   DeltaT:  2.556E-06   Iter/sec:  1.649E+01
 Iteration:  00000007   DeltaT:  2.556E-06   Iter/sec:  1.834E+01
 Iteration:  00000008   DeltaT:  2.556E-06   Iter/sec:  3.375E+01
 Iteration:  00000009   DeltaT:  2.556E-06   Iter/sec:  2.791E+01
 Iteration:  00000010   DeltaT:  2.556E-06   Iter/sec:  3.168E+01
 Iteration:  00000011   DeltaT:  2.556E-06   Iter/sec:  3.225E+01
 Iteration:  00000012   DeltaT:  2.556E-06   Iter/sec:  3.108E+01
 Iteration:  00000013   DeltaT:  2.556E-06   Iter/sec:  3.168E+01
 Iteration:  00000014   DeltaT:  2.556E-06   Iter/sec:  3.217E+01
 Iteration:  00000015   DeltaT:  2.556E-06   Iter/sec:  3.376E+01
 Iteration:  00000016   DeltaT:  2.556E-06   Iter/sec:  2.800E+01
 Iteration:  00000017   DeltaT:  2.556E-06   Iter/sec:  1.246E+01
 Iteration:  00000018   DeltaT:  2.556E-06   Iter/sec:  1.195E+01
 Iteration:  00000019   DeltaT:  2.556E-06   Iter/sec:  3.114E+01
 Iteration:  00000020   DeltaT:  2.556E-06   Iter/sec:  3.258E+01
 Iteration:  00000021   DeltaT:  2.556E-06   Iter/sec:  3.231E+01
 Iteration:  00000022   DeltaT:  2.556E-06   Iter/sec:  3.272E+01
 Iteration:  00000023   DeltaT:  2.556E-06   Iter/sec:  3.213E+01
 Iteration:  00000024   DeltaT:  2.556E-06   Iter/sec:  3.069E+01
 Iteration:  00000025   DeltaT:  2.556E-06   Iter/sec:  3.159E+01
 Iteration:  00000026   DeltaT:  2.556E-06   Iter/sec:  3.173E+01
 Iteration:  00000027   DeltaT:  2.556E-06   Iter/sec:  2.480E+01
 Iteration:  00000028   DeltaT:  2.556E-06   Iter/sec:  3.106E+01
 Iteration:  00000029   DeltaT:  2.556E-06   Iter/sec:  3.208E+01
 Iteration:  00000030   DeltaT:  2.556E-06   Iter/sec:  3.230E+01
 Iteration:  00000031   DeltaT:  2.556E-06   Iter/sec:  3.304E+01
 Iteration:  00000032   DeltaT:  2.556E-06   Iter/sec:  3.019E+01
 Iteration:  00000033   DeltaT:  2.556E-06   Iter/sec:  3.358E+01
 Iteration:  00000034   DeltaT:  2.556E-06   Iter/sec:  1.907E+01
 Iteration:  00000035   DeltaT:  2.556E-06   Iter/sec:  2.027E+01
 Iteration:  00000036   DeltaT:  2.556E-06   Iter/sec:  2.920E+01
 Iteration:  00000037   DeltaT:  2.556E-06   Iter/sec:  3.045E+01
 Iteration:  00000038   DeltaT:  2.556E-06   Iter/sec:  2.537E+01
 Iteration:  00000039   DeltaT:  2.556E-06   Iter/sec:  3.299E+01
 Iteration:  00000040   DeltaT:  2.556E-06   Iter/sec:  3.206E+01
 Iteration:  00000041   DeltaT:  2.556E-06   Iter/sec:  3.249E+01
 Iteration:  00000042   DeltaT:  2.556E-06   Iter/sec:  3.048E+01
 Iteration:  00000043   DeltaT:  2.556E-06   Iter/sec:  3.269E+01
 Iteration:  00000044   DeltaT:  2.556E-06   Iter/sec:  3.274E+01
 Iteration:  00000045   DeltaT:  2.556E-06   Iter/sec:  3.028E+01
 Iteration:  00000046   DeltaT:  2.556E-06   Iter/sec:  9.745E+00
 Iteration:  00000047   DeltaT:  2.556E-06   Iter/sec:  1.783E+01
 Iteration:  00000048   DeltaT:  2.556E-06   Iter/sec:  3.251E+01
 Iteration:  00000049   DeltaT:  2.556E-06   Iter/sec:  3.156E+01
 Iteration:  00000050   DeltaT:  2.556E-06   Iter/sec:  3.231E+01


//////////////////////////////////////////////
   Measured Timings for Process 0  (seconds)

 Elapsed time:         2.4866
  Column time:         0.8237
     Row time:         0.4255
Legendre time:         0.1068
     FFT time:         0.1037
   Solve time:         0.1969
    rlma time:         0.0210
    rlmb time:         0.0086
  pspace time:         0.0902
  psolve time:         0.1748
    dphi time:         0.0109
captured time:         1.9621

     iter/sec:        19.7053
//////////////////////////////////////////////
