 //////////////////////////////////////
 Initializating Rayleigh...

 -- Initalizing MPI...
 ---- Specified parameters:
 ---- NCPU  :    512
 ---- NPROW :     32
 ---- NPCOL :     16
 -- MPI initialized.


 -- Initalizing Grid...
 ---- Specified parameters ----
 ---- N_R                 :    128
 ---- N_THETA             :    384
 ---- Ell_MAX             :    255
 ---- R_MIN               :  5.38462E-01
 ---- R_MAX               :  1.53846E+00
 ---- Chebyshev Domains   :      1

        Domain 1
          Grid points           :  128
          Dealiased Polynomials :  85
          Domain Lower Bound    :  5.38462E-01
          Domain Upper Bound    :  1.53846E+00

 -- Grid initialized.

 -- Initalizing Reference State...
 ---- Specified parameters:
 ---- Reference type           :  Boussinesq (Non-dimensional)
 ---- Rayleigh Number          :  1.00000E+05
 ---- Ekman Number             :  1.00000E-03
 ---- Prandtl Number           :  1.00000E+00
 ---- Magnetic Prandtl Number  :  5.00000E+00
 -- Reference State initialized.

 -- Initializing Fields...
 ---- Specified parameters:
 ---- Hydro Init Type    : Benchmark (Christensen et al. 2001)
 ---- Magnetic Init Type : Benchmark (Christensen et al. 2001)
 -- Fields initialized.

 Initialization Complete.
 //////////////////////////////////////

 Timestep has changed from  0.00000E+00 to  1.00000E-04.
 Iteration:  00000001   DeltaT:  1.000E-04   Iter/sec:  0.000E+00
 Timestep has changed from  1.00000E-04 to  2.55566E-06.
 Iteration:  00000002   DeltaT:  2.556E-06   Iter/sec:  2.496E+00
 Iteration:  00000003   DeltaT:  2.556E-06   Iter/sec:  3.887E+00
 Iteration:  00000004   DeltaT:  2.556E-06   Iter/sec:  5.462E+00
 Iteration:  00000005   DeltaT:  2.556E-06   Iter/sec:  5.531E+00
 Iteration:  00000006   DeltaT:  2.556E-06   Iter/sec:  6.908E+00
 Iteration:  00000007   DeltaT:  2.556E-06   Iter/sec:  5.656E+00
 Iteration:  00000008   DeltaT:  2.556E-06   Iter/sec:  7.054E+00
 Iteration:  00000009   DeltaT:  2.556E-06   Iter/sec:  5.582E+00
 Iteration:  00000010   DeltaT:  2.556E-06   Iter/sec:  5.814E+00
 Iteration:  00000011   DeltaT:  2.556E-06   Iter/sec:  5.050E+00
 Iteration:  00000012   DeltaT:  2.556E-06   Iter/sec:  6.825E+00
 Iteration:  00000013   DeltaT:  2.556E-06   Iter/sec:  6.060E+00
 Iteration:  00000014   DeltaT:  2.556E-06   Iter/sec:  6.927E+00
 Iteration:  00000015   DeltaT:  2.556E-06   Iter/sec:  5.625E+00
 Iteration:  00000016   DeltaT:  2.556E-06   Iter/sec:  5.053E+00
 Iteration:  00000017   DeltaT:  2.556E-06   Iter/sec:  7.204E+00
 Iteration:  00000018   DeltaT:  2.556E-06   Iter/sec:  7.059E+00
 Iteration:  00000019   DeltaT:  2.556E-06   Iter/sec:  7.018E+00
 Iteration:  00000020   DeltaT:  2.556E-06   Iter/sec:  6.111E+00
 Iteration:  00000021   DeltaT:  2.556E-06   Iter/sec:  7.259E+00
 Iteration:  00000022   DeltaT:  2.556E-06   Iter/sec:  4.726E+00
 Iteration:  00000023   DeltaT:  2.556E-06   Iter/sec:  6.027E+00
 Iteration:  00000024   DeltaT:  2.556E-06   Iter/sec:  7.044E+00
 Iteration:  00000025   DeltaT:  2.556E-06   Iter/sec:  5.864E+00
 Iteration:  00000026   DeltaT:  2.556E-06   Iter/sec:  6.481E+00
 Iteration:  00000027   DeltaT:  2.556E-06   Iter/sec:  6.953E+00
 Iteration:  00000028   DeltaT:  2.556E-06   Iter/sec:  5.187E+00
 Iteration:  00000029   DeltaT:  2.556E-06   Iter/sec:  5.298E+00
 Iteration:  00000030   DeltaT:  2.556E-06   Iter/sec:  6.910E+00
 Iteration:  00000031   DeltaT:  2.556E-06   Iter/sec:  7.125E+00
 Iteration:  00000032   DeltaT:  2.556E-06   Iter/sec:  7.127E+00
 Iteration:  00000033   DeltaT:  2.556E-06   Iter/sec:  6.098E+00
 Iteration:  00000034   DeltaT:  2.556E-06   Iter/sec:  6.890E+00
 Iteration:  00000035   DeltaT:  2.556E-06   Iter/sec:  6.211E+00
 Iteration:  00000036   DeltaT:  2.556E-06   Iter/sec:  5.000E+00
 Iteration:  00000037   DeltaT:  2.556E-06   Iter/sec:  6.825E+00
 Iteration:  00000038   DeltaT:  2.556E-06   Iter/sec:  7.071E+00
 Iteration:  00000039   DeltaT:  2.556E-06   Iter/sec:  6.559E+00
 Iteration:  00000040   DeltaT:  2.556E-06   Iter/sec:  6.762E+00
 Iteration:  00000041   DeltaT:  2.556E-06   Iter/sec:  6.002E+00
 Iteration:  00000042   DeltaT:  2.556E-06   Iter/sec:  6.531E+00
 Iteration:  00000043   DeltaT:  2.556E-06   Iter/sec:  7.284E+00
 Iteration:  00000044   DeltaT:  2.556E-06   Iter/sec:  5.935E+00
 Iteration:  00000045   DeltaT:  2.556E-06   Iter/sec:  7.068E+00
 Iteration:  00000046   DeltaT:  2.556E-06   Iter/sec:  6.239E+00
 Iteration:  00000047   DeltaT:  2.556E-06   Iter/sec:  6.597E+00
 Iteration:  00000048   DeltaT:  2.556E-06   Iter/sec:  4.700E+00
 Iteration:  00000049   DeltaT:  2.556E-06   Iter/sec:  6.907E+00
 Iteration:  00000050   DeltaT:  2.556E-06   Iter/sec:  6.995E+00


//////////////////////////////////////////////
   Measured Timings for Process 0  (seconds)

 Elapsed time:         9.1886
  Column time:         2.6087
     Row time:         2.2706
Legendre time:         0.7334
     FFT time:         0.4788
   Solve time:         0.3922
    rlma time:         0.0856
    rlmb time:         0.0352
  pspace time:         0.8671
  psolve time:         0.6361
    dphi time:         0.0450
captured time:         8.1525

     iter/sec:         5.3327
//////////////////////////////////////////////
