 //////////////////////////////////////
 Initializating Rayleigh...

 -- Initalizing MPI...
 ---- Specified parameters:
 ---- NCPU  :    512
 ---- NPROW :     32
 ---- NPCOL :     16
 -- MPI initialized.


 -- Initalizing Grid...
 ---- Specified parameters ----
 ---- N_R                 :     64
 ---- N_THETA             :    384
 ---- Ell_MAX             :    255
 ---- R_MIN               :  5.38462E-01
 ---- R_MAX               :  1.53846E+00
 ---- Chebyshev Domains   :      1

        Domain 1
          Grid points           :  64
          Dealiased Polynomials :  42
          Domain Lower Bound    :  5.38462E-01
          Domain Upper Bound    :  1.53846E+00

 -- Grid initialized.

 -- Initalizing Reference State...
 ---- Specified parameters:
 ---- Reference type           :  Boussinesq (Non-dimensional)
 ---- Rayleigh Number          :  1.00000E+05
 ---- Ekman Number             :  1.00000E-03
 ---- Prandtl Number           :  1.00000E+00
 ---- Magnetic Prandtl Number  :  5.00000E+00
 -- Reference State initialized.

 -- Initializing Fields...
 ---- Specified parameters:
 ---- Hydro Init Type    : Benchmark (Christensen et al. 2001)
 ---- Magnetic Init Type : Benchmark (Christensen et al. 2001)
 -- Fields initialized.

 Initialization Complete.
 //////////////////////////////////////

 Timestep has changed from  0.00000E+00 to  1.00000E-04.
 Iteration:  00000001   DeltaT:  1.000E-04   Iter/sec:  0.000E+00
 Timestep has changed from  1.00000E-04 to  1.02211E-05.
 Iteration:  00000002   DeltaT:  1.022E-05   Iter/sec:  4.118E+00
 Iteration:  00000003   DeltaT:  1.022E-05   Iter/sec:  1.144E+01
 Iteration:  00000004   DeltaT:  1.022E-05   Iter/sec:  1.477E+01
 Iteration:  00000005   DeltaT:  1.022E-05   Iter/sec:  1.502E+01
 Iteration:  00000006   DeltaT:  1.022E-05   Iter/sec:  1.501E+01
 Iteration:  00000007   DeltaT:  1.022E-05   Iter/sec:  1.464E+01
 Iteration:  00000008   DeltaT:  1.022E-05   Iter/sec:  1.507E+01
 Iteration:  00000009   DeltaT:  1.022E-05   Iter/sec:  1.479E+01
 Iteration:  00000010   DeltaT:  1.022E-05   Iter/sec:  1.488E+01
 Iteration:  00000011   DeltaT:  1.022E-05   Iter/sec:  1.453E+01
 Iteration:  00000012   DeltaT:  1.022E-05   Iter/sec:  1.493E+01
 Iteration:  00000013   DeltaT:  1.022E-05   Iter/sec:  1.500E+01
 Iteration:  00000014   DeltaT:  1.022E-05   Iter/sec:  1.567E+01
 Iteration:  00000015   DeltaT:  1.022E-05   Iter/sec:  1.542E+01
 Iteration:  00000016   DeltaT:  1.022E-05   Iter/sec:  1.467E+01
 Iteration:  00000017   DeltaT:  1.022E-05   Iter/sec:  1.464E+01
 Iteration:  00000018   DeltaT:  1.022E-05   Iter/sec:  1.493E+01
 Iteration:  00000019   DeltaT:  1.022E-05   Iter/sec:  1.560E+01
 Iteration:  00000020   DeltaT:  1.022E-05   Iter/sec:  1.540E+01
 Iteration:  00000021   DeltaT:  1.022E-05   Iter/sec:  1.543E+01
 Iteration:  00000022   DeltaT:  1.022E-05   Iter/sec:  1.516E+01
 Iteration:  00000023   DeltaT:  1.022E-05   Iter/sec:  1.520E+01
 Iteration:  00000024   DeltaT:  1.022E-05   Iter/sec:  1.590E+01
 Iteration:  00000025   DeltaT:  1.022E-05   Iter/sec:  1.501E+01
 Iteration:  00000026   DeltaT:  1.022E-05   Iter/sec:  1.473E+01
 Iteration:  00000027   DeltaT:  1.022E-05   Iter/sec:  1.525E+01
 Iteration:  00000028   DeltaT:  1.022E-05   Iter/sec:  1.454E+01
 Iteration:  00000029   DeltaT:  1.022E-05   Iter/sec:  1.440E+01
 Iteration:  00000030   DeltaT:  1.022E-05   Iter/sec:  1.623E+01
 Iteration:  00000031   DeltaT:  1.022E-05   Iter/sec:  1.532E+01
 Iteration:  00000032   DeltaT:  1.022E-05   Iter/sec:  1.473E+01
 Iteration:  00000033   DeltaT:  1.022E-05   Iter/sec:  1.502E+01
 Iteration:  00000034   DeltaT:  1.022E-05   Iter/sec:  1.531E+01
 Iteration:  00000035   DeltaT:  1.022E-05   Iter/sec:  1.490E+01
 Iteration:  00000036   DeltaT:  1.022E-05   Iter/sec:  1.491E+01
 Iteration:  00000037   DeltaT:  1.022E-05   Iter/sec:  1.499E+01
 Iteration:  00000038   DeltaT:  1.022E-05   Iter/sec:  1.491E+01
 Iteration:  00000039   DeltaT:  1.022E-05   Iter/sec:  1.554E+01
 Iteration:  00000040   DeltaT:  1.022E-05   Iter/sec:  1.540E+01
 Iteration:  00000041   DeltaT:  1.022E-05   Iter/sec:  1.483E+01
 Iteration:  00000042   DeltaT:  1.022E-05   Iter/sec:  1.507E+01
 Iteration:  00000043   DeltaT:  1.022E-05   Iter/sec:  1.525E+01
 Iteration:  00000044   DeltaT:  1.022E-05   Iter/sec:  1.503E+01
 Iteration:  00000045   DeltaT:  1.022E-05   Iter/sec:  1.454E+01
 Iteration:  00000046   DeltaT:  1.022E-05   Iter/sec:  1.485E+01
 Iteration:  00000047   DeltaT:  1.022E-05   Iter/sec:  1.449E+01
 Iteration:  00000048   DeltaT:  1.022E-05   Iter/sec:  1.514E+01
 Iteration:  00000049   DeltaT:  1.022E-05   Iter/sec:  1.438E+01
 Iteration:  00000050   DeltaT:  1.022E-05   Iter/sec:  1.585E+01


//////////////////////////////////////////////
   Measured Timings for Process 0  (seconds)

 Elapsed time:         4.6777
  Column time:         1.0207
     Row time:         1.0320
Legendre time:         0.3477
     FFT time:         0.2402
   Solve time:         0.1192
    rlma time:         0.0447
    rlmb time:         0.0181
  pspace time:         0.2872
  psolve time:         0.2133
    dphi time:         0.0194
captured time:         3.3425

     iter/sec:        10.4753
//////////////////////////////////////////////
