 //////////////////////////////////////
 Initializating Rayleigh...

 -- Initalizing MPI...
 ---- Specified parameters:
 ---- NCPU  :    256
 ---- NPROW :     16
 ---- NPCOL :     16
 -- MPI initialized.


 -- Initalizing Grid...
 ---- Specified parameters ----
 ---- N_R                 :     64
 ---- N_THETA             :    384
 ---- Ell_MAX             :    255
 ---- R_MIN               :  5.38462E-01
 ---- R_MAX               :  1.53846E+00
 ---- Chebyshev Domains   :      1

        Domain 1
          Grid points           :  64
          Dealiased Polynomials :  42
          Domain Lower Bound    :  5.38462E-01
          Domain Upper Bound    :  1.53846E+00

 -- Grid initialized.

 -- Initalizing Reference State...
 ---- Specified parameters:
 ---- Reference type           :  Boussinesq (Non-dimensional)
 ---- Rayleigh Number          :  1.00000E+05
 ---- Ekman Number             :  1.00000E-03
 ---- Prandtl Number           :  1.00000E+00
 ---- Magnetic Prandtl Number  :  5.00000E+00
 -- Reference State initialized.

 -- Initializing Fields...
 ---- Specified parameters:
 ---- Hydro Init Type    : Benchmark (Christensen et al. 2001)
 ---- Magnetic Init Type : Benchmark (Christensen et al. 2001)
 -- Fields initialized.

 Initialization Complete.
 //////////////////////////////////////

 Timestep has changed from  0.00000E+00 to  1.00000E-04.
 Iteration:  00000001   DeltaT:  1.000E-04   Iter/sec:  0.000E+00
 Timestep has changed from  1.00000E-04 to  1.02211E-05.
 Iteration:  00000002   DeltaT:  1.022E-05   Iter/sec:  2.973E+00
 Iteration:  00000003   DeltaT:  1.022E-05   Iter/sec:  6.881E+00
 Iteration:  00000004   DeltaT:  1.022E-05   Iter/sec:  7.605E+00
 Iteration:  00000005   DeltaT:  1.022E-05   Iter/sec:  7.579E+00
 Iteration:  00000006   DeltaT:  1.022E-05   Iter/sec:  7.600E+00
 Iteration:  00000007   DeltaT:  1.022E-05   Iter/sec:  7.654E+00
 Iteration:  00000008   DeltaT:  1.022E-05   Iter/sec:  7.663E+00
 Iteration:  00000009   DeltaT:  1.022E-05   Iter/sec:  7.724E+00
 Iteration:  00000010   DeltaT:  1.022E-05   Iter/sec:  7.609E+00
 Iteration:  00000011   DeltaT:  1.022E-05   Iter/sec:  7.632E+00
 Iteration:  00000012   DeltaT:  1.022E-05   Iter/sec:  7.550E+00
 Iteration:  00000013   DeltaT:  1.022E-05   Iter/sec:  7.697E+00
 Iteration:  00000014   DeltaT:  1.022E-05   Iter/sec:  7.670E+00
 Iteration:  00000015   DeltaT:  1.022E-05   Iter/sec:  7.688E+00
 Iteration:  00000016   DeltaT:  1.022E-05   Iter/sec:  7.691E+00
 Iteration:  00000017   DeltaT:  1.022E-05   Iter/sec:  7.640E+00
 Iteration:  00000018   DeltaT:  1.022E-05   Iter/sec:  7.791E+00
 Iteration:  00000019   DeltaT:  1.022E-05   Iter/sec:  7.655E+00
 Iteration:  00000020   DeltaT:  1.022E-05   Iter/sec:  7.683E+00
 Iteration:  00000021   DeltaT:  1.022E-05   Iter/sec:  7.684E+00
 Iteration:  00000022   DeltaT:  1.022E-05   Iter/sec:  7.605E+00
 Iteration:  00000023   DeltaT:  1.022E-05   Iter/sec:  7.834E+00
 Iteration:  00000024   DeltaT:  1.022E-05   Iter/sec:  7.656E+00
 Iteration:  00000025   DeltaT:  1.022E-05   Iter/sec:  7.689E+00
 Iteration:  00000026   DeltaT:  1.022E-05   Iter/sec:  7.668E+00
 Iteration:  00000027   DeltaT:  1.022E-05   Iter/sec:  7.669E+00
 Iteration:  00000028   DeltaT:  1.022E-05   Iter/sec:  7.912E+00
 Iteration:  00000029   DeltaT:  1.022E-05   Iter/sec:  7.701E+00
 Iteration:  00000030   DeltaT:  1.022E-05   Iter/sec:  7.719E+00
 Iteration:  00000031   DeltaT:  1.022E-05   Iter/sec:  7.706E+00
 Iteration:  00000032   DeltaT:  1.022E-05   Iter/sec:  7.758E+00
 Iteration:  00000033   DeltaT:  1.022E-05   Iter/sec:  7.816E+00
 Iteration:  00000034   DeltaT:  1.022E-05   Iter/sec:  7.711E+00
 Iteration:  00000035   DeltaT:  1.022E-05   Iter/sec:  7.696E+00
 Iteration:  00000036   DeltaT:  1.022E-05   Iter/sec:  7.759E+00
 Iteration:  00000037   DeltaT:  1.022E-05   Iter/sec:  7.748E+00
 Iteration:  00000038   DeltaT:  1.022E-05   Iter/sec:  7.954E+00
 Iteration:  00000039   DeltaT:  1.022E-05   Iter/sec:  7.768E+00
 Iteration:  00000040   DeltaT:  1.022E-05   Iter/sec:  7.793E+00
 Iteration:  00000041   DeltaT:  1.022E-05   Iter/sec:  7.785E+00
 Iteration:  00000042   DeltaT:  1.022E-05   Iter/sec:  7.798E+00
 Iteration:  00000043   DeltaT:  1.022E-05   Iter/sec:  8.076E+00
 Iteration:  00000044   DeltaT:  1.022E-05   Iter/sec:  7.758E+00
 Iteration:  00000045   DeltaT:  1.022E-05   Iter/sec:  7.856E+00
 Iteration:  00000046   DeltaT:  1.022E-05   Iter/sec:  7.821E+00
 Iteration:  00000047   DeltaT:  1.022E-05   Iter/sec:  7.900E+00
 Iteration:  00000048   DeltaT:  1.022E-05   Iter/sec:  7.858E+00
 Iteration:  00000049   DeltaT:  1.022E-05   Iter/sec:  7.831E+00
 Iteration:  00000050   DeltaT:  1.022E-05   Iter/sec:  7.940E+00


//////////////////////////////////////////////
   Measured Timings for Process 0  (seconds)

 Elapsed time:         7.3469
  Column time:         1.1369
     Row time:         2.0853
Legendre time:         0.7738
     FFT time:         0.4886
   Solve time:         0.1560
    rlma time:         0.0944
    rlmb time:         0.0382
  pspace time:         0.9600
  psolve time:         0.6331
    dphi time:         0.0689
captured time:         6.4351

     iter/sec:         6.6694
//////////////////////////////////////////////
