 //////////////////////////////////////
 Initializating Rayleigh...

 -- Initalizing MPI...
 ---- Specified parameters:
 ---- NCPU  :    128
 ---- NPROW :     16
 ---- NPCOL :      8
 -- MPI initialized.


 -- Initalizing Grid...
 ---- Specified parameters ----
 ---- N_R                 :     64
 ---- N_THETA             :    768
 ---- Ell_MAX             :    511
 ---- R_MIN               :  5.38462E-01
 ---- R_MAX               :  1.53846E+00
 ---- Chebyshev Domains   :      1

        Domain 1
          Grid points           :  64
          Dealiased Polynomials :  42
          Domain Lower Bound    :  5.38462E-01
          Domain Upper Bound    :  1.53846E+00

 -- Grid initialized.

 -- Initalizing Reference State...
 ---- Specified parameters:
 ---- Reference type           :  Boussinesq (Non-dimensional)
 ---- Rayleigh Number          :  1.00000E+05
 ---- Ekman Number             :  1.00000E-03
 ---- Prandtl Number           :  1.00000E+00
 ---- Magnetic Prandtl Number  :  5.00000E+00
 -- Reference State initialized.

 -- Initializing Fields...
 ---- Specified parameters:
 ---- Hydro Init Type    : Benchmark (Christensen et al. 2001)
 ---- Magnetic Init Type : Benchmark (Christensen et al. 2001)
 -- Fields initialized.

 Initialization Complete.
 //////////////////////////////////////

 Timestep has changed from  0.00000E+00 to  1.00000E-04.
 Iteration:  00000001   DeltaT:  1.000E-04   Iter/sec:  0.000E+00
 Timestep has changed from  1.00000E-04 to  8.93257E-06.
 Iteration:  00000002   DeltaT:  8.933E-06   Iter/sec:  4.421E-01
 Iteration:  00000003   DeltaT:  8.933E-06   Iter/sec:  8.130E-01
 Iteration:  00000004   DeltaT:  8.933E-06   Iter/sec:  8.556E-01
 Iteration:  00000005   DeltaT:  8.933E-06   Iter/sec:  8.474E-01
 Iteration:  00000006   DeltaT:  8.933E-06   Iter/sec:  8.629E-01
 Iteration:  00000007   DeltaT:  8.933E-06   Iter/sec:  8.470E-01
 Iteration:  00000008   DeltaT:  8.933E-06   Iter/sec:  8.538E-01
 Iteration:  00000009   DeltaT:  8.933E-06   Iter/sec:  8.614E-01
 Iteration:  00000010   DeltaT:  8.933E-06   Iter/sec:  8.444E-01
 Iteration:  00000011   DeltaT:  8.933E-06   Iter/sec:  8.385E-01
 Iteration:  00000012   DeltaT:  8.933E-06   Iter/sec:  8.545E-01
 Iteration:  00000013   DeltaT:  8.933E-06   Iter/sec:  8.330E-01
 Iteration:  00000014   DeltaT:  8.933E-06   Iter/sec:  8.484E-01
 Iteration:  00000015   DeltaT:  8.933E-06   Iter/sec:  8.520E-01
 Iteration:  00000016   DeltaT:  8.933E-06   Iter/sec:  8.694E-01
 Iteration:  00000017   DeltaT:  8.933E-06   Iter/sec:  8.372E-01
 Iteration:  00000018   DeltaT:  8.933E-06   Iter/sec:  8.549E-01
 Iteration:  00000019   DeltaT:  8.933E-06   Iter/sec:  8.590E-01
 Iteration:  00000020   DeltaT:  8.933E-06   Iter/sec:  8.359E-01
 Iteration:  00000021   DeltaT:  8.933E-06   Iter/sec:  8.606E-01
 Iteration:  00000022   DeltaT:  8.933E-06   Iter/sec:  8.560E-01
 Iteration:  00000023   DeltaT:  8.933E-06   Iter/sec:  8.585E-01
 Iteration:  00000024   DeltaT:  8.933E-06   Iter/sec:  8.510E-01
 Iteration:  00000025   DeltaT:  8.933E-06   Iter/sec:  8.435E-01
 Iteration:  00000026   DeltaT:  8.933E-06   Iter/sec:  8.562E-01
 Iteration:  00000027   DeltaT:  8.933E-06   Iter/sec:  8.389E-01
 Iteration:  00000028   DeltaT:  8.933E-06   Iter/sec:  8.578E-01
 Iteration:  00000029   DeltaT:  8.933E-06   Iter/sec:  8.652E-01
 Iteration:  00000030   DeltaT:  8.933E-06   Iter/sec:  8.444E-01
 Iteration:  00000031   DeltaT:  8.933E-06   Iter/sec:  8.552E-01
 Iteration:  00000032   DeltaT:  8.933E-06   Iter/sec:  8.569E-01
 Iteration:  00000033   DeltaT:  8.933E-06   Iter/sec:  8.463E-01
 Iteration:  00000034   DeltaT:  8.933E-06   Iter/sec:  8.689E-01
 Iteration:  00000035   DeltaT:  8.933E-06   Iter/sec:  8.594E-01
 Iteration:  00000036   DeltaT:  8.933E-06   Iter/sec:  8.518E-01
 Iteration:  00000037   DeltaT:  8.933E-06   Iter/sec:  8.410E-01
 Iteration:  00000038   DeltaT:  8.933E-06   Iter/sec:  8.611E-01
 Iteration:  00000039   DeltaT:  8.933E-06   Iter/sec:  8.518E-01
 Iteration:  00000040   DeltaT:  8.933E-06   Iter/sec:  8.611E-01
 Iteration:  00000041   DeltaT:  8.933E-06   Iter/sec:  8.581E-01
 Iteration:  00000042   DeltaT:  8.933E-06   Iter/sec:  8.592E-01
 Iteration:  00000043   DeltaT:  8.933E-06   Iter/sec:  8.552E-01
 Iteration:  00000044   DeltaT:  8.933E-06   Iter/sec:  8.500E-01
 Iteration:  00000045   DeltaT:  8.933E-06   Iter/sec:  8.624E-01
 Iteration:  00000046   DeltaT:  8.933E-06   Iter/sec:  8.607E-01
 Iteration:  00000047   DeltaT:  8.933E-06   Iter/sec:  8.557E-01
 Iteration:  00000048   DeltaT:  8.933E-06   Iter/sec:  8.486E-01
 Iteration:  00000049   DeltaT:  8.933E-06   Iter/sec:  8.618E-01
 Iteration:  00000050   DeltaT:  8.933E-06   Iter/sec:  8.614E-01


//////////////////////////////////////////////
   Measured Timings for Process 0  (seconds)

 Elapsed time:        65.2166
  Column time:         6.6917
     Row time:        21.1615
Legendre time:         8.9567
     FFT time:         3.8872
   Solve time:         0.7264
    rlma time:         0.8234
    rlmb time:         0.4611
  pspace time:         9.0262
  psolve time:         5.8921
    dphi time:         0.4491
captured time:        58.0755

     iter/sec:         0.7513
//////////////////////////////////////////////
