 //////////////////////////////////////
 Initializating Rayleigh...

 -- Initalizing MPI...
 ---- Specified parameters:
 ---- NCPU  :     32
 ---- NPROW :      8
 ---- NPCOL :      4
 -- MPI initialized.


 -- Initalizing Grid...
 ---- Specified parameters ----
 ---- N_R                 :     64
 ---- N_THETA             :    192
 ---- Ell_MAX             :    127
 ---- R_MIN               :  5.38462E-01
 ---- R_MAX               :  1.53846E+00
 ---- Chebyshev Domains   :      1

        Domain 1
          Grid points           :  64
          Dealiased Polynomials :  42
          Domain Lower Bound    :  5.38462E-01
          Domain Upper Bound    :  1.53846E+00

 -- Grid initialized.

 -- Initalizing Reference State...
 ---- Specified parameters:
 ---- Reference type           :  Boussinesq (Non-dimensional)
 ---- Rayleigh Number          :  1.00000E+05
 ---- Ekman Number             :  1.00000E-03
 ---- Prandtl Number           :  1.00000E+00
 ---- Magnetic Prandtl Number  :  5.00000E+00
 -- Reference State initialized.

 -- Initializing Fields...
 ---- Specified parameters:
 ---- Hydro Init Type    : Benchmark (Christensen et al. 2001)
 ---- Magnetic Init Type : Benchmark (Christensen et al. 2001)
 -- Fields initialized.

 Initialization Complete.
 //////////////////////////////////////

 Timestep has changed from  0.00000E+00 to  1.00000E-04.
 Iteration:  00000001   DeltaT:  1.000E-04   Iter/sec:  0.000E+00
 Timestep has changed from  1.00000E-04 to  1.02217E-05.
 Iteration:  00000002   DeltaT:  1.022E-05   Iter/sec:  1.713E+00
 Iteration:  00000003   DeltaT:  1.022E-05   Iter/sec:  3.669E+00
 Iteration:  00000004   DeltaT:  1.022E-05   Iter/sec:  4.126E+00
 Iteration:  00000005   DeltaT:  1.022E-05   Iter/sec:  4.095E+00
 Iteration:  00000006   DeltaT:  1.022E-05   Iter/sec:  4.122E+00
 Iteration:  00000007   DeltaT:  1.022E-05   Iter/sec:  4.119E+00
 Iteration:  00000008   DeltaT:  1.022E-05   Iter/sec:  4.134E+00
 Iteration:  00000009   DeltaT:  1.022E-05   Iter/sec:  4.107E+00
 Iteration:  00000010   DeltaT:  1.022E-05   Iter/sec:  4.110E+00
 Iteration:  00000011   DeltaT:  1.022E-05   Iter/sec:  4.200E+00
 Iteration:  00000012   DeltaT:  1.022E-05   Iter/sec:  4.112E+00
 Iteration:  00000013   DeltaT:  1.022E-05   Iter/sec:  4.125E+00
 Iteration:  00000014   DeltaT:  1.022E-05   Iter/sec:  4.100E+00
 Iteration:  00000015   DeltaT:  1.022E-05   Iter/sec:  4.169E+00
 Iteration:  00000016   DeltaT:  1.022E-05   Iter/sec:  4.162E+00
 Iteration:  00000017   DeltaT:  1.022E-05   Iter/sec:  4.142E+00
 Iteration:  00000018   DeltaT:  1.022E-05   Iter/sec:  4.117E+00
 Iteration:  00000019   DeltaT:  1.022E-05   Iter/sec:  4.150E+00
 Iteration:  00000020   DeltaT:  1.022E-05   Iter/sec:  4.174E+00
 Iteration:  00000021   DeltaT:  1.022E-05   Iter/sec:  4.146E+00
 Iteration:  00000022   DeltaT:  1.022E-05   Iter/sec:  4.145E+00
 Iteration:  00000023   DeltaT:  1.022E-05   Iter/sec:  4.093E+00
 Iteration:  00000024   DeltaT:  1.022E-05   Iter/sec:  4.144E+00
 Iteration:  00000025   DeltaT:  1.022E-05   Iter/sec:  4.147E+00
 Iteration:  00000026   DeltaT:  1.022E-05   Iter/sec:  4.083E+00
 Iteration:  00000027   DeltaT:  1.022E-05   Iter/sec:  4.106E+00
 Iteration:  00000028   DeltaT:  1.022E-05   Iter/sec:  4.125E+00
 Iteration:  00000029   DeltaT:  1.022E-05   Iter/sec:  4.138E+00
 Iteration:  00000030   DeltaT:  1.022E-05   Iter/sec:  4.127E+00
 Iteration:  00000031   DeltaT:  1.022E-05   Iter/sec:  4.127E+00
 Iteration:  00000032   DeltaT:  1.022E-05   Iter/sec:  4.130E+00
 Iteration:  00000033   DeltaT:  1.022E-05   Iter/sec:  4.106E+00
 Iteration:  00000034   DeltaT:  1.022E-05   Iter/sec:  4.115E+00
 Iteration:  00000035   DeltaT:  1.022E-05   Iter/sec:  4.151E+00
 Iteration:  00000036   DeltaT:  1.022E-05   Iter/sec:  4.120E+00
 Iteration:  00000037   DeltaT:  1.022E-05   Iter/sec:  4.129E+00
 Iteration:  00000038   DeltaT:  1.022E-05   Iter/sec:  4.162E+00
 Iteration:  00000039   DeltaT:  1.022E-05   Iter/sec:  4.175E+00
 Iteration:  00000040   DeltaT:  1.022E-05   Iter/sec:  4.141E+00
 Iteration:  00000041   DeltaT:  1.022E-05   Iter/sec:  4.087E+00
 Iteration:  00000042   DeltaT:  1.022E-05   Iter/sec:  4.102E+00
 Iteration:  00000043   DeltaT:  1.022E-05   Iter/sec:  4.110E+00
 Iteration:  00000044   DeltaT:  1.022E-05   Iter/sec:  4.195E+00
 Iteration:  00000045   DeltaT:  1.022E-05   Iter/sec:  4.124E+00
 Iteration:  00000046   DeltaT:  1.022E-05   Iter/sec:  4.128E+00
 Iteration:  00000047   DeltaT:  1.022E-05   Iter/sec:  4.116E+00
 Iteration:  00000048   DeltaT:  1.022E-05   Iter/sec:  4.147E+00
 Iteration:  00000049   DeltaT:  1.022E-05   Iter/sec:  4.142E+00
 Iteration:  00000050   DeltaT:  1.022E-05   Iter/sec:  4.147E+00


//////////////////////////////////////////////
   Measured Timings for Process 0  (seconds)

 Elapsed time:        12.6971
  Column time:         0.7801
     Row time:         4.4743
Legendre time:         1.4915
     FFT time:         0.9975
   Solve time:         0.2750
    rlma time:         0.1834
    rlmb time:         0.0741
  pspace time:         2.1402
  psolve time:         1.5461
    dphi time:         0.1065
captured time:        12.0686

     iter/sec:         3.8592
//////////////////////////////////////////////
