 //////////////////////////////////////
 Initializating Rayleigh...

 -- Initalizing MPI...
 ---- Specified parameters:
 ---- NCPU  :     32
 ---- NPROW :      8
 ---- NPCOL :      4
 -- MPI initialized.


 -- Initalizing Grid...
 ---- Specified parameters ----
 ---- N_R                 :     64
 ---- N_THETA             :    384
 ---- Ell_MAX             :    255
 ---- R_MIN               :  5.38462E-01
 ---- R_MAX               :  1.53846E+00
 ---- Chebyshev Domains   :      1

        Domain 1
          Grid points           :  64
          Dealiased Polynomials :  42
          Domain Lower Bound    :  5.38462E-01
          Domain Upper Bound    :  1.53846E+00

 -- Grid initialized.

 -- Initalizing Reference State...
 ---- Specified parameters:
 ---- Reference type           :  Boussinesq (Non-dimensional)
 ---- Rayleigh Number          :  1.00000E+05
 ---- Ekman Number             :  1.00000E-03
 ---- Prandtl Number           :  1.00000E+00
 ---- Magnetic Prandtl Number  :  5.00000E+00
 -- Reference State initialized.

 -- Initializing Fields...
 ---- Specified parameters:
 ---- Hydro Init Type    : Benchmark (Christensen et al. 2001)
 ---- Magnetic Init Type : Benchmark (Christensen et al. 2001)
 -- Fields initialized.

 Initialization Complete.
 //////////////////////////////////////

 Timestep has changed from  0.00000E+00 to  1.00000E-04.
 Iteration:  00000001   DeltaT:  1.000E-04   Iter/sec:  0.000E+00
 Timestep has changed from  1.00000E-04 to  1.02211E-05.
 Iteration:  00000002   DeltaT:  1.022E-05   Iter/sec:  6.845E-01
 Iteration:  00000003   DeltaT:  1.022E-05   Iter/sec:  8.748E-01
 Iteration:  00000004   DeltaT:  1.022E-05   Iter/sec:  9.183E-01
 Iteration:  00000005   DeltaT:  1.022E-05   Iter/sec:  9.149E-01
 Iteration:  00000006   DeltaT:  1.022E-05   Iter/sec:  9.150E-01
 Iteration:  00000007   DeltaT:  1.022E-05   Iter/sec:  9.125E-01
 Iteration:  00000008   DeltaT:  1.022E-05   Iter/sec:  9.173E-01
 Iteration:  00000009   DeltaT:  1.022E-05   Iter/sec:  9.104E-01
 Iteration:  00000010   DeltaT:  1.022E-05   Iter/sec:  9.226E-01
 Iteration:  00000011   DeltaT:  1.022E-05   Iter/sec:  9.165E-01
 Iteration:  00000012   DeltaT:  1.022E-05   Iter/sec:  9.196E-01
 Iteration:  00000013   DeltaT:  1.022E-05   Iter/sec:  9.155E-01
 Iteration:  00000014   DeltaT:  1.022E-05   Iter/sec:  9.134E-01
 Iteration:  00000015   DeltaT:  1.022E-05   Iter/sec:  9.121E-01
 Iteration:  00000016   DeltaT:  1.022E-05   Iter/sec:  9.117E-01
 Iteration:  00000017   DeltaT:  1.022E-05   Iter/sec:  9.196E-01
 Iteration:  00000018   DeltaT:  1.022E-05   Iter/sec:  9.085E-01
 Iteration:  00000019   DeltaT:  1.022E-05   Iter/sec:  9.048E-01
 Iteration:  00000020   DeltaT:  1.022E-05   Iter/sec:  9.213E-01
 Iteration:  00000021   DeltaT:  1.022E-05   Iter/sec:  9.141E-01
 Iteration:  00000022   DeltaT:  1.022E-05   Iter/sec:  9.165E-01
 Iteration:  00000023   DeltaT:  1.022E-05   Iter/sec:  9.164E-01
 Iteration:  00000024   DeltaT:  1.022E-05   Iter/sec:  9.179E-01
 Iteration:  00000025   DeltaT:  1.022E-05   Iter/sec:  9.258E-01
 Iteration:  00000026   DeltaT:  1.022E-05   Iter/sec:  9.196E-01
 Iteration:  00000027   DeltaT:  1.022E-05   Iter/sec:  9.219E-01
 Iteration:  00000028   DeltaT:  1.022E-05   Iter/sec:  9.176E-01
 Iteration:  00000029   DeltaT:  1.022E-05   Iter/sec:  9.160E-01
 Iteration:  00000030   DeltaT:  1.022E-05   Iter/sec:  9.135E-01
 Iteration:  00000031   DeltaT:  1.022E-05   Iter/sec:  9.187E-01
 Iteration:  00000032   DeltaT:  1.022E-05   Iter/sec:  9.182E-01
 Iteration:  00000033   DeltaT:  1.022E-05   Iter/sec:  9.140E-01
 Iteration:  00000034   DeltaT:  1.022E-05   Iter/sec:  9.166E-01
 Iteration:  00000035   DeltaT:  1.022E-05   Iter/sec:  9.244E-01
 Iteration:  00000036   DeltaT:  1.022E-05   Iter/sec:  9.133E-01
 Iteration:  00000037   DeltaT:  1.022E-05   Iter/sec:  9.183E-01
 Iteration:  00000038   DeltaT:  1.022E-05   Iter/sec:  9.150E-01
 Iteration:  00000039   DeltaT:  1.022E-05   Iter/sec:  9.251E-01
 Iteration:  00000040   DeltaT:  1.022E-05   Iter/sec:  9.215E-01
 Iteration:  00000041   DeltaT:  1.022E-05   Iter/sec:  9.190E-01
 Iteration:  00000042   DeltaT:  1.022E-05   Iter/sec:  9.226E-01
 Iteration:  00000043   DeltaT:  1.022E-05   Iter/sec:  9.184E-01
 Iteration:  00000044   DeltaT:  1.022E-05   Iter/sec:  9.029E-01
 Iteration:  00000045   DeltaT:  1.022E-05   Iter/sec:  9.214E-01
 Iteration:  00000046   DeltaT:  1.022E-05   Iter/sec:  9.197E-01
 Iteration:  00000047   DeltaT:  1.022E-05   Iter/sec:  9.231E-01
 Iteration:  00000048   DeltaT:  1.022E-05   Iter/sec:  9.068E-01
 Iteration:  00000049   DeltaT:  1.022E-05   Iter/sec:  9.143E-01
 Iteration:  00000050   DeltaT:  1.022E-05   Iter/sec:  9.115E-01


//////////////////////////////////////////////
   Measured Timings for Process 0  (seconds)

 Elapsed time:        55.5451
  Column time:         4.0675
     Row time:        20.2449
Legendre time:         7.9949
     FFT time:         3.9797
   Solve time:         0.7262
    rlma time:         1.1636
    rlmb time:         0.5442
  pspace time:         7.9362
  psolve time:         6.7544
    dphi time:         0.3077
captured time:        53.7194

     iter/sec:         0.8822
//////////////////////////////////////////////
