 //////////////////////////////////////
 Initializating Rayleigh...

 -- Initalizing MPI...
 ---- Specified parameters:
 ---- NCPU  :    128
 ---- NPROW :      8
 ---- NPCOL :     16
 -- MPI initialized.


 -- Initalizing Grid...
 ---- Specified parameters ----
 ---- N_R                 :     64
 ---- N_THETA             :    192
 ---- Ell_MAX             :    127
 ---- R_MIN               :  5.38462E-01
 ---- R_MAX               :  1.53846E+00
 ---- Chebyshev Domains   :      1

        Domain 1
          Grid points           :  64
          Dealiased Polynomials :  42
          Domain Lower Bound    :  5.38462E-01
          Domain Upper Bound    :  1.53846E+00

 -- Grid initialized.

[SHTns 3.4.5] built Apr 30 2021, 15:49:24, id: avx2,ishioka
        Lmax=127, Mmax*Mres=127, Mres=1, Nlm=8256  [1 threads, orthonormalized]
        => using FFTW : Mmax=127, Nphi=384, Nlat=192  (data layout : phi_inc=192, theta_inc=1, phi_embed=384)
        => using Gauss nodes
        + polar optimization threshold = 1.0e-08
        finding optimal algorithm........
        + SHT accuracy = 4.95e-14
        => SHTns is ready.
 -- Initalizing Reference State...
 ---- Specified parameters:
 ---- Reference type           :  Boussinesq (Non-dimensional)
 ---- Rayleigh Number          :  1.00000E+05
 ---- Ekman Number             :  1.00000E-03
 ---- Prandtl Number           :  1.00000E+00
 ---- Magnetic Prandtl Number  :  5.00000E+00
 -- Reference State initialized.

 -- Initializing Fields...
 ---- Specified parameters:
 ---- Hydro Init Type    : Benchmark (Christensen et al. 2001)
 ---- Magnetic Init Type : Benchmark (Christensen et al. 2001)
 -- Fields initialized.

 Initialization Complete.
 //////////////////////////////////////

 Timestep has changed from  0.00000E+00 to  1.00000E-04.
 Iteration:  00000001   DeltaT:  1.000E-04   Iter/sec:  0.000E+00
 Timestep has changed from  1.00000E-04 to  1.02217E-05.
 Iteration:  00000002   DeltaT:  1.022E-05   Iter/sec:  2.481E-01
 Iteration:  00000003   DeltaT:  1.022E-05   Iter/sec:  1.692E+01
 Iteration:  00000004   DeltaT:  1.022E-05   Iter/sec:  1.940E+01
 Iteration:  00000005   DeltaT:  1.022E-05   Iter/sec:  2.021E+01
 Iteration:  00000006   DeltaT:  1.022E-05   Iter/sec:  2.054E+01
 Iteration:  00000007   DeltaT:  1.022E-05   Iter/sec:  2.032E+01
 Iteration:  00000008   DeltaT:  1.022E-05   Iter/sec:  2.065E+01
 Iteration:  00000009   DeltaT:  1.022E-05   Iter/sec:  2.003E+01
 Iteration:  00000010   DeltaT:  1.022E-05   Iter/sec:  2.061E+01
 Iteration:  00000011   DeltaT:  1.022E-05   Iter/sec:  2.047E+01
 Iteration:  00000012   DeltaT:  1.022E-05   Iter/sec:  1.981E+01
 Iteration:  00000013   DeltaT:  1.022E-05   Iter/sec:  2.008E+01
 Iteration:  00000014   DeltaT:  1.022E-05   Iter/sec:  2.066E+01
 Iteration:  00000015   DeltaT:  1.022E-05   Iter/sec:  2.016E+01
 Iteration:  00000016   DeltaT:  1.022E-05   Iter/sec:  2.039E+01
 Iteration:  00000017   DeltaT:  1.022E-05   Iter/sec:  2.057E+01
 Iteration:  00000018   DeltaT:  1.022E-05   Iter/sec:  1.954E+01
 Iteration:  00000019   DeltaT:  1.022E-05   Iter/sec:  2.042E+01
 Iteration:  00000020   DeltaT:  1.022E-05   Iter/sec:  2.016E+01
 Iteration:  00000021   DeltaT:  1.022E-05   Iter/sec:  2.029E+01
 Iteration:  00000022   DeltaT:  1.022E-05   Iter/sec:  2.060E+01
 Iteration:  00000023   DeltaT:  1.022E-05   Iter/sec:  2.040E+01
 Iteration:  00000024   DeltaT:  1.022E-05   Iter/sec:  1.994E+01
 Iteration:  00000025   DeltaT:  1.022E-05   Iter/sec:  2.068E+01
 Iteration:  00000026   DeltaT:  1.022E-05   Iter/sec:  1.918E+01
 Iteration:  00000027   DeltaT:  1.022E-05   Iter/sec:  2.001E+01
 Iteration:  00000028   DeltaT:  1.022E-05   Iter/sec:  2.018E+01
 Iteration:  00000029   DeltaT:  1.022E-05   Iter/sec:  1.988E+01
 Iteration:  00000030   DeltaT:  1.022E-05   Iter/sec:  2.090E+01
 Iteration:  00000031   DeltaT:  1.022E-05   Iter/sec:  2.017E+01
 Iteration:  00000032   DeltaT:  1.022E-05   Iter/sec:  2.068E+01
 Iteration:  00000033   DeltaT:  1.022E-05   Iter/sec:  2.045E+01
 Iteration:  00000034   DeltaT:  1.022E-05   Iter/sec:  1.992E+01
 Iteration:  00000035   DeltaT:  1.022E-05   Iter/sec:  1.959E+01
 Iteration:  00000036   DeltaT:  1.022E-05   Iter/sec:  2.069E+01
 Iteration:  00000037   DeltaT:  1.022E-05   Iter/sec:  2.038E+01
 Iteration:  00000038   DeltaT:  1.022E-05   Iter/sec:  2.078E+01
 Iteration:  00000039   DeltaT:  1.022E-05   Iter/sec:  2.030E+01
 Iteration:  00000040   DeltaT:  1.022E-05   Iter/sec:  1.944E+01
 Iteration:  00000041   DeltaT:  1.022E-05   Iter/sec:  2.021E+01
 Iteration:  00000042   DeltaT:  1.022E-05   Iter/sec:  2.018E+01
 Iteration:  00000043   DeltaT:  1.022E-05   Iter/sec:  2.028E+01
 Iteration:  00000044   DeltaT:  1.022E-05   Iter/sec:  2.035E+01
 Iteration:  00000045   DeltaT:  1.022E-05   Iter/sec:  2.074E+01
 Iteration:  00000046   DeltaT:  1.022E-05   Iter/sec:  2.044E+01
 Iteration:  00000047   DeltaT:  1.022E-05   Iter/sec:  2.012E+01
 Iteration:  00000048   DeltaT:  1.022E-05   Iter/sec:  1.896E+01
 Iteration:  00000049   DeltaT:  1.022E-05   Iter/sec:  1.978E+01
 Iteration:  00000050   DeltaT:  1.022E-05   Iter/sec:  2.023E+01


//////////////////////////////////////////////
   Measured Timings for Process 0  (seconds)

 Elapsed time:         2.4981
  Column time:         0.5009
     Row time:         0.8125
Legendre time:         0.1764
     FFT time:         0.2334
   Solve time:         0.0922
    rlma time:         0.0454
    rlmb time:         0.0190
  pspace time:         0.3385
  psolve time:         0.2182
    dphi time:         0.0278
captured time:         2.4642

     iter/sec:        20.0154
//////////////////////////////////////////////
