 //////////////////////////////////////
 Initializating Rayleigh...

 -- Initalizing MPI...
 ---- Specified parameters:
 ---- NCPU  :     32
 ---- NPROW :      4
 ---- NPCOL :      8
 -- MPI initialized.


 -- Initalizing Grid...
 ---- Specified parameters ----
 ---- N_R                 :    128
 ---- N_THETA             :    384
 ---- Ell_MAX             :    255
 ---- R_MIN               :  5.38462E-01
 ---- R_MAX               :  1.53846E+00
 ---- Chebyshev Domains   :      1

        Domain 1
          Grid points           :  128
          Dealiased Polynomials :  85
          Domain Lower Bound    :  5.38462E-01
          Domain Upper Bound    :  1.53846E+00

 -- Grid initialized.

[SHTns 3.4.5] built Apr 30 2021, 15:49:24, id: avx2,ishioka
        Lmax=255, Mmax*Mres=255, Mres=1, Nlm=32896  [1 threads, orthonormalized]
        => using FFTW : Mmax=255, Nphi=768, Nlat=384  (data layout : phi_inc=384, theta_inc=1, phi_embed=768)
        => using Gauss nodes
        + polar optimization threshold = 1.0e-08
        finding optimal algorithm..........
        + SHT accuracy = 1.81e-12
        => SHTns is ready.
 -- Initalizing Reference State...
 ---- Specified parameters:
 ---- Reference type           :  Boussinesq (Non-dimensional)
 ---- Rayleigh Number          :  1.00000E+05
 ---- Ekman Number             :  1.00000E-03
 ---- Prandtl Number           :  1.00000E+00
 ---- Magnetic Prandtl Number  :  5.00000E+00
 -- Reference State initialized.

 -- Initializing Fields...
 ---- Specified parameters:
 ---- Hydro Init Type    : Benchmark (Christensen et al. 2001)
 ---- Magnetic Init Type : Benchmark (Christensen et al. 2001)
 -- Fields initialized.

 Initialization Complete.
 //////////////////////////////////////

 Timestep has changed from  0.00000E+00 to  1.00000E-04.
 Iteration:  00000001   DeltaT:  1.000E-04   Iter/sec:  0.000E+00
 Timestep has changed from  1.00000E-04 to  2.55566E-06.
 Iteration:  00000002   DeltaT:  2.556E-06   Iter/sec:  8.602E-02
 Iteration:  00000003   DeltaT:  2.556E-06   Iter/sec:  4.022E-01
 Iteration:  00000004   DeltaT:  2.556E-06   Iter/sec:  4.403E-01
 Iteration:  00000005   DeltaT:  2.556E-06   Iter/sec:  4.333E-01
 Iteration:  00000006   DeltaT:  2.556E-06   Iter/sec:  4.367E-01
 Iteration:  00000007   DeltaT:  2.556E-06   Iter/sec:  4.394E-01
 Iteration:  00000008   DeltaT:  2.556E-06   Iter/sec:  4.378E-01
 Iteration:  00000009   DeltaT:  2.556E-06   Iter/sec:  4.367E-01
 Iteration:  00000010   DeltaT:  2.556E-06   Iter/sec:  4.375E-01
 Iteration:  00000011   DeltaT:  2.556E-06   Iter/sec:  4.348E-01
 Iteration:  00000012   DeltaT:  2.556E-06   Iter/sec:  4.325E-01
 Iteration:  00000013   DeltaT:  2.556E-06   Iter/sec:  4.329E-01
 Iteration:  00000014   DeltaT:  2.556E-06   Iter/sec:  4.336E-01
 Iteration:  00000015   DeltaT:  2.556E-06   Iter/sec:  4.353E-01
 Iteration:  00000016   DeltaT:  2.556E-06   Iter/sec:  4.366E-01
 Iteration:  00000017   DeltaT:  2.556E-06   Iter/sec:  4.351E-01
 Iteration:  00000018   DeltaT:  2.556E-06   Iter/sec:  4.357E-01
 Iteration:  00000019   DeltaT:  2.556E-06   Iter/sec:  4.347E-01
 Iteration:  00000020   DeltaT:  2.556E-06   Iter/sec:  4.365E-01
 Iteration:  00000021   DeltaT:  2.556E-06   Iter/sec:  4.364E-01
 Iteration:  00000022   DeltaT:  2.556E-06   Iter/sec:  4.370E-01
 Iteration:  00000023   DeltaT:  2.556E-06   Iter/sec:  4.387E-01
 Iteration:  00000024   DeltaT:  2.556E-06   Iter/sec:  4.374E-01
 Iteration:  00000025   DeltaT:  2.556E-06   Iter/sec:  4.317E-01
 Iteration:  00000026   DeltaT:  2.556E-06   Iter/sec:  4.370E-01
 Iteration:  00000027   DeltaT:  2.556E-06   Iter/sec:  4.344E-01
 Iteration:  00000028   DeltaT:  2.556E-06   Iter/sec:  4.381E-01
 Iteration:  00000029   DeltaT:  2.556E-06   Iter/sec:  4.361E-01
 Iteration:  00000030   DeltaT:  2.556E-06   Iter/sec:  4.355E-01
 Iteration:  00000031   DeltaT:  2.556E-06   Iter/sec:  4.357E-01
 Iteration:  00000032   DeltaT:  2.556E-06   Iter/sec:  4.383E-01
 Iteration:  00000033   DeltaT:  2.556E-06   Iter/sec:  4.338E-01
 Iteration:  00000034   DeltaT:  2.556E-06   Iter/sec:  4.350E-01
 Iteration:  00000035   DeltaT:  2.556E-06   Iter/sec:  4.372E-01
 Iteration:  00000036   DeltaT:  2.556E-06   Iter/sec:  4.339E-01
 Iteration:  00000037   DeltaT:  2.556E-06   Iter/sec:  4.354E-01
 Iteration:  00000038   DeltaT:  2.556E-06   Iter/sec:  4.364E-01
 Iteration:  00000039   DeltaT:  2.556E-06   Iter/sec:  4.382E-01
 Iteration:  00000040   DeltaT:  2.556E-06   Iter/sec:  4.357E-01
 Iteration:  00000041   DeltaT:  2.556E-06   Iter/sec:  4.310E-01
 Iteration:  00000042   DeltaT:  2.556E-06   Iter/sec:  4.364E-01
 Iteration:  00000043   DeltaT:  2.556E-06   Iter/sec:  4.366E-01
 Iteration:  00000044   DeltaT:  2.556E-06   Iter/sec:  4.337E-01
 Iteration:  00000045   DeltaT:  2.556E-06   Iter/sec:  4.318E-01
 Iteration:  00000046   DeltaT:  2.556E-06   Iter/sec:  4.394E-01
 Iteration:  00000047   DeltaT:  2.556E-06   Iter/sec:  4.368E-01
 Iteration:  00000048   DeltaT:  2.556E-06   Iter/sec:  4.324E-01
 Iteration:  00000049   DeltaT:  2.556E-06   Iter/sec:  4.379E-01
 Iteration:  00000050   DeltaT:  2.556E-06   Iter/sec:  4.360E-01


//////////////////////////////////////////////
   Measured Timings for Process 0  (seconds)

 Elapsed time:       115.1692
  Column time:         7.5244
     Row time:        48.5891
Legendre time:        10.1823
     FFT time:         7.6814
   Solve time:         2.1777
    rlma time:         2.8670
    rlmb time:         1.2367
  pspace time:        17.9416
  psolve time:        13.7442
    dphi time:         1.0479
captured time:       112.9922

     iter/sec:         0.4341
//////////////////////////////////////////////
