 //////////////////////////////////////
 Initializating Rayleigh...

 -- Initalizing MPI...
 ---- Specified parameters:
 ---- NCPU  :     64
 ---- NPROW :     16
 ---- NPCOL :      4
 -- MPI initialized.


 -- Initalizing Grid...
 ---- Specified parameters ----
 ---- N_R                 :    128
 ---- N_THETA             :    384
 ---- Ell_MAX             :    255
 ---- R_MIN               :  5.38462E-01
 ---- R_MAX               :  1.53846E+00
 ---- Chebyshev Domains   :      1

        Domain 1
          Grid points           :  128
          Dealiased Polynomials :  85
          Domain Lower Bound    :  5.38462E-01
          Domain Upper Bound    :  1.53846E+00

 -- Grid initialized.

[SHTns 3.4.5] built Apr 30 2021, 15:49:24, id: avx2,ishioka
        Lmax=255, Mmax*Mres=255, Mres=1, Nlm=32896  [1 threads, orthonormalized]
        => using FFTW : Mmax=255, Nphi=768, Nlat=384  (data layout : phi_inc=384, theta_inc=1, phi_embed=768)
        => using Gauss nodes
        + polar optimization threshold = 1.0e-08
        finding optimal algorithm..........
        + SHT accuracy = 1.61e-12
        => SHTns is ready.
 -- Initalizing Reference State...
 ---- Specified parameters:
 ---- Reference type           :  Boussinesq (Non-dimensional)
 ---- Rayleigh Number          :  1.00000E+05
 ---- Ekman Number             :  1.00000E-03
 ---- Prandtl Number           :  1.00000E+00
 ---- Magnetic Prandtl Number  :  5.00000E+00
 -- Reference State initialized.

 -- Initializing Fields...
 ---- Specified parameters:
 ---- Hydro Init Type    : Benchmark (Christensen et al. 2001)
 ---- Magnetic Init Type : Benchmark (Christensen et al. 2001)
 -- Fields initialized.

 Initialization Complete.
 //////////////////////////////////////

 Timestep has changed from  0.00000E+00 to  1.00000E-04.
 Iteration:  00000001   DeltaT:  1.000E-04   Iter/sec:  0.000E+00
 Timestep has changed from  1.00000E-04 to  2.55566E-06.
 Iteration:  00000002   DeltaT:  2.556E-06   Iter/sec:  9.493E-02
 Iteration:  00000003   DeltaT:  2.556E-06   Iter/sec:  6.993E-01
 Iteration:  00000004   DeltaT:  2.556E-06   Iter/sec:  8.951E-01
 Iteration:  00000005   DeltaT:  2.556E-06   Iter/sec:  9.008E-01
 Iteration:  00000006   DeltaT:  2.556E-06   Iter/sec:  9.089E-01
 Iteration:  00000007   DeltaT:  2.556E-06   Iter/sec:  8.962E-01
 Iteration:  00000008   DeltaT:  2.556E-06   Iter/sec:  8.965E-01
 Iteration:  00000009   DeltaT:  2.556E-06   Iter/sec:  9.015E-01
 Iteration:  00000010   DeltaT:  2.556E-06   Iter/sec:  8.975E-01
 Iteration:  00000011   DeltaT:  2.556E-06   Iter/sec:  9.077E-01
 Iteration:  00000012   DeltaT:  2.556E-06   Iter/sec:  9.087E-01
 Iteration:  00000013   DeltaT:  2.556E-06   Iter/sec:  9.040E-01
 Iteration:  00000014   DeltaT:  2.556E-06   Iter/sec:  9.131E-01
 Iteration:  00000015   DeltaT:  2.556E-06   Iter/sec:  9.074E-01
 Iteration:  00000016   DeltaT:  2.556E-06   Iter/sec:  8.965E-01
 Iteration:  00000017   DeltaT:  2.556E-06   Iter/sec:  9.033E-01
 Iteration:  00000018   DeltaT:  2.556E-06   Iter/sec:  9.031E-01
 Iteration:  00000019   DeltaT:  2.556E-06   Iter/sec:  9.007E-01
 Iteration:  00000020   DeltaT:  2.556E-06   Iter/sec:  8.980E-01
 Iteration:  00000021   DeltaT:  2.556E-06   Iter/sec:  9.008E-01
 Iteration:  00000022   DeltaT:  2.556E-06   Iter/sec:  9.095E-01
 Iteration:  00000023   DeltaT:  2.556E-06   Iter/sec:  8.960E-01
 Iteration:  00000024   DeltaT:  2.556E-06   Iter/sec:  8.979E-01
 Iteration:  00000025   DeltaT:  2.556E-06   Iter/sec:  9.163E-01
 Iteration:  00000026   DeltaT:  2.556E-06   Iter/sec:  8.954E-01
 Iteration:  00000027   DeltaT:  2.556E-06   Iter/sec:  9.240E-01
 Iteration:  00000028   DeltaT:  2.556E-06   Iter/sec:  9.038E-01
 Iteration:  00000029   DeltaT:  2.556E-06   Iter/sec:  8.963E-01
 Iteration:  00000030   DeltaT:  2.556E-06   Iter/sec:  9.030E-01
 Iteration:  00000031   DeltaT:  2.556E-06   Iter/sec:  9.118E-01
 Iteration:  00000032   DeltaT:  2.556E-06   Iter/sec:  8.999E-01
 Iteration:  00000033   DeltaT:  2.556E-06   Iter/sec:  8.941E-01
 Iteration:  00000034   DeltaT:  2.556E-06   Iter/sec:  8.965E-01
 Iteration:  00000035   DeltaT:  2.556E-06   Iter/sec:  9.073E-01
 Iteration:  00000036   DeltaT:  2.556E-06   Iter/sec:  9.188E-01
 Iteration:  00000037   DeltaT:  2.556E-06   Iter/sec:  8.964E-01
 Iteration:  00000038   DeltaT:  2.556E-06   Iter/sec:  9.073E-01
 Iteration:  00000039   DeltaT:  2.556E-06   Iter/sec:  9.117E-01
 Iteration:  00000040   DeltaT:  2.556E-06   Iter/sec:  9.039E-01
 Iteration:  00000041   DeltaT:  2.556E-06   Iter/sec:  8.992E-01
 Iteration:  00000042   DeltaT:  2.556E-06   Iter/sec:  9.086E-01
 Iteration:  00000043   DeltaT:  2.556E-06   Iter/sec:  9.111E-01
 Iteration:  00000044   DeltaT:  2.556E-06   Iter/sec:  8.973E-01
 Iteration:  00000045   DeltaT:  2.556E-06   Iter/sec:  8.798E-01
 Iteration:  00000046   DeltaT:  2.556E-06   Iter/sec:  9.111E-01
 Iteration:  00000047   DeltaT:  2.556E-06   Iter/sec:  8.983E-01
 Iteration:  00000048   DeltaT:  2.556E-06   Iter/sec:  9.105E-01
 Iteration:  00000049   DeltaT:  2.556E-06   Iter/sec:  8.934E-01
 Iteration:  00000050   DeltaT:  2.556E-06   Iter/sec:  8.961E-01


//////////////////////////////////////////////
   Measured Timings for Process 0  (seconds)

 Elapsed time:        56.0817
  Column time:         5.2786
     Row time:        21.5572
Legendre time:         5.0756
     FFT time:         3.9797
   Solve time:         1.8715
    rlma time:         1.3438
    rlmb time:         0.7196
  pspace time:         7.9485
  psolve time:         7.1740
    dphi time:         0.2961
captured time:        55.2446

     iter/sec:         0.8916
//////////////////////////////////////////////
