 //////////////////////////////////////
 Initializating Rayleigh...

 -- Initalizing MPI...
 ---- Specified parameters:
 ---- NCPU  :     64
 ---- NPROW :      4
 ---- NPCOL :     16
 -- MPI initialized.


 -- Initalizing Grid...
 ---- Specified parameters ----
 ---- N_R                 :     64
 ---- N_THETA             :    192
 ---- Ell_MAX             :    127
 ---- R_MIN               :  5.38462E-01
 ---- R_MAX               :  1.53846E+00
 ---- Chebyshev Domains   :      1

        Domain 1
          Grid points           :  64
          Dealiased Polynomials :  42
          Domain Lower Bound    :  5.38462E-01
          Domain Upper Bound    :  1.53846E+00

 -- Grid initialized.

[SHTns 3.4.5] built Apr 30 2021, 15:49:24, id: avx2,ishioka
        Lmax=127, Mmax*Mres=127, Mres=1, Nlm=8256  [1 threads, orthonormalized]
        => using FFTW : Mmax=127, Nphi=384, Nlat=192  (data layout : phi_inc=192, theta_inc=1, phi_embed=384)
        => using Gauss nodes
        + polar optimization threshold = 1.0e-08
        finding optimal algorithm........
        + SHT accuracy = 5.37e-14
        => SHTns is ready.
 -- Initalizing Reference State...
 ---- Specified parameters:
 ---- Reference type           :  Boussinesq (Non-dimensional)
 ---- Rayleigh Number          :  1.00000E+05
 ---- Ekman Number             :  1.00000E-03
 ---- Prandtl Number           :  1.00000E+00
 ---- Magnetic Prandtl Number  :  5.00000E+00
 -- Reference State initialized.

 -- Initializing Fields...
 ---- Specified parameters:
 ---- Hydro Init Type    : Benchmark (Christensen et al. 2001)
 ---- Magnetic Init Type : Benchmark (Christensen et al. 2001)
 -- Fields initialized.

 Initialization Complete.
 //////////////////////////////////////

 Timestep has changed from  0.00000E+00 to  1.00000E-04.
 Iteration:  00000001   DeltaT:  1.000E-04   Iter/sec:  0.000E+00
 Timestep has changed from  1.00000E-04 to  1.02217E-05.
 Iteration:  00000002   DeltaT:  1.022E-05   Iter/sec:  2.415E-01
 Iteration:  00000003   DeltaT:  1.022E-05   Iter/sec:  8.431E+00
 Iteration:  00000004   DeltaT:  1.022E-05   Iter/sec:  9.082E+00
 Iteration:  00000005   DeltaT:  1.022E-05   Iter/sec:  9.116E+00
 Iteration:  00000006   DeltaT:  1.022E-05   Iter/sec:  9.362E+00
 Iteration:  00000007   DeltaT:  1.022E-05   Iter/sec:  9.177E+00
 Iteration:  00000008   DeltaT:  1.022E-05   Iter/sec:  9.054E+00
 Iteration:  00000009   DeltaT:  1.022E-05   Iter/sec:  9.611E+00
 Iteration:  00000010   DeltaT:  1.022E-05   Iter/sec:  9.161E+00
 Iteration:  00000011   DeltaT:  1.022E-05   Iter/sec:  8.949E+00
 Iteration:  00000012   DeltaT:  1.022E-05   Iter/sec:  9.416E+00
 Iteration:  00000013   DeltaT:  1.022E-05   Iter/sec:  9.148E+00
 Iteration:  00000014   DeltaT:  1.022E-05   Iter/sec:  9.200E+00
 Iteration:  00000015   DeltaT:  1.022E-05   Iter/sec:  9.295E+00
 Iteration:  00000016   DeltaT:  1.022E-05   Iter/sec:  9.077E+00
 Iteration:  00000017   DeltaT:  1.022E-05   Iter/sec:  9.184E+00
 Iteration:  00000018   DeltaT:  1.022E-05   Iter/sec:  9.143E+00
 Iteration:  00000019   DeltaT:  1.022E-05   Iter/sec:  9.061E+00
 Iteration:  00000020   DeltaT:  1.022E-05   Iter/sec:  9.116E+00
 Iteration:  00000021   DeltaT:  1.022E-05   Iter/sec:  9.267E+00
 Iteration:  00000022   DeltaT:  1.022E-05   Iter/sec:  9.102E+00
 Iteration:  00000023   DeltaT:  1.022E-05   Iter/sec:  9.224E+00
 Iteration:  00000024   DeltaT:  1.022E-05   Iter/sec:  9.210E+00
 Iteration:  00000025   DeltaT:  1.022E-05   Iter/sec:  9.197E+00
 Iteration:  00000026   DeltaT:  1.022E-05   Iter/sec:  9.164E+00
 Iteration:  00000027   DeltaT:  1.022E-05   Iter/sec:  9.262E+00
 Iteration:  00000028   DeltaT:  1.022E-05   Iter/sec:  9.061E+00
 Iteration:  00000029   DeltaT:  1.022E-05   Iter/sec:  9.093E+00
 Iteration:  00000030   DeltaT:  1.022E-05   Iter/sec:  9.234E+00
 Iteration:  00000031   DeltaT:  1.022E-05   Iter/sec:  9.135E+00
 Iteration:  00000032   DeltaT:  1.022E-05   Iter/sec:  9.137E+00
 Iteration:  00000033   DeltaT:  1.022E-05   Iter/sec:  9.250E+00
 Iteration:  00000034   DeltaT:  1.022E-05   Iter/sec:  9.199E+00
 Iteration:  00000035   DeltaT:  1.022E-05   Iter/sec:  9.122E+00
 Iteration:  00000036   DeltaT:  1.022E-05   Iter/sec:  9.193E+00
 Iteration:  00000037   DeltaT:  1.022E-05   Iter/sec:  9.210E+00
 Iteration:  00000038   DeltaT:  1.022E-05   Iter/sec:  9.162E+00
 Iteration:  00000039   DeltaT:  1.022E-05   Iter/sec:  9.101E+00
 Iteration:  00000040   DeltaT:  1.022E-05   Iter/sec:  9.207E+00
 Iteration:  00000041   DeltaT:  1.022E-05   Iter/sec:  9.193E+00
 Iteration:  00000042   DeltaT:  1.022E-05   Iter/sec:  9.224E+00
 Iteration:  00000043   DeltaT:  1.022E-05   Iter/sec:  9.194E+00
 Iteration:  00000044   DeltaT:  1.022E-05   Iter/sec:  9.285E+00
 Iteration:  00000045   DeltaT:  1.022E-05   Iter/sec:  9.208E+00
 Iteration:  00000046   DeltaT:  1.022E-05   Iter/sec:  9.606E+00
 Iteration:  00000047   DeltaT:  1.022E-05   Iter/sec:  9.331E+00
 Iteration:  00000048   DeltaT:  1.022E-05   Iter/sec:  9.174E+00
 Iteration:  00000049   DeltaT:  1.022E-05   Iter/sec:  9.507E+00
 Iteration:  00000050   DeltaT:  1.022E-05   Iter/sec:  9.182E+00


//////////////////////////////////////////////
   Measured Timings for Process 0  (seconds)

 Elapsed time:         5.4628
  Column time:         0.9711
     Row time:         1.8832
Legendre time:         0.3727
     FFT time:         0.4599
   Solve time:         0.1343
    rlma time:         0.0995
    rlmb time:         0.0471
  pspace time:         0.7836
  psolve time:         0.6003
    dphi time:         0.0469
captured time:         5.3986

     iter/sec:         9.1528
//////////////////////////////////////////////
