 //////////////////////////////////////
 Initializating Rayleigh...

 -- Initalizing MPI...
 ---- Specified parameters:
 ---- NCPU  :    128
 ---- NPROW :      8
 ---- NPCOL :     16
 -- MPI initialized.


 -- Initalizing Grid...
 ---- Specified parameters ----
 ---- N_R                 :    128
 ---- N_THETA             :    384
 ---- Ell_MAX             :    255
 ---- R_MIN               :  5.38462E-01
 ---- R_MAX               :  1.53846E+00
 ---- Chebyshev Domains   :      1

        Domain 1
          Grid points           :  128
          Dealiased Polynomials :  85
          Domain Lower Bound    :  5.38462E-01
          Domain Upper Bound    :  1.53846E+00

 -- Grid initialized.

 -- Initalizing Reference State...
 ---- Specified parameters:
 ---- Reference type           :  Boussinesq (Non-dimensional)
 ---- Rayleigh Number          :  1.00000E+05
 ---- Ekman Number             :  1.00000E-03
 ---- Prandtl Number           :  1.00000E+00
 ---- Magnetic Prandtl Number  :  5.00000E+00
 -- Reference State initialized.

 -- Initializing Fields...
 ---- Specified parameters:
 ---- Hydro Init Type    : Benchmark (Christensen et al. 2001)
 ---- Magnetic Init Type : Benchmark (Christensen et al. 2001)
 -- Fields initialized.

 Initialization Complete.
 //////////////////////////////////////

 Timestep has changed from  0.00000E+00 to  1.00000E-04.
 Iteration:  00000001   DeltaT:  1.000E-04   Iter/sec:  0.000E+00
 Timestep has changed from  1.00000E-04 to  2.55566E-06.
 Iteration:  00000002   DeltaT:  2.556E-06   Iter/sec:  1.071E+00
 Iteration:  00000003   DeltaT:  2.556E-06   Iter/sec:  1.566E+00
 Iteration:  00000004   DeltaT:  2.556E-06   Iter/sec:  1.837E+00
 Iteration:  00000005   DeltaT:  2.556E-06   Iter/sec:  1.821E+00
 Iteration:  00000006   DeltaT:  2.556E-06   Iter/sec:  1.813E+00
 Iteration:  00000007   DeltaT:  2.556E-06   Iter/sec:  1.798E+00
 Iteration:  00000008   DeltaT:  2.556E-06   Iter/sec:  1.807E+00
 Iteration:  00000009   DeltaT:  2.556E-06   Iter/sec:  1.825E+00
 Iteration:  00000010   DeltaT:  2.556E-06   Iter/sec:  1.793E+00
 Iteration:  00000011   DeltaT:  2.556E-06   Iter/sec:  1.848E+00
 Iteration:  00000012   DeltaT:  2.556E-06   Iter/sec:  1.813E+00
 Iteration:  00000013   DeltaT:  2.556E-06   Iter/sec:  1.797E+00
 Iteration:  00000014   DeltaT:  2.556E-06   Iter/sec:  1.838E+00
 Iteration:  00000015   DeltaT:  2.556E-06   Iter/sec:  1.824E+00
 Iteration:  00000016   DeltaT:  2.556E-06   Iter/sec:  1.805E+00
 Iteration:  00000017   DeltaT:  2.556E-06   Iter/sec:  1.794E+00
 Iteration:  00000018   DeltaT:  2.556E-06   Iter/sec:  1.790E+00
 Iteration:  00000019   DeltaT:  2.556E-06   Iter/sec:  1.828E+00
 Iteration:  00000020   DeltaT:  2.556E-06   Iter/sec:  1.837E+00
 Iteration:  00000021   DeltaT:  2.556E-06   Iter/sec:  1.824E+00
 Iteration:  00000022   DeltaT:  2.556E-06   Iter/sec:  1.804E+00
 Iteration:  00000023   DeltaT:  2.556E-06   Iter/sec:  1.806E+00
 Iteration:  00000024   DeltaT:  2.556E-06   Iter/sec:  1.813E+00
 Iteration:  00000025   DeltaT:  2.556E-06   Iter/sec:  1.843E+00
 Iteration:  00000026   DeltaT:  2.556E-06   Iter/sec:  1.774E+00
 Iteration:  00000027   DeltaT:  2.556E-06   Iter/sec:  1.831E+00
 Iteration:  00000028   DeltaT:  2.556E-06   Iter/sec:  1.792E+00
 Iteration:  00000029   DeltaT:  2.556E-06   Iter/sec:  1.817E+00
 Iteration:  00000030   DeltaT:  2.556E-06   Iter/sec:  1.793E+00
 Iteration:  00000031   DeltaT:  2.556E-06   Iter/sec:  1.812E+00
 Iteration:  00000032   DeltaT:  2.556E-06   Iter/sec:  1.827E+00
 Iteration:  00000033   DeltaT:  2.556E-06   Iter/sec:  1.813E+00
 Iteration:  00000034   DeltaT:  2.556E-06   Iter/sec:  1.808E+00
 Iteration:  00000035   DeltaT:  2.556E-06   Iter/sec:  1.826E+00
 Iteration:  00000036   DeltaT:  2.556E-06   Iter/sec:  1.791E+00
 Iteration:  00000037   DeltaT:  2.556E-06   Iter/sec:  1.784E+00
 Iteration:  00000038   DeltaT:  2.556E-06   Iter/sec:  1.852E+00
 Iteration:  00000039   DeltaT:  2.556E-06   Iter/sec:  1.782E+00
 Iteration:  00000040   DeltaT:  2.556E-06   Iter/sec:  1.840E+00
 Iteration:  00000041   DeltaT:  2.556E-06   Iter/sec:  1.768E+00
 Iteration:  00000042   DeltaT:  2.556E-06   Iter/sec:  1.831E+00
 Iteration:  00000043   DeltaT:  2.556E-06   Iter/sec:  1.811E+00
 Iteration:  00000044   DeltaT:  2.556E-06   Iter/sec:  1.811E+00
 Iteration:  00000045   DeltaT:  2.556E-06   Iter/sec:  1.824E+00
 Iteration:  00000046   DeltaT:  2.556E-06   Iter/sec:  1.818E+00
 Iteration:  00000047   DeltaT:  2.556E-06   Iter/sec:  1.829E+00
 Iteration:  00000048   DeltaT:  2.556E-06   Iter/sec:  1.776E+00
 Iteration:  00000049   DeltaT:  2.556E-06   Iter/sec:  1.826E+00
 Iteration:  00000050   DeltaT:  2.556E-06   Iter/sec:  1.768E+00


//////////////////////////////////////////////
   Measured Timings for Process 0  (seconds)

 Elapsed time:        27.7657
  Column time:         4.0645
     Row time:         9.2371
Legendre time:         3.3460
     FFT time:         1.9262
   Solve time:         0.7869
    rlma time:         0.3989
    rlmb time:         0.1839
  pspace time:         4.3344
  psolve time:         2.9744
    dphi time:         0.1961
captured time:        27.4484

     iter/sec:         1.8008
//////////////////////////////////////////////
