 //////////////////////////////////////
 Initializating Rayleigh...

 -- Initalizing MPI...
 ---- Specified parameters:
 ---- NCPU  :   1024
 ---- NPROW :     32
 ---- NPCOL :     32
 -- MPI initialized.


 -- Initalizing Grid...
 ---- Specified parameters ----
 ---- N_R                 :    128
 ---- N_THETA             :    384
 ---- Ell_MAX             :    255
 ---- R_MIN               :  5.38462E-01
 ---- R_MAX               :  1.53846E+00
 ---- Chebyshev Domains   :      1

        Domain 1
          Grid points           :  128
          Dealiased Polynomials :  85
          Domain Lower Bound    :  5.38462E-01
          Domain Upper Bound    :  1.53846E+00

 -- Grid initialized.

 -- Initalizing Reference State...
 ---- Specified parameters:
 ---- Reference type           :  Boussinesq (Non-dimensional)
 ---- Rayleigh Number          :  1.00000E+05
 ---- Ekman Number             :  1.00000E-03
 ---- Prandtl Number           :  1.00000E+00
 ---- Magnetic Prandtl Number  :  5.00000E+00
 -- Reference State initialized.

 -- Initializing Fields...
 ---- Specified parameters:
 ---- Hydro Init Type    : Benchmark (Christensen et al. 2001)
 ---- Magnetic Init Type : Benchmark (Christensen et al. 2001)
 -- Fields initialized.

 Initialization Complete.
 //////////////////////////////////////

 Timestep has changed from  0.00000E+00 to  1.00000E-04.
 Iteration:  00000001   DeltaT:  1.000E-04   Iter/sec:  0.000E+00
 Timestep has changed from  1.00000E-04 to  2.55566E-06.
 Iteration:  00000002   DeltaT:  2.556E-06   Iter/sec:  2.536E+00
 Iteration:  00000003   DeltaT:  2.556E-06   Iter/sec:  8.026E+00
 Iteration:  00000004   DeltaT:  2.556E-06   Iter/sec:  1.217E+01
 Iteration:  00000005   DeltaT:  2.556E-06   Iter/sec:  8.000E+00
 Iteration:  00000006   DeltaT:  2.556E-06   Iter/sec:  1.385E+01
 Iteration:  00000007   DeltaT:  2.556E-06   Iter/sec:  5.117E+00
 Iteration:  00000008   DeltaT:  2.556E-06   Iter/sec:  1.326E+01
 Iteration:  00000009   DeltaT:  2.556E-06   Iter/sec:  1.208E+01
 Iteration:  00000010   DeltaT:  2.556E-06   Iter/sec:  1.330E+01
 Iteration:  00000011   DeltaT:  2.556E-06   Iter/sec:  1.262E+01
 Iteration:  00000012   DeltaT:  2.556E-06   Iter/sec:  7.582E+00
 Iteration:  00000013   DeltaT:  2.556E-06   Iter/sec:  1.197E+01
 Iteration:  00000014   DeltaT:  2.556E-06   Iter/sec:  5.052E+00
 Iteration:  00000015   DeltaT:  2.556E-06   Iter/sec:  1.285E+01
 Iteration:  00000016   DeltaT:  2.556E-06   Iter/sec:  1.245E+01
 Iteration:  00000017   DeltaT:  2.556E-06   Iter/sec:  1.373E+01
 Iteration:  00000018   DeltaT:  2.556E-06   Iter/sec:  1.307E+01
 Iteration:  00000019   DeltaT:  2.556E-06   Iter/sec:  7.936E+00
 Iteration:  00000020   DeltaT:  2.556E-06   Iter/sec:  1.136E+01
 Iteration:  00000021   DeltaT:  2.556E-06   Iter/sec:  5.725E+00
 Iteration:  00000022   DeltaT:  2.556E-06   Iter/sec:  1.282E+01
 Iteration:  00000023   DeltaT:  2.556E-06   Iter/sec:  1.241E+01
 Iteration:  00000024   DeltaT:  2.556E-06   Iter/sec:  1.300E+01
 Iteration:  00000025   DeltaT:  2.556E-06   Iter/sec:  1.258E+01
 Iteration:  00000026   DeltaT:  2.556E-06   Iter/sec:  8.600E+00
 Iteration:  00000027   DeltaT:  2.556E-06   Iter/sec:  9.523E+00
 Iteration:  00000028   DeltaT:  2.556E-06   Iter/sec:  6.234E+00
 Iteration:  00000029   DeltaT:  2.556E-06   Iter/sec:  1.287E+01
 Iteration:  00000030   DeltaT:  2.556E-06   Iter/sec:  1.186E+01
 Iteration:  00000031   DeltaT:  2.556E-06   Iter/sec:  1.308E+01
 Iteration:  00000032   DeltaT:  2.556E-06   Iter/sec:  1.298E+01
 Iteration:  00000033   DeltaT:  2.556E-06   Iter/sec:  7.646E+00
 Iteration:  00000034   DeltaT:  2.556E-06   Iter/sec:  5.242E+00
 Iteration:  00000035   DeltaT:  2.556E-06   Iter/sec:  8.997E+00
 Iteration:  00000036   DeltaT:  2.556E-06   Iter/sec:  1.315E+01
 Iteration:  00000037   DeltaT:  2.556E-06   Iter/sec:  1.313E+01
 Iteration:  00000038   DeltaT:  2.556E-06   Iter/sec:  1.267E+01
 Iteration:  00000039   DeltaT:  2.556E-06   Iter/sec:  1.201E+01
 Iteration:  00000040   DeltaT:  2.556E-06   Iter/sec:  7.406E+00
 Iteration:  00000041   DeltaT:  2.556E-06   Iter/sec:  5.219E+00
 Iteration:  00000042   DeltaT:  2.556E-06   Iter/sec:  1.387E+01
 Iteration:  00000043   DeltaT:  2.556E-06   Iter/sec:  1.244E+01
 Iteration:  00000044   DeltaT:  2.556E-06   Iter/sec:  1.318E+01
 Iteration:  00000045   DeltaT:  2.556E-06   Iter/sec:  1.292E+01
 Iteration:  00000046   DeltaT:  2.556E-06   Iter/sec:  1.293E+01
 Iteration:  00000047   DeltaT:  2.556E-06   Iter/sec:  7.078E+00
 Iteration:  00000048   DeltaT:  2.556E-06   Iter/sec:  7.877E+00
 Iteration:  00000049   DeltaT:  2.556E-06   Iter/sec:  9.061E+00
 Iteration:  00000050   DeltaT:  2.556E-06   Iter/sec:  1.308E+01


//////////////////////////////////////////////
   Measured Timings for Process 0  (seconds)

 Elapsed time:         5.1511
  Column time:         2.5039
     Row time:         1.1611
Legendre time:         0.3082
     FFT time:         0.2437
   Solve time:         0.2256
    rlma time:         0.0430
    rlmb time:         0.0182
  pspace time:         0.2988
  psolve time:         0.2955
    dphi time:         0.0216
captured time:         5.1196

     iter/sec:         9.7066
//////////////////////////////////////////////
