 //////////////////////////////////////
 Initializating Rayleigh...

 -- Initalizing MPI...
 ---- Specified parameters:
 ---- NCPU  :   4096
 ---- NPROW :     64
 ---- NPCOL :     64
 -- MPI initialized.


 -- Initalizing Grid...
 ---- Specified parameters ----
 ---- N_R                 :    256
 ---- N_THETA             :    768
 ---- Ell_MAX             :    511
 ---- R_MIN               :  5.38462E-01
 ---- R_MAX               :  1.53846E+00
 ---- Chebyshev Domains   :      1

        Domain 1
          Grid points           :  256
          Dealiased Polynomials :  170
          Domain Lower Bound    :  5.38462E-01
          Domain Upper Bound    :  1.53846E+00

 -- Grid initialized.

 -- Initalizing Reference State...
 ---- Specified parameters:
 ---- Reference type           :  Boussinesq (Non-dimensional)
 ---- Rayleigh Number          :  1.00000E+05
 ---- Ekman Number             :  1.00000E-03
 ---- Prandtl Number           :  1.00000E+00
 ---- Magnetic Prandtl Number  :  5.00000E+00
 -- Reference State initialized.

 -- Initializing Fields...
 ---- Specified parameters:
 ---- Hydro Init Type    : Benchmark (Christensen et al. 2001)
 ---- Magnetic Init Type : Benchmark (Christensen et al. 2001)
 -- Fields initialized.

 Initialization Complete.
 //////////////////////////////////////

 Timestep has changed from  0.00000E+00 to  1.00000E-04.
 Iteration:  00000001   DeltaT:  1.000E-04   Iter/sec:  0.000E+00
 Timestep has changed from  1.00000E-04 to  6.38929E-07.
 Iteration:  00000002   DeltaT:  6.389E-07   Iter/sec:  6.315E-01
 Iteration:  00000003   DeltaT:  6.389E-07   Iter/sec:  1.656E+00
 Iteration:  00000004   DeltaT:  6.389E-07   Iter/sec:  3.898E+00
 Iteration:  00000005   DeltaT:  6.389E-07   Iter/sec:  3.427E+00
 Iteration:  00000006   DeltaT:  6.389E-07   Iter/sec:  3.911E+00
 Iteration:  00000007   DeltaT:  6.389E-07   Iter/sec:  3.308E+00
 Iteration:  00000008   DeltaT:  6.389E-07   Iter/sec:  4.415E+00
 Iteration:  00000009   DeltaT:  6.389E-07   Iter/sec:  3.845E+00
 Iteration:  00000010   DeltaT:  6.389E-07   Iter/sec:  3.734E+00
 Iteration:  00000011   DeltaT:  6.389E-07   Iter/sec:  3.933E+00
 Iteration:  00000012   DeltaT:  6.389E-07   Iter/sec:  4.123E+00
 Iteration:  00000013   DeltaT:  6.389E-07   Iter/sec:  3.396E+00
 Iteration:  00000014   DeltaT:  6.389E-07   Iter/sec:  2.795E+00
 Iteration:  00000015   DeltaT:  6.389E-07   Iter/sec:  3.297E+00
 Iteration:  00000016   DeltaT:  6.389E-07   Iter/sec:  4.347E+00
 Iteration:  00000017   DeltaT:  6.389E-07   Iter/sec:  3.739E+00
 Iteration:  00000018   DeltaT:  6.389E-07   Iter/sec:  3.630E+00
 Iteration:  00000019   DeltaT:  6.389E-07   Iter/sec:  4.266E+00
 Iteration:  00000020   DeltaT:  6.389E-07   Iter/sec:  3.709E+00
 Iteration:  00000021   DeltaT:  6.389E-07   Iter/sec:  4.286E+00
 Iteration:  00000022   DeltaT:  6.389E-07   Iter/sec:  3.761E+00
 Iteration:  00000023   DeltaT:  6.389E-07   Iter/sec:  3.509E+00
 Iteration:  00000024   DeltaT:  6.389E-07   Iter/sec:  3.987E+00
 Iteration:  00000025   DeltaT:  6.389E-07   Iter/sec:  3.589E+00
 Iteration:  00000026   DeltaT:  6.389E-07   Iter/sec:  3.257E+00
 Iteration:  00000027   DeltaT:  6.389E-07   Iter/sec:  4.085E+00
 Iteration:  00000028   DeltaT:  6.389E-07   Iter/sec:  3.152E+00
 Iteration:  00000029   DeltaT:  6.389E-07   Iter/sec:  4.241E+00
 Iteration:  00000030   DeltaT:  6.389E-07   Iter/sec:  3.766E+00
 Iteration:  00000031   DeltaT:  6.389E-07   Iter/sec:  3.952E+00
 Iteration:  00000032   DeltaT:  6.389E-07   Iter/sec:  4.370E+00
 Iteration:  00000033   DeltaT:  6.389E-07   Iter/sec:  3.526E+00
 Iteration:  00000034   DeltaT:  6.389E-07   Iter/sec:  3.603E+00
 Iteration:  00000035   DeltaT:  6.389E-07   Iter/sec:  4.188E+00
 Iteration:  00000036   DeltaT:  6.389E-07   Iter/sec:  3.560E+00
 Iteration:  00000037   DeltaT:  6.389E-07   Iter/sec:  3.901E+00
 Iteration:  00000038   DeltaT:  6.389E-07   Iter/sec:  4.014E+00
 Iteration:  00000039   DeltaT:  6.389E-07   Iter/sec:  3.694E+00
 Iteration:  00000040   DeltaT:  6.389E-07   Iter/sec:  3.968E+00
 Iteration:  00000041   DeltaT:  6.389E-07   Iter/sec:  4.374E+00
 Iteration:  00000042   DeltaT:  6.389E-07   Iter/sec:  3.874E+00
 Iteration:  00000043   DeltaT:  6.389E-07   Iter/sec:  4.293E+00
 Iteration:  00000044   DeltaT:  6.389E-07   Iter/sec:  3.641E+00
 Iteration:  00000045   DeltaT:  6.389E-07   Iter/sec:  3.664E+00
 Iteration:  00000046   DeltaT:  6.389E-07   Iter/sec:  4.211E+00
 Iteration:  00000047   DeltaT:  6.389E-07   Iter/sec:  3.601E+00
 Iteration:  00000048   DeltaT:  6.389E-07   Iter/sec:  3.487E+00
 Iteration:  00000049   DeltaT:  6.389E-07   Iter/sec:  4.209E+00
 Iteration:  00000050   DeltaT:  6.389E-07   Iter/sec:  3.952E+00


//////////////////////////////////////////////
   Measured Timings for Process 0  (seconds)

 Elapsed time:        14.0129
  Column time:         5.5355
     Row time:         3.8265
Legendre time:         0.9405
     FFT time:         0.4702
   Solve time:         0.8413
    rlma time:         0.0911
    rlmb time:         0.0426
  pspace time:         0.8357
  psolve time:         1.3161
    dphi time:         0.0407
captured time:        13.9401

     iter/sec:         3.5681
//////////////////////////////////////////////
