 //////////////////////////////////////
 Initializating Rayleigh...

 -- Initalizing MPI...
 ---- Specified parameters:
 ---- NCPU  :   2048
 ---- NPROW :     32
 ---- NPCOL :     64
 -- MPI initialized.


 -- Initalizing Grid...
 ---- Specified parameters ----
 ---- N_R                 :    256
 ---- N_THETA             :    768
 ---- Ell_MAX             :    511
 ---- R_MIN               :  5.38462E-01
 ---- R_MAX               :  1.53846E+00
 ---- Chebyshev Domains   :      1

        Domain 1
          Grid points           :  256
          Dealiased Polynomials :  170
          Domain Lower Bound    :  5.38462E-01
          Domain Upper Bound    :  1.53846E+00

 -- Grid initialized.

 -- Initalizing Reference State...
 ---- Specified parameters:
 ---- Reference type           :  Boussinesq (Non-dimensional)
 ---- Rayleigh Number          :  1.00000E+05
 ---- Ekman Number             :  1.00000E-03
 ---- Prandtl Number           :  1.00000E+00
 ---- Magnetic Prandtl Number  :  5.00000E+00
 -- Reference State initialized.

 -- Initializing Fields...
 ---- Specified parameters:
 ---- Hydro Init Type    : Benchmark (Christensen et al. 2001)
 ---- Magnetic Init Type : Benchmark (Christensen et al. 2001)
 -- Fields initialized.

 Initialization Complete.
 //////////////////////////////////////

 Timestep has changed from  0.00000E+00 to  1.00000E-04.
 Iteration:  00000001   DeltaT:  1.000E-04   Iter/sec:  0.000E+00
 Timestep has changed from  1.00000E-04 to  6.38929E-07.
 Iteration:  00000002   DeltaT:  6.389E-07   Iter/sec:  6.410E-01
 Iteration:  00000003   DeltaT:  6.389E-07   Iter/sec:  1.144E+00
 Iteration:  00000004   DeltaT:  6.389E-07   Iter/sec:  2.585E+00
 Iteration:  00000005   DeltaT:  6.389E-07   Iter/sec:  2.130E+00
 Iteration:  00000006   DeltaT:  6.389E-07   Iter/sec:  2.162E+00
 Iteration:  00000007   DeltaT:  6.389E-07   Iter/sec:  2.254E+00
 Iteration:  00000008   DeltaT:  6.389E-07   Iter/sec:  2.152E+00
 Iteration:  00000009   DeltaT:  6.389E-07   Iter/sec:  2.587E+00
 Iteration:  00000010   DeltaT:  6.389E-07   Iter/sec:  2.068E+00
 Iteration:  00000011   DeltaT:  6.389E-07   Iter/sec:  2.129E+00
 Iteration:  00000012   DeltaT:  6.389E-07   Iter/sec:  2.266E+00
 Iteration:  00000013   DeltaT:  6.389E-07   Iter/sec:  2.040E+00
 Iteration:  00000014   DeltaT:  6.389E-07   Iter/sec:  2.081E+00
 Iteration:  00000015   DeltaT:  6.389E-07   Iter/sec:  2.451E+00
 Iteration:  00000016   DeltaT:  6.389E-07   Iter/sec:  2.189E+00
 Iteration:  00000017   DeltaT:  6.389E-07   Iter/sec:  2.223E+00
 Iteration:  00000018   DeltaT:  6.389E-07   Iter/sec:  1.975E+00
 Iteration:  00000019   DeltaT:  6.389E-07   Iter/sec:  2.196E+00
 Iteration:  00000020   DeltaT:  6.389E-07   Iter/sec:  2.441E+00
 Iteration:  00000021   DeltaT:  6.389E-07   Iter/sec:  2.254E+00
 Iteration:  00000022   DeltaT:  6.389E-07   Iter/sec:  2.264E+00
 Iteration:  00000023   DeltaT:  6.389E-07   Iter/sec:  2.155E+00
 Iteration:  00000024   DeltaT:  6.389E-07   Iter/sec:  2.007E+00
 Iteration:  00000025   DeltaT:  6.389E-07   Iter/sec:  2.313E+00
 Iteration:  00000026   DeltaT:  6.389E-07   Iter/sec:  2.157E+00
 Iteration:  00000027   DeltaT:  6.389E-07   Iter/sec:  1.973E+00
 Iteration:  00000028   DeltaT:  6.389E-07   Iter/sec:  2.259E+00
 Iteration:  00000029   DeltaT:  6.389E-07   Iter/sec:  2.120E+00
 Iteration:  00000030   DeltaT:  6.389E-07   Iter/sec:  2.188E+00
 Iteration:  00000031   DeltaT:  6.389E-07   Iter/sec:  2.263E+00
 Iteration:  00000032   DeltaT:  6.389E-07   Iter/sec:  2.098E+00
 Iteration:  00000033   DeltaT:  6.389E-07   Iter/sec:  2.604E+00
 Iteration:  00000034   DeltaT:  6.389E-07   Iter/sec:  2.201E+00
 Iteration:  00000035   DeltaT:  6.389E-07   Iter/sec:  2.208E+00
 Iteration:  00000036   DeltaT:  6.389E-07   Iter/sec:  2.283E+00
 Iteration:  00000037   DeltaT:  6.389E-07   Iter/sec:  2.144E+00
 Iteration:  00000038   DeltaT:  6.389E-07   Iter/sec:  2.169E+00
 Iteration:  00000039   DeltaT:  6.389E-07   Iter/sec:  2.428E+00
 Iteration:  00000040   DeltaT:  6.389E-07   Iter/sec:  2.146E+00
 Iteration:  00000041   DeltaT:  6.389E-07   Iter/sec:  2.430E+00
 Iteration:  00000042   DeltaT:  6.389E-07   Iter/sec:  2.092E+00
 Iteration:  00000043   DeltaT:  6.389E-07   Iter/sec:  2.090E+00
 Iteration:  00000044   DeltaT:  6.389E-07   Iter/sec:  2.392E+00
 Iteration:  00000045   DeltaT:  6.389E-07   Iter/sec:  2.088E+00
 Iteration:  00000046   DeltaT:  6.389E-07   Iter/sec:  2.386E+00
 Iteration:  00000047   DeltaT:  6.389E-07   Iter/sec:  2.111E+00
 Iteration:  00000048   DeltaT:  6.389E-07   Iter/sec:  1.973E+00
 Iteration:  00000049   DeltaT:  6.389E-07   Iter/sec:  2.401E+00
 Iteration:  00000050   DeltaT:  6.389E-07   Iter/sec:  2.181E+00


//////////////////////////////////////////////
   Measured Timings for Process 0  (seconds)

 Elapsed time:        23.4502
  Column time:         8.6248
     Row time:         6.0863
Legendre time:         2.0608
     FFT time:         0.9369
   Solve time:         1.1180
    rlma time:         0.1790
    rlmb time:         0.0819
  pspace time:         1.8233
  psolve time:         2.3033
    dphi time:         0.0737
captured time:        23.2881

     iter/sec:         2.1322
//////////////////////////////////////////////
