 //////////////////////////////////////
 Initializating Rayleigh...

 -- Initalizing MPI...
 ---- Specified parameters:
 ---- NCPU  :     64
 ---- NPROW :      8
 ---- NPCOL :      8
 -- MPI initialized.


 -- Initalizing Grid...
 ---- Specified parameters ----
 ---- N_R                 :     64
 ---- N_THETA             :    192
 ---- Ell_MAX             :    127
 ---- R_MIN               :  5.38462E-01
 ---- R_MAX               :  1.53846E+00
 ---- Chebyshev Domains   :      1

        Domain 1
          Grid points           :  64
          Dealiased Polynomials :  42
          Domain Lower Bound    :  5.38462E-01
          Domain Upper Bound    :  1.53846E+00

 -- Grid initialized.

 -- Initalizing Reference State...
 ---- Specified parameters:
 ---- Reference type           :  Boussinesq (Non-dimensional)
 ---- Rayleigh Number          :  1.00000E+05
 ---- Ekman Number             :  1.00000E-03
 ---- Prandtl Number           :  1.00000E+00
 ---- Magnetic Prandtl Number  :  5.00000E+00
 -- Reference State initialized.

 -- Initializing Fields...
 ---- Specified parameters:
 ---- Hydro Init Type    : Benchmark (Christensen et al. 2001)
 ---- Magnetic Init Type : Benchmark (Christensen et al. 2001)
 -- Fields initialized.

 Initialization Complete.
 //////////////////////////////////////

 Timestep has changed from  0.00000E+00 to  1.00000E-04.
 Iteration:  00000001   DeltaT:  1.000E-04   Iter/sec:  0.000E+00
 Timestep has changed from  1.00000E-04 to  1.02217E-05.
 Iteration:  00000002   DeltaT:  1.022E-05   Iter/sec:  4.760E+00
 Iteration:  00000003   DeltaT:  1.022E-05   Iter/sec:  7.527E+00
 Iteration:  00000004   DeltaT:  1.022E-05   Iter/sec:  8.990E+00
 Iteration:  00000005   DeltaT:  1.022E-05   Iter/sec:  8.712E+00
 Iteration:  00000006   DeltaT:  1.022E-05   Iter/sec:  8.562E+00
 Iteration:  00000007   DeltaT:  1.022E-05   Iter/sec:  8.493E+00
 Iteration:  00000008   DeltaT:  1.022E-05   Iter/sec:  8.969E+00
 Iteration:  00000009   DeltaT:  1.022E-05   Iter/sec:  8.628E+00
 Iteration:  00000010   DeltaT:  1.022E-05   Iter/sec:  8.664E+00
 Iteration:  00000011   DeltaT:  1.022E-05   Iter/sec:  8.925E+00
 Iteration:  00000012   DeltaT:  1.022E-05   Iter/sec:  8.715E+00
 Iteration:  00000013   DeltaT:  1.022E-05   Iter/sec:  8.785E+00
 Iteration:  00000014   DeltaT:  1.022E-05   Iter/sec:  8.855E+00
 Iteration:  00000015   DeltaT:  1.022E-05   Iter/sec:  8.637E+00
 Iteration:  00000016   DeltaT:  1.022E-05   Iter/sec:  7.989E+00
 Iteration:  00000017   DeltaT:  1.022E-05   Iter/sec:  8.256E+00
 Iteration:  00000018   DeltaT:  1.022E-05   Iter/sec:  8.906E+00
 Iteration:  00000019   DeltaT:  1.022E-05   Iter/sec:  9.171E+00
 Iteration:  00000020   DeltaT:  1.022E-05   Iter/sec:  9.078E+00
 Iteration:  00000021   DeltaT:  1.022E-05   Iter/sec:  9.085E+00
 Iteration:  00000022   DeltaT:  1.022E-05   Iter/sec:  8.896E+00
 Iteration:  00000023   DeltaT:  1.022E-05   Iter/sec:  9.334E+00
 Iteration:  00000024   DeltaT:  1.022E-05   Iter/sec:  9.159E+00
 Iteration:  00000025   DeltaT:  1.022E-05   Iter/sec:  9.071E+00
 Iteration:  00000026   DeltaT:  1.022E-05   Iter/sec:  9.066E+00
 Iteration:  00000027   DeltaT:  1.022E-05   Iter/sec:  9.057E+00
 Iteration:  00000028   DeltaT:  1.022E-05   Iter/sec:  9.204E+00
 Iteration:  00000029   DeltaT:  1.022E-05   Iter/sec:  9.173E+00
 Iteration:  00000030   DeltaT:  1.022E-05   Iter/sec:  9.152E+00
 Iteration:  00000031   DeltaT:  1.022E-05   Iter/sec:  9.058E+00
 Iteration:  00000032   DeltaT:  1.022E-05   Iter/sec:  9.131E+00
 Iteration:  00000033   DeltaT:  1.022E-05   Iter/sec:  9.018E+00
 Iteration:  00000034   DeltaT:  1.022E-05   Iter/sec:  9.186E+00
 Iteration:  00000035   DeltaT:  1.022E-05   Iter/sec:  9.273E+00
 Iteration:  00000036   DeltaT:  1.022E-05   Iter/sec:  9.036E+00
 Iteration:  00000037   DeltaT:  1.022E-05   Iter/sec:  8.953E+00
 Iteration:  00000038   DeltaT:  1.022E-05   Iter/sec:  9.183E+00
 Iteration:  00000039   DeltaT:  1.022E-05   Iter/sec:  8.895E+00
 Iteration:  00000040   DeltaT:  1.022E-05   Iter/sec:  9.180E+00
 Iteration:  00000041   DeltaT:  1.022E-05   Iter/sec:  9.080E+00
 Iteration:  00000042   DeltaT:  1.022E-05   Iter/sec:  9.181E+00
 Iteration:  00000043   DeltaT:  1.022E-05   Iter/sec:  9.026E+00
 Iteration:  00000044   DeltaT:  1.022E-05   Iter/sec:  9.090E+00
 Iteration:  00000045   DeltaT:  1.022E-05   Iter/sec:  9.115E+00
 Iteration:  00000046   DeltaT:  1.022E-05   Iter/sec:  9.105E+00
 Iteration:  00000047   DeltaT:  1.022E-05   Iter/sec:  8.978E+00
 Iteration:  00000048   DeltaT:  1.022E-05   Iter/sec:  9.311E+00
 Iteration:  00000049   DeltaT:  1.022E-05   Iter/sec:  9.001E+00
 Iteration:  00000050   DeltaT:  1.022E-05   Iter/sec:  9.025E+00


//////////////////////////////////////////////
   Measured Timings for Process 0  (seconds)

 Elapsed time:         5.6255
  Column time:         0.6333
     Row time:         1.9013
Legendre time:         0.6676
     FFT time:         0.4840
   Solve time:         0.1580
    rlma time:         0.0957
    rlmb time:         0.0377
  pspace time:         0.9218
  psolve time:         0.6121
    dphi time:         0.0572
captured time:         5.5687

     iter/sec:         8.8881
//////////////////////////////////////////////
