 //////////////////////////////////////
 Initializating Rayleigh...

 -- Initalizing MPI...
 ---- Specified parameters:
 ---- NCPU  :   4096
 ---- NPROW :     32
 ---- NPCOL :    128
 -- MPI initialized.


 -- Initalizing Grid...
 ---- Specified parameters ----
 ---- N_R                 :    512
 ---- N_THETA             :   1536
 ---- Ell_MAX             :   1023
 ---- R_MIN               :  5.38462E-01
 ---- R_MAX               :  1.53846E+00
 ---- Chebyshev Domains   :      1

        Domain 1
          Grid points           :  512
          Dealiased Polynomials :  341
          Domain Lower Bound    :  5.38462E-01
          Domain Upper Bound    :  1.53846E+00

 -- Grid initialized.

 -- Initalizing Reference State...
 ---- Specified parameters:
 ---- Reference type           :  Boussinesq (Non-dimensional)
 ---- Rayleigh Number          :  1.00000E+05
 ---- Ekman Number             :  1.00000E-03
 ---- Prandtl Number           :  1.00000E+00
 ---- Magnetic Prandtl Number  :  5.00000E+00
 -- Reference State initialized.

 -- Initializing Fields...
 ---- Specified parameters:
 ---- Hydro Init Type    : Benchmark (Christensen et al. 2001)
 ---- Magnetic Init Type : Benchmark (Christensen et al. 2001)
 -- Fields initialized.

 Initialization Complete.
 //////////////////////////////////////

 Timestep has changed from  0.00000E+00 to  1.00000E-04.
 Iteration:  00000001   DeltaT:  1.000E-04   Iter/sec:  0.000E+00
 Timestep has changed from  1.00000E-04 to  1.59733E-07.
 Iteration:  00000002   DeltaT:  1.597E-07   Iter/sec:  1.031E-01
 Iteration:  00000003   DeltaT:  1.597E-07   Iter/sec:  1.904E-01
 Iteration:  00000004   DeltaT:  1.597E-07   Iter/sec:  4.513E-01
 Iteration:  00000005   DeltaT:  1.597E-07   Iter/sec:  4.550E-01
 Iteration:  00000006   DeltaT:  1.597E-07   Iter/sec:  4.491E-01
 Iteration:  00000007   DeltaT:  1.597E-07   Iter/sec:  4.567E-01
 Iteration:  00000008   DeltaT:  1.597E-07   Iter/sec:  4.516E-01
 Iteration:  00000009   DeltaT:  1.597E-07   Iter/sec:  4.507E-01
 Iteration:  00000010   DeltaT:  1.597E-07   Iter/sec:  4.598E-01
 Iteration:  00000011   DeltaT:  1.597E-07   Iter/sec:  4.438E-01
 Iteration:  00000012   DeltaT:  1.597E-07   Iter/sec:  4.527E-01
 Iteration:  00000013   DeltaT:  1.597E-07   Iter/sec:  4.488E-01
 Iteration:  00000014   DeltaT:  1.597E-07   Iter/sec:  4.531E-01
 Iteration:  00000015   DeltaT:  1.597E-07   Iter/sec:  4.563E-01
 Iteration:  00000016   DeltaT:  1.597E-07   Iter/sec:  4.561E-01
 Iteration:  00000017   DeltaT:  1.597E-07   Iter/sec:  4.558E-01
 Iteration:  00000018   DeltaT:  1.597E-07   Iter/sec:  4.502E-01
 Iteration:  00000019   DeltaT:  1.597E-07   Iter/sec:  4.521E-01
 Iteration:  00000020   DeltaT:  1.597E-07   Iter/sec:  4.571E-01
 Iteration:  00000021   DeltaT:  1.597E-07   Iter/sec:  4.505E-01
 Iteration:  00000022   DeltaT:  1.597E-07   Iter/sec:  4.531E-01
 Iteration:  00000023   DeltaT:  1.597E-07   Iter/sec:  4.541E-01
 Iteration:  00000024   DeltaT:  1.597E-07   Iter/sec:  4.551E-01
 Iteration:  00000025   DeltaT:  1.597E-07   Iter/sec:  4.574E-01
 Iteration:  00000026   DeltaT:  1.597E-07   Iter/sec:  4.527E-01
 Iteration:  00000027   DeltaT:  1.597E-07   Iter/sec:  4.492E-01
 Iteration:  00000028   DeltaT:  1.597E-07   Iter/sec:  4.593E-01
 Iteration:  00000029   DeltaT:  1.597E-07   Iter/sec:  4.488E-01
 Iteration:  00000030   DeltaT:  1.597E-07   Iter/sec:  4.546E-01
 Iteration:  00000031   DeltaT:  1.597E-07   Iter/sec:  4.574E-01
 Iteration:  00000032   DeltaT:  1.597E-07   Iter/sec:  4.577E-01
 Iteration:  00000033   DeltaT:  1.597E-07   Iter/sec:  4.508E-01
 Iteration:  00000034   DeltaT:  1.597E-07   Iter/sec:  4.554E-01
 Iteration:  00000035   DeltaT:  1.597E-07   Iter/sec:  4.595E-01
 Iteration:  00000036   DeltaT:  1.597E-07   Iter/sec:  4.521E-01
 Iteration:  00000037   DeltaT:  1.597E-07   Iter/sec:  4.593E-01
 Iteration:  00000038   DeltaT:  1.597E-07   Iter/sec:  4.476E-01
 Iteration:  00000039   DeltaT:  1.597E-07   Iter/sec:  4.511E-01
 Iteration:  00000040   DeltaT:  1.597E-07   Iter/sec:  4.664E-01
 Iteration:  00000041   DeltaT:  1.597E-07   Iter/sec:  4.499E-01
 Iteration:  00000042   DeltaT:  1.597E-07   Iter/sec:  4.579E-01
 Iteration:  00000043   DeltaT:  1.597E-07   Iter/sec:  4.491E-01
 Iteration:  00000044   DeltaT:  1.597E-07   Iter/sec:  4.519E-01
 Iteration:  00000045   DeltaT:  1.597E-07   Iter/sec:  4.537E-01
 Iteration:  00000046   DeltaT:  1.597E-07   Iter/sec:  4.575E-01
 Iteration:  00000047   DeltaT:  1.597E-07   Iter/sec:  4.536E-01
 Iteration:  00000048   DeltaT:  1.597E-07   Iter/sec:  4.567E-01
 Iteration:  00000049   DeltaT:  1.597E-07   Iter/sec:  4.599E-01
 Iteration:  00000050   DeltaT:  1.597E-07   Iter/sec:  4.560E-01


//////////////////////////////////////////////
   Measured Timings for Process 0  (seconds)

 Elapsed time:       116.3513
  Column time:        45.9356
     Row time:        21.3045
Legendre time:        12.7684
     FFT time:         4.1577
   Solve time:         6.6767
    rlma time:         0.8776
    rlmb time:         0.4694
  pspace time:         8.8526
  psolve time:        13.8361
    dphi time:         0.4042
captured time:       115.2827

     iter/sec:         0.4297
//////////////////////////////////////////////
