 //////////////////////////////////////
 Initializating Rayleigh...

 -- Initalizing MPI...
 ---- Specified parameters:
 ---- NCPU  :   2048
 ---- NPROW :     32
 ---- NPCOL :     64
 -- MPI initialized.


 -- Initalizing Grid...
 ---- Specified parameters ----
 ---- N_R                 :    512
 ---- N_THETA             :   1536
 ---- Ell_MAX             :   1023
 ---- R_MIN               :  5.38462E-01
 ---- R_MAX               :  1.53846E+00
 ---- Chebyshev Domains   :      1

        Domain 1
          Grid points           :  512
          Dealiased Polynomials :  341
          Domain Lower Bound    :  5.38462E-01
          Domain Upper Bound    :  1.53846E+00

 -- Grid initialized.

 -- Initalizing Reference State...
 ---- Specified parameters:
 ---- Reference type           :  Boussinesq (Non-dimensional)
 ---- Rayleigh Number          :  1.00000E+05
 ---- Ekman Number             :  1.00000E-03
 ---- Prandtl Number           :  1.00000E+00
 ---- Magnetic Prandtl Number  :  5.00000E+00
 -- Reference State initialized.

 -- Initializing Fields...
 ---- Specified parameters:
 ---- Hydro Init Type    : Benchmark (Christensen et al. 2001)
 ---- Magnetic Init Type : Benchmark (Christensen et al. 2001)
 -- Fields initialized.

 Initialization Complete.
 //////////////////////////////////////

 Timestep has changed from  0.00000E+00 to  1.00000E-04.
 Iteration:  00000001   DeltaT:  1.000E-04   Iter/sec:  0.000E+00
 Timestep has changed from  1.00000E-04 to  1.59733E-07.
 Iteration:  00000002   DeltaT:  1.597E-07   Iter/sec:  7.947E-02
 Iteration:  00000003   DeltaT:  1.597E-07   Iter/sec:  1.185E-01
 Iteration:  00000004   DeltaT:  1.597E-07   Iter/sec:  2.668E-01
 Iteration:  00000005   DeltaT:  1.597E-07   Iter/sec:  2.694E-01
 Iteration:  00000006   DeltaT:  1.597E-07   Iter/sec:  2.692E-01
 Iteration:  00000007   DeltaT:  1.597E-07   Iter/sec:  2.537E-01
 Iteration:  00000008   DeltaT:  1.597E-07   Iter/sec:  2.676E-01
 Iteration:  00000009   DeltaT:  1.597E-07   Iter/sec:  2.663E-01
 Iteration:  00000010   DeltaT:  1.597E-07   Iter/sec:  2.742E-01
 Iteration:  00000011   DeltaT:  1.597E-07   Iter/sec:  2.693E-01
 Iteration:  00000012   DeltaT:  1.597E-07   Iter/sec:  2.641E-01
 Iteration:  00000013   DeltaT:  1.597E-07   Iter/sec:  2.620E-01
 Iteration:  00000014   DeltaT:  1.597E-07   Iter/sec:  2.658E-01
 Iteration:  00000015   DeltaT:  1.597E-07   Iter/sec:  2.635E-01
 Iteration:  00000016   DeltaT:  1.597E-07   Iter/sec:  2.660E-01
 Iteration:  00000017   DeltaT:  1.597E-07   Iter/sec:  2.675E-01
 Iteration:  00000018   DeltaT:  1.597E-07   Iter/sec:  2.639E-01
 Iteration:  00000019   DeltaT:  1.597E-07   Iter/sec:  2.723E-01
 Iteration:  00000020   DeltaT:  1.597E-07   Iter/sec:  2.668E-01
 Iteration:  00000021   DeltaT:  1.597E-07   Iter/sec:  2.638E-01
 Iteration:  00000022   DeltaT:  1.597E-07   Iter/sec:  2.615E-01
 Iteration:  00000023   DeltaT:  1.597E-07   Iter/sec:  2.674E-01
 Iteration:  00000024   DeltaT:  1.597E-07   Iter/sec:  2.657E-01
 Iteration:  00000025   DeltaT:  1.597E-07   Iter/sec:  2.658E-01
 Iteration:  00000026   DeltaT:  1.597E-07   Iter/sec:  2.675E-01
 Iteration:  00000027   DeltaT:  1.597E-07   Iter/sec:  2.714E-01
 Iteration:  00000028   DeltaT:  1.597E-07   Iter/sec:  2.596E-01
 Iteration:  00000029   DeltaT:  1.597E-07   Iter/sec:  2.644E-01
 Iteration:  00000030   DeltaT:  1.597E-07   Iter/sec:  2.666E-01
 Iteration:  00000031   DeltaT:  1.597E-07   Iter/sec:  2.670E-01
 Iteration:  00000032   DeltaT:  1.597E-07   Iter/sec:  2.676E-01
 Iteration:  00000033   DeltaT:  1.597E-07   Iter/sec:  2.662E-01
 Iteration:  00000034   DeltaT:  1.597E-07   Iter/sec:  2.674E-01
 Iteration:  00000035   DeltaT:  1.597E-07   Iter/sec:  2.718E-01
 Iteration:  00000036   DeltaT:  1.597E-07   Iter/sec:  2.557E-01
 Iteration:  00000037   DeltaT:  1.597E-07   Iter/sec:  2.632E-01
 Iteration:  00000038   DeltaT:  1.597E-07   Iter/sec:  2.672E-01
 Iteration:  00000039   DeltaT:  1.597E-07   Iter/sec:  2.682E-01
 Iteration:  00000040   DeltaT:  1.597E-07   Iter/sec:  2.725E-01
 Iteration:  00000041   DeltaT:  1.597E-07   Iter/sec:  2.667E-01
 Iteration:  00000042   DeltaT:  1.597E-07   Iter/sec:  2.649E-01
 Iteration:  00000043   DeltaT:  1.597E-07   Iter/sec:  2.720E-01
 Iteration:  00000044   DeltaT:  1.597E-07   Iter/sec:  2.669E-01
 Iteration:  00000045   DeltaT:  1.597E-07   Iter/sec:  2.671E-01
 Iteration:  00000046   DeltaT:  1.597E-07   Iter/sec:  2.624E-01
 Iteration:  00000047   DeltaT:  1.597E-07   Iter/sec:  2.723E-01
 Iteration:  00000048   DeltaT:  1.597E-07   Iter/sec:  2.667E-01
 Iteration:  00000049   DeltaT:  1.597E-07   Iter/sec:  2.637E-01
 Iteration:  00000050   DeltaT:  1.597E-07   Iter/sec:  2.720E-01


//////////////////////////////////////////////
   Measured Timings for Process 0  (seconds)

 Elapsed time:       197.1307
  Column time:        58.4122
     Row time:        46.0706
Legendre time:        27.8090
     FFT time:         8.1016
   Solve time:        11.1366
    rlma time:         2.8275
    rlmb time:         1.4121
  pspace time:        14.8900
  psolve time:        23.8983
    dphi time:         0.5013
captured time:       195.0591

     iter/sec:         0.2536
//////////////////////////////////////////////
