 //////////////////////////////////////
 Initializating Rayleigh...

 -- Initalizing MPI...
 ---- Specified parameters:
 ---- NCPU  :    256
 ---- NPROW :     16
 ---- NPCOL :     16
 -- MPI initialized.


 -- Initalizing Grid...
 ---- Specified parameters ----
 ---- N_R                 :    256
 ---- N_THETA             :    768
 ---- Ell_MAX             :    511
 ---- R_MIN               :  5.38462E-01
 ---- R_MAX               :  1.53846E+00
 ---- Chebyshev Domains   :      1

        Domain 1
          Grid points           :  256
          Dealiased Polynomials :  170
          Domain Lower Bound    :  5.38462E-01
          Domain Upper Bound    :  1.53846E+00

 -- Grid initialized.

 -- Initalizing Reference State...
 ---- Specified parameters:
 ---- Reference type           :  Boussinesq (Non-dimensional)
 ---- Rayleigh Number          :  1.00000E+05
 ---- Ekman Number             :  1.00000E-03
 ---- Prandtl Number           :  1.00000E+00
 ---- Magnetic Prandtl Number  :  5.00000E+00
 -- Reference State initialized.

 -- Initializing Fields...
 ---- Specified parameters:
 ---- Hydro Init Type    : Benchmark (Christensen et al. 2001)
 ---- Magnetic Init Type : Benchmark (Christensen et al. 2001)
 -- Fields initialized.

 Initialization Complete.
 //////////////////////////////////////

 Timestep has changed from  0.00000E+00 to  1.00000E-04.
 Iteration:  00000001   DeltaT:  1.000E-04   Iter/sec:  0.000E+00
 Timestep has changed from  1.00000E-04 to  6.38929E-07.
 Iteration:  00000002   DeltaT:  6.389E-07   Iter/sec:  1.894E-01
 Iteration:  00000003   DeltaT:  6.389E-07   Iter/sec:  2.376E-01
 Iteration:  00000004   DeltaT:  6.389E-07   Iter/sec:  3.542E-01
 Iteration:  00000005   DeltaT:  6.389E-07   Iter/sec:  3.518E-01
 Iteration:  00000006   DeltaT:  6.389E-07   Iter/sec:  3.545E-01
 Iteration:  00000007   DeltaT:  6.389E-07   Iter/sec:  3.522E-01
 Iteration:  00000008   DeltaT:  6.389E-07   Iter/sec:  3.583E-01
 Iteration:  00000009   DeltaT:  6.389E-07   Iter/sec:  3.514E-01
 Iteration:  00000010   DeltaT:  6.389E-07   Iter/sec:  3.550E-01
 Iteration:  00000011   DeltaT:  6.389E-07   Iter/sec:  3.565E-01
 Iteration:  00000012   DeltaT:  6.389E-07   Iter/sec:  3.552E-01
 Iteration:  00000013   DeltaT:  6.389E-07   Iter/sec:  3.570E-01
 Iteration:  00000014   DeltaT:  6.389E-07   Iter/sec:  3.532E-01
 Iteration:  00000015   DeltaT:  6.389E-07   Iter/sec:  3.541E-01
 Iteration:  00000016   DeltaT:  6.389E-07   Iter/sec:  3.560E-01
 Iteration:  00000017   DeltaT:  6.389E-07   Iter/sec:  3.569E-01
 Iteration:  00000018   DeltaT:  6.389E-07   Iter/sec:  3.527E-01
 Iteration:  00000019   DeltaT:  6.389E-07   Iter/sec:  3.523E-01
 Iteration:  00000020   DeltaT:  6.389E-07   Iter/sec:  3.536E-01
 Iteration:  00000021   DeltaT:  6.389E-07   Iter/sec:  3.519E-01
 Iteration:  00000022   DeltaT:  6.389E-07   Iter/sec:  3.590E-01
 Iteration:  00000023   DeltaT:  6.389E-07   Iter/sec:  3.504E-01
 Iteration:  00000024   DeltaT:  6.389E-07   Iter/sec:  3.619E-01
 Iteration:  00000025   DeltaT:  6.389E-07   Iter/sec:  3.488E-01
 Iteration:  00000026   DeltaT:  6.389E-07   Iter/sec:  3.525E-01
 Iteration:  00000027   DeltaT:  6.389E-07   Iter/sec:  3.542E-01
 Iteration:  00000028   DeltaT:  6.389E-07   Iter/sec:  3.559E-01
 Iteration:  00000029   DeltaT:  6.389E-07   Iter/sec:  3.544E-01
 Iteration:  00000030   DeltaT:  6.389E-07   Iter/sec:  3.565E-01
 Iteration:  00000031   DeltaT:  6.389E-07   Iter/sec:  3.546E-01
 Iteration:  00000032   DeltaT:  6.389E-07   Iter/sec:  3.559E-01
 Iteration:  00000033   DeltaT:  6.389E-07   Iter/sec:  3.552E-01
 Iteration:  00000034   DeltaT:  6.389E-07   Iter/sec:  3.539E-01
 Iteration:  00000035   DeltaT:  6.389E-07   Iter/sec:  3.527E-01
 Iteration:  00000036   DeltaT:  6.389E-07   Iter/sec:  3.590E-01
 Iteration:  00000037   DeltaT:  6.389E-07   Iter/sec:  3.519E-01
 Iteration:  00000038   DeltaT:  6.389E-07   Iter/sec:  3.539E-01
 Iteration:  00000039   DeltaT:  6.389E-07   Iter/sec:  3.569E-01
 Iteration:  00000040   DeltaT:  6.389E-07   Iter/sec:  3.565E-01
 Iteration:  00000041   DeltaT:  6.389E-07   Iter/sec:  3.543E-01
 Iteration:  00000042   DeltaT:  6.389E-07   Iter/sec:  3.568E-01
 Iteration:  00000043   DeltaT:  6.389E-07   Iter/sec:  3.521E-01
 Iteration:  00000044   DeltaT:  6.389E-07   Iter/sec:  3.571E-01
 Iteration:  00000045   DeltaT:  6.389E-07   Iter/sec:  3.522E-01
 Iteration:  00000046   DeltaT:  6.389E-07   Iter/sec:  3.557E-01
 Iteration:  00000047   DeltaT:  6.389E-07   Iter/sec:  3.558E-01
 Iteration:  00000048   DeltaT:  6.389E-07   Iter/sec:  3.554E-01
 Iteration:  00000049   DeltaT:  6.389E-07   Iter/sec:  3.522E-01
 Iteration:  00000050   DeltaT:  6.389E-07   Iter/sec:  3.556E-01


//////////////////////////////////////////////
   Measured Timings for Process 0  (seconds)

 Elapsed time:       143.7351
  Column time:        24.9082
     Row time:        44.2354
Legendre time:        21.3013
     FFT time:         7.6846
   Solve time:         5.2852
    rlma time:         3.3346
    rlmb time:         1.5997
  pspace time:        16.2214
  psolve time:        16.3382
    dphi time:         0.7234
captured time:       141.6321

     iter/sec:         0.3479
//////////////////////////////////////////////
