 //////////////////////////////////////
 Initializating Rayleigh...

 -- Initalizing MPI...
 ---- Specified parameters:
 ---- NCPU  :    512
 ---- NPROW :     32
 ---- NPCOL :     16
 -- MPI initialized.


 -- Initalizing Grid...
 ---- Specified parameters ----
 ---- N_R                 :    512
 ---- N_THETA             :   1536
 ---- Ell_MAX             :   1023
 ---- R_MIN               :  5.38462E-01
 ---- R_MAX               :  1.53846E+00
 ---- Chebyshev Domains   :      1

        Domain 1
          Grid points           :  512
          Dealiased Polynomials :  341
          Domain Lower Bound    :  5.38462E-01
          Domain Upper Bound    :  1.53846E+00

 -- Grid initialized.

 -- Initalizing Reference State...
 ---- Specified parameters:
 ---- Reference type           :  Boussinesq (Non-dimensional)
 ---- Rayleigh Number          :  1.00000E+05
 ---- Ekman Number             :  1.00000E-03
 ---- Prandtl Number           :  1.00000E+00
 ---- Magnetic Prandtl Number  :  5.00000E+00
 -- Reference State initialized.

 -- Initializing Fields...
 ---- Specified parameters:
 ---- Hydro Init Type    : Benchmark (Christensen et al. 2001)
 ---- Magnetic Init Type : Benchmark (Christensen et al. 2001)
 -- Fields initialized.

 Initialization Complete.
 //////////////////////////////////////

 Timestep has changed from  0.00000E+00 to  1.00000E-04.
 Iteration:  00000001   DeltaT:  1.000E-04   Iter/sec:  0.000E+00
 Timestep has changed from  1.00000E-04 to  1.59733E-07.
 Iteration:  00000002   DeltaT:  1.597E-07   Iter/sec:  2.955E-02
 Iteration:  00000003   DeltaT:  1.597E-07   Iter/sec:  3.421E-02
 Iteration:  00000004   DeltaT:  1.597E-07   Iter/sec:  6.951E-02
 Iteration:  00000005   DeltaT:  1.597E-07   Iter/sec:  7.043E-02
 Iteration:  00000006   DeltaT:  1.597E-07   Iter/sec:  7.009E-02
 Iteration:  00000007   DeltaT:  1.597E-07   Iter/sec:  6.896E-02
 Iteration:  00000008   DeltaT:  1.597E-07   Iter/sec:  6.956E-02
 Iteration:  00000009   DeltaT:  1.597E-07   Iter/sec:  6.970E-02
 Iteration:  00000010   DeltaT:  1.597E-07   Iter/sec:  6.940E-02
 Iteration:  00000011   DeltaT:  1.597E-07   Iter/sec:  6.814E-02
 Iteration:  00000012   DeltaT:  1.597E-07   Iter/sec:  6.855E-02
 Iteration:  00000013   DeltaT:  1.597E-07   Iter/sec:  6.739E-02
 Iteration:  00000014   DeltaT:  1.597E-07   Iter/sec:  6.912E-02
 Iteration:  00000015   DeltaT:  1.597E-07   Iter/sec:  6.884E-02
 Iteration:  00000016   DeltaT:  1.597E-07   Iter/sec:  6.775E-02
 Iteration:  00000017   DeltaT:  1.597E-07   Iter/sec:  6.981E-02
 Iteration:  00000018   DeltaT:  1.597E-07   Iter/sec:  6.946E-02
 Iteration:  00000019   DeltaT:  1.597E-07   Iter/sec:  6.837E-02
 Iteration:  00000020   DeltaT:  1.597E-07   Iter/sec:  6.959E-02
 Iteration:  00000021   DeltaT:  1.597E-07   Iter/sec:  6.866E-02
 Iteration:  00000022   DeltaT:  1.597E-07   Iter/sec:  6.959E-02
 Iteration:  00000023   DeltaT:  1.597E-07   Iter/sec:  6.800E-02
 Iteration:  00000024   DeltaT:  1.597E-07   Iter/sec:  6.949E-02
 Iteration:  00000025   DeltaT:  1.597E-07   Iter/sec:  7.029E-02
 Iteration:  00000026   DeltaT:  1.597E-07   Iter/sec:  6.837E-02
 Iteration:  00000027   DeltaT:  1.597E-07   Iter/sec:  6.957E-02
 Iteration:  00000028   DeltaT:  1.597E-07   Iter/sec:  6.890E-02
 Iteration:  00000029   DeltaT:  1.597E-07   Iter/sec:  6.784E-02
 Iteration:  00000030   DeltaT:  1.597E-07   Iter/sec:  7.035E-02
 Iteration:  00000031   DeltaT:  1.597E-07   Iter/sec:  6.758E-02
 Iteration:  00000032   DeltaT:  1.597E-07   Iter/sec:  6.957E-02
 Iteration:  00000033   DeltaT:  1.597E-07   Iter/sec:  6.771E-02
 Iteration:  00000034   DeltaT:  1.597E-07   Iter/sec:  6.963E-02
 Iteration:  00000035   DeltaT:  1.597E-07   Iter/sec:  6.795E-02
 Iteration:  00000036   DeltaT:  1.597E-07   Iter/sec:  6.922E-02
 Iteration:  00000037   DeltaT:  1.597E-07   Iter/sec:  6.885E-02
 Iteration:  00000038   DeltaT:  1.597E-07   Iter/sec:  6.912E-02
 Iteration:  00000039   DeltaT:  1.597E-07   Iter/sec:  6.841E-02
 Iteration:  00000040   DeltaT:  1.597E-07   Iter/sec:  7.001E-02
 Iteration:  00000041   DeltaT:  1.597E-07   Iter/sec:  6.970E-02
 Iteration:  00000042   DeltaT:  1.597E-07   Iter/sec:  6.979E-02
 Iteration:  00000043   DeltaT:  1.597E-07   Iter/sec:  7.025E-02
 Iteration:  00000044   DeltaT:  1.597E-07   Iter/sec:  7.013E-02
 Iteration:  00000045   DeltaT:  1.597E-07   Iter/sec:  7.023E-02
 Iteration:  00000046   DeltaT:  1.597E-07   Iter/sec:  6.787E-02
 Iteration:  00000047   DeltaT:  1.597E-07   Iter/sec:  7.088E-02
 Iteration:  00000048   DeltaT:  1.597E-07   Iter/sec:  6.907E-02
 Iteration:  00000049   DeltaT:  1.597E-07   Iter/sec:  6.984E-02
 Iteration:  00000050   DeltaT:  1.597E-07   Iter/sec:  6.974E-02


//////////////////////////////////////////////
   Measured Timings for Process 0  (seconds)

 Elapsed time:       752.4120
  Column time:       149.8803
     Row time:       252.0616
Legendre time:       105.9069
     FFT time:        31.9539
   Solve time:        37.9927
    rlma time:        13.2440
    rlmb time:         5.9310
  pspace time:        59.7863
  psolve time:        85.0553
    dphi time:         2.1159
captured time:       743.9278

     iter/sec:         0.0665
//////////////////////////////////////////////
