 //////////////////////////////////////
 Initializating Rayleigh...

 -- Initalizing MPI...
 ---- Specified parameters:
 ---- NCPU  :    256
 ---- NPROW :      8
 ---- NPCOL :     32
 -- MPI initialized.


 -- Initalizing Grid...
 ---- Specified parameters ----
 ---- N_R                 :    128
 ---- N_THETA             :    384
 ---- Ell_MAX             :    255
 ---- R_MIN               :  5.38462E-01
 ---- R_MAX               :  1.53846E+00
 ---- Chebyshev Domains   :      1

        Domain 1
          Grid points           :  128
          Dealiased Polynomials :  85
          Domain Lower Bound    :  5.38462E-01
          Domain Upper Bound    :  1.53846E+00

 -- Grid initialized.

 -- Initalizing Reference State...
 ---- Specified parameters:
 ---- Reference type           :  Boussinesq (Non-dimensional)
 ---- Rayleigh Number          :  1.00000E+05
 ---- Ekman Number             :  1.00000E-03
 ---- Prandtl Number           :  1.00000E+00
 ---- Magnetic Prandtl Number  :  5.00000E+00
 -- Reference State initialized.

 -- Initializing Fields...
 ---- Specified parameters:
 ---- Hydro Init Type    : Benchmark (Christensen et al. 2001)
 ---- Magnetic Init Type : Benchmark (Christensen et al. 2001)
 -- Fields initialized.

 Initialization Complete.
 //////////////////////////////////////

 Timestep has changed from  0.00000E+00 to  1.00000E-04.
 Iteration:  00000001   DeltaT:  1.000E-04   Iter/sec:  0.000E+00
 Timestep has changed from  1.00000E-04 to  2.55566E-06.
 Iteration:  00000002   DeltaT:  2.556E-06   Iter/sec:  1.583E+00
 Iteration:  00000003   DeltaT:  2.556E-06   Iter/sec:  2.942E+00
 Iteration:  00000004   DeltaT:  2.556E-06   Iter/sec:  3.408E+00
 Iteration:  00000005   DeltaT:  2.556E-06   Iter/sec:  3.372E+00
 Iteration:  00000006   DeltaT:  2.556E-06   Iter/sec:  3.407E+00
 Iteration:  00000007   DeltaT:  2.556E-06   Iter/sec:  3.337E+00
 Iteration:  00000008   DeltaT:  2.556E-06   Iter/sec:  3.389E+00
 Iteration:  00000009   DeltaT:  2.556E-06   Iter/sec:  3.436E+00
 Iteration:  00000010   DeltaT:  2.556E-06   Iter/sec:  3.386E+00
 Iteration:  00000011   DeltaT:  2.556E-06   Iter/sec:  3.322E+00
 Iteration:  00000012   DeltaT:  2.556E-06   Iter/sec:  3.395E+00
 Iteration:  00000013   DeltaT:  2.556E-06   Iter/sec:  3.398E+00
 Iteration:  00000014   DeltaT:  2.556E-06   Iter/sec:  3.405E+00
 Iteration:  00000015   DeltaT:  2.556E-06   Iter/sec:  3.415E+00
 Iteration:  00000016   DeltaT:  2.556E-06   Iter/sec:  3.399E+00
 Iteration:  00000017   DeltaT:  2.556E-06   Iter/sec:  3.412E+00
 Iteration:  00000018   DeltaT:  2.556E-06   Iter/sec:  3.402E+00
 Iteration:  00000019   DeltaT:  2.556E-06   Iter/sec:  3.374E+00
 Iteration:  00000020   DeltaT:  2.556E-06   Iter/sec:  3.379E+00
 Iteration:  00000021   DeltaT:  2.556E-06   Iter/sec:  3.368E+00
 Iteration:  00000022   DeltaT:  2.556E-06   Iter/sec:  3.366E+00
 Iteration:  00000023   DeltaT:  2.556E-06   Iter/sec:  3.437E+00
 Iteration:  00000024   DeltaT:  2.556E-06   Iter/sec:  3.419E+00
 Iteration:  00000025   DeltaT:  2.556E-06   Iter/sec:  3.412E+00
 Iteration:  00000026   DeltaT:  2.556E-06   Iter/sec:  3.292E+00
 Iteration:  00000027   DeltaT:  2.556E-06   Iter/sec:  3.397E+00
 Iteration:  00000028   DeltaT:  2.556E-06   Iter/sec:  3.428E+00
 Iteration:  00000029   DeltaT:  2.556E-06   Iter/sec:  3.410E+00
 Iteration:  00000030   DeltaT:  2.556E-06   Iter/sec:  3.412E+00
 Iteration:  00000031   DeltaT:  2.556E-06   Iter/sec:  3.393E+00
 Iteration:  00000032   DeltaT:  2.556E-06   Iter/sec:  3.395E+00
 Iteration:  00000033   DeltaT:  2.556E-06   Iter/sec:  3.390E+00
 Iteration:  00000034   DeltaT:  2.556E-06   Iter/sec:  3.401E+00
 Iteration:  00000035   DeltaT:  2.556E-06   Iter/sec:  3.390E+00
 Iteration:  00000036   DeltaT:  2.556E-06   Iter/sec:  3.391E+00
 Iteration:  00000037   DeltaT:  2.556E-06   Iter/sec:  3.424E+00
 Iteration:  00000038   DeltaT:  2.556E-06   Iter/sec:  3.400E+00
 Iteration:  00000039   DeltaT:  2.556E-06   Iter/sec:  3.426E+00
 Iteration:  00000040   DeltaT:  2.556E-06   Iter/sec:  3.387E+00
 Iteration:  00000041   DeltaT:  2.556E-06   Iter/sec:  3.330E+00
 Iteration:  00000042   DeltaT:  2.556E-06   Iter/sec:  3.419E+00
 Iteration:  00000043   DeltaT:  2.556E-06   Iter/sec:  3.397E+00
 Iteration:  00000044   DeltaT:  2.556E-06   Iter/sec:  3.393E+00
 Iteration:  00000045   DeltaT:  2.556E-06   Iter/sec:  3.344E+00
 Iteration:  00000046   DeltaT:  2.556E-06   Iter/sec:  3.379E+00
 Iteration:  00000047   DeltaT:  2.556E-06   Iter/sec:  3.417E+00
 Iteration:  00000048   DeltaT:  2.556E-06   Iter/sec:  3.397E+00
 Iteration:  00000049   DeltaT:  2.556E-06   Iter/sec:  3.372E+00
 Iteration:  00000050   DeltaT:  2.556E-06   Iter/sec:  3.393E+00


//////////////////////////////////////////////
   Measured Timings for Process 0  (seconds)

 Elapsed time:        14.8356
  Column time:         3.2464
     Row time:         4.3035
Legendre time:         1.6295
     FFT time:         0.9886
   Solve time:         0.4604
    rlma time:         0.2149
    rlmb time:         0.0958
  pspace time:         2.0574
  psolve time:         1.5643
    dphi time:         0.1118
captured time:        14.6725

     iter/sec:         3.3703
//////////////////////////////////////////////
