 //////////////////////////////////////
 Initializating Rayleigh...

 -- Initalizing MPI...
 ---- Specified parameters:
 ---- NCPU  :   1024
 ---- NPROW :     32
 ---- NPCOL :     32
 -- MPI initialized.


 -- Initalizing Grid...
 ---- Specified parameters ----
 ---- N_R                 :    256
 ---- N_THETA             :    768
 ---- Ell_MAX             :    511
 ---- R_MIN               :  5.38462E-01
 ---- R_MAX               :  1.53846E+00
 ---- Chebyshev Domains   :      1

        Domain 1
          Grid points           :  256
          Dealiased Polynomials :  170
          Domain Lower Bound    :  5.38462E-01
          Domain Upper Bound    :  1.53846E+00

 -- Grid initialized.

 -- Initalizing Reference State...
 ---- Specified parameters:
 ---- Reference type           :  Boussinesq (Non-dimensional)
 ---- Rayleigh Number          :  1.00000E+05
 ---- Ekman Number             :  1.00000E-03
 ---- Prandtl Number           :  1.00000E+00
 ---- Magnetic Prandtl Number  :  5.00000E+00
 -- Reference State initialized.

 -- Initializing Fields...
 ---- Specified parameters:
 ---- Hydro Init Type    : Benchmark (Christensen et al. 2001)
 ---- Magnetic Init Type : Benchmark (Christensen et al. 2001)
 -- Fields initialized.

 Initialization Complete.
 //////////////////////////////////////

 Timestep has changed from  0.00000E+00 to  1.00000E-04.
 Iteration:  00000001   DeltaT:  1.000E-04   Iter/sec:  0.000E+00
 Timestep has changed from  1.00000E-04 to  6.38929E-07.
 Iteration:  00000002   DeltaT:  6.389E-07   Iter/sec:  4.323E-01
 Iteration:  00000003   DeltaT:  6.389E-07   Iter/sec:  6.610E-01
 Iteration:  00000004   DeltaT:  6.389E-07   Iter/sec:  1.138E+00
 Iteration:  00000005   DeltaT:  6.389E-07   Iter/sec:  1.131E+00
 Iteration:  00000006   DeltaT:  6.389E-07   Iter/sec:  1.135E+00
 Iteration:  00000007   DeltaT:  6.389E-07   Iter/sec:  1.170E+00
 Iteration:  00000008   DeltaT:  6.389E-07   Iter/sec:  1.160E+00
 Iteration:  00000009   DeltaT:  6.389E-07   Iter/sec:  1.381E+00
 Iteration:  00000010   DeltaT:  6.389E-07   Iter/sec:  1.128E+00
 Iteration:  00000011   DeltaT:  6.389E-07   Iter/sec:  1.111E+00
 Iteration:  00000012   DeltaT:  6.389E-07   Iter/sec:  1.031E+00
 Iteration:  00000013   DeltaT:  6.389E-07   Iter/sec:  1.263E+00
 Iteration:  00000014   DeltaT:  6.389E-07   Iter/sec:  1.162E+00
 Iteration:  00000015   DeltaT:  6.389E-07   Iter/sec:  1.175E+00
 Iteration:  00000016   DeltaT:  6.389E-07   Iter/sec:  1.100E+00
 Iteration:  00000017   DeltaT:  6.389E-07   Iter/sec:  1.119E+00
 Iteration:  00000018   DeltaT:  6.389E-07   Iter/sec:  1.356E+00
 Iteration:  00000019   DeltaT:  6.389E-07   Iter/sec:  1.135E+00
 Iteration:  00000020   DeltaT:  6.389E-07   Iter/sec:  1.078E+00
 Iteration:  00000021   DeltaT:  6.389E-07   Iter/sec:  1.006E+00
 Iteration:  00000022   DeltaT:  6.389E-07   Iter/sec:  1.210E+00
 Iteration:  00000023   DeltaT:  6.389E-07   Iter/sec:  1.153E+00
 Iteration:  00000024   DeltaT:  6.389E-07   Iter/sec:  1.016E+00
 Iteration:  00000025   DeltaT:  6.389E-07   Iter/sec:  1.256E+00
 Iteration:  00000026   DeltaT:  6.389E-07   Iter/sec:  1.231E+00
 Iteration:  00000027   DeltaT:  6.389E-07   Iter/sec:  1.092E+00
 Iteration:  00000028   DeltaT:  6.389E-07   Iter/sec:  1.103E+00
 Iteration:  00000029   DeltaT:  6.389E-07   Iter/sec:  1.206E+00
 Iteration:  00000030   DeltaT:  6.389E-07   Iter/sec:  1.115E+00
 Iteration:  00000031   DeltaT:  6.389E-07   Iter/sec:  1.214E+00
 Iteration:  00000032   DeltaT:  6.389E-07   Iter/sec:  1.199E+00
 Iteration:  00000033   DeltaT:  6.389E-07   Iter/sec:  1.244E+00
 Iteration:  00000034   DeltaT:  6.389E-07   Iter/sec:  1.151E+00
 Iteration:  00000035   DeltaT:  6.389E-07   Iter/sec:  1.133E+00
 Iteration:  00000036   DeltaT:  6.389E-07   Iter/sec:  1.144E+00
 Iteration:  00000037   DeltaT:  6.389E-07   Iter/sec:  1.246E+00
 Iteration:  00000038   DeltaT:  6.389E-07   Iter/sec:  1.097E+00
 Iteration:  00000039   DeltaT:  6.389E-07   Iter/sec:  1.090E+00
 Iteration:  00000040   DeltaT:  6.389E-07   Iter/sec:  1.073E+00
 Iteration:  00000041   DeltaT:  6.389E-07   Iter/sec:  1.298E+00
 Iteration:  00000042   DeltaT:  6.389E-07   Iter/sec:  1.116E+00
 Iteration:  00000043   DeltaT:  6.389E-07   Iter/sec:  1.238E+00
 Iteration:  00000044   DeltaT:  6.389E-07   Iter/sec:  1.025E+00
 Iteration:  00000045   DeltaT:  6.389E-07   Iter/sec:  1.198E+00
 Iteration:  00000046   DeltaT:  6.389E-07   Iter/sec:  1.178E+00
 Iteration:  00000047   DeltaT:  6.389E-07   Iter/sec:  1.253E+00
 Iteration:  00000048   DeltaT:  6.389E-07   Iter/sec:  1.234E+00
 Iteration:  00000049   DeltaT:  6.389E-07   Iter/sec:  1.117E+00
 Iteration:  00000050   DeltaT:  6.389E-07   Iter/sec:  1.177E+00


//////////////////////////////////////////////
   Measured Timings for Process 0  (seconds)

 Elapsed time:        44.7244
  Column time:        15.0690
     Row time:        11.7037
Legendre time:         4.5118
     FFT time:         1.8504
   Solve time:         1.9785
    rlma time:         0.3789
    rlmb time:         0.1754
  pspace time:         4.0314
  psolve time:         4.5076
    dphi time:         0.1790
captured time:        44.3856

     iter/sec:         1.1180
//////////////////////////////////////////////
