 //////////////////////////////////////
 Initializating Rayleigh...

 -- Initalizing MPI...
 ---- Specified parameters:
 ---- NCPU  :   4096
 ---- NPROW :    128
 ---- NPCOL :     32
 -- MPI initialized.


 -- Initalizing Grid...
 ---- Specified parameters ----
 ---- N_R                 :    256
 ---- N_THETA             :    768
 ---- Ell_MAX             :    511
 ---- R_MIN               :  5.38462E-01
 ---- R_MAX               :  1.53846E+00
 ---- Chebyshev Domains   :      1

        Domain 1
          Grid points           :  256
          Dealiased Polynomials :  170
          Domain Lower Bound    :  5.38462E-01
          Domain Upper Bound    :  1.53846E+00

 -- Grid initialized.

 -- Initalizing Reference State...
 ---- Specified parameters:
 ---- Reference type           :  Boussinesq (Non-dimensional)
 ---- Rayleigh Number          :  1.00000E+05
 ---- Ekman Number             :  1.00000E-03
 ---- Prandtl Number           :  1.00000E+00
 ---- Magnetic Prandtl Number  :  5.00000E+00
 -- Reference State initialized.

 -- Initializing Fields...
 ---- Specified parameters:
 ---- Hydro Init Type    : Benchmark (Christensen et al. 2001)
 ---- Magnetic Init Type : Benchmark (Christensen et al. 2001)
 -- Fields initialized.

 Initialization Complete.
 //////////////////////////////////////

 Timestep has changed from  0.00000E+00 to  1.00000E-04.
 Iteration:  00000001   DeltaT:  1.000E-04   Iter/sec:  0.000E+00
 Timestep has changed from  1.00000E-04 to  6.38929E-07.
 Iteration:  00000002   DeltaT:  6.389E-07   Iter/sec:  4.919E-01
 Iteration:  00000003   DeltaT:  6.389E-07   Iter/sec:  9.708E-01
 Iteration:  00000004   DeltaT:  6.389E-07   Iter/sec:  3.251E+00
 Iteration:  00000005   DeltaT:  6.389E-07   Iter/sec:  3.018E+00
 Iteration:  00000006   DeltaT:  6.389E-07   Iter/sec:  3.297E+00
 Iteration:  00000007   DeltaT:  6.389E-07   Iter/sec:  3.022E+00
 Iteration:  00000008   DeltaT:  6.389E-07   Iter/sec:  3.139E+00
 Iteration:  00000009   DeltaT:  6.389E-07   Iter/sec:  3.494E+00
 Iteration:  00000010   DeltaT:  6.389E-07   Iter/sec:  3.608E+00
 Iteration:  00000011   DeltaT:  6.389E-07   Iter/sec:  3.171E+00
 Iteration:  00000012   DeltaT:  6.389E-07   Iter/sec:  3.052E+00
 Iteration:  00000013   DeltaT:  6.389E-07   Iter/sec:  3.565E+00
 Iteration:  00000014   DeltaT:  6.389E-07   Iter/sec:  3.065E+00
 Iteration:  00000015   DeltaT:  6.389E-07   Iter/sec:  3.053E+00
 Iteration:  00000016   DeltaT:  6.389E-07   Iter/sec:  3.583E+00
 Iteration:  00000017   DeltaT:  6.389E-07   Iter/sec:  3.026E+00
 Iteration:  00000018   DeltaT:  6.389E-07   Iter/sec:  3.384E+00
 Iteration:  00000019   DeltaT:  6.389E-07   Iter/sec:  3.078E+00
 Iteration:  00000020   DeltaT:  6.389E-07   Iter/sec:  3.436E+00
 Iteration:  00000021   DeltaT:  6.389E-07   Iter/sec:  2.788E+00
 Iteration:  00000022   DeltaT:  6.389E-07   Iter/sec:  3.100E+00
 Iteration:  00000023   DeltaT:  6.389E-07   Iter/sec:  3.233E+00
 Iteration:  00000024   DeltaT:  6.389E-07   Iter/sec:  3.576E+00
 Iteration:  00000025   DeltaT:  6.389E-07   Iter/sec:  2.919E+00
 Iteration:  00000026   DeltaT:  6.389E-07   Iter/sec:  3.378E+00
 Iteration:  00000027   DeltaT:  6.389E-07   Iter/sec:  3.321E+00
 Iteration:  00000028   DeltaT:  6.389E-07   Iter/sec:  3.186E+00
 Iteration:  00000029   DeltaT:  6.389E-07   Iter/sec:  3.319E+00
 Iteration:  00000030   DeltaT:  6.389E-07   Iter/sec:  3.120E+00
 Iteration:  00000031   DeltaT:  6.389E-07   Iter/sec:  3.538E+00
 Iteration:  00000032   DeltaT:  6.389E-07   Iter/sec:  2.623E+00
 Iteration:  00000033   DeltaT:  6.389E-07   Iter/sec:  3.386E+00
 Iteration:  00000034   DeltaT:  6.389E-07   Iter/sec:  3.824E+00
 Iteration:  00000035   DeltaT:  6.389E-07   Iter/sec:  3.340E+00
 Iteration:  00000036   DeltaT:  6.389E-07   Iter/sec:  3.133E+00
 Iteration:  00000037   DeltaT:  6.389E-07   Iter/sec:  3.174E+00
 Iteration:  00000038   DeltaT:  6.389E-07   Iter/sec:  3.476E+00
 Iteration:  00000039   DeltaT:  6.389E-07   Iter/sec:  2.928E+00
 Iteration:  00000040   DeltaT:  6.389E-07   Iter/sec:  3.651E+00
 Iteration:  00000041   DeltaT:  6.389E-07   Iter/sec:  3.065E+00
 Iteration:  00000042   DeltaT:  6.389E-07   Iter/sec:  2.914E+00
 Iteration:  00000043   DeltaT:  6.389E-07   Iter/sec:  3.257E+00
 Iteration:  00000044   DeltaT:  6.389E-07   Iter/sec:  2.861E+00
 Iteration:  00000045   DeltaT:  6.389E-07   Iter/sec:  2.986E+00
 Iteration:  00000046   DeltaT:  6.389E-07   Iter/sec:  3.432E+00
 Iteration:  00000047   DeltaT:  6.389E-07   Iter/sec:  3.627E+00
 Iteration:  00000048   DeltaT:  6.389E-07   Iter/sec:  3.260E+00
 Iteration:  00000049   DeltaT:  6.389E-07   Iter/sec:  3.237E+00
 Iteration:  00000050   DeltaT:  6.389E-07   Iter/sec:  3.287E+00


//////////////////////////////////////////////
   Measured Timings for Process 0  (seconds)

 Elapsed time:        17.3262
  Column time:         5.5931
     Row time:         6.1464
Legendre time:         0.8430
     FFT time:         0.4698
   Solve time:         1.3826
    rlma time:         0.0842
    rlmb time:         0.0369
  pspace time:         0.7993
  psolve time:         1.8614
    dphi time:         0.0415
captured time:        17.2583

     iter/sec:         2.8858
//////////////////////////////////////////////
