 //////////////////////////////////////
 Initializating Rayleigh...

 -- Initalizing MPI...
 ---- Specified parameters:
 ---- NCPU  :   1024
 ---- NPROW :     16
 ---- NPCOL :     64
 -- MPI initialized.


 -- Initalizing Grid...
 ---- Specified parameters ----
 ---- N_R                 :    256
 ---- N_THETA             :    768
 ---- Ell_MAX             :    511
 ---- R_MIN               :  5.38462E-01
 ---- R_MAX               :  1.53846E+00
 ---- Chebyshev Domains   :      1

        Domain 1
          Grid points           :  256
          Dealiased Polynomials :  170
          Domain Lower Bound    :  5.38462E-01
          Domain Upper Bound    :  1.53846E+00

 -- Grid initialized.

 -- Initalizing Reference State...
 ---- Specified parameters:
 ---- Reference type           :  Boussinesq (Non-dimensional)
 ---- Rayleigh Number          :  1.00000E+05
 ---- Ekman Number             :  1.00000E-03
 ---- Prandtl Number           :  1.00000E+00
 ---- Magnetic Prandtl Number  :  5.00000E+00
 -- Reference State initialized.

 -- Initializing Fields...
 ---- Specified parameters:
 ---- Hydro Init Type    : Benchmark (Christensen et al. 2001)
 ---- Magnetic Init Type : Benchmark (Christensen et al. 2001)
 -- Fields initialized.

 Initialization Complete.
 //////////////////////////////////////

 Timestep has changed from  0.00000E+00 to  1.00000E-04.
 Iteration:  00000001   DeltaT:  1.000E-04   Iter/sec:  0.000E+00
 Timestep has changed from  1.00000E-04 to  6.38929E-07.
 Iteration:  00000002   DeltaT:  6.389E-07   Iter/sec:  4.265E-01
 Iteration:  00000003   DeltaT:  6.389E-07   Iter/sec:  7.457E-01
 Iteration:  00000004   DeltaT:  6.389E-07   Iter/sec:  1.193E+00
 Iteration:  00000005   DeltaT:  6.389E-07   Iter/sec:  1.380E+00
 Iteration:  00000006   DeltaT:  6.389E-07   Iter/sec:  1.213E+00
 Iteration:  00000007   DeltaT:  6.389E-07   Iter/sec:  1.311E+00
 Iteration:  00000008   DeltaT:  6.389E-07   Iter/sec:  1.219E+00
 Iteration:  00000009   DeltaT:  6.389E-07   Iter/sec:  1.208E+00
 Iteration:  00000010   DeltaT:  6.389E-07   Iter/sec:  1.294E+00
 Iteration:  00000011   DeltaT:  6.389E-07   Iter/sec:  1.236E+00
 Iteration:  00000012   DeltaT:  6.389E-07   Iter/sec:  1.273E+00
 Iteration:  00000013   DeltaT:  6.389E-07   Iter/sec:  1.268E+00
 Iteration:  00000014   DeltaT:  6.389E-07   Iter/sec:  1.364E+00
 Iteration:  00000015   DeltaT:  6.389E-07   Iter/sec:  1.323E+00
 Iteration:  00000016   DeltaT:  6.389E-07   Iter/sec:  1.384E+00
 Iteration:  00000017   DeltaT:  6.389E-07   Iter/sec:  1.258E+00
 Iteration:  00000018   DeltaT:  6.389E-07   Iter/sec:  1.049E+00
 Iteration:  00000019   DeltaT:  6.389E-07   Iter/sec:  1.193E+00
 Iteration:  00000020   DeltaT:  6.389E-07   Iter/sec:  1.126E+00
 Iteration:  00000021   DeltaT:  6.389E-07   Iter/sec:  1.197E+00
 Iteration:  00000022   DeltaT:  6.389E-07   Iter/sec:  1.356E+00
 Iteration:  00000023   DeltaT:  6.389E-07   Iter/sec:  1.390E+00
 Iteration:  00000024   DeltaT:  6.389E-07   Iter/sec:  1.375E+00
 Iteration:  00000025   DeltaT:  6.389E-07   Iter/sec:  1.371E+00
 Iteration:  00000026   DeltaT:  6.389E-07   Iter/sec:  1.269E+00
 Iteration:  00000027   DeltaT:  6.389E-07   Iter/sec:  1.403E+00
 Iteration:  00000028   DeltaT:  6.389E-07   Iter/sec:  1.367E+00
 Iteration:  00000029   DeltaT:  6.389E-07   Iter/sec:  1.372E+00
 Iteration:  00000030   DeltaT:  6.389E-07   Iter/sec:  1.336E+00
 Iteration:  00000031   DeltaT:  6.389E-07   Iter/sec:  1.243E+00
 Iteration:  00000032   DeltaT:  6.389E-07   Iter/sec:  1.274E+00
 Iteration:  00000033   DeltaT:  6.389E-07   Iter/sec:  1.394E+00
 Iteration:  00000034   DeltaT:  6.389E-07   Iter/sec:  1.121E+00
 Iteration:  00000035   DeltaT:  6.389E-07   Iter/sec:  1.364E+00
 Iteration:  00000036   DeltaT:  6.389E-07   Iter/sec:  1.316E+00
 Iteration:  00000037   DeltaT:  6.389E-07   Iter/sec:  1.247E+00
 Iteration:  00000038   DeltaT:  6.389E-07   Iter/sec:  1.349E+00
 Iteration:  00000039   DeltaT:  6.389E-07   Iter/sec:  1.127E+00
 Iteration:  00000040   DeltaT:  6.389E-07   Iter/sec:  1.265E+00
 Iteration:  00000041   DeltaT:  6.389E-07   Iter/sec:  1.319E+00
 Iteration:  00000042   DeltaT:  6.389E-07   Iter/sec:  1.213E+00
 Iteration:  00000043   DeltaT:  6.389E-07   Iter/sec:  1.155E+00
 Iteration:  00000044   DeltaT:  6.389E-07   Iter/sec:  1.121E+00
 Iteration:  00000045   DeltaT:  6.389E-07   Iter/sec:  1.338E+00
 Iteration:  00000046   DeltaT:  6.389E-07   Iter/sec:  1.329E+00
 Iteration:  00000047   DeltaT:  6.389E-07   Iter/sec:  1.309E+00
 Iteration:  00000048   DeltaT:  6.389E-07   Iter/sec:  1.357E+00
 Iteration:  00000049   DeltaT:  6.389E-07   Iter/sec:  1.388E+00
 Iteration:  00000050   DeltaT:  6.389E-07   Iter/sec:  1.388E+00


//////////////////////////////////////////////
   Measured Timings for Process 0  (seconds)

 Elapsed time:        40.2530
  Column time:        13.1053
     Row time:         9.0693
Legendre time:         4.3133
     FFT time:         1.9197
   Solve time:         1.7217
    rlma time:         0.4098
    rlmb time:         0.1887
  pspace time:         4.5715
  psolve time:         4.3407
    dphi time:         0.2690
captured time:        39.9091

     iter/sec:         1.2421
//////////////////////////////////////////////
