 //////////////////////////////////////
 Initializating Rayleigh...

 -- Initalizing MPI...
 ---- Specified parameters:
 ---- NCPU  :    512
 ---- NPROW :     16
 ---- NPCOL :     32
 -- MPI initialized.


 -- Initalizing Grid...
 ---- Specified parameters ----
 ---- N_R                 :    256
 ---- N_THETA             :    768
 ---- Ell_MAX             :    511
 ---- R_MIN               :  5.38462E-01
 ---- R_MAX               :  1.53846E+00
 ---- Chebyshev Domains   :      1

        Domain 1
          Grid points           :  256
          Dealiased Polynomials :  170
          Domain Lower Bound    :  5.38462E-01
          Domain Upper Bound    :  1.53846E+00

 -- Grid initialized.

 -- Initalizing Reference State...
 ---- Specified parameters:
 ---- Reference type           :  Boussinesq (Non-dimensional)
 ---- Rayleigh Number          :  1.00000E+05
 ---- Ekman Number             :  1.00000E-03
 ---- Prandtl Number           :  1.00000E+00
 ---- Magnetic Prandtl Number  :  5.00000E+00
 -- Reference State initialized.

 -- Initializing Fields...
 ---- Specified parameters:
 ---- Hydro Init Type    : Benchmark (Christensen et al. 2001)
 ---- Magnetic Init Type : Benchmark (Christensen et al. 2001)
 -- Fields initialized.

 Initialization Complete.
 //////////////////////////////////////

 Timestep has changed from  0.00000E+00 to  1.00000E-04.
 Iteration:  00000001   DeltaT:  1.000E-04   Iter/sec:  0.000E+00
 Timestep has changed from  1.00000E-04 to  6.38929E-07.
 Iteration:  00000002   DeltaT:  6.389E-07   Iter/sec:  3.073E-01
 Iteration:  00000003   DeltaT:  6.389E-07   Iter/sec:  4.583E-01
 Iteration:  00000004   DeltaT:  6.389E-07   Iter/sec:  7.064E-01
 Iteration:  00000005   DeltaT:  6.389E-07   Iter/sec:  6.933E-01
 Iteration:  00000006   DeltaT:  6.389E-07   Iter/sec:  7.146E-01
 Iteration:  00000007   DeltaT:  6.389E-07   Iter/sec:  6.992E-01
 Iteration:  00000008   DeltaT:  6.389E-07   Iter/sec:  7.144E-01
 Iteration:  00000009   DeltaT:  6.389E-07   Iter/sec:  7.179E-01
 Iteration:  00000010   DeltaT:  6.389E-07   Iter/sec:  7.093E-01
 Iteration:  00000011   DeltaT:  6.389E-07   Iter/sec:  7.149E-01
 Iteration:  00000012   DeltaT:  6.389E-07   Iter/sec:  7.045E-01
 Iteration:  00000013   DeltaT:  6.389E-07   Iter/sec:  7.024E-01
 Iteration:  00000014   DeltaT:  6.389E-07   Iter/sec:  7.128E-01
 Iteration:  00000015   DeltaT:  6.389E-07   Iter/sec:  7.080E-01
 Iteration:  00000016   DeltaT:  6.389E-07   Iter/sec:  7.187E-01
 Iteration:  00000017   DeltaT:  6.389E-07   Iter/sec:  7.218E-01
 Iteration:  00000018   DeltaT:  6.389E-07   Iter/sec:  7.122E-01
 Iteration:  00000019   DeltaT:  6.389E-07   Iter/sec:  7.021E-01
 Iteration:  00000020   DeltaT:  6.389E-07   Iter/sec:  6.907E-01
 Iteration:  00000021   DeltaT:  6.389E-07   Iter/sec:  7.164E-01
 Iteration:  00000022   DeltaT:  6.389E-07   Iter/sec:  7.107E-01
 Iteration:  00000023   DeltaT:  6.389E-07   Iter/sec:  7.212E-01
 Iteration:  00000024   DeltaT:  6.389E-07   Iter/sec:  7.099E-01
 Iteration:  00000025   DeltaT:  6.389E-07   Iter/sec:  7.238E-01
 Iteration:  00000026   DeltaT:  6.389E-07   Iter/sec:  6.925E-01
 Iteration:  00000027   DeltaT:  6.389E-07   Iter/sec:  7.004E-01
 Iteration:  00000028   DeltaT:  6.389E-07   Iter/sec:  7.250E-01
 Iteration:  00000029   DeltaT:  6.389E-07   Iter/sec:  7.170E-01
 Iteration:  00000030   DeltaT:  6.389E-07   Iter/sec:  7.211E-01
 Iteration:  00000031   DeltaT:  6.389E-07   Iter/sec:  7.139E-01
 Iteration:  00000032   DeltaT:  6.389E-07   Iter/sec:  7.025E-01
 Iteration:  00000033   DeltaT:  6.389E-07   Iter/sec:  7.061E-01
 Iteration:  00000034   DeltaT:  6.389E-07   Iter/sec:  7.079E-01
 Iteration:  00000035   DeltaT:  6.389E-07   Iter/sec:  7.112E-01
 Iteration:  00000036   DeltaT:  6.389E-07   Iter/sec:  7.133E-01
 Iteration:  00000037   DeltaT:  6.389E-07   Iter/sec:  7.181E-01
 Iteration:  00000038   DeltaT:  6.389E-07   Iter/sec:  7.015E-01
 Iteration:  00000039   DeltaT:  6.389E-07   Iter/sec:  6.870E-01
 Iteration:  00000040   DeltaT:  6.389E-07   Iter/sec:  6.984E-01
 Iteration:  00000041   DeltaT:  6.389E-07   Iter/sec:  6.835E-01
 Iteration:  00000042   DeltaT:  6.389E-07   Iter/sec:  6.951E-01
 Iteration:  00000043   DeltaT:  6.389E-07   Iter/sec:  7.268E-01
 Iteration:  00000044   DeltaT:  6.389E-07   Iter/sec:  6.793E-01
 Iteration:  00000045   DeltaT:  6.389E-07   Iter/sec:  6.968E-01
 Iteration:  00000046   DeltaT:  6.389E-07   Iter/sec:  7.132E-01
 Iteration:  00000047   DeltaT:  6.389E-07   Iter/sec:  7.092E-01
 Iteration:  00000048   DeltaT:  6.389E-07   Iter/sec:  7.105E-01
 Iteration:  00000049   DeltaT:  6.389E-07   Iter/sec:  7.139E-01
 Iteration:  00000050   DeltaT:  6.389E-07   Iter/sec:  7.148E-01


//////////////////////////////////////////////
   Measured Timings for Process 0  (seconds)

 Elapsed time:        72.1359
  Column time:        17.2412
     Row time:        18.8984
Legendre time:         9.4946
     FFT time:         3.8680
   Solve time:         2.9612
    rlma time:         0.8746
    rlmb time:         0.4584
  pspace time:         8.9816
  psolve time:         8.1533
    dphi time:         0.4240
captured time:        71.3552

     iter/sec:         0.6931
//////////////////////////////////////////////
