 //////////////////////////////////////
 Initializating Rayleigh...

 -- Initalizing MPI...
 ---- Specified parameters:
 ---- NCPU  :     64
 ---- NPROW :      4
 ---- NPCOL :     16
 -- MPI initialized.


 -- Initalizing Grid...
 ---- Specified parameters ----
 ---- N_R                 :     64
 ---- N_THETA             :    192
 ---- Ell_MAX             :    127
 ---- R_MIN               :  5.38462E-01
 ---- R_MAX               :  1.53846E+00
 ---- Chebyshev Domains   :      1

        Domain 1
          Grid points           :  64
          Dealiased Polynomials :  42
          Domain Lower Bound    :  5.38462E-01
          Domain Upper Bound    :  1.53846E+00

 -- Grid initialized.

 -- Initalizing Reference State...
 ---- Specified parameters:
 ---- Reference type           :  Boussinesq (Non-dimensional)
 ---- Rayleigh Number          :  1.00000E+05
 ---- Ekman Number             :  1.00000E-03
 ---- Prandtl Number           :  1.00000E+00
 ---- Magnetic Prandtl Number  :  5.00000E+00
 -- Reference State initialized.

 -- Initializing Fields...
 ---- Specified parameters:
 ---- Hydro Init Type    : Benchmark (Christensen et al. 2001)
 ---- Magnetic Init Type : Benchmark (Christensen et al. 2001)
 -- Fields initialized.

 Initialization Complete.
 //////////////////////////////////////

 Timestep has changed from  0.00000E+00 to  1.00000E-04.
 Iteration:  00000001   DeltaT:  1.000E-04   Iter/sec:  0.000E+00
 Timestep has changed from  1.00000E-04 to  1.02217E-05.
 Iteration:  00000002   DeltaT:  1.022E-05   Iter/sec:  4.283E+00
 Iteration:  00000003   DeltaT:  1.022E-05   Iter/sec:  7.986E+00
 Iteration:  00000004   DeltaT:  1.022E-05   Iter/sec:  8.247E+00
 Iteration:  00000005   DeltaT:  1.022E-05   Iter/sec:  8.420E+00
 Iteration:  00000006   DeltaT:  1.022E-05   Iter/sec:  8.515E+00
 Iteration:  00000007   DeltaT:  1.022E-05   Iter/sec:  8.682E+00
 Iteration:  00000008   DeltaT:  1.022E-05   Iter/sec:  8.556E+00
 Iteration:  00000009   DeltaT:  1.022E-05   Iter/sec:  8.598E+00
 Iteration:  00000010   DeltaT:  1.022E-05   Iter/sec:  8.428E+00
 Iteration:  00000011   DeltaT:  1.022E-05   Iter/sec:  8.183E+00
 Iteration:  00000012   DeltaT:  1.022E-05   Iter/sec:  8.578E+00
 Iteration:  00000013   DeltaT:  1.022E-05   Iter/sec:  8.611E+00
 Iteration:  00000014   DeltaT:  1.022E-05   Iter/sec:  8.554E+00
 Iteration:  00000015   DeltaT:  1.022E-05   Iter/sec:  8.674E+00
 Iteration:  00000016   DeltaT:  1.022E-05   Iter/sec:  8.430E+00
 Iteration:  00000017   DeltaT:  1.022E-05   Iter/sec:  8.396E+00
 Iteration:  00000018   DeltaT:  1.022E-05   Iter/sec:  8.459E+00
 Iteration:  00000019   DeltaT:  1.022E-05   Iter/sec:  8.695E+00
 Iteration:  00000020   DeltaT:  1.022E-05   Iter/sec:  8.421E+00
 Iteration:  00000021   DeltaT:  1.022E-05   Iter/sec:  8.442E+00
 Iteration:  00000022   DeltaT:  1.022E-05   Iter/sec:  8.231E+00
 Iteration:  00000023   DeltaT:  1.022E-05   Iter/sec:  8.387E+00
 Iteration:  00000024   DeltaT:  1.022E-05   Iter/sec:  8.575E+00
 Iteration:  00000025   DeltaT:  1.022E-05   Iter/sec:  8.327E+00
 Iteration:  00000026   DeltaT:  1.022E-05   Iter/sec:  8.475E+00
 Iteration:  00000027   DeltaT:  1.022E-05   Iter/sec:  8.394E+00
 Iteration:  00000028   DeltaT:  1.022E-05   Iter/sec:  8.275E+00
 Iteration:  00000029   DeltaT:  1.022E-05   Iter/sec:  8.491E+00
 Iteration:  00000030   DeltaT:  1.022E-05   Iter/sec:  8.591E+00
 Iteration:  00000031   DeltaT:  1.022E-05   Iter/sec:  8.572E+00
 Iteration:  00000032   DeltaT:  1.022E-05   Iter/sec:  8.497E+00
 Iteration:  00000033   DeltaT:  1.022E-05   Iter/sec:  8.688E+00
 Iteration:  00000034   DeltaT:  1.022E-05   Iter/sec:  8.344E+00
 Iteration:  00000035   DeltaT:  1.022E-05   Iter/sec:  8.424E+00
 Iteration:  00000036   DeltaT:  1.022E-05   Iter/sec:  8.577E+00
 Iteration:  00000037   DeltaT:  1.022E-05   Iter/sec:  8.496E+00
 Iteration:  00000038   DeltaT:  1.022E-05   Iter/sec:  8.586E+00
 Iteration:  00000039   DeltaT:  1.022E-05   Iter/sec:  8.522E+00
 Iteration:  00000040   DeltaT:  1.022E-05   Iter/sec:  8.485E+00
 Iteration:  00000041   DeltaT:  1.022E-05   Iter/sec:  8.392E+00
 Iteration:  00000042   DeltaT:  1.022E-05   Iter/sec:  8.498E+00
 Iteration:  00000043   DeltaT:  1.022E-05   Iter/sec:  8.749E+00
 Iteration:  00000044   DeltaT:  1.022E-05   Iter/sec:  8.136E+00
 Iteration:  00000045   DeltaT:  1.022E-05   Iter/sec:  8.684E+00
 Iteration:  00000046   DeltaT:  1.022E-05   Iter/sec:  8.369E+00
 Iteration:  00000047   DeltaT:  1.022E-05   Iter/sec:  8.696E+00
 Iteration:  00000048   DeltaT:  1.022E-05   Iter/sec:  8.421E+00
 Iteration:  00000049   DeltaT:  1.022E-05   Iter/sec:  8.419E+00
 Iteration:  00000050   DeltaT:  1.022E-05   Iter/sec:  8.454E+00


//////////////////////////////////////////////
   Measured Timings for Process 0  (seconds)

 Elapsed time:         5.9128
  Column time:         0.7631
     Row time:         1.9760
Legendre time:         0.7675
     FFT time:         0.5026
   Solve time:         0.1340
    rlma time:         0.1005
    rlmb time:         0.0409
  pspace time:         0.9084
  psolve time:         0.5861
    dphi time:         0.0584
captured time:         5.8376

     iter/sec:         8.4562
//////////////////////////////////////////////
