 //////////////////////////////////////
 Initializating Rayleigh...

 -- Initalizing MPI...
 ---- Specified parameters:
 ---- NCPU  :    256
 ---- NPROW :     32
 ---- NPCOL :      8
 -- MPI initialized.


 -- Initalizing Grid...
 ---- Specified parameters ----
 ---- N_R                 :    256
 ---- N_THETA             :    768
 ---- Ell_MAX             :    511
 ---- R_MIN               :  5.38462E-01
 ---- R_MAX               :  1.53846E+00
 ---- Chebyshev Domains   :      1

        Domain 1
          Grid points           :  256
          Dealiased Polynomials :  170
          Domain Lower Bound    :  5.38462E-01
          Domain Upper Bound    :  1.53846E+00

 -- Grid initialized.

 -- Initalizing Reference State...
 ---- Specified parameters:
 ---- Reference type           :  Boussinesq (Non-dimensional)
 ---- Rayleigh Number          :  1.00000E+05
 ---- Ekman Number             :  1.00000E-03
 ---- Prandtl Number           :  1.00000E+00
 ---- Magnetic Prandtl Number  :  5.00000E+00
 -- Reference State initialized.

 -- Initializing Fields...
 ---- Specified parameters:
 ---- Hydro Init Type    : Benchmark (Christensen et al. 2001)
 ---- Magnetic Init Type : Benchmark (Christensen et al. 2001)
 -- Fields initialized.

 Initialization Complete.
 //////////////////////////////////////

 Timestep has changed from  0.00000E+00 to  1.00000E-04.
 Iteration:  00000001   DeltaT:  1.000E-04   Iter/sec:  0.000E+00
 Timestep has changed from  1.00000E-04 to  6.38929E-07.
 Iteration:  00000002   DeltaT:  6.389E-07   Iter/sec:  1.082E-01
 Iteration:  00000003   DeltaT:  6.389E-07   Iter/sec:  1.773E-01
 Iteration:  00000004   DeltaT:  6.389E-07   Iter/sec:  3.363E-01
 Iteration:  00000005   DeltaT:  6.389E-07   Iter/sec:  3.431E-01
 Iteration:  00000006   DeltaT:  6.389E-07   Iter/sec:  3.199E-01
 Iteration:  00000007   DeltaT:  6.389E-07   Iter/sec:  3.278E-01
 Iteration:  00000008   DeltaT:  6.389E-07   Iter/sec:  3.367E-01
 Iteration:  00000009   DeltaT:  6.389E-07   Iter/sec:  3.220E-01
 Iteration:  00000010   DeltaT:  6.389E-07   Iter/sec:  3.405E-01
 Iteration:  00000011   DeltaT:  6.389E-07   Iter/sec:  3.238E-01
 Iteration:  00000012   DeltaT:  6.389E-07   Iter/sec:  3.330E-01
 Iteration:  00000013   DeltaT:  6.389E-07   Iter/sec:  3.301E-01
 Iteration:  00000014   DeltaT:  6.389E-07   Iter/sec:  3.256E-01
 Iteration:  00000015   DeltaT:  6.389E-07   Iter/sec:  3.328E-01
 Iteration:  00000016   DeltaT:  6.389E-07   Iter/sec:  3.276E-01
 Iteration:  00000017   DeltaT:  6.389E-07   Iter/sec:  3.363E-01
 Iteration:  00000018   DeltaT:  6.389E-07   Iter/sec:  3.267E-01
 Iteration:  00000019   DeltaT:  6.389E-07   Iter/sec:  3.322E-01
 Iteration:  00000020   DeltaT:  6.389E-07   Iter/sec:  3.368E-01
 Iteration:  00000021   DeltaT:  6.389E-07   Iter/sec:  3.221E-01
 Iteration:  00000022   DeltaT:  6.389E-07   Iter/sec:  3.345E-01
 Iteration:  00000023   DeltaT:  6.389E-07   Iter/sec:  3.281E-01
 Iteration:  00000024   DeltaT:  6.389E-07   Iter/sec:  3.290E-01
 Iteration:  00000025   DeltaT:  6.389E-07   Iter/sec:  3.308E-01
 Iteration:  00000026   DeltaT:  6.389E-07   Iter/sec:  3.305E-01
 Iteration:  00000027   DeltaT:  6.389E-07   Iter/sec:  3.297E-01
 Iteration:  00000028   DeltaT:  6.389E-07   Iter/sec:  3.393E-01
 Iteration:  00000029   DeltaT:  6.389E-07   Iter/sec:  3.331E-01
 Iteration:  00000030   DeltaT:  6.389E-07   Iter/sec:  3.226E-01
 Iteration:  00000031   DeltaT:  6.389E-07   Iter/sec:  3.280E-01
 Iteration:  00000032   DeltaT:  6.389E-07   Iter/sec:  3.284E-01
 Iteration:  00000033   DeltaT:  6.389E-07   Iter/sec:  3.321E-01
 Iteration:  00000034   DeltaT:  6.389E-07   Iter/sec:  3.342E-01
 Iteration:  00000035   DeltaT:  6.389E-07   Iter/sec:  3.230E-01
 Iteration:  00000036   DeltaT:  6.389E-07   Iter/sec:  3.296E-01
 Iteration:  00000037   DeltaT:  6.389E-07   Iter/sec:  3.338E-01
 Iteration:  00000038   DeltaT:  6.389E-07   Iter/sec:  3.390E-01
 Iteration:  00000039   DeltaT:  6.389E-07   Iter/sec:  3.299E-01
 Iteration:  00000040   DeltaT:  6.389E-07   Iter/sec:  3.264E-01
 Iteration:  00000041   DeltaT:  6.389E-07   Iter/sec:  3.350E-01
 Iteration:  00000042   DeltaT:  6.389E-07   Iter/sec:  3.315E-01
 Iteration:  00000043   DeltaT:  6.389E-07   Iter/sec:  3.281E-01
 Iteration:  00000044   DeltaT:  6.389E-07   Iter/sec:  3.367E-01
 Iteration:  00000045   DeltaT:  6.389E-07   Iter/sec:  3.317E-01
 Iteration:  00000046   DeltaT:  6.389E-07   Iter/sec:  3.312E-01
 Iteration:  00000047   DeltaT:  6.389E-07   Iter/sec:  3.271E-01
 Iteration:  00000048   DeltaT:  6.389E-07   Iter/sec:  3.370E-01
 Iteration:  00000049   DeltaT:  6.389E-07   Iter/sec:  3.243E-01
 Iteration:  00000050   DeltaT:  6.389E-07   Iter/sec:  3.389E-01


//////////////////////////////////////////////
   Measured Timings for Process 0  (seconds)

 Elapsed time:       156.1232
  Column time:        25.6526
     Row time:        56.7531
Legendre time:        20.4432
     FFT time:         6.5989
   Solve time:         7.4775
    rlma time:         3.1005
    rlmb time:         1.6059
  pspace time:        14.4706
  psolve time:        18.0755
    dphi time:         0.4680
captured time:       154.6458

     iter/sec:         0.3203
//////////////////////////////////////////////
