 //////////////////////////////////////
 Initializating Rayleigh...

 -- Initalizing MPI...
 ---- Specified parameters:
 ---- NCPU  :    256
 ---- NPROW :     32
 ---- NPCOL :      8
 -- MPI initialized.


 -- Initalizing Grid...
 ---- Specified parameters ----
 ---- N_R                 :    128
 ---- N_THETA             :    384
 ---- Ell_MAX             :    255
 ---- R_MIN               :  5.38462E-01
 ---- R_MAX               :  1.53846E+00
 ---- Chebyshev Domains   :      1

        Domain 1
          Grid points           :  128
          Dealiased Polynomials :  85
          Domain Lower Bound    :  5.38462E-01
          Domain Upper Bound    :  1.53846E+00

 -- Grid initialized.

 -- Initalizing Reference State...
 ---- Specified parameters:
 ---- Reference type           :  Boussinesq (Non-dimensional)
 ---- Rayleigh Number          :  1.00000E+05
 ---- Ekman Number             :  1.00000E-03
 ---- Prandtl Number           :  1.00000E+00
 ---- Magnetic Prandtl Number  :  5.00000E+00
 -- Reference State initialized.

 -- Initializing Fields...
 ---- Specified parameters:
 ---- Hydro Init Type    : Benchmark (Christensen et al. 2001)
 ---- Magnetic Init Type : Benchmark (Christensen et al. 2001)
 -- Fields initialized.

 Initialization Complete.
 //////////////////////////////////////

 Timestep has changed from  0.00000E+00 to  1.00000E-04.
 Iteration:  00000001   DeltaT:  1.000E-04   Iter/sec:  0.000E+00
 Timestep has changed from  1.00000E-04 to  2.55566E-06.
 Iteration:  00000002   DeltaT:  2.556E-06   Iter/sec:  7.366E-01
 Iteration:  00000003   DeltaT:  2.556E-06   Iter/sec:  2.099E+00
 Iteration:  00000004   DeltaT:  2.556E-06   Iter/sec:  3.170E+00
 Iteration:  00000005   DeltaT:  2.556E-06   Iter/sec:  3.104E+00
 Iteration:  00000006   DeltaT:  2.556E-06   Iter/sec:  3.105E+00
 Iteration:  00000007   DeltaT:  2.556E-06   Iter/sec:  3.082E+00
 Iteration:  00000008   DeltaT:  2.556E-06   Iter/sec:  3.187E+00
 Iteration:  00000009   DeltaT:  2.556E-06   Iter/sec:  3.089E+00
 Iteration:  00000010   DeltaT:  2.556E-06   Iter/sec:  3.112E+00
 Iteration:  00000011   DeltaT:  2.556E-06   Iter/sec:  3.133E+00
 Iteration:  00000012   DeltaT:  2.556E-06   Iter/sec:  3.091E+00
 Iteration:  00000013   DeltaT:  2.556E-06   Iter/sec:  3.131E+00
 Iteration:  00000014   DeltaT:  2.556E-06   Iter/sec:  3.112E+00
 Iteration:  00000015   DeltaT:  2.556E-06   Iter/sec:  3.066E+00
 Iteration:  00000016   DeltaT:  2.556E-06   Iter/sec:  3.019E+00
 Iteration:  00000017   DeltaT:  2.556E-06   Iter/sec:  3.106E+00
 Iteration:  00000018   DeltaT:  2.556E-06   Iter/sec:  3.007E+00
 Iteration:  00000019   DeltaT:  2.556E-06   Iter/sec:  2.982E+00
 Iteration:  00000020   DeltaT:  2.556E-06   Iter/sec:  3.070E+00
 Iteration:  00000021   DeltaT:  2.556E-06   Iter/sec:  3.063E+00
 Iteration:  00000022   DeltaT:  2.556E-06   Iter/sec:  3.140E+00
 Iteration:  00000023   DeltaT:  2.556E-06   Iter/sec:  3.072E+00
 Iteration:  00000024   DeltaT:  2.556E-06   Iter/sec:  3.083E+00
 Iteration:  00000025   DeltaT:  2.556E-06   Iter/sec:  3.118E+00
 Iteration:  00000026   DeltaT:  2.556E-06   Iter/sec:  3.088E+00
 Iteration:  00000027   DeltaT:  2.556E-06   Iter/sec:  3.135E+00
 Iteration:  00000028   DeltaT:  2.556E-06   Iter/sec:  3.078E+00
 Iteration:  00000029   DeltaT:  2.556E-06   Iter/sec:  3.071E+00
 Iteration:  00000030   DeltaT:  2.556E-06   Iter/sec:  3.057E+00
 Iteration:  00000031   DeltaT:  2.556E-06   Iter/sec:  3.127E+00
 Iteration:  00000032   DeltaT:  2.556E-06   Iter/sec:  3.068E+00
 Iteration:  00000033   DeltaT:  2.556E-06   Iter/sec:  3.075E+00
 Iteration:  00000034   DeltaT:  2.556E-06   Iter/sec:  3.136E+00
 Iteration:  00000035   DeltaT:  2.556E-06   Iter/sec:  3.054E+00
 Iteration:  00000036   DeltaT:  2.556E-06   Iter/sec:  3.078E+00
 Iteration:  00000037   DeltaT:  2.556E-06   Iter/sec:  3.057E+00
 Iteration:  00000038   DeltaT:  2.556E-06   Iter/sec:  3.059E+00
 Iteration:  00000039   DeltaT:  2.556E-06   Iter/sec:  3.134E+00
 Iteration:  00000040   DeltaT:  2.556E-06   Iter/sec:  3.076E+00
 Iteration:  00000041   DeltaT:  2.556E-06   Iter/sec:  3.105E+00
 Iteration:  00000042   DeltaT:  2.556E-06   Iter/sec:  3.155E+00
 Iteration:  00000043   DeltaT:  2.556E-06   Iter/sec:  3.026E+00
 Iteration:  00000044   DeltaT:  2.556E-06   Iter/sec:  3.053E+00
 Iteration:  00000045   DeltaT:  2.556E-06   Iter/sec:  3.094E+00
 Iteration:  00000046   DeltaT:  2.556E-06   Iter/sec:  3.072E+00
 Iteration:  00000047   DeltaT:  2.556E-06   Iter/sec:  3.104E+00
 Iteration:  00000048   DeltaT:  2.556E-06   Iter/sec:  3.089E+00
 Iteration:  00000049   DeltaT:  2.556E-06   Iter/sec:  3.134E+00
 Iteration:  00000050   DeltaT:  2.556E-06   Iter/sec:  3.091E+00


//////////////////////////////////////////////
   Measured Timings for Process 0  (seconds)

 Elapsed time:        16.4824
  Column time:         2.9799
     Row time:         6.2152
Legendre time:         1.6613
     FFT time:         0.9500
   Solve time:         0.7524
    rlma time:         0.1737
    rlmb time:         0.0768
  pspace time:         1.7884
  psolve time:         1.6621
    dphi time:         0.0696
captured time:        16.3294

     iter/sec:         3.0335
//////////////////////////////////////////////
