 //////////////////////////////////////
 Initializating Rayleigh...

 -- Initalizing MPI...
 ---- Specified parameters:
 ---- NCPU  :     64
 ---- NPROW :      8
 ---- NPCOL :      8
 -- MPI initialized.


 -- Initalizing Grid...
 ---- Specified parameters ----
 ---- N_R                 :    128
 ---- N_THETA             :    384
 ---- Ell_MAX             :    255
 ---- R_MIN               :  5.38462E-01
 ---- R_MAX               :  1.53846E+00
 ---- Chebyshev Domains   :      1

        Domain 1
          Grid points           :  128
          Dealiased Polynomials :  85
          Domain Lower Bound    :  5.38462E-01
          Domain Upper Bound    :  1.53846E+00

 -- Grid initialized.

 -- Initalizing Reference State...
 ---- Specified parameters:
 ---- Reference type           :  Boussinesq (Non-dimensional)
 ---- Rayleigh Number          :  1.00000E+05
 ---- Ekman Number             :  1.00000E-03
 ---- Prandtl Number           :  1.00000E+00
 ---- Magnetic Prandtl Number  :  5.00000E+00
 -- Reference State initialized.

 -- Initializing Fields...
 ---- Specified parameters:
 ---- Hydro Init Type    : Benchmark (Christensen et al. 2001)
 ---- Magnetic Init Type : Benchmark (Christensen et al. 2001)
 -- Fields initialized.

 Initialization Complete.
 //////////////////////////////////////

 Timestep has changed from  0.00000E+00 to  1.00000E-04.
 Iteration:  00000001   DeltaT:  1.000E-04   Iter/sec:  0.000E+00
 Timestep has changed from  1.00000E-04 to  2.55566E-06.
 Iteration:  00000002   DeltaT:  2.556E-06   Iter/sec:  6.101E-01
 Iteration:  00000003   DeltaT:  2.556E-06   Iter/sec:  7.768E-01
 Iteration:  00000004   DeltaT:  2.556E-06   Iter/sec:  8.662E-01
 Iteration:  00000005   DeltaT:  2.556E-06   Iter/sec:  8.619E-01
 Iteration:  00000006   DeltaT:  2.556E-06   Iter/sec:  8.854E-01
 Iteration:  00000007   DeltaT:  2.556E-06   Iter/sec:  8.785E-01
 Iteration:  00000008   DeltaT:  2.556E-06   Iter/sec:  8.740E-01
 Iteration:  00000009   DeltaT:  2.556E-06   Iter/sec:  8.847E-01
 Iteration:  00000010   DeltaT:  2.556E-06   Iter/sec:  8.646E-01
 Iteration:  00000011   DeltaT:  2.556E-06   Iter/sec:  8.737E-01
 Iteration:  00000012   DeltaT:  2.556E-06   Iter/sec:  8.835E-01
 Iteration:  00000013   DeltaT:  2.556E-06   Iter/sec:  8.710E-01
 Iteration:  00000014   DeltaT:  2.556E-06   Iter/sec:  8.651E-01
 Iteration:  00000015   DeltaT:  2.556E-06   Iter/sec:  8.701E-01
 Iteration:  00000016   DeltaT:  2.556E-06   Iter/sec:  8.765E-01
 Iteration:  00000017   DeltaT:  2.556E-06   Iter/sec:  8.562E-01
 Iteration:  00000018   DeltaT:  2.556E-06   Iter/sec:  8.791E-01
 Iteration:  00000019   DeltaT:  2.556E-06   Iter/sec:  8.973E-01
 Iteration:  00000020   DeltaT:  2.556E-06   Iter/sec:  8.619E-01
 Iteration:  00000021   DeltaT:  2.556E-06   Iter/sec:  8.805E-01
 Iteration:  00000022   DeltaT:  2.556E-06   Iter/sec:  8.736E-01
 Iteration:  00000023   DeltaT:  2.556E-06   Iter/sec:  8.870E-01
 Iteration:  00000024   DeltaT:  2.556E-06   Iter/sec:  8.961E-01
 Iteration:  00000025   DeltaT:  2.556E-06   Iter/sec:  8.721E-01
 Iteration:  00000026   DeltaT:  2.556E-06   Iter/sec:  8.880E-01
 Iteration:  00000027   DeltaT:  2.556E-06   Iter/sec:  8.669E-01
 Iteration:  00000028   DeltaT:  2.556E-06   Iter/sec:  8.635E-01
 Iteration:  00000029   DeltaT:  2.556E-06   Iter/sec:  8.722E-01
 Iteration:  00000030   DeltaT:  2.556E-06   Iter/sec:  8.488E-01
 Iteration:  00000031   DeltaT:  2.556E-06   Iter/sec:  8.648E-01
 Iteration:  00000032   DeltaT:  2.556E-06   Iter/sec:  8.691E-01
 Iteration:  00000033   DeltaT:  2.556E-06   Iter/sec:  8.563E-01
 Iteration:  00000034   DeltaT:  2.556E-06   Iter/sec:  8.743E-01
 Iteration:  00000035   DeltaT:  2.556E-06   Iter/sec:  8.813E-01
 Iteration:  00000036   DeltaT:  2.556E-06   Iter/sec:  8.787E-01
 Iteration:  00000037   DeltaT:  2.556E-06   Iter/sec:  8.635E-01
 Iteration:  00000038   DeltaT:  2.556E-06   Iter/sec:  8.770E-01
 Iteration:  00000039   DeltaT:  2.556E-06   Iter/sec:  8.624E-01
 Iteration:  00000040   DeltaT:  2.556E-06   Iter/sec:  8.199E-01
 Iteration:  00000041   DeltaT:  2.556E-06   Iter/sec:  8.612E-01
 Iteration:  00000042   DeltaT:  2.556E-06   Iter/sec:  8.474E-01
 Iteration:  00000043   DeltaT:  2.556E-06   Iter/sec:  8.643E-01
 Iteration:  00000044   DeltaT:  2.556E-06   Iter/sec:  8.870E-01
 Iteration:  00000045   DeltaT:  2.556E-06   Iter/sec:  8.748E-01
 Iteration:  00000046   DeltaT:  2.556E-06   Iter/sec:  8.717E-01
 Iteration:  00000047   DeltaT:  2.556E-06   Iter/sec:  8.676E-01
 Iteration:  00000048   DeltaT:  2.556E-06   Iter/sec:  8.757E-01
 Iteration:  00000049   DeltaT:  2.556E-06   Iter/sec:  8.848E-01
 Iteration:  00000050   DeltaT:  2.556E-06   Iter/sec:  8.620E-01


//////////////////////////////////////////////
   Measured Timings for Process 0  (seconds)

 Elapsed time:        57.6985
  Column time:         6.0319
     Row time:        20.5371
Legendre time:         7.9641
     FFT time:         3.9802
   Solve time:         1.4221
    rlma time:         1.2897
    rlmb time:         0.5952
  pspace time:         7.8957
  psolve time:         6.7955
    dphi time:         0.3057
captured time:        56.8170

     iter/sec:         0.8666
//////////////////////////////////////////////
