 //////////////////////////////////////
 Initializating Rayleigh...

 -- Initalizing MPI...
 ---- Specified parameters:
 ---- NCPU  :   2048
 ---- NPROW :     64
 ---- NPCOL :     32
 -- MPI initialized.


 -- Initalizing Grid...
 ---- Specified parameters ----
 ---- N_R                 :    512
 ---- N_THETA             :   1536
 ---- Ell_MAX             :   1023
 ---- R_MIN               :  5.38462E-01
 ---- R_MAX               :  1.53846E+00
 ---- Chebyshev Domains   :      1

        Domain 1
          Grid points           :  512
          Dealiased Polynomials :  341
          Domain Lower Bound    :  5.38462E-01
          Domain Upper Bound    :  1.53846E+00

 -- Grid initialized.

 -- Initalizing Reference State...
 ---- Specified parameters:
 ---- Reference type           :  Boussinesq (Non-dimensional)
 ---- Rayleigh Number          :  1.00000E+05
 ---- Ekman Number             :  1.00000E-03
 ---- Prandtl Number           :  1.00000E+00
 ---- Magnetic Prandtl Number  :  5.00000E+00
 -- Reference State initialized.

 -- Initializing Fields...
 ---- Specified parameters:
 ---- Hydro Init Type    : Benchmark (Christensen et al. 2001)
 ---- Magnetic Init Type : Benchmark (Christensen et al. 2001)
 -- Fields initialized.

 Initialization Complete.
 //////////////////////////////////////

 Timestep has changed from  0.00000E+00 to  1.00000E-04.
 Iteration:  00000001   DeltaT:  1.000E-04   Iter/sec:  0.000E+00
 Timestep has changed from  1.00000E-04 to  1.59733E-07.
 Iteration:  00000002   DeltaT:  1.597E-07   Iter/sec:  6.541E-02
 Iteration:  00000003   DeltaT:  1.597E-07   Iter/sec:  8.466E-02
 Iteration:  00000004   DeltaT:  1.597E-07   Iter/sec:  2.440E-01
 Iteration:  00000005   DeltaT:  1.597E-07   Iter/sec:  2.260E-01
 Iteration:  00000006   DeltaT:  1.597E-07   Iter/sec:  2.415E-01
 Iteration:  00000007   DeltaT:  1.597E-07   Iter/sec:  2.358E-01
 Iteration:  00000008   DeltaT:  1.597E-07   Iter/sec:  2.420E-01
 Iteration:  00000009   DeltaT:  1.597E-07   Iter/sec:  2.393E-01
 Iteration:  00000010   DeltaT:  1.597E-07   Iter/sec:  2.298E-01
 Iteration:  00000011   DeltaT:  1.597E-07   Iter/sec:  2.404E-01
 Iteration:  00000012   DeltaT:  1.597E-07   Iter/sec:  2.336E-01
 Iteration:  00000013   DeltaT:  1.597E-07   Iter/sec:  2.371E-01
 Iteration:  00000014   DeltaT:  1.597E-07   Iter/sec:  2.460E-01
 Iteration:  00000015   DeltaT:  1.597E-07   Iter/sec:  2.386E-01
 Iteration:  00000016   DeltaT:  1.597E-07   Iter/sec:  2.417E-01
 Iteration:  00000017   DeltaT:  1.597E-07   Iter/sec:  2.409E-01
 Iteration:  00000018   DeltaT:  1.597E-07   Iter/sec:  2.383E-01
 Iteration:  00000019   DeltaT:  1.597E-07   Iter/sec:  2.323E-01
 Iteration:  00000020   DeltaT:  1.597E-07   Iter/sec:  2.330E-01
 Iteration:  00000021   DeltaT:  1.597E-07   Iter/sec:  2.467E-01
 Iteration:  00000022   DeltaT:  1.597E-07   Iter/sec:  2.283E-01
 Iteration:  00000023   DeltaT:  1.597E-07   Iter/sec:  2.391E-01
 Iteration:  00000024   DeltaT:  1.597E-07   Iter/sec:  2.423E-01
 Iteration:  00000025   DeltaT:  1.597E-07   Iter/sec:  2.305E-01
 Iteration:  00000026   DeltaT:  1.597E-07   Iter/sec:  2.325E-01
 Iteration:  00000027   DeltaT:  1.597E-07   Iter/sec:  2.382E-01
 Iteration:  00000028   DeltaT:  1.597E-07   Iter/sec:  2.470E-01
 Iteration:  00000029   DeltaT:  1.597E-07   Iter/sec:  2.376E-01
 Iteration:  00000030   DeltaT:  1.597E-07   Iter/sec:  2.414E-01
 Iteration:  00000031   DeltaT:  1.597E-07   Iter/sec:  2.386E-01
 Iteration:  00000032   DeltaT:  1.597E-07   Iter/sec:  2.420E-01
 Iteration:  00000033   DeltaT:  1.597E-07   Iter/sec:  2.296E-01
 Iteration:  00000034   DeltaT:  1.597E-07   Iter/sec:  2.357E-01
 Iteration:  00000035   DeltaT:  1.597E-07   Iter/sec:  2.416E-01
 Iteration:  00000036   DeltaT:  1.597E-07   Iter/sec:  2.385E-01
 Iteration:  00000037   DeltaT:  1.597E-07   Iter/sec:  2.380E-01
 Iteration:  00000038   DeltaT:  1.597E-07   Iter/sec:  2.355E-01
 Iteration:  00000039   DeltaT:  1.597E-07   Iter/sec:  2.486E-01
 Iteration:  00000040   DeltaT:  1.597E-07   Iter/sec:  2.394E-01
 Iteration:  00000041   DeltaT:  1.597E-07   Iter/sec:  2.295E-01
 Iteration:  00000042   DeltaT:  1.597E-07   Iter/sec:  2.470E-01
 Iteration:  00000043   DeltaT:  1.597E-07   Iter/sec:  2.340E-01
 Iteration:  00000044   DeltaT:  1.597E-07   Iter/sec:  2.463E-01
 Iteration:  00000045   DeltaT:  1.597E-07   Iter/sec:  2.363E-01
 Iteration:  00000046   DeltaT:  1.597E-07   Iter/sec:  2.381E-01
 Iteration:  00000047   DeltaT:  1.597E-07   Iter/sec:  2.398E-01
 Iteration:  00000048   DeltaT:  1.597E-07   Iter/sec:  2.381E-01
 Iteration:  00000049   DeltaT:  1.597E-07   Iter/sec:  2.392E-01
 Iteration:  00000050   DeltaT:  1.597E-07   Iter/sec:  2.331E-01


//////////////////////////////////////////////
   Measured Timings for Process 0  (seconds)

 Elapsed time:       225.2650
  Column time:        62.1522
     Row time:        59.4604
Legendre time:        28.1111
     FFT time:         8.4685
   Solve time:        14.6145
    rlma time:         3.1070
    rlmb time:         1.5259
  pspace time:        15.6421
  psolve time:        29.6579
    dphi time:         0.5509
captured time:       223.2907

     iter/sec:         0.2220
//////////////////////////////////////////////
