 //////////////////////////////////////
 Initializating Rayleigh...

 -- Initalizing MPI...
 ---- Specified parameters:
 ---- NCPU  :    128
 ---- NPROW :     16
 ---- NPCOL :      8
 -- MPI initialized.


 -- Initalizing Grid...
 ---- Specified parameters ----
 ---- N_R                 :     64
 ---- N_THETA             :    192
 ---- Ell_MAX             :    127
 ---- R_MIN               :  5.38462E-01
 ---- R_MAX               :  1.53846E+00
 ---- Chebyshev Domains   :      1

        Domain 1
          Grid points           :  64
          Dealiased Polynomials :  42
          Domain Lower Bound    :  5.38462E-01
          Domain Upper Bound    :  1.53846E+00

 -- Grid initialized.

 -- Initalizing Reference State...
 ---- Specified parameters:
 ---- Reference type           :  Boussinesq (Non-dimensional)
 ---- Rayleigh Number          :  1.00000E+05
 ---- Ekman Number             :  1.00000E-03
 ---- Prandtl Number           :  1.00000E+00
 ---- Magnetic Prandtl Number  :  5.00000E+00
 -- Reference State initialized.

 -- Initializing Fields...
 ---- Specified parameters:
 ---- Hydro Init Type    : Benchmark (Christensen et al. 2001)
 ---- Magnetic Init Type : Benchmark (Christensen et al. 2001)
 -- Fields initialized.

 Initialization Complete.
 //////////////////////////////////////

 Timestep has changed from  0.00000E+00 to  1.00000E-04.
 Iteration:  00000001   DeltaT:  1.000E-04   Iter/sec:  0.000E+00
 Timestep has changed from  1.00000E-04 to  1.02217E-05.
 Iteration:  00000002   DeltaT:  1.022E-05   Iter/sec:  7.011E+00
 Iteration:  00000003   DeltaT:  1.022E-05   Iter/sec:  1.434E+01
 Iteration:  00000004   DeltaT:  1.022E-05   Iter/sec:  1.923E+01
 Iteration:  00000005   DeltaT:  1.022E-05   Iter/sec:  1.890E+01
 Iteration:  00000006   DeltaT:  1.022E-05   Iter/sec:  1.918E+01
 Iteration:  00000007   DeltaT:  1.022E-05   Iter/sec:  1.910E+01
 Iteration:  00000008   DeltaT:  1.022E-05   Iter/sec:  1.932E+01
 Iteration:  00000009   DeltaT:  1.022E-05   Iter/sec:  1.938E+01
 Iteration:  00000010   DeltaT:  1.022E-05   Iter/sec:  1.918E+01
 Iteration:  00000011   DeltaT:  1.022E-05   Iter/sec:  1.927E+01
 Iteration:  00000012   DeltaT:  1.022E-05   Iter/sec:  1.874E+01
 Iteration:  00000013   DeltaT:  1.022E-05   Iter/sec:  1.883E+01
 Iteration:  00000014   DeltaT:  1.022E-05   Iter/sec:  1.903E+01
 Iteration:  00000015   DeltaT:  1.022E-05   Iter/sec:  1.892E+01
 Iteration:  00000016   DeltaT:  1.022E-05   Iter/sec:  1.716E+01
 Iteration:  00000017   DeltaT:  1.022E-05   Iter/sec:  1.928E+01
 Iteration:  00000018   DeltaT:  1.022E-05   Iter/sec:  1.885E+01
 Iteration:  00000019   DeltaT:  1.022E-05   Iter/sec:  1.940E+01
 Iteration:  00000020   DeltaT:  1.022E-05   Iter/sec:  1.901E+01
 Iteration:  00000021   DeltaT:  1.022E-05   Iter/sec:  1.944E+01
 Iteration:  00000022   DeltaT:  1.022E-05   Iter/sec:  1.916E+01
 Iteration:  00000023   DeltaT:  1.022E-05   Iter/sec:  1.918E+01
 Iteration:  00000024   DeltaT:  1.022E-05   Iter/sec:  1.962E+01
 Iteration:  00000025   DeltaT:  1.022E-05   Iter/sec:  1.904E+01
 Iteration:  00000026   DeltaT:  1.022E-05   Iter/sec:  1.935E+01
 Iteration:  00000027   DeltaT:  1.022E-05   Iter/sec:  1.932E+01
 Iteration:  00000028   DeltaT:  1.022E-05   Iter/sec:  1.937E+01
 Iteration:  00000029   DeltaT:  1.022E-05   Iter/sec:  1.944E+01
 Iteration:  00000030   DeltaT:  1.022E-05   Iter/sec:  1.942E+01
 Iteration:  00000031   DeltaT:  1.022E-05   Iter/sec:  1.970E+01
 Iteration:  00000032   DeltaT:  1.022E-05   Iter/sec:  1.912E+01
 Iteration:  00000033   DeltaT:  1.022E-05   Iter/sec:  1.936E+01
 Iteration:  00000034   DeltaT:  1.022E-05   Iter/sec:  1.850E+01
 Iteration:  00000035   DeltaT:  1.022E-05   Iter/sec:  1.937E+01
 Iteration:  00000036   DeltaT:  1.022E-05   Iter/sec:  1.930E+01
 Iteration:  00000037   DeltaT:  1.022E-05   Iter/sec:  1.901E+01
 Iteration:  00000038   DeltaT:  1.022E-05   Iter/sec:  1.908E+01
 Iteration:  00000039   DeltaT:  1.022E-05   Iter/sec:  1.893E+01
 Iteration:  00000040   DeltaT:  1.022E-05   Iter/sec:  1.929E+01
 Iteration:  00000041   DeltaT:  1.022E-05   Iter/sec:  1.940E+01
 Iteration:  00000042   DeltaT:  1.022E-05   Iter/sec:  1.925E+01
 Iteration:  00000043   DeltaT:  1.022E-05   Iter/sec:  1.916E+01
 Iteration:  00000044   DeltaT:  1.022E-05   Iter/sec:  1.931E+01
 Iteration:  00000045   DeltaT:  1.022E-05   Iter/sec:  1.916E+01
 Iteration:  00000046   DeltaT:  1.022E-05   Iter/sec:  1.936E+01
 Iteration:  00000047   DeltaT:  1.022E-05   Iter/sec:  1.895E+01
 Iteration:  00000048   DeltaT:  1.022E-05   Iter/sec:  1.913E+01
 Iteration:  00000049   DeltaT:  1.022E-05   Iter/sec:  1.919E+01
 Iteration:  00000050   DeltaT:  1.022E-05   Iter/sec:  1.926E+01


//////////////////////////////////////////////
   Measured Timings for Process 0  (seconds)

 Elapsed time:         2.6517
  Column time:         0.3748
     Row time:         0.8672
Legendre time:         0.3085
     FFT time:         0.2401
   Solve time:         0.1248
    rlma time:         0.0446
    rlmb time:         0.0166
  pspace time:         0.3636
  psolve time:         0.2458
    dphi time:         0.0331
captured time:         2.6190

     iter/sec:        18.8556
//////////////////////////////////////////////
