 //////////////////////////////////////
 Initializating Rayleigh...

 -- Initalizing MPI...
 ---- Specified parameters:
 ---- NCPU  :   4096
 ---- NPROW :     64
 ---- NPCOL :     64
 -- MPI initialized.


 -- Initalizing Grid...
 ---- Specified parameters ----
 ---- N_R                 :    512
 ---- N_THETA             :   1536
 ---- Ell_MAX             :   1023
 ---- R_MIN               :  5.38462E-01
 ---- R_MAX               :  1.53846E+00
 ---- Chebyshev Domains   :      1

        Domain 1
          Grid points           :  512
          Dealiased Polynomials :  341
          Domain Lower Bound    :  5.38462E-01
          Domain Upper Bound    :  1.53846E+00

 -- Grid initialized.

 -- Initalizing Reference State...
 ---- Specified parameters:
 ---- Reference type           :  Boussinesq (Non-dimensional)
 ---- Rayleigh Number          :  1.00000E+05
 ---- Ekman Number             :  1.00000E-03
 ---- Prandtl Number           :  1.00000E+00
 ---- Magnetic Prandtl Number  :  5.00000E+00
 -- Reference State initialized.

 -- Initializing Fields...
 ---- Specified parameters:
 ---- Hydro Init Type    : Benchmark (Christensen et al. 2001)
 ---- Magnetic Init Type : Benchmark (Christensen et al. 2001)
 -- Fields initialized.

 Initialization Complete.
 //////////////////////////////////////

 Timestep has changed from  0.00000E+00 to  1.00000E-04.
 Iteration:  00000001   DeltaT:  1.000E-04   Iter/sec:  0.000E+00
 Timestep has changed from  1.00000E-04 to  1.59733E-07.
 Iteration:  00000002   DeltaT:  1.597E-07   Iter/sec:  1.089E-01
 Iteration:  00000003   DeltaT:  1.597E-07   Iter/sec:  1.573E-01
 Iteration:  00000004   DeltaT:  1.597E-07   Iter/sec:  4.213E-01
 Iteration:  00000005   DeltaT:  1.597E-07   Iter/sec:  4.131E-01
 Iteration:  00000006   DeltaT:  1.597E-07   Iter/sec:  4.251E-01
 Iteration:  00000007   DeltaT:  1.597E-07   Iter/sec:  4.114E-01
 Iteration:  00000008   DeltaT:  1.597E-07   Iter/sec:  4.234E-01
 Iteration:  00000009   DeltaT:  1.597E-07   Iter/sec:  4.223E-01
 Iteration:  00000010   DeltaT:  1.597E-07   Iter/sec:  4.148E-01
 Iteration:  00000011   DeltaT:  1.597E-07   Iter/sec:  4.085E-01
 Iteration:  00000012   DeltaT:  1.597E-07   Iter/sec:  4.226E-01
 Iteration:  00000013   DeltaT:  1.597E-07   Iter/sec:  4.122E-01
 Iteration:  00000014   DeltaT:  1.597E-07   Iter/sec:  4.167E-01
 Iteration:  00000015   DeltaT:  1.597E-07   Iter/sec:  4.133E-01
 Iteration:  00000016   DeltaT:  1.597E-07   Iter/sec:  4.227E-01
 Iteration:  00000017   DeltaT:  1.597E-07   Iter/sec:  4.155E-01
 Iteration:  00000018   DeltaT:  1.597E-07   Iter/sec:  4.252E-01
 Iteration:  00000019   DeltaT:  1.597E-07   Iter/sec:  4.096E-01
 Iteration:  00000020   DeltaT:  1.597E-07   Iter/sec:  4.212E-01
 Iteration:  00000021   DeltaT:  1.597E-07   Iter/sec:  4.151E-01
 Iteration:  00000022   DeltaT:  1.597E-07   Iter/sec:  4.150E-01
 Iteration:  00000023   DeltaT:  1.597E-07   Iter/sec:  4.180E-01
 Iteration:  00000024   DeltaT:  1.597E-07   Iter/sec:  4.261E-01
 Iteration:  00000025   DeltaT:  1.597E-07   Iter/sec:  4.134E-01
 Iteration:  00000026   DeltaT:  1.597E-07   Iter/sec:  4.270E-01
 Iteration:  00000027   DeltaT:  1.597E-07   Iter/sec:  4.217E-01
 Iteration:  00000028   DeltaT:  1.597E-07   Iter/sec:  4.142E-01
 Iteration:  00000029   DeltaT:  1.597E-07   Iter/sec:  4.167E-01
 Iteration:  00000030   DeltaT:  1.597E-07   Iter/sec:  4.186E-01
 Iteration:  00000031   DeltaT:  1.597E-07   Iter/sec:  4.140E-01
 Iteration:  00000032   DeltaT:  1.597E-07   Iter/sec:  4.196E-01
 Iteration:  00000033   DeltaT:  1.597E-07   Iter/sec:  4.176E-01
 Iteration:  00000034   DeltaT:  1.597E-07   Iter/sec:  4.077E-01
 Iteration:  00000035   DeltaT:  1.597E-07   Iter/sec:  4.318E-01
 Iteration:  00000036   DeltaT:  1.597E-07   Iter/sec:  4.156E-01
 Iteration:  00000037   DeltaT:  1.597E-07   Iter/sec:  4.218E-01
 Iteration:  00000038   DeltaT:  1.597E-07   Iter/sec:  4.223E-01
 Iteration:  00000039   DeltaT:  1.597E-07   Iter/sec:  4.145E-01
 Iteration:  00000040   DeltaT:  1.597E-07   Iter/sec:  4.231E-01
 Iteration:  00000041   DeltaT:  1.597E-07   Iter/sec:  4.185E-01
 Iteration:  00000042   DeltaT:  1.597E-07   Iter/sec:  4.178E-01
 Iteration:  00000043   DeltaT:  1.597E-07   Iter/sec:  4.187E-01
 Iteration:  00000044   DeltaT:  1.597E-07   Iter/sec:  4.204E-01
 Iteration:  00000045   DeltaT:  1.597E-07   Iter/sec:  4.133E-01
 Iteration:  00000046   DeltaT:  1.597E-07   Iter/sec:  4.249E-01
 Iteration:  00000047   DeltaT:  1.597E-07   Iter/sec:  4.220E-01
 Iteration:  00000048   DeltaT:  1.597E-07   Iter/sec:  4.179E-01
 Iteration:  00000049   DeltaT:  1.597E-07   Iter/sec:  4.217E-01
 Iteration:  00000050   DeltaT:  1.597E-07   Iter/sec:  4.247E-01


//////////////////////////////////////////////
   Measured Timings for Process 0  (seconds)

 Elapsed time:       127.4960
  Column time:        43.1511
     Row time:        32.2482
Legendre time:        13.5130
     FFT time:         4.2203
   Solve time:         7.8970
    rlma time:         0.9928
    rlmb time:         0.5564
  pspace time:         8.1971
  psolve time:        15.4037
    dphi time:         0.3370
captured time:       126.5167

     iter/sec:         0.3922
//////////////////////////////////////////////
