 //////////////////////////////////////
 Initializating Rayleigh...

 -- Initalizing MPI...
 ---- Specified parameters:
 ---- NCPU  :   2048
 ---- NPROW :     32
 ---- NPCOL :     64
 -- MPI initialized.


 -- Initalizing Grid...
 ---- Specified parameters ----
 ---- N_R                 :    128
 ---- N_THETA             :    384
 ---- Ell_MAX             :    255
 ---- R_MIN               :  5.38462E-01
 ---- R_MAX               :  1.53846E+00
 ---- Chebyshev Domains   :      1

        Domain 1
          Grid points           :  128
          Dealiased Polynomials :  85
          Domain Lower Bound    :  5.38462E-01
          Domain Upper Bound    :  1.53846E+00

 -- Grid initialized.

 -- Initalizing Reference State...
 ---- Specified parameters:
 ---- Reference type           :  Boussinesq (Non-dimensional)
 ---- Rayleigh Number          :  1.00000E+05
 ---- Ekman Number             :  1.00000E-03
 ---- Prandtl Number           :  1.00000E+00
 ---- Magnetic Prandtl Number  :  5.00000E+00
 -- Reference State initialized.

 -- Initializing Fields...
 ---- Specified parameters:
 ---- Hydro Init Type    : Benchmark (Christensen et al. 2001)
 ---- Magnetic Init Type : Benchmark (Christensen et al. 2001)
 -- Fields initialized.

 Initialization Complete.
 //////////////////////////////////////

 Timestep has changed from  0.00000E+00 to  1.00000E-04.
 Iteration:  00000001   DeltaT:  1.000E-04   Iter/sec:  0.000E+00
 Timestep has changed from  1.00000E-04 to  2.55566E-06.
 Iteration:  00000002   DeltaT:  2.556E-06   Iter/sec:  2.350E+00
 Iteration:  00000003   DeltaT:  2.556E-06   Iter/sec:  1.237E+01
 Iteration:  00000004   DeltaT:  2.556E-06   Iter/sec:  1.124E+01
 Iteration:  00000005   DeltaT:  2.556E-06   Iter/sec:  2.440E+01
 Iteration:  00000006   DeltaT:  2.556E-06   Iter/sec:  1.585E+01
 Iteration:  00000007   DeltaT:  2.556E-06   Iter/sec:  9.498E+00
 Iteration:  00000008   DeltaT:  2.556E-06   Iter/sec:  2.488E+01
 Iteration:  00000009   DeltaT:  2.556E-06   Iter/sec:  2.769E+01
 Iteration:  00000010   DeltaT:  2.556E-06   Iter/sec:  2.387E+01
 Iteration:  00000011   DeltaT:  2.556E-06   Iter/sec:  2.538E+01
 Iteration:  00000012   DeltaT:  2.556E-06   Iter/sec:  2.489E+01
 Iteration:  00000013   DeltaT:  2.556E-06   Iter/sec:  2.446E+01
 Iteration:  00000014   DeltaT:  2.556E-06   Iter/sec:  2.465E+01
 Iteration:  00000015   DeltaT:  2.556E-06   Iter/sec:  2.599E+01
 Iteration:  00000016   DeltaT:  2.556E-06   Iter/sec:  2.409E+01
 Iteration:  00000017   DeltaT:  2.556E-06   Iter/sec:  1.856E+01
 Iteration:  00000018   DeltaT:  2.556E-06   Iter/sec:  1.432E+01
 Iteration:  00000019   DeltaT:  2.556E-06   Iter/sec:  2.607E+01
 Iteration:  00000020   DeltaT:  2.556E-06   Iter/sec:  1.025E+01
 Iteration:  00000021   DeltaT:  2.556E-06   Iter/sec:  1.646E+01
 Iteration:  00000022   DeltaT:  2.556E-06   Iter/sec:  2.485E+01
 Iteration:  00000023   DeltaT:  2.556E-06   Iter/sec:  2.616E+01
 Iteration:  00000024   DeltaT:  2.556E-06   Iter/sec:  2.497E+01
 Iteration:  00000025   DeltaT:  2.556E-06   Iter/sec:  2.499E+01
 Iteration:  00000026   DeltaT:  2.556E-06   Iter/sec:  2.358E+01
 Iteration:  00000027   DeltaT:  2.556E-06   Iter/sec:  2.204E+01
 Iteration:  00000028   DeltaT:  2.556E-06   Iter/sec:  2.200E+01
 Iteration:  00000029   DeltaT:  2.556E-06   Iter/sec:  2.533E+01
 Iteration:  00000030   DeltaT:  2.556E-06   Iter/sec:  2.517E+01
 Iteration:  00000031   DeltaT:  2.556E-06   Iter/sec:  2.455E+01
 Iteration:  00000032   DeltaT:  2.556E-06   Iter/sec:  1.361E+01
 Iteration:  00000033   DeltaT:  2.556E-06   Iter/sec:  2.035E+01
 Iteration:  00000034   DeltaT:  2.556E-06   Iter/sec:  2.477E+01
 Iteration:  00000035   DeltaT:  2.556E-06   Iter/sec:  2.252E+01
 Iteration:  00000036   DeltaT:  2.556E-06   Iter/sec:  1.383E+01
 Iteration:  00000037   DeltaT:  2.556E-06   Iter/sec:  1.322E+01
 Iteration:  00000038   DeltaT:  2.556E-06   Iter/sec:  2.538E+01
 Iteration:  00000039   DeltaT:  2.556E-06   Iter/sec:  2.489E+01
 Iteration:  00000040   DeltaT:  2.556E-06   Iter/sec:  2.393E+01
 Iteration:  00000041   DeltaT:  2.556E-06   Iter/sec:  2.504E+01
 Iteration:  00000042   DeltaT:  2.556E-06   Iter/sec:  2.510E+01
 Iteration:  00000043   DeltaT:  2.556E-06   Iter/sec:  2.573E+01
 Iteration:  00000044   DeltaT:  2.556E-06   Iter/sec:  2.504E+01
 Iteration:  00000045   DeltaT:  2.556E-06   Iter/sec:  2.546E+01
 Iteration:  00000046   DeltaT:  2.556E-06   Iter/sec:  2.274E+01
 Iteration:  00000047   DeltaT:  2.556E-06   Iter/sec:  2.513E+01
 Iteration:  00000048   DeltaT:  2.556E-06   Iter/sec:  2.248E+01
 Iteration:  00000049   DeltaT:  2.556E-06   Iter/sec:  1.463E+01
 Iteration:  00000050   DeltaT:  2.556E-06   Iter/sec:  2.396E+01


//////////////////////////////////////////////
   Measured Timings for Process 0  (seconds)

 Elapsed time:         2.6086
  Column time:         1.2713
     Row time:         0.6275
Legendre time:         0.1544
     FFT time:         0.1012
   Solve time:         0.1332
    rlma time:         0.0262
    rlmb time:         0.0107
  pspace time:         0.1076
  psolve time:         0.1481
    dphi time:         0.0087
captured time:         2.5890

     iter/sec:        19.1670
//////////////////////////////////////////////
