 //////////////////////////////////////
 Initializating Rayleigh...

 -- Initalizing MPI...
 ---- Specified parameters:
 ---- NCPU  :   1024
 ---- NPROW :     64
 ---- NPCOL :     16
 -- MPI initialized.


 -- Initalizing Grid...
 ---- Specified parameters ----
 ---- N_R                 :    512
 ---- N_THETA             :   1536
 ---- Ell_MAX             :   1023
 ---- R_MIN               :  5.38462E-01
 ---- R_MAX               :  1.53846E+00
 ---- Chebyshev Domains   :      1

        Domain 1
          Grid points           :  512
          Dealiased Polynomials :  341
          Domain Lower Bound    :  5.38462E-01
          Domain Upper Bound    :  1.53846E+00

 -- Grid initialized.

 -- Initalizing Reference State...
 ---- Specified parameters:
 ---- Reference type           :  Boussinesq (Non-dimensional)
 ---- Rayleigh Number          :  1.00000E+05
 ---- Ekman Number             :  1.00000E-03
 ---- Prandtl Number           :  1.00000E+00
 ---- Magnetic Prandtl Number  :  5.00000E+00
 -- Reference State initialized.

 -- Initializing Fields...
 ---- Specified parameters:
 ---- Hydro Init Type    : Benchmark (Christensen et al. 2001)
 ---- Magnetic Init Type : Benchmark (Christensen et al. 2001)
 -- Fields initialized.

 Initialization Complete.
 //////////////////////////////////////

 Timestep has changed from  0.00000E+00 to  1.00000E-04.
 Iteration:  00000001   DeltaT:  1.000E-04   Iter/sec:  0.000E+00
 Timestep has changed from  1.00000E-04 to  1.59733E-07.
 Iteration:  00000002   DeltaT:  1.597E-07   Iter/sec:  3.983E-02
 Iteration:  00000003   DeltaT:  1.597E-07   Iter/sec:  4.495E-02
 Iteration:  00000004   DeltaT:  1.597E-07   Iter/sec:  1.233E-01
 Iteration:  00000005   DeltaT:  1.597E-07   Iter/sec:  1.229E-01
 Iteration:  00000006   DeltaT:  1.597E-07   Iter/sec:  1.199E-01
 Iteration:  00000007   DeltaT:  1.597E-07   Iter/sec:  1.261E-01
 Iteration:  00000008   DeltaT:  1.597E-07   Iter/sec:  1.204E-01
 Iteration:  00000009   DeltaT:  1.597E-07   Iter/sec:  1.261E-01
 Iteration:  00000010   DeltaT:  1.597E-07   Iter/sec:  1.207E-01
 Iteration:  00000011   DeltaT:  1.597E-07   Iter/sec:  1.231E-01
 Iteration:  00000012   DeltaT:  1.597E-07   Iter/sec:  1.270E-01
 Iteration:  00000013   DeltaT:  1.597E-07   Iter/sec:  1.205E-01
 Iteration:  00000014   DeltaT:  1.597E-07   Iter/sec:  1.228E-01
 Iteration:  00000015   DeltaT:  1.597E-07   Iter/sec:  1.241E-01
 Iteration:  00000016   DeltaT:  1.597E-07   Iter/sec:  1.225E-01
 Iteration:  00000017   DeltaT:  1.597E-07   Iter/sec:  1.203E-01
 Iteration:  00000018   DeltaT:  1.597E-07   Iter/sec:  1.138E-01
 Iteration:  00000019   DeltaT:  1.597E-07   Iter/sec:  1.249E-01
 Iteration:  00000020   DeltaT:  1.597E-07   Iter/sec:  1.225E-01
 Iteration:  00000021   DeltaT:  1.597E-07   Iter/sec:  1.259E-01
 Iteration:  00000022   DeltaT:  1.597E-07   Iter/sec:  1.222E-01
 Iteration:  00000023   DeltaT:  1.597E-07   Iter/sec:  1.210E-01
 Iteration:  00000024   DeltaT:  1.597E-07   Iter/sec:  1.184E-01
 Iteration:  00000025   DeltaT:  1.597E-07   Iter/sec:  1.262E-01
 Iteration:  00000026   DeltaT:  1.597E-07   Iter/sec:  1.205E-01
 Iteration:  00000027   DeltaT:  1.597E-07   Iter/sec:  1.219E-01
 Iteration:  00000028   DeltaT:  1.597E-07   Iter/sec:  1.236E-01
 Iteration:  00000029   DeltaT:  1.597E-07   Iter/sec:  1.248E-01
 Iteration:  00000030   DeltaT:  1.597E-07   Iter/sec:  1.197E-01
 Iteration:  00000031   DeltaT:  1.597E-07   Iter/sec:  1.253E-01
 Iteration:  00000032   DeltaT:  1.597E-07   Iter/sec:  1.177E-01
 Iteration:  00000033   DeltaT:  1.597E-07   Iter/sec:  1.263E-01
 Iteration:  00000034   DeltaT:  1.597E-07   Iter/sec:  1.203E-01
 Iteration:  00000035   DeltaT:  1.597E-07   Iter/sec:  1.194E-01
 Iteration:  00000036   DeltaT:  1.597E-07   Iter/sec:  1.279E-01
 Iteration:  00000037   DeltaT:  1.597E-07   Iter/sec:  1.210E-01
 Iteration:  00000038   DeltaT:  1.597E-07   Iter/sec:  1.230E-01
 Iteration:  00000039   DeltaT:  1.597E-07   Iter/sec:  1.230E-01
 Iteration:  00000040   DeltaT:  1.597E-07   Iter/sec:  1.211E-01
 Iteration:  00000041   DeltaT:  1.597E-07   Iter/sec:  1.238E-01
 Iteration:  00000042   DeltaT:  1.597E-07   Iter/sec:  1.161E-01
 Iteration:  00000043   DeltaT:  1.597E-07   Iter/sec:  1.254E-01
 Iteration:  00000044   DeltaT:  1.597E-07   Iter/sec:  1.256E-01
 Iteration:  00000045   DeltaT:  1.597E-07   Iter/sec:  1.253E-01
 Iteration:  00000046   DeltaT:  1.597E-07   Iter/sec:  1.205E-01
 Iteration:  00000047   DeltaT:  1.597E-07   Iter/sec:  1.217E-01
 Iteration:  00000048   DeltaT:  1.597E-07   Iter/sec:  1.244E-01
 Iteration:  00000049   DeltaT:  1.597E-07   Iter/sec:  1.185E-01
 Iteration:  00000050   DeltaT:  1.597E-07   Iter/sec:  1.194E-01


//////////////////////////////////////////////
   Measured Timings for Process 0  (seconds)

 Elapsed time:       437.2599
  Column time:        82.5564
     Row time:       155.4733
Legendre time:        52.9295
     FFT time:        16.4577
   Solve time:        28.1004
    rlma time:         6.6311
    rlmb time:         3.1528
  pspace time:        29.4820
  psolve time:        57.0622
    dphi time:         0.9716
captured time:       432.8170

     iter/sec:         0.1143
//////////////////////////////////////////////
