 //////////////////////////////////////
 Initializating Rayleigh...

 -- Initalizing MPI...
 ---- Specified parameters:
 ---- NCPU  :    512
 ---- NPROW :     32
 ---- NPCOL :     16
 -- MPI initialized.


 -- Initalizing Grid...
 ---- Specified parameters ----
 ---- N_R                 :    256
 ---- N_THETA             :    768
 ---- Ell_MAX             :    511
 ---- R_MIN               :  5.38462E-01
 ---- R_MAX               :  1.53846E+00
 ---- Chebyshev Domains   :      1

        Domain 1
          Grid points           :  256
          Dealiased Polynomials :  170
          Domain Lower Bound    :  5.38462E-01
          Domain Upper Bound    :  1.53846E+00

 -- Grid initialized.

 -- Initalizing Reference State...
 ---- Specified parameters:
 ---- Reference type           :  Boussinesq (Non-dimensional)
 ---- Rayleigh Number          :  1.00000E+05
 ---- Ekman Number             :  1.00000E-03
 ---- Prandtl Number           :  1.00000E+00
 ---- Magnetic Prandtl Number  :  5.00000E+00
 -- Reference State initialized.

 -- Initializing Fields...
 ---- Specified parameters:
 ---- Hydro Init Type    : Benchmark (Christensen et al. 2001)
 ---- Magnetic Init Type : Benchmark (Christensen et al. 2001)
 -- Fields initialized.

 Initialization Complete.
 //////////////////////////////////////

 Timestep has changed from  0.00000E+00 to  1.00000E-04.
 Iteration:  00000001   DeltaT:  1.000E-04   Iter/sec:  0.000E+00
 Timestep has changed from  1.00000E-04 to  6.38929E-07.
 Iteration:  00000002   DeltaT:  6.389E-07   Iter/sec:  2.787E-01
 Iteration:  00000003   DeltaT:  6.389E-07   Iter/sec:  3.545E-01
 Iteration:  00000004   DeltaT:  6.389E-07   Iter/sec:  6.451E-01
 Iteration:  00000005   DeltaT:  6.389E-07   Iter/sec:  6.365E-01
 Iteration:  00000006   DeltaT:  6.389E-07   Iter/sec:  6.192E-01
 Iteration:  00000007   DeltaT:  6.389E-07   Iter/sec:  6.469E-01
 Iteration:  00000008   DeltaT:  6.389E-07   Iter/sec:  6.258E-01
 Iteration:  00000009   DeltaT:  6.389E-07   Iter/sec:  6.478E-01
 Iteration:  00000010   DeltaT:  6.389E-07   Iter/sec:  6.010E-01
 Iteration:  00000011   DeltaT:  6.389E-07   Iter/sec:  6.705E-01
 Iteration:  00000012   DeltaT:  6.389E-07   Iter/sec:  6.260E-01
 Iteration:  00000013   DeltaT:  6.389E-07   Iter/sec:  6.111E-01
 Iteration:  00000014   DeltaT:  6.389E-07   Iter/sec:  6.205E-01
 Iteration:  00000015   DeltaT:  6.389E-07   Iter/sec:  6.232E-01
 Iteration:  00000016   DeltaT:  6.389E-07   Iter/sec:  6.567E-01
 Iteration:  00000017   DeltaT:  6.389E-07   Iter/sec:  6.361E-01
 Iteration:  00000018   DeltaT:  6.389E-07   Iter/sec:  6.187E-01
 Iteration:  00000019   DeltaT:  6.389E-07   Iter/sec:  6.182E-01
 Iteration:  00000020   DeltaT:  6.389E-07   Iter/sec:  6.586E-01
 Iteration:  00000021   DeltaT:  6.389E-07   Iter/sec:  6.399E-01
 Iteration:  00000022   DeltaT:  6.389E-07   Iter/sec:  6.260E-01
 Iteration:  00000023   DeltaT:  6.389E-07   Iter/sec:  6.125E-01
 Iteration:  00000024   DeltaT:  6.389E-07   Iter/sec:  6.513E-01
 Iteration:  00000025   DeltaT:  6.389E-07   Iter/sec:  6.694E-01
 Iteration:  00000026   DeltaT:  6.389E-07   Iter/sec:  6.179E-01
 Iteration:  00000027   DeltaT:  6.389E-07   Iter/sec:  6.383E-01
 Iteration:  00000028   DeltaT:  6.389E-07   Iter/sec:  6.239E-01
 Iteration:  00000029   DeltaT:  6.389E-07   Iter/sec:  6.473E-01
 Iteration:  00000030   DeltaT:  6.389E-07   Iter/sec:  6.060E-01
 Iteration:  00000031   DeltaT:  6.389E-07   Iter/sec:  6.353E-01
 Iteration:  00000032   DeltaT:  6.389E-07   Iter/sec:  6.397E-01
 Iteration:  00000033   DeltaT:  6.389E-07   Iter/sec:  6.663E-01
 Iteration:  00000034   DeltaT:  6.389E-07   Iter/sec:  6.030E-01
 Iteration:  00000035   DeltaT:  6.389E-07   Iter/sec:  6.191E-01
 Iteration:  00000036   DeltaT:  6.389E-07   Iter/sec:  6.422E-01
 Iteration:  00000037   DeltaT:  6.389E-07   Iter/sec:  6.583E-01
 Iteration:  00000038   DeltaT:  6.389E-07   Iter/sec:  6.212E-01
 Iteration:  00000039   DeltaT:  6.389E-07   Iter/sec:  6.053E-01
 Iteration:  00000040   DeltaT:  6.389E-07   Iter/sec:  6.720E-01
 Iteration:  00000041   DeltaT:  6.389E-07   Iter/sec:  6.225E-01
 Iteration:  00000042   DeltaT:  6.389E-07   Iter/sec:  5.962E-01
 Iteration:  00000043   DeltaT:  6.389E-07   Iter/sec:  6.286E-01
 Iteration:  00000044   DeltaT:  6.389E-07   Iter/sec:  6.699E-01
 Iteration:  00000045   DeltaT:  6.389E-07   Iter/sec:  6.269E-01
 Iteration:  00000046   DeltaT:  6.389E-07   Iter/sec:  5.979E-01
 Iteration:  00000047   DeltaT:  6.389E-07   Iter/sec:  6.354E-01
 Iteration:  00000048   DeltaT:  6.389E-07   Iter/sec:  6.593E-01
 Iteration:  00000049   DeltaT:  6.389E-07   Iter/sec:  6.485E-01
 Iteration:  00000050   DeltaT:  6.389E-07   Iter/sec:  6.321E-01


//////////////////////////////////////////////
   Measured Timings for Process 0  (seconds)

 Elapsed time:        81.5544
  Column time:        19.8435
     Row time:        24.8620
Legendre time:         9.4967
     FFT time:         3.7890
   Solve time:         3.7651
    rlma time:         1.3078
    rlmb time:         0.6830
  pspace time:         7.9381
  psolve time:         8.8972
    dphi time:         0.2851
captured time:        80.8674

     iter/sec:         0.6131
//////////////////////////////////////////////
