 //////////////////////////////////////
 Initializating Rayleigh...

 -- Initalizing MPI...
 ---- Specified parameters:
 ---- NCPU  :   1024
 ---- NPROW :     64
 ---- NPCOL :     16
 -- MPI initialized.


 -- Initalizing Grid...
 ---- Specified parameters ----
 ---- N_R                 :    256
 ---- N_THETA             :    768
 ---- Ell_MAX             :    511
 ---- R_MIN               :  5.38462E-01
 ---- R_MAX               :  1.53846E+00
 ---- Chebyshev Domains   :      1

        Domain 1
          Grid points           :  256
          Dealiased Polynomials :  170
          Domain Lower Bound    :  5.38462E-01
          Domain Upper Bound    :  1.53846E+00

 -- Grid initialized.

 -- Initalizing Reference State...
 ---- Specified parameters:
 ---- Reference type           :  Boussinesq (Non-dimensional)
 ---- Rayleigh Number          :  1.00000E+05
 ---- Ekman Number             :  1.00000E-03
 ---- Prandtl Number           :  1.00000E+00
 ---- Magnetic Prandtl Number  :  5.00000E+00
 -- Reference State initialized.

 -- Initializing Fields...
 ---- Specified parameters:
 ---- Hydro Init Type    : Benchmark (Christensen et al. 2001)
 ---- Magnetic Init Type : Benchmark (Christensen et al. 2001)
 -- Fields initialized.

 Initialization Complete.
 //////////////////////////////////////

 Timestep has changed from  0.00000E+00 to  1.00000E-04.
 Iteration:  00000001   DeltaT:  1.000E-04   Iter/sec:  0.000E+00
 Timestep has changed from  1.00000E-04 to  6.38929E-07.
 Iteration:  00000002   DeltaT:  6.389E-07   Iter/sec:  3.750E-01
 Iteration:  00000003   DeltaT:  6.389E-07   Iter/sec:  4.467E-01
 Iteration:  00000004   DeltaT:  6.389E-07   Iter/sec:  1.018E+00
 Iteration:  00000005   DeltaT:  6.389E-07   Iter/sec:  1.084E+00
 Iteration:  00000006   DeltaT:  6.389E-07   Iter/sec:  1.020E+00
 Iteration:  00000007   DeltaT:  6.389E-07   Iter/sec:  1.111E+00
 Iteration:  00000008   DeltaT:  6.389E-07   Iter/sec:  1.120E+00
 Iteration:  00000009   DeltaT:  6.389E-07   Iter/sec:  1.037E+00
 Iteration:  00000010   DeltaT:  6.389E-07   Iter/sec:  9.229E-01
 Iteration:  00000011   DeltaT:  6.389E-07   Iter/sec:  1.153E+00
 Iteration:  00000012   DeltaT:  6.389E-07   Iter/sec:  1.024E+00
 Iteration:  00000013   DeltaT:  6.389E-07   Iter/sec:  1.032E+00
 Iteration:  00000014   DeltaT:  6.389E-07   Iter/sec:  1.083E+00
 Iteration:  00000015   DeltaT:  6.389E-07   Iter/sec:  1.075E+00
 Iteration:  00000016   DeltaT:  6.389E-07   Iter/sec:  9.448E-01
 Iteration:  00000017   DeltaT:  6.389E-07   Iter/sec:  1.144E+00
 Iteration:  00000018   DeltaT:  6.389E-07   Iter/sec:  1.053E+00
 Iteration:  00000019   DeltaT:  6.389E-07   Iter/sec:  1.029E+00
 Iteration:  00000020   DeltaT:  6.389E-07   Iter/sec:  1.021E+00
 Iteration:  00000021   DeltaT:  6.389E-07   Iter/sec:  1.031E+00
 Iteration:  00000022   DeltaT:  6.389E-07   Iter/sec:  9.961E-01
 Iteration:  00000023   DeltaT:  6.389E-07   Iter/sec:  1.027E+00
 Iteration:  00000024   DeltaT:  6.389E-07   Iter/sec:  9.682E-01
 Iteration:  00000025   DeltaT:  6.389E-07   Iter/sec:  1.026E+00
 Iteration:  00000026   DeltaT:  6.389E-07   Iter/sec:  1.035E+00
 Iteration:  00000027   DeltaT:  6.389E-07   Iter/sec:  1.003E+00
 Iteration:  00000028   DeltaT:  6.389E-07   Iter/sec:  1.112E+00
 Iteration:  00000029   DeltaT:  6.389E-07   Iter/sec:  9.961E-01
 Iteration:  00000030   DeltaT:  6.389E-07   Iter/sec:  8.941E-01
 Iteration:  00000031   DeltaT:  6.389E-07   Iter/sec:  1.167E+00
 Iteration:  00000032   DeltaT:  6.389E-07   Iter/sec:  9.426E-01
 Iteration:  00000033   DeltaT:  6.389E-07   Iter/sec:  1.038E+00
 Iteration:  00000034   DeltaT:  6.389E-07   Iter/sec:  1.000E+00
 Iteration:  00000035   DeltaT:  6.389E-07   Iter/sec:  9.926E-01
 Iteration:  00000036   DeltaT:  6.389E-07   Iter/sec:  1.163E+00
 Iteration:  00000037   DeltaT:  6.389E-07   Iter/sec:  9.574E-01
 Iteration:  00000038   DeltaT:  6.389E-07   Iter/sec:  9.910E-01
 Iteration:  00000039   DeltaT:  6.389E-07   Iter/sec:  1.088E+00
 Iteration:  00000040   DeltaT:  6.389E-07   Iter/sec:  1.062E+00
 Iteration:  00000041   DeltaT:  6.389E-07   Iter/sec:  9.901E-01
 Iteration:  00000042   DeltaT:  6.389E-07   Iter/sec:  1.054E+00
 Iteration:  00000043   DeltaT:  6.389E-07   Iter/sec:  1.062E+00
 Iteration:  00000044   DeltaT:  6.389E-07   Iter/sec:  9.947E-01
 Iteration:  00000045   DeltaT:  6.389E-07   Iter/sec:  1.051E+00
 Iteration:  00000046   DeltaT:  6.389E-07   Iter/sec:  8.791E-01
 Iteration:  00000047   DeltaT:  6.389E-07   Iter/sec:  1.136E+00
 Iteration:  00000048   DeltaT:  6.389E-07   Iter/sec:  1.071E+00
 Iteration:  00000049   DeltaT:  6.389E-07   Iter/sec:  9.505E-01
 Iteration:  00000050   DeltaT:  6.389E-07   Iter/sec:  1.148E+00


//////////////////////////////////////////////
   Measured Timings for Process 0  (seconds)

 Elapsed time:        50.9402
  Column time:        12.7627
     Row time:        17.8304
Legendre time:         4.7021
     FFT time:         1.8889
   Solve time:         3.0282
    rlma time:         0.5390
    rlmb time:         0.2599
  pspace time:         3.7603
  psolve time:         5.6730
    dphi time:         0.1492
captured time:        50.5937

     iter/sec:         0.9815
//////////////////////////////////////////////
