 //////////////////////////////////////
 Initializating Rayleigh...

 -- Initalizing MPI...
 ---- Specified parameters:
 ---- NCPU  :   4096
 ---- NPROW :    128
 ---- NPCOL :     32
 -- MPI initialized.


 -- Initalizing Grid...
 ---- Specified parameters ----
 ---- N_R                 :    512
 ---- N_THETA             :   1536
 ---- Ell_MAX             :   1023
 ---- R_MIN               :  5.38462E-01
 ---- R_MAX               :  1.53846E+00
 ---- Chebyshev Domains   :      1

        Domain 1
          Grid points           :  512
          Dealiased Polynomials :  341
          Domain Lower Bound    :  5.38462E-01
          Domain Upper Bound    :  1.53846E+00

 -- Grid initialized.

 -- Initalizing Reference State...
 ---- Specified parameters:
 ---- Reference type           :  Boussinesq (Non-dimensional)
 ---- Rayleigh Number          :  1.00000E+05
 ---- Ekman Number             :  1.00000E-03
 ---- Prandtl Number           :  1.00000E+00
 ---- Magnetic Prandtl Number  :  5.00000E+00
 -- Reference State initialized.

 -- Initializing Fields...
 ---- Specified parameters:
 ---- Hydro Init Type    : Benchmark (Christensen et al. 2001)
 ---- Magnetic Init Type : Benchmark (Christensen et al. 2001)
 -- Fields initialized.

 Initialization Complete.
 //////////////////////////////////////

 Timestep has changed from  0.00000E+00 to  1.00000E-04.
 Iteration:  00000001   DeltaT:  1.000E-04   Iter/sec:  0.000E+00
 Timestep has changed from  1.00000E-04 to  1.59733E-07.
 Iteration:  00000002   DeltaT:  1.597E-07   Iter/sec:  8.303E-02
 Iteration:  00000003   DeltaT:  1.597E-07   Iter/sec:  1.034E-01
 Iteration:  00000004   DeltaT:  1.597E-07   Iter/sec:  4.010E-01
 Iteration:  00000005   DeltaT:  1.597E-07   Iter/sec:  3.933E-01
 Iteration:  00000006   DeltaT:  1.597E-07   Iter/sec:  4.006E-01
 Iteration:  00000007   DeltaT:  1.597E-07   Iter/sec:  3.999E-01
 Iteration:  00000008   DeltaT:  1.597E-07   Iter/sec:  3.987E-01
 Iteration:  00000009   DeltaT:  1.597E-07   Iter/sec:  3.980E-01
 Iteration:  00000010   DeltaT:  1.597E-07   Iter/sec:  3.982E-01
 Iteration:  00000011   DeltaT:  1.597E-07   Iter/sec:  4.050E-01
 Iteration:  00000012   DeltaT:  1.597E-07   Iter/sec:  3.961E-01
 Iteration:  00000013   DeltaT:  1.597E-07   Iter/sec:  4.092E-01
 Iteration:  00000014   DeltaT:  1.597E-07   Iter/sec:  3.905E-01
 Iteration:  00000015   DeltaT:  1.597E-07   Iter/sec:  4.019E-01
 Iteration:  00000016   DeltaT:  1.597E-07   Iter/sec:  4.116E-01
 Iteration:  00000017   DeltaT:  1.597E-07   Iter/sec:  3.840E-01
 Iteration:  00000018   DeltaT:  1.597E-07   Iter/sec:  4.023E-01
 Iteration:  00000019   DeltaT:  1.597E-07   Iter/sec:  3.982E-01
 Iteration:  00000020   DeltaT:  1.597E-07   Iter/sec:  3.964E-01
 Iteration:  00000021   DeltaT:  1.597E-07   Iter/sec:  3.957E-01
 Iteration:  00000022   DeltaT:  1.597E-07   Iter/sec:  4.025E-01
 Iteration:  00000023   DeltaT:  1.597E-07   Iter/sec:  4.021E-01
 Iteration:  00000024   DeltaT:  1.597E-07   Iter/sec:  4.024E-01
 Iteration:  00000025   DeltaT:  1.597E-07   Iter/sec:  3.932E-01
 Iteration:  00000026   DeltaT:  1.597E-07   Iter/sec:  4.028E-01
 Iteration:  00000027   DeltaT:  1.597E-07   Iter/sec:  3.950E-01
 Iteration:  00000028   DeltaT:  1.597E-07   Iter/sec:  3.989E-01
 Iteration:  00000029   DeltaT:  1.597E-07   Iter/sec:  4.044E-01
 Iteration:  00000030   DeltaT:  1.597E-07   Iter/sec:  3.985E-01
 Iteration:  00000031   DeltaT:  1.597E-07   Iter/sec:  3.929E-01
 Iteration:  00000032   DeltaT:  1.597E-07   Iter/sec:  4.005E-01
 Iteration:  00000033   DeltaT:  1.597E-07   Iter/sec:  3.908E-01
 Iteration:  00000034   DeltaT:  1.597E-07   Iter/sec:  3.949E-01
 Iteration:  00000035   DeltaT:  1.597E-07   Iter/sec:  4.010E-01
 Iteration:  00000036   DeltaT:  1.597E-07   Iter/sec:  3.889E-01
 Iteration:  00000037   DeltaT:  1.597E-07   Iter/sec:  3.985E-01
 Iteration:  00000038   DeltaT:  1.597E-07   Iter/sec:  4.031E-01
 Iteration:  00000039   DeltaT:  1.597E-07   Iter/sec:  3.876E-01
 Iteration:  00000040   DeltaT:  1.597E-07   Iter/sec:  4.007E-01
 Iteration:  00000041   DeltaT:  1.597E-07   Iter/sec:  3.901E-01
 Iteration:  00000042   DeltaT:  1.597E-07   Iter/sec:  4.065E-01
 Iteration:  00000043   DeltaT:  1.597E-07   Iter/sec:  3.950E-01
 Iteration:  00000044   DeltaT:  1.597E-07   Iter/sec:  3.995E-01
 Iteration:  00000045   DeltaT:  1.597E-07   Iter/sec:  3.919E-01
 Iteration:  00000046   DeltaT:  1.597E-07   Iter/sec:  4.018E-01
 Iteration:  00000047   DeltaT:  1.597E-07   Iter/sec:  3.999E-01
 Iteration:  00000048   DeltaT:  1.597E-07   Iter/sec:  4.082E-01
 Iteration:  00000049   DeltaT:  1.597E-07   Iter/sec:  3.949E-01
 Iteration:  00000050   DeltaT:  1.597E-07   Iter/sec:  4.082E-01


//////////////////////////////////////////////
   Measured Timings for Process 0  (seconds)

 Elapsed time:       140.0413
  Column time:        36.0358
     Row time:        40.1522
Legendre time:        13.9289
     FFT time:         4.2392
   Solve time:        12.1026
    rlma time:         1.2310
    rlmb time:         0.6658
  pspace time:         8.6538
  psolve time:        21.6145
    dphi time:         0.4071
captured time:       139.0308

     iter/sec:         0.3570
//////////////////////////////////////////////
