 //////////////////////////////////////
 Initializating Rayleigh...

 -- Initalizing MPI...
 ---- Specified parameters:
 ---- NCPU  :    128
 ---- NPROW :     16
 ---- NPCOL :      8
 -- MPI initialized.


 -- Initalizing Grid...
 ---- Specified parameters ----
 ---- N_R                 :     64
 ---- N_THETA             :    384
 ---- Ell_MAX             :    255
 ---- R_MIN               :  5.38462E-01
 ---- R_MAX               :  1.53846E+00
 ---- Chebyshev Domains   :      1

        Domain 1
          Grid points           :  64
          Dealiased Polynomials :  42
          Domain Lower Bound    :  5.38462E-01
          Domain Upper Bound    :  1.53846E+00

 -- Grid initialized.

 -- Initalizing Reference State...
 ---- Specified parameters:
 ---- Reference type           :  Boussinesq (Non-dimensional)
 ---- Rayleigh Number          :  1.00000E+05
 ---- Ekman Number             :  1.00000E-03
 ---- Prandtl Number           :  1.00000E+00
 ---- Magnetic Prandtl Number  :  5.00000E+00
 -- Reference State initialized.

 -- Initializing Fields...
 ---- Specified parameters:
 ---- Hydro Init Type    : Benchmark (Christensen et al. 2001)
 ---- Magnetic Init Type : Benchmark (Christensen et al. 2001)
 -- Fields initialized.

 Initialization Complete.
 //////////////////////////////////////

 Timestep has changed from  0.00000E+00 to  1.00000E-04.
 Iteration:  00000001   DeltaT:  1.000E-04   Iter/sec:  0.000E+00
 Timestep has changed from  1.00000E-04 to  1.02211E-05.
 Iteration:  00000002   DeltaT:  1.022E-05   Iter/sec:  2.480E-01
 Iteration:  00000003   DeltaT:  1.022E-05   Iter/sec:  3.072E+00
 Iteration:  00000004   DeltaT:  1.022E-05   Iter/sec:  3.428E+00
 Iteration:  00000005   DeltaT:  1.022E-05   Iter/sec:  3.387E+00
 Iteration:  00000006   DeltaT:  1.022E-05   Iter/sec:  3.456E+00
 Iteration:  00000007   DeltaT:  1.022E-05   Iter/sec:  3.439E+00
 Iteration:  00000008   DeltaT:  1.022E-05   Iter/sec:  3.388E+00
 Iteration:  00000009   DeltaT:  1.022E-05   Iter/sec:  3.344E+00
 Iteration:  00000010   DeltaT:  1.022E-05   Iter/sec:  3.400E+00
 Iteration:  00000011   DeltaT:  1.022E-05   Iter/sec:  3.386E+00
 Iteration:  00000012   DeltaT:  1.022E-05   Iter/sec:  3.249E+00
 Iteration:  00000013   DeltaT:  1.022E-05   Iter/sec:  3.393E+00
 Iteration:  00000014   DeltaT:  1.022E-05   Iter/sec:  3.401E+00
 Iteration:  00000015   DeltaT:  1.022E-05   Iter/sec:  3.409E+00
 Iteration:  00000016   DeltaT:  1.022E-05   Iter/sec:  3.225E+00
 Iteration:  00000017   DeltaT:  1.022E-05   Iter/sec:  3.272E+00
 Iteration:  00000018   DeltaT:  1.022E-05   Iter/sec:  3.428E+00
 Iteration:  00000019   DeltaT:  1.022E-05   Iter/sec:  3.269E+00
 Iteration:  00000020   DeltaT:  1.022E-05   Iter/sec:  3.506E+00
 Iteration:  00000021   DeltaT:  1.022E-05   Iter/sec:  3.439E+00
 Iteration:  00000022   DeltaT:  1.022E-05   Iter/sec:  3.331E+00
 Iteration:  00000023   DeltaT:  1.022E-05   Iter/sec:  3.478E+00
 Iteration:  00000024   DeltaT:  1.022E-05   Iter/sec:  3.301E+00
 Iteration:  00000025   DeltaT:  1.022E-05   Iter/sec:  3.404E+00
 Iteration:  00000026   DeltaT:  1.022E-05   Iter/sec:  3.221E+00
 Iteration:  00000027   DeltaT:  1.022E-05   Iter/sec:  3.285E+00
 Iteration:  00000028   DeltaT:  1.022E-05   Iter/sec:  3.222E+00
 Iteration:  00000029   DeltaT:  1.022E-05   Iter/sec:  3.439E+00
 Iteration:  00000030   DeltaT:  1.022E-05   Iter/sec:  3.454E+00
 Iteration:  00000031   DeltaT:  1.022E-05   Iter/sec:  3.455E+00
 Iteration:  00000032   DeltaT:  1.022E-05   Iter/sec:  3.213E+00
 Iteration:  00000033   DeltaT:  1.022E-05   Iter/sec:  3.185E+00
 Iteration:  00000034   DeltaT:  1.022E-05   Iter/sec:  2.983E+00
 Iteration:  00000035   DeltaT:  1.022E-05   Iter/sec:  3.074E+00
 Iteration:  00000036   DeltaT:  1.022E-05   Iter/sec:  3.165E+00
 Iteration:  00000037   DeltaT:  1.022E-05   Iter/sec:  2.950E+00
 Iteration:  00000038   DeltaT:  1.022E-05   Iter/sec:  3.109E+00
 Iteration:  00000039   DeltaT:  1.022E-05   Iter/sec:  3.095E+00
 Iteration:  00000040   DeltaT:  1.022E-05   Iter/sec:  3.284E+00
 Iteration:  00000041   DeltaT:  1.022E-05   Iter/sec:  3.202E+00
 Iteration:  00000042   DeltaT:  1.022E-05   Iter/sec:  3.035E+00
 Iteration:  00000043   DeltaT:  1.022E-05   Iter/sec:  3.436E+00
 Iteration:  00000044   DeltaT:  1.022E-05   Iter/sec:  3.113E+00
 Iteration:  00000045   DeltaT:  1.022E-05   Iter/sec:  3.039E+00
 Iteration:  00000046   DeltaT:  1.022E-05   Iter/sec:  3.208E+00
 Iteration:  00000047   DeltaT:  1.022E-05   Iter/sec:  3.148E+00
 Iteration:  00000048   DeltaT:  1.022E-05   Iter/sec:  2.973E+00
 Iteration:  00000049   DeltaT:  1.022E-05   Iter/sec:  3.215E+00
 Iteration:  00000050   DeltaT:  1.022E-05   Iter/sec:  3.431E+00


//////////////////////////////////////////////
   Measured Timings for Process 0  (seconds)

 Elapsed time:        15.7513
  Column time:         2.4719
     Row time:         4.6156
Legendre time:         2.6899
     FFT time:         0.9697
   Solve time:         0.2797
    rlma time:         0.1967
    rlmb time:         0.0734
  pspace time:         2.1902
  psolve time:         1.4952
    dphi time:         0.1341
captured time:        15.1164

     iter/sec:         3.1108
//////////////////////////////////////////////
