 //////////////////////////////////////
 Initializating Rayleigh...

 -- Initalizing MPI...
 ---- Specified parameters:
 ---- NCPU  :     64
 ---- NPROW :      8
 ---- NPCOL :      8
 -- MPI initialized.


 -- Initalizing Grid...
 ---- Specified parameters ----
 ---- N_R                 :     64
 ---- N_THETA             :    192
 ---- Ell_MAX             :    127
 ---- R_MIN               :  5.38462E-01
 ---- R_MAX               :  1.53846E+00
 ---- Chebyshev Domains   :      1

        Domain 1
          Grid points           :  64
          Dealiased Polynomials :  42
          Domain Lower Bound    :  5.38462E-01
          Domain Upper Bound    :  1.53846E+00

 -- Grid initialized.

 -- Initalizing Reference State...
 ---- Specified parameters:
 ---- Reference type           :  Boussinesq (Non-dimensional)
 ---- Rayleigh Number          :  1.00000E+05
 ---- Ekman Number             :  1.00000E-03
 ---- Prandtl Number           :  1.00000E+00
 ---- Magnetic Prandtl Number  :  5.00000E+00
 -- Reference State initialized.

 -- Initializing Fields...
 ---- Specified parameters:
 ---- Hydro Init Type    : Benchmark (Christensen et al. 2001)
 ---- Magnetic Init Type : Benchmark (Christensen et al. 2001)
 -- Fields initialized.

 Initialization Complete.
 //////////////////////////////////////

 Timestep has changed from  0.00000E+00 to  1.00000E-04.
 Iteration:  00000001   DeltaT:  1.000E-04   Iter/sec:  0.000E+00
 Timestep has changed from  1.00000E-04 to  1.02217E-05.
 Iteration:  00000002   DeltaT:  1.022E-05   Iter/sec:  4.056E-01
 Iteration:  00000003   DeltaT:  1.022E-05   Iter/sec:  7.509E+00
 Iteration:  00000004   DeltaT:  1.022E-05   Iter/sec:  8.670E+00
 Iteration:  00000005   DeltaT:  1.022E-05   Iter/sec:  7.708E+00
 Iteration:  00000006   DeltaT:  1.022E-05   Iter/sec:  8.929E+00
 Iteration:  00000007   DeltaT:  1.022E-05   Iter/sec:  8.780E+00
 Iteration:  00000008   DeltaT:  1.022E-05   Iter/sec:  8.618E+00
 Iteration:  00000009   DeltaT:  1.022E-05   Iter/sec:  8.395E+00
 Iteration:  00000010   DeltaT:  1.022E-05   Iter/sec:  8.746E+00
 Iteration:  00000011   DeltaT:  1.022E-05   Iter/sec:  8.725E+00
 Iteration:  00000012   DeltaT:  1.022E-05   Iter/sec:  8.728E+00
 Iteration:  00000013   DeltaT:  1.022E-05   Iter/sec:  8.658E+00
 Iteration:  00000014   DeltaT:  1.022E-05   Iter/sec:  8.639E+00
 Iteration:  00000015   DeltaT:  1.022E-05   Iter/sec:  8.743E+00
 Iteration:  00000016   DeltaT:  1.022E-05   Iter/sec:  8.750E+00
 Iteration:  00000017   DeltaT:  1.022E-05   Iter/sec:  8.057E+00
 Iteration:  00000018   DeltaT:  1.022E-05   Iter/sec:  8.987E+00
 Iteration:  00000019   DeltaT:  1.022E-05   Iter/sec:  8.979E+00
 Iteration:  00000020   DeltaT:  1.022E-05   Iter/sec:  8.590E+00
 Iteration:  00000021   DeltaT:  1.022E-05   Iter/sec:  8.907E+00
 Iteration:  00000022   DeltaT:  1.022E-05   Iter/sec:  7.910E+00
 Iteration:  00000023   DeltaT:  1.022E-05   Iter/sec:  9.098E+00
 Iteration:  00000024   DeltaT:  1.022E-05   Iter/sec:  8.975E+00
 Iteration:  00000025   DeltaT:  1.022E-05   Iter/sec:  8.515E+00
 Iteration:  00000026   DeltaT:  1.022E-05   Iter/sec:  9.181E+00
 Iteration:  00000027   DeltaT:  1.022E-05   Iter/sec:  8.958E+00
 Iteration:  00000028   DeltaT:  1.022E-05   Iter/sec:  9.179E+00
 Iteration:  00000029   DeltaT:  1.022E-05   Iter/sec:  9.032E+00
 Iteration:  00000030   DeltaT:  1.022E-05   Iter/sec:  8.740E+00
 Iteration:  00000031   DeltaT:  1.022E-05   Iter/sec:  8.713E+00
 Iteration:  00000032   DeltaT:  1.022E-05   Iter/sec:  9.236E+00
 Iteration:  00000033   DeltaT:  1.022E-05   Iter/sec:  7.996E+00
 Iteration:  00000034   DeltaT:  1.022E-05   Iter/sec:  8.612E+00
 Iteration:  00000035   DeltaT:  1.022E-05   Iter/sec:  9.124E+00
 Iteration:  00000036   DeltaT:  1.022E-05   Iter/sec:  9.216E+00
 Iteration:  00000037   DeltaT:  1.022E-05   Iter/sec:  8.809E+00
 Iteration:  00000038   DeltaT:  1.022E-05   Iter/sec:  9.157E+00
 Iteration:  00000039   DeltaT:  1.022E-05   Iter/sec:  8.983E+00
 Iteration:  00000040   DeltaT:  1.022E-05   Iter/sec:  9.045E+00
 Iteration:  00000041   DeltaT:  1.022E-05   Iter/sec:  9.166E+00
 Iteration:  00000042   DeltaT:  1.022E-05   Iter/sec:  8.175E+00
 Iteration:  00000043   DeltaT:  1.022E-05   Iter/sec:  9.165E+00
 Iteration:  00000044   DeltaT:  1.022E-05   Iter/sec:  8.925E+00
 Iteration:  00000045   DeltaT:  1.022E-05   Iter/sec:  9.098E+00
 Iteration:  00000046   DeltaT:  1.022E-05   Iter/sec:  9.040E+00
 Iteration:  00000047   DeltaT:  1.022E-05   Iter/sec:  8.336E+00
 Iteration:  00000048   DeltaT:  1.022E-05   Iter/sec:  8.927E+00
 Iteration:  00000049   DeltaT:  1.022E-05   Iter/sec:  8.979E+00
 Iteration:  00000050   DeltaT:  1.022E-05   Iter/sec:  9.142E+00


//////////////////////////////////////////////
   Measured Timings for Process 0  (seconds)

 Elapsed time:         6.4007
  Column time:         0.6670
     Row time:         2.0481
Legendre time:         0.6906
     FFT time:         0.5029
   Solve time:         0.1598
    rlma time:         0.0844
    rlmb time:         0.0361
  pspace time:         0.8586
  psolve time:         0.5935
    dphi time:         0.0544
captured time:         5.6953

     iter/sec:         7.6554
//////////////////////////////////////////////
