 //////////////////////////////////////
 Initializating Rayleigh...

 -- Initalizing MPI...
 ---- Specified parameters:
 ---- NCPU  :     64
 ---- NPROW :      8
 ---- NPCOL :      8
 -- MPI initialized.


 -- Initalizing Grid...
 ---- Specified parameters ----
 ---- N_R                 :    128
 ---- N_THETA             :    384
 ---- Ell_MAX             :    255
 ---- R_MIN               :  5.38462E-01
 ---- R_MAX               :  1.53846E+00
 ---- Chebyshev Domains   :      1

        Domain 1
          Grid points           :  128
          Dealiased Polynomials :  85
          Domain Lower Bound    :  5.38462E-01
          Domain Upper Bound    :  1.53846E+00

 -- Grid initialized.

 -- Initalizing Reference State...
 ---- Specified parameters:
 ---- Reference type           :  Boussinesq (Non-dimensional)
 ---- Rayleigh Number          :  1.00000E+05
 ---- Ekman Number             :  1.00000E-03
 ---- Prandtl Number           :  1.00000E+00
 ---- Magnetic Prandtl Number  :  5.00000E+00
 -- Reference State initialized.

 -- Initializing Fields...
 ---- Specified parameters:
 ---- Hydro Init Type    : Benchmark (Christensen et al. 2001)
 ---- Magnetic Init Type : Benchmark (Christensen et al. 2001)
 -- Fields initialized.

 Initialization Complete.
 //////////////////////////////////////

 Timestep has changed from  0.00000E+00 to  1.00000E-04.
 Iteration:  00000001   DeltaT:  1.000E-04   Iter/sec:  0.000E+00
 Timestep has changed from  1.00000E-04 to  2.55566E-06.
 Iteration:  00000002   DeltaT:  2.556E-06   Iter/sec:  1.926E-01
 Iteration:  00000003   DeltaT:  2.556E-06   Iter/sec:  7.327E-01
 Iteration:  00000004   DeltaT:  2.556E-06   Iter/sec:  8.436E-01
 Iteration:  00000005   DeltaT:  2.556E-06   Iter/sec:  8.559E-01
 Iteration:  00000006   DeltaT:  2.556E-06   Iter/sec:  8.719E-01
 Iteration:  00000007   DeltaT:  2.556E-06   Iter/sec:  8.590E-01
 Iteration:  00000008   DeltaT:  2.556E-06   Iter/sec:  8.494E-01
 Iteration:  00000009   DeltaT:  2.556E-06   Iter/sec:  8.509E-01
 Iteration:  00000010   DeltaT:  2.556E-06   Iter/sec:  8.554E-01
 Iteration:  00000011   DeltaT:  2.556E-06   Iter/sec:  8.603E-01
 Iteration:  00000012   DeltaT:  2.556E-06   Iter/sec:  8.553E-01
 Iteration:  00000013   DeltaT:  2.556E-06   Iter/sec:  8.585E-01
 Iteration:  00000014   DeltaT:  2.556E-06   Iter/sec:  8.529E-01
 Iteration:  00000015   DeltaT:  2.556E-06   Iter/sec:  8.555E-01
 Iteration:  00000016   DeltaT:  2.556E-06   Iter/sec:  8.503E-01
 Iteration:  00000017   DeltaT:  2.556E-06   Iter/sec:  8.563E-01
 Iteration:  00000018   DeltaT:  2.556E-06   Iter/sec:  8.647E-01
 Iteration:  00000019   DeltaT:  2.556E-06   Iter/sec:  8.462E-01
 Iteration:  00000020   DeltaT:  2.556E-06   Iter/sec:  8.525E-01
 Iteration:  00000021   DeltaT:  2.556E-06   Iter/sec:  8.724E-01
 Iteration:  00000022   DeltaT:  2.556E-06   Iter/sec:  8.526E-01
 Iteration:  00000023   DeltaT:  2.556E-06   Iter/sec:  8.489E-01
 Iteration:  00000024   DeltaT:  2.556E-06   Iter/sec:  8.508E-01
 Iteration:  00000025   DeltaT:  2.556E-06   Iter/sec:  8.615E-01
 Iteration:  00000026   DeltaT:  2.556E-06   Iter/sec:  8.541E-01
 Iteration:  00000027   DeltaT:  2.556E-06   Iter/sec:  8.508E-01
 Iteration:  00000028   DeltaT:  2.556E-06   Iter/sec:  8.550E-01
 Iteration:  00000029   DeltaT:  2.556E-06   Iter/sec:  8.666E-01
 Iteration:  00000030   DeltaT:  2.556E-06   Iter/sec:  8.346E-01
 Iteration:  00000031   DeltaT:  2.556E-06   Iter/sec:  8.494E-01
 Iteration:  00000032   DeltaT:  2.556E-06   Iter/sec:  8.696E-01
 Iteration:  00000033   DeltaT:  2.556E-06   Iter/sec:  8.490E-01
 Iteration:  00000034   DeltaT:  2.556E-06   Iter/sec:  8.561E-01
 Iteration:  00000035   DeltaT:  2.556E-06   Iter/sec:  8.609E-01
 Iteration:  00000036   DeltaT:  2.556E-06   Iter/sec:  8.598E-01
 Iteration:  00000037   DeltaT:  2.556E-06   Iter/sec:  8.585E-01
 Iteration:  00000038   DeltaT:  2.556E-06   Iter/sec:  8.572E-01
 Iteration:  00000039   DeltaT:  2.556E-06   Iter/sec:  8.661E-01
 Iteration:  00000040   DeltaT:  2.556E-06   Iter/sec:  8.487E-01
 Iteration:  00000041   DeltaT:  2.556E-06   Iter/sec:  8.592E-01
 Iteration:  00000042   DeltaT:  2.556E-06   Iter/sec:  8.468E-01
 Iteration:  00000043   DeltaT:  2.556E-06   Iter/sec:  8.433E-01
 Iteration:  00000044   DeltaT:  2.556E-06   Iter/sec:  8.629E-01
 Iteration:  00000045   DeltaT:  2.556E-06   Iter/sec:  8.606E-01
 Iteration:  00000046   DeltaT:  2.556E-06   Iter/sec:  8.567E-01
 Iteration:  00000047   DeltaT:  2.556E-06   Iter/sec:  8.573E-01
 Iteration:  00000048   DeltaT:  2.556E-06   Iter/sec:  8.565E-01
 Iteration:  00000049   DeltaT:  2.556E-06   Iter/sec:  8.482E-01
 Iteration:  00000050   DeltaT:  2.556E-06   Iter/sec:  8.464E-01


//////////////////////////////////////////////
   Measured Timings for Process 0  (seconds)

 Elapsed time:        60.0130
  Column time:         5.0325
     Row time:        20.1677
Legendre time:        10.7122
     FFT time:         4.0107
   Solve time:         1.4166
    rlma time:         1.1804
    rlmb time:         0.4478
  pspace time:         7.9145
  psolve time:         6.7930
    dphi time:         0.3173
captured time:        57.9926

     iter/sec:         0.8165
//////////////////////////////////////////////
