 //////////////////////////////////////
 Initializating Rayleigh...

 -- Initalizing MPI...
 ---- Specified parameters:
 ---- NCPU  :    256
 ---- NPROW :     16
 ---- NPCOL :     16
 -- MPI initialized.


 -- Initalizing Grid...
 ---- Specified parameters ----
 ---- N_R                 :     64
 ---- N_THETA             :    768
 ---- Ell_MAX             :    511
 ---- R_MIN               :  5.38462E-01
 ---- R_MAX               :  1.53846E+00
 ---- Chebyshev Domains   :      1

        Domain 1
          Grid points           :  64
          Dealiased Polynomials :  42
          Domain Lower Bound    :  5.38462E-01
          Domain Upper Bound    :  1.53846E+00

 -- Grid initialized.

 -- Initalizing Reference State...
 ---- Specified parameters:
 ---- Reference type           :  Boussinesq (Non-dimensional)
 ---- Rayleigh Number          :  1.00000E+05
 ---- Ekman Number             :  1.00000E-03
 ---- Prandtl Number           :  1.00000E+00
 ---- Magnetic Prandtl Number  :  5.00000E+00
 -- Reference State initialized.

 -- Initializing Fields...
 ---- Specified parameters:
 ---- Hydro Init Type    : Benchmark (Christensen et al. 2001)
 ---- Magnetic Init Type : Benchmark (Christensen et al. 2001)
 -- Fields initialized.

 Initialization Complete.
 //////////////////////////////////////

 Timestep has changed from  0.00000E+00 to  1.00000E-04.
 Iteration:  00000001   DeltaT:  1.000E-04   Iter/sec:  0.000E+00
 Timestep has changed from  1.00000E-04 to  8.93257E-06.
MPT ERROR: Rank 241(g:241) received signal SIGSEGV(11).
	Process ID: 29165, Host: r631i5n11, Program: /home1/rorvedah/Programs/Rayleigh-Fork/bin/Rayleigh.SHTns.opt
	MPT Version: HPE MPT 2.23  09/13/20 02:52:52

MPT: --------stack traceback-------
 Iteration:  00000002   DeltaT:  8.933E-06   Iter/sec:  1.043E-01
MPT ERROR: Rank 75(g:75) received signal SIGSEGV(11).
	Process ID: 47139, Host: r605i6n7, Program: /home1/rorvedah/Programs/Rayleigh-Fork/bin/Rayleigh.SHTns.opt
	MPT Version: HPE MPT 2.23  09/13/20 02:52:52

MPT: --------stack traceback-------

MPT: -----stack traceback ends-----
MPT: On host r605i6n7, Program /home1/rorvedah/Programs/Rayleigh-Fork/bin/Rayleigh.SHTns.opt, Rank 75, Process 47139: Dumping core on signal SIGSEGV(11) into directory /nobackupp8/rorvedah/SHTns-vs-Rayleigh/Scaling
MPT ERROR: MPI_COMM_WORLD rank 75 has terminated without calling MPI_Finalize()
	aborting job
MPT: Received signal 11
