 //////////////////////////////////////
 Initializating Rayleigh...

 -- Initalizing MPI...
 ---- Specified parameters:
 ---- NCPU  :     32
 ---- NPROW :      8
 ---- NPCOL :      4
 -- MPI initialized.


 -- Initalizing Grid...
 ---- Specified parameters ----
 ---- N_R                 :     64
 ---- N_THETA             :    384
 ---- Ell_MAX             :    255
 ---- R_MIN               :  5.38462E-01
 ---- R_MAX               :  1.53846E+00
 ---- Chebyshev Domains   :      1

        Domain 1
          Grid points           :  64
          Dealiased Polynomials :  42
          Domain Lower Bound    :  5.38462E-01
          Domain Upper Bound    :  1.53846E+00

 -- Grid initialized.

 -- Initalizing Reference State...
 ---- Specified parameters:
 ---- Reference type           :  Boussinesq (Non-dimensional)
 ---- Rayleigh Number          :  1.00000E+05
 ---- Ekman Number             :  1.00000E-03
 ---- Prandtl Number           :  1.00000E+00
 ---- Magnetic Prandtl Number  :  5.00000E+00
 -- Reference State initialized.

 -- Initializing Fields...
 ---- Specified parameters:
 ---- Hydro Init Type    : Benchmark (Christensen et al. 2001)
 ---- Magnetic Init Type : Benchmark (Christensen et al. 2001)
 -- Fields initialized.

 Initialization Complete.
 //////////////////////////////////////

 Timestep has changed from  0.00000E+00 to  1.00000E-04.
 Iteration:  00000001   DeltaT:  1.000E-04   Iter/sec:  0.000E+00
 Timestep has changed from  1.00000E-04 to  1.02211E-05.
 Iteration:  00000002   DeltaT:  1.022E-05   Iter/sec:  2.000E-01
 Iteration:  00000003   DeltaT:  1.022E-05   Iter/sec:  8.329E-01
 Iteration:  00000004   DeltaT:  1.022E-05   Iter/sec:  8.848E-01
 Iteration:  00000005   DeltaT:  1.022E-05   Iter/sec:  8.780E-01
 Iteration:  00000006   DeltaT:  1.022E-05   Iter/sec:  8.800E-01
 Iteration:  00000007   DeltaT:  1.022E-05   Iter/sec:  8.835E-01
 Iteration:  00000008   DeltaT:  1.022E-05   Iter/sec:  8.766E-01
 Iteration:  00000009   DeltaT:  1.022E-05   Iter/sec:  8.794E-01
 Iteration:  00000010   DeltaT:  1.022E-05   Iter/sec:  8.403E-01
 Iteration:  00000011   DeltaT:  1.022E-05   Iter/sec:  8.791E-01
 Iteration:  00000012   DeltaT:  1.022E-05   Iter/sec:  8.835E-01
 Iteration:  00000013   DeltaT:  1.022E-05   Iter/sec:  8.818E-01
 Iteration:  00000014   DeltaT:  1.022E-05   Iter/sec:  8.804E-01
 Iteration:  00000015   DeltaT:  1.022E-05   Iter/sec:  8.820E-01
 Iteration:  00000016   DeltaT:  1.022E-05   Iter/sec:  8.722E-01
 Iteration:  00000017   DeltaT:  1.022E-05   Iter/sec:  8.739E-01
 Iteration:  00000018   DeltaT:  1.022E-05   Iter/sec:  8.851E-01
 Iteration:  00000019   DeltaT:  1.022E-05   Iter/sec:  8.842E-01
 Iteration:  00000020   DeltaT:  1.022E-05   Iter/sec:  8.862E-01
 Iteration:  00000021   DeltaT:  1.022E-05   Iter/sec:  8.807E-01
 Iteration:  00000022   DeltaT:  1.022E-05   Iter/sec:  8.789E-01
 Iteration:  00000023   DeltaT:  1.022E-05   Iter/sec:  8.905E-01
 Iteration:  00000024   DeltaT:  1.022E-05   Iter/sec:  8.700E-01
 Iteration:  00000025   DeltaT:  1.022E-05   Iter/sec:  8.784E-01
 Iteration:  00000026   DeltaT:  1.022E-05   Iter/sec:  8.848E-01
 Iteration:  00000027   DeltaT:  1.022E-05   Iter/sec:  8.839E-01
 Iteration:  00000028   DeltaT:  1.022E-05   Iter/sec:  8.826E-01
 Iteration:  00000029   DeltaT:  1.022E-05   Iter/sec:  8.685E-01
 Iteration:  00000030   DeltaT:  1.022E-05   Iter/sec:  8.785E-01
 Iteration:  00000031   DeltaT:  1.022E-05   Iter/sec:  8.867E-01
 Iteration:  00000032   DeltaT:  1.022E-05   Iter/sec:  8.749E-01
 Iteration:  00000033   DeltaT:  1.022E-05   Iter/sec:  8.799E-01
 Iteration:  00000034   DeltaT:  1.022E-05   Iter/sec:  8.866E-01
 Iteration:  00000035   DeltaT:  1.022E-05   Iter/sec:  8.820E-01
 Iteration:  00000036   DeltaT:  1.022E-05   Iter/sec:  8.847E-01
 Iteration:  00000037   DeltaT:  1.022E-05   Iter/sec:  8.780E-01
 Iteration:  00000038   DeltaT:  1.022E-05   Iter/sec:  8.903E-01
 Iteration:  00000039   DeltaT:  1.022E-05   Iter/sec:  8.828E-01
 Iteration:  00000040   DeltaT:  1.022E-05   Iter/sec:  8.883E-01
 Iteration:  00000041   DeltaT:  1.022E-05   Iter/sec:  8.840E-01
 Iteration:  00000042   DeltaT:  1.022E-05   Iter/sec:  8.743E-01
 Iteration:  00000043   DeltaT:  1.022E-05   Iter/sec:  8.909E-01
 Iteration:  00000044   DeltaT:  1.022E-05   Iter/sec:  8.855E-01
 Iteration:  00000045   DeltaT:  1.022E-05   Iter/sec:  8.761E-01
 Iteration:  00000046   DeltaT:  1.022E-05   Iter/sec:  8.828E-01
 Iteration:  00000047   DeltaT:  1.022E-05   Iter/sec:  8.748E-01
 Iteration:  00000048   DeltaT:  1.022E-05   Iter/sec:  8.891E-01
 Iteration:  00000049   DeltaT:  1.022E-05   Iter/sec:  8.829E-01
 Iteration:  00000050   DeltaT:  1.022E-05   Iter/sec:  8.831E-01


//////////////////////////////////////////////
   Measured Timings for Process 0  (seconds)

 Elapsed time:        57.6363
  Column time:         4.3912
     Row time:        20.0100
Legendre time:        10.6574
     FFT time:         4.0003
   Solve time:         0.7319
    rlma time:         1.0354
    rlmb time:         0.4144
  pspace time:         7.9222
  psolve time:         6.6300
    dphi time:         0.3079
captured time:        56.1006

     iter/sec:         0.8502
//////////////////////////////////////////////
