 //////////////////////////////////////
 Initializating Rayleigh...

 -- Initalizing MPI...
 ---- Specified parameters:
 ---- NCPU  :   1024
 ---- NPROW :     32
 ---- NPCOL :     32
 -- MPI initialized.


 -- Initalizing Grid...
 ---- Specified parameters ----
 ---- N_R                 :    128
 ---- N_THETA             :    384
 ---- Ell_MAX             :    255
 ---- R_MIN               :  5.38462E-01
 ---- R_MAX               :  1.53846E+00
 ---- Chebyshev Domains   :      1

        Domain 1
          Grid points           :  128
          Dealiased Polynomials :  85
          Domain Lower Bound    :  5.38462E-01
          Domain Upper Bound    :  1.53846E+00

 -- Grid initialized.

 -- Initalizing Reference State...
 ---- Specified parameters:
 ---- Reference type           :  Boussinesq (Non-dimensional)
 ---- Rayleigh Number          :  1.00000E+05
 ---- Ekman Number             :  1.00000E-03
 ---- Prandtl Number           :  1.00000E+00
 ---- Magnetic Prandtl Number  :  5.00000E+00
 -- Reference State initialized.

 -- Initializing Fields...
 ---- Specified parameters:
 ---- Hydro Init Type    : Benchmark (Christensen et al. 2001)
 ---- Magnetic Init Type : Benchmark (Christensen et al. 2001)
 -- Fields initialized.

 Initialization Complete.
 //////////////////////////////////////

 Timestep has changed from  0.00000E+00 to  1.00000E-04.
 Iteration:  00000001   DeltaT:  1.000E-04   Iter/sec:  0.000E+00
 Timestep has changed from  1.00000E-04 to  2.55566E-06.
 Iteration:  00000002   DeltaT:  2.556E-06   Iter/sec:  2.599E-01
 Iteration:  00000003   DeltaT:  2.556E-06   Iter/sec:  7.874E+00
 Iteration:  00000004   DeltaT:  2.556E-06   Iter/sec:  1.180E+01
 Iteration:  00000005   DeltaT:  2.556E-06   Iter/sec:  1.202E+01
 Iteration:  00000006   DeltaT:  2.556E-06   Iter/sec:  1.212E+01
 Iteration:  00000007   DeltaT:  2.556E-06   Iter/sec:  1.176E+01
 Iteration:  00000008   DeltaT:  2.556E-06   Iter/sec:  1.197E+01
 Iteration:  00000009   DeltaT:  2.556E-06   Iter/sec:  1.246E+01
 Iteration:  00000010   DeltaT:  2.556E-06   Iter/sec:  1.165E+01
 Iteration:  00000011   DeltaT:  2.556E-06   Iter/sec:  1.201E+01
 Iteration:  00000012   DeltaT:  2.556E-06   Iter/sec:  1.186E+01
 Iteration:  00000013   DeltaT:  2.556E-06   Iter/sec:  1.206E+01
 Iteration:  00000014   DeltaT:  2.556E-06   Iter/sec:  1.239E+01
 Iteration:  00000015   DeltaT:  2.556E-06   Iter/sec:  1.216E+01
 Iteration:  00000016   DeltaT:  2.556E-06   Iter/sec:  1.178E+01
 Iteration:  00000017   DeltaT:  2.556E-06   Iter/sec:  1.217E+01
 Iteration:  00000018   DeltaT:  2.556E-06   Iter/sec:  1.188E+01
 Iteration:  00000019   DeltaT:  2.556E-06   Iter/sec:  1.234E+01
 Iteration:  00000020   DeltaT:  2.556E-06   Iter/sec:  1.216E+01
 Iteration:  00000021   DeltaT:  2.556E-06   Iter/sec:  1.210E+01
 Iteration:  00000022   DeltaT:  2.556E-06   Iter/sec:  1.177E+01
 Iteration:  00000023   DeltaT:  2.556E-06   Iter/sec:  1.211E+01
 Iteration:  00000024   DeltaT:  2.556E-06   Iter/sec:  1.212E+01
 Iteration:  00000025   DeltaT:  2.556E-06   Iter/sec:  1.234E+01
 Iteration:  00000026   DeltaT:  2.556E-06   Iter/sec:  1.200E+01
 Iteration:  00000027   DeltaT:  2.556E-06   Iter/sec:  1.241E+01
 Iteration:  00000028   DeltaT:  2.556E-06   Iter/sec:  1.218E+01
 Iteration:  00000029   DeltaT:  2.556E-06   Iter/sec:  1.206E+01
 Iteration:  00000030   DeltaT:  2.556E-06   Iter/sec:  1.249E+01
 Iteration:  00000031   DeltaT:  2.556E-06   Iter/sec:  1.210E+01
 Iteration:  00000032   DeltaT:  2.556E-06   Iter/sec:  1.221E+01
 Iteration:  00000033   DeltaT:  2.556E-06   Iter/sec:  1.224E+01
 Iteration:  00000034   DeltaT:  2.556E-06   Iter/sec:  1.210E+01
 Iteration:  00000035   DeltaT:  2.556E-06   Iter/sec:  1.244E+01
 Iteration:  00000036   DeltaT:  2.556E-06   Iter/sec:  1.218E+01
 Iteration:  00000037   DeltaT:  2.556E-06   Iter/sec:  1.241E+01
 Iteration:  00000038   DeltaT:  2.556E-06   Iter/sec:  1.194E+01
 Iteration:  00000039   DeltaT:  2.556E-06   Iter/sec:  1.251E+01
 Iteration:  00000040   DeltaT:  2.556E-06   Iter/sec:  1.213E+01
 Iteration:  00000041   DeltaT:  2.556E-06   Iter/sec:  1.183E+01
 Iteration:  00000042   DeltaT:  2.556E-06   Iter/sec:  1.217E+01
 Iteration:  00000043   DeltaT:  2.556E-06   Iter/sec:  1.205E+01
 Iteration:  00000044   DeltaT:  2.556E-06   Iter/sec:  1.156E+01
 Iteration:  00000045   DeltaT:  2.556E-06   Iter/sec:  1.215E+01
 Iteration:  00000046   DeltaT:  2.556E-06   Iter/sec:  1.204E+01
 Iteration:  00000047   DeltaT:  2.556E-06   Iter/sec:  1.225E+01
 Iteration:  00000048   DeltaT:  2.556E-06   Iter/sec:  1.188E+01
 Iteration:  00000049   DeltaT:  2.556E-06   Iter/sec:  1.261E+01
 Iteration:  00000050   DeltaT:  2.556E-06   Iter/sec:  1.226E+01


//////////////////////////////////////////////
   Measured Timings for Process 0  (seconds)

 Elapsed time:         4.8257
  Column time:         1.5959
     Row time:         0.8744
Legendre time:         0.5736
     FFT time:         0.2552
   Solve time:         0.2361
    rlma time:         0.0439
    rlmb time:         0.0176
  pspace time:         0.2844
  psolve time:         0.2892
    dphi time:         0.0233
captured time:         4.1936

     iter/sec:        10.1539
//////////////////////////////////////////////
