 //////////////////////////////////////
 Initializating Rayleigh...

 -- Initalizing MPI...
 ---- Specified parameters:
 ---- NCPU  :   1024
 ---- NPROW :     32
 ---- NPCOL :     32
 -- MPI initialized.


 -- Initalizing Grid...
 ---- Specified parameters ----
 ---- N_R                 :     64
 ---- N_THETA             :    384
 ---- Ell_MAX             :    255
 ---- R_MIN               :  5.38462E-01
 ---- R_MAX               :  1.53846E+00
 ---- Chebyshev Domains   :      1

        Domain 1
          Grid points           :  64
          Dealiased Polynomials :  42
          Domain Lower Bound    :  5.38462E-01
          Domain Upper Bound    :  1.53846E+00

 -- Grid initialized.

 -- Initalizing Reference State...
 ---- Specified parameters:
 ---- Reference type           :  Boussinesq (Non-dimensional)
 ---- Rayleigh Number          :  1.00000E+05
 ---- Ekman Number             :  1.00000E-03
 ---- Prandtl Number           :  1.00000E+00
 ---- Magnetic Prandtl Number  :  5.00000E+00
 -- Reference State initialized.

 -- Initializing Fields...
 ---- Specified parameters:
 ---- Hydro Init Type    : Benchmark (Christensen et al. 2001)
 ---- Magnetic Init Type : Benchmark (Christensen et al. 2001)
 -- Fields initialized.

 Initialization Complete.
 //////////////////////////////////////

 Timestep has changed from  0.00000E+00 to  1.00000E-04.
 Iteration:  00000001   DeltaT:  1.000E-04   Iter/sec:  0.000E+00
 Timestep has changed from  1.00000E-04 to  1.02211E-05.
 Iteration:  00000002   DeltaT:  1.022E-05   Iter/sec:  2.652E-01
 Iteration:  00000003   DeltaT:  1.022E-05   Iter/sec:  2.258E+01
 Iteration:  00000004   DeltaT:  1.022E-05   Iter/sec:  2.650E+01
 Iteration:  00000005   DeltaT:  1.022E-05   Iter/sec:  2.689E+01
 Iteration:  00000006   DeltaT:  1.022E-05   Iter/sec:  2.678E+01
 Iteration:  00000007   DeltaT:  1.022E-05   Iter/sec:  2.885E+01
 Iteration:  00000008   DeltaT:  1.022E-05   Iter/sec:  2.595E+01
 Iteration:  00000009   DeltaT:  1.022E-05   Iter/sec:  2.916E+01
 Iteration:  00000010   DeltaT:  1.022E-05   Iter/sec:  2.650E+01
 Iteration:  00000011   DeltaT:  1.022E-05   Iter/sec:  2.682E+01
 Iteration:  00000012   DeltaT:  1.022E-05   Iter/sec:  2.776E+01
 Iteration:  00000013   DeltaT:  1.022E-05   Iter/sec:  2.635E+01
 Iteration:  00000014   DeltaT:  1.022E-05   Iter/sec:  2.670E+01
 Iteration:  00000015   DeltaT:  1.022E-05   Iter/sec:  2.712E+01
 Iteration:  00000016   DeltaT:  1.022E-05   Iter/sec:  2.768E+01
 Iteration:  00000017   DeltaT:  1.022E-05   Iter/sec:  2.716E+01
 Iteration:  00000018   DeltaT:  1.022E-05   Iter/sec:  2.749E+01
 Iteration:  00000019   DeltaT:  1.022E-05   Iter/sec:  2.717E+01
 Iteration:  00000020   DeltaT:  1.022E-05   Iter/sec:  2.642E+01
 Iteration:  00000021   DeltaT:  1.022E-05   Iter/sec:  2.703E+01
 Iteration:  00000022   DeltaT:  1.022E-05   Iter/sec:  2.634E+01
 Iteration:  00000023   DeltaT:  1.022E-05   Iter/sec:  2.705E+01
 Iteration:  00000024   DeltaT:  1.022E-05   Iter/sec:  2.668E+01
 Iteration:  00000025   DeltaT:  1.022E-05   Iter/sec:  2.756E+01
 Iteration:  00000026   DeltaT:  1.022E-05   Iter/sec:  2.690E+01
 Iteration:  00000027   DeltaT:  1.022E-05   Iter/sec:  2.588E+01
 Iteration:  00000028   DeltaT:  1.022E-05   Iter/sec:  2.785E+01
 Iteration:  00000029   DeltaT:  1.022E-05   Iter/sec:  2.747E+01
 Iteration:  00000030   DeltaT:  1.022E-05   Iter/sec:  2.650E+01
 Iteration:  00000031   DeltaT:  1.022E-05   Iter/sec:  2.735E+01
 Iteration:  00000032   DeltaT:  1.022E-05   Iter/sec:  2.675E+01
 Iteration:  00000033   DeltaT:  1.022E-05   Iter/sec:  2.663E+01
 Iteration:  00000034   DeltaT:  1.022E-05   Iter/sec:  2.679E+01
 Iteration:  00000035   DeltaT:  1.022E-05   Iter/sec:  2.705E+01
 Iteration:  00000036   DeltaT:  1.022E-05   Iter/sec:  2.671E+01
 Iteration:  00000037   DeltaT:  1.022E-05   Iter/sec:  2.673E+01
 Iteration:  00000038   DeltaT:  1.022E-05   Iter/sec:  2.665E+01
 Iteration:  00000039   DeltaT:  1.022E-05   Iter/sec:  2.830E+01
 Iteration:  00000040   DeltaT:  1.022E-05   Iter/sec:  2.625E+01
 Iteration:  00000041   DeltaT:  1.022E-05   Iter/sec:  2.785E+01
 Iteration:  00000042   DeltaT:  1.022E-05   Iter/sec:  2.822E+01
 Iteration:  00000043   DeltaT:  1.022E-05   Iter/sec:  2.665E+01
 Iteration:  00000044   DeltaT:  1.022E-05   Iter/sec:  2.782E+01
 Iteration:  00000045   DeltaT:  1.022E-05   Iter/sec:  2.725E+01
 Iteration:  00000046   DeltaT:  1.022E-05   Iter/sec:  2.649E+01
 Iteration:  00000047   DeltaT:  1.022E-05   Iter/sec:  2.745E+01
 Iteration:  00000048   DeltaT:  1.022E-05   Iter/sec:  2.622E+01
 Iteration:  00000049   DeltaT:  1.022E-05   Iter/sec:  2.805E+01
 Iteration:  00000050   DeltaT:  1.022E-05   Iter/sec:  2.648E+01


//////////////////////////////////////////////
   Measured Timings for Process 0  (seconds)

 Elapsed time:         2.6863
  Column time:         0.6022
     Row time:         0.5685
Legendre time:         0.2841
     FFT time:         0.0981
   Solve time:         0.0669
    rlma time:         0.0253
    rlmb time:         0.0108
  pspace time:         0.0901
  psolve time:         0.0981
    dphi time:         0.0084
captured time:         1.8526

     iter/sec:        18.2407
//////////////////////////////////////////////
