 //////////////////////////////////////
 Initializating Rayleigh...

 -- Initalizing MPI...
 ---- Specified parameters:
 ---- NCPU  :     64
 ---- NPROW :      8
 ---- NPCOL :      8
 -- MPI initialized.


 -- Initalizing Grid...
 ---- Specified parameters ----
 ---- N_R                 :    128
 ---- N_THETA             :    192
 ---- Ell_MAX             :    127
 ---- R_MIN               :  5.38462E-01
 ---- R_MAX               :  1.53846E+00
 ---- Chebyshev Domains   :      1

        Domain 1
          Grid points           :  128
          Dealiased Polynomials :  85
          Domain Lower Bound    :  5.38462E-01
          Domain Upper Bound    :  1.53846E+00

 -- Grid initialized.

 -- Initalizing Reference State...
 ---- Specified parameters:
 ---- Reference type           :  Boussinesq (Non-dimensional)
 ---- Rayleigh Number          :  1.00000E+05
 ---- Ekman Number             :  1.00000E-03
 ---- Prandtl Number           :  1.00000E+00
 ---- Magnetic Prandtl Number  :  5.00000E+00
 -- Reference State initialized.

 -- Initializing Fields...
 ---- Specified parameters:
 ---- Hydro Init Type    : Benchmark (Christensen et al. 2001)
 ---- Magnetic Init Type : Benchmark (Christensen et al. 2001)
 -- Fields initialized.

 Initialization Complete.
 //////////////////////////////////////

 Timestep has changed from  0.00000E+00 to  1.00000E-04.
 Iteration:  00000001   DeltaT:  1.000E-04   Iter/sec:  0.000E+00
 Timestep has changed from  1.00000E-04 to  2.55581E-06.
 Iteration:  00000002   DeltaT:  2.556E-06   Iter/sec:  3.720E-01
 Iteration:  00000003   DeltaT:  2.556E-06   Iter/sec:  2.917E+00
 Iteration:  00000004   DeltaT:  2.556E-06   Iter/sec:  3.892E+00
 Iteration:  00000005   DeltaT:  2.556E-06   Iter/sec:  3.705E+00
 Iteration:  00000006   DeltaT:  2.556E-06   Iter/sec:  3.803E+00
 Iteration:  00000007   DeltaT:  2.556E-06   Iter/sec:  3.959E+00
 Iteration:  00000008   DeltaT:  2.556E-06   Iter/sec:  3.945E+00
 Iteration:  00000009   DeltaT:  2.556E-06   Iter/sec:  3.825E+00
 Iteration:  00000010   DeltaT:  2.556E-06   Iter/sec:  4.034E+00
 Iteration:  00000011   DeltaT:  2.556E-06   Iter/sec:  3.997E+00
 Iteration:  00000012   DeltaT:  2.556E-06   Iter/sec:  3.843E+00
 Iteration:  00000013   DeltaT:  2.556E-06   Iter/sec:  4.000E+00
 Iteration:  00000014   DeltaT:  2.556E-06   Iter/sec:  3.953E+00
 Iteration:  00000015   DeltaT:  2.556E-06   Iter/sec:  3.912E+00
 Iteration:  00000016   DeltaT:  2.556E-06   Iter/sec:  3.881E+00
 Iteration:  00000017   DeltaT:  2.556E-06   Iter/sec:  3.696E+00
 Iteration:  00000018   DeltaT:  2.556E-06   Iter/sec:  3.912E+00
 Iteration:  00000019   DeltaT:  2.556E-06   Iter/sec:  3.909E+00
 Iteration:  00000020   DeltaT:  2.556E-06   Iter/sec:  3.926E+00
 Iteration:  00000021   DeltaT:  2.556E-06   Iter/sec:  3.862E+00
 Iteration:  00000022   DeltaT:  2.556E-06   Iter/sec:  3.899E+00
 Iteration:  00000023   DeltaT:  2.556E-06   Iter/sec:  3.925E+00
 Iteration:  00000024   DeltaT:  2.556E-06   Iter/sec:  3.941E+00
 Iteration:  00000025   DeltaT:  2.556E-06   Iter/sec:  3.867E+00
 Iteration:  00000026   DeltaT:  2.556E-06   Iter/sec:  3.982E+00
 Iteration:  00000027   DeltaT:  2.556E-06   Iter/sec:  3.939E+00
 Iteration:  00000028   DeltaT:  2.556E-06   Iter/sec:  3.756E+00
 Iteration:  00000029   DeltaT:  2.556E-06   Iter/sec:  3.929E+00
 Iteration:  00000030   DeltaT:  2.556E-06   Iter/sec:  3.880E+00
 Iteration:  00000031   DeltaT:  2.556E-06   Iter/sec:  3.907E+00
 Iteration:  00000032   DeltaT:  2.556E-06   Iter/sec:  3.870E+00
 Iteration:  00000033   DeltaT:  2.556E-06   Iter/sec:  3.875E+00
 Iteration:  00000034   DeltaT:  2.556E-06   Iter/sec:  3.929E+00
 Iteration:  00000035   DeltaT:  2.556E-06   Iter/sec:  3.946E+00
 Iteration:  00000036   DeltaT:  2.556E-06   Iter/sec:  3.832E+00
 Iteration:  00000037   DeltaT:  2.556E-06   Iter/sec:  3.921E+00
 Iteration:  00000038   DeltaT:  2.556E-06   Iter/sec:  3.966E+00
 Iteration:  00000039   DeltaT:  2.556E-06   Iter/sec:  3.948E+00
 Iteration:  00000040   DeltaT:  2.556E-06   Iter/sec:  3.858E+00
 Iteration:  00000041   DeltaT:  2.556E-06   Iter/sec:  3.619E+00
 Iteration:  00000042   DeltaT:  2.556E-06   Iter/sec:  3.894E+00
 Iteration:  00000043   DeltaT:  2.556E-06   Iter/sec:  3.840E+00
 Iteration:  00000044   DeltaT:  2.556E-06   Iter/sec:  3.991E+00
 Iteration:  00000045   DeltaT:  2.556E-06   Iter/sec:  3.858E+00
 Iteration:  00000046   DeltaT:  2.556E-06   Iter/sec:  3.956E+00
 Iteration:  00000047   DeltaT:  2.556E-06   Iter/sec:  3.944E+00
 Iteration:  00000048   DeltaT:  2.556E-06   Iter/sec:  3.773E+00
 Iteration:  00000049   DeltaT:  2.556E-06   Iter/sec:  3.889E+00
 Iteration:  00000050   DeltaT:  2.556E-06   Iter/sec:  3.986E+00


//////////////////////////////////////////////
   Measured Timings for Process 0  (seconds)

 Elapsed time:        13.5699
  Column time:         1.0790
     Row time:         4.5549
Legendre time:         1.6480
     FFT time:         1.0077
   Solve time:         0.5369
    rlma time:         0.1910
    rlmb time:         0.0710
  pspace time:         2.0531
  psolve time:         1.6241
    dphi time:         0.1016
captured time:        12.8673

     iter/sec:         3.6109
//////////////////////////////////////////////
