 //////////////////////////////////////
 Initializating Rayleigh...

 -- Initalizing MPI...
 ---- Specified parameters:
 ---- NCPU  :    128
 ---- NPROW :     16
 ---- NPCOL :      8
 -- MPI initialized.


 -- Initalizing Grid...
 ---- Specified parameters ----
 ---- N_R                 :    128
 ---- N_THETA             :    192
 ---- Ell_MAX             :    127
 ---- R_MIN               :  5.38462E-01
 ---- R_MAX               :  1.53846E+00
 ---- Chebyshev Domains   :      1

        Domain 1
          Grid points           :  128
          Dealiased Polynomials :  85
          Domain Lower Bound    :  5.38462E-01
          Domain Upper Bound    :  1.53846E+00

 -- Grid initialized.

 -- Initalizing Reference State...
 ---- Specified parameters:
 ---- Reference type           :  Boussinesq (Non-dimensional)
 ---- Rayleigh Number          :  1.00000E+05
 ---- Ekman Number             :  1.00000E-03
 ---- Prandtl Number           :  1.00000E+00
 ---- Magnetic Prandtl Number  :  5.00000E+00
 -- Reference State initialized.

 -- Initializing Fields...
 ---- Specified parameters:
 ---- Hydro Init Type    : Benchmark (Christensen et al. 2001)
 ---- Magnetic Init Type : Benchmark (Christensen et al. 2001)
 -- Fields initialized.

 Initialization Complete.
 //////////////////////////////////////

 Timestep has changed from  0.00000E+00 to  1.00000E-04.
 Iteration:  00000001   DeltaT:  1.000E-04   Iter/sec:  0.000E+00
 Timestep has changed from  1.00000E-04 to  2.55581E-06.
 Iteration:  00000002   DeltaT:  2.556E-06   Iter/sec:  3.873E-01
 Iteration:  00000003   DeltaT:  2.556E-06   Iter/sec:  4.530E+00
 Iteration:  00000004   DeltaT:  2.556E-06   Iter/sec:  7.878E+00
 Iteration:  00000005   DeltaT:  2.556E-06   Iter/sec:  7.978E+00
 Iteration:  00000006   DeltaT:  2.556E-06   Iter/sec:  6.955E+00
 Iteration:  00000007   DeltaT:  2.556E-06   Iter/sec:  8.020E+00
 Iteration:  00000008   DeltaT:  2.556E-06   Iter/sec:  8.132E+00
 Iteration:  00000009   DeltaT:  2.556E-06   Iter/sec:  6.433E+00
 Iteration:  00000010   DeltaT:  2.556E-06   Iter/sec:  7.842E+00
 Iteration:  00000011   DeltaT:  2.556E-06   Iter/sec:  8.176E+00
 Iteration:  00000012   DeltaT:  2.556E-06   Iter/sec:  8.055E+00
 Iteration:  00000013   DeltaT:  2.556E-06   Iter/sec:  8.154E+00
 Iteration:  00000014   DeltaT:  2.556E-06   Iter/sec:  8.124E+00
 Iteration:  00000015   DeltaT:  2.556E-06   Iter/sec:  7.981E+00
 Iteration:  00000016   DeltaT:  2.556E-06   Iter/sec:  8.273E+00
 Iteration:  00000017   DeltaT:  2.556E-06   Iter/sec:  7.237E+00
 Iteration:  00000018   DeltaT:  2.556E-06   Iter/sec:  5.864E+00
 Iteration:  00000019   DeltaT:  2.556E-06   Iter/sec:  7.970E+00
 Iteration:  00000020   DeltaT:  2.556E-06   Iter/sec:  8.123E+00
 Iteration:  00000021   DeltaT:  2.556E-06   Iter/sec:  8.151E+00
 Iteration:  00000022   DeltaT:  2.556E-06   Iter/sec:  7.219E+00
 Iteration:  00000023   DeltaT:  2.556E-06   Iter/sec:  7.517E+00
 Iteration:  00000024   DeltaT:  2.556E-06   Iter/sec:  8.147E+00
 Iteration:  00000025   DeltaT:  2.556E-06   Iter/sec:  6.718E+00
 Iteration:  00000026   DeltaT:  2.556E-06   Iter/sec:  6.952E+00
 Iteration:  00000027   DeltaT:  2.556E-06   Iter/sec:  8.079E+00
 Iteration:  00000028   DeltaT:  2.556E-06   Iter/sec:  7.878E+00
 Iteration:  00000029   DeltaT:  2.556E-06   Iter/sec:  7.857E+00
 Iteration:  00000030   DeltaT:  2.556E-06   Iter/sec:  7.601E+00
 Iteration:  00000031   DeltaT:  2.556E-06   Iter/sec:  7.806E+00
 Iteration:  00000032   DeltaT:  2.556E-06   Iter/sec:  8.509E+00
 Iteration:  00000033   DeltaT:  2.556E-06   Iter/sec:  6.795E+00
 Iteration:  00000034   DeltaT:  2.556E-06   Iter/sec:  7.173E+00
 Iteration:  00000035   DeltaT:  2.556E-06   Iter/sec:  8.297E+00
 Iteration:  00000036   DeltaT:  2.556E-06   Iter/sec:  8.049E+00
 Iteration:  00000037   DeltaT:  2.556E-06   Iter/sec:  8.209E+00
 Iteration:  00000038   DeltaT:  2.556E-06   Iter/sec:  8.158E+00
 Iteration:  00000039   DeltaT:  2.556E-06   Iter/sec:  7.993E+00
 Iteration:  00000040   DeltaT:  2.556E-06   Iter/sec:  6.549E+00
 Iteration:  00000041   DeltaT:  2.556E-06   Iter/sec:  7.994E+00
 Iteration:  00000042   DeltaT:  2.556E-06   Iter/sec:  8.295E+00
 Iteration:  00000043   DeltaT:  2.556E-06   Iter/sec:  7.661E+00
 Iteration:  00000044   DeltaT:  2.556E-06   Iter/sec:  8.276E+00
 Iteration:  00000045   DeltaT:  2.556E-06   Iter/sec:  7.285E+00
 Iteration:  00000046   DeltaT:  2.556E-06   Iter/sec:  6.647E+00
 Iteration:  00000047   DeltaT:  2.556E-06   Iter/sec:  6.470E+00
 Iteration:  00000048   DeltaT:  2.556E-06   Iter/sec:  8.195E+00
 Iteration:  00000049   DeltaT:  2.556E-06   Iter/sec:  8.296E+00
 Iteration:  00000050   DeltaT:  2.556E-06   Iter/sec:  8.110E+00


//////////////////////////////////////////////
   Measured Timings for Process 0  (seconds)

 Elapsed time:         7.0688
  Column time:         1.1146
     Row time:         2.1353
Legendre time:         0.6611
     FFT time:         0.4837
   Solve time:         0.4291
    rlma time:         0.0799
    rlmb time:         0.0338
  pspace time:         0.9658
  psolve time:         0.7241
    dphi time:         0.0687
captured time:         6.6961

     iter/sec:         6.9319
//////////////////////////////////////////////
