 //////////////////////////////////////
 Initializating Rayleigh...

 -- Initalizing MPI...
 ---- Specified parameters:
 ---- NCPU  :   1024
 ---- NPROW :     32
 ---- NPCOL :     32
 -- MPI initialized.


 -- Initalizing Grid...
 ---- Specified parameters ----
 ---- N_R                 :    128
 ---- N_THETA             :    192
 ---- Ell_MAX             :    127
 ---- R_MIN               :  5.38462E-01
 ---- R_MAX               :  1.53846E+00
 ---- Chebyshev Domains   :      1

        Domain 1
          Grid points           :  128
          Dealiased Polynomials :  85
          Domain Lower Bound    :  5.38462E-01
          Domain Upper Bound    :  1.53846E+00

 -- Grid initialized.

 -- Initalizing Reference State...
 ---- Specified parameters:
 ---- Reference type           :  Boussinesq (Non-dimensional)
 ---- Rayleigh Number          :  1.00000E+05
 ---- Ekman Number             :  1.00000E-03
 ---- Prandtl Number           :  1.00000E+00
 ---- Magnetic Prandtl Number  :  5.00000E+00
 -- Reference State initialized.

 -- Initializing Fields...
 ---- Specified parameters:
 ---- Hydro Init Type    : Benchmark (Christensen et al. 2001)
 ---- Magnetic Init Type : Benchmark (Christensen et al. 2001)
 -- Fields initialized.

 Initialization Complete.
 //////////////////////////////////////

 Timestep has changed from  0.00000E+00 to  1.00000E-04.
 Iteration:  00000001   DeltaT:  1.000E-04   Iter/sec:  0.000E+00
 Timestep has changed from  1.00000E-04 to  2.55581E-06.
 Iteration:  00000002   DeltaT:  2.556E-06   Iter/sec:  4.146E-01
 Iteration:  00000003   DeltaT:  2.556E-06   Iter/sec:  2.406E+01
 Iteration:  00000004   DeltaT:  2.556E-06   Iter/sec:  5.971E+01
 Iteration:  00000005   DeltaT:  2.556E-06   Iter/sec:  6.054E+01
 Iteration:  00000006   DeltaT:  2.556E-06   Iter/sec:  6.159E+01
 Iteration:  00000007   DeltaT:  2.556E-06   Iter/sec:  6.090E+01
 Iteration:  00000008   DeltaT:  2.556E-06   Iter/sec:  6.081E+01
 Iteration:  00000009   DeltaT:  2.556E-06   Iter/sec:  6.160E+01
 Iteration:  00000010   DeltaT:  2.556E-06   Iter/sec:  6.128E+01
 Iteration:  00000011   DeltaT:  2.556E-06   Iter/sec:  5.927E+01
 Iteration:  00000012   DeltaT:  2.556E-06   Iter/sec:  5.961E+01
 Iteration:  00000013   DeltaT:  2.556E-06   Iter/sec:  5.870E+01
 Iteration:  00000014   DeltaT:  2.556E-06   Iter/sec:  6.076E+01
 Iteration:  00000015   DeltaT:  2.556E-06   Iter/sec:  6.034E+01
 Iteration:  00000016   DeltaT:  2.556E-06   Iter/sec:  6.023E+01
 Iteration:  00000017   DeltaT:  2.556E-06   Iter/sec:  6.357E+01
 Iteration:  00000018   DeltaT:  2.556E-06   Iter/sec:  5.919E+01
 Iteration:  00000019   DeltaT:  2.556E-06   Iter/sec:  6.069E+01
 Iteration:  00000020   DeltaT:  2.556E-06   Iter/sec:  6.163E+01
 Iteration:  00000021   DeltaT:  2.556E-06   Iter/sec:  6.276E+01
 Iteration:  00000022   DeltaT:  2.556E-06   Iter/sec:  5.873E+01
 Iteration:  00000023   DeltaT:  2.556E-06   Iter/sec:  6.029E+01
 Iteration:  00000024   DeltaT:  2.556E-06   Iter/sec:  6.300E+01
 Iteration:  00000025   DeltaT:  2.556E-06   Iter/sec:  6.011E+01
 Iteration:  00000026   DeltaT:  2.556E-06   Iter/sec:  6.041E+01
 Iteration:  00000027   DeltaT:  2.556E-06   Iter/sec:  6.156E+01
 Iteration:  00000028   DeltaT:  2.556E-06   Iter/sec:  6.038E+01
 Iteration:  00000029   DeltaT:  2.556E-06   Iter/sec:  6.177E+01
 Iteration:  00000030   DeltaT:  2.556E-06   Iter/sec:  5.878E+01
 Iteration:  00000031   DeltaT:  2.556E-06   Iter/sec:  6.326E+01
 Iteration:  00000032   DeltaT:  2.556E-06   Iter/sec:  6.030E+01
 Iteration:  00000033   DeltaT:  2.556E-06   Iter/sec:  6.141E+01
 Iteration:  00000034   DeltaT:  2.556E-06   Iter/sec:  6.073E+01
 Iteration:  00000035   DeltaT:  2.556E-06   Iter/sec:  6.429E+01
 Iteration:  00000036   DeltaT:  2.556E-06   Iter/sec:  5.694E+01
 Iteration:  00000037   DeltaT:  2.556E-06   Iter/sec:  5.002E+01
 Iteration:  00000038   DeltaT:  2.556E-06   Iter/sec:  6.460E+01
 Iteration:  00000039   DeltaT:  2.556E-06   Iter/sec:  6.054E+01
 Iteration:  00000040   DeltaT:  2.556E-06   Iter/sec:  4.600E+01
 Iteration:  00000041   DeltaT:  2.556E-06   Iter/sec:  5.901E+01
 Iteration:  00000042   DeltaT:  2.556E-06   Iter/sec:  6.087E+01
 Iteration:  00000043   DeltaT:  2.556E-06   Iter/sec:  6.144E+01
 Iteration:  00000044   DeltaT:  2.556E-06   Iter/sec:  5.890E+01
 Iteration:  00000045   DeltaT:  2.556E-06   Iter/sec:  6.227E+01
 Iteration:  00000046   DeltaT:  2.556E-06   Iter/sec:  6.272E+01
 Iteration:  00000047   DeltaT:  2.556E-06   Iter/sec:  2.087E+01
 Iteration:  00000048   DeltaT:  2.556E-06   Iter/sec:  4.219E+01
 Iteration:  00000049   DeltaT:  2.556E-06   Iter/sec:  2.927E+01
 Iteration:  00000050   DeltaT:  2.556E-06   Iter/sec:  3.472E+01


//////////////////////////////////////////////
   Measured Timings for Process 0  (seconds)

 Elapsed time:         1.6669
  Column time:         0.3846
     Row time:         0.1937
Legendre time:         0.0752
     FFT time:         0.0361
   Solve time:         0.1187
    rlma time:         0.0118
    rlmb time:         0.0052
  pspace time:         0.0239
  psolve time:         0.0948
    dphi time:         0.0028
captured time:         0.9468

     iter/sec:        29.3953
//////////////////////////////////////////////
