 //////////////////////////////////////
 Initializating Rayleigh...

 -- Initalizing MPI...
 ---- Specified parameters:
 ---- NCPU  :    256
 ---- NPROW :     32
 ---- NPCOL :      8
 -- MPI initialized.


 -- Initalizing Grid...
 ---- Specified parameters ----
 ---- N_R                 :     64
 ---- N_THETA             :    384
 ---- Ell_MAX             :    255
 ---- R_MIN               :  5.38462E-01
 ---- R_MAX               :  1.53846E+00
 ---- Chebyshev Domains   :      1

        Domain 1
          Grid points           :  64
          Dealiased Polynomials :  42
          Domain Lower Bound    :  5.38462E-01
          Domain Upper Bound    :  1.53846E+00

 -- Grid initialized.

[SHTns 3.4.5] built Apr 30 2021, 15:49:24, id: avx2,ishioka
        Lmax=255, Mmax*Mres=255, Mres=1, Nlm=32896  [1 threads, orthonormalized]
        => using FFTW : Mmax=255, Nphi=768, Nlat=384  (data layout : phi_inc=384, theta_inc=1, phi_embed=768)
        => using Gauss nodes
        + polar optimization threshold = 1.0e-08
        finding optimal algorithm..........
        + SHT accuracy = 1.77e-12
        => SHTns is ready.
 -- Initalizing Reference State...
 ---- Specified parameters:
 ---- Reference type           :  Boussinesq (Non-dimensional)
 ---- Rayleigh Number          :  1.00000E+05
 ---- Ekman Number             :  1.00000E-03
 ---- Prandtl Number           :  1.00000E+00
 ---- Magnetic Prandtl Number  :  5.00000E+00
 -- Reference State initialized.

 -- Initializing Fields...
 ---- Specified parameters:
 ---- Hydro Init Type    : Benchmark (Christensen et al. 2001)
 ---- Magnetic Init Type : Benchmark (Christensen et al. 2001)
 -- Fields initialized.

 Initialization Complete.
 //////////////////////////////////////

 Timestep has changed from  0.00000E+00 to  1.00000E-04.
 Iteration:  00000001   DeltaT:  1.000E-04   Iter/sec:  0.000E+00
 Timestep has changed from  1.00000E-04 to  1.02211E-05.
 Iteration:  00000002   DeltaT:  1.022E-05   Iter/sec:  1.118E-01
 Iteration:  00000003   DeltaT:  1.022E-05   Iter/sec:  5.932E+00
 Iteration:  00000004   DeltaT:  1.022E-05   Iter/sec:  6.977E+00
 Iteration:  00000005   DeltaT:  1.022E-05   Iter/sec:  7.627E+00
 Iteration:  00000006   DeltaT:  1.022E-05   Iter/sec:  6.891E+00
 Iteration:  00000007   DeltaT:  1.022E-05   Iter/sec:  7.391E+00
 Iteration:  00000008   DeltaT:  1.022E-05   Iter/sec:  7.426E+00
 Iteration:  00000009   DeltaT:  1.022E-05   Iter/sec:  7.312E+00
 Iteration:  00000010   DeltaT:  1.022E-05   Iter/sec:  7.502E+00
 Iteration:  00000011   DeltaT:  1.022E-05   Iter/sec:  7.397E+00
 Iteration:  00000012   DeltaT:  1.022E-05   Iter/sec:  7.689E+00
 Iteration:  00000013   DeltaT:  1.022E-05   Iter/sec:  7.591E+00
 Iteration:  00000014   DeltaT:  1.022E-05   Iter/sec:  7.785E+00
 Iteration:  00000015   DeltaT:  1.022E-05   Iter/sec:  7.370E+00
 Iteration:  00000016   DeltaT:  1.022E-05   Iter/sec:  7.679E+00
 Iteration:  00000017   DeltaT:  1.022E-05   Iter/sec:  7.618E+00
 Iteration:  00000018   DeltaT:  1.022E-05   Iter/sec:  7.563E+00
 Iteration:  00000019   DeltaT:  1.022E-05   Iter/sec:  7.734E+00
 Iteration:  00000020   DeltaT:  1.022E-05   Iter/sec:  7.333E+00
 Iteration:  00000021   DeltaT:  1.022E-05   Iter/sec:  7.462E+00
 Iteration:  00000022   DeltaT:  1.022E-05   Iter/sec:  7.844E+00
 Iteration:  00000023   DeltaT:  1.022E-05   Iter/sec:  7.737E+00
 Iteration:  00000024   DeltaT:  1.022E-05   Iter/sec:  7.743E+00
 Iteration:  00000025   DeltaT:  1.022E-05   Iter/sec:  7.883E+00
 Iteration:  00000026   DeltaT:  1.022E-05   Iter/sec:  7.333E+00
 Iteration:  00000027   DeltaT:  1.022E-05   Iter/sec:  7.536E+00
 Iteration:  00000028   DeltaT:  1.022E-05   Iter/sec:  7.764E+00
 Iteration:  00000029   DeltaT:  1.022E-05   Iter/sec:  7.600E+00
 Iteration:  00000030   DeltaT:  1.022E-05   Iter/sec:  7.584E+00
 Iteration:  00000031   DeltaT:  1.022E-05   Iter/sec:  7.557E+00
 Iteration:  00000032   DeltaT:  1.022E-05   Iter/sec:  7.557E+00
 Iteration:  00000033   DeltaT:  1.022E-05   Iter/sec:  7.728E+00
 Iteration:  00000034   DeltaT:  1.022E-05   Iter/sec:  7.691E+00
 Iteration:  00000035   DeltaT:  1.022E-05   Iter/sec:  7.618E+00
 Iteration:  00000036   DeltaT:  1.022E-05   Iter/sec:  7.885E+00
 Iteration:  00000037   DeltaT:  1.022E-05   Iter/sec:  7.636E+00
 Iteration:  00000038   DeltaT:  1.022E-05   Iter/sec:  7.912E+00
 Iteration:  00000039   DeltaT:  1.022E-05   Iter/sec:  7.849E+00
 Iteration:  00000040   DeltaT:  1.022E-05   Iter/sec:  7.590E+00
 Iteration:  00000041   DeltaT:  1.022E-05   Iter/sec:  7.677E+00
 Iteration:  00000042   DeltaT:  1.022E-05   Iter/sec:  7.265E+00
 Iteration:  00000043   DeltaT:  1.022E-05   Iter/sec:  8.001E+00
 Iteration:  00000044   DeltaT:  1.022E-05   Iter/sec:  7.615E+00
 Iteration:  00000045   DeltaT:  1.022E-05   Iter/sec:  7.879E+00
 Iteration:  00000046   DeltaT:  1.022E-05   Iter/sec:  7.782E+00
 Iteration:  00000047   DeltaT:  1.022E-05   Iter/sec:  7.723E+00
 Iteration:  00000048   DeltaT:  1.022E-05   Iter/sec:  7.621E+00
 Iteration:  00000049   DeltaT:  1.022E-05   Iter/sec:  7.786E+00
 Iteration:  00000050   DeltaT:  1.022E-05   Iter/sec:  7.652E+00


//////////////////////////////////////////////
   Measured Timings for Process 0  (seconds)

 Elapsed time:         7.0098
  Column time:         1.5157
     Row time:         2.3835
Legendre time:         0.4827
     FFT time:         0.4771
   Solve time:         0.2159
    rlma time:         0.0806
    rlmb time:         0.0338
  pspace time:         0.8839
  psolve time:         0.4967
    dphi time:         0.0485
captured time:         6.6184

     iter/sec:         7.1329
//////////////////////////////////////////////
