 //////////////////////////////////////
 Initializating Rayleigh...

 -- Initalizing MPI...
 ---- Specified parameters:
 ---- NCPU  :    128
 ---- NPROW :     16
 ---- NPCOL :      8
 -- MPI initialized.


 -- Initalizing Grid...
 ---- Specified parameters ----
 ---- N_R                 :    128
 ---- N_THETA             :    192
 ---- Ell_MAX             :    127
 ---- R_MIN               :  5.38462E-01
 ---- R_MAX               :  1.53846E+00
 ---- Chebyshev Domains   :      1

        Domain 1
          Grid points           :  128
          Dealiased Polynomials :  85
          Domain Lower Bound    :  5.38462E-01
          Domain Upper Bound    :  1.53846E+00

 -- Grid initialized.

[SHTns 3.4.5] built Apr 30 2021, 15:49:24, id: avx2,ishioka
        Lmax=127, Mmax*Mres=127, Mres=1, Nlm=8256  [1 threads, orthonormalized]
        => using FFTW : Mmax=127, Nphi=384, Nlat=192  (data layout : phi_inc=192, theta_inc=1, phi_embed=384)
        => using Gauss nodes
        + polar optimization threshold = 1.0e-08
        finding optimal algorithm........
        + SHT accuracy = 5.08e-14
        => SHTns is ready.
 -- Initalizing Reference State...
 ---- Specified parameters:
 ---- Reference type           :  Boussinesq (Non-dimensional)
 ---- Rayleigh Number          :  1.00000E+05
 ---- Ekman Number             :  1.00000E-03
 ---- Prandtl Number           :  1.00000E+00
 ---- Magnetic Prandtl Number  :  5.00000E+00
 -- Reference State initialized.

 -- Initializing Fields...
 ---- Specified parameters:
 ---- Hydro Init Type    : Benchmark (Christensen et al. 2001)
 ---- Magnetic Init Type : Benchmark (Christensen et al. 2001)
 -- Fields initialized.

 Initialization Complete.
 //////////////////////////////////////

 Timestep has changed from  0.00000E+00 to  1.00000E-04.
 Iteration:  00000001   DeltaT:  1.000E-04   Iter/sec:  0.000E+00
 Timestep has changed from  1.00000E-04 to  2.55581E-06.
 Iteration:  00000002   DeltaT:  2.556E-06   Iter/sec:  2.384E-01
 Iteration:  00000003   DeltaT:  2.556E-06   Iter/sec:  4.687E+00
 Iteration:  00000004   DeltaT:  2.556E-06   Iter/sec:  8.393E+00
 Iteration:  00000005   DeltaT:  2.556E-06   Iter/sec:  8.461E+00
 Iteration:  00000006   DeltaT:  2.556E-06   Iter/sec:  8.460E+00
 Iteration:  00000007   DeltaT:  2.556E-06   Iter/sec:  8.522E+00
 Iteration:  00000008   DeltaT:  2.556E-06   Iter/sec:  8.391E+00
 Iteration:  00000009   DeltaT:  2.556E-06   Iter/sec:  8.426E+00
 Iteration:  00000010   DeltaT:  2.556E-06   Iter/sec:  8.536E+00
 Iteration:  00000011   DeltaT:  2.556E-06   Iter/sec:  8.457E+00
 Iteration:  00000012   DeltaT:  2.556E-06   Iter/sec:  8.480E+00
 Iteration:  00000013   DeltaT:  2.556E-06   Iter/sec:  8.576E+00
 Iteration:  00000014   DeltaT:  2.556E-06   Iter/sec:  8.486E+00
 Iteration:  00000015   DeltaT:  2.556E-06   Iter/sec:  8.540E+00
 Iteration:  00000016   DeltaT:  2.556E-06   Iter/sec:  8.544E+00
 Iteration:  00000017   DeltaT:  2.556E-06   Iter/sec:  8.359E+00
 Iteration:  00000018   DeltaT:  2.556E-06   Iter/sec:  8.515E+00
 Iteration:  00000019   DeltaT:  2.556E-06   Iter/sec:  8.560E+00
 Iteration:  00000020   DeltaT:  2.556E-06   Iter/sec:  8.531E+00
 Iteration:  00000021   DeltaT:  2.556E-06   Iter/sec:  8.525E+00
 Iteration:  00000022   DeltaT:  2.556E-06   Iter/sec:  8.450E+00
 Iteration:  00000023   DeltaT:  2.556E-06   Iter/sec:  8.556E+00
 Iteration:  00000024   DeltaT:  2.556E-06   Iter/sec:  8.581E+00
 Iteration:  00000025   DeltaT:  2.556E-06   Iter/sec:  8.585E+00
 Iteration:  00000026   DeltaT:  2.556E-06   Iter/sec:  8.532E+00
 Iteration:  00000027   DeltaT:  2.556E-06   Iter/sec:  8.556E+00
 Iteration:  00000028   DeltaT:  2.556E-06   Iter/sec:  8.604E+00
 Iteration:  00000029   DeltaT:  2.556E-06   Iter/sec:  8.634E+00
 Iteration:  00000030   DeltaT:  2.556E-06   Iter/sec:  8.804E+00
 Iteration:  00000031   DeltaT:  2.556E-06   Iter/sec:  8.529E+00
 Iteration:  00000032   DeltaT:  2.556E-06   Iter/sec:  8.668E+00
 Iteration:  00000033   DeltaT:  2.556E-06   Iter/sec:  8.501E+00
 Iteration:  00000034   DeltaT:  2.556E-06   Iter/sec:  8.847E+00
 Iteration:  00000035   DeltaT:  2.556E-06   Iter/sec:  8.494E+00
 Iteration:  00000036   DeltaT:  2.556E-06   Iter/sec:  8.574E+00
 Iteration:  00000037   DeltaT:  2.556E-06   Iter/sec:  8.440E+00
 Iteration:  00000038   DeltaT:  2.556E-06   Iter/sec:  8.844E+00
 Iteration:  00000039   DeltaT:  2.556E-06   Iter/sec:  8.472E+00
 Iteration:  00000040   DeltaT:  2.556E-06   Iter/sec:  8.669E+00
 Iteration:  00000041   DeltaT:  2.556E-06   Iter/sec:  8.502E+00
 Iteration:  00000042   DeltaT:  2.556E-06   Iter/sec:  8.765E+00
 Iteration:  00000043   DeltaT:  2.556E-06   Iter/sec:  8.507E+00
 Iteration:  00000044   DeltaT:  2.556E-06   Iter/sec:  8.551E+00
 Iteration:  00000045   DeltaT:  2.556E-06   Iter/sec:  8.655E+00
 Iteration:  00000046   DeltaT:  2.556E-06   Iter/sec:  8.522E+00
 Iteration:  00000047   DeltaT:  2.556E-06   Iter/sec:  8.655E+00
 Iteration:  00000048   DeltaT:  2.556E-06   Iter/sec:  8.616E+00
 Iteration:  00000049   DeltaT:  2.556E-06   Iter/sec:  8.481E+00
 Iteration:  00000050   DeltaT:  2.556E-06   Iter/sec:  8.653E+00


//////////////////////////////////////////////
   Measured Timings for Process 0  (seconds)

 Elapsed time:         6.2830
  Column time:         0.6737
     Row time:         2.0995
Legendre time:         0.3473
     FFT time:         0.4850
   Solve time:         0.4223
    rlma time:         0.0784
    rlmb time:         0.0353
  pspace time:         0.9682
  psolve time:         0.7890
    dphi time:         0.0697
captured time:         5.9684

     iter/sec:         7.9580
//////////////////////////////////////////////
