 //////////////////////////////////////
 Initializating Rayleigh...

 -- Initalizing MPI...
 ---- Specified parameters:
 ---- NCPU  :    256
 ---- NPROW :     32
 ---- NPCOL :      8
 -- MPI initialized.


 -- Initalizing Grid...
 ---- Specified parameters ----
 ---- N_R                 :     64
 ---- N_THETA             :    192
 ---- Ell_MAX             :    127
 ---- R_MIN               :  5.38462E-01
 ---- R_MAX               :  1.53846E+00
 ---- Chebyshev Domains   :      1

        Domain 1
          Grid points           :  64
          Dealiased Polynomials :  42
          Domain Lower Bound    :  5.38462E-01
          Domain Upper Bound    :  1.53846E+00

 -- Grid initialized.

[SHTns 3.4.5] built Apr 30 2021, 15:49:24, id: avx2,ishioka
        Lmax=127, Mmax*Mres=127, Mres=1, Nlm=8256  [1 threads, orthonormalized]
        => using FFTW : Mmax=127, Nphi=384, Nlat=192  (data layout : phi_inc=192, theta_inc=1, phi_embed=384)
        => using Gauss nodes
        + polar optimization threshold = 1.0e-08
        finding optimal algorithm........
        + SHT accuracy = 8.31e-14
        => SHTns is ready.
 -- Initalizing Reference State...
 ---- Specified parameters:
 ---- Reference type           :  Boussinesq (Non-dimensional)
 ---- Rayleigh Number          :  1.00000E+05
 ---- Ekman Number             :  1.00000E-03
 ---- Prandtl Number           :  1.00000E+00
 ---- Magnetic Prandtl Number  :  5.00000E+00
 -- Reference State initialized.

 -- Initializing Fields...
 ---- Specified parameters:
 ---- Hydro Init Type    : Benchmark (Christensen et al. 2001)
 ---- Magnetic Init Type : Benchmark (Christensen et al. 2001)
 -- Fields initialized.

 Initialization Complete.
 //////////////////////////////////////

 Timestep has changed from  0.00000E+00 to  1.00000E-04.
 Iteration:  00000001   DeltaT:  1.000E-04   Iter/sec:  0.000E+00
 Timestep has changed from  1.00000E-04 to  1.02217E-05.
 Iteration:  00000002   DeltaT:  1.022E-05   Iter/sec:  2.480E-01
 Iteration:  00000003   DeltaT:  1.022E-05   Iter/sec:  2.258E+01
 Iteration:  00000004   DeltaT:  1.022E-05   Iter/sec:  3.436E+01
 Iteration:  00000005   DeltaT:  1.022E-05   Iter/sec:  3.362E+01
 Iteration:  00000006   DeltaT:  1.022E-05   Iter/sec:  3.602E+01
 Iteration:  00000007   DeltaT:  1.022E-05   Iter/sec:  3.707E+01
 Iteration:  00000008   DeltaT:  1.022E-05   Iter/sec:  3.607E+01
 Iteration:  00000009   DeltaT:  1.022E-05   Iter/sec:  3.548E+01
 Iteration:  00000010   DeltaT:  1.022E-05   Iter/sec:  3.396E+01
 Iteration:  00000011   DeltaT:  1.022E-05   Iter/sec:  3.458E+01
 Iteration:  00000012   DeltaT:  1.022E-05   Iter/sec:  3.577E+01
 Iteration:  00000013   DeltaT:  1.022E-05   Iter/sec:  3.568E+01
 Iteration:  00000014   DeltaT:  1.022E-05   Iter/sec:  3.366E+01
 Iteration:  00000015   DeltaT:  1.022E-05   Iter/sec:  3.475E+01
 Iteration:  00000016   DeltaT:  1.022E-05   Iter/sec:  3.718E+01
 Iteration:  00000017   DeltaT:  1.022E-05   Iter/sec:  3.572E+01
 Iteration:  00000018   DeltaT:  1.022E-05   Iter/sec:  3.569E+01
 Iteration:  00000019   DeltaT:  1.022E-05   Iter/sec:  3.544E+01
 Iteration:  00000020   DeltaT:  1.022E-05   Iter/sec:  3.434E+01
 Iteration:  00000021   DeltaT:  1.022E-05   Iter/sec:  3.611E+01
 Iteration:  00000022   DeltaT:  1.022E-05   Iter/sec:  3.650E+01
 Iteration:  00000023   DeltaT:  1.022E-05   Iter/sec:  3.363E+01
 Iteration:  00000024   DeltaT:  1.022E-05   Iter/sec:  3.692E+01
 Iteration:  00000025   DeltaT:  1.022E-05   Iter/sec:  3.419E+01
 Iteration:  00000026   DeltaT:  1.022E-05   Iter/sec:  3.464E+01
 Iteration:  00000027   DeltaT:  1.022E-05   Iter/sec:  3.589E+01
 Iteration:  00000028   DeltaT:  1.022E-05   Iter/sec:  3.552E+01
 Iteration:  00000029   DeltaT:  1.022E-05   Iter/sec:  3.483E+01
 Iteration:  00000030   DeltaT:  1.022E-05   Iter/sec:  3.503E+01
 Iteration:  00000031   DeltaT:  1.022E-05   Iter/sec:  3.579E+01
 Iteration:  00000032   DeltaT:  1.022E-05   Iter/sec:  3.542E+01
 Iteration:  00000033   DeltaT:  1.022E-05   Iter/sec:  3.567E+01
 Iteration:  00000034   DeltaT:  1.022E-05   Iter/sec:  3.554E+01
 Iteration:  00000035   DeltaT:  1.022E-05   Iter/sec:  3.532E+01
 Iteration:  00000036   DeltaT:  1.022E-05   Iter/sec:  3.646E+01
 Iteration:  00000037   DeltaT:  1.022E-05   Iter/sec:  3.492E+01
 Iteration:  00000038   DeltaT:  1.022E-05   Iter/sec:  3.398E+01
 Iteration:  00000039   DeltaT:  1.022E-05   Iter/sec:  3.409E+01
 Iteration:  00000040   DeltaT:  1.022E-05   Iter/sec:  3.556E+01
 Iteration:  00000041   DeltaT:  1.022E-05   Iter/sec:  3.462E+01
 Iteration:  00000042   DeltaT:  1.022E-05   Iter/sec:  3.712E+01
 Iteration:  00000043   DeltaT:  1.022E-05   Iter/sec:  3.497E+01
 Iteration:  00000044   DeltaT:  1.022E-05   Iter/sec:  3.607E+01
 Iteration:  00000045   DeltaT:  1.022E-05   Iter/sec:  3.546E+01
 Iteration:  00000046   DeltaT:  1.022E-05   Iter/sec:  3.550E+01
 Iteration:  00000047   DeltaT:  1.022E-05   Iter/sec:  3.414E+01
 Iteration:  00000048   DeltaT:  1.022E-05   Iter/sec:  3.727E+01
 Iteration:  00000049   DeltaT:  1.022E-05   Iter/sec:  3.512E+01
 Iteration:  00000050   DeltaT:  1.022E-05   Iter/sec:  3.539E+01


//////////////////////////////////////////////
   Measured Timings for Process 0  (seconds)

 Elapsed time:         1.6965
  Column time:         0.4474
     Row time:         0.4662
Legendre time:         0.0782
     FFT time:         0.1142
   Solve time:         0.1098
    rlma time:         0.0204
    rlmb time:         0.0083
  pspace time:         0.0708
  psolve time:         0.1105
    dphi time:         0.0099
captured time:         1.4356

     iter/sec:        29.4720
//////////////////////////////////////////////
