 //////////////////////////////////////
 Initializating Rayleigh...

 -- Initalizing MPI...
 ---- Specified parameters:
 ---- NCPU  :     64
 ---- NPROW :      4
 ---- NPCOL :     16
 -- MPI initialized.


 -- Initalizing Grid...
 ---- Specified parameters ----
 ---- N_R                 :     64
 ---- N_THETA             :    192
 ---- Ell_MAX             :    127
 ---- R_MIN               :  5.38462E-01
 ---- R_MAX               :  1.53846E+00
 ---- Chebyshev Domains   :      1

        Domain 1
          Grid points           :  64
          Dealiased Polynomials :  42
          Domain Lower Bound    :  5.38462E-01
          Domain Upper Bound    :  1.53846E+00

 -- Grid initialized.

[SHTns 3.4.5] built Apr 30 2021, 15:49:24, id: avx2,ishioka
        Lmax=127, Mmax*Mres=127, Mres=1, Nlm=8256  [1 threads, orthonormalized]
        => using FFTW : Mmax=127, Nphi=384, Nlat=192  (data layout : phi_inc=192, theta_inc=1, phi_embed=384)
        => using Gauss nodes
        + polar optimization threshold = 1.0e-08
        finding optimal algorithm........
        + SHT accuracy = 4.25e-14
        => SHTns is ready.
 -- Initalizing Reference State...
 ---- Specified parameters:
 ---- Reference type           :  Boussinesq (Non-dimensional)
 ---- Rayleigh Number          :  1.00000E+05
 ---- Ekman Number             :  1.00000E-03
 ---- Prandtl Number           :  1.00000E+00
 ---- Magnetic Prandtl Number  :  5.00000E+00
 -- Reference State initialized.

 -- Initializing Fields...
 ---- Specified parameters:
 ---- Hydro Init Type    : Benchmark (Christensen et al. 2001)
 ---- Magnetic Init Type : Benchmark (Christensen et al. 2001)
 -- Fields initialized.

 Initialization Complete.
 //////////////////////////////////////

 Timestep has changed from  0.00000E+00 to  1.00000E-04.
 Iteration:  00000001   DeltaT:  1.000E-04   Iter/sec:  0.000E+00
 Timestep has changed from  1.00000E-04 to  1.02217E-05.
 Iteration:  00000002   DeltaT:  1.022E-05   Iter/sec:  2.412E-01
 Iteration:  00000003   DeltaT:  1.022E-05   Iter/sec:  8.409E+00
 Iteration:  00000004   DeltaT:  1.022E-05   Iter/sec:  9.159E+00
 Iteration:  00000005   DeltaT:  1.022E-05   Iter/sec:  9.063E+00
 Iteration:  00000006   DeltaT:  1.022E-05   Iter/sec:  9.416E+00
 Iteration:  00000007   DeltaT:  1.022E-05   Iter/sec:  9.156E+00
 Iteration:  00000008   DeltaT:  1.022E-05   Iter/sec:  9.097E+00
 Iteration:  00000009   DeltaT:  1.022E-05   Iter/sec:  9.515E+00
 Iteration:  00000010   DeltaT:  1.022E-05   Iter/sec:  9.227E+00
 Iteration:  00000011   DeltaT:  1.022E-05   Iter/sec:  8.991E+00
 Iteration:  00000012   DeltaT:  1.022E-05   Iter/sec:  9.110E+00
 Iteration:  00000013   DeltaT:  1.022E-05   Iter/sec:  9.414E+00
 Iteration:  00000014   DeltaT:  1.022E-05   Iter/sec:  9.210E+00
 Iteration:  00000015   DeltaT:  1.022E-05   Iter/sec:  9.158E+00
 Iteration:  00000016   DeltaT:  1.022E-05   Iter/sec:  9.109E+00
 Iteration:  00000017   DeltaT:  1.022E-05   Iter/sec:  9.065E+00
 Iteration:  00000018   DeltaT:  1.022E-05   Iter/sec:  9.145E+00
 Iteration:  00000019   DeltaT:  1.022E-05   Iter/sec:  9.048E+00
 Iteration:  00000020   DeltaT:  1.022E-05   Iter/sec:  9.064E+00
 Iteration:  00000021   DeltaT:  1.022E-05   Iter/sec:  9.133E+00
 Iteration:  00000022   DeltaT:  1.022E-05   Iter/sec:  9.111E+00
 Iteration:  00000023   DeltaT:  1.022E-05   Iter/sec:  9.196E+00
 Iteration:  00000024   DeltaT:  1.022E-05   Iter/sec:  9.051E+00
 Iteration:  00000025   DeltaT:  1.022E-05   Iter/sec:  9.074E+00
 Iteration:  00000026   DeltaT:  1.022E-05   Iter/sec:  9.179E+00
 Iteration:  00000027   DeltaT:  1.022E-05   Iter/sec:  9.157E+00
 Iteration:  00000028   DeltaT:  1.022E-05   Iter/sec:  9.076E+00
 Iteration:  00000029   DeltaT:  1.022E-05   Iter/sec:  9.167E+00
 Iteration:  00000030   DeltaT:  1.022E-05   Iter/sec:  9.129E+00
 Iteration:  00000031   DeltaT:  1.022E-05   Iter/sec:  9.158E+00
 Iteration:  00000032   DeltaT:  1.022E-05   Iter/sec:  9.087E+00
 Iteration:  00000033   DeltaT:  1.022E-05   Iter/sec:  9.186E+00
 Iteration:  00000034   DeltaT:  1.022E-05   Iter/sec:  9.126E+00
 Iteration:  00000035   DeltaT:  1.022E-05   Iter/sec:  9.174E+00
 Iteration:  00000036   DeltaT:  1.022E-05   Iter/sec:  9.042E+00
 Iteration:  00000037   DeltaT:  1.022E-05   Iter/sec:  9.153E+00
 Iteration:  00000038   DeltaT:  1.022E-05   Iter/sec:  9.118E+00
 Iteration:  00000039   DeltaT:  1.022E-05   Iter/sec:  9.232E+00
 Iteration:  00000040   DeltaT:  1.022E-05   Iter/sec:  9.252E+00
 Iteration:  00000041   DeltaT:  1.022E-05   Iter/sec:  8.998E+00
 Iteration:  00000042   DeltaT:  1.022E-05   Iter/sec:  9.184E+00
 Iteration:  00000043   DeltaT:  1.022E-05   Iter/sec:  9.133E+00
 Iteration:  00000044   DeltaT:  1.022E-05   Iter/sec:  8.990E+00
 Iteration:  00000045   DeltaT:  1.022E-05   Iter/sec:  9.255E+00
 Iteration:  00000046   DeltaT:  1.022E-05   Iter/sec:  9.352E+00
 Iteration:  00000047   DeltaT:  1.022E-05   Iter/sec:  9.135E+00
 Iteration:  00000048   DeltaT:  1.022E-05   Iter/sec:  9.208E+00
 Iteration:  00000049   DeltaT:  1.022E-05   Iter/sec:  9.292E+00
 Iteration:  00000050   DeltaT:  1.022E-05   Iter/sec:  9.398E+00


//////////////////////////////////////////////
   Measured Timings for Process 0  (seconds)

 Elapsed time:         5.8964
  Column time:         1.0100
     Row time:         1.8455
Legendre time:         0.3802
     FFT time:         0.4647
   Solve time:         0.1356
    rlma time:         0.0991
    rlmb time:         0.0443
  pspace time:         0.7966
  psolve time:         0.5998
    dphi time:         0.0463
captured time:         5.4222

     iter/sec:         8.4797
//////////////////////////////////////////////
