 //////////////////////////////////////
 Initializating Rayleigh...

 -- Initalizing MPI...
 ---- Specified parameters:
 ---- NCPU  :    512
 ---- NPROW :     32
 ---- NPCOL :     16
 -- MPI initialized.


 -- Initalizing Grid...
 ---- Specified parameters ----
 ---- N_R                 :     64
 ---- N_THETA             :    192
 ---- Ell_MAX             :    127
 ---- R_MIN               :  5.38462E-01
 ---- R_MAX               :  1.53846E+00
 ---- Chebyshev Domains   :      1

        Domain 1
          Grid points           :  64
          Dealiased Polynomials :  42
          Domain Lower Bound    :  5.38462E-01
          Domain Upper Bound    :  1.53846E+00

 -- Grid initialized.

[SHTns 3.4.5] built Apr 30 2021, 15:49:24, id: avx2,ishioka
        Lmax=127, Mmax*Mres=127, Mres=1, Nlm=8256  [1 threads, orthonormalized]
        => using FFTW : Mmax=127, Nphi=384, Nlat=192  (data layout : phi_inc=192, theta_inc=1, phi_embed=384)
        => using Gauss nodes
        + polar optimization threshold = 1.0e-08
        finding optimal algorithm........
        + SHT accuracy = 6.49e-14
        => SHTns is ready.
 -- Initalizing Reference State...
 ---- Specified parameters:
 ---- Reference type           :  Boussinesq (Non-dimensional)
 ---- Rayleigh Number          :  1.00000E+05
 ---- Ekman Number             :  1.00000E-03
 ---- Prandtl Number           :  1.00000E+00
 ---- Magnetic Prandtl Number  :  5.00000E+00
 -- Reference State initialized.

 -- Initializing Fields...
 ---- Specified parameters:
 ---- Hydro Init Type    : Benchmark (Christensen et al. 2001)
 ---- Magnetic Init Type : Benchmark (Christensen et al. 2001)
 -- Fields initialized.

 Initialization Complete.
 //////////////////////////////////////

 Timestep has changed from  0.00000E+00 to  1.00000E-04.
 Iteration:  00000001   DeltaT:  1.000E-04   Iter/sec:  0.000E+00
 Timestep has changed from  1.00000E-04 to  1.02217E-05.
 Iteration:  00000002   DeltaT:  1.022E-05   Iter/sec:  2.473E-01
 Iteration:  00000003   DeltaT:  1.022E-05   Iter/sec:  4.924E+01
 Iteration:  00000004   DeltaT:  1.022E-05   Iter/sec:  7.870E+01
 Iteration:  00000005   DeltaT:  1.022E-05   Iter/sec:  7.489E+01
 Iteration:  00000006   DeltaT:  1.022E-05   Iter/sec:  7.544E+01
 Iteration:  00000007   DeltaT:  1.022E-05   Iter/sec:  7.903E+01
 Iteration:  00000008   DeltaT:  1.022E-05   Iter/sec:  7.641E+01
 Iteration:  00000009   DeltaT:  1.022E-05   Iter/sec:  7.610E+01
 Iteration:  00000010   DeltaT:  1.022E-05   Iter/sec:  7.599E+01
 Iteration:  00000011   DeltaT:  1.022E-05   Iter/sec:  7.974E+01
 Iteration:  00000012   DeltaT:  1.022E-05   Iter/sec:  7.625E+01
 Iteration:  00000013   DeltaT:  1.022E-05   Iter/sec:  7.920E+01
 Iteration:  00000014   DeltaT:  1.022E-05   Iter/sec:  7.973E+01
 Iteration:  00000015   DeltaT:  1.022E-05   Iter/sec:  7.621E+01
 Iteration:  00000016   DeltaT:  1.022E-05   Iter/sec:  8.005E+01
 Iteration:  00000017   DeltaT:  1.022E-05   Iter/sec:  8.135E+01
 Iteration:  00000018   DeltaT:  1.022E-05   Iter/sec:  7.626E+01
 Iteration:  00000019   DeltaT:  1.022E-05   Iter/sec:  8.347E+01
 Iteration:  00000020   DeltaT:  1.022E-05   Iter/sec:  7.506E+01
 Iteration:  00000021   DeltaT:  1.022E-05   Iter/sec:  7.629E+01
 Iteration:  00000022   DeltaT:  1.022E-05   Iter/sec:  7.962E+01
 Iteration:  00000023   DeltaT:  1.022E-05   Iter/sec:  7.609E+01
 Iteration:  00000024   DeltaT:  1.022E-05   Iter/sec:  7.940E+01
 Iteration:  00000025   DeltaT:  1.022E-05   Iter/sec:  7.857E+01
 Iteration:  00000026   DeltaT:  1.022E-05   Iter/sec:  8.203E+01
 Iteration:  00000027   DeltaT:  1.022E-05   Iter/sec:  7.627E+01
 Iteration:  00000028   DeltaT:  1.022E-05   Iter/sec:  7.784E+01
 Iteration:  00000029   DeltaT:  1.022E-05   Iter/sec:  8.425E+01
 Iteration:  00000030   DeltaT:  1.022E-05   Iter/sec:  7.939E+01
 Iteration:  00000031   DeltaT:  1.022E-05   Iter/sec:  7.810E+01
 Iteration:  00000032   DeltaT:  1.022E-05   Iter/sec:  7.777E+01
 Iteration:  00000033   DeltaT:  1.022E-05   Iter/sec:  7.745E+01
 Iteration:  00000034   DeltaT:  1.022E-05   Iter/sec:  7.665E+01
 Iteration:  00000035   DeltaT:  1.022E-05   Iter/sec:  8.224E+01
 Iteration:  00000036   DeltaT:  1.022E-05   Iter/sec:  7.666E+01
 Iteration:  00000037   DeltaT:  1.022E-05   Iter/sec:  7.832E+01
 Iteration:  00000038   DeltaT:  1.022E-05   Iter/sec:  8.118E+01
 Iteration:  00000039   DeltaT:  1.022E-05   Iter/sec:  8.196E+01
 Iteration:  00000040   DeltaT:  1.022E-05   Iter/sec:  7.429E+01
 Iteration:  00000041   DeltaT:  1.022E-05   Iter/sec:  8.483E+01
 Iteration:  00000042   DeltaT:  1.022E-05   Iter/sec:  7.794E+01
 Iteration:  00000043   DeltaT:  1.022E-05   Iter/sec:  8.022E+01
 Iteration:  00000044   DeltaT:  1.022E-05   Iter/sec:  8.039E+01
 Iteration:  00000045   DeltaT:  1.022E-05   Iter/sec:  8.275E+01
 Iteration:  00000046   DeltaT:  1.022E-05   Iter/sec:  7.856E+01
 Iteration:  00000047   DeltaT:  1.022E-05   Iter/sec:  7.935E+01
 Iteration:  00000048   DeltaT:  1.022E-05   Iter/sec:  7.643E+01
 Iteration:  00000049   DeltaT:  1.022E-05   Iter/sec:  7.807E+01
 Iteration:  00000050   DeltaT:  1.022E-05   Iter/sec:  7.911E+01


//////////////////////////////////////////////
   Measured Timings for Process 0  (seconds)

 Elapsed time:         3.5993
  Column time:         0.2374
     Row time:         0.1659
Legendre time:         0.0384
     FFT time:         0.0360
   Solve time:         0.0650
    rlma time:         0.0129
    rlmb time:         0.0051
  pspace time:         0.0225
  psolve time:         0.0575
    dphi time:         0.0032
captured time:         0.6440

     iter/sec:        13.8916
//////////////////////////////////////////////
