 //////////////////////////////////////
 Initializating Rayleigh...

 -- Initalizing MPI...
 ---- Specified parameters:
 ---- NCPU  :    512
 ---- NPROW :     16
 ---- NPCOL :     32
 -- MPI initialized.


 -- Initalizing Grid...
 ---- Specified parameters ----
 ---- N_R                 :    128
 ---- N_THETA             :    384
 ---- Ell_MAX             :    255
 ---- R_MIN               :  5.38462E-01
 ---- R_MAX               :  1.53846E+00
 ---- Chebyshev Domains   :      1

        Domain 1
          Grid points           :  128
          Dealiased Polynomials :  85
          Domain Lower Bound    :  5.38462E-01
          Domain Upper Bound    :  1.53846E+00

 -- Grid initialized.

[SHTns 3.4.5] built Apr 30 2021, 15:49:24, id: avx2,ishioka
        Lmax=255, Mmax*Mres=255, Mres=1, Nlm=32896  [2 threads, orthonormalized]
        => using FFTW : Mmax=255, Nphi=768, Nlat=384  (data layout : phi_inc=384, theta_inc=1, phi_embed=768)
        => using Gauss nodes
        + polar optimization threshold = 1.0e-08
        finding optimal algorithm......
        + SHT accuracy = 2.15e-12
        => SHTns is ready.
 -- Initalizing Reference State...
 ---- Specified parameters:
 ---- Reference type           :  Boussinesq (Non-dimensional)
 ---- Rayleigh Number          :  1.00000E+05
 ---- Ekman Number             :  1.00000E-03
 ---- Prandtl Number           :  1.00000E+00
 ---- Magnetic Prandtl Number  :  5.00000E+00
 -- Reference State initialized.

 -- Initializing Fields...
 ---- Specified parameters:
 ---- Hydro Init Type    : Benchmark (Christensen et al. 2001)
 ---- Magnetic Init Type : Benchmark (Christensen et al. 2001)
 -- Fields initialized.

 Initialization Complete.
 //////////////////////////////////////

 Timestep has changed from  0.00000E+00 to  1.00000E-04.
 Iteration:  00000001   DeltaT:  1.000E-04   Iter/sec:  0.000E+00
 Timestep has changed from  1.00000E-04 to  2.55566E-06.
 Iteration:  00000002   DeltaT:  2.556E-06   Iter/sec:  1.439E-01
 Iteration:  00000003   DeltaT:  2.556E-06   Iter/sec:  5.290E+00
 Iteration:  00000004   DeltaT:  2.556E-06   Iter/sec:  6.882E+00
 Iteration:  00000005   DeltaT:  2.556E-06   Iter/sec:  6.709E+00
 Iteration:  00000006   DeltaT:  2.556E-06   Iter/sec:  7.069E+00
 Iteration:  00000007   DeltaT:  2.556E-06   Iter/sec:  6.719E+00
 Iteration:  00000008   DeltaT:  2.556E-06   Iter/sec:  6.919E+00
 Iteration:  00000009   DeltaT:  2.556E-06   Iter/sec:  6.806E+00
 Iteration:  00000010   DeltaT:  2.556E-06   Iter/sec:  7.034E+00
 Iteration:  00000011   DeltaT:  2.556E-06   Iter/sec:  6.995E+00
 Iteration:  00000012   DeltaT:  2.556E-06   Iter/sec:  7.050E+00
 Iteration:  00000013   DeltaT:  2.556E-06   Iter/sec:  6.770E+00
 Iteration:  00000014   DeltaT:  2.556E-06   Iter/sec:  6.869E+00
 Iteration:  00000015   DeltaT:  2.556E-06   Iter/sec:  7.015E+00
 Iteration:  00000016   DeltaT:  2.556E-06   Iter/sec:  7.016E+00
 Iteration:  00000017   DeltaT:  2.556E-06   Iter/sec:  7.028E+00
 Iteration:  00000018   DeltaT:  2.556E-06   Iter/sec:  7.316E+00
 Iteration:  00000019   DeltaT:  2.556E-06   Iter/sec:  6.928E+00
 Iteration:  00000020   DeltaT:  2.556E-06   Iter/sec:  6.994E+00
 Iteration:  00000021   DeltaT:  2.556E-06   Iter/sec:  7.080E+00
 Iteration:  00000022   DeltaT:  2.556E-06   Iter/sec:  7.046E+00
 Iteration:  00000023   DeltaT:  2.556E-06   Iter/sec:  6.932E+00
 Iteration:  00000024   DeltaT:  2.556E-06   Iter/sec:  7.190E+00
 Iteration:  00000025   DeltaT:  2.556E-06   Iter/sec:  7.118E+00
 Iteration:  00000026   DeltaT:  2.556E-06   Iter/sec:  6.954E+00
 Iteration:  00000027   DeltaT:  2.556E-06   Iter/sec:  7.065E+00
 Iteration:  00000028   DeltaT:  2.556E-06   Iter/sec:  6.917E+00
 Iteration:  00000029   DeltaT:  2.556E-06   Iter/sec:  7.135E+00
 Iteration:  00000030   DeltaT:  2.556E-06   Iter/sec:  6.987E+00
 Iteration:  00000031   DeltaT:  2.556E-06   Iter/sec:  7.227E+00
 Iteration:  00000032   DeltaT:  2.556E-06   Iter/sec:  7.024E+00
 Iteration:  00000033   DeltaT:  2.556E-06   Iter/sec:  7.166E+00
 Iteration:  00000034   DeltaT:  2.556E-06   Iter/sec:  7.277E+00
 Iteration:  00000035   DeltaT:  2.556E-06   Iter/sec:  6.992E+00
 Iteration:  00000036   DeltaT:  2.556E-06   Iter/sec:  7.151E+00
 Iteration:  00000037   DeltaT:  2.556E-06   Iter/sec:  7.385E+00
 Iteration:  00000038   DeltaT:  2.556E-06   Iter/sec:  7.097E+00
 Iteration:  00000039   DeltaT:  2.556E-06   Iter/sec:  7.013E+00
 Iteration:  00000040   DeltaT:  2.556E-06   Iter/sec:  7.114E+00
 Iteration:  00000041   DeltaT:  2.556E-06   Iter/sec:  7.232E+00
 Iteration:  00000042   DeltaT:  2.556E-06   Iter/sec:  7.026E+00
 Iteration:  00000043   DeltaT:  2.556E-06   Iter/sec:  7.129E+00
 Iteration:  00000044   DeltaT:  2.556E-06   Iter/sec:  6.959E+00
 Iteration:  00000045   DeltaT:  2.556E-06   Iter/sec:  7.111E+00
 Iteration:  00000046   DeltaT:  2.556E-06   Iter/sec:  6.986E+00
 Iteration:  00000047   DeltaT:  2.556E-06   Iter/sec:  7.227E+00
 Iteration:  00000048   DeltaT:  2.556E-06   Iter/sec:  7.103E+00
 Iteration:  00000049   DeltaT:  2.556E-06   Iter/sec:  7.013E+00
 Iteration:  00000050   DeltaT:  2.556E-06   Iter/sec:  7.005E+00


//////////////////////////////////////////////
   Measured Timings for Process 0  (seconds)

 Elapsed time:         7.2018
  Column time:         1.9700
     Row time:         2.0588
Legendre time:         0.4969
     FFT time:         0.4829
   Solve time:         0.3010
    rlma time:         0.0900
    rlmb time:         0.0374
  pspace time:         0.9578
  psolve time:         0.6760
    dphi time:         0.0661
captured time:         7.1371

     iter/sec:         6.9427
//////////////////////////////////////////////
