 //////////////////////////////////////
 Initializating Rayleigh...

 -- Initalizing MPI...
 ---- Specified parameters:
 ---- NCPU  :     64
 ---- NPROW :     16
 ---- NPCOL :      4
 -- MPI initialized.


 -- Initalizing Grid...
 ---- Specified parameters ----
 ---- N_R                 :     64
 ---- N_THETA             :    192
 ---- Ell_MAX             :    127
 ---- R_MIN               :  5.38462E-01
 ---- R_MAX               :  1.53846E+00
 ---- Chebyshev Domains   :      1

        Domain 1
          Grid points           :  64
          Dealiased Polynomials :  42
          Domain Lower Bound    :  5.38462E-01
          Domain Upper Bound    :  1.53846E+00

 -- Grid initialized.

[SHTns 3.4.5] built Apr 30 2021, 15:49:24, id: avx2,ishioka
        Lmax=127, Mmax*Mres=127, Mres=1, Nlm=8256  [2 threads, orthonormalized]
        => using FFTW : Mmax=127, Nphi=384, Nlat=192  (data layout : phi_inc=192, theta_inc=1, phi_embed=384)
        => using Gauss nodes
        + polar optimization threshold = 1.0e-08
        finding optimal algorithm...........
        + SHT accuracy = 5.96e-14
        => SHTns is ready.
 -- Initalizing Reference State...
 ---- Specified parameters:
 ---- Reference type           :  Boussinesq (Non-dimensional)
 ---- Rayleigh Number          :  1.00000E+05
 ---- Ekman Number             :  1.00000E-03
 ---- Prandtl Number           :  1.00000E+00
 ---- Magnetic Prandtl Number  :  5.00000E+00
 -- Reference State initialized.

 -- Initializing Fields...
 ---- Specified parameters:
 ---- Hydro Init Type    : Benchmark (Christensen et al. 2001)
 ---- Magnetic Init Type : Benchmark (Christensen et al. 2001)
 -- Fields initialized.

 Initialization Complete.
 //////////////////////////////////////

 Timestep has changed from  0.00000E+00 to  1.00000E-04.
 Iteration:  00000001   DeltaT:  1.000E-04   Iter/sec:  0.000E+00
 Timestep has changed from  1.00000E-04 to  1.02217E-05.
 Iteration:  00000002   DeltaT:  1.022E-05   Iter/sec:  2.406E-01
 Iteration:  00000003   DeltaT:  1.022E-05   Iter/sec:  6.977E+00
 Iteration:  00000004   DeltaT:  1.022E-05   Iter/sec:  9.105E+00
 Iteration:  00000005   DeltaT:  1.022E-05   Iter/sec:  9.330E+00
 Iteration:  00000006   DeltaT:  1.022E-05   Iter/sec:  9.145E+00
 Iteration:  00000007   DeltaT:  1.022E-05   Iter/sec:  9.217E+00
 Iteration:  00000008   DeltaT:  1.022E-05   Iter/sec:  9.278E+00
 Iteration:  00000009   DeltaT:  1.022E-05   Iter/sec:  9.133E+00
 Iteration:  00000010   DeltaT:  1.022E-05   Iter/sec:  9.392E+00
 Iteration:  00000011   DeltaT:  1.022E-05   Iter/sec:  9.142E+00
 Iteration:  00000012   DeltaT:  1.022E-05   Iter/sec:  9.000E+00
 Iteration:  00000013   DeltaT:  1.022E-05   Iter/sec:  9.183E+00
 Iteration:  00000014   DeltaT:  1.022E-05   Iter/sec:  9.212E+00
 Iteration:  00000015   DeltaT:  1.022E-05   Iter/sec:  9.218E+00
 Iteration:  00000016   DeltaT:  1.022E-05   Iter/sec:  9.259E+00
 Iteration:  00000017   DeltaT:  1.022E-05   Iter/sec:  9.173E+00
 Iteration:  00000018   DeltaT:  1.022E-05   Iter/sec:  9.157E+00
 Iteration:  00000019   DeltaT:  1.022E-05   Iter/sec:  9.296E+00
 Iteration:  00000020   DeltaT:  1.022E-05   Iter/sec:  9.103E+00
 Iteration:  00000021   DeltaT:  1.022E-05   Iter/sec:  9.237E+00
 Iteration:  00000022   DeltaT:  1.022E-05   Iter/sec:  9.387E+00
 Iteration:  00000023   DeltaT:  1.022E-05   Iter/sec:  9.343E+00
 Iteration:  00000024   DeltaT:  1.022E-05   Iter/sec:  9.193E+00
 Iteration:  00000025   DeltaT:  1.022E-05   Iter/sec:  9.209E+00
 Iteration:  00000026   DeltaT:  1.022E-05   Iter/sec:  9.295E+00
 Iteration:  00000027   DeltaT:  1.022E-05   Iter/sec:  9.254E+00
 Iteration:  00000028   DeltaT:  1.022E-05   Iter/sec:  9.498E+00
 Iteration:  00000029   DeltaT:  1.022E-05   Iter/sec:  9.247E+00
 Iteration:  00000030   DeltaT:  1.022E-05   Iter/sec:  9.729E+00
 Iteration:  00000031   DeltaT:  1.022E-05   Iter/sec:  9.203E+00
 Iteration:  00000032   DeltaT:  1.022E-05   Iter/sec:  9.274E+00
 Iteration:  00000033   DeltaT:  1.022E-05   Iter/sec:  9.151E+00
 Iteration:  00000034   DeltaT:  1.022E-05   Iter/sec:  9.327E+00
 Iteration:  00000035   DeltaT:  1.022E-05   Iter/sec:  9.197E+00
 Iteration:  00000036   DeltaT:  1.022E-05   Iter/sec:  9.337E+00
 Iteration:  00000037   DeltaT:  1.022E-05   Iter/sec:  9.449E+00
 Iteration:  00000038   DeltaT:  1.022E-05   Iter/sec:  9.266E+00
 Iteration:  00000039   DeltaT:  1.022E-05   Iter/sec:  9.170E+00
 Iteration:  00000040   DeltaT:  1.022E-05   Iter/sec:  9.370E+00
 Iteration:  00000041   DeltaT:  1.022E-05   Iter/sec:  9.346E+00
 Iteration:  00000042   DeltaT:  1.022E-05   Iter/sec:  9.198E+00
 Iteration:  00000043   DeltaT:  1.022E-05   Iter/sec:  9.465E+00
 Iteration:  00000044   DeltaT:  1.022E-05   Iter/sec:  9.334E+00
 Iteration:  00000045   DeltaT:  1.022E-05   Iter/sec:  9.742E+00
 Iteration:  00000046   DeltaT:  1.022E-05   Iter/sec:  9.326E+00
 Iteration:  00000047   DeltaT:  1.022E-05   Iter/sec:  9.847E+00
 Iteration:  00000048   DeltaT:  1.022E-05   Iter/sec:  9.339E+00
 Iteration:  00000049   DeltaT:  1.022E-05   Iter/sec:  9.602E+00
 Iteration:  00000050   DeltaT:  1.022E-05   Iter/sec:  9.550E+00


//////////////////////////////////////////////
   Measured Timings for Process 0  (seconds)

 Elapsed time:         5.4471
  Column time:         0.4405
     Row time:         2.0130
Legendre time:         0.3980
     FFT time:         0.4871
   Solve time:         0.2225
    rlma time:         0.0818
    rlmb time:         0.0355
  pspace time:         0.9682
  psolve time:         0.6646
    dphi time:         0.0710
captured time:         5.3822

     iter/sec:         9.1791
//////////////////////////////////////////////
