 //////////////////////////////////////
 Initializating Rayleigh...

 -- Initalizing MPI...
 ---- Specified parameters:
 ---- NCPU  :    256
 ---- NPROW :     16
 ---- NPCOL :     16
 -- MPI initialized.


 -- Initalizing Grid...
 ---- Specified parameters ----
 ---- N_R                 :     64
 ---- N_THETA             :    192
 ---- Ell_MAX             :    127
 ---- R_MIN               :  5.38462E-01
 ---- R_MAX               :  1.53846E+00
 ---- Chebyshev Domains   :      1

        Domain 1
          Grid points           :  64
          Dealiased Polynomials :  42
          Domain Lower Bound    :  5.38462E-01
          Domain Upper Bound    :  1.53846E+00

 -- Grid initialized.

[SHTns 3.4.5] built Apr 30 2021, 15:49:24, id: avx2,ishioka
        Lmax=127, Mmax*Mres=127, Mres=1, Nlm=8256  [2 threads, orthonormalized]
        => using FFTW : Mmax=127, Nphi=384, Nlat=192  (data layout : phi_inc=192, theta_inc=1, phi_embed=384)
        => using Gauss nodes
        + polar optimization threshold = 1.0e-08
        finding optimal algorithm...........
        + SHT accuracy = 4.56e-14
        => SHTns is ready.
 -- Initalizing Reference State...
 ---- Specified parameters:
 ---- Reference type           :  Boussinesq (Non-dimensional)
 ---- Rayleigh Number          :  1.00000E+05
 ---- Ekman Number             :  1.00000E-03
 ---- Prandtl Number           :  1.00000E+00
 ---- Magnetic Prandtl Number  :  5.00000E+00
 -- Reference State initialized.

 -- Initializing Fields...
 ---- Specified parameters:
 ---- Hydro Init Type    : Benchmark (Christensen et al. 2001)
 ---- Magnetic Init Type : Benchmark (Christensen et al. 2001)
 -- Fields initialized.

 Initialization Complete.
 //////////////////////////////////////

 Timestep has changed from  0.00000E+00 to  1.00000E-04.
 Iteration:  00000001   DeltaT:  1.000E-04   Iter/sec:  0.000E+00
 Timestep has changed from  1.00000E-04 to  1.02217E-05.
 Iteration:  00000002   DeltaT:  1.022E-05   Iter/sec:  1.125E-01
 Iteration:  00000003   DeltaT:  1.022E-05   Iter/sec:  1.810E+01
 Iteration:  00000004   DeltaT:  1.022E-05   Iter/sec:  3.977E+01
 Iteration:  00000005   DeltaT:  1.022E-05   Iter/sec:  4.321E+01
 Iteration:  00000006   DeltaT:  1.022E-05   Iter/sec:  4.202E+01
 Iteration:  00000007   DeltaT:  1.022E-05   Iter/sec:  4.223E+01
 Iteration:  00000008   DeltaT:  1.022E-05   Iter/sec:  4.212E+01
 Iteration:  00000009   DeltaT:  1.022E-05   Iter/sec:  4.258E+01
 Iteration:  00000010   DeltaT:  1.022E-05   Iter/sec:  4.293E+01
 Iteration:  00000011   DeltaT:  1.022E-05   Iter/sec:  4.320E+01
 Iteration:  00000012   DeltaT:  1.022E-05   Iter/sec:  4.234E+01
 Iteration:  00000013   DeltaT:  1.022E-05   Iter/sec:  4.330E+01
 Iteration:  00000014   DeltaT:  1.022E-05   Iter/sec:  4.314E+01
 Iteration:  00000015   DeltaT:  1.022E-05   Iter/sec:  4.357E+01
 Iteration:  00000016   DeltaT:  1.022E-05   Iter/sec:  4.364E+01
 Iteration:  00000017   DeltaT:  1.022E-05   Iter/sec:  4.289E+01
 Iteration:  00000018   DeltaT:  1.022E-05   Iter/sec:  4.277E+01
 Iteration:  00000019   DeltaT:  1.022E-05   Iter/sec:  4.333E+01
 Iteration:  00000020   DeltaT:  1.022E-05   Iter/sec:  4.294E+01
 Iteration:  00000021   DeltaT:  1.022E-05   Iter/sec:  4.225E+01
 Iteration:  00000022   DeltaT:  1.022E-05   Iter/sec:  4.310E+01
 Iteration:  00000023   DeltaT:  1.022E-05   Iter/sec:  4.228E+01
 Iteration:  00000024   DeltaT:  1.022E-05   Iter/sec:  4.519E+01
 Iteration:  00000025   DeltaT:  1.022E-05   Iter/sec:  4.246E+01
 Iteration:  00000026   DeltaT:  1.022E-05   Iter/sec:  4.250E+01
 Iteration:  00000027   DeltaT:  1.022E-05   Iter/sec:  4.360E+01
 Iteration:  00000028   DeltaT:  1.022E-05   Iter/sec:  4.399E+01
 Iteration:  00000029   DeltaT:  1.022E-05   Iter/sec:  4.239E+01
 Iteration:  00000030   DeltaT:  1.022E-05   Iter/sec:  4.350E+01
 Iteration:  00000031   DeltaT:  1.022E-05   Iter/sec:  4.244E+01
 Iteration:  00000032   DeltaT:  1.022E-05   Iter/sec:  4.396E+01
 Iteration:  00000033   DeltaT:  1.022E-05   Iter/sec:  4.394E+01
 Iteration:  00000034   DeltaT:  1.022E-05   Iter/sec:  4.386E+01
 Iteration:  00000035   DeltaT:  1.022E-05   Iter/sec:  4.349E+01
 Iteration:  00000036   DeltaT:  1.022E-05   Iter/sec:  4.312E+01
 Iteration:  00000037   DeltaT:  1.022E-05   Iter/sec:  4.336E+01
 Iteration:  00000038   DeltaT:  1.022E-05   Iter/sec:  4.271E+01
 Iteration:  00000039   DeltaT:  1.022E-05   Iter/sec:  4.262E+01
 Iteration:  00000040   DeltaT:  1.022E-05   Iter/sec:  4.263E+01
 Iteration:  00000041   DeltaT:  1.022E-05   Iter/sec:  4.292E+01
 Iteration:  00000042   DeltaT:  1.022E-05   Iter/sec:  4.275E+01
 Iteration:  00000043   DeltaT:  1.022E-05   Iter/sec:  4.360E+01
 Iteration:  00000044   DeltaT:  1.022E-05   Iter/sec:  4.259E+01
 Iteration:  00000045   DeltaT:  1.022E-05   Iter/sec:  4.165E+01
 Iteration:  00000046   DeltaT:  1.022E-05   Iter/sec:  4.291E+01
 Iteration:  00000047   DeltaT:  1.022E-05   Iter/sec:  3.887E+01
 Iteration:  00000048   DeltaT:  1.022E-05   Iter/sec:  4.281E+01
 Iteration:  00000049   DeltaT:  1.022E-05   Iter/sec:  4.291E+01
 Iteration:  00000050   DeltaT:  1.022E-05   Iter/sec:  4.203E+01


//////////////////////////////////////////////
   Measured Timings for Process 0  (seconds)

 Elapsed time:         1.2355
  Column time:         0.3255
     Row time:         0.3676
Legendre time:         0.0839
     FFT time:         0.0977
   Solve time:         0.0782
    rlma time:         0.0250
    rlmb time:         0.0098
  pspace time:         0.1160
  psolve time:         0.0972
    dphi time:         0.0148
captured time:         1.2157

     iter/sec:        40.4690
//////////////////////////////////////////////
