 //////////////////////////////////////
 Initializating Rayleigh...

 -- Initalizing MPI...
 ---- Specified parameters:
 ---- NCPU  :    256
 ---- NPROW :     32
 ---- NPCOL :      8
 -- MPI initialized.


 -- Initalizing Grid...
 ---- Specified parameters ----
 ---- N_R                 :    128
 ---- N_THETA             :    384
 ---- Ell_MAX             :    255
 ---- R_MIN               :  5.38462E-01
 ---- R_MAX               :  1.53846E+00
 ---- Chebyshev Domains   :      1

        Domain 1
          Grid points           :  128
          Dealiased Polynomials :  85
          Domain Lower Bound    :  5.38462E-01
          Domain Upper Bound    :  1.53846E+00

 -- Grid initialized.

[SHTns 3.4.5] built Apr 30 2021, 15:49:24, id: avx2,ishioka
        Lmax=255, Mmax*Mres=255, Mres=1, Nlm=32896  [2 threads, orthonormalized]
        => using FFTW : Mmax=255, Nphi=768, Nlat=384  (data layout : phi_inc=384, theta_inc=1, phi_embed=768)
        => using Gauss nodes
        + polar optimization threshold = 1.0e-08
        finding optimal algorithm......
        + SHT accuracy = 2.3e-12
        => SHTns is ready.
 -- Initalizing Reference State...
 ---- Specified parameters:
 ---- Reference type           :  Boussinesq (Non-dimensional)
 ---- Rayleigh Number          :  1.00000E+05
 ---- Ekman Number             :  1.00000E-03
 ---- Prandtl Number           :  1.00000E+00
 ---- Magnetic Prandtl Number  :  5.00000E+00
 -- Reference State initialized.

 -- Initializing Fields...
 ---- Specified parameters:
 ---- Hydro Init Type    : Benchmark (Christensen et al. 2001)
 ---- Magnetic Init Type : Benchmark (Christensen et al. 2001)
 -- Fields initialized.

 Initialization Complete.
 //////////////////////////////////////

 Timestep has changed from  0.00000E+00 to  1.00000E-04.
 Iteration:  00000001   DeltaT:  1.000E-04   Iter/sec:  0.000E+00
 Timestep has changed from  1.00000E-04 to  2.55566E-06.
 Iteration:  00000002   DeltaT:  2.556E-06   Iter/sec:  1.388E-01
 Iteration:  00000003   DeltaT:  2.556E-06   Iter/sec:  2.158E+00
 Iteration:  00000004   DeltaT:  2.556E-06   Iter/sec:  3.153E+00
 Iteration:  00000005   DeltaT:  2.556E-06   Iter/sec:  3.308E+00
 Iteration:  00000006   DeltaT:  2.556E-06   Iter/sec:  3.211E+00
 Iteration:  00000007   DeltaT:  2.556E-06   Iter/sec:  3.353E+00
 Iteration:  00000008   DeltaT:  2.556E-06   Iter/sec:  3.285E+00
 Iteration:  00000009   DeltaT:  2.556E-06   Iter/sec:  3.252E+00
 Iteration:  00000010   DeltaT:  2.556E-06   Iter/sec:  3.308E+00
 Iteration:  00000011   DeltaT:  2.556E-06   Iter/sec:  3.276E+00
 Iteration:  00000012   DeltaT:  2.556E-06   Iter/sec:  3.289E+00
 Iteration:  00000013   DeltaT:  2.556E-06   Iter/sec:  3.259E+00
 Iteration:  00000014   DeltaT:  2.556E-06   Iter/sec:  3.362E+00
 Iteration:  00000015   DeltaT:  2.556E-06   Iter/sec:  3.277E+00
 Iteration:  00000016   DeltaT:  2.556E-06   Iter/sec:  3.292E+00
 Iteration:  00000017   DeltaT:  2.556E-06   Iter/sec:  3.337E+00
 Iteration:  00000018   DeltaT:  2.556E-06   Iter/sec:  3.195E+00
 Iteration:  00000019   DeltaT:  2.556E-06   Iter/sec:  3.291E+00
 Iteration:  00000020   DeltaT:  2.556E-06   Iter/sec:  3.264E+00
 Iteration:  00000021   DeltaT:  2.556E-06   Iter/sec:  3.310E+00
 Iteration:  00000022   DeltaT:  2.556E-06   Iter/sec:  3.339E+00
 Iteration:  00000023   DeltaT:  2.556E-06   Iter/sec:  3.209E+00
 Iteration:  00000024   DeltaT:  2.556E-06   Iter/sec:  3.366E+00
 Iteration:  00000025   DeltaT:  2.556E-06   Iter/sec:  3.302E+00
 Iteration:  00000026   DeltaT:  2.556E-06   Iter/sec:  3.303E+00
 Iteration:  00000027   DeltaT:  2.556E-06   Iter/sec:  3.307E+00
 Iteration:  00000028   DeltaT:  2.556E-06   Iter/sec:  3.318E+00
 Iteration:  00000029   DeltaT:  2.556E-06   Iter/sec:  3.304E+00
 Iteration:  00000030   DeltaT:  2.556E-06   Iter/sec:  3.210E+00
 Iteration:  00000031   DeltaT:  2.556E-06   Iter/sec:  3.208E+00
 Iteration:  00000032   DeltaT:  2.556E-06   Iter/sec:  3.332E+00
 Iteration:  00000033   DeltaT:  2.556E-06   Iter/sec:  3.271E+00
 Iteration:  00000034   DeltaT:  2.556E-06   Iter/sec:  3.209E+00
 Iteration:  00000035   DeltaT:  2.556E-06   Iter/sec:  3.311E+00
 Iteration:  00000036   DeltaT:  2.556E-06   Iter/sec:  3.296E+00
 Iteration:  00000037   DeltaT:  2.556E-06   Iter/sec:  3.235E+00
 Iteration:  00000038   DeltaT:  2.556E-06   Iter/sec:  3.270E+00
 Iteration:  00000039   DeltaT:  2.556E-06   Iter/sec:  3.247E+00
 Iteration:  00000040   DeltaT:  2.556E-06   Iter/sec:  3.318E+00
 Iteration:  00000041   DeltaT:  2.556E-06   Iter/sec:  3.311E+00
 Iteration:  00000042   DeltaT:  2.556E-06   Iter/sec:  3.258E+00
 Iteration:  00000043   DeltaT:  2.556E-06   Iter/sec:  3.295E+00
 Iteration:  00000044   DeltaT:  2.556E-06   Iter/sec:  3.271E+00
 Iteration:  00000045   DeltaT:  2.556E-06   Iter/sec:  3.327E+00
 Iteration:  00000046   DeltaT:  2.556E-06   Iter/sec:  3.208E+00
 Iteration:  00000047   DeltaT:  2.556E-06   Iter/sec:  3.292E+00
 Iteration:  00000048   DeltaT:  2.556E-06   Iter/sec:  3.289E+00
 Iteration:  00000049   DeltaT:  2.556E-06   Iter/sec:  3.280E+00
 Iteration:  00000050   DeltaT:  2.556E-06   Iter/sec:  3.286E+00


//////////////////////////////////////////////
   Measured Timings for Process 0  (seconds)

 Elapsed time:        15.5725
  Column time:         2.6754
     Row time:         6.0740
Legendre time:         1.2765
     FFT time:         0.9402
   Solve time:         0.7636
    rlma time:         0.1713
    rlmb time:         0.0748
  pspace time:         1.7245
  psolve time:         1.6573
    dphi time:         0.0651
captured time:        15.4228

     iter/sec:         3.2108
//////////////////////////////////////////////
