 //////////////////////////////////////
 Initializating Rayleigh...

 -- Initalizing MPI...
 ---- Specified parameters:
 ---- NCPU  :     64
 ---- NPROW :      8
 ---- NPCOL :      8
 -- MPI initialized.


 -- Initalizing Grid...
 ---- Specified parameters ----
 ---- N_R                 :     64
 ---- N_THETA             :    192
 ---- Ell_MAX             :    127
 ---- R_MIN               :  5.38462E-01
 ---- R_MAX               :  1.53846E+00
 ---- Chebyshev Domains   :      1

        Domain 1
          Grid points           :  64
          Dealiased Polynomials :  42
          Domain Lower Bound    :  5.38462E-01
          Domain Upper Bound    :  1.53846E+00

 -- Grid initialized.

[SHTns 3.4.5] built Apr 30 2021, 15:49:24, id: avx2,ishioka
        Lmax=127, Mmax*Mres=127, Mres=1, Nlm=8256  [2 threads, orthonormalized]
        => using FFTW : Mmax=127, Nphi=384, Nlat=192  (data layout : phi_inc=192, theta_inc=1, phi_embed=384)
        => using Gauss nodes
        + polar optimization threshold = 1.0e-08
        finding optimal algorithm...........
        + SHT accuracy = 5.27e-14
        => SHTns is ready.
 -- Initalizing Reference State...
 ---- Specified parameters:
 ---- Reference type           :  Boussinesq (Non-dimensional)
 ---- Rayleigh Number          :  1.00000E+05
 ---- Ekman Number             :  1.00000E-03
 ---- Prandtl Number           :  1.00000E+00
 ---- Magnetic Prandtl Number  :  5.00000E+00
 -- Reference State initialized.

 -- Initializing Fields...
 ---- Specified parameters:
 ---- Hydro Init Type    : Benchmark (Christensen et al. 2001)
 ---- Magnetic Init Type : Benchmark (Christensen et al. 2001)
 -- Fields initialized.

 Initialization Complete.
 //////////////////////////////////////

 Timestep has changed from  0.00000E+00 to  1.00000E-04.
 Iteration:  00000001   DeltaT:  1.000E-04   Iter/sec:  0.000E+00
 Timestep has changed from  1.00000E-04 to  1.02217E-05.
 Iteration:  00000002   DeltaT:  1.022E-05   Iter/sec:  2.407E-01
 Iteration:  00000003   DeltaT:  1.022E-05   Iter/sec:  7.999E+00
 Iteration:  00000004   DeltaT:  1.022E-05   Iter/sec:  9.110E+00
 Iteration:  00000005   DeltaT:  1.022E-05   Iter/sec:  9.122E+00
 Iteration:  00000006   DeltaT:  1.022E-05   Iter/sec:  9.163E+00
 Iteration:  00000007   DeltaT:  1.022E-05   Iter/sec:  9.275E+00
 Iteration:  00000008   DeltaT:  1.022E-05   Iter/sec:  9.062E+00
 Iteration:  00000009   DeltaT:  1.022E-05   Iter/sec:  9.225E+00
 Iteration:  00000010   DeltaT:  1.022E-05   Iter/sec:  9.229E+00
 Iteration:  00000011   DeltaT:  1.022E-05   Iter/sec:  9.121E+00
 Iteration:  00000012   DeltaT:  1.022E-05   Iter/sec:  9.298E+00
 Iteration:  00000013   DeltaT:  1.022E-05   Iter/sec:  9.163E+00
 Iteration:  00000014   DeltaT:  1.022E-05   Iter/sec:  9.197E+00
 Iteration:  00000015   DeltaT:  1.022E-05   Iter/sec:  9.423E+00
 Iteration:  00000016   DeltaT:  1.022E-05   Iter/sec:  9.270E+00
 Iteration:  00000017   DeltaT:  1.022E-05   Iter/sec:  9.531E+00
 Iteration:  00000018   DeltaT:  1.022E-05   Iter/sec:  9.602E+00
 Iteration:  00000019   DeltaT:  1.022E-05   Iter/sec:  9.564E+00
 Iteration:  00000020   DeltaT:  1.022E-05   Iter/sec:  9.579E+00
 Iteration:  00000021   DeltaT:  1.022E-05   Iter/sec:  9.532E+00
 Iteration:  00000022   DeltaT:  1.022E-05   Iter/sec:  9.637E+00
 Iteration:  00000023   DeltaT:  1.022E-05   Iter/sec:  9.601E+00
 Iteration:  00000024   DeltaT:  1.022E-05   Iter/sec:  9.422E+00
 Iteration:  00000025   DeltaT:  1.022E-05   Iter/sec:  9.850E+00
 Iteration:  00000026   DeltaT:  1.022E-05   Iter/sec:  9.391E+00
 Iteration:  00000027   DeltaT:  1.022E-05   Iter/sec:  9.610E+00
 Iteration:  00000028   DeltaT:  1.022E-05   Iter/sec:  9.732E+00
 Iteration:  00000029   DeltaT:  1.022E-05   Iter/sec:  9.526E+00
 Iteration:  00000030   DeltaT:  1.022E-05   Iter/sec:  9.505E+00
 Iteration:  00000031   DeltaT:  1.022E-05   Iter/sec:  9.571E+00
 Iteration:  00000032   DeltaT:  1.022E-05   Iter/sec:  9.736E+00
 Iteration:  00000033   DeltaT:  1.022E-05   Iter/sec:  9.564E+00
 Iteration:  00000034   DeltaT:  1.022E-05   Iter/sec:  9.603E+00
 Iteration:  00000035   DeltaT:  1.022E-05   Iter/sec:  9.745E+00
 Iteration:  00000036   DeltaT:  1.022E-05   Iter/sec:  9.678E+00
 Iteration:  00000037   DeltaT:  1.022E-05   Iter/sec:  9.826E+00
 Iteration:  00000038   DeltaT:  1.022E-05   Iter/sec:  9.723E+00
 Iteration:  00000039   DeltaT:  1.022E-05   Iter/sec:  9.566E+00
 Iteration:  00000040   DeltaT:  1.022E-05   Iter/sec:  9.658E+00
 Iteration:  00000041   DeltaT:  1.022E-05   Iter/sec:  9.658E+00
 Iteration:  00000042   DeltaT:  1.022E-05   Iter/sec:  9.601E+00
 Iteration:  00000043   DeltaT:  1.022E-05   Iter/sec:  9.725E+00
 Iteration:  00000044   DeltaT:  1.022E-05   Iter/sec:  9.581E+00
 Iteration:  00000045   DeltaT:  1.022E-05   Iter/sec:  9.734E+00
 Iteration:  00000046   DeltaT:  1.022E-05   Iter/sec:  9.610E+00
 Iteration:  00000047   DeltaT:  1.022E-05   Iter/sec:  9.783E+00
 Iteration:  00000048   DeltaT:  1.022E-05   Iter/sec:  9.784E+00
 Iteration:  00000049   DeltaT:  1.022E-05   Iter/sec:  9.711E+00
 Iteration:  00000050   DeltaT:  1.022E-05   Iter/sec:  9.693E+00


//////////////////////////////////////////////
   Measured Timings for Process 0  (seconds)

 Elapsed time:         5.2999
  Column time:         0.5161
     Row time:         2.0149
Legendre time:         0.3689
     FFT time:         0.5066
   Solve time:         0.1577
    rlma time:         0.0868
    rlmb time:         0.0358
  pspace time:         0.8691
  psolve time:         0.6230
    dphi time:         0.0621
captured time:         5.2409

     iter/sec:         9.4342
//////////////////////////////////////////////
