 //////////////////////////////////////
 Initializating Rayleigh...

 -- Initalizing MPI...
 ---- Specified parameters:
 ---- NCPU  :    512
 ---- NPROW :     32
 ---- NPCOL :     16
 -- MPI initialized.


 -- Initalizing Grid...
 ---- Specified parameters ----
 ---- N_R                 :     64
 ---- N_THETA             :   1536
 ---- Ell_MAX             :   1023
 ---- R_MIN               :  5.38462E-01
 ---- R_MAX               :  1.53846E+00
 ---- Chebyshev Domains   :      1

        Domain 1
          Grid points           :  64
          Dealiased Polynomials :  42
          Domain Lower Bound    :  5.38462E-01
          Domain Upper Bound    :  1.53846E+00

 -- Grid initialized.

 -- Initalizing Reference State...
 ---- Specified parameters:
 ---- Reference type           :  Boussinesq (Non-dimensional)
 ---- Rayleigh Number          :  1.00000E+05
 ---- Ekman Number             :  1.00000E-03
 ---- Prandtl Number           :  1.00000E+00
 ---- Magnetic Prandtl Number  :  5.00000E+00
 -- Reference State initialized.

 -- Initializing Fields...
 ---- Specified parameters:
 ---- Hydro Init Type    : Benchmark (Christensen et al. 2001)
 ---- Magnetic Init Type : Benchmark (Christensen et al. 2001)
 -- Fields initialized.

 Initialization Complete.
 //////////////////////////////////////

 Timestep has changed from  0.00000E+00 to  1.00000E-04.
 Iteration:  00000001   DeltaT:  1.000E-04   Iter/sec:  0.000E+00
 Timestep has changed from  1.00000E-04 to  4.46409E-06.
 Iteration:  00000002   DeltaT:  4.464E-06   Iter/sec:  1.873E-01
 Iteration:  00000003   DeltaT:  4.464E-06   Iter/sec:  6.408E-01
 Iteration:  00000004   DeltaT:  4.464E-06   Iter/sec:  6.656E-01
 Iteration:  00000005   DeltaT:  4.464E-06   Iter/sec:  6.779E-01
 Iteration:  00000006   DeltaT:  4.464E-06   Iter/sec:  6.618E-01
 Iteration:  00000007   DeltaT:  4.464E-06   Iter/sec:  6.933E-01
 Iteration:  00000008   DeltaT:  4.464E-06   Iter/sec:  6.679E-01
 Iteration:  00000009   DeltaT:  4.464E-06   Iter/sec:  6.595E-01
 Iteration:  00000010   DeltaT:  4.464E-06   Iter/sec:  6.802E-01
 Iteration:  00000011   DeltaT:  4.464E-06   Iter/sec:  6.843E-01
 Iteration:  00000012   DeltaT:  4.464E-06   Iter/sec:  6.780E-01
 Iteration:  00000013   DeltaT:  4.464E-06   Iter/sec:  6.757E-01
 Iteration:  00000014   DeltaT:  4.464E-06   Iter/sec:  6.718E-01
 Iteration:  00000015   DeltaT:  4.464E-06   Iter/sec:  6.811E-01
 Iteration:  00000016   DeltaT:  4.464E-06   Iter/sec:  6.930E-01
 Iteration:  00000017   DeltaT:  4.464E-06   Iter/sec:  6.367E-01
 Iteration:  00000018   DeltaT:  4.464E-06   Iter/sec:  7.052E-01
 Iteration:  00000019   DeltaT:  4.464E-06   Iter/sec:  6.370E-01
 Iteration:  00000020   DeltaT:  4.464E-06   Iter/sec:  6.812E-01
 Iteration:  00000021   DeltaT:  4.464E-06   Iter/sec:  6.992E-01
 Iteration:  00000022   DeltaT:  4.464E-06   Iter/sec:  6.745E-01
 Iteration:  00000023   DeltaT:  4.464E-06   Iter/sec:  6.755E-01
 Iteration:  00000024   DeltaT:  4.464E-06   Iter/sec:  6.745E-01
 Iteration:  00000025   DeltaT:  4.464E-06   Iter/sec:  6.490E-01
 Iteration:  00000026   DeltaT:  4.464E-06   Iter/sec:  6.698E-01
 Iteration:  00000027   DeltaT:  4.464E-06   Iter/sec:  7.004E-01
 Iteration:  00000028   DeltaT:  4.464E-06   Iter/sec:  6.452E-01
 Iteration:  00000029   DeltaT:  4.464E-06   Iter/sec:  6.517E-01
 Iteration:  00000030   DeltaT:  4.464E-06   Iter/sec:  7.094E-01
 Iteration:  00000031   DeltaT:  4.464E-06   Iter/sec:  6.580E-01
 Iteration:  00000032   DeltaT:  4.464E-06   Iter/sec:  6.845E-01
 Iteration:  00000033   DeltaT:  4.464E-06   Iter/sec:  6.660E-01
 Iteration:  00000034   DeltaT:  4.464E-06   Iter/sec:  6.991E-01
 Iteration:  00000035   DeltaT:  4.464E-06   Iter/sec:  6.635E-01
 Iteration:  00000036   DeltaT:  4.464E-06   Iter/sec:  6.617E-01
 Iteration:  00000037   DeltaT:  4.464E-06   Iter/sec:  6.683E-01
 Iteration:  00000038   DeltaT:  4.464E-06   Iter/sec:  7.032E-01
 Iteration:  00000039   DeltaT:  4.464E-06   Iter/sec:  6.422E-01
 Iteration:  00000040   DeltaT:  4.464E-06   Iter/sec:  6.971E-01
 Iteration:  00000041   DeltaT:  4.464E-06   Iter/sec:  6.888E-01
 Iteration:  00000042   DeltaT:  4.464E-06   Iter/sec:  6.647E-01
 Iteration:  00000043   DeltaT:  4.464E-06   Iter/sec:  6.822E-01
 Iteration:  00000044   DeltaT:  4.464E-06   Iter/sec:  6.644E-01
 Iteration:  00000045   DeltaT:  4.464E-06   Iter/sec:  6.972E-01
 Iteration:  00000046   DeltaT:  4.464E-06   Iter/sec:  6.378E-01
 Iteration:  00000047   DeltaT:  4.464E-06   Iter/sec:  6.769E-01
 Iteration:  00000048   DeltaT:  4.464E-06   Iter/sec:  6.823E-01
 Iteration:  00000049   DeltaT:  4.464E-06   Iter/sec:  6.840E-01
 Iteration:  00000050   DeltaT:  4.464E-06   Iter/sec:  6.555E-01


//////////////////////////////////////////////
   Measured Timings for Process 0  (seconds)

 Elapsed time:        79.4221
  Column time:        18.1088
     Row time:        22.6520
Legendre time:        12.5271
     FFT time:         4.2290
   Solve time:         0.7325
    rlma time:         0.8920
    rlmb time:         0.4670
  pspace time:         8.0262
  psolve time:         5.7220
    dphi time:         0.2925
captured time:        73.6492

     iter/sec:         0.6295
//////////////////////////////////////////////
