 //////////////////////////////////////
 Initializating Rayleigh...

 -- Initalizing MPI...
 ---- Specified parameters:
 ---- NCPU  :   2048
 ---- NPROW :     64
 ---- NPCOL :     32
 -- MPI initialized.


 -- Initalizing Grid...
 ---- Specified parameters ----
 ---- N_R                 :    128
 ---- N_THETA             :    192
 ---- Ell_MAX             :    127
 ---- R_MIN               :  5.38462E-01
 ---- R_MAX               :  1.53846E+00
 ---- Chebyshev Domains   :      1

        Domain 1
          Grid points           :  128
          Dealiased Polynomials :  85
          Domain Lower Bound    :  5.38462E-01
          Domain Upper Bound    :  1.53846E+00

 -- Grid initialized.

 -- Initalizing Reference State...
 ---- Specified parameters:
 ---- Reference type           :  Boussinesq (Non-dimensional)
 ---- Rayleigh Number          :  1.00000E+05
 ---- Ekman Number             :  1.00000E-03
 ---- Prandtl Number           :  1.00000E+00
 ---- Magnetic Prandtl Number  :  5.00000E+00
 -- Reference State initialized.

 -- Initializing Fields...
 ---- Specified parameters:
 ---- Hydro Init Type    : Benchmark (Christensen et al. 2001)
 ---- Magnetic Init Type : Benchmark (Christensen et al. 2001)
 -- Fields initialized.

 Initialization Complete.
 //////////////////////////////////////

 Timestep has changed from  0.00000E+00 to  1.00000E-04.
 Iteration:  00000001   DeltaT:  1.000E-04   Iter/sec:  0.000E+00
 Timestep has changed from  1.00000E-04 to  2.55581E-06.
 Iteration:  00000002   DeltaT:  2.556E-06   Iter/sec:  4.325E+00
 Iteration:  00000003   DeltaT:  2.556E-06   Iter/sec:  2.099E+01
 Iteration:  00000004   DeltaT:  2.556E-06   Iter/sec:  8.378E+01
 Iteration:  00000005   DeltaT:  2.556E-06   Iter/sec:  7.601E+01
 Iteration:  00000006   DeltaT:  2.556E-06   Iter/sec:  8.193E+01
 Iteration:  00000007   DeltaT:  2.556E-06   Iter/sec:  7.586E+01
 Iteration:  00000008   DeltaT:  2.556E-06   Iter/sec:  7.406E+01
 Iteration:  00000009   DeltaT:  2.556E-06   Iter/sec:  7.532E+01
 Iteration:  00000010   DeltaT:  2.556E-06   Iter/sec:  7.296E+01
 Iteration:  00000011   DeltaT:  2.556E-06   Iter/sec:  7.259E+01
 Iteration:  00000012   DeltaT:  2.556E-06   Iter/sec:  7.769E+01
 Iteration:  00000013   DeltaT:  2.556E-06   Iter/sec:  8.191E+01
 Iteration:  00000014   DeltaT:  2.556E-06   Iter/sec:  6.721E+01
 Iteration:  00000015   DeltaT:  2.556E-06   Iter/sec:  7.796E+01
 Iteration:  00000016   DeltaT:  2.556E-06   Iter/sec:  7.954E+01
 Iteration:  00000017   DeltaT:  2.556E-06   Iter/sec:  8.096E+01
 Iteration:  00000018   DeltaT:  2.556E-06   Iter/sec:  8.414E+01
 Iteration:  00000019   DeltaT:  2.556E-06   Iter/sec:  7.506E+01
 Iteration:  00000020   DeltaT:  2.556E-06   Iter/sec:  8.822E+01
 Iteration:  00000021   DeltaT:  2.556E-06   Iter/sec:  8.329E+01
 Iteration:  00000022   DeltaT:  2.556E-06   Iter/sec:  8.874E+01
 Iteration:  00000023   DeltaT:  2.556E-06   Iter/sec:  8.536E+01
 Iteration:  00000024   DeltaT:  2.556E-06   Iter/sec:  8.585E+01
 Iteration:  00000025   DeltaT:  2.556E-06   Iter/sec:  8.908E+01
 Iteration:  00000026   DeltaT:  2.556E-06   Iter/sec:  7.304E+01
 Iteration:  00000027   DeltaT:  2.556E-06   Iter/sec:  3.657E+01
 Iteration:  00000028   DeltaT:  2.556E-06   Iter/sec:  3.881E+01
 Iteration:  00000029   DeltaT:  2.556E-06   Iter/sec:  7.079E+01
 Iteration:  00000030   DeltaT:  2.556E-06   Iter/sec:  8.796E+01
 Iteration:  00000031   DeltaT:  2.556E-06   Iter/sec:  8.465E+01
 Iteration:  00000032   DeltaT:  2.556E-06   Iter/sec:  8.751E+01
 Iteration:  00000033   DeltaT:  2.556E-06   Iter/sec:  8.537E+01
 Iteration:  00000034   DeltaT:  2.556E-06   Iter/sec:  9.193E+01
 Iteration:  00000035   DeltaT:  2.556E-06   Iter/sec:  7.616E+01
 Iteration:  00000036   DeltaT:  2.556E-06   Iter/sec:  1.848E+01
 Iteration:  00000037   DeltaT:  2.556E-06   Iter/sec:  1.425E+01
 Iteration:  00000038   DeltaT:  2.556E-06   Iter/sec:  7.626E+01
 Iteration:  00000039   DeltaT:  2.556E-06   Iter/sec:  8.305E+01
 Iteration:  00000040   DeltaT:  2.556E-06   Iter/sec:  8.618E+01
 Iteration:  00000041   DeltaT:  2.556E-06   Iter/sec:  8.723E+01
 Iteration:  00000042   DeltaT:  2.556E-06   Iter/sec:  9.044E+01
 Iteration:  00000043   DeltaT:  2.556E-06   Iter/sec:  8.931E+01
 Iteration:  00000044   DeltaT:  2.556E-06   Iter/sec:  7.921E+01
 Iteration:  00000045   DeltaT:  2.556E-06   Iter/sec:  8.955E+01
 Iteration:  00000046   DeltaT:  2.556E-06   Iter/sec:  8.590E+01
 Iteration:  00000047   DeltaT:  2.556E-06   Iter/sec:  8.154E+01
 Iteration:  00000048   DeltaT:  2.556E-06   Iter/sec:  9.016E+01
 Iteration:  00000049   DeltaT:  2.556E-06   Iter/sec:  8.051E+01
 Iteration:  00000050   DeltaT:  2.556E-06   Iter/sec:  8.534E+01


//////////////////////////////////////////////
   Measured Timings for Process 0  (seconds)

 Elapsed time:         1.5600
  Column time:         0.3355
     Row time:         0.2920
Legendre time:         0.0249
     FFT time:         0.0190
   Solve time:         0.1203
    rlma time:         0.0056
    rlmb time:         0.0028
  pspace time:         0.0099
  psolve time:         0.0792
    dphi time:         0.0012
captured time:         0.8905

     iter/sec:        32.0509
//////////////////////////////////////////////
