 //////////////////////////////////////
 Initializating Rayleigh...

 -- Initalizing MPI...
 ---- Specified parameters:
 ---- NCPU  :   1024
 ---- NPROW :     32
 ---- NPCOL :     32
 -- MPI initialized.


 -- Initalizing Grid...
 ---- Specified parameters ----
 ---- N_R                 :    128
 ---- N_THETA             :    768
 ---- Ell_MAX             :    511
 ---- R_MIN               :  5.38462E-01
 ---- R_MAX               :  1.53846E+00
 ---- Chebyshev Domains   :      1

        Domain 1
          Grid points           :  128
          Dealiased Polynomials :  85
          Domain Lower Bound    :  5.38462E-01
          Domain Upper Bound    :  1.53846E+00

 -- Grid initialized.

[SHTns 3.4.5] built Apr 26 2021, 15:32:45, id: avx2,ishioka
        Lmax=511, Mmax*Mres=511, Mres=1, Nlm=131328  [1 threads, orthonormalized]
        => using FFTW : Mmax=511, Nphi=1536, Nlat=768  (data layout : phi_inc=768, theta_inc=1, phi_embed=1536)
        => using Gauss nodes
        + polar optimization threshold = 1.0e-08
        finding optimal algorithm........
        + SHT accuracy = 4.67e-13
        => SHTns is ready.
 -- Initalizing Reference State...
 ---- Specified parameters:
 ---- Reference type           :  Boussinesq (Non-dimensional)
 ---- Rayleigh Number          :  1.00000E+05
 ---- Ekman Number             :  1.00000E-03
 ---- Prandtl Number           :  1.00000E+00
 ---- Magnetic Prandtl Number  :  5.00000E+00
 -- Reference State initialized.

 -- Initializing Fields...
 ---- Specified parameters:
 ---- Hydro Init Type    : Benchmark (Christensen et al. 2001)
 ---- Magnetic Init Type : Benchmark (Christensen et al. 2001)
 -- Fields initialized.

 Initialization Complete.
 //////////////////////////////////////

 Timestep has changed from  0.00000E+00 to  1.00000E-04.
 Iteration:  00000001   DeltaT:  1.000E-04   Iter/sec:  0.000E+00
 Timestep has changed from  1.00000E-04 to  2.55562E-06.
 Iteration:  00000002   DeltaT:  2.556E-06   Iter/sec:  1.337E-01
 Iteration:  00000003   DeltaT:  2.556E-06   Iter/sec:  2.266E+00
 Iteration:  00000004   DeltaT:  2.556E-06   Iter/sec:  2.681E+00
 Iteration:  00000005   DeltaT:  2.556E-06   Iter/sec:  2.743E+00
 Iteration:  00000006   DeltaT:  2.556E-06   Iter/sec:  2.464E+00
 Iteration:  00000007   DeltaT:  2.556E-06   Iter/sec:  2.536E+00
 Iteration:  00000008   DeltaT:  2.556E-06   Iter/sec:  2.687E+00
 Iteration:  00000009   DeltaT:  2.556E-06   Iter/sec:  2.463E+00
 Iteration:  00000010   DeltaT:  2.556E-06   Iter/sec:  2.787E+00
 Iteration:  00000011   DeltaT:  2.556E-06   Iter/sec:  2.590E+00
 Iteration:  00000012   DeltaT:  2.556E-06   Iter/sec:  2.851E+00
 Iteration:  00000013   DeltaT:  2.556E-06   Iter/sec:  2.453E+00
 Iteration:  00000014   DeltaT:  2.556E-06   Iter/sec:  2.568E+00
 Iteration:  00000015   DeltaT:  2.556E-06   Iter/sec:  2.858E+00
 Iteration:  00000016   DeltaT:  2.556E-06   Iter/sec:  2.524E+00
 Iteration:  00000017   DeltaT:  2.556E-06   Iter/sec:  2.895E+00
 Iteration:  00000018   DeltaT:  2.556E-06   Iter/sec:  2.291E+00
 Iteration:  00000019   DeltaT:  2.556E-06   Iter/sec:  2.651E+00
 Iteration:  00000020   DeltaT:  2.556E-06   Iter/sec:  2.839E+00
 Iteration:  00000021   DeltaT:  2.556E-06   Iter/sec:  2.506E+00
 Iteration:  00000022   DeltaT:  2.556E-06   Iter/sec:  2.664E+00
 Iteration:  00000023   DeltaT:  2.556E-06   Iter/sec:  2.364E+00
 Iteration:  00000024   DeltaT:  2.556E-06   Iter/sec:  2.282E+00
 Iteration:  00000025   DeltaT:  2.556E-06   Iter/sec:  2.963E+00
 Iteration:  00000026   DeltaT:  2.556E-06   Iter/sec:  2.450E+00
 Iteration:  00000027   DeltaT:  2.556E-06   Iter/sec:  2.748E+00
 Iteration:  00000028   DeltaT:  2.556E-06   Iter/sec:  2.344E+00
 Iteration:  00000029   DeltaT:  2.556E-06   Iter/sec:  2.580E+00
 Iteration:  00000030   DeltaT:  2.556E-06   Iter/sec:  2.758E+00
 Iteration:  00000031   DeltaT:  2.556E-06   Iter/sec:  2.529E+00
 Iteration:  00000032   DeltaT:  2.556E-06   Iter/sec:  2.792E+00
 Iteration:  00000033   DeltaT:  2.556E-06   Iter/sec:  2.315E+00
 Iteration:  00000034   DeltaT:  2.556E-06   Iter/sec:  2.365E+00
 Iteration:  00000035   DeltaT:  2.556E-06   Iter/sec:  2.927E+00
 Iteration:  00000036   DeltaT:  2.556E-06   Iter/sec:  2.485E+00
 Iteration:  00000037   DeltaT:  2.556E-06   Iter/sec:  2.867E+00
 Iteration:  00000038   DeltaT:  2.556E-06   Iter/sec:  2.170E+00
 Iteration:  00000039   DeltaT:  2.556E-06   Iter/sec:  2.673E+00
 Iteration:  00000040   DeltaT:  2.556E-06   Iter/sec:  2.753E+00
 Iteration:  00000041   DeltaT:  2.556E-06   Iter/sec:  2.455E+00
 Iteration:  00000042   DeltaT:  2.556E-06   Iter/sec:  2.894E+00
 Iteration:  00000043   DeltaT:  2.556E-06   Iter/sec:  2.525E+00
 Iteration:  00000044   DeltaT:  2.556E-06   Iter/sec:  2.572E+00
 Iteration:  00000045   DeltaT:  2.556E-06   Iter/sec:  2.618E+00
 Iteration:  00000046   DeltaT:  2.556E-06   Iter/sec:  2.440E+00
 Iteration:  00000047   DeltaT:  2.556E-06   Iter/sec:  2.705E+00
 Iteration:  00000048   DeltaT:  2.556E-06   Iter/sec:  2.393E+00
 Iteration:  00000049   DeltaT:  2.556E-06   Iter/sec:  2.341E+00
 Iteration:  00000050   DeltaT:  2.556E-06   Iter/sec:  2.818E+00


//////////////////////////////////////////////
   Measured Timings for Process 0  (seconds)

 Elapsed time:        20.8351
  Column time:         6.9412
     Row time:         5.4292
Legendre time:         1.8036
     FFT time:         0.9611
   Solve time:         0.5007
    rlma time:         0.1780
    rlmb time:         0.0770
  pspace time:         1.8866
  psolve time:         1.4998
    dphi time:         0.0841
captured time:        19.3613

     iter/sec:         2.3998
//////////////////////////////////////////////
