 //////////////////////////////////////
 Initializating Rayleigh...

 -- Initalizing MPI...
 ---- Specified parameters:
 ---- NCPU  :   2048
 ---- NPROW :     64
 ---- NPCOL :     32
 -- MPI initialized.


 -- Initalizing Grid...
 ---- Specified parameters ----
 ---- N_R                 :     64
 ---- N_THETA             :    768
 ---- Ell_MAX             :    511
 ---- R_MIN               :  5.38462E-01
 ---- R_MAX               :  1.53846E+00
 ---- Chebyshev Domains   :      1

        Domain 1
          Grid points           :  64
          Dealiased Polynomials :  42
          Domain Lower Bound    :  5.38462E-01
          Domain Upper Bound    :  1.53846E+00

 -- Grid initialized.

[SHTns 3.4.5] built Apr 26 2021, 15:32:45, id: avx2,ishioka
        Lmax=511, Mmax*Mres=511, Mres=1, Nlm=131328  [1 threads, orthonormalized]
        => using FFTW : Mmax=511, Nphi=1536, Nlat=768  (data layout : phi_inc=768, theta_inc=1, phi_embed=1536)
        => using Gauss nodes
        + polar optimization threshold = 1.0e-08
        finding optimal algorithm........
        + SHT accuracy = 3.28e-13
        => SHTns is ready.
 -- Initalizing Reference State...
 ---- Specified parameters:
 ---- Reference type           :  Boussinesq (Non-dimensional)
 ---- Rayleigh Number          :  1.00000E+05
 ---- Ekman Number             :  1.00000E-03
 ---- Prandtl Number           :  1.00000E+00
 ---- Magnetic Prandtl Number  :  5.00000E+00
 -- Reference State initialized.

 -- Initializing Fields...
 ---- Specified parameters:
 ---- Hydro Init Type    : Benchmark (Christensen et al. 2001)
 ---- Magnetic Init Type : Benchmark (Christensen et al. 2001)
 -- Fields initialized.

 Initialization Complete.
 //////////////////////////////////////

 Timestep has changed from  0.00000E+00 to  1.00000E-04.
 Iteration:  00000001   DeltaT:  1.000E-04   Iter/sec:  0.000E+00
 Timestep has changed from  1.00000E-04 to  8.93257E-06.
 Iteration:  00000002   DeltaT:  8.933E-06   Iter/sec:  1.422E-01
 Iteration:  00000003   DeltaT:  8.933E-06   Iter/sec:  4.944E+00
 Iteration:  00000004   DeltaT:  8.933E-06   Iter/sec:  1.081E+01
 Iteration:  00000005   DeltaT:  8.933E-06   Iter/sec:  1.004E+01
 Iteration:  00000006   DeltaT:  8.933E-06   Iter/sec:  1.083E+01
 Iteration:  00000007   DeltaT:  8.933E-06   Iter/sec:  1.101E+01
 Iteration:  00000008   DeltaT:  8.933E-06   Iter/sec:  8.118E+00
 Iteration:  00000009   DeltaT:  8.933E-06   Iter/sec:  5.640E+00
 Iteration:  00000010   DeltaT:  8.933E-06   Iter/sec:  1.200E+01
 Iteration:  00000011   DeltaT:  8.933E-06   Iter/sec:  9.020E+00
 Iteration:  00000012   DeltaT:  8.933E-06   Iter/sec:  1.086E+01
 Iteration:  00000013   DeltaT:  8.933E-06   Iter/sec:  8.925E+00
 Iteration:  00000014   DeltaT:  8.933E-06   Iter/sec:  1.059E+01
 Iteration:  00000015   DeltaT:  8.933E-06   Iter/sec:  5.545E+00
 Iteration:  00000016   DeltaT:  8.933E-06   Iter/sec:  1.074E+01
 Iteration:  00000017   DeltaT:  8.933E-06   Iter/sec:  8.994E+00
 Iteration:  00000018   DeltaT:  8.933E-06   Iter/sec:  1.089E+01
 Iteration:  00000019   DeltaT:  8.933E-06   Iter/sec:  8.200E+00
 Iteration:  00000020   DeltaT:  8.933E-06   Iter/sec:  6.362E+00
 Iteration:  00000021   DeltaT:  8.933E-06   Iter/sec:  1.088E+01
 Iteration:  00000022   DeltaT:  8.933E-06   Iter/sec:  1.060E+01
 Iteration:  00000023   DeltaT:  8.933E-06   Iter/sec:  1.118E+01
 Iteration:  00000024   DeltaT:  8.933E-06   Iter/sec:  1.087E+01
 Iteration:  00000025   DeltaT:  8.933E-06   Iter/sec:  8.105E+00
 Iteration:  00000026   DeltaT:  8.933E-06   Iter/sec:  5.787E+00
 Iteration:  00000027   DeltaT:  8.933E-06   Iter/sec:  1.235E+01
 Iteration:  00000028   DeltaT:  8.933E-06   Iter/sec:  1.086E+01
 Iteration:  00000029   DeltaT:  8.933E-06   Iter/sec:  1.067E+01
 Iteration:  00000030   DeltaT:  8.933E-06   Iter/sec:  1.078E+01
 Iteration:  00000031   DeltaT:  8.933E-06   Iter/sec:  7.322E+00
 Iteration:  00000032   DeltaT:  8.933E-06   Iter/sec:  6.033E+00
 Iteration:  00000033   DeltaT:  8.933E-06   Iter/sec:  1.204E+01
 Iteration:  00000034   DeltaT:  8.933E-06   Iter/sec:  1.126E+01
 Iteration:  00000035   DeltaT:  8.933E-06   Iter/sec:  1.084E+01
 Iteration:  00000036   DeltaT:  8.933E-06   Iter/sec:  1.056E+01
 Iteration:  00000037   DeltaT:  8.933E-06   Iter/sec:  8.375E+00
 Iteration:  00000038   DeltaT:  8.933E-06   Iter/sec:  7.109E+00
 Iteration:  00000039   DeltaT:  8.933E-06   Iter/sec:  9.098E+00
 Iteration:  00000040   DeltaT:  8.933E-06   Iter/sec:  1.111E+01
 Iteration:  00000041   DeltaT:  8.933E-06   Iter/sec:  1.114E+01
 Iteration:  00000042   DeltaT:  8.933E-06   Iter/sec:  1.082E+01
 Iteration:  00000043   DeltaT:  8.933E-06   Iter/sec:  8.594E+00
 Iteration:  00000044   DeltaT:  8.933E-06   Iter/sec:  5.758E+00
 Iteration:  00000045   DeltaT:  8.933E-06   Iter/sec:  1.138E+01
 Iteration:  00000046   DeltaT:  8.933E-06   Iter/sec:  7.915E+00
 Iteration:  00000047   DeltaT:  8.933E-06   Iter/sec:  1.071E+01
 Iteration:  00000048   DeltaT:  8.933E-06   Iter/sec:  1.093E+01
 Iteration:  00000049   DeltaT:  8.933E-06   Iter/sec:  7.888E+00
 Iteration:  00000050   DeltaT:  8.933E-06   Iter/sec:  6.387E+00


//////////////////////////////////////////////
   Measured Timings for Process 0  (seconds)

 Elapsed time:         6.8682
  Column time:         2.5322
     Row time:         1.8123
Legendre time:         0.3667
     FFT time:         0.2718
   Solve time:         0.1122
    rlma time:         0.0469
    rlmb time:         0.0202
  pspace time:         0.2909
  psolve time:         0.2079
    dphi time:         0.0246
captured time:         5.6857

     iter/sec:         7.2799
//////////////////////////////////////////////
