 //////////////////////////////////////
 Initializating Rayleigh...

 -- Initalizing MPI...
 ---- Specified parameters:
 ---- NCPU  :   1024
 ---- NPROW :     32
 ---- NPCOL :     32
 -- MPI initialized.


 -- Initalizing Grid...
 ---- Specified parameters ----
 ---- N_R                 :    128
 ---- N_THETA             :    384
 ---- Ell_MAX             :    255
 ---- R_MIN               :  5.38462E-01
 ---- R_MAX               :  1.53846E+00
 ---- Chebyshev Domains   :      1

        Domain 1
          Grid points           :  128
          Dealiased Polynomials :  85
          Domain Lower Bound    :  5.38462E-01
          Domain Upper Bound    :  1.53846E+00

 -- Grid initialized.

 -- Initalizing Reference State...
 ---- Specified parameters:
 ---- Reference type           :  Boussinesq (Non-dimensional)
 ---- Rayleigh Number          :  1.00000E+05
 ---- Ekman Number             :  1.00000E-03
 ---- Prandtl Number           :  1.00000E+00
 ---- Magnetic Prandtl Number  :  5.00000E+00
 -- Reference State initialized.

 -- Initializing Fields...
 ---- Specified parameters:
 ---- Hydro Init Type    : Benchmark (Christensen et al. 2001)
 ---- Magnetic Init Type : Benchmark (Christensen et al. 2001)
 -- Fields initialized.

 Initialization Complete.
 //////////////////////////////////////

 Timestep has changed from  0.00000E+00 to  1.00000E-04.
 Iteration:  00000001   DeltaT:  1.000E-04   Iter/sec:  0.000E+00
 Timestep has changed from  1.00000E-04 to  2.55566E-06.
 Iteration:  00000002   DeltaT:  2.556E-06   Iter/sec:  3.338E+00
 Iteration:  00000003   DeltaT:  2.556E-06   Iter/sec:  7.166E+00
 Iteration:  00000004   DeltaT:  2.556E-06   Iter/sec:  1.224E+01
 Iteration:  00000005   DeltaT:  2.556E-06   Iter/sec:  6.256E+00
 Iteration:  00000006   DeltaT:  2.556E-06   Iter/sec:  1.387E+01
 Iteration:  00000007   DeltaT:  2.556E-06   Iter/sec:  1.306E+01
 Iteration:  00000008   DeltaT:  2.556E-06   Iter/sec:  1.360E+01
 Iteration:  00000009   DeltaT:  2.556E-06   Iter/sec:  1.327E+01
 Iteration:  00000010   DeltaT:  2.556E-06   Iter/sec:  1.147E+01
 Iteration:  00000011   DeltaT:  2.556E-06   Iter/sec:  1.128E+01
 Iteration:  00000012   DeltaT:  2.556E-06   Iter/sec:  6.736E+00
 Iteration:  00000013   DeltaT:  2.556E-06   Iter/sec:  1.356E+01
 Iteration:  00000014   DeltaT:  2.556E-06   Iter/sec:  1.314E+01
 Iteration:  00000015   DeltaT:  2.556E-06   Iter/sec:  1.333E+01
 Iteration:  00000016   DeltaT:  2.556E-06   Iter/sec:  1.331E+01
 Iteration:  00000017   DeltaT:  2.556E-06   Iter/sec:  1.351E+01
 Iteration:  00000018   DeltaT:  2.556E-06   Iter/sec:  8.665E+00
 Iteration:  00000019   DeltaT:  2.556E-06   Iter/sec:  8.573E+00
 Iteration:  00000020   DeltaT:  2.556E-06   Iter/sec:  1.127E+01
 Iteration:  00000021   DeltaT:  2.556E-06   Iter/sec:  1.307E+01
 Iteration:  00000022   DeltaT:  2.556E-06   Iter/sec:  1.220E+01
 Iteration:  00000023   DeltaT:  2.556E-06   Iter/sec:  1.313E+01
 Iteration:  00000024   DeltaT:  2.556E-06   Iter/sec:  1.354E+01
 Iteration:  00000025   DeltaT:  2.556E-06   Iter/sec:  9.737E+00
 Iteration:  00000026   DeltaT:  2.556E-06   Iter/sec:  1.403E+01
 Iteration:  00000027   DeltaT:  2.556E-06   Iter/sec:  6.149E+00
 Iteration:  00000028   DeltaT:  2.556E-06   Iter/sec:  1.282E+01
 Iteration:  00000029   DeltaT:  2.556E-06   Iter/sec:  1.372E+01
 Iteration:  00000030   DeltaT:  2.556E-06   Iter/sec:  1.326E+01
 Iteration:  00000031   DeltaT:  2.556E-06   Iter/sec:  1.326E+01
 Iteration:  00000032   DeltaT:  2.556E-06   Iter/sec:  1.136E+01
 Iteration:  00000033   DeltaT:  2.556E-06   Iter/sec:  1.231E+01
 Iteration:  00000034   DeltaT:  2.556E-06   Iter/sec:  7.032E+00
 Iteration:  00000035   DeltaT:  2.556E-06   Iter/sec:  1.347E+01
 Iteration:  00000036   DeltaT:  2.556E-06   Iter/sec:  1.367E+01
 Iteration:  00000037   DeltaT:  2.556E-06   Iter/sec:  1.326E+01
 Iteration:  00000038   DeltaT:  2.556E-06   Iter/sec:  1.365E+01
 Iteration:  00000039   DeltaT:  2.556E-06   Iter/sec:  1.318E+01
 Iteration:  00000040   DeltaT:  2.556E-06   Iter/sec:  1.128E+01
 Iteration:  00000041   DeltaT:  2.556E-06   Iter/sec:  1.140E+01
 Iteration:  00000042   DeltaT:  2.556E-06   Iter/sec:  7.205E+00
 Iteration:  00000043   DeltaT:  2.556E-06   Iter/sec:  1.263E+01
 Iteration:  00000044   DeltaT:  2.556E-06   Iter/sec:  1.337E+01
 Iteration:  00000045   DeltaT:  2.556E-06   Iter/sec:  1.339E+01
 Iteration:  00000046   DeltaT:  2.556E-06   Iter/sec:  1.325E+01
 Iteration:  00000047   DeltaT:  2.556E-06   Iter/sec:  1.108E+01
 Iteration:  00000048   DeltaT:  2.556E-06   Iter/sec:  1.306E+01
 Iteration:  00000049   DeltaT:  2.556E-06   Iter/sec:  6.727E+00
 Iteration:  00000050   DeltaT:  2.556E-06   Iter/sec:  1.344E+01


//////////////////////////////////////////////
   Measured Timings for Process 0  (seconds)

 Elapsed time:         5.1139
  Column time:         1.8677
     Row time:         1.1680
Legendre time:         0.3041
     FFT time:         0.2503
   Solve time:         0.2273
    rlma time:         0.0440
    rlmb time:         0.0185
  pspace time:         0.3065
  psolve time:         0.2928
    dphi time:         0.0230
captured time:         4.5021

     iter/sec:         9.7774
//////////////////////////////////////////////
