 //////////////////////////////////////
 Initializating Rayleigh...

 -- Initalizing MPI...
 ---- Specified parameters:
 ---- NCPU  :    128
 ---- NPROW :     16
 ---- NPCOL :      8
 -- MPI initialized.


 -- Initalizing Grid...
 ---- Specified parameters ----
 ---- N_R                 :    128
 ---- N_THETA             :    768
 ---- Ell_MAX             :    511
 ---- R_MIN               :  5.38462E-01
 ---- R_MAX               :  1.53846E+00
 ---- Chebyshev Domains   :      1

        Domain 1
          Grid points           :  128
          Dealiased Polynomials :  85
          Domain Lower Bound    :  5.38462E-01
          Domain Upper Bound    :  1.53846E+00

 -- Grid initialized.

 -- Initalizing Reference State...
 ---- Specified parameters:
 ---- Reference type           :  Boussinesq (Non-dimensional)
 ---- Rayleigh Number          :  1.00000E+05
 ---- Ekman Number             :  1.00000E-03
 ---- Prandtl Number           :  1.00000E+00
 ---- Magnetic Prandtl Number  :  5.00000E+00
 -- Reference State initialized.

 -- Initializing Fields...
 ---- Specified parameters:
 ---- Hydro Init Type    : Benchmark (Christensen et al. 2001)
 ---- Magnetic Init Type : Benchmark (Christensen et al. 2001)
 -- Fields initialized.

 Initialization Complete.
 //////////////////////////////////////

 Timestep has changed from  0.00000E+00 to  1.00000E-04.
 Iteration:  00000001   DeltaT:  1.000E-04   Iter/sec:  0.000E+00
 Timestep has changed from  1.00000E-04 to  2.55562E-06.
 Iteration:  00000002   DeltaT:  2.556E-06   Iter/sec:  2.493E-01
 Iteration:  00000003   DeltaT:  2.556E-06   Iter/sec:  3.507E-01
 Iteration:  00000004   DeltaT:  2.556E-06   Iter/sec:  3.864E-01
 Iteration:  00000005   DeltaT:  2.556E-06   Iter/sec:  3.852E-01
 Iteration:  00000006   DeltaT:  2.556E-06   Iter/sec:  3.829E-01
 Iteration:  00000007   DeltaT:  2.556E-06   Iter/sec:  3.936E-01
 Iteration:  00000008   DeltaT:  2.556E-06   Iter/sec:  3.802E-01
 Iteration:  00000009   DeltaT:  2.556E-06   Iter/sec:  3.951E-01
 Iteration:  00000010   DeltaT:  2.556E-06   Iter/sec:  3.855E-01
 Iteration:  00000011   DeltaT:  2.556E-06   Iter/sec:  3.873E-01
 Iteration:  00000012   DeltaT:  2.556E-06   Iter/sec:  3.875E-01
 Iteration:  00000013   DeltaT:  2.556E-06   Iter/sec:  3.908E-01
 Iteration:  00000014   DeltaT:  2.556E-06   Iter/sec:  3.822E-01
 Iteration:  00000015   DeltaT:  2.556E-06   Iter/sec:  3.852E-01
 Iteration:  00000016   DeltaT:  2.556E-06   Iter/sec:  3.861E-01
 Iteration:  00000017   DeltaT:  2.556E-06   Iter/sec:  3.945E-01
 Iteration:  00000018   DeltaT:  2.556E-06   Iter/sec:  3.860E-01
 Iteration:  00000019   DeltaT:  2.556E-06   Iter/sec:  3.830E-01
 Iteration:  00000020   DeltaT:  2.556E-06   Iter/sec:  3.898E-01
 Iteration:  00000021   DeltaT:  2.556E-06   Iter/sec:  3.754E-01
 Iteration:  00000022   DeltaT:  2.556E-06   Iter/sec:  3.853E-01
 Iteration:  00000023   DeltaT:  2.556E-06   Iter/sec:  3.952E-01
 Iteration:  00000024   DeltaT:  2.556E-06   Iter/sec:  3.876E-01
 Iteration:  00000025   DeltaT:  2.556E-06   Iter/sec:  3.865E-01
 Iteration:  00000026   DeltaT:  2.556E-06   Iter/sec:  3.878E-01
 Iteration:  00000027   DeltaT:  2.556E-06   Iter/sec:  3.815E-01
 Iteration:  00000028   DeltaT:  2.556E-06   Iter/sec:  3.894E-01
 Iteration:  00000029   DeltaT:  2.556E-06   Iter/sec:  3.910E-01
 Iteration:  00000030   DeltaT:  2.556E-06   Iter/sec:  3.882E-01
 Iteration:  00000031   DeltaT:  2.556E-06   Iter/sec:  3.871E-01
 Iteration:  00000032   DeltaT:  2.556E-06   Iter/sec:  3.904E-01
 Iteration:  00000033   DeltaT:  2.556E-06   Iter/sec:  3.878E-01
 Iteration:  00000034   DeltaT:  2.556E-06   Iter/sec:  3.766E-01
 Iteration:  00000035   DeltaT:  2.556E-06   Iter/sec:  3.953E-01
 Iteration:  00000036   DeltaT:  2.556E-06   Iter/sec:  3.839E-01
 Iteration:  00000037   DeltaT:  2.556E-06   Iter/sec:  3.859E-01
 Iteration:  00000038   DeltaT:  2.556E-06   Iter/sec:  3.900E-01
 Iteration:  00000039   DeltaT:  2.556E-06   Iter/sec:  3.877E-01
 Iteration:  00000040   DeltaT:  2.556E-06   Iter/sec:  3.855E-01
 Iteration:  00000041   DeltaT:  2.556E-06   Iter/sec:  3.831E-01
 Iteration:  00000042   DeltaT:  2.556E-06   Iter/sec:  3.869E-01
 Iteration:  00000043   DeltaT:  2.556E-06   Iter/sec:  3.854E-01
 Iteration:  00000044   DeltaT:  2.556E-06   Iter/sec:  3.841E-01
 Iteration:  00000045   DeltaT:  2.556E-06   Iter/sec:  3.896E-01
 Iteration:  00000046   DeltaT:  2.556E-06   Iter/sec:  3.816E-01
 Iteration:  00000047   DeltaT:  2.556E-06   Iter/sec:  3.889E-01
 Iteration:  00000048   DeltaT:  2.556E-06   Iter/sec:  3.867E-01
 Iteration:  00000049   DeltaT:  2.556E-06   Iter/sec:  3.849E-01
 Iteration:  00000050   DeltaT:  2.556E-06   Iter/sec:  3.828E-01


//////////////////////////////////////////////
   Measured Timings for Process 0  (seconds)

 Elapsed time:       133.1885
  Column time:        16.7627
     Row time:        45.4879
Legendre time:        20.5678
     FFT time:         7.6954
   Solve time:         2.7877
    rlma time:         3.1840
    rlmb time:         1.6023
  pspace time:        16.2614
  psolve time:        12.9946
    dphi time:         0.7119
captured time:       128.0557

     iter/sec:         0.3754
//////////////////////////////////////////////
