 //////////////////////////////////////
 Initializating Rayleigh...

 -- Initalizing MPI...
 ---- Specified parameters:
 ---- NCPU  :     64
 ---- NPROW :      8
 ---- NPCOL :      8
 -- MPI initialized.


 -- Initalizing Grid...
 ---- Specified parameters ----
 ---- N_R                 :    128
 ---- N_THETA             :    192
 ---- Ell_MAX             :    127
 ---- R_MIN               :  5.38462E-01
 ---- R_MAX               :  1.53846E+00
 ---- Chebyshev Domains   :      1

        Domain 1
          Grid points           :  128
          Dealiased Polynomials :  85
          Domain Lower Bound    :  5.38462E-01
          Domain Upper Bound    :  1.53846E+00

 -- Grid initialized.

 -- Initalizing Reference State...
 ---- Specified parameters:
 ---- Reference type           :  Boussinesq (Non-dimensional)
 ---- Rayleigh Number          :  1.00000E+05
 ---- Ekman Number             :  1.00000E-03
 ---- Prandtl Number           :  1.00000E+00
 ---- Magnetic Prandtl Number  :  5.00000E+00
 -- Reference State initialized.

 -- Initializing Fields...
 ---- Specified parameters:
 ---- Hydro Init Type    : Benchmark (Christensen et al. 2001)
 ---- Magnetic Init Type : Benchmark (Christensen et al. 2001)
 -- Fields initialized.

 Initialization Complete.
 //////////////////////////////////////

 Timestep has changed from  0.00000E+00 to  1.00000E-04.
 Iteration:  00000001   DeltaT:  1.000E-04   Iter/sec:  0.000E+00
 Timestep has changed from  1.00000E-04 to  2.55581E-06.
 Iteration:  00000002   DeltaT:  2.556E-06   Iter/sec:  2.311E+00
 Iteration:  00000003   DeltaT:  2.556E-06   Iter/sec:  2.906E+00
 Iteration:  00000004   DeltaT:  2.556E-06   Iter/sec:  3.996E+00
 Iteration:  00000005   DeltaT:  2.556E-06   Iter/sec:  3.876E+00
 Iteration:  00000006   DeltaT:  2.556E-06   Iter/sec:  3.909E+00
 Iteration:  00000007   DeltaT:  2.556E-06   Iter/sec:  3.935E+00
 Iteration:  00000008   DeltaT:  2.556E-06   Iter/sec:  3.824E+00
 Iteration:  00000009   DeltaT:  2.556E-06   Iter/sec:  3.989E+00
 Iteration:  00000010   DeltaT:  2.556E-06   Iter/sec:  3.946E+00
 Iteration:  00000011   DeltaT:  2.556E-06   Iter/sec:  3.884E+00
 Iteration:  00000012   DeltaT:  2.556E-06   Iter/sec:  3.919E+00
 Iteration:  00000013   DeltaT:  2.556E-06   Iter/sec:  3.890E+00
 Iteration:  00000014   DeltaT:  2.556E-06   Iter/sec:  3.922E+00
 Iteration:  00000015   DeltaT:  2.556E-06   Iter/sec:  3.895E+00
 Iteration:  00000016   DeltaT:  2.556E-06   Iter/sec:  3.879E+00
 Iteration:  00000017   DeltaT:  2.556E-06   Iter/sec:  3.846E+00
 Iteration:  00000018   DeltaT:  2.556E-06   Iter/sec:  3.943E+00
 Iteration:  00000019   DeltaT:  2.556E-06   Iter/sec:  3.912E+00
 Iteration:  00000020   DeltaT:  2.556E-06   Iter/sec:  3.942E+00
 Iteration:  00000021   DeltaT:  2.556E-06   Iter/sec:  3.897E+00
 Iteration:  00000022   DeltaT:  2.556E-06   Iter/sec:  3.855E+00
 Iteration:  00000023   DeltaT:  2.556E-06   Iter/sec:  3.924E+00
 Iteration:  00000024   DeltaT:  2.556E-06   Iter/sec:  3.881E+00
 Iteration:  00000025   DeltaT:  2.556E-06   Iter/sec:  3.949E+00
 Iteration:  00000026   DeltaT:  2.556E-06   Iter/sec:  3.911E+00
 Iteration:  00000027   DeltaT:  2.556E-06   Iter/sec:  3.852E+00
 Iteration:  00000028   DeltaT:  2.556E-06   Iter/sec:  3.957E+00
 Iteration:  00000029   DeltaT:  2.556E-06   Iter/sec:  3.894E+00
 Iteration:  00000030   DeltaT:  2.556E-06   Iter/sec:  3.947E+00
 Iteration:  00000031   DeltaT:  2.556E-06   Iter/sec:  3.845E+00
 Iteration:  00000032   DeltaT:  2.556E-06   Iter/sec:  3.921E+00
 Iteration:  00000033   DeltaT:  2.556E-06   Iter/sec:  3.894E+00
 Iteration:  00000034   DeltaT:  2.556E-06   Iter/sec:  3.930E+00
 Iteration:  00000035   DeltaT:  2.556E-06   Iter/sec:  3.914E+00
 Iteration:  00000036   DeltaT:  2.556E-06   Iter/sec:  3.995E+00
 Iteration:  00000037   DeltaT:  2.556E-06   Iter/sec:  3.900E+00
 Iteration:  00000038   DeltaT:  2.556E-06   Iter/sec:  3.973E+00
 Iteration:  00000039   DeltaT:  2.556E-06   Iter/sec:  3.901E+00
 Iteration:  00000040   DeltaT:  2.556E-06   Iter/sec:  3.884E+00
 Iteration:  00000041   DeltaT:  2.556E-06   Iter/sec:  3.870E+00
 Iteration:  00000042   DeltaT:  2.556E-06   Iter/sec:  3.935E+00
 Iteration:  00000043   DeltaT:  2.556E-06   Iter/sec:  3.985E+00
 Iteration:  00000044   DeltaT:  2.556E-06   Iter/sec:  3.897E+00
 Iteration:  00000045   DeltaT:  2.556E-06   Iter/sec:  3.876E+00
 Iteration:  00000046   DeltaT:  2.556E-06   Iter/sec:  3.948E+00
 Iteration:  00000047   DeltaT:  2.556E-06   Iter/sec:  3.972E+00
 Iteration:  00000048   DeltaT:  2.556E-06   Iter/sec:  3.987E+00
 Iteration:  00000049   DeltaT:  2.556E-06   Iter/sec:  3.924E+00
 Iteration:  00000050   DeltaT:  2.556E-06   Iter/sec:  3.891E+00


//////////////////////////////////////////////
   Measured Timings for Process 0  (seconds)

 Elapsed time:        13.3941
  Column time:         1.1217
     Row time:         4.4959
Legendre time:         1.4853
     FFT time:         1.0003
   Solve time:         0.5384
    rlma time:         0.2052
    rlmb time:         0.0756
  pspace time:         2.0941
  psolve time:         1.6574
    dphi time:         0.1045
captured time:        12.7784

     iter/sec:         3.7330
//////////////////////////////////////////////
