 //////////////////////////////////////
 Initializating Rayleigh...

 -- Initalizing MPI...
 ---- Specified parameters:
 ---- NCPU  :   2048
 ---- NPROW :     64
 ---- NPCOL :     32
 -- MPI initialized.


 -- Initalizing Grid...
 ---- Specified parameters ----
 ---- N_R                 :     64
 ---- N_THETA             :    768
 ---- Ell_MAX             :    511
 ---- R_MIN               :  5.38462E-01
 ---- R_MAX               :  1.53846E+00
 ---- Chebyshev Domains   :      1

        Domain 1
          Grid points           :  64
          Dealiased Polynomials :  42
          Domain Lower Bound    :  5.38462E-01
          Domain Upper Bound    :  1.53846E+00

 -- Grid initialized.

 -- Initalizing Reference State...
 ---- Specified parameters:
 ---- Reference type           :  Boussinesq (Non-dimensional)
 ---- Rayleigh Number          :  1.00000E+05
 ---- Ekman Number             :  1.00000E-03
 ---- Prandtl Number           :  1.00000E+00
 ---- Magnetic Prandtl Number  :  5.00000E+00
 -- Reference State initialized.

 -- Initializing Fields...
 ---- Specified parameters:
 ---- Hydro Init Type    : Benchmark (Christensen et al. 2001)
 ---- Magnetic Init Type : Benchmark (Christensen et al. 2001)
 -- Fields initialized.

 Initialization Complete.
 //////////////////////////////////////

 Timestep has changed from  0.00000E+00 to  1.00000E-04.
 Iteration:  00000001   DeltaT:  1.000E-04   Iter/sec:  0.000E+00
 Timestep has changed from  1.00000E-04 to  8.93257E-06.
 Iteration:  00000002   DeltaT:  8.933E-06   Iter/sec:  1.460E+00
 Iteration:  00000003   DeltaT:  8.933E-06   Iter/sec:  9.205E+00
 Iteration:  00000004   DeltaT:  8.933E-06   Iter/sec:  8.429E+00
 Iteration:  00000005   DeltaT:  8.933E-06   Iter/sec:  7.034E+00
 Iteration:  00000006   DeltaT:  8.933E-06   Iter/sec:  6.565E+00
 Iteration:  00000007   DeltaT:  8.933E-06   Iter/sec:  1.021E+01
 Iteration:  00000008   DeltaT:  8.933E-06   Iter/sec:  1.024E+01
 Iteration:  00000009   DeltaT:  8.933E-06   Iter/sec:  1.025E+01
 Iteration:  00000010   DeltaT:  8.933E-06   Iter/sec:  8.630E+00
 Iteration:  00000011   DeltaT:  8.933E-06   Iter/sec:  5.085E+00
 Iteration:  00000012   DeltaT:  8.933E-06   Iter/sec:  9.661E+00
 Iteration:  00000013   DeltaT:  8.933E-06   Iter/sec:  1.039E+01
 Iteration:  00000014   DeltaT:  8.933E-06   Iter/sec:  1.074E+01
 Iteration:  00000015   DeltaT:  8.933E-06   Iter/sec:  8.237E+00
 Iteration:  00000016   DeltaT:  8.933E-06   Iter/sec:  7.143E+00
 Iteration:  00000017   DeltaT:  8.933E-06   Iter/sec:  8.692E+00
 Iteration:  00000018   DeltaT:  8.933E-06   Iter/sec:  1.033E+01
 Iteration:  00000019   DeltaT:  8.933E-06   Iter/sec:  8.436E+00
 Iteration:  00000020   DeltaT:  8.933E-06   Iter/sec:  9.762E+00
 Iteration:  00000021   DeltaT:  8.933E-06   Iter/sec:  8.816E+00
 Iteration:  00000022   DeltaT:  8.933E-06   Iter/sec:  5.448E+00
 Iteration:  00000023   DeltaT:  8.933E-06   Iter/sec:  1.029E+01
 Iteration:  00000024   DeltaT:  8.933E-06   Iter/sec:  1.028E+01
 Iteration:  00000025   DeltaT:  8.933E-06   Iter/sec:  8.033E+00
 Iteration:  00000026   DeltaT:  8.933E-06   Iter/sec:  8.341E+00
 Iteration:  00000027   DeltaT:  8.933E-06   Iter/sec:  5.891E+00
 Iteration:  00000028   DeltaT:  8.933E-06   Iter/sec:  1.109E+01
 Iteration:  00000029   DeltaT:  8.933E-06   Iter/sec:  9.806E+00
 Iteration:  00000030   DeltaT:  8.933E-06   Iter/sec:  1.081E+01
 Iteration:  00000031   DeltaT:  8.933E-06   Iter/sec:  1.045E+01
 Iteration:  00000032   DeltaT:  8.933E-06   Iter/sec:  7.442E+00
 Iteration:  00000033   DeltaT:  8.933E-06   Iter/sec:  5.554E+00
 Iteration:  00000034   DeltaT:  8.933E-06   Iter/sec:  1.046E+01
 Iteration:  00000035   DeltaT:  8.933E-06   Iter/sec:  1.044E+01
 Iteration:  00000036   DeltaT:  8.933E-06   Iter/sec:  1.078E+01
 Iteration:  00000037   DeltaT:  8.933E-06   Iter/sec:  7.712E+00
 Iteration:  00000038   DeltaT:  8.933E-06   Iter/sec:  6.371E+00
 Iteration:  00000039   DeltaT:  8.933E-06   Iter/sec:  8.414E+00
 Iteration:  00000040   DeltaT:  8.933E-06   Iter/sec:  1.020E+01
 Iteration:  00000041   DeltaT:  8.933E-06   Iter/sec:  1.081E+01
 Iteration:  00000042   DeltaT:  8.933E-06   Iter/sec:  1.041E+01
 Iteration:  00000043   DeltaT:  8.933E-06   Iter/sec:  8.309E+00
 Iteration:  00000044   DeltaT:  8.933E-06   Iter/sec:  5.956E+00
 Iteration:  00000045   DeltaT:  8.933E-06   Iter/sec:  1.042E+01
 Iteration:  00000046   DeltaT:  8.933E-06   Iter/sec:  9.859E+00
 Iteration:  00000047   DeltaT:  8.933E-06   Iter/sec:  1.054E+01
 Iteration:  00000048   DeltaT:  8.933E-06   Iter/sec:  1.075E+01
 Iteration:  00000049   DeltaT:  8.933E-06   Iter/sec:  7.712E+00
 Iteration:  00000050   DeltaT:  8.933E-06   Iter/sec:  5.941E+00


//////////////////////////////////////////////
   Measured Timings for Process 0  (seconds)

 Elapsed time:         6.5700
  Column time:         2.4679
     Row time:         2.0128
Legendre time:         0.4582
     FFT time:         0.2633
   Solve time:         0.1115
    rlma time:         0.0484
    rlmb time:         0.0209
  pspace time:         0.2870
  psolve time:         0.2053
    dphi time:         0.0238
captured time:         5.8991

     iter/sec:         7.6103
//////////////////////////////////////////////
