 //////////////////////////////////////
 Initializating Rayleigh...

 -- Initalizing MPI...
 ---- Specified parameters:
 ---- NCPU  :   2048
 ---- NPROW :     32
 ---- NPCOL :     64
 -- MPI initialized.


 -- Initalizing Grid...
 ---- Specified parameters ----
 ---- N_R                 :     64
 ---- N_THETA             :   1536
 ---- Ell_MAX             :   1023
 ---- R_MIN               :  5.38462E-01
 ---- R_MAX               :  1.53846E+00
 ---- Chebyshev Domains   :      1

        Domain 1
          Grid points           :  64
          Dealiased Polynomials :  42
          Domain Lower Bound    :  5.38462E-01
          Domain Upper Bound    :  1.53846E+00

 -- Grid initialized.

 -- Initalizing Reference State...
 ---- Specified parameters:
 ---- Reference type           :  Boussinesq (Non-dimensional)
 ---- Rayleigh Number          :  1.00000E+05
 ---- Ekman Number             :  1.00000E-03
 ---- Prandtl Number           :  1.00000E+00
 ---- Magnetic Prandtl Number  :  5.00000E+00
 -- Reference State initialized.

 -- Initializing Fields...
 ---- Specified parameters:
 ---- Hydro Init Type    : Benchmark (Christensen et al. 2001)
 ---- Magnetic Init Type : Benchmark (Christensen et al. 2001)
 -- Fields initialized.

 Initialization Complete.
 //////////////////////////////////////

 Timestep has changed from  0.00000E+00 to  1.00000E-04.
 Iteration:  00000001   DeltaT:  1.000E-04   Iter/sec:  0.000E+00
 Timestep has changed from  1.00000E-04 to  4.46409E-06.
 Iteration:  00000002   DeltaT:  4.464E-06   Iter/sec:  2.321E-01
 Iteration:  00000003   DeltaT:  4.464E-06   Iter/sec:  2.093E+00
 Iteration:  00000004   DeltaT:  4.464E-06   Iter/sec:  1.965E+00
 Iteration:  00000005   DeltaT:  4.464E-06   Iter/sec:  2.081E+00
 Iteration:  00000006   DeltaT:  4.464E-06   Iter/sec:  2.040E+00
 Iteration:  00000007   DeltaT:  4.464E-06   Iter/sec:  2.186E+00
 Iteration:  00000008   DeltaT:  4.464E-06   Iter/sec:  1.988E+00
 Iteration:  00000009   DeltaT:  4.464E-06   Iter/sec:  2.035E+00
 Iteration:  00000010   DeltaT:  4.464E-06   Iter/sec:  2.074E+00
 Iteration:  00000011   DeltaT:  4.464E-06   Iter/sec:  2.172E+00
 Iteration:  00000012   DeltaT:  4.464E-06   Iter/sec:  1.933E+00
 Iteration:  00000013   DeltaT:  4.464E-06   Iter/sec:  2.085E+00
 Iteration:  00000014   DeltaT:  4.464E-06   Iter/sec:  1.985E+00
 Iteration:  00000015   DeltaT:  4.464E-06   Iter/sec:  2.062E+00
 Iteration:  00000016   DeltaT:  4.464E-06   Iter/sec:  1.914E+00
 Iteration:  00000017   DeltaT:  4.464E-06   Iter/sec:  2.037E+00
 Iteration:  00000018   DeltaT:  4.464E-06   Iter/sec:  2.053E+00
 Iteration:  00000019   DeltaT:  4.464E-06   Iter/sec:  2.141E+00
 Iteration:  00000020   DeltaT:  4.464E-06   Iter/sec:  1.921E+00
 Iteration:  00000021   DeltaT:  4.464E-06   Iter/sec:  2.083E+00
 Iteration:  00000022   DeltaT:  4.464E-06   Iter/sec:  2.049E+00
 Iteration:  00000023   DeltaT:  4.464E-06   Iter/sec:  2.179E+00
 Iteration:  00000024   DeltaT:  4.464E-06   Iter/sec:  1.885E+00
 Iteration:  00000025   DeltaT:  4.464E-06   Iter/sec:  2.053E+00
 Iteration:  00000026   DeltaT:  4.464E-06   Iter/sec:  1.986E+00
 Iteration:  00000027   DeltaT:  4.464E-06   Iter/sec:  2.107E+00
 Iteration:  00000028   DeltaT:  4.464E-06   Iter/sec:  1.958E+00
 Iteration:  00000029   DeltaT:  4.464E-06   Iter/sec:  2.066E+00
 Iteration:  00000030   DeltaT:  4.464E-06   Iter/sec:  2.153E+00
 Iteration:  00000031   DeltaT:  4.464E-06   Iter/sec:  2.187E+00
 Iteration:  00000032   DeltaT:  4.464E-06   Iter/sec:  2.037E+00
 Iteration:  00000033   DeltaT:  4.464E-06   Iter/sec:  1.967E+00
 Iteration:  00000034   DeltaT:  4.464E-06   Iter/sec:  2.137E+00
 Iteration:  00000035   DeltaT:  4.464E-06   Iter/sec:  1.913E+00
 Iteration:  00000036   DeltaT:  4.464E-06   Iter/sec:  2.019E+00
 Iteration:  00000037   DeltaT:  4.464E-06   Iter/sec:  2.025E+00
 Iteration:  00000038   DeltaT:  4.464E-06   Iter/sec:  2.100E+00
 Iteration:  00000039   DeltaT:  4.464E-06   Iter/sec:  1.974E+00
 Iteration:  00000040   DeltaT:  4.464E-06   Iter/sec:  2.000E+00
 Iteration:  00000041   DeltaT:  4.464E-06   Iter/sec:  2.070E+00
 Iteration:  00000042   DeltaT:  4.464E-06   Iter/sec:  2.116E+00
 Iteration:  00000043   DeltaT:  4.464E-06   Iter/sec:  1.959E+00
 Iteration:  00000044   DeltaT:  4.464E-06   Iter/sec:  2.072E+00
 Iteration:  00000045   DeltaT:  4.464E-06   Iter/sec:  1.993E+00
 Iteration:  00000046   DeltaT:  4.464E-06   Iter/sec:  2.167E+00
 Iteration:  00000047   DeltaT:  4.464E-06   Iter/sec:  1.957E+00
 Iteration:  00000048   DeltaT:  4.464E-06   Iter/sec:  1.917E+00
 Iteration:  00000049   DeltaT:  4.464E-06   Iter/sec:  2.058E+00
 Iteration:  00000050   DeltaT:  4.464E-06   Iter/sec:  2.236E+00


//////////////////////////////////////////////
   Measured Timings for Process 0  (seconds)

 Elapsed time:        27.0701
  Column time:         9.5933
     Row time:         5.6737
Legendre time:         4.3067
     FFT time:         1.0816
   Solve time:         0.1992
    rlma time:         0.2660
    rlmb time:         0.1181
  pspace time:         1.8347
  psolve time:         1.2644
    dphi time:         0.0839
captured time:        24.4215

     iter/sec:         1.8471
//////////////////////////////////////////////
