 //////////////////////////////////////
 Initializating Rayleigh...

 -- Initalizing MPI...
 ---- Specified parameters:
 ---- NCPU  :    512
 ---- NPROW :     32
 ---- NPCOL :     16
 -- MPI initialized.


 -- Initalizing Grid...
 ---- Specified parameters ----
 ---- N_R                 :     64
 ---- N_THETA             :    768
 ---- Ell_MAX             :    511
 ---- R_MIN               :  5.38462E-01
 ---- R_MAX               :  1.53846E+00
 ---- Chebyshev Domains   :      1

        Domain 1
          Grid points           :  64
          Dealiased Polynomials :  42
          Domain Lower Bound    :  5.38462E-01
          Domain Upper Bound    :  1.53846E+00

 -- Grid initialized.

[SHTns 3.4.5] built Apr 26 2021, 15:32:45, id: avx2,ishioka
        Lmax=511, Mmax*Mres=511, Mres=1, Nlm=131328  [1 threads, orthonormalized]
        => using FFTW : Mmax=511, Nphi=1536, Nlat=768  (data layout : phi_inc=768, theta_inc=1, phi_embed=1536)
        => using Gauss nodes
        + polar optimization threshold = 1.0e-08
        finding optimal algorithm.....
        + SHT accuracy = 3.45e-13
        => SHTns is ready.
 -- Initalizing Reference State...
 ---- Specified parameters:
 ---- Reference type           :  Boussinesq (Non-dimensional)
 ---- Rayleigh Number          :  1.00000E+05
 ---- Ekman Number             :  1.00000E-03
 ---- Prandtl Number           :  1.00000E+00
 ---- Magnetic Prandtl Number  :  5.00000E+00
 -- Reference State initialized.

 -- Initializing Fields...
 ---- Specified parameters:
 ---- Hydro Init Type    : Benchmark (Christensen et al. 2001)
 ---- Magnetic Init Type : Benchmark (Christensen et al. 2001)
 -- Fields initialized.

 Initialization Complete.
 //////////////////////////////////////

 Timestep has changed from  0.00000E+00 to  1.00000E-04.
 Iteration:  00000001   DeltaT:  1.000E-04   Iter/sec:  0.000E+00
 Timestep has changed from  1.00000E-04 to  8.93257E-06.
 Iteration:  00000002   DeltaT:  8.933E-06   Iter/sec:  1.352E-01
 Iteration:  00000003   DeltaT:  8.933E-06   Iter/sec:  2.825E+00
 Iteration:  00000004   DeltaT:  8.933E-06   Iter/sec:  3.062E+00
 Iteration:  00000005   DeltaT:  8.933E-06   Iter/sec:  3.179E+00
 Iteration:  00000006   DeltaT:  8.933E-06   Iter/sec:  2.928E+00
 Iteration:  00000007   DeltaT:  8.933E-06   Iter/sec:  3.146E+00
 Iteration:  00000008   DeltaT:  8.933E-06   Iter/sec:  3.017E+00
 Iteration:  00000009   DeltaT:  8.933E-06   Iter/sec:  3.089E+00
 Iteration:  00000010   DeltaT:  8.933E-06   Iter/sec:  3.120E+00
 Iteration:  00000011   DeltaT:  8.933E-06   Iter/sec:  3.124E+00
 Iteration:  00000012   DeltaT:  8.933E-06   Iter/sec:  3.143E+00
 Iteration:  00000013   DeltaT:  8.933E-06   Iter/sec:  3.103E+00
 Iteration:  00000014   DeltaT:  8.933E-06   Iter/sec:  3.146E+00
 Iteration:  00000015   DeltaT:  8.933E-06   Iter/sec:  3.094E+00
 Iteration:  00000016   DeltaT:  8.933E-06   Iter/sec:  2.971E+00
 Iteration:  00000017   DeltaT:  8.933E-06   Iter/sec:  3.069E+00
 Iteration:  00000018   DeltaT:  8.933E-06   Iter/sec:  2.972E+00
 Iteration:  00000019   DeltaT:  8.933E-06   Iter/sec:  2.961E+00
 Iteration:  00000020   DeltaT:  8.933E-06   Iter/sec:  3.035E+00
 Iteration:  00000021   DeltaT:  8.933E-06   Iter/sec:  3.063E+00
 Iteration:  00000022   DeltaT:  8.933E-06   Iter/sec:  3.063E+00
 Iteration:  00000023   DeltaT:  8.933E-06   Iter/sec:  3.007E+00
 Iteration:  00000024   DeltaT:  8.933E-06   Iter/sec:  3.151E+00
 Iteration:  00000025   DeltaT:  8.933E-06   Iter/sec:  3.005E+00
 Iteration:  00000026   DeltaT:  8.933E-06   Iter/sec:  3.262E+00
 Iteration:  00000027   DeltaT:  8.933E-06   Iter/sec:  3.201E+00
 Iteration:  00000028   DeltaT:  8.933E-06   Iter/sec:  3.000E+00
 Iteration:  00000029   DeltaT:  8.933E-06   Iter/sec:  3.066E+00
 Iteration:  00000030   DeltaT:  8.933E-06   Iter/sec:  3.090E+00
 Iteration:  00000031   DeltaT:  8.933E-06   Iter/sec:  3.060E+00
 Iteration:  00000032   DeltaT:  8.933E-06   Iter/sec:  3.093E+00
 Iteration:  00000033   DeltaT:  8.933E-06   Iter/sec:  3.114E+00
 Iteration:  00000034   DeltaT:  8.933E-06   Iter/sec:  3.135E+00
 Iteration:  00000035   DeltaT:  8.933E-06   Iter/sec:  3.199E+00
 Iteration:  00000036   DeltaT:  8.933E-06   Iter/sec:  3.023E+00
 Iteration:  00000037   DeltaT:  8.933E-06   Iter/sec:  3.148E+00
 Iteration:  00000038   DeltaT:  8.933E-06   Iter/sec:  3.190E+00
 Iteration:  00000039   DeltaT:  8.933E-06   Iter/sec:  3.119E+00
 Iteration:  00000040   DeltaT:  8.933E-06   Iter/sec:  3.041E+00
 Iteration:  00000041   DeltaT:  8.933E-06   Iter/sec:  3.176E+00
 Iteration:  00000042   DeltaT:  8.933E-06   Iter/sec:  3.291E+00
 Iteration:  00000043   DeltaT:  8.933E-06   Iter/sec:  3.045E+00
 Iteration:  00000044   DeltaT:  8.933E-06   Iter/sec:  3.261E+00
 Iteration:  00000045   DeltaT:  8.933E-06   Iter/sec:  2.996E+00
 Iteration:  00000046   DeltaT:  8.933E-06   Iter/sec:  3.132E+00
 Iteration:  00000047   DeltaT:  8.933E-06   Iter/sec:  2.952E+00
 Iteration:  00000048   DeltaT:  8.933E-06   Iter/sec:  3.274E+00
 Iteration:  00000049   DeltaT:  8.933E-06   Iter/sec:  3.005E+00
 Iteration:  00000050   DeltaT:  8.933E-06   Iter/sec:  3.076E+00


//////////////////////////////////////////////
   Measured Timings for Process 0  (seconds)

 Elapsed time:        21.0376
  Column time:         4.2441
     Row time:         5.4471
Legendre time:         1.7947
     FFT time:         0.9459
   Solve time:         0.2638
    rlma time:         0.1829
    rlmb time:         0.0773
  pspace time:         1.7852
  psolve time:         1.2889
    dphi time:         0.0715
captured time:        16.1013

     iter/sec:         2.3767
//////////////////////////////////////////////
