 //////////////////////////////////////
 Initializating Rayleigh...

 -- Initalizing MPI...
 ---- Specified parameters:
 ---- NCPU  :   2048
 ---- NPROW :     32
 ---- NPCOL :     64
 -- MPI initialized.


 -- Initalizing Grid...
 ---- Specified parameters ----
 ---- N_R                 :     64
 ---- N_THETA             :    192
 ---- Ell_MAX             :    127
 ---- R_MIN               :  5.38462E-01
 ---- R_MAX               :  1.53846E+00
 ---- Chebyshev Domains   :      1

        Domain 1
          Grid points           :  64
          Dealiased Polynomials :  42
          Domain Lower Bound    :  5.38462E-01
          Domain Upper Bound    :  1.53846E+00

 -- Grid initialized.

 -- Initalizing Reference State...
 ---- Specified parameters:
 ---- Reference type           :  Boussinesq (Non-dimensional)
 ---- Rayleigh Number          :  1.00000E+05
 ---- Ekman Number             :  1.00000E-03
 ---- Prandtl Number           :  1.00000E+00
 ---- Magnetic Prandtl Number  :  5.00000E+00
 -- Reference State initialized.

 -- Initializing Fields...
 ---- Specified parameters:
 ---- Hydro Init Type    : Benchmark (Christensen et al. 2001)
 ---- Magnetic Init Type : Benchmark (Christensen et al. 2001)
 -- Fields initialized.

 Initialization Complete.
 //////////////////////////////////////

 Timestep has changed from  0.00000E+00 to  1.00000E-04.
 Iteration:  00000001   DeltaT:  1.000E-04   Iter/sec:  0.000E+00
 Timestep has changed from  1.00000E-04 to  1.02217E-05.
 Iteration:  00000002   DeltaT:  1.022E-05   Iter/sec:  3.485E+00
 Iteration:  00000003   DeltaT:  1.022E-05   Iter/sec:  6.136E+01
 Iteration:  00000004   DeltaT:  1.022E-05   Iter/sec:  7.269E+01
 Iteration:  00000005   DeltaT:  1.022E-05   Iter/sec:  1.142E+02
 Iteration:  00000006   DeltaT:  1.022E-05   Iter/sec:  1.116E+02
 Iteration:  00000007   DeltaT:  1.022E-05   Iter/sec:  8.509E+01
 Iteration:  00000008   DeltaT:  1.022E-05   Iter/sec:  6.570E+01
 Iteration:  00000009   DeltaT:  1.022E-05   Iter/sec:  6.383E+01
 Iteration:  00000010   DeltaT:  1.022E-05   Iter/sec:  9.138E+01
 Iteration:  00000011   DeltaT:  1.022E-05   Iter/sec:  3.347E+01
 Iteration:  00000012   DeltaT:  1.022E-05   Iter/sec:  4.636E+01
 Iteration:  00000013   DeltaT:  1.022E-05   Iter/sec:  2.984E+01
 Iteration:  00000014   DeltaT:  1.022E-05   Iter/sec:  3.720E+01
 Iteration:  00000015   DeltaT:  1.022E-05   Iter/sec:  7.747E+01
 Iteration:  00000016   DeltaT:  1.022E-05   Iter/sec:  9.782E+01
 Iteration:  00000017   DeltaT:  1.022E-05   Iter/sec:  1.210E+02
 Iteration:  00000018   DeltaT:  1.022E-05   Iter/sec:  1.360E+02
 Iteration:  00000019   DeltaT:  1.022E-05   Iter/sec:  1.132E+02
 Iteration:  00000020   DeltaT:  1.022E-05   Iter/sec:  9.977E+01
 Iteration:  00000021   DeltaT:  1.022E-05   Iter/sec:  1.213E+02
 Iteration:  00000022   DeltaT:  1.022E-05   Iter/sec:  1.105E+02
 Iteration:  00000023   DeltaT:  1.022E-05   Iter/sec:  1.277E+02
 Iteration:  00000024   DeltaT:  1.022E-05   Iter/sec:  1.056E+02
 Iteration:  00000025   DeltaT:  1.022E-05   Iter/sec:  1.149E+02
 Iteration:  00000026   DeltaT:  1.022E-05   Iter/sec:  1.139E+02
 Iteration:  00000027   DeltaT:  1.022E-05   Iter/sec:  1.294E+02
 Iteration:  00000028   DeltaT:  1.022E-05   Iter/sec:  1.048E+02
 Iteration:  00000029   DeltaT:  1.022E-05   Iter/sec:  1.142E+02
 Iteration:  00000030   DeltaT:  1.022E-05   Iter/sec:  1.199E+02
 Iteration:  00000031   DeltaT:  1.022E-05   Iter/sec:  1.044E+02
 Iteration:  00000032   DeltaT:  1.022E-05   Iter/sec:  1.203E+02
 Iteration:  00000033   DeltaT:  1.022E-05   Iter/sec:  1.236E+02
 Iteration:  00000034   DeltaT:  1.022E-05   Iter/sec:  1.160E+02
 Iteration:  00000035   DeltaT:  1.022E-05   Iter/sec:  1.121E+02
 Iteration:  00000036   DeltaT:  1.022E-05   Iter/sec:  1.185E+02
 Iteration:  00000037   DeltaT:  1.022E-05   Iter/sec:  1.073E+02
 Iteration:  00000038   DeltaT:  1.022E-05   Iter/sec:  1.125E+02
 Iteration:  00000039   DeltaT:  1.022E-05   Iter/sec:  1.243E+02
 Iteration:  00000040   DeltaT:  1.022E-05   Iter/sec:  9.491E+01
 Iteration:  00000041   DeltaT:  1.022E-05   Iter/sec:  1.215E+02
 Iteration:  00000042   DeltaT:  1.022E-05   Iter/sec:  1.297E+02
 Iteration:  00000043   DeltaT:  1.022E-05   Iter/sec:  1.089E+02
 Iteration:  00000044   DeltaT:  1.022E-05   Iter/sec:  1.246E+02
 Iteration:  00000045   DeltaT:  1.022E-05   Iter/sec:  1.134E+02
 Iteration:  00000046   DeltaT:  1.022E-05   Iter/sec:  1.072E+02
 Iteration:  00000047   DeltaT:  1.022E-05   Iter/sec:  1.219E+02
 Iteration:  00000048   DeltaT:  1.022E-05   Iter/sec:  1.136E+02
 Iteration:  00000049   DeltaT:  1.022E-05   Iter/sec:  1.229E+02
 Iteration:  00000050   DeltaT:  1.022E-05   Iter/sec:  1.076E+02


//////////////////////////////////////////////
   Measured Timings for Process 0  (seconds)

 Elapsed time:         2.1561
  Column time:         0.4171
     Row time:         0.2058
Legendre time:         0.0135
     FFT time:         0.0097
   Solve time:         0.0156
    rlma time:         0.0054
    rlmb time:         0.0020
  pspace time:         0.0044
  psolve time:         0.0162
    dphi time:         0.0006
captured time:         0.6903

     iter/sec:        23.1903
//////////////////////////////////////////////
