 //////////////////////////////////////
 Initializating Rayleigh...

 -- Initalizing MPI...
 ---- Specified parameters:
 ---- NCPU  :    128
 ---- NPROW :      8
 ---- NPCOL :     16
 -- MPI initialized.


 -- Initalizing Grid...
 ---- Specified parameters ----
 ---- N_R                 :    128
 ---- N_THETA             :    768
 ---- Ell_MAX             :    511
 ---- R_MIN               :  5.38462E-01
 ---- R_MAX               :  1.53846E+00
 ---- Chebyshev Domains   :      1

        Domain 1
          Grid points           :  128
          Dealiased Polynomials :  85
          Domain Lower Bound    :  5.38462E-01
          Domain Upper Bound    :  1.53846E+00

 -- Grid initialized.

 -- Initalizing Reference State...
 ---- Specified parameters:
 ---- Reference type           :  Boussinesq (Non-dimensional)
 ---- Rayleigh Number          :  1.00000E+05
 ---- Ekman Number             :  1.00000E-03
 ---- Prandtl Number           :  1.00000E+00
 ---- Magnetic Prandtl Number  :  5.00000E+00
 -- Reference State initialized.

 -- Initializing Fields...
 ---- Specified parameters:
 ---- Hydro Init Type    : Benchmark (Christensen et al. 2001)
 ---- Magnetic Init Type : Benchmark (Christensen et al. 2001)
 -- Fields initialized.

 Initialization Complete.
 //////////////////////////////////////

 Timestep has changed from  0.00000E+00 to  1.00000E-04.
 Iteration:  00000001   DeltaT:  1.000E-04   Iter/sec:  0.000E+00
 Timestep has changed from  1.00000E-04 to  2.55562E-06.
 Iteration:  00000002   DeltaT:  2.556E-06   Iter/sec:  2.218E-01
 Iteration:  00000003   DeltaT:  2.556E-06   Iter/sec:  3.863E-01
 Iteration:  00000004   DeltaT:  2.556E-06   Iter/sec:  4.002E-01
 Iteration:  00000005   DeltaT:  2.556E-06   Iter/sec:  4.032E-01
 Iteration:  00000006   DeltaT:  2.556E-06   Iter/sec:  4.003E-01
 Iteration:  00000007   DeltaT:  2.556E-06   Iter/sec:  3.969E-01
 Iteration:  00000008   DeltaT:  2.556E-06   Iter/sec:  4.046E-01
 Iteration:  00000009   DeltaT:  2.556E-06   Iter/sec:  4.020E-01
 Iteration:  00000010   DeltaT:  2.556E-06   Iter/sec:  4.091E-01
 Iteration:  00000011   DeltaT:  2.556E-06   Iter/sec:  3.938E-01
 Iteration:  00000012   DeltaT:  2.556E-06   Iter/sec:  3.984E-01
 Iteration:  00000013   DeltaT:  2.556E-06   Iter/sec:  4.001E-01
 Iteration:  00000014   DeltaT:  2.556E-06   Iter/sec:  3.936E-01
 Iteration:  00000015   DeltaT:  2.556E-06   Iter/sec:  3.976E-01
 Iteration:  00000016   DeltaT:  2.556E-06   Iter/sec:  4.040E-01
 Iteration:  00000017   DeltaT:  2.556E-06   Iter/sec:  3.989E-01
 Iteration:  00000018   DeltaT:  2.556E-06   Iter/sec:  3.973E-01
 Iteration:  00000019   DeltaT:  2.556E-06   Iter/sec:  4.006E-01
 Iteration:  00000020   DeltaT:  2.556E-06   Iter/sec:  4.018E-01
 Iteration:  00000021   DeltaT:  2.556E-06   Iter/sec:  3.940E-01
 Iteration:  00000022   DeltaT:  2.556E-06   Iter/sec:  3.979E-01
 Iteration:  00000023   DeltaT:  2.556E-06   Iter/sec:  3.993E-01
 Iteration:  00000024   DeltaT:  2.556E-06   Iter/sec:  4.009E-01
 Iteration:  00000025   DeltaT:  2.556E-06   Iter/sec:  3.958E-01
 Iteration:  00000026   DeltaT:  2.556E-06   Iter/sec:  3.993E-01
 Iteration:  00000027   DeltaT:  2.556E-06   Iter/sec:  3.947E-01
 Iteration:  00000028   DeltaT:  2.556E-06   Iter/sec:  4.027E-01
 Iteration:  00000029   DeltaT:  2.556E-06   Iter/sec:  3.942E-01
 Iteration:  00000030   DeltaT:  2.556E-06   Iter/sec:  3.980E-01
 Iteration:  00000031   DeltaT:  2.556E-06   Iter/sec:  4.050E-01
 Iteration:  00000032   DeltaT:  2.556E-06   Iter/sec:  4.074E-01
 Iteration:  00000033   DeltaT:  2.556E-06   Iter/sec:  3.990E-01
 Iteration:  00000034   DeltaT:  2.556E-06   Iter/sec:  3.979E-01
 Iteration:  00000035   DeltaT:  2.556E-06   Iter/sec:  3.962E-01
 Iteration:  00000036   DeltaT:  2.556E-06   Iter/sec:  4.019E-01
 Iteration:  00000037   DeltaT:  2.556E-06   Iter/sec:  3.983E-01
 Iteration:  00000038   DeltaT:  2.556E-06   Iter/sec:  4.018E-01
 Iteration:  00000039   DeltaT:  2.556E-06   Iter/sec:  4.003E-01
 Iteration:  00000040   DeltaT:  2.556E-06   Iter/sec:  4.010E-01
 Iteration:  00000041   DeltaT:  2.556E-06   Iter/sec:  3.956E-01
 Iteration:  00000042   DeltaT:  2.556E-06   Iter/sec:  3.944E-01
 Iteration:  00000043   DeltaT:  2.556E-06   Iter/sec:  4.032E-01
 Iteration:  00000044   DeltaT:  2.556E-06   Iter/sec:  4.011E-01
 Iteration:  00000045   DeltaT:  2.556E-06   Iter/sec:  3.953E-01
 Iteration:  00000046   DeltaT:  2.556E-06   Iter/sec:  3.974E-01
 Iteration:  00000047   DeltaT:  2.556E-06   Iter/sec:  4.005E-01
 Iteration:  00000048   DeltaT:  2.556E-06   Iter/sec:  3.992E-01
 Iteration:  00000049   DeltaT:  2.556E-06   Iter/sec:  3.936E-01
 Iteration:  00000050   DeltaT:  2.556E-06   Iter/sec:  4.014E-01


//////////////////////////////////////////////
   Measured Timings for Process 0  (seconds)

 Elapsed time:       127.0692
  Column time:        17.5969
     Row time:        43.0901
Legendre time:        19.2435
     FFT time:         7.7540
   Solve time:         2.2979
    rlma time:         2.3461
    rlmb time:         1.1148
  pspace time:        16.1105
  psolve time:        13.3165
    dphi time:         0.6668
captured time:       123.5371

     iter/sec:         0.3935
//////////////////////////////////////////////
