 //////////////////////////////////////
 Initializating Rayleigh...

 -- Initalizing MPI...
 ---- Specified parameters:
 ---- NCPU  :   2048
 ---- NPROW :     64
 ---- NPCOL :     32
 -- MPI initialized.


 -- Initalizing Grid...
 ---- Specified parameters ----
 ---- N_R                 :     64
 ---- N_THETA             :   1536
 ---- Ell_MAX             :   1023
 ---- R_MIN               :  5.38462E-01
 ---- R_MAX               :  1.53846E+00
 ---- Chebyshev Domains   :      1

        Domain 1
          Grid points           :  64
          Dealiased Polynomials :  42
          Domain Lower Bound    :  5.38462E-01
          Domain Upper Bound    :  1.53846E+00

 -- Grid initialized.

[SHTns 3.4.5] built Apr 26 2021, 15:32:45, id: avx2,ishioka
        Lmax=1023, Mmax*Mres=1023, Mres=1, Nlm=524800  [1 threads, orthonormalized]
        => using FFTW : Mmax=1023, Nphi=3072, Nlat=1536  (data layout : phi_inc=1536, theta_inc=1, phi_embed=3072)
        => using Gauss nodes
        + polar optimization threshold = 1.0e-08
        finding optimal algorithm...
        + SHT accuracy = 1.12e-12
        => SHTns is ready.
 -- Initalizing Reference State...
 ---- Specified parameters:
 ---- Reference type           :  Boussinesq (Non-dimensional)
 ---- Rayleigh Number          :  1.00000E+05
 ---- Ekman Number             :  1.00000E-03
 ---- Prandtl Number           :  1.00000E+00
 ---- Magnetic Prandtl Number  :  5.00000E+00
 -- Reference State initialized.

 -- Initializing Fields...
 ---- Specified parameters:
 ---- Hydro Init Type    : Benchmark (Christensen et al. 2001)
 ---- Magnetic Init Type : Benchmark (Christensen et al. 2001)
 -- Fields initialized.

 Initialization Complete.
 //////////////////////////////////////

 Timestep has changed from  0.00000E+00 to  1.00000E-04.
 Iteration:  00000001   DeltaT:  1.000E-04   Iter/sec:  0.000E+00
 Timestep has changed from  1.00000E-04 to  4.46409E-06.
 Iteration:  00000002   DeltaT:  4.464E-06   Iter/sec:  1.269E-01
 Iteration:  00000003   DeltaT:  4.464E-06   Iter/sec:  1.910E+00
 Iteration:  00000004   DeltaT:  4.464E-06   Iter/sec:  1.863E+00
 Iteration:  00000005   DeltaT:  4.464E-06   Iter/sec:  2.056E+00
 Iteration:  00000006   DeltaT:  4.464E-06   Iter/sec:  2.260E+00
 Iteration:  00000007   DeltaT:  4.464E-06   Iter/sec:  1.983E+00
 Iteration:  00000008   DeltaT:  4.464E-06   Iter/sec:  1.913E+00
 Iteration:  00000009   DeltaT:  4.464E-06   Iter/sec:  2.117E+00
 Iteration:  00000010   DeltaT:  4.464E-06   Iter/sec:  2.175E+00
 Iteration:  00000011   DeltaT:  4.464E-06   Iter/sec:  2.085E+00
 Iteration:  00000012   DeltaT:  4.464E-06   Iter/sec:  1.920E+00
 Iteration:  00000013   DeltaT:  4.464E-06   Iter/sec:  1.867E+00
 Iteration:  00000014   DeltaT:  4.464E-06   Iter/sec:  2.292E+00
 Iteration:  00000015   DeltaT:  4.464E-06   Iter/sec:  1.837E+00
 Iteration:  00000016   DeltaT:  4.464E-06   Iter/sec:  2.042E+00
 Iteration:  00000017   DeltaT:  4.464E-06   Iter/sec:  2.100E+00
 Iteration:  00000018   DeltaT:  4.464E-06   Iter/sec:  2.239E+00
 Iteration:  00000019   DeltaT:  4.464E-06   Iter/sec:  2.024E+00
 Iteration:  00000020   DeltaT:  4.464E-06   Iter/sec:  1.903E+00
 Iteration:  00000021   DeltaT:  4.464E-06   Iter/sec:  2.052E+00
 Iteration:  00000022   DeltaT:  4.464E-06   Iter/sec:  2.204E+00
 Iteration:  00000023   DeltaT:  4.464E-06   Iter/sec:  2.013E+00
 Iteration:  00000024   DeltaT:  4.464E-06   Iter/sec:  1.880E+00
 Iteration:  00000025   DeltaT:  4.464E-06   Iter/sec:  2.143E+00
 Iteration:  00000026   DeltaT:  4.464E-06   Iter/sec:  2.175E+00
 Iteration:  00000027   DeltaT:  4.464E-06   Iter/sec:  2.008E+00
 Iteration:  00000028   DeltaT:  4.464E-06   Iter/sec:  1.857E+00
 Iteration:  00000029   DeltaT:  4.464E-06   Iter/sec:  2.072E+00
 Iteration:  00000030   DeltaT:  4.464E-06   Iter/sec:  2.181E+00
 Iteration:  00000031   DeltaT:  4.464E-06   Iter/sec:  2.094E+00
 Iteration:  00000032   DeltaT:  4.464E-06   Iter/sec:  1.922E+00
 Iteration:  00000033   DeltaT:  4.464E-06   Iter/sec:  2.097E+00
 Iteration:  00000034   DeltaT:  4.464E-06   Iter/sec:  2.157E+00
 Iteration:  00000035   DeltaT:  4.464E-06   Iter/sec:  1.992E+00
 Iteration:  00000036   DeltaT:  4.464E-06   Iter/sec:  1.882E+00
 Iteration:  00000037   DeltaT:  4.464E-06   Iter/sec:  2.067E+00
 Iteration:  00000038   DeltaT:  4.464E-06   Iter/sec:  2.239E+00
 Iteration:  00000039   DeltaT:  4.464E-06   Iter/sec:  1.888E+00
 Iteration:  00000040   DeltaT:  4.464E-06   Iter/sec:  1.945E+00
 Iteration:  00000041   DeltaT:  4.464E-06   Iter/sec:  1.972E+00
 Iteration:  00000042   DeltaT:  4.464E-06   Iter/sec:  2.162E+00
 Iteration:  00000043   DeltaT:  4.464E-06   Iter/sec:  2.229E+00
 Iteration:  00000044   DeltaT:  4.464E-06   Iter/sec:  1.886E+00
 Iteration:  00000045   DeltaT:  4.464E-06   Iter/sec:  2.153E+00
 Iteration:  00000046   DeltaT:  4.464E-06   Iter/sec:  2.124E+00
 Iteration:  00000047   DeltaT:  4.464E-06   Iter/sec:  1.826E+00
 Iteration:  00000048   DeltaT:  4.464E-06   Iter/sec:  2.040E+00
 Iteration:  00000049   DeltaT:  4.464E-06   Iter/sec:  2.267E+00
 Iteration:  00000050   DeltaT:  4.464E-06   Iter/sec:  2.018E+00


//////////////////////////////////////////////
   Measured Timings for Process 0  (seconds)

 Elapsed time:        28.8795
  Column time:         9.2290
     Row time:         7.3809
Legendre time:         2.8805
     FFT time:         1.0639
   Solve time:         0.2692
    rlma time:         0.1926
    rlmb time:         0.0851
  pspace time:         2.0143
  psolve time:         1.2396
    dphi time:         0.1051
captured time:        24.4602

     iter/sec:         1.7313
//////////////////////////////////////////////
