 //////////////////////////////////////
 Initializating Rayleigh...

 -- Initalizing MPI...
 ---- Specified parameters:
 ---- NCPU  :    512
 ---- NPROW :     16
 ---- NPCOL :     32
 -- MPI initialized.


 -- Initalizing Grid...
 ---- Specified parameters ----
 ---- N_R                 :     64
 ---- N_THETA             :   1536
 ---- Ell_MAX             :   1023
 ---- R_MIN               :  5.38462E-01
 ---- R_MAX               :  1.53846E+00
 ---- Chebyshev Domains   :      1

        Domain 1
          Grid points           :  64
          Dealiased Polynomials :  42
          Domain Lower Bound    :  5.38462E-01
          Domain Upper Bound    :  1.53846E+00

 -- Grid initialized.

 -- Initalizing Reference State...
 ---- Specified parameters:
 ---- Reference type           :  Boussinesq (Non-dimensional)
 ---- Rayleigh Number          :  1.00000E+05
 ---- Ekman Number             :  1.00000E-03
 ---- Prandtl Number           :  1.00000E+00
 ---- Magnetic Prandtl Number  :  5.00000E+00
 -- Reference State initialized.

 -- Initializing Fields...
 ---- Specified parameters:
 ---- Hydro Init Type    : Benchmark (Christensen et al. 2001)
 ---- Magnetic Init Type : Benchmark (Christensen et al. 2001)
 -- Fields initialized.

 Initialization Complete.
 //////////////////////////////////////

 Timestep has changed from  0.00000E+00 to  1.00000E-04.
 Iteration:  00000001   DeltaT:  1.000E-04   Iter/sec:  0.000E+00
 Timestep has changed from  1.00000E-04 to  4.46409E-06.
 Iteration:  00000002   DeltaT:  4.464E-06   Iter/sec:  1.209E-01
 Iteration:  00000003   DeltaT:  4.464E-06   Iter/sec:  7.000E-01
 Iteration:  00000004   DeltaT:  4.464E-06   Iter/sec:  6.869E-01
 Iteration:  00000005   DeltaT:  4.464E-06   Iter/sec:  7.092E-01
 Iteration:  00000006   DeltaT:  4.464E-06   Iter/sec:  7.067E-01
 Iteration:  00000007   DeltaT:  4.464E-06   Iter/sec:  6.817E-01
 Iteration:  00000008   DeltaT:  4.464E-06   Iter/sec:  7.051E-01
 Iteration:  00000009   DeltaT:  4.464E-06   Iter/sec:  6.886E-01
 Iteration:  00000010   DeltaT:  4.464E-06   Iter/sec:  7.122E-01
 Iteration:  00000011   DeltaT:  4.464E-06   Iter/sec:  6.949E-01
 Iteration:  00000012   DeltaT:  4.464E-06   Iter/sec:  7.021E-01
 Iteration:  00000013   DeltaT:  4.464E-06   Iter/sec:  6.956E-01
 Iteration:  00000014   DeltaT:  4.464E-06   Iter/sec:  7.111E-01
 Iteration:  00000015   DeltaT:  4.464E-06   Iter/sec:  6.991E-01
 Iteration:  00000016   DeltaT:  4.464E-06   Iter/sec:  6.920E-01
 Iteration:  00000017   DeltaT:  4.464E-06   Iter/sec:  6.791E-01
 Iteration:  00000018   DeltaT:  4.464E-06   Iter/sec:  7.055E-01
 Iteration:  00000019   DeltaT:  4.464E-06   Iter/sec:  7.075E-01
 Iteration:  00000020   DeltaT:  4.464E-06   Iter/sec:  7.057E-01
 Iteration:  00000021   DeltaT:  4.464E-06   Iter/sec:  6.818E-01
 Iteration:  00000022   DeltaT:  4.464E-06   Iter/sec:  7.173E-01
 Iteration:  00000023   DeltaT:  4.464E-06   Iter/sec:  6.948E-01
 Iteration:  00000024   DeltaT:  4.464E-06   Iter/sec:  7.158E-01
 Iteration:  00000025   DeltaT:  4.464E-06   Iter/sec:  6.919E-01
 Iteration:  00000026   DeltaT:  4.464E-06   Iter/sec:  6.972E-01
 Iteration:  00000027   DeltaT:  4.464E-06   Iter/sec:  6.964E-01
 Iteration:  00000028   DeltaT:  4.464E-06   Iter/sec:  6.890E-01
 Iteration:  00000029   DeltaT:  4.464E-06   Iter/sec:  7.139E-01
 Iteration:  00000030   DeltaT:  4.464E-06   Iter/sec:  6.902E-01
 Iteration:  00000031   DeltaT:  4.464E-06   Iter/sec:  6.931E-01
 Iteration:  00000032   DeltaT:  4.464E-06   Iter/sec:  7.196E-01
 Iteration:  00000033   DeltaT:  4.464E-06   Iter/sec:  7.042E-01
 Iteration:  00000034   DeltaT:  4.464E-06   Iter/sec:  6.921E-01
 Iteration:  00000035   DeltaT:  4.464E-06   Iter/sec:  6.989E-01
 Iteration:  00000036   DeltaT:  4.464E-06   Iter/sec:  6.902E-01
 Iteration:  00000037   DeltaT:  4.464E-06   Iter/sec:  6.872E-01
 Iteration:  00000038   DeltaT:  4.464E-06   Iter/sec:  7.020E-01
 Iteration:  00000039   DeltaT:  4.464E-06   Iter/sec:  7.054E-01
 Iteration:  00000040   DeltaT:  4.464E-06   Iter/sec:  7.029E-01
 Iteration:  00000041   DeltaT:  4.464E-06   Iter/sec:  6.924E-01
 Iteration:  00000042   DeltaT:  4.464E-06   Iter/sec:  6.992E-01
 Iteration:  00000043   DeltaT:  4.464E-06   Iter/sec:  7.166E-01
 Iteration:  00000044   DeltaT:  4.464E-06   Iter/sec:  7.007E-01
 Iteration:  00000045   DeltaT:  4.464E-06   Iter/sec:  6.877E-01
 Iteration:  00000046   DeltaT:  4.464E-06   Iter/sec:  6.844E-01
 Iteration:  00000047   DeltaT:  4.464E-06   Iter/sec:  7.017E-01
 Iteration:  00000048   DeltaT:  4.464E-06   Iter/sec:  6.981E-01
 Iteration:  00000049   DeltaT:  4.464E-06   Iter/sec:  7.110E-01
 Iteration:  00000050   DeltaT:  4.464E-06   Iter/sec:  6.946E-01


//////////////////////////////////////////////
   Measured Timings for Process 0  (seconds)

 Elapsed time:        73.2682
  Column time:        14.7373
     Row time:        20.2517
Legendre time:        13.8311
     FFT time:         4.2126
   Solve time:         0.6323
    rlma time:         0.9732
    rlmb time:         0.5435
  pspace time:         9.2546
  psolve time:         6.0122
    dphi time:         0.5432
captured time:        70.9916

     iter/sec:         0.6824
//////////////////////////////////////////////
