 //////////////////////////////////////
 Initializating Rayleigh...

 -- Initalizing MPI...
 ---- Specified parameters:
 ---- NCPU  :    256
 ---- NPROW :     16
 ---- NPCOL :     16
 -- MPI initialized.


 -- Initalizing Grid...
 ---- Specified parameters ----
 ---- N_R                 :     64
 ---- N_THETA             :    384
 ---- Ell_MAX             :    255
 ---- R_MIN               :  5.38462E-01
 ---- R_MAX               :  1.53846E+00
 ---- Chebyshev Domains   :      1

        Domain 1
          Grid points           :  64
          Dealiased Polynomials :  42
          Domain Lower Bound    :  5.38462E-01
          Domain Upper Bound    :  1.53846E+00

 -- Grid initialized.

 -- Initalizing Reference State...
 ---- Specified parameters:
 ---- Reference type           :  Boussinesq (Non-dimensional)
 ---- Rayleigh Number          :  1.00000E+05
 ---- Ekman Number             :  1.00000E-03
 ---- Prandtl Number           :  1.00000E+00
 ---- Magnetic Prandtl Number  :  5.00000E+00
 -- Reference State initialized.

 -- Initializing Fields...
 ---- Specified parameters:
 ---- Hydro Init Type    : Benchmark (Christensen et al. 2001)
 ---- Magnetic Init Type : Benchmark (Christensen et al. 2001)
 -- Fields initialized.

 Initialization Complete.
 //////////////////////////////////////

 Timestep has changed from  0.00000E+00 to  1.00000E-04.
 Iteration:  00000001   DeltaT:  1.000E-04   Iter/sec:  0.000E+00
 Timestep has changed from  1.00000E-04 to  1.02211E-05.
 Iteration:  00000002   DeltaT:  1.022E-05   Iter/sec:  2.934E+00
 Iteration:  00000003   DeltaT:  1.022E-05   Iter/sec:  6.821E+00
 Iteration:  00000004   DeltaT:  1.022E-05   Iter/sec:  7.693E+00
 Iteration:  00000005   DeltaT:  1.022E-05   Iter/sec:  7.514E+00
 Iteration:  00000006   DeltaT:  1.022E-05   Iter/sec:  7.690E+00
 Iteration:  00000007   DeltaT:  1.022E-05   Iter/sec:  7.565E+00
 Iteration:  00000008   DeltaT:  1.022E-05   Iter/sec:  7.611E+00
 Iteration:  00000009   DeltaT:  1.022E-05   Iter/sec:  7.669E+00
 Iteration:  00000010   DeltaT:  1.022E-05   Iter/sec:  7.556E+00
 Iteration:  00000011   DeltaT:  1.022E-05   Iter/sec:  7.555E+00
 Iteration:  00000012   DeltaT:  1.022E-05   Iter/sec:  7.653E+00
 Iteration:  00000013   DeltaT:  1.022E-05   Iter/sec:  7.658E+00
 Iteration:  00000014   DeltaT:  1.022E-05   Iter/sec:  7.644E+00
 Iteration:  00000015   DeltaT:  1.022E-05   Iter/sec:  7.623E+00
 Iteration:  00000016   DeltaT:  1.022E-05   Iter/sec:  7.562E+00
 Iteration:  00000017   DeltaT:  1.022E-05   Iter/sec:  7.569E+00
 Iteration:  00000018   DeltaT:  1.022E-05   Iter/sec:  7.791E+00
 Iteration:  00000019   DeltaT:  1.022E-05   Iter/sec:  7.633E+00
 Iteration:  00000020   DeltaT:  1.022E-05   Iter/sec:  7.524E+00
 Iteration:  00000021   DeltaT:  1.022E-05   Iter/sec:  7.535E+00
 Iteration:  00000022   DeltaT:  1.022E-05   Iter/sec:  7.495E+00
 Iteration:  00000023   DeltaT:  1.022E-05   Iter/sec:  7.951E+00
 Iteration:  00000024   DeltaT:  1.022E-05   Iter/sec:  7.714E+00
 Iteration:  00000025   DeltaT:  1.022E-05   Iter/sec:  7.636E+00
 Iteration:  00000026   DeltaT:  1.022E-05   Iter/sec:  7.649E+00
 Iteration:  00000027   DeltaT:  1.022E-05   Iter/sec:  7.537E+00
 Iteration:  00000028   DeltaT:  1.022E-05   Iter/sec:  7.944E+00
 Iteration:  00000029   DeltaT:  1.022E-05   Iter/sec:  7.542E+00
 Iteration:  00000030   DeltaT:  1.022E-05   Iter/sec:  7.562E+00
 Iteration:  00000031   DeltaT:  1.022E-05   Iter/sec:  7.670E+00
 Iteration:  00000032   DeltaT:  1.022E-05   Iter/sec:  7.741E+00
 Iteration:  00000033   DeltaT:  1.022E-05   Iter/sec:  7.943E+00
 Iteration:  00000034   DeltaT:  1.022E-05   Iter/sec:  7.640E+00
 Iteration:  00000035   DeltaT:  1.022E-05   Iter/sec:  7.659E+00
 Iteration:  00000036   DeltaT:  1.022E-05   Iter/sec:  7.623E+00
 Iteration:  00000037   DeltaT:  1.022E-05   Iter/sec:  7.772E+00
 Iteration:  00000038   DeltaT:  1.022E-05   Iter/sec:  7.766E+00
 Iteration:  00000039   DeltaT:  1.022E-05   Iter/sec:  7.683E+00
 Iteration:  00000040   DeltaT:  1.022E-05   Iter/sec:  7.793E+00
 Iteration:  00000041   DeltaT:  1.022E-05   Iter/sec:  7.612E+00
 Iteration:  00000042   DeltaT:  1.022E-05   Iter/sec:  7.753E+00
 Iteration:  00000043   DeltaT:  1.022E-05   Iter/sec:  8.128E+00
 Iteration:  00000044   DeltaT:  1.022E-05   Iter/sec:  7.889E+00
 Iteration:  00000045   DeltaT:  1.022E-05   Iter/sec:  7.964E+00
 Iteration:  00000046   DeltaT:  1.022E-05   Iter/sec:  7.806E+00
 Iteration:  00000047   DeltaT:  1.022E-05   Iter/sec:  8.105E+00
 Iteration:  00000048   DeltaT:  1.022E-05   Iter/sec:  7.915E+00
 Iteration:  00000049   DeltaT:  1.022E-05   Iter/sec:  7.749E+00
 Iteration:  00000050   DeltaT:  1.022E-05   Iter/sec:  7.712E+00


//////////////////////////////////////////////
   Measured Timings for Process 0  (seconds)

 Elapsed time:         6.9188
  Column time:         1.1538
     Row time:         2.0950
Legendre time:         0.7689
     FFT time:         0.4837
   Solve time:         0.1560
    rlma time:         0.0970
    rlmb time:         0.0385
  pspace time:         0.9671
  psolve time:         0.6335
    dphi time:         0.0663
captured time:         6.4598

     iter/sec:         7.2267
//////////////////////////////////////////////
