 //////////////////////////////////////
 Initializating Rayleigh...

 -- Initalizing MPI...
 ---- Specified parameters:
 ---- NCPU  :   2048
 ---- NPROW :     64
 ---- NPCOL :     32
 -- MPI initialized.


 -- Initalizing Grid...
 ---- Specified parameters ----
 ---- N_R                 :    128
 ---- N_THETA             :   1536
 ---- Ell_MAX             :   1023
 ---- R_MIN               :  5.38462E-01
 ---- R_MAX               :  1.53846E+00
 ---- Chebyshev Domains   :      1

        Domain 1
          Grid points           :  128
          Dealiased Polynomials :  85
          Domain Lower Bound    :  5.38462E-01
          Domain Upper Bound    :  1.53846E+00

 -- Grid initialized.

 -- Initalizing Reference State...
 ---- Specified parameters:
 ---- Reference type           :  Boussinesq (Non-dimensional)
 ---- Rayleigh Number          :  1.00000E+05
 ---- Ekman Number             :  1.00000E-03
 ---- Prandtl Number           :  1.00000E+00
 ---- Magnetic Prandtl Number  :  5.00000E+00
 -- Reference State initialized.

 -- Initializing Fields...
 ---- Specified parameters:
 ---- Hydro Init Type    : Benchmark (Christensen et al. 2001)
 ---- Magnetic Init Type : Benchmark (Christensen et al. 2001)
 -- Fields initialized.

 Initialization Complete.
 //////////////////////////////////////

 Timestep has changed from  0.00000E+00 to  1.00000E-04.
 Iteration:  00000001   DeltaT:  1.000E-04   Iter/sec:  0.000E+00
 Timestep has changed from  1.00000E-04 to  2.55561E-06.
 Iteration:  00000002   DeltaT:  2.556E-06   Iter/sec:  2.960E-01
 Iteration:  00000003   DeltaT:  2.556E-06   Iter/sec:  9.502E-01
 Iteration:  00000004   DeltaT:  2.556E-06   Iter/sec:  9.955E-01
 Iteration:  00000005   DeltaT:  2.556E-06   Iter/sec:  1.019E+00
 Iteration:  00000006   DeltaT:  2.556E-06   Iter/sec:  1.025E+00
 Iteration:  00000007   DeltaT:  2.556E-06   Iter/sec:  1.028E+00
 Iteration:  00000008   DeltaT:  2.556E-06   Iter/sec:  1.019E+00
 Iteration:  00000009   DeltaT:  2.556E-06   Iter/sec:  1.063E+00
 Iteration:  00000010   DeltaT:  2.556E-06   Iter/sec:  9.672E-01
 Iteration:  00000011   DeltaT:  2.556E-06   Iter/sec:  1.052E+00
 Iteration:  00000012   DeltaT:  2.556E-06   Iter/sec:  9.936E-01
 Iteration:  00000013   DeltaT:  2.556E-06   Iter/sec:  1.076E+00
 Iteration:  00000014   DeltaT:  2.556E-06   Iter/sec:  1.018E+00
 Iteration:  00000015   DeltaT:  2.556E-06   Iter/sec:  1.059E+00
 Iteration:  00000016   DeltaT:  2.556E-06   Iter/sec:  9.306E-01
 Iteration:  00000017   DeltaT:  2.556E-06   Iter/sec:  1.060E+00
 Iteration:  00000018   DeltaT:  2.556E-06   Iter/sec:  9.781E-01
 Iteration:  00000019   DeltaT:  2.556E-06   Iter/sec:  9.936E-01
 Iteration:  00000020   DeltaT:  2.556E-06   Iter/sec:  1.024E+00
 Iteration:  00000021   DeltaT:  2.556E-06   Iter/sec:  1.077E+00
 Iteration:  00000022   DeltaT:  2.556E-06   Iter/sec:  9.596E-01
 Iteration:  00000023   DeltaT:  2.556E-06   Iter/sec:  1.053E+00
 Iteration:  00000024   DeltaT:  2.556E-06   Iter/sec:  1.002E+00
 Iteration:  00000025   DeltaT:  2.556E-06   Iter/sec:  1.094E+00
 Iteration:  00000026   DeltaT:  2.556E-06   Iter/sec:  9.713E-01
 Iteration:  00000027   DeltaT:  2.556E-06   Iter/sec:  9.507E-01
 Iteration:  00000028   DeltaT:  2.556E-06   Iter/sec:  1.013E+00
 Iteration:  00000029   DeltaT:  2.556E-06   Iter/sec:  1.105E+00
 Iteration:  00000030   DeltaT:  2.556E-06   Iter/sec:  9.555E-01
 Iteration:  00000031   DeltaT:  2.556E-06   Iter/sec:  1.038E+00
 Iteration:  00000032   DeltaT:  2.556E-06   Iter/sec:  9.843E-01
 Iteration:  00000033   DeltaT:  2.556E-06   Iter/sec:  1.037E+00
 Iteration:  00000034   DeltaT:  2.556E-06   Iter/sec:  1.051E+00
 Iteration:  00000035   DeltaT:  2.556E-06   Iter/sec:  1.009E+00
 Iteration:  00000036   DeltaT:  2.556E-06   Iter/sec:  9.704E-01
 Iteration:  00000037   DeltaT:  2.556E-06   Iter/sec:  1.009E+00
 Iteration:  00000038   DeltaT:  2.556E-06   Iter/sec:  9.641E-01
 Iteration:  00000039   DeltaT:  2.556E-06   Iter/sec:  1.094E+00
 Iteration:  00000040   DeltaT:  2.556E-06   Iter/sec:  1.033E+00
 Iteration:  00000041   DeltaT:  2.556E-06   Iter/sec:  1.049E+00
 Iteration:  00000042   DeltaT:  2.556E-06   Iter/sec:  1.012E+00
 Iteration:  00000043   DeltaT:  2.556E-06   Iter/sec:  1.060E+00
 Iteration:  00000044   DeltaT:  2.556E-06   Iter/sec:  1.040E+00
 Iteration:  00000045   DeltaT:  2.556E-06   Iter/sec:  9.880E-01
 Iteration:  00000046   DeltaT:  2.556E-06   Iter/sec:  9.932E-01
 Iteration:  00000047   DeltaT:  2.556E-06   Iter/sec:  1.005E+00
 Iteration:  00000048   DeltaT:  2.556E-06   Iter/sec:  9.979E-01
 Iteration:  00000049   DeltaT:  2.556E-06   Iter/sec:  1.038E+00
 Iteration:  00000050   DeltaT:  2.556E-06   Iter/sec:  1.039E+00


//////////////////////////////////////////////
   Measured Timings for Process 0  (seconds)

 Elapsed time:        53.5778
  Column time:        16.1699
     Row time:        15.1740
Legendre time:         6.5199
     FFT time:         2.1139
   Solve time:         0.9337
    rlma time:         0.3825
    rlmb time:         0.1628
  pspace time:         4.2340
  psolve time:         3.2058
    dphi time:         0.2015
captured time:        49.0978

     iter/sec:         0.9332
//////////////////////////////////////////////
