 //////////////////////////////////////
 Initializating Rayleigh...

 -- Initalizing MPI...
 ---- Specified parameters:
 ---- NCPU  :    256
 ---- NPROW :     16
 ---- NPCOL :     16
 -- MPI initialized.


 -- Initalizing Grid...
 ---- Specified parameters ----
 ---- N_R                 :    128
 ---- N_THETA             :    768
 ---- Ell_MAX             :    511
 ---- R_MIN               :  5.38462E-01
 ---- R_MAX               :  1.53846E+00
 ---- Chebyshev Domains   :      1

        Domain 1
          Grid points           :  128
          Dealiased Polynomials :  85
          Domain Lower Bound    :  5.38462E-01
          Domain Upper Bound    :  1.53846E+00

 -- Grid initialized.

 -- Initalizing Reference State...
 ---- Specified parameters:
 ---- Reference type           :  Boussinesq (Non-dimensional)
 ---- Rayleigh Number          :  1.00000E+05
 ---- Ekman Number             :  1.00000E-03
 ---- Prandtl Number           :  1.00000E+00
 ---- Magnetic Prandtl Number  :  5.00000E+00
 -- Reference State initialized.

 -- Initializing Fields...
 ---- Specified parameters:
 ---- Hydro Init Type    : Benchmark (Christensen et al. 2001)
 ---- Magnetic Init Type : Benchmark (Christensen et al. 2001)
 -- Fields initialized.

 Initialization Complete.
 //////////////////////////////////////

 Timestep has changed from  0.00000E+00 to  1.00000E-04.
 Iteration:  00000001   DeltaT:  1.000E-04   Iter/sec:  0.000E+00
 Timestep has changed from  1.00000E-04 to  2.55562E-06.
 Iteration:  00000002   DeltaT:  2.556E-06   Iter/sec:  4.087E-01
 Iteration:  00000003   DeltaT:  2.556E-06   Iter/sec:  7.302E-01
 Iteration:  00000004   DeltaT:  2.556E-06   Iter/sec:  8.146E-01
 Iteration:  00000005   DeltaT:  2.556E-06   Iter/sec:  8.105E-01
 Iteration:  00000006   DeltaT:  2.556E-06   Iter/sec:  8.013E-01
 Iteration:  00000007   DeltaT:  2.556E-06   Iter/sec:  8.188E-01
 Iteration:  00000008   DeltaT:  2.556E-06   Iter/sec:  8.059E-01
 Iteration:  00000009   DeltaT:  2.556E-06   Iter/sec:  8.166E-01
 Iteration:  00000010   DeltaT:  2.556E-06   Iter/sec:  8.006E-01
 Iteration:  00000011   DeltaT:  2.556E-06   Iter/sec:  8.088E-01
 Iteration:  00000012   DeltaT:  2.556E-06   Iter/sec:  8.062E-01
 Iteration:  00000013   DeltaT:  2.556E-06   Iter/sec:  8.175E-01
 Iteration:  00000014   DeltaT:  2.556E-06   Iter/sec:  8.182E-01
 Iteration:  00000015   DeltaT:  2.556E-06   Iter/sec:  8.053E-01
 Iteration:  00000016   DeltaT:  2.556E-06   Iter/sec:  8.288E-01
 Iteration:  00000017   DeltaT:  2.556E-06   Iter/sec:  8.074E-01
 Iteration:  00000018   DeltaT:  2.556E-06   Iter/sec:  8.102E-01
 Iteration:  00000019   DeltaT:  2.556E-06   Iter/sec:  8.137E-01
 Iteration:  00000020   DeltaT:  2.556E-06   Iter/sec:  8.101E-01
 Iteration:  00000021   DeltaT:  2.556E-06   Iter/sec:  8.126E-01
 Iteration:  00000022   DeltaT:  2.556E-06   Iter/sec:  8.057E-01
 Iteration:  00000023   DeltaT:  2.556E-06   Iter/sec:  8.217E-01
 Iteration:  00000024   DeltaT:  2.556E-06   Iter/sec:  8.023E-01
 Iteration:  00000025   DeltaT:  2.556E-06   Iter/sec:  8.039E-01
 Iteration:  00000026   DeltaT:  2.556E-06   Iter/sec:  8.220E-01
 Iteration:  00000027   DeltaT:  2.556E-06   Iter/sec:  8.225E-01
 Iteration:  00000028   DeltaT:  2.556E-06   Iter/sec:  8.221E-01
 Iteration:  00000029   DeltaT:  2.556E-06   Iter/sec:  8.106E-01
 Iteration:  00000030   DeltaT:  2.556E-06   Iter/sec:  8.105E-01
 Iteration:  00000031   DeltaT:  2.556E-06   Iter/sec:  7.981E-01
 Iteration:  00000032   DeltaT:  2.556E-06   Iter/sec:  8.119E-01
 Iteration:  00000033   DeltaT:  2.556E-06   Iter/sec:  8.155E-01
 Iteration:  00000034   DeltaT:  2.556E-06   Iter/sec:  8.239E-01
 Iteration:  00000035   DeltaT:  2.556E-06   Iter/sec:  8.226E-01
 Iteration:  00000036   DeltaT:  2.556E-06   Iter/sec:  8.277E-01
 Iteration:  00000037   DeltaT:  2.556E-06   Iter/sec:  8.002E-01
 Iteration:  00000038   DeltaT:  2.556E-06   Iter/sec:  8.305E-01
 Iteration:  00000039   DeltaT:  2.556E-06   Iter/sec:  8.164E-01
 Iteration:  00000040   DeltaT:  2.556E-06   Iter/sec:  8.174E-01
 Iteration:  00000041   DeltaT:  2.556E-06   Iter/sec:  7.915E-01
 Iteration:  00000042   DeltaT:  2.556E-06   Iter/sec:  8.064E-01
 Iteration:  00000043   DeltaT:  2.556E-06   Iter/sec:  8.141E-01
 Iteration:  00000044   DeltaT:  2.556E-06   Iter/sec:  8.153E-01
 Iteration:  00000045   DeltaT:  2.556E-06   Iter/sec:  8.244E-01
 Iteration:  00000046   DeltaT:  2.556E-06   Iter/sec:  8.037E-01
 Iteration:  00000047   DeltaT:  2.556E-06   Iter/sec:  7.979E-01
 Iteration:  00000048   DeltaT:  2.556E-06   Iter/sec:  8.286E-01
 Iteration:  00000049   DeltaT:  2.556E-06   Iter/sec:  8.050E-01
 Iteration:  00000050   DeltaT:  2.556E-06   Iter/sec:  8.336E-01


//////////////////////////////////////////////
   Measured Timings for Process 0  (seconds)

 Elapsed time:        64.0843
  Column time:         9.3989
     Row time:        20.0206
Legendre time:         9.3107
     FFT time:         3.8885
   Solve time:         1.4119
    rlma time:         0.8852
    rlmb time:         0.4997
  pspace time:         8.9243
  psolve time:         6.4177
    dphi time:         0.4145
captured time:        61.1720

     iter/sec:         0.7802
//////////////////////////////////////////////
