 //////////////////////////////////////
 Initializating Rayleigh...

 -- Initalizing MPI...
 ---- Specified parameters:
 ---- NCPU  :   2048
 ---- NPROW :     32
 ---- NPCOL :     64
 -- MPI initialized.


 -- Initalizing Grid...
 ---- Specified parameters ----
 ---- N_R                 :     64
 ---- N_THETA             :    192
 ---- Ell_MAX             :    127
 ---- R_MIN               :  5.38462E-01
 ---- R_MAX               :  1.53846E+00
 ---- Chebyshev Domains   :      1

        Domain 1
          Grid points           :  64
          Dealiased Polynomials :  42
          Domain Lower Bound    :  5.38462E-01
          Domain Upper Bound    :  1.53846E+00

 -- Grid initialized.

[SHTns 3.4.5] built Apr 26 2021, 15:32:45, id: avx2,ishioka
        Lmax=127, Mmax*Mres=127, Mres=1, Nlm=8256  [1 threads, orthonormalized]
        => using FFTW : Mmax=127, Nphi=384, Nlat=192  (data layout : phi_inc=192, theta_inc=1, phi_embed=384)
        => using Gauss nodes
        + polar optimization threshold = 1.0e-08
        finding optimal algorithm........
        + SHT accuracy = 5.54e-14
        => SHTns is ready.
 -- Initalizing Reference State...
 ---- Specified parameters:
 ---- Reference type           :  Boussinesq (Non-dimensional)
 ---- Rayleigh Number          :  1.00000E+05
 ---- Ekman Number             :  1.00000E-03
 ---- Prandtl Number           :  1.00000E+00
 ---- Magnetic Prandtl Number  :  5.00000E+00
 -- Reference State initialized.

 -- Initializing Fields...
 ---- Specified parameters:
 ---- Hydro Init Type    : Benchmark (Christensen et al. 2001)
 ---- Magnetic Init Type : Benchmark (Christensen et al. 2001)
 -- Fields initialized.

 Initialization Complete.
 //////////////////////////////////////

 Timestep has changed from  0.00000E+00 to  1.00000E-04.
 Iteration:  00000001   DeltaT:  1.000E-04   Iter/sec:  0.000E+00
 Timestep has changed from  1.00000E-04 to  1.02217E-05.
 Iteration:  00000002   DeltaT:  1.022E-05   Iter/sec:  1.730E-01
 Iteration:  00000003   DeltaT:  1.022E-05   Iter/sec:  8.524E+01
 Iteration:  00000004   DeltaT:  1.022E-05   Iter/sec:  1.272E+02
 Iteration:  00000005   DeltaT:  1.022E-05   Iter/sec:  1.120E+02
 Iteration:  00000006   DeltaT:  1.022E-05   Iter/sec:  1.153E+02
 Iteration:  00000007   DeltaT:  1.022E-05   Iter/sec:  1.185E+02
 Iteration:  00000008   DeltaT:  1.022E-05   Iter/sec:  1.062E+02
 Iteration:  00000009   DeltaT:  1.022E-05   Iter/sec:  1.061E+02
 Iteration:  00000010   DeltaT:  1.022E-05   Iter/sec:  1.139E+02
 Iteration:  00000011   DeltaT:  1.022E-05   Iter/sec:  1.076E+02
 Iteration:  00000012   DeltaT:  1.022E-05   Iter/sec:  1.103E+02
 Iteration:  00000013   DeltaT:  1.022E-05   Iter/sec:  1.157E+02
 Iteration:  00000014   DeltaT:  1.022E-05   Iter/sec:  1.056E+02
 Iteration:  00000015   DeltaT:  1.022E-05   Iter/sec:  1.226E+02
 Iteration:  00000016   DeltaT:  1.022E-05   Iter/sec:  1.153E+02
 Iteration:  00000017   DeltaT:  1.022E-05   Iter/sec:  1.269E+02
 Iteration:  00000018   DeltaT:  1.022E-05   Iter/sec:  7.333E+01
 Iteration:  00000019   DeltaT:  1.022E-05   Iter/sec:  4.382E+01
 Iteration:  00000020   DeltaT:  1.022E-05   Iter/sec:  1.198E+02
 Iteration:  00000021   DeltaT:  1.022E-05   Iter/sec:  5.269E+01
 Iteration:  00000022   DeltaT:  1.022E-05   Iter/sec:  1.139E+02
 Iteration:  00000023   DeltaT:  1.022E-05   Iter/sec:  1.094E+02
 Iteration:  00000024   DeltaT:  1.022E-05   Iter/sec:  1.215E+02
 Iteration:  00000025   DeltaT:  1.022E-05   Iter/sec:  6.989E+01
 Iteration:  00000026   DeltaT:  1.022E-05   Iter/sec:  7.508E+01
 Iteration:  00000027   DeltaT:  1.022E-05   Iter/sec:  6.576E+01
 Iteration:  00000028   DeltaT:  1.022E-05   Iter/sec:  3.336E+01
 Iteration:  00000029   DeltaT:  1.022E-05   Iter/sec:  4.297E+01
 Iteration:  00000030   DeltaT:  1.022E-05   Iter/sec:  1.917E+01
 Iteration:  00000031   DeltaT:  1.022E-05   Iter/sec:  5.921E+01
 Iteration:  00000032   DeltaT:  1.022E-05   Iter/sec:  1.477E+02
 Iteration:  00000033   DeltaT:  1.022E-05   Iter/sec:  9.109E+01
 Iteration:  00000034   DeltaT:  1.022E-05   Iter/sec:  1.304E+02
 Iteration:  00000035   DeltaT:  1.022E-05   Iter/sec:  1.112E+02
 Iteration:  00000036   DeltaT:  1.022E-05   Iter/sec:  1.197E+02
 Iteration:  00000037   DeltaT:  1.022E-05   Iter/sec:  1.338E+02
 Iteration:  00000038   DeltaT:  1.022E-05   Iter/sec:  1.077E+02
 Iteration:  00000039   DeltaT:  1.022E-05   Iter/sec:  1.139E+02
 Iteration:  00000040   DeltaT:  1.022E-05   Iter/sec:  1.204E+02
 Iteration:  00000041   DeltaT:  1.022E-05   Iter/sec:  1.180E+02
 Iteration:  00000042   DeltaT:  1.022E-05   Iter/sec:  1.118E+02
 Iteration:  00000043   DeltaT:  1.022E-05   Iter/sec:  1.173E+02
 Iteration:  00000044   DeltaT:  1.022E-05   Iter/sec:  1.184E+02
 Iteration:  00000045   DeltaT:  1.022E-05   Iter/sec:  1.164E+02
 Iteration:  00000046   DeltaT:  1.022E-05   Iter/sec:  1.033E+02
 Iteration:  00000047   DeltaT:  1.022E-05   Iter/sec:  1.305E+02
 Iteration:  00000048   DeltaT:  1.022E-05   Iter/sec:  1.117E+02
 Iteration:  00000049   DeltaT:  1.022E-05   Iter/sec:  1.254E+02
 Iteration:  00000050   DeltaT:  1.022E-05   Iter/sec:  1.087E+02


//////////////////////////////////////////////
   Measured Timings for Process 0  (seconds)

 Elapsed time:         4.4223
  Column time:         0.5877
     Row time:         0.0924
Legendre time:         0.0092
     FFT time:         0.0096
   Solve time:         0.0152
    rlma time:         0.0053
    rlmb time:         0.0020
  pspace time:         0.0044
  psolve time:         0.0503
    dphi time:         0.0006
captured time:         0.7768

     iter/sec:        11.3064
//////////////////////////////////////////////
