 //////////////////////////////////////
 Initializating Rayleigh...

 -- Initalizing MPI...
 ---- Specified parameters:
 ---- NCPU  :   1024
 ---- NPROW :     64
 ---- NPCOL :     16
 -- MPI initialized.


 -- Initalizing Grid...
 ---- Specified parameters ----
 ---- N_R                 :     64
 ---- N_THETA             :   1536
 ---- Ell_MAX             :   1023
 ---- R_MIN               :  5.38462E-01
 ---- R_MAX               :  1.53846E+00
 ---- Chebyshev Domains   :      1

        Domain 1
          Grid points           :  64
          Dealiased Polynomials :  42
          Domain Lower Bound    :  5.38462E-01
          Domain Upper Bound    :  1.53846E+00

 -- Grid initialized.

[SHTns 3.4.5] built Apr 26 2021, 15:32:45, id: avx2,ishioka
        Lmax=1023, Mmax*Mres=1023, Mres=1, Nlm=524800  [1 threads, orthonormalized]
        => using FFTW : Mmax=1023, Nphi=3072, Nlat=1536  (data layout : phi_inc=1536, theta_inc=1, phi_embed=3072)
        => using Gauss nodes
        + polar optimization threshold = 1.0e-08
        finding optimal algorithm...
        + SHT accuracy = 1.26e-12
        => SHTns is ready.
 -- Initalizing Reference State...
 ---- Specified parameters:
 ---- Reference type           :  Boussinesq (Non-dimensional)
 ---- Rayleigh Number          :  1.00000E+05
 ---- Ekman Number             :  1.00000E-03
 ---- Prandtl Number           :  1.00000E+00
 ---- Magnetic Prandtl Number  :  5.00000E+00
 -- Reference State initialized.

 -- Initializing Fields...
 ---- Specified parameters:
 ---- Hydro Init Type    : Benchmark (Christensen et al. 2001)
 ---- Magnetic Init Type : Benchmark (Christensen et al. 2001)
 -- Fields initialized.

 Initialization Complete.
 //////////////////////////////////////

 Timestep has changed from  0.00000E+00 to  1.00000E-04.
 Iteration:  00000001   DeltaT:  1.000E-04   Iter/sec:  0.000E+00
 Timestep has changed from  1.00000E-04 to  4.46409E-06.
 Iteration:  00000002   DeltaT:  4.464E-06   Iter/sec:  1.334E-01
 Iteration:  00000003   DeltaT:  4.464E-06   Iter/sec:  1.053E+00
 Iteration:  00000004   DeltaT:  4.464E-06   Iter/sec:  1.272E+00
 Iteration:  00000005   DeltaT:  4.464E-06   Iter/sec:  1.155E+00
 Iteration:  00000006   DeltaT:  4.464E-06   Iter/sec:  1.103E+00
 Iteration:  00000007   DeltaT:  4.464E-06   Iter/sec:  1.250E+00
 Iteration:  00000008   DeltaT:  4.464E-06   Iter/sec:  1.147E+00
 Iteration:  00000009   DeltaT:  4.464E-06   Iter/sec:  9.939E-01
 Iteration:  00000010   DeltaT:  4.464E-06   Iter/sec:  1.409E+00
 Iteration:  00000011   DeltaT:  4.464E-06   Iter/sec:  1.169E+00
 Iteration:  00000012   DeltaT:  4.464E-06   Iter/sec:  1.079E+00
 Iteration:  00000013   DeltaT:  4.464E-06   Iter/sec:  1.248E+00
 Iteration:  00000014   DeltaT:  4.464E-06   Iter/sec:  1.208E+00
 Iteration:  00000015   DeltaT:  4.464E-06   Iter/sec:  1.136E+00
 Iteration:  00000016   DeltaT:  4.464E-06   Iter/sec:  1.248E+00
 Iteration:  00000017   DeltaT:  4.464E-06   Iter/sec:  1.174E+00
 Iteration:  00000018   DeltaT:  4.464E-06   Iter/sec:  1.156E+00
 Iteration:  00000019   DeltaT:  4.464E-06   Iter/sec:  1.206E+00
 Iteration:  00000020   DeltaT:  4.464E-06   Iter/sec:  1.148E+00
 Iteration:  00000021   DeltaT:  4.464E-06   Iter/sec:  1.245E+00
 Iteration:  00000022   DeltaT:  4.464E-06   Iter/sec:  1.102E+00
 Iteration:  00000023   DeltaT:  4.464E-06   Iter/sec:  1.190E+00
 Iteration:  00000024   DeltaT:  4.464E-06   Iter/sec:  1.192E+00
 Iteration:  00000025   DeltaT:  4.464E-06   Iter/sec:  1.094E+00
 Iteration:  00000026   DeltaT:  4.464E-06   Iter/sec:  1.156E+00
 Iteration:  00000027   DeltaT:  4.464E-06   Iter/sec:  1.305E+00
 Iteration:  00000028   DeltaT:  4.464E-06   Iter/sec:  1.110E+00
 Iteration:  00000029   DeltaT:  4.464E-06   Iter/sec:  1.094E+00
 Iteration:  00000030   DeltaT:  4.464E-06   Iter/sec:  1.329E+00
 Iteration:  00000031   DeltaT:  4.464E-06   Iter/sec:  1.176E+00
 Iteration:  00000032   DeltaT:  4.464E-06   Iter/sec:  1.008E+00
 Iteration:  00000033   DeltaT:  4.464E-06   Iter/sec:  1.368E+00
 Iteration:  00000034   DeltaT:  4.464E-06   Iter/sec:  1.173E+00
 Iteration:  00000035   DeltaT:  4.464E-06   Iter/sec:  1.067E+00
 Iteration:  00000036   DeltaT:  4.464E-06   Iter/sec:  1.195E+00
 Iteration:  00000037   DeltaT:  4.464E-06   Iter/sec:  1.153E+00
 Iteration:  00000038   DeltaT:  4.464E-06   Iter/sec:  1.017E+00
 Iteration:  00000039   DeltaT:  4.464E-06   Iter/sec:  1.342E+00
 Iteration:  00000040   DeltaT:  4.464E-06   Iter/sec:  1.207E+00
 Iteration:  00000041   DeltaT:  4.464E-06   Iter/sec:  1.048E+00
 Iteration:  00000042   DeltaT:  4.464E-06   Iter/sec:  1.196E+00
 Iteration:  00000043   DeltaT:  4.464E-06   Iter/sec:  1.179E+00
 Iteration:  00000044   DeltaT:  4.464E-06   Iter/sec:  9.913E-01
 Iteration:  00000045   DeltaT:  4.464E-06   Iter/sec:  1.332E+00
 Iteration:  00000046   DeltaT:  4.464E-06   Iter/sec:  1.193E+00
 Iteration:  00000047   DeltaT:  4.464E-06   Iter/sec:  1.034E+00
 Iteration:  00000048   DeltaT:  4.464E-06   Iter/sec:  1.370E+00
 Iteration:  00000049   DeltaT:  4.464E-06   Iter/sec:  1.182E+00
 Iteration:  00000050   DeltaT:  4.464E-06   Iter/sec:  1.081E+00


//////////////////////////////////////////////
   Measured Timings for Process 0  (seconds)

 Elapsed time:        52.1159
  Column time:        12.1689
     Row time:        14.4981
Legendre time:         5.7716
     FFT time:         2.1088
   Solve time:         0.5100
    rlma time:         0.3479
    rlmb time:         0.1643
  pspace time:         4.1096
  psolve time:         2.8457
    dphi time:         0.1948
captured time:        42.7197

     iter/sec:         0.9594
//////////////////////////////////////////////
