 //////////////////////////////////////
 Initializating Rayleigh...

 -- Initalizing MPI...
 ---- Specified parameters:
 ---- NCPU  :    256
 ---- NPROW :     32
 ---- NPCOL :      8
 -- MPI initialized.


 -- Initalizing Grid...
 ---- Specified parameters ----
 ---- N_R                 :    128
 ---- N_THETA             :    384
 ---- Ell_MAX             :    255
 ---- R_MIN               :  5.38462E-01
 ---- R_MAX               :  1.53846E+00
 ---- Chebyshev Domains   :      1

        Domain 1
          Grid points           :  128
          Dealiased Polynomials :  85
          Domain Lower Bound    :  5.38462E-01
          Domain Upper Bound    :  1.53846E+00

 -- Grid initialized.

[SHTns 3.4.5] built Apr 26 2021, 15:32:45, id: avx2,ishioka
        Lmax=255, Mmax*Mres=255, Mres=1, Nlm=32896  [1 threads, orthonormalized]
        => using FFTW : Mmax=255, Nphi=768, Nlat=384  (data layout : phi_inc=384, theta_inc=1, phi_embed=768)
        => using Gauss nodes
        + polar optimization threshold = 1.0e-08
        finding optimal algorithm..........
        + SHT accuracy = 1.52e-12
        => SHTns is ready.
 -- Initalizing Reference State...
 ---- Specified parameters:
 ---- Reference type           :  Boussinesq (Non-dimensional)
 ---- Rayleigh Number          :  1.00000E+05
 ---- Ekman Number             :  1.00000E-03
 ---- Prandtl Number           :  1.00000E+00
 ---- Magnetic Prandtl Number  :  5.00000E+00
 -- Reference State initialized.

 -- Initializing Fields...
 ---- Specified parameters:
 ---- Hydro Init Type    : Benchmark (Christensen et al. 2001)
 ---- Magnetic Init Type : Benchmark (Christensen et al. 2001)
 -- Fields initialized.

 Initialization Complete.
 //////////////////////////////////////

 Timestep has changed from  0.00000E+00 to  1.00000E-04.
 Iteration:  00000001   DeltaT:  1.000E-04   Iter/sec:  0.000E+00
 Timestep has changed from  1.00000E-04 to  2.55566E-06.
 Iteration:  00000002   DeltaT:  2.556E-06   Iter/sec:  1.164E-01
 Iteration:  00000003   DeltaT:  2.556E-06   Iter/sec:  2.154E+00
 Iteration:  00000004   DeltaT:  2.556E-06   Iter/sec:  3.218E+00
 Iteration:  00000005   DeltaT:  2.556E-06   Iter/sec:  3.233E+00
 Iteration:  00000006   DeltaT:  2.556E-06   Iter/sec:  3.367E+00
 Iteration:  00000007   DeltaT:  2.556E-06   Iter/sec:  3.279E+00
 Iteration:  00000008   DeltaT:  2.556E-06   Iter/sec:  3.351E+00
 Iteration:  00000009   DeltaT:  2.556E-06   Iter/sec:  3.328E+00
 Iteration:  00000010   DeltaT:  2.556E-06   Iter/sec:  3.301E+00
 Iteration:  00000011   DeltaT:  2.556E-06   Iter/sec:  3.249E+00
 Iteration:  00000012   DeltaT:  2.556E-06   Iter/sec:  3.307E+00
 Iteration:  00000013   DeltaT:  2.556E-06   Iter/sec:  3.328E+00
 Iteration:  00000014   DeltaT:  2.556E-06   Iter/sec:  3.223E+00
 Iteration:  00000015   DeltaT:  2.556E-06   Iter/sec:  3.328E+00
 Iteration:  00000016   DeltaT:  2.556E-06   Iter/sec:  3.273E+00
 Iteration:  00000017   DeltaT:  2.556E-06   Iter/sec:  3.316E+00
 Iteration:  00000018   DeltaT:  2.556E-06   Iter/sec:  3.277E+00
 Iteration:  00000019   DeltaT:  2.556E-06   Iter/sec:  3.215E+00
 Iteration:  00000020   DeltaT:  2.556E-06   Iter/sec:  3.288E+00
 Iteration:  00000021   DeltaT:  2.556E-06   Iter/sec:  3.232E+00
 Iteration:  00000022   DeltaT:  2.556E-06   Iter/sec:  3.291E+00
 Iteration:  00000023   DeltaT:  2.556E-06   Iter/sec:  3.283E+00
 Iteration:  00000024   DeltaT:  2.556E-06   Iter/sec:  3.232E+00
 Iteration:  00000025   DeltaT:  2.556E-06   Iter/sec:  3.223E+00
 Iteration:  00000026   DeltaT:  2.556E-06   Iter/sec:  3.260E+00
 Iteration:  00000027   DeltaT:  2.556E-06   Iter/sec:  3.200E+00
 Iteration:  00000028   DeltaT:  2.556E-06   Iter/sec:  3.368E+00
 Iteration:  00000029   DeltaT:  2.556E-06   Iter/sec:  3.291E+00
 Iteration:  00000030   DeltaT:  2.556E-06   Iter/sec:  3.313E+00
 Iteration:  00000031   DeltaT:  2.556E-06   Iter/sec:  3.318E+00
 Iteration:  00000032   DeltaT:  2.556E-06   Iter/sec:  3.304E+00
 Iteration:  00000033   DeltaT:  2.556E-06   Iter/sec:  3.354E+00
 Iteration:  00000034   DeltaT:  2.556E-06   Iter/sec:  3.366E+00
 Iteration:  00000035   DeltaT:  2.556E-06   Iter/sec:  3.195E+00
 Iteration:  00000036   DeltaT:  2.556E-06   Iter/sec:  3.278E+00
 Iteration:  00000037   DeltaT:  2.556E-06   Iter/sec:  3.343E+00
 Iteration:  00000038   DeltaT:  2.556E-06   Iter/sec:  3.229E+00
 Iteration:  00000039   DeltaT:  2.556E-06   Iter/sec:  3.218E+00
 Iteration:  00000040   DeltaT:  2.556E-06   Iter/sec:  3.205E+00
 Iteration:  00000041   DeltaT:  2.556E-06   Iter/sec:  3.434E+00
 Iteration:  00000042   DeltaT:  2.556E-06   Iter/sec:  3.284E+00
 Iteration:  00000043   DeltaT:  2.556E-06   Iter/sec:  3.329E+00
 Iteration:  00000044   DeltaT:  2.556E-06   Iter/sec:  3.305E+00
 Iteration:  00000045   DeltaT:  2.556E-06   Iter/sec:  3.278E+00
 Iteration:  00000046   DeltaT:  2.556E-06   Iter/sec:  3.254E+00
 Iteration:  00000047   DeltaT:  2.556E-06   Iter/sec:  3.280E+00
 Iteration:  00000048   DeltaT:  2.556E-06   Iter/sec:  3.290E+00
 Iteration:  00000049   DeltaT:  2.556E-06   Iter/sec:  3.341E+00
 Iteration:  00000050   DeltaT:  2.556E-06   Iter/sec:  3.329E+00


//////////////////////////////////////////////
   Measured Timings for Process 0  (seconds)

 Elapsed time:        16.2874
  Column time:         2.8581
     Row time:         5.9349
Legendre time:         1.1952
     FFT time:         0.9412
   Solve time:         0.7591
    rlma time:         0.1832
    rlmb time:         0.0743
  pspace time:         1.7075
  psolve time:         1.6728
    dphi time:         0.0641
captured time:        15.3904

     iter/sec:         3.0699
//////////////////////////////////////////////
