 //////////////////////////////////////
 Initializating Rayleigh...

 -- Initalizing MPI...
 ---- Specified parameters:
 ---- NCPU  :    128
 ---- NPROW :     16
 ---- NPCOL :      8
 -- MPI initialized.


 -- Initalizing Grid...
 ---- Specified parameters ----
 ---- N_R                 :    128
 ---- N_THETA             :    384
 ---- Ell_MAX             :    255
 ---- R_MIN               :  5.38462E-01
 ---- R_MAX               :  1.53846E+00
 ---- Chebyshev Domains   :      1

        Domain 1
          Grid points           :  128
          Dealiased Polynomials :  85
          Domain Lower Bound    :  5.38462E-01
          Domain Upper Bound    :  1.53846E+00

 -- Grid initialized.

 -- Initalizing Reference State...
 ---- Specified parameters:
 ---- Reference type           :  Boussinesq (Non-dimensional)
 ---- Rayleigh Number          :  1.00000E+05
 ---- Ekman Number             :  1.00000E-03
 ---- Prandtl Number           :  1.00000E+00
 ---- Magnetic Prandtl Number  :  5.00000E+00
 -- Reference State initialized.

 -- Initializing Fields...
 ---- Specified parameters:
 ---- Hydro Init Type    : Benchmark (Christensen et al. 2001)
 ---- Magnetic Init Type : Benchmark (Christensen et al. 2001)
 -- Fields initialized.

 Initialization Complete.
 //////////////////////////////////////

 Timestep has changed from  0.00000E+00 to  1.00000E-04.
 Iteration:  00000001   DeltaT:  1.000E-04   Iter/sec:  0.000E+00
 Timestep has changed from  1.00000E-04 to  2.55566E-06.
 Iteration:  00000002   DeltaT:  2.556E-06   Iter/sec:  1.055E+00
 Iteration:  00000003   DeltaT:  2.556E-06   Iter/sec:  1.361E+00
 Iteration:  00000004   DeltaT:  2.556E-06   Iter/sec:  1.752E+00
 Iteration:  00000005   DeltaT:  2.556E-06   Iter/sec:  1.733E+00
 Iteration:  00000006   DeltaT:  2.556E-06   Iter/sec:  1.737E+00
 Iteration:  00000007   DeltaT:  2.556E-06   Iter/sec:  1.771E+00
 Iteration:  00000008   DeltaT:  2.556E-06   Iter/sec:  1.744E+00
 Iteration:  00000009   DeltaT:  2.556E-06   Iter/sec:  1.774E+00
 Iteration:  00000010   DeltaT:  2.556E-06   Iter/sec:  1.745E+00
 Iteration:  00000011   DeltaT:  2.556E-06   Iter/sec:  1.725E+00
 Iteration:  00000012   DeltaT:  2.556E-06   Iter/sec:  1.777E+00
 Iteration:  00000013   DeltaT:  2.556E-06   Iter/sec:  1.748E+00
 Iteration:  00000014   DeltaT:  2.556E-06   Iter/sec:  1.723E+00
 Iteration:  00000015   DeltaT:  2.556E-06   Iter/sec:  1.770E+00
 Iteration:  00000016   DeltaT:  2.556E-06   Iter/sec:  1.737E+00
 Iteration:  00000017   DeltaT:  2.556E-06   Iter/sec:  1.773E+00
 Iteration:  00000018   DeltaT:  2.556E-06   Iter/sec:  1.759E+00
 Iteration:  00000019   DeltaT:  2.556E-06   Iter/sec:  1.768E+00
 Iteration:  00000020   DeltaT:  2.556E-06   Iter/sec:  1.738E+00
 Iteration:  00000021   DeltaT:  2.556E-06   Iter/sec:  1.745E+00
 Iteration:  00000022   DeltaT:  2.556E-06   Iter/sec:  1.745E+00
 Iteration:  00000023   DeltaT:  2.556E-06   Iter/sec:  1.740E+00
 Iteration:  00000024   DeltaT:  2.556E-06   Iter/sec:  1.735E+00
 Iteration:  00000025   DeltaT:  2.556E-06   Iter/sec:  1.718E+00
 Iteration:  00000026   DeltaT:  2.556E-06   Iter/sec:  1.737E+00
 Iteration:  00000027   DeltaT:  2.556E-06   Iter/sec:  1.770E+00
 Iteration:  00000028   DeltaT:  2.556E-06   Iter/sec:  1.719E+00
 Iteration:  00000029   DeltaT:  2.556E-06   Iter/sec:  1.738E+00
 Iteration:  00000030   DeltaT:  2.556E-06   Iter/sec:  1.763E+00
 Iteration:  00000031   DeltaT:  2.556E-06   Iter/sec:  1.726E+00
 Iteration:  00000032   DeltaT:  2.556E-06   Iter/sec:  1.711E+00
 Iteration:  00000033   DeltaT:  2.556E-06   Iter/sec:  1.747E+00
 Iteration:  00000034   DeltaT:  2.556E-06   Iter/sec:  1.723E+00
 Iteration:  00000035   DeltaT:  2.556E-06   Iter/sec:  1.763E+00
 Iteration:  00000036   DeltaT:  2.556E-06   Iter/sec:  1.723E+00
 Iteration:  00000037   DeltaT:  2.556E-06   Iter/sec:  1.739E+00
 Iteration:  00000038   DeltaT:  2.556E-06   Iter/sec:  1.737E+00
 Iteration:  00000039   DeltaT:  2.556E-06   Iter/sec:  1.737E+00
 Iteration:  00000040   DeltaT:  2.556E-06   Iter/sec:  1.767E+00
 Iteration:  00000041   DeltaT:  2.556E-06   Iter/sec:  1.715E+00
 Iteration:  00000042   DeltaT:  2.556E-06   Iter/sec:  1.722E+00
 Iteration:  00000043   DeltaT:  2.556E-06   Iter/sec:  1.777E+00
 Iteration:  00000044   DeltaT:  2.556E-06   Iter/sec:  1.791E+00
 Iteration:  00000045   DeltaT:  2.556E-06   Iter/sec:  1.710E+00
 Iteration:  00000046   DeltaT:  2.556E-06   Iter/sec:  1.713E+00
 Iteration:  00000047   DeltaT:  2.556E-06   Iter/sec:  1.728E+00
 Iteration:  00000048   DeltaT:  2.556E-06   Iter/sec:  1.755E+00
 Iteration:  00000049   DeltaT:  2.556E-06   Iter/sec:  1.763E+00
 Iteration:  00000050   DeltaT:  2.556E-06   Iter/sec:  1.712E+00


//////////////////////////////////////////////
   Measured Timings for Process 0  (seconds)

 Elapsed time:        29.7204
  Column time:         3.4084
     Row time:         9.5250
Legendre time:         3.8776
     FFT time:         1.9311
   Solve time:         1.0038
    rlma time:         0.5069
    rlmb time:         0.1927
  pspace time:         4.4361
  psolve time:         3.4782
    dphi time:         0.2154
captured time:        28.5753

     iter/sec:         1.6823
//////////////////////////////////////////////
