 //////////////////////////////////////
 Initializating Rayleigh...

 -- Initalizing MPI...
 ---- Specified parameters:
 ---- NCPU  :   2048
 ---- NPROW :     32
 ---- NPCOL :     64
 -- MPI initialized.


 -- Initalizing Grid...
 ---- Specified parameters ----
 ---- N_R                 :     64
 ---- N_THETA             :    768
 ---- Ell_MAX             :    511
 ---- R_MIN               :  5.38462E-01
 ---- R_MAX               :  1.53846E+00
 ---- Chebyshev Domains   :      1

        Domain 1
          Grid points           :  64
          Dealiased Polynomials :  42
          Domain Lower Bound    :  5.38462E-01
          Domain Upper Bound    :  1.53846E+00

 -- Grid initialized.

 -- Initalizing Reference State...
 ---- Specified parameters:
 ---- Reference type           :  Boussinesq (Non-dimensional)
 ---- Rayleigh Number          :  1.00000E+05
 ---- Ekman Number             :  1.00000E-03
 ---- Prandtl Number           :  1.00000E+00
 ---- Magnetic Prandtl Number  :  5.00000E+00
 -- Reference State initialized.

 -- Initializing Fields...
 ---- Specified parameters:
 ---- Hydro Init Type    : Benchmark (Christensen et al. 2001)
 ---- Magnetic Init Type : Benchmark (Christensen et al. 2001)
 -- Fields initialized.

 Initialization Complete.
 //////////////////////////////////////

 Timestep has changed from  0.00000E+00 to  1.00000E-04.
 Iteration:  00000001   DeltaT:  1.000E-04   Iter/sec:  0.000E+00
 Timestep has changed from  1.00000E-04 to  8.93257E-06.
 Iteration:  00000002   DeltaT:  8.933E-06   Iter/sec:  1.138E+00
 Iteration:  00000003   DeltaT:  8.933E-06   Iter/sec:  6.235E+00
 Iteration:  00000004   DeltaT:  8.933E-06   Iter/sec:  1.141E+01
 Iteration:  00000005   DeltaT:  8.933E-06   Iter/sec:  1.163E+01
 Iteration:  00000006   DeltaT:  8.933E-06   Iter/sec:  1.177E+01
 Iteration:  00000007   DeltaT:  8.933E-06   Iter/sec:  1.172E+01
 Iteration:  00000008   DeltaT:  8.933E-06   Iter/sec:  7.608E+00
 Iteration:  00000009   DeltaT:  8.933E-06   Iter/sec:  6.910E+00
 Iteration:  00000010   DeltaT:  8.933E-06   Iter/sec:  1.176E+01
 Iteration:  00000011   DeltaT:  8.933E-06   Iter/sec:  1.143E+01
 Iteration:  00000012   DeltaT:  8.933E-06   Iter/sec:  1.237E+01
 Iteration:  00000013   DeltaT:  8.933E-06   Iter/sec:  1.195E+01
 Iteration:  00000014   DeltaT:  8.933E-06   Iter/sec:  8.663E+00
 Iteration:  00000015   DeltaT:  8.933E-06   Iter/sec:  1.218E+01
 Iteration:  00000016   DeltaT:  8.933E-06   Iter/sec:  5.967E+00
 Iteration:  00000017   DeltaT:  8.933E-06   Iter/sec:  1.148E+01
 Iteration:  00000018   DeltaT:  8.933E-06   Iter/sec:  1.177E+01
 Iteration:  00000019   DeltaT:  8.933E-06   Iter/sec:  1.163E+01
 Iteration:  00000020   DeltaT:  8.933E-06   Iter/sec:  1.161E+01
 Iteration:  00000021   DeltaT:  8.933E-06   Iter/sec:  9.478E+00
 Iteration:  00000022   DeltaT:  8.933E-06   Iter/sec:  6.762E+00
 Iteration:  00000023   DeltaT:  8.933E-06   Iter/sec:  1.039E+01
 Iteration:  00000024   DeltaT:  8.933E-06   Iter/sec:  8.935E+00
 Iteration:  00000025   DeltaT:  8.933E-06   Iter/sec:  1.137E+01
 Iteration:  00000026   DeltaT:  8.933E-06   Iter/sec:  1.244E+01
 Iteration:  00000027   DeltaT:  8.933E-06   Iter/sec:  9.612E+00
 Iteration:  00000028   DeltaT:  8.933E-06   Iter/sec:  8.099E+00
 Iteration:  00000029   DeltaT:  8.933E-06   Iter/sec:  7.957E+00
 Iteration:  00000030   DeltaT:  8.933E-06   Iter/sec:  1.073E+01
 Iteration:  00000031   DeltaT:  8.933E-06   Iter/sec:  1.065E+01
 Iteration:  00000032   DeltaT:  8.933E-06   Iter/sec:  1.244E+01
 Iteration:  00000033   DeltaT:  8.933E-06   Iter/sec:  1.023E+01
 Iteration:  00000034   DeltaT:  8.933E-06   Iter/sec:  1.117E+01
 Iteration:  00000035   DeltaT:  8.933E-06   Iter/sec:  7.340E+00
 Iteration:  00000036   DeltaT:  8.933E-06   Iter/sec:  1.190E+01
 Iteration:  00000037   DeltaT:  8.933E-06   Iter/sec:  1.190E+01
 Iteration:  00000038   DeltaT:  8.933E-06   Iter/sec:  1.189E+01
 Iteration:  00000039   DeltaT:  8.933E-06   Iter/sec:  9.931E+00
 Iteration:  00000040   DeltaT:  8.933E-06   Iter/sec:  9.296E+00
 Iteration:  00000041   DeltaT:  8.933E-06   Iter/sec:  7.128E+00
 Iteration:  00000042   DeltaT:  8.933E-06   Iter/sec:  1.002E+01
 Iteration:  00000043   DeltaT:  8.933E-06   Iter/sec:  1.135E+01
 Iteration:  00000044   DeltaT:  8.933E-06   Iter/sec:  1.208E+01
 Iteration:  00000045   DeltaT:  8.933E-06   Iter/sec:  1.150E+01
 Iteration:  00000046   DeltaT:  8.933E-06   Iter/sec:  1.155E+01
 Iteration:  00000047   DeltaT:  8.933E-06   Iter/sec:  9.169E+00
 Iteration:  00000048   DeltaT:  8.933E-06   Iter/sec:  6.716E+00
 Iteration:  00000049   DeltaT:  8.933E-06   Iter/sec:  1.171E+01
 Iteration:  00000050   DeltaT:  8.933E-06   Iter/sec:  1.150E+01


//////////////////////////////////////////////
   Measured Timings for Process 0  (seconds)

 Elapsed time:         7.0522
  Column time:         2.2184
     Row time:         1.4344
Legendre time:         0.5468
     FFT time:         0.3026
   Solve time:         0.0807
    rlma time:         0.0647
    rlmb time:         0.0279
  pspace time:         0.2379
  psolve time:         0.1920
    dphi time:         0.0251
captured time:         5.1305

     iter/sec:         7.0900
//////////////////////////////////////////////
