 //////////////////////////////////////
 Initializating Rayleigh...

 -- Initalizing MPI...
 ---- Specified parameters:
 ---- NCPU  :    256
 ---- NPROW :     32
 ---- NPCOL :      8
 -- MPI initialized.


 -- Initalizing Grid...
 ---- Specified parameters ----
 ---- N_R                 :     64
 ---- N_THETA             :    384
 ---- Ell_MAX             :    255
 ---- R_MIN               :  5.38462E-01
 ---- R_MAX               :  1.53846E+00
 ---- Chebyshev Domains   :      1

        Domain 1
          Grid points           :  64
          Dealiased Polynomials :  42
          Domain Lower Bound    :  5.38462E-01
          Domain Upper Bound    :  1.53846E+00

 -- Grid initialized.

 -- Initalizing Reference State...
 ---- Specified parameters:
 ---- Reference type           :  Boussinesq (Non-dimensional)
 ---- Rayleigh Number          :  1.00000E+05
 ---- Ekman Number             :  1.00000E-03
 ---- Prandtl Number           :  1.00000E+00
 ---- Magnetic Prandtl Number  :  5.00000E+00
 -- Reference State initialized.

 -- Initializing Fields...
 ---- Specified parameters:
 ---- Hydro Init Type    : Benchmark (Christensen et al. 2001)
 ---- Magnetic Init Type : Benchmark (Christensen et al. 2001)
 -- Fields initialized.

 Initialization Complete.
 //////////////////////////////////////

 Timestep has changed from  0.00000E+00 to  1.00000E-04.
 Iteration:  00000001   DeltaT:  1.000E-04   Iter/sec:  0.000E+00
 Timestep has changed from  1.00000E-04 to  1.02211E-05.
 Iteration:  00000002   DeltaT:  1.022E-05   Iter/sec:  3.040E+00
 Iteration:  00000003   DeltaT:  1.022E-05   Iter/sec:  5.925E+00
 Iteration:  00000004   DeltaT:  1.022E-05   Iter/sec:  7.095E+00
 Iteration:  00000005   DeltaT:  1.022E-05   Iter/sec:  7.588E+00
 Iteration:  00000006   DeltaT:  1.022E-05   Iter/sec:  7.245E+00
 Iteration:  00000007   DeltaT:  1.022E-05   Iter/sec:  7.507E+00
 Iteration:  00000008   DeltaT:  1.022E-05   Iter/sec:  7.200E+00
 Iteration:  00000009   DeltaT:  1.022E-05   Iter/sec:  7.846E+00
 Iteration:  00000010   DeltaT:  1.022E-05   Iter/sec:  7.299E+00
 Iteration:  00000011   DeltaT:  1.022E-05   Iter/sec:  7.528E+00
 Iteration:  00000012   DeltaT:  1.022E-05   Iter/sec:  7.195E+00
 Iteration:  00000013   DeltaT:  1.022E-05   Iter/sec:  7.550E+00
 Iteration:  00000014   DeltaT:  1.022E-05   Iter/sec:  7.401E+00
 Iteration:  00000015   DeltaT:  1.022E-05   Iter/sec:  7.482E+00
 Iteration:  00000016   DeltaT:  1.022E-05   Iter/sec:  7.539E+00
 Iteration:  00000017   DeltaT:  1.022E-05   Iter/sec:  7.476E+00
 Iteration:  00000018   DeltaT:  1.022E-05   Iter/sec:  7.699E+00
 Iteration:  00000019   DeltaT:  1.022E-05   Iter/sec:  7.488E+00
 Iteration:  00000020   DeltaT:  1.022E-05   Iter/sec:  7.434E+00
 Iteration:  00000021   DeltaT:  1.022E-05   Iter/sec:  7.397E+00
 Iteration:  00000022   DeltaT:  1.022E-05   Iter/sec:  7.795E+00
 Iteration:  00000023   DeltaT:  1.022E-05   Iter/sec:  7.489E+00
 Iteration:  00000024   DeltaT:  1.022E-05   Iter/sec:  7.388E+00
 Iteration:  00000025   DeltaT:  1.022E-05   Iter/sec:  7.535E+00
 Iteration:  00000026   DeltaT:  1.022E-05   Iter/sec:  7.642E+00
 Iteration:  00000027   DeltaT:  1.022E-05   Iter/sec:  7.229E+00
 Iteration:  00000028   DeltaT:  1.022E-05   Iter/sec:  7.769E+00
 Iteration:  00000029   DeltaT:  1.022E-05   Iter/sec:  7.352E+00
 Iteration:  00000030   DeltaT:  1.022E-05   Iter/sec:  7.774E+00
 Iteration:  00000031   DeltaT:  1.022E-05   Iter/sec:  7.727E+00
 Iteration:  00000032   DeltaT:  1.022E-05   Iter/sec:  7.553E+00
 Iteration:  00000033   DeltaT:  1.022E-05   Iter/sec:  7.546E+00
 Iteration:  00000034   DeltaT:  1.022E-05   Iter/sec:  7.403E+00
 Iteration:  00000035   DeltaT:  1.022E-05   Iter/sec:  7.819E+00
 Iteration:  00000036   DeltaT:  1.022E-05   Iter/sec:  7.726E+00
 Iteration:  00000037   DeltaT:  1.022E-05   Iter/sec:  7.483E+00
 Iteration:  00000038   DeltaT:  1.022E-05   Iter/sec:  7.703E+00
 Iteration:  00000039   DeltaT:  1.022E-05   Iter/sec:  7.472E+00
 Iteration:  00000040   DeltaT:  1.022E-05   Iter/sec:  7.707E+00
 Iteration:  00000041   DeltaT:  1.022E-05   Iter/sec:  7.595E+00
 Iteration:  00000042   DeltaT:  1.022E-05   Iter/sec:  7.759E+00
 Iteration:  00000043   DeltaT:  1.022E-05   Iter/sec:  7.636E+00
 Iteration:  00000044   DeltaT:  1.022E-05   Iter/sec:  7.252E+00
 Iteration:  00000045   DeltaT:  1.022E-05   Iter/sec:  7.870E+00
 Iteration:  00000046   DeltaT:  1.022E-05   Iter/sec:  7.537E+00
 Iteration:  00000047   DeltaT:  1.022E-05   Iter/sec:  7.669E+00
 Iteration:  00000048   DeltaT:  1.022E-05   Iter/sec:  7.676E+00
 Iteration:  00000049   DeltaT:  1.022E-05   Iter/sec:  7.423E+00
 Iteration:  00000050   DeltaT:  1.022E-05   Iter/sec:  7.448E+00


//////////////////////////////////////////////
   Measured Timings for Process 0  (seconds)

 Elapsed time:         7.1225
  Column time:         1.2641
     Row time:         2.5403
Legendre time:         0.6865
     FFT time:         0.4778
   Solve time:         0.2002
    rlma time:         0.0900
    rlmb time:         0.0406
  pspace time:         0.8634
  psolve time:         0.4667
    dphi time:         0.0428
captured time:         6.6724

     iter/sec:         7.0201
//////////////////////////////////////////////
