 //////////////////////////////////////
 Initializating Rayleigh...

 -- Initalizing MPI...
 ---- Specified parameters:
 ---- NCPU  :   1024
 ---- NPROW :     64
 ---- NPCOL :     16
 -- MPI initialized.


 -- Initalizing Grid...
 ---- Specified parameters ----
 ---- N_R                 :     64
 ---- N_THETA             :    192
 ---- Ell_MAX             :    127
 ---- R_MIN               :  5.38462E-01
 ---- R_MAX               :  1.53846E+00
 ---- Chebyshev Domains   :      1

        Domain 1
          Grid points           :  64
          Dealiased Polynomials :  42
          Domain Lower Bound    :  5.38462E-01
          Domain Upper Bound    :  1.53846E+00

 -- Grid initialized.

 -- Initalizing Reference State...
 ---- Specified parameters:
 ---- Reference type           :  Boussinesq (Non-dimensional)
 ---- Rayleigh Number          :  1.00000E+05
 ---- Ekman Number             :  1.00000E-03
 ---- Prandtl Number           :  1.00000E+00
 ---- Magnetic Prandtl Number  :  5.00000E+00
 -- Reference State initialized.

 -- Initializing Fields...
 ---- Specified parameters:
 ---- Hydro Init Type    : Benchmark (Christensen et al. 2001)
 ---- Magnetic Init Type : Benchmark (Christensen et al. 2001)
 -- Fields initialized.

 Initialization Complete.
 //////////////////////////////////////

 Timestep has changed from  0.00000E+00 to  1.00000E-04.
 Iteration:  00000001   DeltaT:  1.000E-04   Iter/sec:  0.000E+00
 Timestep has changed from  1.00000E-04 to  1.02217E-05.
 Iteration:  00000002   DeltaT:  1.022E-05   Iter/sec:  6.038E+00
 Iteration:  00000003   DeltaT:  1.022E-05   Iter/sec:  5.829E+01
 Iteration:  00000004   DeltaT:  1.022E-05   Iter/sec:  1.026E+02
 Iteration:  00000005   DeltaT:  1.022E-05   Iter/sec:  1.051E+02
 Iteration:  00000006   DeltaT:  1.022E-05   Iter/sec:  1.065E+02
 Iteration:  00000007   DeltaT:  1.022E-05   Iter/sec:  1.009E+02
 Iteration:  00000008   DeltaT:  1.022E-05   Iter/sec:  1.045E+02
 Iteration:  00000009   DeltaT:  1.022E-05   Iter/sec:  1.049E+02
 Iteration:  00000010   DeltaT:  1.022E-05   Iter/sec:  9.252E+01
 Iteration:  00000011   DeltaT:  1.022E-05   Iter/sec:  1.044E+02
 Iteration:  00000012   DeltaT:  1.022E-05   Iter/sec:  9.871E+01
 Iteration:  00000013   DeltaT:  1.022E-05   Iter/sec:  1.094E+02
 Iteration:  00000014   DeltaT:  1.022E-05   Iter/sec:  1.055E+02
 Iteration:  00000015   DeltaT:  1.022E-05   Iter/sec:  1.089E+02
 Iteration:  00000016   DeltaT:  1.022E-05   Iter/sec:  1.056E+02
 Iteration:  00000017   DeltaT:  1.022E-05   Iter/sec:  9.833E+01
 Iteration:  00000018   DeltaT:  1.022E-05   Iter/sec:  1.051E+02
 Iteration:  00000019   DeltaT:  1.022E-05   Iter/sec:  1.058E+02
 Iteration:  00000020   DeltaT:  1.022E-05   Iter/sec:  1.143E+02
 Iteration:  00000021   DeltaT:  1.022E-05   Iter/sec:  1.039E+02
 Iteration:  00000022   DeltaT:  1.022E-05   Iter/sec:  1.065E+02
 Iteration:  00000023   DeltaT:  1.022E-05   Iter/sec:  1.131E+02
 Iteration:  00000024   DeltaT:  1.022E-05   Iter/sec:  9.541E+01
 Iteration:  00000025   DeltaT:  1.022E-05   Iter/sec:  1.104E+02
 Iteration:  00000026   DeltaT:  1.022E-05   Iter/sec:  1.078E+02
 Iteration:  00000027   DeltaT:  1.022E-05   Iter/sec:  1.073E+02
 Iteration:  00000028   DeltaT:  1.022E-05   Iter/sec:  1.105E+02
 Iteration:  00000029   DeltaT:  1.022E-05   Iter/sec:  1.114E+02
 Iteration:  00000030   DeltaT:  1.022E-05   Iter/sec:  1.060E+02
 Iteration:  00000031   DeltaT:  1.022E-05   Iter/sec:  8.579E+01
 Iteration:  00000032   DeltaT:  1.022E-05   Iter/sec:  1.104E+02
 Iteration:  00000033   DeltaT:  1.022E-05   Iter/sec:  1.071E+02
 Iteration:  00000034   DeltaT:  1.022E-05   Iter/sec:  1.056E+02
 Iteration:  00000035   DeltaT:  1.022E-05   Iter/sec:  1.088E+02
 Iteration:  00000036   DeltaT:  1.022E-05   Iter/sec:  1.051E+02
 Iteration:  00000037   DeltaT:  1.022E-05   Iter/sec:  1.093E+02
 Iteration:  00000038   DeltaT:  1.022E-05   Iter/sec:  9.131E+01
 Iteration:  00000039   DeltaT:  1.022E-05   Iter/sec:  1.033E+02
 Iteration:  00000040   DeltaT:  1.022E-05   Iter/sec:  1.087E+02
 Iteration:  00000041   DeltaT:  1.022E-05   Iter/sec:  1.093E+02
 Iteration:  00000042   DeltaT:  1.022E-05   Iter/sec:  8.658E+01
 Iteration:  00000043   DeltaT:  1.022E-05   Iter/sec:  2.965E+01
 Iteration:  00000044   DeltaT:  1.022E-05   Iter/sec:  3.309E+01
 Iteration:  00000045   DeltaT:  1.022E-05   Iter/sec:  1.122E+02
 Iteration:  00000046   DeltaT:  1.022E-05   Iter/sec:  1.089E+02
 Iteration:  00000047   DeltaT:  1.022E-05   Iter/sec:  1.084E+02
 Iteration:  00000048   DeltaT:  1.022E-05   Iter/sec:  1.059E+02
 Iteration:  00000049   DeltaT:  1.022E-05   Iter/sec:  1.078E+02
 Iteration:  00000050   DeltaT:  1.022E-05   Iter/sec:  1.104E+02


//////////////////////////////////////////////
   Measured Timings for Process 0  (seconds)

 Elapsed time:         3.0471
  Column time:         0.1713
     Row time:         0.2210
Legendre time:         0.0253
     FFT time:         0.0192
   Solve time:         0.0660
    rlma time:         0.0055
    rlmb time:         0.0029
  pspace time:         0.0101
  psolve time:         0.0394
    dphi time:         0.0013
captured time:         0.5621

     iter/sec:        16.4091
//////////////////////////////////////////////
