 //////////////////////////////////////
 Initializating Rayleigh...

 -- Initalizing MPI...
 ---- Specified parameters:
 ---- NCPU  :   1024
 ---- NPROW :     32
 ---- NPCOL :     32
 -- MPI initialized.


 -- Initalizing Grid...
 ---- Specified parameters ----
 ---- N_R                 :    128
 ---- N_THETA             :    192
 ---- Ell_MAX             :    127
 ---- R_MIN               :  5.38462E-01
 ---- R_MAX               :  1.53846E+00
 ---- Chebyshev Domains   :      1

        Domain 1
          Grid points           :  128
          Dealiased Polynomials :  85
          Domain Lower Bound    :  5.38462E-01
          Domain Upper Bound    :  1.53846E+00

 -- Grid initialized.

 -- Initalizing Reference State...
 ---- Specified parameters:
 ---- Reference type           :  Boussinesq (Non-dimensional)
 ---- Rayleigh Number          :  1.00000E+05
 ---- Ekman Number             :  1.00000E-03
 ---- Prandtl Number           :  1.00000E+00
 ---- Magnetic Prandtl Number  :  5.00000E+00
 -- Reference State initialized.

 -- Initializing Fields...
 ---- Specified parameters:
 ---- Hydro Init Type    : Benchmark (Christensen et al. 2001)
 ---- Magnetic Init Type : Benchmark (Christensen et al. 2001)
 -- Fields initialized.

 Initialization Complete.
 //////////////////////////////////////

 Timestep has changed from  0.00000E+00 to  1.00000E-04.
 Iteration:  00000001   DeltaT:  1.000E-04   Iter/sec:  0.000E+00
 Timestep has changed from  1.00000E-04 to  2.55581E-06.
 Iteration:  00000002   DeltaT:  2.556E-06   Iter/sec:  7.939E+00
 Iteration:  00000003   DeltaT:  2.556E-06   Iter/sec:  2.320E+01
 Iteration:  00000004   DeltaT:  2.556E-06   Iter/sec:  6.887E+01
 Iteration:  00000005   DeltaT:  2.556E-06   Iter/sec:  6.443E+01
 Iteration:  00000006   DeltaT:  2.556E-06   Iter/sec:  7.071E+01
 Iteration:  00000007   DeltaT:  2.556E-06   Iter/sec:  5.525E+01
 Iteration:  00000008   DeltaT:  2.556E-06   Iter/sec:  1.686E+01
 Iteration:  00000009   DeltaT:  2.556E-06   Iter/sec:  6.889E+01
 Iteration:  00000010   DeltaT:  2.556E-06   Iter/sec:  6.726E+01
 Iteration:  00000011   DeltaT:  2.556E-06   Iter/sec:  6.946E+01
 Iteration:  00000012   DeltaT:  2.556E-06   Iter/sec:  6.411E+01
 Iteration:  00000013   DeltaT:  2.556E-06   Iter/sec:  6.453E+01
 Iteration:  00000014   DeltaT:  2.556E-06   Iter/sec:  1.241E+01
 Iteration:  00000015   DeltaT:  2.556E-06   Iter/sec:  2.177E+01
 Iteration:  00000016   DeltaT:  2.556E-06   Iter/sec:  6.521E+01
 Iteration:  00000017   DeltaT:  2.556E-06   Iter/sec:  7.246E+01
 Iteration:  00000018   DeltaT:  2.556E-06   Iter/sec:  6.184E+01
 Iteration:  00000019   DeltaT:  2.556E-06   Iter/sec:  6.543E+01
 Iteration:  00000020   DeltaT:  2.556E-06   Iter/sec:  7.153E+01
 Iteration:  00000021   DeltaT:  2.556E-06   Iter/sec:  6.774E+01
 Iteration:  00000022   DeltaT:  2.556E-06   Iter/sec:  6.694E+01
 Iteration:  00000023   DeltaT:  2.556E-06   Iter/sec:  6.080E+01
 Iteration:  00000024   DeltaT:  2.556E-06   Iter/sec:  7.252E+01
 Iteration:  00000025   DeltaT:  2.556E-06   Iter/sec:  7.051E+01
 Iteration:  00000026   DeltaT:  2.556E-06   Iter/sec:  4.529E+01
 Iteration:  00000027   DeltaT:  2.556E-06   Iter/sec:  5.392E+01
 Iteration:  00000028   DeltaT:  2.556E-06   Iter/sec:  6.990E+01
 Iteration:  00000029   DeltaT:  2.556E-06   Iter/sec:  7.050E+01
 Iteration:  00000030   DeltaT:  2.556E-06   Iter/sec:  6.483E+01
 Iteration:  00000031   DeltaT:  2.556E-06   Iter/sec:  7.234E+01
 Iteration:  00000032   DeltaT:  2.556E-06   Iter/sec:  6.030E+01
 Iteration:  00000033   DeltaT:  2.556E-06   Iter/sec:  6.539E+01
 Iteration:  00000034   DeltaT:  2.556E-06   Iter/sec:  6.720E+01
 Iteration:  00000035   DeltaT:  2.556E-06   Iter/sec:  6.851E+01
 Iteration:  00000036   DeltaT:  2.556E-06   Iter/sec:  6.593E+01
 Iteration:  00000037   DeltaT:  2.556E-06   Iter/sec:  6.361E+01
 Iteration:  00000038   DeltaT:  2.556E-06   Iter/sec:  6.498E+01
 Iteration:  00000039   DeltaT:  2.556E-06   Iter/sec:  4.648E+01
 Iteration:  00000040   DeltaT:  2.556E-06   Iter/sec:  3.760E+01
 Iteration:  00000041   DeltaT:  2.556E-06   Iter/sec:  3.304E+01
 Iteration:  00000042   DeltaT:  2.556E-06   Iter/sec:  4.684E+01
 Iteration:  00000043   DeltaT:  2.556E-06   Iter/sec:  6.809E+01
 Iteration:  00000044   DeltaT:  2.556E-06   Iter/sec:  5.787E+01
 Iteration:  00000045   DeltaT:  2.556E-06   Iter/sec:  7.082E+01
 Iteration:  00000046   DeltaT:  2.556E-06   Iter/sec:  5.068E+01
 Iteration:  00000047   DeltaT:  2.556E-06   Iter/sec:  1.806E+01
 Iteration:  00000048   DeltaT:  2.556E-06   Iter/sec:  1.526E+01
 Iteration:  00000049   DeltaT:  2.556E-06   Iter/sec:  6.931E+01
 Iteration:  00000050   DeltaT:  2.556E-06   Iter/sec:  6.752E+01


//////////////////////////////////////////////
   Measured Timings for Process 0  (seconds)

 Elapsed time:         1.6464
  Column time:         0.5369
     Row time:         0.2027
Legendre time:         0.0495
     FFT time:         0.0371
   Solve time:         0.1128
    rlma time:         0.0124
    rlmb time:         0.0051
  pspace time:         0.0270
  psolve time:         0.0977
    dphi time:         0.0032
captured time:         1.0843

     iter/sec:        30.3701
//////////////////////////////////////////////
