 //////////////////////////////////////
 Initializating Rayleigh...

 -- Initalizing MPI...
 ---- Specified parameters:
 ---- NCPU  :   1024
 ---- NPROW :     16
 ---- NPCOL :     64
 -- MPI initialized.


 -- Initalizing Grid...
 ---- Specified parameters ----
 ---- N_R                 :     64
 ---- N_THETA             :   1536
 ---- Ell_MAX             :   1023
 ---- R_MIN               :  5.38462E-01
 ---- R_MAX               :  1.53846E+00
 ---- Chebyshev Domains   :      1

        Domain 1
          Grid points           :  64
          Dealiased Polynomials :  42
          Domain Lower Bound    :  5.38462E-01
          Domain Upper Bound    :  1.53846E+00

 -- Grid initialized.

 -- Initalizing Reference State...
 ---- Specified parameters:
 ---- Reference type           :  Boussinesq (Non-dimensional)
 ---- Rayleigh Number          :  1.00000E+05
 ---- Ekman Number             :  1.00000E-03
 ---- Prandtl Number           :  1.00000E+00
 ---- Magnetic Prandtl Number  :  5.00000E+00
 -- Reference State initialized.

 -- Initializing Fields...
 ---- Specified parameters:
 ---- Hydro Init Type    : Benchmark (Christensen et al. 2001)
 ---- Magnetic Init Type : Benchmark (Christensen et al. 2001)
 -- Fields initialized.

 Initialization Complete.
 //////////////////////////////////////

 Timestep has changed from  0.00000E+00 to  1.00000E-04.
 Iteration:  00000001   DeltaT:  1.000E-04   Iter/sec:  0.000E+00
 Timestep has changed from  1.00000E-04 to  4.46409E-06.
 Iteration:  00000002   DeltaT:  4.464E-06   Iter/sec:  1.236E-01
 Iteration:  00000003   DeltaT:  4.464E-06   Iter/sec:  1.183E+00
 Iteration:  00000004   DeltaT:  4.464E-06   Iter/sec:  1.093E+00
 Iteration:  00000005   DeltaT:  4.464E-06   Iter/sec:  1.215E+00
 Iteration:  00000006   DeltaT:  4.464E-06   Iter/sec:  1.271E+00
 Iteration:  00000007   DeltaT:  4.464E-06   Iter/sec:  1.208E+00
 Iteration:  00000008   DeltaT:  4.464E-06   Iter/sec:  1.192E+00
 Iteration:  00000009   DeltaT:  4.464E-06   Iter/sec:  1.225E+00
 Iteration:  00000010   DeltaT:  4.464E-06   Iter/sec:  1.229E+00
 Iteration:  00000011   DeltaT:  4.464E-06   Iter/sec:  1.081E+00
 Iteration:  00000012   DeltaT:  4.464E-06   Iter/sec:  1.199E+00
 Iteration:  00000013   DeltaT:  4.464E-06   Iter/sec:  1.257E+00
 Iteration:  00000014   DeltaT:  4.464E-06   Iter/sec:  1.175E+00
 Iteration:  00000015   DeltaT:  4.464E-06   Iter/sec:  1.193E+00
 Iteration:  00000016   DeltaT:  4.464E-06   Iter/sec:  1.227E+00
 Iteration:  00000017   DeltaT:  4.464E-06   Iter/sec:  1.247E+00
 Iteration:  00000018   DeltaT:  4.464E-06   Iter/sec:  1.201E+00
 Iteration:  00000019   DeltaT:  4.464E-06   Iter/sec:  1.221E+00
 Iteration:  00000020   DeltaT:  4.464E-06   Iter/sec:  1.231E+00
 Iteration:  00000021   DeltaT:  4.464E-06   Iter/sec:  1.234E+00
 Iteration:  00000022   DeltaT:  4.464E-06   Iter/sec:  1.081E+00
 Iteration:  00000023   DeltaT:  4.464E-06   Iter/sec:  1.206E+00
 Iteration:  00000024   DeltaT:  4.464E-06   Iter/sec:  1.241E+00
 Iteration:  00000025   DeltaT:  4.464E-06   Iter/sec:  1.223E+00
 Iteration:  00000026   DeltaT:  4.464E-06   Iter/sec:  1.192E+00
 Iteration:  00000027   DeltaT:  4.464E-06   Iter/sec:  1.229E+00
 Iteration:  00000028   DeltaT:  4.464E-06   Iter/sec:  1.249E+00
 Iteration:  00000029   DeltaT:  4.464E-06   Iter/sec:  1.077E+00
 Iteration:  00000030   DeltaT:  4.464E-06   Iter/sec:  1.226E+00
 Iteration:  00000031   DeltaT:  4.464E-06   Iter/sec:  1.243E+00
 Iteration:  00000032   DeltaT:  4.464E-06   Iter/sec:  1.174E+00
 Iteration:  00000033   DeltaT:  4.464E-06   Iter/sec:  1.185E+00
 Iteration:  00000034   DeltaT:  4.464E-06   Iter/sec:  1.230E+00
 Iteration:  00000035   DeltaT:  4.464E-06   Iter/sec:  1.241E+00
 Iteration:  00000036   DeltaT:  4.464E-06   Iter/sec:  1.118E+00
 Iteration:  00000037   DeltaT:  4.464E-06   Iter/sec:  1.166E+00
 Iteration:  00000038   DeltaT:  4.464E-06   Iter/sec:  1.216E+00
 Iteration:  00000039   DeltaT:  4.464E-06   Iter/sec:  1.235E+00
 Iteration:  00000040   DeltaT:  4.464E-06   Iter/sec:  1.166E+00
 Iteration:  00000041   DeltaT:  4.464E-06   Iter/sec:  1.222E+00
 Iteration:  00000042   DeltaT:  4.464E-06   Iter/sec:  1.249E+00
 Iteration:  00000043   DeltaT:  4.464E-06   Iter/sec:  1.045E+00
 Iteration:  00000044   DeltaT:  4.464E-06   Iter/sec:  1.248E+00
 Iteration:  00000045   DeltaT:  4.464E-06   Iter/sec:  1.221E+00
 Iteration:  00000046   DeltaT:  4.464E-06   Iter/sec:  1.227E+00
 Iteration:  00000047   DeltaT:  4.464E-06   Iter/sec:  1.183E+00
 Iteration:  00000048   DeltaT:  4.464E-06   Iter/sec:  1.217E+00
 Iteration:  00000049   DeltaT:  4.464E-06   Iter/sec:  1.237E+00
 Iteration:  00000050   DeltaT:  4.464E-06   Iter/sec:  1.180E+00


//////////////////////////////////////////////
   Measured Timings for Process 0  (seconds)

 Elapsed time:        44.2623
  Column time:        11.7312
     Row time:         9.8122
Legendre time:         8.7169
     FFT time:         2.1196
   Solve time:         0.3576
    rlma time:         0.5767
    rlmb time:         0.2645
  pspace time:         4.3697
  psolve time:         3.1854
    dphi time:         0.2544
captured time:        41.3882

     iter/sec:         1.1296
//////////////////////////////////////////////
