 //////////////////////////////////////
 Initializating Rayleigh...

 -- Initalizing MPI...
 ---- Specified parameters:
 ---- NCPU  :   1024
 ---- NPROW :     16
 ---- NPCOL :     64
 -- MPI initialized.


 -- Initalizing Grid...
 ---- Specified parameters ----
 ---- N_R                 :     64
 ---- N_THETA             :    192
 ---- Ell_MAX             :    127
 ---- R_MIN               :  5.38462E-01
 ---- R_MAX               :  1.53846E+00
 ---- Chebyshev Domains   :      1

        Domain 1
          Grid points           :  64
          Dealiased Polynomials :  42
          Domain Lower Bound    :  5.38462E-01
          Domain Upper Bound    :  1.53846E+00

 -- Grid initialized.

[SHTns 3.4.5] built Apr 26 2021, 15:32:45, id: avx2,ishioka
        Lmax=127, Mmax*Mres=127, Mres=1, Nlm=8256  [1 threads, orthonormalized]
        => using FFTW : Mmax=127, Nphi=384, Nlat=192  (data layout : phi_inc=192, theta_inc=1, phi_embed=384)
        => using Gauss nodes
        + polar optimization threshold = 1.0e-08
        finding optimal algorithm........
        + SHT accuracy = 4.09e-14
        => SHTns is ready.
 -- Initalizing Reference State...
 ---- Specified parameters:
 ---- Reference type           :  Boussinesq (Non-dimensional)
 ---- Rayleigh Number          :  1.00000E+05
 ---- Ekman Number             :  1.00000E-03
 ---- Prandtl Number           :  1.00000E+00
 ---- Magnetic Prandtl Number  :  5.00000E+00
 -- Reference State initialized.

 -- Initializing Fields...
 ---- Specified parameters:
 ---- Hydro Init Type    : Benchmark (Christensen et al. 2001)
 ---- Magnetic Init Type : Benchmark (Christensen et al. 2001)
 -- Fields initialized.

 Initialization Complete.
 //////////////////////////////////////

 Timestep has changed from  0.00000E+00 to  1.00000E-04.
 Iteration:  00000001   DeltaT:  1.000E-04   Iter/sec:  0.000E+00
 Timestep has changed from  1.00000E-04 to  1.02217E-05.
 Iteration:  00000002   DeltaT:  1.022E-05   Iter/sec:  2.694E-01
 Iteration:  00000003   DeltaT:  1.022E-05   Iter/sec:  9.230E+01
 Iteration:  00000004   DeltaT:  1.022E-05   Iter/sec:  1.109E+02
 Iteration:  00000005   DeltaT:  1.022E-05   Iter/sec:  1.105E+02
 Iteration:  00000006   DeltaT:  1.022E-05   Iter/sec:  1.058E+02
 Iteration:  00000007   DeltaT:  1.022E-05   Iter/sec:  1.097E+02
 Iteration:  00000008   DeltaT:  1.022E-05   Iter/sec:  1.155E+02
 Iteration:  00000009   DeltaT:  1.022E-05   Iter/sec:  8.852E+01
 Iteration:  00000010   DeltaT:  1.022E-05   Iter/sec:  8.867E+01
 Iteration:  00000011   DeltaT:  1.022E-05   Iter/sec:  2.843E+01
 Iteration:  00000012   DeltaT:  1.022E-05   Iter/sec:  6.146E+01
 Iteration:  00000013   DeltaT:  1.022E-05   Iter/sec:  9.783E+01
 Iteration:  00000014   DeltaT:  1.022E-05   Iter/sec:  1.084E+02
 Iteration:  00000015   DeltaT:  1.022E-05   Iter/sec:  1.170E+02
 Iteration:  00000016   DeltaT:  1.022E-05   Iter/sec:  1.227E+02
 Iteration:  00000017   DeltaT:  1.022E-05   Iter/sec:  1.182E+02
 Iteration:  00000018   DeltaT:  1.022E-05   Iter/sec:  1.164E+02
 Iteration:  00000019   DeltaT:  1.022E-05   Iter/sec:  1.191E+02
 Iteration:  00000020   DeltaT:  1.022E-05   Iter/sec:  8.580E+01
 Iteration:  00000021   DeltaT:  1.022E-05   Iter/sec:  1.748E+01
 Iteration:  00000022   DeltaT:  1.022E-05   Iter/sec:  1.833E+01
 Iteration:  00000023   DeltaT:  1.022E-05   Iter/sec:  5.674E+01
 Iteration:  00000024   DeltaT:  1.022E-05   Iter/sec:  1.101E+02
 Iteration:  00000025   DeltaT:  1.022E-05   Iter/sec:  1.151E+02
 Iteration:  00000026   DeltaT:  1.022E-05   Iter/sec:  1.214E+02
 Iteration:  00000027   DeltaT:  1.022E-05   Iter/sec:  1.230E+02
 Iteration:  00000028   DeltaT:  1.022E-05   Iter/sec:  1.200E+02
 Iteration:  00000029   DeltaT:  1.022E-05   Iter/sec:  1.218E+02
 Iteration:  00000030   DeltaT:  1.022E-05   Iter/sec:  1.104E+02
 Iteration:  00000031   DeltaT:  1.022E-05   Iter/sec:  1.202E+02
 Iteration:  00000032   DeltaT:  1.022E-05   Iter/sec:  1.189E+02
 Iteration:  00000033   DeltaT:  1.022E-05   Iter/sec:  1.212E+02
 Iteration:  00000034   DeltaT:  1.022E-05   Iter/sec:  1.174E+02
 Iteration:  00000035   DeltaT:  1.022E-05   Iter/sec:  1.179E+02
 Iteration:  00000036   DeltaT:  1.022E-05   Iter/sec:  1.206E+02
 Iteration:  00000037   DeltaT:  1.022E-05   Iter/sec:  1.276E+02
 Iteration:  00000038   DeltaT:  1.022E-05   Iter/sec:  1.154E+02
 Iteration:  00000039   DeltaT:  1.022E-05   Iter/sec:  1.151E+02
 Iteration:  00000040   DeltaT:  1.022E-05   Iter/sec:  1.127E+02
 Iteration:  00000041   DeltaT:  1.022E-05   Iter/sec:  1.165E+02
 Iteration:  00000042   DeltaT:  1.022E-05   Iter/sec:  1.200E+02
 Iteration:  00000043   DeltaT:  1.022E-05   Iter/sec:  1.195E+02
 Iteration:  00000044   DeltaT:  1.022E-05   Iter/sec:  1.160E+02
 Iteration:  00000045   DeltaT:  1.022E-05   Iter/sec:  1.204E+02
 Iteration:  00000046   DeltaT:  1.022E-05   Iter/sec:  1.145E+02
 Iteration:  00000047   DeltaT:  1.022E-05   Iter/sec:  1.190E+02
 Iteration:  00000048   DeltaT:  1.022E-05   Iter/sec:  1.169E+02
 Iteration:  00000049   DeltaT:  1.022E-05   Iter/sec:  1.135E+02
 Iteration:  00000050   DeltaT:  1.022E-05   Iter/sec:  1.179E+02


//////////////////////////////////////////////
   Measured Timings for Process 0  (seconds)

 Elapsed time:         5.5100
  Column time:         0.3714
     Row time:         0.0820
Legendre time:         0.0183
     FFT time:         0.0172
   Solve time:         0.0296
    rlma time:         0.0098
    rlmb time:         0.0040
  pspace time:         0.0112
  psolve time:         0.0287
    dphi time:         0.0013
captured time:         0.5735

     iter/sec:         9.0745
//////////////////////////////////////////////
