 //////////////////////////////////////
 Initializating Rayleigh...

 -- Initalizing MPI...
 ---- Specified parameters:
 ---- NCPU  :    256
 ---- NPROW :     32
 ---- NPCOL :      8
 -- MPI initialized.


 -- Initalizing Grid...
 ---- Specified parameters ----
 ---- N_R                 :    128
 ---- N_THETA             :    384
 ---- Ell_MAX             :    255
 ---- R_MIN               :  5.38462E-01
 ---- R_MAX               :  1.53846E+00
 ---- Chebyshev Domains   :      1

        Domain 1
          Grid points           :  128
          Dealiased Polynomials :  85
          Domain Lower Bound    :  5.38462E-01
          Domain Upper Bound    :  1.53846E+00

 -- Grid initialized.

 -- Initalizing Reference State...
 ---- Specified parameters:
 ---- Reference type           :  Boussinesq (Non-dimensional)
 ---- Rayleigh Number          :  1.00000E+05
 ---- Ekman Number             :  1.00000E-03
 ---- Prandtl Number           :  1.00000E+00
 ---- Magnetic Prandtl Number  :  5.00000E+00
 -- Reference State initialized.

 -- Initializing Fields...
 ---- Specified parameters:
 ---- Hydro Init Type    : Benchmark (Christensen et al. 2001)
 ---- Magnetic Init Type : Benchmark (Christensen et al. 2001)
 -- Fields initialized.

 Initialization Complete.
 //////////////////////////////////////

 Timestep has changed from  0.00000E+00 to  1.00000E-04.
 Iteration:  00000001   DeltaT:  1.000E-04   Iter/sec:  0.000E+00
 Timestep has changed from  1.00000E-04 to  2.55566E-06.
 Iteration:  00000002   DeltaT:  2.556E-06   Iter/sec:  1.539E+00
 Iteration:  00000003   DeltaT:  2.556E-06   Iter/sec:  2.087E+00
 Iteration:  00000004   DeltaT:  2.556E-06   Iter/sec:  3.213E+00
 Iteration:  00000005   DeltaT:  2.556E-06   Iter/sec:  3.144E+00
 Iteration:  00000006   DeltaT:  2.556E-06   Iter/sec:  3.165E+00
 Iteration:  00000007   DeltaT:  2.556E-06   Iter/sec:  3.169E+00
 Iteration:  00000008   DeltaT:  2.556E-06   Iter/sec:  3.142E+00
 Iteration:  00000009   DeltaT:  2.556E-06   Iter/sec:  3.142E+00
 Iteration:  00000010   DeltaT:  2.556E-06   Iter/sec:  3.189E+00
 Iteration:  00000011   DeltaT:  2.556E-06   Iter/sec:  3.188E+00
 Iteration:  00000012   DeltaT:  2.556E-06   Iter/sec:  3.163E+00
 Iteration:  00000013   DeltaT:  2.556E-06   Iter/sec:  3.175E+00
 Iteration:  00000014   DeltaT:  2.556E-06   Iter/sec:  3.163E+00
 Iteration:  00000015   DeltaT:  2.556E-06   Iter/sec:  3.162E+00
 Iteration:  00000016   DeltaT:  2.556E-06   Iter/sec:  3.129E+00
 Iteration:  00000017   DeltaT:  2.556E-06   Iter/sec:  3.169E+00
 Iteration:  00000018   DeltaT:  2.556E-06   Iter/sec:  3.144E+00
 Iteration:  00000019   DeltaT:  2.556E-06   Iter/sec:  3.162E+00
 Iteration:  00000020   DeltaT:  2.556E-06   Iter/sec:  3.089E+00
 Iteration:  00000021   DeltaT:  2.556E-06   Iter/sec:  3.164E+00
 Iteration:  00000022   DeltaT:  2.556E-06   Iter/sec:  3.133E+00
 Iteration:  00000023   DeltaT:  2.556E-06   Iter/sec:  3.178E+00
 Iteration:  00000024   DeltaT:  2.556E-06   Iter/sec:  3.183E+00
 Iteration:  00000025   DeltaT:  2.556E-06   Iter/sec:  3.183E+00
 Iteration:  00000026   DeltaT:  2.556E-06   Iter/sec:  3.168E+00
 Iteration:  00000027   DeltaT:  2.556E-06   Iter/sec:  3.046E+00
 Iteration:  00000028   DeltaT:  2.556E-06   Iter/sec:  3.214E+00
 Iteration:  00000029   DeltaT:  2.556E-06   Iter/sec:  3.159E+00
 Iteration:  00000030   DeltaT:  2.556E-06   Iter/sec:  3.170E+00
 Iteration:  00000031   DeltaT:  2.556E-06   Iter/sec:  3.205E+00
 Iteration:  00000032   DeltaT:  2.556E-06   Iter/sec:  3.131E+00
 Iteration:  00000033   DeltaT:  2.556E-06   Iter/sec:  3.119E+00
 Iteration:  00000034   DeltaT:  2.556E-06   Iter/sec:  3.171E+00
 Iteration:  00000035   DeltaT:  2.556E-06   Iter/sec:  3.176E+00
 Iteration:  00000036   DeltaT:  2.556E-06   Iter/sec:  3.167E+00
 Iteration:  00000037   DeltaT:  2.556E-06   Iter/sec:  3.182E+00
 Iteration:  00000038   DeltaT:  2.556E-06   Iter/sec:  3.083E+00
 Iteration:  00000039   DeltaT:  2.556E-06   Iter/sec:  3.235E+00
 Iteration:  00000040   DeltaT:  2.556E-06   Iter/sec:  3.125E+00
 Iteration:  00000041   DeltaT:  2.556E-06   Iter/sec:  3.199E+00
 Iteration:  00000042   DeltaT:  2.556E-06   Iter/sec:  3.179E+00
 Iteration:  00000043   DeltaT:  2.556E-06   Iter/sec:  3.167E+00
 Iteration:  00000044   DeltaT:  2.556E-06   Iter/sec:  3.123E+00
 Iteration:  00000045   DeltaT:  2.556E-06   Iter/sec:  3.086E+00
 Iteration:  00000046   DeltaT:  2.556E-06   Iter/sec:  3.114E+00
 Iteration:  00000047   DeltaT:  2.556E-06   Iter/sec:  3.125E+00
 Iteration:  00000048   DeltaT:  2.556E-06   Iter/sec:  3.141E+00
 Iteration:  00000049   DeltaT:  2.556E-06   Iter/sec:  3.086E+00
 Iteration:  00000050   DeltaT:  2.556E-06   Iter/sec:  3.109E+00


//////////////////////////////////////////////
   Measured Timings for Process 0  (seconds)

 Elapsed time:        16.7991
  Column time:         2.5762
     Row time:         6.2245
Legendre time:         1.6462
     FFT time:         0.9565
   Solve time:         0.7426
    rlma time:         0.1953
    rlmb time:         0.0754
  pspace time:         1.9018
  psolve time:         1.6319
    dphi time:         0.0792
captured time:        16.0296

     iter/sec:         2.9763
//////////////////////////////////////////////
