 //////////////////////////////////////
 Initializating Rayleigh...

 -- Initalizing MPI...
 ---- Specified parameters:
 ---- NCPU  :    512
 ---- NPROW :     32
 ---- NPCOL :     16
 -- MPI initialized.


 -- Initalizing Grid...
 ---- Specified parameters ----
 ---- N_R                 :    128
 ---- N_THETA             :    384
 ---- Ell_MAX             :    255
 ---- R_MIN               :  5.38462E-01
 ---- R_MAX               :  1.53846E+00
 ---- Chebyshev Domains   :      1

        Domain 1
          Grid points           :  128
          Dealiased Polynomials :  85
          Domain Lower Bound    :  5.38462E-01
          Domain Upper Bound    :  1.53846E+00

 -- Grid initialized.

 -- Initalizing Reference State...
 ---- Specified parameters:
 ---- Reference type           :  Boussinesq (Non-dimensional)
 ---- Rayleigh Number          :  1.00000E+05
 ---- Ekman Number             :  1.00000E-03
 ---- Prandtl Number           :  1.00000E+00
 ---- Magnetic Prandtl Number  :  5.00000E+00
 -- Reference State initialized.

 -- Initializing Fields...
 ---- Specified parameters:
 ---- Hydro Init Type    : Benchmark (Christensen et al. 2001)
 ---- Magnetic Init Type : Benchmark (Christensen et al. 2001)
 -- Fields initialized.

 Initialization Complete.
 //////////////////////////////////////

 Timestep has changed from  0.00000E+00 to  1.00000E-04.
 Iteration:  00000001   DeltaT:  1.000E-04   Iter/sec:  0.000E+00
 Timestep has changed from  1.00000E-04 to  2.55566E-06.
 Iteration:  00000002   DeltaT:  2.556E-06   Iter/sec:  2.494E+00
 Iteration:  00000003   DeltaT:  2.556E-06   Iter/sec:  4.213E+00
 Iteration:  00000004   DeltaT:  2.556E-06   Iter/sec:  6.382E+00
 Iteration:  00000005   DeltaT:  2.556E-06   Iter/sec:  6.397E+00
 Iteration:  00000006   DeltaT:  2.556E-06   Iter/sec:  6.944E+00
 Iteration:  00000007   DeltaT:  2.556E-06   Iter/sec:  6.692E+00
 Iteration:  00000008   DeltaT:  2.556E-06   Iter/sec:  6.985E+00
 Iteration:  00000009   DeltaT:  2.556E-06   Iter/sec:  6.508E+00
 Iteration:  00000010   DeltaT:  2.556E-06   Iter/sec:  6.702E+00
 Iteration:  00000011   DeltaT:  2.556E-06   Iter/sec:  7.097E+00
 Iteration:  00000012   DeltaT:  2.556E-06   Iter/sec:  6.986E+00
 Iteration:  00000013   DeltaT:  2.556E-06   Iter/sec:  6.688E+00
 Iteration:  00000014   DeltaT:  2.556E-06   Iter/sec:  6.690E+00
 Iteration:  00000015   DeltaT:  2.556E-06   Iter/sec:  7.045E+00
 Iteration:  00000016   DeltaT:  2.556E-06   Iter/sec:  6.647E+00
 Iteration:  00000017   DeltaT:  2.556E-06   Iter/sec:  6.798E+00
 Iteration:  00000018   DeltaT:  2.556E-06   Iter/sec:  6.815E+00
 Iteration:  00000019   DeltaT:  2.556E-06   Iter/sec:  7.395E+00
 Iteration:  00000020   DeltaT:  2.556E-06   Iter/sec:  6.815E+00
 Iteration:  00000021   DeltaT:  2.556E-06   Iter/sec:  6.901E+00
 Iteration:  00000022   DeltaT:  2.556E-06   Iter/sec:  7.319E+00
 Iteration:  00000023   DeltaT:  2.556E-06   Iter/sec:  6.732E+00
 Iteration:  00000024   DeltaT:  2.556E-06   Iter/sec:  7.103E+00
 Iteration:  00000025   DeltaT:  2.556E-06   Iter/sec:  6.972E+00
 Iteration:  00000026   DeltaT:  2.556E-06   Iter/sec:  6.543E+00
 Iteration:  00000027   DeltaT:  2.556E-06   Iter/sec:  6.980E+00
 Iteration:  00000028   DeltaT:  2.556E-06   Iter/sec:  7.057E+00
 Iteration:  00000029   DeltaT:  2.556E-06   Iter/sec:  7.122E+00
 Iteration:  00000030   DeltaT:  2.556E-06   Iter/sec:  7.121E+00
 Iteration:  00000031   DeltaT:  2.556E-06   Iter/sec:  6.690E+00
 Iteration:  00000032   DeltaT:  2.556E-06   Iter/sec:  7.324E+00
 Iteration:  00000033   DeltaT:  2.556E-06   Iter/sec:  7.145E+00
 Iteration:  00000034   DeltaT:  2.556E-06   Iter/sec:  6.806E+00
 Iteration:  00000035   DeltaT:  2.556E-06   Iter/sec:  6.569E+00
 Iteration:  00000036   DeltaT:  2.556E-06   Iter/sec:  7.159E+00
 Iteration:  00000037   DeltaT:  2.556E-06   Iter/sec:  7.118E+00
 Iteration:  00000038   DeltaT:  2.556E-06   Iter/sec:  6.668E+00
 Iteration:  00000039   DeltaT:  2.556E-06   Iter/sec:  7.014E+00
 Iteration:  00000040   DeltaT:  2.556E-06   Iter/sec:  6.973E+00
 Iteration:  00000041   DeltaT:  2.556E-06   Iter/sec:  6.907E+00
 Iteration:  00000042   DeltaT:  2.556E-06   Iter/sec:  6.644E+00
 Iteration:  00000043   DeltaT:  2.556E-06   Iter/sec:  6.750E+00
 Iteration:  00000044   DeltaT:  2.556E-06   Iter/sec:  6.934E+00
 Iteration:  00000045   DeltaT:  2.556E-06   Iter/sec:  7.267E+00
 Iteration:  00000046   DeltaT:  2.556E-06   Iter/sec:  7.159E+00
 Iteration:  00000047   DeltaT:  2.556E-06   Iter/sec:  7.067E+00
 Iteration:  00000048   DeltaT:  2.556E-06   Iter/sec:  6.668E+00
 Iteration:  00000049   DeltaT:  2.556E-06   Iter/sec:  7.230E+00
 Iteration:  00000050   DeltaT:  2.556E-06   Iter/sec:  7.133E+00


//////////////////////////////////////////////
   Measured Timings for Process 0  (seconds)

 Elapsed time:         8.0167
  Column time:         1.8096
     Row time:         2.2848
Legendre time:         0.7206
     FFT time:         0.4911
   Solve time:         0.4026
    rlma time:         0.0916
    rlmb time:         0.0353
  pspace time:         0.8513
  psolve time:         0.6467
    dphi time:         0.0447
captured time:         7.3784

     iter/sec:         6.2370
//////////////////////////////////////////////
