 //////////////////////////////////////
 Initializating Rayleigh...

 -- Initalizing MPI...
 ---- Specified parameters:
 ---- NCPU  :    128
 ---- NPROW :      8
 ---- NPCOL :     16
 -- MPI initialized.


 -- Initalizing Grid...
 ---- Specified parameters ----
 ---- N_R                 :    128
 ---- N_THETA             :    192
 ---- Ell_MAX             :    127
 ---- R_MIN               :  5.38462E-01
 ---- R_MAX               :  1.53846E+00
 ---- Chebyshev Domains   :      1

        Domain 1
          Grid points           :  128
          Dealiased Polynomials :  85
          Domain Lower Bound    :  5.38462E-01
          Domain Upper Bound    :  1.53846E+00

 -- Grid initialized.

[SHTns 3.4.5] built Apr 26 2021, 15:32:45, id: avx2,ishioka
        Lmax=127, Mmax*Mres=127, Mres=1, Nlm=8256  [1 threads, orthonormalized]
        => using FFTW : Mmax=127, Nphi=384, Nlat=192  (data layout : phi_inc=192, theta_inc=1, phi_embed=384)
        => using Gauss nodes
        + polar optimization threshold = 1.0e-08
        finding optimal algorithm........
        + SHT accuracy = 3.93e-14
        => SHTns is ready.
 -- Initalizing Reference State...
 ---- Specified parameters:
 ---- Reference type           :  Boussinesq (Non-dimensional)
 ---- Rayleigh Number          :  1.00000E+05
 ---- Ekman Number             :  1.00000E-03
 ---- Prandtl Number           :  1.00000E+00
 ---- Magnetic Prandtl Number  :  5.00000E+00
 -- Reference State initialized.

 -- Initializing Fields...
 ---- Specified parameters:
 ---- Hydro Init Type    : Benchmark (Christensen et al. 2001)
 ---- Magnetic Init Type : Benchmark (Christensen et al. 2001)
 -- Fields initialized.

 Initialization Complete.
 //////////////////////////////////////

 Timestep has changed from  0.00000E+00 to  1.00000E-04.
 Iteration:  00000001   DeltaT:  1.000E-04   Iter/sec:  0.000E+00
 Timestep has changed from  1.00000E-04 to  2.55581E-06.
 Iteration:  00000002   DeltaT:  2.556E-06   Iter/sec:  2.562E-01
 Iteration:  00000003   DeltaT:  2.556E-06   Iter/sec:  5.853E+00
 Iteration:  00000004   DeltaT:  2.556E-06   Iter/sec:  8.623E+00
 Iteration:  00000005   DeltaT:  2.556E-06   Iter/sec:  8.533E+00
 Iteration:  00000006   DeltaT:  2.556E-06   Iter/sec:  8.656E+00
 Iteration:  00000007   DeltaT:  2.556E-06   Iter/sec:  8.706E+00
 Iteration:  00000008   DeltaT:  2.556E-06   Iter/sec:  8.663E+00
 Iteration:  00000009   DeltaT:  2.556E-06   Iter/sec:  8.559E+00
 Iteration:  00000010   DeltaT:  2.556E-06   Iter/sec:  8.609E+00
 Iteration:  00000011   DeltaT:  2.556E-06   Iter/sec:  8.734E+00
 Iteration:  00000012   DeltaT:  2.556E-06   Iter/sec:  8.695E+00
 Iteration:  00000013   DeltaT:  2.556E-06   Iter/sec:  8.528E+00
 Iteration:  00000014   DeltaT:  2.556E-06   Iter/sec:  8.856E+00
 Iteration:  00000015   DeltaT:  2.556E-06   Iter/sec:  8.774E+00
 Iteration:  00000016   DeltaT:  2.556E-06   Iter/sec:  8.748E+00
 Iteration:  00000017   DeltaT:  2.556E-06   Iter/sec:  8.688E+00
 Iteration:  00000018   DeltaT:  2.556E-06   Iter/sec:  8.743E+00
 Iteration:  00000019   DeltaT:  2.556E-06   Iter/sec:  8.928E+00
 Iteration:  00000020   DeltaT:  2.556E-06   Iter/sec:  8.729E+00
 Iteration:  00000021   DeltaT:  2.556E-06   Iter/sec:  8.857E+00
 Iteration:  00000022   DeltaT:  2.556E-06   Iter/sec:  8.671E+00
 Iteration:  00000023   DeltaT:  2.556E-06   Iter/sec:  8.702E+00
 Iteration:  00000024   DeltaT:  2.556E-06   Iter/sec:  8.839E+00
 Iteration:  00000025   DeltaT:  2.556E-06   Iter/sec:  8.751E+00
 Iteration:  00000026   DeltaT:  2.556E-06   Iter/sec:  8.992E+00
 Iteration:  00000027   DeltaT:  2.556E-06   Iter/sec:  8.874E+00
 Iteration:  00000028   DeltaT:  2.556E-06   Iter/sec:  8.746E+00
 Iteration:  00000029   DeltaT:  2.556E-06   Iter/sec:  8.705E+00
 Iteration:  00000030   DeltaT:  2.556E-06   Iter/sec:  8.775E+00
 Iteration:  00000031   DeltaT:  2.556E-06   Iter/sec:  8.791E+00
 Iteration:  00000032   DeltaT:  2.556E-06   Iter/sec:  8.728E+00
 Iteration:  00000033   DeltaT:  2.556E-06   Iter/sec:  8.814E+00
 Iteration:  00000034   DeltaT:  2.556E-06   Iter/sec:  8.840E+00
 Iteration:  00000035   DeltaT:  2.556E-06   Iter/sec:  8.615E+00
 Iteration:  00000036   DeltaT:  2.556E-06   Iter/sec:  8.848E+00
 Iteration:  00000037   DeltaT:  2.556E-06   Iter/sec:  8.735E+00
 Iteration:  00000038   DeltaT:  2.556E-06   Iter/sec:  9.032E+00
 Iteration:  00000039   DeltaT:  2.556E-06   Iter/sec:  8.772E+00
 Iteration:  00000040   DeltaT:  2.556E-06   Iter/sec:  8.812E+00
 Iteration:  00000041   DeltaT:  2.556E-06   Iter/sec:  8.705E+00
 Iteration:  00000042   DeltaT:  2.556E-06   Iter/sec:  8.873E+00
 Iteration:  00000043   DeltaT:  2.556E-06   Iter/sec:  8.969E+00
 Iteration:  00000044   DeltaT:  2.556E-06   Iter/sec:  8.814E+00
 Iteration:  00000045   DeltaT:  2.556E-06   Iter/sec:  8.680E+00
 Iteration:  00000046   DeltaT:  2.556E-06   Iter/sec:  8.900E+00
 Iteration:  00000047   DeltaT:  2.556E-06   Iter/sec:  8.740E+00
 Iteration:  00000048   DeltaT:  2.556E-06   Iter/sec:  8.860E+00
 Iteration:  00000049   DeltaT:  2.556E-06   Iter/sec:  8.715E+00
 Iteration:  00000050   DeltaT:  2.556E-06   Iter/sec:  9.086E+00


//////////////////////////////////////////////
   Measured Timings for Process 0  (seconds)

 Elapsed time:         6.1047
  Column time:         0.7239
     Row time:         2.0132
Legendre time:         0.4094
     FFT time:         0.4806
   Solve time:         0.3134
    rlma time:         0.0924
    rlmb time:         0.0435
  pspace time:         0.9324
  psolve time:         0.6851
    dphi time:         0.0566
captured time:         5.7506

     iter/sec:         8.1905
//////////////////////////////////////////////
