 //////////////////////////////////////
 Initializating Rayleigh...

 -- Initalizing MPI...
 ---- Specified parameters:
 ---- NCPU  :   1024
 ---- NPROW :     64
 ---- NPCOL :     16
 -- MPI initialized.


 -- Initalizing Grid...
 ---- Specified parameters ----
 ---- N_R                 :     64
 ---- N_THETA             :    384
 ---- Ell_MAX             :    255
 ---- R_MIN               :  5.38462E-01
 ---- R_MAX               :  1.53846E+00
 ---- Chebyshev Domains   :      1

        Domain 1
          Grid points           :  64
          Dealiased Polynomials :  42
          Domain Lower Bound    :  5.38462E-01
          Domain Upper Bound    :  1.53846E+00

 -- Grid initialized.

[SHTns 3.4.5] built Apr 26 2021, 15:32:45, id: avx2,ishioka
        Lmax=255, Mmax*Mres=255, Mres=1, Nlm=32896  [1 threads, orthonormalized]
        => using FFTW : Mmax=255, Nphi=768, Nlat=384  (data layout : phi_inc=384, theta_inc=1, phi_embed=768)
        => using Gauss nodes
        + polar optimization threshold = 1.0e-08
        finding optimal algorithm..........
        + SHT accuracy = 1.09e-12
        => SHTns is ready.
 -- Initalizing Reference State...
 ---- Specified parameters:
 ---- Reference type           :  Boussinesq (Non-dimensional)
 ---- Rayleigh Number          :  1.00000E+05
 ---- Ekman Number             :  1.00000E-03
 ---- Prandtl Number           :  1.00000E+00
 ---- Magnetic Prandtl Number  :  5.00000E+00
 -- Reference State initialized.

 -- Initializing Fields...
 ---- Specified parameters:
 ---- Hydro Init Type    : Benchmark (Christensen et al. 2001)
 ---- Magnetic Init Type : Benchmark (Christensen et al. 2001)
 -- Fields initialized.

 Initialization Complete.
 //////////////////////////////////////

 Timestep has changed from  0.00000E+00 to  1.00000E-04.
 Iteration:  00000001   DeltaT:  1.000E-04   Iter/sec:  0.000E+00
 Timestep has changed from  1.00000E-04 to  1.02211E-05.
 Iteration:  00000002   DeltaT:  1.022E-05   Iter/sec:  2.361E-01
 Iteration:  00000003   DeltaT:  1.022E-05   Iter/sec:  1.859E+01
 Iteration:  00000004   DeltaT:  1.022E-05   Iter/sec:  2.346E+01
 Iteration:  00000005   DeltaT:  1.022E-05   Iter/sec:  2.922E+01
 Iteration:  00000006   DeltaT:  1.022E-05   Iter/sec:  2.724E+01
 Iteration:  00000007   DeltaT:  1.022E-05   Iter/sec:  2.516E+01
 Iteration:  00000008   DeltaT:  1.022E-05   Iter/sec:  1.820E+01
 Iteration:  00000009   DeltaT:  1.022E-05   Iter/sec:  2.662E+01
 Iteration:  00000010   DeltaT:  1.022E-05   Iter/sec:  1.578E+01
 Iteration:  00000011   DeltaT:  1.022E-05   Iter/sec:  1.973E+01
 Iteration:  00000012   DeltaT:  1.022E-05   Iter/sec:  2.739E+01
 Iteration:  00000013   DeltaT:  1.022E-05   Iter/sec:  2.670E+01
 Iteration:  00000014   DeltaT:  1.022E-05   Iter/sec:  2.624E+01
 Iteration:  00000015   DeltaT:  1.022E-05   Iter/sec:  2.734E+01
 Iteration:  00000016   DeltaT:  1.022E-05   Iter/sec:  2.655E+01
 Iteration:  00000017   DeltaT:  1.022E-05   Iter/sec:  2.729E+01
 Iteration:  00000018   DeltaT:  1.022E-05   Iter/sec:  2.635E+01
 Iteration:  00000019   DeltaT:  1.022E-05   Iter/sec:  2.732E+01
 Iteration:  00000020   DeltaT:  1.022E-05   Iter/sec:  2.745E+01
 Iteration:  00000021   DeltaT:  1.022E-05   Iter/sec:  2.606E+01
 Iteration:  00000022   DeltaT:  1.022E-05   Iter/sec:  2.839E+01
 Iteration:  00000023   DeltaT:  1.022E-05   Iter/sec:  2.696E+01
 Iteration:  00000024   DeltaT:  1.022E-05   Iter/sec:  3.049E+01
 Iteration:  00000025   DeltaT:  1.022E-05   Iter/sec:  2.519E+01
 Iteration:  00000026   DeltaT:  1.022E-05   Iter/sec:  2.871E+01
 Iteration:  00000027   DeltaT:  1.022E-05   Iter/sec:  1.492E+01
 Iteration:  00000028   DeltaT:  1.022E-05   Iter/sec:  2.393E+01
 Iteration:  00000029   DeltaT:  1.022E-05   Iter/sec:  2.769E+01
 Iteration:  00000030   DeltaT:  1.022E-05   Iter/sec:  1.101E+01
 Iteration:  00000031   DeltaT:  1.022E-05   Iter/sec:  1.641E+01
 Iteration:  00000032   DeltaT:  1.022E-05   Iter/sec:  2.558E+01
 Iteration:  00000033   DeltaT:  1.022E-05   Iter/sec:  3.124E+01
 Iteration:  00000034   DeltaT:  1.022E-05   Iter/sec:  2.510E+01
 Iteration:  00000035   DeltaT:  1.022E-05   Iter/sec:  2.717E+01
 Iteration:  00000036   DeltaT:  1.022E-05   Iter/sec:  2.721E+01
 Iteration:  00000037   DeltaT:  1.022E-05   Iter/sec:  2.704E+01
 Iteration:  00000038   DeltaT:  1.022E-05   Iter/sec:  2.680E+01
 Iteration:  00000039   DeltaT:  1.022E-05   Iter/sec:  2.625E+01
 Iteration:  00000040   DeltaT:  1.022E-05   Iter/sec:  2.708E+01
 Iteration:  00000041   DeltaT:  1.022E-05   Iter/sec:  2.668E+01
 Iteration:  00000042   DeltaT:  1.022E-05   Iter/sec:  1.657E+01
 Iteration:  00000043   DeltaT:  1.022E-05   Iter/sec:  2.501E+01
 Iteration:  00000044   DeltaT:  1.022E-05   Iter/sec:  2.755E+01
 Iteration:  00000045   DeltaT:  1.022E-05   Iter/sec:  9.966E+00
 Iteration:  00000046   DeltaT:  1.022E-05   Iter/sec:  1.739E+01
 Iteration:  00000047   DeltaT:  1.022E-05   Iter/sec:  2.827E+01
 Iteration:  00000048   DeltaT:  1.022E-05   Iter/sec:  2.608E+01
 Iteration:  00000049   DeltaT:  1.022E-05   Iter/sec:  2.734E+01
 Iteration:  00000050   DeltaT:  1.022E-05   Iter/sec:  2.728E+01


//////////////////////////////////////////////
   Measured Timings for Process 0  (seconds)

 Elapsed time:         3.3698
  Column time:         0.8447
     Row time:         0.7508
Legendre time:         0.1056
     FFT time:         0.1020
   Solve time:         0.1057
    rlma time:         0.0219
    rlmb time:         0.0090
  pspace time:         0.0891
  psolve time:         0.1146
    dphi time:         0.0099
captured time:         2.1533

     iter/sec:        14.8378
//////////////////////////////////////////////
