 //////////////////////////////////////
 Initializating Rayleigh...

 -- Initalizing MPI...
 ---- Specified parameters:
 ---- NCPU  :    512
 ---- NPROW :     16
 ---- NPCOL :     32
 -- MPI initialized.


 -- Initalizing Grid...
 ---- Specified parameters ----
 ---- N_R                 :     64
 ---- N_THETA             :   1536
 ---- Ell_MAX             :   1023
 ---- R_MIN               :  5.38462E-01
 ---- R_MAX               :  1.53846E+00
 ---- Chebyshev Domains   :      1

        Domain 1
          Grid points           :  64
          Dealiased Polynomials :  42
          Domain Lower Bound    :  5.38462E-01
          Domain Upper Bound    :  1.53846E+00

 -- Grid initialized.

[SHTns 3.4.5] built Apr 26 2021, 15:32:45, id: avx2,ishioka
        Lmax=1023, Mmax*Mres=1023, Mres=1, Nlm=524800  [1 threads, orthonormalized]
        => using FFTW : Mmax=1023, Nphi=3072, Nlat=1536  (data layout : phi_inc=1536, theta_inc=1, phi_embed=3072)
        => using Gauss nodes
        + polar optimization threshold = 1.0e-08
        finding optimal algorithm...
        + SHT accuracy = 1.33e-12
        => SHTns is ready.
 -- Initalizing Reference State...
 ---- Specified parameters:
 ---- Reference type           :  Boussinesq (Non-dimensional)
 ---- Rayleigh Number          :  1.00000E+05
 ---- Ekman Number             :  1.00000E-03
 ---- Prandtl Number           :  1.00000E+00
 ---- Magnetic Prandtl Number  :  5.00000E+00
 -- Reference State initialized.

 -- Initializing Fields...
 ---- Specified parameters:
 ---- Hydro Init Type    : Benchmark (Christensen et al. 2001)
 ---- Magnetic Init Type : Benchmark (Christensen et al. 2001)
 -- Fields initialized.

 Initialization Complete.
 //////////////////////////////////////

 Timestep has changed from  0.00000E+00 to  1.00000E-04.
 Iteration:  00000001   DeltaT:  1.000E-04   Iter/sec:  0.000E+00
 Timestep has changed from  1.00000E-04 to  4.46409E-06.
 Iteration:  00000002   DeltaT:  4.464E-06   Iter/sec:  7.923E-02
 Iteration:  00000003   DeltaT:  4.464E-06   Iter/sec:  7.204E-01
 Iteration:  00000004   DeltaT:  4.464E-06   Iter/sec:  7.406E-01
 Iteration:  00000005   DeltaT:  4.464E-06   Iter/sec:  7.649E-01
 Iteration:  00000006   DeltaT:  4.464E-06   Iter/sec:  7.265E-01
 Iteration:  00000007   DeltaT:  4.464E-06   Iter/sec:  7.499E-01
 Iteration:  00000008   DeltaT:  4.464E-06   Iter/sec:  7.485E-01
 Iteration:  00000009   DeltaT:  4.464E-06   Iter/sec:  7.435E-01
 Iteration:  00000010   DeltaT:  4.464E-06   Iter/sec:  7.409E-01
 Iteration:  00000011   DeltaT:  4.464E-06   Iter/sec:  7.262E-01
 Iteration:  00000012   DeltaT:  4.464E-06   Iter/sec:  7.424E-01
 Iteration:  00000013   DeltaT:  4.464E-06   Iter/sec:  7.445E-01
 Iteration:  00000014   DeltaT:  4.464E-06   Iter/sec:  7.497E-01
 Iteration:  00000015   DeltaT:  4.464E-06   Iter/sec:  7.475E-01
 Iteration:  00000016   DeltaT:  4.464E-06   Iter/sec:  7.362E-01
 Iteration:  00000017   DeltaT:  4.464E-06   Iter/sec:  7.474E-01
 Iteration:  00000018   DeltaT:  4.464E-06   Iter/sec:  7.443E-01
 Iteration:  00000019   DeltaT:  4.464E-06   Iter/sec:  7.560E-01
 Iteration:  00000020   DeltaT:  4.464E-06   Iter/sec:  7.220E-01
 Iteration:  00000021   DeltaT:  4.464E-06   Iter/sec:  7.263E-01
 Iteration:  00000022   DeltaT:  4.464E-06   Iter/sec:  7.507E-01
 Iteration:  00000023   DeltaT:  4.464E-06   Iter/sec:  7.402E-01
 Iteration:  00000024   DeltaT:  4.464E-06   Iter/sec:  7.562E-01
 Iteration:  00000025   DeltaT:  4.464E-06   Iter/sec:  7.394E-01
 Iteration:  00000026   DeltaT:  4.464E-06   Iter/sec:  7.499E-01
 Iteration:  00000027   DeltaT:  4.464E-06   Iter/sec:  7.532E-01
 Iteration:  00000028   DeltaT:  4.464E-06   Iter/sec:  7.338E-01
 Iteration:  00000029   DeltaT:  4.464E-06   Iter/sec:  7.396E-01
 Iteration:  00000030   DeltaT:  4.464E-06   Iter/sec:  7.519E-01
 Iteration:  00000031   DeltaT:  4.464E-06   Iter/sec:  7.282E-01
 Iteration:  00000032   DeltaT:  4.464E-06   Iter/sec:  7.482E-01
 Iteration:  00000033   DeltaT:  4.464E-06   Iter/sec:  7.510E-01
 Iteration:  00000034   DeltaT:  4.464E-06   Iter/sec:  7.424E-01
 Iteration:  00000035   DeltaT:  4.464E-06   Iter/sec:  7.384E-01
 Iteration:  00000036   DeltaT:  4.464E-06   Iter/sec:  7.377E-01
 Iteration:  00000037   DeltaT:  4.464E-06   Iter/sec:  7.600E-01
 Iteration:  00000038   DeltaT:  4.464E-06   Iter/sec:  7.403E-01
 Iteration:  00000039   DeltaT:  4.464E-06   Iter/sec:  7.490E-01
 Iteration:  00000040   DeltaT:  4.464E-06   Iter/sec:  7.405E-01
 Iteration:  00000041   DeltaT:  4.464E-06   Iter/sec:  7.488E-01
 Iteration:  00000042   DeltaT:  4.464E-06   Iter/sec:  7.303E-01
 Iteration:  00000043   DeltaT:  4.464E-06   Iter/sec:  7.473E-01
 Iteration:  00000044   DeltaT:  4.464E-06   Iter/sec:  7.259E-01
 Iteration:  00000045   DeltaT:  4.464E-06   Iter/sec:  7.487E-01
 Iteration:  00000046   DeltaT:  4.464E-06   Iter/sec:  7.415E-01
 Iteration:  00000047   DeltaT:  4.464E-06   Iter/sec:  7.533E-01
 Iteration:  00000048   DeltaT:  4.464E-06   Iter/sec:  7.417E-01
 Iteration:  00000049   DeltaT:  4.464E-06   Iter/sec:  7.477E-01
 Iteration:  00000050   DeltaT:  4.464E-06   Iter/sec:  7.473E-01


//////////////////////////////////////////////
   Measured Timings for Process 0  (seconds)

 Elapsed time:        71.6950
  Column time:        13.9551
     Row time:        18.9246
Legendre time:        11.7014
     FFT time:         4.1588
   Solve time:         0.6387
    rlma time:         1.0129
    rlmb time:         0.4456
  pspace time:         9.2758
  psolve time:         6.0860
    dphi time:         0.5515
captured time:        66.7504

     iter/sec:         0.6974
//////////////////////////////////////////////
