 //////////////////////////////////////
 Initializating Rayleigh...

 -- Initalizing MPI...
 ---- Specified parameters:
 ---- NCPU  :    128
 ---- NPROW :     16
 ---- NPCOL :      8
 -- MPI initialized.


 -- Initalizing Grid...
 ---- Specified parameters ----
 ---- N_R                 :     64
 ---- N_THETA             :    384
 ---- Ell_MAX             :    255
 ---- R_MIN               :  5.38462E-01
 ---- R_MAX               :  1.53846E+00
 ---- Chebyshev Domains   :      1

        Domain 1
          Grid points           :  64
          Dealiased Polynomials :  42
          Domain Lower Bound    :  5.38462E-01
          Domain Upper Bound    :  1.53846E+00

 -- Grid initialized.

[SHTns 3.4.5] built Apr 26 2021, 15:32:45, id: avx2,ishioka
        Lmax=255, Mmax*Mres=255, Mres=1, Nlm=32896  [1 threads, orthonormalized]
        => using FFTW : Mmax=255, Nphi=768, Nlat=384  (data layout : phi_inc=384, theta_inc=1, phi_embed=768)
        => using Gauss nodes
        + polar optimization threshold = 1.0e-08
        finding optimal algorithm..........
        + SHT accuracy = 1.3e-12
        => SHTns is ready.
 -- Initalizing Reference State...
 ---- Specified parameters:
 ---- Reference type           :  Boussinesq (Non-dimensional)
 ---- Rayleigh Number          :  1.00000E+05
 ---- Ekman Number             :  1.00000E-03
 ---- Prandtl Number           :  1.00000E+00
 ---- Magnetic Prandtl Number  :  5.00000E+00
 -- Reference State initialized.

 -- Initializing Fields...
 ---- Specified parameters:
 ---- Hydro Init Type    : Benchmark (Christensen et al. 2001)
 ---- Magnetic Init Type : Benchmark (Christensen et al. 2001)
 -- Fields initialized.

 Initialization Complete.
 //////////////////////////////////////

 Timestep has changed from  0.00000E+00 to  1.00000E-04.
 Iteration:  00000001   DeltaT:  1.000E-04   Iter/sec:  0.000E+00
 Timestep has changed from  1.00000E-04 to  1.02211E-05.
 Iteration:  00000002   DeltaT:  1.022E-05   Iter/sec:  1.143E-01
 Iteration:  00000003   DeltaT:  1.022E-05   Iter/sec:  3.476E+00
 Iteration:  00000004   DeltaT:  1.022E-05   Iter/sec:  3.813E+00
 Iteration:  00000005   DeltaT:  1.022E-05   Iter/sec:  3.846E+00
 Iteration:  00000006   DeltaT:  1.022E-05   Iter/sec:  3.870E+00
 Iteration:  00000007   DeltaT:  1.022E-05   Iter/sec:  3.785E+00
 Iteration:  00000008   DeltaT:  1.022E-05   Iter/sec:  3.841E+00
 Iteration:  00000009   DeltaT:  1.022E-05   Iter/sec:  3.869E+00
 Iteration:  00000010   DeltaT:  1.022E-05   Iter/sec:  3.805E+00
 Iteration:  00000011   DeltaT:  1.022E-05   Iter/sec:  3.831E+00
 Iteration:  00000012   DeltaT:  1.022E-05   Iter/sec:  3.789E+00
 Iteration:  00000013   DeltaT:  1.022E-05   Iter/sec:  3.831E+00
 Iteration:  00000014   DeltaT:  1.022E-05   Iter/sec:  3.826E+00
 Iteration:  00000015   DeltaT:  1.022E-05   Iter/sec:  3.827E+00
 Iteration:  00000016   DeltaT:  1.022E-05   Iter/sec:  3.823E+00
 Iteration:  00000017   DeltaT:  1.022E-05   Iter/sec:  3.816E+00
 Iteration:  00000018   DeltaT:  1.022E-05   Iter/sec:  3.828E+00
 Iteration:  00000019   DeltaT:  1.022E-05   Iter/sec:  3.839E+00
 Iteration:  00000020   DeltaT:  1.022E-05   Iter/sec:  3.844E+00
 Iteration:  00000021   DeltaT:  1.022E-05   Iter/sec:  3.802E+00
 Iteration:  00000022   DeltaT:  1.022E-05   Iter/sec:  3.888E+00
 Iteration:  00000023   DeltaT:  1.022E-05   Iter/sec:  3.847E+00
 Iteration:  00000024   DeltaT:  1.022E-05   Iter/sec:  3.768E+00
 Iteration:  00000025   DeltaT:  1.022E-05   Iter/sec:  3.773E+00
 Iteration:  00000026   DeltaT:  1.022E-05   Iter/sec:  3.893E+00
 Iteration:  00000027   DeltaT:  1.022E-05   Iter/sec:  3.839E+00
 Iteration:  00000028   DeltaT:  1.022E-05   Iter/sec:  3.860E+00
 Iteration:  00000029   DeltaT:  1.022E-05   Iter/sec:  3.850E+00
 Iteration:  00000030   DeltaT:  1.022E-05   Iter/sec:  3.819E+00
 Iteration:  00000031   DeltaT:  1.022E-05   Iter/sec:  3.818E+00
 Iteration:  00000032   DeltaT:  1.022E-05   Iter/sec:  3.831E+00
 Iteration:  00000033   DeltaT:  1.022E-05   Iter/sec:  3.846E+00
 Iteration:  00000034   DeltaT:  1.022E-05   Iter/sec:  3.840E+00
 Iteration:  00000035   DeltaT:  1.022E-05   Iter/sec:  3.777E+00
 Iteration:  00000036   DeltaT:  1.022E-05   Iter/sec:  3.865E+00
 Iteration:  00000037   DeltaT:  1.022E-05   Iter/sec:  3.826E+00
 Iteration:  00000038   DeltaT:  1.022E-05   Iter/sec:  3.828E+00
 Iteration:  00000039   DeltaT:  1.022E-05   Iter/sec:  3.822E+00
 Iteration:  00000040   DeltaT:  1.022E-05   Iter/sec:  3.801E+00
 Iteration:  00000041   DeltaT:  1.022E-05   Iter/sec:  3.863E+00
 Iteration:  00000042   DeltaT:  1.022E-05   Iter/sec:  3.808E+00
 Iteration:  00000043   DeltaT:  1.022E-05   Iter/sec:  3.788E+00
 Iteration:  00000044   DeltaT:  1.022E-05   Iter/sec:  3.798E+00
 Iteration:  00000045   DeltaT:  1.022E-05   Iter/sec:  3.854E+00
 Iteration:  00000046   DeltaT:  1.022E-05   Iter/sec:  3.826E+00
 Iteration:  00000047   DeltaT:  1.022E-05   Iter/sec:  3.824E+00
 Iteration:  00000048   DeltaT:  1.022E-05   Iter/sec:  3.803E+00
 Iteration:  00000049   DeltaT:  1.022E-05   Iter/sec:  3.856E+00
 Iteration:  00000050   DeltaT:  1.022E-05   Iter/sec:  3.825E+00


//////////////////////////////////////////////
   Measured Timings for Process 0  (seconds)

 Elapsed time:        13.8529
  Column time:         1.6933
     Row time:         4.6203
Legendre time:         1.2001
     FFT time:         0.9636
   Solve time:         0.2744
    rlma time:         0.1910
    rlmb time:         0.0762
  pspace time:         2.2216
  psolve time:         1.5177
    dphi time:         0.1377
captured time:        12.8959

     iter/sec:         3.6093
//////////////////////////////////////////////
