 //////////////////////////////////////
 Initializating Rayleigh...

 -- Initalizing MPI...
 ---- Specified parameters:
 ---- NCPU  :     64
 ---- NPROW :      8
 ---- NPCOL :      8
 -- MPI initialized.


 -- Initalizing Grid...
 ---- Specified parameters ----
 ---- N_R                 :    128
 ---- N_THETA             :    384
 ---- Ell_MAX             :    255
 ---- R_MIN               :  5.38462E-01
 ---- R_MAX               :  1.53846E+00
 ---- Chebyshev Domains   :      1

        Domain 1
          Grid points           :  128
          Dealiased Polynomials :  85
          Domain Lower Bound    :  5.38462E-01
          Domain Upper Bound    :  1.53846E+00

 -- Grid initialized.

 -- Initalizing Reference State...
 ---- Specified parameters:
 ---- Reference type           :  Boussinesq (Non-dimensional)
 ---- Rayleigh Number          :  1.00000E+05
 ---- Ekman Number             :  1.00000E-03
 ---- Prandtl Number           :  1.00000E+00
 ---- Magnetic Prandtl Number  :  5.00000E+00
 -- Reference State initialized.

 -- Initializing Fields...
 ---- Specified parameters:
 ---- Hydro Init Type    : Benchmark (Christensen et al. 2001)
 ---- Magnetic Init Type : Benchmark (Christensen et al. 2001)
 -- Fields initialized.

 Initialization Complete.
 //////////////////////////////////////

 Timestep has changed from  0.00000E+00 to  1.00000E-04.
 Iteration:  00000001   DeltaT:  1.000E-04   Iter/sec:  0.000E+00
 Timestep has changed from  1.00000E-04 to  2.55566E-06.
 Iteration:  00000002   DeltaT:  2.556E-06   Iter/sec:  6.169E-01
 Iteration:  00000003   DeltaT:  2.556E-06   Iter/sec:  7.690E-01
 Iteration:  00000004   DeltaT:  2.556E-06   Iter/sec:  8.800E-01
 Iteration:  00000005   DeltaT:  2.556E-06   Iter/sec:  8.759E-01
 Iteration:  00000006   DeltaT:  2.556E-06   Iter/sec:  8.794E-01
 Iteration:  00000007   DeltaT:  2.556E-06   Iter/sec:  8.777E-01
 Iteration:  00000008   DeltaT:  2.556E-06   Iter/sec:  8.778E-01
 Iteration:  00000009   DeltaT:  2.556E-06   Iter/sec:  9.014E-01
 Iteration:  00000010   DeltaT:  2.556E-06   Iter/sec:  8.815E-01
 Iteration:  00000011   DeltaT:  2.556E-06   Iter/sec:  8.784E-01
 Iteration:  00000012   DeltaT:  2.556E-06   Iter/sec:  8.813E-01
 Iteration:  00000013   DeltaT:  2.556E-06   Iter/sec:  8.723E-01
 Iteration:  00000014   DeltaT:  2.556E-06   Iter/sec:  8.987E-01
 Iteration:  00000015   DeltaT:  2.556E-06   Iter/sec:  8.827E-01
 Iteration:  00000016   DeltaT:  2.556E-06   Iter/sec:  8.851E-01
 Iteration:  00000017   DeltaT:  2.556E-06   Iter/sec:  8.721E-01
 Iteration:  00000018   DeltaT:  2.556E-06   Iter/sec:  8.744E-01
 Iteration:  00000019   DeltaT:  2.556E-06   Iter/sec:  8.930E-01
 Iteration:  00000020   DeltaT:  2.556E-06   Iter/sec:  8.598E-01
 Iteration:  00000021   DeltaT:  2.556E-06   Iter/sec:  8.749E-01
 Iteration:  00000022   DeltaT:  2.556E-06   Iter/sec:  8.777E-01
 Iteration:  00000023   DeltaT:  2.556E-06   Iter/sec:  8.708E-01
 Iteration:  00000024   DeltaT:  2.556E-06   Iter/sec:  8.942E-01
 Iteration:  00000025   DeltaT:  2.556E-06   Iter/sec:  8.631E-01
 Iteration:  00000026   DeltaT:  2.556E-06   Iter/sec:  8.903E-01
 Iteration:  00000027   DeltaT:  2.556E-06   Iter/sec:  8.750E-01
 Iteration:  00000028   DeltaT:  2.556E-06   Iter/sec:  8.718E-01
 Iteration:  00000029   DeltaT:  2.556E-06   Iter/sec:  8.862E-01
 Iteration:  00000030   DeltaT:  2.556E-06   Iter/sec:  8.858E-01
 Iteration:  00000031   DeltaT:  2.556E-06   Iter/sec:  8.820E-01
 Iteration:  00000032   DeltaT:  2.556E-06   Iter/sec:  8.635E-01
 Iteration:  00000033   DeltaT:  2.556E-06   Iter/sec:  8.741E-01
 Iteration:  00000034   DeltaT:  2.556E-06   Iter/sec:  8.722E-01
 Iteration:  00000035   DeltaT:  2.556E-06   Iter/sec:  8.678E-01
 Iteration:  00000036   DeltaT:  2.556E-06   Iter/sec:  8.843E-01
 Iteration:  00000037   DeltaT:  2.556E-06   Iter/sec:  8.781E-01
 Iteration:  00000038   DeltaT:  2.556E-06   Iter/sec:  8.839E-01
 Iteration:  00000039   DeltaT:  2.556E-06   Iter/sec:  8.827E-01
 Iteration:  00000040   DeltaT:  2.556E-06   Iter/sec:  8.692E-01
 Iteration:  00000041   DeltaT:  2.556E-06   Iter/sec:  8.887E-01
 Iteration:  00000042   DeltaT:  2.556E-06   Iter/sec:  8.794E-01
 Iteration:  00000043   DeltaT:  2.556E-06   Iter/sec:  8.705E-01
 Iteration:  00000044   DeltaT:  2.556E-06   Iter/sec:  8.698E-01
 Iteration:  00000045   DeltaT:  2.556E-06   Iter/sec:  8.819E-01
 Iteration:  00000046   DeltaT:  2.556E-06   Iter/sec:  8.770E-01
 Iteration:  00000047   DeltaT:  2.556E-06   Iter/sec:  8.620E-01
 Iteration:  00000048   DeltaT:  2.556E-06   Iter/sec:  8.904E-01
 Iteration:  00000049   DeltaT:  2.556E-06   Iter/sec:  8.793E-01
 Iteration:  00000050   DeltaT:  2.556E-06   Iter/sec:  8.614E-01


//////////////////////////////////////////////
   Measured Timings for Process 0  (seconds)

 Elapsed time:        58.1395
  Column time:         5.2118
     Row time:        21.0265
Legendre time:         7.9455
     FFT time:         3.9882
   Solve time:         1.4548
    rlma time:         1.2740
    rlmb time:         0.5670
  pspace time:         7.9327
  psolve time:         6.6851
    dphi time:         0.3168
captured time:        56.4024

     iter/sec:         0.8600
//////////////////////////////////////////////
