 //////////////////////////////////////
 Initializating Rayleigh...

 -- Initalizing MPI...
 ---- Specified parameters:
 ---- NCPU  :    512
 ---- NPROW :     16
 ---- NPCOL :     32
 -- MPI initialized.


 -- Initalizing Grid...
 ---- Specified parameters ----
 ---- N_R                 :     64
 ---- N_THETA             :    192
 ---- Ell_MAX             :    127
 ---- R_MIN               :  5.38462E-01
 ---- R_MAX               :  1.53846E+00
 ---- Chebyshev Domains   :      1

        Domain 1
          Grid points           :  64
          Dealiased Polynomials :  42
          Domain Lower Bound    :  5.38462E-01
          Domain Upper Bound    :  1.53846E+00

 -- Grid initialized.

[SHTns 3.4.5] built Apr 26 2021, 15:32:45, id: avx2,ishioka
        Lmax=127, Mmax*Mres=127, Mres=1, Nlm=8256  [1 threads, orthonormalized]
        => using FFTW : Mmax=127, Nphi=384, Nlat=192  (data layout : phi_inc=192, theta_inc=1, phi_embed=384)
        => using Gauss nodes
        + polar optimization threshold = 1.0e-08
        finding optimal algorithm........
        + SHT accuracy = 4.61e-14
        => SHTns is ready.
 -- Initalizing Reference State...
 ---- Specified parameters:
 ---- Reference type           :  Boussinesq (Non-dimensional)
 ---- Rayleigh Number          :  1.00000E+05
 ---- Ekman Number             :  1.00000E-03
 ---- Prandtl Number           :  1.00000E+00
 ---- Magnetic Prandtl Number  :  5.00000E+00
 -- Reference State initialized.

 -- Initializing Fields...
 ---- Specified parameters:
 ---- Hydro Init Type    : Benchmark (Christensen et al. 2001)
 ---- Magnetic Init Type : Benchmark (Christensen et al. 2001)
 -- Fields initialized.

 Initialization Complete.
 //////////////////////////////////////

 Timestep has changed from  0.00000E+00 to  1.00000E-04.
 Iteration:  00000001   DeltaT:  1.000E-04   Iter/sec:  0.000E+00
 Timestep has changed from  1.00000E-04 to  1.02217E-05.
 Iteration:  00000002   DeltaT:  1.022E-05   Iter/sec:  2.673E-01
 Iteration:  00000003   DeltaT:  1.022E-05   Iter/sec:  5.969E+01
 Iteration:  00000004   DeltaT:  1.022E-05   Iter/sec:  8.197E+01
 Iteration:  00000005   DeltaT:  1.022E-05   Iter/sec:  8.380E+01
 Iteration:  00000006   DeltaT:  1.022E-05   Iter/sec:  9.058E+01
 Iteration:  00000007   DeltaT:  1.022E-05   Iter/sec:  8.295E+01
 Iteration:  00000008   DeltaT:  1.022E-05   Iter/sec:  8.614E+01
 Iteration:  00000009   DeltaT:  1.022E-05   Iter/sec:  9.386E+01
 Iteration:  00000010   DeltaT:  1.022E-05   Iter/sec:  8.248E+01
 Iteration:  00000011   DeltaT:  1.022E-05   Iter/sec:  9.464E+01
 Iteration:  00000012   DeltaT:  1.022E-05   Iter/sec:  8.531E+01
 Iteration:  00000013   DeltaT:  1.022E-05   Iter/sec:  9.547E+01
 Iteration:  00000014   DeltaT:  1.022E-05   Iter/sec:  8.315E+01
 Iteration:  00000015   DeltaT:  1.022E-05   Iter/sec:  8.657E+01
 Iteration:  00000016   DeltaT:  1.022E-05   Iter/sec:  9.055E+01
 Iteration:  00000017   DeltaT:  1.022E-05   Iter/sec:  7.725E+01
 Iteration:  00000018   DeltaT:  1.022E-05   Iter/sec:  8.767E+01
 Iteration:  00000019   DeltaT:  1.022E-05   Iter/sec:  8.704E+01
 Iteration:  00000020   DeltaT:  1.022E-05   Iter/sec:  9.780E+01
 Iteration:  00000021   DeltaT:  1.022E-05   Iter/sec:  9.543E+01
 Iteration:  00000022   DeltaT:  1.022E-05   Iter/sec:  7.339E+01
 Iteration:  00000023   DeltaT:  1.022E-05   Iter/sec:  8.981E+01
 Iteration:  00000024   DeltaT:  1.022E-05   Iter/sec:  7.930E+01
 Iteration:  00000025   DeltaT:  1.022E-05   Iter/sec:  9.437E+01
 Iteration:  00000026   DeltaT:  1.022E-05   Iter/sec:  9.288E+01
 Iteration:  00000027   DeltaT:  1.022E-05   Iter/sec:  8.939E+01
 Iteration:  00000028   DeltaT:  1.022E-05   Iter/sec:  8.520E+01
 Iteration:  00000029   DeltaT:  1.022E-05   Iter/sec:  8.261E+01
 Iteration:  00000030   DeltaT:  1.022E-05   Iter/sec:  9.218E+01
 Iteration:  00000031   DeltaT:  1.022E-05   Iter/sec:  9.169E+01
 Iteration:  00000032   DeltaT:  1.022E-05   Iter/sec:  9.183E+01
 Iteration:  00000033   DeltaT:  1.022E-05   Iter/sec:  9.455E+01
 Iteration:  00000034   DeltaT:  1.022E-05   Iter/sec:  8.012E+01
 Iteration:  00000035   DeltaT:  1.022E-05   Iter/sec:  8.323E+01
 Iteration:  00000036   DeltaT:  1.022E-05   Iter/sec:  9.720E+01
 Iteration:  00000037   DeltaT:  1.022E-05   Iter/sec:  9.107E+01
 Iteration:  00000038   DeltaT:  1.022E-05   Iter/sec:  9.323E+01
 Iteration:  00000039   DeltaT:  1.022E-05   Iter/sec:  7.341E+01
 Iteration:  00000040   DeltaT:  1.022E-05   Iter/sec:  9.564E+01
 Iteration:  00000041   DeltaT:  1.022E-05   Iter/sec:  9.594E+01
 Iteration:  00000042   DeltaT:  1.022E-05   Iter/sec:  9.539E+01
 Iteration:  00000043   DeltaT:  1.022E-05   Iter/sec:  9.485E+01
 Iteration:  00000044   DeltaT:  1.022E-05   Iter/sec:  8.989E+01
 Iteration:  00000045   DeltaT:  1.022E-05   Iter/sec:  8.875E+01
 Iteration:  00000046   DeltaT:  1.022E-05   Iter/sec:  9.206E+01
 Iteration:  00000047   DeltaT:  1.022E-05   Iter/sec:  8.303E+01
 Iteration:  00000048   DeltaT:  1.022E-05   Iter/sec:  9.569E+01
 Iteration:  00000049   DeltaT:  1.022E-05   Iter/sec:  6.665E+01
 Iteration:  00000050   DeltaT:  1.022E-05   Iter/sec:  9.517E+01


//////////////////////////////////////////////
   Measured Timings for Process 0  (seconds)

 Elapsed time:         3.4060
  Column time:         0.1885
     Row time:         0.1652
Legendre time:         0.0372
     FFT time:         0.0362
   Solve time:         0.0445
    rlma time:         0.0156
    rlmb time:         0.0061
  pspace time:         0.0240
  psolve time:         0.0544
    dphi time:         0.0031
captured time:         0.5748

     iter/sec:        14.6801
//////////////////////////////////////////////
