 //////////////////////////////////////
 Initializating Rayleigh...

 -- Initalizing MPI...
 ---- Specified parameters:
 ---- NCPU  :   1024
 ---- NPROW :     64
 ---- NPCOL :     16
 -- MPI initialized.


 -- Initalizing Grid...
 ---- Specified parameters ----
 ---- N_R                 :    128
 ---- N_THETA             :    768
 ---- Ell_MAX             :    511
 ---- R_MIN               :  5.38462E-01
 ---- R_MAX               :  1.53846E+00
 ---- Chebyshev Domains   :      1

        Domain 1
          Grid points           :  128
          Dealiased Polynomials :  85
          Domain Lower Bound    :  5.38462E-01
          Domain Upper Bound    :  1.53846E+00

 -- Grid initialized.

[SHTns 3.4.5] built Apr 26 2021, 15:32:45, id: avx2,ishioka
        Lmax=511, Mmax*Mres=511, Mres=1, Nlm=131328  [1 threads, orthonormalized]
        => using FFTW : Mmax=511, Nphi=1536, Nlat=768  (data layout : phi_inc=768, theta_inc=1, phi_embed=1536)
        => using Gauss nodes
        + polar optimization threshold = 1.0e-08
        finding optimal algorithm........
        + SHT accuracy = 4.03e-13
        => SHTns is ready.
 -- Initalizing Reference State...
 ---- Specified parameters:
 ---- Reference type           :  Boussinesq (Non-dimensional)
 ---- Rayleigh Number          :  1.00000E+05
 ---- Ekman Number             :  1.00000E-03
 ---- Prandtl Number           :  1.00000E+00
 ---- Magnetic Prandtl Number  :  5.00000E+00
 -- Reference State initialized.

 -- Initializing Fields...
 ---- Specified parameters:
 ---- Hydro Init Type    : Benchmark (Christensen et al. 2001)
 ---- Magnetic Init Type : Benchmark (Christensen et al. 2001)
 -- Fields initialized.

 Initialization Complete.
 //////////////////////////////////////

 Timestep has changed from  0.00000E+00 to  1.00000E-04.
 Iteration:  00000001   DeltaT:  1.000E-04   Iter/sec:  0.000E+00
 Timestep has changed from  1.00000E-04 to  2.55562E-06.
 Iteration:  00000002   DeltaT:  2.556E-06   Iter/sec:  1.348E-01
 Iteration:  00000003   DeltaT:  2.556E-06   Iter/sec:  1.768E+00
 Iteration:  00000004   DeltaT:  2.556E-06   Iter/sec:  2.371E+00
 Iteration:  00000005   DeltaT:  2.556E-06   Iter/sec:  2.160E+00
 Iteration:  00000006   DeltaT:  2.556E-06   Iter/sec:  2.527E+00
 Iteration:  00000007   DeltaT:  2.556E-06   Iter/sec:  2.213E+00
 Iteration:  00000008   DeltaT:  2.556E-06   Iter/sec:  2.313E+00
 Iteration:  00000009   DeltaT:  2.556E-06   Iter/sec:  2.281E+00
 Iteration:  00000010   DeltaT:  2.556E-06   Iter/sec:  2.471E+00
 Iteration:  00000011   DeltaT:  2.556E-06   Iter/sec:  2.273E+00
 Iteration:  00000012   DeltaT:  2.556E-06   Iter/sec:  2.392E+00
 Iteration:  00000013   DeltaT:  2.556E-06   Iter/sec:  2.448E+00
 Iteration:  00000014   DeltaT:  2.556E-06   Iter/sec:  2.199E+00
 Iteration:  00000015   DeltaT:  2.556E-06   Iter/sec:  2.689E+00
 Iteration:  00000016   DeltaT:  2.556E-06   Iter/sec:  2.282E+00
 Iteration:  00000017   DeltaT:  2.556E-06   Iter/sec:  2.108E+00
 Iteration:  00000018   DeltaT:  2.556E-06   Iter/sec:  2.535E+00
 Iteration:  00000019   DeltaT:  2.556E-06   Iter/sec:  2.270E+00
 Iteration:  00000020   DeltaT:  2.556E-06   Iter/sec:  2.488E+00
 Iteration:  00000021   DeltaT:  2.556E-06   Iter/sec:  2.498E+00
 Iteration:  00000022   DeltaT:  2.556E-06   Iter/sec:  2.069E+00
 Iteration:  00000023   DeltaT:  2.556E-06   Iter/sec:  2.399E+00
 Iteration:  00000024   DeltaT:  2.556E-06   Iter/sec:  2.673E+00
 Iteration:  00000025   DeltaT:  2.556E-06   Iter/sec:  2.165E+00
 Iteration:  00000026   DeltaT:  2.556E-06   Iter/sec:  2.315E+00
 Iteration:  00000027   DeltaT:  2.556E-06   Iter/sec:  2.694E+00
 Iteration:  00000028   DeltaT:  2.556E-06   Iter/sec:  2.085E+00
 Iteration:  00000029   DeltaT:  2.556E-06   Iter/sec:  2.349E+00
 Iteration:  00000030   DeltaT:  2.556E-06   Iter/sec:  2.708E+00
 Iteration:  00000031   DeltaT:  2.556E-06   Iter/sec:  2.328E+00
 Iteration:  00000032   DeltaT:  2.556E-06   Iter/sec:  2.444E+00
 Iteration:  00000033   DeltaT:  2.556E-06   Iter/sec:  2.780E+00
 Iteration:  00000034   DeltaT:  2.556E-06   Iter/sec:  2.632E+00
 Iteration:  00000035   DeltaT:  2.556E-06   Iter/sec:  2.176E+00
 Iteration:  00000036   DeltaT:  2.556E-06   Iter/sec:  2.984E+00
 Iteration:  00000037   DeltaT:  2.556E-06   Iter/sec:  2.265E+00
 Iteration:  00000038   DeltaT:  2.556E-06   Iter/sec:  2.465E+00
 Iteration:  00000039   DeltaT:  2.556E-06   Iter/sec:  2.438E+00
 Iteration:  00000040   DeltaT:  2.556E-06   Iter/sec:  2.069E+00
 Iteration:  00000041   DeltaT:  2.556E-06   Iter/sec:  2.413E+00
 Iteration:  00000042   DeltaT:  2.556E-06   Iter/sec:  2.328E+00
 Iteration:  00000043   DeltaT:  2.556E-06   Iter/sec:  2.216E+00
 Iteration:  00000044   DeltaT:  2.556E-06   Iter/sec:  2.422E+00
 Iteration:  00000045   DeltaT:  2.556E-06   Iter/sec:  2.385E+00
 Iteration:  00000046   DeltaT:  2.556E-06   Iter/sec:  2.082E+00
 Iteration:  00000047   DeltaT:  2.556E-06   Iter/sec:  2.476E+00
 Iteration:  00000048   DeltaT:  2.556E-06   Iter/sec:  2.335E+00
 Iteration:  00000049   DeltaT:  2.556E-06   Iter/sec:  2.226E+00
 Iteration:  00000050   DeltaT:  2.556E-06   Iter/sec:  2.699E+00


//////////////////////////////////////////////
   Measured Timings for Process 0  (seconds)

 Elapsed time:        26.7499
  Column time:         6.5206
     Row time:         7.3589
Legendre time:         1.7587
     FFT time:         0.9615
   Solve time:         0.7249
    rlma time:         0.1677
    rlmb time:         0.0742
  pspace time:         2.0180
  psolve time:         1.6268
    dphi time:         0.1061
captured time:        21.3174

     iter/sec:         1.8692
//////////////////////////////////////////////
