 //////////////////////////////////////
 Initializating Rayleigh...

 -- Initalizing MPI...
 ---- Specified parameters:
 ---- NCPU  :    256
 ---- NPROW :      8
 ---- NPCOL :     32
 -- MPI initialized.


 -- Initalizing Grid...
 ---- Specified parameters ----
 ---- N_R                 :     64
 ---- N_THETA             :    768
 ---- Ell_MAX             :    511
 ---- R_MIN               :  5.38462E-01
 ---- R_MAX               :  1.53846E+00
 ---- Chebyshev Domains   :      1

        Domain 1
          Grid points           :  64
          Dealiased Polynomials :  42
          Domain Lower Bound    :  5.38462E-01
          Domain Upper Bound    :  1.53846E+00

 -- Grid initialized.

 -- Initalizing Reference State...
 ---- Specified parameters:
 ---- Reference type           :  Boussinesq (Non-dimensional)
 ---- Rayleigh Number          :  1.00000E+05
 ---- Ekman Number             :  1.00000E-03
 ---- Prandtl Number           :  1.00000E+00
 ---- Magnetic Prandtl Number  :  5.00000E+00
 -- Reference State initialized.

 -- Initializing Fields...
 ---- Specified parameters:
 ---- Hydro Init Type    : Benchmark (Christensen et al. 2001)
 ---- Magnetic Init Type : Benchmark (Christensen et al. 2001)
 -- Fields initialized.

 Initialization Complete.
 //////////////////////////////////////

 Timestep has changed from  0.00000E+00 to  1.00000E-04.
 Iteration:  00000001   DeltaT:  1.000E-04   Iter/sec:  0.000E+00
 Timestep has changed from  1.00000E-04 to  8.93257E-06.
 Iteration:  00000002   DeltaT:  8.933E-06   Iter/sec:  4.213E-01
 Iteration:  00000003   DeltaT:  8.933E-06   Iter/sec:  1.557E+00
 Iteration:  00000004   DeltaT:  8.933E-06   Iter/sec:  1.627E+00
 Iteration:  00000005   DeltaT:  8.933E-06   Iter/sec:  1.580E+00
 Iteration:  00000006   DeltaT:  8.933E-06   Iter/sec:  1.622E+00
 Iteration:  00000007   DeltaT:  8.933E-06   Iter/sec:  1.605E+00
 Iteration:  00000008   DeltaT:  8.933E-06   Iter/sec:  1.600E+00
 Iteration:  00000009   DeltaT:  8.933E-06   Iter/sec:  1.659E+00
 Iteration:  00000010   DeltaT:  8.933E-06   Iter/sec:  1.579E+00
 Iteration:  00000011   DeltaT:  8.933E-06   Iter/sec:  1.653E+00
 Iteration:  00000012   DeltaT:  8.933E-06   Iter/sec:  1.656E+00
 Iteration:  00000013   DeltaT:  8.933E-06   Iter/sec:  1.617E+00
 Iteration:  00000014   DeltaT:  8.933E-06   Iter/sec:  1.607E+00
 Iteration:  00000015   DeltaT:  8.933E-06   Iter/sec:  1.596E+00
 Iteration:  00000016   DeltaT:  8.933E-06   Iter/sec:  1.637E+00
 Iteration:  00000017   DeltaT:  8.933E-06   Iter/sec:  1.587E+00
 Iteration:  00000018   DeltaT:  8.933E-06   Iter/sec:  1.655E+00
 Iteration:  00000019   DeltaT:  8.933E-06   Iter/sec:  1.609E+00
 Iteration:  00000020   DeltaT:  8.933E-06   Iter/sec:  1.630E+00
 Iteration:  00000021   DeltaT:  8.933E-06   Iter/sec:  1.591E+00
 Iteration:  00000022   DeltaT:  8.933E-06   Iter/sec:  1.654E+00
 Iteration:  00000023   DeltaT:  8.933E-06   Iter/sec:  1.634E+00
 Iteration:  00000024   DeltaT:  8.933E-06   Iter/sec:  1.588E+00
 Iteration:  00000025   DeltaT:  8.933E-06   Iter/sec:  1.623E+00
 Iteration:  00000026   DeltaT:  8.933E-06   Iter/sec:  1.600E+00
 Iteration:  00000027   DeltaT:  8.933E-06   Iter/sec:  1.618E+00
 Iteration:  00000028   DeltaT:  8.933E-06   Iter/sec:  1.599E+00
 Iteration:  00000029   DeltaT:  8.933E-06   Iter/sec:  1.605E+00
 Iteration:  00000030   DeltaT:  8.933E-06   Iter/sec:  1.617E+00
 Iteration:  00000031   DeltaT:  8.933E-06   Iter/sec:  1.613E+00
 Iteration:  00000032   DeltaT:  8.933E-06   Iter/sec:  1.640E+00
 Iteration:  00000033   DeltaT:  8.933E-06   Iter/sec:  1.612E+00
 Iteration:  00000034   DeltaT:  8.933E-06   Iter/sec:  1.634E+00
 Iteration:  00000035   DeltaT:  8.933E-06   Iter/sec:  1.596E+00
 Iteration:  00000036   DeltaT:  8.933E-06   Iter/sec:  1.648E+00
 Iteration:  00000037   DeltaT:  8.933E-06   Iter/sec:  1.629E+00
 Iteration:  00000038   DeltaT:  8.933E-06   Iter/sec:  1.637E+00
 Iteration:  00000039   DeltaT:  8.933E-06   Iter/sec:  1.607E+00
 Iteration:  00000040   DeltaT:  8.933E-06   Iter/sec:  1.602E+00
 Iteration:  00000041   DeltaT:  8.933E-06   Iter/sec:  1.676E+00
 Iteration:  00000042   DeltaT:  8.933E-06   Iter/sec:  1.620E+00
 Iteration:  00000043   DeltaT:  8.933E-06   Iter/sec:  1.588E+00
 Iteration:  00000044   DeltaT:  8.933E-06   Iter/sec:  1.643E+00
 Iteration:  00000045   DeltaT:  8.933E-06   Iter/sec:  1.609E+00
 Iteration:  00000046   DeltaT:  8.933E-06   Iter/sec:  1.617E+00
 Iteration:  00000047   DeltaT:  8.933E-06   Iter/sec:  1.608E+00
 Iteration:  00000048   DeltaT:  8.933E-06   Iter/sec:  1.614E+00
 Iteration:  00000049   DeltaT:  8.933E-06   Iter/sec:  1.595E+00
 Iteration:  00000050   DeltaT:  8.933E-06   Iter/sec:  1.586E+00


//////////////////////////////////////////////
   Measured Timings for Process 0  (seconds)

 Elapsed time:        31.7049
  Column time:         5.4114
     Row time:        10.9010
Legendre time:         4.4181
     FFT time:         1.9148
   Solve time:         0.3426
    rlma time:         0.4306
    rlmb time:         0.2453
  pspace time:         4.2217
  psolve time:         2.6494
    dphi time:         0.1966
captured time:        30.7314

     iter/sec:         1.5770
//////////////////////////////////////////////
