 //////////////////////////////////////
 Initializating Rayleigh...

 -- Initalizing MPI...
 ---- Specified parameters:
 ---- NCPU  :   1024
 ---- NPROW :     16
 ---- NPCOL :     64
 -- MPI initialized.


 -- Initalizing Grid...
 ---- Specified parameters ----
 ---- N_R                 :     64
 ---- N_THETA             :    384
 ---- Ell_MAX             :    255
 ---- R_MIN               :  5.38462E-01
 ---- R_MAX               :  1.53846E+00
 ---- Chebyshev Domains   :      1

        Domain 1
          Grid points           :  64
          Dealiased Polynomials :  42
          Domain Lower Bound    :  5.38462E-01
          Domain Upper Bound    :  1.53846E+00

 -- Grid initialized.

[SHTns 3.4.5] built Apr 26 2021, 15:32:45, id: avx2,ishioka
        Lmax=255, Mmax*Mres=255, Mres=1, Nlm=32896  [1 threads, orthonormalized]
        => using FFTW : Mmax=255, Nphi=768, Nlat=384  (data layout : phi_inc=384, theta_inc=1, phi_embed=768)
        => using Gauss nodes
        + polar optimization threshold = 1.0e-08
        finding optimal algorithm..........
        + SHT accuracy = 1.73e-12
        => SHTns is ready.
 -- Initalizing Reference State...
 ---- Specified parameters:
 ---- Reference type           :  Boussinesq (Non-dimensional)
 ---- Rayleigh Number          :  1.00000E+05
 ---- Ekman Number             :  1.00000E-03
 ---- Prandtl Number           :  1.00000E+00
 ---- Magnetic Prandtl Number  :  5.00000E+00
 -- Reference State initialized.

 -- Initializing Fields...
 ---- Specified parameters:
 ---- Hydro Init Type    : Benchmark (Christensen et al. 2001)
 ---- Magnetic Init Type : Benchmark (Christensen et al. 2001)
 -- Fields initialized.

 Initialization Complete.
 //////////////////////////////////////

 Timestep has changed from  0.00000E+00 to  1.00000E-04.
 Iteration:  00000001   DeltaT:  1.000E-04   Iter/sec:  0.000E+00
 Timestep has changed from  1.00000E-04 to  1.02211E-05.
 Iteration:  00000002   DeltaT:  1.022E-05   Iter/sec:  2.316E-01
 Iteration:  00000003   DeltaT:  1.022E-05   Iter/sec:  2.783E+01
 Iteration:  00000004   DeltaT:  1.022E-05   Iter/sec:  3.389E+01
 Iteration:  00000005   DeltaT:  1.022E-05   Iter/sec:  3.612E+01
 Iteration:  00000006   DeltaT:  1.022E-05   Iter/sec:  2.126E+01
 Iteration:  00000007   DeltaT:  1.022E-05   Iter/sec:  2.231E+01
 Iteration:  00000008   DeltaT:  1.022E-05   Iter/sec:  3.642E+01
 Iteration:  00000009   DeltaT:  1.022E-05   Iter/sec:  3.604E+01
 Iteration:  00000010   DeltaT:  1.022E-05   Iter/sec:  9.364E+00
 Iteration:  00000011   DeltaT:  1.022E-05   Iter/sec:  2.663E+01
 Iteration:  00000012   DeltaT:  1.022E-05   Iter/sec:  3.724E+01
 Iteration:  00000013   DeltaT:  1.022E-05   Iter/sec:  3.591E+01
 Iteration:  00000014   DeltaT:  1.022E-05   Iter/sec:  3.451E+01
 Iteration:  00000015   DeltaT:  1.022E-05   Iter/sec:  3.688E+01
 Iteration:  00000016   DeltaT:  1.022E-05   Iter/sec:  3.361E+01
 Iteration:  00000017   DeltaT:  1.022E-05   Iter/sec:  3.613E+01
 Iteration:  00000018   DeltaT:  1.022E-05   Iter/sec:  3.468E+01
 Iteration:  00000019   DeltaT:  1.022E-05   Iter/sec:  3.558E+01
 Iteration:  00000020   DeltaT:  1.022E-05   Iter/sec:  3.723E+01
 Iteration:  00000021   DeltaT:  1.022E-05   Iter/sec:  3.538E+01
 Iteration:  00000022   DeltaT:  1.022E-05   Iter/sec:  3.751E+01
 Iteration:  00000023   DeltaT:  1.022E-05   Iter/sec:  3.731E+01
 Iteration:  00000024   DeltaT:  1.022E-05   Iter/sec:  3.793E+01
 Iteration:  00000025   DeltaT:  1.022E-05   Iter/sec:  2.194E+01
 Iteration:  00000026   DeltaT:  1.022E-05   Iter/sec:  2.230E+01
 Iteration:  00000027   DeltaT:  1.022E-05   Iter/sec:  3.490E+01
 Iteration:  00000028   DeltaT:  1.022E-05   Iter/sec:  1.446E+01
 Iteration:  00000029   DeltaT:  1.022E-05   Iter/sec:  1.439E+01
 Iteration:  00000030   DeltaT:  1.022E-05   Iter/sec:  3.252E+01
 Iteration:  00000031   DeltaT:  1.022E-05   Iter/sec:  3.738E+01
 Iteration:  00000032   DeltaT:  1.022E-05   Iter/sec:  3.630E+01
 Iteration:  00000033   DeltaT:  1.022E-05   Iter/sec:  3.659E+01
 Iteration:  00000034   DeltaT:  1.022E-05   Iter/sec:  3.550E+01
 Iteration:  00000035   DeltaT:  1.022E-05   Iter/sec:  3.727E+01
 Iteration:  00000036   DeltaT:  1.022E-05   Iter/sec:  3.536E+01
 Iteration:  00000037   DeltaT:  1.022E-05   Iter/sec:  3.653E+01
 Iteration:  00000038   DeltaT:  1.022E-05   Iter/sec:  3.650E+01
 Iteration:  00000039   DeltaT:  1.022E-05   Iter/sec:  3.629E+01
 Iteration:  00000040   DeltaT:  1.022E-05   Iter/sec:  3.755E+01
 Iteration:  00000041   DeltaT:  1.022E-05   Iter/sec:  3.533E+01
 Iteration:  00000042   DeltaT:  1.022E-05   Iter/sec:  3.409E+01
 Iteration:  00000043   DeltaT:  1.022E-05   Iter/sec:  3.483E+01
 Iteration:  00000044   DeltaT:  1.022E-05   Iter/sec:  1.808E+01
 Iteration:  00000045   DeltaT:  1.022E-05   Iter/sec:  2.740E+01
 Iteration:  00000046   DeltaT:  1.022E-05   Iter/sec:  3.744E+01
 Iteration:  00000047   DeltaT:  1.022E-05   Iter/sec:  1.268E+01
 Iteration:  00000048   DeltaT:  1.022E-05   Iter/sec:  1.847E+01
 Iteration:  00000049   DeltaT:  1.022E-05   Iter/sec:  2.965E+01
 Iteration:  00000050   DeltaT:  1.022E-05   Iter/sec:  3.752E+01


//////////////////////////////////////////////
   Measured Timings for Process 0  (seconds)

 Elapsed time:         2.9033
  Column time:         0.8167
     Row time:         0.4237
Legendre time:         0.1127
     FFT time:         0.0969
   Solve time:         0.0541
    rlma time:         0.0335
    rlmb time:         0.0139
  pspace time:         0.1076
  psolve time:         0.0937
    dphi time:         0.0104
captured time:         1.7633

     iter/sec:        17.2220
//////////////////////////////////////////////
