 //////////////////////////////////////
 Initializating Rayleigh...

 -- Initalizing MPI...
 ---- Specified parameters:
 ---- NCPU  :   2048
 ---- NPROW :     32
 ---- NPCOL :     64
 -- MPI initialized.


 -- Initalizing Grid...
 ---- Specified parameters ----
 ---- N_R                 :     64
 ---- N_THETA             :    384
 ---- Ell_MAX             :    255
 ---- R_MIN               :  5.38462E-01
 ---- R_MAX               :  1.53846E+00
 ---- Chebyshev Domains   :      1

        Domain 1
          Grid points           :  64
          Dealiased Polynomials :  42
          Domain Lower Bound    :  5.38462E-01
          Domain Upper Bound    :  1.53846E+00

 -- Grid initialized.

 -- Initalizing Reference State...
 ---- Specified parameters:
 ---- Reference type           :  Boussinesq (Non-dimensional)
 ---- Rayleigh Number          :  1.00000E+05
 ---- Ekman Number             :  1.00000E-03
 ---- Prandtl Number           :  1.00000E+00
 ---- Magnetic Prandtl Number  :  5.00000E+00
 -- Reference State initialized.

 -- Initializing Fields...
 ---- Specified parameters:
 ---- Hydro Init Type    : Benchmark (Christensen et al. 2001)
 ---- Magnetic Init Type : Benchmark (Christensen et al. 2001)
 -- Fields initialized.

 Initialization Complete.
 //////////////////////////////////////

 Timestep has changed from  0.00000E+00 to  1.00000E-04.
 Iteration:  00000001   DeltaT:  1.000E-04   Iter/sec:  0.000E+00
 Timestep has changed from  1.00000E-04 to  1.02211E-05.
 Iteration:  00000002   DeltaT:  1.022E-05   Iter/sec:  2.483E+00
 Iteration:  00000003   DeltaT:  1.022E-05   Iter/sec:  4.789E+01
 Iteration:  00000004   DeltaT:  1.022E-05   Iter/sec:  5.614E+01
 Iteration:  00000005   DeltaT:  1.022E-05   Iter/sec:  4.665E+01
 Iteration:  00000006   DeltaT:  1.022E-05   Iter/sec:  5.666E+01
 Iteration:  00000007   DeltaT:  1.022E-05   Iter/sec:  4.347E+01
 Iteration:  00000008   DeltaT:  1.022E-05   Iter/sec:  5.047E+01
 Iteration:  00000009   DeltaT:  1.022E-05   Iter/sec:  5.816E+01
 Iteration:  00000010   DeltaT:  1.022E-05   Iter/sec:  4.513E+01
 Iteration:  00000011   DeltaT:  1.022E-05   Iter/sec:  2.346E+01
 Iteration:  00000012   DeltaT:  1.022E-05   Iter/sec:  5.425E+01
 Iteration:  00000013   DeltaT:  1.022E-05   Iter/sec:  5.768E+01
 Iteration:  00000014   DeltaT:  1.022E-05   Iter/sec:  5.589E+01
 Iteration:  00000015   DeltaT:  1.022E-05   Iter/sec:  5.446E+01
 Iteration:  00000016   DeltaT:  1.022E-05   Iter/sec:  5.795E+01
 Iteration:  00000017   DeltaT:  1.022E-05   Iter/sec:  5.284E+01
 Iteration:  00000018   DeltaT:  1.022E-05   Iter/sec:  5.805E+01
 Iteration:  00000019   DeltaT:  1.022E-05   Iter/sec:  5.888E+01
 Iteration:  00000020   DeltaT:  1.022E-05   Iter/sec:  4.284E+01
 Iteration:  00000021   DeltaT:  1.022E-05   Iter/sec:  2.814E+01
 Iteration:  00000022   DeltaT:  1.022E-05   Iter/sec:  3.471E+01
 Iteration:  00000023   DeltaT:  1.022E-05   Iter/sec:  5.473E+01
 Iteration:  00000024   DeltaT:  1.022E-05   Iter/sec:  5.768E+01
 Iteration:  00000025   DeltaT:  1.022E-05   Iter/sec:  5.549E+01
 Iteration:  00000026   DeltaT:  1.022E-05   Iter/sec:  1.316E+01
 Iteration:  00000027   DeltaT:  1.022E-05   Iter/sec:  1.877E+01
 Iteration:  00000028   DeltaT:  1.022E-05   Iter/sec:  6.075E+01
 Iteration:  00000029   DeltaT:  1.022E-05   Iter/sec:  5.711E+01
 Iteration:  00000030   DeltaT:  1.022E-05   Iter/sec:  5.618E+01
 Iteration:  00000031   DeltaT:  1.022E-05   Iter/sec:  5.186E+01
 Iteration:  00000032   DeltaT:  1.022E-05   Iter/sec:  5.717E+01
 Iteration:  00000033   DeltaT:  1.022E-05   Iter/sec:  5.613E+01
 Iteration:  00000034   DeltaT:  1.022E-05   Iter/sec:  5.249E+01
 Iteration:  00000035   DeltaT:  1.022E-05   Iter/sec:  5.400E+01
 Iteration:  00000036   DeltaT:  1.022E-05   Iter/sec:  5.666E+01
 Iteration:  00000037   DeltaT:  1.022E-05   Iter/sec:  5.468E+01
 Iteration:  00000038   DeltaT:  1.022E-05   Iter/sec:  5.578E+01
 Iteration:  00000039   DeltaT:  1.022E-05   Iter/sec:  5.613E+01
 Iteration:  00000040   DeltaT:  1.022E-05   Iter/sec:  5.482E+01
 Iteration:  00000041   DeltaT:  1.022E-05   Iter/sec:  5.254E+01
 Iteration:  00000042   DeltaT:  1.022E-05   Iter/sec:  5.751E+01
 Iteration:  00000043   DeltaT:  1.022E-05   Iter/sec:  5.203E+01
 Iteration:  00000044   DeltaT:  1.022E-05   Iter/sec:  5.347E+01
 Iteration:  00000045   DeltaT:  1.022E-05   Iter/sec:  5.402E+01
 Iteration:  00000046   DeltaT:  1.022E-05   Iter/sec:  5.636E+01
 Iteration:  00000047   DeltaT:  1.022E-05   Iter/sec:  5.498E+01
 Iteration:  00000048   DeltaT:  1.022E-05   Iter/sec:  2.608E+01
 Iteration:  00000049   DeltaT:  1.022E-05   Iter/sec:  2.114E+01
 Iteration:  00000050   DeltaT:  1.022E-05   Iter/sec:  5.480E+01


//////////////////////////////////////////////
   Measured Timings for Process 0  (seconds)

 Elapsed time:         2.5447
  Column time:         0.6231
     Row time:         0.3455
Legendre time:         0.0877
     FFT time:         0.0387
   Solve time:         0.0371
    rlma time:         0.0174
    rlmb time:         0.0076
  pspace time:         0.0215
  psolve time:         0.0525
    dphi time:         0.0039
captured time:         1.2351

     iter/sec:        19.6483
//////////////////////////////////////////////
