 //////////////////////////////////////
 Initializating Rayleigh...

 -- Initalizing MPI...
 ---- Specified parameters:
 ---- NCPU  :   1024
 ---- NPROW :     32
 ---- NPCOL :     32
 -- MPI initialized.


 -- Initalizing Grid...
 ---- Specified parameters ----
 ---- N_R                 :    128
 ---- N_THETA             :    192
 ---- Ell_MAX             :    127
 ---- R_MIN               :  5.38462E-01
 ---- R_MAX               :  1.53846E+00
 ---- Chebyshev Domains   :      1

        Domain 1
          Grid points           :  128
          Dealiased Polynomials :  85
          Domain Lower Bound    :  5.38462E-01
          Domain Upper Bound    :  1.53846E+00

 -- Grid initialized.

[SHTns 3.4.5] built Apr 26 2021, 15:32:45, id: avx2,ishioka
        Lmax=127, Mmax*Mres=127, Mres=1, Nlm=8256  [1 threads, orthonormalized]
        => using FFTW : Mmax=127, Nphi=384, Nlat=192  (data layout : phi_inc=192, theta_inc=1, phi_embed=384)
        => using Gauss nodes
        + polar optimization threshold = 1.0e-08
        finding optimal algorithm........
        + SHT accuracy = 5.84e-14
        => SHTns is ready.
 -- Initalizing Reference State...
 ---- Specified parameters:
 ---- Reference type           :  Boussinesq (Non-dimensional)
 ---- Rayleigh Number          :  1.00000E+05
 ---- Ekman Number             :  1.00000E-03
 ---- Prandtl Number           :  1.00000E+00
 ---- Magnetic Prandtl Number  :  5.00000E+00
 -- Reference State initialized.

 -- Initializing Fields...
 ---- Specified parameters:
 ---- Hydro Init Type    : Benchmark (Christensen et al. 2001)
 ---- Magnetic Init Type : Benchmark (Christensen et al. 2001)
 -- Fields initialized.

 Initialization Complete.
 //////////////////////////////////////

 Timestep has changed from  0.00000E+00 to  1.00000E-04.
 Iteration:  00000001   DeltaT:  1.000E-04   Iter/sec:  0.000E+00
 Timestep has changed from  1.00000E-04 to  2.55581E-06.
 Iteration:  00000002   DeltaT:  2.556E-06   Iter/sec:  2.648E-01
 Iteration:  00000003   DeltaT:  2.556E-06   Iter/sec:  2.375E+01
 Iteration:  00000004   DeltaT:  2.556E-06   Iter/sec:  3.931E+01
 Iteration:  00000005   DeltaT:  2.556E-06   Iter/sec:  2.361E+01
 Iteration:  00000006   DeltaT:  2.556E-06   Iter/sec:  5.931E+01
 Iteration:  00000007   DeltaT:  2.556E-06   Iter/sec:  6.234E+01
 Iteration:  00000008   DeltaT:  2.556E-06   Iter/sec:  5.823E+01
 Iteration:  00000009   DeltaT:  2.556E-06   Iter/sec:  6.765E+01
 Iteration:  00000010   DeltaT:  2.556E-06   Iter/sec:  6.683E+01
 Iteration:  00000011   DeltaT:  2.556E-06   Iter/sec:  1.896E+01
 Iteration:  00000012   DeltaT:  2.556E-06   Iter/sec:  2.631E+01
 Iteration:  00000013   DeltaT:  2.556E-06   Iter/sec:  2.517E+01
 Iteration:  00000014   DeltaT:  2.556E-06   Iter/sec:  5.399E+01
 Iteration:  00000015   DeltaT:  2.556E-06   Iter/sec:  6.648E+01
 Iteration:  00000016   DeltaT:  2.556E-06   Iter/sec:  6.931E+01
 Iteration:  00000017   DeltaT:  2.556E-06   Iter/sec:  6.105E+01
 Iteration:  00000018   DeltaT:  2.556E-06   Iter/sec:  6.430E+01
 Iteration:  00000019   DeltaT:  2.556E-06   Iter/sec:  6.590E+01
 Iteration:  00000020   DeltaT:  2.556E-06   Iter/sec:  7.094E+01
 Iteration:  00000021   DeltaT:  2.556E-06   Iter/sec:  6.920E+01
 Iteration:  00000022   DeltaT:  2.556E-06   Iter/sec:  6.855E+01
 Iteration:  00000023   DeltaT:  2.556E-06   Iter/sec:  6.555E+01
 Iteration:  00000024   DeltaT:  2.556E-06   Iter/sec:  6.843E+01
 Iteration:  00000025   DeltaT:  2.556E-06   Iter/sec:  6.988E+01
 Iteration:  00000026   DeltaT:  2.556E-06   Iter/sec:  7.033E+01
 Iteration:  00000027   DeltaT:  2.556E-06   Iter/sec:  6.311E+01
 Iteration:  00000028   DeltaT:  2.556E-06   Iter/sec:  6.876E+01
 Iteration:  00000029   DeltaT:  2.556E-06   Iter/sec:  6.478E+01
 Iteration:  00000030   DeltaT:  2.556E-06   Iter/sec:  7.124E+01
 Iteration:  00000031   DeltaT:  2.556E-06   Iter/sec:  6.479E+01
 Iteration:  00000032   DeltaT:  2.556E-06   Iter/sec:  6.573E+01
 Iteration:  00000033   DeltaT:  2.556E-06   Iter/sec:  6.371E+01
 Iteration:  00000034   DeltaT:  2.556E-06   Iter/sec:  7.046E+01
 Iteration:  00000035   DeltaT:  2.556E-06   Iter/sec:  6.491E+01
 Iteration:  00000036   DeltaT:  2.556E-06   Iter/sec:  6.245E+01
 Iteration:  00000037   DeltaT:  2.556E-06   Iter/sec:  6.456E+01
 Iteration:  00000038   DeltaT:  2.556E-06   Iter/sec:  7.217E+01
 Iteration:  00000039   DeltaT:  2.556E-06   Iter/sec:  1.917E+01
 Iteration:  00000040   DeltaT:  2.556E-06   Iter/sec:  4.660E+01
 Iteration:  00000041   DeltaT:  2.556E-06   Iter/sec:  6.907E+01
 Iteration:  00000042   DeltaT:  2.556E-06   Iter/sec:  6.358E+01
 Iteration:  00000043   DeltaT:  2.556E-06   Iter/sec:  7.086E+01
 Iteration:  00000044   DeltaT:  2.556E-06   Iter/sec:  4.920E+01
 Iteration:  00000045   DeltaT:  2.556E-06   Iter/sec:  1.515E+01
 Iteration:  00000046   DeltaT:  2.556E-06   Iter/sec:  1.588E+01
 Iteration:  00000047   DeltaT:  2.556E-06   Iter/sec:  7.232E+01
 Iteration:  00000048   DeltaT:  2.556E-06   Iter/sec:  6.697E+01
 Iteration:  00000049   DeltaT:  2.556E-06   Iter/sec:  7.138E+01
 Iteration:  00000050   DeltaT:  2.556E-06   Iter/sec:  6.878E+01


//////////////////////////////////////////////
   Measured Timings for Process 0  (seconds)

 Elapsed time:         2.9721
  Column time:         0.4960
     Row time:         0.2500
Legendre time:         0.0344
     FFT time:         0.0353
   Solve time:         0.1162
    rlma time:         0.0113
    rlmb time:         0.0051
  pspace time:         0.0235
  psolve time:         0.0987
    dphi time:         0.0032
captured time:         1.0737

     iter/sec:        16.8231
//////////////////////////////////////////////
