 //////////////////////////////////////
 Initializating Rayleigh...

 -- Initalizing MPI...
 ---- Specified parameters:
 ---- NCPU  :    128
 ---- NPROW :      8
 ---- NPCOL :     16
 -- MPI initialized.


 -- Initalizing Grid...
 ---- Specified parameters ----
 ---- N_R                 :    128
 ---- N_THETA             :    768
 ---- Ell_MAX             :    511
 ---- R_MIN               :  5.38462E-01
 ---- R_MAX               :  1.53846E+00
 ---- Chebyshev Domains   :      1

        Domain 1
          Grid points           :  128
          Dealiased Polynomials :  85
          Domain Lower Bound    :  5.38462E-01
          Domain Upper Bound    :  1.53846E+00

 -- Grid initialized.

[SHTns 3.4.5] built Apr 26 2021, 15:32:45, id: avx2,ishioka
        Lmax=511, Mmax*Mres=511, Mres=1, Nlm=131328  [1 threads, orthonormalized]
        => using FFTW : Mmax=511, Nphi=1536, Nlat=768  (data layout : phi_inc=768, theta_inc=1, phi_embed=1536)
        => using Gauss nodes
        + polar optimization threshold = 1.0e-08
        finding optimal algorithm........
        + SHT accuracy = 5.16e-13
        => SHTns is ready.
 -- Initalizing Reference State...
 ---- Specified parameters:
 ---- Reference type           :  Boussinesq (Non-dimensional)
 ---- Rayleigh Number          :  1.00000E+05
 ---- Ekman Number             :  1.00000E-03
 ---- Prandtl Number           :  1.00000E+00
 ---- Magnetic Prandtl Number  :  5.00000E+00
 -- Reference State initialized.

 -- Initializing Fields...
 ---- Specified parameters:
 ---- Hydro Init Type    : Benchmark (Christensen et al. 2001)
 ---- Magnetic Init Type : Benchmark (Christensen et al. 2001)
 -- Fields initialized.

 Initialization Complete.
 //////////////////////////////////////

 Timestep has changed from  0.00000E+00 to  1.00000E-04.
 Iteration:  00000001   DeltaT:  1.000E-04   Iter/sec:  0.000E+00
 Timestep has changed from  1.00000E-04 to  2.55562E-06.
 Iteration:  00000002   DeltaT:  2.556E-06   Iter/sec:  9.742E-02
 Iteration:  00000003   DeltaT:  2.556E-06   Iter/sec:  3.997E-01
 Iteration:  00000004   DeltaT:  2.556E-06   Iter/sec:  4.208E-01
 Iteration:  00000005   DeltaT:  2.556E-06   Iter/sec:  4.200E-01
 Iteration:  00000006   DeltaT:  2.556E-06   Iter/sec:  4.195E-01
 Iteration:  00000007   DeltaT:  2.556E-06   Iter/sec:  4.168E-01
 Iteration:  00000008   DeltaT:  2.556E-06   Iter/sec:  4.191E-01
 Iteration:  00000009   DeltaT:  2.556E-06   Iter/sec:  4.180E-01
 Iteration:  00000010   DeltaT:  2.556E-06   Iter/sec:  4.189E-01
 Iteration:  00000011   DeltaT:  2.556E-06   Iter/sec:  4.174E-01
 Iteration:  00000012   DeltaT:  2.556E-06   Iter/sec:  4.188E-01
 Iteration:  00000013   DeltaT:  2.556E-06   Iter/sec:  4.232E-01
 Iteration:  00000014   DeltaT:  2.556E-06   Iter/sec:  4.194E-01
 Iteration:  00000015   DeltaT:  2.556E-06   Iter/sec:  4.140E-01
 Iteration:  00000016   DeltaT:  2.556E-06   Iter/sec:  4.173E-01
 Iteration:  00000017   DeltaT:  2.556E-06   Iter/sec:  4.208E-01
 Iteration:  00000018   DeltaT:  2.556E-06   Iter/sec:  4.210E-01
 Iteration:  00000019   DeltaT:  2.556E-06   Iter/sec:  4.201E-01
 Iteration:  00000020   DeltaT:  2.556E-06   Iter/sec:  4.257E-01
 Iteration:  00000021   DeltaT:  2.556E-06   Iter/sec:  4.197E-01
 Iteration:  00000022   DeltaT:  2.556E-06   Iter/sec:  4.222E-01
 Iteration:  00000023   DeltaT:  2.556E-06   Iter/sec:  4.181E-01
 Iteration:  00000024   DeltaT:  2.556E-06   Iter/sec:  4.154E-01
 Iteration:  00000025   DeltaT:  2.556E-06   Iter/sec:  4.256E-01
 Iteration:  00000026   DeltaT:  2.556E-06   Iter/sec:  4.203E-01
 Iteration:  00000027   DeltaT:  2.556E-06   Iter/sec:  4.218E-01
 Iteration:  00000028   DeltaT:  2.556E-06   Iter/sec:  4.197E-01
 Iteration:  00000029   DeltaT:  2.556E-06   Iter/sec:  4.176E-01
 Iteration:  00000030   DeltaT:  2.556E-06   Iter/sec:  4.226E-01
 Iteration:  00000031   DeltaT:  2.556E-06   Iter/sec:  4.175E-01
 Iteration:  00000032   DeltaT:  2.556E-06   Iter/sec:  4.212E-01
 Iteration:  00000033   DeltaT:  2.556E-06   Iter/sec:  4.194E-01
 Iteration:  00000034   DeltaT:  2.556E-06   Iter/sec:  4.220E-01
 Iteration:  00000035   DeltaT:  2.556E-06   Iter/sec:  4.221E-01
 Iteration:  00000036   DeltaT:  2.556E-06   Iter/sec:  4.209E-01
 Iteration:  00000037   DeltaT:  2.556E-06   Iter/sec:  4.216E-01
 Iteration:  00000038   DeltaT:  2.556E-06   Iter/sec:  4.237E-01
 Iteration:  00000039   DeltaT:  2.556E-06   Iter/sec:  4.198E-01
 Iteration:  00000040   DeltaT:  2.556E-06   Iter/sec:  4.211E-01
 Iteration:  00000041   DeltaT:  2.556E-06   Iter/sec:  4.201E-01
 Iteration:  00000042   DeltaT:  2.556E-06   Iter/sec:  4.202E-01
 Iteration:  00000043   DeltaT:  2.556E-06   Iter/sec:  4.215E-01
 Iteration:  00000044   DeltaT:  2.556E-06   Iter/sec:  4.181E-01
 Iteration:  00000045   DeltaT:  2.556E-06   Iter/sec:  4.236E-01
 Iteration:  00000046   DeltaT:  2.556E-06   Iter/sec:  4.220E-01
 Iteration:  00000047   DeltaT:  2.556E-06   Iter/sec:  4.208E-01
 Iteration:  00000048   DeltaT:  2.556E-06   Iter/sec:  4.205E-01
 Iteration:  00000049   DeltaT:  2.556E-06   Iter/sec:  4.214E-01
 Iteration:  00000050   DeltaT:  2.556E-06   Iter/sec:  4.231E-01


//////////////////////////////////////////////
   Measured Timings for Process 0  (seconds)

 Elapsed time:       128.4644
  Column time:        16.0839
     Row time:        41.9699
Legendre time:        14.4576
     FFT time:         7.7306
   Solve time:         2.1699
    rlma time:         2.5060
    rlmb time:         1.1574
  pspace time:        16.3832
  psolve time:        13.8087
    dphi time:         0.7565
captured time:       117.0238

     iter/sec:         0.3892
//////////////////////////////////////////////
