 //////////////////////////////////////
 Initializating Rayleigh...

 -- Initalizing MPI...
 ---- Specified parameters:
 ---- NCPU  :   1024
 ---- NPROW :     16
 ---- NPCOL :     64
 -- MPI initialized.


 -- Initalizing Grid...
 ---- Specified parameters ----
 ---- N_R                 :    128
 ---- N_THETA             :   1536
 ---- Ell_MAX             :   1023
 ---- R_MIN               :  5.38462E-01
 ---- R_MAX               :  1.53846E+00
 ---- Chebyshev Domains   :      1

        Domain 1
          Grid points           :  128
          Dealiased Polynomials :  85
          Domain Lower Bound    :  5.38462E-01
          Domain Upper Bound    :  1.53846E+00

 -- Grid initialized.

[SHTns 3.4.5] built Apr 26 2021, 15:32:45, id: avx2,ishioka
        Lmax=1023, Mmax*Mres=1023, Mres=1, Nlm=524800  [1 threads, orthonormalized]
        => using FFTW : Mmax=1023, Nphi=3072, Nlat=1536  (data layout : phi_inc=1536, theta_inc=1, phi_embed=3072)
        => using Gauss nodes
        + polar optimization threshold = 1.0e-08
        finding optimal algorithm...
        + SHT accuracy = 9.35e-13
        => SHTns is ready.
 -- Initalizing Reference State...
 ---- Specified parameters:
 ---- Reference type           :  Boussinesq (Non-dimensional)
 ---- Rayleigh Number          :  1.00000E+05
 ---- Ekman Number             :  1.00000E-03
 ---- Prandtl Number           :  1.00000E+00
 ---- Magnetic Prandtl Number  :  5.00000E+00
 -- Reference State initialized.

 -- Initializing Fields...
 ---- Specified parameters:
 ---- Hydro Init Type    : Benchmark (Christensen et al. 2001)
 ---- Magnetic Init Type : Benchmark (Christensen et al. 2001)
 -- Fields initialized.

 Initialization Complete.
 //////////////////////////////////////

 Timestep has changed from  0.00000E+00 to  1.00000E-04.
 Iteration:  00000001   DeltaT:  1.000E-04   Iter/sec:  0.000E+00
 Timestep has changed from  1.00000E-04 to  2.55561E-06.
 Iteration:  00000002   DeltaT:  2.556E-06   Iter/sec:  7.765E-02
 Iteration:  00000003   DeltaT:  2.556E-06   Iter/sec:  6.155E-01
 Iteration:  00000004   DeltaT:  2.556E-06   Iter/sec:  6.404E-01
 Iteration:  00000005   DeltaT:  2.556E-06   Iter/sec:  6.662E-01
 Iteration:  00000006   DeltaT:  2.556E-06   Iter/sec:  6.626E-01
 Iteration:  00000007   DeltaT:  2.556E-06   Iter/sec:  6.528E-01
 Iteration:  00000008   DeltaT:  2.556E-06   Iter/sec:  6.538E-01
 Iteration:  00000009   DeltaT:  2.556E-06   Iter/sec:  6.420E-01
 Iteration:  00000010   DeltaT:  2.556E-06   Iter/sec:  6.573E-01
 Iteration:  00000011   DeltaT:  2.556E-06   Iter/sec:  6.750E-01
 Iteration:  00000012   DeltaT:  2.556E-06   Iter/sec:  6.331E-01
 Iteration:  00000013   DeltaT:  2.556E-06   Iter/sec:  6.603E-01
 Iteration:  00000014   DeltaT:  2.556E-06   Iter/sec:  6.713E-01
 Iteration:  00000015   DeltaT:  2.556E-06   Iter/sec:  6.514E-01
 Iteration:  00000016   DeltaT:  2.556E-06   Iter/sec:  6.638E-01
 Iteration:  00000017   DeltaT:  2.556E-06   Iter/sec:  6.605E-01
 Iteration:  00000018   DeltaT:  2.556E-06   Iter/sec:  6.223E-01
 Iteration:  00000019   DeltaT:  2.556E-06   Iter/sec:  6.508E-01
 Iteration:  00000020   DeltaT:  2.556E-06   Iter/sec:  6.820E-01
 Iteration:  00000021   DeltaT:  2.556E-06   Iter/sec:  6.228E-01
 Iteration:  00000022   DeltaT:  2.556E-06   Iter/sec:  6.649E-01
 Iteration:  00000023   DeltaT:  2.556E-06   Iter/sec:  6.613E-01
 Iteration:  00000024   DeltaT:  2.556E-06   Iter/sec:  6.444E-01
 Iteration:  00000025   DeltaT:  2.556E-06   Iter/sec:  6.736E-01
 Iteration:  00000026   DeltaT:  2.556E-06   Iter/sec:  6.627E-01
 Iteration:  00000027   DeltaT:  2.556E-06   Iter/sec:  6.526E-01
 Iteration:  00000028   DeltaT:  2.556E-06   Iter/sec:  6.503E-01
 Iteration:  00000029   DeltaT:  2.556E-06   Iter/sec:  6.651E-01
 Iteration:  00000030   DeltaT:  2.556E-06   Iter/sec:  6.461E-01
 Iteration:  00000031   DeltaT:  2.556E-06   Iter/sec:  6.517E-01
 Iteration:  00000032   DeltaT:  2.556E-06   Iter/sec:  6.614E-01
 Iteration:  00000033   DeltaT:  2.556E-06   Iter/sec:  6.494E-01
 Iteration:  00000034   DeltaT:  2.556E-06   Iter/sec:  6.696E-01
 Iteration:  00000035   DeltaT:  2.556E-06   Iter/sec:  6.669E-01
 Iteration:  00000036   DeltaT:  2.556E-06   Iter/sec:  6.402E-01
 Iteration:  00000037   DeltaT:  2.556E-06   Iter/sec:  6.678E-01
 Iteration:  00000038   DeltaT:  2.556E-06   Iter/sec:  6.672E-01
 Iteration:  00000039   DeltaT:  2.556E-06   Iter/sec:  6.507E-01
 Iteration:  00000040   DeltaT:  2.556E-06   Iter/sec:  6.459E-01
 Iteration:  00000041   DeltaT:  2.556E-06   Iter/sec:  6.624E-01
 Iteration:  00000042   DeltaT:  2.556E-06   Iter/sec:  6.456E-01
 Iteration:  00000043   DeltaT:  2.556E-06   Iter/sec:  6.725E-01
 Iteration:  00000044   DeltaT:  2.556E-06   Iter/sec:  6.616E-01
 Iteration:  00000045   DeltaT:  2.556E-06   Iter/sec:  6.528E-01
 Iteration:  00000046   DeltaT:  2.556E-06   Iter/sec:  6.718E-01
 Iteration:  00000047   DeltaT:  2.556E-06   Iter/sec:  6.854E-01
 Iteration:  00000048   DeltaT:  2.556E-06   Iter/sec:  6.680E-01
 Iteration:  00000049   DeltaT:  2.556E-06   Iter/sec:  6.561E-01
 Iteration:  00000050   DeltaT:  2.556E-06   Iter/sec:  6.642E-01


//////////////////////////////////////////////
   Measured Timings for Process 0  (seconds)

 Elapsed time:        83.2413
  Column time:        21.5941
     Row time:        19.3931
Legendre time:        11.8007
     FFT time:         4.1671
   Solve time:         1.2294
    rlma time:         0.9060
    rlmb time:         0.4634
  pspace time:         9.0869
  psolve time:         6.5352
    dphi time:         0.5193
captured time:        75.6952

     iter/sec:         0.6007
//////////////////////////////////////////////
