 //////////////////////////////////////
 Initializating Rayleigh...

 -- Initalizing MPI...
 ---- Specified parameters:
 ---- NCPU  :   1024
 ---- NPROW :     16
 ---- NPCOL :     64
 -- MPI initialized.


 -- Initalizing Grid...
 ---- Specified parameters ----
 ---- N_R                 :    128
 ---- N_THETA             :    768
 ---- Ell_MAX             :    511
 ---- R_MIN               :  5.38462E-01
 ---- R_MAX               :  1.53846E+00
 ---- Chebyshev Domains   :      1

        Domain 1
          Grid points           :  128
          Dealiased Polynomials :  85
          Domain Lower Bound    :  5.38462E-01
          Domain Upper Bound    :  1.53846E+00

 -- Grid initialized.

 -- Initalizing Reference State...
 ---- Specified parameters:
 ---- Reference type           :  Boussinesq (Non-dimensional)
 ---- Rayleigh Number          :  1.00000E+05
 ---- Ekman Number             :  1.00000E-03
 ---- Prandtl Number           :  1.00000E+00
 ---- Magnetic Prandtl Number  :  5.00000E+00
 -- Reference State initialized.

 -- Initializing Fields...
 ---- Specified parameters:
 ---- Hydro Init Type    : Benchmark (Christensen et al. 2001)
 ---- Magnetic Init Type : Benchmark (Christensen et al. 2001)
 -- Fields initialized.

 Initialization Complete.
 //////////////////////////////////////

 Timestep has changed from  0.00000E+00 to  1.00000E-04.
 Iteration:  00000001   DeltaT:  1.000E-04   Iter/sec:  0.000E+00
 Timestep has changed from  1.00000E-04 to  2.55562E-06.
 Iteration:  00000002   DeltaT:  2.556E-06   Iter/sec:  7.161E-01
 Iteration:  00000003   DeltaT:  2.556E-06   Iter/sec:  2.099E+00
 Iteration:  00000004   DeltaT:  2.556E-06   Iter/sec:  2.389E+00
 Iteration:  00000005   DeltaT:  2.556E-06   Iter/sec:  3.240E+00
 Iteration:  00000006   DeltaT:  2.556E-06   Iter/sec:  2.376E+00
 Iteration:  00000007   DeltaT:  2.556E-06   Iter/sec:  2.752E+00
 Iteration:  00000008   DeltaT:  2.556E-06   Iter/sec:  2.497E+00
 Iteration:  00000009   DeltaT:  2.556E-06   Iter/sec:  2.596E+00
 Iteration:  00000010   DeltaT:  2.556E-06   Iter/sec:  2.456E+00
 Iteration:  00000011   DeltaT:  2.556E-06   Iter/sec:  2.499E+00
 Iteration:  00000012   DeltaT:  2.556E-06   Iter/sec:  2.740E+00
 Iteration:  00000013   DeltaT:  2.556E-06   Iter/sec:  2.339E+00
 Iteration:  00000014   DeltaT:  2.556E-06   Iter/sec:  2.312E+00
 Iteration:  00000015   DeltaT:  2.556E-06   Iter/sec:  2.851E+00
 Iteration:  00000016   DeltaT:  2.556E-06   Iter/sec:  2.650E+00
 Iteration:  00000017   DeltaT:  2.556E-06   Iter/sec:  2.761E+00
 Iteration:  00000018   DeltaT:  2.556E-06   Iter/sec:  2.262E+00
 Iteration:  00000019   DeltaT:  2.556E-06   Iter/sec:  2.577E+00
 Iteration:  00000020   DeltaT:  2.556E-06   Iter/sec:  2.828E+00
 Iteration:  00000021   DeltaT:  2.556E-06   Iter/sec:  2.574E+00
 Iteration:  00000022   DeltaT:  2.556E-06   Iter/sec:  2.595E+00
 Iteration:  00000023   DeltaT:  2.556E-06   Iter/sec:  2.658E+00
 Iteration:  00000024   DeltaT:  2.556E-06   Iter/sec:  2.641E+00
 Iteration:  00000025   DeltaT:  2.556E-06   Iter/sec:  2.599E+00
 Iteration:  00000026   DeltaT:  2.556E-06   Iter/sec:  2.292E+00
 Iteration:  00000027   DeltaT:  2.556E-06   Iter/sec:  2.827E+00
 Iteration:  00000028   DeltaT:  2.556E-06   Iter/sec:  2.285E+00
 Iteration:  00000029   DeltaT:  2.556E-06   Iter/sec:  2.562E+00
 Iteration:  00000030   DeltaT:  2.556E-06   Iter/sec:  2.711E+00
 Iteration:  00000031   DeltaT:  2.556E-06   Iter/sec:  2.643E+00
 Iteration:  00000032   DeltaT:  2.556E-06   Iter/sec:  2.791E+00
 Iteration:  00000033   DeltaT:  2.556E-06   Iter/sec:  2.217E+00
 Iteration:  00000034   DeltaT:  2.556E-06   Iter/sec:  2.349E+00
 Iteration:  00000035   DeltaT:  2.556E-06   Iter/sec:  2.911E+00
 Iteration:  00000036   DeltaT:  2.556E-06   Iter/sec:  2.514E+00
 Iteration:  00000037   DeltaT:  2.556E-06   Iter/sec:  2.739E+00
 Iteration:  00000038   DeltaT:  2.556E-06   Iter/sec:  2.304E+00
 Iteration:  00000039   DeltaT:  2.556E-06   Iter/sec:  2.328E+00
 Iteration:  00000040   DeltaT:  2.556E-06   Iter/sec:  2.944E+00
 Iteration:  00000041   DeltaT:  2.556E-06   Iter/sec:  2.721E+00
 Iteration:  00000042   DeltaT:  2.556E-06   Iter/sec:  2.797E+00
 Iteration:  00000043   DeltaT:  2.556E-06   Iter/sec:  2.222E+00
 Iteration:  00000044   DeltaT:  2.556E-06   Iter/sec:  2.579E+00
 Iteration:  00000045   DeltaT:  2.556E-06   Iter/sec:  2.821E+00
 Iteration:  00000046   DeltaT:  2.556E-06   Iter/sec:  2.383E+00
 Iteration:  00000047   DeltaT:  2.556E-06   Iter/sec:  2.901E+00
 Iteration:  00000048   DeltaT:  2.556E-06   Iter/sec:  2.243E+00
 Iteration:  00000049   DeltaT:  2.556E-06   Iter/sec:  2.568E+00
 Iteration:  00000050   DeltaT:  2.556E-06   Iter/sec:  2.743E+00


//////////////////////////////////////////////
   Measured Timings for Process 0  (seconds)

 Elapsed time:        20.8692
  Column time:         6.6643
     Row time:         5.0412
Legendre time:         2.2037
     FFT time:         0.9740
   Solve time:         0.4367
    rlma time:         0.2156
    rlmb time:         0.0938
  pspace time:         2.1630
  psolve time:         1.4810
    dphi time:         0.1331
captured time:        19.4064

     iter/sec:         2.3959
//////////////////////////////////////////////
