 //////////////////////////////////////
 Initializating Rayleigh...

 -- Initalizing MPI...
 ---- Specified parameters:
 ---- NCPU  :   2048
 ---- NPROW :     32
 ---- NPCOL :     64
 -- MPI initialized.


 -- Initalizing Grid...
 ---- Specified parameters ----
 ---- N_R                 :    128
 ---- N_THETA             :   1536
 ---- Ell_MAX             :   1023
 ---- R_MIN               :  5.38462E-01
 ---- R_MAX               :  1.53846E+00
 ---- Chebyshev Domains   :      1

        Domain 1
          Grid points           :  128
          Dealiased Polynomials :  85
          Domain Lower Bound    :  5.38462E-01
          Domain Upper Bound    :  1.53846E+00

 -- Grid initialized.

 -- Initalizing Reference State...
 ---- Specified parameters:
 ---- Reference type           :  Boussinesq (Non-dimensional)
 ---- Rayleigh Number          :  1.00000E+05
 ---- Ekman Number             :  1.00000E-03
 ---- Prandtl Number           :  1.00000E+00
 ---- Magnetic Prandtl Number  :  5.00000E+00
 -- Reference State initialized.

 -- Initializing Fields...
 ---- Specified parameters:
 ---- Hydro Init Type    : Benchmark (Christensen et al. 2001)
 ---- Magnetic Init Type : Benchmark (Christensen et al. 2001)
 -- Fields initialized.

 Initialization Complete.
 //////////////////////////////////////

 Timestep has changed from  0.00000E+00 to  1.00000E-04.
 Iteration:  00000001   DeltaT:  1.000E-04   Iter/sec:  0.000E+00
 Timestep has changed from  1.00000E-04 to  2.55561E-06.
 Iteration:  00000002   DeltaT:  2.556E-06   Iter/sec:  2.069E-01
 Iteration:  00000003   DeltaT:  2.556E-06   Iter/sec:  9.383E-01
 Iteration:  00000004   DeltaT:  2.556E-06   Iter/sec:  1.061E+00
 Iteration:  00000005   DeltaT:  2.556E-06   Iter/sec:  1.078E+00
 Iteration:  00000006   DeltaT:  2.556E-06   Iter/sec:  1.086E+00
 Iteration:  00000007   DeltaT:  2.556E-06   Iter/sec:  1.042E+00
 Iteration:  00000008   DeltaT:  2.556E-06   Iter/sec:  1.024E+00
 Iteration:  00000009   DeltaT:  2.556E-06   Iter/sec:  1.100E+00
 Iteration:  00000010   DeltaT:  2.556E-06   Iter/sec:  1.087E+00
 Iteration:  00000011   DeltaT:  2.556E-06   Iter/sec:  1.091E+00
 Iteration:  00000012   DeltaT:  2.556E-06   Iter/sec:  1.095E+00
 Iteration:  00000013   DeltaT:  2.556E-06   Iter/sec:  9.784E-01
 Iteration:  00000014   DeltaT:  2.556E-06   Iter/sec:  1.083E+00
 Iteration:  00000015   DeltaT:  2.556E-06   Iter/sec:  1.086E+00
 Iteration:  00000016   DeltaT:  2.556E-06   Iter/sec:  1.063E+00
 Iteration:  00000017   DeltaT:  2.556E-06   Iter/sec:  1.093E+00
 Iteration:  00000018   DeltaT:  2.556E-06   Iter/sec:  1.036E+00
 Iteration:  00000019   DeltaT:  2.556E-06   Iter/sec:  1.080E+00
 Iteration:  00000020   DeltaT:  2.556E-06   Iter/sec:  9.992E-01
 Iteration:  00000021   DeltaT:  2.556E-06   Iter/sec:  1.070E+00
 Iteration:  00000022   DeltaT:  2.556E-06   Iter/sec:  1.111E+00
 Iteration:  00000023   DeltaT:  2.556E-06   Iter/sec:  1.056E+00
 Iteration:  00000024   DeltaT:  2.556E-06   Iter/sec:  1.095E+00
 Iteration:  00000025   DeltaT:  2.556E-06   Iter/sec:  9.963E-01
 Iteration:  00000026   DeltaT:  2.556E-06   Iter/sec:  1.093E+00
 Iteration:  00000027   DeltaT:  2.556E-06   Iter/sec:  1.099E+00
 Iteration:  00000028   DeltaT:  2.556E-06   Iter/sec:  1.084E+00
 Iteration:  00000029   DeltaT:  2.556E-06   Iter/sec:  1.099E+00
 Iteration:  00000030   DeltaT:  2.556E-06   Iter/sec:  9.997E-01
 Iteration:  00000031   DeltaT:  2.556E-06   Iter/sec:  1.079E+00
 Iteration:  00000032   DeltaT:  2.556E-06   Iter/sec:  1.077E+00
 Iteration:  00000033   DeltaT:  2.556E-06   Iter/sec:  1.085E+00
 Iteration:  00000034   DeltaT:  2.556E-06   Iter/sec:  1.084E+00
 Iteration:  00000035   DeltaT:  2.556E-06   Iter/sec:  1.017E+00
 Iteration:  00000036   DeltaT:  2.556E-06   Iter/sec:  1.092E+00
 Iteration:  00000037   DeltaT:  2.556E-06   Iter/sec:  9.577E-01
 Iteration:  00000038   DeltaT:  2.556E-06   Iter/sec:  1.119E+00
 Iteration:  00000039   DeltaT:  2.556E-06   Iter/sec:  1.098E+00
 Iteration:  00000040   DeltaT:  2.556E-06   Iter/sec:  1.089E+00
 Iteration:  00000041   DeltaT:  2.556E-06   Iter/sec:  1.067E+00
 Iteration:  00000042   DeltaT:  2.556E-06   Iter/sec:  1.039E+00
 Iteration:  00000043   DeltaT:  2.556E-06   Iter/sec:  1.094E+00
 Iteration:  00000044   DeltaT:  2.556E-06   Iter/sec:  1.109E+00
 Iteration:  00000045   DeltaT:  2.556E-06   Iter/sec:  1.034E+00
 Iteration:  00000046   DeltaT:  2.556E-06   Iter/sec:  1.072E+00
 Iteration:  00000047   DeltaT:  2.556E-06   Iter/sec:  1.032E+00
 Iteration:  00000048   DeltaT:  2.556E-06   Iter/sec:  1.104E+00
 Iteration:  00000049   DeltaT:  2.556E-06   Iter/sec:  9.955E-01
 Iteration:  00000050   DeltaT:  2.556E-06   Iter/sec:  1.098E+00


//////////////////////////////////////////////
   Measured Timings for Process 0  (seconds)

 Elapsed time:        51.7241
  Column time:        17.9294
     Row time:        11.1814
Legendre time:         6.9236
     FFT time:         2.0796
   Solve time:         0.7695
    rlma time:         0.4315
    rlmb time:         0.2000
  pspace time:         3.9115
  psolve time:         3.2072
    dphi time:         0.1633
captured time:        46.7969

     iter/sec:         0.9667
//////////////////////////////////////////////
