 //////////////////////////////////////
 Initializating Rayleigh...

 -- Initalizing MPI...
 ---- Specified parameters:
 ---- NCPU  :    512
 ---- NPROW :     16
 ---- NPCOL :     32
 -- MPI initialized.


 -- Initalizing Grid...
 ---- Specified parameters ----
 ---- N_R                 :     64
 ---- N_THETA             :    192
 ---- Ell_MAX             :    127
 ---- R_MIN               :  5.38462E-01
 ---- R_MAX               :  1.53846E+00
 ---- Chebyshev Domains   :      1

        Domain 1
          Grid points           :  64
          Dealiased Polynomials :  42
          Domain Lower Bound    :  5.38462E-01
          Domain Upper Bound    :  1.53846E+00

 -- Grid initialized.

 -- Initalizing Reference State...
 ---- Specified parameters:
 ---- Reference type           :  Boussinesq (Non-dimensional)
 ---- Rayleigh Number          :  1.00000E+05
 ---- Ekman Number             :  1.00000E-03
 ---- Prandtl Number           :  1.00000E+00
 ---- Magnetic Prandtl Number  :  5.00000E+00
 -- Reference State initialized.

 -- Initializing Fields...
 ---- Specified parameters:
 ---- Hydro Init Type    : Benchmark (Christensen et al. 2001)
 ---- Magnetic Init Type : Benchmark (Christensen et al. 2001)
 -- Fields initialized.

 Initialization Complete.
 //////////////////////////////////////

 Timestep has changed from  0.00000E+00 to  1.00000E-04.
 Iteration:  00000001   DeltaT:  1.000E-04   Iter/sec:  0.000E+00
 Timestep has changed from  1.00000E-04 to  1.02217E-05.
 Iteration:  00000002   DeltaT:  1.022E-05   Iter/sec:  1.014E+01
 Iteration:  00000003   DeltaT:  1.022E-05   Iter/sec:  6.242E+01
 Iteration:  00000004   DeltaT:  1.022E-05   Iter/sec:  8.718E+01
 Iteration:  00000005   DeltaT:  1.022E-05   Iter/sec:  8.703E+01
 Iteration:  00000006   DeltaT:  1.022E-05   Iter/sec:  8.466E+01
 Iteration:  00000007   DeltaT:  1.022E-05   Iter/sec:  9.197E+01
 Iteration:  00000008   DeltaT:  1.022E-05   Iter/sec:  8.639E+01
 Iteration:  00000009   DeltaT:  1.022E-05   Iter/sec:  9.143E+01
 Iteration:  00000010   DeltaT:  1.022E-05   Iter/sec:  8.928E+01
 Iteration:  00000011   DeltaT:  1.022E-05   Iter/sec:  9.179E+01
 Iteration:  00000012   DeltaT:  1.022E-05   Iter/sec:  8.484E+01
 Iteration:  00000013   DeltaT:  1.022E-05   Iter/sec:  9.439E+01
 Iteration:  00000014   DeltaT:  1.022E-05   Iter/sec:  8.892E+01
 Iteration:  00000015   DeltaT:  1.022E-05   Iter/sec:  9.564E+01
 Iteration:  00000016   DeltaT:  1.022E-05   Iter/sec:  9.085E+01
 Iteration:  00000017   DeltaT:  1.022E-05   Iter/sec:  9.119E+01
 Iteration:  00000018   DeltaT:  1.022E-05   Iter/sec:  8.759E+01
 Iteration:  00000019   DeltaT:  1.022E-05   Iter/sec:  9.005E+01
 Iteration:  00000020   DeltaT:  1.022E-05   Iter/sec:  9.317E+01
 Iteration:  00000021   DeltaT:  1.022E-05   Iter/sec:  9.199E+01
 Iteration:  00000022   DeltaT:  1.022E-05   Iter/sec:  9.138E+01
 Iteration:  00000023   DeltaT:  1.022E-05   Iter/sec:  9.399E+01
 Iteration:  00000024   DeltaT:  1.022E-05   Iter/sec:  9.320E+01
 Iteration:  00000025   DeltaT:  1.022E-05   Iter/sec:  9.118E+01
 Iteration:  00000026   DeltaT:  1.022E-05   Iter/sec:  9.330E+01
 Iteration:  00000027   DeltaT:  1.022E-05   Iter/sec:  9.281E+01
 Iteration:  00000028   DeltaT:  1.022E-05   Iter/sec:  9.533E+01
 Iteration:  00000029   DeltaT:  1.022E-05   Iter/sec:  8.546E+01
 Iteration:  00000030   DeltaT:  1.022E-05   Iter/sec:  8.181E+01
 Iteration:  00000031   DeltaT:  1.022E-05   Iter/sec:  8.666E+01
 Iteration:  00000032   DeltaT:  1.022E-05   Iter/sec:  8.643E+01
 Iteration:  00000033   DeltaT:  1.022E-05   Iter/sec:  7.184E+01
 Iteration:  00000034   DeltaT:  1.022E-05   Iter/sec:  8.333E+01
 Iteration:  00000035   DeltaT:  1.022E-05   Iter/sec:  8.367E+01
 Iteration:  00000036   DeltaT:  1.022E-05   Iter/sec:  8.695E+01
 Iteration:  00000037   DeltaT:  1.022E-05   Iter/sec:  8.195E+01
 Iteration:  00000038   DeltaT:  1.022E-05   Iter/sec:  9.129E+01
 Iteration:  00000039   DeltaT:  1.022E-05   Iter/sec:  8.274E+01
 Iteration:  00000040   DeltaT:  1.022E-05   Iter/sec:  9.065E+01
 Iteration:  00000041   DeltaT:  1.022E-05   Iter/sec:  9.499E+01
 Iteration:  00000042   DeltaT:  1.022E-05   Iter/sec:  9.309E+01
 Iteration:  00000043   DeltaT:  1.022E-05   Iter/sec:  8.233E+01
 Iteration:  00000044   DeltaT:  1.022E-05   Iter/sec:  9.293E+01
 Iteration:  00000045   DeltaT:  1.022E-05   Iter/sec:  8.207E+01
 Iteration:  00000046   DeltaT:  1.022E-05   Iter/sec:  7.387E+01
 Iteration:  00000047   DeltaT:  1.022E-05   Iter/sec:  8.859E+01
 Iteration:  00000048   DeltaT:  1.022E-05   Iter/sec:  7.643E+01
 Iteration:  00000049   DeltaT:  1.022E-05   Iter/sec:  7.749E+01
 Iteration:  00000050   DeltaT:  1.022E-05   Iter/sec:  9.336E+01


//////////////////////////////////////////////
   Measured Timings for Process 0  (seconds)

 Elapsed time:         1.7420
  Column time:         0.1712
     Row time:         0.1620
Legendre time:         0.0544
     FFT time:         0.0373
   Solve time:         0.0448
    rlma time:         0.0156
    rlmb time:         0.0061
  pspace time:         0.0243
  psolve time:         0.0512
    dphi time:         0.0029
captured time:         0.5698

     iter/sec:        28.7025
//////////////////////////////////////////////
