 //////////////////////////////////////
 Initializating Rayleigh...

 -- Initalizing MPI...
 ---- Specified parameters:
 ---- NCPU  :    128
 ---- NPROW :     16
 ---- NPCOL :      8
 -- MPI initialized.


 -- Initalizing Grid...
 ---- Specified parameters ----
 ---- N_R                 :     64
 ---- N_THETA             :    768
 ---- Ell_MAX             :    511
 ---- R_MIN               :  5.38462E-01
 ---- R_MAX               :  1.53846E+00
 ---- Chebyshev Domains   :      1

        Domain 1
          Grid points           :  64
          Dealiased Polynomials :  42
          Domain Lower Bound    :  5.38462E-01
          Domain Upper Bound    :  1.53846E+00

 -- Grid initialized.

[SHTns 3.4.5] built Apr 26 2021, 15:32:45, id: avx2,ishioka
        Lmax=511, Mmax*Mres=511, Mres=1, Nlm=131328  [1 threads, orthonormalized]
        => using FFTW : Mmax=511, Nphi=1536, Nlat=768  (data layout : phi_inc=768, theta_inc=1, phi_embed=1536)
        => using Gauss nodes
        + polar optimization threshold = 1.0e-08
        finding optimal algorithm........
        + SHT accuracy = 4.82e-13
        => SHTns is ready.
 -- Initalizing Reference State...
 ---- Specified parameters:
 ---- Reference type           :  Boussinesq (Non-dimensional)
 ---- Rayleigh Number          :  1.00000E+05
 ---- Ekman Number             :  1.00000E-03
 ---- Prandtl Number           :  1.00000E+00
 ---- Magnetic Prandtl Number  :  5.00000E+00
 -- Reference State initialized.

 -- Initializing Fields...
 ---- Specified parameters:
 ---- Hydro Init Type    : Benchmark (Christensen et al. 2001)
 ---- Magnetic Init Type : Benchmark (Christensen et al. 2001)
 -- Fields initialized.

 Initialization Complete.
 //////////////////////////////////////

 Timestep has changed from  0.00000E+00 to  1.00000E-04.
 Iteration:  00000001   DeltaT:  1.000E-04   Iter/sec:  0.000E+00
 Timestep has changed from  1.00000E-04 to  8.93257E-06.
 Iteration:  00000002   DeltaT:  8.933E-06   Iter/sec:  1.183E-01
 Iteration:  00000003   DeltaT:  8.933E-06   Iter/sec:  8.384E-01
 Iteration:  00000004   DeltaT:  8.933E-06   Iter/sec:  9.066E-01
 Iteration:  00000005   DeltaT:  8.933E-06   Iter/sec:  8.771E-01
 Iteration:  00000006   DeltaT:  8.933E-06   Iter/sec:  9.037E-01
 Iteration:  00000007   DeltaT:  8.933E-06   Iter/sec:  8.819E-01
 Iteration:  00000008   DeltaT:  8.933E-06   Iter/sec:  8.767E-01
 Iteration:  00000009   DeltaT:  8.933E-06   Iter/sec:  8.949E-01
 Iteration:  00000010   DeltaT:  8.933E-06   Iter/sec:  8.818E-01
 Iteration:  00000011   DeltaT:  8.933E-06   Iter/sec:  8.870E-01
 Iteration:  00000012   DeltaT:  8.933E-06   Iter/sec:  8.894E-01
 Iteration:  00000013   DeltaT:  8.933E-06   Iter/sec:  8.847E-01
 Iteration:  00000014   DeltaT:  8.933E-06   Iter/sec:  8.756E-01
 Iteration:  00000015   DeltaT:  8.933E-06   Iter/sec:  8.890E-01
 Iteration:  00000016   DeltaT:  8.933E-06   Iter/sec:  8.943E-01
 Iteration:  00000017   DeltaT:  8.933E-06   Iter/sec:  8.992E-01
 Iteration:  00000018   DeltaT:  8.933E-06   Iter/sec:  8.849E-01
 Iteration:  00000019   DeltaT:  8.933E-06   Iter/sec:  9.039E-01
 Iteration:  00000020   DeltaT:  8.933E-06   Iter/sec:  8.691E-01
 Iteration:  00000021   DeltaT:  8.933E-06   Iter/sec:  9.015E-01
 Iteration:  00000022   DeltaT:  8.933E-06   Iter/sec:  9.029E-01
 Iteration:  00000023   DeltaT:  8.933E-06   Iter/sec:  8.927E-01
 Iteration:  00000024   DeltaT:  8.933E-06   Iter/sec:  8.852E-01
 Iteration:  00000025   DeltaT:  8.933E-06   Iter/sec:  8.987E-01
 Iteration:  00000026   DeltaT:  8.933E-06   Iter/sec:  8.817E-01
 Iteration:  00000027   DeltaT:  8.933E-06   Iter/sec:  8.802E-01
 Iteration:  00000028   DeltaT:  8.933E-06   Iter/sec:  8.803E-01
 Iteration:  00000029   DeltaT:  8.933E-06   Iter/sec:  8.990E-01
 Iteration:  00000030   DeltaT:  8.933E-06   Iter/sec:  8.994E-01
 Iteration:  00000031   DeltaT:  8.933E-06   Iter/sec:  8.742E-01
 Iteration:  00000032   DeltaT:  8.933E-06   Iter/sec:  8.768E-01
 Iteration:  00000033   DeltaT:  8.933E-06   Iter/sec:  8.974E-01
 Iteration:  00000034   DeltaT:  8.933E-06   Iter/sec:  8.783E-01
 Iteration:  00000035   DeltaT:  8.933E-06   Iter/sec:  8.980E-01
 Iteration:  00000036   DeltaT:  8.933E-06   Iter/sec:  8.963E-01
 Iteration:  00000037   DeltaT:  8.933E-06   Iter/sec:  8.843E-01
 Iteration:  00000038   DeltaT:  8.933E-06   Iter/sec:  8.897E-01
 Iteration:  00000039   DeltaT:  8.933E-06   Iter/sec:  8.867E-01
 Iteration:  00000040   DeltaT:  8.933E-06   Iter/sec:  8.956E-01
 Iteration:  00000041   DeltaT:  8.933E-06   Iter/sec:  8.885E-01
 Iteration:  00000042   DeltaT:  8.933E-06   Iter/sec:  8.992E-01
 Iteration:  00000043   DeltaT:  8.933E-06   Iter/sec:  8.841E-01
 Iteration:  00000044   DeltaT:  8.933E-06   Iter/sec:  8.851E-01
 Iteration:  00000045   DeltaT:  8.933E-06   Iter/sec:  8.881E-01
 Iteration:  00000046   DeltaT:  8.933E-06   Iter/sec:  8.805E-01
 Iteration:  00000047   DeltaT:  8.933E-06   Iter/sec:  8.871E-01
 Iteration:  00000048   DeltaT:  8.933E-06   Iter/sec:  8.825E-01
 Iteration:  00000049   DeltaT:  8.933E-06   Iter/sec:  8.810E-01
 Iteration:  00000050   DeltaT:  8.933E-06   Iter/sec:  8.928E-01


//////////////////////////////////////////////
   Measured Timings for Process 0  (seconds)

 Elapsed time:        65.2232
  Column time:         7.9852
     Row time:        18.5476
Legendre time:         7.2114
     FFT time:         3.8498
   Solve time:         0.7622
    rlma time:         0.9388
    rlmb time:         0.4898
  pspace time:         9.0190
  psolve time:         6.2266
    dphi time:         0.4082
captured time:        55.4386

     iter/sec:         0.7666
//////////////////////////////////////////////
