 //////////////////////////////////////
 Initializating Rayleigh...

 -- Initalizing MPI...
 ---- Specified parameters:
 ---- NCPU  :    256
 ---- NPROW :     32
 ---- NPCOL :      8
 -- MPI initialized.


 -- Initalizing Grid...
 ---- Specified parameters ----
 ---- N_R                 :    128
 ---- N_THETA             :    768
 ---- Ell_MAX             :    511
 ---- R_MIN               :  5.38462E-01
 ---- R_MAX               :  1.53846E+00
 ---- Chebyshev Domains   :      1

        Domain 1
          Grid points           :  128
          Dealiased Polynomials :  85
          Domain Lower Bound    :  5.38462E-01
          Domain Upper Bound    :  1.53846E+00

 -- Grid initialized.

 -- Initalizing Reference State...
 ---- Specified parameters:
 ---- Reference type           :  Boussinesq (Non-dimensional)
 ---- Rayleigh Number          :  1.00000E+05
 ---- Ekman Number             :  1.00000E-03
 ---- Prandtl Number           :  1.00000E+00
 ---- Magnetic Prandtl Number  :  5.00000E+00
 -- Reference State initialized.

 -- Initializing Fields...
 ---- Specified parameters:
 ---- Hydro Init Type    : Benchmark (Christensen et al. 2001)
 ---- Magnetic Init Type : Benchmark (Christensen et al. 2001)
 -- Fields initialized.

 Initialization Complete.
 //////////////////////////////////////

 Timestep has changed from  0.00000E+00 to  1.00000E-04.
 Iteration:  00000001   DeltaT:  1.000E-04   Iter/sec:  0.000E+00
 Timestep has changed from  1.00000E-04 to  2.55562E-06.
 Iteration:  00000002   DeltaT:  2.556E-06   Iter/sec:  4.111E-01
 Iteration:  00000003   DeltaT:  2.556E-06   Iter/sec:  6.161E-01
 Iteration:  00000004   DeltaT:  2.556E-06   Iter/sec:  7.452E-01
 Iteration:  00000005   DeltaT:  2.556E-06   Iter/sec:  7.343E-01
 Iteration:  00000006   DeltaT:  2.556E-06   Iter/sec:  7.262E-01
 Iteration:  00000007   DeltaT:  2.556E-06   Iter/sec:  7.433E-01
 Iteration:  00000008   DeltaT:  2.556E-06   Iter/sec:  7.150E-01
 Iteration:  00000009   DeltaT:  2.556E-06   Iter/sec:  7.280E-01
 Iteration:  00000010   DeltaT:  2.556E-06   Iter/sec:  7.170E-01
 Iteration:  00000011   DeltaT:  2.556E-06   Iter/sec:  7.490E-01
 Iteration:  00000012   DeltaT:  2.556E-06   Iter/sec:  7.297E-01
 Iteration:  00000013   DeltaT:  2.556E-06   Iter/sec:  7.269E-01
 Iteration:  00000014   DeltaT:  2.556E-06   Iter/sec:  7.015E-01
 Iteration:  00000015   DeltaT:  2.556E-06   Iter/sec:  7.480E-01
 Iteration:  00000016   DeltaT:  2.556E-06   Iter/sec:  7.279E-01
 Iteration:  00000017   DeltaT:  2.556E-06   Iter/sec:  7.273E-01
 Iteration:  00000018   DeltaT:  2.556E-06   Iter/sec:  7.285E-01
 Iteration:  00000019   DeltaT:  2.556E-06   Iter/sec:  7.364E-01
 Iteration:  00000020   DeltaT:  2.556E-06   Iter/sec:  7.479E-01
 Iteration:  00000021   DeltaT:  2.556E-06   Iter/sec:  7.502E-01
 Iteration:  00000022   DeltaT:  2.556E-06   Iter/sec:  7.365E-01
 Iteration:  00000023   DeltaT:  2.556E-06   Iter/sec:  7.351E-01
 Iteration:  00000024   DeltaT:  2.556E-06   Iter/sec:  7.318E-01
 Iteration:  00000025   DeltaT:  2.556E-06   Iter/sec:  7.306E-01
 Iteration:  00000026   DeltaT:  2.556E-06   Iter/sec:  7.299E-01
 Iteration:  00000027   DeltaT:  2.556E-06   Iter/sec:  7.352E-01
 Iteration:  00000028   DeltaT:  2.556E-06   Iter/sec:  7.363E-01
 Iteration:  00000029   DeltaT:  2.556E-06   Iter/sec:  7.217E-01
 Iteration:  00000030   DeltaT:  2.556E-06   Iter/sec:  7.408E-01
 Iteration:  00000031   DeltaT:  2.556E-06   Iter/sec:  7.514E-01
 Iteration:  00000032   DeltaT:  2.556E-06   Iter/sec:  7.261E-01
 Iteration:  00000033   DeltaT:  2.556E-06   Iter/sec:  7.397E-01
 Iteration:  00000034   DeltaT:  2.556E-06   Iter/sec:  7.331E-01
 Iteration:  00000035   DeltaT:  2.556E-06   Iter/sec:  7.302E-01
 Iteration:  00000036   DeltaT:  2.556E-06   Iter/sec:  7.230E-01
 Iteration:  00000037   DeltaT:  2.556E-06   Iter/sec:  7.443E-01
 Iteration:  00000038   DeltaT:  2.556E-06   Iter/sec:  7.364E-01
 Iteration:  00000039   DeltaT:  2.556E-06   Iter/sec:  7.331E-01
 Iteration:  00000040   DeltaT:  2.556E-06   Iter/sec:  7.103E-01
 Iteration:  00000041   DeltaT:  2.556E-06   Iter/sec:  7.252E-01
 Iteration:  00000042   DeltaT:  2.556E-06   Iter/sec:  7.278E-01
 Iteration:  00000043   DeltaT:  2.556E-06   Iter/sec:  7.107E-01
 Iteration:  00000044   DeltaT:  2.556E-06   Iter/sec:  7.285E-01
 Iteration:  00000045   DeltaT:  2.556E-06   Iter/sec:  7.305E-01
 Iteration:  00000046   DeltaT:  2.556E-06   Iter/sec:  7.222E-01
 Iteration:  00000047   DeltaT:  2.556E-06   Iter/sec:  7.439E-01
 Iteration:  00000048   DeltaT:  2.556E-06   Iter/sec:  7.369E-01
 Iteration:  00000049   DeltaT:  2.556E-06   Iter/sec:  7.248E-01
 Iteration:  00000050   DeltaT:  2.556E-06   Iter/sec:  7.109E-01


//////////////////////////////////////////////
   Measured Timings for Process 0  (seconds)

 Elapsed time:        71.8403
  Column time:        10.8418
     Row time:        26.0692
Legendre time:         8.9120
     FFT time:         3.7791
   Solve time:         1.8021
    rlma time:         1.2322
    rlmb time:         0.6851
  pspace time:         8.2544
  psolve time:         6.5274
    dphi time:         0.3108
captured time:        68.4141

     iter/sec:         0.6960
//////////////////////////////////////////////
