 //////////////////////////////////////
 Initializating Rayleigh...

 -- Initalizing MPI...
 ---- Specified parameters:
 ---- NCPU  :    256
 ---- NPROW :      8
 ---- NPCOL :     32
 -- MPI initialized.


 -- Initalizing Grid...
 ---- Specified parameters ----
 ---- N_R                 :     64
 ---- N_THETA             :   1536
 ---- Ell_MAX             :   1023
 ---- R_MIN               :  5.38462E-01
 ---- R_MAX               :  1.53846E+00
 ---- Chebyshev Domains   :      1

        Domain 1
          Grid points           :  64
          Dealiased Polynomials :  42
          Domain Lower Bound    :  5.38462E-01
          Domain Upper Bound    :  1.53846E+00

 -- Grid initialized.

 -- Initalizing Reference State...
 ---- Specified parameters:
 ---- Reference type           :  Boussinesq (Non-dimensional)
 ---- Rayleigh Number          :  1.00000E+05
 ---- Ekman Number             :  1.00000E-03
 ---- Prandtl Number           :  1.00000E+00
 ---- Magnetic Prandtl Number  :  5.00000E+00
 -- Reference State initialized.

 -- Initializing Fields...
 ---- Specified parameters:
 ---- Hydro Init Type    : Benchmark (Christensen et al. 2001)
 ---- Magnetic Init Type : Benchmark (Christensen et al. 2001)
 -- Fields initialized.

 Initialization Complete.
 //////////////////////////////////////

 Timestep has changed from  0.00000E+00 to  1.00000E-04.
 Iteration:  00000001   DeltaT:  1.000E-04   Iter/sec:  0.000E+00
 Timestep has changed from  1.00000E-04 to  4.46409E-06.
 Iteration:  00000002   DeltaT:  4.464E-06   Iter/sec:  6.339E-02
 Iteration:  00000003   DeltaT:  4.464E-06   Iter/sec:  3.603E-01
 Iteration:  00000004   DeltaT:  4.464E-06   Iter/sec:  3.521E-01
 Iteration:  00000005   DeltaT:  4.464E-06   Iter/sec:  3.550E-01
 Iteration:  00000006   DeltaT:  4.464E-06   Iter/sec:  3.609E-01
 Iteration:  00000007   DeltaT:  4.464E-06   Iter/sec:  3.472E-01
 Iteration:  00000008   DeltaT:  4.464E-06   Iter/sec:  3.659E-01
 Iteration:  00000009   DeltaT:  4.464E-06   Iter/sec:  3.521E-01
 Iteration:  00000010   DeltaT:  4.464E-06   Iter/sec:  3.528E-01
 Iteration:  00000011   DeltaT:  4.464E-06   Iter/sec:  3.640E-01
 Iteration:  00000012   DeltaT:  4.464E-06   Iter/sec:  3.471E-01
 Iteration:  00000013   DeltaT:  4.464E-06   Iter/sec:  3.590E-01
 Iteration:  00000014   DeltaT:  4.464E-06   Iter/sec:  3.600E-01
 Iteration:  00000015   DeltaT:  4.464E-06   Iter/sec:  3.569E-01
 Iteration:  00000016   DeltaT:  4.464E-06   Iter/sec:  3.535E-01
 Iteration:  00000017   DeltaT:  4.464E-06   Iter/sec:  3.545E-01
 Iteration:  00000018   DeltaT:  4.464E-06   Iter/sec:  3.598E-01
 Iteration:  00000019   DeltaT:  4.464E-06   Iter/sec:  3.578E-01
 Iteration:  00000020   DeltaT:  4.464E-06   Iter/sec:  3.583E-01
 Iteration:  00000021   DeltaT:  4.464E-06   Iter/sec:  3.581E-01
 Iteration:  00000022   DeltaT:  4.464E-06   Iter/sec:  3.534E-01
 Iteration:  00000023   DeltaT:  4.464E-06   Iter/sec:  3.552E-01
 Iteration:  00000024   DeltaT:  4.464E-06   Iter/sec:  3.680E-01
 Iteration:  00000025   DeltaT:  4.464E-06   Iter/sec:  3.546E-01
 Iteration:  00000026   DeltaT:  4.464E-06   Iter/sec:  3.520E-01
 Iteration:  00000027   DeltaT:  4.464E-06   Iter/sec:  3.580E-01
 Iteration:  00000028   DeltaT:  4.464E-06   Iter/sec:  3.481E-01
 Iteration:  00000029   DeltaT:  4.464E-06   Iter/sec:  3.657E-01
 Iteration:  00000030   DeltaT:  4.464E-06   Iter/sec:  3.532E-01
 Iteration:  00000031   DeltaT:  4.464E-06   Iter/sec:  3.560E-01
 Iteration:  00000032   DeltaT:  4.464E-06   Iter/sec:  3.532E-01
 Iteration:  00000033   DeltaT:  4.464E-06   Iter/sec:  3.548E-01
 Iteration:  00000034   DeltaT:  4.464E-06   Iter/sec:  3.602E-01
 Iteration:  00000035   DeltaT:  4.464E-06   Iter/sec:  3.579E-01
 Iteration:  00000036   DeltaT:  4.464E-06   Iter/sec:  3.514E-01
 Iteration:  00000037   DeltaT:  4.464E-06   Iter/sec:  3.641E-01
 Iteration:  00000038   DeltaT:  4.464E-06   Iter/sec:  3.543E-01
 Iteration:  00000039   DeltaT:  4.464E-06   Iter/sec:  3.517E-01
 Iteration:  00000040   DeltaT:  4.464E-06   Iter/sec:  3.646E-01
 Iteration:  00000041   DeltaT:  4.464E-06   Iter/sec:  3.476E-01
 Iteration:  00000042   DeltaT:  4.464E-06   Iter/sec:  3.582E-01
 Iteration:  00000043   DeltaT:  4.464E-06   Iter/sec:  3.545E-01
 Iteration:  00000044   DeltaT:  4.464E-06   Iter/sec:  3.532E-01
 Iteration:  00000045   DeltaT:  4.464E-06   Iter/sec:  3.571E-01
 Iteration:  00000046   DeltaT:  4.464E-06   Iter/sec:  3.567E-01
 Iteration:  00000047   DeltaT:  4.464E-06   Iter/sec:  3.612E-01
 Iteration:  00000048   DeltaT:  4.464E-06   Iter/sec:  3.591E-01
 Iteration:  00000049   DeltaT:  4.464E-06   Iter/sec:  3.542E-01
 Iteration:  00000050   DeltaT:  4.464E-06   Iter/sec:  3.616E-01


//////////////////////////////////////////////
   Measured Timings for Process 0  (seconds)

 Elapsed time:       142.4246
  Column time:        27.8792
     Row time:        40.4524
Legendre time:        27.5857
     FFT time:         8.3979
   Solve time:         1.1712
    rlma time:         2.1523
    rlmb time:         1.3560
  pspace time:        16.7485
  psolve time:        12.3828
    dphi time:         0.8206
captured time:       138.9463

     iter/sec:         0.3511
//////////////////////////////////////////////
