 //////////////////////////////////////
 Initializating Rayleigh...

 -- Initalizing MPI...
 ---- Specified parameters:
 ---- NCPU  :   1024
 ---- NPROW :     64
 ---- NPCOL :     16
 -- MPI initialized.


 -- Initalizing Grid...
 ---- Specified parameters ----
 ---- N_R                 :    128
 ---- N_THETA             :    384
 ---- Ell_MAX             :    255
 ---- R_MIN               :  5.38462E-01
 ---- R_MAX               :  1.53846E+00
 ---- Chebyshev Domains   :      1

        Domain 1
          Grid points           :  128
          Dealiased Polynomials :  85
          Domain Lower Bound    :  5.38462E-01
          Domain Upper Bound    :  1.53846E+00

 -- Grid initialized.

 -- Initalizing Reference State...
 ---- Specified parameters:
 ---- Reference type           :  Boussinesq (Non-dimensional)
 ---- Rayleigh Number          :  1.00000E+05
 ---- Ekman Number             :  1.00000E-03
 ---- Prandtl Number           :  1.00000E+00
 ---- Magnetic Prandtl Number  :  5.00000E+00
 -- Reference State initialized.

 -- Initializing Fields...
 ---- Specified parameters:
 ---- Hydro Init Type    : Benchmark (Christensen et al. 2001)
 ---- Magnetic Init Type : Benchmark (Christensen et al. 2001)
 -- Fields initialized.

 Initialization Complete.
 //////////////////////////////////////

 Timestep has changed from  0.00000E+00 to  1.00000E-04.
 Iteration:  00000001   DeltaT:  1.000E-04   Iter/sec:  0.000E+00
 Timestep has changed from  1.00000E-04 to  2.55566E-06.
 Iteration:  00000002   DeltaT:  2.556E-06   Iter/sec:  3.254E+00
 Iteration:  00000003   DeltaT:  2.556E-06   Iter/sec:  4.948E+00
 Iteration:  00000004   DeltaT:  2.556E-06   Iter/sec:  7.699E+00
 Iteration:  00000005   DeltaT:  2.556E-06   Iter/sec:  1.067E+01
 Iteration:  00000006   DeltaT:  2.556E-06   Iter/sec:  1.215E+01
 Iteration:  00000007   DeltaT:  2.556E-06   Iter/sec:  1.190E+01
 Iteration:  00000008   DeltaT:  2.556E-06   Iter/sec:  9.416E+00
 Iteration:  00000009   DeltaT:  2.556E-06   Iter/sec:  1.041E+01
 Iteration:  00000010   DeltaT:  2.556E-06   Iter/sec:  5.529E+00
 Iteration:  00000011   DeltaT:  2.556E-06   Iter/sec:  1.228E+01
 Iteration:  00000012   DeltaT:  2.556E-06   Iter/sec:  1.151E+01
 Iteration:  00000013   DeltaT:  2.556E-06   Iter/sec:  1.215E+01
 Iteration:  00000014   DeltaT:  2.556E-06   Iter/sec:  1.086E+01
 Iteration:  00000015   DeltaT:  2.556E-06   Iter/sec:  8.851E+00
 Iteration:  00000016   DeltaT:  2.556E-06   Iter/sec:  7.193E+00
 Iteration:  00000017   DeltaT:  2.556E-06   Iter/sec:  1.198E+01
 Iteration:  00000018   DeltaT:  2.556E-06   Iter/sec:  1.088E+01
 Iteration:  00000019   DeltaT:  2.556E-06   Iter/sec:  1.166E+01
 Iteration:  00000020   DeltaT:  2.556E-06   Iter/sec:  1.176E+01
 Iteration:  00000021   DeltaT:  2.556E-06   Iter/sec:  9.425E+00
 Iteration:  00000022   DeltaT:  2.556E-06   Iter/sec:  1.290E+01
 Iteration:  00000023   DeltaT:  2.556E-06   Iter/sec:  5.685E+00
 Iteration:  00000024   DeltaT:  2.556E-06   Iter/sec:  1.273E+01
 Iteration:  00000025   DeltaT:  2.556E-06   Iter/sec:  1.127E+01
 Iteration:  00000026   DeltaT:  2.556E-06   Iter/sec:  1.145E+01
 Iteration:  00000027   DeltaT:  2.556E-06   Iter/sec:  1.230E+01
 Iteration:  00000028   DeltaT:  2.556E-06   Iter/sec:  8.226E+00
 Iteration:  00000029   DeltaT:  2.556E-06   Iter/sec:  6.704E+00
 Iteration:  00000030   DeltaT:  2.556E-06   Iter/sec:  1.221E+01
 Iteration:  00000031   DeltaT:  2.556E-06   Iter/sec:  1.171E+01
 Iteration:  00000032   DeltaT:  2.556E-06   Iter/sec:  1.215E+01
 Iteration:  00000033   DeltaT:  2.556E-06   Iter/sec:  1.188E+01
 Iteration:  00000034   DeltaT:  2.556E-06   Iter/sec:  8.830E+00
 Iteration:  00000035   DeltaT:  2.556E-06   Iter/sec:  8.383E+00
 Iteration:  00000036   DeltaT:  2.556E-06   Iter/sec:  7.378E+00
 Iteration:  00000037   DeltaT:  2.556E-06   Iter/sec:  1.162E+01
 Iteration:  00000038   DeltaT:  2.556E-06   Iter/sec:  1.174E+01
 Iteration:  00000039   DeltaT:  2.556E-06   Iter/sec:  1.168E+01
 Iteration:  00000040   DeltaT:  2.556E-06   Iter/sec:  9.607E+00
 Iteration:  00000041   DeltaT:  2.556E-06   Iter/sec:  1.017E+01
 Iteration:  00000042   DeltaT:  2.556E-06   Iter/sec:  5.509E+00
 Iteration:  00000043   DeltaT:  2.556E-06   Iter/sec:  1.150E+01
 Iteration:  00000044   DeltaT:  2.556E-06   Iter/sec:  1.191E+01
 Iteration:  00000045   DeltaT:  2.556E-06   Iter/sec:  1.159E+01
 Iteration:  00000046   DeltaT:  2.556E-06   Iter/sec:  1.142E+01
 Iteration:  00000047   DeltaT:  2.556E-06   Iter/sec:  8.495E+00
 Iteration:  00000048   DeltaT:  2.556E-06   Iter/sec:  5.911E+00
 Iteration:  00000049   DeltaT:  2.556E-06   Iter/sec:  1.229E+01
 Iteration:  00000050   DeltaT:  2.556E-06   Iter/sec:  1.114E+01


//////////////////////////////////////////////
   Measured Timings for Process 0  (seconds)

 Elapsed time:         5.8433
  Column time:         1.8890
     Row time:         1.7245
Legendre time:         0.2942
     FFT time:         0.2566
   Solve time:         0.3450
    rlma time:         0.0422
    rlmb time:         0.0175
  pspace time:         0.3108
  psolve time:         0.3616
    dphi time:         0.0222
captured time:         5.2636

     iter/sec:         8.5568
//////////////////////////////////////////////
