 //////////////////////////////////////
 Initializating Rayleigh...

 -- Initalizing MPI...
 ---- Specified parameters:
 ---- NCPU  :   1024
 ---- NPROW :     32
 ---- NPCOL :     32
 -- MPI initialized.


 -- Initalizing Grid...
 ---- Specified parameters ----
 ---- N_R                 :     64
 ---- N_THETA             :    768
 ---- Ell_MAX             :    511
 ---- R_MIN               :  5.38462E-01
 ---- R_MAX               :  1.53846E+00
 ---- Chebyshev Domains   :      1

        Domain 1
          Grid points           :  64
          Dealiased Polynomials :  42
          Domain Lower Bound    :  5.38462E-01
          Domain Upper Bound    :  1.53846E+00

 -- Grid initialized.

[SHTns 3.4.5] built Apr 26 2021, 15:32:45, id: avx2,ishioka
        Lmax=511, Mmax*Mres=511, Mres=1, Nlm=131328  [1 threads, orthonormalized]
        => using FFTW : Mmax=511, Nphi=1536, Nlat=768  (data layout : phi_inc=768, theta_inc=1, phi_embed=1536)
        => using Gauss nodes
        + polar optimization threshold = 1.0e-08
        finding optimal algorithm........
        + SHT accuracy = 5.35e-13
        => SHTns is ready.
 -- Initalizing Reference State...
 ---- Specified parameters:
 ---- Reference type           :  Boussinesq (Non-dimensional)
 ---- Rayleigh Number          :  1.00000E+05
 ---- Ekman Number             :  1.00000E-03
 ---- Prandtl Number           :  1.00000E+00
 ---- Magnetic Prandtl Number  :  5.00000E+00
 -- Reference State initialized.

 -- Initializing Fields...
 ---- Specified parameters:
 ---- Hydro Init Type    : Benchmark (Christensen et al. 2001)
 ---- Magnetic Init Type : Benchmark (Christensen et al. 2001)
 -- Fields initialized.

 Initialization Complete.
 //////////////////////////////////////

 Timestep has changed from  0.00000E+00 to  1.00000E-04.
 Iteration:  00000001   DeltaT:  1.000E-04   Iter/sec:  0.000E+00
 Timestep has changed from  1.00000E-04 to  8.93257E-06.
 Iteration:  00000002   DeltaT:  8.933E-06   Iter/sec:  1.401E-01
 Iteration:  00000003   DeltaT:  8.933E-06   Iter/sec:  4.892E+00
 Iteration:  00000004   DeltaT:  8.933E-06   Iter/sec:  5.799E+00
 Iteration:  00000005   DeltaT:  8.933E-06   Iter/sec:  5.761E+00
 Iteration:  00000006   DeltaT:  8.933E-06   Iter/sec:  4.239E+00
 Iteration:  00000007   DeltaT:  8.933E-06   Iter/sec:  5.467E+00
 Iteration:  00000008   DeltaT:  8.933E-06   Iter/sec:  5.531E+00
 Iteration:  00000009   DeltaT:  8.933E-06   Iter/sec:  5.743E+00
 Iteration:  00000010   DeltaT:  8.933E-06   Iter/sec:  5.460E+00
 Iteration:  00000011   DeltaT:  8.933E-06   Iter/sec:  6.118E+00
 Iteration:  00000012   DeltaT:  8.933E-06   Iter/sec:  5.870E+00
 Iteration:  00000013   DeltaT:  8.933E-06   Iter/sec:  3.921E+00
 Iteration:  00000014   DeltaT:  8.933E-06   Iter/sec:  5.529E+00
 Iteration:  00000015   DeltaT:  8.933E-06   Iter/sec:  6.483E+00
 Iteration:  00000016   DeltaT:  8.933E-06   Iter/sec:  5.381E+00
 Iteration:  00000017   DeltaT:  8.933E-06   Iter/sec:  4.991E+00
 Iteration:  00000018   DeltaT:  8.933E-06   Iter/sec:  5.882E+00
 Iteration:  00000019   DeltaT:  8.933E-06   Iter/sec:  6.447E+00
 Iteration:  00000020   DeltaT:  8.933E-06   Iter/sec:  5.974E+00
 Iteration:  00000021   DeltaT:  8.933E-06   Iter/sec:  4.291E+00
 Iteration:  00000022   DeltaT:  8.933E-06   Iter/sec:  6.052E+00
 Iteration:  00000023   DeltaT:  8.933E-06   Iter/sec:  5.645E+00
 Iteration:  00000024   DeltaT:  8.933E-06   Iter/sec:  5.908E+00
 Iteration:  00000025   DeltaT:  8.933E-06   Iter/sec:  5.032E+00
 Iteration:  00000026   DeltaT:  8.933E-06   Iter/sec:  6.195E+00
 Iteration:  00000027   DeltaT:  8.933E-06   Iter/sec:  5.887E+00
 Iteration:  00000028   DeltaT:  8.933E-06   Iter/sec:  4.143E+00
 Iteration:  00000029   DeltaT:  8.933E-06   Iter/sec:  5.907E+00
 Iteration:  00000030   DeltaT:  8.933E-06   Iter/sec:  5.757E+00
 Iteration:  00000031   DeltaT:  8.933E-06   Iter/sec:  5.318E+00
 Iteration:  00000032   DeltaT:  8.933E-06   Iter/sec:  5.499E+00
 Iteration:  00000033   DeltaT:  8.933E-06   Iter/sec:  6.362E+00
 Iteration:  00000034   DeltaT:  8.933E-06   Iter/sec:  6.026E+00
 Iteration:  00000035   DeltaT:  8.933E-06   Iter/sec:  4.834E+00
 Iteration:  00000036   DeltaT:  8.933E-06   Iter/sec:  6.269E+00
 Iteration:  00000037   DeltaT:  8.933E-06   Iter/sec:  5.825E+00
 Iteration:  00000038   DeltaT:  8.933E-06   Iter/sec:  5.364E+00
 Iteration:  00000039   DeltaT:  8.933E-06   Iter/sec:  4.104E+00
 Iteration:  00000040   DeltaT:  8.933E-06   Iter/sec:  6.328E+00
 Iteration:  00000041   DeltaT:  8.933E-06   Iter/sec:  5.567E+00
 Iteration:  00000042   DeltaT:  8.933E-06   Iter/sec:  4.831E+00
 Iteration:  00000043   DeltaT:  8.933E-06   Iter/sec:  6.248E+00
 Iteration:  00000044   DeltaT:  8.933E-06   Iter/sec:  6.215E+00
 Iteration:  00000045   DeltaT:  8.933E-06   Iter/sec:  6.091E+00
 Iteration:  00000046   DeltaT:  8.933E-06   Iter/sec:  4.161E+00
 Iteration:  00000047   DeltaT:  8.933E-06   Iter/sec:  6.104E+00
 Iteration:  00000048   DeltaT:  8.933E-06   Iter/sec:  5.295E+00
 Iteration:  00000049   DeltaT:  8.933E-06   Iter/sec:  4.681E+00
 Iteration:  00000050   DeltaT:  8.933E-06   Iter/sec:  6.572E+00


//////////////////////////////////////////////
   Measured Timings for Process 0  (seconds)

 Elapsed time:        10.1670
  Column time:         3.5898
     Row time:         2.6956
Legendre time:         0.7534
     FFT time:         0.4675
   Solve time:         0.1338
    rlma time:         0.0958
    rlmb time:         0.0412
  pspace time:         0.9027
  psolve time:         0.4171
    dphi time:         0.0483
captured time:         9.1452

     iter/sec:         4.9179
//////////////////////////////////////////////
