 //////////////////////////////////////
 Initializating Rayleigh...

 -- Initalizing MPI...
 ---- Specified parameters:
 ---- NCPU  :    512
 ---- NPROW :     32
 ---- NPCOL :     16
 -- MPI initialized.


 -- Initalizing Grid...
 ---- Specified parameters ----
 ---- N_R                 :    128
 ---- N_THETA             :    192
 ---- Ell_MAX             :    127
 ---- R_MIN               :  5.38462E-01
 ---- R_MAX               :  1.53846E+00
 ---- Chebyshev Domains   :      1

        Domain 1
          Grid points           :  128
          Dealiased Polynomials :  85
          Domain Lower Bound    :  5.38462E-01
          Domain Upper Bound    :  1.53846E+00

 -- Grid initialized.

 -- Initalizing Reference State...
 ---- Specified parameters:
 ---- Reference type           :  Boussinesq (Non-dimensional)
 ---- Rayleigh Number          :  1.00000E+05
 ---- Ekman Number             :  1.00000E-03
 ---- Prandtl Number           :  1.00000E+00
 ---- Magnetic Prandtl Number  :  5.00000E+00
 -- Reference State initialized.

 -- Initializing Fields...
 ---- Specified parameters:
 ---- Hydro Init Type    : Benchmark (Christensen et al. 2001)
 ---- Magnetic Init Type : Benchmark (Christensen et al. 2001)
 -- Fields initialized.

 Initialization Complete.
 //////////////////////////////////////

 Timestep has changed from  0.00000E+00 to  1.00000E-04.
 Iteration:  00000001   DeltaT:  1.000E-04   Iter/sec:  0.000E+00
 Timestep has changed from  1.00000E-04 to  2.55581E-06.
 Iteration:  00000002   DeltaT:  2.556E-06   Iter/sec:  6.350E+00
 Iteration:  00000003   DeltaT:  2.556E-06   Iter/sec:  1.259E+01
 Iteration:  00000004   DeltaT:  2.556E-06   Iter/sec:  3.088E+01
 Iteration:  00000005   DeltaT:  2.556E-06   Iter/sec:  2.993E+01
 Iteration:  00000006   DeltaT:  2.556E-06   Iter/sec:  3.164E+01
 Iteration:  00000007   DeltaT:  2.556E-06   Iter/sec:  3.181E+01
 Iteration:  00000008   DeltaT:  2.556E-06   Iter/sec:  3.081E+01
 Iteration:  00000009   DeltaT:  2.556E-06   Iter/sec:  3.143E+01
 Iteration:  00000010   DeltaT:  2.556E-06   Iter/sec:  3.197E+01
 Iteration:  00000011   DeltaT:  2.556E-06   Iter/sec:  2.961E+01
 Iteration:  00000012   DeltaT:  2.556E-06   Iter/sec:  3.214E+01
 Iteration:  00000013   DeltaT:  2.556E-06   Iter/sec:  3.160E+01
 Iteration:  00000014   DeltaT:  2.556E-06   Iter/sec:  2.801E+01
 Iteration:  00000015   DeltaT:  2.556E-06   Iter/sec:  3.356E+01
 Iteration:  00000016   DeltaT:  2.556E-06   Iter/sec:  3.164E+01
 Iteration:  00000017   DeltaT:  2.556E-06   Iter/sec:  3.295E+01
 Iteration:  00000018   DeltaT:  2.556E-06   Iter/sec:  3.186E+01
 Iteration:  00000019   DeltaT:  2.556E-06   Iter/sec:  3.161E+01
 Iteration:  00000020   DeltaT:  2.556E-06   Iter/sec:  2.933E+01
 Iteration:  00000021   DeltaT:  2.556E-06   Iter/sec:  3.181E+01
 Iteration:  00000022   DeltaT:  2.556E-06   Iter/sec:  3.315E+01
 Iteration:  00000023   DeltaT:  2.556E-06   Iter/sec:  3.193E+01
 Iteration:  00000024   DeltaT:  2.556E-06   Iter/sec:  3.184E+01
 Iteration:  00000025   DeltaT:  2.556E-06   Iter/sec:  3.149E+01
 Iteration:  00000026   DeltaT:  2.556E-06   Iter/sec:  3.217E+01
 Iteration:  00000027   DeltaT:  2.556E-06   Iter/sec:  2.958E+01
 Iteration:  00000028   DeltaT:  2.556E-06   Iter/sec:  3.167E+01
 Iteration:  00000029   DeltaT:  2.556E-06   Iter/sec:  3.309E+01
 Iteration:  00000030   DeltaT:  2.556E-06   Iter/sec:  3.159E+01
 Iteration:  00000031   DeltaT:  2.556E-06   Iter/sec:  3.220E+01
 Iteration:  00000032   DeltaT:  2.556E-06   Iter/sec:  3.099E+01
 Iteration:  00000033   DeltaT:  2.556E-06   Iter/sec:  3.144E+01
 Iteration:  00000034   DeltaT:  2.556E-06   Iter/sec:  3.251E+01
 Iteration:  00000035   DeltaT:  2.556E-06   Iter/sec:  3.222E+01
 Iteration:  00000036   DeltaT:  2.556E-06   Iter/sec:  3.152E+01
 Iteration:  00000037   DeltaT:  2.556E-06   Iter/sec:  3.101E+01
 Iteration:  00000038   DeltaT:  2.556E-06   Iter/sec:  3.184E+01
 Iteration:  00000039   DeltaT:  2.556E-06   Iter/sec:  3.267E+01
 Iteration:  00000040   DeltaT:  2.556E-06   Iter/sec:  3.131E+01
 Iteration:  00000041   DeltaT:  2.556E-06   Iter/sec:  3.259E+01
 Iteration:  00000042   DeltaT:  2.556E-06   Iter/sec:  3.049E+01
 Iteration:  00000043   DeltaT:  2.556E-06   Iter/sec:  3.234E+01
 Iteration:  00000044   DeltaT:  2.556E-06   Iter/sec:  3.124E+01
 Iteration:  00000045   DeltaT:  2.556E-06   Iter/sec:  3.229E+01
 Iteration:  00000046   DeltaT:  2.556E-06   Iter/sec:  3.242E+01
 Iteration:  00000047   DeltaT:  2.556E-06   Iter/sec:  3.161E+01
 Iteration:  00000048   DeltaT:  2.556E-06   Iter/sec:  3.227E+01
 Iteration:  00000049   DeltaT:  2.556E-06   Iter/sec:  3.276E+01
 Iteration:  00000050   DeltaT:  2.556E-06   Iter/sec:  3.126E+01


//////////////////////////////////////////////
   Measured Timings for Process 0  (seconds)

 Elapsed time:         2.0004
  Column time:         0.5143
     Row time:         0.4241
Legendre time:         0.1062
     FFT time:         0.1034
   Solve time:         0.2025
    rlma time:         0.0208
    rlmb time:         0.0083
  pspace time:         0.0890
  psolve time:         0.1779
    dphi time:         0.0113
captured time:         1.6579

     iter/sec:        24.9948
//////////////////////////////////////////////
