 //////////////////////////////////////
 Initializating Rayleigh...

 -- Initalizing MPI...
 ---- Specified parameters:
 ---- NCPU  :   1024
 ---- NPROW :     32
 ---- NPCOL :     32
 -- MPI initialized.


 -- Initalizing Grid...
 ---- Specified parameters ----
 ---- N_R                 :     64
 ---- N_THETA             :    192
 ---- Ell_MAX             :    127
 ---- R_MIN               :  5.38462E-01
 ---- R_MAX               :  1.53846E+00
 ---- Chebyshev Domains   :      1

        Domain 1
          Grid points           :  64
          Dealiased Polynomials :  42
          Domain Lower Bound    :  5.38462E-01
          Domain Upper Bound    :  1.53846E+00

 -- Grid initialized.

[SHTns 3.4.5] built Apr 26 2021, 15:32:45, id: avx2,ishioka
        Lmax=127, Mmax*Mres=127, Mres=1, Nlm=8256  [1 threads, orthonormalized]
        => using FFTW : Mmax=127, Nphi=384, Nlat=192  (data layout : phi_inc=192, theta_inc=1, phi_embed=384)
        => using Gauss nodes
        + polar optimization threshold = 1.0e-08
        finding optimal algorithm........
        + SHT accuracy = 7e-14
        => SHTns is ready.
 -- Initalizing Reference State...
 ---- Specified parameters:
 ---- Reference type           :  Boussinesq (Non-dimensional)
 ---- Rayleigh Number          :  1.00000E+05
 ---- Ekman Number             :  1.00000E-03
 ---- Prandtl Number           :  1.00000E+00
 ---- Magnetic Prandtl Number  :  5.00000E+00
 -- Reference State initialized.

 -- Initializing Fields...
 ---- Specified parameters:
 ---- Hydro Init Type    : Benchmark (Christensen et al. 2001)
 ---- Magnetic Init Type : Benchmark (Christensen et al. 2001)
 -- Fields initialized.

 Initialization Complete.
 //////////////////////////////////////

 Timestep has changed from  0.00000E+00 to  1.00000E-04.
 Iteration:  00000001   DeltaT:  1.000E-04   Iter/sec:  0.000E+00
 Timestep has changed from  1.00000E-04 to  1.02217E-05.
 Iteration:  00000002   DeltaT:  1.022E-05   Iter/sec:  2.699E-01
 Iteration:  00000003   DeltaT:  1.022E-05   Iter/sec:  8.712E+01
 Iteration:  00000004   DeltaT:  1.022E-05   Iter/sec:  1.251E+02
 Iteration:  00000005   DeltaT:  1.022E-05   Iter/sec:  1.301E+02
 Iteration:  00000006   DeltaT:  1.022E-05   Iter/sec:  1.372E+02
 Iteration:  00000007   DeltaT:  1.022E-05   Iter/sec:  1.303E+02
 Iteration:  00000008   DeltaT:  1.022E-05   Iter/sec:  1.390E+02
 Iteration:  00000009   DeltaT:  1.022E-05   Iter/sec:  1.297E+02
 Iteration:  00000010   DeltaT:  1.022E-05   Iter/sec:  9.984E+01
 Iteration:  00000011   DeltaT:  1.022E-05   Iter/sec:  1.355E+02
 Iteration:  00000012   DeltaT:  1.022E-05   Iter/sec:  1.420E+02
 Iteration:  00000013   DeltaT:  1.022E-05   Iter/sec:  1.284E+02
 Iteration:  00000014   DeltaT:  1.022E-05   Iter/sec:  1.244E+02
 Iteration:  00000015   DeltaT:  1.022E-05   Iter/sec:  1.195E+02
 Iteration:  00000016   DeltaT:  1.022E-05   Iter/sec:  1.429E+02
 Iteration:  00000017   DeltaT:  1.022E-05   Iter/sec:  1.349E+02
 Iteration:  00000018   DeltaT:  1.022E-05   Iter/sec:  1.305E+02
 Iteration:  00000019   DeltaT:  1.022E-05   Iter/sec:  1.220E+02
 Iteration:  00000020   DeltaT:  1.022E-05   Iter/sec:  1.360E+02
 Iteration:  00000021   DeltaT:  1.022E-05   Iter/sec:  1.325E+02
 Iteration:  00000022   DeltaT:  1.022E-05   Iter/sec:  1.414E+02
 Iteration:  00000023   DeltaT:  1.022E-05   Iter/sec:  1.301E+02
 Iteration:  00000024   DeltaT:  1.022E-05   Iter/sec:  1.411E+02
 Iteration:  00000025   DeltaT:  1.022E-05   Iter/sec:  1.124E+02
 Iteration:  00000026   DeltaT:  1.022E-05   Iter/sec:  4.591E+01
 Iteration:  00000027   DeltaT:  1.022E-05   Iter/sec:  3.582E+01
 Iteration:  00000028   DeltaT:  1.022E-05   Iter/sec:  7.531E+01
 Iteration:  00000029   DeltaT:  1.022E-05   Iter/sec:  1.308E+02
 Iteration:  00000030   DeltaT:  1.022E-05   Iter/sec:  1.361E+02
 Iteration:  00000031   DeltaT:  1.022E-05   Iter/sec:  8.756E+01
 Iteration:  00000032   DeltaT:  1.022E-05   Iter/sec:  7.323E+01
 Iteration:  00000033   DeltaT:  1.022E-05   Iter/sec:  1.067E+02
 Iteration:  00000034   DeltaT:  1.022E-05   Iter/sec:  1.412E+02
 Iteration:  00000035   DeltaT:  1.022E-05   Iter/sec:  1.391E+02
 Iteration:  00000036   DeltaT:  1.022E-05   Iter/sec:  1.344E+02
 Iteration:  00000037   DeltaT:  1.022E-05   Iter/sec:  3.745E+01
 Iteration:  00000038   DeltaT:  1.022E-05   Iter/sec:  2.728E+01
 Iteration:  00000039   DeltaT:  1.022E-05   Iter/sec:  1.655E+01
 Iteration:  00000040   DeltaT:  1.022E-05   Iter/sec:  1.207E+02
 Iteration:  00000041   DeltaT:  1.022E-05   Iter/sec:  1.429E+02
 Iteration:  00000042   DeltaT:  1.022E-05   Iter/sec:  1.389E+02
 Iteration:  00000043   DeltaT:  1.022E-05   Iter/sec:  1.432E+02
 Iteration:  00000044   DeltaT:  1.022E-05   Iter/sec:  1.373E+02
 Iteration:  00000045   DeltaT:  1.022E-05   Iter/sec:  1.366E+02
 Iteration:  00000046   DeltaT:  1.022E-05   Iter/sec:  1.183E+02
 Iteration:  00000047   DeltaT:  1.022E-05   Iter/sec:  1.450E+02
 Iteration:  00000048   DeltaT:  1.022E-05   Iter/sec:  1.405E+02
 Iteration:  00000049   DeltaT:  1.022E-05   Iter/sec:  1.297E+02
 Iteration:  00000050   DeltaT:  1.022E-05   Iter/sec:  1.450E+02


//////////////////////////////////////////////
   Measured Timings for Process 0  (seconds)

 Elapsed time:         1.3148
  Column time:         0.3039
     Row time:         0.1109
Legendre time:         0.0176
     FFT time:         0.0173
   Solve time:         0.0339
    rlma time:         0.0068
    rlmb time:         0.0033
  pspace time:         0.0104
  psolve time:         0.0312
    dphi time:         0.0011
captured time:         0.5364

     iter/sec:        38.0285
//////////////////////////////////////////////
