 //////////////////////////////////////
 Initializating Rayleigh...

 -- Initalizing MPI...
 ---- Specified parameters:
 ---- NCPU  :    128
 ---- NPROW :     16
 ---- NPCOL :      8
 -- MPI initialized.


 -- Initalizing Grid...
 ---- Specified parameters ----
 ---- N_R                 :    128
 ---- N_THETA             :   1536
 ---- Ell_MAX             :   1023
 ---- R_MIN               :  5.38462E-01
 ---- R_MAX               :  1.53846E+00
 ---- Chebyshev Domains   :      1

        Domain 1
          Grid points           :  128
          Dealiased Polynomials :  85
          Domain Lower Bound    :  5.38462E-01
          Domain Upper Bound    :  1.53846E+00

 -- Grid initialized.

 -- Initalizing Reference State...
 ---- Specified parameters:
 ---- Reference type           :  Boussinesq (Non-dimensional)
 ---- Rayleigh Number          :  1.00000E+05
 ---- Ekman Number             :  1.00000E-03
 ---- Prandtl Number           :  1.00000E+00
 ---- Magnetic Prandtl Number  :  5.00000E+00
 -- Reference State initialized.

 -- Initializing Fields...
 ---- Specified parameters:
 ---- Hydro Init Type    : Benchmark (Christensen et al. 2001)
 ---- Magnetic Init Type : Benchmark (Christensen et al. 2001)
 -- Fields initialized.

 Initialization Complete.
 //////////////////////////////////////

 Timestep has changed from  0.00000E+00 to  1.00000E-04.
 Iteration:  00000001   DeltaT:  1.000E-04   Iter/sec:  0.000E+00
 Timestep has changed from  1.00000E-04 to  2.55561E-06.
 Iteration:  00000002   DeltaT:  2.556E-06   Iter/sec:  5.134E-02
 Iteration:  00000003   DeltaT:  2.556E-06   Iter/sec:  7.988E-02
 Iteration:  00000004   DeltaT:  2.556E-06   Iter/sec:  8.455E-02
 Iteration:  00000005   DeltaT:  2.556E-06   Iter/sec:  8.453E-02
 Iteration:  00000006   DeltaT:  2.556E-06   Iter/sec:  8.456E-02
 Iteration:  00000007   DeltaT:  2.556E-06   Iter/sec:  8.448E-02
 Iteration:  00000008   DeltaT:  2.556E-06   Iter/sec:  8.431E-02
 Iteration:  00000009   DeltaT:  2.556E-06   Iter/sec:  8.465E-02
 Iteration:  00000010   DeltaT:  2.556E-06   Iter/sec:  8.427E-02
 Iteration:  00000011   DeltaT:  2.556E-06   Iter/sec:  8.437E-02
 Iteration:  00000012   DeltaT:  2.556E-06   Iter/sec:  8.447E-02
 Iteration:  00000013   DeltaT:  2.556E-06   Iter/sec:  8.455E-02
 Iteration:  00000014   DeltaT:  2.556E-06   Iter/sec:  8.472E-02
 Iteration:  00000015   DeltaT:  2.556E-06   Iter/sec:  8.440E-02
 Iteration:  00000016   DeltaT:  2.556E-06   Iter/sec:  8.479E-02
 Iteration:  00000017   DeltaT:  2.556E-06   Iter/sec:  8.509E-02
 Iteration:  00000018   DeltaT:  2.556E-06   Iter/sec:  8.459E-02
 Iteration:  00000019   DeltaT:  2.556E-06   Iter/sec:  8.470E-02
 Iteration:  00000020   DeltaT:  2.556E-06   Iter/sec:  8.417E-02
 Iteration:  00000021   DeltaT:  2.556E-06   Iter/sec:  8.478E-02
 Iteration:  00000022   DeltaT:  2.556E-06   Iter/sec:  8.448E-02
 Iteration:  00000023   DeltaT:  2.556E-06   Iter/sec:  8.473E-02
 Iteration:  00000024   DeltaT:  2.556E-06   Iter/sec:  8.457E-02
 Iteration:  00000025   DeltaT:  2.556E-06   Iter/sec:  8.579E-02
 Iteration:  00000026   DeltaT:  2.556E-06   Iter/sec:  8.363E-02
 Iteration:  00000027   DeltaT:  2.556E-06   Iter/sec:  8.447E-02
 Iteration:  00000028   DeltaT:  2.556E-06   Iter/sec:  8.491E-02
 Iteration:  00000029   DeltaT:  2.556E-06   Iter/sec:  8.473E-02
 Iteration:  00000030   DeltaT:  2.556E-06   Iter/sec:  8.459E-02
 Iteration:  00000031   DeltaT:  2.556E-06   Iter/sec:  8.458E-02
 Iteration:  00000032   DeltaT:  2.556E-06   Iter/sec:  8.618E-02
 Iteration:  00000033   DeltaT:  2.556E-06   Iter/sec:  8.289E-02
 Iteration:  00000034   DeltaT:  2.556E-06   Iter/sec:  8.482E-02
 Iteration:  00000035   DeltaT:  2.556E-06   Iter/sec:  8.480E-02
 Iteration:  00000036   DeltaT:  2.556E-06   Iter/sec:  8.468E-02
 Iteration:  00000037   DeltaT:  2.556E-06   Iter/sec:  8.475E-02
 Iteration:  00000038   DeltaT:  2.556E-06   Iter/sec:  8.482E-02
 Iteration:  00000039   DeltaT:  2.556E-06   Iter/sec:  8.610E-02
 Iteration:  00000040   DeltaT:  2.556E-06   Iter/sec:  8.332E-02
 Iteration:  00000041   DeltaT:  2.556E-06   Iter/sec:  8.457E-02
 Iteration:  00000042   DeltaT:  2.556E-06   Iter/sec:  8.509E-02
 Iteration:  00000043   DeltaT:  2.556E-06   Iter/sec:  8.428E-02
 Iteration:  00000044   DeltaT:  2.556E-06   Iter/sec:  8.484E-02
 Iteration:  00000045   DeltaT:  2.556E-06   Iter/sec:  8.515E-02
 Iteration:  00000046   DeltaT:  2.556E-06   Iter/sec:  8.412E-02
 Iteration:  00000047   DeltaT:  2.556E-06   Iter/sec:  8.461E-02
 Iteration:  00000048   DeltaT:  2.556E-06   Iter/sec:  8.489E-02
 Iteration:  00000049   DeltaT:  2.556E-06   Iter/sec:  8.464E-02
 Iteration:  00000050   DeltaT:  2.556E-06   Iter/sec:  8.522E-02


//////////////////////////////////////////////
   Measured Timings for Process 0  (seconds)

 Elapsed time:       623.8878
  Column time:        67.2866
     Row time:       210.6030
Legendre time:       111.8372
     FFT time:        33.3767
   Solve time:         7.7598
    rlma time:        14.3132
    rlmb time:         5.8703
  pspace time:        72.1847
  psolve time:        54.8774
    dphi time:         4.4317
captured time:       582.5406

     iter/sec:         0.0801
//////////////////////////////////////////////
