 //////////////////////////////////////
 Initializating Rayleigh...

 -- Initalizing MPI...
 ---- Specified parameters:
 ---- NCPU  :    256
 ---- NPROW :     16
 ---- NPCOL :     16
 -- MPI initialized.


 -- Initalizing Grid...
 ---- Specified parameters ----
 ---- N_R                 :     64
 ---- N_THETA             :    768
 ---- Ell_MAX             :    511
 ---- R_MIN               :  5.38462E-01
 ---- R_MAX               :  1.53846E+00
 ---- Chebyshev Domains   :      1

        Domain 1
          Grid points           :  64
          Dealiased Polynomials :  42
          Domain Lower Bound    :  5.38462E-01
          Domain Upper Bound    :  1.53846E+00

 -- Grid initialized.

[SHTns 3.4.5] built Apr 26 2021, 15:32:45, id: avx2,ishioka
        Lmax=511, Mmax*Mres=511, Mres=1, Nlm=131328  [1 threads, orthonormalized]
        => using FFTW : Mmax=511, Nphi=1536, Nlat=768  (data layout : phi_inc=768, theta_inc=1, phi_embed=1536)
        => using Gauss nodes
        + polar optimization threshold = 1.0e-08
        finding optimal algorithm........
        + SHT accuracy = 5.32e-13
        => SHTns is ready.
 -- Initalizing Reference State...
 ---- Specified parameters:
 ---- Reference type           :  Boussinesq (Non-dimensional)
 ---- Rayleigh Number          :  1.00000E+05
 ---- Ekman Number             :  1.00000E-03
 ---- Prandtl Number           :  1.00000E+00
 ---- Magnetic Prandtl Number  :  5.00000E+00
 -- Reference State initialized.

 -- Initializing Fields...
 ---- Specified parameters:
 ---- Hydro Init Type    : Benchmark (Christensen et al. 2001)
 ---- Magnetic Init Type : Benchmark (Christensen et al. 2001)
 -- Fields initialized.

 Initialization Complete.
 //////////////////////////////////////

 Timestep has changed from  0.00000E+00 to  1.00000E-04.
 Iteration:  00000001   DeltaT:  1.000E-04   Iter/sec:  0.000E+00
 Timestep has changed from  1.00000E-04 to  8.93257E-06.
 Iteration:  00000002   DeltaT:  8.933E-06   Iter/sec:  1.318E-01
 Iteration:  00000003   DeltaT:  8.933E-06   Iter/sec:  1.635E+00
 Iteration:  00000004   DeltaT:  8.933E-06   Iter/sec:  1.736E+00
 Iteration:  00000005   DeltaT:  8.933E-06   Iter/sec:  1.727E+00
 Iteration:  00000006   DeltaT:  8.933E-06   Iter/sec:  1.736E+00
 Iteration:  00000007   DeltaT:  8.933E-06   Iter/sec:  1.743E+00
 Iteration:  00000008   DeltaT:  8.933E-06   Iter/sec:  1.725E+00
 Iteration:  00000009   DeltaT:  8.933E-06   Iter/sec:  1.741E+00
 Iteration:  00000010   DeltaT:  8.933E-06   Iter/sec:  1.735E+00
 Iteration:  00000011   DeltaT:  8.933E-06   Iter/sec:  1.734E+00
 Iteration:  00000012   DeltaT:  8.933E-06   Iter/sec:  1.740E+00
 Iteration:  00000013   DeltaT:  8.933E-06   Iter/sec:  1.744E+00
 Iteration:  00000014   DeltaT:  8.933E-06   Iter/sec:  1.743E+00
 Iteration:  00000015   DeltaT:  8.933E-06   Iter/sec:  1.711E+00
 Iteration:  00000016   DeltaT:  8.933E-06   Iter/sec:  1.740E+00
 Iteration:  00000017   DeltaT:  8.933E-06   Iter/sec:  1.724E+00
 Iteration:  00000018   DeltaT:  8.933E-06   Iter/sec:  1.748E+00
 Iteration:  00000019   DeltaT:  8.933E-06   Iter/sec:  1.726E+00
 Iteration:  00000020   DeltaT:  8.933E-06   Iter/sec:  1.705E+00
 Iteration:  00000021   DeltaT:  8.933E-06   Iter/sec:  1.732E+00
 Iteration:  00000022   DeltaT:  8.933E-06   Iter/sec:  1.711E+00
 Iteration:  00000023   DeltaT:  8.933E-06   Iter/sec:  1.727E+00
 Iteration:  00000024   DeltaT:  8.933E-06   Iter/sec:  1.740E+00
 Iteration:  00000025   DeltaT:  8.933E-06   Iter/sec:  1.707E+00
 Iteration:  00000026   DeltaT:  8.933E-06   Iter/sec:  1.717E+00
 Iteration:  00000027   DeltaT:  8.933E-06   Iter/sec:  1.731E+00
 Iteration:  00000028   DeltaT:  8.933E-06   Iter/sec:  1.736E+00
 Iteration:  00000029   DeltaT:  8.933E-06   Iter/sec:  1.726E+00
 Iteration:  00000030   DeltaT:  8.933E-06   Iter/sec:  1.743E+00
 Iteration:  00000031   DeltaT:  8.933E-06   Iter/sec:  1.722E+00
 Iteration:  00000032   DeltaT:  8.933E-06   Iter/sec:  1.728E+00
 Iteration:  00000033   DeltaT:  8.933E-06   Iter/sec:  1.752E+00
 Iteration:  00000034   DeltaT:  8.933E-06   Iter/sec:  1.719E+00
 Iteration:  00000035   DeltaT:  8.933E-06   Iter/sec:  1.721E+00
 Iteration:  00000036   DeltaT:  8.933E-06   Iter/sec:  1.748E+00
 Iteration:  00000037   DeltaT:  8.933E-06   Iter/sec:  1.742E+00
 Iteration:  00000038   DeltaT:  8.933E-06   Iter/sec:  1.707E+00
 Iteration:  00000039   DeltaT:  8.933E-06   Iter/sec:  1.766E+00
 Iteration:  00000040   DeltaT:  8.933E-06   Iter/sec:  1.717E+00
 Iteration:  00000041   DeltaT:  8.933E-06   Iter/sec:  1.753E+00
 Iteration:  00000042   DeltaT:  8.933E-06   Iter/sec:  1.715E+00
 Iteration:  00000043   DeltaT:  8.933E-06   Iter/sec:  1.750E+00
 Iteration:  00000044   DeltaT:  8.933E-06   Iter/sec:  1.729E+00
 Iteration:  00000045   DeltaT:  8.933E-06   Iter/sec:  1.725E+00
 Iteration:  00000046   DeltaT:  8.933E-06   Iter/sec:  1.715E+00
 Iteration:  00000047   DeltaT:  8.933E-06   Iter/sec:  1.729E+00
 Iteration:  00000048   DeltaT:  8.933E-06   Iter/sec:  1.712E+00
 Iteration:  00000049   DeltaT:  8.933E-06   Iter/sec:  1.725E+00
 Iteration:  00000050   DeltaT:  8.933E-06   Iter/sec:  1.716E+00


//////////////////////////////////////////////
   Measured Timings for Process 0  (seconds)

 Elapsed time:        35.3079
  Column time:         5.2221
     Row time:         8.9896
Legendre time:         3.6011
     FFT time:         1.8712
   Solve time:         0.3963
    rlma time:         0.4206
    rlmb time:         0.1962
  pspace time:         4.6085
  psolve time:         3.0492
    dphi time:         0.2685
captured time:        28.6234

     iter/sec:         1.4161
//////////////////////////////////////////////
