 //////////////////////////////////////
 Initializating Rayleigh...

 -- Initalizing MPI...
 ---- Specified parameters:
 ---- NCPU  :    512
 ---- NPROW :     32
 ---- NPCOL :     16
 -- MPI initialized.


 -- Initalizing Grid...
 ---- Specified parameters ----
 ---- N_R                 :    128
 ---- N_THETA             :    768
 ---- Ell_MAX             :    511
 ---- R_MIN               :  5.38462E-01
 ---- R_MAX               :  1.53846E+00
 ---- Chebyshev Domains   :      1

        Domain 1
          Grid points           :  128
          Dealiased Polynomials :  85
          Domain Lower Bound    :  5.38462E-01
          Domain Upper Bound    :  1.53846E+00

 -- Grid initialized.

 -- Initalizing Reference State...
 ---- Specified parameters:
 ---- Reference type           :  Boussinesq (Non-dimensional)
 ---- Rayleigh Number          :  1.00000E+05
 ---- Ekman Number             :  1.00000E-03
 ---- Prandtl Number           :  1.00000E+00
 ---- Magnetic Prandtl Number  :  5.00000E+00
 -- Reference State initialized.

 -- Initializing Fields...
 ---- Specified parameters:
 ---- Hydro Init Type    : Benchmark (Christensen et al. 2001)
 ---- Magnetic Init Type : Benchmark (Christensen et al. 2001)
 -- Fields initialized.

 Initialization Complete.
 //////////////////////////////////////

 Timestep has changed from  0.00000E+00 to  1.00000E-04.
 Iteration:  00000001   DeltaT:  1.000E-04   Iter/sec:  0.000E+00
 Timestep has changed from  1.00000E-04 to  2.55562E-06.
 Iteration:  00000002   DeltaT:  2.556E-06   Iter/sec:  4.529E-01
 Iteration:  00000003   DeltaT:  2.556E-06   Iter/sec:  1.226E+00
 Iteration:  00000004   DeltaT:  2.556E-06   Iter/sec:  1.415E+00
 Iteration:  00000005   DeltaT:  2.556E-06   Iter/sec:  1.399E+00
 Iteration:  00000006   DeltaT:  2.556E-06   Iter/sec:  1.479E+00
 Iteration:  00000007   DeltaT:  2.556E-06   Iter/sec:  1.427E+00
 Iteration:  00000008   DeltaT:  2.556E-06   Iter/sec:  1.495E+00
 Iteration:  00000009   DeltaT:  2.556E-06   Iter/sec:  1.429E+00
 Iteration:  00000010   DeltaT:  2.556E-06   Iter/sec:  1.467E+00
 Iteration:  00000011   DeltaT:  2.556E-06   Iter/sec:  1.437E+00
 Iteration:  00000012   DeltaT:  2.556E-06   Iter/sec:  1.437E+00
 Iteration:  00000013   DeltaT:  2.556E-06   Iter/sec:  1.440E+00
 Iteration:  00000014   DeltaT:  2.556E-06   Iter/sec:  1.487E+00
 Iteration:  00000015   DeltaT:  2.556E-06   Iter/sec:  1.461E+00
 Iteration:  00000016   DeltaT:  2.556E-06   Iter/sec:  1.381E+00
 Iteration:  00000017   DeltaT:  2.556E-06   Iter/sec:  1.470E+00
 Iteration:  00000018   DeltaT:  2.556E-06   Iter/sec:  1.466E+00
 Iteration:  00000019   DeltaT:  2.556E-06   Iter/sec:  1.458E+00
 Iteration:  00000020   DeltaT:  2.556E-06   Iter/sec:  1.441E+00
 Iteration:  00000021   DeltaT:  2.556E-06   Iter/sec:  1.377E+00
 Iteration:  00000022   DeltaT:  2.556E-06   Iter/sec:  1.458E+00
 Iteration:  00000023   DeltaT:  2.556E-06   Iter/sec:  1.419E+00
 Iteration:  00000024   DeltaT:  2.556E-06   Iter/sec:  1.435E+00
 Iteration:  00000025   DeltaT:  2.556E-06   Iter/sec:  1.412E+00
 Iteration:  00000026   DeltaT:  2.556E-06   Iter/sec:  1.419E+00
 Iteration:  00000027   DeltaT:  2.556E-06   Iter/sec:  1.497E+00
 Iteration:  00000028   DeltaT:  2.556E-06   Iter/sec:  1.484E+00
 Iteration:  00000029   DeltaT:  2.556E-06   Iter/sec:  1.419E+00
 Iteration:  00000030   DeltaT:  2.556E-06   Iter/sec:  1.466E+00
 Iteration:  00000031   DeltaT:  2.556E-06   Iter/sec:  1.394E+00
 Iteration:  00000032   DeltaT:  2.556E-06   Iter/sec:  1.492E+00
 Iteration:  00000033   DeltaT:  2.556E-06   Iter/sec:  1.435E+00
 Iteration:  00000034   DeltaT:  2.556E-06   Iter/sec:  1.428E+00
 Iteration:  00000035   DeltaT:  2.556E-06   Iter/sec:  1.459E+00
 Iteration:  00000036   DeltaT:  2.556E-06   Iter/sec:  1.395E+00
 Iteration:  00000037   DeltaT:  2.556E-06   Iter/sec:  1.490E+00
 Iteration:  00000038   DeltaT:  2.556E-06   Iter/sec:  1.398E+00
 Iteration:  00000039   DeltaT:  2.556E-06   Iter/sec:  1.481E+00
 Iteration:  00000040   DeltaT:  2.556E-06   Iter/sec:  1.355E+00
 Iteration:  00000041   DeltaT:  2.556E-06   Iter/sec:  1.451E+00
 Iteration:  00000042   DeltaT:  2.556E-06   Iter/sec:  1.412E+00
 Iteration:  00000043   DeltaT:  2.556E-06   Iter/sec:  1.431E+00
 Iteration:  00000044   DeltaT:  2.556E-06   Iter/sec:  1.480E+00
 Iteration:  00000045   DeltaT:  2.556E-06   Iter/sec:  1.405E+00
 Iteration:  00000046   DeltaT:  2.556E-06   Iter/sec:  1.445E+00
 Iteration:  00000047   DeltaT:  2.556E-06   Iter/sec:  1.413E+00
 Iteration:  00000048   DeltaT:  2.556E-06   Iter/sec:  1.490E+00
 Iteration:  00000049   DeltaT:  2.556E-06   Iter/sec:  1.397E+00
 Iteration:  00000050   DeltaT:  2.556E-06   Iter/sec:  1.462E+00


//////////////////////////////////////////////
   Measured Timings for Process 0  (seconds)

 Elapsed time:        36.6043
  Column time:         7.9632
     Row time:        11.4769
Legendre time:         4.5826
     FFT time:         1.8783
   Solve time:         0.9566
    rlma time:         0.3793
    rlmb time:         0.1742
  pspace time:         3.9700
  psolve time:         3.2159
    dphi time:         0.1611
captured time:        34.7580

     iter/sec:         1.3660
//////////////////////////////////////////////
