 //////////////////////////////////////
 Initializating Rayleigh...

 -- Initalizing MPI...
 ---- Specified parameters:
 ---- NCPU  :   1024
 ---- NPROW :     16
 ---- NPCOL :     64
 -- MPI initialized.


 -- Initalizing Grid...
 ---- Specified parameters ----
 ---- N_R                 :    128
 ---- N_THETA             :    384
 ---- Ell_MAX             :    255
 ---- R_MIN               :  5.38462E-01
 ---- R_MAX               :  1.53846E+00
 ---- Chebyshev Domains   :      1

        Domain 1
          Grid points           :  128
          Dealiased Polynomials :  85
          Domain Lower Bound    :  5.38462E-01
          Domain Upper Bound    :  1.53846E+00

 -- Grid initialized.

 -- Initalizing Reference State...
 ---- Specified parameters:
 ---- Reference type           :  Boussinesq (Non-dimensional)
 ---- Rayleigh Number          :  1.00000E+05
 ---- Ekman Number             :  1.00000E-03
 ---- Prandtl Number           :  1.00000E+00
 ---- Magnetic Prandtl Number  :  5.00000E+00
 -- Reference State initialized.

 -- Initializing Fields...
 ---- Specified parameters:
 ---- Hydro Init Type    : Benchmark (Christensen et al. 2001)
 ---- Magnetic Init Type : Benchmark (Christensen et al. 2001)
 -- Fields initialized.

 Initialization Complete.
 //////////////////////////////////////

 Timestep has changed from  0.00000E+00 to  1.00000E-04.
 Iteration:  00000001   DeltaT:  1.000E-04   Iter/sec:  0.000E+00
 Timestep has changed from  1.00000E-04 to  2.55566E-06.
 Iteration:  00000002   DeltaT:  2.556E-06   Iter/sec:  3.090E+00
 Iteration:  00000003   DeltaT:  2.556E-06   Iter/sec:  8.200E+00
 Iteration:  00000004   DeltaT:  2.556E-06   Iter/sec:  1.456E+01
 Iteration:  00000005   DeltaT:  2.556E-06   Iter/sec:  7.495E+00
 Iteration:  00000006   DeltaT:  2.556E-06   Iter/sec:  1.565E+01
 Iteration:  00000007   DeltaT:  2.556E-06   Iter/sec:  1.456E+01
 Iteration:  00000008   DeltaT:  2.556E-06   Iter/sec:  1.511E+01
 Iteration:  00000009   DeltaT:  2.556E-06   Iter/sec:  1.552E+01
 Iteration:  00000010   DeltaT:  2.556E-06   Iter/sec:  1.610E+01
 Iteration:  00000011   DeltaT:  2.556E-06   Iter/sec:  1.419E+01
 Iteration:  00000012   DeltaT:  2.556E-06   Iter/sec:  1.020E+01
 Iteration:  00000013   DeltaT:  2.556E-06   Iter/sec:  8.281E+00
 Iteration:  00000014   DeltaT:  2.556E-06   Iter/sec:  1.135E+01
 Iteration:  00000015   DeltaT:  2.556E-06   Iter/sec:  1.578E+01
 Iteration:  00000016   DeltaT:  2.556E-06   Iter/sec:  1.569E+01
 Iteration:  00000017   DeltaT:  2.556E-06   Iter/sec:  1.602E+01
 Iteration:  00000018   DeltaT:  2.556E-06   Iter/sec:  1.599E+01
 Iteration:  00000019   DeltaT:  2.556E-06   Iter/sec:  1.567E+01
 Iteration:  00000020   DeltaT:  2.556E-06   Iter/sec:  1.152E+01
 Iteration:  00000021   DeltaT:  2.556E-06   Iter/sec:  1.576E+01
 Iteration:  00000022   DeltaT:  2.556E-06   Iter/sec:  7.369E+00
 Iteration:  00000023   DeltaT:  2.556E-06   Iter/sec:  1.552E+01
 Iteration:  00000024   DeltaT:  2.556E-06   Iter/sec:  1.598E+01
 Iteration:  00000025   DeltaT:  2.556E-06   Iter/sec:  1.563E+01
 Iteration:  00000026   DeltaT:  2.556E-06   Iter/sec:  1.611E+01
 Iteration:  00000027   DeltaT:  2.556E-06   Iter/sec:  1.600E+01
 Iteration:  00000028   DeltaT:  2.556E-06   Iter/sec:  1.509E+01
 Iteration:  00000029   DeltaT:  2.556E-06   Iter/sec:  1.013E+01
 Iteration:  00000030   DeltaT:  2.556E-06   Iter/sec:  9.299E+00
 Iteration:  00000031   DeltaT:  2.556E-06   Iter/sec:  9.665E+00
 Iteration:  00000032   DeltaT:  2.556E-06   Iter/sec:  1.434E+01
 Iteration:  00000033   DeltaT:  2.556E-06   Iter/sec:  1.537E+01
 Iteration:  00000034   DeltaT:  2.556E-06   Iter/sec:  1.529E+01
 Iteration:  00000035   DeltaT:  2.556E-06   Iter/sec:  1.598E+01
 Iteration:  00000036   DeltaT:  2.556E-06   Iter/sec:  1.590E+01
 Iteration:  00000037   DeltaT:  2.556E-06   Iter/sec:  1.191E+01
 Iteration:  00000038   DeltaT:  2.556E-06   Iter/sec:  1.569E+01
 Iteration:  00000039   DeltaT:  2.556E-06   Iter/sec:  6.503E+00
 Iteration:  00000040   DeltaT:  2.556E-06   Iter/sec:  1.566E+01
 Iteration:  00000041   DeltaT:  2.556E-06   Iter/sec:  1.586E+01
 Iteration:  00000042   DeltaT:  2.556E-06   Iter/sec:  1.591E+01
 Iteration:  00000043   DeltaT:  2.556E-06   Iter/sec:  1.603E+01
 Iteration:  00000044   DeltaT:  2.556E-06   Iter/sec:  1.610E+01
 Iteration:  00000045   DeltaT:  2.556E-06   Iter/sec:  1.146E+01
 Iteration:  00000046   DeltaT:  2.556E-06   Iter/sec:  1.341E+01
 Iteration:  00000047   DeltaT:  2.556E-06   Iter/sec:  8.515E+00
 Iteration:  00000048   DeltaT:  2.556E-06   Iter/sec:  1.336E+01
 Iteration:  00000049   DeltaT:  2.556E-06   Iter/sec:  1.593E+01
 Iteration:  00000050   DeltaT:  2.556E-06   Iter/sec:  1.516E+01


//////////////////////////////////////////////
   Measured Timings for Process 0  (seconds)

 Elapsed time:         5.3607
  Column time:         1.4065
     Row time:         0.9603
Legendre time:         0.3360
     FFT time:         0.2342
   Solve time:         0.1920
    rlma time:         0.0598
    rlmb time:         0.0211
  pspace time:         0.3481
  psolve time:         0.2928
    dphi time:         0.0276
captured time:         3.8784

     iter/sec:         9.3271
//////////////////////////////////////////////
