 //////////////////////////////////////
 Initializating Rayleigh...

 -- Initalizing MPI...
 ---- Specified parameters:
 ---- NCPU  :    512
 ---- NPROW :     32
 ---- NPCOL :     16
 -- MPI initialized.


 -- Initalizing Grid...
 ---- Specified parameters ----
 ---- N_R                 :    128
 ---- N_THETA             :   1536
 ---- Ell_MAX             :   1023
 ---- R_MIN               :  5.38462E-01
 ---- R_MAX               :  1.53846E+00
 ---- Chebyshev Domains   :      1

        Domain 1
          Grid points           :  128
          Dealiased Polynomials :  85
          Domain Lower Bound    :  5.38462E-01
          Domain Upper Bound    :  1.53846E+00

 -- Grid initialized.

[SHTns 3.4.5] built Apr 26 2021, 15:32:45, id: avx2,ishioka
        Lmax=1023, Mmax*Mres=1023, Mres=1, Nlm=524800  [1 threads, orthonormalized]
        => using FFTW : Mmax=1023, Nphi=3072, Nlat=1536  (data layout : phi_inc=1536, theta_inc=1, phi_embed=3072)
        => using Gauss nodes
        + polar optimization threshold = 1.0e-08
        finding optimal algorithm...
        + SHT accuracy = 1.3e-12
        => SHTns is ready.
 -- Initalizing Reference State...
 ---- Specified parameters:
 ---- Reference type           :  Boussinesq (Non-dimensional)
 ---- Rayleigh Number          :  1.00000E+05
 ---- Ekman Number             :  1.00000E-03
 ---- Prandtl Number           :  1.00000E+00
 ---- Magnetic Prandtl Number  :  5.00000E+00
 -- Reference State initialized.

 -- Initializing Fields...
 ---- Specified parameters:
 ---- Hydro Init Type    : Benchmark (Christensen et al. 2001)
 ---- Magnetic Init Type : Benchmark (Christensen et al. 2001)
 -- Fields initialized.

 Initialization Complete.
 //////////////////////////////////////

 Timestep has changed from  0.00000E+00 to  1.00000E-04.
 Iteration:  00000001   DeltaT:  1.000E-04   Iter/sec:  0.000E+00
 Timestep has changed from  1.00000E-04 to  2.55561E-06.
 Iteration:  00000002   DeltaT:  2.556E-06   Iter/sec:  8.792E-02
 Iteration:  00000003   DeltaT:  2.556E-06   Iter/sec:  3.201E-01
 Iteration:  00000004   DeltaT:  2.556E-06   Iter/sec:  3.550E-01
 Iteration:  00000005   DeltaT:  2.556E-06   Iter/sec:  3.475E-01
 Iteration:  00000006   DeltaT:  2.556E-06   Iter/sec:  3.595E-01
 Iteration:  00000007   DeltaT:  2.556E-06   Iter/sec:  3.472E-01
 Iteration:  00000008   DeltaT:  2.556E-06   Iter/sec:  3.615E-01
 Iteration:  00000009   DeltaT:  2.556E-06   Iter/sec:  3.511E-01
 Iteration:  00000010   DeltaT:  2.556E-06   Iter/sec:  3.606E-01
 Iteration:  00000011   DeltaT:  2.556E-06   Iter/sec:  3.454E-01
 Iteration:  00000012   DeltaT:  2.556E-06   Iter/sec:  3.599E-01
 Iteration:  00000013   DeltaT:  2.556E-06   Iter/sec:  3.497E-01
 Iteration:  00000014   DeltaT:  2.556E-06   Iter/sec:  3.560E-01
 Iteration:  00000015   DeltaT:  2.556E-06   Iter/sec:  3.485E-01
 Iteration:  00000016   DeltaT:  2.556E-06   Iter/sec:  3.593E-01
 Iteration:  00000017   DeltaT:  2.556E-06   Iter/sec:  3.492E-01
 Iteration:  00000018   DeltaT:  2.556E-06   Iter/sec:  3.583E-01
 Iteration:  00000019   DeltaT:  2.556E-06   Iter/sec:  3.492E-01
 Iteration:  00000020   DeltaT:  2.556E-06   Iter/sec:  3.621E-01
 Iteration:  00000021   DeltaT:  2.556E-06   Iter/sec:  3.444E-01
 Iteration:  00000022   DeltaT:  2.556E-06   Iter/sec:  3.624E-01
 Iteration:  00000023   DeltaT:  2.556E-06   Iter/sec:  3.485E-01
 Iteration:  00000024   DeltaT:  2.556E-06   Iter/sec:  3.629E-01
 Iteration:  00000025   DeltaT:  2.556E-06   Iter/sec:  3.519E-01
 Iteration:  00000026   DeltaT:  2.556E-06   Iter/sec:  3.588E-01
 Iteration:  00000027   DeltaT:  2.556E-06   Iter/sec:  3.490E-01
 Iteration:  00000028   DeltaT:  2.556E-06   Iter/sec:  3.641E-01
 Iteration:  00000029   DeltaT:  2.556E-06   Iter/sec:  3.459E-01
 Iteration:  00000030   DeltaT:  2.556E-06   Iter/sec:  3.634E-01
 Iteration:  00000031   DeltaT:  2.556E-06   Iter/sec:  3.434E-01
 Iteration:  00000032   DeltaT:  2.556E-06   Iter/sec:  3.649E-01
 Iteration:  00000033   DeltaT:  2.556E-06   Iter/sec:  3.490E-01
 Iteration:  00000034   DeltaT:  2.556E-06   Iter/sec:  3.608E-01
 Iteration:  00000035   DeltaT:  2.556E-06   Iter/sec:  3.512E-01
 Iteration:  00000036   DeltaT:  2.556E-06   Iter/sec:  3.560E-01
 Iteration:  00000037   DeltaT:  2.556E-06   Iter/sec:  3.493E-01
 Iteration:  00000038   DeltaT:  2.556E-06   Iter/sec:  3.608E-01
 Iteration:  00000039   DeltaT:  2.556E-06   Iter/sec:  3.467E-01
 Iteration:  00000040   DeltaT:  2.556E-06   Iter/sec:  3.619E-01
 Iteration:  00000041   DeltaT:  2.556E-06   Iter/sec:  3.450E-01
 Iteration:  00000042   DeltaT:  2.556E-06   Iter/sec:  3.606E-01
 Iteration:  00000043   DeltaT:  2.556E-06   Iter/sec:  3.491E-01
 Iteration:  00000044   DeltaT:  2.556E-06   Iter/sec:  3.620E-01
 Iteration:  00000045   DeltaT:  2.556E-06   Iter/sec:  3.457E-01
 Iteration:  00000046   DeltaT:  2.556E-06   Iter/sec:  3.604E-01
 Iteration:  00000047   DeltaT:  2.556E-06   Iter/sec:  3.491E-01
 Iteration:  00000048   DeltaT:  2.556E-06   Iter/sec:  3.662E-01
 Iteration:  00000049   DeltaT:  2.556E-06   Iter/sec:  3.454E-01
 Iteration:  00000050   DeltaT:  2.556E-06   Iter/sec:  3.551E-01


//////////////////////////////////////////////
   Measured Timings for Process 0  (seconds)

 Elapsed time:       161.8156
  Column time:        32.0444
     Row time:        40.9354
Legendre time:        23.2356
     FFT time:         8.2873
   Solve time:         2.5634
    rlma time:         2.6207
    rlmb time:         1.3819
  pspace time:        14.9719
  psolve time:        13.3389
    dphi time:         0.4821
captured time:       139.8615

     iter/sec:         0.3090
//////////////////////////////////////////////
