 //////////////////////////////////////
 Initializating Rayleigh...

 -- Initalizing MPI...
 ---- Specified parameters:
 ---- NCPU  :    128
 ---- NPROW :      8
 ---- NPCOL :     16
 -- MPI initialized.


 -- Initalizing Grid...
 ---- Specified parameters ----
 ---- N_R                 :     64
 ---- N_THETA             :    384
 ---- Ell_MAX             :    255
 ---- R_MIN               :  5.38462E-01
 ---- R_MAX               :  1.53846E+00
 ---- Chebyshev Domains   :      1

        Domain 1
          Grid points           :  64
          Dealiased Polynomials :  42
          Domain Lower Bound    :  5.38462E-01
          Domain Upper Bound    :  1.53846E+00

 -- Grid initialized.

 -- Initalizing Reference State...
 ---- Specified parameters:
 ---- Reference type           :  Boussinesq (Non-dimensional)
 ---- Rayleigh Number          :  1.00000E+05
 ---- Ekman Number             :  1.00000E-03
 ---- Prandtl Number           :  1.00000E+00
 ---- Magnetic Prandtl Number  :  5.00000E+00
 -- Reference State initialized.

 -- Initializing Fields...
 ---- Specified parameters:
 ---- Hydro Init Type    : Benchmark (Christensen et al. 2001)
 ---- Magnetic Init Type : Benchmark (Christensen et al. 2001)
 -- Fields initialized.

 Initialization Complete.
 //////////////////////////////////////

 Timestep has changed from  0.00000E+00 to  1.00000E-04.
 Iteration:  00000001   DeltaT:  1.000E-04   Iter/sec:  0.000E+00
 Timestep has changed from  1.00000E-04 to  1.02211E-05.
 Iteration:  00000002   DeltaT:  1.022E-05   Iter/sec:  1.543E+00
 Iteration:  00000003   DeltaT:  1.022E-05   Iter/sec:  3.613E+00
 Iteration:  00000004   DeltaT:  1.022E-05   Iter/sec:  3.825E+00
 Iteration:  00000005   DeltaT:  1.022E-05   Iter/sec:  3.678E+00
 Iteration:  00000006   DeltaT:  1.022E-05   Iter/sec:  3.748E+00
 Iteration:  00000007   DeltaT:  1.022E-05   Iter/sec:  3.745E+00
 Iteration:  00000008   DeltaT:  1.022E-05   Iter/sec:  3.747E+00
 Iteration:  00000009   DeltaT:  1.022E-05   Iter/sec:  3.795E+00
 Iteration:  00000010   DeltaT:  1.022E-05   Iter/sec:  3.739E+00
 Iteration:  00000011   DeltaT:  1.022E-05   Iter/sec:  3.713E+00
 Iteration:  00000012   DeltaT:  1.022E-05   Iter/sec:  3.735E+00
 Iteration:  00000013   DeltaT:  1.022E-05   Iter/sec:  3.726E+00
 Iteration:  00000014   DeltaT:  1.022E-05   Iter/sec:  3.779E+00
 Iteration:  00000015   DeltaT:  1.022E-05   Iter/sec:  3.706E+00
 Iteration:  00000016   DeltaT:  1.022E-05   Iter/sec:  3.717E+00
 Iteration:  00000017   DeltaT:  1.022E-05   Iter/sec:  3.779E+00
 Iteration:  00000018   DeltaT:  1.022E-05   Iter/sec:  3.695E+00
 Iteration:  00000019   DeltaT:  1.022E-05   Iter/sec:  3.845E+00
 Iteration:  00000020   DeltaT:  1.022E-05   Iter/sec:  3.717E+00
 Iteration:  00000021   DeltaT:  1.022E-05   Iter/sec:  3.699E+00
 Iteration:  00000022   DeltaT:  1.022E-05   Iter/sec:  3.772E+00
 Iteration:  00000023   DeltaT:  1.022E-05   Iter/sec:  3.733E+00
 Iteration:  00000024   DeltaT:  1.022E-05   Iter/sec:  3.734E+00
 Iteration:  00000025   DeltaT:  1.022E-05   Iter/sec:  3.777E+00
 Iteration:  00000026   DeltaT:  1.022E-05   Iter/sec:  3.699E+00
 Iteration:  00000027   DeltaT:  1.022E-05   Iter/sec:  3.769E+00
 Iteration:  00000028   DeltaT:  1.022E-05   Iter/sec:  3.716E+00
 Iteration:  00000029   DeltaT:  1.022E-05   Iter/sec:  3.758E+00
 Iteration:  00000030   DeltaT:  1.022E-05   Iter/sec:  3.797E+00
 Iteration:  00000031   DeltaT:  1.022E-05   Iter/sec:  3.690E+00
 Iteration:  00000032   DeltaT:  1.022E-05   Iter/sec:  3.730E+00
 Iteration:  00000033   DeltaT:  1.022E-05   Iter/sec:  3.726E+00
 Iteration:  00000034   DeltaT:  1.022E-05   Iter/sec:  3.748E+00
 Iteration:  00000035   DeltaT:  1.022E-05   Iter/sec:  3.780E+00
 Iteration:  00000036   DeltaT:  1.022E-05   Iter/sec:  3.744E+00
 Iteration:  00000037   DeltaT:  1.022E-05   Iter/sec:  3.749E+00
 Iteration:  00000038   DeltaT:  1.022E-05   Iter/sec:  3.734E+00
 Iteration:  00000039   DeltaT:  1.022E-05   Iter/sec:  3.782E+00
 Iteration:  00000040   DeltaT:  1.022E-05   Iter/sec:  3.753E+00
 Iteration:  00000041   DeltaT:  1.022E-05   Iter/sec:  3.761E+00
 Iteration:  00000042   DeltaT:  1.022E-05   Iter/sec:  3.690E+00
 Iteration:  00000043   DeltaT:  1.022E-05   Iter/sec:  3.744E+00
 Iteration:  00000044   DeltaT:  1.022E-05   Iter/sec:  3.713E+00
 Iteration:  00000045   DeltaT:  1.022E-05   Iter/sec:  3.736E+00
 Iteration:  00000046   DeltaT:  1.022E-05   Iter/sec:  3.768E+00
 Iteration:  00000047   DeltaT:  1.022E-05   Iter/sec:  3.730E+00
 Iteration:  00000048   DeltaT:  1.022E-05   Iter/sec:  3.703E+00
 Iteration:  00000049   DeltaT:  1.022E-05   Iter/sec:  3.756E+00
 Iteration:  00000050   DeltaT:  1.022E-05   Iter/sec:  3.743E+00


//////////////////////////////////////////////
   Measured Timings for Process 0  (seconds)

 Elapsed time:        13.7435
  Column time:         2.1745
     Row time:         4.4463
Legendre time:         1.6147
     FFT time:         0.9547
   Solve time:         0.2242
    rlma time:         0.2035
    rlmb time:         0.0923
  pspace time:         2.0768
  psolve time:         1.3622
    dphi time:         0.1027
captured time:        13.2519

     iter/sec:         3.6381
//////////////////////////////////////////////
