 //////////////////////////////////////
 Initializating Rayleigh...

 -- Initalizing MPI...
 ---- Specified parameters:
 ---- NCPU  :    256
 ---- NPROW :      8
 ---- NPCOL :     32
 -- MPI initialized.


 -- Initalizing Grid...
 ---- Specified parameters ----
 ---- N_R                 :     64
 ---- N_THETA             :    192
 ---- Ell_MAX             :    127
 ---- R_MIN               :  5.38462E-01
 ---- R_MAX               :  1.53846E+00
 ---- Chebyshev Domains   :      1

        Domain 1
          Grid points           :  64
          Dealiased Polynomials :  42
          Domain Lower Bound    :  5.38462E-01
          Domain Upper Bound    :  1.53846E+00

 -- Grid initialized.

 -- Initalizing Reference State...
 ---- Specified parameters:
 ---- Reference type           :  Boussinesq (Non-dimensional)
 ---- Rayleigh Number          :  1.00000E+05
 ---- Ekman Number             :  1.00000E-03
 ---- Prandtl Number           :  1.00000E+00
 ---- Magnetic Prandtl Number  :  5.00000E+00
 -- Reference State initialized.

 -- Initializing Fields...
 ---- Specified parameters:
 ---- Hydro Init Type    : Benchmark (Christensen et al. 2001)
 ---- Magnetic Init Type : Benchmark (Christensen et al. 2001)
 -- Fields initialized.

 Initialization Complete.
 //////////////////////////////////////

 Timestep has changed from  0.00000E+00 to  1.00000E-04.
 Iteration:  00000001   DeltaT:  1.000E-04   Iter/sec:  0.000E+00
 Timestep has changed from  1.00000E-04 to  1.02217E-05.
 Iteration:  00000002   DeltaT:  1.022E-05   Iter/sec:  7.773E+00
 Iteration:  00000003   DeltaT:  1.022E-05   Iter/sec:  3.418E+01
 Iteration:  00000004   DeltaT:  1.022E-05   Iter/sec:  4.122E+01
 Iteration:  00000005   DeltaT:  1.022E-05   Iter/sec:  4.170E+01
 Iteration:  00000006   DeltaT:  1.022E-05   Iter/sec:  4.210E+01
 Iteration:  00000007   DeltaT:  1.022E-05   Iter/sec:  4.205E+01
 Iteration:  00000008   DeltaT:  1.022E-05   Iter/sec:  3.908E+01
 Iteration:  00000009   DeltaT:  1.022E-05   Iter/sec:  4.220E+01
 Iteration:  00000010   DeltaT:  1.022E-05   Iter/sec:  4.075E+01
 Iteration:  00000011   DeltaT:  1.022E-05   Iter/sec:  4.276E+01
 Iteration:  00000012   DeltaT:  1.022E-05   Iter/sec:  4.302E+01
 Iteration:  00000013   DeltaT:  1.022E-05   Iter/sec:  4.259E+01
 Iteration:  00000014   DeltaT:  1.022E-05   Iter/sec:  4.211E+01
 Iteration:  00000015   DeltaT:  1.022E-05   Iter/sec:  4.345E+01
 Iteration:  00000016   DeltaT:  1.022E-05   Iter/sec:  4.201E+01
 Iteration:  00000017   DeltaT:  1.022E-05   Iter/sec:  4.338E+01
 Iteration:  00000018   DeltaT:  1.022E-05   Iter/sec:  4.262E+01
 Iteration:  00000019   DeltaT:  1.022E-05   Iter/sec:  4.147E+01
 Iteration:  00000020   DeltaT:  1.022E-05   Iter/sec:  4.294E+01
 Iteration:  00000021   DeltaT:  1.022E-05   Iter/sec:  4.267E+01
 Iteration:  00000022   DeltaT:  1.022E-05   Iter/sec:  4.293E+01
 Iteration:  00000023   DeltaT:  1.022E-05   Iter/sec:  4.296E+01
 Iteration:  00000024   DeltaT:  1.022E-05   Iter/sec:  4.219E+01
 Iteration:  00000025   DeltaT:  1.022E-05   Iter/sec:  4.291E+01
 Iteration:  00000026   DeltaT:  1.022E-05   Iter/sec:  4.306E+01
 Iteration:  00000027   DeltaT:  1.022E-05   Iter/sec:  4.284E+01
 Iteration:  00000028   DeltaT:  1.022E-05   Iter/sec:  4.342E+01
 Iteration:  00000029   DeltaT:  1.022E-05   Iter/sec:  4.316E+01
 Iteration:  00000030   DeltaT:  1.022E-05   Iter/sec:  4.256E+01
 Iteration:  00000031   DeltaT:  1.022E-05   Iter/sec:  4.277E+01
 Iteration:  00000032   DeltaT:  1.022E-05   Iter/sec:  4.332E+01
 Iteration:  00000033   DeltaT:  1.022E-05   Iter/sec:  4.196E+01
 Iteration:  00000034   DeltaT:  1.022E-05   Iter/sec:  4.124E+01
 Iteration:  00000035   DeltaT:  1.022E-05   Iter/sec:  4.383E+01
 Iteration:  00000036   DeltaT:  1.022E-05   Iter/sec:  4.317E+01
 Iteration:  00000037   DeltaT:  1.022E-05   Iter/sec:  4.344E+01
 Iteration:  00000038   DeltaT:  1.022E-05   Iter/sec:  4.336E+01
 Iteration:  00000039   DeltaT:  1.022E-05   Iter/sec:  4.295E+01
 Iteration:  00000040   DeltaT:  1.022E-05   Iter/sec:  4.379E+01
 Iteration:  00000041   DeltaT:  1.022E-05   Iter/sec:  4.330E+01
 Iteration:  00000042   DeltaT:  1.022E-05   Iter/sec:  4.292E+01
 Iteration:  00000043   DeltaT:  1.022E-05   Iter/sec:  4.299E+01
 Iteration:  00000044   DeltaT:  1.022E-05   Iter/sec:  4.273E+01
 Iteration:  00000045   DeltaT:  1.022E-05   Iter/sec:  4.315E+01
 Iteration:  00000046   DeltaT:  1.022E-05   Iter/sec:  4.313E+01
 Iteration:  00000047   DeltaT:  1.022E-05   Iter/sec:  4.211E+01
 Iteration:  00000048   DeltaT:  1.022E-05   Iter/sec:  4.311E+01
 Iteration:  00000049   DeltaT:  1.022E-05   Iter/sec:  4.282E+01
 Iteration:  00000050   DeltaT:  1.022E-05   Iter/sec:  4.354E+01


//////////////////////////////////////////////
   Measured Timings for Process 0  (seconds)

 Elapsed time:         1.9099
  Column time:         0.2852
     Row time:         0.3584
Legendre time:         0.1237
     FFT time:         0.0993
   Solve time:         0.0575
    rlma time:         0.0298
    rlmb time:         0.0120
  pspace time:         0.1024
  psolve time:         0.0970
    dphi time:         0.0079
captured time:         1.1732

     iter/sec:        26.1790
//////////////////////////////////////////////
