 //////////////////////////////////////
 Initializating Rayleigh...

 -- Initalizing MPI...
 ---- Specified parameters:
 ---- NCPU  :    128
 ---- NPROW :     16
 ---- NPCOL :      8
 -- MPI initialized.


 -- Initalizing Grid...
 ---- Specified parameters ----
 ---- N_R                 :     64
 ---- N_THETA             :    768
 ---- Ell_MAX             :    511
 ---- R_MIN               :  5.38462E-01
 ---- R_MAX               :  1.53846E+00
 ---- Chebyshev Domains   :      1

        Domain 1
          Grid points           :  64
          Dealiased Polynomials :  42
          Domain Lower Bound    :  5.38462E-01
          Domain Upper Bound    :  1.53846E+00

 -- Grid initialized.

 -- Initalizing Reference State...
 ---- Specified parameters:
 ---- Reference type           :  Boussinesq (Non-dimensional)
 ---- Rayleigh Number          :  1.00000E+05
 ---- Ekman Number             :  1.00000E-03
 ---- Prandtl Number           :  1.00000E+00
 ---- Magnetic Prandtl Number  :  5.00000E+00
 -- Reference State initialized.

 -- Initializing Fields...
 ---- Specified parameters:
 ---- Hydro Init Type    : Benchmark (Christensen et al. 2001)
 ---- Magnetic Init Type : Benchmark (Christensen et al. 2001)
 -- Fields initialized.

 Initialization Complete.
 //////////////////////////////////////

 Timestep has changed from  0.00000E+00 to  1.00000E-04.
 Iteration:  00000001   DeltaT:  1.000E-04   Iter/sec:  0.000E+00
 Timestep has changed from  1.00000E-04 to  8.93257E-06.
 Iteration:  00000002   DeltaT:  8.933E-06   Iter/sec:  4.364E-01
 Iteration:  00000003   DeltaT:  8.933E-06   Iter/sec:  8.162E-01
 Iteration:  00000004   DeltaT:  8.933E-06   Iter/sec:  8.574E-01
 Iteration:  00000005   DeltaT:  8.933E-06   Iter/sec:  8.655E-01
 Iteration:  00000006   DeltaT:  8.933E-06   Iter/sec:  8.539E-01
 Iteration:  00000007   DeltaT:  8.933E-06   Iter/sec:  8.593E-01
 Iteration:  00000008   DeltaT:  8.933E-06   Iter/sec:  8.572E-01
 Iteration:  00000009   DeltaT:  8.933E-06   Iter/sec:  8.630E-01
 Iteration:  00000010   DeltaT:  8.933E-06   Iter/sec:  8.633E-01
 Iteration:  00000011   DeltaT:  8.933E-06   Iter/sec:  8.608E-01
 Iteration:  00000012   DeltaT:  8.933E-06   Iter/sec:  8.672E-01
 Iteration:  00000013   DeltaT:  8.933E-06   Iter/sec:  8.436E-01
 Iteration:  00000014   DeltaT:  8.933E-06   Iter/sec:  8.583E-01
 Iteration:  00000015   DeltaT:  8.933E-06   Iter/sec:  8.549E-01
 Iteration:  00000016   DeltaT:  8.933E-06   Iter/sec:  8.642E-01
 Iteration:  00000017   DeltaT:  8.933E-06   Iter/sec:  8.708E-01
 Iteration:  00000018   DeltaT:  8.933E-06   Iter/sec:  8.541E-01
 Iteration:  00000019   DeltaT:  8.933E-06   Iter/sec:  8.634E-01
 Iteration:  00000020   DeltaT:  8.933E-06   Iter/sec:  8.680E-01
 Iteration:  00000021   DeltaT:  8.933E-06   Iter/sec:  8.606E-01
 Iteration:  00000022   DeltaT:  8.933E-06   Iter/sec:  8.567E-01
 Iteration:  00000023   DeltaT:  8.933E-06   Iter/sec:  8.441E-01
 Iteration:  00000024   DeltaT:  8.933E-06   Iter/sec:  8.493E-01
 Iteration:  00000025   DeltaT:  8.933E-06   Iter/sec:  8.735E-01
 Iteration:  00000026   DeltaT:  8.933E-06   Iter/sec:  8.539E-01
 Iteration:  00000027   DeltaT:  8.933E-06   Iter/sec:  8.545E-01
 Iteration:  00000028   DeltaT:  8.933E-06   Iter/sec:  8.691E-01
 Iteration:  00000029   DeltaT:  8.933E-06   Iter/sec:  8.588E-01
 Iteration:  00000030   DeltaT:  8.933E-06   Iter/sec:  8.613E-01
 Iteration:  00000031   DeltaT:  8.933E-06   Iter/sec:  8.528E-01
 Iteration:  00000032   DeltaT:  8.933E-06   Iter/sec:  8.630E-01
 Iteration:  00000033   DeltaT:  8.933E-06   Iter/sec:  8.605E-01
 Iteration:  00000034   DeltaT:  8.933E-06   Iter/sec:  8.559E-01
 Iteration:  00000035   DeltaT:  8.933E-06   Iter/sec:  8.619E-01
 Iteration:  00000036   DeltaT:  8.933E-06   Iter/sec:  8.612E-01
 Iteration:  00000037   DeltaT:  8.933E-06   Iter/sec:  8.494E-01
 Iteration:  00000038   DeltaT:  8.933E-06   Iter/sec:  8.487E-01
 Iteration:  00000039   DeltaT:  8.933E-06   Iter/sec:  8.333E-01
 Iteration:  00000040   DeltaT:  8.933E-06   Iter/sec:  8.692E-01
 Iteration:  00000041   DeltaT:  8.933E-06   Iter/sec:  8.649E-01
 Iteration:  00000042   DeltaT:  8.933E-06   Iter/sec:  8.732E-01
 Iteration:  00000043   DeltaT:  8.933E-06   Iter/sec:  8.520E-01
 Iteration:  00000044   DeltaT:  8.933E-06   Iter/sec:  8.603E-01
 Iteration:  00000045   DeltaT:  8.933E-06   Iter/sec:  8.692E-01
 Iteration:  00000046   DeltaT:  8.933E-06   Iter/sec:  8.603E-01
 Iteration:  00000047   DeltaT:  8.933E-06   Iter/sec:  8.612E-01
 Iteration:  00000048   DeltaT:  8.933E-06   Iter/sec:  8.631E-01
 Iteration:  00000049   DeltaT:  8.933E-06   Iter/sec:  8.621E-01
 Iteration:  00000050   DeltaT:  8.933E-06   Iter/sec:  8.617E-01


//////////////////////////////////////////////
   Measured Timings for Process 0  (seconds)

 Elapsed time:        60.6287
  Column time:         6.2386
     Row time:        21.4989
Legendre time:         8.8236
     FFT time:         3.8239
   Solve time:         0.7395
    rlma time:         0.8011
    rlmb time:         0.4617
  pspace time:         9.0020
  psolve time:         5.8292
    dphi time:         0.4323
captured time:        57.6508

     iter/sec:         0.8247
//////////////////////////////////////////////
