 //////////////////////////////////////
 Initializating Rayleigh...

 -- Initalizing MPI...
 ---- Specified parameters:
 ---- NCPU  :   2048
 ---- NPROW :     32
 ---- NPCOL :     64
 -- MPI initialized.


 -- Initalizing Grid...
 ---- Specified parameters ----
 ---- N_R                 :     64
 ---- N_THETA             :    768
 ---- Ell_MAX             :    511
 ---- R_MIN               :  5.38462E-01
 ---- R_MAX               :  1.53846E+00
 ---- Chebyshev Domains   :      1

        Domain 1
          Grid points           :  64
          Dealiased Polynomials :  42
          Domain Lower Bound    :  5.38462E-01
          Domain Upper Bound    :  1.53846E+00

 -- Grid initialized.

[SHTns 3.4.5] built Apr 26 2021, 15:32:45, id: avx2,ishioka
        Lmax=511, Mmax*Mres=511, Mres=1, Nlm=131328  [1 threads, orthonormalized]
        => using FFTW : Mmax=511, Nphi=1536, Nlat=768  (data layout : phi_inc=768, theta_inc=1, phi_embed=1536)
        => using Gauss nodes
        + polar optimization threshold = 1.0e-08
        finding optimal algorithm........
        + SHT accuracy = 3.94e-13
        => SHTns is ready.
 -- Initalizing Reference State...
 ---- Specified parameters:
 ---- Reference type           :  Boussinesq (Non-dimensional)
 ---- Rayleigh Number          :  1.00000E+05
 ---- Ekman Number             :  1.00000E-03
 ---- Prandtl Number           :  1.00000E+00
 ---- Magnetic Prandtl Number  :  5.00000E+00
 -- Reference State initialized.

 -- Initializing Fields...
 ---- Specified parameters:
 ---- Hydro Init Type    : Benchmark (Christensen et al. 2001)
 ---- Magnetic Init Type : Benchmark (Christensen et al. 2001)
 -- Fields initialized.

 Initialization Complete.
 //////////////////////////////////////

 Timestep has changed from  0.00000E+00 to  1.00000E-04.
 Iteration:  00000001   DeltaT:  1.000E-04   Iter/sec:  0.000E+00
 Timestep has changed from  1.00000E-04 to  8.93257E-06.
 Iteration:  00000002   DeltaT:  8.933E-06   Iter/sec:  1.392E-01
 Iteration:  00000003   DeltaT:  8.933E-06   Iter/sec:  5.933E+00
 Iteration:  00000004   DeltaT:  8.933E-06   Iter/sec:  1.230E+01
 Iteration:  00000005   DeltaT:  8.933E-06   Iter/sec:  1.183E+01
 Iteration:  00000006   DeltaT:  8.933E-06   Iter/sec:  1.202E+01
 Iteration:  00000007   DeltaT:  8.933E-06   Iter/sec:  1.216E+01
 Iteration:  00000008   DeltaT:  8.933E-06   Iter/sec:  9.485E+00
 Iteration:  00000009   DeltaT:  8.933E-06   Iter/sec:  7.154E+00
 Iteration:  00000010   DeltaT:  8.933E-06   Iter/sec:  1.054E+01
 Iteration:  00000011   DeltaT:  8.933E-06   Iter/sec:  1.187E+01
 Iteration:  00000012   DeltaT:  8.933E-06   Iter/sec:  1.188E+01
 Iteration:  00000013   DeltaT:  8.933E-06   Iter/sec:  1.217E+01
 Iteration:  00000014   DeltaT:  8.933E-06   Iter/sec:  1.177E+01
 Iteration:  00000015   DeltaT:  8.933E-06   Iter/sec:  8.323E+00
 Iteration:  00000016   DeltaT:  8.933E-06   Iter/sec:  6.590E+00
 Iteration:  00000017   DeltaT:  8.933E-06   Iter/sec:  1.236E+01
 Iteration:  00000018   DeltaT:  8.933E-06   Iter/sec:  1.227E+01
 Iteration:  00000019   DeltaT:  8.933E-06   Iter/sec:  1.202E+01
 Iteration:  00000020   DeltaT:  8.933E-06   Iter/sec:  1.228E+01
 Iteration:  00000021   DeltaT:  8.933E-06   Iter/sec:  8.683E+00
 Iteration:  00000022   DeltaT:  8.933E-06   Iter/sec:  1.249E+01
 Iteration:  00000023   DeltaT:  8.933E-06   Iter/sec:  6.514E+00
 Iteration:  00000024   DeltaT:  8.933E-06   Iter/sec:  1.161E+01
 Iteration:  00000025   DeltaT:  8.933E-06   Iter/sec:  1.245E+01
 Iteration:  00000026   DeltaT:  8.933E-06   Iter/sec:  1.190E+01
 Iteration:  00000027   DeltaT:  8.933E-06   Iter/sec:  1.205E+01
 Iteration:  00000028   DeltaT:  8.933E-06   Iter/sec:  9.861E+00
 Iteration:  00000029   DeltaT:  8.933E-06   Iter/sec:  6.744E+00
 Iteration:  00000030   DeltaT:  8.933E-06   Iter/sec:  9.510E+00
 Iteration:  00000031   DeltaT:  8.933E-06   Iter/sec:  1.179E+01
 Iteration:  00000032   DeltaT:  8.933E-06   Iter/sec:  1.256E+01
 Iteration:  00000033   DeltaT:  8.933E-06   Iter/sec:  1.218E+01
 Iteration:  00000034   DeltaT:  8.933E-06   Iter/sec:  1.190E+01
 Iteration:  00000035   DeltaT:  8.933E-06   Iter/sec:  1.069E+01
 Iteration:  00000036   DeltaT:  8.933E-06   Iter/sec:  6.568E+00
 Iteration:  00000037   DeltaT:  8.933E-06   Iter/sec:  1.248E+01
 Iteration:  00000038   DeltaT:  8.933E-06   Iter/sec:  1.098E+01
 Iteration:  00000039   DeltaT:  8.933E-06   Iter/sec:  1.185E+01
 Iteration:  00000040   DeltaT:  8.933E-06   Iter/sec:  1.199E+01
 Iteration:  00000041   DeltaT:  8.933E-06   Iter/sec:  1.002E+01
 Iteration:  00000042   DeltaT:  8.933E-06   Iter/sec:  1.102E+01
 Iteration:  00000043   DeltaT:  8.933E-06   Iter/sec:  6.591E+00
 Iteration:  00000044   DeltaT:  8.933E-06   Iter/sec:  1.210E+01
 Iteration:  00000045   DeltaT:  8.933E-06   Iter/sec:  1.120E+01
 Iteration:  00000046   DeltaT:  8.933E-06   Iter/sec:  1.068E+01
 Iteration:  00000047   DeltaT:  8.933E-06   Iter/sec:  1.188E+01
 Iteration:  00000048   DeltaT:  8.933E-06   Iter/sec:  9.323E+00
 Iteration:  00000049   DeltaT:  8.933E-06   Iter/sec:  1.171E+01
 Iteration:  00000050   DeltaT:  8.933E-06   Iter/sec:  6.605E+00


//////////////////////////////////////////////
   Measured Timings for Process 0  (seconds)

 Elapsed time:         7.3882
  Column time:         2.4705
     Row time:         1.2365
Legendre time:         0.3775
     FFT time:         0.3229
   Solve time:         0.0817
    rlma time:         0.0620
    rlmb time:         0.0262
  pspace time:         0.2259
  psolve time:         0.1895
    dphi time:         0.0264
captured time:         5.0190

     iter/sec:         6.7675
//////////////////////////////////////////////
