 //////////////////////////////////////
 Initializating Rayleigh...

 -- Initalizing MPI...
 ---- Specified parameters:
 ---- NCPU  :    256
 ---- NPROW :     32
 ---- NPCOL :      8
 -- MPI initialized.


 -- Initalizing Grid...
 ---- Specified parameters ----
 ---- N_R                 :     64
 ---- N_THETA             :    192
 ---- Ell_MAX             :    127
 ---- R_MIN               :  5.38462E-01
 ---- R_MAX               :  1.53846E+00
 ---- Chebyshev Domains   :      1

        Domain 1
          Grid points           :  64
          Dealiased Polynomials :  42
          Domain Lower Bound    :  5.38462E-01
          Domain Upper Bound    :  1.53846E+00

 -- Grid initialized.

 -- Initalizing Reference State...
 ---- Specified parameters:
 ---- Reference type           :  Boussinesq (Non-dimensional)
 ---- Rayleigh Number          :  1.00000E+05
 ---- Ekman Number             :  1.00000E-03
 ---- Prandtl Number           :  1.00000E+00
 ---- Magnetic Prandtl Number  :  5.00000E+00
 -- Reference State initialized.

 -- Initializing Fields...
 ---- Specified parameters:
 ---- Hydro Init Type    : Benchmark (Christensen et al. 2001)
 ---- Magnetic Init Type : Benchmark (Christensen et al. 2001)
 -- Fields initialized.

 Initialization Complete.
 //////////////////////////////////////

 Timestep has changed from  0.00000E+00 to  1.00000E-04.
 Iteration:  00000001   DeltaT:  1.000E-04   Iter/sec:  0.000E+00
 Timestep has changed from  1.00000E-04 to  1.02217E-05.
 Iteration:  00000002   DeltaT:  1.022E-05   Iter/sec:  8.462E+00
 Iteration:  00000003   DeltaT:  1.022E-05   Iter/sec:  2.174E+01
 Iteration:  00000004   DeltaT:  1.022E-05   Iter/sec:  3.402E+01
 Iteration:  00000005   DeltaT:  1.022E-05   Iter/sec:  3.326E+01
 Iteration:  00000006   DeltaT:  1.022E-05   Iter/sec:  3.553E+01
 Iteration:  00000007   DeltaT:  1.022E-05   Iter/sec:  3.677E+01
 Iteration:  00000008   DeltaT:  1.022E-05   Iter/sec:  3.384E+01
 Iteration:  00000009   DeltaT:  1.022E-05   Iter/sec:  3.528E+01
 Iteration:  00000010   DeltaT:  1.022E-05   Iter/sec:  3.433E+01
 Iteration:  00000011   DeltaT:  1.022E-05   Iter/sec:  3.596E+01
 Iteration:  00000012   DeltaT:  1.022E-05   Iter/sec:  3.544E+01
 Iteration:  00000013   DeltaT:  1.022E-05   Iter/sec:  3.692E+01
 Iteration:  00000014   DeltaT:  1.022E-05   Iter/sec:  3.499E+01
 Iteration:  00000015   DeltaT:  1.022E-05   Iter/sec:  3.539E+01
 Iteration:  00000016   DeltaT:  1.022E-05   Iter/sec:  3.555E+01
 Iteration:  00000017   DeltaT:  1.022E-05   Iter/sec:  3.407E+01
 Iteration:  00000018   DeltaT:  1.022E-05   Iter/sec:  3.883E+01
 Iteration:  00000019   DeltaT:  1.022E-05   Iter/sec:  3.588E+01
 Iteration:  00000020   DeltaT:  1.022E-05   Iter/sec:  3.631E+01
 Iteration:  00000021   DeltaT:  1.022E-05   Iter/sec:  3.739E+01
 Iteration:  00000022   DeltaT:  1.022E-05   Iter/sec:  3.475E+01
 Iteration:  00000023   DeltaT:  1.022E-05   Iter/sec:  3.522E+01
 Iteration:  00000024   DeltaT:  1.022E-05   Iter/sec:  3.498E+01
 Iteration:  00000025   DeltaT:  1.022E-05   Iter/sec:  3.355E+01
 Iteration:  00000026   DeltaT:  1.022E-05   Iter/sec:  3.741E+01
 Iteration:  00000027   DeltaT:  1.022E-05   Iter/sec:  3.765E+01
 Iteration:  00000028   DeltaT:  1.022E-05   Iter/sec:  3.336E+01
 Iteration:  00000029   DeltaT:  1.022E-05   Iter/sec:  3.708E+01
 Iteration:  00000030   DeltaT:  1.022E-05   Iter/sec:  3.634E+01
 Iteration:  00000031   DeltaT:  1.022E-05   Iter/sec:  3.454E+01
 Iteration:  00000032   DeltaT:  1.022E-05   Iter/sec:  3.544E+01
 Iteration:  00000033   DeltaT:  1.022E-05   Iter/sec:  3.613E+01
 Iteration:  00000034   DeltaT:  1.022E-05   Iter/sec:  3.676E+01
 Iteration:  00000035   DeltaT:  1.022E-05   Iter/sec:  3.531E+01
 Iteration:  00000036   DeltaT:  1.022E-05   Iter/sec:  3.514E+01
 Iteration:  00000037   DeltaT:  1.022E-05   Iter/sec:  3.644E+01
 Iteration:  00000038   DeltaT:  1.022E-05   Iter/sec:  3.452E+01
 Iteration:  00000039   DeltaT:  1.022E-05   Iter/sec:  3.545E+01
 Iteration:  00000040   DeltaT:  1.022E-05   Iter/sec:  3.614E+01
 Iteration:  00000041   DeltaT:  1.022E-05   Iter/sec:  3.592E+01
 Iteration:  00000042   DeltaT:  1.022E-05   Iter/sec:  3.676E+01
 Iteration:  00000043   DeltaT:  1.022E-05   Iter/sec:  3.615E+01
 Iteration:  00000044   DeltaT:  1.022E-05   Iter/sec:  3.230E+01
 Iteration:  00000045   DeltaT:  1.022E-05   Iter/sec:  3.622E+01
 Iteration:  00000046   DeltaT:  1.022E-05   Iter/sec:  3.500E+01
 Iteration:  00000047   DeltaT:  1.022E-05   Iter/sec:  3.476E+01
 Iteration:  00000048   DeltaT:  1.022E-05   Iter/sec:  3.687E+01
 Iteration:  00000049   DeltaT:  1.022E-05   Iter/sec:  3.569E+01
 Iteration:  00000050   DeltaT:  1.022E-05   Iter/sec:  3.817E+01


//////////////////////////////////////////////
   Measured Timings for Process 0  (seconds)

 Elapsed time:         1.7005
  Column time:         0.4215
     Row time:         0.4505
Legendre time:         0.1085
     FFT time:         0.1101
   Solve time:         0.1069
    rlma time:         0.0219
    rlmb time:         0.0085
  pspace time:         0.0755
  psolve time:         0.1158
    dphi time:         0.0105
captured time:         1.4297

     iter/sec:        29.4032
//////////////////////////////////////////////
