 //////////////////////////////////////
 Initializating Rayleigh...

 -- Initalizing MPI...
 ---- Specified parameters:
 ---- NCPU  :    128
 ---- NPROW :      8
 ---- NPCOL :     16
 -- MPI initialized.


 -- Initalizing Grid...
 ---- Specified parameters ----
 ---- N_R                 :     64
 ---- N_THETA             :    768
 ---- Ell_MAX             :    511
 ---- R_MIN               :  5.38462E-01
 ---- R_MAX               :  1.53846E+00
 ---- Chebyshev Domains   :      1

        Domain 1
          Grid points           :  64
          Dealiased Polynomials :  42
          Domain Lower Bound    :  5.38462E-01
          Domain Upper Bound    :  1.53846E+00

 -- Grid initialized.

 -- Initalizing Reference State...
 ---- Specified parameters:
 ---- Reference type           :  Boussinesq (Non-dimensional)
 ---- Rayleigh Number          :  1.00000E+05
 ---- Ekman Number             :  1.00000E-03
 ---- Prandtl Number           :  1.00000E+00
 ---- Magnetic Prandtl Number  :  5.00000E+00
 -- Reference State initialized.

 -- Initializing Fields...
 ---- Specified parameters:
 ---- Hydro Init Type    : Benchmark (Christensen et al. 2001)
 ---- Magnetic Init Type : Benchmark (Christensen et al. 2001)
 -- Fields initialized.

 Initialization Complete.
 //////////////////////////////////////

 Timestep has changed from  0.00000E+00 to  1.00000E-04.
 Iteration:  00000001   DeltaT:  1.000E-04   Iter/sec:  0.000E+00
 Timestep has changed from  1.00000E-04 to  8.93257E-06.
 Iteration:  00000002   DeltaT:  8.933E-06   Iter/sec:  3.248E-01
 Iteration:  00000003   DeltaT:  8.933E-06   Iter/sec:  8.420E-01
 Iteration:  00000004   DeltaT:  8.933E-06   Iter/sec:  8.719E-01
 Iteration:  00000005   DeltaT:  8.933E-06   Iter/sec:  8.663E-01
 Iteration:  00000006   DeltaT:  8.933E-06   Iter/sec:  8.732E-01
 Iteration:  00000007   DeltaT:  8.933E-06   Iter/sec:  8.828E-01
 Iteration:  00000008   DeltaT:  8.933E-06   Iter/sec:  8.700E-01
 Iteration:  00000009   DeltaT:  8.933E-06   Iter/sec:  8.739E-01
 Iteration:  00000010   DeltaT:  8.933E-06   Iter/sec:  8.722E-01
 Iteration:  00000011   DeltaT:  8.933E-06   Iter/sec:  8.473E-01
 Iteration:  00000012   DeltaT:  8.933E-06   Iter/sec:  8.942E-01
 Iteration:  00000013   DeltaT:  8.933E-06   Iter/sec:  8.592E-01
 Iteration:  00000014   DeltaT:  8.933E-06   Iter/sec:  8.825E-01
 Iteration:  00000015   DeltaT:  8.933E-06   Iter/sec:  8.777E-01
 Iteration:  00000016   DeltaT:  8.933E-06   Iter/sec:  8.622E-01
 Iteration:  00000017   DeltaT:  8.933E-06   Iter/sec:  8.708E-01
 Iteration:  00000018   DeltaT:  8.933E-06   Iter/sec:  8.764E-01
 Iteration:  00000019   DeltaT:  8.933E-06   Iter/sec:  8.743E-01
 Iteration:  00000020   DeltaT:  8.933E-06   Iter/sec:  8.606E-01
 Iteration:  00000021   DeltaT:  8.933E-06   Iter/sec:  8.699E-01
 Iteration:  00000022   DeltaT:  8.933E-06   Iter/sec:  8.607E-01
 Iteration:  00000023   DeltaT:  8.933E-06   Iter/sec:  8.880E-01
 Iteration:  00000024   DeltaT:  8.933E-06   Iter/sec:  8.654E-01
 Iteration:  00000025   DeltaT:  8.933E-06   Iter/sec:  8.695E-01
 Iteration:  00000026   DeltaT:  8.933E-06   Iter/sec:  8.714E-01
 Iteration:  00000027   DeltaT:  8.933E-06   Iter/sec:  8.660E-01
 Iteration:  00000028   DeltaT:  8.933E-06   Iter/sec:  8.849E-01
 Iteration:  00000029   DeltaT:  8.933E-06   Iter/sec:  8.597E-01
 Iteration:  00000030   DeltaT:  8.933E-06   Iter/sec:  8.841E-01
 Iteration:  00000031   DeltaT:  8.933E-06   Iter/sec:  8.717E-01
 Iteration:  00000032   DeltaT:  8.933E-06   Iter/sec:  8.579E-01
 Iteration:  00000033   DeltaT:  8.933E-06   Iter/sec:  8.638E-01
 Iteration:  00000034   DeltaT:  8.933E-06   Iter/sec:  8.641E-01
 Iteration:  00000035   DeltaT:  8.933E-06   Iter/sec:  8.696E-01
 Iteration:  00000036   DeltaT:  8.933E-06   Iter/sec:  8.779E-01
 Iteration:  00000037   DeltaT:  8.933E-06   Iter/sec:  8.653E-01
 Iteration:  00000038   DeltaT:  8.933E-06   Iter/sec:  8.862E-01
 Iteration:  00000039   DeltaT:  8.933E-06   Iter/sec:  8.444E-01
 Iteration:  00000040   DeltaT:  8.933E-06   Iter/sec:  8.892E-01
 Iteration:  00000041   DeltaT:  8.933E-06   Iter/sec:  8.651E-01
 Iteration:  00000042   DeltaT:  8.933E-06   Iter/sec:  8.801E-01
 Iteration:  00000043   DeltaT:  8.933E-06   Iter/sec:  8.615E-01
 Iteration:  00000044   DeltaT:  8.933E-06   Iter/sec:  8.659E-01
 Iteration:  00000045   DeltaT:  8.933E-06   Iter/sec:  8.825E-01
 Iteration:  00000046   DeltaT:  8.933E-06   Iter/sec:  8.767E-01
 Iteration:  00000047   DeltaT:  8.933E-06   Iter/sec:  8.644E-01
 Iteration:  00000048   DeltaT:  8.933E-06   Iter/sec:  8.885E-01
 Iteration:  00000049   DeltaT:  8.933E-06   Iter/sec:  8.702E-01
 Iteration:  00000050   DeltaT:  8.933E-06   Iter/sec:  8.763E-01


//////////////////////////////////////////////
   Measured Timings for Process 0  (seconds)

 Elapsed time:        58.3126
  Column time:         9.3693
     Row time:        17.8271
Legendre time:         8.5790
     FFT time:         3.7515
   Solve time:         0.6429
    rlma time:         0.9578
    rlmb time:         0.4873
  pspace time:         8.8128
  psolve time:         5.9685
    dphi time:         0.3671
captured time:        56.7632

     iter/sec:         0.8574
//////////////////////////////////////////////
