 //////////////////////////////////////
 Initializating Rayleigh...

 -- Initalizing MPI...
 ---- Specified parameters:
 ---- NCPU  :    512
 ---- NPROW :     32
 ---- NPCOL :     16
 -- MPI initialized.


 -- Initalizing Grid...
 ---- Specified parameters ----
 ---- N_R                 :     64
 ---- N_THETA             :    192
 ---- Ell_MAX             :    127
 ---- R_MIN               :  5.38462E-01
 ---- R_MAX               :  1.53846E+00
 ---- Chebyshev Domains   :      1

        Domain 1
          Grid points           :  64
          Dealiased Polynomials :  42
          Domain Lower Bound    :  5.38462E-01
          Domain Upper Bound    :  1.53846E+00

 -- Grid initialized.

 -- Initalizing Reference State...
 ---- Specified parameters:
 ---- Reference type           :  Boussinesq (Non-dimensional)
 ---- Rayleigh Number          :  1.00000E+05
 ---- Ekman Number             :  1.00000E-03
 ---- Prandtl Number           :  1.00000E+00
 ---- Magnetic Prandtl Number  :  5.00000E+00
 -- Reference State initialized.

 -- Initializing Fields...
 ---- Specified parameters:
 ---- Hydro Init Type    : Benchmark (Christensen et al. 2001)
 ---- Magnetic Init Type : Benchmark (Christensen et al. 2001)
 -- Fields initialized.

 Initialization Complete.
 //////////////////////////////////////

 Timestep has changed from  0.00000E+00 to  1.00000E-04.
 Iteration:  00000001   DeltaT:  1.000E-04   Iter/sec:  0.000E+00
 Timestep has changed from  1.00000E-04 to  1.02217E-05.
 Iteration:  00000002   DeltaT:  1.022E-05   Iter/sec:  1.035E+01
 Iteration:  00000003   DeltaT:  1.022E-05   Iter/sec:  4.690E+01
 Iteration:  00000004   DeltaT:  1.022E-05   Iter/sec:  7.550E+01
 Iteration:  00000005   DeltaT:  1.022E-05   Iter/sec:  8.480E+01
 Iteration:  00000006   DeltaT:  1.022E-05   Iter/sec:  8.108E+01
 Iteration:  00000007   DeltaT:  1.022E-05   Iter/sec:  7.548E+01
 Iteration:  00000008   DeltaT:  1.022E-05   Iter/sec:  8.589E+01
 Iteration:  00000009   DeltaT:  1.022E-05   Iter/sec:  6.564E+01
 Iteration:  00000010   DeltaT:  1.022E-05   Iter/sec:  7.699E+01
 Iteration:  00000011   DeltaT:  1.022E-05   Iter/sec:  8.340E+01
 Iteration:  00000012   DeltaT:  1.022E-05   Iter/sec:  7.749E+01
 Iteration:  00000013   DeltaT:  1.022E-05   Iter/sec:  8.219E+01
 Iteration:  00000014   DeltaT:  1.022E-05   Iter/sec:  8.009E+01
 Iteration:  00000015   DeltaT:  1.022E-05   Iter/sec:  8.060E+01
 Iteration:  00000016   DeltaT:  1.022E-05   Iter/sec:  7.608E+01
 Iteration:  00000017   DeltaT:  1.022E-05   Iter/sec:  8.365E+01
 Iteration:  00000018   DeltaT:  1.022E-05   Iter/sec:  8.087E+01
 Iteration:  00000019   DeltaT:  1.022E-05   Iter/sec:  8.317E+01
 Iteration:  00000020   DeltaT:  1.022E-05   Iter/sec:  7.615E+01
 Iteration:  00000021   DeltaT:  1.022E-05   Iter/sec:  8.408E+01
 Iteration:  00000022   DeltaT:  1.022E-05   Iter/sec:  7.214E+01
 Iteration:  00000023   DeltaT:  1.022E-05   Iter/sec:  7.948E+01
 Iteration:  00000024   DeltaT:  1.022E-05   Iter/sec:  8.432E+01
 Iteration:  00000025   DeltaT:  1.022E-05   Iter/sec:  7.918E+01
 Iteration:  00000026   DeltaT:  1.022E-05   Iter/sec:  7.580E+01
 Iteration:  00000027   DeltaT:  1.022E-05   Iter/sec:  7.861E+01
 Iteration:  00000028   DeltaT:  1.022E-05   Iter/sec:  8.051E+01
 Iteration:  00000029   DeltaT:  1.022E-05   Iter/sec:  7.853E+01
 Iteration:  00000030   DeltaT:  1.022E-05   Iter/sec:  8.104E+01
 Iteration:  00000031   DeltaT:  1.022E-05   Iter/sec:  7.943E+01
 Iteration:  00000032   DeltaT:  1.022E-05   Iter/sec:  8.071E+01
 Iteration:  00000033   DeltaT:  1.022E-05   Iter/sec:  7.846E+01
 Iteration:  00000034   DeltaT:  1.022E-05   Iter/sec:  7.897E+01
 Iteration:  00000035   DeltaT:  1.022E-05   Iter/sec:  8.065E+01
 Iteration:  00000036   DeltaT:  1.022E-05   Iter/sec:  8.207E+01
 Iteration:  00000037   DeltaT:  1.022E-05   Iter/sec:  7.848E+01
 Iteration:  00000038   DeltaT:  1.022E-05   Iter/sec:  8.085E+01
 Iteration:  00000039   DeltaT:  1.022E-05   Iter/sec:  7.962E+01
 Iteration:  00000040   DeltaT:  1.022E-05   Iter/sec:  8.468E+01
 Iteration:  00000041   DeltaT:  1.022E-05   Iter/sec:  8.052E+01
 Iteration:  00000042   DeltaT:  1.022E-05   Iter/sec:  7.955E+01
 Iteration:  00000043   DeltaT:  1.022E-05   Iter/sec:  7.859E+01
 Iteration:  00000044   DeltaT:  1.022E-05   Iter/sec:  8.319E+01
 Iteration:  00000045   DeltaT:  1.022E-05   Iter/sec:  7.976E+01
 Iteration:  00000046   DeltaT:  1.022E-05   Iter/sec:  8.158E+01
 Iteration:  00000047   DeltaT:  1.022E-05   Iter/sec:  8.240E+01
 Iteration:  00000048   DeltaT:  1.022E-05   Iter/sec:  7.805E+01
 Iteration:  00000049   DeltaT:  1.022E-05   Iter/sec:  8.194E+01
 Iteration:  00000050   DeltaT:  1.022E-05   Iter/sec:  8.089E+01


//////////////////////////////////////////////
   Measured Timings for Process 0  (seconds)

 Elapsed time:         1.2503
  Column time:         0.1992
     Row time:         0.1824
Legendre time:         0.0488
     FFT time:         0.0379
   Solve time:         0.0646
    rlma time:         0.0125
    rlmb time:         0.0054
  pspace time:         0.0233
  psolve time:         0.0601
    dphi time:         0.0028
captured time:         0.6369

     iter/sec:        39.9888
//////////////////////////////////////////////
