 //////////////////////////////////////
 Initializating Rayleigh...

 -- Initalizing MPI...
 ---- Specified parameters:
 ---- NCPU  :   2048
 ---- NPROW :     64
 ---- NPCOL :     32
 -- MPI initialized.


 -- Initalizing Grid...
 ---- Specified parameters ----
 ---- N_R                 :     64
 ---- N_THETA             :    384
 ---- Ell_MAX             :    255
 ---- R_MIN               :  5.38462E-01
 ---- R_MAX               :  1.53846E+00
 ---- Chebyshev Domains   :      1

        Domain 1
          Grid points           :  64
          Dealiased Polynomials :  42
          Domain Lower Bound    :  5.38462E-01
          Domain Upper Bound    :  1.53846E+00

 -- Grid initialized.

 -- Initalizing Reference State...
 ---- Specified parameters:
 ---- Reference type           :  Boussinesq (Non-dimensional)
 ---- Rayleigh Number          :  1.00000E+05
 ---- Ekman Number             :  1.00000E-03
 ---- Prandtl Number           :  1.00000E+00
 ---- Magnetic Prandtl Number  :  5.00000E+00
 -- Reference State initialized.

 -- Initializing Fields...
 ---- Specified parameters:
 ---- Hydro Init Type    : Benchmark (Christensen et al. 2001)
 ---- Magnetic Init Type : Benchmark (Christensen et al. 2001)
 -- Fields initialized.

 Initialization Complete.
 //////////////////////////////////////

 Timestep has changed from  0.00000E+00 to  1.00000E-04.
 Iteration:  00000001   DeltaT:  1.000E-04   Iter/sec:  0.000E+00
 Timestep has changed from  1.00000E-04 to  1.02211E-05.
 Iteration:  00000002   DeltaT:  1.022E-05   Iter/sec:  2.723E+00
 Iteration:  00000003   DeltaT:  1.022E-05   Iter/sec:  3.794E+01
 Iteration:  00000004   DeltaT:  1.022E-05   Iter/sec:  5.292E+01
 Iteration:  00000005   DeltaT:  1.022E-05   Iter/sec:  5.230E+01
 Iteration:  00000006   DeltaT:  1.022E-05   Iter/sec:  5.114E+01
 Iteration:  00000007   DeltaT:  1.022E-05   Iter/sec:  5.632E+01
 Iteration:  00000008   DeltaT:  1.022E-05   Iter/sec:  5.137E+01
 Iteration:  00000009   DeltaT:  1.022E-05   Iter/sec:  5.183E+01
 Iteration:  00000010   DeltaT:  1.022E-05   Iter/sec:  5.111E+01
 Iteration:  00000011   DeltaT:  1.022E-05   Iter/sec:  5.296E+01
 Iteration:  00000012   DeltaT:  1.022E-05   Iter/sec:  5.416E+01
 Iteration:  00000013   DeltaT:  1.022E-05   Iter/sec:  4.684E+01
 Iteration:  00000014   DeltaT:  1.022E-05   Iter/sec:  2.926E+01
 Iteration:  00000015   DeltaT:  1.022E-05   Iter/sec:  2.006E+01
 Iteration:  00000016   DeltaT:  1.022E-05   Iter/sec:  5.410E+01
 Iteration:  00000017   DeltaT:  1.022E-05   Iter/sec:  5.194E+01
 Iteration:  00000018   DeltaT:  1.022E-05   Iter/sec:  5.392E+01
 Iteration:  00000019   DeltaT:  1.022E-05   Iter/sec:  1.555E+01
 Iteration:  00000020   DeltaT:  1.022E-05   Iter/sec:  1.382E+01
 Iteration:  00000021   DeltaT:  1.022E-05   Iter/sec:  6.629E+01
 Iteration:  00000022   DeltaT:  1.022E-05   Iter/sec:  5.431E+01
 Iteration:  00000023   DeltaT:  1.022E-05   Iter/sec:  5.022E+01
 Iteration:  00000024   DeltaT:  1.022E-05   Iter/sec:  5.315E+01
 Iteration:  00000025   DeltaT:  1.022E-05   Iter/sec:  5.393E+01
 Iteration:  00000026   DeltaT:  1.022E-05   Iter/sec:  5.456E+01
 Iteration:  00000027   DeltaT:  1.022E-05   Iter/sec:  4.475E+01
 Iteration:  00000028   DeltaT:  1.022E-05   Iter/sec:  4.719E+01
 Iteration:  00000029   DeltaT:  1.022E-05   Iter/sec:  5.355E+01
 Iteration:  00000030   DeltaT:  1.022E-05   Iter/sec:  5.048E+01
 Iteration:  00000031   DeltaT:  1.022E-05   Iter/sec:  5.292E+01
 Iteration:  00000032   DeltaT:  1.022E-05   Iter/sec:  5.340E+01
 Iteration:  00000033   DeltaT:  1.022E-05   Iter/sec:  5.554E+01
 Iteration:  00000034   DeltaT:  1.022E-05   Iter/sec:  3.915E+01
 Iteration:  00000035   DeltaT:  1.022E-05   Iter/sec:  3.009E+01
 Iteration:  00000036   DeltaT:  1.022E-05   Iter/sec:  5.007E+01
 Iteration:  00000037   DeltaT:  1.022E-05   Iter/sec:  5.071E+01
 Iteration:  00000038   DeltaT:  1.022E-05   Iter/sec:  5.528E+01
 Iteration:  00000039   DeltaT:  1.022E-05   Iter/sec:  4.309E+01
 Iteration:  00000040   DeltaT:  1.022E-05   Iter/sec:  1.739E+01
 Iteration:  00000041   DeltaT:  1.022E-05   Iter/sec:  4.786E+01
 Iteration:  00000042   DeltaT:  1.022E-05   Iter/sec:  4.716E+01
 Iteration:  00000043   DeltaT:  1.022E-05   Iter/sec:  5.615E+01
 Iteration:  00000044   DeltaT:  1.022E-05   Iter/sec:  3.991E+01
 Iteration:  00000045   DeltaT:  1.022E-05   Iter/sec:  9.955E+00
 Iteration:  00000046   DeltaT:  1.022E-05   Iter/sec:  3.071E+01
 Iteration:  00000047   DeltaT:  1.022E-05   Iter/sec:  5.421E+01
 Iteration:  00000048   DeltaT:  1.022E-05   Iter/sec:  5.368E+01
 Iteration:  00000049   DeltaT:  1.022E-05   Iter/sec:  5.508E+01
 Iteration:  00000050   DeltaT:  1.022E-05   Iter/sec:  3.997E+01


//////////////////////////////////////////////
   Measured Timings for Process 0  (seconds)

 Elapsed time:         3.5575
  Column time:         0.6262
     Row time:         0.4775
Legendre time:         0.0760
     FFT time:         0.0403
   Solve time:         0.0589
    rlma time:         0.0148
    rlmb time:         0.0059
  pspace time:         0.0221
  psolve time:         0.0607
    dphi time:         0.0027
captured time:         1.3850

     iter/sec:        14.0547
//////////////////////////////////////////////
