 //////////////////////////////////////
 Initializating Rayleigh...

 -- Initalizing MPI...
 ---- Specified parameters:
 ---- NCPU  :   2048
 ---- NPROW :     32
 ---- NPCOL :     64
 -- MPI initialized.


 -- Initalizing Grid...
 ---- Specified parameters ----
 ---- N_R                 :    128
 ---- N_THETA             :   1536
 ---- Ell_MAX             :   1023
 ---- R_MIN               :  5.38462E-01
 ---- R_MAX               :  1.53846E+00
 ---- Chebyshev Domains   :      1

        Domain 1
          Grid points           :  128
          Dealiased Polynomials :  85
          Domain Lower Bound    :  5.38462E-01
          Domain Upper Bound    :  1.53846E+00

 -- Grid initialized.

[SHTns 3.4.5] built Apr 26 2021, 15:32:45, id: avx2,ishioka
        Lmax=1023, Mmax*Mres=1023, Mres=1, Nlm=524800  [1 threads, orthonormalized]
        => using FFTW : Mmax=1023, Nphi=3072, Nlat=1536  (data layout : phi_inc=1536, theta_inc=1, phi_embed=3072)
        => using Gauss nodes
        + polar optimization threshold = 1.0e-08
        finding optimal algorithm...
        + SHT accuracy = 1.04e-12
        => SHTns is ready.
 -- Initalizing Reference State...
 ---- Specified parameters:
 ---- Reference type           :  Boussinesq (Non-dimensional)
 ---- Rayleigh Number          :  1.00000E+05
 ---- Ekman Number             :  1.00000E-03
 ---- Prandtl Number           :  1.00000E+00
 ---- Magnetic Prandtl Number  :  5.00000E+00
 -- Reference State initialized.

 -- Initializing Fields...
 ---- Specified parameters:
 ---- Hydro Init Type    : Benchmark (Christensen et al. 2001)
 ---- Magnetic Init Type : Benchmark (Christensen et al. 2001)
 -- Fields initialized.

 Initialization Complete.
 //////////////////////////////////////

 Timestep has changed from  0.00000E+00 to  1.00000E-04.
 Iteration:  00000001   DeltaT:  1.000E-04   Iter/sec:  0.000E+00
 Timestep has changed from  1.00000E-04 to  2.55561E-06.
 Iteration:  00000002   DeltaT:  2.556E-06   Iter/sec:  1.090E-01
 Iteration:  00000003   DeltaT:  2.556E-06   Iter/sec:  1.066E+00
 Iteration:  00000004   DeltaT:  2.556E-06   Iter/sec:  1.084E+00
 Iteration:  00000005   DeltaT:  2.556E-06   Iter/sec:  1.158E+00
 Iteration:  00000006   DeltaT:  2.556E-06   Iter/sec:  1.103E+00
 Iteration:  00000007   DeltaT:  2.556E-06   Iter/sec:  1.107E+00
 Iteration:  00000008   DeltaT:  2.556E-06   Iter/sec:  1.152E+00
 Iteration:  00000009   DeltaT:  2.556E-06   Iter/sec:  1.129E+00
 Iteration:  00000010   DeltaT:  2.556E-06   Iter/sec:  1.052E+00
 Iteration:  00000011   DeltaT:  2.556E-06   Iter/sec:  1.239E+00
 Iteration:  00000012   DeltaT:  2.556E-06   Iter/sec:  1.087E+00
 Iteration:  00000013   DeltaT:  2.556E-06   Iter/sec:  1.100E+00
 Iteration:  00000014   DeltaT:  2.556E-06   Iter/sec:  1.156E+00
 Iteration:  00000015   DeltaT:  2.556E-06   Iter/sec:  1.099E+00
 Iteration:  00000016   DeltaT:  2.556E-06   Iter/sec:  1.103E+00
 Iteration:  00000017   DeltaT:  2.556E-06   Iter/sec:  1.177E+00
 Iteration:  00000018   DeltaT:  2.556E-06   Iter/sec:  1.093E+00
 Iteration:  00000019   DeltaT:  2.556E-06   Iter/sec:  1.099E+00
 Iteration:  00000020   DeltaT:  2.556E-06   Iter/sec:  1.113E+00
 Iteration:  00000021   DeltaT:  2.556E-06   Iter/sec:  1.110E+00
 Iteration:  00000022   DeltaT:  2.556E-06   Iter/sec:  1.032E+00
 Iteration:  00000023   DeltaT:  2.556E-06   Iter/sec:  1.260E+00
 Iteration:  00000024   DeltaT:  2.556E-06   Iter/sec:  1.106E+00
 Iteration:  00000025   DeltaT:  2.556E-06   Iter/sec:  1.097E+00
 Iteration:  00000026   DeltaT:  2.556E-06   Iter/sec:  1.165E+00
 Iteration:  00000027   DeltaT:  2.556E-06   Iter/sec:  1.117E+00
 Iteration:  00000028   DeltaT:  2.556E-06   Iter/sec:  1.117E+00
 Iteration:  00000029   DeltaT:  2.556E-06   Iter/sec:  1.157E+00
 Iteration:  00000030   DeltaT:  2.556E-06   Iter/sec:  1.102E+00
 Iteration:  00000031   DeltaT:  2.556E-06   Iter/sec:  1.120E+00
 Iteration:  00000032   DeltaT:  2.556E-06   Iter/sec:  1.138E+00
 Iteration:  00000033   DeltaT:  2.556E-06   Iter/sec:  1.109E+00
 Iteration:  00000034   DeltaT:  2.556E-06   Iter/sec:  1.098E+00
 Iteration:  00000035   DeltaT:  2.556E-06   Iter/sec:  1.163E+00
 Iteration:  00000036   DeltaT:  2.556E-06   Iter/sec:  1.065E+00
 Iteration:  00000037   DeltaT:  2.556E-06   Iter/sec:  1.110E+00
 Iteration:  00000038   DeltaT:  2.556E-06   Iter/sec:  1.079E+00
 Iteration:  00000039   DeltaT:  2.556E-06   Iter/sec:  1.199E+00
 Iteration:  00000040   DeltaT:  2.556E-06   Iter/sec:  1.110E+00
 Iteration:  00000041   DeltaT:  2.556E-06   Iter/sec:  1.166E+00
 Iteration:  00000042   DeltaT:  2.556E-06   Iter/sec:  1.102E+00
 Iteration:  00000043   DeltaT:  2.556E-06   Iter/sec:  1.075E+00
 Iteration:  00000044   DeltaT:  2.556E-06   Iter/sec:  1.143E+00
 Iteration:  00000045   DeltaT:  2.556E-06   Iter/sec:  1.108E+00
 Iteration:  00000046   DeltaT:  2.556E-06   Iter/sec:  1.089E+00
 Iteration:  00000047   DeltaT:  2.556E-06   Iter/sec:  1.163E+00
 Iteration:  00000048   DeltaT:  2.556E-06   Iter/sec:  1.108E+00
 Iteration:  00000049   DeltaT:  2.556E-06   Iter/sec:  1.114E+00
 Iteration:  00000050   DeltaT:  2.556E-06   Iter/sec:  1.135E+00


//////////////////////////////////////////////
   Measured Timings for Process 0  (seconds)

 Elapsed time:        55.4008
  Column time:        17.5570
     Row time:        10.3785
Legendre time:         5.8195
     FFT time:         2.1610
   Solve time:         0.7463
    rlma time:         0.4186
    rlmb time:         0.1985
  pspace time:         3.8410
  psolve time:         3.1969
    dphi time:         0.1665
captured time:        44.4837

     iter/sec:         0.9025
//////////////////////////////////////////////
