 //////////////////////////////////////
 Initializating Rayleigh...

 -- Initalizing MPI...
 ---- Specified parameters:
 ---- NCPU  :   2048
 ---- NPROW :     32
 ---- NPCOL :     64
 -- MPI initialized.


 -- Initalizing Grid...
 ---- Specified parameters ----
 ---- N_R                 :    128
 ---- N_THETA             :    192
 ---- Ell_MAX             :    127
 ---- R_MIN               :  5.38462E-01
 ---- R_MAX               :  1.53846E+00
 ---- Chebyshev Domains   :      1

        Domain 1
          Grid points           :  128
          Dealiased Polynomials :  85
          Domain Lower Bound    :  5.38462E-01
          Domain Upper Bound    :  1.53846E+00

 -- Grid initialized.

[SHTns 3.4.5] built Apr 26 2021, 15:32:45, id: avx2,ishioka
        Lmax=127, Mmax*Mres=127, Mres=1, Nlm=8256  [1 threads, orthonormalized]
        => using FFTW : Mmax=127, Nphi=384, Nlat=192  (data layout : phi_inc=192, theta_inc=1, phi_embed=384)
        => using Gauss nodes
        + polar optimization threshold = 1.0e-08
        finding optimal algorithm........
        + SHT accuracy = 6.81e-14
        => SHTns is ready.
 -- Initalizing Reference State...
 ---- Specified parameters:
 ---- Reference type           :  Boussinesq (Non-dimensional)
 ---- Rayleigh Number          :  1.00000E+05
 ---- Ekman Number             :  1.00000E-03
 ---- Prandtl Number           :  1.00000E+00
 ---- Magnetic Prandtl Number  :  5.00000E+00
 -- Reference State initialized.

 -- Initializing Fields...
 ---- Specified parameters:
 ---- Hydro Init Type    : Benchmark (Christensen et al. 2001)
 ---- Magnetic Init Type : Benchmark (Christensen et al. 2001)
 -- Fields initialized.

 Initialization Complete.
 //////////////////////////////////////

 Timestep has changed from  0.00000E+00 to  1.00000E-04.
 Iteration:  00000001   DeltaT:  1.000E-04   Iter/sec:  0.000E+00
 Timestep has changed from  1.00000E-04 to  2.55581E-06.
 Iteration:  00000002   DeltaT:  2.556E-06   Iter/sec:  2.548E-01
 Iteration:  00000003   DeltaT:  2.556E-06   Iter/sec:  4.006E+01
 Iteration:  00000004   DeltaT:  2.556E-06   Iter/sec:  9.144E+01
 Iteration:  00000005   DeltaT:  2.556E-06   Iter/sec:  3.914E+01
 Iteration:  00000006   DeltaT:  2.556E-06   Iter/sec:  2.393E+01
 Iteration:  00000007   DeltaT:  2.556E-06   Iter/sec:  7.629E+01
 Iteration:  00000008   DeltaT:  2.556E-06   Iter/sec:  8.752E+01
 Iteration:  00000009   DeltaT:  2.556E-06   Iter/sec:  9.498E+01
 Iteration:  00000010   DeltaT:  2.556E-06   Iter/sec:  8.780E+01
 Iteration:  00000011   DeltaT:  2.556E-06   Iter/sec:  9.522E+01
 Iteration:  00000012   DeltaT:  2.556E-06   Iter/sec:  8.659E+01
 Iteration:  00000013   DeltaT:  2.556E-06   Iter/sec:  1.982E+01
 Iteration:  00000014   DeltaT:  2.556E-06   Iter/sec:  3.554E+01
 Iteration:  00000015   DeltaT:  2.556E-06   Iter/sec:  2.551E+01
 Iteration:  00000016   DeltaT:  2.556E-06   Iter/sec:  6.795E+01
 Iteration:  00000017   DeltaT:  2.556E-06   Iter/sec:  7.995E+01
 Iteration:  00000018   DeltaT:  2.556E-06   Iter/sec:  9.611E+01
 Iteration:  00000019   DeltaT:  2.556E-06   Iter/sec:  9.771E+01
 Iteration:  00000020   DeltaT:  2.556E-06   Iter/sec:  1.017E+02
 Iteration:  00000021   DeltaT:  2.556E-06   Iter/sec:  8.885E+01
 Iteration:  00000022   DeltaT:  2.556E-06   Iter/sec:  9.371E+01
 Iteration:  00000023   DeltaT:  2.556E-06   Iter/sec:  8.851E+01
 Iteration:  00000024   DeltaT:  2.556E-06   Iter/sec:  8.455E+01
 Iteration:  00000025   DeltaT:  2.556E-06   Iter/sec:  9.895E+01
 Iteration:  00000026   DeltaT:  2.556E-06   Iter/sec:  9.508E+01
 Iteration:  00000027   DeltaT:  2.556E-06   Iter/sec:  7.723E+01
 Iteration:  00000028   DeltaT:  2.556E-06   Iter/sec:  1.024E+02
 Iteration:  00000029   DeltaT:  2.556E-06   Iter/sec:  9.643E+01
 Iteration:  00000030   DeltaT:  2.556E-06   Iter/sec:  9.633E+01
 Iteration:  00000031   DeltaT:  2.556E-06   Iter/sec:  8.989E+01
 Iteration:  00000032   DeltaT:  2.556E-06   Iter/sec:  8.979E+01
 Iteration:  00000033   DeltaT:  2.556E-06   Iter/sec:  9.736E+01
 Iteration:  00000034   DeltaT:  2.556E-06   Iter/sec:  8.320E+01
 Iteration:  00000035   DeltaT:  2.556E-06   Iter/sec:  9.552E+01
 Iteration:  00000036   DeltaT:  2.556E-06   Iter/sec:  8.906E+01
 Iteration:  00000037   DeltaT:  2.556E-06   Iter/sec:  9.664E+01
 Iteration:  00000038   DeltaT:  2.556E-06   Iter/sec:  9.056E+01
 Iteration:  00000039   DeltaT:  2.556E-06   Iter/sec:  8.718E+01
 Iteration:  00000040   DeltaT:  2.556E-06   Iter/sec:  1.063E+02
 Iteration:  00000041   DeltaT:  2.556E-06   Iter/sec:  9.476E+01
 Iteration:  00000042   DeltaT:  2.556E-06   Iter/sec:  9.617E+01
 Iteration:  00000043   DeltaT:  2.556E-06   Iter/sec:  9.003E+01
 Iteration:  00000044   DeltaT:  2.556E-06   Iter/sec:  9.019E+01
 Iteration:  00000045   DeltaT:  2.556E-06   Iter/sec:  8.967E+01
 Iteration:  00000046   DeltaT:  2.556E-06   Iter/sec:  8.523E+01
 Iteration:  00000047   DeltaT:  2.556E-06   Iter/sec:  9.504E+01
 Iteration:  00000048   DeltaT:  2.556E-06   Iter/sec:  9.034E+01
 Iteration:  00000049   DeltaT:  2.556E-06   Iter/sec:  9.568E+01
 Iteration:  00000050   DeltaT:  2.556E-06   Iter/sec:  9.360E+01


//////////////////////////////////////////////
   Measured Timings for Process 0  (seconds)

 Elapsed time:         2.0608
  Column time:         0.3754
     Row time:         0.2807
Legendre time:         0.0179
     FFT time:         0.0174
   Solve time:         0.0644
    rlma time:         0.0090
    rlmb time:         0.0034
  pspace time:         0.0103
  psolve time:         0.0558
    dphi time:         0.0012
captured time:         0.8354

     iter/sec:        24.2623
//////////////////////////////////////////////
