 //////////////////////////////////////
 Initializating Rayleigh...

 -- Initalizing MPI...
 ---- Specified parameters:
 ---- NCPU  :   1024
 ---- NPROW :     64
 ---- NPCOL :     16
 -- MPI initialized.


 -- Initalizing Grid...
 ---- Specified parameters ----
 ---- N_R                 :     64
 ---- N_THETA             :    768
 ---- Ell_MAX             :    511
 ---- R_MIN               :  5.38462E-01
 ---- R_MAX               :  1.53846E+00
 ---- Chebyshev Domains   :      1

        Domain 1
          Grid points           :  64
          Dealiased Polynomials :  42
          Domain Lower Bound    :  5.38462E-01
          Domain Upper Bound    :  1.53846E+00

 -- Grid initialized.

 -- Initalizing Reference State...
 ---- Specified parameters:
 ---- Reference type           :  Boussinesq (Non-dimensional)
 ---- Rayleigh Number          :  1.00000E+05
 ---- Ekman Number             :  1.00000E-03
 ---- Prandtl Number           :  1.00000E+00
 ---- Magnetic Prandtl Number  :  5.00000E+00
 -- Reference State initialized.

 -- Initializing Fields...
 ---- Specified parameters:
 ---- Hydro Init Type    : Benchmark (Christensen et al. 2001)
 ---- Magnetic Init Type : Benchmark (Christensen et al. 2001)
 -- Fields initialized.

 Initialization Complete.
 //////////////////////////////////////

 Timestep has changed from  0.00000E+00 to  1.00000E-04.
 Iteration:  00000001   DeltaT:  1.000E-04   Iter/sec:  0.000E+00
 Timestep has changed from  1.00000E-04 to  8.93257E-06.
 Iteration:  00000002   DeltaT:  8.933E-06   Iter/sec:  1.462E+00
 Iteration:  00000003   DeltaT:  8.933E-06   Iter/sec:  4.182E+00
 Iteration:  00000004   DeltaT:  8.933E-06   Iter/sec:  5.258E+00
 Iteration:  00000005   DeltaT:  8.933E-06   Iter/sec:  4.640E+00
 Iteration:  00000006   DeltaT:  8.933E-06   Iter/sec:  4.513E+00
 Iteration:  00000007   DeltaT:  8.933E-06   Iter/sec:  5.731E+00
 Iteration:  00000008   DeltaT:  8.933E-06   Iter/sec:  5.627E+00
 Iteration:  00000009   DeltaT:  8.933E-06   Iter/sec:  3.879E+00
 Iteration:  00000010   DeltaT:  8.933E-06   Iter/sec:  6.376E+00
 Iteration:  00000011   DeltaT:  8.933E-06   Iter/sec:  5.493E+00
 Iteration:  00000012   DeltaT:  8.933E-06   Iter/sec:  5.118E+00
 Iteration:  00000013   DeltaT:  8.933E-06   Iter/sec:  3.937E+00
 Iteration:  00000014   DeltaT:  8.933E-06   Iter/sec:  5.511E+00
 Iteration:  00000015   DeltaT:  8.933E-06   Iter/sec:  5.243E+00
 Iteration:  00000016   DeltaT:  8.933E-06   Iter/sec:  4.133E+00
 Iteration:  00000017   DeltaT:  8.933E-06   Iter/sec:  5.676E+00
 Iteration:  00000018   DeltaT:  8.933E-06   Iter/sec:  4.823E+00
 Iteration:  00000019   DeltaT:  8.933E-06   Iter/sec:  4.255E+00
 Iteration:  00000020   DeltaT:  8.933E-06   Iter/sec:  5.826E+00
 Iteration:  00000021   DeltaT:  8.933E-06   Iter/sec:  5.038E+00
 Iteration:  00000022   DeltaT:  8.933E-06   Iter/sec:  4.626E+00
 Iteration:  00000023   DeltaT:  8.933E-06   Iter/sec:  5.744E+00
 Iteration:  00000024   DeltaT:  8.933E-06   Iter/sec:  5.957E+00
 Iteration:  00000025   DeltaT:  8.933E-06   Iter/sec:  3.499E+00
 Iteration:  00000026   DeltaT:  8.933E-06   Iter/sec:  7.115E+00
 Iteration:  00000027   DeltaT:  8.933E-06   Iter/sec:  5.408E+00
 Iteration:  00000028   DeltaT:  8.933E-06   Iter/sec:  5.380E+00
 Iteration:  00000029   DeltaT:  8.933E-06   Iter/sec:  4.175E+00
 Iteration:  00000030   DeltaT:  8.933E-06   Iter/sec:  5.775E+00
 Iteration:  00000031   DeltaT:  8.933E-06   Iter/sec:  5.307E+00
 Iteration:  00000032   DeltaT:  8.933E-06   Iter/sec:  4.574E+00
 Iteration:  00000033   DeltaT:  8.933E-06   Iter/sec:  5.637E+00
 Iteration:  00000034   DeltaT:  8.933E-06   Iter/sec:  5.080E+00
 Iteration:  00000035   DeltaT:  8.933E-06   Iter/sec:  4.513E+00
 Iteration:  00000036   DeltaT:  8.933E-06   Iter/sec:  5.771E+00
 Iteration:  00000037   DeltaT:  8.933E-06   Iter/sec:  5.656E+00
 Iteration:  00000038   DeltaT:  8.933E-06   Iter/sec:  4.866E+00
 Iteration:  00000039   DeltaT:  8.933E-06   Iter/sec:  4.248E+00
 Iteration:  00000040   DeltaT:  8.933E-06   Iter/sec:  5.746E+00
 Iteration:  00000041   DeltaT:  8.933E-06   Iter/sec:  5.452E+00
 Iteration:  00000042   DeltaT:  8.933E-06   Iter/sec:  3.854E+00
 Iteration:  00000043   DeltaT:  8.933E-06   Iter/sec:  5.698E+00
 Iteration:  00000044   DeltaT:  8.933E-06   Iter/sec:  5.366E+00
 Iteration:  00000045   DeltaT:  8.933E-06   Iter/sec:  4.290E+00
 Iteration:  00000046   DeltaT:  8.933E-06   Iter/sec:  5.519E+00
 Iteration:  00000047   DeltaT:  8.933E-06   Iter/sec:  5.481E+00
 Iteration:  00000048   DeltaT:  8.933E-06   Iter/sec:  4.120E+00
 Iteration:  00000049   DeltaT:  8.933E-06   Iter/sec:  5.885E+00
 Iteration:  00000050   DeltaT:  8.933E-06   Iter/sec:  5.567E+00


//////////////////////////////////////////////
   Measured Timings for Process 0  (seconds)

 Elapsed time:        11.0438
  Column time:         3.4204
     Row time:         3.5079
Legendre time:         0.9097
     FFT time:         0.4833
   Solve time:         0.1950
    rlma time:         0.0859
    rlmb time:         0.0394
  pspace time:         0.8673
  psolve time:         0.4819
    dphi time:         0.0436
captured time:        10.0345

     iter/sec:         4.5274
//////////////////////////////////////////////
