 //////////////////////////////////////
 Initializating Rayleigh...

 -- Initalizing MPI...
 ---- Specified parameters:
 ---- NCPU  :    512
 ---- NPROW :     32
 ---- NPCOL :     16
 -- MPI initialized.


 -- Initalizing Grid...
 ---- Specified parameters ----
 ---- N_R                 :     64
 ---- N_THETA             :   1536
 ---- Ell_MAX             :   1023
 ---- R_MIN               :  5.38462E-01
 ---- R_MAX               :  1.53846E+00
 ---- Chebyshev Domains   :      1

        Domain 1
          Grid points           :  64
          Dealiased Polynomials :  42
          Domain Lower Bound    :  5.38462E-01
          Domain Upper Bound    :  1.53846E+00

 -- Grid initialized.

[SHTns 3.4.5] built Apr 26 2021, 15:32:45, id: avx2,ishioka
        Lmax=1023, Mmax*Mres=1023, Mres=1, Nlm=524800  [1 threads, orthonormalized]
        => using FFTW : Mmax=1023, Nphi=3072, Nlat=1536  (data layout : phi_inc=1536, theta_inc=1, phi_embed=3072)
        => using Gauss nodes
        + polar optimization threshold = 1.0e-08
        finding optimal algorithm...
        + SHT accuracy = 1.38e-12
        => SHTns is ready.
 -- Initalizing Reference State...
 ---- Specified parameters:
 ---- Reference type           :  Boussinesq (Non-dimensional)
 ---- Rayleigh Number          :  1.00000E+05
 ---- Ekman Number             :  1.00000E-03
 ---- Prandtl Number           :  1.00000E+00
 ---- Magnetic Prandtl Number  :  5.00000E+00
 -- Reference State initialized.

 -- Initializing Fields...
 ---- Specified parameters:
 ---- Hydro Init Type    : Benchmark (Christensen et al. 2001)
 ---- Magnetic Init Type : Benchmark (Christensen et al. 2001)
 -- Fields initialized.

 Initialization Complete.
 //////////////////////////////////////

 Timestep has changed from  0.00000E+00 to  1.00000E-04.
 Iteration:  00000001   DeltaT:  1.000E-04   Iter/sec:  0.000E+00
 Timestep has changed from  1.00000E-04 to  4.46409E-06.
 Iteration:  00000002   DeltaT:  4.464E-06   Iter/sec:  9.987E-02
 Iteration:  00000003   DeltaT:  4.464E-06   Iter/sec:  6.767E-01
 Iteration:  00000004   DeltaT:  4.464E-06   Iter/sec:  7.035E-01
 Iteration:  00000005   DeltaT:  4.464E-06   Iter/sec:  7.199E-01
 Iteration:  00000006   DeltaT:  4.464E-06   Iter/sec:  7.007E-01
 Iteration:  00000007   DeltaT:  4.464E-06   Iter/sec:  6.952E-01
 Iteration:  00000008   DeltaT:  4.464E-06   Iter/sec:  7.019E-01
 Iteration:  00000009   DeltaT:  4.464E-06   Iter/sec:  7.083E-01
 Iteration:  00000010   DeltaT:  4.464E-06   Iter/sec:  6.981E-01
 Iteration:  00000011   DeltaT:  4.464E-06   Iter/sec:  6.850E-01
 Iteration:  00000012   DeltaT:  4.464E-06   Iter/sec:  6.979E-01
 Iteration:  00000013   DeltaT:  4.464E-06   Iter/sec:  7.266E-01
 Iteration:  00000014   DeltaT:  4.464E-06   Iter/sec:  6.752E-01
 Iteration:  00000015   DeltaT:  4.464E-06   Iter/sec:  6.916E-01
 Iteration:  00000016   DeltaT:  4.464E-06   Iter/sec:  7.141E-01
 Iteration:  00000017   DeltaT:  4.464E-06   Iter/sec:  7.019E-01
 Iteration:  00000018   DeltaT:  4.464E-06   Iter/sec:  7.027E-01
 Iteration:  00000019   DeltaT:  4.464E-06   Iter/sec:  6.974E-01
 Iteration:  00000020   DeltaT:  4.464E-06   Iter/sec:  6.975E-01
 Iteration:  00000021   DeltaT:  4.464E-06   Iter/sec:  6.823E-01
 Iteration:  00000022   DeltaT:  4.464E-06   Iter/sec:  7.039E-01
 Iteration:  00000023   DeltaT:  4.464E-06   Iter/sec:  6.931E-01
 Iteration:  00000024   DeltaT:  4.464E-06   Iter/sec:  7.043E-01
 Iteration:  00000025   DeltaT:  4.464E-06   Iter/sec:  7.020E-01
 Iteration:  00000026   DeltaT:  4.464E-06   Iter/sec:  7.052E-01
 Iteration:  00000027   DeltaT:  4.464E-06   Iter/sec:  7.080E-01
 Iteration:  00000028   DeltaT:  4.464E-06   Iter/sec:  7.033E-01
 Iteration:  00000029   DeltaT:  4.464E-06   Iter/sec:  6.943E-01
 Iteration:  00000030   DeltaT:  4.464E-06   Iter/sec:  6.937E-01
 Iteration:  00000031   DeltaT:  4.464E-06   Iter/sec:  7.022E-01
 Iteration:  00000032   DeltaT:  4.464E-06   Iter/sec:  6.701E-01
 Iteration:  00000033   DeltaT:  4.464E-06   Iter/sec:  7.024E-01
 Iteration:  00000034   DeltaT:  4.464E-06   Iter/sec:  7.120E-01
 Iteration:  00000035   DeltaT:  4.464E-06   Iter/sec:  6.899E-01
 Iteration:  00000036   DeltaT:  4.464E-06   Iter/sec:  7.092E-01
 Iteration:  00000037   DeltaT:  4.464E-06   Iter/sec:  6.946E-01
 Iteration:  00000038   DeltaT:  4.464E-06   Iter/sec:  7.008E-01
 Iteration:  00000039   DeltaT:  4.464E-06   Iter/sec:  6.807E-01
 Iteration:  00000040   DeltaT:  4.464E-06   Iter/sec:  6.928E-01
 Iteration:  00000041   DeltaT:  4.464E-06   Iter/sec:  6.867E-01
 Iteration:  00000042   DeltaT:  4.464E-06   Iter/sec:  7.114E-01
 Iteration:  00000043   DeltaT:  4.464E-06   Iter/sec:  7.025E-01
 Iteration:  00000044   DeltaT:  4.464E-06   Iter/sec:  7.015E-01
 Iteration:  00000045   DeltaT:  4.464E-06   Iter/sec:  7.069E-01
 Iteration:  00000046   DeltaT:  4.464E-06   Iter/sec:  7.066E-01
 Iteration:  00000047   DeltaT:  4.464E-06   Iter/sec:  6.990E-01
 Iteration:  00000048   DeltaT:  4.464E-06   Iter/sec:  7.070E-01
 Iteration:  00000049   DeltaT:  4.464E-06   Iter/sec:  6.955E-01
 Iteration:  00000050   DeltaT:  4.464E-06   Iter/sec:  6.998E-01


//////////////////////////////////////////////
   Measured Timings for Process 0  (seconds)

 Elapsed time:        89.0701
  Column time:        18.2664
     Row time:        19.9074
Legendre time:        11.6435
     FFT time:         4.2384
   Solve time:         0.7512
    rlma time:         0.9933
    rlmb time:         0.4392
  pspace time:         8.0759
  psolve time:         6.1724
    dphi time:         0.3403
captured time:        70.8282

     iter/sec:         0.5614
//////////////////////////////////////////////
