 //////////////////////////////////////
 Initializating Rayleigh...

 -- Initalizing MPI...
 ---- Specified parameters:
 ---- NCPU  :   1024
 ---- NPROW :     64
 ---- NPCOL :     16
 -- MPI initialized.


 -- Initalizing Grid...
 ---- Specified parameters ----
 ---- N_R                 :    128
 ---- N_THETA             :    192
 ---- Ell_MAX             :    127
 ---- R_MIN               :  5.38462E-01
 ---- R_MAX               :  1.53846E+00
 ---- Chebyshev Domains   :      1

        Domain 1
          Grid points           :  128
          Dealiased Polynomials :  85
          Domain Lower Bound    :  5.38462E-01
          Domain Upper Bound    :  1.53846E+00

 -- Grid initialized.

 -- Initalizing Reference State...
 ---- Specified parameters:
 ---- Reference type           :  Boussinesq (Non-dimensional)
 ---- Rayleigh Number          :  1.00000E+05
 ---- Ekman Number             :  1.00000E-03
 ---- Prandtl Number           :  1.00000E+00
 ---- Magnetic Prandtl Number  :  5.00000E+00
 -- Reference State initialized.

 -- Initializing Fields...
 ---- Specified parameters:
 ---- Hydro Init Type    : Benchmark (Christensen et al. 2001)
 ---- Magnetic Init Type : Benchmark (Christensen et al. 2001)
 -- Fields initialized.

 Initialization Complete.
 //////////////////////////////////////

 Timestep has changed from  0.00000E+00 to  1.00000E-04.
 Iteration:  00000001   DeltaT:  1.000E-04   Iter/sec:  0.000E+00
 Timestep has changed from  1.00000E-04 to  2.55581E-06.
 Iteration:  00000002   DeltaT:  2.556E-06   Iter/sec:  5.856E+00
 Iteration:  00000003   DeltaT:  2.556E-06   Iter/sec:  1.574E+01
 Iteration:  00000004   DeltaT:  2.556E-06   Iter/sec:  5.587E+01
 Iteration:  00000005   DeltaT:  2.556E-06   Iter/sec:  5.726E+01
 Iteration:  00000006   DeltaT:  2.556E-06   Iter/sec:  5.467E+01
 Iteration:  00000007   DeltaT:  2.556E-06   Iter/sec:  5.283E+01
 Iteration:  00000008   DeltaT:  2.556E-06   Iter/sec:  5.643E+01
 Iteration:  00000009   DeltaT:  2.556E-06   Iter/sec:  5.765E+01
 Iteration:  00000010   DeltaT:  2.556E-06   Iter/sec:  5.632E+01
 Iteration:  00000011   DeltaT:  2.556E-06   Iter/sec:  5.375E+01
 Iteration:  00000012   DeltaT:  2.556E-06   Iter/sec:  5.379E+01
 Iteration:  00000013   DeltaT:  2.556E-06   Iter/sec:  5.427E+01
 Iteration:  00000014   DeltaT:  2.556E-06   Iter/sec:  5.420E+01
 Iteration:  00000015   DeltaT:  2.556E-06   Iter/sec:  5.871E+01
 Iteration:  00000016   DeltaT:  2.556E-06   Iter/sec:  5.662E+01
 Iteration:  00000017   DeltaT:  2.556E-06   Iter/sec:  5.359E+01
 Iteration:  00000018   DeltaT:  2.556E-06   Iter/sec:  2.904E+01
 Iteration:  00000019   DeltaT:  2.556E-06   Iter/sec:  2.472E+01
 Iteration:  00000020   DeltaT:  2.556E-06   Iter/sec:  5.943E+01
 Iteration:  00000021   DeltaT:  2.556E-06   Iter/sec:  5.352E+01
 Iteration:  00000022   DeltaT:  2.556E-06   Iter/sec:  5.837E+01
 Iteration:  00000023   DeltaT:  2.556E-06   Iter/sec:  3.237E+01
 Iteration:  00000024   DeltaT:  2.556E-06   Iter/sec:  1.384E+01
 Iteration:  00000025   DeltaT:  2.556E-06   Iter/sec:  2.274E+01
 Iteration:  00000026   DeltaT:  2.556E-06   Iter/sec:  5.793E+01
 Iteration:  00000027   DeltaT:  2.556E-06   Iter/sec:  5.817E+01
 Iteration:  00000028   DeltaT:  2.556E-06   Iter/sec:  5.540E+01
 Iteration:  00000029   DeltaT:  2.556E-06   Iter/sec:  5.887E+01
 Iteration:  00000030   DeltaT:  2.556E-06   Iter/sec:  5.739E+01
 Iteration:  00000031   DeltaT:  2.556E-06   Iter/sec:  5.758E+01
 Iteration:  00000032   DeltaT:  2.556E-06   Iter/sec:  5.020E+01
 Iteration:  00000033   DeltaT:  2.556E-06   Iter/sec:  5.210E+01
 Iteration:  00000034   DeltaT:  2.556E-06   Iter/sec:  5.909E+01
 Iteration:  00000035   DeltaT:  2.556E-06   Iter/sec:  5.732E+01
 Iteration:  00000036   DeltaT:  2.556E-06   Iter/sec:  5.353E+01
 Iteration:  00000037   DeltaT:  2.556E-06   Iter/sec:  5.742E+01
 Iteration:  00000038   DeltaT:  2.556E-06   Iter/sec:  5.782E+01
 Iteration:  00000039   DeltaT:  2.556E-06   Iter/sec:  5.872E+01
 Iteration:  00000040   DeltaT:  2.556E-06   Iter/sec:  5.544E+01
 Iteration:  00000041   DeltaT:  2.556E-06   Iter/sec:  5.827E+01
 Iteration:  00000042   DeltaT:  2.556E-06   Iter/sec:  5.687E+01
 Iteration:  00000043   DeltaT:  2.556E-06   Iter/sec:  5.555E+01
 Iteration:  00000044   DeltaT:  2.556E-06   Iter/sec:  6.078E+01
 Iteration:  00000045   DeltaT:  2.556E-06   Iter/sec:  5.851E+01
 Iteration:  00000046   DeltaT:  2.556E-06   Iter/sec:  5.728E+01
 Iteration:  00000047   DeltaT:  2.556E-06   Iter/sec:  2.703E+01
 Iteration:  00000048   DeltaT:  2.556E-06   Iter/sec:  2.481E+01
 Iteration:  00000049   DeltaT:  2.556E-06   Iter/sec:  5.780E+01
 Iteration:  00000050   DeltaT:  2.556E-06   Iter/sec:  5.431E+01


//////////////////////////////////////////////
   Measured Timings for Process 0  (seconds)

 Elapsed time:         1.4864
  Column time:         0.2978
     Row time:         0.3797
Legendre time:         0.0508
     FFT time:         0.0398
   Solve time:         0.1974
    rlma time:         0.0122
    rlmb time:         0.0042
  pspace time:         0.0211
  psolve time:         0.1415
    dphi time:         0.0028
captured time:         1.1474

     iter/sec:        33.6383
//////////////////////////////////////////////
