 //////////////////////////////////////
 Initializating Rayleigh...

 -- Initalizing MPI...
 ---- Specified parameters:
 ---- NCPU  :   1024
 ---- NPROW :     64
 ---- NPCOL :     16
 -- MPI initialized.


 -- Initalizing Grid...
 ---- Specified parameters ----
 ---- N_R                 :     64
 ---- N_THETA             :    768
 ---- Ell_MAX             :    511
 ---- R_MIN               :  5.38462E-01
 ---- R_MAX               :  1.53846E+00
 ---- Chebyshev Domains   :      1

        Domain 1
          Grid points           :  64
          Dealiased Polynomials :  42
          Domain Lower Bound    :  5.38462E-01
          Domain Upper Bound    :  1.53846E+00

 -- Grid initialized.

[SHTns 3.4.5] built Apr 26 2021, 15:32:45, id: avx2,ishioka
        Lmax=511, Mmax*Mres=511, Mres=1, Nlm=131328  [1 threads, orthonormalized]
        => using FFTW : Mmax=511, Nphi=1536, Nlat=768  (data layout : phi_inc=768, theta_inc=1, phi_embed=1536)
        => using Gauss nodes
        + polar optimization threshold = 1.0e-08
        finding optimal algorithm........
        + SHT accuracy = 3.93e-13
        => SHTns is ready.
 -- Initalizing Reference State...
 ---- Specified parameters:
 ---- Reference type           :  Boussinesq (Non-dimensional)
 ---- Rayleigh Number          :  1.00000E+05
 ---- Ekman Number             :  1.00000E-03
 ---- Prandtl Number           :  1.00000E+00
 ---- Magnetic Prandtl Number  :  5.00000E+00
 -- Reference State initialized.

 -- Initializing Fields...
 ---- Specified parameters:
 ---- Hydro Init Type    : Benchmark (Christensen et al. 2001)
 ---- Magnetic Init Type : Benchmark (Christensen et al. 2001)
 -- Fields initialized.

 Initialization Complete.
 //////////////////////////////////////

 Timestep has changed from  0.00000E+00 to  1.00000E-04.
 Iteration:  00000001   DeltaT:  1.000E-04   Iter/sec:  0.000E+00
 Timestep has changed from  1.00000E-04 to  8.93257E-06.
 Iteration:  00000002   DeltaT:  8.933E-06   Iter/sec:  1.411E-01
 Iteration:  00000003   DeltaT:  8.933E-06   Iter/sec:  4.902E+00
 Iteration:  00000004   DeltaT:  8.933E-06   Iter/sec:  4.374E+00
 Iteration:  00000005   DeltaT:  8.933E-06   Iter/sec:  4.076E+00
 Iteration:  00000006   DeltaT:  8.933E-06   Iter/sec:  5.643E+00
 Iteration:  00000007   DeltaT:  8.933E-06   Iter/sec:  5.388E+00
 Iteration:  00000008   DeltaT:  8.933E-06   Iter/sec:  4.097E+00
 Iteration:  00000009   DeltaT:  8.933E-06   Iter/sec:  5.554E+00
 Iteration:  00000010   DeltaT:  8.933E-06   Iter/sec:  5.582E+00
 Iteration:  00000011   DeltaT:  8.933E-06   Iter/sec:  4.633E+00
 Iteration:  00000012   DeltaT:  8.933E-06   Iter/sec:  5.858E+00
 Iteration:  00000013   DeltaT:  8.933E-06   Iter/sec:  5.899E+00
 Iteration:  00000014   DeltaT:  8.933E-06   Iter/sec:  3.803E+00
 Iteration:  00000015   DeltaT:  8.933E-06   Iter/sec:  5.850E+00
 Iteration:  00000016   DeltaT:  8.933E-06   Iter/sec:  5.865E+00
 Iteration:  00000017   DeltaT:  8.933E-06   Iter/sec:  4.891E+00
 Iteration:  00000018   DeltaT:  8.933E-06   Iter/sec:  4.347E+00
 Iteration:  00000019   DeltaT:  8.933E-06   Iter/sec:  6.184E+00
 Iteration:  00000020   DeltaT:  8.933E-06   Iter/sec:  5.346E+00
 Iteration:  00000021   DeltaT:  8.933E-06   Iter/sec:  4.727E+00
 Iteration:  00000022   DeltaT:  8.933E-06   Iter/sec:  5.958E+00
 Iteration:  00000023   DeltaT:  8.933E-06   Iter/sec:  5.459E+00
 Iteration:  00000024   DeltaT:  8.933E-06   Iter/sec:  4.006E+00
 Iteration:  00000025   DeltaT:  8.933E-06   Iter/sec:  5.904E+00
 Iteration:  00000026   DeltaT:  8.933E-06   Iter/sec:  5.943E+00
 Iteration:  00000027   DeltaT:  8.933E-06   Iter/sec:  5.244E+00
 Iteration:  00000028   DeltaT:  8.933E-06   Iter/sec:  3.945E+00
 Iteration:  00000029   DeltaT:  8.933E-06   Iter/sec:  5.771E+00
 Iteration:  00000030   DeltaT:  8.933E-06   Iter/sec:  5.451E+00
 Iteration:  00000031   DeltaT:  8.933E-06   Iter/sec:  4.835E+00
 Iteration:  00000032   DeltaT:  8.933E-06   Iter/sec:  5.753E+00
 Iteration:  00000033   DeltaT:  8.933E-06   Iter/sec:  5.958E+00
 Iteration:  00000034   DeltaT:  8.933E-06   Iter/sec:  4.168E+00
 Iteration:  00000035   DeltaT:  8.933E-06   Iter/sec:  5.315E+00
 Iteration:  00000036   DeltaT:  8.933E-06   Iter/sec:  5.836E+00
 Iteration:  00000037   DeltaT:  8.933E-06   Iter/sec:  5.212E+00
 Iteration:  00000038   DeltaT:  8.933E-06   Iter/sec:  4.280E+00
 Iteration:  00000039   DeltaT:  8.933E-06   Iter/sec:  5.925E+00
 Iteration:  00000040   DeltaT:  8.933E-06   Iter/sec:  4.985E+00
 Iteration:  00000041   DeltaT:  8.933E-06   Iter/sec:  4.782E+00
 Iteration:  00000042   DeltaT:  8.933E-06   Iter/sec:  6.108E+00
 Iteration:  00000043   DeltaT:  8.933E-06   Iter/sec:  5.664E+00
 Iteration:  00000044   DeltaT:  8.933E-06   Iter/sec:  3.622E+00
 Iteration:  00000045   DeltaT:  8.933E-06   Iter/sec:  6.223E+00
 Iteration:  00000046   DeltaT:  8.933E-06   Iter/sec:  5.989E+00
 Iteration:  00000047   DeltaT:  8.933E-06   Iter/sec:  5.126E+00
 Iteration:  00000048   DeltaT:  8.933E-06   Iter/sec:  3.887E+00
 Iteration:  00000049   DeltaT:  8.933E-06   Iter/sec:  6.119E+00
 Iteration:  00000050   DeltaT:  8.933E-06   Iter/sec:  5.424E+00


//////////////////////////////////////////////
   Measured Timings for Process 0  (seconds)

 Elapsed time:        14.7148
  Column time:         3.5866
     Row time:         3.3263
Legendre time:         0.7532
     FFT time:         0.4788
   Solve time:         0.2080
    rlma time:         0.0850
    rlmb time:         0.0363
  pspace time:         0.8825
  psolve time:         0.4869
    dphi time:         0.0484
captured time:         9.8919

     iter/sec:         3.3979
//////////////////////////////////////////////
