 //////////////////////////////////////
 Initializating Rayleigh...

 -- Initalizing MPI...
 ---- Specified parameters:
 ---- NCPU  :    512
 ---- NPROW :     16
 ---- NPCOL :     32
 -- MPI initialized.


 -- Initalizing Grid...
 ---- Specified parameters ----
 ---- N_R                 :     64
 ---- N_THETA             :    384
 ---- Ell_MAX             :    255
 ---- R_MIN               :  5.38462E-01
 ---- R_MAX               :  1.53846E+00
 ---- Chebyshev Domains   :      1

        Domain 1
          Grid points           :  64
          Dealiased Polynomials :  42
          Domain Lower Bound    :  5.38462E-01
          Domain Upper Bound    :  1.53846E+00

 -- Grid initialized.

 -- Initalizing Reference State...
 ---- Specified parameters:
 ---- Reference type           :  Boussinesq (Non-dimensional)
 ---- Rayleigh Number          :  1.00000E+05
 ---- Ekman Number             :  1.00000E-03
 ---- Prandtl Number           :  1.00000E+00
 ---- Magnetic Prandtl Number  :  5.00000E+00
 -- Reference State initialized.

 -- Initializing Fields...
 ---- Specified parameters:
 ---- Hydro Init Type    : Benchmark (Christensen et al. 2001)
 ---- Magnetic Init Type : Benchmark (Christensen et al. 2001)
 -- Fields initialized.

 Initialization Complete.
 //////////////////////////////////////

 Timestep has changed from  0.00000E+00 to  1.00000E-04.
 Iteration:  00000001   DeltaT:  1.000E-04   Iter/sec:  0.000E+00
 Timestep has changed from  1.00000E-04 to  1.02211E-05.
 Iteration:  00000002   DeltaT:  1.022E-05   Iter/sec:  3.282E+00
 Iteration:  00000003   DeltaT:  1.022E-05   Iter/sec:  1.373E+01
 Iteration:  00000004   DeltaT:  1.022E-05   Iter/sec:  1.531E+01
 Iteration:  00000005   DeltaT:  1.022E-05   Iter/sec:  1.622E+01
 Iteration:  00000006   DeltaT:  1.022E-05   Iter/sec:  1.506E+01
 Iteration:  00000007   DeltaT:  1.022E-05   Iter/sec:  1.591E+01
 Iteration:  00000008   DeltaT:  1.022E-05   Iter/sec:  1.473E+01
 Iteration:  00000009   DeltaT:  1.022E-05   Iter/sec:  1.394E+01
 Iteration:  00000010   DeltaT:  1.022E-05   Iter/sec:  1.598E+01
 Iteration:  00000011   DeltaT:  1.022E-05   Iter/sec:  1.605E+01
 Iteration:  00000012   DeltaT:  1.022E-05   Iter/sec:  1.564E+01
 Iteration:  00000013   DeltaT:  1.022E-05   Iter/sec:  1.534E+01
 Iteration:  00000014   DeltaT:  1.022E-05   Iter/sec:  1.435E+01
 Iteration:  00000015   DeltaT:  1.022E-05   Iter/sec:  1.565E+01
 Iteration:  00000016   DeltaT:  1.022E-05   Iter/sec:  1.683E+01
 Iteration:  00000017   DeltaT:  1.022E-05   Iter/sec:  1.611E+01
 Iteration:  00000018   DeltaT:  1.022E-05   Iter/sec:  1.588E+01
 Iteration:  00000019   DeltaT:  1.022E-05   Iter/sec:  1.615E+01
 Iteration:  00000020   DeltaT:  1.022E-05   Iter/sec:  1.552E+01
 Iteration:  00000021   DeltaT:  1.022E-05   Iter/sec:  1.605E+01
 Iteration:  00000022   DeltaT:  1.022E-05   Iter/sec:  1.593E+01
 Iteration:  00000023   DeltaT:  1.022E-05   Iter/sec:  1.576E+01
 Iteration:  00000024   DeltaT:  1.022E-05   Iter/sec:  1.590E+01
 Iteration:  00000025   DeltaT:  1.022E-05   Iter/sec:  1.598E+01
 Iteration:  00000026   DeltaT:  1.022E-05   Iter/sec:  1.589E+01
 Iteration:  00000027   DeltaT:  1.022E-05   Iter/sec:  1.545E+01
 Iteration:  00000028   DeltaT:  1.022E-05   Iter/sec:  1.609E+01
 Iteration:  00000029   DeltaT:  1.022E-05   Iter/sec:  1.573E+01
 Iteration:  00000030   DeltaT:  1.022E-05   Iter/sec:  1.585E+01
 Iteration:  00000031   DeltaT:  1.022E-05   Iter/sec:  1.523E+01
 Iteration:  00000032   DeltaT:  1.022E-05   Iter/sec:  1.603E+01
 Iteration:  00000033   DeltaT:  1.022E-05   Iter/sec:  1.587E+01
 Iteration:  00000034   DeltaT:  1.022E-05   Iter/sec:  1.501E+01
 Iteration:  00000035   DeltaT:  1.022E-05   Iter/sec:  1.628E+01
 Iteration:  00000036   DeltaT:  1.022E-05   Iter/sec:  1.526E+01
 Iteration:  00000037   DeltaT:  1.022E-05   Iter/sec:  1.448E+01
 Iteration:  00000038   DeltaT:  1.022E-05   Iter/sec:  1.560E+01
 Iteration:  00000039   DeltaT:  1.022E-05   Iter/sec:  1.616E+01
 Iteration:  00000040   DeltaT:  1.022E-05   Iter/sec:  1.567E+01
 Iteration:  00000041   DeltaT:  1.022E-05   Iter/sec:  1.622E+01
 Iteration:  00000042   DeltaT:  1.022E-05   Iter/sec:  1.555E+01
 Iteration:  00000043   DeltaT:  1.022E-05   Iter/sec:  1.565E+01
 Iteration:  00000044   DeltaT:  1.022E-05   Iter/sec:  1.581E+01
 Iteration:  00000045   DeltaT:  1.022E-05   Iter/sec:  1.622E+01
 Iteration:  00000046   DeltaT:  1.022E-05   Iter/sec:  1.597E+01
 Iteration:  00000047   DeltaT:  1.022E-05   Iter/sec:  1.577E+01
 Iteration:  00000048   DeltaT:  1.022E-05   Iter/sec:  1.621E+01
 Iteration:  00000049   DeltaT:  1.022E-05   Iter/sec:  1.611E+01
 Iteration:  00000050   DeltaT:  1.022E-05   Iter/sec:  1.561E+01


//////////////////////////////////////////////
   Measured Timings for Process 0  (seconds)

 Elapsed time:         5.6452
  Column time:         0.8686
     Row time:         0.9603
Legendre time:         0.3616
     FFT time:         0.2244
   Solve time:         0.0853
    rlma time:         0.0572
    rlmb time:         0.0226
  pspace time:         0.3574
  psolve time:         0.2050
    dphi time:         0.0298
captured time:         3.1721

     iter/sec:         8.8571
//////////////////////////////////////////////
