 //////////////////////////////////////
 Initializating Rayleigh...

 -- Initalizing MPI...
 ---- Specified parameters:
 ---- NCPU  :    128
 ---- NPROW :      8
 ---- NPCOL :     16
 -- MPI initialized.


 -- Initalizing Grid...
 ---- Specified parameters ----
 ---- N_R                 :    128
 ---- N_THETA             :    192
 ---- Ell_MAX             :    127
 ---- R_MIN               :  5.38462E-01
 ---- R_MAX               :  1.53846E+00
 ---- Chebyshev Domains   :      1

        Domain 1
          Grid points           :  128
          Dealiased Polynomials :  85
          Domain Lower Bound    :  5.38462E-01
          Domain Upper Bound    :  1.53846E+00

 -- Grid initialized.

 -- Initalizing Reference State...
 ---- Specified parameters:
 ---- Reference type           :  Boussinesq (Non-dimensional)
 ---- Rayleigh Number          :  1.00000E+05
 ---- Ekman Number             :  1.00000E-03
 ---- Prandtl Number           :  1.00000E+00
 ---- Magnetic Prandtl Number  :  5.00000E+00
 -- Reference State initialized.

 -- Initializing Fields...
 ---- Specified parameters:
 ---- Hydro Init Type    : Benchmark (Christensen et al. 2001)
 ---- Magnetic Init Type : Benchmark (Christensen et al. 2001)
 -- Fields initialized.

 Initialization Complete.
 //////////////////////////////////////

 Timestep has changed from  0.00000E+00 to  1.00000E-04.
 Iteration:  00000001   DeltaT:  1.000E-04   Iter/sec:  0.000E+00
 Timestep has changed from  1.00000E-04 to  2.55581E-06.
 Iteration:  00000002   DeltaT:  2.556E-06   Iter/sec:  3.827E+00
 Iteration:  00000003   DeltaT:  2.556E-06   Iter/sec:  5.671E+00
 Iteration:  00000004   DeltaT:  2.556E-06   Iter/sec:  8.367E+00
 Iteration:  00000005   DeltaT:  2.556E-06   Iter/sec:  8.146E+00
 Iteration:  00000006   DeltaT:  2.556E-06   Iter/sec:  8.218E+00
 Iteration:  00000007   DeltaT:  2.556E-06   Iter/sec:  8.197E+00
 Iteration:  00000008   DeltaT:  2.556E-06   Iter/sec:  8.191E+00
 Iteration:  00000009   DeltaT:  2.556E-06   Iter/sec:  8.212E+00
 Iteration:  00000010   DeltaT:  2.556E-06   Iter/sec:  8.292E+00
 Iteration:  00000011   DeltaT:  2.556E-06   Iter/sec:  8.036E+00
 Iteration:  00000012   DeltaT:  2.556E-06   Iter/sec:  8.240E+00
 Iteration:  00000013   DeltaT:  2.556E-06   Iter/sec:  8.182E+00
 Iteration:  00000014   DeltaT:  2.556E-06   Iter/sec:  8.274E+00
 Iteration:  00000015   DeltaT:  2.556E-06   Iter/sec:  8.294E+00
 Iteration:  00000016   DeltaT:  2.556E-06   Iter/sec:  8.328E+00
 Iteration:  00000017   DeltaT:  2.556E-06   Iter/sec:  8.336E+00
 Iteration:  00000018   DeltaT:  2.556E-06   Iter/sec:  8.274E+00
 Iteration:  00000019   DeltaT:  2.556E-06   Iter/sec:  8.358E+00
 Iteration:  00000020   DeltaT:  2.556E-06   Iter/sec:  8.292E+00
 Iteration:  00000021   DeltaT:  2.556E-06   Iter/sec:  8.313E+00
 Iteration:  00000022   DeltaT:  2.556E-06   Iter/sec:  8.157E+00
 Iteration:  00000023   DeltaT:  2.556E-06   Iter/sec:  8.234E+00
 Iteration:  00000024   DeltaT:  2.556E-06   Iter/sec:  8.357E+00
 Iteration:  00000025   DeltaT:  2.556E-06   Iter/sec:  8.240E+00
 Iteration:  00000026   DeltaT:  2.556E-06   Iter/sec:  8.241E+00
 Iteration:  00000027   DeltaT:  2.556E-06   Iter/sec:  8.415E+00
 Iteration:  00000028   DeltaT:  2.556E-06   Iter/sec:  8.225E+00
 Iteration:  00000029   DeltaT:  2.556E-06   Iter/sec:  8.273E+00
 Iteration:  00000030   DeltaT:  2.556E-06   Iter/sec:  8.161E+00
 Iteration:  00000031   DeltaT:  2.556E-06   Iter/sec:  8.329E+00
 Iteration:  00000032   DeltaT:  2.556E-06   Iter/sec:  8.120E+00
 Iteration:  00000033   DeltaT:  2.556E-06   Iter/sec:  8.380E+00
 Iteration:  00000034   DeltaT:  2.556E-06   Iter/sec:  8.311E+00
 Iteration:  00000035   DeltaT:  2.556E-06   Iter/sec:  8.188E+00
 Iteration:  00000036   DeltaT:  2.556E-06   Iter/sec:  8.306E+00
 Iteration:  00000037   DeltaT:  2.556E-06   Iter/sec:  8.255E+00
 Iteration:  00000038   DeltaT:  2.556E-06   Iter/sec:  8.407E+00
 Iteration:  00000039   DeltaT:  2.556E-06   Iter/sec:  8.253E+00
 Iteration:  00000040   DeltaT:  2.556E-06   Iter/sec:  8.298E+00
 Iteration:  00000041   DeltaT:  2.556E-06   Iter/sec:  8.251E+00
 Iteration:  00000042   DeltaT:  2.556E-06   Iter/sec:  8.243E+00
 Iteration:  00000043   DeltaT:  2.556E-06   Iter/sec:  8.477E+00
 Iteration:  00000044   DeltaT:  2.556E-06   Iter/sec:  8.261E+00
 Iteration:  00000045   DeltaT:  2.556E-06   Iter/sec:  8.396E+00
 Iteration:  00000046   DeltaT:  2.556E-06   Iter/sec:  8.194E+00
 Iteration:  00000047   DeltaT:  2.556E-06   Iter/sec:  8.383E+00
 Iteration:  00000048   DeltaT:  2.556E-06   Iter/sec:  8.306E+00
 Iteration:  00000049   DeltaT:  2.556E-06   Iter/sec:  8.324E+00
 Iteration:  00000050   DeltaT:  2.556E-06   Iter/sec:  8.277E+00


//////////////////////////////////////////////
   Measured Timings for Process 0  (seconds)

 Elapsed time:         6.5564
  Column time:         0.9894
     Row time:         1.8909
Legendre time:         0.6486
     FFT time:         0.4694
   Solve time:         0.3133
    rlma time:         0.0970
    rlmb time:         0.0365
  pspace time:         0.9053
  psolve time:         0.6875
    dphi time:         0.0539
captured time:         6.0918

     iter/sec:         7.6261
//////////////////////////////////////////////
