 //////////////////////////////////////
 Initializating Rayleigh...

 -- Initalizing MPI...
 ---- Specified parameters:
 ---- NCPU  :    256
 ---- NPROW :     32
 ---- NPCOL :      8
 -- MPI initialized.


 -- Initalizing Grid...
 ---- Specified parameters ----
 ---- N_R                 :    128
 ---- N_THETA             :   1536
 ---- Ell_MAX             :   1023
 ---- R_MIN               :  5.38462E-01
 ---- R_MAX               :  1.53846E+00
 ---- Chebyshev Domains   :      1

        Domain 1
          Grid points           :  128
          Dealiased Polynomials :  85
          Domain Lower Bound    :  5.38462E-01
          Domain Upper Bound    :  1.53846E+00

 -- Grid initialized.

[SHTns 3.4.5] built Apr 26 2021, 15:32:45, id: avx2,ishioka
        Lmax=1023, Mmax*Mres=1023, Mres=1, Nlm=524800  [1 threads, orthonormalized]
        => using FFTW : Mmax=1023, Nphi=3072, Nlat=1536  (data layout : phi_inc=1536, theta_inc=1, phi_embed=3072)
        => using Gauss nodes
        + polar optimization threshold = 1.0e-08
        finding optimal algorithm...
        + SHT accuracy = 1.25e-12
        => SHTns is ready.
 -- Initalizing Reference State...
 ---- Specified parameters:
 ---- Reference type           :  Boussinesq (Non-dimensional)
 ---- Rayleigh Number          :  1.00000E+05
 ---- Ekman Number             :  1.00000E-03
 ---- Prandtl Number           :  1.00000E+00
 ---- Magnetic Prandtl Number  :  5.00000E+00
 -- Reference State initialized.

 -- Initializing Fields...
 ---- Specified parameters:
 ---- Hydro Init Type    : Benchmark (Christensen et al. 2001)
 ---- Magnetic Init Type : Benchmark (Christensen et al. 2001)
 -- Fields initialized.

 Initialization Complete.
 //////////////////////////////////////

 Timestep has changed from  0.00000E+00 to  1.00000E-04.
 Iteration:  00000001   DeltaT:  1.000E-04   Iter/sec:  0.000E+00
 Timestep has changed from  1.00000E-04 to  2.55561E-06.
 Iteration:  00000002   DeltaT:  2.556E-06   Iter/sec:  6.686E-02
 Iteration:  00000003   DeltaT:  2.556E-06   Iter/sec:  1.523E-01
 Iteration:  00000004   DeltaT:  2.556E-06   Iter/sec:  1.711E-01
 Iteration:  00000005   DeltaT:  2.556E-06   Iter/sec:  1.695E-01
 Iteration:  00000006   DeltaT:  2.556E-06   Iter/sec:  1.688E-01
 Iteration:  00000007   DeltaT:  2.556E-06   Iter/sec:  1.678E-01
 Iteration:  00000008   DeltaT:  2.556E-06   Iter/sec:  1.683E-01
 Iteration:  00000009   DeltaT:  2.556E-06   Iter/sec:  1.704E-01
 Iteration:  00000010   DeltaT:  2.556E-06   Iter/sec:  1.691E-01
 Iteration:  00000011   DeltaT:  2.556E-06   Iter/sec:  1.699E-01
 Iteration:  00000012   DeltaT:  2.556E-06   Iter/sec:  1.703E-01
 Iteration:  00000013   DeltaT:  2.556E-06   Iter/sec:  1.706E-01
 Iteration:  00000014   DeltaT:  2.556E-06   Iter/sec:  1.680E-01
 Iteration:  00000015   DeltaT:  2.556E-06   Iter/sec:  1.684E-01
 Iteration:  00000016   DeltaT:  2.556E-06   Iter/sec:  1.673E-01
 Iteration:  00000017   DeltaT:  2.556E-06   Iter/sec:  1.693E-01
 Iteration:  00000018   DeltaT:  2.556E-06   Iter/sec:  1.685E-01
 Iteration:  00000019   DeltaT:  2.556E-06   Iter/sec:  1.712E-01
 Iteration:  00000020   DeltaT:  2.556E-06   Iter/sec:  1.677E-01
 Iteration:  00000021   DeltaT:  2.556E-06   Iter/sec:  1.706E-01
 Iteration:  00000022   DeltaT:  2.556E-06   Iter/sec:  1.671E-01
 Iteration:  00000023   DeltaT:  2.556E-06   Iter/sec:  1.704E-01
 Iteration:  00000024   DeltaT:  2.556E-06   Iter/sec:  1.697E-01
 Iteration:  00000025   DeltaT:  2.556E-06   Iter/sec:  1.723E-01
 Iteration:  00000026   DeltaT:  2.556E-06   Iter/sec:  1.696E-01
 Iteration:  00000027   DeltaT:  2.556E-06   Iter/sec:  1.699E-01
 Iteration:  00000028   DeltaT:  2.556E-06   Iter/sec:  1.686E-01
 Iteration:  00000029   DeltaT:  2.556E-06   Iter/sec:  1.751E-01
 Iteration:  00000030   DeltaT:  2.556E-06   Iter/sec:  1.693E-01
 Iteration:  00000031   DeltaT:  2.556E-06   Iter/sec:  1.706E-01
 Iteration:  00000032   DeltaT:  2.556E-06   Iter/sec:  1.681E-01
 Iteration:  00000033   DeltaT:  2.556E-06   Iter/sec:  1.708E-01
 Iteration:  00000034   DeltaT:  2.556E-06   Iter/sec:  1.673E-01
 Iteration:  00000035   DeltaT:  2.556E-06   Iter/sec:  1.702E-01
 Iteration:  00000036   DeltaT:  2.556E-06   Iter/sec:  1.683E-01
 Iteration:  00000037   DeltaT:  2.556E-06   Iter/sec:  1.697E-01
 Iteration:  00000038   DeltaT:  2.556E-06   Iter/sec:  1.682E-01
 Iteration:  00000039   DeltaT:  2.556E-06   Iter/sec:  1.701E-01
 Iteration:  00000040   DeltaT:  2.556E-06   Iter/sec:  1.680E-01
 Iteration:  00000041   DeltaT:  2.556E-06   Iter/sec:  1.680E-01
 Iteration:  00000042   DeltaT:  2.556E-06   Iter/sec:  1.674E-01
 Iteration:  00000043   DeltaT:  2.556E-06   Iter/sec:  1.689E-01
 Iteration:  00000044   DeltaT:  2.556E-06   Iter/sec:  1.672E-01
 Iteration:  00000045   DeltaT:  2.556E-06   Iter/sec:  1.680E-01
 Iteration:  00000046   DeltaT:  2.556E-06   Iter/sec:  1.683E-01
 Iteration:  00000047   DeltaT:  2.556E-06   Iter/sec:  1.726E-01
 Iteration:  00000048   DeltaT:  2.556E-06   Iter/sec:  1.668E-01
 Iteration:  00000049   DeltaT:  2.556E-06   Iter/sec:  1.711E-01
 Iteration:  00000050   DeltaT:  2.556E-06   Iter/sec:  1.698E-01


//////////////////////////////////////////////
   Measured Timings for Process 0  (seconds)

 Elapsed time:       308.4476
  Column time:        54.0892
     Row time:       101.3371
Legendre time:        46.3979
     FFT time:        16.4581
   Solve time:         5.0306
    rlma time:         6.9453
    rlmb time:         2.8660
  pspace time:        30.2692
  psolve time:        27.5644
    dphi time:         1.0233
captured time:       291.9811

     iter/sec:         0.1621
//////////////////////////////////////////////
