 //////////////////////////////////////
 Initializating Rayleigh...

 -- Initalizing MPI...
 ---- Specified parameters:
 ---- NCPU  :    128
 ---- NPROW :     16
 ---- NPCOL :      8
 -- MPI initialized.


 -- Initalizing Grid...
 ---- Specified parameters ----
 ---- N_R                 :     64
 ---- N_THETA             :   1536
 ---- Ell_MAX             :   1023
 ---- R_MIN               :  5.38462E-01
 ---- R_MAX               :  1.53846E+00
 ---- Chebyshev Domains   :      1

        Domain 1
          Grid points           :  64
          Dealiased Polynomials :  42
          Domain Lower Bound    :  5.38462E-01
          Domain Upper Bound    :  1.53846E+00

 -- Grid initialized.

 -- Initalizing Reference State...
 ---- Specified parameters:
 ---- Reference type           :  Boussinesq (Non-dimensional)
 ---- Rayleigh Number          :  1.00000E+05
 ---- Ekman Number             :  1.00000E-03
 ---- Prandtl Number           :  1.00000E+00
 ---- Magnetic Prandtl Number  :  5.00000E+00
 -- Reference State initialized.

 -- Initializing Fields...
 ---- Specified parameters:
 ---- Hydro Init Type    : Benchmark (Christensen et al. 2001)
 ---- Magnetic Init Type : Benchmark (Christensen et al. 2001)
 -- Fields initialized.

 Initialization Complete.
 //////////////////////////////////////

 Timestep has changed from  0.00000E+00 to  1.00000E-04.
 Iteration:  00000001   DeltaT:  1.000E-04   Iter/sec:  0.000E+00
 Timestep has changed from  1.00000E-04 to  4.46409E-06.
 Iteration:  00000002   DeltaT:  4.464E-06   Iter/sec:  7.846E-02
 Iteration:  00000003   DeltaT:  4.464E-06   Iter/sec:  1.736E-01
 Iteration:  00000004   DeltaT:  4.464E-06   Iter/sec:  1.742E-01
 Iteration:  00000005   DeltaT:  4.464E-06   Iter/sec:  1.797E-01
 Iteration:  00000006   DeltaT:  4.464E-06   Iter/sec:  1.764E-01
 Iteration:  00000007   DeltaT:  4.464E-06   Iter/sec:  1.755E-01
 Iteration:  00000008   DeltaT:  4.464E-06   Iter/sec:  1.794E-01
 Iteration:  00000009   DeltaT:  4.464E-06   Iter/sec:  1.748E-01
 Iteration:  00000010   DeltaT:  4.464E-06   Iter/sec:  1.767E-01
 Iteration:  00000011   DeltaT:  4.464E-06   Iter/sec:  1.783E-01
 Iteration:  00000012   DeltaT:  4.464E-06   Iter/sec:  1.755E-01
 Iteration:  00000013   DeltaT:  4.464E-06   Iter/sec:  1.775E-01
 Iteration:  00000014   DeltaT:  4.464E-06   Iter/sec:  1.727E-01
 Iteration:  00000015   DeltaT:  4.464E-06   Iter/sec:  1.802E-01
 Iteration:  00000016   DeltaT:  4.464E-06   Iter/sec:  1.728E-01
 Iteration:  00000017   DeltaT:  4.464E-06   Iter/sec:  1.810E-01
 Iteration:  00000018   DeltaT:  4.464E-06   Iter/sec:  1.746E-01
 Iteration:  00000019   DeltaT:  4.464E-06   Iter/sec:  1.763E-01
 Iteration:  00000020   DeltaT:  4.464E-06   Iter/sec:  1.766E-01
 Iteration:  00000021   DeltaT:  4.464E-06   Iter/sec:  1.776E-01
 Iteration:  00000022   DeltaT:  4.464E-06   Iter/sec:  1.772E-01
 Iteration:  00000023   DeltaT:  4.464E-06   Iter/sec:  1.762E-01
 Iteration:  00000024   DeltaT:  4.464E-06   Iter/sec:  1.778E-01
 Iteration:  00000025   DeltaT:  4.464E-06   Iter/sec:  1.752E-01
 Iteration:  00000026   DeltaT:  4.464E-06   Iter/sec:  1.780E-01
 Iteration:  00000027   DeltaT:  4.464E-06   Iter/sec:  1.762E-01
 Iteration:  00000028   DeltaT:  4.464E-06   Iter/sec:  1.796E-01
 Iteration:  00000029   DeltaT:  4.464E-06   Iter/sec:  1.750E-01
 Iteration:  00000030   DeltaT:  4.464E-06   Iter/sec:  1.755E-01
 Iteration:  00000031   DeltaT:  4.464E-06   Iter/sec:  1.793E-01
 Iteration:  00000032   DeltaT:  4.464E-06   Iter/sec:  1.738E-01
 Iteration:  00000033   DeltaT:  4.464E-06   Iter/sec:  1.800E-01
 Iteration:  00000034   DeltaT:  4.464E-06   Iter/sec:  1.767E-01
 Iteration:  00000035   DeltaT:  4.464E-06   Iter/sec:  1.764E-01
 Iteration:  00000036   DeltaT:  4.464E-06   Iter/sec:  1.769E-01
 Iteration:  00000037   DeltaT:  4.464E-06   Iter/sec:  1.762E-01
 Iteration:  00000038   DeltaT:  4.464E-06   Iter/sec:  1.770E-01
 Iteration:  00000039   DeltaT:  4.464E-06   Iter/sec:  1.747E-01
 Iteration:  00000040   DeltaT:  4.464E-06   Iter/sec:  1.765E-01
 Iteration:  00000041   DeltaT:  4.464E-06   Iter/sec:  1.786E-01
 Iteration:  00000042   DeltaT:  4.464E-06   Iter/sec:  1.759E-01
 Iteration:  00000043   DeltaT:  4.464E-06   Iter/sec:  1.778E-01
 Iteration:  00000044   DeltaT:  4.464E-06   Iter/sec:  1.754E-01
 Iteration:  00000045   DeltaT:  4.464E-06   Iter/sec:  1.783E-01
 Iteration:  00000046   DeltaT:  4.464E-06   Iter/sec:  1.759E-01
 Iteration:  00000047   DeltaT:  4.464E-06   Iter/sec:  1.763E-01
 Iteration:  00000048   DeltaT:  4.464E-06   Iter/sec:  1.786E-01
 Iteration:  00000049   DeltaT:  4.464E-06   Iter/sec:  1.748E-01
 Iteration:  00000050   DeltaT:  4.464E-06   Iter/sec:  1.748E-01


//////////////////////////////////////////////
   Measured Timings for Process 0  (seconds)

 Elapsed time:       292.5359
  Column time:        38.2181
     Row time:        93.9885
Legendre time:        56.1038
     FFT time:        16.7600
   Solve time:         2.5054
    rlma time:         7.2395
    rlmb time:         2.9893
  pspace time:        34.7725
  psolve time:        24.9615
    dphi time:         1.8818
captured time:       279.4203

     iter/sec:         0.1709
//////////////////////////////////////////////
