 //////////////////////////////////////
 Initializating Rayleigh...

 -- Initalizing MPI...
 ---- Specified parameters:
 ---- NCPU  :   2048
 ---- NPROW :     64
 ---- NPCOL :     32
 -- MPI initialized.


 -- Initalizing Grid...
 ---- Specified parameters ----
 ---- N_R                 :    128
 ---- N_THETA             :    384
 ---- Ell_MAX             :    255
 ---- R_MIN               :  5.38462E-01
 ---- R_MAX               :  1.53846E+00
 ---- Chebyshev Domains   :      1

        Domain 1
          Grid points           :  128
          Dealiased Polynomials :  85
          Domain Lower Bound    :  5.38462E-01
          Domain Upper Bound    :  1.53846E+00

 -- Grid initialized.

 -- Initalizing Reference State...
 ---- Specified parameters:
 ---- Reference type           :  Boussinesq (Non-dimensional)
 ---- Rayleigh Number          :  1.00000E+05
 ---- Ekman Number             :  1.00000E-03
 ---- Prandtl Number           :  1.00000E+00
 ---- Magnetic Prandtl Number  :  5.00000E+00
 -- Reference State initialized.

 -- Initializing Fields...
 ---- Specified parameters:
 ---- Hydro Init Type    : Benchmark (Christensen et al. 2001)
 ---- Magnetic Init Type : Benchmark (Christensen et al. 2001)
 -- Fields initialized.

 Initialization Complete.
 //////////////////////////////////////

 Timestep has changed from  0.00000E+00 to  1.00000E-04.
 Iteration:  00000001   DeltaT:  1.000E-04   Iter/sec:  0.000E+00
 Timestep has changed from  1.00000E-04 to  2.55566E-06.
 Iteration:  00000002   DeltaT:  2.556E-06   Iter/sec:  2.972E+00
 Iteration:  00000003   DeltaT:  2.556E-06   Iter/sec:  1.152E+01
 Iteration:  00000004   DeltaT:  2.556E-06   Iter/sec:  2.375E+01
 Iteration:  00000005   DeltaT:  2.556E-06   Iter/sec:  1.077E+01
 Iteration:  00000006   DeltaT:  2.556E-06   Iter/sec:  1.270E+01
 Iteration:  00000007   DeltaT:  2.556E-06   Iter/sec:  9.499E+00
 Iteration:  00000008   DeltaT:  2.556E-06   Iter/sec:  2.512E+01
 Iteration:  00000009   DeltaT:  2.556E-06   Iter/sec:  2.339E+01
 Iteration:  00000010   DeltaT:  2.556E-06   Iter/sec:  2.227E+01
 Iteration:  00000011   DeltaT:  2.556E-06   Iter/sec:  2.451E+01
 Iteration:  00000012   DeltaT:  2.556E-06   Iter/sec:  2.266E+01
 Iteration:  00000013   DeltaT:  2.556E-06   Iter/sec:  1.411E+01
 Iteration:  00000014   DeltaT:  2.556E-06   Iter/sec:  2.338E+01
 Iteration:  00000015   DeltaT:  2.556E-06   Iter/sec:  2.191E+01
 Iteration:  00000016   DeltaT:  2.556E-06   Iter/sec:  1.572E+01
 Iteration:  00000017   DeltaT:  2.556E-06   Iter/sec:  2.297E+01
 Iteration:  00000018   DeltaT:  2.556E-06   Iter/sec:  1.172E+01
 Iteration:  00000019   DeltaT:  2.556E-06   Iter/sec:  1.086E+01
 Iteration:  00000020   DeltaT:  2.556E-06   Iter/sec:  2.395E+01
 Iteration:  00000021   DeltaT:  2.556E-06   Iter/sec:  2.453E+01
 Iteration:  00000022   DeltaT:  2.556E-06   Iter/sec:  2.277E+01
 Iteration:  00000023   DeltaT:  2.556E-06   Iter/sec:  2.372E+01
 Iteration:  00000024   DeltaT:  2.556E-06   Iter/sec:  2.393E+01
 Iteration:  00000025   DeltaT:  2.556E-06   Iter/sec:  2.368E+01
 Iteration:  00000026   DeltaT:  2.556E-06   Iter/sec:  2.484E+01
 Iteration:  00000027   DeltaT:  2.556E-06   Iter/sec:  2.203E+01
 Iteration:  00000028   DeltaT:  2.556E-06   Iter/sec:  1.406E+01
 Iteration:  00000029   DeltaT:  2.556E-06   Iter/sec:  1.792E+01
 Iteration:  00000030   DeltaT:  2.556E-06   Iter/sec:  1.233E+01
 Iteration:  00000031   DeltaT:  2.556E-06   Iter/sec:  1.004E+01
 Iteration:  00000032   DeltaT:  2.556E-06   Iter/sec:  2.438E+01
 Iteration:  00000033   DeltaT:  2.556E-06   Iter/sec:  2.272E+01
 Iteration:  00000034   DeltaT:  2.556E-06   Iter/sec:  2.319E+01
 Iteration:  00000035   DeltaT:  2.556E-06   Iter/sec:  2.432E+01
 Iteration:  00000036   DeltaT:  2.556E-06   Iter/sec:  2.442E+01
 Iteration:  00000037   DeltaT:  2.556E-06   Iter/sec:  2.339E+01
 Iteration:  00000038   DeltaT:  2.556E-06   Iter/sec:  2.260E+01
 Iteration:  00000039   DeltaT:  2.556E-06   Iter/sec:  2.402E+01
 Iteration:  00000040   DeltaT:  2.556E-06   Iter/sec:  9.537E+00
 Iteration:  00000041   DeltaT:  2.556E-06   Iter/sec:  2.537E+01
 Iteration:  00000042   DeltaT:  2.556E-06   Iter/sec:  7.315E+00
 Iteration:  00000043   DeltaT:  2.556E-06   Iter/sec:  2.372E+01
 Iteration:  00000044   DeltaT:  2.556E-06   Iter/sec:  2.300E+01
 Iteration:  00000045   DeltaT:  2.556E-06   Iter/sec:  2.338E+01
 Iteration:  00000046   DeltaT:  2.556E-06   Iter/sec:  2.347E+01
 Iteration:  00000047   DeltaT:  2.556E-06   Iter/sec:  2.311E+01
 Iteration:  00000048   DeltaT:  2.556E-06   Iter/sec:  2.362E+01
 Iteration:  00000049   DeltaT:  2.556E-06   Iter/sec:  2.352E+01
 Iteration:  00000050   DeltaT:  2.556E-06   Iter/sec:  2.440E+01


//////////////////////////////////////////////
   Measured Timings for Process 0  (seconds)

 Elapsed time:         3.4326
  Column time:         1.2025
     Row time:         0.9428
Legendre time:         0.1377
     FFT time:         0.1035
   Solve time:         0.1929
    rlma time:         0.0216
    rlmb time:         0.0089
  pspace time:         0.0820
  psolve time:         0.1793
    dphi time:         0.0093
captured time:         2.8805

     iter/sec:        14.5663
//////////////////////////////////////////////
