 //////////////////////////////////////
 Initializating Rayleigh...

 -- Initalizing MPI...
 ---- Specified parameters:
 ---- NCPU  :   1024
 ---- NPROW :     16
 ---- NPCOL :     64
 -- MPI initialized.


 -- Initalizing Grid...
 ---- Specified parameters ----
 ---- N_R                 :     64
 ---- N_THETA             :    768
 ---- Ell_MAX             :    511
 ---- R_MIN               :  5.38462E-01
 ---- R_MAX               :  1.53846E+00
 ---- Chebyshev Domains   :      1

        Domain 1
          Grid points           :  64
          Dealiased Polynomials :  42
          Domain Lower Bound    :  5.38462E-01
          Domain Upper Bound    :  1.53846E+00

 -- Grid initialized.

 -- Initalizing Reference State...
 ---- Specified parameters:
 ---- Reference type           :  Boussinesq (Non-dimensional)
 ---- Rayleigh Number          :  1.00000E+05
 ---- Ekman Number             :  1.00000E-03
 ---- Prandtl Number           :  1.00000E+00
 ---- Magnetic Prandtl Number  :  5.00000E+00
 -- Reference State initialized.

 -- Initializing Fields...
 ---- Specified parameters:
 ---- Hydro Init Type    : Benchmark (Christensen et al. 2001)
 ---- Magnetic Init Type : Benchmark (Christensen et al. 2001)
 -- Fields initialized.

 Initialization Complete.
 //////////////////////////////////////

 Timestep has changed from  0.00000E+00 to  1.00000E-04.
 Iteration:  00000001   DeltaT:  1.000E-04   Iter/sec:  0.000E+00
 Timestep has changed from  1.00000E-04 to  8.93257E-06.
 Iteration:  00000002   DeltaT:  8.933E-06   Iter/sec:  8.377E-01
 Iteration:  00000003   DeltaT:  8.933E-06   Iter/sec:  4.069E+00
 Iteration:  00000004   DeltaT:  8.933E-06   Iter/sec:  6.533E+00
 Iteration:  00000005   DeltaT:  8.933E-06   Iter/sec:  5.430E+00
 Iteration:  00000006   DeltaT:  8.933E-06   Iter/sec:  4.860E+00
 Iteration:  00000007   DeltaT:  8.933E-06   Iter/sec:  6.372E+00
 Iteration:  00000008   DeltaT:  8.933E-06   Iter/sec:  6.046E+00
 Iteration:  00000009   DeltaT:  8.933E-06   Iter/sec:  5.790E+00
 Iteration:  00000010   DeltaT:  8.933E-06   Iter/sec:  4.183E+00
 Iteration:  00000011   DeltaT:  8.933E-06   Iter/sec:  6.554E+00
 Iteration:  00000012   DeltaT:  8.933E-06   Iter/sec:  5.209E+00
 Iteration:  00000013   DeltaT:  8.933E-06   Iter/sec:  4.739E+00
 Iteration:  00000014   DeltaT:  8.933E-06   Iter/sec:  6.292E+00
 Iteration:  00000015   DeltaT:  8.933E-06   Iter/sec:  6.552E+00
 Iteration:  00000016   DeltaT:  8.933E-06   Iter/sec:  5.902E+00
 Iteration:  00000017   DeltaT:  8.933E-06   Iter/sec:  4.660E+00
 Iteration:  00000018   DeltaT:  8.933E-06   Iter/sec:  6.559E+00
 Iteration:  00000019   DeltaT:  8.933E-06   Iter/sec:  6.325E+00
 Iteration:  00000020   DeltaT:  8.933E-06   Iter/sec:  3.831E+00
 Iteration:  00000021   DeltaT:  8.933E-06   Iter/sec:  6.121E+00
 Iteration:  00000022   DeltaT:  8.933E-06   Iter/sec:  6.355E+00
 Iteration:  00000023   DeltaT:  8.933E-06   Iter/sec:  5.883E+00
 Iteration:  00000024   DeltaT:  8.933E-06   Iter/sec:  4.813E+00
 Iteration:  00000025   DeltaT:  8.933E-06   Iter/sec:  6.275E+00
 Iteration:  00000026   DeltaT:  8.933E-06   Iter/sec:  6.482E+00
 Iteration:  00000027   DeltaT:  8.933E-06   Iter/sec:  5.863E+00
 Iteration:  00000028   DeltaT:  8.933E-06   Iter/sec:  4.576E+00
 Iteration:  00000029   DeltaT:  8.933E-06   Iter/sec:  6.187E+00
 Iteration:  00000030   DeltaT:  8.933E-06   Iter/sec:  6.656E+00
 Iteration:  00000031   DeltaT:  8.933E-06   Iter/sec:  4.086E+00
 Iteration:  00000032   DeltaT:  8.933E-06   Iter/sec:  6.288E+00
 Iteration:  00000033   DeltaT:  8.933E-06   Iter/sec:  6.147E+00
 Iteration:  00000034   DeltaT:  8.933E-06   Iter/sec:  5.260E+00
 Iteration:  00000035   DeltaT:  8.933E-06   Iter/sec:  5.236E+00
 Iteration:  00000036   DeltaT:  8.933E-06   Iter/sec:  6.374E+00
 Iteration:  00000037   DeltaT:  8.933E-06   Iter/sec:  6.459E+00
 Iteration:  00000038   DeltaT:  8.933E-06   Iter/sec:  5.810E+00
 Iteration:  00000039   DeltaT:  8.933E-06   Iter/sec:  5.322E+00
 Iteration:  00000040   DeltaT:  8.933E-06   Iter/sec:  6.426E+00
 Iteration:  00000041   DeltaT:  8.933E-06   Iter/sec:  6.302E+00
 Iteration:  00000042   DeltaT:  8.933E-06   Iter/sec:  4.449E+00
 Iteration:  00000043   DeltaT:  8.933E-06   Iter/sec:  5.117E+00
 Iteration:  00000044   DeltaT:  8.933E-06   Iter/sec:  6.494E+00
 Iteration:  00000045   DeltaT:  8.933E-06   Iter/sec:  5.653E+00
 Iteration:  00000046   DeltaT:  8.933E-06   Iter/sec:  4.660E+00
 Iteration:  00000047   DeltaT:  8.933E-06   Iter/sec:  6.238E+00
 Iteration:  00000048   DeltaT:  8.933E-06   Iter/sec:  6.438E+00
 Iteration:  00000049   DeltaT:  8.933E-06   Iter/sec:  6.055E+00
 Iteration:  00000050   DeltaT:  8.933E-06   Iter/sec:  4.546E+00


//////////////////////////////////////////////
   Measured Timings for Process 0  (seconds)

 Elapsed time:        15.0712
  Column time:         2.4565
     Row time:         3.2337
Legendre time:         1.0749
     FFT time:         0.4852
   Solve time:         0.1174
    rlma time:         0.1295
    rlmb time:         0.0565
  pspace time:         0.9223
  psolve time:         0.3977
    dphi time:         0.0674
captured time:         8.9410

     iter/sec:         3.3176
//////////////////////////////////////////////
