 //////////////////////////////////////
 Initializating Rayleigh...

 -- Initalizing MPI...
 ---- Specified parameters:
 ---- NCPU  :     16
 ---- NPROW :      4
 ---- NPCOL :      4
 -- MPI initialized.


 -- Initalizing Grid...
 ---- Specified parameters ----
 ---- N_R                 :    128
 ---- N_THETA             :    192
 ---- Ell_MAX             :    127
 ---- R_MIN               :  5.38462E-01
 ---- R_MAX               :  1.53846E+00
 ---- Chebyshev Domains   :      1

        Domain 1
          Grid points           :  128
          Dealiased Polynomials :  85
          Domain Lower Bound    :  5.38462E-01
          Domain Upper Bound    :  1.53846E+00

 -- Grid initialized.

[SHTns 3.4.5] built Apr 26 2021, 15:32:45, id: avx2,ishioka
        Lmax=127, Mmax*Mres=127, Mres=1, Nlm=8256  [1 threads, orthonormalized]
        => using FFTW : Mmax=127, Nphi=384, Nlat=192  (data layout : phi_inc=192, theta_inc=1, phi_embed=384)
        => using Gauss nodes
        + polar optimization threshold = 1.0e-08
        finding optimal algorithm........
        + SHT accuracy = 5.12e-14
        => SHTns is ready.
 -- Initalizing Reference State...
 ---- Specified parameters:
 ---- Reference type           :  Boussinesq (Non-dimensional)
 ---- Rayleigh Number          :  1.00000E+05
 ---- Ekman Number             :  1.00000E-03
 ---- Prandtl Number           :  1.00000E+00
 ---- Magnetic Prandtl Number  :  5.00000E+00
 -- Reference State initialized.

 -- Initializing Fields...
 ---- Specified parameters:
 ---- Hydro Init Type    : Benchmark (Christensen et al. 2001)
 ---- Magnetic Init Type : Benchmark (Christensen et al. 2001)
 -- Fields initialized.

 Initialization Complete.
 //////////////////////////////////////

 Timestep has changed from  0.00000E+00 to  1.00000E-04.
 Iteration:  00000001   DeltaT:  1.000E-04   Iter/sec:  0.000E+00
 Timestep has changed from  1.00000E-04 to  2.55581E-06.
 Iteration:  00000002   DeltaT:  2.556E-06   Iter/sec:  1.987E-01
 Iteration:  00000003   DeltaT:  2.556E-06   Iter/sec:  8.049E-01
 Iteration:  00000004   DeltaT:  2.556E-06   Iter/sec:  9.106E-01
 Iteration:  00000005   DeltaT:  2.556E-06   Iter/sec:  9.129E-01
 Iteration:  00000006   DeltaT:  2.556E-06   Iter/sec:  9.136E-01
 Iteration:  00000007   DeltaT:  2.556E-06   Iter/sec:  9.148E-01
 Iteration:  00000008   DeltaT:  2.556E-06   Iter/sec:  9.166E-01
 Iteration:  00000009   DeltaT:  2.556E-06   Iter/sec:  9.089E-01
 Iteration:  00000010   DeltaT:  2.556E-06   Iter/sec:  9.198E-01
 Iteration:  00000011   DeltaT:  2.556E-06   Iter/sec:  9.119E-01
 Iteration:  00000012   DeltaT:  2.556E-06   Iter/sec:  9.094E-01
 Iteration:  00000013   DeltaT:  2.556E-06   Iter/sec:  9.088E-01
 Iteration:  00000014   DeltaT:  2.556E-06   Iter/sec:  9.085E-01
 Iteration:  00000015   DeltaT:  2.556E-06   Iter/sec:  9.140E-01
 Iteration:  00000016   DeltaT:  2.556E-06   Iter/sec:  9.092E-01
 Iteration:  00000017   DeltaT:  2.556E-06   Iter/sec:  9.092E-01
 Iteration:  00000018   DeltaT:  2.556E-06   Iter/sec:  9.118E-01
 Iteration:  00000019   DeltaT:  2.556E-06   Iter/sec:  9.145E-01
 Iteration:  00000020   DeltaT:  2.556E-06   Iter/sec:  9.109E-01
 Iteration:  00000021   DeltaT:  2.556E-06   Iter/sec:  9.052E-01
 Iteration:  00000022   DeltaT:  2.556E-06   Iter/sec:  9.144E-01
 Iteration:  00000023   DeltaT:  2.556E-06   Iter/sec:  9.143E-01
 Iteration:  00000024   DeltaT:  2.556E-06   Iter/sec:  9.156E-01
 Iteration:  00000025   DeltaT:  2.556E-06   Iter/sec:  9.134E-01
 Iteration:  00000026   DeltaT:  2.556E-06   Iter/sec:  9.137E-01
 Iteration:  00000027   DeltaT:  2.556E-06   Iter/sec:  9.084E-01
 Iteration:  00000028   DeltaT:  2.556E-06   Iter/sec:  9.142E-01
 Iteration:  00000029   DeltaT:  2.556E-06   Iter/sec:  9.107E-01
 Iteration:  00000030   DeltaT:  2.556E-06   Iter/sec:  9.051E-01
 Iteration:  00000031   DeltaT:  2.556E-06   Iter/sec:  9.134E-01
 Iteration:  00000032   DeltaT:  2.556E-06   Iter/sec:  9.099E-01
 Iteration:  00000033   DeltaT:  2.556E-06   Iter/sec:  9.065E-01
 Iteration:  00000034   DeltaT:  2.556E-06   Iter/sec:  9.291E-01
 Iteration:  00000035   DeltaT:  2.556E-06   Iter/sec:  9.180E-01
 Iteration:  00000036   DeltaT:  2.556E-06   Iter/sec:  9.057E-01
 Iteration:  00000037   DeltaT:  2.556E-06   Iter/sec:  9.103E-01
 Iteration:  00000038   DeltaT:  2.556E-06   Iter/sec:  9.110E-01
 Iteration:  00000039   DeltaT:  2.556E-06   Iter/sec:  9.150E-01
 Iteration:  00000040   DeltaT:  2.556E-06   Iter/sec:  9.139E-01
 Iteration:  00000041   DeltaT:  2.556E-06   Iter/sec:  9.122E-01
 Iteration:  00000042   DeltaT:  2.556E-06   Iter/sec:  9.133E-01
 Iteration:  00000043   DeltaT:  2.556E-06   Iter/sec:  9.180E-01
 Iteration:  00000044   DeltaT:  2.556E-06   Iter/sec:  9.030E-01
 Iteration:  00000045   DeltaT:  2.556E-06   Iter/sec:  9.225E-01
 Iteration:  00000046   DeltaT:  2.556E-06   Iter/sec:  9.099E-01
 Iteration:  00000047   DeltaT:  2.556E-06   Iter/sec:  9.097E-01
 Iteration:  00000048   DeltaT:  2.556E-06   Iter/sec:  8.989E-01
 Iteration:  00000049   DeltaT:  2.556E-06   Iter/sec:  9.168E-01
 Iteration:  00000050   DeltaT:  2.556E-06   Iter/sec:  9.062E-01


//////////////////////////////////////////////
   Measured Timings for Process 0  (seconds)

 Elapsed time:        55.5650
  Column time:         3.1739
     Row time:        24.0687
Legendre time:         3.6022
     FFT time:         3.9947
   Solve time:         1.4047
    rlma time:         1.1712
    rlmb time:         0.3931
  pspace time:         9.0023
  psolve time:         6.9057
    dphi time:         0.4565
captured time:        54.1729

     iter/sec:         0.8998
//////////////////////////////////////////////
