 //////////////////////////////////////
 Initializating Rayleigh...

 -- Initalizing MPI...
 ---- Specified parameters:
 ---- NCPU  :   1024
 ---- NPROW :     32
 ---- NPCOL :     32
 -- MPI initialized.


 -- Initalizing Grid...
 ---- Specified parameters ----
 ---- N_R                 :    128
 ---- N_THETA             :    768
 ---- Ell_MAX             :    511
 ---- R_MIN               :  5.38462E-01
 ---- R_MAX               :  1.53846E+00
 ---- Chebyshev Domains   :      1

        Domain 1
          Grid points           :  128
          Dealiased Polynomials :  85
          Domain Lower Bound    :  5.38462E-01
          Domain Upper Bound    :  1.53846E+00

 -- Grid initialized.

 -- Initalizing Reference State...
 ---- Specified parameters:
 ---- Reference type           :  Boussinesq (Non-dimensional)
 ---- Rayleigh Number          :  1.00000E+05
 ---- Ekman Number             :  1.00000E-03
 ---- Prandtl Number           :  1.00000E+00
 ---- Magnetic Prandtl Number  :  5.00000E+00
 -- Reference State initialized.

 -- Initializing Fields...
 ---- Specified parameters:
 ---- Hydro Init Type    : Benchmark (Christensen et al. 2001)
 ---- Magnetic Init Type : Benchmark (Christensen et al. 2001)
 -- Fields initialized.

 Initialization Complete.
 //////////////////////////////////////

 Timestep has changed from  0.00000E+00 to  1.00000E-04.
 Iteration:  00000001   DeltaT:  1.000E-04   Iter/sec:  0.000E+00
 Timestep has changed from  1.00000E-04 to  2.55562E-06.
 Iteration:  00000002   DeltaT:  2.556E-06   Iter/sec:  8.712E-01
 Iteration:  00000003   DeltaT:  2.556E-06   Iter/sec:  2.020E+00
 Iteration:  00000004   DeltaT:  2.556E-06   Iter/sec:  2.517E+00
 Iteration:  00000005   DeltaT:  2.556E-06   Iter/sec:  2.856E+00
 Iteration:  00000006   DeltaT:  2.556E-06   Iter/sec:  2.409E+00
 Iteration:  00000007   DeltaT:  2.556E-06   Iter/sec:  2.695E+00
 Iteration:  00000008   DeltaT:  2.556E-06   Iter/sec:  2.338E+00
 Iteration:  00000009   DeltaT:  2.556E-06   Iter/sec:  2.513E+00
 Iteration:  00000010   DeltaT:  2.556E-06   Iter/sec:  2.990E+00
 Iteration:  00000011   DeltaT:  2.556E-06   Iter/sec:  2.415E+00
 Iteration:  00000012   DeltaT:  2.556E-06   Iter/sec:  2.655E+00
 Iteration:  00000013   DeltaT:  2.556E-06   Iter/sec:  2.357E+00
 Iteration:  00000014   DeltaT:  2.556E-06   Iter/sec:  2.684E+00
 Iteration:  00000015   DeltaT:  2.556E-06   Iter/sec:  2.731E+00
 Iteration:  00000016   DeltaT:  2.556E-06   Iter/sec:  2.323E+00
 Iteration:  00000017   DeltaT:  2.556E-06   Iter/sec:  2.716E+00
 Iteration:  00000018   DeltaT:  2.556E-06   Iter/sec:  2.287E+00
 Iteration:  00000019   DeltaT:  2.556E-06   Iter/sec:  2.803E+00
 Iteration:  00000020   DeltaT:  2.556E-06   Iter/sec:  2.828E+00
 Iteration:  00000021   DeltaT:  2.556E-06   Iter/sec:  2.417E+00
 Iteration:  00000022   DeltaT:  2.556E-06   Iter/sec:  2.729E+00
 Iteration:  00000023   DeltaT:  2.556E-06   Iter/sec:  2.348E+00
 Iteration:  00000024   DeltaT:  2.556E-06   Iter/sec:  2.560E+00
 Iteration:  00000025   DeltaT:  2.556E-06   Iter/sec:  2.850E+00
 Iteration:  00000026   DeltaT:  2.556E-06   Iter/sec:  2.385E+00
 Iteration:  00000027   DeltaT:  2.556E-06   Iter/sec:  2.851E+00
 Iteration:  00000028   DeltaT:  2.556E-06   Iter/sec:  2.182E+00
 Iteration:  00000029   DeltaT:  2.556E-06   Iter/sec:  2.519E+00
 Iteration:  00000030   DeltaT:  2.556E-06   Iter/sec:  2.880E+00
 Iteration:  00000031   DeltaT:  2.556E-06   Iter/sec:  2.289E+00
 Iteration:  00000032   DeltaT:  2.556E-06   Iter/sec:  2.790E+00
 Iteration:  00000033   DeltaT:  2.556E-06   Iter/sec:  2.528E+00
 Iteration:  00000034   DeltaT:  2.556E-06   Iter/sec:  2.533E+00
 Iteration:  00000035   DeltaT:  2.556E-06   Iter/sec:  2.651E+00
 Iteration:  00000036   DeltaT:  2.556E-06   Iter/sec:  2.576E+00
 Iteration:  00000037   DeltaT:  2.556E-06   Iter/sec:  2.775E+00
 Iteration:  00000038   DeltaT:  2.556E-06   Iter/sec:  2.318E+00
 Iteration:  00000039   DeltaT:  2.556E-06   Iter/sec:  2.538E+00
 Iteration:  00000040   DeltaT:  2.556E-06   Iter/sec:  2.864E+00
 Iteration:  00000041   DeltaT:  2.556E-06   Iter/sec:  2.419E+00
 Iteration:  00000042   DeltaT:  2.556E-06   Iter/sec:  2.659E+00
 Iteration:  00000043   DeltaT:  2.556E-06   Iter/sec:  2.273E+00
 Iteration:  00000044   DeltaT:  2.556E-06   Iter/sec:  2.424E+00
 Iteration:  00000045   DeltaT:  2.556E-06   Iter/sec:  2.836E+00
 Iteration:  00000046   DeltaT:  2.556E-06   Iter/sec:  2.493E+00
 Iteration:  00000047   DeltaT:  2.556E-06   Iter/sec:  2.758E+00
 Iteration:  00000048   DeltaT:  2.556E-06   Iter/sec:  2.265E+00
 Iteration:  00000049   DeltaT:  2.556E-06   Iter/sec:  2.642E+00
 Iteration:  00000050   DeltaT:  2.556E-06   Iter/sec:  2.712E+00


//////////////////////////////////////////////
   Measured Timings for Process 0  (seconds)

 Elapsed time:        20.5737
  Column time:         6.5068
     Row time:         5.7799
Legendre time:         2.0587
     FFT time:         0.9555
   Solve time:         0.4826
    rlma time:         0.1792
    rlmb time:         0.0802
  pspace time:         1.9177
  psolve time:         1.4889
    dphi time:         0.0855
captured time:        19.5350

     iter/sec:         2.4303
//////////////////////////////////////////////
