 //////////////////////////////////////
 Initializating Rayleigh...

 -- Initalizing MPI...
 ---- Specified parameters:
 ---- NCPU  :   2048
 ---- NPROW :     64
 ---- NPCOL :     32
 -- MPI initialized.


 -- Initalizing Grid...
 ---- Specified parameters ----
 ---- N_R                 :    128
 ---- N_THETA             :    384
 ---- Ell_MAX             :    255
 ---- R_MIN               :  5.38462E-01
 ---- R_MAX               :  1.53846E+00
 ---- Chebyshev Domains   :      1

        Domain 1
          Grid points           :  128
          Dealiased Polynomials :  85
          Domain Lower Bound    :  5.38462E-01
          Domain Upper Bound    :  1.53846E+00

 -- Grid initialized.

[SHTns 3.4.5] built Apr 26 2021, 15:32:45, id: avx2,ishioka
        Lmax=255, Mmax*Mres=255, Mres=1, Nlm=32896  [1 threads, orthonormalized]
        => using FFTW : Mmax=255, Nphi=768, Nlat=384  (data layout : phi_inc=384, theta_inc=1, phi_embed=768)
        => using Gauss nodes
        + polar optimization threshold = 1.0e-08
        finding optimal algorithm..........
        + SHT accuracy = 3.11e-12
        => SHTns is ready.
 -- Initalizing Reference State...
 ---- Specified parameters:
 ---- Reference type           :  Boussinesq (Non-dimensional)
 ---- Rayleigh Number          :  1.00000E+05
 ---- Ekman Number             :  1.00000E-03
 ---- Prandtl Number           :  1.00000E+00
 ---- Magnetic Prandtl Number  :  5.00000E+00
 -- Reference State initialized.

 -- Initializing Fields...
 ---- Specified parameters:
 ---- Hydro Init Type    : Benchmark (Christensen et al. 2001)
 ---- Magnetic Init Type : Benchmark (Christensen et al. 2001)
 -- Fields initialized.

 Initialization Complete.
 //////////////////////////////////////

 Timestep has changed from  0.00000E+00 to  1.00000E-04.
 Iteration:  00000001   DeltaT:  1.000E-04   Iter/sec:  0.000E+00
 Timestep has changed from  1.00000E-04 to  2.55566E-06.
 Iteration:  00000002   DeltaT:  2.556E-06   Iter/sec:  1.212E-01
 Iteration:  00000003   DeltaT:  2.556E-06   Iter/sec:  1.187E+01
 Iteration:  00000004   DeltaT:  2.556E-06   Iter/sec:  1.245E+01
 Iteration:  00000005   DeltaT:  2.556E-06   Iter/sec:  2.997E+01
 Iteration:  00000006   DeltaT:  2.556E-06   Iter/sec:  1.010E+01
 Iteration:  00000007   DeltaT:  2.556E-06   Iter/sec:  1.267E+01
 Iteration:  00000008   DeltaT:  2.556E-06   Iter/sec:  2.527E+01
 Iteration:  00000009   DeltaT:  2.556E-06   Iter/sec:  2.483E+01
 Iteration:  00000010   DeltaT:  2.556E-06   Iter/sec:  2.277E+01
 Iteration:  00000011   DeltaT:  2.556E-06   Iter/sec:  2.322E+01
 Iteration:  00000012   DeltaT:  2.556E-06   Iter/sec:  2.408E+01
 Iteration:  00000013   DeltaT:  2.556E-06   Iter/sec:  2.472E+01
 Iteration:  00000014   DeltaT:  2.556E-06   Iter/sec:  2.417E+01
 Iteration:  00000015   DeltaT:  2.556E-06   Iter/sec:  2.121E+01
 Iteration:  00000016   DeltaT:  2.556E-06   Iter/sec:  2.380E+01
 Iteration:  00000017   DeltaT:  2.556E-06   Iter/sec:  1.206E+01
 Iteration:  00000018   DeltaT:  2.556E-06   Iter/sec:  2.428E+01
 Iteration:  00000019   DeltaT:  2.556E-06   Iter/sec:  7.043E+00
 Iteration:  00000020   DeltaT:  2.556E-06   Iter/sec:  2.519E+01
 Iteration:  00000021   DeltaT:  2.556E-06   Iter/sec:  2.399E+01
 Iteration:  00000022   DeltaT:  2.556E-06   Iter/sec:  2.298E+01
 Iteration:  00000023   DeltaT:  2.556E-06   Iter/sec:  2.287E+01
 Iteration:  00000024   DeltaT:  2.556E-06   Iter/sec:  2.164E+01
 Iteration:  00000025   DeltaT:  2.556E-06   Iter/sec:  2.123E+01
 Iteration:  00000026   DeltaT:  2.556E-06   Iter/sec:  2.400E+01
 Iteration:  00000027   DeltaT:  2.556E-06   Iter/sec:  2.390E+01
 Iteration:  00000028   DeltaT:  2.556E-06   Iter/sec:  2.360E+01
 Iteration:  00000029   DeltaT:  2.556E-06   Iter/sec:  1.337E+01
 Iteration:  00000030   DeltaT:  2.556E-06   Iter/sec:  2.806E+01
 Iteration:  00000031   DeltaT:  2.556E-06   Iter/sec:  1.163E+01
 Iteration:  00000032   DeltaT:  2.556E-06   Iter/sec:  1.067E+01
 Iteration:  00000033   DeltaT:  2.556E-06   Iter/sec:  2.486E+01
 Iteration:  00000034   DeltaT:  2.556E-06   Iter/sec:  2.495E+01
 Iteration:  00000035   DeltaT:  2.556E-06   Iter/sec:  1.972E+01
 Iteration:  00000036   DeltaT:  2.556E-06   Iter/sec:  2.463E+01
 Iteration:  00000037   DeltaT:  2.556E-06   Iter/sec:  2.418E+01
 Iteration:  00000038   DeltaT:  2.556E-06   Iter/sec:  2.360E+01
 Iteration:  00000039   DeltaT:  2.556E-06   Iter/sec:  2.456E+01
 Iteration:  00000040   DeltaT:  2.556E-06   Iter/sec:  2.365E+01
 Iteration:  00000041   DeltaT:  2.556E-06   Iter/sec:  1.375E+01
 Iteration:  00000042   DeltaT:  2.556E-06   Iter/sec:  2.321E+01
 Iteration:  00000043   DeltaT:  2.556E-06   Iter/sec:  2.261E+01
 Iteration:  00000044   DeltaT:  2.556E-06   Iter/sec:  6.800E+00
 Iteration:  00000045   DeltaT:  2.556E-06   Iter/sec:  2.947E+01
 Iteration:  00000046   DeltaT:  2.556E-06   Iter/sec:  2.216E+01
 Iteration:  00000047   DeltaT:  2.556E-06   Iter/sec:  1.449E+01
 Iteration:  00000048   DeltaT:  2.556E-06   Iter/sec:  2.530E+01
 Iteration:  00000049   DeltaT:  2.556E-06   Iter/sec:  2.268E+01
 Iteration:  00000050   DeltaT:  2.556E-06   Iter/sec:  2.528E+01


//////////////////////////////////////////////
   Measured Timings for Process 0  (seconds)

 Elapsed time:         3.4909
  Column time:         1.1953
     Row time:         0.9206
Legendre time:         0.1062
     FFT time:         0.0995
   Solve time:         0.1888
    rlma time:         0.0215
    rlmb time:         0.0088
  pspace time:         0.0830
  psolve time:         0.1779
    dphi time:         0.0090
captured time:         2.8106

     iter/sec:        14.3230
//////////////////////////////////////////////
