 //////////////////////////////////////
 Initializating Rayleigh...

 -- Initalizing MPI...
 ---- Specified parameters:
 ---- NCPU  :   2048
 ---- NPROW :     32
 ---- NPCOL :     64
 -- MPI initialized.


 -- Initalizing Grid...
 ---- Specified parameters ----
 ---- N_R                 :    128
 ---- N_THETA             :    384
 ---- Ell_MAX             :    255
 ---- R_MIN               :  5.38462E-01
 ---- R_MAX               :  1.53846E+00
 ---- Chebyshev Domains   :      1

        Domain 1
          Grid points           :  128
          Dealiased Polynomials :  85
          Domain Lower Bound    :  5.38462E-01
          Domain Upper Bound    :  1.53846E+00

 -- Grid initialized.

[SHTns 3.4.5] built Apr 26 2021, 15:32:45, id: avx2,ishioka
        Lmax=255, Mmax*Mres=255, Mres=1, Nlm=32896  [1 threads, orthonormalized]
        => using FFTW : Mmax=255, Nphi=768, Nlat=384  (data layout : phi_inc=384, theta_inc=1, phi_embed=768)
        => using Gauss nodes
        + polar optimization threshold = 1.0e-08
        finding optimal algorithm..........
        + SHT accuracy = 1.79e-12
        => SHTns is ready.
 -- Initalizing Reference State...
 ---- Specified parameters:
 ---- Reference type           :  Boussinesq (Non-dimensional)
 ---- Rayleigh Number          :  1.00000E+05
 ---- Ekman Number             :  1.00000E-03
 ---- Prandtl Number           :  1.00000E+00
 ---- Magnetic Prandtl Number  :  5.00000E+00
 -- Reference State initialized.

 -- Initializing Fields...
 ---- Specified parameters:
 ---- Hydro Init Type    : Benchmark (Christensen et al. 2001)
 ---- Magnetic Init Type : Benchmark (Christensen et al. 2001)
 -- Fields initialized.

 Initialization Complete.
 //////////////////////////////////////

 Timestep has changed from  0.00000E+00 to  1.00000E-04.
 Iteration:  00000001   DeltaT:  1.000E-04   Iter/sec:  0.000E+00
 Timestep has changed from  1.00000E-04 to  2.55566E-06.
 Iteration:  00000002   DeltaT:  2.556E-06   Iter/sec:  1.228E-01
 Iteration:  00000003   DeltaT:  2.556E-06   Iter/sec:  1.521E+01
 Iteration:  00000004   DeltaT:  2.556E-06   Iter/sec:  2.618E+01
 Iteration:  00000005   DeltaT:  2.556E-06   Iter/sec:  2.516E+01
 Iteration:  00000006   DeltaT:  2.556E-06   Iter/sec:  2.661E+01
 Iteration:  00000007   DeltaT:  2.556E-06   Iter/sec:  1.584E+01
 Iteration:  00000008   DeltaT:  2.556E-06   Iter/sec:  2.641E+01
 Iteration:  00000009   DeltaT:  2.556E-06   Iter/sec:  1.099E+01
 Iteration:  00000010   DeltaT:  2.556E-06   Iter/sec:  1.427E+01
 Iteration:  00000011   DeltaT:  2.556E-06   Iter/sec:  2.598E+01
 Iteration:  00000012   DeltaT:  2.556E-06   Iter/sec:  2.616E+01
 Iteration:  00000013   DeltaT:  2.556E-06   Iter/sec:  2.582E+01
 Iteration:  00000014   DeltaT:  2.556E-06   Iter/sec:  2.791E+01
 Iteration:  00000015   DeltaT:  2.556E-06   Iter/sec:  2.608E+01
 Iteration:  00000016   DeltaT:  2.556E-06   Iter/sec:  2.750E+01
 Iteration:  00000017   DeltaT:  2.556E-06   Iter/sec:  2.649E+01
 Iteration:  00000018   DeltaT:  2.556E-06   Iter/sec:  2.629E+01
 Iteration:  00000019   DeltaT:  2.556E-06   Iter/sec:  2.366E+01
 Iteration:  00000020   DeltaT:  2.556E-06   Iter/sec:  2.761E+01
 Iteration:  00000021   DeltaT:  2.556E-06   Iter/sec:  2.045E+01
 Iteration:  00000022   DeltaT:  2.556E-06   Iter/sec:  2.256E+01
 Iteration:  00000023   DeltaT:  2.556E-06   Iter/sec:  2.599E+01
 Iteration:  00000024   DeltaT:  2.556E-06   Iter/sec:  7.394E+00
 Iteration:  00000025   DeltaT:  2.556E-06   Iter/sec:  2.527E+01
 Iteration:  00000026   DeltaT:  2.556E-06   Iter/sec:  2.647E+01
 Iteration:  00000027   DeltaT:  2.556E-06   Iter/sec:  2.560E+01
 Iteration:  00000028   DeltaT:  2.556E-06   Iter/sec:  2.620E+01
 Iteration:  00000029   DeltaT:  2.556E-06   Iter/sec:  2.650E+01
 Iteration:  00000030   DeltaT:  2.556E-06   Iter/sec:  2.630E+01
 Iteration:  00000031   DeltaT:  2.556E-06   Iter/sec:  2.621E+01
 Iteration:  00000032   DeltaT:  2.556E-06   Iter/sec:  2.698E+01
 Iteration:  00000033   DeltaT:  2.556E-06   Iter/sec:  2.590E+01
 Iteration:  00000034   DeltaT:  2.556E-06   Iter/sec:  2.716E+01
 Iteration:  00000035   DeltaT:  2.556E-06   Iter/sec:  1.516E+01
 Iteration:  00000036   DeltaT:  2.556E-06   Iter/sec:  2.614E+01
 Iteration:  00000037   DeltaT:  2.556E-06   Iter/sec:  2.570E+01
 Iteration:  00000038   DeltaT:  2.556E-06   Iter/sec:  7.913E+00
 Iteration:  00000039   DeltaT:  2.556E-06   Iter/sec:  2.439E+01
 Iteration:  00000040   DeltaT:  2.556E-06   Iter/sec:  2.483E+01
 Iteration:  00000041   DeltaT:  2.556E-06   Iter/sec:  2.084E+01
 Iteration:  00000042   DeltaT:  2.556E-06   Iter/sec:  2.647E+01
 Iteration:  00000043   DeltaT:  2.556E-06   Iter/sec:  2.659E+01
 Iteration:  00000044   DeltaT:  2.556E-06   Iter/sec:  2.598E+01
 Iteration:  00000045   DeltaT:  2.556E-06   Iter/sec:  2.769E+01
 Iteration:  00000046   DeltaT:  2.556E-06   Iter/sec:  2.652E+01
 Iteration:  00000047   DeltaT:  2.556E-06   Iter/sec:  2.496E+01
 Iteration:  00000048   DeltaT:  2.556E-06   Iter/sec:  2.702E+01
 Iteration:  00000049   DeltaT:  2.556E-06   Iter/sec:  1.563E+01
 Iteration:  00000050   DeltaT:  2.556E-06   Iter/sec:  2.692E+01


//////////////////////////////////////////////
   Measured Timings for Process 0  (seconds)

 Elapsed time:         6.9182
  Column time:         1.2214
     Row time:         0.5554
Legendre time:         0.1117
     FFT time:         0.1015
   Solve time:         0.1398
    rlma time:         0.0255
    rlmb time:         0.0106
  pspace time:         0.1083
  psolve time:         0.1508
    dphi time:         0.0099
captured time:         2.4349

     iter/sec:         7.2273
//////////////////////////////////////////////
