 //////////////////////////////////////
 Initializating Rayleigh...

 -- Initalizing MPI...
 ---- Specified parameters:
 ---- NCPU  :   1024
 ---- NPROW :     16
 ---- NPCOL :     64
 -- MPI initialized.


 -- Initalizing Grid...
 ---- Specified parameters ----
 ---- N_R                 :    128
 ---- N_THETA             :    384
 ---- Ell_MAX             :    255
 ---- R_MIN               :  5.38462E-01
 ---- R_MAX               :  1.53846E+00
 ---- Chebyshev Domains   :      1

        Domain 1
          Grid points           :  128
          Dealiased Polynomials :  85
          Domain Lower Bound    :  5.38462E-01
          Domain Upper Bound    :  1.53846E+00

 -- Grid initialized.

[SHTns 3.4.5] built Apr 26 2021, 15:32:45, id: avx2,ishioka
        Lmax=255, Mmax*Mres=255, Mres=1, Nlm=32896  [1 threads, orthonormalized]
        => using FFTW : Mmax=255, Nphi=768, Nlat=384  (data layout : phi_inc=384, theta_inc=1, phi_embed=768)
        => using Gauss nodes
        + polar optimization threshold = 1.0e-08
        finding optimal algorithm..........
        + SHT accuracy = 1.76e-12
        => SHTns is ready.
 -- Initalizing Reference State...
 ---- Specified parameters:
 ---- Reference type           :  Boussinesq (Non-dimensional)
 ---- Rayleigh Number          :  1.00000E+05
 ---- Ekman Number             :  1.00000E-03
 ---- Prandtl Number           :  1.00000E+00
 ---- Magnetic Prandtl Number  :  5.00000E+00
 -- Reference State initialized.

 -- Initializing Fields...
 ---- Specified parameters:
 ---- Hydro Init Type    : Benchmark (Christensen et al. 2001)
 ---- Magnetic Init Type : Benchmark (Christensen et al. 2001)
 -- Fields initialized.

 Initialization Complete.
 //////////////////////////////////////

 Timestep has changed from  0.00000E+00 to  1.00000E-04.
 Iteration:  00000001   DeltaT:  1.000E-04   Iter/sec:  0.000E+00
 Timestep has changed from  1.00000E-04 to  2.55566E-06.
 Iteration:  00000002   DeltaT:  2.556E-06   Iter/sec:  1.256E-01
 Iteration:  00000003   DeltaT:  2.556E-06   Iter/sec:  9.904E+00
 Iteration:  00000004   DeltaT:  2.556E-06   Iter/sec:  1.624E+01
 Iteration:  00000005   DeltaT:  2.556E-06   Iter/sec:  1.669E+01
 Iteration:  00000006   DeltaT:  2.556E-06   Iter/sec:  1.500E+01
 Iteration:  00000007   DeltaT:  2.556E-06   Iter/sec:  1.123E+01
 Iteration:  00000008   DeltaT:  2.556E-06   Iter/sec:  9.285E+00
 Iteration:  00000009   DeltaT:  2.556E-06   Iter/sec:  1.063E+01
 Iteration:  00000010   DeltaT:  2.556E-06   Iter/sec:  1.504E+01
 Iteration:  00000011   DeltaT:  2.556E-06   Iter/sec:  1.635E+01
 Iteration:  00000012   DeltaT:  2.556E-06   Iter/sec:  1.537E+01
 Iteration:  00000013   DeltaT:  2.556E-06   Iter/sec:  1.612E+01
 Iteration:  00000014   DeltaT:  2.556E-06   Iter/sec:  1.702E+01
 Iteration:  00000015   DeltaT:  2.556E-06   Iter/sec:  1.175E+01
 Iteration:  00000016   DeltaT:  2.556E-06   Iter/sec:  1.495E+01
 Iteration:  00000017   DeltaT:  2.556E-06   Iter/sec:  9.235E+00
 Iteration:  00000018   DeltaT:  2.556E-06   Iter/sec:  1.240E+01
 Iteration:  00000019   DeltaT:  2.556E-06   Iter/sec:  1.639E+01
 Iteration:  00000020   DeltaT:  2.556E-06   Iter/sec:  1.624E+01
 Iteration:  00000021   DeltaT:  2.556E-06   Iter/sec:  1.561E+01
 Iteration:  00000022   DeltaT:  2.556E-06   Iter/sec:  1.608E+01
 Iteration:  00000023   DeltaT:  2.556E-06   Iter/sec:  1.672E+01
 Iteration:  00000024   DeltaT:  2.556E-06   Iter/sec:  1.248E+01
 Iteration:  00000025   DeltaT:  2.556E-06   Iter/sec:  1.519E+01
 Iteration:  00000026   DeltaT:  2.556E-06   Iter/sec:  9.348E+00
 Iteration:  00000027   DeltaT:  2.556E-06   Iter/sec:  1.252E+01
 Iteration:  00000028   DeltaT:  2.556E-06   Iter/sec:  1.585E+01
 Iteration:  00000029   DeltaT:  2.556E-06   Iter/sec:  1.638E+01
 Iteration:  00000030   DeltaT:  2.556E-06   Iter/sec:  1.680E+01
 Iteration:  00000031   DeltaT:  2.556E-06   Iter/sec:  1.393E+01
 Iteration:  00000032   DeltaT:  2.556E-06   Iter/sec:  1.679E+01
 Iteration:  00000033   DeltaT:  2.556E-06   Iter/sec:  1.188E+01
 Iteration:  00000034   DeltaT:  2.556E-06   Iter/sec:  1.518E+01
 Iteration:  00000035   DeltaT:  2.556E-06   Iter/sec:  9.010E+00
 Iteration:  00000036   DeltaT:  2.556E-06   Iter/sec:  1.378E+01
 Iteration:  00000037   DeltaT:  2.556E-06   Iter/sec:  1.662E+01
 Iteration:  00000038   DeltaT:  2.556E-06   Iter/sec:  1.654E+01
 Iteration:  00000039   DeltaT:  2.556E-06   Iter/sec:  1.671E+01
 Iteration:  00000040   DeltaT:  2.556E-06   Iter/sec:  1.677E+01
 Iteration:  00000041   DeltaT:  2.556E-06   Iter/sec:  1.699E+01
 Iteration:  00000042   DeltaT:  2.556E-06   Iter/sec:  1.109E+01
 Iteration:  00000043   DeltaT:  2.556E-06   Iter/sec:  1.489E+01
 Iteration:  00000044   DeltaT:  2.556E-06   Iter/sec:  9.051E+00
 Iteration:  00000045   DeltaT:  2.556E-06   Iter/sec:  1.277E+01
 Iteration:  00000046   DeltaT:  2.556E-06   Iter/sec:  1.668E+01
 Iteration:  00000047   DeltaT:  2.556E-06   Iter/sec:  1.683E+01
 Iteration:  00000048   DeltaT:  2.556E-06   Iter/sec:  1.637E+01
 Iteration:  00000049   DeltaT:  2.556E-06   Iter/sec:  1.698E+01
 Iteration:  00000050   DeltaT:  2.556E-06   Iter/sec:  1.600E+01


//////////////////////////////////////////////
   Measured Timings for Process 0  (seconds)

 Elapsed time:         7.3924
  Column time:         1.2792
     Row time:         0.9410
Legendre time:         0.2332
     FFT time:         0.2284
   Solve time:         0.1928
    rlma time:         0.0522
    rlmb time:         0.0212
  pspace time:         0.3654
  psolve time:         0.2877
    dphi time:         0.0305
captured time:         3.6318

     iter/sec:         6.7637
//////////////////////////////////////////////
