 //////////////////////////////////////
 Initializating Rayleigh...

 -- Initalizing MPI...
 ---- Specified parameters:
 ---- NCPU  :   1024
 ---- NPROW :     32
 ---- NPCOL :     32
 -- MPI initialized.


 -- Initalizing Grid...
 ---- Specified parameters ----
 ---- N_R                 :     64
 ---- N_THETA             :    192
 ---- Ell_MAX             :    127
 ---- R_MIN               :  5.38462E-01
 ---- R_MAX               :  1.53846E+00
 ---- Chebyshev Domains   :      1

        Domain 1
          Grid points           :  64
          Dealiased Polynomials :  42
          Domain Lower Bound    :  5.38462E-01
          Domain Upper Bound    :  1.53846E+00

 -- Grid initialized.

 -- Initalizing Reference State...
 ---- Specified parameters:
 ---- Reference type           :  Boussinesq (Non-dimensional)
 ---- Rayleigh Number          :  1.00000E+05
 ---- Ekman Number             :  1.00000E-03
 ---- Prandtl Number           :  1.00000E+00
 ---- Magnetic Prandtl Number  :  5.00000E+00
 -- Reference State initialized.

 -- Initializing Fields...
 ---- Specified parameters:
 ---- Hydro Init Type    : Benchmark (Christensen et al. 2001)
 ---- Magnetic Init Type : Benchmark (Christensen et al. 2001)
 -- Fields initialized.

 Initialization Complete.
 //////////////////////////////////////

 Timestep has changed from  0.00000E+00 to  1.00000E-04.
 Iteration:  00000001   DeltaT:  1.000E-04   Iter/sec:  0.000E+00
 Timestep has changed from  1.00000E-04 to  1.02217E-05.
 Iteration:  00000002   DeltaT:  1.022E-05   Iter/sec:  1.036E+01
 Iteration:  00000003   DeltaT:  1.022E-05   Iter/sec:  8.105E+01
 Iteration:  00000004   DeltaT:  1.022E-05   Iter/sec:  1.272E+02
 Iteration:  00000005   DeltaT:  1.022E-05   Iter/sec:  1.327E+02
 Iteration:  00000006   DeltaT:  1.022E-05   Iter/sec:  1.296E+02
 Iteration:  00000007   DeltaT:  1.022E-05   Iter/sec:  1.277E+02
 Iteration:  00000008   DeltaT:  1.022E-05   Iter/sec:  1.053E+02
 Iteration:  00000009   DeltaT:  1.022E-05   Iter/sec:  1.292E+02
 Iteration:  00000010   DeltaT:  1.022E-05   Iter/sec:  1.347E+02
 Iteration:  00000011   DeltaT:  1.022E-05   Iter/sec:  1.308E+02
 Iteration:  00000012   DeltaT:  1.022E-05   Iter/sec:  1.327E+02
 Iteration:  00000013   DeltaT:  1.022E-05   Iter/sec:  1.312E+02
 Iteration:  00000014   DeltaT:  1.022E-05   Iter/sec:  1.253E+02
 Iteration:  00000015   DeltaT:  1.022E-05   Iter/sec:  1.058E+02
 Iteration:  00000016   DeltaT:  1.022E-05   Iter/sec:  3.347E+01
 Iteration:  00000017   DeltaT:  1.022E-05   Iter/sec:  5.049E+01
 Iteration:  00000018   DeltaT:  1.022E-05   Iter/sec:  9.213E+01
 Iteration:  00000019   DeltaT:  1.022E-05   Iter/sec:  1.297E+02
 Iteration:  00000020   DeltaT:  1.022E-05   Iter/sec:  1.491E+02
 Iteration:  00000021   DeltaT:  1.022E-05   Iter/sec:  1.336E+02
 Iteration:  00000022   DeltaT:  1.022E-05   Iter/sec:  1.368E+02
 Iteration:  00000023   DeltaT:  1.022E-05   Iter/sec:  1.108E+02
 Iteration:  00000024   DeltaT:  1.022E-05   Iter/sec:  1.290E+02
 Iteration:  00000025   DeltaT:  1.022E-05   Iter/sec:  1.433E+02
 Iteration:  00000026   DeltaT:  1.022E-05   Iter/sec:  1.308E+02
 Iteration:  00000027   DeltaT:  1.022E-05   Iter/sec:  1.388E+02
 Iteration:  00000028   DeltaT:  1.022E-05   Iter/sec:  2.648E+01
 Iteration:  00000029   DeltaT:  1.022E-05   Iter/sec:  2.185E+01
 Iteration:  00000030   DeltaT:  1.022E-05   Iter/sec:  2.377E+01
 Iteration:  00000031   DeltaT:  1.022E-05   Iter/sec:  1.065E+02
 Iteration:  00000032   DeltaT:  1.022E-05   Iter/sec:  1.203E+02
 Iteration:  00000033   DeltaT:  1.022E-05   Iter/sec:  1.337E+02
 Iteration:  00000034   DeltaT:  1.022E-05   Iter/sec:  1.471E+02
 Iteration:  00000035   DeltaT:  1.022E-05   Iter/sec:  1.374E+02
 Iteration:  00000036   DeltaT:  1.022E-05   Iter/sec:  1.361E+02
 Iteration:  00000037   DeltaT:  1.022E-05   Iter/sec:  1.408E+02
 Iteration:  00000038   DeltaT:  1.022E-05   Iter/sec:  9.348E+01
 Iteration:  00000039   DeltaT:  1.022E-05   Iter/sec:  1.004E+02
 Iteration:  00000040   DeltaT:  1.022E-05   Iter/sec:  1.002E+02
 Iteration:  00000041   DeltaT:  1.022E-05   Iter/sec:  1.306E+02
 Iteration:  00000042   DeltaT:  1.022E-05   Iter/sec:  1.336E+02
 Iteration:  00000043   DeltaT:  1.022E-05   Iter/sec:  1.494E+02
 Iteration:  00000044   DeltaT:  1.022E-05   Iter/sec:  1.354E+02
 Iteration:  00000045   DeltaT:  1.022E-05   Iter/sec:  1.338E+02
 Iteration:  00000046   DeltaT:  1.022E-05   Iter/sec:  1.007E+02
 Iteration:  00000047   DeltaT:  1.022E-05   Iter/sec:  1.465E+02
 Iteration:  00000048   DeltaT:  1.022E-05   Iter/sec:  1.506E+02
 Iteration:  00000049   DeltaT:  1.022E-05   Iter/sec:  1.447E+02
 Iteration:  00000050   DeltaT:  1.022E-05   Iter/sec:  1.177E+02


//////////////////////////////////////////////
   Measured Timings for Process 0  (seconds)

 Elapsed time:         1.8425
  Column time:         0.2298
     Row time:         0.1757
Legendre time:         0.0247
     FFT time:         0.0178
   Solve time:         0.0324
    rlma time:         0.0070
    rlmb time:         0.0033
  pspace time:         0.0105
  psolve time:         0.0321
    dphi time:         0.0012
captured time:         0.5346

     iter/sec:        27.1372
//////////////////////////////////////////////
