 //////////////////////////////////////
 Initializating Rayleigh...

 -- Initalizing MPI...
 ---- Specified parameters:
 ---- NCPU  :    128
 ---- NPROW :     16
 ---- NPCOL :      8
 -- MPI initialized.


 -- Initalizing Grid...
 ---- Specified parameters ----
 ---- N_R                 :     64
 ---- N_THETA             :    192
 ---- Ell_MAX             :    127
 ---- R_MIN               :  5.38462E-01
 ---- R_MAX               :  1.53846E+00
 ---- Chebyshev Domains   :      1

        Domain 1
          Grid points           :  64
          Dealiased Polynomials :  42
          Domain Lower Bound    :  5.38462E-01
          Domain Upper Bound    :  1.53846E+00

 -- Grid initialized.

 -- Initalizing Reference State...
 ---- Specified parameters:
 ---- Reference type           :  Boussinesq (Non-dimensional)
 ---- Rayleigh Number          :  1.00000E+05
 ---- Ekman Number             :  1.00000E-03
 ---- Prandtl Number           :  1.00000E+00
 ---- Magnetic Prandtl Number  :  5.00000E+00
 -- Reference State initialized.

 -- Initializing Fields...
 ---- Specified parameters:
 ---- Hydro Init Type    : Benchmark (Christensen et al. 2001)
 ---- Magnetic Init Type : Benchmark (Christensen et al. 2001)
 -- Fields initialized.

 Initialization Complete.
 //////////////////////////////////////

 Timestep has changed from  0.00000E+00 to  1.00000E-04.
 Iteration:  00000001   DeltaT:  1.000E-04   Iter/sec:  0.000E+00
 Timestep has changed from  1.00000E-04 to  1.02217E-05.
 Iteration:  00000002   DeltaT:  1.022E-05   Iter/sec:  5.608E+00
 Iteration:  00000003   DeltaT:  1.022E-05   Iter/sec:  1.391E+01
 Iteration:  00000004   DeltaT:  1.022E-05   Iter/sec:  1.903E+01
 Iteration:  00000005   DeltaT:  1.022E-05   Iter/sec:  1.913E+01
 Iteration:  00000006   DeltaT:  1.022E-05   Iter/sec:  1.924E+01
 Iteration:  00000007   DeltaT:  1.022E-05   Iter/sec:  1.924E+01
 Iteration:  00000008   DeltaT:  1.022E-05   Iter/sec:  1.931E+01
 Iteration:  00000009   DeltaT:  1.022E-05   Iter/sec:  1.950E+01
 Iteration:  00000010   DeltaT:  1.022E-05   Iter/sec:  1.968E+01
 Iteration:  00000011   DeltaT:  1.022E-05   Iter/sec:  1.939E+01
 Iteration:  00000012   DeltaT:  1.022E-05   Iter/sec:  1.929E+01
 Iteration:  00000013   DeltaT:  1.022E-05   Iter/sec:  1.939E+01
 Iteration:  00000014   DeltaT:  1.022E-05   Iter/sec:  1.933E+01
 Iteration:  00000015   DeltaT:  1.022E-05   Iter/sec:  1.950E+01
 Iteration:  00000016   DeltaT:  1.022E-05   Iter/sec:  1.906E+01
 Iteration:  00000017   DeltaT:  1.022E-05   Iter/sec:  1.939E+01
 Iteration:  00000018   DeltaT:  1.022E-05   Iter/sec:  1.930E+01
 Iteration:  00000019   DeltaT:  1.022E-05   Iter/sec:  1.889E+01
 Iteration:  00000020   DeltaT:  1.022E-05   Iter/sec:  1.932E+01
 Iteration:  00000021   DeltaT:  1.022E-05   Iter/sec:  1.937E+01
 Iteration:  00000022   DeltaT:  1.022E-05   Iter/sec:  1.938E+01
 Iteration:  00000023   DeltaT:  1.022E-05   Iter/sec:  1.948E+01
 Iteration:  00000024   DeltaT:  1.022E-05   Iter/sec:  1.931E+01
 Iteration:  00000025   DeltaT:  1.022E-05   Iter/sec:  1.931E+01
 Iteration:  00000026   DeltaT:  1.022E-05   Iter/sec:  1.929E+01
 Iteration:  00000027   DeltaT:  1.022E-05   Iter/sec:  1.937E+01
 Iteration:  00000028   DeltaT:  1.022E-05   Iter/sec:  1.931E+01
 Iteration:  00000029   DeltaT:  1.022E-05   Iter/sec:  1.951E+01
 Iteration:  00000030   DeltaT:  1.022E-05   Iter/sec:  1.914E+01
 Iteration:  00000031   DeltaT:  1.022E-05   Iter/sec:  1.929E+01
 Iteration:  00000032   DeltaT:  1.022E-05   Iter/sec:  1.950E+01
 Iteration:  00000033   DeltaT:  1.022E-05   Iter/sec:  1.951E+01
 Iteration:  00000034   DeltaT:  1.022E-05   Iter/sec:  1.938E+01
 Iteration:  00000035   DeltaT:  1.022E-05   Iter/sec:  1.933E+01
 Iteration:  00000036   DeltaT:  1.022E-05   Iter/sec:  1.348E+01
 Iteration:  00000037   DeltaT:  1.022E-05   Iter/sec:  1.907E+01
 Iteration:  00000038   DeltaT:  1.022E-05   Iter/sec:  1.884E+01
 Iteration:  00000039   DeltaT:  1.022E-05   Iter/sec:  1.848E+01
 Iteration:  00000040   DeltaT:  1.022E-05   Iter/sec:  1.888E+01
 Iteration:  00000041   DeltaT:  1.022E-05   Iter/sec:  1.938E+01
 Iteration:  00000042   DeltaT:  1.022E-05   Iter/sec:  1.864E+01
 Iteration:  00000043   DeltaT:  1.022E-05   Iter/sec:  1.912E+01
 Iteration:  00000044   DeltaT:  1.022E-05   Iter/sec:  1.888E+01
 Iteration:  00000045   DeltaT:  1.022E-05   Iter/sec:  1.883E+01
 Iteration:  00000046   DeltaT:  1.022E-05   Iter/sec:  1.958E+01
 Iteration:  00000047   DeltaT:  1.022E-05   Iter/sec:  1.899E+01
 Iteration:  00000048   DeltaT:  1.022E-05   Iter/sec:  1.894E+01
 Iteration:  00000049   DeltaT:  1.022E-05   Iter/sec:  1.874E+01
 Iteration:  00000050   DeltaT:  1.022E-05   Iter/sec:  1.864E+01


//////////////////////////////////////////////
   Measured Timings for Process 0  (seconds)

 Elapsed time:         3.0823
  Column time:         0.4019
     Row time:         0.8741
Legendre time:         0.2994
     FFT time:         0.2339
   Solve time:         0.1237
    rlma time:         0.0449
    rlmb time:         0.0165
  pspace time:         0.3650
  psolve time:         0.2382
    dphi time:         0.0331
captured time:         2.6306

     iter/sec:        16.2214
//////////////////////////////////////////////
