 //////////////////////////////////////
 Initializating Rayleigh...

 -- Initalizing MPI...
 ---- Specified parameters:
 ---- NCPU  :    256
 ---- NPROW :     32
 ---- NPCOL :      8
 -- MPI initialized.


 -- Initalizing Grid...
 ---- Specified parameters ----
 ---- N_R                 :     64
 ---- N_THETA             :   1536
 ---- Ell_MAX             :   1023
 ---- R_MIN               :  5.38462E-01
 ---- R_MAX               :  1.53846E+00
 ---- Chebyshev Domains   :      1

        Domain 1
          Grid points           :  64
          Dealiased Polynomials :  42
          Domain Lower Bound    :  5.38462E-01
          Domain Upper Bound    :  1.53846E+00

 -- Grid initialized.

 -- Initalizing Reference State...
 ---- Specified parameters:
 ---- Reference type           :  Boussinesq (Non-dimensional)
 ---- Rayleigh Number          :  1.00000E+05
 ---- Ekman Number             :  1.00000E-03
 ---- Prandtl Number           :  1.00000E+00
 ---- Magnetic Prandtl Number  :  5.00000E+00
 -- Reference State initialized.

 -- Initializing Fields...
 ---- Specified parameters:
 ---- Hydro Init Type    : Benchmark (Christensen et al. 2001)
 ---- Magnetic Init Type : Benchmark (Christensen et al. 2001)
 -- Fields initialized.

 Initialization Complete.
 //////////////////////////////////////

 Timestep has changed from  0.00000E+00 to  1.00000E-04.
 Iteration:  00000001   DeltaT:  1.000E-04   Iter/sec:  0.000E+00
 Timestep has changed from  1.00000E-04 to  4.46409E-06.
 Iteration:  00000002   DeltaT:  4.464E-06   Iter/sec:  1.254E-01
 Iteration:  00000003   DeltaT:  4.464E-06   Iter/sec:  3.301E-01
 Iteration:  00000004   DeltaT:  4.464E-06   Iter/sec:  3.547E-01
 Iteration:  00000005   DeltaT:  4.464E-06   Iter/sec:  3.417E-01
 Iteration:  00000006   DeltaT:  4.464E-06   Iter/sec:  3.520E-01
 Iteration:  00000007   DeltaT:  4.464E-06   Iter/sec:  3.359E-01
 Iteration:  00000008   DeltaT:  4.464E-06   Iter/sec:  3.493E-01
 Iteration:  00000009   DeltaT:  4.464E-06   Iter/sec:  3.494E-01
 Iteration:  00000010   DeltaT:  4.464E-06   Iter/sec:  3.377E-01
 Iteration:  00000011   DeltaT:  4.464E-06   Iter/sec:  3.474E-01
 Iteration:  00000012   DeltaT:  4.464E-06   Iter/sec:  3.414E-01
 Iteration:  00000013   DeltaT:  4.464E-06   Iter/sec:  3.489E-01
 Iteration:  00000014   DeltaT:  4.464E-06   Iter/sec:  3.384E-01
 Iteration:  00000015   DeltaT:  4.464E-06   Iter/sec:  3.544E-01
 Iteration:  00000016   DeltaT:  4.464E-06   Iter/sec:  3.509E-01
 Iteration:  00000017   DeltaT:  4.464E-06   Iter/sec:  3.405E-01
 Iteration:  00000018   DeltaT:  4.464E-06   Iter/sec:  3.505E-01
 Iteration:  00000019   DeltaT:  4.464E-06   Iter/sec:  3.425E-01
 Iteration:  00000020   DeltaT:  4.464E-06   Iter/sec:  3.440E-01
 Iteration:  00000021   DeltaT:  4.464E-06   Iter/sec:  3.450E-01
 Iteration:  00000022   DeltaT:  4.464E-06   Iter/sec:  3.342E-01
 Iteration:  00000023   DeltaT:  4.464E-06   Iter/sec:  3.487E-01
 Iteration:  00000024   DeltaT:  4.464E-06   Iter/sec:  3.507E-01
 Iteration:  00000025   DeltaT:  4.464E-06   Iter/sec:  3.376E-01
 Iteration:  00000026   DeltaT:  4.464E-06   Iter/sec:  3.581E-01
 Iteration:  00000027   DeltaT:  4.464E-06   Iter/sec:  3.424E-01
 Iteration:  00000028   DeltaT:  4.464E-06   Iter/sec:  3.548E-01
 Iteration:  00000029   DeltaT:  4.464E-06   Iter/sec:  3.432E-01
 Iteration:  00000030   DeltaT:  4.464E-06   Iter/sec:  3.430E-01
 Iteration:  00000031   DeltaT:  4.464E-06   Iter/sec:  3.501E-01
 Iteration:  00000032   DeltaT:  4.464E-06   Iter/sec:  3.320E-01
 Iteration:  00000033   DeltaT:  4.464E-06   Iter/sec:  3.421E-01
 Iteration:  00000034   DeltaT:  4.464E-06   Iter/sec:  3.479E-01
 Iteration:  00000035   DeltaT:  4.464E-06   Iter/sec:  3.415E-01
 Iteration:  00000036   DeltaT:  4.464E-06   Iter/sec:  3.593E-01
 Iteration:  00000037   DeltaT:  4.464E-06   Iter/sec:  3.373E-01
 Iteration:  00000038   DeltaT:  4.464E-06   Iter/sec:  3.539E-01
 Iteration:  00000039   DeltaT:  4.464E-06   Iter/sec:  3.467E-01
 Iteration:  00000040   DeltaT:  4.464E-06   Iter/sec:  3.367E-01
 Iteration:  00000041   DeltaT:  4.464E-06   Iter/sec:  3.388E-01
 Iteration:  00000042   DeltaT:  4.464E-06   Iter/sec:  3.432E-01
 Iteration:  00000043   DeltaT:  4.464E-06   Iter/sec:  3.400E-01
 Iteration:  00000044   DeltaT:  4.464E-06   Iter/sec:  3.521E-01
 Iteration:  00000045   DeltaT:  4.464E-06   Iter/sec:  3.403E-01
 Iteration:  00000046   DeltaT:  4.464E-06   Iter/sec:  3.462E-01
 Iteration:  00000047   DeltaT:  4.464E-06   Iter/sec:  3.494E-01
 Iteration:  00000048   DeltaT:  4.464E-06   Iter/sec:  3.371E-01
 Iteration:  00000049   DeltaT:  4.464E-06   Iter/sec:  3.455E-01
 Iteration:  00000050   DeltaT:  4.464E-06   Iter/sec:  3.408E-01


//////////////////////////////////////////////
   Measured Timings for Process 0  (seconds)

 Elapsed time:       150.6440
  Column time:        26.3748
     Row time:        50.2382
Legendre time:        26.3284
     FFT time:         8.0864
   Solve time:         1.4365
    rlma time:         2.5993
    rlmb time:         1.4302
  pspace time:        14.5570
  psolve time:        12.1848
    dphi time:         0.4721
captured time:       143.7077

     iter/sec:         0.3319
//////////////////////////////////////////////
