 //////////////////////////////////////
 Initializating Rayleigh...

 -- Initalizing MPI...
 ---- Specified parameters:
 ---- NCPU  :   1024
 ---- NPROW :     64
 ---- NPCOL :     16
 -- MPI initialized.


 -- Initalizing Grid...
 ---- Specified parameters ----
 ---- N_R                 :    128
 ---- N_THETA             :    768
 ---- Ell_MAX             :    511
 ---- R_MIN               :  5.38462E-01
 ---- R_MAX               :  1.53846E+00
 ---- Chebyshev Domains   :      1

        Domain 1
          Grid points           :  128
          Dealiased Polynomials :  85
          Domain Lower Bound    :  5.38462E-01
          Domain Upper Bound    :  1.53846E+00

 -- Grid initialized.

 -- Initalizing Reference State...
 ---- Specified parameters:
 ---- Reference type           :  Boussinesq (Non-dimensional)
 ---- Rayleigh Number          :  1.00000E+05
 ---- Ekman Number             :  1.00000E-03
 ---- Prandtl Number           :  1.00000E+00
 ---- Magnetic Prandtl Number  :  5.00000E+00
 -- Reference State initialized.

 -- Initializing Fields...
 ---- Specified parameters:
 ---- Hydro Init Type    : Benchmark (Christensen et al. 2001)
 ---- Magnetic Init Type : Benchmark (Christensen et al. 2001)
 -- Fields initialized.

 Initialization Complete.
 //////////////////////////////////////

 Timestep has changed from  0.00000E+00 to  1.00000E-04.
 Iteration:  00000001   DeltaT:  1.000E-04   Iter/sec:  0.000E+00
 Timestep has changed from  1.00000E-04 to  2.55562E-06.
 Iteration:  00000002   DeltaT:  2.556E-06   Iter/sec:  9.519E-01
 Iteration:  00000003   DeltaT:  2.556E-06   Iter/sec:  1.687E+00
 Iteration:  00000004   DeltaT:  2.556E-06   Iter/sec:  2.161E+00
 Iteration:  00000005   DeltaT:  2.556E-06   Iter/sec:  2.036E+00
 Iteration:  00000006   DeltaT:  2.556E-06   Iter/sec:  2.512E+00
 Iteration:  00000007   DeltaT:  2.556E-06   Iter/sec:  2.304E+00
 Iteration:  00000008   DeltaT:  2.556E-06   Iter/sec:  2.084E+00
 Iteration:  00000009   DeltaT:  2.556E-06   Iter/sec:  2.292E+00
 Iteration:  00000010   DeltaT:  2.556E-06   Iter/sec:  2.485E+00
 Iteration:  00000011   DeltaT:  2.556E-06   Iter/sec:  2.127E+00
 Iteration:  00000012   DeltaT:  2.556E-06   Iter/sec:  2.538E+00
 Iteration:  00000013   DeltaT:  2.556E-06   Iter/sec:  2.307E+00
 Iteration:  00000014   DeltaT:  2.556E-06   Iter/sec:  2.105E+00
 Iteration:  00000015   DeltaT:  2.556E-06   Iter/sec:  2.259E+00
 Iteration:  00000016   DeltaT:  2.556E-06   Iter/sec:  2.452E+00
 Iteration:  00000017   DeltaT:  2.556E-06   Iter/sec:  2.107E+00
 Iteration:  00000018   DeltaT:  2.556E-06   Iter/sec:  2.043E+00
 Iteration:  00000019   DeltaT:  2.556E-06   Iter/sec:  2.839E+00
 Iteration:  00000020   DeltaT:  2.556E-06   Iter/sec:  2.212E+00
 Iteration:  00000021   DeltaT:  2.556E-06   Iter/sec:  2.337E+00
 Iteration:  00000022   DeltaT:  2.556E-06   Iter/sec:  2.328E+00
 Iteration:  00000023   DeltaT:  2.556E-06   Iter/sec:  2.292E+00
 Iteration:  00000024   DeltaT:  2.556E-06   Iter/sec:  2.267E+00
 Iteration:  00000025   DeltaT:  2.556E-06   Iter/sec:  2.520E+00
 Iteration:  00000026   DeltaT:  2.556E-06   Iter/sec:  2.137E+00
 Iteration:  00000027   DeltaT:  2.556E-06   Iter/sec:  2.255E+00
 Iteration:  00000028   DeltaT:  2.556E-06   Iter/sec:  2.630E+00
 Iteration:  00000029   DeltaT:  2.556E-06   Iter/sec:  2.123E+00
 Iteration:  00000030   DeltaT:  2.556E-06   Iter/sec:  2.224E+00
 Iteration:  00000031   DeltaT:  2.556E-06   Iter/sec:  2.617E+00
 Iteration:  00000032   DeltaT:  2.556E-06   Iter/sec:  2.151E+00
 Iteration:  00000033   DeltaT:  2.556E-06   Iter/sec:  2.055E+00
 Iteration:  00000034   DeltaT:  2.556E-06   Iter/sec:  2.880E+00
 Iteration:  00000035   DeltaT:  2.556E-06   Iter/sec:  2.151E+00
 Iteration:  00000036   DeltaT:  2.556E-06   Iter/sec:  2.245E+00
 Iteration:  00000037   DeltaT:  2.556E-06   Iter/sec:  2.496E+00
 Iteration:  00000038   DeltaT:  2.556E-06   Iter/sec:  2.233E+00
 Iteration:  00000039   DeltaT:  2.556E-06   Iter/sec:  2.236E+00
 Iteration:  00000040   DeltaT:  2.556E-06   Iter/sec:  2.564E+00
 Iteration:  00000041   DeltaT:  2.556E-06   Iter/sec:  2.200E+00
 Iteration:  00000042   DeltaT:  2.556E-06   Iter/sec:  2.302E+00
 Iteration:  00000043   DeltaT:  2.556E-06   Iter/sec:  2.338E+00
 Iteration:  00000044   DeltaT:  2.556E-06   Iter/sec:  2.373E+00
 Iteration:  00000045   DeltaT:  2.556E-06   Iter/sec:  2.065E+00
 Iteration:  00000046   DeltaT:  2.556E-06   Iter/sec:  2.641E+00
 Iteration:  00000047   DeltaT:  2.556E-06   Iter/sec:  2.183E+00
 Iteration:  00000048   DeltaT:  2.556E-06   Iter/sec:  2.363E+00
 Iteration:  00000049   DeltaT:  2.556E-06   Iter/sec:  2.355E+00
 Iteration:  00000050   DeltaT:  2.556E-06   Iter/sec:  2.167E+00


//////////////////////////////////////////////
   Measured Timings for Process 0  (seconds)

 Elapsed time:        23.6210
  Column time:         6.0699
     Row time:         8.1347
Legendre time:         2.1220
     FFT time:         0.9765
   Solve time:         0.7076
    rlma time:         0.1703
    rlmb time:         0.0748
  pspace time:         1.9752
  psolve time:         1.6192
    dphi time:         0.0953
captured time:        21.9455

     iter/sec:         2.1168
//////////////////////////////////////////////
