 //////////////////////////////////////
 Initializating Rayleigh...

 -- Initalizing MPI...
 ---- Specified parameters:
 ---- NCPU  :    256
 ---- NPROW :      8
 ---- NPCOL :     32
 -- MPI initialized.


 -- Initalizing Grid...
 ---- Specified parameters ----
 ---- N_R                 :     64
 ---- N_THETA             :    384
 ---- Ell_MAX             :    255
 ---- R_MIN               :  5.38462E-01
 ---- R_MAX               :  1.53846E+00
 ---- Chebyshev Domains   :      1

        Domain 1
          Grid points           :  64
          Dealiased Polynomials :  42
          Domain Lower Bound    :  5.38462E-01
          Domain Upper Bound    :  1.53846E+00

 -- Grid initialized.

[SHTns 3.4.5] built Apr 26 2021, 15:32:45, id: avx2,ishioka
        Lmax=255, Mmax*Mres=255, Mres=1, Nlm=32896  [1 threads, orthonormalized]
        => using FFTW : Mmax=255, Nphi=768, Nlat=384  (data layout : phi_inc=384, theta_inc=1, phi_embed=768)
        => using Gauss nodes
        + polar optimization threshold = 1.0e-08
        finding optimal algorithm..........
        + SHT accuracy = 1.86e-12
        => SHTns is ready.
 -- Initalizing Reference State...
 ---- Specified parameters:
 ---- Reference type           :  Boussinesq (Non-dimensional)
 ---- Rayleigh Number          :  1.00000E+05
 ---- Ekman Number             :  1.00000E-03
 ---- Prandtl Number           :  1.00000E+00
 ---- Magnetic Prandtl Number  :  5.00000E+00
 -- Reference State initialized.

 -- Initializing Fields...
 ---- Specified parameters:
 ---- Hydro Init Type    : Benchmark (Christensen et al. 2001)
 ---- Magnetic Init Type : Benchmark (Christensen et al. 2001)
 -- Fields initialized.

 Initialization Complete.
 //////////////////////////////////////

 Timestep has changed from  0.00000E+00 to  1.00000E-04.
 Iteration:  00000001   DeltaT:  1.000E-04   Iter/sec:  0.000E+00
 Timestep has changed from  1.00000E-04 to  1.02211E-05.
 Iteration:  00000002   DeltaT:  1.022E-05   Iter/sec:  1.186E-01
 Iteration:  00000003   DeltaT:  1.022E-05   Iter/sec:  7.259E+00
 Iteration:  00000004   DeltaT:  1.022E-05   Iter/sec:  7.640E+00
 Iteration:  00000005   DeltaT:  1.022E-05   Iter/sec:  7.640E+00
 Iteration:  00000006   DeltaT:  1.022E-05   Iter/sec:  7.563E+00
 Iteration:  00000007   DeltaT:  1.022E-05   Iter/sec:  7.701E+00
 Iteration:  00000008   DeltaT:  1.022E-05   Iter/sec:  7.583E+00
 Iteration:  00000009   DeltaT:  1.022E-05   Iter/sec:  7.599E+00
 Iteration:  00000010   DeltaT:  1.022E-05   Iter/sec:  7.675E+00
 Iteration:  00000011   DeltaT:  1.022E-05   Iter/sec:  7.429E+00
 Iteration:  00000012   DeltaT:  1.022E-05   Iter/sec:  7.728E+00
 Iteration:  00000013   DeltaT:  1.022E-05   Iter/sec:  7.766E+00
 Iteration:  00000014   DeltaT:  1.022E-05   Iter/sec:  7.639E+00
 Iteration:  00000015   DeltaT:  1.022E-05   Iter/sec:  7.598E+00
 Iteration:  00000016   DeltaT:  1.022E-05   Iter/sec:  7.846E+00
 Iteration:  00000017   DeltaT:  1.022E-05   Iter/sec:  7.503E+00
 Iteration:  00000018   DeltaT:  1.022E-05   Iter/sec:  7.656E+00
 Iteration:  00000019   DeltaT:  1.022E-05   Iter/sec:  7.700E+00
 Iteration:  00000020   DeltaT:  1.022E-05   Iter/sec:  7.824E+00
 Iteration:  00000021   DeltaT:  1.022E-05   Iter/sec:  7.562E+00
 Iteration:  00000022   DeltaT:  1.022E-05   Iter/sec:  7.710E+00
 Iteration:  00000023   DeltaT:  1.022E-05   Iter/sec:  7.624E+00
 Iteration:  00000024   DeltaT:  1.022E-05   Iter/sec:  7.683E+00
 Iteration:  00000025   DeltaT:  1.022E-05   Iter/sec:  7.743E+00
 Iteration:  00000026   DeltaT:  1.022E-05   Iter/sec:  7.696E+00
 Iteration:  00000027   DeltaT:  1.022E-05   Iter/sec:  7.736E+00
 Iteration:  00000028   DeltaT:  1.022E-05   Iter/sec:  7.576E+00
 Iteration:  00000029   DeltaT:  1.022E-05   Iter/sec:  7.593E+00
 Iteration:  00000030   DeltaT:  1.022E-05   Iter/sec:  7.624E+00
 Iteration:  00000031   DeltaT:  1.022E-05   Iter/sec:  7.594E+00
 Iteration:  00000032   DeltaT:  1.022E-05   Iter/sec:  8.012E+00
 Iteration:  00000033   DeltaT:  1.022E-05   Iter/sec:  7.560E+00
 Iteration:  00000034   DeltaT:  1.022E-05   Iter/sec:  7.838E+00
 Iteration:  00000035   DeltaT:  1.022E-05   Iter/sec:  7.826E+00
 Iteration:  00000036   DeltaT:  1.022E-05   Iter/sec:  7.694E+00
 Iteration:  00000037   DeltaT:  1.022E-05   Iter/sec:  7.895E+00
 Iteration:  00000038   DeltaT:  1.022E-05   Iter/sec:  7.821E+00
 Iteration:  00000039   DeltaT:  1.022E-05   Iter/sec:  7.789E+00
 Iteration:  00000040   DeltaT:  1.022E-05   Iter/sec:  7.831E+00
 Iteration:  00000041   DeltaT:  1.022E-05   Iter/sec:  7.653E+00
 Iteration:  00000042   DeltaT:  1.022E-05   Iter/sec:  7.882E+00
 Iteration:  00000043   DeltaT:  1.022E-05   Iter/sec:  7.672E+00
 Iteration:  00000044   DeltaT:  1.022E-05   Iter/sec:  7.965E+00
 Iteration:  00000045   DeltaT:  1.022E-05   Iter/sec:  7.883E+00
 Iteration:  00000046   DeltaT:  1.022E-05   Iter/sec:  7.954E+00
 Iteration:  00000047   DeltaT:  1.022E-05   Iter/sec:  7.701E+00
 Iteration:  00000048   DeltaT:  1.022E-05   Iter/sec:  7.872E+00
 Iteration:  00000049   DeltaT:  1.022E-05   Iter/sec:  7.783E+00
 Iteration:  00000050   DeltaT:  1.022E-05   Iter/sec:  7.591E+00


//////////////////////////////////////////////
   Measured Timings for Process 0  (seconds)

 Elapsed time:         7.5460
  Column time:         1.4211
     Row time:         2.1580
Legendre time:         0.5255
     FFT time:         0.4840
   Solve time:         0.1326
    rlma time:         0.1068
    rlmb time:         0.0452
  pspace time:         0.9293
  psolve time:         0.5789
    dphi time:         0.0580
captured time:         6.4394

     iter/sec:         6.6260
//////////////////////////////////////////////
