 //////////////////////////////////////
 Initializating Rayleigh...

 -- Initalizing MPI...
 ---- Specified parameters:
 ---- NCPU  :   2048
 ---- NPROW :     32
 ---- NPCOL :     64
 -- MPI initialized.


 -- Initalizing Grid...
 ---- Specified parameters ----
 ---- N_R                 :    128
 ---- N_THETA             :    384
 ---- Ell_MAX             :    255
 ---- R_MIN               :  5.38462E-01
 ---- R_MAX               :  1.53846E+00
 ---- Chebyshev Domains   :      1

        Domain 1
          Grid points           :  128
          Dealiased Polynomials :  85
          Domain Lower Bound    :  5.38462E-01
          Domain Upper Bound    :  1.53846E+00

 -- Grid initialized.

 -- Initalizing Reference State...
 ---- Specified parameters:
 ---- Reference type           :  Boussinesq (Non-dimensional)
 ---- Rayleigh Number          :  1.00000E+05
 ---- Ekman Number             :  1.00000E-03
 ---- Prandtl Number           :  1.00000E+00
 ---- Magnetic Prandtl Number  :  5.00000E+00
 -- Reference State initialized.

 -- Initializing Fields...
 ---- Specified parameters:
 ---- Hydro Init Type    : Benchmark (Christensen et al. 2001)
 ---- Magnetic Init Type : Benchmark (Christensen et al. 2001)
 -- Fields initialized.

 Initialization Complete.
 //////////////////////////////////////

 Timestep has changed from  0.00000E+00 to  1.00000E-04.
 Iteration:  00000001   DeltaT:  1.000E-04   Iter/sec:  0.000E+00
 Timestep has changed from  1.00000E-04 to  2.55566E-06.
 Iteration:  00000002   DeltaT:  2.556E-06   Iter/sec:  2.188E+00
 Iteration:  00000003   DeltaT:  2.556E-06   Iter/sec:  1.069E+01
 Iteration:  00000004   DeltaT:  2.556E-06   Iter/sec:  1.161E+01
 Iteration:  00000005   DeltaT:  2.556E-06   Iter/sec:  2.039E+01
 Iteration:  00000006   DeltaT:  2.556E-06   Iter/sec:  2.489E+01
 Iteration:  00000007   DeltaT:  2.556E-06   Iter/sec:  1.968E+01
 Iteration:  00000008   DeltaT:  2.556E-06   Iter/sec:  2.761E+01
 Iteration:  00000009   DeltaT:  2.556E-06   Iter/sec:  2.702E+01
 Iteration:  00000010   DeltaT:  2.556E-06   Iter/sec:  2.730E+01
 Iteration:  00000011   DeltaT:  2.556E-06   Iter/sec:  2.708E+01
 Iteration:  00000012   DeltaT:  2.556E-06   Iter/sec:  2.686E+01
 Iteration:  00000013   DeltaT:  2.556E-06   Iter/sec:  2.757E+01
 Iteration:  00000014   DeltaT:  2.556E-06   Iter/sec:  2.649E+01
 Iteration:  00000015   DeltaT:  2.556E-06   Iter/sec:  2.096E+01
 Iteration:  00000016   DeltaT:  2.556E-06   Iter/sec:  1.234E+01
 Iteration:  00000017   DeltaT:  2.556E-06   Iter/sec:  2.600E+01
 Iteration:  00000018   DeltaT:  2.556E-06   Iter/sec:  2.343E+01
 Iteration:  00000019   DeltaT:  2.556E-06   Iter/sec:  8.843E+00
 Iteration:  00000020   DeltaT:  2.556E-06   Iter/sec:  2.525E+01
 Iteration:  00000021   DeltaT:  2.556E-06   Iter/sec:  2.779E+01
 Iteration:  00000022   DeltaT:  2.556E-06   Iter/sec:  2.624E+01
 Iteration:  00000023   DeltaT:  2.556E-06   Iter/sec:  2.730E+01
 Iteration:  00000024   DeltaT:  2.556E-06   Iter/sec:  2.681E+01
 Iteration:  00000025   DeltaT:  2.556E-06   Iter/sec:  2.769E+01
 Iteration:  00000026   DeltaT:  2.556E-06   Iter/sec:  2.637E+01
 Iteration:  00000027   DeltaT:  2.556E-06   Iter/sec:  2.747E+01
 Iteration:  00000028   DeltaT:  2.556E-06   Iter/sec:  2.806E+01
 Iteration:  00000029   DeltaT:  2.556E-06   Iter/sec:  2.800E+01
 Iteration:  00000030   DeltaT:  2.556E-06   Iter/sec:  2.248E+01
 Iteration:  00000031   DeltaT:  2.556E-06   Iter/sec:  1.429E+01
 Iteration:  00000032   DeltaT:  2.556E-06   Iter/sec:  2.442E+01
 Iteration:  00000033   DeltaT:  2.556E-06   Iter/sec:  1.906E+01
 Iteration:  00000034   DeltaT:  2.556E-06   Iter/sec:  1.231E+01
 Iteration:  00000035   DeltaT:  2.556E-06   Iter/sec:  1.867E+01
 Iteration:  00000036   DeltaT:  2.556E-06   Iter/sec:  2.740E+01
 Iteration:  00000037   DeltaT:  2.556E-06   Iter/sec:  2.671E+01
 Iteration:  00000038   DeltaT:  2.556E-06   Iter/sec:  2.676E+01
 Iteration:  00000039   DeltaT:  2.556E-06   Iter/sec:  2.693E+01
 Iteration:  00000040   DeltaT:  2.556E-06   Iter/sec:  2.760E+01
 Iteration:  00000041   DeltaT:  2.556E-06   Iter/sec:  2.741E+01
 Iteration:  00000042   DeltaT:  2.556E-06   Iter/sec:  2.679E+01
 Iteration:  00000043   DeltaT:  2.556E-06   Iter/sec:  2.675E+01
 Iteration:  00000044   DeltaT:  2.556E-06   Iter/sec:  2.789E+01
 Iteration:  00000045   DeltaT:  2.556E-06   Iter/sec:  2.711E+01
 Iteration:  00000046   DeltaT:  2.556E-06   Iter/sec:  1.382E+01
 Iteration:  00000047   DeltaT:  2.556E-06   Iter/sec:  1.994E+01
 Iteration:  00000048   DeltaT:  2.556E-06   Iter/sec:  2.509E+01
 Iteration:  00000049   DeltaT:  2.556E-06   Iter/sec:  1.195E+01
 Iteration:  00000050   DeltaT:  2.556E-06   Iter/sec:  1.296E+01


//////////////////////////////////////////////
   Measured Timings for Process 0  (seconds)

 Elapsed time:         2.5315
  Column time:         1.1511
     Row time:         0.6822
Legendre time:         0.1472
     FFT time:         0.1008
   Solve time:         0.1354
    rlma time:         0.0258
    rlmb time:         0.0106
  pspace time:         0.1023
  psolve time:         0.1477
    dphi time:         0.0094
captured time:         2.5126

     iter/sec:        19.7508
//////////////////////////////////////////////
