 //////////////////////////////////////
 Initializating Rayleigh...

 -- Initalizing MPI...
 ---- Specified parameters:
 ---- NCPU  :     64
 ---- NPROW :      8
 ---- NPCOL :      8
 -- MPI initialized.


 -- Initalizing Grid...
 ---- Specified parameters ----
 ---- N_R                 :    128
 ---- N_THETA             :    384
 ---- Ell_MAX             :    255
 ---- R_MIN               :  5.38462E-01
 ---- R_MAX               :  1.53846E+00
 ---- Chebyshev Domains   :      1

        Domain 1
          Grid points           :  128
          Dealiased Polynomials :  85
          Domain Lower Bound    :  5.38462E-01
          Domain Upper Bound    :  1.53846E+00

 -- Grid initialized.

 -- Initalizing Reference State...
 ---- Specified parameters:
 ---- Reference type           :  Boussinesq (Non-dimensional)
 ---- Rayleigh Number          :  1.00000E+05
 ---- Ekman Number             :  1.00000E-03
 ---- Prandtl Number           :  1.00000E+00
 ---- Magnetic Prandtl Number  :  5.00000E+00
 -- Reference State initialized.

 -- Initializing Fields...
 ---- Specified parameters:
 ---- Hydro Init Type    : Benchmark (Christensen et al. 2001)
 ---- Magnetic Init Type : Benchmark (Christensen et al. 2001)
 -- Fields initialized.

 Initialization Complete.
 //////////////////////////////////////

 Timestep has changed from  0.00000E+00 to  1.00000E-04.
 Iteration:  00000001   DeltaT:  1.000E-04   Iter/sec:  0.000E+00
 Timestep has changed from  1.00000E-04 to  2.55566E-06.
 Iteration:  00000002   DeltaT:  2.556E-06   Iter/sec:  6.094E-01
 Iteration:  00000003   DeltaT:  2.556E-06   Iter/sec:  7.833E-01
 Iteration:  00000004   DeltaT:  2.556E-06   Iter/sec:  8.679E-01
 Iteration:  00000005   DeltaT:  2.556E-06   Iter/sec:  8.753E-01
 Iteration:  00000006   DeltaT:  2.556E-06   Iter/sec:  8.868E-01
 Iteration:  00000007   DeltaT:  2.556E-06   Iter/sec:  8.872E-01
 Iteration:  00000008   DeltaT:  2.556E-06   Iter/sec:  8.654E-01
 Iteration:  00000009   DeltaT:  2.556E-06   Iter/sec:  9.002E-01
 Iteration:  00000010   DeltaT:  2.556E-06   Iter/sec:  8.723E-01
 Iteration:  00000011   DeltaT:  2.556E-06   Iter/sec:  8.829E-01
 Iteration:  00000012   DeltaT:  2.556E-06   Iter/sec:  8.886E-01
 Iteration:  00000013   DeltaT:  2.556E-06   Iter/sec:  8.814E-01
 Iteration:  00000014   DeltaT:  2.556E-06   Iter/sec:  8.846E-01
 Iteration:  00000015   DeltaT:  2.556E-06   Iter/sec:  8.985E-01
 Iteration:  00000016   DeltaT:  2.556E-06   Iter/sec:  8.829E-01
 Iteration:  00000017   DeltaT:  2.556E-06   Iter/sec:  8.820E-01
 Iteration:  00000018   DeltaT:  2.556E-06   Iter/sec:  8.760E-01
 Iteration:  00000019   DeltaT:  2.556E-06   Iter/sec:  8.923E-01
 Iteration:  00000020   DeltaT:  2.556E-06   Iter/sec:  8.675E-01
 Iteration:  00000021   DeltaT:  2.556E-06   Iter/sec:  8.950E-01
 Iteration:  00000022   DeltaT:  2.556E-06   Iter/sec:  8.844E-01
 Iteration:  00000023   DeltaT:  2.556E-06   Iter/sec:  8.706E-01
 Iteration:  00000024   DeltaT:  2.556E-06   Iter/sec:  8.888E-01
 Iteration:  00000025   DeltaT:  2.556E-06   Iter/sec:  8.775E-01
 Iteration:  00000026   DeltaT:  2.556E-06   Iter/sec:  8.934E-01
 Iteration:  00000027   DeltaT:  2.556E-06   Iter/sec:  8.888E-01
 Iteration:  00000028   DeltaT:  2.556E-06   Iter/sec:  8.862E-01
 Iteration:  00000029   DeltaT:  2.556E-06   Iter/sec:  8.919E-01
 Iteration:  00000030   DeltaT:  2.556E-06   Iter/sec:  8.790E-01
 Iteration:  00000031   DeltaT:  2.556E-06   Iter/sec:  8.767E-01
 Iteration:  00000032   DeltaT:  2.556E-06   Iter/sec:  8.722E-01
 Iteration:  00000033   DeltaT:  2.556E-06   Iter/sec:  8.796E-01
 Iteration:  00000034   DeltaT:  2.556E-06   Iter/sec:  8.867E-01
 Iteration:  00000035   DeltaT:  2.556E-06   Iter/sec:  8.934E-01
 Iteration:  00000036   DeltaT:  2.556E-06   Iter/sec:  8.821E-01
 Iteration:  00000037   DeltaT:  2.556E-06   Iter/sec:  8.867E-01
 Iteration:  00000038   DeltaT:  2.556E-06   Iter/sec:  8.659E-01
 Iteration:  00000039   DeltaT:  2.556E-06   Iter/sec:  8.888E-01
 Iteration:  00000040   DeltaT:  2.556E-06   Iter/sec:  8.726E-01
 Iteration:  00000041   DeltaT:  2.556E-06   Iter/sec:  8.778E-01
 Iteration:  00000042   DeltaT:  2.556E-06   Iter/sec:  8.916E-01
 Iteration:  00000043   DeltaT:  2.556E-06   Iter/sec:  8.629E-01
 Iteration:  00000044   DeltaT:  2.556E-06   Iter/sec:  8.818E-01
 Iteration:  00000045   DeltaT:  2.556E-06   Iter/sec:  8.967E-01
 Iteration:  00000046   DeltaT:  2.556E-06   Iter/sec:  8.760E-01
 Iteration:  00000047   DeltaT:  2.556E-06   Iter/sec:  8.866E-01
 Iteration:  00000048   DeltaT:  2.556E-06   Iter/sec:  8.808E-01
 Iteration:  00000049   DeltaT:  2.556E-06   Iter/sec:  8.858E-01
 Iteration:  00000050   DeltaT:  2.556E-06   Iter/sec:  8.746E-01


//////////////////////////////////////////////
   Measured Timings for Process 0  (seconds)

 Elapsed time:        56.9965
  Column time:         6.3575
     Row time:        20.0797
Legendre time:         7.7355
     FFT time:         3.9679
   Solve time:         1.4459
    rlma time:         1.2027
    rlmb time:         0.5794
  pspace time:         7.7852
  psolve time:         6.7078
    dphi time:         0.2878
captured time:        56.1493

     iter/sec:         0.8772
//////////////////////////////////////////////
