 //////////////////////////////////////
 Initializating Rayleigh...

 -- Initalizing MPI...
 ---- Specified parameters:
 ---- NCPU  :    256
 ---- NPROW :      8
 ---- NPCOL :     32
 -- MPI initialized.


 -- Initalizing Grid...
 ---- Specified parameters ----
 ---- N_R                 :    256
 ---- N_THETA             :    768
 ---- Ell_MAX             :    511
 ---- R_MIN               :  5.38462E-01
 ---- R_MAX               :  1.53846E+00
 ---- Chebyshev Domains   :      1

        Domain 1
          Grid points           :  256
          Dealiased Polynomials :  170
          Domain Lower Bound    :  5.38462E-01
          Domain Upper Bound    :  1.53846E+00

 -- Grid initialized.

 -- Initalizing Reference State...
 ---- Specified parameters:
 ---- Reference type           :  Boussinesq (Non-dimensional)
 ---- Rayleigh Number          :  1.00000E+05
 ---- Ekman Number             :  1.00000E-03
 ---- Prandtl Number           :  1.00000E+00
 ---- Magnetic Prandtl Number  :  5.00000E+00
 -- Reference State initialized.

 -- Initializing Fields...
 ---- Specified parameters:
 ---- Hydro Init Type    : Benchmark (Christensen et al. 2001)
 ---- Magnetic Init Type : Benchmark (Christensen et al. 2001)
 -- Fields initialized.

 Initialization Complete.
 //////////////////////////////////////

 Timestep has changed from  0.00000E+00 to  1.00000E-04.
 Iteration:  00000001   DeltaT:  1.000E-04   Iter/sec:  0.000E+00
 Timestep has changed from  1.00000E-04 to  6.38929E-07.
 Iteration:  00000002   DeltaT:  6.389E-07   Iter/sec:  1.826E-01
 Iteration:  00000003   DeltaT:  6.389E-07   Iter/sec:  2.782E-01
 Iteration:  00000004   DeltaT:  6.389E-07   Iter/sec:  3.693E-01
 Iteration:  00000005   DeltaT:  6.389E-07   Iter/sec:  3.774E-01
 Iteration:  00000006   DeltaT:  6.389E-07   Iter/sec:  3.712E-01
 Iteration:  00000007   DeltaT:  6.389E-07   Iter/sec:  3.721E-01
 Iteration:  00000008   DeltaT:  6.389E-07   Iter/sec:  3.721E-01
 Iteration:  00000009   DeltaT:  6.389E-07   Iter/sec:  3.723E-01
 Iteration:  00000010   DeltaT:  6.389E-07   Iter/sec:  3.709E-01
 Iteration:  00000011   DeltaT:  6.389E-07   Iter/sec:  3.732E-01
 Iteration:  00000012   DeltaT:  6.389E-07   Iter/sec:  3.742E-01
 Iteration:  00000013   DeltaT:  6.389E-07   Iter/sec:  3.700E-01
 Iteration:  00000014   DeltaT:  6.389E-07   Iter/sec:  3.754E-01
 Iteration:  00000015   DeltaT:  6.389E-07   Iter/sec:  3.657E-01
 Iteration:  00000016   DeltaT:  6.389E-07   Iter/sec:  3.720E-01
 Iteration:  00000017   DeltaT:  6.389E-07   Iter/sec:  3.810E-01
 Iteration:  00000018   DeltaT:  6.389E-07   Iter/sec:  3.692E-01
 Iteration:  00000019   DeltaT:  6.389E-07   Iter/sec:  3.737E-01
 Iteration:  00000020   DeltaT:  6.389E-07   Iter/sec:  3.715E-01
 Iteration:  00000021   DeltaT:  6.389E-07   Iter/sec:  3.740E-01
 Iteration:  00000022   DeltaT:  6.389E-07   Iter/sec:  3.795E-01
 Iteration:  00000023   DeltaT:  6.389E-07   Iter/sec:  3.674E-01
 Iteration:  00000024   DeltaT:  6.389E-07   Iter/sec:  3.745E-01
 Iteration:  00000025   DeltaT:  6.389E-07   Iter/sec:  3.714E-01
 Iteration:  00000026   DeltaT:  6.389E-07   Iter/sec:  3.716E-01
 Iteration:  00000027   DeltaT:  6.389E-07   Iter/sec:  3.755E-01
 Iteration:  00000028   DeltaT:  6.389E-07   Iter/sec:  3.749E-01
 Iteration:  00000029   DeltaT:  6.389E-07   Iter/sec:  3.724E-01
 Iteration:  00000030   DeltaT:  6.389E-07   Iter/sec:  3.700E-01
 Iteration:  00000031   DeltaT:  6.389E-07   Iter/sec:  3.732E-01
 Iteration:  00000032   DeltaT:  6.389E-07   Iter/sec:  3.713E-01
 Iteration:  00000033   DeltaT:  6.389E-07   Iter/sec:  3.748E-01
 Iteration:  00000034   DeltaT:  6.389E-07   Iter/sec:  3.726E-01
 Iteration:  00000035   DeltaT:  6.389E-07   Iter/sec:  3.666E-01
 Iteration:  00000036   DeltaT:  6.389E-07   Iter/sec:  3.708E-01
 Iteration:  00000037   DeltaT:  6.389E-07   Iter/sec:  3.764E-01
 Iteration:  00000038   DeltaT:  6.389E-07   Iter/sec:  3.743E-01
 Iteration:  00000039   DeltaT:  6.389E-07   Iter/sec:  3.750E-01
 Iteration:  00000040   DeltaT:  6.389E-07   Iter/sec:  3.718E-01
 Iteration:  00000041   DeltaT:  6.389E-07   Iter/sec:  3.790E-01
 Iteration:  00000042   DeltaT:  6.389E-07   Iter/sec:  3.687E-01
 Iteration:  00000043   DeltaT:  6.389E-07   Iter/sec:  3.778E-01
 Iteration:  00000044   DeltaT:  6.389E-07   Iter/sec:  3.740E-01
 Iteration:  00000045   DeltaT:  6.389E-07   Iter/sec:  3.705E-01
 Iteration:  00000046   DeltaT:  6.389E-07   Iter/sec:  3.762E-01
 Iteration:  00000047   DeltaT:  6.389E-07   Iter/sec:  3.701E-01
 Iteration:  00000048   DeltaT:  6.389E-07   Iter/sec:  3.720E-01
 Iteration:  00000049   DeltaT:  6.389E-07   Iter/sec:  3.765E-01
 Iteration:  00000050   DeltaT:  6.389E-07   Iter/sec:  3.722E-01


//////////////////////////////////////////////
   Measured Timings for Process 0  (seconds)

 Elapsed time:       135.8955
  Column time:        23.7110
     Row time:        42.7719
Legendre time:        19.3627
     FFT time:         7.7046
   Solve time:         4.8073
    rlma time:         2.4418
    rlmb time:         1.1192
  pspace time:        16.0595
  psolve time:        15.3240
    dphi time:         0.6593
captured time:       133.9612

     iter/sec:         0.3679
//////////////////////////////////////////////
