 //////////////////////////////////////
 Initializating Rayleigh...

 -- Initalizing MPI...
 ---- Specified parameters:
 ---- NCPU  :   1024
 ---- NPROW :     16
 ---- NPCOL :     64
 -- MPI initialized.


 -- Initalizing Grid...
 ---- Specified parameters ----
 ---- N_R                 :    256
 ---- N_THETA             :    768
 ---- Ell_MAX             :    511
 ---- R_MIN               :  5.38462E-01
 ---- R_MAX               :  1.53846E+00
 ---- Chebyshev Domains   :      1

        Domain 1
          Grid points           :  256
          Dealiased Polynomials :  170
          Domain Lower Bound    :  5.38462E-01
          Domain Upper Bound    :  1.53846E+00

 -- Grid initialized.

 -- Initalizing Reference State...
 ---- Specified parameters:
 ---- Reference type           :  Boussinesq (Non-dimensional)
 ---- Rayleigh Number          :  1.00000E+05
 ---- Ekman Number             :  1.00000E-03
 ---- Prandtl Number           :  1.00000E+00
 ---- Magnetic Prandtl Number  :  5.00000E+00
 -- Reference State initialized.

 -- Initializing Fields...
 ---- Specified parameters:
 ---- Hydro Init Type    : Benchmark (Christensen et al. 2001)
 ---- Magnetic Init Type : Benchmark (Christensen et al. 2001)
 -- Fields initialized.

 Initialization Complete.
 //////////////////////////////////////

 Timestep has changed from  0.00000E+00 to  1.00000E-04.
 Iteration:  00000001   DeltaT:  1.000E-04   Iter/sec:  0.000E+00
 Timestep has changed from  1.00000E-04 to  6.38929E-07.
 Iteration:  00000002   DeltaT:  6.389E-07   Iter/sec:  3.896E-01
 Iteration:  00000003   DeltaT:  6.389E-07   Iter/sec:  7.584E-01
 Iteration:  00000004   DeltaT:  6.389E-07   Iter/sec:  1.334E+00
 Iteration:  00000005   DeltaT:  6.389E-07   Iter/sec:  1.374E+00
 Iteration:  00000006   DeltaT:  6.389E-07   Iter/sec:  1.321E+00
 Iteration:  00000007   DeltaT:  6.389E-07   Iter/sec:  1.328E+00
 Iteration:  00000008   DeltaT:  6.389E-07   Iter/sec:  1.459E+00
 Iteration:  00000009   DeltaT:  6.389E-07   Iter/sec:  1.384E+00
 Iteration:  00000010   DeltaT:  6.389E-07   Iter/sec:  1.309E+00
 Iteration:  00000011   DeltaT:  6.389E-07   Iter/sec:  1.408E+00
 Iteration:  00000012   DeltaT:  6.389E-07   Iter/sec:  1.337E+00
 Iteration:  00000013   DeltaT:  6.389E-07   Iter/sec:  1.291E+00
 Iteration:  00000014   DeltaT:  6.389E-07   Iter/sec:  1.376E+00
 Iteration:  00000015   DeltaT:  6.389E-07   Iter/sec:  1.347E+00
 Iteration:  00000016   DeltaT:  6.389E-07   Iter/sec:  1.259E+00
 Iteration:  00000017   DeltaT:  6.389E-07   Iter/sec:  1.317E+00
 Iteration:  00000018   DeltaT:  6.389E-07   Iter/sec:  1.270E+00
 Iteration:  00000019   DeltaT:  6.389E-07   Iter/sec:  1.408E+00
 Iteration:  00000020   DeltaT:  6.389E-07   Iter/sec:  1.424E+00
 Iteration:  00000021   DeltaT:  6.389E-07   Iter/sec:  1.425E+00
 Iteration:  00000022   DeltaT:  6.389E-07   Iter/sec:  1.432E+00
 Iteration:  00000023   DeltaT:  6.389E-07   Iter/sec:  1.374E+00
 Iteration:  00000024   DeltaT:  6.389E-07   Iter/sec:  1.436E+00
 Iteration:  00000025   DeltaT:  6.389E-07   Iter/sec:  1.331E+00
 Iteration:  00000026   DeltaT:  6.389E-07   Iter/sec:  1.469E+00
 Iteration:  00000027   DeltaT:  6.389E-07   Iter/sec:  1.422E+00
 Iteration:  00000028   DeltaT:  6.389E-07   Iter/sec:  1.460E+00
 Iteration:  00000029   DeltaT:  6.389E-07   Iter/sec:  1.414E+00
 Iteration:  00000030   DeltaT:  6.389E-07   Iter/sec:  1.448E+00
 Iteration:  00000031   DeltaT:  6.389E-07   Iter/sec:  1.448E+00
 Iteration:  00000032   DeltaT:  6.389E-07   Iter/sec:  1.355E+00
 Iteration:  00000033   DeltaT:  6.389E-07   Iter/sec:  1.353E+00
 Iteration:  00000034   DeltaT:  6.389E-07   Iter/sec:  1.198E+00
 Iteration:  00000035   DeltaT:  6.389E-07   Iter/sec:  1.355E+00
 Iteration:  00000036   DeltaT:  6.389E-07   Iter/sec:  1.230E+00
 Iteration:  00000037   DeltaT:  6.389E-07   Iter/sec:  1.323E+00
 Iteration:  00000038   DeltaT:  6.389E-07   Iter/sec:  1.307E+00
 Iteration:  00000039   DeltaT:  6.389E-07   Iter/sec:  1.383E+00
 Iteration:  00000040   DeltaT:  6.389E-07   Iter/sec:  1.411E+00
 Iteration:  00000041   DeltaT:  6.389E-07   Iter/sec:  1.399E+00
 Iteration:  00000042   DeltaT:  6.389E-07   Iter/sec:  1.369E+00
 Iteration:  00000043   DeltaT:  6.389E-07   Iter/sec:  1.306E+00
 Iteration:  00000044   DeltaT:  6.389E-07   Iter/sec:  1.341E+00
 Iteration:  00000045   DeltaT:  6.389E-07   Iter/sec:  1.255E+00
 Iteration:  00000046   DeltaT:  6.389E-07   Iter/sec:  1.315E+00
 Iteration:  00000047   DeltaT:  6.389E-07   Iter/sec:  1.299E+00
 Iteration:  00000048   DeltaT:  6.389E-07   Iter/sec:  1.369E+00
 Iteration:  00000049   DeltaT:  6.389E-07   Iter/sec:  1.392E+00
 Iteration:  00000050   DeltaT:  6.389E-07   Iter/sec:  1.445E+00


//////////////////////////////////////////////
   Measured Timings for Process 0  (seconds)

 Elapsed time:        37.8692
  Column time:        10.4365
     Row time:         9.2561
Legendre time:         4.3110
     FFT time:         1.9123
   Solve time:         1.7366
    rlma time:         0.4078
    rlmb time:         0.1932
  pspace time:         4.4993
  psolve time:         4.4899
    dphi time:         0.2642
captured time:        37.5069

     iter/sec:         1.3203
//////////////////////////////////////////////
