 //////////////////////////////////////
 Initializating Rayleigh...

 -- Initalizing MPI...
 ---- Specified parameters:
 ---- NCPU  :    512
 ---- NPROW :     32
 ---- NPCOL :     16
 -- MPI initialized.


 -- Initalizing Grid...
 ---- Specified parameters ----
 ---- N_R                 :    256
 ---- N_THETA             :    768
 ---- Ell_MAX             :    511
 ---- R_MIN               :  5.38462E-01
 ---- R_MAX               :  1.53846E+00
 ---- Chebyshev Domains   :      1

        Domain 1
          Grid points           :  256
          Dealiased Polynomials :  170
          Domain Lower Bound    :  5.38462E-01
          Domain Upper Bound    :  1.53846E+00

 -- Grid initialized.

 -- Initalizing Reference State...
 ---- Specified parameters:
 ---- Reference type           :  Boussinesq (Non-dimensional)
 ---- Rayleigh Number          :  1.00000E+05
 ---- Ekman Number             :  1.00000E-03
 ---- Prandtl Number           :  1.00000E+00
 ---- Magnetic Prandtl Number  :  5.00000E+00
 -- Reference State initialized.

 -- Initializing Fields...
 ---- Specified parameters:
 ---- Hydro Init Type    : Benchmark (Christensen et al. 2001)
 ---- Magnetic Init Type : Benchmark (Christensen et al. 2001)
 -- Fields initialized.

 Initialization Complete.
 //////////////////////////////////////

 Timestep has changed from  0.00000E+00 to  1.00000E-04.
 Iteration:  00000001   DeltaT:  1.000E-04   Iter/sec:  0.000E+00
 Timestep has changed from  1.00000E-04 to  6.38929E-07.
 Iteration:  00000002   DeltaT:  6.389E-07   Iter/sec:  2.721E-01
 Iteration:  00000003   DeltaT:  6.389E-07   Iter/sec:  3.548E-01
 Iteration:  00000004   DeltaT:  6.389E-07   Iter/sec:  6.636E-01
 Iteration:  00000005   DeltaT:  6.389E-07   Iter/sec:  6.120E-01
 Iteration:  00000006   DeltaT:  6.389E-07   Iter/sec:  6.194E-01
 Iteration:  00000007   DeltaT:  6.389E-07   Iter/sec:  6.247E-01
 Iteration:  00000008   DeltaT:  6.389E-07   Iter/sec:  6.175E-01
 Iteration:  00000009   DeltaT:  6.389E-07   Iter/sec:  5.922E-01
 Iteration:  00000010   DeltaT:  6.389E-07   Iter/sec:  6.188E-01
 Iteration:  00000011   DeltaT:  6.389E-07   Iter/sec:  6.425E-01
 Iteration:  00000012   DeltaT:  6.389E-07   Iter/sec:  6.190E-01
 Iteration:  00000013   DeltaT:  6.389E-07   Iter/sec:  6.058E-01
 Iteration:  00000014   DeltaT:  6.389E-07   Iter/sec:  6.195E-01
 Iteration:  00000015   DeltaT:  6.389E-07   Iter/sec:  6.107E-01
 Iteration:  00000016   DeltaT:  6.389E-07   Iter/sec:  6.051E-01
 Iteration:  00000017   DeltaT:  6.389E-07   Iter/sec:  6.267E-01
 Iteration:  00000018   DeltaT:  6.389E-07   Iter/sec:  6.173E-01
 Iteration:  00000019   DeltaT:  6.389E-07   Iter/sec:  6.434E-01
 Iteration:  00000020   DeltaT:  6.389E-07   Iter/sec:  6.219E-01
 Iteration:  00000021   DeltaT:  6.389E-07   Iter/sec:  6.079E-01
 Iteration:  00000022   DeltaT:  6.389E-07   Iter/sec:  6.108E-01
 Iteration:  00000023   DeltaT:  6.389E-07   Iter/sec:  6.289E-01
 Iteration:  00000024   DeltaT:  6.389E-07   Iter/sec:  6.120E-01
 Iteration:  00000025   DeltaT:  6.389E-07   Iter/sec:  6.256E-01
 Iteration:  00000026   DeltaT:  6.389E-07   Iter/sec:  6.127E-01
 Iteration:  00000027   DeltaT:  6.389E-07   Iter/sec:  6.227E-01
 Iteration:  00000028   DeltaT:  6.389E-07   Iter/sec:  6.303E-01
 Iteration:  00000029   DeltaT:  6.389E-07   Iter/sec:  6.198E-01
 Iteration:  00000030   DeltaT:  6.389E-07   Iter/sec:  6.145E-01
 Iteration:  00000031   DeltaT:  6.389E-07   Iter/sec:  6.393E-01
 Iteration:  00000032   DeltaT:  6.389E-07   Iter/sec:  5.845E-01
 Iteration:  00000033   DeltaT:  6.389E-07   Iter/sec:  6.197E-01
 Iteration:  00000034   DeltaT:  6.389E-07   Iter/sec:  6.272E-01
 Iteration:  00000035   DeltaT:  6.389E-07   Iter/sec:  6.288E-01
 Iteration:  00000036   DeltaT:  6.389E-07   Iter/sec:  6.296E-01
 Iteration:  00000037   DeltaT:  6.389E-07   Iter/sec:  6.271E-01
 Iteration:  00000038   DeltaT:  6.389E-07   Iter/sec:  6.251E-01
 Iteration:  00000039   DeltaT:  6.389E-07   Iter/sec:  6.534E-01
 Iteration:  00000040   DeltaT:  6.389E-07   Iter/sec:  6.149E-01
 Iteration:  00000041   DeltaT:  6.389E-07   Iter/sec:  6.147E-01
 Iteration:  00000042   DeltaT:  6.389E-07   Iter/sec:  6.132E-01
 Iteration:  00000043   DeltaT:  6.389E-07   Iter/sec:  6.203E-01
 Iteration:  00000044   DeltaT:  6.389E-07   Iter/sec:  6.118E-01
 Iteration:  00000045   DeltaT:  6.389E-07   Iter/sec:  6.493E-01
 Iteration:  00000046   DeltaT:  6.389E-07   Iter/sec:  6.093E-01
 Iteration:  00000047   DeltaT:  6.389E-07   Iter/sec:  6.089E-01
 Iteration:  00000048   DeltaT:  6.389E-07   Iter/sec:  6.102E-01
 Iteration:  00000049   DeltaT:  6.389E-07   Iter/sec:  6.070E-01
 Iteration:  00000050   DeltaT:  6.389E-07   Iter/sec:  6.091E-01


//////////////////////////////////////////////
   Measured Timings for Process 0  (seconds)

 Elapsed time:        83.0980
  Column time:        20.9679
     Row time:        24.6030
Legendre time:        10.1369
     FFT time:         3.7769
   Solve time:         3.7779
    rlma time:         1.3707
    rlmb time:         0.6870
  pspace time:         7.6262
  psolve time:         9.1233
    dphi time:         0.2525
captured time:        82.3222

     iter/sec:         0.6017
//////////////////////////////////////////////
