 //////////////////////////////////////
 Initializating Rayleigh...

 -- Initalizing MPI...
 ---- Specified parameters:
 ---- NCPU  :    128
 ---- NPROW :     16
 ---- NPCOL :      8
 -- MPI initialized.


 -- Initalizing Grid...
 ---- Specified parameters ----
 ---- N_R                 :    256
 ---- N_THETA             :    768
 ---- Ell_MAX             :    511
 ---- R_MIN               :  5.38462E-01
 ---- R_MAX               :  1.53846E+00
 ---- Chebyshev Domains   :      1

        Domain 1
          Grid points           :  256
          Dealiased Polynomials :  170
          Domain Lower Bound    :  5.38462E-01
          Domain Upper Bound    :  1.53846E+00

 -- Grid initialized.

 -- Initalizing Reference State...
 ---- Specified parameters:
 ---- Reference type           :  Boussinesq (Non-dimensional)
 ---- Rayleigh Number          :  1.00000E+05
 ---- Ekman Number             :  1.00000E-03
 ---- Prandtl Number           :  1.00000E+00
 ---- Magnetic Prandtl Number  :  5.00000E+00
 -- Reference State initialized.

 -- Initializing Fields...
 ---- Specified parameters:
 ---- Hydro Init Type    : Benchmark (Christensen et al. 2001)
 ---- Magnetic Init Type : Benchmark (Christensen et al. 2001)
 -- Fields initialized.

 Initialization Complete.
 //////////////////////////////////////

 Timestep has changed from  0.00000E+00 to  1.00000E-04.
 Iteration:  00000001   DeltaT:  1.000E-04   Iter/sec:  0.000E+00
 Timestep has changed from  1.00000E-04 to  6.38929E-07.
 Iteration:  00000002   DeltaT:  6.389E-07   Iter/sec:  1.049E-01
 Iteration:  00000003   DeltaT:  6.389E-07   Iter/sec:  1.196E-01
 Iteration:  00000004   DeltaT:  6.389E-07   Iter/sec:  1.773E-01
 Iteration:  00000005   DeltaT:  6.389E-07   Iter/sec:  1.792E-01
 Iteration:  00000006   DeltaT:  6.389E-07   Iter/sec:  1.775E-01
 Iteration:  00000007   DeltaT:  6.389E-07   Iter/sec:  1.756E-01
 Iteration:  00000008   DeltaT:  6.389E-07   Iter/sec:  1.766E-01
 Iteration:  00000009   DeltaT:  6.389E-07   Iter/sec:  1.774E-01
 Iteration:  00000010   DeltaT:  6.389E-07   Iter/sec:  1.775E-01
 Iteration:  00000011   DeltaT:  6.389E-07   Iter/sec:  1.760E-01
 Iteration:  00000012   DeltaT:  6.389E-07   Iter/sec:  1.767E-01
 Iteration:  00000013   DeltaT:  6.389E-07   Iter/sec:  1.769E-01
 Iteration:  00000014   DeltaT:  6.389E-07   Iter/sec:  1.775E-01
 Iteration:  00000015   DeltaT:  6.389E-07   Iter/sec:  1.777E-01
 Iteration:  00000016   DeltaT:  6.389E-07   Iter/sec:  1.771E-01
 Iteration:  00000017   DeltaT:  6.389E-07   Iter/sec:  1.775E-01
 Iteration:  00000018   DeltaT:  6.389E-07   Iter/sec:  1.770E-01
 Iteration:  00000019   DeltaT:  6.389E-07   Iter/sec:  1.774E-01
 Iteration:  00000020   DeltaT:  6.389E-07   Iter/sec:  1.763E-01
 Iteration:  00000021   DeltaT:  6.389E-07   Iter/sec:  1.772E-01
 Iteration:  00000022   DeltaT:  6.389E-07   Iter/sec:  1.773E-01
 Iteration:  00000023   DeltaT:  6.389E-07   Iter/sec:  1.774E-01
 Iteration:  00000024   DeltaT:  6.389E-07   Iter/sec:  1.770E-01
 Iteration:  00000025   DeltaT:  6.389E-07   Iter/sec:  1.769E-01
 Iteration:  00000026   DeltaT:  6.389E-07   Iter/sec:  1.775E-01
 Iteration:  00000027   DeltaT:  6.389E-07   Iter/sec:  1.763E-01
 Iteration:  00000028   DeltaT:  6.389E-07   Iter/sec:  1.768E-01
 Iteration:  00000029   DeltaT:  6.389E-07   Iter/sec:  1.774E-01
 Iteration:  00000030   DeltaT:  6.389E-07   Iter/sec:  1.771E-01
 Iteration:  00000031   DeltaT:  6.389E-07   Iter/sec:  1.774E-01
 Iteration:  00000032   DeltaT:  6.389E-07   Iter/sec:  1.757E-01
 Iteration:  00000033   DeltaT:  6.389E-07   Iter/sec:  1.772E-01
 Iteration:  00000034   DeltaT:  6.389E-07   Iter/sec:  1.767E-01
 Iteration:  00000035   DeltaT:  6.389E-07   Iter/sec:  1.779E-01
 Iteration:  00000036   DeltaT:  6.389E-07   Iter/sec:  1.767E-01
 Iteration:  00000037   DeltaT:  6.389E-07   Iter/sec:  1.758E-01
 Iteration:  00000038   DeltaT:  6.389E-07   Iter/sec:  1.755E-01
 Iteration:  00000039   DeltaT:  6.389E-07   Iter/sec:  1.763E-01
 Iteration:  00000040   DeltaT:  6.389E-07   Iter/sec:  1.768E-01
 Iteration:  00000041   DeltaT:  6.389E-07   Iter/sec:  1.755E-01
 Iteration:  00000042   DeltaT:  6.389E-07   Iter/sec:  1.775E-01
 Iteration:  00000043   DeltaT:  6.389E-07   Iter/sec:  1.771E-01
 Iteration:  00000044   DeltaT:  6.389E-07   Iter/sec:  1.768E-01
 Iteration:  00000045   DeltaT:  6.389E-07   Iter/sec:  1.777E-01
 Iteration:  00000046   DeltaT:  6.389E-07   Iter/sec:  1.769E-01
 Iteration:  00000047   DeltaT:  6.389E-07   Iter/sec:  1.775E-01
 Iteration:  00000048   DeltaT:  6.389E-07   Iter/sec:  1.772E-01
 Iteration:  00000049   DeltaT:  6.389E-07   Iter/sec:  1.773E-01
 Iteration:  00000050   DeltaT:  6.389E-07   Iter/sec:  1.779E-01


//////////////////////////////////////////////
   Measured Timings for Process 0  (seconds)

 Elapsed time:       287.9187
  Column time:        29.4361
     Row time:       102.5570
Legendre time:        43.1879
     FFT time:        15.4082
   Solve time:         9.5239
    rlma time:         7.3615
    rlmb time:         2.9532
  pspace time:        36.1081
  psolve time:        34.0324
    dphi time:         2.2037
captured time:       282.7719

     iter/sec:         0.1737
//////////////////////////////////////////////
