 //////////////////////////////////////
 Initializating Rayleigh...

 -- Initalizing MPI...
 ---- Specified parameters:
 ---- NCPU  :    512
 ---- NPROW :     16
 ---- NPCOL :     32
 -- MPI initialized.


 -- Initalizing Grid...
 ---- Specified parameters ----
 ---- N_R                 :    256
 ---- N_THETA             :    768
 ---- Ell_MAX             :    511
 ---- R_MIN               :  5.38462E-01
 ---- R_MAX               :  1.53846E+00
 ---- Chebyshev Domains   :      1

        Domain 1
          Grid points           :  256
          Dealiased Polynomials :  170
          Domain Lower Bound    :  5.38462E-01
          Domain Upper Bound    :  1.53846E+00

 -- Grid initialized.

 -- Initalizing Reference State...
 ---- Specified parameters:
 ---- Reference type           :  Boussinesq (Non-dimensional)
 ---- Rayleigh Number          :  1.00000E+05
 ---- Ekman Number             :  1.00000E-03
 ---- Prandtl Number           :  1.00000E+00
 ---- Magnetic Prandtl Number  :  5.00000E+00
 -- Reference State initialized.

 -- Initializing Fields...
 ---- Specified parameters:
 ---- Hydro Init Type    : Benchmark (Christensen et al. 2001)
 ---- Magnetic Init Type : Benchmark (Christensen et al. 2001)
 -- Fields initialized.

 Initialization Complete.
 //////////////////////////////////////

 Timestep has changed from  0.00000E+00 to  1.00000E-04.
 Iteration:  00000001   DeltaT:  1.000E-04   Iter/sec:  0.000E+00
 Timestep has changed from  1.00000E-04 to  6.38929E-07.
 Iteration:  00000002   DeltaT:  6.389E-07   Iter/sec:  3.047E-01
 Iteration:  00000003   DeltaT:  6.389E-07   Iter/sec:  4.516E-01
 Iteration:  00000004   DeltaT:  6.389E-07   Iter/sec:  6.810E-01
 Iteration:  00000005   DeltaT:  6.389E-07   Iter/sec:  6.769E-01
 Iteration:  00000006   DeltaT:  6.389E-07   Iter/sec:  6.651E-01
 Iteration:  00000007   DeltaT:  6.389E-07   Iter/sec:  6.725E-01
 Iteration:  00000008   DeltaT:  6.389E-07   Iter/sec:  6.747E-01
 Iteration:  00000009   DeltaT:  6.389E-07   Iter/sec:  6.771E-01
 Iteration:  00000010   DeltaT:  6.389E-07   Iter/sec:  6.753E-01
 Iteration:  00000011   DeltaT:  6.389E-07   Iter/sec:  6.815E-01
 Iteration:  00000012   DeltaT:  6.389E-07   Iter/sec:  6.792E-01
 Iteration:  00000013   DeltaT:  6.389E-07   Iter/sec:  6.754E-01
 Iteration:  00000014   DeltaT:  6.389E-07   Iter/sec:  6.696E-01
 Iteration:  00000015   DeltaT:  6.389E-07   Iter/sec:  6.751E-01
 Iteration:  00000016   DeltaT:  6.389E-07   Iter/sec:  6.723E-01
 Iteration:  00000017   DeltaT:  6.389E-07   Iter/sec:  6.780E-01
 Iteration:  00000018   DeltaT:  6.389E-07   Iter/sec:  6.703E-01
 Iteration:  00000019   DeltaT:  6.389E-07   Iter/sec:  6.670E-01
 Iteration:  00000020   DeltaT:  6.389E-07   Iter/sec:  6.577E-01
 Iteration:  00000021   DeltaT:  6.389E-07   Iter/sec:  6.553E-01
 Iteration:  00000022   DeltaT:  6.389E-07   Iter/sec:  6.718E-01
 Iteration:  00000023   DeltaT:  6.389E-07   Iter/sec:  6.730E-01
 Iteration:  00000024   DeltaT:  6.389E-07   Iter/sec:  6.755E-01
 Iteration:  00000025   DeltaT:  6.389E-07   Iter/sec:  6.758E-01
 Iteration:  00000026   DeltaT:  6.389E-07   Iter/sec:  6.773E-01
 Iteration:  00000027   DeltaT:  6.389E-07   Iter/sec:  6.726E-01
 Iteration:  00000028   DeltaT:  6.389E-07   Iter/sec:  6.731E-01
 Iteration:  00000029   DeltaT:  6.389E-07   Iter/sec:  6.741E-01
 Iteration:  00000030   DeltaT:  6.389E-07   Iter/sec:  6.811E-01
 Iteration:  00000031   DeltaT:  6.389E-07   Iter/sec:  6.630E-01
 Iteration:  00000032   DeltaT:  6.389E-07   Iter/sec:  6.676E-01
 Iteration:  00000033   DeltaT:  6.389E-07   Iter/sec:  6.704E-01
 Iteration:  00000034   DeltaT:  6.389E-07   Iter/sec:  6.751E-01
 Iteration:  00000035   DeltaT:  6.389E-07   Iter/sec:  6.738E-01
 Iteration:  00000036   DeltaT:  6.389E-07   Iter/sec:  6.741E-01
 Iteration:  00000037   DeltaT:  6.389E-07   Iter/sec:  6.718E-01
 Iteration:  00000038   DeltaT:  6.389E-07   Iter/sec:  6.738E-01
 Iteration:  00000039   DeltaT:  6.389E-07   Iter/sec:  6.724E-01
 Iteration:  00000040   DeltaT:  6.389E-07   Iter/sec:  6.760E-01
 Iteration:  00000041   DeltaT:  6.389E-07   Iter/sec:  6.765E-01
 Iteration:  00000042   DeltaT:  6.389E-07   Iter/sec:  6.649E-01
 Iteration:  00000043   DeltaT:  6.389E-07   Iter/sec:  6.763E-01
 Iteration:  00000044   DeltaT:  6.389E-07   Iter/sec:  6.715E-01
 Iteration:  00000045   DeltaT:  6.389E-07   Iter/sec:  6.753E-01
 Iteration:  00000046   DeltaT:  6.389E-07   Iter/sec:  6.711E-01
 Iteration:  00000047   DeltaT:  6.389E-07   Iter/sec:  6.796E-01
 Iteration:  00000048   DeltaT:  6.389E-07   Iter/sec:  6.748E-01
 Iteration:  00000049   DeltaT:  6.389E-07   Iter/sec:  6.799E-01
 Iteration:  00000050   DeltaT:  6.389E-07   Iter/sec:  6.784E-01


//////////////////////////////////////////////
   Measured Timings for Process 0  (seconds)

 Elapsed time:        75.7120
  Column time:        20.8156
     Row time:        18.5918
Legendre time:         9.7415
     FFT time:         3.8926
   Solve time:         2.9660
    rlma time:         1.0745
    rlmb time:         0.4674
  pspace time:         8.6220
  psolve time:         8.3043
    dphi time:         0.3989
captured time:        74.8745

     iter/sec:         0.6604
//////////////////////////////////////////////
