 //////////////////////////////////////
 Initializating Rayleigh...

 -- Initalizing MPI...
 ---- Specified parameters:
 ---- NCPU  :    512
 ---- NPROW :     32
 ---- NPCOL :     16
 -- MPI initialized.


 -- Initalizing Grid...
 ---- Specified parameters ----
 ---- N_R                 :     64
 ---- N_THETA             :    192
 ---- Ell_MAX             :    127
 ---- R_MIN               :  5.38462E-01
 ---- R_MAX               :  1.53846E+00
 ---- Chebyshev Domains   :      1

        Domain 1
          Grid points           :  64
          Dealiased Polynomials :  42
          Domain Lower Bound    :  5.38462E-01
          Domain Upper Bound    :  1.53846E+00

 -- Grid initialized.

 -- Initalizing Reference State...
 ---- Specified parameters:
 ---- Reference type           :  Boussinesq (Non-dimensional)
 ---- Rayleigh Number          :  1.00000E+05
 ---- Ekman Number             :  1.00000E-03
 ---- Prandtl Number           :  1.00000E+00
 ---- Magnetic Prandtl Number  :  5.00000E+00
 -- Reference State initialized.

 -- Initializing Fields...
 ---- Specified parameters:
 ---- Hydro Init Type    : Benchmark (Christensen et al. 2001)
 ---- Magnetic Init Type : Benchmark (Christensen et al. 2001)
 -- Fields initialized.

 Initialization Complete.
 //////////////////////////////////////

 Timestep has changed from  0.00000E+00 to  1.00000E-04.
 Iteration:  00000001   DeltaT:  1.000E-04   Iter/sec:  0.000E+00
 Timestep has changed from  1.00000E-04 to  1.02217E-05.
 Iteration:  00000002   DeltaT:  1.022E-05   Iter/sec:  4.483E-01
 Iteration:  00000003   DeltaT:  1.022E-05   Iter/sec:  4.673E+01
 Iteration:  00000004   DeltaT:  1.022E-05   Iter/sec:  7.068E+01
 Iteration:  00000005   DeltaT:  1.022E-05   Iter/sec:  6.382E+01
 Iteration:  00000006   DeltaT:  1.022E-05   Iter/sec:  7.190E+01
 Iteration:  00000007   DeltaT:  1.022E-05   Iter/sec:  7.064E+01
 Iteration:  00000008   DeltaT:  1.022E-05   Iter/sec:  6.782E+01
 Iteration:  00000009   DeltaT:  1.022E-05   Iter/sec:  6.976E+01
 Iteration:  00000010   DeltaT:  1.022E-05   Iter/sec:  6.984E+01
 Iteration:  00000011   DeltaT:  1.022E-05   Iter/sec:  7.060E+01
 Iteration:  00000012   DeltaT:  1.022E-05   Iter/sec:  7.034E+01
 Iteration:  00000013   DeltaT:  1.022E-05   Iter/sec:  6.762E+01
 Iteration:  00000014   DeltaT:  1.022E-05   Iter/sec:  7.124E+01
 Iteration:  00000015   DeltaT:  1.022E-05   Iter/sec:  6.806E+01
 Iteration:  00000016   DeltaT:  1.022E-05   Iter/sec:  7.052E+01
 Iteration:  00000017   DeltaT:  1.022E-05   Iter/sec:  6.608E+01
 Iteration:  00000018   DeltaT:  1.022E-05   Iter/sec:  6.976E+01
 Iteration:  00000019   DeltaT:  1.022E-05   Iter/sec:  6.935E+01
 Iteration:  00000020   DeltaT:  1.022E-05   Iter/sec:  6.950E+01
 Iteration:  00000021   DeltaT:  1.022E-05   Iter/sec:  7.073E+01
 Iteration:  00000022   DeltaT:  1.022E-05   Iter/sec:  7.031E+01
 Iteration:  00000023   DeltaT:  1.022E-05   Iter/sec:  7.359E+01
 Iteration:  00000024   DeltaT:  1.022E-05   Iter/sec:  6.946E+01
 Iteration:  00000025   DeltaT:  1.022E-05   Iter/sec:  7.244E+01
 Iteration:  00000026   DeltaT:  1.022E-05   Iter/sec:  6.911E+01
 Iteration:  00000027   DeltaT:  1.022E-05   Iter/sec:  7.123E+01
 Iteration:  00000028   DeltaT:  1.022E-05   Iter/sec:  7.185E+01
 Iteration:  00000029   DeltaT:  1.022E-05   Iter/sec:  7.386E+01
 Iteration:  00000030   DeltaT:  1.022E-05   Iter/sec:  7.171E+01
 Iteration:  00000031   DeltaT:  1.022E-05   Iter/sec:  6.835E+01
 Iteration:  00000032   DeltaT:  1.022E-05   Iter/sec:  7.130E+01
 Iteration:  00000033   DeltaT:  1.022E-05   Iter/sec:  6.901E+01
 Iteration:  00000034   DeltaT:  1.022E-05   Iter/sec:  7.065E+01
 Iteration:  00000035   DeltaT:  1.022E-05   Iter/sec:  6.751E+01
 Iteration:  00000036   DeltaT:  1.022E-05   Iter/sec:  6.846E+01
 Iteration:  00000037   DeltaT:  1.022E-05   Iter/sec:  7.294E+01
 Iteration:  00000038   DeltaT:  1.022E-05   Iter/sec:  7.385E+01
 Iteration:  00000039   DeltaT:  1.022E-05   Iter/sec:  7.100E+01
 Iteration:  00000040   DeltaT:  1.022E-05   Iter/sec:  6.977E+01
 Iteration:  00000041   DeltaT:  1.022E-05   Iter/sec:  7.039E+01
 Iteration:  00000042   DeltaT:  1.022E-05   Iter/sec:  7.239E+01
 Iteration:  00000043   DeltaT:  1.022E-05   Iter/sec:  6.987E+01
 Iteration:  00000044   DeltaT:  1.022E-05   Iter/sec:  6.931E+01
 Iteration:  00000045   DeltaT:  1.022E-05   Iter/sec:  7.166E+01
 Iteration:  00000046   DeltaT:  1.022E-05   Iter/sec:  6.883E+01
 Iteration:  00000047   DeltaT:  1.022E-05   Iter/sec:  7.185E+01
 Iteration:  00000048   DeltaT:  1.022E-05   Iter/sec:  6.806E+01
 Iteration:  00000049   DeltaT:  1.022E-05   Iter/sec:  7.102E+01
 Iteration:  00000050   DeltaT:  1.022E-05   Iter/sec:  7.056E+01


//////////////////////////////////////////////
   Measured Timings for Process 0  (seconds)

 Elapsed time:         0.7289
  Column time:         0.2960
     Row time:         0.1654
Legendre time:         0.0515
     FFT time:         0.0357
   Solve time:         0.0634
    rlma time:         0.0141
    rlmb time:         0.0049
  pspace time:         0.0256
  psolve time:         0.0565
    dphi time:         0.0031
captured time:         0.7163

     iter/sec:        68.5923
//////////////////////////////////////////////
