 //////////////////////////////////////
 Initializating Rayleigh...

 -- Initalizing MPI...
 ---- Specified parameters:
 ---- NCPU  :    512
 ---- NPROW :     16
 ---- NPCOL :     32
 -- MPI initialized.


 -- Initalizing Grid...
 ---- Specified parameters ----
 ---- N_R                 :     64
 ---- N_THETA             :    192
 ---- Ell_MAX             :    127
 ---- R_MIN               :  5.38462E-01
 ---- R_MAX               :  1.53846E+00
 ---- Chebyshev Domains   :      1

        Domain 1
          Grid points           :  64
          Dealiased Polynomials :  42
          Domain Lower Bound    :  5.38462E-01
          Domain Upper Bound    :  1.53846E+00

 -- Grid initialized.

 -- Initalizing Reference State...
 ---- Specified parameters:
 ---- Reference type           :  Boussinesq (Non-dimensional)
 ---- Rayleigh Number          :  1.00000E+05
 ---- Ekman Number             :  1.00000E-03
 ---- Prandtl Number           :  1.00000E+00
 ---- Magnetic Prandtl Number  :  5.00000E+00
 -- Reference State initialized.

 -- Initializing Fields...
 ---- Specified parameters:
 ---- Hydro Init Type    : Benchmark (Christensen et al. 2001)
 ---- Magnetic Init Type : Benchmark (Christensen et al. 2001)
 -- Fields initialized.

 Initialization Complete.
 //////////////////////////////////////

 Timestep has changed from  0.00000E+00 to  1.00000E-04.
 Iteration:  00000001   DeltaT:  1.000E-04   Iter/sec:  0.000E+00
 Timestep has changed from  1.00000E-04 to  1.02217E-05.
 Iteration:  00000002   DeltaT:  1.022E-05   Iter/sec:  3.174E-01
 Iteration:  00000003   DeltaT:  1.022E-05   Iter/sec:  5.884E+01
 Iteration:  00000004   DeltaT:  1.022E-05   Iter/sec:  7.546E+01
 Iteration:  00000005   DeltaT:  1.022E-05   Iter/sec:  7.751E+01
 Iteration:  00000006   DeltaT:  1.022E-05   Iter/sec:  7.489E+01
 Iteration:  00000007   DeltaT:  1.022E-05   Iter/sec:  7.663E+01
 Iteration:  00000008   DeltaT:  1.022E-05   Iter/sec:  7.428E+01
 Iteration:  00000009   DeltaT:  1.022E-05   Iter/sec:  7.607E+01
 Iteration:  00000010   DeltaT:  1.022E-05   Iter/sec:  7.637E+01
 Iteration:  00000011   DeltaT:  1.022E-05   Iter/sec:  7.527E+01
 Iteration:  00000012   DeltaT:  1.022E-05   Iter/sec:  7.470E+01
 Iteration:  00000013   DeltaT:  1.022E-05   Iter/sec:  7.765E+01
 Iteration:  00000014   DeltaT:  1.022E-05   Iter/sec:  7.555E+01
 Iteration:  00000015   DeltaT:  1.022E-05   Iter/sec:  7.594E+01
 Iteration:  00000016   DeltaT:  1.022E-05   Iter/sec:  7.557E+01
 Iteration:  00000017   DeltaT:  1.022E-05   Iter/sec:  7.431E+01
 Iteration:  00000018   DeltaT:  1.022E-05   Iter/sec:  7.648E+01
 Iteration:  00000019   DeltaT:  1.022E-05   Iter/sec:  7.643E+01
 Iteration:  00000020   DeltaT:  1.022E-05   Iter/sec:  7.705E+01
 Iteration:  00000021   DeltaT:  1.022E-05   Iter/sec:  7.554E+01
 Iteration:  00000022   DeltaT:  1.022E-05   Iter/sec:  7.601E+01
 Iteration:  00000023   DeltaT:  1.022E-05   Iter/sec:  7.611E+01
 Iteration:  00000024   DeltaT:  1.022E-05   Iter/sec:  7.575E+01
 Iteration:  00000025   DeltaT:  1.022E-05   Iter/sec:  7.716E+01
 Iteration:  00000026   DeltaT:  1.022E-05   Iter/sec:  7.724E+01
 Iteration:  00000027   DeltaT:  1.022E-05   Iter/sec:  7.556E+01
 Iteration:  00000028   DeltaT:  1.022E-05   Iter/sec:  7.178E+01
 Iteration:  00000029   DeltaT:  1.022E-05   Iter/sec:  7.315E+01
 Iteration:  00000030   DeltaT:  1.022E-05   Iter/sec:  7.122E+01
 Iteration:  00000031   DeltaT:  1.022E-05   Iter/sec:  7.502E+01
 Iteration:  00000032   DeltaT:  1.022E-05   Iter/sec:  7.622E+01
 Iteration:  00000033   DeltaT:  1.022E-05   Iter/sec:  7.367E+01
 Iteration:  00000034   DeltaT:  1.022E-05   Iter/sec:  8.093E+01
 Iteration:  00000035   DeltaT:  1.022E-05   Iter/sec:  7.612E+01
 Iteration:  00000036   DeltaT:  1.022E-05   Iter/sec:  7.642E+01
 Iteration:  00000037   DeltaT:  1.022E-05   Iter/sec:  7.507E+01
 Iteration:  00000038   DeltaT:  1.022E-05   Iter/sec:  7.632E+01
 Iteration:  00000039   DeltaT:  1.022E-05   Iter/sec:  7.650E+01
 Iteration:  00000040   DeltaT:  1.022E-05   Iter/sec:  7.676E+01
 Iteration:  00000041   DeltaT:  1.022E-05   Iter/sec:  7.708E+01
 Iteration:  00000042   DeltaT:  1.022E-05   Iter/sec:  7.537E+01
 Iteration:  00000043   DeltaT:  1.022E-05   Iter/sec:  7.852E+01
 Iteration:  00000044   DeltaT:  1.022E-05   Iter/sec:  7.674E+01
 Iteration:  00000045   DeltaT:  1.022E-05   Iter/sec:  7.628E+01
 Iteration:  00000046   DeltaT:  1.022E-05   Iter/sec:  7.609E+01
 Iteration:  00000047   DeltaT:  1.022E-05   Iter/sec:  7.555E+01
 Iteration:  00000048   DeltaT:  1.022E-05   Iter/sec:  7.676E+01
 Iteration:  00000049   DeltaT:  1.022E-05   Iter/sec:  7.580E+01
 Iteration:  00000050   DeltaT:  1.022E-05   Iter/sec:  7.840E+01


//////////////////////////////////////////////
   Measured Timings for Process 0  (seconds)

 Elapsed time:         0.6677
  Column time:         0.2648
     Row time:         0.1530
Legendre time:         0.0561
     FFT time:         0.0354
   Solve time:         0.0446
    rlma time:         0.0169
    rlmb time:         0.0060
  pspace time:         0.0236
  psolve time:         0.0509
    dphi time:         0.0027
captured time:         0.6540

     iter/sec:        74.8784
//////////////////////////////////////////////
