 //////////////////////////////////////
 Initializating Rayleigh...

 -- Initalizing MPI...
 ---- Specified parameters:
 ---- NCPU  :     64
 ---- NPROW :     16
 ---- NPCOL :      4
 -- MPI initialized.


 -- Initalizing Grid...
 ---- Specified parameters ----
 ---- N_R                 :    128
 ---- N_THETA             :    384
 ---- Ell_MAX             :    255
 ---- R_MIN               :  5.38462E-01
 ---- R_MAX               :  1.53846E+00
 ---- Chebyshev Domains   :      1

        Domain 1
          Grid points           :  128
          Dealiased Polynomials :  85
          Domain Lower Bound    :  5.38462E-01
          Domain Upper Bound    :  1.53846E+00

 -- Grid initialized.

 -- Initalizing Reference State...
 ---- Specified parameters:
 ---- Reference type           :  Boussinesq (Non-dimensional)
 ---- Rayleigh Number          :  1.00000E+05
 ---- Ekman Number             :  1.00000E-03
 ---- Prandtl Number           :  1.00000E+00
 ---- Magnetic Prandtl Number  :  5.00000E+00
 -- Reference State initialized.

 -- Initializing Fields...
 ---- Specified parameters:
 ---- Hydro Init Type    : Benchmark (Christensen et al. 2001)
 ---- Magnetic Init Type : Benchmark (Christensen et al. 2001)
 -- Fields initialized.

 Initialization Complete.
 //////////////////////////////////////

 Timestep has changed from  0.00000E+00 to  1.00000E-04.
 Iteration:  00000001   DeltaT:  1.000E-04   Iter/sec:  0.000E+00
 Timestep has changed from  1.00000E-04 to  2.55566E-06.
 Iteration:  00000002   DeltaT:  2.556E-06   Iter/sec:  7.467E-02
 Iteration:  00000003   DeltaT:  2.556E-06   Iter/sec:  6.521E-01
 Iteration:  00000004   DeltaT:  2.556E-06   Iter/sec:  8.431E-01
 Iteration:  00000005   DeltaT:  2.556E-06   Iter/sec:  8.347E-01
 Iteration:  00000006   DeltaT:  2.556E-06   Iter/sec:  8.332E-01
 Iteration:  00000007   DeltaT:  2.556E-06   Iter/sec:  8.383E-01
 Iteration:  00000008   DeltaT:  2.556E-06   Iter/sec:  8.398E-01
 Iteration:  00000009   DeltaT:  2.556E-06   Iter/sec:  8.322E-01
 Iteration:  00000010   DeltaT:  2.556E-06   Iter/sec:  8.340E-01
 Iteration:  00000011   DeltaT:  2.556E-06   Iter/sec:  8.426E-01
 Iteration:  00000012   DeltaT:  2.556E-06   Iter/sec:  8.067E-01
 Iteration:  00000013   DeltaT:  2.556E-06   Iter/sec:  8.525E-01
 Iteration:  00000014   DeltaT:  2.556E-06   Iter/sec:  8.034E-01
 Iteration:  00000015   DeltaT:  2.556E-06   Iter/sec:  8.291E-01
 Iteration:  00000016   DeltaT:  2.556E-06   Iter/sec:  8.286E-01
 Iteration:  00000017   DeltaT:  2.556E-06   Iter/sec:  8.328E-01
 Iteration:  00000018   DeltaT:  2.556E-06   Iter/sec:  8.246E-01
 Iteration:  00000019   DeltaT:  2.556E-06   Iter/sec:  8.465E-01
 Iteration:  00000020   DeltaT:  2.556E-06   Iter/sec:  8.392E-01
 Iteration:  00000021   DeltaT:  2.556E-06   Iter/sec:  8.417E-01
 Iteration:  00000022   DeltaT:  2.556E-06   Iter/sec:  8.126E-01
 Iteration:  00000023   DeltaT:  2.556E-06   Iter/sec:  8.234E-01
 Iteration:  00000024   DeltaT:  2.556E-06   Iter/sec:  8.256E-01
 Iteration:  00000025   DeltaT:  2.556E-06   Iter/sec:  8.333E-01
 Iteration:  00000026   DeltaT:  2.556E-06   Iter/sec:  8.273E-01
 Iteration:  00000027   DeltaT:  2.556E-06   Iter/sec:  8.376E-01
 Iteration:  00000028   DeltaT:  2.556E-06   Iter/sec:  8.500E-01
 Iteration:  00000029   DeltaT:  2.556E-06   Iter/sec:  8.327E-01
 Iteration:  00000030   DeltaT:  2.556E-06   Iter/sec:  8.372E-01
 Iteration:  00000031   DeltaT:  2.556E-06   Iter/sec:  8.345E-01
 Iteration:  00000032   DeltaT:  2.556E-06   Iter/sec:  8.397E-01
 Iteration:  00000033   DeltaT:  2.556E-06   Iter/sec:  8.279E-01
 Iteration:  00000034   DeltaT:  2.556E-06   Iter/sec:  8.345E-01
 Iteration:  00000035   DeltaT:  2.556E-06   Iter/sec:  8.375E-01
 Iteration:  00000036   DeltaT:  2.556E-06   Iter/sec:  8.471E-01
 Iteration:  00000037   DeltaT:  2.556E-06   Iter/sec:  8.401E-01
 Iteration:  00000038   DeltaT:  2.556E-06   Iter/sec:  8.183E-01
 Iteration:  00000039   DeltaT:  2.556E-06   Iter/sec:  8.313E-01
 Iteration:  00000040   DeltaT:  2.556E-06   Iter/sec:  8.409E-01
 Iteration:  00000041   DeltaT:  2.556E-06   Iter/sec:  8.396E-01
 Iteration:  00000042   DeltaT:  2.556E-06   Iter/sec:  8.262E-01
 Iteration:  00000043   DeltaT:  2.556E-06   Iter/sec:  8.193E-01
 Iteration:  00000044   DeltaT:  2.556E-06   Iter/sec:  8.258E-01
 Iteration:  00000045   DeltaT:  2.556E-06   Iter/sec:  8.232E-01
 Iteration:  00000046   DeltaT:  2.556E-06   Iter/sec:  8.490E-01
 Iteration:  00000047   DeltaT:  2.556E-06   Iter/sec:  8.140E-01
 Iteration:  00000048   DeltaT:  2.556E-06   Iter/sec:  8.426E-01
 Iteration:  00000049   DeltaT:  2.556E-06   Iter/sec:  8.414E-01
 Iteration:  00000050   DeltaT:  2.556E-06   Iter/sec:  8.373E-01


//////////////////////////////////////////////
   Measured Timings for Process 0  (seconds)

 Elapsed time:        60.5821
  Column time:         5.8149
     Row time:        21.2346
Legendre time:         9.2173
     FFT time:         3.9977
   Solve time:         1.9026
    rlma time:         1.4335
    rlmb time:         0.7137
  pspace time:         7.9290
  psolve time:         7.1356
    dphi time:         0.3106
captured time:        59.6895

     iter/sec:         0.8253
//////////////////////////////////////////////
