 //////////////////////////////////////
 Initializating Rayleigh...

 -- Initalizing MPI...
 ---- Specified parameters:
 ---- NCPU  :   2048
 ---- NPROW :     64
 ---- NPCOL :     32
 -- MPI initialized.


 -- Initalizing Grid...
 ---- Specified parameters ----
 ---- N_R                 :    512
 ---- N_THETA             :   1536
 ---- Ell_MAX             :   1023
 ---- R_MIN               :  5.38462E-01
 ---- R_MAX               :  1.53846E+00
 ---- Chebyshev Domains   :      1

        Domain 1
          Grid points           :  512
          Dealiased Polynomials :  341
          Domain Lower Bound    :  5.38462E-01
          Domain Upper Bound    :  1.53846E+00

 -- Grid initialized.

 -- Initalizing Reference State...
 ---- Specified parameters:
 ---- Reference type           :  Boussinesq (Non-dimensional)
 ---- Rayleigh Number          :  1.00000E+05
 ---- Ekman Number             :  1.00000E-03
 ---- Prandtl Number           :  1.00000E+00
 ---- Magnetic Prandtl Number  :  5.00000E+00
 -- Reference State initialized.

 -- Initializing Fields...
 ---- Specified parameters:
 ---- Hydro Init Type    : Benchmark (Christensen et al. 2001)
 ---- Magnetic Init Type : Benchmark (Christensen et al. 2001)
 -- Fields initialized.

 Initialization Complete.
 //////////////////////////////////////

 Timestep has changed from  0.00000E+00 to  1.00000E-04.
 Iteration:  00000001   DeltaT:  1.000E-04   Iter/sec:  0.000E+00
 Timestep has changed from  1.00000E-04 to  1.59733E-07.
 Iteration:  00000002   DeltaT:  1.597E-07   Iter/sec:  7.053E-02
 Iteration:  00000003   DeltaT:  1.597E-07   Iter/sec:  8.603E-02
 Iteration:  00000004   DeltaT:  1.597E-07   Iter/sec:  2.500E-01
 Iteration:  00000005   DeltaT:  1.597E-07   Iter/sec:  2.480E-01
 Iteration:  00000006   DeltaT:  1.597E-07   Iter/sec:  2.531E-01
 Iteration:  00000007   DeltaT:  1.597E-07   Iter/sec:  2.494E-01
 Iteration:  00000008   DeltaT:  1.597E-07   Iter/sec:  2.465E-01
 Iteration:  00000009   DeltaT:  1.597E-07   Iter/sec:  2.425E-01
 Iteration:  00000010   DeltaT:  1.597E-07   Iter/sec:  2.502E-01
 Iteration:  00000011   DeltaT:  1.597E-07   Iter/sec:  2.436E-01
 Iteration:  00000012   DeltaT:  1.597E-07   Iter/sec:  2.491E-01
 Iteration:  00000013   DeltaT:  1.597E-07   Iter/sec:  2.502E-01
 Iteration:  00000014   DeltaT:  1.597E-07   Iter/sec:  2.513E-01
 Iteration:  00000015   DeltaT:  1.597E-07   Iter/sec:  2.485E-01
 Iteration:  00000016   DeltaT:  1.597E-07   Iter/sec:  2.487E-01
 Iteration:  00000017   DeltaT:  1.597E-07   Iter/sec:  2.464E-01
 Iteration:  00000018   DeltaT:  1.597E-07   Iter/sec:  2.527E-01
 Iteration:  00000019   DeltaT:  1.597E-07   Iter/sec:  2.485E-01
 Iteration:  00000020   DeltaT:  1.597E-07   Iter/sec:  2.501E-01
 Iteration:  00000021   DeltaT:  1.597E-07   Iter/sec:  2.542E-01
 Iteration:  00000022   DeltaT:  1.597E-07   Iter/sec:  2.486E-01
 Iteration:  00000023   DeltaT:  1.597E-07   Iter/sec:  2.490E-01
 Iteration:  00000024   DeltaT:  1.597E-07   Iter/sec:  2.517E-01
 Iteration:  00000025   DeltaT:  1.597E-07   Iter/sec:  2.438E-01
 Iteration:  00000026   DeltaT:  1.597E-07   Iter/sec:  2.460E-01
 Iteration:  00000027   DeltaT:  1.597E-07   Iter/sec:  2.443E-01
 Iteration:  00000028   DeltaT:  1.597E-07   Iter/sec:  2.467E-01
 Iteration:  00000029   DeltaT:  1.597E-07   Iter/sec:  2.523E-01
 Iteration:  00000030   DeltaT:  1.597E-07   Iter/sec:  2.454E-01
 Iteration:  00000031   DeltaT:  1.597E-07   Iter/sec:  2.535E-01
 Iteration:  00000032   DeltaT:  1.597E-07   Iter/sec:  2.527E-01
 Iteration:  00000033   DeltaT:  1.597E-07   Iter/sec:  2.445E-01
 Iteration:  00000034   DeltaT:  1.597E-07   Iter/sec:  2.502E-01
 Iteration:  00000035   DeltaT:  1.597E-07   Iter/sec:  2.420E-01
 Iteration:  00000036   DeltaT:  1.597E-07   Iter/sec:  2.474E-01
 Iteration:  00000037   DeltaT:  1.597E-07   Iter/sec:  2.537E-01
 Iteration:  00000038   DeltaT:  1.597E-07   Iter/sec:  2.576E-01
 Iteration:  00000039   DeltaT:  1.597E-07   Iter/sec:  2.424E-01
 Iteration:  00000040   DeltaT:  1.597E-07   Iter/sec:  2.511E-01
 Iteration:  00000041   DeltaT:  1.597E-07   Iter/sec:  2.501E-01
 Iteration:  00000042   DeltaT:  1.597E-07   Iter/sec:  2.428E-01
 Iteration:  00000043   DeltaT:  1.597E-07   Iter/sec:  2.450E-01
 Iteration:  00000044   DeltaT:  1.597E-07   Iter/sec:  2.445E-01
 Iteration:  00000045   DeltaT:  1.597E-07   Iter/sec:  2.485E-01
 Iteration:  00000046   DeltaT:  1.597E-07   Iter/sec:  2.532E-01
 Iteration:  00000047   DeltaT:  1.597E-07   Iter/sec:  2.498E-01
 Iteration:  00000048   DeltaT:  1.597E-07   Iter/sec:  2.532E-01
 Iteration:  00000049   DeltaT:  1.597E-07   Iter/sec:  2.448E-01
 Iteration:  00000050   DeltaT:  1.597E-07   Iter/sec:  2.432E-01


//////////////////////////////////////////////
   Measured Timings for Process 0  (seconds)

 Elapsed time:       216.3275
  Column time:        52.4371
     Row time:        60.7799
Legendre time:        27.7370
     FFT time:         8.3767
   Solve time:        14.5216
    rlma time:         3.1151
    rlmb time:         1.5284
  pspace time:        15.3788
  psolve time:        29.9097
    dphi time:         0.5117
captured time:       214.2959

     iter/sec:         0.2311
//////////////////////////////////////////////
