 //////////////////////////////////////
 Initializating Rayleigh...

 -- Initalizing MPI...
 ---- Specified parameters:
 ---- NCPU  :   1024
 ---- NPROW :     16
 ---- NPCOL :     64
 -- MPI initialized.


 -- Initalizing Grid...
 ---- Specified parameters ----
 ---- N_R                 :    512
 ---- N_THETA             :   1536
 ---- Ell_MAX             :   1023
 ---- R_MIN               :  5.38462E-01
 ---- R_MAX               :  1.53846E+00
 ---- Chebyshev Domains   :      1

        Domain 1
          Grid points           :  512
          Dealiased Polynomials :  341
          Domain Lower Bound    :  5.38462E-01
          Domain Upper Bound    :  1.53846E+00

 -- Grid initialized.

 -- Initalizing Reference State...
 ---- Specified parameters:
 ---- Reference type           :  Boussinesq (Non-dimensional)
 ---- Rayleigh Number          :  1.00000E+05
 ---- Ekman Number             :  1.00000E-03
 ---- Prandtl Number           :  1.00000E+00
 ---- Magnetic Prandtl Number  :  5.00000E+00
 -- Reference State initialized.

 -- Initializing Fields...
 ---- Specified parameters:
 ---- Hydro Init Type    : Benchmark (Christensen et al. 2001)
 ---- Magnetic Init Type : Benchmark (Christensen et al. 2001)
 -- Fields initialized.

 Initialization Complete.
 //////////////////////////////////////

 Timestep has changed from  0.00000E+00 to  1.00000E-04.
 Iteration:  00000001   DeltaT:  1.000E-04   Iter/sec:  0.000E+00
 Timestep has changed from  1.00000E-04 to  1.59733E-07.
 Iteration:  00000002   DeltaT:  1.597E-07   Iter/sec:  4.896E-02
 Iteration:  00000003   DeltaT:  1.597E-07   Iter/sec:  7.630E-02
 Iteration:  00000004   DeltaT:  1.597E-07   Iter/sec:  1.411E-01
 Iteration:  00000005   DeltaT:  1.597E-07   Iter/sec:  1.452E-01
 Iteration:  00000006   DeltaT:  1.597E-07   Iter/sec:  1.474E-01
 Iteration:  00000007   DeltaT:  1.597E-07   Iter/sec:  1.434E-01
 Iteration:  00000008   DeltaT:  1.597E-07   Iter/sec:  1.418E-01
 Iteration:  00000009   DeltaT:  1.597E-07   Iter/sec:  1.407E-01
 Iteration:  00000010   DeltaT:  1.597E-07   Iter/sec:  1.421E-01
 Iteration:  00000011   DeltaT:  1.597E-07   Iter/sec:  1.433E-01
 Iteration:  00000012   DeltaT:  1.597E-07   Iter/sec:  1.427E-01
 Iteration:  00000013   DeltaT:  1.597E-07   Iter/sec:  1.413E-01
 Iteration:  00000014   DeltaT:  1.597E-07   Iter/sec:  1.432E-01
 Iteration:  00000015   DeltaT:  1.597E-07   Iter/sec:  1.440E-01
 Iteration:  00000016   DeltaT:  1.597E-07   Iter/sec:  1.419E-01
 Iteration:  00000017   DeltaT:  1.597E-07   Iter/sec:  1.424E-01
 Iteration:  00000018   DeltaT:  1.597E-07   Iter/sec:  1.410E-01
 Iteration:  00000019   DeltaT:  1.597E-07   Iter/sec:  1.424E-01
 Iteration:  00000020   DeltaT:  1.597E-07   Iter/sec:  1.415E-01
 Iteration:  00000021   DeltaT:  1.597E-07   Iter/sec:  1.424E-01
 Iteration:  00000022   DeltaT:  1.597E-07   Iter/sec:  1.422E-01
 Iteration:  00000023   DeltaT:  1.597E-07   Iter/sec:  1.420E-01
 Iteration:  00000024   DeltaT:  1.597E-07   Iter/sec:  1.434E-01
 Iteration:  00000025   DeltaT:  1.597E-07   Iter/sec:  1.430E-01
 Iteration:  00000026   DeltaT:  1.597E-07   Iter/sec:  1.421E-01
 Iteration:  00000027   DeltaT:  1.597E-07   Iter/sec:  1.427E-01
 Iteration:  00000028   DeltaT:  1.597E-07   Iter/sec:  1.436E-01
 Iteration:  00000029   DeltaT:  1.597E-07   Iter/sec:  1.414E-01
 Iteration:  00000030   DeltaT:  1.597E-07   Iter/sec:  1.438E-01
 Iteration:  00000031   DeltaT:  1.597E-07   Iter/sec:  1.431E-01
 Iteration:  00000032   DeltaT:  1.597E-07   Iter/sec:  1.454E-01
 Iteration:  00000033   DeltaT:  1.597E-07   Iter/sec:  1.435E-01
 Iteration:  00000034   DeltaT:  1.597E-07   Iter/sec:  1.435E-01
 Iteration:  00000035   DeltaT:  1.597E-07   Iter/sec:  1.429E-01
 Iteration:  00000036   DeltaT:  1.597E-07   Iter/sec:  1.421E-01
 Iteration:  00000037   DeltaT:  1.597E-07   Iter/sec:  1.403E-01
 Iteration:  00000038   DeltaT:  1.597E-07   Iter/sec:  1.463E-01
 Iteration:  00000039   DeltaT:  1.597E-07   Iter/sec:  1.445E-01
 Iteration:  00000040   DeltaT:  1.597E-07   Iter/sec:  1.445E-01
 Iteration:  00000041   DeltaT:  1.597E-07   Iter/sec:  1.421E-01
 Iteration:  00000042   DeltaT:  1.597E-07   Iter/sec:  1.428E-01
 Iteration:  00000043   DeltaT:  1.597E-07   Iter/sec:  1.422E-01
 Iteration:  00000044   DeltaT:  1.597E-07   Iter/sec:  1.428E-01
 Iteration:  00000045   DeltaT:  1.597E-07   Iter/sec:  1.405E-01
 Iteration:  00000046   DeltaT:  1.597E-07   Iter/sec:  1.412E-01
 Iteration:  00000047   DeltaT:  1.597E-07   Iter/sec:  1.445E-01
 Iteration:  00000048   DeltaT:  1.597E-07   Iter/sec:  1.453E-01
 Iteration:  00000049   DeltaT:  1.597E-07   Iter/sec:  1.426E-01
 Iteration:  00000050   DeltaT:  1.597E-07   Iter/sec:  1.448E-01


//////////////////////////////////////////////
   Measured Timings for Process 0  (seconds)

 Elapsed time:       362.1092
  Column time:        84.3611
     Row time:        94.6100
Legendre time:        52.9455
     FFT time:        16.8838
   Solve time:        17.5312
    rlma time:         8.0808
    rlmb time:         3.1318
  pspace time:        34.3694
  psolve time:        43.0720
    dphi time:         1.9397
captured time:       356.9252

     iter/sec:         0.1381
//////////////////////////////////////////////
