 //////////////////////////////////////
 Initializating Rayleigh...

 -- Initalizing MPI...
 ---- Specified parameters:
 ---- NCPU  :    512
 ---- NPROW :     32
 ---- NPCOL :     16
 -- MPI initialized.


 -- Initalizing Grid...
 ---- Specified parameters ----
 ---- N_R                 :    512
 ---- N_THETA             :   1536
 ---- Ell_MAX             :   1023
 ---- R_MIN               :  5.38462E-01
 ---- R_MAX               :  1.53846E+00
 ---- Chebyshev Domains   :      1

        Domain 1
          Grid points           :  512
          Dealiased Polynomials :  341
          Domain Lower Bound    :  5.38462E-01
          Domain Upper Bound    :  1.53846E+00

 -- Grid initialized.

 -- Initalizing Reference State...
 ---- Specified parameters:
 ---- Reference type           :  Boussinesq (Non-dimensional)
 ---- Rayleigh Number          :  1.00000E+05
 ---- Ekman Number             :  1.00000E-03
 ---- Prandtl Number           :  1.00000E+00
 ---- Magnetic Prandtl Number  :  5.00000E+00
 -- Reference State initialized.

 -- Initializing Fields...
 ---- Specified parameters:
 ---- Hydro Init Type    : Benchmark (Christensen et al. 2001)
 ---- Magnetic Init Type : Benchmark (Christensen et al. 2001)
 -- Fields initialized.

 Initialization Complete.
 //////////////////////////////////////

 Timestep has changed from  0.00000E+00 to  1.00000E-04.
 Iteration:  00000001   DeltaT:  1.000E-04   Iter/sec:  0.000E+00
 Timestep has changed from  1.00000E-04 to  1.59733E-07.
 Iteration:  00000002   DeltaT:  1.597E-07   Iter/sec:  2.933E-02
 Iteration:  00000003   DeltaT:  1.597E-07   Iter/sec:  3.429E-02
 Iteration:  00000004   DeltaT:  1.597E-07   Iter/sec:  6.658E-02
 Iteration:  00000005   DeltaT:  1.597E-07   Iter/sec:  6.610E-02
 Iteration:  00000006   DeltaT:  1.597E-07   Iter/sec:  6.792E-02
 Iteration:  00000007   DeltaT:  1.597E-07   Iter/sec:  6.664E-02
 Iteration:  00000008   DeltaT:  1.597E-07   Iter/sec:  6.640E-02
 Iteration:  00000009   DeltaT:  1.597E-07   Iter/sec:  6.784E-02
 Iteration:  00000010   DeltaT:  1.597E-07   Iter/sec:  6.688E-02
 Iteration:  00000011   DeltaT:  1.597E-07   Iter/sec:  6.796E-02
 Iteration:  00000012   DeltaT:  1.597E-07   Iter/sec:  6.593E-02
 Iteration:  00000013   DeltaT:  1.597E-07   Iter/sec:  6.722E-02
 Iteration:  00000014   DeltaT:  1.597E-07   Iter/sec:  6.718E-02
 Iteration:  00000015   DeltaT:  1.597E-07   Iter/sec:  6.630E-02
 Iteration:  00000016   DeltaT:  1.597E-07   Iter/sec:  6.719E-02
 Iteration:  00000017   DeltaT:  1.597E-07   Iter/sec:  6.633E-02
 Iteration:  00000018   DeltaT:  1.597E-07   Iter/sec:  6.821E-02
 Iteration:  00000019   DeltaT:  1.597E-07   Iter/sec:  6.632E-02
 Iteration:  00000020   DeltaT:  1.597E-07   Iter/sec:  6.795E-02
 Iteration:  00000021   DeltaT:  1.597E-07   Iter/sec:  6.659E-02
 Iteration:  00000022   DeltaT:  1.597E-07   Iter/sec:  6.961E-02
 Iteration:  00000023   DeltaT:  1.597E-07   Iter/sec:  6.608E-02
 Iteration:  00000024   DeltaT:  1.597E-07   Iter/sec:  6.699E-02
 Iteration:  00000025   DeltaT:  1.597E-07   Iter/sec:  6.622E-02
 Iteration:  00000026   DeltaT:  1.597E-07   Iter/sec:  6.750E-02
 Iteration:  00000027   DeltaT:  1.597E-07   Iter/sec:  6.534E-02
 Iteration:  00000028   DeltaT:  1.597E-07   Iter/sec:  6.727E-02
 Iteration:  00000029   DeltaT:  1.597E-07   Iter/sec:  6.578E-02
 Iteration:  00000030   DeltaT:  1.597E-07   Iter/sec:  6.731E-02
 Iteration:  00000031   DeltaT:  1.597E-07   Iter/sec:  6.724E-02
 Iteration:  00000032   DeltaT:  1.597E-07   Iter/sec:  6.736E-02
 Iteration:  00000033   DeltaT:  1.597E-07   Iter/sec:  6.605E-02
 Iteration:  00000034   DeltaT:  1.597E-07   Iter/sec:  6.666E-02
 Iteration:  00000035   DeltaT:  1.597E-07   Iter/sec:  6.531E-02
 Iteration:  00000036   DeltaT:  1.597E-07   Iter/sec:  6.736E-02
 Iteration:  00000037   DeltaT:  1.597E-07   Iter/sec:  6.541E-02
 Iteration:  00000038   DeltaT:  1.597E-07   Iter/sec:  6.800E-02
 Iteration:  00000039   DeltaT:  1.597E-07   Iter/sec:  6.636E-02
 Iteration:  00000040   DeltaT:  1.597E-07   Iter/sec:  6.676E-02
 Iteration:  00000041   DeltaT:  1.597E-07   Iter/sec:  6.584E-02
 Iteration:  00000042   DeltaT:  1.597E-07   Iter/sec:  6.803E-02
 Iteration:  00000043   DeltaT:  1.597E-07   Iter/sec:  6.744E-02
 Iteration:  00000044   DeltaT:  1.597E-07   Iter/sec:  6.807E-02
