 //////////////////////////////////////
 Initializating Rayleigh...

 -- Initalizing MPI...
 ---- Specified parameters:
 ---- NCPU  :    512
 ---- NPROW :     16
 ---- NPCOL :     32
 -- MPI initialized.


 -- Initalizing Grid...
 ---- Specified parameters ----
 ---- N_R                 :    128
 ---- N_THETA             :    384
 ---- Ell_MAX             :    255
 ---- R_MIN               :  5.38462E-01
 ---- R_MAX               :  1.53846E+00
 ---- Chebyshev Domains   :      1

        Domain 1
          Grid points           :  128
          Dealiased Polynomials :  85
          Domain Lower Bound    :  5.38462E-01
          Domain Upper Bound    :  1.53846E+00

 -- Grid initialized.

 -- Initalizing Reference State...
 ---- Specified parameters:
 ---- Reference type           :  Boussinesq (Non-dimensional)
 ---- Rayleigh Number          :  1.00000E+05
 ---- Ekman Number             :  1.00000E-03
 ---- Prandtl Number           :  1.00000E+00
 ---- Magnetic Prandtl Number  :  5.00000E+00
 -- Reference State initialized.

 -- Initializing Fields...
 ---- Specified parameters:
 ---- Hydro Init Type    : Benchmark (Christensen et al. 2001)
 ---- Magnetic Init Type : Benchmark (Christensen et al. 2001)
 -- Fields initialized.

 Initialization Complete.
 //////////////////////////////////////

 Timestep has changed from  0.00000E+00 to  1.00000E-04.
 Iteration:  00000001   DeltaT:  1.000E-04   Iter/sec:  0.000E+00
 Timestep has changed from  1.00000E-04 to  2.55566E-06.
 Iteration:  00000002   DeltaT:  2.556E-06   Iter/sec:  1.795E-01
 Iteration:  00000003   DeltaT:  2.556E-06   Iter/sec:  4.820E+00
 Iteration:  00000004   DeltaT:  2.556E-06   Iter/sec:  6.011E+00
 Iteration:  00000005   DeltaT:  2.556E-06   Iter/sec:  6.327E+00
 Iteration:  00000006   DeltaT:  2.556E-06   Iter/sec:  6.179E+00
 Iteration:  00000007   DeltaT:  2.556E-06   Iter/sec:  6.049E+00
 Iteration:  00000008   DeltaT:  2.556E-06   Iter/sec:  6.444E+00
 Iteration:  00000009   DeltaT:  2.556E-06   Iter/sec:  5.792E+00
 Iteration:  00000010   DeltaT:  2.556E-06   Iter/sec:  6.297E+00
 Iteration:  00000011   DeltaT:  2.556E-06   Iter/sec:  6.257E+00
 Iteration:  00000012   DeltaT:  2.556E-06   Iter/sec:  6.322E+00
 Iteration:  00000013   DeltaT:  2.556E-06   Iter/sec:  5.859E+00
 Iteration:  00000014   DeltaT:  2.556E-06   Iter/sec:  5.889E+00
 Iteration:  00000015   DeltaT:  2.556E-06   Iter/sec:  6.293E+00
 Iteration:  00000016   DeltaT:  2.556E-06   Iter/sec:  6.342E+00
 Iteration:  00000017   DeltaT:  2.556E-06   Iter/sec:  6.178E+00
 Iteration:  00000018   DeltaT:  2.556E-06   Iter/sec:  5.667E+00
 Iteration:  00000019   DeltaT:  2.556E-06   Iter/sec:  6.119E+00
 Iteration:  00000020   DeltaT:  2.556E-06   Iter/sec:  6.625E+00
 Iteration:  00000021   DeltaT:  2.556E-06   Iter/sec:  6.227E+00
 Iteration:  00000022   DeltaT:  2.556E-06   Iter/sec:  5.712E+00
 Iteration:  00000023   DeltaT:  2.556E-06   Iter/sec:  5.773E+00
 Iteration:  00000024   DeltaT:  2.556E-06   Iter/sec:  6.868E+00
 Iteration:  00000025   DeltaT:  2.556E-06   Iter/sec:  6.294E+00
 Iteration:  00000026   DeltaT:  2.556E-06   Iter/sec:  6.519E+00
 Iteration:  00000027   DeltaT:  2.556E-06   Iter/sec:  5.714E+00
 Iteration:  00000028   DeltaT:  2.556E-06   Iter/sec:  6.492E+00
 Iteration:  00000029   DeltaT:  2.556E-06   Iter/sec:  6.026E+00
 Iteration:  00000030   DeltaT:  2.556E-06   Iter/sec:  6.360E+00
 Iteration:  00000031   DeltaT:  2.556E-06   Iter/sec:  6.348E+00
 Iteration:  00000032   DeltaT:  2.556E-06   Iter/sec:  6.027E+00
 Iteration:  00000033   DeltaT:  2.556E-06   Iter/sec:  6.372E+00
 Iteration:  00000034   DeltaT:  2.556E-06   Iter/sec:  6.353E+00
 Iteration:  00000035   DeltaT:  2.556E-06   Iter/sec:  6.528E+00
 Iteration:  00000036   DeltaT:  2.556E-06   Iter/sec:  6.483E+00
 Iteration:  00000037   DeltaT:  2.556E-06   Iter/sec:  6.295E+00
 Iteration:  00000038   DeltaT:  2.556E-06   Iter/sec:  6.450E+00
 Iteration:  00000039   DeltaT:  2.556E-06   Iter/sec:  6.448E+00
 Iteration:  00000040   DeltaT:  2.556E-06   Iter/sec:  6.429E+00
 Iteration:  00000041   DeltaT:  2.556E-06   Iter/sec:  6.509E+00
 Iteration:  00000042   DeltaT:  2.556E-06   Iter/sec:  6.486E+00
 Iteration:  00000043   DeltaT:  2.556E-06   Iter/sec:  6.641E+00
 Iteration:  00000044   DeltaT:  2.556E-06   Iter/sec:  6.407E+00
 Iteration:  00000045   DeltaT:  2.556E-06   Iter/sec:  6.509E+00
 Iteration:  00000046   DeltaT:  2.556E-06   Iter/sec:  6.350E+00
 Iteration:  00000047   DeltaT:  2.556E-06   Iter/sec:  6.457E+00
 Iteration:  00000048   DeltaT:  2.556E-06   Iter/sec:  6.548E+00
 Iteration:  00000049   DeltaT:  2.556E-06   Iter/sec:  6.392E+00
 Iteration:  00000050   DeltaT:  2.556E-06   Iter/sec:  6.517E+00


//////////////////////////////////////////////
   Measured Timings for Process 0  (seconds)

 Elapsed time:         8.0391
  Column time:         2.5354
     Row time:         2.0749
Legendre time:         0.7433
     FFT time:         0.4825
   Solve time:         0.3036
    rlma time:         0.1075
    rlmb time:         0.0386
  pspace time:         0.9665
  psolve time:         0.6544
    dphi time:         0.0676
captured time:         7.9743

     iter/sec:         6.2196
//////////////////////////////////////////////
