 //////////////////////////////////////
 Initializating Rayleigh...

 -- Initalizing MPI...
 ---- Specified parameters:
 ---- NCPU  :   2048
 ---- NPROW :     64
 ---- NPCOL :     32
 -- MPI initialized.


 -- Initalizing Grid...
 ---- Specified parameters ----
 ---- N_R                 :    128
 ---- N_THETA             :    384
 ---- Ell_MAX             :    255
 ---- R_MIN               :  5.38462E-01
 ---- R_MAX               :  1.53846E+00
 ---- Chebyshev Domains   :      1

        Domain 1
          Grid points           :  128
          Dealiased Polynomials :  85
          Domain Lower Bound    :  5.38462E-01
          Domain Upper Bound    :  1.53846E+00

 -- Grid initialized.

 -- Initalizing Reference State...
 ---- Specified parameters:
 ---- Reference type           :  Boussinesq (Non-dimensional)
 ---- Rayleigh Number          :  1.00000E+05
 ---- Ekman Number             :  1.00000E-03
 ---- Prandtl Number           :  1.00000E+00
 ---- Magnetic Prandtl Number  :  5.00000E+00
 -- Reference State initialized.

 -- Initializing Fields...
 ---- Specified parameters:
 ---- Hydro Init Type    : Benchmark (Christensen et al. 2001)
 ---- Magnetic Init Type : Benchmark (Christensen et al. 2001)
 -- Fields initialized.

 Initialization Complete.
 //////////////////////////////////////

 Timestep has changed from  0.00000E+00 to  1.00000E-04.
 Iteration:  00000001   DeltaT:  1.000E-04   Iter/sec:  0.000E+00
 Timestep has changed from  1.00000E-04 to  2.55566E-06.
 Iteration:  00000002   DeltaT:  2.556E-06   Iter/sec:  2.791E+00
 Iteration:  00000003   DeltaT:  2.556E-06   Iter/sec:  1.155E+01
 Iteration:  00000004   DeltaT:  2.556E-06   Iter/sec:  2.239E+01
 Iteration:  00000005   DeltaT:  2.556E-06   Iter/sec:  1.975E+01
 Iteration:  00000006   DeltaT:  2.556E-06   Iter/sec:  8.759E+00
 Iteration:  00000007   DeltaT:  2.556E-06   Iter/sec:  2.143E+01
 Iteration:  00000008   DeltaT:  2.556E-06   Iter/sec:  1.112E+01
 Iteration:  00000009   DeltaT:  2.556E-06   Iter/sec:  1.367E+01
 Iteration:  00000010   DeltaT:  2.556E-06   Iter/sec:  2.493E+01
 Iteration:  00000011   DeltaT:  2.556E-06   Iter/sec:  1.702E+01
 Iteration:  00000012   DeltaT:  2.556E-06   Iter/sec:  2.389E+01
 Iteration:  00000013   DeltaT:  2.556E-06   Iter/sec:  2.547E+01
 Iteration:  00000014   DeltaT:  2.556E-06   Iter/sec:  2.651E+01
 Iteration:  00000015   DeltaT:  2.556E-06   Iter/sec:  2.374E+01
 Iteration:  00000016   DeltaT:  2.556E-06   Iter/sec:  2.462E+01
 Iteration:  00000017   DeltaT:  2.556E-06   Iter/sec:  1.784E+01
 Iteration:  00000018   DeltaT:  2.556E-06   Iter/sec:  1.973E+01
 Iteration:  00000019   DeltaT:  2.556E-06   Iter/sec:  1.322E+01
 Iteration:  00000020   DeltaT:  2.556E-06   Iter/sec:  2.469E+01
 Iteration:  00000021   DeltaT:  2.556E-06   Iter/sec:  8.530E+00
 Iteration:  00000022   DeltaT:  2.556E-06   Iter/sec:  1.635E+01
 Iteration:  00000023   DeltaT:  2.556E-06   Iter/sec:  2.568E+01
 Iteration:  00000024   DeltaT:  2.556E-06   Iter/sec:  2.687E+01
 Iteration:  00000025   DeltaT:  2.556E-06   Iter/sec:  2.406E+01
 Iteration:  00000026   DeltaT:  2.556E-06   Iter/sec:  2.677E+01
 Iteration:  00000027   DeltaT:  2.556E-06   Iter/sec:  2.549E+01
 Iteration:  00000028   DeltaT:  2.556E-06   Iter/sec:  1.820E+01
 Iteration:  00000029   DeltaT:  2.556E-06   Iter/sec:  2.534E+01
 Iteration:  00000030   DeltaT:  2.556E-06   Iter/sec:  2.588E+01
 Iteration:  00000031   DeltaT:  2.556E-06   Iter/sec:  2.511E+01
 Iteration:  00000032   DeltaT:  2.556E-06   Iter/sec:  1.380E+01
 Iteration:  00000033   DeltaT:  2.556E-06   Iter/sec:  1.311E+01
 Iteration:  00000034   DeltaT:  2.556E-06   Iter/sec:  1.453E+01
 Iteration:  00000035   DeltaT:  2.556E-06   Iter/sec:  1.121E+01
 Iteration:  00000036   DeltaT:  2.556E-06   Iter/sec:  9.846E+00
 Iteration:  00000037   DeltaT:  2.556E-06   Iter/sec:  2.374E+01
 Iteration:  00000038   DeltaT:  2.556E-06   Iter/sec:  2.598E+01
 Iteration:  00000039   DeltaT:  2.556E-06   Iter/sec:  2.686E+01
 Iteration:  00000040   DeltaT:  2.556E-06   Iter/sec:  2.465E+01
 Iteration:  00000041   DeltaT:  2.556E-06   Iter/sec:  2.535E+01
 Iteration:  00000042   DeltaT:  2.556E-06   Iter/sec:  2.582E+01
 Iteration:  00000043   DeltaT:  2.556E-06   Iter/sec:  2.615E+01
 Iteration:  00000044   DeltaT:  2.556E-06   Iter/sec:  1.114E+01
 Iteration:  00000045   DeltaT:  2.556E-06   Iter/sec:  2.193E+01
 Iteration:  00000046   DeltaT:  2.556E-06   Iter/sec:  1.039E+01
 Iteration:  00000047   DeltaT:  2.556E-06   Iter/sec:  1.014E+01
 Iteration:  00000048   DeltaT:  2.556E-06   Iter/sec:  1.767E+01
 Iteration:  00000049   DeltaT:  2.556E-06   Iter/sec:  2.321E+01
 Iteration:  00000050   DeltaT:  2.556E-06   Iter/sec:  1.624E+01


//////////////////////////////////////////////
   Measured Timings for Process 0  (seconds)

 Elapsed time:         2.9947
  Column time:         1.2371
     Row time:         1.0237
Legendre time:         0.1305
     FFT time:         0.0984
   Solve time:         0.1844
    rlma time:         0.0213
    rlmb time:         0.0092
  pspace time:         0.0850
  psolve time:         0.1791
    dphi time:         0.0073
captured time:         2.9761

     iter/sec:        16.6963
//////////////////////////////////////////////
