 //////////////////////////////////////
 Initializating Rayleigh...

 -- Initalizing MPI...
 ---- Specified parameters:
 ---- NCPU  :    256
 ---- NPROW :      8
 ---- NPCOL :     32
 -- MPI initialized.


 -- Initalizing Grid...
 ---- Specified parameters ----
 ---- N_R                 :     64
 ---- N_THETA             :    192
 ---- Ell_MAX             :    127
 ---- R_MIN               :  5.38462E-01
 ---- R_MAX               :  1.53846E+00
 ---- Chebyshev Domains   :      1

        Domain 1
          Grid points           :  64
          Dealiased Polynomials :  42
          Domain Lower Bound    :  5.38462E-01
          Domain Upper Bound    :  1.53846E+00

 -- Grid initialized.

 -- Initalizing Reference State...
 ---- Specified parameters:
 ---- Reference type           :  Boussinesq (Non-dimensional)
 ---- Rayleigh Number          :  1.00000E+05
 ---- Ekman Number             :  1.00000E-03
 ---- Prandtl Number           :  1.00000E+00
 ---- Magnetic Prandtl Number  :  5.00000E+00
 -- Reference State initialized.

 -- Initializing Fields...
 ---- Specified parameters:
 ---- Hydro Init Type    : Benchmark (Christensen et al. 2001)
 ---- Magnetic Init Type : Benchmark (Christensen et al. 2001)
 -- Fields initialized.

 Initialization Complete.
 //////////////////////////////////////

 Timestep has changed from  0.00000E+00 to  1.00000E-04.
 Iteration:  00000001   DeltaT:  1.000E-04   Iter/sec:  0.000E+00
 Timestep has changed from  1.00000E-04 to  1.02217E-05.
 Iteration:  00000002   DeltaT:  1.022E-05   Iter/sec:  7.413E+00
 Iteration:  00000003   DeltaT:  1.022E-05   Iter/sec:  3.298E+01
 Iteration:  00000004   DeltaT:  1.022E-05   Iter/sec:  4.249E+01
 Iteration:  00000005   DeltaT:  1.022E-05   Iter/sec:  4.201E+01
 Iteration:  00000006   DeltaT:  1.022E-05   Iter/sec:  4.081E+01
 Iteration:  00000007   DeltaT:  1.022E-05   Iter/sec:  4.191E+01
 Iteration:  00000008   DeltaT:  1.022E-05   Iter/sec:  4.200E+01
 Iteration:  00000009   DeltaT:  1.022E-05   Iter/sec:  4.260E+01
 Iteration:  00000010   DeltaT:  1.022E-05   Iter/sec:  4.349E+01
 Iteration:  00000011   DeltaT:  1.022E-05   Iter/sec:  4.277E+01
 Iteration:  00000012   DeltaT:  1.022E-05   Iter/sec:  4.221E+01
 Iteration:  00000013   DeltaT:  1.022E-05   Iter/sec:  4.193E+01
 Iteration:  00000014   DeltaT:  1.022E-05   Iter/sec:  4.247E+01
 Iteration:  00000015   DeltaT:  1.022E-05   Iter/sec:  4.246E+01
 Iteration:  00000016   DeltaT:  1.022E-05   Iter/sec:  4.091E+01
 Iteration:  00000017   DeltaT:  1.022E-05   Iter/sec:  4.195E+01
 Iteration:  00000018   DeltaT:  1.022E-05   Iter/sec:  4.253E+01
 Iteration:  00000019   DeltaT:  1.022E-05   Iter/sec:  4.236E+01
 Iteration:  00000020   DeltaT:  1.022E-05   Iter/sec:  4.228E+01
 Iteration:  00000021   DeltaT:  1.022E-05   Iter/sec:  4.209E+01
 Iteration:  00000022   DeltaT:  1.022E-05   Iter/sec:  4.323E+01
 Iteration:  00000023   DeltaT:  1.022E-05   Iter/sec:  4.278E+01
 Iteration:  00000024   DeltaT:  1.022E-05   Iter/sec:  4.262E+01
 Iteration:  00000025   DeltaT:  1.022E-05   Iter/sec:  4.288E+01
 Iteration:  00000026   DeltaT:  1.022E-05   Iter/sec:  4.237E+01
 Iteration:  00000027   DeltaT:  1.022E-05   Iter/sec:  4.187E+01
 Iteration:  00000028   DeltaT:  1.022E-05   Iter/sec:  4.092E+01
 Iteration:  00000029   DeltaT:  1.022E-05   Iter/sec:  4.162E+01
 Iteration:  00000030   DeltaT:  1.022E-05   Iter/sec:  4.329E+01
 Iteration:  00000031   DeltaT:  1.022E-05   Iter/sec:  4.308E+01
 Iteration:  00000032   DeltaT:  1.022E-05   Iter/sec:  4.241E+01
 Iteration:  00000033   DeltaT:  1.022E-05   Iter/sec:  4.173E+01
 Iteration:  00000034   DeltaT:  1.022E-05   Iter/sec:  4.207E+01
 Iteration:  00000035   DeltaT:  1.022E-05   Iter/sec:  4.194E+01
 Iteration:  00000036   DeltaT:  1.022E-05   Iter/sec:  4.284E+01
 Iteration:  00000037   DeltaT:  1.022E-05   Iter/sec:  4.285E+01
 Iteration:  00000038   DeltaT:  1.022E-05   Iter/sec:  4.273E+01
 Iteration:  00000039   DeltaT:  1.022E-05   Iter/sec:  4.289E+01
 Iteration:  00000040   DeltaT:  1.022E-05   Iter/sec:  4.241E+01
 Iteration:  00000041   DeltaT:  1.022E-05   Iter/sec:  4.319E+01
 Iteration:  00000042   DeltaT:  1.022E-05   Iter/sec:  4.295E+01
 Iteration:  00000043   DeltaT:  1.022E-05   Iter/sec:  4.245E+01
 Iteration:  00000044   DeltaT:  1.022E-05   Iter/sec:  4.331E+01
 Iteration:  00000045   DeltaT:  1.022E-05   Iter/sec:  4.279E+01
 Iteration:  00000046   DeltaT:  1.022E-05   Iter/sec:  4.324E+01
 Iteration:  00000047   DeltaT:  1.022E-05   Iter/sec:  4.222E+01
 Iteration:  00000048   DeltaT:  1.022E-05   Iter/sec:  4.256E+01
 Iteration:  00000049   DeltaT:  1.022E-05   Iter/sec:  4.264E+01
 Iteration:  00000050   DeltaT:  1.022E-05   Iter/sec:  4.302E+01


//////////////////////////////////////////////
   Measured Timings for Process 0  (seconds)

 Elapsed time:         1.1991
  Column time:         0.2944
     Row time:         0.3506
Legendre time:         0.1225
     FFT time:         0.1042
   Solve time:         0.0579
    rlma time:         0.0290
    rlmb time:         0.0117
  pspace time:         0.1034
  psolve time:         0.0947
    dphi time:         0.0109
captured time:         1.1792

     iter/sec:        41.6982
//////////////////////////////////////////////
