 //////////////////////////////////////
 Initializating Rayleigh...

 -- Initalizing MPI...
 ---- Specified parameters:
 ---- NCPU  :     64
 ---- NPROW :      4
 ---- NPCOL :     16
 -- MPI initialized.


 -- Initalizing Grid...
 ---- Specified parameters ----
 ---- N_R                 :     64
 ---- N_THETA             :    192
 ---- Ell_MAX             :    127
 ---- R_MIN               :  5.38462E-01
 ---- R_MAX               :  1.53846E+00
 ---- Chebyshev Domains   :      1

        Domain 1
          Grid points           :  64
          Dealiased Polynomials :  42
          Domain Lower Bound    :  5.38462E-01
          Domain Upper Bound    :  1.53846E+00

 -- Grid initialized.

 -- Initalizing Reference State...
 ---- Specified parameters:
 ---- Reference type           :  Boussinesq (Non-dimensional)
 ---- Rayleigh Number          :  1.00000E+05
 ---- Ekman Number             :  1.00000E-03
 ---- Prandtl Number           :  1.00000E+00
 ---- Magnetic Prandtl Number  :  5.00000E+00
 -- Reference State initialized.

 -- Initializing Fields...
 ---- Specified parameters:
 ---- Hydro Init Type    : Benchmark (Christensen et al. 2001)
 ---- Magnetic Init Type : Benchmark (Christensen et al. 2001)
 -- Fields initialized.

 Initialization Complete.
 //////////////////////////////////////

 Timestep has changed from  0.00000E+00 to  1.00000E-04.
 Iteration:  00000001   DeltaT:  1.000E-04   Iter/sec:  0.000E+00
 Timestep has changed from  1.00000E-04 to  1.02217E-05.
 Iteration:  00000002   DeltaT:  1.022E-05   Iter/sec:  3.417E-01
 Iteration:  00000003   DeltaT:  1.022E-05   Iter/sec:  8.032E+00
 Iteration:  00000004   DeltaT:  1.022E-05   Iter/sec:  8.422E+00
 Iteration:  00000005   DeltaT:  1.022E-05   Iter/sec:  8.631E+00
 Iteration:  00000006   DeltaT:  1.022E-05   Iter/sec:  8.568E+00
 Iteration:  00000007   DeltaT:  1.022E-05   Iter/sec:  8.706E+00
 Iteration:  00000008   DeltaT:  1.022E-05   Iter/sec:  8.782E+00
 Iteration:  00000009   DeltaT:  1.022E-05   Iter/sec:  8.642E+00
 Iteration:  00000010   DeltaT:  1.022E-05   Iter/sec:  8.610E+00
 Iteration:  00000011   DeltaT:  1.022E-05   Iter/sec:  8.567E+00
 Iteration:  00000012   DeltaT:  1.022E-05   Iter/sec:  8.701E+00
 Iteration:  00000013   DeltaT:  1.022E-05   Iter/sec:  8.489E+00
 Iteration:  00000014   DeltaT:  1.022E-05   Iter/sec:  8.607E+00
 Iteration:  00000015   DeltaT:  1.022E-05   Iter/sec:  8.526E+00
 Iteration:  00000016   DeltaT:  1.022E-05   Iter/sec:  8.434E+00
 Iteration:  00000017   DeltaT:  1.022E-05   Iter/sec:  8.576E+00
 Iteration:  00000018   DeltaT:  1.022E-05   Iter/sec:  8.524E+00
 Iteration:  00000019   DeltaT:  1.022E-05   Iter/sec:  8.677E+00
 Iteration:  00000020   DeltaT:  1.022E-05   Iter/sec:  8.455E+00
 Iteration:  00000021   DeltaT:  1.022E-05   Iter/sec:  8.503E+00
 Iteration:  00000022   DeltaT:  1.022E-05   Iter/sec:  8.645E+00
 Iteration:  00000023   DeltaT:  1.022E-05   Iter/sec:  8.727E+00
 Iteration:  00000024   DeltaT:  1.022E-05   Iter/sec:  8.631E+00
 Iteration:  00000025   DeltaT:  1.022E-05   Iter/sec:  8.631E+00
 Iteration:  00000026   DeltaT:  1.022E-05   Iter/sec:  8.669E+00
 Iteration:  00000027   DeltaT:  1.022E-05   Iter/sec:  8.498E+00
 Iteration:  00000028   DeltaT:  1.022E-05   Iter/sec:  8.428E+00
 Iteration:  00000029   DeltaT:  1.022E-05   Iter/sec:  8.610E+00
 Iteration:  00000030   DeltaT:  1.022E-05   Iter/sec:  8.596E+00
 Iteration:  00000031   DeltaT:  1.022E-05   Iter/sec:  8.731E+00
 Iteration:  00000032   DeltaT:  1.022E-05   Iter/sec:  8.485E+00
 Iteration:  00000033   DeltaT:  1.022E-05   Iter/sec:  8.536E+00
 Iteration:  00000034   DeltaT:  1.022E-05   Iter/sec:  8.509E+00
 Iteration:  00000035   DeltaT:  1.022E-05   Iter/sec:  8.621E+00
 Iteration:  00000036   DeltaT:  1.022E-05   Iter/sec:  8.513E+00
 Iteration:  00000037   DeltaT:  1.022E-05   Iter/sec:  8.504E+00
 Iteration:  00000038   DeltaT:  1.022E-05   Iter/sec:  8.847E+00
 Iteration:  00000039   DeltaT:  1.022E-05   Iter/sec:  8.385E+00
 Iteration:  00000040   DeltaT:  1.022E-05   Iter/sec:  8.753E+00
 Iteration:  00000041   DeltaT:  1.022E-05   Iter/sec:  8.620E+00
 Iteration:  00000042   DeltaT:  1.022E-05   Iter/sec:  8.527E+00
 Iteration:  00000043   DeltaT:  1.022E-05   Iter/sec:  8.566E+00
 Iteration:  00000044   DeltaT:  1.022E-05   Iter/sec:  8.492E+00
 Iteration:  00000045   DeltaT:  1.022E-05   Iter/sec:  8.490E+00
 Iteration:  00000046   DeltaT:  1.022E-05   Iter/sec:  8.632E+00
 Iteration:  00000047   DeltaT:  1.022E-05   Iter/sec:  8.546E+00
 Iteration:  00000048   DeltaT:  1.022E-05   Iter/sec:  8.824E+00
 Iteration:  00000049   DeltaT:  1.022E-05   Iter/sec:  8.444E+00
 Iteration:  00000050   DeltaT:  1.022E-05   Iter/sec:  8.478E+00


//////////////////////////////////////////////
   Measured Timings for Process 0  (seconds)

 Elapsed time:         5.8433
  Column time:         0.6852
     Row time:         1.9781
Legendre time:         0.7780
     FFT time:         0.5044
   Solve time:         0.1320
    rlma time:         0.1018
    rlmb time:         0.0405
  pspace time:         0.9074
  psolve time:         0.5830
    dphi time:         0.0583
captured time:         5.7685

     iter/sec:         8.5567
//////////////////////////////////////////////
