 //////////////////////////////////////
 Initializating Rayleigh...

 -- Initalizing MPI...
 ---- Specified parameters:
 ---- NCPU  :     32
 ---- NPROW :      8
 ---- NPCOL :      4
 -- MPI initialized.


 -- Initalizing Grid...
 ---- Specified parameters ----
 ---- N_R                 :     64
 ---- N_THETA             :    192
 ---- Ell_MAX             :    127
 ---- R_MIN               :  5.38462E-01
 ---- R_MAX               :  1.53846E+00
 ---- Chebyshev Domains   :      1

        Domain 1
          Grid points           :  64
          Dealiased Polynomials :  42
          Domain Lower Bound    :  5.38462E-01
          Domain Upper Bound    :  1.53846E+00

 -- Grid initialized.

 -- Initalizing Reference State...
 ---- Specified parameters:
 ---- Reference type           :  Boussinesq (Non-dimensional)
 ---- Rayleigh Number          :  1.00000E+05
 ---- Ekman Number             :  1.00000E-03
 ---- Prandtl Number           :  1.00000E+00
 ---- Magnetic Prandtl Number  :  5.00000E+00
 -- Reference State initialized.

 -- Initializing Fields...
 ---- Specified parameters:
 ---- Hydro Init Type    : Benchmark (Christensen et al. 2001)
 ---- Magnetic Init Type : Benchmark (Christensen et al. 2001)
 -- Fields initialized.

 Initialization Complete.
 //////////////////////////////////////

 Timestep has changed from  0.00000E+00 to  1.00000E-04.
 Iteration:  00000001   DeltaT:  1.000E-04   Iter/sec:  0.000E+00
 Timestep has changed from  1.00000E-04 to  1.02217E-05.
 Iteration:  00000002   DeltaT:  1.022E-05   Iter/sec:  9.753E-02
 Iteration:  00000003   DeltaT:  1.022E-05   Iter/sec:  3.689E+00
 Iteration:  00000004   DeltaT:  1.022E-05   Iter/sec:  4.133E+00
 Iteration:  00000005   DeltaT:  1.022E-05   Iter/sec:  4.082E+00
 Iteration:  00000006   DeltaT:  1.022E-05   Iter/sec:  4.140E+00
 Iteration:  00000007   DeltaT:  1.022E-05   Iter/sec:  4.145E+00
 Iteration:  00000008   DeltaT:  1.022E-05   Iter/sec:  4.083E+00
 Iteration:  00000009   DeltaT:  1.022E-05   Iter/sec:  4.123E+00
 Iteration:  00000010   DeltaT:  1.022E-05   Iter/sec:  4.154E+00
 Iteration:  00000011   DeltaT:  1.022E-05   Iter/sec:  4.146E+00
 Iteration:  00000012   DeltaT:  1.022E-05   Iter/sec:  4.136E+00
 Iteration:  00000013   DeltaT:  1.022E-05   Iter/sec:  4.149E+00
 Iteration:  00000014   DeltaT:  1.022E-05   Iter/sec:  4.096E+00
 Iteration:  00000015   DeltaT:  1.022E-05   Iter/sec:  4.139E+00
 Iteration:  00000016   DeltaT:  1.022E-05   Iter/sec:  4.190E+00
 Iteration:  00000017   DeltaT:  1.022E-05   Iter/sec:  4.143E+00
 Iteration:  00000018   DeltaT:  1.022E-05   Iter/sec:  4.141E+00
 Iteration:  00000019   DeltaT:  1.022E-05   Iter/sec:  4.143E+00
 Iteration:  00000020   DeltaT:  1.022E-05   Iter/sec:  4.179E+00
 Iteration:  00000021   DeltaT:  1.022E-05   Iter/sec:  4.120E+00
 Iteration:  00000022   DeltaT:  1.022E-05   Iter/sec:  4.158E+00
 Iteration:  00000023   DeltaT:  1.022E-05   Iter/sec:  4.128E+00
 Iteration:  00000024   DeltaT:  1.022E-05   Iter/sec:  4.118E+00
 Iteration:  00000025   DeltaT:  1.022E-05   Iter/sec:  4.114E+00
 Iteration:  00000026   DeltaT:  1.022E-05   Iter/sec:  4.103E+00
 Iteration:  00000027   DeltaT:  1.022E-05   Iter/sec:  4.118E+00
 Iteration:  00000028   DeltaT:  1.022E-05   Iter/sec:  4.102E+00
 Iteration:  00000029   DeltaT:  1.022E-05   Iter/sec:  4.215E+00
 Iteration:  00000030   DeltaT:  1.022E-05   Iter/sec:  4.155E+00
 Iteration:  00000031   DeltaT:  1.022E-05   Iter/sec:  4.158E+00
 Iteration:  00000032   DeltaT:  1.022E-05   Iter/sec:  4.099E+00
 Iteration:  00000033   DeltaT:  1.022E-05   Iter/sec:  4.132E+00
 Iteration:  00000034   DeltaT:  1.022E-05   Iter/sec:  4.169E+00
 Iteration:  00000035   DeltaT:  1.022E-05   Iter/sec:  4.112E+00
 Iteration:  00000036   DeltaT:  1.022E-05   Iter/sec:  4.117E+00
 Iteration:  00000037   DeltaT:  1.022E-05   Iter/sec:  4.121E+00
 Iteration:  00000038   DeltaT:  1.022E-05   Iter/sec:  4.171E+00
 Iteration:  00000039   DeltaT:  1.022E-05   Iter/sec:  4.100E+00
 Iteration:  00000040   DeltaT:  1.022E-05   Iter/sec:  4.177E+00
 Iteration:  00000041   DeltaT:  1.022E-05   Iter/sec:  4.122E+00
 Iteration:  00000042   DeltaT:  1.022E-05   Iter/sec:  4.060E+00
 Iteration:  00000043   DeltaT:  1.022E-05   Iter/sec:  4.203E+00
 Iteration:  00000044   DeltaT:  1.022E-05   Iter/sec:  4.168E+00
 Iteration:  00000045   DeltaT:  1.022E-05   Iter/sec:  4.159E+00
 Iteration:  00000046   DeltaT:  1.022E-05   Iter/sec:  4.141E+00
 Iteration:  00000047   DeltaT:  1.022E-05   Iter/sec:  4.139E+00
 Iteration:  00000048   DeltaT:  1.022E-05   Iter/sec:  4.089E+00
 Iteration:  00000049   DeltaT:  1.022E-05   Iter/sec:  4.135E+00
 Iteration:  00000050   DeltaT:  1.022E-05   Iter/sec:  4.189E+00


//////////////////////////////////////////////
   Measured Timings for Process 0  (seconds)

 Elapsed time:        12.1418
  Column time:         0.7962
     Row time:         4.4435
Legendre time:         1.4842
     FFT time:         0.9787
   Solve time:         0.2717
    rlma time:         0.1845
    rlmb time:         0.0756
  pspace time:         2.1457
  psolve time:         1.5092
    dphi time:         0.1101
captured time:        11.9993

     iter/sec:         4.1180
//////////////////////////////////////////////
