 //////////////////////////////////////
 Initializating Rayleigh...

 -- Initalizing MPI...
 ---- Specified parameters:
 ---- NCPU  :   2048
 ---- NPROW :     32
 ---- NPCOL :     64
 -- MPI initialized.


 -- Initalizing Grid...
 ---- Specified parameters ----
 ---- N_R                 :    256
 ---- N_THETA             :    768
 ---- Ell_MAX             :    511
 ---- R_MIN               :  5.38462E-01
 ---- R_MAX               :  1.53846E+00
 ---- Chebyshev Domains   :      1

        Domain 1
          Grid points           :  256
          Dealiased Polynomials :  170
          Domain Lower Bound    :  5.38462E-01
          Domain Upper Bound    :  1.53846E+00

 -- Grid initialized.

 -- Initalizing Reference State...
 ---- Specified parameters:
 ---- Reference type           :  Boussinesq (Non-dimensional)
 ---- Rayleigh Number          :  1.00000E+05
 ---- Ekman Number             :  1.00000E-03
 ---- Prandtl Number           :  1.00000E+00
 ---- Magnetic Prandtl Number  :  5.00000E+00
 -- Reference State initialized.

 -- Initializing Fields...
 ---- Specified parameters:
 ---- Hydro Init Type    : Benchmark (Christensen et al. 2001)
 ---- Magnetic Init Type : Benchmark (Christensen et al. 2001)
 -- Fields initialized.

 Initialization Complete.
 //////////////////////////////////////

 Timestep has changed from  0.00000E+00 to  1.00000E-04.
 Iteration:  00000001   DeltaT:  1.000E-04   Iter/sec:  0.000E+00
 Timestep has changed from  1.00000E-04 to  6.38929E-07.
 Iteration:  00000002   DeltaT:  6.389E-07   Iter/sec:  6.372E-01
 Iteration:  00000003   DeltaT:  6.389E-07   Iter/sec:  1.182E+00
 Iteration:  00000004   DeltaT:  6.389E-07   Iter/sec:  2.004E+00
 Iteration:  00000005   DeltaT:  6.389E-07   Iter/sec:  1.980E+00
 Iteration:  00000006   DeltaT:  6.389E-07   Iter/sec:  2.452E+00
 Iteration:  00000007   DeltaT:  6.389E-07   Iter/sec:  2.049E+00
 Iteration:  00000008   DeltaT:  6.389E-07   Iter/sec:  2.502E+00
 Iteration:  00000009   DeltaT:  6.389E-07   Iter/sec:  1.930E+00
 Iteration:  00000010   DeltaT:  6.389E-07   Iter/sec:  2.269E+00
 Iteration:  00000011   DeltaT:  6.389E-07   Iter/sec:  2.171E+00
 Iteration:  00000012   DeltaT:  6.389E-07   Iter/sec:  2.229E+00
 Iteration:  00000013   DeltaT:  6.389E-07   Iter/sec:  2.093E+00
 Iteration:  00000014   DeltaT:  6.389E-07   Iter/sec:  2.493E+00
 Iteration:  00000015   DeltaT:  6.389E-07   Iter/sec:  2.062E+00
 Iteration:  00000016   DeltaT:  6.389E-07   Iter/sec:  2.235E+00
 Iteration:  00000017   DeltaT:  6.389E-07   Iter/sec:  2.301E+00
 Iteration:  00000018   DeltaT:  6.389E-07   Iter/sec:  2.296E+00
 Iteration:  00000019   DeltaT:  6.389E-07   Iter/sec:  1.937E+00
 Iteration:  00000020   DeltaT:  6.389E-07   Iter/sec:  2.199E+00
 Iteration:  00000021   DeltaT:  6.389E-07   Iter/sec:  2.353E+00
 Iteration:  00000022   DeltaT:  6.389E-07   Iter/sec:  2.532E+00
 Iteration:  00000023   DeltaT:  6.389E-07   Iter/sec:  2.170E+00
 Iteration:  00000024   DeltaT:  6.389E-07   Iter/sec:  2.392E+00
 Iteration:  00000025   DeltaT:  6.389E-07   Iter/sec:  2.191E+00
 Iteration:  00000026   DeltaT:  6.389E-07   Iter/sec:  2.413E+00
 Iteration:  00000027   DeltaT:  6.389E-07   Iter/sec:  1.840E+00
 Iteration:  00000028   DeltaT:  6.389E-07   Iter/sec:  2.199E+00
 Iteration:  00000029   DeltaT:  6.389E-07   Iter/sec:  2.357E+00
 Iteration:  00000030   DeltaT:  6.389E-07   Iter/sec:  2.117E+00
 Iteration:  00000031   DeltaT:  6.389E-07   Iter/sec:  2.420E+00
 Iteration:  00000032   DeltaT:  6.389E-07   Iter/sec:  2.068E+00
 Iteration:  00000033   DeltaT:  6.389E-07   Iter/sec:  2.435E+00
 Iteration:  00000034   DeltaT:  6.389E-07   Iter/sec:  1.899E+00
 Iteration:  00000035   DeltaT:  6.389E-07   Iter/sec:  2.383E+00
 Iteration:  00000036   DeltaT:  6.389E-07   Iter/sec:  2.349E+00
 Iteration:  00000037   DeltaT:  6.389E-07   Iter/sec:  2.148E+00
 Iteration:  00000038   DeltaT:  6.389E-07   Iter/sec:  2.174E+00
 Iteration:  00000039   DeltaT:  6.389E-07   Iter/sec:  2.536E+00
 Iteration:  00000040   DeltaT:  6.389E-07   Iter/sec:  2.283E+00
 Iteration:  00000041   DeltaT:  6.389E-07   Iter/sec:  2.212E+00
 Iteration:  00000042   DeltaT:  6.389E-07   Iter/sec:  2.492E+00
 Iteration:  00000043   DeltaT:  6.389E-07   Iter/sec:  2.072E+00
 Iteration:  00000044   DeltaT:  6.389E-07   Iter/sec:  2.385E+00
 Iteration:  00000045   DeltaT:  6.389E-07   Iter/sec:  2.148E+00
 Iteration:  00000046   DeltaT:  6.389E-07   Iter/sec:  2.169E+00
 Iteration:  00000047   DeltaT:  6.389E-07   Iter/sec:  2.375E+00
 Iteration:  00000048   DeltaT:  6.389E-07   Iter/sec:  2.258E+00
 Iteration:  00000049   DeltaT:  6.389E-07   Iter/sec:  2.051E+00
 Iteration:  00000050   DeltaT:  6.389E-07   Iter/sec:  2.530E+00


//////////////////////////////////////////////
   Measured Timings for Process 0  (seconds)

 Elapsed time:        23.3779
  Column time:         8.5853
     Row time:         6.0294
Legendre time:         2.0682
     FFT time:         0.9461
   Solve time:         1.1092
    rlma time:         0.1807
    rlmb time:         0.0825
  pspace time:         1.8230
  psolve time:         2.3181
    dphi time:         0.0741
captured time:        23.2166

     iter/sec:         2.1388
//////////////////////////////////////////////
