 //////////////////////////////////////
 Initializating Rayleigh...

 -- Initalizing MPI...
 ---- Specified parameters:
 ---- NCPU  :   1024
 ---- NPROW :     32
 ---- NPCOL :     32
 -- MPI initialized.


 -- Initalizing Grid...
 ---- Specified parameters ----
 ---- N_R                 :    128
 ---- N_THETA             :    384
 ---- Ell_MAX             :    255
 ---- R_MIN               :  5.38462E-01
 ---- R_MAX               :  1.53846E+00
 ---- Chebyshev Domains   :      1

        Domain 1
          Grid points           :  128
          Dealiased Polynomials :  85
          Domain Lower Bound    :  5.38462E-01
          Domain Upper Bound    :  1.53846E+00

 -- Grid initialized.

 -- Initalizing Reference State...
 ---- Specified parameters:
 ---- Reference type           :  Boussinesq (Non-dimensional)
 ---- Rayleigh Number          :  1.00000E+05
 ---- Ekman Number             :  1.00000E-03
 ---- Prandtl Number           :  1.00000E+00
 ---- Magnetic Prandtl Number  :  5.00000E+00
 -- Reference State initialized.

 -- Initializing Fields...
 ---- Specified parameters:
 ---- Hydro Init Type    : Benchmark (Christensen et al. 2001)
 ---- Magnetic Init Type : Benchmark (Christensen et al. 2001)
 -- Fields initialized.

 Initialization Complete.
 //////////////////////////////////////

 Timestep has changed from  0.00000E+00 to  1.00000E-04.
 Iteration:  00000001   DeltaT:  1.000E-04   Iter/sec:  0.000E+00
 Timestep has changed from  1.00000E-04 to  2.55566E-06.
 Iteration:  00000002   DeltaT:  2.556E-06   Iter/sec:  2.598E+00
 Iteration:  00000003   DeltaT:  2.556E-06   Iter/sec:  6.662E+00
 Iteration:  00000004   DeltaT:  2.556E-06   Iter/sec:  1.186E+01
 Iteration:  00000005   DeltaT:  2.556E-06   Iter/sec:  6.002E+00
 Iteration:  00000006   DeltaT:  2.556E-06   Iter/sec:  1.329E+01
 Iteration:  00000007   DeltaT:  2.556E-06   Iter/sec:  1.297E+01
 Iteration:  00000008   DeltaT:  2.556E-06   Iter/sec:  1.203E+01
 Iteration:  00000009   DeltaT:  2.556E-06   Iter/sec:  1.058E+01
 Iteration:  00000010   DeltaT:  2.556E-06   Iter/sec:  1.023E+01
 Iteration:  00000011   DeltaT:  2.556E-06   Iter/sec:  1.003E+01
 Iteration:  00000012   DeltaT:  2.556E-06   Iter/sec:  7.434E+00
 Iteration:  00000013   DeltaT:  2.556E-06   Iter/sec:  8.635E+00
 Iteration:  00000014   DeltaT:  2.556E-06   Iter/sec:  1.260E+01
 Iteration:  00000015   DeltaT:  2.556E-06   Iter/sec:  7.403E+00
 Iteration:  00000016   DeltaT:  2.556E-06   Iter/sec:  1.263E+01
 Iteration:  00000017   DeltaT:  2.556E-06   Iter/sec:  9.231E+00
 Iteration:  00000018   DeltaT:  2.556E-06   Iter/sec:  1.112E+01
 Iteration:  00000019   DeltaT:  2.556E-06   Iter/sec:  7.599E+00
 Iteration:  00000020   DeltaT:  2.556E-06   Iter/sec:  1.161E+01
 Iteration:  00000021   DeltaT:  2.556E-06   Iter/sec:  1.284E+01
 Iteration:  00000022   DeltaT:  2.556E-06   Iter/sec:  1.253E+01
 Iteration:  00000023   DeltaT:  2.556E-06   Iter/sec:  1.157E+01
 Iteration:  00000024   DeltaT:  2.556E-06   Iter/sec:  1.176E+01
 Iteration:  00000025   DeltaT:  2.556E-06   Iter/sec:  8.914E+00
 Iteration:  00000026   DeltaT:  2.556E-06   Iter/sec:  8.476E+00
 Iteration:  00000027   DeltaT:  2.556E-06   Iter/sec:  6.586E+00
 Iteration:  00000028   DeltaT:  2.556E-06   Iter/sec:  1.337E+01
 Iteration:  00000029   DeltaT:  2.556E-06   Iter/sec:  1.286E+01
 Iteration:  00000030   DeltaT:  2.556E-06   Iter/sec:  1.040E+01
 Iteration:  00000031   DeltaT:  2.556E-06   Iter/sec:  1.327E+01
 Iteration:  00000032   DeltaT:  2.556E-06   Iter/sec:  8.905E+00
 Iteration:  00000033   DeltaT:  2.556E-06   Iter/sec:  1.447E+01
 Iteration:  00000034   DeltaT:  2.556E-06   Iter/sec:  7.319E+00
 Iteration:  00000035   DeltaT:  2.556E-06   Iter/sec:  1.067E+01
 Iteration:  00000036   DeltaT:  2.556E-06   Iter/sec:  1.103E+01
 Iteration:  00000037   DeltaT:  2.556E-06   Iter/sec:  1.301E+01
 Iteration:  00000038   DeltaT:  2.556E-06   Iter/sec:  6.512E+00
 Iteration:  00000039   DeltaT:  2.556E-06   Iter/sec:  1.018E+01
 Iteration:  00000040   DeltaT:  2.556E-06   Iter/sec:  1.427E+01
 Iteration:  00000041   DeltaT:  2.556E-06   Iter/sec:  7.815E+00
 Iteration:  00000042   DeltaT:  2.556E-06   Iter/sec:  1.285E+01
 Iteration:  00000043   DeltaT:  2.556E-06   Iter/sec:  1.186E+01
 Iteration:  00000044   DeltaT:  2.556E-06   Iter/sec:  1.321E+01
 Iteration:  00000045   DeltaT:  2.556E-06   Iter/sec:  1.046E+01
 Iteration:  00000046   DeltaT:  2.556E-06   Iter/sec:  1.375E+01
 Iteration:  00000047   DeltaT:  2.556E-06   Iter/sec:  1.046E+01
 Iteration:  00000048   DeltaT:  2.556E-06   Iter/sec:  1.302E+01
 Iteration:  00000049   DeltaT:  2.556E-06   Iter/sec:  5.780E+00
 Iteration:  00000050   DeltaT:  2.556E-06   Iter/sec:  1.298E+01


//////////////////////////////////////////////
   Measured Timings for Process 0  (seconds)

 Elapsed time:         4.9808
  Column time:         2.3544
     Row time:         1.1241
Legendre time:         0.3011
     FFT time:         0.2505
   Solve time:         0.2290
    rlma time:         0.0435
    rlmb time:         0.0186
  pspace time:         0.3134
  psolve time:         0.2907
    dphi time:         0.0239
captured time:         4.9492

     iter/sec:        10.0386
//////////////////////////////////////////////
