 //////////////////////////////////////
 Initializating Rayleigh...

 -- Initalizing MPI...
 ---- Specified parameters:
 ---- NCPU  :    256
 ---- NPROW :     32
 ---- NPCOL :      8
 -- MPI initialized.


 -- Initalizing Grid...
 ---- Specified parameters ----
 ---- N_R                 :    256
 ---- N_THETA             :    768
 ---- Ell_MAX             :    511
 ---- R_MIN               :  5.38462E-01
 ---- R_MAX               :  1.53846E+00
 ---- Chebyshev Domains   :      1

        Domain 1
          Grid points           :  256
          Dealiased Polynomials :  170
          Domain Lower Bound    :  5.38462E-01
          Domain Upper Bound    :  1.53846E+00

 -- Grid initialized.

 -- Initalizing Reference State...
 ---- Specified parameters:
 ---- Reference type           :  Boussinesq (Non-dimensional)
 ---- Rayleigh Number          :  1.00000E+05
 ---- Ekman Number             :  1.00000E-03
 ---- Prandtl Number           :  1.00000E+00
 ---- Magnetic Prandtl Number  :  5.00000E+00
 -- Reference State initialized.

 -- Initializing Fields...
 ---- Specified parameters:
 ---- Hydro Init Type    : Benchmark (Christensen et al. 2001)
 ---- Magnetic Init Type : Benchmark (Christensen et al. 2001)
 -- Fields initialized.

 Initialization Complete.
 //////////////////////////////////////

 Timestep has changed from  0.00000E+00 to  1.00000E-04.
 Iteration:  00000001   DeltaT:  1.000E-04   Iter/sec:  0.000E+00
 Timestep has changed from  1.00000E-04 to  6.38929E-07.
 Iteration:  00000002   DeltaT:  6.389E-07   Iter/sec:  1.529E-01
 Iteration:  00000003   DeltaT:  6.389E-07   Iter/sec:  1.781E-01
 Iteration:  00000004   DeltaT:  6.389E-07   Iter/sec:  3.383E-01
 Iteration:  00000005   DeltaT:  6.389E-07   Iter/sec:  3.373E-01
 Iteration:  00000006   DeltaT:  6.389E-07   Iter/sec:  3.271E-01
 Iteration:  00000007   DeltaT:  6.389E-07   Iter/sec:  3.351E-01
 Iteration:  00000008   DeltaT:  6.389E-07   Iter/sec:  3.295E-01
 Iteration:  00000009   DeltaT:  6.389E-07   Iter/sec:  3.311E-01
 Iteration:  00000010   DeltaT:  6.389E-07   Iter/sec:  3.339E-01
 Iteration:  00000011   DeltaT:  6.389E-07   Iter/sec:  3.487E-01
 Iteration:  00000012   DeltaT:  6.389E-07   Iter/sec:  3.454E-01
 Iteration:  00000013   DeltaT:  6.389E-07   Iter/sec:  3.277E-01
 Iteration:  00000014   DeltaT:  6.389E-07   Iter/sec:  3.258E-01
 Iteration:  00000015   DeltaT:  6.389E-07   Iter/sec:  3.311E-01
 Iteration:  00000016   DeltaT:  6.389E-07   Iter/sec:  3.484E-01
 Iteration:  00000017   DeltaT:  6.389E-07   Iter/sec:  3.213E-01
 Iteration:  00000018   DeltaT:  6.389E-07   Iter/sec:  3.457E-01
 Iteration:  00000019   DeltaT:  6.389E-07   Iter/sec:  3.252E-01
 Iteration:  00000020   DeltaT:  6.389E-07   Iter/sec:  3.318E-01
 Iteration:  00000021   DeltaT:  6.389E-07   Iter/sec:  3.397E-01
 Iteration:  00000022   DeltaT:  6.389E-07   Iter/sec:  3.409E-01
 Iteration:  00000023   DeltaT:  6.389E-07   Iter/sec:  3.254E-01
 Iteration:  00000024   DeltaT:  6.389E-07   Iter/sec:  3.316E-01
 Iteration:  00000025   DeltaT:  6.389E-07   Iter/sec:  3.400E-01
 Iteration:  00000026   DeltaT:  6.389E-07   Iter/sec:  3.266E-01
 Iteration:  00000027   DeltaT:  6.389E-07   Iter/sec:  3.376E-01
 Iteration:  00000028   DeltaT:  6.389E-07   Iter/sec:  3.342E-01
 Iteration:  00000029   DeltaT:  6.389E-07   Iter/sec:  3.333E-01
 Iteration:  00000030   DeltaT:  6.389E-07   Iter/sec:  3.258E-01
 Iteration:  00000031   DeltaT:  6.389E-07   Iter/sec:  3.453E-01
 Iteration:  00000032   DeltaT:  6.389E-07   Iter/sec:  3.271E-01
 Iteration:  00000033   DeltaT:  6.389E-07   Iter/sec:  3.406E-01
 Iteration:  00000034   DeltaT:  6.389E-07   Iter/sec:  3.312E-01
 Iteration:  00000035   DeltaT:  6.389E-07   Iter/sec:  3.315E-01
 Iteration:  00000036   DeltaT:  6.389E-07   Iter/sec:  3.340E-01
 Iteration:  00000037   DeltaT:  6.389E-07   Iter/sec:  3.432E-01
 Iteration:  00000038   DeltaT:  6.389E-07   Iter/sec:  3.332E-01
 Iteration:  00000039   DeltaT:  6.389E-07   Iter/sec:  3.324E-01
 Iteration:  00000040   DeltaT:  6.389E-07   Iter/sec:  3.288E-01
 Iteration:  00000041   DeltaT:  6.389E-07   Iter/sec:  3.315E-01
 Iteration:  00000042   DeltaT:  6.389E-07   Iter/sec:  3.387E-01
 Iteration:  00000043   DeltaT:  6.389E-07   Iter/sec:  3.324E-01
 Iteration:  00000044   DeltaT:  6.389E-07   Iter/sec:  3.314E-01
 Iteration:  00000045   DeltaT:  6.389E-07   Iter/sec:  3.324E-01
 Iteration:  00000046   DeltaT:  6.389E-07   Iter/sec:  3.309E-01
 Iteration:  00000047   DeltaT:  6.389E-07   Iter/sec:  3.368E-01
 Iteration:  00000048   DeltaT:  6.389E-07   Iter/sec:  3.435E-01
 Iteration:  00000049   DeltaT:  6.389E-07   Iter/sec:  3.309E-01
 Iteration:  00000050   DeltaT:  6.389E-07   Iter/sec:  3.354E-01


//////////////////////////////////////////////
   Measured Timings for Process 0  (seconds)

 Elapsed time:       154.9147
  Column time:        23.4760
     Row time:        57.8445
Legendre time:        20.7762
     FFT time:         6.5603
   Solve time:         7.4242
    rlma time:         3.0167
    rlmb time:         1.5988
  pspace time:        13.6473
  psolve time:        18.4945
    dphi time:         0.4740
captured time:       153.3124

     iter/sec:         0.3228
//////////////////////////////////////////////
