 //////////////////////////////////////
 Initializating Rayleigh...

 -- Initalizing MPI...
 ---- Specified parameters:
 ---- NCPU  :     64
 ---- NPROW :      8
 ---- NPCOL :      8
 -- MPI initialized.


 -- Initalizing Grid...
 ---- Specified parameters ----
 ---- N_R                 :     64
 ---- N_THETA             :    192
 ---- Ell_MAX             :    127
 ---- R_MIN               :  5.38462E-01
 ---- R_MAX               :  1.53846E+00
 ---- Chebyshev Domains   :      1

        Domain 1
          Grid points           :  64
          Dealiased Polynomials :  42
          Domain Lower Bound    :  5.38462E-01
          Domain Upper Bound    :  1.53846E+00

 -- Grid initialized.

[SHTns 3.4.5] built Apr 22 2021, 10:15:33, id: avx2,ishioka
        Lmax=127, Mmax*Mres=127, Mres=1, Nlm=8256  [1 threads, orthonormalized]
        => using FFTW : Mmax=127, Nphi=384, Nlat=192  (data layout : phi_inc=192, theta_inc=1, phi_embed=384)
        => using Gauss nodes
        + polar optimization threshold = 1.0e-08
        finding optimal algorithm........
        + SHT accuracy = 6.02e-14
        => SHTns is ready.
 -- Initalizing Reference State...
 ---- Specified parameters:
 ---- Reference type           :  Boussinesq (Non-dimensional)
 ---- Rayleigh Number          :  1.00000E+05
 ---- Ekman Number             :  1.00000E-03
 ---- Prandtl Number           :  1.00000E+00
 ---- Magnetic Prandtl Number  :  5.00000E+00
 -- Reference State initialized.

 -- Initializing Fields...
 ---- Specified parameters:
 ---- Hydro Init Type    : Benchmark (Christensen et al. 2001)
 ---- Magnetic Init Type : Benchmark (Christensen et al. 2001)
 -- Fields initialized.

 Initialization Complete.
 //////////////////////////////////////

 Timestep has changed from  0.00000E+00 to  1.00000E-04.
 Iteration:  00000001   DeltaT:  1.000E-04   Iter/sec:  0.000E+00
 Timestep has changed from  1.00000E-04 to  1.02217E-05.
 Iteration:  00000002   DeltaT:  1.022E-05   Iter/sec:  2.277E-01
 Iteration:  00000003   DeltaT:  1.022E-05   Iter/sec:  7.642E+00
 Iteration:  00000004   DeltaT:  1.022E-05   Iter/sec:  8.899E+00
 Iteration:  00000005   DeltaT:  1.022E-05   Iter/sec:  8.780E+00
 Iteration:  00000006   DeltaT:  1.022E-05   Iter/sec:  8.811E+00
 Iteration:  00000007   DeltaT:  1.022E-05   Iter/sec:  8.942E+00
 Iteration:  00000008   DeltaT:  1.022E-05   Iter/sec:  8.762E+00
 Iteration:  00000009   DeltaT:  1.022E-05   Iter/sec:  8.948E+00
 Iteration:  00000010   DeltaT:  1.022E-05   Iter/sec:  8.960E+00
 Iteration:  00000011   DeltaT:  1.022E-05   Iter/sec:  8.893E+00
 Iteration:  00000012   DeltaT:  1.022E-05   Iter/sec:  9.058E+00
 Iteration:  00000013   DeltaT:  1.022E-05   Iter/sec:  8.756E+00
 Iteration:  00000014   DeltaT:  1.022E-05   Iter/sec:  9.041E+00
 Iteration:  00000015   DeltaT:  1.022E-05   Iter/sec:  8.924E+00
 Iteration:  00000016   DeltaT:  1.022E-05   Iter/sec:  9.086E+00
 Iteration:  00000017   DeltaT:  1.022E-05   Iter/sec:  9.141E+00
 Iteration:  00000018   DeltaT:  1.022E-05   Iter/sec:  9.289E+00
 Iteration:  00000019   DeltaT:  1.022E-05   Iter/sec:  9.314E+00
 Iteration:  00000020   DeltaT:  1.022E-05   Iter/sec:  9.219E+00
 Iteration:  00000021   DeltaT:  1.022E-05   Iter/sec:  9.292E+00
 Iteration:  00000022   DeltaT:  1.022E-05   Iter/sec:  9.238E+00
 Iteration:  00000023   DeltaT:  1.022E-05   Iter/sec:  9.279E+00
 Iteration:  00000024   DeltaT:  1.022E-05   Iter/sec:  9.271E+00
 Iteration:  00000025   DeltaT:  1.022E-05   Iter/sec:  9.126E+00
 Iteration:  00000026   DeltaT:  1.022E-05   Iter/sec:  9.542E+00
 Iteration:  00000027   DeltaT:  1.022E-05   Iter/sec:  9.201E+00
 Iteration:  00000028   DeltaT:  1.022E-05   Iter/sec:  9.274E+00
 Iteration:  00000029   DeltaT:  1.022E-05   Iter/sec:  9.261E+00
 Iteration:  00000030   DeltaT:  1.022E-05   Iter/sec:  9.205E+00
 Iteration:  00000031   DeltaT:  1.022E-05   Iter/sec:  9.256E+00
 Iteration:  00000032   DeltaT:  1.022E-05   Iter/sec:  9.378E+00
 Iteration:  00000033   DeltaT:  1.022E-05   Iter/sec:  9.164E+00
 Iteration:  00000034   DeltaT:  1.022E-05   Iter/sec:  9.255E+00
 Iteration:  00000035   DeltaT:  1.022E-05   Iter/sec:  9.289E+00
 Iteration:  00000036   DeltaT:  1.022E-05   Iter/sec:  9.483E+00
 Iteration:  00000037   DeltaT:  1.022E-05   Iter/sec:  9.403E+00
 Iteration:  00000038   DeltaT:  1.022E-05   Iter/sec:  9.275E+00
 Iteration:  00000039   DeltaT:  1.022E-05   Iter/sec:  9.265E+00
 Iteration:  00000040   DeltaT:  1.022E-05   Iter/sec:  9.328E+00
 Iteration:  00000041   DeltaT:  1.022E-05   Iter/sec:  9.304E+00
 Iteration:  00000042   DeltaT:  1.022E-05   Iter/sec:  9.327E+00
 Iteration:  00000043   DeltaT:  1.022E-05   Iter/sec:  9.459E+00
 Iteration:  00000044   DeltaT:  1.022E-05   Iter/sec:  9.253E+00
 Iteration:  00000045   DeltaT:  1.022E-05   Iter/sec:  9.266E+00
 Iteration:  00000046   DeltaT:  1.022E-05   Iter/sec:  9.379E+00
 Iteration:  00000047   DeltaT:  1.022E-05   Iter/sec:  9.402E+00
 Iteration:  00000048   DeltaT:  1.022E-05   Iter/sec:  9.291E+00
 Iteration:  00000049   DeltaT:  1.022E-05   Iter/sec:  9.297E+00
 Iteration:  00000050   DeltaT:  1.022E-05   Iter/sec:  9.394E+00


//////////////////////////////////////////////
   Measured Timings for Process 0  (seconds)

 Elapsed time:         6.7367
  Column time:         0.5424
     Row time:         1.9891
Legendre time:         0.5838
     FFT time:         0.5020
   Solve time:         0.1598
    rlma time:         0.0865
    rlmb time:         0.0360
  pspace time:         0.8715
  psolve time:         0.5907
    dphi time:         0.0589
captured time:         5.4206

     iter/sec:         7.4221
//////////////////////////////////////////////
