 //////////////////////////////////////
 Initializating Rayleigh...

 -- Initalizing MPI...
 ---- Specified parameters:
 ---- NCPU  :    128
 ---- NPROW :     16
 ---- NPCOL :      8
 -- MPI initialized.


 -- Initalizing Grid...
 ---- Specified parameters ----
 ---- N_R                 :    128
 ---- N_THETA             :    192
 ---- Ell_MAX             :    127
 ---- R_MIN               :  5.38462E-01
 ---- R_MAX               :  1.53846E+00
 ---- Chebyshev Domains   :      1

        Domain 1
          Grid points           :  128
          Dealiased Polynomials :  85
          Domain Lower Bound    :  5.38462E-01
          Domain Upper Bound    :  1.53846E+00

 -- Grid initialized.

[SHTns 3.4.5] built Apr 22 2021, 10:15:33, id: avx2,ishioka
        Lmax=127, Mmax*Mres=127, Mres=1, Nlm=8256  [1 threads, orthonormalized]
        => using FFTW : Mmax=127, Nphi=384, Nlat=192  (data layout : phi_inc=192, theta_inc=1, phi_embed=384)
        => using Gauss nodes
        + polar optimization threshold = 1.0e-08
        finding optimal algorithm........
        + SHT accuracy = 4.38e-14
        => SHTns is ready.
 -- Initalizing Reference State...
 ---- Specified parameters:
 ---- Reference type           :  Boussinesq (Non-dimensional)
 ---- Rayleigh Number          :  1.00000E+05
 ---- Ekman Number             :  1.00000E-03
 ---- Prandtl Number           :  1.00000E+00
 ---- Magnetic Prandtl Number  :  5.00000E+00
 -- Reference State initialized.

 -- Initializing Fields...
 ---- Specified parameters:
 ---- Hydro Init Type    : Benchmark (Christensen et al. 2001)
 ---- Magnetic Init Type : Benchmark (Christensen et al. 2001)
 -- Fields initialized.

 Initialization Complete.
 //////////////////////////////////////

 Timestep has changed from  0.00000E+00 to  1.00000E-04.
 Iteration:  00000001   DeltaT:  1.000E-04   Iter/sec:  0.000E+00
 Timestep has changed from  1.00000E-04 to  2.55581E-06.
 Iteration:  00000002   DeltaT:  2.556E-06   Iter/sec:  2.427E-01
 Iteration:  00000003   DeltaT:  2.556E-06   Iter/sec:  4.602E+00
 Iteration:  00000004   DeltaT:  2.556E-06   Iter/sec:  8.068E+00
 Iteration:  00000005   DeltaT:  2.556E-06   Iter/sec:  8.116E+00
 Iteration:  00000006   DeltaT:  2.556E-06   Iter/sec:  8.409E+00
 Iteration:  00000007   DeltaT:  2.556E-06   Iter/sec:  8.018E+00
 Iteration:  00000008   DeltaT:  2.556E-06   Iter/sec:  8.192E+00
 Iteration:  00000009   DeltaT:  2.556E-06   Iter/sec:  8.086E+00
 Iteration:  00000010   DeltaT:  2.556E-06   Iter/sec:  7.976E+00
 Iteration:  00000011   DeltaT:  2.556E-06   Iter/sec:  8.240E+00
 Iteration:  00000012   DeltaT:  2.556E-06   Iter/sec:  8.277E+00
 Iteration:  00000013   DeltaT:  2.556E-06   Iter/sec:  8.304E+00
 Iteration:  00000014   DeltaT:  2.556E-06   Iter/sec:  8.229E+00
 Iteration:  00000015   DeltaT:  2.556E-06   Iter/sec:  8.145E+00
 Iteration:  00000016   DeltaT:  2.556E-06   Iter/sec:  8.416E+00
 Iteration:  00000017   DeltaT:  2.556E-06   Iter/sec:  8.073E+00
 Iteration:  00000018   DeltaT:  2.556E-06   Iter/sec:  8.227E+00
 Iteration:  00000019   DeltaT:  2.556E-06   Iter/sec:  8.306E+00
 Iteration:  00000020   DeltaT:  2.556E-06   Iter/sec:  8.386E+00
 Iteration:  00000021   DeltaT:  2.556E-06   Iter/sec:  8.166E+00
 Iteration:  00000022   DeltaT:  2.556E-06   Iter/sec:  8.304E+00
 Iteration:  00000023   DeltaT:  2.556E-06   Iter/sec:  8.384E+00
 Iteration:  00000024   DeltaT:  2.556E-06   Iter/sec:  8.275E+00
 Iteration:  00000025   DeltaT:  2.556E-06   Iter/sec:  8.476E+00
 Iteration:  00000026   DeltaT:  2.556E-06   Iter/sec:  8.230E+00
 Iteration:  00000027   DeltaT:  2.556E-06   Iter/sec:  8.222E+00
 Iteration:  00000028   DeltaT:  2.556E-06   Iter/sec:  8.306E+00
 Iteration:  00000029   DeltaT:  2.556E-06   Iter/sec:  8.396E+00
 Iteration:  00000030   DeltaT:  2.556E-06   Iter/sec:  8.379E+00
 Iteration:  00000031   DeltaT:  2.556E-06   Iter/sec:  8.169E+00
 Iteration:  00000032   DeltaT:  2.556E-06   Iter/sec:  8.591E+00
 Iteration:  00000033   DeltaT:  2.556E-06   Iter/sec:  8.345E+00
 Iteration:  00000034   DeltaT:  2.556E-06   Iter/sec:  8.253E+00
 Iteration:  00000035   DeltaT:  2.556E-06   Iter/sec:  8.397E+00
 Iteration:  00000036   DeltaT:  2.556E-06   Iter/sec:  8.244E+00
 Iteration:  00000037   DeltaT:  2.556E-06   Iter/sec:  8.330E+00
 Iteration:  00000038   DeltaT:  2.556E-06   Iter/sec:  8.537E+00
 Iteration:  00000039   DeltaT:  2.556E-06   Iter/sec:  8.263E+00
 Iteration:  00000040   DeltaT:  2.556E-06   Iter/sec:  7.948E+00
 Iteration:  00000041   DeltaT:  2.556E-06   Iter/sec:  8.337E+00
 Iteration:  00000042   DeltaT:  2.556E-06   Iter/sec:  8.398E+00
 Iteration:  00000043   DeltaT:  2.556E-06   Iter/sec:  8.244E+00
 Iteration:  00000044   DeltaT:  2.556E-06   Iter/sec:  8.270E+00
 Iteration:  00000045   DeltaT:  2.556E-06   Iter/sec:  8.331E+00
 Iteration:  00000046   DeltaT:  2.556E-06   Iter/sec:  8.260E+00
 Iteration:  00000047   DeltaT:  2.556E-06   Iter/sec:  8.523E+00
 Iteration:  00000048   DeltaT:  2.556E-06   Iter/sec:  8.239E+00
 Iteration:  00000049   DeltaT:  2.556E-06   Iter/sec:  8.215E+00
 Iteration:  00000050   DeltaT:  2.556E-06   Iter/sec:  8.474E+00


//////////////////////////////////////////////
   Measured Timings for Process 0  (seconds)

 Elapsed time:         6.6704
  Column time:         0.6541
     Row time:         2.1628
Legendre time:         0.5516
     FFT time:         0.4850
   Solve time:         0.4295
    rlma time:         0.0782
    rlmb time:         0.0344
  pspace time:         0.9748
  psolve time:         0.7298
    dphi time:         0.0690
captured time:         6.1692

     iter/sec:         7.4958
//////////////////////////////////////////////
