 //////////////////////////////////////
 Initializating Rayleigh...

 -- Initalizing MPI...
 ---- Specified parameters:
 ---- NCPU  :     64
 ---- NPROW :      8
 ---- NPCOL :      8
 -- MPI initialized.


 -- Initalizing Grid...
 ---- Specified parameters ----
 ---- N_R                 :    128
 ---- N_THETA             :    192
 ---- Ell_MAX             :    127
 ---- R_MIN               :  5.38462E-01
 ---- R_MAX               :  1.53846E+00
 ---- Chebyshev Domains   :      1

        Domain 1
          Grid points           :  128
          Dealiased Polynomials :  85
          Domain Lower Bound    :  5.38462E-01
          Domain Upper Bound    :  1.53846E+00

 -- Grid initialized.

[SHTns 3.4.5] built Apr 22 2021, 10:15:33, id: avx2,ishioka
        Lmax=127, Mmax*Mres=127, Mres=1, Nlm=8256  [1 threads, orthonormalized]
        => using FFTW : Mmax=127, Nphi=384, Nlat=192  (data layout : phi_inc=192, theta_inc=1, phi_embed=384)
        => using Gauss nodes
        + polar optimization threshold = 1.0e-08
        finding optimal algorithm........
        + SHT accuracy = 6.3e-14
        => SHTns is ready.
 -- Initalizing Reference State...
 ---- Specified parameters:
 ---- Reference type           :  Boussinesq (Non-dimensional)
 ---- Rayleigh Number          :  1.00000E+05
 ---- Ekman Number             :  1.00000E-03
 ---- Prandtl Number           :  1.00000E+00
 ---- Magnetic Prandtl Number  :  5.00000E+00
 -- Reference State initialized.

 -- Initializing Fields...
 ---- Specified parameters:
 ---- Hydro Init Type    : Benchmark (Christensen et al. 2001)
 ---- Magnetic Init Type : Benchmark (Christensen et al. 2001)
 -- Fields initialized.

 Initialization Complete.
 //////////////////////////////////////

 Timestep has changed from  0.00000E+00 to  1.00000E-04.
 Iteration:  00000001   DeltaT:  1.000E-04   Iter/sec:  0.000E+00
 Timestep has changed from  1.00000E-04 to  2.55581E-06.
 Iteration:  00000002   DeltaT:  2.556E-06   Iter/sec:  2.354E-01
 Iteration:  00000003   DeltaT:  2.556E-06   Iter/sec:  2.957E+00
 Iteration:  00000004   DeltaT:  2.556E-06   Iter/sec:  3.979E+00
 Iteration:  00000005   DeltaT:  2.556E-06   Iter/sec:  4.023E+00
 Iteration:  00000006   DeltaT:  2.556E-06   Iter/sec:  3.915E+00
 Iteration:  00000007   DeltaT:  2.556E-06   Iter/sec:  4.018E+00
 Iteration:  00000008   DeltaT:  2.556E-06   Iter/sec:  3.982E+00
 Iteration:  00000009   DeltaT:  2.556E-06   Iter/sec:  3.979E+00
 Iteration:  00000010   DeltaT:  2.556E-06   Iter/sec:  4.014E+00
 Iteration:  00000011   DeltaT:  2.556E-06   Iter/sec:  4.003E+00
 Iteration:  00000012   DeltaT:  2.556E-06   Iter/sec:  3.978E+00
 Iteration:  00000013   DeltaT:  2.556E-06   Iter/sec:  4.058E+00
 Iteration:  00000014   DeltaT:  2.556E-06   Iter/sec:  4.033E+00
 Iteration:  00000015   DeltaT:  2.556E-06   Iter/sec:  3.952E+00
 Iteration:  00000016   DeltaT:  2.556E-06   Iter/sec:  3.976E+00
 Iteration:  00000017   DeltaT:  2.556E-06   Iter/sec:  4.019E+00
 Iteration:  00000018   DeltaT:  2.556E-06   Iter/sec:  3.954E+00
 Iteration:  00000019   DeltaT:  2.556E-06   Iter/sec:  4.031E+00
 Iteration:  00000020   DeltaT:  2.556E-06   Iter/sec:  3.965E+00
 Iteration:  00000021   DeltaT:  2.556E-06   Iter/sec:  4.034E+00
 Iteration:  00000022   DeltaT:  2.556E-06   Iter/sec:  3.968E+00
 Iteration:  00000023   DeltaT:  2.556E-06   Iter/sec:  3.964E+00
 Iteration:  00000024   DeltaT:  2.556E-06   Iter/sec:  4.021E+00
 Iteration:  00000025   DeltaT:  2.556E-06   Iter/sec:  3.999E+00
 Iteration:  00000026   DeltaT:  2.556E-06   Iter/sec:  4.010E+00
 Iteration:  00000027   DeltaT:  2.556E-06   Iter/sec:  4.043E+00
 Iteration:  00000028   DeltaT:  2.556E-06   Iter/sec:  3.948E+00
 Iteration:  00000029   DeltaT:  2.556E-06   Iter/sec:  4.075E+00
 Iteration:  00000030   DeltaT:  2.556E-06   Iter/sec:  4.040E+00
 Iteration:  00000031   DeltaT:  2.556E-06   Iter/sec:  3.977E+00
 Iteration:  00000032   DeltaT:  2.556E-06   Iter/sec:  4.028E+00
 Iteration:  00000033   DeltaT:  2.556E-06   Iter/sec:  3.966E+00
 Iteration:  00000034   DeltaT:  2.556E-06   Iter/sec:  3.970E+00
 Iteration:  00000035   DeltaT:  2.556E-06   Iter/sec:  4.022E+00
 Iteration:  00000036   DeltaT:  2.556E-06   Iter/sec:  4.018E+00
 Iteration:  00000037   DeltaT:  2.556E-06   Iter/sec:  3.946E+00
 Iteration:  00000038   DeltaT:  2.556E-06   Iter/sec:  3.962E+00
 Iteration:  00000039   DeltaT:  2.556E-06   Iter/sec:  4.048E+00
 Iteration:  00000040   DeltaT:  2.556E-06   Iter/sec:  3.991E+00
 Iteration:  00000041   DeltaT:  2.556E-06   Iter/sec:  4.041E+00
 Iteration:  00000042   DeltaT:  2.556E-06   Iter/sec:  4.010E+00
 Iteration:  00000043   DeltaT:  2.556E-06   Iter/sec:  4.018E+00
 Iteration:  00000044   DeltaT:  2.556E-06   Iter/sec:  4.004E+00
 Iteration:  00000045   DeltaT:  2.556E-06   Iter/sec:  4.000E+00
 Iteration:  00000046   DeltaT:  2.556E-06   Iter/sec:  3.998E+00
 Iteration:  00000047   DeltaT:  2.556E-06   Iter/sec:  3.957E+00
 Iteration:  00000048   DeltaT:  2.556E-06   Iter/sec:  3.979E+00
 Iteration:  00000049   DeltaT:  2.556E-06   Iter/sec:  3.985E+00
 Iteration:  00000050   DeltaT:  2.556E-06   Iter/sec:  3.986E+00


//////////////////////////////////////////////
   Measured Timings for Process 0  (seconds)

 Elapsed time:        13.0654
  Column time:         0.8824
     Row time:         4.5279
Legendre time:         1.4014
     FFT time:         1.0038
   Solve time:         0.5477
    rlma time:         0.1842
    rlmb time:         0.0707
  pspace time:         2.1470
  psolve time:         1.6579
    dphi time:         0.1063
captured time:        12.5294

     iter/sec:         3.8269
//////////////////////////////////////////////
