 //////////////////////////////////////
 Initializating Rayleigh...

 -- Initalizing MPI...
 ---- Specified parameters:
 ---- NCPU  :     32
 ---- NPROW :      8
 ---- NPCOL :      4
 -- MPI initialized.


 -- Initalizing Grid...
 ---- Specified parameters ----
 ---- N_R                 :     64
 ---- N_THETA             :    384
 ---- Ell_MAX             :    255
 ---- R_MIN               :  5.38462E-01
 ---- R_MAX               :  1.53846E+00
 ---- Chebyshev Domains   :      1

        Domain 1
          Grid points           :  64
          Dealiased Polynomials :  42
          Domain Lower Bound    :  5.38462E-01
          Domain Upper Bound    :  1.53846E+00

 -- Grid initialized.

[SHTns 3.4.5] built Apr 22 2021, 10:15:33, id: avx2,ishioka
        Lmax=255, Mmax*Mres=255, Mres=1, Nlm=32896  [1 threads, orthonormalized]
        => using FFTW : Mmax=255, Nphi=768, Nlat=384  (data layout : phi_inc=384, theta_inc=1, phi_embed=768)
        => using Gauss nodes
        + polar optimization threshold = 1.0e-08
        finding optimal algorithm..........
        + SHT accuracy = 1.67e-12
        => SHTns is ready.
 -- Initalizing Reference State...
 ---- Specified parameters:
 ---- Reference type           :  Boussinesq (Non-dimensional)
 ---- Rayleigh Number          :  1.00000E+05
 ---- Ekman Number             :  1.00000E-03
 ---- Prandtl Number           :  1.00000E+00
 ---- Magnetic Prandtl Number  :  5.00000E+00
 -- Reference State initialized.

 -- Initializing Fields...
 ---- Specified parameters:
 ---- Hydro Init Type    : Benchmark (Christensen et al. 2001)
 ---- Magnetic Init Type : Benchmark (Christensen et al. 2001)
 -- Fields initialized.

 Initialization Complete.
 //////////////////////////////////////

 Timestep has changed from  0.00000E+00 to  1.00000E-04.
 Iteration:  00000001   DeltaT:  1.000E-04   Iter/sec:  0.000E+00
 Timestep has changed from  1.00000E-04 to  1.02211E-05.
 Iteration:  00000002   DeltaT:  1.022E-05   Iter/sec:  9.905E-02
 Iteration:  00000003   DeltaT:  1.022E-05   Iter/sec:  8.590E-01
 Iteration:  00000004   DeltaT:  1.022E-05   Iter/sec:  9.090E-01
 Iteration:  00000005   DeltaT:  1.022E-05   Iter/sec:  9.091E-01
 Iteration:  00000006   DeltaT:  1.022E-05   Iter/sec:  8.880E-01
 Iteration:  00000007   DeltaT:  1.022E-05   Iter/sec:  9.189E-01
 Iteration:  00000008   DeltaT:  1.022E-05   Iter/sec:  9.138E-01
 Iteration:  00000009   DeltaT:  1.022E-05   Iter/sec:  9.037E-01
 Iteration:  00000010   DeltaT:  1.022E-05   Iter/sec:  9.067E-01
 Iteration:  00000011   DeltaT:  1.022E-05   Iter/sec:  9.039E-01
 Iteration:  00000012   DeltaT:  1.022E-05   Iter/sec:  9.160E-01
 Iteration:  00000013   DeltaT:  1.022E-05   Iter/sec:  9.101E-01
 Iteration:  00000014   DeltaT:  1.022E-05   Iter/sec:  9.103E-01
 Iteration:  00000015   DeltaT:  1.022E-05   Iter/sec:  9.073E-01
 Iteration:  00000016   DeltaT:  1.022E-05   Iter/sec:  9.088E-01
 Iteration:  00000017   DeltaT:  1.022E-05   Iter/sec:  9.141E-01
 Iteration:  00000018   DeltaT:  1.022E-05   Iter/sec:  9.044E-01
 Iteration:  00000019   DeltaT:  1.022E-05   Iter/sec:  9.155E-01
 Iteration:  00000020   DeltaT:  1.022E-05   Iter/sec:  9.121E-01
 Iteration:  00000021   DeltaT:  1.022E-05   Iter/sec:  9.040E-01
 Iteration:  00000022   DeltaT:  1.022E-05   Iter/sec:  9.042E-01
 Iteration:  00000023   DeltaT:  1.022E-05   Iter/sec:  9.051E-01
 Iteration:  00000024   DeltaT:  1.022E-05   Iter/sec:  9.039E-01
 Iteration:  00000025   DeltaT:  1.022E-05   Iter/sec:  8.982E-01
 Iteration:  00000026   DeltaT:  1.022E-05   Iter/sec:  9.087E-01
 Iteration:  00000027   DeltaT:  1.022E-05   Iter/sec:  9.144E-01
 Iteration:  00000028   DeltaT:  1.022E-05   Iter/sec:  9.048E-01
 Iteration:  00000029   DeltaT:  1.022E-05   Iter/sec:  9.140E-01
 Iteration:  00000030   DeltaT:  1.022E-05   Iter/sec:  9.147E-01
 Iteration:  00000031   DeltaT:  1.022E-05   Iter/sec:  9.144E-01
 Iteration:  00000032   DeltaT:  1.022E-05   Iter/sec:  9.138E-01
 Iteration:  00000033   DeltaT:  1.022E-05   Iter/sec:  9.140E-01
 Iteration:  00000034   DeltaT:  1.022E-05   Iter/sec:  9.098E-01
 Iteration:  00000035   DeltaT:  1.022E-05   Iter/sec:  9.166E-01
 Iteration:  00000036   DeltaT:  1.022E-05   Iter/sec:  9.079E-01
 Iteration:  00000037   DeltaT:  1.022E-05   Iter/sec:  9.152E-01
 Iteration:  00000038   DeltaT:  1.022E-05   Iter/sec:  9.111E-01
 Iteration:  00000039   DeltaT:  1.022E-05   Iter/sec:  9.048E-01
 Iteration:  00000040   DeltaT:  1.022E-05   Iter/sec:  9.143E-01
 Iteration:  00000041   DeltaT:  1.022E-05   Iter/sec:  9.139E-01
 Iteration:  00000042   DeltaT:  1.022E-05   Iter/sec:  9.119E-01
 Iteration:  00000043   DeltaT:  1.022E-05   Iter/sec:  9.168E-01
 Iteration:  00000044   DeltaT:  1.022E-05   Iter/sec:  9.043E-01
 Iteration:  00000045   DeltaT:  1.022E-05   Iter/sec:  9.068E-01
 Iteration:  00000046   DeltaT:  1.022E-05   Iter/sec:  9.019E-01
 Iteration:  00000047   DeltaT:  1.022E-05   Iter/sec:  9.050E-01
 Iteration:  00000048   DeltaT:  1.022E-05   Iter/sec:  9.055E-01
 Iteration:  00000049   DeltaT:  1.022E-05   Iter/sec:  9.104E-01
 Iteration:  00000050   DeltaT:  1.022E-05   Iter/sec:  9.043E-01


//////////////////////////////////////////////
   Measured Timings for Process 0  (seconds)

 Elapsed time:        55.8150
  Column time:         4.4440
     Row time:        20.1662
Legendre time:         8.8866
     FFT time:         3.9872
   Solve time:         0.7368
    rlma time:         0.9774
    rlmb time:         0.4132
  pspace time:         7.8766
  psolve time:         6.6005
    dphi time:         0.2913
captured time:        54.3799

     iter/sec:         0.8958
//////////////////////////////////////////////
