 //////////////////////////////////////
 Initializating Rayleigh...

 -- Initalizing MPI...
 ---- Specified parameters:
 ---- NCPU  :     64
 ---- NPROW :      8
 ---- NPCOL :      8
 -- MPI initialized.


 -- Initalizing Grid...
 ---- Specified parameters ----
 ---- N_R                 :    128
 ---- N_THETA             :    384
 ---- Ell_MAX             :    255
 ---- R_MIN               :  5.38462E-01
 ---- R_MAX               :  1.53846E+00
 ---- Chebyshev Domains   :      1

        Domain 1
          Grid points           :  128
          Dealiased Polynomials :  85
          Domain Lower Bound    :  5.38462E-01
          Domain Upper Bound    :  1.53846E+00

 -- Grid initialized.

[SHTns 3.4.5] built Apr 22 2021, 10:15:33, id: avx2,ishioka
        Lmax=255, Mmax*Mres=255, Mres=1, Nlm=32896  [1 threads, orthonormalized]
        => using FFTW : Mmax=255, Nphi=768, Nlat=384  (data layout : phi_inc=384, theta_inc=1, phi_embed=768)
        => using Gauss nodes
        + polar optimization threshold = 1.0e-08
        finding optimal algorithm..........
        + SHT accuracy = 2.33e-12
        => SHTns is ready.
 -- Initalizing Reference State...
 ---- Specified parameters:
 ---- Reference type           :  Boussinesq (Non-dimensional)
 ---- Rayleigh Number          :  1.00000E+05
 ---- Ekman Number             :  1.00000E-03
 ---- Prandtl Number           :  1.00000E+00
 ---- Magnetic Prandtl Number  :  5.00000E+00
 -- Reference State initialized.

 -- Initializing Fields...
 ---- Specified parameters:
 ---- Hydro Init Type    : Benchmark (Christensen et al. 2001)
 ---- Magnetic Init Type : Benchmark (Christensen et al. 2001)
 -- Fields initialized.

 Initialization Complete.
 //////////////////////////////////////

 Timestep has changed from  0.00000E+00 to  1.00000E-04.
 Iteration:  00000001   DeltaT:  1.000E-04   Iter/sec:  0.000E+00
 Timestep has changed from  1.00000E-04 to  2.55566E-06.
 Iteration:  00000002   DeltaT:  2.556E-06   Iter/sec:  9.744E-02
 Iteration:  00000003   DeltaT:  2.556E-06   Iter/sec:  7.752E-01
 Iteration:  00000004   DeltaT:  2.556E-06   Iter/sec:  8.837E-01
 Iteration:  00000005   DeltaT:  2.556E-06   Iter/sec:  8.858E-01
 Iteration:  00000006   DeltaT:  2.556E-06   Iter/sec:  8.905E-01
 Iteration:  00000007   DeltaT:  2.556E-06   Iter/sec:  8.909E-01
 Iteration:  00000008   DeltaT:  2.556E-06   Iter/sec:  8.753E-01
 Iteration:  00000009   DeltaT:  2.556E-06   Iter/sec:  8.833E-01
 Iteration:  00000010   DeltaT:  2.556E-06   Iter/sec:  9.027E-01
 Iteration:  00000011   DeltaT:  2.556E-06   Iter/sec:  8.672E-01
 Iteration:  00000012   DeltaT:  2.556E-06   Iter/sec:  8.808E-01
 Iteration:  00000013   DeltaT:  2.556E-06   Iter/sec:  8.976E-01
 Iteration:  00000014   DeltaT:  2.556E-06   Iter/sec:  8.876E-01
 Iteration:  00000015   DeltaT:  2.556E-06   Iter/sec:  8.842E-01
 Iteration:  00000016   DeltaT:  2.556E-06   Iter/sec:  8.702E-01
 Iteration:  00000017   DeltaT:  2.556E-06   Iter/sec:  8.839E-01
 Iteration:  00000018   DeltaT:  2.556E-06   Iter/sec:  8.819E-01
 Iteration:  00000019   DeltaT:  2.556E-06   Iter/sec:  8.802E-01
 Iteration:  00000020   DeltaT:  2.556E-06   Iter/sec:  8.968E-01
 Iteration:  00000021   DeltaT:  2.556E-06   Iter/sec:  8.950E-01
 Iteration:  00000022   DeltaT:  2.556E-06   Iter/sec:  8.861E-01
 Iteration:  00000023   DeltaT:  2.556E-06   Iter/sec:  8.756E-01
 Iteration:  00000024   DeltaT:  2.556E-06   Iter/sec:  8.775E-01
 Iteration:  00000025   DeltaT:  2.556E-06   Iter/sec:  8.894E-01
 Iteration:  00000026   DeltaT:  2.556E-06   Iter/sec:  8.855E-01
 Iteration:  00000027   DeltaT:  2.556E-06   Iter/sec:  8.683E-01
 Iteration:  00000028   DeltaT:  2.556E-06   Iter/sec:  8.844E-01
 Iteration:  00000029   DeltaT:  2.556E-06   Iter/sec:  8.961E-01
 Iteration:  00000030   DeltaT:  2.556E-06   Iter/sec:  8.677E-01
 Iteration:  00000031   DeltaT:  2.556E-06   Iter/sec:  8.988E-01
 Iteration:  00000032   DeltaT:  2.556E-06   Iter/sec:  8.881E-01
 Iteration:  00000033   DeltaT:  2.556E-06   Iter/sec:  8.937E-01
 Iteration:  00000034   DeltaT:  2.556E-06   Iter/sec:  8.914E-01
 Iteration:  00000035   DeltaT:  2.556E-06   Iter/sec:  8.828E-01
 Iteration:  00000036   DeltaT:  2.556E-06   Iter/sec:  8.867E-01
 Iteration:  00000037   DeltaT:  2.556E-06   Iter/sec:  8.933E-01
 Iteration:  00000038   DeltaT:  2.556E-06   Iter/sec:  8.920E-01
 Iteration:  00000039   DeltaT:  2.556E-06   Iter/sec:  8.779E-01
 Iteration:  00000040   DeltaT:  2.556E-06   Iter/sec:  8.810E-01
 Iteration:  00000041   DeltaT:  2.556E-06   Iter/sec:  8.957E-01
 Iteration:  00000042   DeltaT:  2.556E-06   Iter/sec:  8.935E-01
 Iteration:  00000043   DeltaT:  2.556E-06   Iter/sec:  8.746E-01
 Iteration:  00000044   DeltaT:  2.556E-06   Iter/sec:  8.893E-01
 Iteration:  00000045   DeltaT:  2.556E-06   Iter/sec:  8.862E-01
 Iteration:  00000046   DeltaT:  2.556E-06   Iter/sec:  8.884E-01
 Iteration:  00000047   DeltaT:  2.556E-06   Iter/sec:  8.917E-01
 Iteration:  00000048   DeltaT:  2.556E-06   Iter/sec:  8.851E-01
 Iteration:  00000049   DeltaT:  2.556E-06   Iter/sec:  8.787E-01
 Iteration:  00000050   DeltaT:  2.556E-06   Iter/sec:  8.785E-01


//////////////////////////////////////////////
   Measured Timings for Process 0  (seconds)

 Elapsed time:        57.8213
  Column time:         5.1417
     Row time:        19.9668
Legendre time:         8.8940
     FFT time:         4.0168
   Solve time:         1.4285
    rlma time:         1.1761
    rlmb time:         0.4142
  pspace time:         7.8352
  psolve time:         6.7844
    dphi time:         0.3131
captured time:        55.9709

     iter/sec:         0.8647
//////////////////////////////////////////////
