 //////////////////////////////////////
 Initializating Rayleigh...

 -- Initalizing MPI...
 ---- Specified parameters:
 ---- NCPU  :    128
 ---- NPROW :     16
 ---- NPCOL :      8
 -- MPI initialized.


 -- Initalizing Grid...
 ---- Specified parameters ----
 ---- N_R                 :    128
 ---- N_THETA             :    384
 ---- Ell_MAX             :    255
 ---- R_MIN               :  5.38462E-01
 ---- R_MAX               :  1.53846E+00
 ---- Chebyshev Domains   :      1

        Domain 1
          Grid points           :  128
          Dealiased Polynomials :  85
          Domain Lower Bound    :  5.38462E-01
          Domain Upper Bound    :  1.53846E+00

 -- Grid initialized.

[SHTns 3.4.5] built Apr 22 2021, 10:15:33, id: avx2,ishioka
        Lmax=255, Mmax*Mres=255, Mres=1, Nlm=32896  [1 threads, orthonormalized]
        => using FFTW : Mmax=255, Nphi=768, Nlat=384  (data layout : phi_inc=384, theta_inc=1, phi_embed=768)
        => using Gauss nodes
        + polar optimization threshold = 1.0e-08
        finding optimal algorithm..........
        + SHT accuracy = 1.71e-12
        => SHTns is ready.
 -- Initalizing Reference State...
 ---- Specified parameters:
 ---- Reference type           :  Boussinesq (Non-dimensional)
 ---- Rayleigh Number          :  1.00000E+05
 ---- Ekman Number             :  1.00000E-03
 ---- Prandtl Number           :  1.00000E+00
 ---- Magnetic Prandtl Number  :  5.00000E+00
 -- Reference State initialized.

 -- Initializing Fields...
 ---- Specified parameters:
 ---- Hydro Init Type    : Benchmark (Christensen et al. 2001)
 ---- Magnetic Init Type : Benchmark (Christensen et al. 2001)
 -- Fields initialized.

 Initialization Complete.
 //////////////////////////////////////

 Timestep has changed from  0.00000E+00 to  1.00000E-04.
 Iteration:  00000001   DeltaT:  1.000E-04   Iter/sec:  0.000E+00
 Timestep has changed from  1.00000E-04 to  2.55566E-06.
 Iteration:  00000002   DeltaT:  2.556E-06   Iter/sec:  1.022E-01
 Iteration:  00000003   DeltaT:  2.556E-06   Iter/sec:  1.359E+00
 Iteration:  00000004   DeltaT:  2.556E-06   Iter/sec:  1.737E+00
 Iteration:  00000005   DeltaT:  2.556E-06   Iter/sec:  1.750E+00
 Iteration:  00000006   DeltaT:  2.556E-06   Iter/sec:  1.740E+00
 Iteration:  00000007   DeltaT:  2.556E-06   Iter/sec:  1.742E+00
 Iteration:  00000008   DeltaT:  2.556E-06   Iter/sec:  1.743E+00
 Iteration:  00000009   DeltaT:  2.556E-06   Iter/sec:  1.743E+00
 Iteration:  00000010   DeltaT:  2.556E-06   Iter/sec:  1.762E+00
 Iteration:  00000011   DeltaT:  2.556E-06   Iter/sec:  1.731E+00
 Iteration:  00000012   DeltaT:  2.556E-06   Iter/sec:  1.752E+00
 Iteration:  00000013   DeltaT:  2.556E-06   Iter/sec:  1.725E+00
 Iteration:  00000014   DeltaT:  2.556E-06   Iter/sec:  1.739E+00
 Iteration:  00000015   DeltaT:  2.556E-06   Iter/sec:  1.748E+00
 Iteration:  00000016   DeltaT:  2.556E-06   Iter/sec:  1.745E+00
 Iteration:  00000017   DeltaT:  2.556E-06   Iter/sec:  1.728E+00
 Iteration:  00000018   DeltaT:  2.556E-06   Iter/sec:  1.737E+00
 Iteration:  00000019   DeltaT:  2.556E-06   Iter/sec:  1.752E+00
 Iteration:  00000020   DeltaT:  2.556E-06   Iter/sec:  1.738E+00
 Iteration:  00000021   DeltaT:  2.556E-06   Iter/sec:  1.743E+00
 Iteration:  00000022   DeltaT:  2.556E-06   Iter/sec:  1.734E+00
 Iteration:  00000023   DeltaT:  2.556E-06   Iter/sec:  1.746E+00
 Iteration:  00000024   DeltaT:  2.556E-06   Iter/sec:  1.748E+00
 Iteration:  00000025   DeltaT:  2.556E-06   Iter/sec:  1.735E+00
 Iteration:  00000026   DeltaT:  2.556E-06   Iter/sec:  1.734E+00
 Iteration:  00000027   DeltaT:  2.556E-06   Iter/sec:  1.757E+00
 Iteration:  00000028   DeltaT:  2.556E-06   Iter/sec:  1.738E+00
 Iteration:  00000029   DeltaT:  2.556E-06   Iter/sec:  1.740E+00
 Iteration:  00000030   DeltaT:  2.556E-06   Iter/sec:  1.742E+00
 Iteration:  00000031   DeltaT:  2.556E-06   Iter/sec:  1.724E+00
 Iteration:  00000032   DeltaT:  2.556E-06   Iter/sec:  1.753E+00
 Iteration:  00000033   DeltaT:  2.556E-06   Iter/sec:  1.754E+00
 Iteration:  00000034   DeltaT:  2.556E-06   Iter/sec:  1.732E+00
 Iteration:  00000035   DeltaT:  2.556E-06   Iter/sec:  1.751E+00
 Iteration:  00000036   DeltaT:  2.556E-06   Iter/sec:  1.730E+00
 Iteration:  00000037   DeltaT:  2.556E-06   Iter/sec:  1.756E+00
 Iteration:  00000038   DeltaT:  2.556E-06   Iter/sec:  1.744E+00
 Iteration:  00000039   DeltaT:  2.556E-06   Iter/sec:  1.739E+00
 Iteration:  00000040   DeltaT:  2.556E-06   Iter/sec:  1.737E+00
 Iteration:  00000041   DeltaT:  2.556E-06   Iter/sec:  1.762E+00
 Iteration:  00000042   DeltaT:  2.556E-06   Iter/sec:  1.765E+00
 Iteration:  00000043   DeltaT:  2.556E-06   Iter/sec:  1.727E+00
 Iteration:  00000044   DeltaT:  2.556E-06   Iter/sec:  1.735E+00
 Iteration:  00000045   DeltaT:  2.556E-06   Iter/sec:  1.745E+00
 Iteration:  00000046   DeltaT:  2.556E-06   Iter/sec:  1.724E+00
 Iteration:  00000047   DeltaT:  2.556E-06   Iter/sec:  1.730E+00
 Iteration:  00000048   DeltaT:  2.556E-06   Iter/sec:  1.759E+00
 Iteration:  00000049   DeltaT:  2.556E-06   Iter/sec:  1.748E+00
 Iteration:  00000050   DeltaT:  2.556E-06   Iter/sec:  1.716E+00


//////////////////////////////////////////////
   Measured Timings for Process 0  (seconds)

 Elapsed time:        30.0272
  Column time:         3.2085
     Row time:         9.0382
Legendre time:         4.3878
     FFT time:         1.9359
   Solve time:         0.9803
    rlma time:         0.5670
    rlmb time:         0.1901
  pspace time:         4.4907
  psolve time:         3.5671
    dphi time:         0.2242
captured time:        28.5898

     iter/sec:         1.6652
//////////////////////////////////////////////
