 //////////////////////////////////////
 Initializating Rayleigh...

 -- Initalizing MPI...
 ---- Specified parameters:
 ---- NCPU  :     16
 ---- NPROW :      4
 ---- NPCOL :      4
 -- MPI initialized.


 -- Initalizing Grid...
 ---- Specified parameters ----
 ---- N_R                 :     64
 ---- N_THETA             :    384
 ---- Ell_MAX             :    255
 ---- R_MIN               :  5.38462E-01
 ---- R_MAX               :  1.53846E+00
 ---- Chebyshev Domains   :      1

        Domain 1
          Grid points           :  64
          Dealiased Polynomials :  42
          Domain Lower Bound    :  5.38462E-01
          Domain Upper Bound    :  1.53846E+00

 -- Grid initialized.

[SHTns 3.4.5] built Apr 22 2021, 10:15:33, id: avx2,ishioka
        Lmax=255, Mmax*Mres=255, Mres=1, Nlm=32896  [1 threads, orthonormalized]
        => using FFTW : Mmax=255, Nphi=768, Nlat=384  (data layout : phi_inc=384, theta_inc=1, phi_embed=768)
        => using Gauss nodes
        + polar optimization threshold = 1.0e-08
        finding optimal algorithm..........
        + SHT accuracy = 2.85e-12
        => SHTns is ready.
 -- Initalizing Reference State...
 ---- Specified parameters:
 ---- Reference type           :  Boussinesq (Non-dimensional)
 ---- Rayleigh Number          :  1.00000E+05
 ---- Ekman Number             :  1.00000E-03
 ---- Prandtl Number           :  1.00000E+00
 ---- Magnetic Prandtl Number  :  5.00000E+00
 -- Reference State initialized.

 -- Initializing Fields...
 ---- Specified parameters:
 ---- Hydro Init Type    : Benchmark (Christensen et al. 2001)
 ---- Magnetic Init Type : Benchmark (Christensen et al. 2001)
 -- Fields initialized.

 Initialization Complete.
 //////////////////////////////////////

 Timestep has changed from  0.00000E+00 to  1.00000E-04.
 Iteration:  00000001   DeltaT:  1.000E-04   Iter/sec:  0.000E+00
 Timestep has changed from  1.00000E-04 to  1.02211E-05.
 Iteration:  00000002   DeltaT:  1.022E-05   Iter/sec:  1.391E-01
 Iteration:  00000003   DeltaT:  1.022E-05   Iter/sec:  4.108E-01
 Iteration:  00000004   DeltaT:  1.022E-05   Iter/sec:  4.190E-01
 Iteration:  00000005   DeltaT:  1.022E-05   Iter/sec:  4.138E-01
 Iteration:  00000006   DeltaT:  1.022E-05   Iter/sec:  4.147E-01
 Iteration:  00000007   DeltaT:  1.022E-05   Iter/sec:  4.141E-01
 Iteration:  00000008   DeltaT:  1.022E-05   Iter/sec:  4.149E-01
 Iteration:  00000009   DeltaT:  1.022E-05   Iter/sec:  4.148E-01
 Iteration:  00000010   DeltaT:  1.022E-05   Iter/sec:  4.202E-01
 Iteration:  00000011   DeltaT:  1.022E-05   Iter/sec:  4.144E-01
 Iteration:  00000012   DeltaT:  1.022E-05   Iter/sec:  4.140E-01
 Iteration:  00000013   DeltaT:  1.022E-05   Iter/sec:  4.143E-01
 Iteration:  00000014   DeltaT:  1.022E-05   Iter/sec:  4.128E-01
 Iteration:  00000015   DeltaT:  1.022E-05   Iter/sec:  4.166E-01
 Iteration:  00000016   DeltaT:  1.022E-05   Iter/sec:  4.139E-01
 Iteration:  00000017   DeltaT:  1.022E-05   Iter/sec:  4.155E-01
 Iteration:  00000018   DeltaT:  1.022E-05   Iter/sec:  4.156E-01
 Iteration:  00000019   DeltaT:  1.022E-05   Iter/sec:  4.135E-01
 Iteration:  00000020   DeltaT:  1.022E-05   Iter/sec:  4.224E-01
 Iteration:  00000021   DeltaT:  1.022E-05   Iter/sec:  4.146E-01
 Iteration:  00000022   DeltaT:  1.022E-05   Iter/sec:  4.145E-01
 Iteration:  00000023   DeltaT:  1.022E-05   Iter/sec:  4.177E-01
 Iteration:  00000024   DeltaT:  1.022E-05   Iter/sec:  4.148E-01
 Iteration:  00000025   DeltaT:  1.022E-05   Iter/sec:  4.149E-01
 Iteration:  00000026   DeltaT:  1.022E-05   Iter/sec:  4.155E-01
 Iteration:  00000027   DeltaT:  1.022E-05   Iter/sec:  4.168E-01
 Iteration:  00000028   DeltaT:  1.022E-05   Iter/sec:  4.138E-01
 Iteration:  00000029   DeltaT:  1.022E-05   Iter/sec:  4.144E-01
 Iteration:  00000030   DeltaT:  1.022E-05   Iter/sec:  4.141E-01
 Iteration:  00000031   DeltaT:  1.022E-05   Iter/sec:  4.170E-01
 Iteration:  00000032   DeltaT:  1.022E-05   Iter/sec:  4.155E-01
 Iteration:  00000033   DeltaT:  1.022E-05   Iter/sec:  4.141E-01
 Iteration:  00000034   DeltaT:  1.022E-05   Iter/sec:  4.142E-01
 Iteration:  00000035   DeltaT:  1.022E-05   Iter/sec:  4.156E-01
 Iteration:  00000036   DeltaT:  1.022E-05   Iter/sec:  4.218E-01
 Iteration:  00000037   DeltaT:  1.022E-05   Iter/sec:  4.144E-01
 Iteration:  00000038   DeltaT:  1.022E-05   Iter/sec:  4.141E-01
 Iteration:  00000039   DeltaT:  1.022E-05   Iter/sec:  4.169E-01
 Iteration:  00000040   DeltaT:  1.022E-05   Iter/sec:  4.213E-01
 Iteration:  00000041   DeltaT:  1.022E-05   Iter/sec:  4.159E-01
 Iteration:  00000042   DeltaT:  1.022E-05   Iter/sec:  4.143E-01
 Iteration:  00000043   DeltaT:  1.022E-05   Iter/sec:  4.139E-01
 Iteration:  00000044   DeltaT:  1.022E-05   Iter/sec:  4.142E-01
 Iteration:  00000045   DeltaT:  1.022E-05   Iter/sec:  4.159E-01
 Iteration:  00000046   DeltaT:  1.022E-05   Iter/sec:  4.168E-01
 Iteration:  00000047   DeltaT:  1.022E-05   Iter/sec:  4.142E-01
 Iteration:  00000048   DeltaT:  1.022E-05   Iter/sec:  4.168E-01
 Iteration:  00000049   DeltaT:  1.022E-05   Iter/sec:  4.148E-01
 Iteration:  00000050   DeltaT:  1.022E-05   Iter/sec:  4.138E-01


//////////////////////////////////////////////
   Measured Timings for Process 0  (seconds)

 Elapsed time:       121.3043
  Column time:         7.0728
     Row time:        48.4796
Legendre time:        17.6697
     FFT time:         7.6225
   Solve time:         1.1985
    rlma time:         2.6505
    rlmb time:         1.2825
  pspace time:        17.9994
  psolve time:        13.3820
    dphi time:         1.0595
captured time:       118.4169

     iter/sec:         0.4122
//////////////////////////////////////////////
