 //////////////////////////////////////
 Initializating Rayleigh...

 -- Initalizing MPI...
 ---- Specified parameters:
 ---- NCPU  :    512
 ---- NPROW :     32
 ---- NPCOL :     16
 -- MPI initialized.


 -- Initalizing Grid...
 ---- Specified parameters ----
 ---- N_R                 :    128
 ---- N_THETA             :    192
 ---- Ell_MAX             :    127
 ---- R_MIN               :  5.38462E-01
 ---- R_MAX               :  1.53846E+00
 ---- Chebyshev Domains   :      1

        Domain 1
          Grid points           :  128
          Dealiased Polynomials :  85
          Domain Lower Bound    :  5.38462E-01
          Domain Upper Bound    :  1.53846E+00

 -- Grid initialized.

[SHTns 3.4.5] built Apr 22 2021, 10:15:33, id: avx2,ishioka
        Lmax=127, Mmax*Mres=127, Mres=1, Nlm=8256  [1 threads, orthonormalized]
        => using FFTW : Mmax=127, Nphi=384, Nlat=192  (data layout : phi_inc=192, theta_inc=1, phi_embed=384)
        => using Gauss nodes
        + polar optimization threshold = 1.0e-08
        finding optimal algorithm........
        + SHT accuracy = 4.6e-14
        => SHTns is ready.
 -- Initalizing Reference State...
 ---- Specified parameters:
 ---- Reference type           :  Boussinesq (Non-dimensional)
 ---- Rayleigh Number          :  1.00000E+05
 ---- Ekman Number             :  1.00000E-03
 ---- Prandtl Number           :  1.00000E+00
 ---- Magnetic Prandtl Number  :  5.00000E+00
 -- Reference State initialized.

 -- Initializing Fields...
 ---- Specified parameters:
 ---- Hydro Init Type    : Benchmark (Christensen et al. 2001)
 ---- Magnetic Init Type : Benchmark (Christensen et al. 2001)
 -- Fields initialized.

 Initialization Complete.
 //////////////////////////////////////

 Timestep has changed from  0.00000E+00 to  1.00000E-04.
 Iteration:  00000001   DeltaT:  1.000E-04   Iter/sec:  0.000E+00
 Timestep has changed from  1.00000E-04 to  2.55581E-06.
 Iteration:  00000002   DeltaT:  2.556E-06   Iter/sec:  2.516E-01
 Iteration:  00000003   DeltaT:  2.556E-06   Iter/sec:  1.254E+01
 Iteration:  00000004   DeltaT:  2.556E-06   Iter/sec:  2.837E+01
 Iteration:  00000005   DeltaT:  2.556E-06   Iter/sec:  2.909E+01
 Iteration:  00000006   DeltaT:  2.556E-06   Iter/sec:  3.035E+01
 Iteration:  00000007   DeltaT:  2.556E-06   Iter/sec:  2.936E+01
 Iteration:  00000008   DeltaT:  2.556E-06   Iter/sec:  3.021E+01
 Iteration:  00000009   DeltaT:  2.556E-06   Iter/sec:  3.077E+01
 Iteration:  00000010   DeltaT:  2.556E-06   Iter/sec:  2.983E+01
 Iteration:  00000011   DeltaT:  2.556E-06   Iter/sec:  2.941E+01
 Iteration:  00000012   DeltaT:  2.556E-06   Iter/sec:  3.011E+01
 Iteration:  00000013   DeltaT:  2.556E-06   Iter/sec:  3.036E+01
 Iteration:  00000014   DeltaT:  2.556E-06   Iter/sec:  2.903E+01
 Iteration:  00000015   DeltaT:  2.556E-06   Iter/sec:  3.106E+01
 Iteration:  00000016   DeltaT:  2.556E-06   Iter/sec:  2.997E+01
 Iteration:  00000017   DeltaT:  2.556E-06   Iter/sec:  3.111E+01
 Iteration:  00000018   DeltaT:  2.556E-06   Iter/sec:  2.894E+01
 Iteration:  00000019   DeltaT:  2.556E-06   Iter/sec:  2.861E+01
 Iteration:  00000020   DeltaT:  2.556E-06   Iter/sec:  3.053E+01
 Iteration:  00000021   DeltaT:  2.556E-06   Iter/sec:  2.955E+01
 Iteration:  00000022   DeltaT:  2.556E-06   Iter/sec:  3.073E+01
 Iteration:  00000023   DeltaT:  2.556E-06   Iter/sec:  3.017E+01
 Iteration:  00000024   DeltaT:  2.556E-06   Iter/sec:  2.933E+01
 Iteration:  00000025   DeltaT:  2.556E-06   Iter/sec:  3.061E+01
 Iteration:  00000026   DeltaT:  2.556E-06   Iter/sec:  3.033E+01
 Iteration:  00000027   DeltaT:  2.556E-06   Iter/sec:  3.144E+01
 Iteration:  00000028   DeltaT:  2.556E-06   Iter/sec:  2.980E+01
 Iteration:  00000029   DeltaT:  2.556E-06   Iter/sec:  2.883E+01
 Iteration:  00000030   DeltaT:  2.556E-06   Iter/sec:  2.974E+01
 Iteration:  00000031   DeltaT:  2.556E-06   Iter/sec:  2.970E+01
 Iteration:  00000032   DeltaT:  2.556E-06   Iter/sec:  2.981E+01
 Iteration:  00000033   DeltaT:  2.556E-06   Iter/sec:  2.918E+01
 Iteration:  00000034   DeltaT:  2.556E-06   Iter/sec:  3.040E+01
 Iteration:  00000035   DeltaT:  2.556E-06   Iter/sec:  3.036E+01
 Iteration:  00000036   DeltaT:  2.556E-06   Iter/sec:  3.067E+01
 Iteration:  00000037   DeltaT:  2.556E-06   Iter/sec:  3.047E+01
 Iteration:  00000038   DeltaT:  2.556E-06   Iter/sec:  2.991E+01
 Iteration:  00000039   DeltaT:  2.556E-06   Iter/sec:  3.162E+01
 Iteration:  00000040   DeltaT:  2.556E-06   Iter/sec:  2.988E+01
 Iteration:  00000041   DeltaT:  2.556E-06   Iter/sec:  2.958E+01
 Iteration:  00000042   DeltaT:  2.556E-06   Iter/sec:  2.938E+01
 Iteration:  00000043   DeltaT:  2.556E-06   Iter/sec:  2.986E+01
 Iteration:  00000044   DeltaT:  2.556E-06   Iter/sec:  3.002E+01
 Iteration:  00000045   DeltaT:  2.556E-06   Iter/sec:  3.016E+01
 Iteration:  00000046   DeltaT:  2.556E-06   Iter/sec:  3.072E+01
 Iteration:  00000047   DeltaT:  2.556E-06   Iter/sec:  3.069E+01
 Iteration:  00000048   DeltaT:  2.556E-06   Iter/sec:  2.952E+01
 Iteration:  00000049   DeltaT:  2.556E-06   Iter/sec:  2.916E+01
 Iteration:  00000050   DeltaT:  2.556E-06   Iter/sec:  2.909E+01


//////////////////////////////////////////////
   Measured Timings for Process 0  (seconds)

 Elapsed time:         2.0845
  Column time:         0.5383
     Row time:         0.4710
Legendre time:         0.1262
     FFT time:         0.1069
   Solve time:         0.2034
    rlma time:         0.0215
    rlmb time:         0.0087
  pspace time:         0.0835
  psolve time:         0.1756
    dphi time:         0.0117
captured time:         1.7467

     iter/sec:        23.9870
//////////////////////////////////////////////
