 //////////////////////////////////////
 Initializating Rayleigh...

 -- Initalizing MPI...
 ---- Specified parameters:
 ---- NCPU  :   1024
 ---- NPROW :     32
 ---- NPCOL :     32
 -- MPI initialized.


 -- Initalizing Grid...
 ---- Specified parameters ----
 ---- N_R                 :    128
 ---- N_THETA             :   1536
 ---- Ell_MAX             :   1023
 ---- R_MIN               :  5.38462E-01
 ---- R_MAX               :  1.53846E+00
 ---- Chebyshev Domains   :      1

        Domain 1
          Grid points           :  128
          Dealiased Polynomials :  85
          Domain Lower Bound    :  5.38462E-01
          Domain Upper Bound    :  1.53846E+00

 -- Grid initialized.

 -- Initalizing Reference State...
 ---- Specified parameters:
 ---- Reference type           :  Boussinesq (Non-dimensional)
 ---- Rayleigh Number          :  1.00000E+05
 ---- Ekman Number             :  1.00000E-03
 ---- Prandtl Number           :  1.00000E+00
 ---- Magnetic Prandtl Number  :  5.00000E+00
 -- Reference State initialized.

 -- Initializing Fields...
 ---- Specified parameters:
 ---- Hydro Init Type    : Benchmark (Christensen et al. 2001)
 ---- Magnetic Init Type : Benchmark (Christensen et al. 2001)
 -- Fields initialized.

 Initialization Complete.
 //////////////////////////////////////

 Timestep has changed from  0.00000E+00 to  1.00000E-04.
 Iteration:  00000001   DeltaT:  1.000E-04   Iter/sec:  0.000E+00
 Timestep has changed from  1.00000E-04 to  2.55561E-06.
 Iteration:  00000002   DeltaT:  2.556E-06   Iter/sec:  1.746E-01
 Iteration:  00000003   DeltaT:  2.556E-06   Iter/sec:  5.381E-01
 Iteration:  00000004   DeltaT:  2.556E-06   Iter/sec:  5.657E-01
 Iteration:  00000005   DeltaT:  2.556E-06   Iter/sec:  5.838E-01
 Iteration:  00000006   DeltaT:  2.556E-06   Iter/sec:  6.185E-01
 Iteration:  00000007   DeltaT:  2.556E-06   Iter/sec:  5.516E-01
 Iteration:  00000008   DeltaT:  2.556E-06   Iter/sec:  5.641E-01
 Iteration:  00000009   DeltaT:  2.556E-06   Iter/sec:  5.660E-01
 Iteration:  00000010   DeltaT:  2.556E-06   Iter/sec:  5.630E-01
 Iteration:  00000011   DeltaT:  2.556E-06   Iter/sec:  6.374E-01
 Iteration:  00000012   DeltaT:  2.556E-06   Iter/sec:  6.305E-01
 Iteration:  00000013   DeltaT:  2.556E-06   Iter/sec:  6.447E-01
 Iteration:  00000014   DeltaT:  2.556E-06   Iter/sec:  6.347E-01
 Iteration:  00000015   DeltaT:  2.556E-06   Iter/sec:  6.248E-01
 Iteration:  00000016   DeltaT:  2.556E-06   Iter/sec:  5.925E-01
 Iteration:  00000017   DeltaT:  2.556E-06   Iter/sec:  5.931E-01
 Iteration:  00000018   DeltaT:  2.556E-06   Iter/sec:  5.658E-01
 Iteration:  00000019   DeltaT:  2.556E-06   Iter/sec:  5.654E-01
 Iteration:  00000020   DeltaT:  2.556E-06   Iter/sec:  5.814E-01
 Iteration:  00000021   DeltaT:  2.556E-06   Iter/sec:  5.532E-01
 Iteration:  00000022   DeltaT:  2.556E-06   Iter/sec:  5.476E-01
 Iteration:  00000023   DeltaT:  2.556E-06   Iter/sec:  6.252E-01
 Iteration:  00000024   DeltaT:  2.556E-06   Iter/sec:  5.953E-01
 Iteration:  00000025   DeltaT:  2.556E-06   Iter/sec:  6.350E-01
 Iteration:  00000026   DeltaT:  2.556E-06   Iter/sec:  5.960E-01
 Iteration:  00000027   DeltaT:  2.556E-06   Iter/sec:  6.109E-01
 Iteration:  00000028   DeltaT:  2.556E-06   Iter/sec:  6.312E-01
 Iteration:  00000029   DeltaT:  2.556E-06   Iter/sec:  6.548E-01
 Iteration:  00000030   DeltaT:  2.556E-06   Iter/sec:  6.146E-01
 Iteration:  00000031   DeltaT:  2.556E-06   Iter/sec:  6.088E-01
 Iteration:  00000032   DeltaT:  2.556E-06   Iter/sec:  5.612E-01
 Iteration:  00000033   DeltaT:  2.556E-06   Iter/sec:  5.585E-01
 Iteration:  00000034   DeltaT:  2.556E-06   Iter/sec:  6.164E-01
 Iteration:  00000035   DeltaT:  2.556E-06   Iter/sec:  6.143E-01
 Iteration:  00000036   DeltaT:  2.556E-06   Iter/sec:  5.610E-01
 Iteration:  00000037   DeltaT:  2.556E-06   Iter/sec:  6.109E-01
 Iteration:  00000038   DeltaT:  2.556E-06   Iter/sec:  6.150E-01
 Iteration:  00000039   DeltaT:  2.556E-06   Iter/sec:  6.091E-01
 Iteration:  00000040   DeltaT:  2.556E-06   Iter/sec:  6.129E-01
 Iteration:  00000041   DeltaT:  2.556E-06   Iter/sec:  6.267E-01
 Iteration:  00000042   DeltaT:  2.556E-06   Iter/sec:  6.162E-01
 Iteration:  00000043   DeltaT:  2.556E-06   Iter/sec:  6.127E-01
 Iteration:  00000044   DeltaT:  2.556E-06   Iter/sec:  5.654E-01
 Iteration:  00000045   DeltaT:  2.556E-06   Iter/sec:  6.004E-01
 Iteration:  00000046   DeltaT:  2.556E-06   Iter/sec:  5.596E-01
 Iteration:  00000047   DeltaT:  2.556E-06   Iter/sec:  5.708E-01
 Iteration:  00000048   DeltaT:  2.556E-06   Iter/sec:  5.598E-01
 Iteration:  00000049   DeltaT:  2.556E-06   Iter/sec:  5.638E-01
 Iteration:  00000050   DeltaT:  2.556E-06   Iter/sec:  5.505E-01


//////////////////////////////////////////////
   Measured Timings for Process 0  (seconds)

 Elapsed time:       102.1856
  Column time:        27.4306
     Row time:        22.0991
Legendre time:        12.5640
     FFT time:         4.1796
   Solve time:         1.3676
    rlma time:         0.8676
    rlmb time:         0.4534
  pspace time:         8.3315
  psolve time:         6.4983
    dphi time:         0.3420
captured time:        84.1338

     iter/sec:         0.4795
//////////////////////////////////////////////
