 //////////////////////////////////////
 Initializating Rayleigh...

 -- Initalizing MPI...
 ---- Specified parameters:
 ---- NCPU  :   1024
 ---- NPROW :     32
 ---- NPCOL :     32
 -- MPI initialized.


 -- Initalizing Grid...
 ---- Specified parameters ----
 ---- N_R                 :     64
 ---- N_THETA             :   1536
 ---- Ell_MAX             :   1023
 ---- R_MIN               :  5.38462E-01
 ---- R_MAX               :  1.53846E+00
 ---- Chebyshev Domains   :      1

        Domain 1
          Grid points           :  64
          Dealiased Polynomials :  42
          Domain Lower Bound    :  5.38462E-01
          Domain Upper Bound    :  1.53846E+00

 -- Grid initialized.

 -- Initalizing Reference State...
 ---- Specified parameters:
 ---- Reference type           :  Boussinesq (Non-dimensional)
 ---- Rayleigh Number          :  1.00000E+05
 ---- Ekman Number             :  1.00000E-03
 ---- Prandtl Number           :  1.00000E+00
 ---- Magnetic Prandtl Number  :  5.00000E+00
 -- Reference State initialized.

 -- Initializing Fields...
 ---- Specified parameters:
 ---- Hydro Init Type    : Benchmark (Christensen et al. 2001)
 ---- Magnetic Init Type : Benchmark (Christensen et al. 2001)
 -- Fields initialized.

 Initialization Complete.
 //////////////////////////////////////

 Timestep has changed from  0.00000E+00 to  1.00000E-04.
 Iteration:  00000001   DeltaT:  1.000E-04   Iter/sec:  0.000E+00
 Timestep has changed from  1.00000E-04 to  4.46409E-06.
 Iteration:  00000002   DeltaT:  4.464E-06   Iter/sec:  2.161E-01
 Iteration:  00000003   DeltaT:  4.464E-06   Iter/sec:  1.217E+00
 Iteration:  00000004   DeltaT:  4.464E-06   Iter/sec:  1.195E+00
 Iteration:  00000005   DeltaT:  4.464E-06   Iter/sec:  1.230E+00
 Iteration:  00000006   DeltaT:  4.464E-06   Iter/sec:  1.254E+00
 Iteration:  00000007   DeltaT:  4.464E-06   Iter/sec:  1.144E+00
 Iteration:  00000008   DeltaT:  4.464E-06   Iter/sec:  1.070E+00
 Iteration:  00000009   DeltaT:  4.464E-06   Iter/sec:  1.027E+00
 Iteration:  00000010   DeltaT:  4.464E-06   Iter/sec:  1.027E+00
 Iteration:  00000011   DeltaT:  4.464E-06   Iter/sec:  1.068E+00
 Iteration:  00000012   DeltaT:  4.464E-06   Iter/sec:  1.057E+00
 Iteration:  00000013   DeltaT:  4.464E-06   Iter/sec:  1.030E+00
 Iteration:  00000014   DeltaT:  4.464E-06   Iter/sec:  1.033E+00
 Iteration:  00000015   DeltaT:  4.464E-06   Iter/sec:  1.056E+00
 Iteration:  00000016   DeltaT:  4.464E-06   Iter/sec:  1.201E+00
 Iteration:  00000017   DeltaT:  4.464E-06   Iter/sec:  1.142E+00
 Iteration:  00000018   DeltaT:  4.464E-06   Iter/sec:  1.120E+00
 Iteration:  00000019   DeltaT:  4.464E-06   Iter/sec:  1.120E+00
 Iteration:  00000020   DeltaT:  4.464E-06   Iter/sec:  1.161E+00
 Iteration:  00000021   DeltaT:  4.464E-06   Iter/sec:  1.137E+00
 Iteration:  00000022   DeltaT:  4.464E-06   Iter/sec:  1.127E+00
 Iteration:  00000023   DeltaT:  4.464E-06   Iter/sec:  1.136E+00
 Iteration:  00000024   DeltaT:  4.464E-06   Iter/sec:  1.122E+00
 Iteration:  00000025   DeltaT:  4.464E-06   Iter/sec:  1.170E+00
 Iteration:  00000026   DeltaT:  4.464E-06   Iter/sec:  1.151E+00
 Iteration:  00000027   DeltaT:  4.464E-06   Iter/sec:  1.154E+00
 Iteration:  00000028   DeltaT:  4.464E-06   Iter/sec:  1.146E+00
 Iteration:  00000029   DeltaT:  4.464E-06   Iter/sec:  1.139E+00
 Iteration:  00000030   DeltaT:  4.464E-06   Iter/sec:  1.073E+00
 Iteration:  00000031   DeltaT:  4.464E-06   Iter/sec:  1.087E+00
 Iteration:  00000032   DeltaT:  4.464E-06   Iter/sec:  1.074E+00
 Iteration:  00000033   DeltaT:  4.464E-06   Iter/sec:  1.115E+00
 Iteration:  00000034   DeltaT:  4.464E-06   Iter/sec:  1.089E+00
 Iteration:  00000035   DeltaT:  4.464E-06   Iter/sec:  1.099E+00
 Iteration:  00000036   DeltaT:  4.464E-06   Iter/sec:  1.093E+00
 Iteration:  00000037   DeltaT:  4.464E-06   Iter/sec:  1.071E+00
 Iteration:  00000038   DeltaT:  4.464E-06   Iter/sec:  1.105E+00
 Iteration:  00000039   DeltaT:  4.464E-06   Iter/sec:  1.096E+00
 Iteration:  00000040   DeltaT:  4.464E-06   Iter/sec:  1.135E+00
 Iteration:  00000041   DeltaT:  4.464E-06   Iter/sec:  1.084E+00
 Iteration:  00000042   DeltaT:  4.464E-06   Iter/sec:  1.071E+00
 Iteration:  00000043   DeltaT:  4.464E-06   Iter/sec:  1.128E+00
 Iteration:  00000044   DeltaT:  4.464E-06   Iter/sec:  1.067E+00
 Iteration:  00000045   DeltaT:  4.464E-06   Iter/sec:  1.108E+00
 Iteration:  00000046   DeltaT:  4.464E-06   Iter/sec:  1.161E+00
 Iteration:  00000047   DeltaT:  4.464E-06   Iter/sec:  1.114E+00
 Iteration:  00000048   DeltaT:  4.464E-06   Iter/sec:  1.099E+00
 Iteration:  00000049   DeltaT:  4.464E-06   Iter/sec:  1.108E+00
 Iteration:  00000050   DeltaT:  4.464E-06   Iter/sec:  1.115E+00


//////////////////////////////////////////////
   Measured Timings for Process 0  (seconds)

 Elapsed time:        58.3019
  Column time:        16.0403
     Row time:        11.4064
Legendre time:         6.9117
     FFT time:         2.1261
   Solve time:         0.3794
    rlma time:         0.4313
    rlmb time:         0.2005
  pspace time:         4.0267
  psolve time:         2.9570
    dphi time:         0.1679
captured time:        44.6473

     iter/sec:         0.8405
//////////////////////////////////////////////
