 //////////////////////////////////////
 Initializating Rayleigh...

 -- Initalizing MPI...
 ---- Specified parameters:
 ---- NCPU  :    256
 ---- NPROW :     16
 ---- NPCOL :     16
 -- MPI initialized.


 -- Initalizing Grid...
 ---- Specified parameters ----
 ---- N_R                 :    128
 ---- N_THETA             :    768
 ---- Ell_MAX             :    511
 ---- R_MIN               :  5.38462E-01
 ---- R_MAX               :  1.53846E+00
 ---- Chebyshev Domains   :      1

        Domain 1
          Grid points           :  128
          Dealiased Polynomials :  85
          Domain Lower Bound    :  5.38462E-01
          Domain Upper Bound    :  1.53846E+00

 -- Grid initialized.

 -- Initalizing Reference State...
 ---- Specified parameters:
 ---- Reference type           :  Boussinesq (Non-dimensional)
 ---- Rayleigh Number          :  1.00000E+05
 ---- Ekman Number             :  1.00000E-03
 ---- Prandtl Number           :  1.00000E+00
 ---- Magnetic Prandtl Number  :  5.00000E+00
 -- Reference State initialized.

 -- Initializing Fields...
 ---- Specified parameters:
 ---- Hydro Init Type    : Benchmark (Christensen et al. 2001)
 ---- Magnetic Init Type : Benchmark (Christensen et al. 2001)
 -- Fields initialized.

 Initialization Complete.
 //////////////////////////////////////

 Timestep has changed from  0.00000E+00 to  1.00000E-04.
 Iteration:  00000001   DeltaT:  1.000E-04   Iter/sec:  0.000E+00
 Timestep has changed from  1.00000E-04 to  2.55562E-06.
 Iteration:  00000002   DeltaT:  2.556E-06   Iter/sec:  4.084E-01
 Iteration:  00000003   DeltaT:  2.556E-06   Iter/sec:  7.234E-01
 Iteration:  00000004   DeltaT:  2.556E-06   Iter/sec:  8.221E-01
 Iteration:  00000005   DeltaT:  2.556E-06   Iter/sec:  8.016E-01
 Iteration:  00000006   DeltaT:  2.556E-06   Iter/sec:  8.064E-01
 Iteration:  00000007   DeltaT:  2.556E-06   Iter/sec:  8.321E-01
 Iteration:  00000008   DeltaT:  2.556E-06   Iter/sec:  8.123E-01
 Iteration:  00000009   DeltaT:  2.556E-06   Iter/sec:  8.340E-01
 Iteration:  00000010   DeltaT:  2.556E-06   Iter/sec:  8.041E-01
 Iteration:  00000011   DeltaT:  2.556E-06   Iter/sec:  8.207E-01
 Iteration:  00000012   DeltaT:  2.556E-06   Iter/sec:  8.278E-01
 Iteration:  00000013   DeltaT:  2.556E-06   Iter/sec:  8.117E-01
 Iteration:  00000014   DeltaT:  2.556E-06   Iter/sec:  8.371E-01
 Iteration:  00000015   DeltaT:  2.556E-06   Iter/sec:  8.201E-01
 Iteration:  00000016   DeltaT:  2.556E-06   Iter/sec:  8.189E-01
 Iteration:  00000017   DeltaT:  2.556E-06   Iter/sec:  8.210E-01
 Iteration:  00000018   DeltaT:  2.556E-06   Iter/sec:  8.190E-01
 Iteration:  00000019   DeltaT:  2.556E-06   Iter/sec:  8.175E-01
 Iteration:  00000020   DeltaT:  2.556E-06   Iter/sec:  8.161E-01
 Iteration:  00000021   DeltaT:  2.556E-06   Iter/sec:  8.200E-01
 Iteration:  00000022   DeltaT:  2.556E-06   Iter/sec:  8.181E-01
 Iteration:  00000023   DeltaT:  2.556E-06   Iter/sec:  8.344E-01
 Iteration:  00000024   DeltaT:  2.556E-06   Iter/sec:  8.186E-01
 Iteration:  00000025   DeltaT:  2.556E-06   Iter/sec:  8.114E-01
 Iteration:  00000026   DeltaT:  2.556E-06   Iter/sec:  8.203E-01
 Iteration:  00000027   DeltaT:  2.556E-06   Iter/sec:  8.101E-01
 Iteration:  00000028   DeltaT:  2.556E-06   Iter/sec:  8.132E-01
 Iteration:  00000029   DeltaT:  2.556E-06   Iter/sec:  8.234E-01
 Iteration:  00000030   DeltaT:  2.556E-06   Iter/sec:  8.207E-01
 Iteration:  00000031   DeltaT:  2.556E-06   Iter/sec:  8.289E-01
 Iteration:  00000032   DeltaT:  2.556E-06   Iter/sec:  8.137E-01
 Iteration:  00000033   DeltaT:  2.556E-06   Iter/sec:  8.245E-01
 Iteration:  00000034   DeltaT:  2.556E-06   Iter/sec:  8.205E-01
 Iteration:  00000035   DeltaT:  2.556E-06   Iter/sec:  8.200E-01
 Iteration:  00000036   DeltaT:  2.556E-06   Iter/sec:  8.119E-01
 Iteration:  00000037   DeltaT:  2.556E-06   Iter/sec:  8.088E-01
 Iteration:  00000038   DeltaT:  2.556E-06   Iter/sec:  7.901E-01
 Iteration:  00000039   DeltaT:  2.556E-06   Iter/sec:  8.293E-01
 Iteration:  00000040   DeltaT:  2.556E-06   Iter/sec:  8.245E-01
 Iteration:  00000041   DeltaT:  2.556E-06   Iter/sec:  8.123E-01
 Iteration:  00000042   DeltaT:  2.556E-06   Iter/sec:  8.174E-01
 Iteration:  00000043   DeltaT:  2.556E-06   Iter/sec:  8.222E-01
 Iteration:  00000044   DeltaT:  2.556E-06   Iter/sec:  8.168E-01
 Iteration:  00000045   DeltaT:  2.556E-06   Iter/sec:  8.321E-01
 Iteration:  00000046   DeltaT:  2.556E-06   Iter/sec:  8.126E-01
 Iteration:  00000047   DeltaT:  2.556E-06   Iter/sec:  8.236E-01
 Iteration:  00000048   DeltaT:  2.556E-06   Iter/sec:  8.342E-01
 Iteration:  00000049   DeltaT:  2.556E-06   Iter/sec:  8.088E-01
 Iteration:  00000050   DeltaT:  2.556E-06   Iter/sec:  8.240E-01


//////////////////////////////////////////////
   Measured Timings for Process 0  (seconds)

 Elapsed time:        72.0722
  Column time:         8.4608
     Row time:        20.8603
Legendre time:         9.0587
     FFT time:         3.8832
   Solve time:         1.4067
    rlma time:         0.8037
    rlmb time:         0.4943
  pspace time:         9.0711
  psolve time:         6.3551
    dphi time:         0.4391
captured time:        60.8330

     iter/sec:         0.6799
//////////////////////////////////////////////
