 //////////////////////////////////////
 Initializating Rayleigh...

 -- Initalizing MPI...
 ---- Specified parameters:
 ---- NCPU  :   1024
 ---- NPROW :     32
 ---- NPCOL :     32
 -- MPI initialized.


 -- Initalizing Grid...
 ---- Specified parameters ----
 ---- N_R                 :    128
 ---- N_THETA             :    768
 ---- Ell_MAX             :    511
 ---- R_MIN               :  5.38462E-01
 ---- R_MAX               :  1.53846E+00
 ---- Chebyshev Domains   :      1

        Domain 1
          Grid points           :  128
          Dealiased Polynomials :  85
          Domain Lower Bound    :  5.38462E-01
          Domain Upper Bound    :  1.53846E+00

 -- Grid initialized.

 -- Initalizing Reference State...
 ---- Specified parameters:
 ---- Reference type           :  Boussinesq (Non-dimensional)
 ---- Rayleigh Number          :  1.00000E+05
 ---- Ekman Number             :  1.00000E-03
 ---- Prandtl Number           :  1.00000E+00
 ---- Magnetic Prandtl Number  :  5.00000E+00
 -- Reference State initialized.

 -- Initializing Fields...
 ---- Specified parameters:
 ---- Hydro Init Type    : Benchmark (Christensen et al. 2001)
 ---- Magnetic Init Type : Benchmark (Christensen et al. 2001)
 -- Fields initialized.

 Initialization Complete.
 //////////////////////////////////////

 Timestep has changed from  0.00000E+00 to  1.00000E-04.
 Iteration:  00000001   DeltaT:  1.000E-04   Iter/sec:  0.000E+00
 Timestep has changed from  1.00000E-04 to  2.55562E-06.
 Iteration:  00000002   DeltaT:  2.556E-06   Iter/sec:  9.114E-01
 Iteration:  00000003   DeltaT:  2.556E-06   Iter/sec:  2.052E+00
 Iteration:  00000004   DeltaT:  2.556E-06   Iter/sec:  2.632E+00
 Iteration:  00000005   DeltaT:  2.556E-06   Iter/sec:  1.914E+00
 Iteration:  00000006   DeltaT:  2.556E-06   Iter/sec:  2.700E+00
 Iteration:  00000007   DeltaT:  2.556E-06   Iter/sec:  2.742E+00
 Iteration:  00000008   DeltaT:  2.556E-06   Iter/sec:  2.710E+00
 Iteration:  00000009   DeltaT:  2.556E-06   Iter/sec:  2.734E+00
 Iteration:  00000010   DeltaT:  2.556E-06   Iter/sec:  2.751E+00
 Iteration:  00000011   DeltaT:  2.556E-06   Iter/sec:  2.732E+00
 Iteration:  00000012   DeltaT:  2.556E-06   Iter/sec:  2.775E+00
 Iteration:  00000013   DeltaT:  2.556E-06   Iter/sec:  2.765E+00
 Iteration:  00000014   DeltaT:  2.556E-06   Iter/sec:  2.661E+00
 Iteration:  00000015   DeltaT:  2.556E-06   Iter/sec:  2.755E+00
 Iteration:  00000016   DeltaT:  2.556E-06   Iter/sec:  2.711E+00
 Iteration:  00000017   DeltaT:  2.556E-06   Iter/sec:  2.799E+00
 Iteration:  00000018   DeltaT:  2.556E-06   Iter/sec:  2.683E+00
 Iteration:  00000019   DeltaT:  2.556E-06   Iter/sec:  2.779E+00
 Iteration:  00000020   DeltaT:  2.556E-06   Iter/sec:  2.709E+00
 Iteration:  00000021   DeltaT:  2.556E-06   Iter/sec:  2.726E+00
 Iteration:  00000022   DeltaT:  2.556E-06   Iter/sec:  2.692E+00
 Iteration:  00000023   DeltaT:  2.556E-06   Iter/sec:  2.707E+00
 Iteration:  00000024   DeltaT:  2.556E-06   Iter/sec:  2.730E+00
 Iteration:  00000025   DeltaT:  2.556E-06   Iter/sec:  2.721E+00
 Iteration:  00000026   DeltaT:  2.556E-06   Iter/sec:  2.730E+00
 Iteration:  00000027   DeltaT:  2.556E-06   Iter/sec:  2.795E+00
 Iteration:  00000028   DeltaT:  2.556E-06   Iter/sec:  2.737E+00
 Iteration:  00000029   DeltaT:  2.556E-06   Iter/sec:  2.727E+00
 Iteration:  00000030   DeltaT:  2.556E-06   Iter/sec:  2.740E+00
 Iteration:  00000031   DeltaT:  2.556E-06   Iter/sec:  2.777E+00
 Iteration:  00000032   DeltaT:  2.556E-06   Iter/sec:  2.630E+00
 Iteration:  00000033   DeltaT:  2.556E-06   Iter/sec:  2.039E+00
 Iteration:  00000034   DeltaT:  2.556E-06   Iter/sec:  2.696E+00
 Iteration:  00000035   DeltaT:  2.556E-06   Iter/sec:  2.367E+00
 Iteration:  00000036   DeltaT:  2.556E-06   Iter/sec:  2.193E+00
 Iteration:  00000037   DeltaT:  2.556E-06   Iter/sec:  2.216E+00
 Iteration:  00000038   DeltaT:  2.556E-06   Iter/sec:  1.989E+00
 Iteration:  00000039   DeltaT:  2.556E-06   Iter/sec:  2.367E+00
 Iteration:  00000040   DeltaT:  2.556E-06   Iter/sec:  2.641E+00
 Iteration:  00000041   DeltaT:  2.556E-06   Iter/sec:  2.231E+00
 Iteration:  00000042   DeltaT:  2.556E-06   Iter/sec:  2.570E+00
 Iteration:  00000043   DeltaT:  2.556E-06   Iter/sec:  2.456E+00
 Iteration:  00000044   DeltaT:  2.556E-06   Iter/sec:  2.022E+00
 Iteration:  00000045   DeltaT:  2.556E-06   Iter/sec:  2.379E+00
 Iteration:  00000046   DeltaT:  2.556E-06   Iter/sec:  2.832E+00
 Iteration:  00000047   DeltaT:  2.556E-06   Iter/sec:  2.105E+00
 Iteration:  00000048   DeltaT:  2.556E-06   Iter/sec:  2.307E+00
 Iteration:  00000049   DeltaT:  2.556E-06   Iter/sec:  1.941E+00
 Iteration:  00000050   DeltaT:  2.556E-06   Iter/sec:  2.578E+00


//////////////////////////////////////////////
   Measured Timings for Process 0  (seconds)

 Elapsed time:        23.2426
  Column time:         7.1239
     Row time:         5.3806
Legendre time:         2.1143
     FFT time:         0.9894
   Solve time:         0.5126
    rlma time:         0.1842
    rlmb time:         0.0816
  pspace time:         1.8732
  psolve time:         1.5612
    dphi time:         0.0786
captured time:        19.8995

     iter/sec:         2.1082
//////////////////////////////////////////////
