 //////////////////////////////////////
 Initializating Rayleigh...

 -- Initalizing MPI...
 ---- Specified parameters:
 ---- NCPU  :    512
 ---- NPROW :     32
 ---- NPCOL :     16
 -- MPI initialized.


 -- Initalizing Grid...
 ---- Specified parameters ----
 ---- N_R                 :    128
 ---- N_THETA             :    192
 ---- Ell_MAX             :    127
 ---- R_MIN               :  5.38462E-01
 ---- R_MAX               :  1.53846E+00
 ---- Chebyshev Domains   :      1

        Domain 1
          Grid points           :  128
          Dealiased Polynomials :  85
          Domain Lower Bound    :  5.38462E-01
          Domain Upper Bound    :  1.53846E+00

 -- Grid initialized.

 -- Initalizing Reference State...
 ---- Specified parameters:
 ---- Reference type           :  Boussinesq (Non-dimensional)
 ---- Rayleigh Number          :  1.00000E+05
 ---- Ekman Number             :  1.00000E-03
 ---- Prandtl Number           :  1.00000E+00
 ---- Magnetic Prandtl Number  :  5.00000E+00
 -- Reference State initialized.

 -- Initializing Fields...
 ---- Specified parameters:
 ---- Hydro Init Type    : Benchmark (Christensen et al. 2001)
 ---- Magnetic Init Type : Benchmark (Christensen et al. 2001)
 -- Fields initialized.

 Initialization Complete.
 //////////////////////////////////////

 Timestep has changed from  0.00000E+00 to  1.00000E-04.
 Iteration:  00000001   DeltaT:  1.000E-04   Iter/sec:  0.000E+00
 Timestep has changed from  1.00000E-04 to  2.55581E-06.
 Iteration:  00000002   DeltaT:  2.556E-06   Iter/sec:  6.494E+00
 Iteration:  00000003   DeltaT:  2.556E-06   Iter/sec:  1.255E+01
 Iteration:  00000004   DeltaT:  2.556E-06   Iter/sec:  3.085E+01
 Iteration:  00000005   DeltaT:  2.556E-06   Iter/sec:  2.969E+01
 Iteration:  00000006   DeltaT:  2.556E-06   Iter/sec:  3.014E+01
 Iteration:  00000007   DeltaT:  2.556E-06   Iter/sec:  3.224E+01
 Iteration:  00000008   DeltaT:  2.556E-06   Iter/sec:  2.947E+01
 Iteration:  00000009   DeltaT:  2.556E-06   Iter/sec:  3.033E+01
 Iteration:  00000010   DeltaT:  2.556E-06   Iter/sec:  3.131E+01
 Iteration:  00000011   DeltaT:  2.556E-06   Iter/sec:  3.115E+01
 Iteration:  00000012   DeltaT:  2.556E-06   Iter/sec:  3.117E+01
 Iteration:  00000013   DeltaT:  2.556E-06   Iter/sec:  2.940E+01
 Iteration:  00000014   DeltaT:  2.556E-06   Iter/sec:  3.254E+01
 Iteration:  00000015   DeltaT:  2.556E-06   Iter/sec:  3.041E+01
 Iteration:  00000016   DeltaT:  2.556E-06   Iter/sec:  2.971E+01
 Iteration:  00000017   DeltaT:  2.556E-06   Iter/sec:  3.105E+01
 Iteration:  00000018   DeltaT:  2.556E-06   Iter/sec:  3.046E+01
 Iteration:  00000019   DeltaT:  2.556E-06   Iter/sec:  3.049E+01
 Iteration:  00000020   DeltaT:  2.556E-06   Iter/sec:  3.040E+01
 Iteration:  00000021   DeltaT:  2.556E-06   Iter/sec:  3.250E+01
 Iteration:  00000022   DeltaT:  2.556E-06   Iter/sec:  3.127E+01
 Iteration:  00000023   DeltaT:  2.556E-06   Iter/sec:  3.055E+01
 Iteration:  00000024   DeltaT:  2.556E-06   Iter/sec:  3.079E+01
 Iteration:  00000025   DeltaT:  2.556E-06   Iter/sec:  3.121E+01
 Iteration:  00000026   DeltaT:  2.556E-06   Iter/sec:  2.819E+01
 Iteration:  00000027   DeltaT:  2.556E-06   Iter/sec:  3.101E+01
 Iteration:  00000028   DeltaT:  2.556E-06   Iter/sec:  3.263E+01
 Iteration:  00000029   DeltaT:  2.556E-06   Iter/sec:  3.207E+01
 Iteration:  00000030   DeltaT:  2.556E-06   Iter/sec:  3.086E+01
 Iteration:  00000031   DeltaT:  2.556E-06   Iter/sec:  3.136E+01
 Iteration:  00000032   DeltaT:  2.556E-06   Iter/sec:  3.092E+01
 Iteration:  00000033   DeltaT:  2.556E-06   Iter/sec:  3.006E+01
 Iteration:  00000034   DeltaT:  2.556E-06   Iter/sec:  3.148E+01
 Iteration:  00000035   DeltaT:  2.556E-06   Iter/sec:  3.154E+01
 Iteration:  00000036   DeltaT:  2.556E-06   Iter/sec:  3.172E+01
 Iteration:  00000037   DeltaT:  2.556E-06   Iter/sec:  3.043E+01
 Iteration:  00000038   DeltaT:  2.556E-06   Iter/sec:  3.128E+01
 Iteration:  00000039   DeltaT:  2.556E-06   Iter/sec:  3.060E+01
 Iteration:  00000040   DeltaT:  2.556E-06   Iter/sec:  3.198E+01
 Iteration:  00000041   DeltaT:  2.556E-06   Iter/sec:  3.160E+01
 Iteration:  00000042   DeltaT:  2.556E-06   Iter/sec:  3.126E+01
 Iteration:  00000043   DeltaT:  2.556E-06   Iter/sec:  3.017E+01
 Iteration:  00000044   DeltaT:  2.556E-06   Iter/sec:  3.113E+01
 Iteration:  00000045   DeltaT:  2.556E-06   Iter/sec:  3.144E+01
 Iteration:  00000046   DeltaT:  2.556E-06   Iter/sec:  3.006E+01
 Iteration:  00000047   DeltaT:  2.556E-06   Iter/sec:  3.298E+01
 Iteration:  00000048   DeltaT:  2.556E-06   Iter/sec:  3.137E+01
 Iteration:  00000049   DeltaT:  2.556E-06   Iter/sec:  3.066E+01
 Iteration:  00000050   DeltaT:  2.556E-06   Iter/sec:  3.155E+01


//////////////////////////////////////////////
   Measured Timings for Process 0  (seconds)

 Elapsed time:         2.2402
  Column time:         0.5431
     Row time:         0.4352
Legendre time:         0.1070
     FFT time:         0.0977
   Solve time:         0.2021
    rlma time:         0.0223
    rlmb time:         0.0086
  pspace time:         0.0982
  psolve time:         0.1746
    dphi time:         0.0115
captured time:         1.7003

     iter/sec:        21.8732
//////////////////////////////////////////////
