 //////////////////////////////////////
 Initializating Rayleigh...

 -- Initalizing MPI...
 ---- Specified parameters:
 ---- NCPU  :    128
 ---- NPROW :     16
 ---- NPCOL :      8
 -- MPI initialized.


 -- Initalizing Grid...
 ---- Specified parameters ----
 ---- N_R                 :    128
 ---- N_THETA             :    768
 ---- Ell_MAX             :    511
 ---- R_MIN               :  5.38462E-01
 ---- R_MAX               :  1.53846E+00
 ---- Chebyshev Domains   :      1

        Domain 1
          Grid points           :  128
          Dealiased Polynomials :  85
          Domain Lower Bound    :  5.38462E-01
          Domain Upper Bound    :  1.53846E+00

 -- Grid initialized.

 -- Initalizing Reference State...
 ---- Specified parameters:
 ---- Reference type           :  Boussinesq (Non-dimensional)
 ---- Rayleigh Number          :  1.00000E+05
 ---- Ekman Number             :  1.00000E-03
 ---- Prandtl Number           :  1.00000E+00
 ---- Magnetic Prandtl Number  :  5.00000E+00
 -- Reference State initialized.

 -- Initializing Fields...
 ---- Specified parameters:
 ---- Hydro Init Type    : Benchmark (Christensen et al. 2001)
 ---- Magnetic Init Type : Benchmark (Christensen et al. 2001)
 -- Fields initialized.

 Initialization Complete.
 //////////////////////////////////////

 Timestep has changed from  0.00000E+00 to  1.00000E-04.
 Iteration:  00000001   DeltaT:  1.000E-04   Iter/sec:  0.000E+00
 Timestep has changed from  1.00000E-04 to  2.55562E-06.
 Iteration:  00000002   DeltaT:  2.556E-06   Iter/sec:  2.507E-01
 Iteration:  00000003   DeltaT:  2.556E-06   Iter/sec:  3.447E-01
 Iteration:  00000004   DeltaT:  2.556E-06   Iter/sec:  3.759E-01
 Iteration:  00000005   DeltaT:  2.556E-06   Iter/sec:  3.877E-01
 Iteration:  00000006   DeltaT:  2.556E-06   Iter/sec:  3.794E-01
 Iteration:  00000007   DeltaT:  2.556E-06   Iter/sec:  3.893E-01
 Iteration:  00000008   DeltaT:  2.556E-06   Iter/sec:  3.845E-01
 Iteration:  00000009   DeltaT:  2.556E-06   Iter/sec:  3.815E-01
 Iteration:  00000010   DeltaT:  2.556E-06   Iter/sec:  3.810E-01
 Iteration:  00000011   DeltaT:  2.556E-06   Iter/sec:  3.674E-01
 Iteration:  00000012   DeltaT:  2.556E-06   Iter/sec:  3.888E-01
 Iteration:  00000013   DeltaT:  2.556E-06   Iter/sec:  3.907E-01
 Iteration:  00000014   DeltaT:  2.556E-06   Iter/sec:  3.747E-01
 Iteration:  00000015   DeltaT:  2.556E-06   Iter/sec:  3.856E-01
 Iteration:  00000016   DeltaT:  2.556E-06   Iter/sec:  3.831E-01
 Iteration:  00000017   DeltaT:  2.556E-06   Iter/sec:  3.800E-01
 Iteration:  00000018   DeltaT:  2.556E-06   Iter/sec:  3.833E-01
 Iteration:  00000019   DeltaT:  2.556E-06   Iter/sec:  3.789E-01
 Iteration:  00000020   DeltaT:  2.556E-06   Iter/sec:  3.783E-01
 Iteration:  00000021   DeltaT:  2.556E-06   Iter/sec:  3.630E-01
 Iteration:  00000022   DeltaT:  2.556E-06   Iter/sec:  3.995E-01
 Iteration:  00000023   DeltaT:  2.556E-06   Iter/sec:  3.795E-01
 Iteration:  00000024   DeltaT:  2.556E-06   Iter/sec:  3.818E-01
 Iteration:  00000025   DeltaT:  2.556E-06   Iter/sec:  3.942E-01
 Iteration:  00000026   DeltaT:  2.556E-06   Iter/sec:  3.811E-01
 Iteration:  00000027   DeltaT:  2.556E-06   Iter/sec:  3.758E-01
 Iteration:  00000028   DeltaT:  2.556E-06   Iter/sec:  3.846E-01
 Iteration:  00000029   DeltaT:  2.556E-06   Iter/sec:  3.851E-01
 Iteration:  00000030   DeltaT:  2.556E-06   Iter/sec:  3.874E-01
 Iteration:  00000031   DeltaT:  2.556E-06   Iter/sec:  3.906E-01
 Iteration:  00000032   DeltaT:  2.556E-06   Iter/sec:  3.820E-01
 Iteration:  00000033   DeltaT:  2.556E-06   Iter/sec:  3.873E-01
 Iteration:  00000034   DeltaT:  2.556E-06   Iter/sec:  3.811E-01
 Iteration:  00000035   DeltaT:  2.556E-06   Iter/sec:  3.899E-01
 Iteration:  00000036   DeltaT:  2.556E-06   Iter/sec:  3.834E-01
 Iteration:  00000037   DeltaT:  2.556E-06   Iter/sec:  3.859E-01
 Iteration:  00000038   DeltaT:  2.556E-06   Iter/sec:  3.881E-01
 Iteration:  00000039   DeltaT:  2.556E-06   Iter/sec:  3.857E-01
 Iteration:  00000040   DeltaT:  2.556E-06   Iter/sec:  3.908E-01
 Iteration:  00000041   DeltaT:  2.556E-06   Iter/sec:  3.873E-01
 Iteration:  00000042   DeltaT:  2.556E-06   Iter/sec:  3.857E-01
 Iteration:  00000043   DeltaT:  2.556E-06   Iter/sec:  3.918E-01
 Iteration:  00000044   DeltaT:  2.556E-06   Iter/sec:  3.823E-01
 Iteration:  00000045   DeltaT:  2.556E-06   Iter/sec:  3.887E-01
 Iteration:  00000046   DeltaT:  2.556E-06   Iter/sec:  3.791E-01
 Iteration:  00000047   DeltaT:  2.556E-06   Iter/sec:  3.847E-01
 Iteration:  00000048   DeltaT:  2.556E-06   Iter/sec:  3.661E-01
 Iteration:  00000049   DeltaT:  2.556E-06   Iter/sec:  3.849E-01
 Iteration:  00000050   DeltaT:  2.556E-06   Iter/sec:  3.872E-01


//////////////////////////////////////////////
   Measured Timings for Process 0  (seconds)

 Elapsed time:       143.4582
  Column time:        18.0281
     Row time:        44.9947
Legendre time:        20.6640
     FFT time:         7.7679
   Solve time:         2.7834
    rlma time:         3.2160
    rlmb time:         1.5915
  pspace time:        16.3538
  psolve time:        13.0265
    dphi time:         0.7514
captured time:       129.1773

     iter/sec:         0.3416
//////////////////////////////////////////////
