 //////////////////////////////////////
 Initializating Rayleigh...

 -- Initalizing MPI...
 ---- Specified parameters:
 ---- NCPU  :    128
 ---- NPROW :     16
 ---- NPCOL :      8
 -- MPI initialized.


 -- Initalizing Grid...
 ---- Specified parameters ----
 ---- N_R                 :    128
 ---- N_THETA             :    192
 ---- Ell_MAX             :    127
 ---- R_MIN               :  5.38462E-01
 ---- R_MAX               :  1.53846E+00
 ---- Chebyshev Domains   :      1

        Domain 1
          Grid points           :  128
          Dealiased Polynomials :  85
          Domain Lower Bound    :  5.38462E-01
          Domain Upper Bound    :  1.53846E+00

 -- Grid initialized.

 -- Initalizing Reference State...
 ---- Specified parameters:
 ---- Reference type           :  Boussinesq (Non-dimensional)
 ---- Rayleigh Number          :  1.00000E+05
 ---- Ekman Number             :  1.00000E-03
 ---- Prandtl Number           :  1.00000E+00
 ---- Magnetic Prandtl Number  :  5.00000E+00
 -- Reference State initialized.

 -- Initializing Fields...
 ---- Specified parameters:
 ---- Hydro Init Type    : Benchmark (Christensen et al. 2001)
 ---- Magnetic Init Type : Benchmark (Christensen et al. 2001)
 -- Fields initialized.

 Initialization Complete.
 //////////////////////////////////////

 Timestep has changed from  0.00000E+00 to  1.00000E-04.
 Iteration:  00000001   DeltaT:  1.000E-04   Iter/sec:  0.000E+00
 Timestep has changed from  1.00000E-04 to  2.55581E-06.
 Iteration:  00000002   DeltaT:  2.556E-06   Iter/sec:  3.472E+00
 Iteration:  00000003   DeltaT:  2.556E-06   Iter/sec:  4.591E+00
 Iteration:  00000004   DeltaT:  2.556E-06   Iter/sec:  8.086E+00
 Iteration:  00000005   DeltaT:  2.556E-06   Iter/sec:  8.147E+00
 Iteration:  00000006   DeltaT:  2.556E-06   Iter/sec:  8.003E+00
 Iteration:  00000007   DeltaT:  2.556E-06   Iter/sec:  8.159E+00
 Iteration:  00000008   DeltaT:  2.556E-06   Iter/sec:  8.144E+00
 Iteration:  00000009   DeltaT:  2.556E-06   Iter/sec:  8.268E+00
 Iteration:  00000010   DeltaT:  2.556E-06   Iter/sec:  8.023E+00
 Iteration:  00000011   DeltaT:  2.556E-06   Iter/sec:  8.037E+00
 Iteration:  00000012   DeltaT:  2.556E-06   Iter/sec:  7.863E+00
 Iteration:  00000013   DeltaT:  2.556E-06   Iter/sec:  8.176E+00
 Iteration:  00000014   DeltaT:  2.556E-06   Iter/sec:  8.081E+00
 Iteration:  00000015   DeltaT:  2.556E-06   Iter/sec:  8.101E+00
 Iteration:  00000016   DeltaT:  2.556E-06   Iter/sec:  8.051E+00
 Iteration:  00000017   DeltaT:  2.556E-06   Iter/sec:  8.107E+00
 Iteration:  00000018   DeltaT:  2.556E-06   Iter/sec:  7.845E+00
 Iteration:  00000019   DeltaT:  2.556E-06   Iter/sec:  8.198E+00
 Iteration:  00000020   DeltaT:  2.556E-06   Iter/sec:  8.083E+00
 Iteration:  00000021   DeltaT:  2.556E-06   Iter/sec:  8.329E+00
 Iteration:  00000022   DeltaT:  2.556E-06   Iter/sec:  8.062E+00
 Iteration:  00000023   DeltaT:  2.556E-06   Iter/sec:  8.119E+00
 Iteration:  00000024   DeltaT:  2.556E-06   Iter/sec:  8.039E+00
 Iteration:  00000025   DeltaT:  2.556E-06   Iter/sec:  8.179E+00
 Iteration:  00000026   DeltaT:  2.556E-06   Iter/sec:  8.116E+00
 Iteration:  00000027   DeltaT:  2.556E-06   Iter/sec:  8.364E+00
 Iteration:  00000028   DeltaT:  2.556E-06   Iter/sec:  8.114E+00
 Iteration:  00000029   DeltaT:  2.556E-06   Iter/sec:  8.265E+00
 Iteration:  00000030   DeltaT:  2.556E-06   Iter/sec:  8.176E+00
 Iteration:  00000031   DeltaT:  2.556E-06   Iter/sec:  8.264E+00
 Iteration:  00000032   DeltaT:  2.556E-06   Iter/sec:  8.150E+00
 Iteration:  00000033   DeltaT:  2.556E-06   Iter/sec:  8.412E+00
 Iteration:  00000034   DeltaT:  2.556E-06   Iter/sec:  8.422E+00
 Iteration:  00000035   DeltaT:  2.556E-06   Iter/sec:  8.189E+00
 Iteration:  00000036   DeltaT:  2.556E-06   Iter/sec:  8.144E+00
 Iteration:  00000037   DeltaT:  2.556E-06   Iter/sec:  8.187E+00
 Iteration:  00000038   DeltaT:  2.556E-06   Iter/sec:  8.169E+00
 Iteration:  00000039   DeltaT:  2.556E-06   Iter/sec:  8.232E+00
 Iteration:  00000040   DeltaT:  2.556E-06   Iter/sec:  8.111E+00
 Iteration:  00000041   DeltaT:  2.556E-06   Iter/sec:  8.272E+00
 Iteration:  00000042   DeltaT:  2.556E-06   Iter/sec:  8.203E+00
 Iteration:  00000043   DeltaT:  2.556E-06   Iter/sec:  8.197E+00
 Iteration:  00000044   DeltaT:  2.556E-06   Iter/sec:  8.214E+00
 Iteration:  00000045   DeltaT:  2.556E-06   Iter/sec:  8.167E+00
 Iteration:  00000046   DeltaT:  2.556E-06   Iter/sec:  8.197E+00
 Iteration:  00000047   DeltaT:  2.556E-06   Iter/sec:  8.241E+00
 Iteration:  00000048   DeltaT:  2.556E-06   Iter/sec:  8.421E+00
 Iteration:  00000049   DeltaT:  2.556E-06   Iter/sec:  8.242E+00
 Iteration:  00000050   DeltaT:  2.556E-06   Iter/sec:  8.483E+00


//////////////////////////////////////////////
   Measured Timings for Process 0  (seconds)

 Elapsed time:         9.9566
  Column time:         0.5325
     Row time:         2.0541
Legendre time:         0.7641
     FFT time:         0.4900
   Solve time:         0.4159
    rlma time:         0.0861
    rlmb time:         0.0325
  pspace time:         0.9776
  psolve time:         0.7939
    dphi time:         0.0686
captured time:         6.2152

     iter/sec:         4.9213
//////////////////////////////////////////////
