 //////////////////////////////////////
 Initializating Rayleigh...

 -- Initalizing MPI...
 ---- Specified parameters:
 ---- NCPU  :   1024
 ---- NPROW :     32
 ---- NPCOL :     32
 -- MPI initialized.


 -- Initalizing Grid...
 ---- Specified parameters ----
 ---- N_R                 :    128
 ---- N_THETA             :    384
 ---- Ell_MAX             :    255
 ---- R_MIN               :  5.38462E-01
 ---- R_MAX               :  1.53846E+00
 ---- Chebyshev Domains   :      1

        Domain 1
          Grid points           :  128
          Dealiased Polynomials :  85
          Domain Lower Bound    :  5.38462E-01
          Domain Upper Bound    :  1.53846E+00

 -- Grid initialized.

 -- Initalizing Reference State...
 ---- Specified parameters:
 ---- Reference type           :  Boussinesq (Non-dimensional)
 ---- Rayleigh Number          :  1.00000E+05
 ---- Ekman Number             :  1.00000E-03
 ---- Prandtl Number           :  1.00000E+00
 ---- Magnetic Prandtl Number  :  5.00000E+00
 -- Reference State initialized.

 -- Initializing Fields...
 ---- Specified parameters:
 ---- Hydro Init Type    : Benchmark (Christensen et al. 2001)
 ---- Magnetic Init Type : Benchmark (Christensen et al. 2001)
 -- Fields initialized.

 Initialization Complete.
 //////////////////////////////////////

 Timestep has changed from  0.00000E+00 to  1.00000E-04.
 Iteration:  00000001   DeltaT:  1.000E-04   Iter/sec:  0.000E+00
 Timestep has changed from  1.00000E-04 to  2.55566E-06.
 Iteration:  00000002   DeltaT:  2.556E-06   Iter/sec:  3.269E+00
 Iteration:  00000003   DeltaT:  2.556E-06   Iter/sec:  5.786E+00
 Iteration:  00000004   DeltaT:  2.556E-06   Iter/sec:  1.242E+01
 Iteration:  00000005   DeltaT:  2.556E-06   Iter/sec:  7.742E+00
 Iteration:  00000006   DeltaT:  2.556E-06   Iter/sec:  1.303E+01
 Iteration:  00000007   DeltaT:  2.556E-06   Iter/sec:  5.865E+00
 Iteration:  00000008   DeltaT:  2.556E-06   Iter/sec:  9.862E+00
 Iteration:  00000009   DeltaT:  2.556E-06   Iter/sec:  1.125E+01
 Iteration:  00000010   DeltaT:  2.556E-06   Iter/sec:  1.356E+01
 Iteration:  00000011   DeltaT:  2.556E-06   Iter/sec:  9.641E+00
 Iteration:  00000012   DeltaT:  2.556E-06   Iter/sec:  7.598E+00
 Iteration:  00000013   DeltaT:  2.556E-06   Iter/sec:  9.649E+00
 Iteration:  00000014   DeltaT:  2.556E-06   Iter/sec:  9.129E+00
 Iteration:  00000015   DeltaT:  2.556E-06   Iter/sec:  1.113E+01
 Iteration:  00000016   DeltaT:  2.556E-06   Iter/sec:  6.593E+00
 Iteration:  00000017   DeltaT:  2.556E-06   Iter/sec:  9.221E+00
 Iteration:  00000018   DeltaT:  2.556E-06   Iter/sec:  1.311E+01
 Iteration:  00000019   DeltaT:  2.556E-06   Iter/sec:  1.332E+01
 Iteration:  00000020   DeltaT:  2.556E-06   Iter/sec:  7.048E+00
 Iteration:  00000021   DeltaT:  2.556E-06   Iter/sec:  1.337E+01
 Iteration:  00000022   DeltaT:  2.556E-06   Iter/sec:  1.231E+01
 Iteration:  00000023   DeltaT:  2.556E-06   Iter/sec:  9.266E+00
 Iteration:  00000024   DeltaT:  2.556E-06   Iter/sec:  1.075E+01
 Iteration:  00000025   DeltaT:  2.556E-06   Iter/sec:  6.487E+00
 Iteration:  00000026   DeltaT:  2.556E-06   Iter/sec:  9.828E+00
 Iteration:  00000027   DeltaT:  2.556E-06   Iter/sec:  1.430E+01
 Iteration:  00000028   DeltaT:  2.556E-06   Iter/sec:  1.311E+01
 Iteration:  00000029   DeltaT:  2.556E-06   Iter/sec:  5.385E+00
 Iteration:  00000030   DeltaT:  2.556E-06   Iter/sec:  1.341E+01
 Iteration:  00000031   DeltaT:  2.556E-06   Iter/sec:  8.601E+00
 Iteration:  00000032   DeltaT:  2.556E-06   Iter/sec:  1.264E+01
 Iteration:  00000033   DeltaT:  2.556E-06   Iter/sec:  5.938E+00
 Iteration:  00000034   DeltaT:  2.556E-06   Iter/sec:  8.580E+00
 Iteration:  00000035   DeltaT:  2.556E-06   Iter/sec:  1.383E+01
 Iteration:  00000036   DeltaT:  2.556E-06   Iter/sec:  1.523E+01
 Iteration:  00000037   DeltaT:  2.556E-06   Iter/sec:  1.366E+01
 Iteration:  00000038   DeltaT:  2.556E-06   Iter/sec:  9.663E+00
 Iteration:  00000039   DeltaT:  2.556E-06   Iter/sec:  1.367E+01
 Iteration:  00000040   DeltaT:  2.556E-06   Iter/sec:  8.589E+00
 Iteration:  00000041   DeltaT:  2.556E-06   Iter/sec:  1.361E+01
 Iteration:  00000042   DeltaT:  2.556E-06   Iter/sec:  1.106E+01
 Iteration:  00000043   DeltaT:  2.556E-06   Iter/sec:  5.103E+00
 Iteration:  00000044   DeltaT:  2.556E-06   Iter/sec:  1.396E+01
 Iteration:  00000045   DeltaT:  2.556E-06   Iter/sec:  1.327E+01
 Iteration:  00000046   DeltaT:  2.556E-06   Iter/sec:  1.344E+01
 Iteration:  00000047   DeltaT:  2.556E-06   Iter/sec:  1.006E+01
 Iteration:  00000048   DeltaT:  2.556E-06   Iter/sec:  1.350E+01
 Iteration:  00000049   DeltaT:  2.556E-06   Iter/sec:  1.032E+01
 Iteration:  00000050   DeltaT:  2.556E-06   Iter/sec:  9.180E+00


//////////////////////////////////////////////
   Measured Timings for Process 0  (seconds)

 Elapsed time:         8.4379
  Column time:         2.5614
     Row time:         1.1233
Legendre time:         0.2898
     FFT time:         0.2448
   Solve time:         0.2260
    rlma time:         0.0437
    rlmb time:         0.0189
  pspace time:         0.3263
  psolve time:         0.2834
    dphi time:         0.0234
captured time:         5.1411

     iter/sec:         5.8072
//////////////////////////////////////////////
