 //////////////////////////////////////
 Initializating Rayleigh...

 -- Initalizing MPI...
 ---- Specified parameters:
 ---- NCPU  :     64
 ---- NPROW :      8
 ---- NPCOL :      8
 -- MPI initialized.


 -- Initalizing Grid...
 ---- Specified parameters ----
 ---- N_R                 :     64
 ---- N_THETA             :    192
 ---- Ell_MAX             :    127
 ---- R_MIN               :  5.38462E-01
 ---- R_MAX               :  1.53846E+00
 ---- Chebyshev Domains   :      1

        Domain 1
          Grid points           :  64
          Dealiased Polynomials :  42
          Domain Lower Bound    :  5.38462E-01
          Domain Upper Bound    :  1.53846E+00

 -- Grid initialized.

 -- Initalizing Reference State...
 ---- Specified parameters:
 ---- Reference type           :  Boussinesq (Non-dimensional)
 ---- Rayleigh Number          :  1.00000E+05
 ---- Ekman Number             :  1.00000E-03
 ---- Prandtl Number           :  1.00000E+00
 ---- Magnetic Prandtl Number  :  5.00000E+00
 -- Reference State initialized.

 -- Initializing Fields...
 ---- Specified parameters:
 ---- Hydro Init Type    : Benchmark (Christensen et al. 2001)
 ---- Magnetic Init Type : Benchmark (Christensen et al. 2001)
 -- Fields initialized.

 Initialization Complete.
 //////////////////////////////////////

 Timestep has changed from  0.00000E+00 to  1.00000E-04.
 Iteration:  00000001   DeltaT:  1.000E-04   Iter/sec:  0.000E+00
 Timestep has changed from  1.00000E-04 to  1.02217E-05.
 Iteration:  00000002   DeltaT:  1.022E-05   Iter/sec:  3.007E-01
 Iteration:  00000003   DeltaT:  1.022E-05   Iter/sec:  7.579E+00
 Iteration:  00000004   DeltaT:  1.022E-05   Iter/sec:  9.118E+00
 Iteration:  00000005   DeltaT:  1.022E-05   Iter/sec:  8.894E+00
 Iteration:  00000006   DeltaT:  1.022E-05   Iter/sec:  8.796E+00
 Iteration:  00000007   DeltaT:  1.022E-05   Iter/sec:  8.677E+00
 Iteration:  00000008   DeltaT:  1.022E-05   Iter/sec:  8.722E+00
 Iteration:  00000009   DeltaT:  1.022E-05   Iter/sec:  8.926E+00
 Iteration:  00000010   DeltaT:  1.022E-05   Iter/sec:  8.760E+00
 Iteration:  00000011   DeltaT:  1.022E-05   Iter/sec:  8.758E+00
 Iteration:  00000012   DeltaT:  1.022E-05   Iter/sec:  8.748E+00
 Iteration:  00000013   DeltaT:  1.022E-05   Iter/sec:  8.768E+00
 Iteration:  00000014   DeltaT:  1.022E-05   Iter/sec:  8.827E+00
 Iteration:  00000015   DeltaT:  1.022E-05   Iter/sec:  8.815E+00
 Iteration:  00000016   DeltaT:  1.022E-05   Iter/sec:  9.065E+00
 Iteration:  00000017   DeltaT:  1.022E-05   Iter/sec:  8.734E+00
 Iteration:  00000018   DeltaT:  1.022E-05   Iter/sec:  8.949E+00
 Iteration:  00000019   DeltaT:  1.022E-05   Iter/sec:  9.166E+00
 Iteration:  00000020   DeltaT:  1.022E-05   Iter/sec:  9.057E+00
 Iteration:  00000021   DeltaT:  1.022E-05   Iter/sec:  9.286E+00
 Iteration:  00000022   DeltaT:  1.022E-05   Iter/sec:  8.846E+00
 Iteration:  00000023   DeltaT:  1.022E-05   Iter/sec:  9.122E+00
 Iteration:  00000024   DeltaT:  1.022E-05   Iter/sec:  9.109E+00
 Iteration:  00000025   DeltaT:  1.022E-05   Iter/sec:  9.194E+00
 Iteration:  00000026   DeltaT:  1.022E-05   Iter/sec:  9.016E+00
 Iteration:  00000027   DeltaT:  1.022E-05   Iter/sec:  9.136E+00
 Iteration:  00000028   DeltaT:  1.022E-05   Iter/sec:  9.225E+00
 Iteration:  00000029   DeltaT:  1.022E-05   Iter/sec:  9.280E+00
 Iteration:  00000030   DeltaT:  1.022E-05   Iter/sec:  9.275E+00
 Iteration:  00000031   DeltaT:  1.022E-05   Iter/sec:  9.198E+00
 Iteration:  00000032   DeltaT:  1.022E-05   Iter/sec:  9.159E+00
 Iteration:  00000033   DeltaT:  1.022E-05   Iter/sec:  9.150E+00
 Iteration:  00000034   DeltaT:  1.022E-05   Iter/sec:  9.043E+00
 Iteration:  00000035   DeltaT:  1.022E-05   Iter/sec:  9.083E+00
 Iteration:  00000036   DeltaT:  1.022E-05   Iter/sec:  9.208E+00
 Iteration:  00000037   DeltaT:  1.022E-05   Iter/sec:  9.219E+00
 Iteration:  00000038   DeltaT:  1.022E-05   Iter/sec:  9.081E+00
 Iteration:  00000039   DeltaT:  1.022E-05   Iter/sec:  9.078E+00
 Iteration:  00000040   DeltaT:  1.022E-05   Iter/sec:  9.142E+00
 Iteration:  00000041   DeltaT:  1.022E-05   Iter/sec:  9.183E+00
 Iteration:  00000042   DeltaT:  1.022E-05   Iter/sec:  9.123E+00
 Iteration:  00000043   DeltaT:  1.022E-05   Iter/sec:  9.138E+00
 Iteration:  00000044   DeltaT:  1.022E-05   Iter/sec:  8.967E+00
 Iteration:  00000045   DeltaT:  1.022E-05   Iter/sec:  9.177E+00
 Iteration:  00000046   DeltaT:  1.022E-05   Iter/sec:  9.167E+00
 Iteration:  00000047   DeltaT:  1.022E-05   Iter/sec:  9.127E+00
 Iteration:  00000048   DeltaT:  1.022E-05   Iter/sec:  9.095E+00
 Iteration:  00000049   DeltaT:  1.022E-05   Iter/sec:  9.033E+00
 Iteration:  00000050   DeltaT:  1.022E-05   Iter/sec:  9.172E+00


//////////////////////////////////////////////
   Measured Timings for Process 0  (seconds)

 Elapsed time:         6.4952
  Column time:         0.6103
     Row time:         1.9022
Legendre time:         0.6716
     FFT time:         0.5014
   Solve time:         0.1606
    rlma time:         0.0986
    rlmb time:         0.0380
  pspace time:         0.9216
  psolve time:         0.6288
    dphi time:         0.0558
captured time:         5.5890

     iter/sec:         7.5441
//////////////////////////////////////////////
