 //////////////////////////////////////
 Initializating Rayleigh...

 -- Initalizing MPI...
 ---- Specified parameters:
 ---- NCPU  :    512
 ---- NPROW :     32
 ---- NPCOL :     16
 -- MPI initialized.


 -- Initalizing Grid...
 ---- Specified parameters ----
 ---- N_R                 :     64
 ---- N_THETA             :    192
 ---- Ell_MAX             :    127
 ---- R_MIN               :  5.38462E-01
 ---- R_MAX               :  1.53846E+00
 ---- Chebyshev Domains   :      1

        Domain 1
          Grid points           :  64
          Dealiased Polynomials :  42
          Domain Lower Bound    :  5.38462E-01
          Domain Upper Bound    :  1.53846E+00

 -- Grid initialized.

 -- Initalizing Reference State...
 ---- Specified parameters:
 ---- Reference type           :  Boussinesq (Non-dimensional)
 ---- Rayleigh Number          :  1.00000E+05
 ---- Ekman Number             :  1.00000E-03
 ---- Prandtl Number           :  1.00000E+00
 ---- Magnetic Prandtl Number  :  5.00000E+00
 -- Reference State initialized.

 -- Initializing Fields...
 ---- Specified parameters:
 ---- Hydro Init Type    : Benchmark (Christensen et al. 2001)
 ---- Magnetic Init Type : Benchmark (Christensen et al. 2001)
 -- Fields initialized.

 Initialization Complete.
 //////////////////////////////////////

 Timestep has changed from  0.00000E+00 to  1.00000E-04.
 Iteration:  00000001   DeltaT:  1.000E-04   Iter/sec:  0.000E+00
 Timestep has changed from  1.00000E-04 to  1.02217E-05.
 Iteration:  00000002   DeltaT:  1.022E-05   Iter/sec:  1.274E+00
 Iteration:  00000003   DeltaT:  1.022E-05   Iter/sec:  4.842E+01
 Iteration:  00000004   DeltaT:  1.022E-05   Iter/sec:  7.088E+01
 Iteration:  00000005   DeltaT:  1.022E-05   Iter/sec:  7.733E+01
 Iteration:  00000006   DeltaT:  1.022E-05   Iter/sec:  7.450E+01
 Iteration:  00000007   DeltaT:  1.022E-05   Iter/sec:  7.459E+01
 Iteration:  00000008   DeltaT:  1.022E-05   Iter/sec:  7.422E+01
 Iteration:  00000009   DeltaT:  1.022E-05   Iter/sec:  7.135E+01
 Iteration:  00000010   DeltaT:  1.022E-05   Iter/sec:  7.406E+01
 Iteration:  00000011   DeltaT:  1.022E-05   Iter/sec:  7.392E+01
 Iteration:  00000012   DeltaT:  1.022E-05   Iter/sec:  7.348E+01
 Iteration:  00000013   DeltaT:  1.022E-05   Iter/sec:  7.427E+01
 Iteration:  00000014   DeltaT:  1.022E-05   Iter/sec:  7.404E+01
 Iteration:  00000015   DeltaT:  1.022E-05   Iter/sec:  7.550E+01
 Iteration:  00000016   DeltaT:  1.022E-05   Iter/sec:  7.412E+01
 Iteration:  00000017   DeltaT:  1.022E-05   Iter/sec:  7.601E+01
 Iteration:  00000018   DeltaT:  1.022E-05   Iter/sec:  7.353E+01
 Iteration:  00000019   DeltaT:  1.022E-05   Iter/sec:  7.433E+01
 Iteration:  00000020   DeltaT:  1.022E-05   Iter/sec:  7.669E+01
 Iteration:  00000021   DeltaT:  1.022E-05   Iter/sec:  7.354E+01
 Iteration:  00000022   DeltaT:  1.022E-05   Iter/sec:  7.428E+01
 Iteration:  00000023   DeltaT:  1.022E-05   Iter/sec:  7.493E+01
 Iteration:  00000024   DeltaT:  1.022E-05   Iter/sec:  7.529E+01
 Iteration:  00000025   DeltaT:  1.022E-05   Iter/sec:  7.403E+01
 Iteration:  00000026   DeltaT:  1.022E-05   Iter/sec:  7.399E+01
 Iteration:  00000027   DeltaT:  1.022E-05   Iter/sec:  7.531E+01
 Iteration:  00000028   DeltaT:  1.022E-05   Iter/sec:  7.717E+01
 Iteration:  00000029   DeltaT:  1.022E-05   Iter/sec:  7.291E+01
 Iteration:  00000030   DeltaT:  1.022E-05   Iter/sec:  7.871E+01
 Iteration:  00000031   DeltaT:  1.022E-05   Iter/sec:  7.362E+01
 Iteration:  00000032   DeltaT:  1.022E-05   Iter/sec:  7.567E+01
 Iteration:  00000033   DeltaT:  1.022E-05   Iter/sec:  7.252E+01
 Iteration:  00000034   DeltaT:  1.022E-05   Iter/sec:  7.751E+01
 Iteration:  00000035   DeltaT:  1.022E-05   Iter/sec:  7.608E+01
 Iteration:  00000036   DeltaT:  1.022E-05   Iter/sec:  7.599E+01
 Iteration:  00000037   DeltaT:  1.022E-05   Iter/sec:  7.550E+01
 Iteration:  00000038   DeltaT:  1.022E-05   Iter/sec:  7.564E+01
 Iteration:  00000039   DeltaT:  1.022E-05   Iter/sec:  7.126E+01
 Iteration:  00000040   DeltaT:  1.022E-05   Iter/sec:  7.777E+01
 Iteration:  00000041   DeltaT:  1.022E-05   Iter/sec:  7.510E+01
 Iteration:  00000042   DeltaT:  1.022E-05   Iter/sec:  7.442E+01
 Iteration:  00000043   DeltaT:  1.022E-05   Iter/sec:  7.359E+01
 Iteration:  00000044   DeltaT:  1.022E-05   Iter/sec:  7.861E+01
 Iteration:  00000045   DeltaT:  1.022E-05   Iter/sec:  7.456E+01
 Iteration:  00000046   DeltaT:  1.022E-05   Iter/sec:  7.716E+01
 Iteration:  00000047   DeltaT:  1.022E-05   Iter/sec:  7.375E+01
 Iteration:  00000048   DeltaT:  1.022E-05   Iter/sec:  7.660E+01
 Iteration:  00000049   DeltaT:  1.022E-05   Iter/sec:  7.631E+01
 Iteration:  00000050   DeltaT:  1.022E-05   Iter/sec:  7.462E+01


//////////////////////////////////////////////
   Measured Timings for Process 0  (seconds)

 Elapsed time:         4.4942
  Column time:         0.3775
     Row time:         0.1924
Legendre time:         0.0519
     FFT time:         0.0805
   Solve time:         0.0649
    rlma time:         0.0147
    rlmb time:         0.0050
  pspace time:         0.0264
  psolve time:         0.0605
    dphi time:         0.0030
captured time:         0.8767

     iter/sec:        10.9030
//////////////////////////////////////////////
