 //////////////////////////////////////
 Initializating Rayleigh...

 -- Initalizing MPI...
 ---- Specified parameters:
 ---- NCPU  :    512
 ---- NPROW :     32
 ---- NPCOL :     16
 -- MPI initialized.


 -- Initalizing Grid...
 ---- Specified parameters ----
 ---- N_R                 :    128
 ---- N_THETA             :    384
 ---- Ell_MAX             :    255
 ---- R_MIN               :  5.38462E-01
 ---- R_MAX               :  1.53846E+00
 ---- Chebyshev Domains   :      1

        Domain 1
          Grid points           :  128
          Dealiased Polynomials :  85
          Domain Lower Bound    :  5.38462E-01
          Domain Upper Bound    :  1.53846E+00

 -- Grid initialized.

[SHTns 3.4.5] built Apr 30 2021, 16:03:12, id: avx2,ishioka
        Lmax=255, Mmax*Mres=255, Mres=1, Nlm=32896  [1 threads, orthonormalized]
        => using FFTW : Mmax=255, Nphi=768, Nlat=384  (data layout : phi_inc=384, theta_inc=1, phi_embed=768)
        => using Gauss nodes
        + polar optimization threshold = 1.0e-08
        finding optimal algorithm..........
        + SHT accuracy = 1.54e-12
        => SHTns is ready.
 -- Initalizing Reference State...
 ---- Specified parameters:
 ---- Reference type           :  Boussinesq (Non-dimensional)
 ---- Rayleigh Number          :  1.00000E+05
 ---- Ekman Number             :  1.00000E-03
 ---- Prandtl Number           :  1.00000E+00
 ---- Magnetic Prandtl Number  :  5.00000E+00
 -- Reference State initialized.

 -- Initializing Fields...
 ---- Specified parameters:
 ---- Hydro Init Type    : Benchmark (Christensen et al. 2001)
 ---- Magnetic Init Type : Benchmark (Christensen et al. 2001)
 -- Fields initialized.

 Initialization Complete.
 //////////////////////////////////////

 Timestep has changed from  0.00000E+00 to  1.00000E-04.
 Iteration:  00000001   DeltaT:  1.000E-04   Iter/sec:  0.000E+00
 Timestep has changed from  1.00000E-04 to  2.55566E-06.
 Iteration:  00000002   DeltaT:  2.556E-06   Iter/sec:  1.075E-01
 Iteration:  00000003   DeltaT:  2.556E-06   Iter/sec:  4.162E+00
 Iteration:  00000004   DeltaT:  2.556E-06   Iter/sec:  6.169E+00
 Iteration:  00000005   DeltaT:  2.556E-06   Iter/sec:  6.559E+00
 Iteration:  00000006   DeltaT:  2.556E-06   Iter/sec:  6.780E+00
 Iteration:  00000007   DeltaT:  2.556E-06   Iter/sec:  6.432E+00
 Iteration:  00000008   DeltaT:  2.556E-06   Iter/sec:  6.661E+00
 Iteration:  00000009   DeltaT:  2.556E-06   Iter/sec:  6.916E+00
 Iteration:  00000010   DeltaT:  2.556E-06   Iter/sec:  6.822E+00
 Iteration:  00000011   DeltaT:  2.556E-06   Iter/sec:  6.820E+00
 Iteration:  00000012   DeltaT:  2.556E-06   Iter/sec:  7.003E+00
 Iteration:  00000013   DeltaT:  2.556E-06   Iter/sec:  6.618E+00
 Iteration:  00000014   DeltaT:  2.556E-06   Iter/sec:  6.872E+00
 Iteration:  00000015   DeltaT:  2.556E-06   Iter/sec:  6.672E+00
 Iteration:  00000016   DeltaT:  2.556E-06   Iter/sec:  6.782E+00
 Iteration:  00000017   DeltaT:  2.556E-06   Iter/sec:  7.223E+00
 Iteration:  00000018   DeltaT:  2.556E-06   Iter/sec:  6.803E+00
 Iteration:  00000019   DeltaT:  2.556E-06   Iter/sec:  7.026E+00
 Iteration:  00000020   DeltaT:  2.556E-06   Iter/sec:  6.747E+00
 Iteration:  00000021   DeltaT:  2.556E-06   Iter/sec:  7.101E+00
 Iteration:  00000022   DeltaT:  2.556E-06   Iter/sec:  6.864E+00
 Iteration:  00000023   DeltaT:  2.556E-06   Iter/sec:  6.531E+00
 Iteration:  00000024   DeltaT:  2.556E-06   Iter/sec:  6.846E+00
 Iteration:  00000025   DeltaT:  2.556E-06   Iter/sec:  7.176E+00
 Iteration:  00000026   DeltaT:  2.556E-06   Iter/sec:  6.829E+00
 Iteration:  00000027   DeltaT:  2.556E-06   Iter/sec:  6.684E+00
 Iteration:  00000028   DeltaT:  2.556E-06   Iter/sec:  6.810E+00
 Iteration:  00000029   DeltaT:  2.556E-06   Iter/sec:  6.888E+00
 Iteration:  00000030   DeltaT:  2.556E-06   Iter/sec:  6.839E+00
 Iteration:  00000031   DeltaT:  2.556E-06   Iter/sec:  6.573E+00
 Iteration:  00000032   DeltaT:  2.556E-06   Iter/sec:  7.021E+00
 Iteration:  00000033   DeltaT:  2.556E-06   Iter/sec:  6.949E+00
 Iteration:  00000034   DeltaT:  2.556E-06   Iter/sec:  6.644E+00
 Iteration:  00000035   DeltaT:  2.556E-06   Iter/sec:  6.820E+00
 Iteration:  00000036   DeltaT:  2.556E-06   Iter/sec:  6.799E+00
 Iteration:  00000037   DeltaT:  2.556E-06   Iter/sec:  6.883E+00
 Iteration:  00000038   DeltaT:  2.556E-06   Iter/sec:  6.827E+00
 Iteration:  00000039   DeltaT:  2.556E-06   Iter/sec:  6.778E+00
 Iteration:  00000040   DeltaT:  2.556E-06   Iter/sec:  6.837E+00
 Iteration:  00000041   DeltaT:  2.556E-06   Iter/sec:  6.708E+00
 Iteration:  00000042   DeltaT:  2.556E-06   Iter/sec:  6.570E+00
 Iteration:  00000043   DeltaT:  2.556E-06   Iter/sec:  6.925E+00
 Iteration:  00000044   DeltaT:  2.556E-06   Iter/sec:  6.997E+00
 Iteration:  00000045   DeltaT:  2.556E-06   Iter/sec:  6.884E+00
 Iteration:  00000046   DeltaT:  2.556E-06   Iter/sec:  6.824E+00
 Iteration:  00000047   DeltaT:  2.556E-06   Iter/sec:  6.916E+00
 Iteration:  00000048   DeltaT:  2.556E-06   Iter/sec:  6.907E+00
 Iteration:  00000049   DeltaT:  2.556E-06   Iter/sec:  6.865E+00
 Iteration:  00000050   DeltaT:  2.556E-06   Iter/sec:  6.717E+00


//////////////////////////////////////////////
   Measured Timings for Process 0  (seconds)

 Elapsed time:         8.8840
  Column time:         2.1368
     Row time:         2.1829
Legendre time:         0.5357
     FFT time:         0.4862
   Solve time:         0.4086
    rlma time:         0.0835
    rlmb time:         0.0368
  pspace time:         0.8705
  psolve time:         0.6825
    dphi time:         0.0448
captured time:         7.4685

     iter/sec:         5.6281
//////////////////////////////////////////////
