 //////////////////////////////////////
 Initializating Rayleigh...

 -- Initalizing MPI...
 ---- Specified parameters:
 ---- NCPU  :    128
 ---- NPROW :      8
 ---- NPCOL :     16
 -- MPI initialized.


 -- Initalizing Grid...
 ---- Specified parameters ----
 ---- N_R                 :    128
 ---- N_THETA             :    192
 ---- Ell_MAX             :    127
 ---- R_MIN               :  5.38462E-01
 ---- R_MAX               :  1.53846E+00
 ---- Chebyshev Domains   :      1

        Domain 1
          Grid points           :  128
          Dealiased Polynomials :  85
          Domain Lower Bound    :  5.38462E-01
          Domain Upper Bound    :  1.53846E+00

 -- Grid initialized.

[SHTns 3.4.5] built Apr 30 2021, 16:03:12, id: avx2,ishioka
        Lmax=127, Mmax*Mres=127, Mres=1, Nlm=8256  [1 threads, orthonormalized]
        => using FFTW : Mmax=127, Nphi=384, Nlat=192  (data layout : phi_inc=192, theta_inc=1, phi_embed=384)
        => using Gauss nodes
        + polar optimization threshold = 1.0e-08
        finding optimal algorithm........
        + SHT accuracy = 4.18e-14
        => SHTns is ready.
 -- Initalizing Reference State...
 ---- Specified parameters:
 ---- Reference type           :  Boussinesq (Non-dimensional)
 ---- Rayleigh Number          :  1.00000E+05
 ---- Ekman Number             :  1.00000E-03
 ---- Prandtl Number           :  1.00000E+00
 ---- Magnetic Prandtl Number  :  5.00000E+00
 -- Reference State initialized.

 -- Initializing Fields...
 ---- Specified parameters:
 ---- Hydro Init Type    : Benchmark (Christensen et al. 2001)
 ---- Magnetic Init Type : Benchmark (Christensen et al. 2001)
 -- Fields initialized.

 Initialization Complete.
 //////////////////////////////////////

 Timestep has changed from  0.00000E+00 to  1.00000E-04.
 Iteration:  00000001   DeltaT:  1.000E-04   Iter/sec:  0.000E+00
 Timestep has changed from  1.00000E-04 to  2.55581E-06.
 Iteration:  00000002   DeltaT:  2.556E-06   Iter/sec:  2.390E-01
 Iteration:  00000003   DeltaT:  2.556E-06   Iter/sec:  5.881E+00
 Iteration:  00000004   DeltaT:  2.556E-06   Iter/sec:  8.525E+00
 Iteration:  00000005   DeltaT:  2.556E-06   Iter/sec:  8.482E+00
 Iteration:  00000006   DeltaT:  2.556E-06   Iter/sec:  8.623E+00
 Iteration:  00000007   DeltaT:  2.556E-06   Iter/sec:  8.674E+00
 Iteration:  00000008   DeltaT:  2.556E-06   Iter/sec:  8.536E+00
 Iteration:  00000009   DeltaT:  2.556E-06   Iter/sec:  8.600E+00
 Iteration:  00000010   DeltaT:  2.556E-06   Iter/sec:  8.567E+00
 Iteration:  00000011   DeltaT:  2.556E-06   Iter/sec:  8.532E+00
 Iteration:  00000012   DeltaT:  2.556E-06   Iter/sec:  8.637E+00
 Iteration:  00000013   DeltaT:  2.556E-06   Iter/sec:  8.605E+00
 Iteration:  00000014   DeltaT:  2.556E-06   Iter/sec:  8.714E+00
 Iteration:  00000015   DeltaT:  2.556E-06   Iter/sec:  8.744E+00
 Iteration:  00000016   DeltaT:  2.556E-06   Iter/sec:  8.748E+00
 Iteration:  00000017   DeltaT:  2.556E-06   Iter/sec:  8.603E+00
 Iteration:  00000018   DeltaT:  2.556E-06   Iter/sec:  8.662E+00
 Iteration:  00000019   DeltaT:  2.556E-06   Iter/sec:  8.749E+00
 Iteration:  00000020   DeltaT:  2.556E-06   Iter/sec:  8.693E+00
 Iteration:  00000021   DeltaT:  2.556E-06   Iter/sec:  8.701E+00
 Iteration:  00000022   DeltaT:  2.556E-06   Iter/sec:  8.593E+00
 Iteration:  00000023   DeltaT:  2.556E-06   Iter/sec:  8.712E+00
 Iteration:  00000024   DeltaT:  2.556E-06   Iter/sec:  8.747E+00
 Iteration:  00000025   DeltaT:  2.556E-06   Iter/sec:  8.739E+00
 Iteration:  00000026   DeltaT:  2.556E-06   Iter/sec:  8.937E+00
 Iteration:  00000027   DeltaT:  2.556E-06   Iter/sec:  8.756E+00
 Iteration:  00000028   DeltaT:  2.556E-06   Iter/sec:  8.657E+00
 Iteration:  00000029   DeltaT:  2.556E-06   Iter/sec:  8.638E+00
 Iteration:  00000030   DeltaT:  2.556E-06   Iter/sec:  8.736E+00
 Iteration:  00000031   DeltaT:  2.556E-06   Iter/sec:  8.740E+00
 Iteration:  00000032   DeltaT:  2.556E-06   Iter/sec:  8.618E+00
 Iteration:  00000033   DeltaT:  2.556E-06   Iter/sec:  8.778E+00
 Iteration:  00000034   DeltaT:  2.556E-06   Iter/sec:  8.719E+00
 Iteration:  00000035   DeltaT:  2.556E-06   Iter/sec:  8.857E+00
 Iteration:  00000036   DeltaT:  2.556E-06   Iter/sec:  8.781E+00
 Iteration:  00000037   DeltaT:  2.556E-06   Iter/sec:  8.749E+00
 Iteration:  00000038   DeltaT:  2.556E-06   Iter/sec:  8.961E+00
 Iteration:  00000039   DeltaT:  2.556E-06   Iter/sec:  8.707E+00
 Iteration:  00000040   DeltaT:  2.556E-06   Iter/sec:  8.749E+00
 Iteration:  00000041   DeltaT:  2.556E-06   Iter/sec:  8.500E+00
 Iteration:  00000042   DeltaT:  2.556E-06   Iter/sec:  8.920E+00
 Iteration:  00000043   DeltaT:  2.556E-06   Iter/sec:  8.812E+00
 Iteration:  00000044   DeltaT:  2.556E-06   Iter/sec:  8.785E+00
 Iteration:  00000045   DeltaT:  2.556E-06   Iter/sec:  8.623E+00
 Iteration:  00000046   DeltaT:  2.556E-06   Iter/sec:  8.863E+00
 Iteration:  00000047   DeltaT:  2.556E-06   Iter/sec:  8.659E+00
 Iteration:  00000048   DeltaT:  2.556E-06   Iter/sec:  8.746E+00
 Iteration:  00000049   DeltaT:  2.556E-06   Iter/sec:  8.667E+00
 Iteration:  00000050   DeltaT:  2.556E-06   Iter/sec:  9.103E+00


//////////////////////////////////////////////
   Measured Timings for Process 0  (seconds)

 Elapsed time:         6.1552
  Column time:         0.7401
     Row time:         2.0267
Legendre time:         0.4300
     FFT time:         0.4798
   Solve time:         0.3132
    rlma time:         0.0914
    rlmb time:         0.0433
  pspace time:         0.9224
  psolve time:         0.6870
    dphi time:         0.0569
captured time:         5.7909

     iter/sec:         8.1233
//////////////////////////////////////////////
