 //////////////////////////////////////
 Initializating Rayleigh...

 -- Initalizing MPI...
 ---- Specified parameters:
 ---- NCPU  :    256
 ---- NPROW :     16
 ---- NPCOL :     16
 -- MPI initialized.


 -- Initalizing Grid...
 ---- Specified parameters ----
 ---- N_R                 :     64
 ---- N_THETA             :    384
 ---- Ell_MAX             :    255
 ---- R_MIN               :  5.38462E-01
 ---- R_MAX               :  1.53846E+00
 ---- Chebyshev Domains   :      1

        Domain 1
          Grid points           :  64
          Dealiased Polynomials :  42
          Domain Lower Bound    :  5.38462E-01
          Domain Upper Bound    :  1.53846E+00

 -- Grid initialized.

[SHTns 3.4.5] built Apr 30 2021, 16:03:12, id: avx2,ishioka
        Lmax=255, Mmax*Mres=255, Mres=1, Nlm=32896  [1 threads, orthonormalized]
        => using FFTW : Mmax=255, Nphi=768, Nlat=384  (data layout : phi_inc=384, theta_inc=1, phi_embed=768)
        => using Gauss nodes
        + polar optimization threshold = 1.0e-08
        finding optimal algorithm..........
        + SHT accuracy = 1.58e-12
        => SHTns is ready.
 -- Initalizing Reference State...
 ---- Specified parameters:
 ---- Reference type           :  Boussinesq (Non-dimensional)
 ---- Rayleigh Number          :  1.00000E+05
 ---- Ekman Number             :  1.00000E-03
 ---- Prandtl Number           :  1.00000E+00
 ---- Magnetic Prandtl Number  :  5.00000E+00
 -- Reference State initialized.

 -- Initializing Fields...
 ---- Specified parameters:
 ---- Hydro Init Type    : Benchmark (Christensen et al. 2001)
 ---- Magnetic Init Type : Benchmark (Christensen et al. 2001)
 -- Fields initialized.

 Initialization Complete.
 //////////////////////////////////////

 Timestep has changed from  0.00000E+00 to  1.00000E-04.
 Iteration:  00000001   DeltaT:  1.000E-04   Iter/sec:  0.000E+00
 Timestep has changed from  1.00000E-04 to  1.02211E-05.
 Iteration:  00000002   DeltaT:  1.022E-05   Iter/sec:  1.117E-01
 Iteration:  00000003   DeltaT:  1.022E-05   Iter/sec:  7.017E+00
 Iteration:  00000004   DeltaT:  1.022E-05   Iter/sec:  7.796E+00
 Iteration:  00000005   DeltaT:  1.022E-05   Iter/sec:  7.823E+00
 Iteration:  00000006   DeltaT:  1.022E-05   Iter/sec:  7.804E+00
 Iteration:  00000007   DeltaT:  1.022E-05   Iter/sec:  7.856E+00
 Iteration:  00000008   DeltaT:  1.022E-05   Iter/sec:  7.930E+00
 Iteration:  00000009   DeltaT:  1.022E-05   Iter/sec:  7.848E+00
 Iteration:  00000010   DeltaT:  1.022E-05   Iter/sec:  7.679E+00
 Iteration:  00000011   DeltaT:  1.022E-05   Iter/sec:  7.913E+00
 Iteration:  00000012   DeltaT:  1.022E-05   Iter/sec:  7.902E+00
 Iteration:  00000013   DeltaT:  1.022E-05   Iter/sec:  7.915E+00
 Iteration:  00000014   DeltaT:  1.022E-05   Iter/sec:  7.785E+00
 Iteration:  00000015   DeltaT:  1.022E-05   Iter/sec:  7.893E+00
 Iteration:  00000016   DeltaT:  1.022E-05   Iter/sec:  7.968E+00
 Iteration:  00000017   DeltaT:  1.022E-05   Iter/sec:  7.962E+00
 Iteration:  00000018   DeltaT:  1.022E-05   Iter/sec:  7.935E+00
 Iteration:  00000019   DeltaT:  1.022E-05   Iter/sec:  7.980E+00
 Iteration:  00000020   DeltaT:  1.022E-05   Iter/sec:  8.006E+00
 Iteration:  00000021   DeltaT:  1.022E-05   Iter/sec:  7.914E+00
 Iteration:  00000022   DeltaT:  1.022E-05   Iter/sec:  7.954E+00
 Iteration:  00000023   DeltaT:  1.022E-05   Iter/sec:  7.910E+00
 Iteration:  00000024   DeltaT:  1.022E-05   Iter/sec:  7.958E+00
 Iteration:  00000025   DeltaT:  1.022E-05   Iter/sec:  8.040E+00
 Iteration:  00000026   DeltaT:  1.022E-05   Iter/sec:  8.114E+00
 Iteration:  00000027   DeltaT:  1.022E-05   Iter/sec:  8.004E+00
 Iteration:  00000028   DeltaT:  1.022E-05   Iter/sec:  7.965E+00
 Iteration:  00000029   DeltaT:  1.022E-05   Iter/sec:  8.173E+00
 Iteration:  00000030   DeltaT:  1.022E-05   Iter/sec:  7.984E+00
 Iteration:  00000031   DeltaT:  1.022E-05   Iter/sec:  7.975E+00
 Iteration:  00000032   DeltaT:  1.022E-05   Iter/sec:  8.094E+00
 Iteration:  00000033   DeltaT:  1.022E-05   Iter/sec:  8.126E+00
 Iteration:  00000034   DeltaT:  1.022E-05   Iter/sec:  8.115E+00
 Iteration:  00000035   DeltaT:  1.022E-05   Iter/sec:  8.003E+00
 Iteration:  00000036   DeltaT:  1.022E-05   Iter/sec:  8.005E+00
 Iteration:  00000037   DeltaT:  1.022E-05   Iter/sec:  8.180E+00
 Iteration:  00000038   DeltaT:  1.022E-05   Iter/sec:  7.998E+00
 Iteration:  00000039   DeltaT:  1.022E-05   Iter/sec:  8.025E+00
 Iteration:  00000040   DeltaT:  1.022E-05   Iter/sec:  8.097E+00
 Iteration:  00000041   DeltaT:  1.022E-05   Iter/sec:  7.995E+00
 Iteration:  00000042   DeltaT:  1.022E-05   Iter/sec:  8.332E+00
 Iteration:  00000043   DeltaT:  1.022E-05   Iter/sec:  8.171E+00
 Iteration:  00000044   DeltaT:  1.022E-05   Iter/sec:  7.940E+00
 Iteration:  00000045   DeltaT:  1.022E-05   Iter/sec:  8.185E+00
 Iteration:  00000046   DeltaT:  1.022E-05   Iter/sec:  8.046E+00
 Iteration:  00000047   DeltaT:  1.022E-05   Iter/sec:  7.989E+00
 Iteration:  00000048   DeltaT:  1.022E-05   Iter/sec:  8.055E+00
 Iteration:  00000049   DeltaT:  1.022E-05   Iter/sec:  8.023E+00
 Iteration:  00000050   DeltaT:  1.022E-05   Iter/sec:  8.229E+00


//////////////////////////////////////////////
   Measured Timings for Process 0  (seconds)

 Elapsed time:         6.6825
  Column time:         1.2546
     Row time:         1.9734
Legendre time:         0.5649
     FFT time:         0.4879
   Solve time:         0.1533
    rlma time:         0.0901
    rlmb time:         0.0375
  pspace time:         0.9607
  psolve time:         0.6300
    dphi time:         0.0675
captured time:         6.2198

     iter/sec:         7.4823
//////////////////////////////////////////////
