 //////////////////////////////////////
 Initializating Rayleigh...

 -- Initalizing MPI...
 ---- Specified parameters:
 ---- NCPU  :    256
 ---- NPROW :     32
 ---- NPCOL :      8
 -- MPI initialized.


 -- Initalizing Grid...
 ---- Specified parameters ----
 ---- N_R                 :    128
 ---- N_THETA             :    192
 ---- Ell_MAX             :    127
 ---- R_MIN               :  5.38462E-01
 ---- R_MAX               :  1.53846E+00
 ---- Chebyshev Domains   :      1

        Domain 1
          Grid points           :  128
          Dealiased Polynomials :  85
          Domain Lower Bound    :  5.38462E-01
          Domain Upper Bound    :  1.53846E+00

 -- Grid initialized.

[SHTns 3.4.5] built Apr 30 2021, 16:03:12, id: avx2,ishioka
        Lmax=127, Mmax*Mres=127, Mres=1, Nlm=8256  [1 threads, orthonormalized]
        => using FFTW : Mmax=127, Nphi=384, Nlat=192  (data layout : phi_inc=192, theta_inc=1, phi_embed=384)
        => using Gauss nodes
        + polar optimization threshold = 1.0e-08
        finding optimal algorithm........
        + SHT accuracy = 4.57e-14
        => SHTns is ready.
 -- Initalizing Reference State...
 ---- Specified parameters:
 ---- Reference type           :  Boussinesq (Non-dimensional)
 ---- Rayleigh Number          :  1.00000E+05
 ---- Ekman Number             :  1.00000E-03
 ---- Prandtl Number           :  1.00000E+00
 ---- Magnetic Prandtl Number  :  5.00000E+00
 -- Reference State initialized.

 -- Initializing Fields...
 ---- Specified parameters:
 ---- Hydro Init Type    : Benchmark (Christensen et al. 2001)
 ---- Magnetic Init Type : Benchmark (Christensen et al. 2001)
 -- Fields initialized.

 Initialization Complete.
 //////////////////////////////////////

 Timestep has changed from  0.00000E+00 to  1.00000E-04.
 Iteration:  00000001   DeltaT:  1.000E-04   Iter/sec:  0.000E+00
 Timestep has changed from  1.00000E-04 to  2.55581E-06.
 Iteration:  00000002   DeltaT:  2.556E-06   Iter/sec:  2.409E-01
 Iteration:  00000003   DeltaT:  2.556E-06   Iter/sec:  6.469E+00
 Iteration:  00000004   DeltaT:  2.556E-06   Iter/sec:  1.603E+01
 Iteration:  00000005   DeltaT:  2.556E-06   Iter/sec:  1.602E+01
 Iteration:  00000006   DeltaT:  2.556E-06   Iter/sec:  1.620E+01
 Iteration:  00000007   DeltaT:  2.556E-06   Iter/sec:  1.744E+01
 Iteration:  00000008   DeltaT:  2.556E-06   Iter/sec:  1.571E+01
 Iteration:  00000009   DeltaT:  2.556E-06   Iter/sec:  1.698E+01
 Iteration:  00000010   DeltaT:  2.556E-06   Iter/sec:  1.661E+01
 Iteration:  00000011   DeltaT:  2.556E-06   Iter/sec:  1.671E+01
 Iteration:  00000012   DeltaT:  2.556E-06   Iter/sec:  1.624E+01
 Iteration:  00000013   DeltaT:  2.556E-06   Iter/sec:  1.656E+01
 Iteration:  00000014   DeltaT:  2.556E-06   Iter/sec:  1.679E+01
 Iteration:  00000015   DeltaT:  2.556E-06   Iter/sec:  1.590E+01
 Iteration:  00000016   DeltaT:  2.556E-06   Iter/sec:  1.657E+01
 Iteration:  00000017   DeltaT:  2.556E-06   Iter/sec:  1.686E+01
 Iteration:  00000018   DeltaT:  2.556E-06   Iter/sec:  1.607E+01
 Iteration:  00000019   DeltaT:  2.556E-06   Iter/sec:  1.641E+01
 Iteration:  00000020   DeltaT:  2.556E-06   Iter/sec:  1.624E+01
 Iteration:  00000021   DeltaT:  2.556E-06   Iter/sec:  1.674E+01
 Iteration:  00000022   DeltaT:  2.556E-06   Iter/sec:  1.712E+01
 Iteration:  00000023   DeltaT:  2.556E-06   Iter/sec:  1.586E+01
 Iteration:  00000024   DeltaT:  2.556E-06   Iter/sec:  1.644E+01
 Iteration:  00000025   DeltaT:  2.556E-06   Iter/sec:  1.688E+01
 Iteration:  00000026   DeltaT:  2.556E-06   Iter/sec:  1.621E+01
 Iteration:  00000027   DeltaT:  2.556E-06   Iter/sec:  1.631E+01
 Iteration:  00000028   DeltaT:  2.556E-06   Iter/sec:  1.633E+01
 Iteration:  00000029   DeltaT:  2.556E-06   Iter/sec:  1.617E+01
 Iteration:  00000030   DeltaT:  2.556E-06   Iter/sec:  1.644E+01
 Iteration:  00000031   DeltaT:  2.556E-06   Iter/sec:  1.675E+01
 Iteration:  00000032   DeltaT:  2.556E-06   Iter/sec:  1.654E+01
 Iteration:  00000033   DeltaT:  2.556E-06   Iter/sec:  1.646E+01
 Iteration:  00000034   DeltaT:  2.556E-06   Iter/sec:  1.638E+01
 Iteration:  00000035   DeltaT:  2.556E-06   Iter/sec:  1.643E+01
 Iteration:  00000036   DeltaT:  2.556E-06   Iter/sec:  1.592E+01
 Iteration:  00000037   DeltaT:  2.556E-06   Iter/sec:  1.630E+01
 Iteration:  00000038   DeltaT:  2.556E-06   Iter/sec:  1.586E+01
 Iteration:  00000039   DeltaT:  2.556E-06   Iter/sec:  1.606E+01
 Iteration:  00000040   DeltaT:  2.556E-06   Iter/sec:  1.693E+01
 Iteration:  00000041   DeltaT:  2.556E-06   Iter/sec:  1.628E+01
 Iteration:  00000042   DeltaT:  2.556E-06   Iter/sec:  1.643E+01
 Iteration:  00000043   DeltaT:  2.556E-06   Iter/sec:  1.642E+01
 Iteration:  00000044   DeltaT:  2.556E-06   Iter/sec:  1.671E+01
 Iteration:  00000045   DeltaT:  2.556E-06   Iter/sec:  1.638E+01
 Iteration:  00000046   DeltaT:  2.556E-06   Iter/sec:  1.645E+01
 Iteration:  00000047   DeltaT:  2.556E-06   Iter/sec:  1.572E+01
 Iteration:  00000048   DeltaT:  2.556E-06   Iter/sec:  1.677E+01
 Iteration:  00000049   DeltaT:  2.556E-06   Iter/sec:  1.655E+01
 Iteration:  00000050   DeltaT:  2.556E-06   Iter/sec:  1.674E+01


//////////////////////////////////////////////
   Measured Timings for Process 0  (seconds)

 Elapsed time:         3.5265
  Column time:         0.7682
     Row time:         0.9745
Legendre time:         0.1594
     FFT time:         0.2471
   Solve time:         0.3564
    rlma time:         0.0403
    rlmb time:         0.0156
  pspace time:         0.2440
  psolve time:         0.3795
    dphi time:         0.0201
captured time:         3.2051

     iter/sec:        14.1782
//////////////////////////////////////////////
