 //////////////////////////////////////
 Initializating Rayleigh...

 -- Initalizing MPI...
 ---- Specified parameters:
 ---- NCPU  :     64
 ---- NPROW :      8
 ---- NPCOL :      8
 -- MPI initialized.


 -- Initalizing Grid...
 ---- Specified parameters ----
 ---- N_R                 :    128
 ---- N_THETA             :    384
 ---- Ell_MAX             :    255
 ---- R_MIN               :  5.38462E-01
 ---- R_MAX               :  1.53846E+00
 ---- Chebyshev Domains   :      1

        Domain 1
          Grid points           :  128
          Dealiased Polynomials :  85
          Domain Lower Bound    :  5.38462E-01
          Domain Upper Bound    :  1.53846E+00

 -- Grid initialized.

[SHTns 3.4.5] built Apr 30 2021, 16:03:12, id: avx2,ishioka
        Lmax=255, Mmax*Mres=255, Mres=1, Nlm=32896  [1 threads, orthonormalized]
        => using FFTW : Mmax=255, Nphi=768, Nlat=384  (data layout : phi_inc=384, theta_inc=1, phi_embed=768)
        => using Gauss nodes
        + polar optimization threshold = 1.0e-08
        finding optimal algorithm..........
        + SHT accuracy = 1.57e-12
        => SHTns is ready.
 -- Initalizing Reference State...
 ---- Specified parameters:
 ---- Reference type           :  Boussinesq (Non-dimensional)
 ---- Rayleigh Number          :  1.00000E+05
 ---- Ekman Number             :  1.00000E-03
 ---- Prandtl Number           :  1.00000E+00
 ---- Magnetic Prandtl Number  :  5.00000E+00
 -- Reference State initialized.

 -- Initializing Fields...
 ---- Specified parameters:
 ---- Hydro Init Type    : Benchmark (Christensen et al. 2001)
 ---- Magnetic Init Type : Benchmark (Christensen et al. 2001)
 -- Fields initialized.

 Initialization Complete.
 //////////////////////////////////////

 Timestep has changed from  0.00000E+00 to  1.00000E-04.
 Iteration:  00000001   DeltaT:  1.000E-04   Iter/sec:  0.000E+00
 Timestep has changed from  1.00000E-04 to  2.55566E-06.
 Iteration:  00000002   DeltaT:  2.556E-06   Iter/sec:  9.557E-02
 Iteration:  00000003   DeltaT:  2.556E-06   Iter/sec:  8.039E-01
 Iteration:  00000004   DeltaT:  2.556E-06   Iter/sec:  9.347E-01
 Iteration:  00000005   DeltaT:  2.556E-06   Iter/sec:  9.306E-01
 Iteration:  00000006   DeltaT:  2.556E-06   Iter/sec:  9.645E-01
 Iteration:  00000007   DeltaT:  2.556E-06   Iter/sec:  9.257E-01
 Iteration:  00000008   DeltaT:  2.556E-06   Iter/sec:  9.207E-01
 Iteration:  00000009   DeltaT:  2.556E-06   Iter/sec:  9.289E-01
 Iteration:  00000010   DeltaT:  2.556E-06   Iter/sec:  9.326E-01
 Iteration:  00000011   DeltaT:  2.556E-06   Iter/sec:  9.436E-01
 Iteration:  00000012   DeltaT:  2.556E-06   Iter/sec:  9.211E-01
 Iteration:  00000013   DeltaT:  2.556E-06   Iter/sec:  9.246E-01
 Iteration:  00000014   DeltaT:  2.556E-06   Iter/sec:  9.504E-01
 Iteration:  00000015   DeltaT:  2.556E-06   Iter/sec:  9.172E-01
 Iteration:  00000016   DeltaT:  2.556E-06   Iter/sec:  9.452E-01
 Iteration:  00000017   DeltaT:  2.556E-06   Iter/sec:  9.513E-01
 Iteration:  00000018   DeltaT:  2.556E-06   Iter/sec:  9.282E-01
 Iteration:  00000019   DeltaT:  2.556E-06   Iter/sec:  9.239E-01
 Iteration:  00000020   DeltaT:  2.556E-06   Iter/sec:  9.326E-01
 Iteration:  00000021   DeltaT:  2.556E-06   Iter/sec:  9.432E-01
 Iteration:  00000022   DeltaT:  2.556E-06   Iter/sec:  9.364E-01
 Iteration:  00000023   DeltaT:  2.556E-06   Iter/sec:  9.369E-01
 Iteration:  00000024   DeltaT:  2.556E-06   Iter/sec:  9.362E-01
 Iteration:  00000025   DeltaT:  2.556E-06   Iter/sec:  9.417E-01
 Iteration:  00000026   DeltaT:  2.556E-06   Iter/sec:  9.390E-01
 Iteration:  00000027   DeltaT:  2.556E-06   Iter/sec:  9.262E-01
 Iteration:  00000028   DeltaT:  2.556E-06   Iter/sec:  9.331E-01
 Iteration:  00000029   DeltaT:  2.556E-06   Iter/sec:  9.482E-01
 Iteration:  00000030   DeltaT:  2.556E-06   Iter/sec:  9.329E-01
 Iteration:  00000031   DeltaT:  2.556E-06   Iter/sec:  9.265E-01
 Iteration:  00000032   DeltaT:  2.556E-06   Iter/sec:  9.464E-01
 Iteration:  00000033   DeltaT:  2.556E-06   Iter/sec:  9.273E-01
 Iteration:  00000034   DeltaT:  2.556E-06   Iter/sec:  9.308E-01
 Iteration:  00000035   DeltaT:  2.556E-06   Iter/sec:  9.335E-01
 Iteration:  00000036   DeltaT:  2.556E-06   Iter/sec:  9.307E-01
 Iteration:  00000037   DeltaT:  2.556E-06   Iter/sec:  9.354E-01
 Iteration:  00000038   DeltaT:  2.556E-06   Iter/sec:  9.384E-01
 Iteration:  00000039   DeltaT:  2.556E-06   Iter/sec:  9.217E-01
 Iteration:  00000040   DeltaT:  2.556E-06   Iter/sec:  9.351E-01
 Iteration:  00000041   DeltaT:  2.556E-06   Iter/sec:  9.405E-01
 Iteration:  00000042   DeltaT:  2.556E-06   Iter/sec:  9.306E-01
 Iteration:  00000043   DeltaT:  2.556E-06   Iter/sec:  9.488E-01
 Iteration:  00000044   DeltaT:  2.556E-06   Iter/sec:  9.337E-01
 Iteration:  00000045   DeltaT:  2.556E-06   Iter/sec:  9.466E-01
 Iteration:  00000046   DeltaT:  2.556E-06   Iter/sec:  9.494E-01
 Iteration:  00000047   DeltaT:  2.556E-06   Iter/sec:  9.307E-01
 Iteration:  00000048   DeltaT:  2.556E-06   Iter/sec:  9.444E-01
 Iteration:  00000049   DeltaT:  2.556E-06   Iter/sec:  9.184E-01
 Iteration:  00000050   DeltaT:  2.556E-06   Iter/sec:  9.318E-01


//////////////////////////////////////////////
   Measured Timings for Process 0  (seconds)

 Elapsed time:        54.6122
  Column time:         5.7378
     Row time:        20.2332
Legendre time:         5.0810
     FFT time:         4.0336
   Solve time:         1.4638
    rlma time:         1.1783
    rlmb time:         0.4428
  pspace time:         7.8402
  psolve time:         6.6648
    dphi time:         0.2984
captured time:        52.9740

     iter/sec:         0.9155
//////////////////////////////////////////////
