 //////////////////////////////////////
 Initializating Rayleigh...

 -- Initalizing MPI...
 ---- Specified parameters:
 ---- NCPU  :    256
 ---- NPROW :      8
 ---- NPCOL :     32
 -- MPI initialized.


 -- Initalizing Grid...
 ---- Specified parameters ----
 ---- N_R                 :    128
 ---- N_THETA             :    384
 ---- Ell_MAX             :    255
 ---- R_MIN               :  5.38462E-01
 ---- R_MAX               :  1.53846E+00
 ---- Chebyshev Domains   :      1

        Domain 1
          Grid points           :  128
          Dealiased Polynomials :  85
          Domain Lower Bound    :  5.38462E-01
          Domain Upper Bound    :  1.53846E+00

 -- Grid initialized.

[SHTns 3.4.5] built Apr 30 2021, 16:03:12, id: avx2,ishioka
        Lmax=255, Mmax*Mres=255, Mres=1, Nlm=32896  [1 threads, orthonormalized]
        => using FFTW : Mmax=255, Nphi=768, Nlat=384  (data layout : phi_inc=384, theta_inc=1, phi_embed=768)
        => using Gauss nodes
        + polar optimization threshold = 1.0e-08
        finding optimal algorithm..........
        + SHT accuracy = 3.21e-12
        => SHTns is ready.
 -- Initalizing Reference State...
 ---- Specified parameters:
 ---- Reference type           :  Boussinesq (Non-dimensional)
 ---- Rayleigh Number          :  1.00000E+05
 ---- Ekman Number             :  1.00000E-03
 ---- Prandtl Number           :  1.00000E+00
 ---- Magnetic Prandtl Number  :  5.00000E+00
 -- Reference State initialized.

 -- Initializing Fields...
 ---- Specified parameters:
 ---- Hydro Init Type    : Benchmark (Christensen et al. 2001)
 ---- Magnetic Init Type : Benchmark (Christensen et al. 2001)
 -- Fields initialized.

 Initialization Complete.
 //////////////////////////////////////

 Timestep has changed from  0.00000E+00 to  1.00000E-04.
 Iteration:  00000001   DeltaT:  1.000E-04   Iter/sec:  0.000E+00
 Timestep has changed from  1.00000E-04 to  2.55566E-06.
 Iteration:  00000002   DeltaT:  2.556E-06   Iter/sec:  1.082E-01
 Iteration:  00000003   DeltaT:  2.556E-06   Iter/sec:  3.043E+00
 Iteration:  00000004   DeltaT:  2.556E-06   Iter/sec:  3.649E+00
 Iteration:  00000005   DeltaT:  2.556E-06   Iter/sec:  3.635E+00
 Iteration:  00000006   DeltaT:  2.556E-06   Iter/sec:  3.667E+00
 Iteration:  00000007   DeltaT:  2.556E-06   Iter/sec:  3.621E+00
 Iteration:  00000008   DeltaT:  2.556E-06   Iter/sec:  3.677E+00
 Iteration:  00000009   DeltaT:  2.556E-06   Iter/sec:  3.616E+00
 Iteration:  00000010   DeltaT:  2.556E-06   Iter/sec:  3.674E+00
 Iteration:  00000011   DeltaT:  2.556E-06   Iter/sec:  3.661E+00
 Iteration:  00000012   DeltaT:  2.556E-06   Iter/sec:  3.611E+00
 Iteration:  00000013   DeltaT:  2.556E-06   Iter/sec:  3.669E+00
 Iteration:  00000014   DeltaT:  2.556E-06   Iter/sec:  3.656E+00
 Iteration:  00000015   DeltaT:  2.556E-06   Iter/sec:  3.601E+00
 Iteration:  00000016   DeltaT:  2.556E-06   Iter/sec:  3.661E+00
 Iteration:  00000017   DeltaT:  2.556E-06   Iter/sec:  3.664E+00
 Iteration:  00000018   DeltaT:  2.556E-06   Iter/sec:  3.663E+00
 Iteration:  00000019   DeltaT:  2.556E-06   Iter/sec:  3.649E+00
 Iteration:  00000020   DeltaT:  2.556E-06   Iter/sec:  3.696E+00
 Iteration:  00000021   DeltaT:  2.556E-06   Iter/sec:  3.652E+00
 Iteration:  00000022   DeltaT:  2.556E-06   Iter/sec:  3.659E+00
 Iteration:  00000023   DeltaT:  2.556E-06   Iter/sec:  3.595E+00
 Iteration:  00000024   DeltaT:  2.556E-06   Iter/sec:  3.666E+00
 Iteration:  00000025   DeltaT:  2.556E-06   Iter/sec:  3.599E+00
 Iteration:  00000026   DeltaT:  2.556E-06   Iter/sec:  3.604E+00
 Iteration:  00000027   DeltaT:  2.556E-06   Iter/sec:  3.661E+00
 Iteration:  00000028   DeltaT:  2.556E-06   Iter/sec:  3.660E+00
 Iteration:  00000029   DeltaT:  2.556E-06   Iter/sec:  3.673E+00
 Iteration:  00000030   DeltaT:  2.556E-06   Iter/sec:  3.663E+00
 Iteration:  00000031   DeltaT:  2.556E-06   Iter/sec:  3.658E+00
 Iteration:  00000032   DeltaT:  2.556E-06   Iter/sec:  3.644E+00
 Iteration:  00000033   DeltaT:  2.556E-06   Iter/sec:  3.645E+00
 Iteration:  00000034   DeltaT:  2.556E-06   Iter/sec:  3.686E+00
 Iteration:  00000035   DeltaT:  2.556E-06   Iter/sec:  3.607E+00
 Iteration:  00000036   DeltaT:  2.556E-06   Iter/sec:  3.637E+00
 Iteration:  00000037   DeltaT:  2.556E-06   Iter/sec:  3.670E+00
 Iteration:  00000038   DeltaT:  2.556E-06   Iter/sec:  3.641E+00
 Iteration:  00000039   DeltaT:  2.556E-06   Iter/sec:  3.676E+00
 Iteration:  00000040   DeltaT:  2.556E-06   Iter/sec:  3.682E+00
 Iteration:  00000041   DeltaT:  2.556E-06   Iter/sec:  3.632E+00
 Iteration:  00000042   DeltaT:  2.556E-06   Iter/sec:  3.686E+00
 Iteration:  00000043   DeltaT:  2.556E-06   Iter/sec:  3.641E+00
 Iteration:  00000044   DeltaT:  2.556E-06   Iter/sec:  3.655E+00
 Iteration:  00000045   DeltaT:  2.556E-06   Iter/sec:  3.647E+00
 Iteration:  00000046   DeltaT:  2.556E-06   Iter/sec:  3.695E+00
 Iteration:  00000047   DeltaT:  2.556E-06   Iter/sec:  3.606E+00
 Iteration:  00000048   DeltaT:  2.556E-06   Iter/sec:  3.697E+00
 Iteration:  00000049   DeltaT:  2.556E-06   Iter/sec:  3.596E+00
 Iteration:  00000050   DeltaT:  2.556E-06   Iter/sec:  3.662E+00


//////////////////////////////////////////////
   Measured Timings for Process 0  (seconds)

 Elapsed time:        15.0966
  Column time:         2.5779
     Row time:         4.3110
Legendre time:         1.2758
     FFT time:         0.9723
   Solve time:         0.4581
    rlma time:         0.2121
    rlmb time:         0.0889
  pspace time:         2.1121
  psolve time:         1.5306
    dphi time:         0.1180
captured time:        13.6568

     iter/sec:         3.3120
//////////////////////////////////////////////
