 //////////////////////////////////////
 Initializating Rayleigh...

 -- Initalizing MPI...
 ---- Specified parameters:
 ---- NCPU  :     32
 ---- NPROW :      8
 ---- NPCOL :      4
 -- MPI initialized.


 -- Initalizing Grid...
 ---- Specified parameters ----
 ---- N_R                 :    128
 ---- N_THETA             :    192
 ---- Ell_MAX             :    127
 ---- R_MIN               :  5.38462E-01
 ---- R_MAX               :  1.53846E+00
 ---- Chebyshev Domains   :      1

        Domain 1
          Grid points           :  128
          Dealiased Polynomials :  85
          Domain Lower Bound    :  5.38462E-01
          Domain Upper Bound    :  1.53846E+00

 -- Grid initialized.

[SHTns 3.4.5] built Apr 30 2021, 16:03:12, id: avx2,ishioka
        Lmax=127, Mmax*Mres=127, Mres=1, Nlm=8256  [1 threads, orthonormalized]
        => using FFTW : Mmax=127, Nphi=384, Nlat=192  (data layout : phi_inc=192, theta_inc=1, phi_embed=384)
        => using Gauss nodes
        + polar optimization threshold = 1.0e-08
        finding optimal algorithm........
        + SHT accuracy = 4.2e-14
        => SHTns is ready.
 -- Initalizing Reference State...
 ---- Specified parameters:
 ---- Reference type           :  Boussinesq (Non-dimensional)
 ---- Rayleigh Number          :  1.00000E+05
 ---- Ekman Number             :  1.00000E-03
 ---- Prandtl Number           :  1.00000E+00
 ---- Magnetic Prandtl Number  :  5.00000E+00
 -- Reference State initialized.

 -- Initializing Fields...
 ---- Specified parameters:
 ---- Hydro Init Type    : Benchmark (Christensen et al. 2001)
 ---- Magnetic Init Type : Benchmark (Christensen et al. 2001)
 -- Fields initialized.

 Initialization Complete.
 //////////////////////////////////////

 Timestep has changed from  0.00000E+00 to  1.00000E-04.
 Iteration:  00000001   DeltaT:  1.000E-04   Iter/sec:  0.000E+00
 Timestep has changed from  1.00000E-04 to  2.55581E-06.
 Iteration:  00000002   DeltaT:  2.556E-06   Iter/sec:  2.134E-01
 Iteration:  00000003   DeltaT:  2.556E-06   Iter/sec:  1.509E+00
 Iteration:  00000004   DeltaT:  2.556E-06   Iter/sec:  1.997E+00
 Iteration:  00000005   DeltaT:  2.556E-06   Iter/sec:  2.008E+00
 Iteration:  00000006   DeltaT:  2.556E-06   Iter/sec:  2.009E+00
 Iteration:  00000007   DeltaT:  2.556E-06   Iter/sec:  2.008E+00
 Iteration:  00000008   DeltaT:  2.556E-06   Iter/sec:  1.982E+00
 Iteration:  00000009   DeltaT:  2.556E-06   Iter/sec:  1.996E+00
 Iteration:  00000010   DeltaT:  2.556E-06   Iter/sec:  1.993E+00
 Iteration:  00000011   DeltaT:  2.556E-06   Iter/sec:  1.999E+00
 Iteration:  00000012   DeltaT:  2.556E-06   Iter/sec:  2.002E+00
 Iteration:  00000013   DeltaT:  2.556E-06   Iter/sec:  2.001E+00
 Iteration:  00000014   DeltaT:  2.556E-06   Iter/sec:  1.988E+00
 Iteration:  00000015   DeltaT:  2.556E-06   Iter/sec:  2.008E+00
 Iteration:  00000016   DeltaT:  2.556E-06   Iter/sec:  2.004E+00
 Iteration:  00000017   DeltaT:  2.556E-06   Iter/sec:  2.022E+00
 Iteration:  00000018   DeltaT:  2.556E-06   Iter/sec:  2.005E+00
 Iteration:  00000019   DeltaT:  2.556E-06   Iter/sec:  1.980E+00
 Iteration:  00000020   DeltaT:  2.556E-06   Iter/sec:  2.022E+00
 Iteration:  00000021   DeltaT:  2.556E-06   Iter/sec:  1.999E+00
 Iteration:  00000022   DeltaT:  2.556E-06   Iter/sec:  1.991E+00
 Iteration:  00000023   DeltaT:  2.556E-06   Iter/sec:  2.012E+00
 Iteration:  00000024   DeltaT:  2.556E-06   Iter/sec:  2.003E+00
 Iteration:  00000025   DeltaT:  2.556E-06   Iter/sec:  1.978E+00
 Iteration:  00000026   DeltaT:  2.556E-06   Iter/sec:  2.003E+00
 Iteration:  00000027   DeltaT:  2.556E-06   Iter/sec:  1.988E+00
 Iteration:  00000028   DeltaT:  2.556E-06   Iter/sec:  1.984E+00
 Iteration:  00000029   DeltaT:  2.556E-06   Iter/sec:  2.000E+00
 Iteration:  00000030   DeltaT:  2.556E-06   Iter/sec:  1.992E+00
 Iteration:  00000031   DeltaT:  2.556E-06   Iter/sec:  2.003E+00
 Iteration:  00000032   DeltaT:  2.556E-06   Iter/sec:  2.014E+00
 Iteration:  00000033   DeltaT:  2.556E-06   Iter/sec:  1.989E+00
 Iteration:  00000034   DeltaT:  2.556E-06   Iter/sec:  1.993E+00
 Iteration:  00000035   DeltaT:  2.556E-06   Iter/sec:  2.002E+00
 Iteration:  00000036   DeltaT:  2.556E-06   Iter/sec:  2.000E+00
 Iteration:  00000037   DeltaT:  2.556E-06   Iter/sec:  1.995E+00
 Iteration:  00000038   DeltaT:  2.556E-06   Iter/sec:  2.001E+00
 Iteration:  00000039   DeltaT:  2.556E-06   Iter/sec:  2.010E+00
 Iteration:  00000040   DeltaT:  2.556E-06   Iter/sec:  1.998E+00
 Iteration:  00000041   DeltaT:  2.556E-06   Iter/sec:  2.007E+00
 Iteration:  00000042   DeltaT:  2.556E-06   Iter/sec:  2.001E+00
 Iteration:  00000043   DeltaT:  2.556E-06   Iter/sec:  1.998E+00
 Iteration:  00000044   DeltaT:  2.556E-06   Iter/sec:  1.990E+00
 Iteration:  00000045   DeltaT:  2.556E-06   Iter/sec:  1.993E+00
 Iteration:  00000046   DeltaT:  2.556E-06   Iter/sec:  2.003E+00
 Iteration:  00000047   DeltaT:  2.556E-06   Iter/sec:  1.997E+00
 Iteration:  00000048   DeltaT:  2.556E-06   Iter/sec:  1.988E+00
 Iteration:  00000049   DeltaT:  2.556E-06   Iter/sec:  1.981E+00
 Iteration:  00000050   DeltaT:  2.556E-06   Iter/sec:  2.006E+00


//////////////////////////////////////////////
   Measured Timings for Process 0  (seconds)

 Elapsed time:        25.6774
  Column time:         1.9235
     Row time:        10.1984
Legendre time:         1.8699
     FFT time:         2.0321
   Solve time:         0.9583
    rlma time:         0.3927
    rlmb time:         0.1659
  pspace time:         3.7094
  psolve time:         3.5882
    dphi time:         0.1404
captured time:        24.9789

     iter/sec:         1.9472
//////////////////////////////////////////////
