 //////////////////////////////////////
 Initializating Rayleigh...

 -- Initalizing MPI...
 ---- Specified parameters:
 ---- NCPU  :    512
 ---- NPROW :     16
 ---- NPCOL :     32
 -- MPI initialized.


 -- Initalizing Grid...
 ---- Specified parameters ----
 ---- N_R                 :     64
 ---- N_THETA             :    384
 ---- Ell_MAX             :    255
 ---- R_MIN               :  5.38462E-01
 ---- R_MAX               :  1.53846E+00
 ---- Chebyshev Domains   :      1

        Domain 1
          Grid points           :  64
          Dealiased Polynomials :  42
          Domain Lower Bound    :  5.38462E-01
          Domain Upper Bound    :  1.53846E+00

 -- Grid initialized.

[SHTns 3.4.5] built Apr 30 2021, 16:03:12, id: avx2,ishioka
        Lmax=255, Mmax*Mres=255, Mres=1, Nlm=32896  [1 threads, orthonormalized]
        => using FFTW : Mmax=255, Nphi=768, Nlat=384  (data layout : phi_inc=384, theta_inc=1, phi_embed=768)
        => using Gauss nodes
        + polar optimization threshold = 1.0e-08
        finding optimal algorithm..........
        + SHT accuracy = 1.61e-12
        => SHTns is ready.
 -- Initalizing Reference State...
 ---- Specified parameters:
 ---- Reference type           :  Boussinesq (Non-dimensional)
 ---- Rayleigh Number          :  1.00000E+05
 ---- Ekman Number             :  1.00000E-03
 ---- Prandtl Number           :  1.00000E+00
 ---- Magnetic Prandtl Number  :  5.00000E+00
 -- Reference State initialized.

 -- Initializing Fields...
 ---- Specified parameters:
 ---- Hydro Init Type    : Benchmark (Christensen et al. 2001)
 ---- Magnetic Init Type : Benchmark (Christensen et al. 2001)
 -- Fields initialized.

 Initialization Complete.
 //////////////////////////////////////

 Timestep has changed from  0.00000E+00 to  1.00000E-04.
 Iteration:  00000001   DeltaT:  1.000E-04   Iter/sec:  0.000E+00
 Timestep has changed from  1.00000E-04 to  1.02211E-05.
 Iteration:  00000002   DeltaT:  1.022E-05   Iter/sec:  1.160E-01
 Iteration:  00000003   DeltaT:  1.022E-05   Iter/sec:  1.424E+01
 Iteration:  00000004   DeltaT:  1.022E-05   Iter/sec:  1.640E+01
 Iteration:  00000005   DeltaT:  1.022E-05   Iter/sec:  1.655E+01
 Iteration:  00000006   DeltaT:  1.022E-05   Iter/sec:  1.630E+01
 Iteration:  00000007   DeltaT:  1.022E-05   Iter/sec:  1.651E+01
 Iteration:  00000008   DeltaT:  1.022E-05   Iter/sec:  1.683E+01
 Iteration:  00000009   DeltaT:  1.022E-05   Iter/sec:  1.683E+01
 Iteration:  00000010   DeltaT:  1.022E-05   Iter/sec:  1.665E+01
 Iteration:  00000011   DeltaT:  1.022E-05   Iter/sec:  1.655E+01
 Iteration:  00000012   DeltaT:  1.022E-05   Iter/sec:  1.644E+01
 Iteration:  00000013   DeltaT:  1.022E-05   Iter/sec:  1.704E+01
 Iteration:  00000014   DeltaT:  1.022E-05   Iter/sec:  1.666E+01
 Iteration:  00000015   DeltaT:  1.022E-05   Iter/sec:  1.670E+01
 Iteration:  00000016   DeltaT:  1.022E-05   Iter/sec:  1.660E+01
 Iteration:  00000017   DeltaT:  1.022E-05   Iter/sec:  1.695E+01
 Iteration:  00000018   DeltaT:  1.022E-05   Iter/sec:  1.680E+01
 Iteration:  00000019   DeltaT:  1.022E-05   Iter/sec:  1.695E+01
 Iteration:  00000020   DeltaT:  1.022E-05   Iter/sec:  1.644E+01
 Iteration:  00000021   DeltaT:  1.022E-05   Iter/sec:  1.678E+01
 Iteration:  00000022   DeltaT:  1.022E-05   Iter/sec:  1.671E+01
 Iteration:  00000023   DeltaT:  1.022E-05   Iter/sec:  1.681E+01
 Iteration:  00000024   DeltaT:  1.022E-05   Iter/sec:  1.626E+01
 Iteration:  00000025   DeltaT:  1.022E-05   Iter/sec:  1.685E+01
 Iteration:  00000026   DeltaT:  1.022E-05   Iter/sec:  1.687E+01
 Iteration:  00000027   DeltaT:  1.022E-05   Iter/sec:  1.685E+01
 Iteration:  00000028   DeltaT:  1.022E-05   Iter/sec:  1.650E+01
 Iteration:  00000029   DeltaT:  1.022E-05   Iter/sec:  1.688E+01
 Iteration:  00000030   DeltaT:  1.022E-05   Iter/sec:  1.652E+01
 Iteration:  00000031   DeltaT:  1.022E-05   Iter/sec:  1.661E+01
 Iteration:  00000032   DeltaT:  1.022E-05   Iter/sec:  1.672E+01
 Iteration:  00000033   DeltaT:  1.022E-05   Iter/sec:  1.658E+01
 Iteration:  00000034   DeltaT:  1.022E-05   Iter/sec:  1.625E+01
 Iteration:  00000035   DeltaT:  1.022E-05   Iter/sec:  1.671E+01
 Iteration:  00000036   DeltaT:  1.022E-05   Iter/sec:  1.670E+01
 Iteration:  00000037   DeltaT:  1.022E-05   Iter/sec:  1.665E+01
 Iteration:  00000038   DeltaT:  1.022E-05   Iter/sec:  1.691E+01
 Iteration:  00000039   DeltaT:  1.022E-05   Iter/sec:  1.700E+01
 Iteration:  00000040   DeltaT:  1.022E-05   Iter/sec:  1.665E+01
 Iteration:  00000041   DeltaT:  1.022E-05   Iter/sec:  1.638E+01
 Iteration:  00000042   DeltaT:  1.022E-05   Iter/sec:  1.685E+01
 Iteration:  00000043   DeltaT:  1.022E-05   Iter/sec:  1.648E+01
 Iteration:  00000044   DeltaT:  1.022E-05   Iter/sec:  1.670E+01
 Iteration:  00000045   DeltaT:  1.022E-05   Iter/sec:  1.672E+01
 Iteration:  00000046   DeltaT:  1.022E-05   Iter/sec:  1.691E+01
 Iteration:  00000047   DeltaT:  1.022E-05   Iter/sec:  1.650E+01
 Iteration:  00000048   DeltaT:  1.022E-05   Iter/sec:  1.656E+01
 Iteration:  00000049   DeltaT:  1.022E-05   Iter/sec:  1.644E+01
 Iteration:  00000050   DeltaT:  1.022E-05   Iter/sec:  1.669E+01


//////////////////////////////////////////////
   Measured Timings for Process 0  (seconds)

 Elapsed time:         3.9947
  Column time:         0.8444
     Row time:         0.9045
Legendre time:         0.2500
     FFT time:         0.2282
   Solve time:         0.0911
    rlma time:         0.0505
    rlmb time:         0.0211
  pspace time:         0.3514
  psolve time:         0.2177
    dphi time:         0.0312
captured time:         2.9901

     iter/sec:        12.5165
//////////////////////////////////////////////
