 //////////////////////////////////////
 Initializating Rayleigh...

 -- Initalizing MPI...
 ---- Specified parameters:
 ---- NCPU  :     32
 ---- NPROW :      4
 ---- NPCOL :      8
 -- MPI initialized.


 -- Initalizing Grid...
 ---- Specified parameters ----
 ---- N_R                 :     64
 ---- N_THETA             :    384
 ---- Ell_MAX             :    255
 ---- R_MIN               :  5.38462E-01
 ---- R_MAX               :  1.53846E+00
 ---- Chebyshev Domains   :      1

        Domain 1
          Grid points           :  64
          Dealiased Polynomials :  42
          Domain Lower Bound    :  5.38462E-01
          Domain Upper Bound    :  1.53846E+00

 -- Grid initialized.

[SHTns 3.4.5] built Apr 30 2021, 16:03:12, id: avx2,ishioka
        Lmax=255, Mmax*Mres=255, Mres=1, Nlm=32896  [1 threads, orthonormalized]
        => using FFTW : Mmax=255, Nphi=768, Nlat=384  (data layout : phi_inc=384, theta_inc=1, phi_embed=768)
        => using Gauss nodes
        + polar optimization threshold = 1.0e-08
        finding optimal algorithm..........
        + SHT accuracy = 1.66e-12
        => SHTns is ready.
 -- Initalizing Reference State...
 ---- Specified parameters:
 ---- Reference type           :  Boussinesq (Non-dimensional)
 ---- Rayleigh Number          :  1.00000E+05
 ---- Ekman Number             :  1.00000E-03
 ---- Prandtl Number           :  1.00000E+00
 ---- Magnetic Prandtl Number  :  5.00000E+00
 -- Reference State initialized.

 -- Initializing Fields...
 ---- Specified parameters:
 ---- Hydro Init Type    : Benchmark (Christensen et al. 2001)
 ---- Magnetic Init Type : Benchmark (Christensen et al. 2001)
 -- Fields initialized.

 Initialization Complete.
 //////////////////////////////////////

 Timestep has changed from  0.00000E+00 to  1.00000E-04.
 Iteration:  00000001   DeltaT:  1.000E-04   Iter/sec:  0.000E+00
 Timestep has changed from  1.00000E-04 to  1.02211E-05.
 Iteration:  00000002   DeltaT:  1.022E-05   Iter/sec:  9.963E-02
 Iteration:  00000003   DeltaT:  1.022E-05   Iter/sec:  9.525E-01
 Iteration:  00000004   DeltaT:  1.022E-05   Iter/sec:  9.670E-01
 Iteration:  00000005   DeltaT:  1.022E-05   Iter/sec:  9.646E-01
 Iteration:  00000006   DeltaT:  1.022E-05   Iter/sec:  9.767E-01
 Iteration:  00000007   DeltaT:  1.022E-05   Iter/sec:  9.653E-01
 Iteration:  00000008   DeltaT:  1.022E-05   Iter/sec:  9.704E-01
 Iteration:  00000009   DeltaT:  1.022E-05   Iter/sec:  9.667E-01
 Iteration:  00000010   DeltaT:  1.022E-05   Iter/sec:  9.664E-01
 Iteration:  00000011   DeltaT:  1.022E-05   Iter/sec:  9.708E-01
 Iteration:  00000012   DeltaT:  1.022E-05   Iter/sec:  9.702E-01
 Iteration:  00000013   DeltaT:  1.022E-05   Iter/sec:  9.750E-01
 Iteration:  00000014   DeltaT:  1.022E-05   Iter/sec:  9.662E-01
 Iteration:  00000015   DeltaT:  1.022E-05   Iter/sec:  9.713E-01
 Iteration:  00000016   DeltaT:  1.022E-05   Iter/sec:  9.687E-01
 Iteration:  00000017   DeltaT:  1.022E-05   Iter/sec:  9.750E-01
 Iteration:  00000018   DeltaT:  1.022E-05   Iter/sec:  9.779E-01
 Iteration:  00000019   DeltaT:  1.022E-05   Iter/sec:  9.690E-01
 Iteration:  00000020   DeltaT:  1.022E-05   Iter/sec:  9.850E-01
 Iteration:  00000021   DeltaT:  1.022E-05   Iter/sec:  9.742E-01
 Iteration:  00000022   DeltaT:  1.022E-05   Iter/sec:  9.717E-01
 Iteration:  00000023   DeltaT:  1.022E-05   Iter/sec:  9.646E-01
 Iteration:  00000024   DeltaT:  1.022E-05   Iter/sec:  9.711E-01
 Iteration:  00000025   DeltaT:  1.022E-05   Iter/sec:  9.606E-01
 Iteration:  00000026   DeltaT:  1.022E-05   Iter/sec:  9.865E-01
 Iteration:  00000027   DeltaT:  1.022E-05   Iter/sec:  9.820E-01
 Iteration:  00000028   DeltaT:  1.022E-05   Iter/sec:  9.709E-01
 Iteration:  00000029   DeltaT:  1.022E-05   Iter/sec:  9.730E-01
 Iteration:  00000030   DeltaT:  1.022E-05   Iter/sec:  9.717E-01
 Iteration:  00000031   DeltaT:  1.022E-05   Iter/sec:  9.777E-01
 Iteration:  00000032   DeltaT:  1.022E-05   Iter/sec:  9.754E-01
 Iteration:  00000033   DeltaT:  1.022E-05   Iter/sec:  9.657E-01
 Iteration:  00000034   DeltaT:  1.022E-05   Iter/sec:  9.625E-01
 Iteration:  00000035   DeltaT:  1.022E-05   Iter/sec:  9.702E-01
 Iteration:  00000036   DeltaT:  1.022E-05   Iter/sec:  9.874E-01
 Iteration:  00000037   DeltaT:  1.022E-05   Iter/sec:  9.742E-01
 Iteration:  00000038   DeltaT:  1.022E-05   Iter/sec:  9.654E-01
 Iteration:  00000039   DeltaT:  1.022E-05   Iter/sec:  9.707E-01
 Iteration:  00000040   DeltaT:  1.022E-05   Iter/sec:  9.665E-01
 Iteration:  00000041   DeltaT:  1.022E-05   Iter/sec:  9.787E-01
 Iteration:  00000042   DeltaT:  1.022E-05   Iter/sec:  9.706E-01
 Iteration:  00000043   DeltaT:  1.022E-05   Iter/sec:  9.793E-01
 Iteration:  00000044   DeltaT:  1.022E-05   Iter/sec:  9.672E-01
 Iteration:  00000045   DeltaT:  1.022E-05   Iter/sec:  9.655E-01
 Iteration:  00000046   DeltaT:  1.022E-05   Iter/sec:  9.716E-01
 Iteration:  00000047   DeltaT:  1.022E-05   Iter/sec:  9.691E-01
 Iteration:  00000048   DeltaT:  1.022E-05   Iter/sec:  9.777E-01
 Iteration:  00000049   DeltaT:  1.022E-05   Iter/sec:  9.745E-01
 Iteration:  00000050   DeltaT:  1.022E-05   Iter/sec:  9.747E-01


//////////////////////////////////////////////
   Measured Timings for Process 0  (seconds)

 Elapsed time:        52.1339
  Column time:         4.4324
     Row time:        20.0218
Legendre time:         5.0487
     FFT time:         4.0033
   Solve time:         0.6359
    rlma time:         1.1601
    rlmb time:         0.4795
  pspace time:         7.9147
  psolve time:         6.5951
    dphi time:         0.3011
captured time:        50.5926

     iter/sec:         0.9591
//////////////////////////////////////////////
