 //////////////////////////////////////
 Initializating Rayleigh...

 -- Initalizing MPI...
 ---- Specified parameters:
 ---- NCPU  :    256
 ---- NPROW :     32
 ---- NPCOL :      8
 -- MPI initialized.


 -- Initalizing Grid...
 ---- Specified parameters ----
 ---- N_R                 :     64
 ---- N_THETA             :    384
 ---- Ell_MAX             :    255
 ---- R_MIN               :  5.38462E-01
 ---- R_MAX               :  1.53846E+00
 ---- Chebyshev Domains   :      1

        Domain 1
          Grid points           :  64
          Dealiased Polynomials :  42
          Domain Lower Bound    :  5.38462E-01
          Domain Upper Bound    :  1.53846E+00

 -- Grid initialized.

[SHTns 3.4.5] built Apr 30 2021, 16:03:12, id: avx2,ishioka
        Lmax=255, Mmax*Mres=255, Mres=1, Nlm=32896  [1 threads, orthonormalized]
        => using FFTW : Mmax=255, Nphi=768, Nlat=384  (data layout : phi_inc=384, theta_inc=1, phi_embed=768)
        => using Gauss nodes
        + polar optimization threshold = 1.0e-08
        finding optimal algorithm..........
        + SHT accuracy = 1.55e-12
        => SHTns is ready.
 -- Initalizing Reference State...
 ---- Specified parameters:
 ---- Reference type           :  Boussinesq (Non-dimensional)
 ---- Rayleigh Number          :  1.00000E+05
 ---- Ekman Number             :  1.00000E-03
 ---- Prandtl Number           :  1.00000E+00
 ---- Magnetic Prandtl Number  :  5.00000E+00
 -- Reference State initialized.

 -- Initializing Fields...
 ---- Specified parameters:
 ---- Hydro Init Type    : Benchmark (Christensen et al. 2001)
 ---- Magnetic Init Type : Benchmark (Christensen et al. 2001)
 -- Fields initialized.

 Initialization Complete.
 //////////////////////////////////////

 Timestep has changed from  0.00000E+00 to  1.00000E-04.
 Iteration:  00000001   DeltaT:  1.000E-04   Iter/sec:  0.000E+00
 Timestep has changed from  1.00000E-04 to  1.02211E-05.
 Iteration:  00000002   DeltaT:  1.022E-05   Iter/sec:  1.120E-01
 Iteration:  00000003   DeltaT:  1.022E-05   Iter/sec:  5.890E+00
 Iteration:  00000004   DeltaT:  1.022E-05   Iter/sec:  6.980E+00
 Iteration:  00000005   DeltaT:  1.022E-05   Iter/sec:  7.877E+00
 Iteration:  00000006   DeltaT:  1.022E-05   Iter/sec:  7.207E+00
 Iteration:  00000007   DeltaT:  1.022E-05   Iter/sec:  7.360E+00
 Iteration:  00000008   DeltaT:  1.022E-05   Iter/sec:  7.770E+00
 Iteration:  00000009   DeltaT:  1.022E-05   Iter/sec:  7.071E+00
 Iteration:  00000010   DeltaT:  1.022E-05   Iter/sec:  7.707E+00
 Iteration:  00000011   DeltaT:  1.022E-05   Iter/sec:  7.691E+00
 Iteration:  00000012   DeltaT:  1.022E-05   Iter/sec:  7.863E+00
 Iteration:  00000013   DeltaT:  1.022E-05   Iter/sec:  7.262E+00
 Iteration:  00000014   DeltaT:  1.022E-05   Iter/sec:  8.135E+00
 Iteration:  00000015   DeltaT:  1.022E-05   Iter/sec:  7.263E+00
 Iteration:  00000016   DeltaT:  1.022E-05   Iter/sec:  7.861E+00
 Iteration:  00000017   DeltaT:  1.022E-05   Iter/sec:  7.830E+00
 Iteration:  00000018   DeltaT:  1.022E-05   Iter/sec:  7.658E+00
 Iteration:  00000019   DeltaT:  1.022E-05   Iter/sec:  7.779E+00
 Iteration:  00000020   DeltaT:  1.022E-05   Iter/sec:  7.738E+00
 Iteration:  00000021   DeltaT:  1.022E-05   Iter/sec:  7.758E+00
 Iteration:  00000022   DeltaT:  1.022E-05   Iter/sec:  7.749E+00
 Iteration:  00000023   DeltaT:  1.022E-05   Iter/sec:  7.920E+00
 Iteration:  00000024   DeltaT:  1.022E-05   Iter/sec:  7.668E+00
 Iteration:  00000025   DeltaT:  1.022E-05   Iter/sec:  8.031E+00
 Iteration:  00000026   DeltaT:  1.022E-05   Iter/sec:  7.548E+00
 Iteration:  00000027   DeltaT:  1.022E-05   Iter/sec:  7.554E+00
 Iteration:  00000028   DeltaT:  1.022E-05   Iter/sec:  7.844E+00
 Iteration:  00000029   DeltaT:  1.022E-05   Iter/sec:  7.928E+00
 Iteration:  00000030   DeltaT:  1.022E-05   Iter/sec:  7.764E+00
 Iteration:  00000031   DeltaT:  1.022E-05   Iter/sec:  7.683E+00
 Iteration:  00000032   DeltaT:  1.022E-05   Iter/sec:  7.814E+00
 Iteration:  00000033   DeltaT:  1.022E-05   Iter/sec:  7.554E+00
 Iteration:  00000034   DeltaT:  1.022E-05   Iter/sec:  7.610E+00
 Iteration:  00000035   DeltaT:  1.022E-05   Iter/sec:  7.838E+00
 Iteration:  00000036   DeltaT:  1.022E-05   Iter/sec:  7.716E+00
 Iteration:  00000037   DeltaT:  1.022E-05   Iter/sec:  7.721E+00
 Iteration:  00000038   DeltaT:  1.022E-05   Iter/sec:  7.721E+00
 Iteration:  00000039   DeltaT:  1.022E-05   Iter/sec:  7.963E+00
 Iteration:  00000040   DeltaT:  1.022E-05   Iter/sec:  7.650E+00
 Iteration:  00000041   DeltaT:  1.022E-05   Iter/sec:  7.755E+00
 Iteration:  00000042   DeltaT:  1.022E-05   Iter/sec:  7.890E+00
 Iteration:  00000043   DeltaT:  1.022E-05   Iter/sec:  7.732E+00
 Iteration:  00000044   DeltaT:  1.022E-05   Iter/sec:  7.789E+00
 Iteration:  00000045   DeltaT:  1.022E-05   Iter/sec:  7.750E+00
 Iteration:  00000046   DeltaT:  1.022E-05   Iter/sec:  7.744E+00
 Iteration:  00000047   DeltaT:  1.022E-05   Iter/sec:  7.872E+00
 Iteration:  00000048   DeltaT:  1.022E-05   Iter/sec:  7.642E+00
 Iteration:  00000049   DeltaT:  1.022E-05   Iter/sec:  7.994E+00
 Iteration:  00000050   DeltaT:  1.022E-05   Iter/sec:  7.621E+00


//////////////////////////////////////////////
   Measured Timings for Process 0  (seconds)

 Elapsed time:         6.9956
  Column time:         1.4912
     Row time:         2.3003
Legendre time:         0.4819
     FFT time:         0.4853
   Solve time:         0.2148
    rlma time:         0.0813
    rlmb time:         0.0339
  pspace time:         0.8830
  psolve time:         0.5170
    dphi time:         0.0498
captured time:         6.5386

     iter/sec:         7.1473
//////////////////////////////////////////////
