 //////////////////////////////////////
 Initializating Rayleigh...

 -- Initalizing MPI...
 ---- Specified parameters:
 ---- NCPU  :     32
 ---- NPROW :      8
 ---- NPCOL :      4
 -- MPI initialized.


 -- Initalizing Grid...
 ---- Specified parameters ----
 ---- N_R                 :     64
 ---- N_THETA             :    384
 ---- Ell_MAX             :    255
 ---- R_MIN               :  5.38462E-01
 ---- R_MAX               :  1.53846E+00
 ---- Chebyshev Domains   :      1

        Domain 1
          Grid points           :  64
          Dealiased Polynomials :  42
          Domain Lower Bound    :  5.38462E-01
          Domain Upper Bound    :  1.53846E+00

 -- Grid initialized.

[SHTns 3.4.5] built Apr 30 2021, 16:03:12, id: avx2,ishioka
        Lmax=255, Mmax*Mres=255, Mres=1, Nlm=32896  [1 threads, orthonormalized]
        => using FFTW : Mmax=255, Nphi=768, Nlat=384  (data layout : phi_inc=384, theta_inc=1, phi_embed=768)
        => using Gauss nodes
        + polar optimization threshold = 1.0e-08
        finding optimal algorithm..........
        + SHT accuracy = 9.26e-13
        => SHTns is ready.
 -- Initalizing Reference State...
 ---- Specified parameters:
 ---- Reference type           :  Boussinesq (Non-dimensional)
 ---- Rayleigh Number          :  1.00000E+05
 ---- Ekman Number             :  1.00000E-03
 ---- Prandtl Number           :  1.00000E+00
 ---- Magnetic Prandtl Number  :  5.00000E+00
 -- Reference State initialized.

 -- Initializing Fields...
 ---- Specified parameters:
 ---- Hydro Init Type    : Benchmark (Christensen et al. 2001)
 ---- Magnetic Init Type : Benchmark (Christensen et al. 2001)
 -- Fields initialized.

 Initialization Complete.
 //////////////////////////////////////

 Timestep has changed from  0.00000E+00 to  1.00000E-04.
 Iteration:  00000001   DeltaT:  1.000E-04   Iter/sec:  0.000E+00
 Timestep has changed from  1.00000E-04 to  1.02211E-05.
 Iteration:  00000002   DeltaT:  1.022E-05   Iter/sec:  9.802E-02
 Iteration:  00000003   DeltaT:  1.022E-05   Iter/sec:  9.110E-01
 Iteration:  00000004   DeltaT:  1.022E-05   Iter/sec:  9.797E-01
 Iteration:  00000005   DeltaT:  1.022E-05   Iter/sec:  9.607E-01
 Iteration:  00000006   DeltaT:  1.022E-05   Iter/sec:  9.704E-01
 Iteration:  00000007   DeltaT:  1.022E-05   Iter/sec:  9.801E-01
 Iteration:  00000008   DeltaT:  1.022E-05   Iter/sec:  9.696E-01
 Iteration:  00000009   DeltaT:  1.022E-05   Iter/sec:  9.664E-01
 Iteration:  00000010   DeltaT:  1.022E-05   Iter/sec:  9.648E-01
 Iteration:  00000011   DeltaT:  1.022E-05   Iter/sec:  9.655E-01
 Iteration:  00000012   DeltaT:  1.022E-05   Iter/sec:  9.803E-01
 Iteration:  00000013   DeltaT:  1.022E-05   Iter/sec:  9.607E-01
 Iteration:  00000014   DeltaT:  1.022E-05   Iter/sec:  9.690E-01
 Iteration:  00000015   DeltaT:  1.022E-05   Iter/sec:  9.683E-01
 Iteration:  00000016   DeltaT:  1.022E-05   Iter/sec:  9.611E-01
 Iteration:  00000017   DeltaT:  1.022E-05   Iter/sec:  9.646E-01
 Iteration:  00000018   DeltaT:  1.022E-05   Iter/sec:  9.629E-01
 Iteration:  00000019   DeltaT:  1.022E-05   Iter/sec:  9.660E-01
 Iteration:  00000020   DeltaT:  1.022E-05   Iter/sec:  9.715E-01
 Iteration:  00000021   DeltaT:  1.022E-05   Iter/sec:  9.644E-01
 Iteration:  00000022   DeltaT:  1.022E-05   Iter/sec:  9.645E-01
 Iteration:  00000023   DeltaT:  1.022E-05   Iter/sec:  9.804E-01
 Iteration:  00000024   DeltaT:  1.022E-05   Iter/sec:  9.680E-01
 Iteration:  00000025   DeltaT:  1.022E-05   Iter/sec:  9.596E-01
 Iteration:  00000026   DeltaT:  1.022E-05   Iter/sec:  9.674E-01
 Iteration:  00000027   DeltaT:  1.022E-05   Iter/sec:  9.632E-01
 Iteration:  00000028   DeltaT:  1.022E-05   Iter/sec:  9.742E-01
 Iteration:  00000029   DeltaT:  1.022E-05   Iter/sec:  9.665E-01
 Iteration:  00000030   DeltaT:  1.022E-05   Iter/sec:  9.718E-01
 Iteration:  00000031   DeltaT:  1.022E-05   Iter/sec:  9.817E-01
 Iteration:  00000032   DeltaT:  1.022E-05   Iter/sec:  9.588E-01
 Iteration:  00000033   DeltaT:  1.022E-05   Iter/sec:  9.701E-01
 Iteration:  00000034   DeltaT:  1.022E-05   Iter/sec:  9.734E-01
 Iteration:  00000035   DeltaT:  1.022E-05   Iter/sec:  9.691E-01
 Iteration:  00000036   DeltaT:  1.022E-05   Iter/sec:  9.724E-01
 Iteration:  00000037   DeltaT:  1.022E-05   Iter/sec:  9.872E-01
 Iteration:  00000038   DeltaT:  1.022E-05   Iter/sec:  9.700E-01
 Iteration:  00000039   DeltaT:  1.022E-05   Iter/sec:  9.722E-01
 Iteration:  00000040   DeltaT:  1.022E-05   Iter/sec:  9.737E-01
 Iteration:  00000041   DeltaT:  1.022E-05   Iter/sec:  9.602E-01
 Iteration:  00000042   DeltaT:  1.022E-05   Iter/sec:  9.636E-01
 Iteration:  00000043   DeltaT:  1.022E-05   Iter/sec:  9.729E-01
 Iteration:  00000044   DeltaT:  1.022E-05   Iter/sec:  9.659E-01
 Iteration:  00000045   DeltaT:  1.022E-05   Iter/sec:  9.677E-01
 Iteration:  00000046   DeltaT:  1.022E-05   Iter/sec:  9.699E-01
 Iteration:  00000047   DeltaT:  1.022E-05   Iter/sec:  9.649E-01
 Iteration:  00000048   DeltaT:  1.022E-05   Iter/sec:  9.691E-01
 Iteration:  00000049   DeltaT:  1.022E-05   Iter/sec:  9.162E-01
 Iteration:  00000050   DeltaT:  1.022E-05   Iter/sec:  9.707E-01


//////////////////////////////////////////////
   Measured Timings for Process 0  (seconds)

 Elapsed time:        52.4450
  Column time:         4.6494
     Row time:        20.0862
Legendre time:         5.0427
     FFT time:         4.0010
   Solve time:         0.7331
    rlma time:         1.1046
    rlmb time:         0.4505
  pspace time:         7.8514
  psolve time:         6.6885
    dphi time:         0.2886
captured time:        50.8961

     iter/sec:         0.9534
//////////////////////////////////////////////
