 //////////////////////////////////////
 Initializating Rayleigh...

 -- Initalizing MPI...
 ---- Specified parameters:
 ---- NCPU  :     32
 ---- NPROW :      8
 ---- NPCOL :      4
 -- MPI initialized.


 -- Initalizing Grid...
 ---- Specified parameters ----
 ---- N_R                 :     64
 ---- N_THETA             :    192
 ---- Ell_MAX             :    127
 ---- R_MIN               :  5.38462E-01
 ---- R_MAX               :  1.53846E+00
 ---- Chebyshev Domains   :      1

        Domain 1
          Grid points           :  64
          Dealiased Polynomials :  42
          Domain Lower Bound    :  5.38462E-01
          Domain Upper Bound    :  1.53846E+00

 -- Grid initialized.

[SHTns 3.4.5] built Apr 30 2021, 16:03:12, id: avx2,ishioka
        Lmax=127, Mmax*Mres=127, Mres=1, Nlm=8256  [1 threads, orthonormalized]
        => using FFTW : Mmax=127, Nphi=384, Nlat=192  (data layout : phi_inc=192, theta_inc=1, phi_embed=384)
        => using Gauss nodes
        + polar optimization threshold = 1.0e-08
        finding optimal algorithm........
        + SHT accuracy = 4.1e-14
        => SHTns is ready.
 -- Initalizing Reference State...
 ---- Specified parameters:
 ---- Reference type           :  Boussinesq (Non-dimensional)
 ---- Rayleigh Number          :  1.00000E+05
 ---- Ekman Number             :  1.00000E-03
 ---- Prandtl Number           :  1.00000E+00
 ---- Magnetic Prandtl Number  :  5.00000E+00
 -- Reference State initialized.

 -- Initializing Fields...
 ---- Specified parameters:
 ---- Hydro Init Type    : Benchmark (Christensen et al. 2001)
 ---- Magnetic Init Type : Benchmark (Christensen et al. 2001)
 -- Fields initialized.

 Initialization Complete.
 //////////////////////////////////////

 Timestep has changed from  0.00000E+00 to  1.00000E-04.
 Iteration:  00000001   DeltaT:  1.000E-04   Iter/sec:  0.000E+00
 Timestep has changed from  1.00000E-04 to  1.02217E-05.
 Iteration:  00000002   DeltaT:  1.022E-05   Iter/sec:  2.369E-01
 Iteration:  00000003   DeltaT:  1.022E-05   Iter/sec:  3.864E+00
 Iteration:  00000004   DeltaT:  1.022E-05   Iter/sec:  4.374E+00
 Iteration:  00000005   DeltaT:  1.022E-05   Iter/sec:  4.401E+00
 Iteration:  00000006   DeltaT:  1.022E-05   Iter/sec:  4.359E+00
 Iteration:  00000007   DeltaT:  1.022E-05   Iter/sec:  4.404E+00
 Iteration:  00000008   DeltaT:  1.022E-05   Iter/sec:  4.404E+00
 Iteration:  00000009   DeltaT:  1.022E-05   Iter/sec:  4.320E+00
 Iteration:  00000010   DeltaT:  1.022E-05   Iter/sec:  4.339E+00
 Iteration:  00000011   DeltaT:  1.022E-05   Iter/sec:  4.400E+00
 Iteration:  00000012   DeltaT:  1.022E-05   Iter/sec:  4.368E+00
 Iteration:  00000013   DeltaT:  1.022E-05   Iter/sec:  4.399E+00
 Iteration:  00000014   DeltaT:  1.022E-05   Iter/sec:  4.458E+00
 Iteration:  00000015   DeltaT:  1.022E-05   Iter/sec:  4.372E+00
 Iteration:  00000016   DeltaT:  1.022E-05   Iter/sec:  4.435E+00
 Iteration:  00000017   DeltaT:  1.022E-05   Iter/sec:  4.383E+00
 Iteration:  00000018   DeltaT:  1.022E-05   Iter/sec:  4.401E+00
 Iteration:  00000019   DeltaT:  1.022E-05   Iter/sec:  4.356E+00
 Iteration:  00000020   DeltaT:  1.022E-05   Iter/sec:  4.443E+00
 Iteration:  00000021   DeltaT:  1.022E-05   Iter/sec:  4.394E+00
 Iteration:  00000022   DeltaT:  1.022E-05   Iter/sec:  4.393E+00
 Iteration:  00000023   DeltaT:  1.022E-05   Iter/sec:  4.419E+00
 Iteration:  00000024   DeltaT:  1.022E-05   Iter/sec:  4.339E+00
 Iteration:  00000025   DeltaT:  1.022E-05   Iter/sec:  4.353E+00
 Iteration:  00000026   DeltaT:  1.022E-05   Iter/sec:  4.361E+00
 Iteration:  00000027   DeltaT:  1.022E-05   Iter/sec:  4.398E+00
 Iteration:  00000028   DeltaT:  1.022E-05   Iter/sec:  4.335E+00
 Iteration:  00000029   DeltaT:  1.022E-05   Iter/sec:  4.365E+00
 Iteration:  00000030   DeltaT:  1.022E-05   Iter/sec:  4.370E+00
 Iteration:  00000031   DeltaT:  1.022E-05   Iter/sec:  4.437E+00
 Iteration:  00000032   DeltaT:  1.022E-05   Iter/sec:  4.313E+00
 Iteration:  00000033   DeltaT:  1.022E-05   Iter/sec:  4.376E+00
 Iteration:  00000034   DeltaT:  1.022E-05   Iter/sec:  4.405E+00
 Iteration:  00000035   DeltaT:  1.022E-05   Iter/sec:  4.357E+00
 Iteration:  00000036   DeltaT:  1.022E-05   Iter/sec:  4.365E+00
 Iteration:  00000037   DeltaT:  1.022E-05   Iter/sec:  4.334E+00
 Iteration:  00000038   DeltaT:  1.022E-05   Iter/sec:  4.390E+00
 Iteration:  00000039   DeltaT:  1.022E-05   Iter/sec:  4.415E+00
 Iteration:  00000040   DeltaT:  1.022E-05   Iter/sec:  4.432E+00
 Iteration:  00000041   DeltaT:  1.022E-05   Iter/sec:  4.333E+00
 Iteration:  00000042   DeltaT:  1.022E-05   Iter/sec:  4.393E+00
 Iteration:  00000043   DeltaT:  1.022E-05   Iter/sec:  3.915E+00
 Iteration:  00000044   DeltaT:  1.022E-05   Iter/sec:  4.351E+00
 Iteration:  00000045   DeltaT:  1.022E-05   Iter/sec:  4.361E+00
 Iteration:  00000046   DeltaT:  1.022E-05   Iter/sec:  4.388E+00
 Iteration:  00000047   DeltaT:  1.022E-05   Iter/sec:  4.334E+00
 Iteration:  00000048   DeltaT:  1.022E-05   Iter/sec:  4.386E+00
 Iteration:  00000049   DeltaT:  1.022E-05   Iter/sec:  4.355E+00
 Iteration:  00000050   DeltaT:  1.022E-05   Iter/sec:  4.403E+00


//////////////////////////////////////////////
   Measured Timings for Process 0  (seconds)

 Elapsed time:        11.6934
  Column time:         0.8311
     Row time:         4.4027
Legendre time:         0.9371
     FFT time:         0.9697
   Solve time:         0.2780
    rlma time:         0.1729
    rlmb time:         0.0720
  pspace time:         2.0795
  psolve time:         1.5143
    dphi time:         0.1017
captured time:        11.3590

     iter/sec:         4.2759
//////////////////////////////////////////////
