 //////////////////////////////////////
 Initializating Rayleigh...

 -- Initalizing MPI...
 ---- Specified parameters:
 ---- NCPU  :    512
 ---- NPROW :     16
 ---- NPCOL :     32
 -- MPI initialized.


 -- Initalizing Grid...
 ---- Specified parameters ----
 ---- N_R                 :    128
 ---- N_THETA             :    384
 ---- Ell_MAX             :    255
 ---- R_MIN               :  5.38462E-01
 ---- R_MAX               :  1.53846E+00
 ---- Chebyshev Domains   :      1

        Domain 1
          Grid points           :  128
          Dealiased Polynomials :  85
          Domain Lower Bound    :  5.38462E-01
          Domain Upper Bound    :  1.53846E+00

 -- Grid initialized.

[SHTns 3.4.5] built Apr 30 2021, 16:03:12, id: avx2,ishioka
        Lmax=255, Mmax*Mres=255, Mres=1, Nlm=32896  [1 threads, orthonormalized]
        => using FFTW : Mmax=255, Nphi=768, Nlat=384  (data layout : phi_inc=384, theta_inc=1, phi_embed=768)
        => using Gauss nodes
        + polar optimization threshold = 1.0e-08
        finding optimal algorithm..........
        + SHT accuracy = 1.37e-12
        => SHTns is ready.
 -- Initalizing Reference State...
 ---- Specified parameters:
 ---- Reference type           :  Boussinesq (Non-dimensional)
 ---- Rayleigh Number          :  1.00000E+05
 ---- Ekman Number             :  1.00000E-03
 ---- Prandtl Number           :  1.00000E+00
 ---- Magnetic Prandtl Number  :  5.00000E+00
 -- Reference State initialized.

 -- Initializing Fields...
 ---- Specified parameters:
 ---- Hydro Init Type    : Benchmark (Christensen et al. 2001)
 ---- Magnetic Init Type : Benchmark (Christensen et al. 2001)
 -- Fields initialized.

 Initialization Complete.
 //////////////////////////////////////

 Timestep has changed from  0.00000E+00 to  1.00000E-04.
 Iteration:  00000001   DeltaT:  1.000E-04   Iter/sec:  0.000E+00
 Timestep has changed from  1.00000E-04 to  2.55566E-06.
 Iteration:  00000002   DeltaT:  2.556E-06   Iter/sec:  1.085E-01
 Iteration:  00000003   DeltaT:  2.556E-06   Iter/sec:  5.300E+00
 Iteration:  00000004   DeltaT:  2.556E-06   Iter/sec:  7.217E+00
 Iteration:  00000005   DeltaT:  2.556E-06   Iter/sec:  7.180E+00
 Iteration:  00000006   DeltaT:  2.556E-06   Iter/sec:  7.117E+00
 Iteration:  00000007   DeltaT:  2.556E-06   Iter/sec:  7.181E+00
 Iteration:  00000008   DeltaT:  2.556E-06   Iter/sec:  6.847E+00
 Iteration:  00000009   DeltaT:  2.556E-06   Iter/sec:  7.115E+00
 Iteration:  00000010   DeltaT:  2.556E-06   Iter/sec:  7.495E+00
 Iteration:  00000011   DeltaT:  2.556E-06   Iter/sec:  7.330E+00
 Iteration:  00000012   DeltaT:  2.556E-06   Iter/sec:  7.205E+00
 Iteration:  00000013   DeltaT:  2.556E-06   Iter/sec:  7.191E+00
 Iteration:  00000014   DeltaT:  2.556E-06   Iter/sec:  7.263E+00
 Iteration:  00000015   DeltaT:  2.556E-06   Iter/sec:  7.194E+00
 Iteration:  00000016   DeltaT:  2.556E-06   Iter/sec:  7.223E+00
 Iteration:  00000017   DeltaT:  2.556E-06   Iter/sec:  7.377E+00
 Iteration:  00000018   DeltaT:  2.556E-06   Iter/sec:  7.310E+00
 Iteration:  00000019   DeltaT:  2.556E-06   Iter/sec:  7.234E+00
 Iteration:  00000020   DeltaT:  2.556E-06   Iter/sec:  7.357E+00
 Iteration:  00000021   DeltaT:  2.556E-06   Iter/sec:  7.223E+00
 Iteration:  00000022   DeltaT:  2.556E-06   Iter/sec:  7.477E+00
 Iteration:  00000023   DeltaT:  2.556E-06   Iter/sec:  7.126E+00
 Iteration:  00000024   DeltaT:  2.556E-06   Iter/sec:  7.115E+00
 Iteration:  00000025   DeltaT:  2.556E-06   Iter/sec:  7.508E+00
 Iteration:  00000026   DeltaT:  2.556E-06   Iter/sec:  7.378E+00
 Iteration:  00000027   DeltaT:  2.556E-06   Iter/sec:  7.435E+00
 Iteration:  00000028   DeltaT:  2.556E-06   Iter/sec:  7.307E+00
 Iteration:  00000029   DeltaT:  2.556E-06   Iter/sec:  7.271E+00
 Iteration:  00000030   DeltaT:  2.556E-06   Iter/sec:  7.418E+00
 Iteration:  00000031   DeltaT:  2.556E-06   Iter/sec:  7.489E+00
 Iteration:  00000032   DeltaT:  2.556E-06   Iter/sec:  7.540E+00
 Iteration:  00000033   DeltaT:  2.556E-06   Iter/sec:  7.450E+00
 Iteration:  00000034   DeltaT:  2.556E-06   Iter/sec:  7.541E+00
 Iteration:  00000035   DeltaT:  2.556E-06   Iter/sec:  7.501E+00
 Iteration:  00000036   DeltaT:  2.556E-06   Iter/sec:  7.371E+00
 Iteration:  00000037   DeltaT:  2.556E-06   Iter/sec:  7.331E+00
 Iteration:  00000038   DeltaT:  2.556E-06   Iter/sec:  7.643E+00
 Iteration:  00000039   DeltaT:  2.556E-06   Iter/sec:  7.448E+00
 Iteration:  00000040   DeltaT:  2.556E-06   Iter/sec:  7.357E+00
 Iteration:  00000041   DeltaT:  2.556E-06   Iter/sec:  7.450E+00
 Iteration:  00000042   DeltaT:  2.556E-06   Iter/sec:  7.550E+00
 Iteration:  00000043   DeltaT:  2.556E-06   Iter/sec:  7.403E+00
 Iteration:  00000044   DeltaT:  2.556E-06   Iter/sec:  7.348E+00
 Iteration:  00000045   DeltaT:  2.556E-06   Iter/sec:  7.344E+00
 Iteration:  00000046   DeltaT:  2.556E-06   Iter/sec:  7.495E+00
 Iteration:  00000047   DeltaT:  2.556E-06   Iter/sec:  7.313E+00
 Iteration:  00000048   DeltaT:  2.556E-06   Iter/sec:  7.582E+00
 Iteration:  00000049   DeltaT:  2.556E-06   Iter/sec:  7.354E+00
 Iteration:  00000050   DeltaT:  2.556E-06   Iter/sec:  7.372E+00


//////////////////////////////////////////////
   Measured Timings for Process 0  (seconds)

 Elapsed time:         7.9957
  Column time:         1.6436
     Row time:         2.0850
Legendre time:         0.4910
     FFT time:         0.4791
   Solve time:         0.3048
    rlma time:         0.0915
    rlmb time:         0.0375
  pspace time:         0.9665
  psolve time:         0.6816
    dphi time:         0.0659
captured time:         6.8466

     iter/sec:         6.2534
//////////////////////////////////////////////
