 //////////////////////////////////////
 Initializating Rayleigh...

 -- Initalizing MPI...
 ---- Specified parameters:
 ---- NCPU  :     16
 ---- NPROW :      4
 ---- NPCOL :      4
 -- MPI initialized.


 -- Initalizing Grid...
 ---- Specified parameters ----
 ---- N_R                 :    128
 ---- N_THETA             :    192
 ---- Ell_MAX             :    127
 ---- R_MIN               :  5.38462E-01
 ---- R_MAX               :  1.53846E+00
 ---- Chebyshev Domains   :      1

        Domain 1
          Grid points           :  128
          Dealiased Polynomials :  85
          Domain Lower Bound    :  5.38462E-01
          Domain Upper Bound    :  1.53846E+00

 -- Grid initialized.

[SHTns 3.4.5] built Apr 30 2021, 16:03:12, id: avx2,ishioka
        Lmax=127, Mmax*Mres=127, Mres=1, Nlm=8256  [1 threads, orthonormalized]
        => using FFTW : Mmax=127, Nphi=384, Nlat=192  (data layout : phi_inc=192, theta_inc=1, phi_embed=384)
        => using Gauss nodes
        + polar optimization threshold = 1.0e-08
        finding optimal algorithm........
        + SHT accuracy = 5.6e-14
        => SHTns is ready.
 -- Initalizing Reference State...
 ---- Specified parameters:
 ---- Reference type           :  Boussinesq (Non-dimensional)
 ---- Rayleigh Number          :  1.00000E+05
 ---- Ekman Number             :  1.00000E-03
 ---- Prandtl Number           :  1.00000E+00
 ---- Magnetic Prandtl Number  :  5.00000E+00
 -- Reference State initialized.

 -- Initializing Fields...
 ---- Specified parameters:
 ---- Hydro Init Type    : Benchmark (Christensen et al. 2001)
 ---- Magnetic Init Type : Benchmark (Christensen et al. 2001)
 -- Fields initialized.

 Initialization Complete.
 //////////////////////////////////////

 Timestep has changed from  0.00000E+00 to  1.00000E-04.
 Iteration:  00000001   DeltaT:  1.000E-04   Iter/sec:  0.000E+00
 Timestep has changed from  1.00000E-04 to  2.55581E-06.
 Iteration:  00000002   DeltaT:  2.556E-06   Iter/sec:  1.874E-01
 Iteration:  00000003   DeltaT:  2.556E-06   Iter/sec:  7.988E-01
 Iteration:  00000004   DeltaT:  2.556E-06   Iter/sec:  9.043E-01
 Iteration:  00000005   DeltaT:  2.556E-06   Iter/sec:  9.200E-01
 Iteration:  00000006   DeltaT:  2.556E-06   Iter/sec:  9.039E-01
 Iteration:  00000007   DeltaT:  2.556E-06   Iter/sec:  9.160E-01
 Iteration:  00000008   DeltaT:  2.556E-06   Iter/sec:  9.050E-01
 Iteration:  00000009   DeltaT:  2.556E-06   Iter/sec:  9.036E-01
 Iteration:  00000010   DeltaT:  2.556E-06   Iter/sec:  9.034E-01
 Iteration:  00000011   DeltaT:  2.556E-06   Iter/sec:  9.049E-01
 Iteration:  00000012   DeltaT:  2.556E-06   Iter/sec:  9.010E-01
 Iteration:  00000013   DeltaT:  2.556E-06   Iter/sec:  9.016E-01
 Iteration:  00000014   DeltaT:  2.556E-06   Iter/sec:  9.116E-01
 Iteration:  00000015   DeltaT:  2.556E-06   Iter/sec:  9.108E-01
 Iteration:  00000016   DeltaT:  2.556E-06   Iter/sec:  9.078E-01
 Iteration:  00000017   DeltaT:  2.556E-06   Iter/sec:  9.077E-01
 Iteration:  00000018   DeltaT:  2.556E-06   Iter/sec:  9.161E-01
 Iteration:  00000019   DeltaT:  2.556E-06   Iter/sec:  9.146E-01
 Iteration:  00000020   DeltaT:  2.556E-06   Iter/sec:  9.124E-01
 Iteration:  00000021   DeltaT:  2.556E-06   Iter/sec:  9.066E-01
 Iteration:  00000022   DeltaT:  2.556E-06   Iter/sec:  9.064E-01
 Iteration:  00000023   DeltaT:  2.556E-06   Iter/sec:  9.107E-01
 Iteration:  00000024   DeltaT:  2.556E-06   Iter/sec:  9.038E-01
 Iteration:  00000025   DeltaT:  2.556E-06   Iter/sec:  9.108E-01
 Iteration:  00000026   DeltaT:  2.556E-06   Iter/sec:  9.050E-01
 Iteration:  00000027   DeltaT:  2.556E-06   Iter/sec:  9.066E-01
 Iteration:  00000028   DeltaT:  2.556E-06   Iter/sec:  9.071E-01
 Iteration:  00000029   DeltaT:  2.556E-06   Iter/sec:  9.126E-01
 Iteration:  00000030   DeltaT:  2.556E-06   Iter/sec:  9.051E-01
 Iteration:  00000031   DeltaT:  2.556E-06   Iter/sec:  9.075E-01
 Iteration:  00000032   DeltaT:  2.556E-06   Iter/sec:  9.039E-01
 Iteration:  00000033   DeltaT:  2.556E-06   Iter/sec:  9.053E-01
 Iteration:  00000034   DeltaT:  2.556E-06   Iter/sec:  9.088E-01
 Iteration:  00000035   DeltaT:  2.556E-06   Iter/sec:  9.096E-01
 Iteration:  00000036   DeltaT:  2.556E-06   Iter/sec:  9.047E-01
 Iteration:  00000037   DeltaT:  2.556E-06   Iter/sec:  9.107E-01
 Iteration:  00000038   DeltaT:  2.556E-06   Iter/sec:  9.046E-01
 Iteration:  00000039   DeltaT:  2.556E-06   Iter/sec:  9.058E-01
 Iteration:  00000040   DeltaT:  2.556E-06   Iter/sec:  9.207E-01
 Iteration:  00000041   DeltaT:  2.556E-06   Iter/sec:  9.054E-01
 Iteration:  00000042   DeltaT:  2.556E-06   Iter/sec:  9.106E-01
 Iteration:  00000043   DeltaT:  2.556E-06   Iter/sec:  9.076E-01
 Iteration:  00000044   DeltaT:  2.556E-06   Iter/sec:  9.093E-01
 Iteration:  00000045   DeltaT:  2.556E-06   Iter/sec:  9.036E-01
 Iteration:  00000046   DeltaT:  2.556E-06   Iter/sec:  9.106E-01
 Iteration:  00000047   DeltaT:  2.556E-06   Iter/sec:  9.070E-01
 Iteration:  00000048   DeltaT:  2.556E-06   Iter/sec:  9.016E-01
 Iteration:  00000049   DeltaT:  2.556E-06   Iter/sec:  9.125E-01
 Iteration:  00000050   DeltaT:  2.556E-06   Iter/sec:  9.002E-01


//////////////////////////////////////////////
   Measured Timings for Process 0  (seconds)

 Elapsed time:        55.7997
  Column time:         3.0975
     Row time:        24.1768
Legendre time:         3.7578
     FFT time:         3.9462
   Solve time:         1.3949
    rlma time:         1.1596
    rlmb time:         0.4031
  pspace time:         9.1277
  psolve time:         6.8892
    dphi time:         0.4695
captured time:        54.4222

     iter/sec:         0.8961
//////////////////////////////////////////////
