 //////////////////////////////////////
 Initializating Rayleigh...

 -- Initalizing MPI...
 ---- Specified parameters:
 ---- NCPU  :     64
 ---- NPROW :      4
 ---- NPCOL :     16
 -- MPI initialized.


 -- Initalizing Grid...
 ---- Specified parameters ----
 ---- N_R                 :     64
 ---- N_THETA             :    192
 ---- Ell_MAX             :    127
 ---- R_MIN               :  5.38462E-01
 ---- R_MAX               :  1.53846E+00
 ---- Chebyshev Domains   :      1

        Domain 1
          Grid points           :  64
          Dealiased Polynomials :  42
          Domain Lower Bound    :  5.38462E-01
          Domain Upper Bound    :  1.53846E+00

 -- Grid initialized.

[SHTns 3.4.5] built Apr 30 2021, 16:03:12, id: avx2,ishioka
        Lmax=127, Mmax*Mres=127, Mres=1, Nlm=8256  [1 threads, orthonormalized]
        => using FFTW : Mmax=127, Nphi=384, Nlat=192  (data layout : phi_inc=192, theta_inc=1, phi_embed=384)
        => using Gauss nodes
        + polar optimization threshold = 1.0e-08
        finding optimal algorithm........
        + SHT accuracy = 6.47e-14
        => SHTns is ready.
 -- Initalizing Reference State...
 ---- Specified parameters:
 ---- Reference type           :  Boussinesq (Non-dimensional)
 ---- Rayleigh Number          :  1.00000E+05
 ---- Ekman Number             :  1.00000E-03
 ---- Prandtl Number           :  1.00000E+00
 ---- Magnetic Prandtl Number  :  5.00000E+00
 -- Reference State initialized.

 -- Initializing Fields...
 ---- Specified parameters:
 ---- Hydro Init Type    : Benchmark (Christensen et al. 2001)
 ---- Magnetic Init Type : Benchmark (Christensen et al. 2001)
 -- Fields initialized.

 Initialization Complete.
 //////////////////////////////////////

 Timestep has changed from  0.00000E+00 to  1.00000E-04.
 Iteration:  00000001   DeltaT:  1.000E-04   Iter/sec:  0.000E+00
 Timestep has changed from  1.00000E-04 to  1.02217E-05.
 Iteration:  00000002   DeltaT:  1.022E-05   Iter/sec:  2.425E-01
 Iteration:  00000003   DeltaT:  1.022E-05   Iter/sec:  8.327E+00
 Iteration:  00000004   DeltaT:  1.022E-05   Iter/sec:  9.079E+00
 Iteration:  00000005   DeltaT:  1.022E-05   Iter/sec:  9.184E+00
 Iteration:  00000006   DeltaT:  1.022E-05   Iter/sec:  9.447E+00
 Iteration:  00000007   DeltaT:  1.022E-05   Iter/sec:  9.096E+00
 Iteration:  00000008   DeltaT:  1.022E-05   Iter/sec:  9.003E+00
 Iteration:  00000009   DeltaT:  1.022E-05   Iter/sec:  9.465E+00
 Iteration:  00000010   DeltaT:  1.022E-05   Iter/sec:  9.149E+00
 Iteration:  00000011   DeltaT:  1.022E-05   Iter/sec:  9.028E+00
 Iteration:  00000012   DeltaT:  1.022E-05   Iter/sec:  9.254E+00
 Iteration:  00000013   DeltaT:  1.022E-05   Iter/sec:  9.042E+00
 Iteration:  00000014   DeltaT:  1.022E-05   Iter/sec:  9.046E+00
 Iteration:  00000015   DeltaT:  1.022E-05   Iter/sec:  9.405E+00
 Iteration:  00000016   DeltaT:  1.022E-05   Iter/sec:  9.099E+00
 Iteration:  00000017   DeltaT:  1.022E-05   Iter/sec:  9.109E+00
 Iteration:  00000018   DeltaT:  1.022E-05   Iter/sec:  9.296E+00
 Iteration:  00000019   DeltaT:  1.022E-05   Iter/sec:  9.102E+00
 Iteration:  00000020   DeltaT:  1.022E-05   Iter/sec:  9.162E+00
 Iteration:  00000021   DeltaT:  1.022E-05   Iter/sec:  9.204E+00
 Iteration:  00000022   DeltaT:  1.022E-05   Iter/sec:  9.021E+00
 Iteration:  00000023   DeltaT:  1.022E-05   Iter/sec:  9.156E+00
 Iteration:  00000024   DeltaT:  1.022E-05   Iter/sec:  9.151E+00
 Iteration:  00000025   DeltaT:  1.022E-05   Iter/sec:  9.032E+00
 Iteration:  00000026   DeltaT:  1.022E-05   Iter/sec:  9.185E+00
 Iteration:  00000027   DeltaT:  1.022E-05   Iter/sec:  9.167E+00
 Iteration:  00000028   DeltaT:  1.022E-05   Iter/sec:  9.170E+00
 Iteration:  00000029   DeltaT:  1.022E-05   Iter/sec:  9.099E+00
 Iteration:  00000030   DeltaT:  1.022E-05   Iter/sec:  9.252E+00
 Iteration:  00000031   DeltaT:  1.022E-05   Iter/sec:  9.170E+00
 Iteration:  00000032   DeltaT:  1.022E-05   Iter/sec:  9.014E+00
 Iteration:  00000033   DeltaT:  1.022E-05   Iter/sec:  9.240E+00
 Iteration:  00000034   DeltaT:  1.022E-05   Iter/sec:  9.218E+00
 Iteration:  00000035   DeltaT:  1.022E-05   Iter/sec:  9.066E+00
 Iteration:  00000036   DeltaT:  1.022E-05   Iter/sec:  9.253E+00
 Iteration:  00000037   DeltaT:  1.022E-05   Iter/sec:  9.220E+00
 Iteration:  00000038   DeltaT:  1.022E-05   Iter/sec:  9.029E+00
 Iteration:  00000039   DeltaT:  1.022E-05   Iter/sec:  9.176E+00
 Iteration:  00000040   DeltaT:  1.022E-05   Iter/sec:  9.326E+00
 Iteration:  00000041   DeltaT:  1.022E-05   Iter/sec:  9.144E+00
 Iteration:  00000042   DeltaT:  1.022E-05   Iter/sec:  9.243E+00
 Iteration:  00000043   DeltaT:  1.022E-05   Iter/sec:  9.130E+00
 Iteration:  00000044   DeltaT:  1.022E-05   Iter/sec:  9.228E+00
 Iteration:  00000045   DeltaT:  1.022E-05   Iter/sec:  9.253E+00
 Iteration:  00000046   DeltaT:  1.022E-05   Iter/sec:  9.409E+00
 Iteration:  00000047   DeltaT:  1.022E-05   Iter/sec:  9.328E+00
 Iteration:  00000048   DeltaT:  1.022E-05   Iter/sec:  9.246E+00
 Iteration:  00000049   DeltaT:  1.022E-05   Iter/sec:  9.445E+00
 Iteration:  00000050   DeltaT:  1.022E-05   Iter/sec:  9.223E+00


//////////////////////////////////////////////
   Measured Timings for Process 0  (seconds)

 Elapsed time:         5.8465
  Column time:         0.9964
     Row time:         1.8607
Legendre time:         0.3715
     FFT time:         0.4603
   Solve time:         0.1348
    rlma time:         0.1001
    rlmb time:         0.0462
  pspace time:         0.7953
  psolve time:         0.5969
    dphi time:         0.0472
captured time:         5.4094

     iter/sec:         8.5522
//////////////////////////////////////////////
