 //////////////////////////////////////
 Initializating Rayleigh...

 -- Initalizing MPI...
 ---- Specified parameters:
 ---- NCPU  :     64
 ---- NPROW :      8
 ---- NPCOL :      8
 -- MPI initialized.


 -- Initalizing Grid...
 ---- Specified parameters ----
 ---- N_R                 :     64
 ---- N_THETA             :    192
 ---- Ell_MAX             :    127
 ---- R_MIN               :  5.38462E-01
 ---- R_MAX               :  1.53846E+00
 ---- Chebyshev Domains   :      1

        Domain 1
          Grid points           :  64
          Dealiased Polynomials :  42
          Domain Lower Bound    :  5.38462E-01
          Domain Upper Bound    :  1.53846E+00

 -- Grid initialized.

[SHTns 3.4.5] built Apr 30 2021, 16:03:12, id: avx2,ishioka
        Lmax=127, Mmax*Mres=127, Mres=1, Nlm=8256  [1 threads, orthonormalized]
        => using FFTW : Mmax=127, Nphi=384, Nlat=192  (data layout : phi_inc=192, theta_inc=1, phi_embed=384)
        => using Gauss nodes
        + polar optimization threshold = 1.0e-08
        finding optimal algorithm........
        + SHT accuracy = 4.86e-14
        => SHTns is ready.
 -- Initalizing Reference State...
 ---- Specified parameters:
 ---- Reference type           :  Boussinesq (Non-dimensional)
 ---- Rayleigh Number          :  1.00000E+05
 ---- Ekman Number             :  1.00000E-03
 ---- Prandtl Number           :  1.00000E+00
 ---- Magnetic Prandtl Number  :  5.00000E+00
 -- Reference State initialized.

 -- Initializing Fields...
 ---- Specified parameters:
 ---- Hydro Init Type    : Benchmark (Christensen et al. 2001)
 ---- Magnetic Init Type : Benchmark (Christensen et al. 2001)
 -- Fields initialized.

 Initialization Complete.
 //////////////////////////////////////

 Timestep has changed from  0.00000E+00 to  1.00000E-04.
 Iteration:  00000001   DeltaT:  1.000E-04   Iter/sec:  0.000E+00
 Timestep has changed from  1.00000E-04 to  1.02217E-05.
 Iteration:  00000002   DeltaT:  1.022E-05   Iter/sec:  2.434E-01
 Iteration:  00000003   DeltaT:  1.022E-05   Iter/sec:  7.925E+00
 Iteration:  00000004   DeltaT:  1.022E-05   Iter/sec:  9.105E+00
 Iteration:  00000005   DeltaT:  1.022E-05   Iter/sec:  9.025E+00
 Iteration:  00000006   DeltaT:  1.022E-05   Iter/sec:  9.380E+00
 Iteration:  00000007   DeltaT:  1.022E-05   Iter/sec:  9.273E+00
 Iteration:  00000008   DeltaT:  1.022E-05   Iter/sec:  9.156E+00
 Iteration:  00000009   DeltaT:  1.022E-05   Iter/sec:  9.277E+00
 Iteration:  00000010   DeltaT:  1.022E-05   Iter/sec:  9.127E+00
 Iteration:  00000011   DeltaT:  1.022E-05   Iter/sec:  9.173E+00
 Iteration:  00000012   DeltaT:  1.022E-05   Iter/sec:  9.113E+00
 Iteration:  00000013   DeltaT:  1.022E-05   Iter/sec:  9.476E+00
 Iteration:  00000014   DeltaT:  1.022E-05   Iter/sec:  9.032E+00
 Iteration:  00000015   DeltaT:  1.022E-05   Iter/sec:  9.329E+00
 Iteration:  00000016   DeltaT:  1.022E-05   Iter/sec:  9.271E+00
 Iteration:  00000017   DeltaT:  1.022E-05   Iter/sec:  9.527E+00
 Iteration:  00000018   DeltaT:  1.022E-05   Iter/sec:  9.393E+00
 Iteration:  00000019   DeltaT:  1.022E-05   Iter/sec:  9.604E+00
 Iteration:  00000020   DeltaT:  1.022E-05   Iter/sec:  9.656E+00
 Iteration:  00000021   DeltaT:  1.022E-05   Iter/sec:  9.615E+00
 Iteration:  00000022   DeltaT:  1.022E-05   Iter/sec:  9.579E+00
 Iteration:  00000023   DeltaT:  1.022E-05   Iter/sec:  9.526E+00
 Iteration:  00000024   DeltaT:  1.022E-05   Iter/sec:  9.619E+00
 Iteration:  00000025   DeltaT:  1.022E-05   Iter/sec:  9.717E+00
 Iteration:  00000026   DeltaT:  1.022E-05   Iter/sec:  9.493E+00
 Iteration:  00000027   DeltaT:  1.022E-05   Iter/sec:  9.557E+00
 Iteration:  00000028   DeltaT:  1.022E-05   Iter/sec:  9.646E+00
 Iteration:  00000029   DeltaT:  1.022E-05   Iter/sec:  9.618E+00
 Iteration:  00000030   DeltaT:  1.022E-05   Iter/sec:  9.529E+00
 Iteration:  00000031   DeltaT:  1.022E-05   Iter/sec:  9.372E+00
 Iteration:  00000032   DeltaT:  1.022E-05   Iter/sec:  9.896E+00
 Iteration:  00000033   DeltaT:  1.022E-05   Iter/sec:  9.665E+00
 Iteration:  00000034   DeltaT:  1.022E-05   Iter/sec:  9.645E+00
 Iteration:  00000035   DeltaT:  1.022E-05   Iter/sec:  9.587E+00
 Iteration:  00000036   DeltaT:  1.022E-05   Iter/sec:  9.650E+00
 Iteration:  00000037   DeltaT:  1.022E-05   Iter/sec:  9.762E+00
 Iteration:  00000038   DeltaT:  1.022E-05   Iter/sec:  9.705E+00
 Iteration:  00000039   DeltaT:  1.022E-05   Iter/sec:  9.559E+00
 Iteration:  00000040   DeltaT:  1.022E-05   Iter/sec:  9.664E+00
 Iteration:  00000041   DeltaT:  1.022E-05   Iter/sec:  9.613E+00
 Iteration:  00000042   DeltaT:  1.022E-05   Iter/sec:  9.647E+00
 Iteration:  00000043   DeltaT:  1.022E-05   Iter/sec:  9.883E+00
 Iteration:  00000044   DeltaT:  1.022E-05   Iter/sec:  9.616E+00
 Iteration:  00000045   DeltaT:  1.022E-05   Iter/sec:  9.718E+00
 Iteration:  00000046   DeltaT:  1.022E-05   Iter/sec:  9.743E+00
 Iteration:  00000047   DeltaT:  1.022E-05   Iter/sec:  9.450E+00
 Iteration:  00000048   DeltaT:  1.022E-05   Iter/sec:  9.672E+00
 Iteration:  00000049   DeltaT:  1.022E-05   Iter/sec:  9.662E+00
 Iteration:  00000050   DeltaT:  1.022E-05   Iter/sec:  9.742E+00


//////////////////////////////////////////////
   Measured Timings for Process 0  (seconds)

 Elapsed time:         5.4983
  Column time:         0.5491
     Row time:         1.9911
Legendre time:         0.3685
     FFT time:         0.5024
   Solve time:         0.1555
    rlma time:         0.0877
    rlmb time:         0.0361
  pspace time:         0.8669
  psolve time:         0.6255
    dphi time:         0.0609
captured time:         5.2437

     iter/sec:         9.0937
//////////////////////////////////////////////
