 //////////////////////////////////////
 Initializating Rayleigh...

 -- Initalizing MPI...
 ---- Specified parameters:
 ---- NCPU  :     32
 ---- NPROW :      4
 ---- NPCOL :      8
 -- MPI initialized.


 -- Initalizing Grid...
 ---- Specified parameters ----
 ---- N_R                 :     64
 ---- N_THETA             :    384
 ---- Ell_MAX             :    255
 ---- R_MIN               :  5.38462E-01
 ---- R_MAX               :  1.53846E+00
 ---- Chebyshev Domains   :      1

        Domain 1
          Grid points           :  64
          Dealiased Polynomials :  42
          Domain Lower Bound    :  5.38462E-01
          Domain Upper Bound    :  1.53846E+00

 -- Grid initialized.

 -- Initalizing Reference State...
 ---- Specified parameters:
 ---- Reference type           :  Boussinesq (Non-dimensional)
 ---- Rayleigh Number          :  1.00000E+05
 ---- Ekman Number             :  1.00000E-03
 ---- Prandtl Number           :  1.00000E+00
 ---- Magnetic Prandtl Number  :  5.00000E+00
 -- Reference State initialized.

 -- Initializing Fields...
 ---- Specified parameters:
 ---- Hydro Init Type    : Benchmark (Christensen et al. 2001)
 ---- Magnetic Init Type : Benchmark (Christensen et al. 2001)
 -- Fields initialized.

 Initialization Complete.
 //////////////////////////////////////

 Timestep has changed from  0.00000E+00 to  1.00000E-04.
 Iteration:  00000001   DeltaT:  1.000E-04   Iter/sec:  0.000E+00
 Timestep has changed from  1.00000E-04 to  1.02211E-05.
 Iteration:  00000002   DeltaT:  1.022E-05   Iter/sec:  6.283E-01
 Iteration:  00000003   DeltaT:  1.022E-05   Iter/sec:  9.062E-01
 Iteration:  00000004   DeltaT:  1.022E-05   Iter/sec:  9.294E-01
 Iteration:  00000005   DeltaT:  1.022E-05   Iter/sec:  9.339E-01
 Iteration:  00000006   DeltaT:  1.022E-05   Iter/sec:  9.396E-01
 Iteration:  00000007   DeltaT:  1.022E-05   Iter/sec:  9.339E-01
 Iteration:  00000008   DeltaT:  1.022E-05   Iter/sec:  9.289E-01
 Iteration:  00000009   DeltaT:  1.022E-05   Iter/sec:  9.368E-01
 Iteration:  00000010   DeltaT:  1.022E-05   Iter/sec:  9.324E-01
 Iteration:  00000011   DeltaT:  1.022E-05   Iter/sec:  9.303E-01
 Iteration:  00000012   DeltaT:  1.022E-05   Iter/sec:  9.269E-01
 Iteration:  00000013   DeltaT:  1.022E-05   Iter/sec:  9.256E-01
 Iteration:  00000014   DeltaT:  1.022E-05   Iter/sec:  9.327E-01
 Iteration:  00000015   DeltaT:  1.022E-05   Iter/sec:  9.328E-01
 Iteration:  00000016   DeltaT:  1.022E-05   Iter/sec:  9.290E-01
 Iteration:  00000017   DeltaT:  1.022E-05   Iter/sec:  9.314E-01
 Iteration:  00000018   DeltaT:  1.022E-05   Iter/sec:  9.323E-01
 Iteration:  00000019   DeltaT:  1.022E-05   Iter/sec:  9.341E-01
 Iteration:  00000020   DeltaT:  1.022E-05   Iter/sec:  9.420E-01
 Iteration:  00000021   DeltaT:  1.022E-05   Iter/sec:  9.309E-01
 Iteration:  00000022   DeltaT:  1.022E-05   Iter/sec:  9.330E-01
 Iteration:  00000023   DeltaT:  1.022E-05   Iter/sec:  9.364E-01
 Iteration:  00000024   DeltaT:  1.022E-05   Iter/sec:  9.404E-01
 Iteration:  00000025   DeltaT:  1.022E-05   Iter/sec:  9.345E-01
 Iteration:  00000026   DeltaT:  1.022E-05   Iter/sec:  9.364E-01
 Iteration:  00000027   DeltaT:  1.022E-05   Iter/sec:  9.304E-01
 Iteration:  00000028   DeltaT:  1.022E-05   Iter/sec:  9.360E-01
 Iteration:  00000029   DeltaT:  1.022E-05   Iter/sec:  9.397E-01
 Iteration:  00000030   DeltaT:  1.022E-05   Iter/sec:  9.236E-01
 Iteration:  00000031   DeltaT:  1.022E-05   Iter/sec:  9.381E-01
 Iteration:  00000032   DeltaT:  1.022E-05   Iter/sec:  9.320E-01
 Iteration:  00000033   DeltaT:  1.022E-05   Iter/sec:  9.272E-01
 Iteration:  00000034   DeltaT:  1.022E-05   Iter/sec:  9.450E-01
 Iteration:  00000035   DeltaT:  1.022E-05   Iter/sec:  9.295E-01
 Iteration:  00000036   DeltaT:  1.022E-05   Iter/sec:  9.409E-01
 Iteration:  00000037   DeltaT:  1.022E-05   Iter/sec:  9.381E-01
 Iteration:  00000038   DeltaT:  1.022E-05   Iter/sec:  9.300E-01
 Iteration:  00000039   DeltaT:  1.022E-05   Iter/sec:  9.346E-01
 Iteration:  00000040   DeltaT:  1.022E-05   Iter/sec:  9.351E-01
 Iteration:  00000041   DeltaT:  1.022E-05   Iter/sec:  9.238E-01
 Iteration:  00000042   DeltaT:  1.022E-05   Iter/sec:  9.351E-01
 Iteration:  00000043   DeltaT:  1.022E-05   Iter/sec:  9.449E-01
 Iteration:  00000044   DeltaT:  1.022E-05   Iter/sec:  9.291E-01
 Iteration:  00000045   DeltaT:  1.022E-05   Iter/sec:  9.331E-01
 Iteration:  00000046   DeltaT:  1.022E-05   Iter/sec:  9.364E-01
 Iteration:  00000047   DeltaT:  1.022E-05   Iter/sec:  9.307E-01
 Iteration:  00000048   DeltaT:  1.022E-05   Iter/sec:  9.493E-01
 Iteration:  00000049   DeltaT:  1.022E-05   Iter/sec:  9.397E-01
 Iteration:  00000050   DeltaT:  1.022E-05   Iter/sec:  9.475E-01


//////////////////////////////////////////////
   Measured Timings for Process 0  (seconds)

 Elapsed time:        54.1856
  Column time:         4.5912
     Row time:        20.1681
Legendre time:         6.7082
     FFT time:         4.0305
   Solve time:         0.6492
    rlma time:         1.1674
    rlmb time:         0.5005
  pspace time:         7.9235
  psolve time:         6.6225
    dphi time:         0.3127
captured time:        52.6736

     iter/sec:         0.9228
//////////////////////////////////////////////
