 //////////////////////////////////////
 Initializating Rayleigh...

 -- Initalizing MPI...
 ---- Specified parameters:
 ---- NCPU  :     64
 ---- NPROW :     16
 ---- NPCOL :      4
 -- MPI initialized.


 -- Initalizing Grid...
 ---- Specified parameters ----
 ---- N_R                 :     64
 ---- N_THETA             :    192
 ---- Ell_MAX             :    127
 ---- R_MIN               :  5.38462E-01
 ---- R_MAX               :  1.53846E+00
 ---- Chebyshev Domains   :      1

        Domain 1
          Grid points           :  64
          Dealiased Polynomials :  42
          Domain Lower Bound    :  5.38462E-01
          Domain Upper Bound    :  1.53846E+00

 -- Grid initialized.

 -- Initalizing Reference State...
 ---- Specified parameters:
 ---- Reference type           :  Boussinesq (Non-dimensional)
 ---- Rayleigh Number          :  1.00000E+05
 ---- Ekman Number             :  1.00000E-03
 ---- Prandtl Number           :  1.00000E+00
 ---- Magnetic Prandtl Number  :  5.00000E+00
 -- Reference State initialized.

 -- Initializing Fields...
 ---- Specified parameters:
 ---- Hydro Init Type    : Benchmark (Christensen et al. 2001)
 ---- Magnetic Init Type : Benchmark (Christensen et al. 2001)
 -- Fields initialized.

 Initialization Complete.
 //////////////////////////////////////

 Timestep has changed from  0.00000E+00 to  1.00000E-04.
 Iteration:  00000001   DeltaT:  1.000E-04   Iter/sec:  0.000E+00
 Timestep has changed from  1.00000E-04 to  1.02217E-05.
 Iteration:  00000002   DeltaT:  1.022E-05   Iter/sec:  4.853E+00
 Iteration:  00000003   DeltaT:  1.022E-05   Iter/sec:  6.835E+00
 Iteration:  00000004   DeltaT:  1.022E-05   Iter/sec:  8.717E+00
 Iteration:  00000005   DeltaT:  1.022E-05   Iter/sec:  8.692E+00
 Iteration:  00000006   DeltaT:  1.022E-05   Iter/sec:  8.701E+00
 Iteration:  00000007   DeltaT:  1.022E-05   Iter/sec:  8.759E+00
 Iteration:  00000008   DeltaT:  1.022E-05   Iter/sec:  8.760E+00
 Iteration:  00000009   DeltaT:  1.022E-05   Iter/sec:  8.788E+00
 Iteration:  00000010   DeltaT:  1.022E-05   Iter/sec:  8.820E+00
 Iteration:  00000011   DeltaT:  1.022E-05   Iter/sec:  8.721E+00
 Iteration:  00000012   DeltaT:  1.022E-05   Iter/sec:  8.685E+00
 Iteration:  00000013   DeltaT:  1.022E-05   Iter/sec:  8.778E+00
 Iteration:  00000014   DeltaT:  1.022E-05   Iter/sec:  8.823E+00
 Iteration:  00000015   DeltaT:  1.022E-05   Iter/sec:  8.770E+00
 Iteration:  00000016   DeltaT:  1.022E-05   Iter/sec:  8.654E+00
 Iteration:  00000017   DeltaT:  1.022E-05   Iter/sec:  8.733E+00
 Iteration:  00000018   DeltaT:  1.022E-05   Iter/sec:  8.675E+00
 Iteration:  00000019   DeltaT:  1.022E-05   Iter/sec:  8.658E+00
 Iteration:  00000020   DeltaT:  1.022E-05   Iter/sec:  8.759E+00
 Iteration:  00000021   DeltaT:  1.022E-05   Iter/sec:  8.657E+00
 Iteration:  00000022   DeltaT:  1.022E-05   Iter/sec:  8.666E+00
 Iteration:  00000023   DeltaT:  1.022E-05   Iter/sec:  8.794E+00
 Iteration:  00000024   DeltaT:  1.022E-05   Iter/sec:  8.620E+00
 Iteration:  00000025   DeltaT:  1.022E-05   Iter/sec:  8.782E+00
 Iteration:  00000026   DeltaT:  1.022E-05   Iter/sec:  8.707E+00
 Iteration:  00000027   DeltaT:  1.022E-05   Iter/sec:  8.610E+00
 Iteration:  00000028   DeltaT:  1.022E-05   Iter/sec:  8.724E+00
 Iteration:  00000029   DeltaT:  1.022E-05   Iter/sec:  8.642E+00
 Iteration:  00000030   DeltaT:  1.022E-05   Iter/sec:  8.661E+00
 Iteration:  00000031   DeltaT:  1.022E-05   Iter/sec:  8.695E+00
 Iteration:  00000032   DeltaT:  1.022E-05   Iter/sec:  8.715E+00
 Iteration:  00000033   DeltaT:  1.022E-05   Iter/sec:  8.620E+00
 Iteration:  00000034   DeltaT:  1.022E-05   Iter/sec:  8.680E+00
 Iteration:  00000035   DeltaT:  1.022E-05   Iter/sec:  8.685E+00
 Iteration:  00000036   DeltaT:  1.022E-05   Iter/sec:  8.610E+00
 Iteration:  00000037   DeltaT:  1.022E-05   Iter/sec:  8.629E+00
 Iteration:  00000038   DeltaT:  1.022E-05   Iter/sec:  8.705E+00
 Iteration:  00000039   DeltaT:  1.022E-05   Iter/sec:  8.660E+00
 Iteration:  00000040   DeltaT:  1.022E-05   Iter/sec:  8.727E+00
 Iteration:  00000041   DeltaT:  1.022E-05   Iter/sec:  8.727E+00
 Iteration:  00000042   DeltaT:  1.022E-05   Iter/sec:  9.021E+00
 Iteration:  00000043   DeltaT:  1.022E-05   Iter/sec:  8.751E+00
 Iteration:  00000044   DeltaT:  1.022E-05   Iter/sec:  8.635E+00
 Iteration:  00000045   DeltaT:  1.022E-05   Iter/sec:  9.016E+00
 Iteration:  00000046   DeltaT:  1.022E-05   Iter/sec:  8.735E+00
 Iteration:  00000047   DeltaT:  1.022E-05   Iter/sec:  9.012E+00
 Iteration:  00000048   DeltaT:  1.022E-05   Iter/sec:  8.754E+00
 Iteration:  00000049   DeltaT:  1.022E-05   Iter/sec:  9.023E+00
 Iteration:  00000050   DeltaT:  1.022E-05   Iter/sec:  8.715E+00


//////////////////////////////////////////////
   Measured Timings for Process 0  (seconds)

 Elapsed time:         5.9845
  Column time:         0.3713
     Row time:         2.0520
Legendre time:         0.7314
     FFT time:         0.4900
   Solve time:         0.2223
    rlma time:         0.0930
    rlmb time:         0.0333
  pspace time:         0.9741
  psolve time:         0.6882
    dphi time:         0.0679
captured time:         5.7233

     iter/sec:         8.3549
//////////////////////////////////////////////
