 //////////////////////////////////////
 Initializating Rayleigh...

 -- Initalizing MPI...
 ---- Specified parameters:
 ---- NCPU  :     64
 ---- NPROW :      8
 ---- NPCOL :      8
 -- MPI initialized.


 -- Initalizing Grid...
 ---- Specified parameters ----
 ---- N_R                 :    128
 ---- N_THETA             :    192
 ---- Ell_MAX             :    127
 ---- R_MIN               :  5.38462E-01
 ---- R_MAX               :  1.53846E+00
 ---- Chebyshev Domains   :      1

        Domain 1
          Grid points           :  128
          Dealiased Polynomials :  85
          Domain Lower Bound    :  5.38462E-01
          Domain Upper Bound    :  1.53846E+00

 -- Grid initialized.

 -- Initalizing Reference State...
 ---- Specified parameters:
 ---- Reference type           :  Boussinesq (Non-dimensional)
 ---- Rayleigh Number          :  1.00000E+05
 ---- Ekman Number             :  1.00000E-03
 ---- Prandtl Number           :  1.00000E+00
 ---- Magnetic Prandtl Number  :  5.00000E+00
 -- Reference State initialized.

 -- Initializing Fields...
 ---- Specified parameters:
 ---- Hydro Init Type    : Benchmark (Christensen et al. 2001)
 ---- Magnetic Init Type : Benchmark (Christensen et al. 2001)
 -- Fields initialized.

 Initialization Complete.
 //////////////////////////////////////

 Timestep has changed from  0.00000E+00 to  1.00000E-04.
 Iteration:  00000001   DeltaT:  1.000E-04   Iter/sec:  0.000E+00
 Timestep has changed from  1.00000E-04 to  2.55581E-06.
 Iteration:  00000002   DeltaT:  2.556E-06   Iter/sec:  2.404E+00
 Iteration:  00000003   DeltaT:  2.556E-06   Iter/sec:  2.911E+00
 Iteration:  00000004   DeltaT:  2.556E-06   Iter/sec:  3.983E+00
 Iteration:  00000005   DeltaT:  2.556E-06   Iter/sec:  3.853E+00
 Iteration:  00000006   DeltaT:  2.556E-06   Iter/sec:  3.959E+00
 Iteration:  00000007   DeltaT:  2.556E-06   Iter/sec:  3.954E+00
 Iteration:  00000008   DeltaT:  2.556E-06   Iter/sec:  3.893E+00
 Iteration:  00000009   DeltaT:  2.556E-06   Iter/sec:  3.889E+00
 Iteration:  00000010   DeltaT:  2.556E-06   Iter/sec:  4.005E+00
 Iteration:  00000011   DeltaT:  2.556E-06   Iter/sec:  3.926E+00
 Iteration:  00000012   DeltaT:  2.556E-06   Iter/sec:  3.884E+00
 Iteration:  00000013   DeltaT:  2.556E-06   Iter/sec:  3.886E+00
 Iteration:  00000014   DeltaT:  2.556E-06   Iter/sec:  3.975E+00
 Iteration:  00000015   DeltaT:  2.556E-06   Iter/sec:  3.903E+00
 Iteration:  00000016   DeltaT:  2.556E-06   Iter/sec:  3.900E+00
 Iteration:  00000017   DeltaT:  2.556E-06   Iter/sec:  3.887E+00
 Iteration:  00000018   DeltaT:  2.556E-06   Iter/sec:  3.889E+00
 Iteration:  00000019   DeltaT:  2.556E-06   Iter/sec:  3.970E+00
 Iteration:  00000020   DeltaT:  2.556E-06   Iter/sec:  3.903E+00
 Iteration:  00000021   DeltaT:  2.556E-06   Iter/sec:  3.965E+00
 Iteration:  00000022   DeltaT:  2.556E-06   Iter/sec:  3.903E+00
 Iteration:  00000023   DeltaT:  2.556E-06   Iter/sec:  3.922E+00
 Iteration:  00000024   DeltaT:  2.556E-06   Iter/sec:  3.953E+00
 Iteration:  00000025   DeltaT:  2.556E-06   Iter/sec:  3.987E+00
 Iteration:  00000026   DeltaT:  2.556E-06   Iter/sec:  3.860E+00
 Iteration:  00000027   DeltaT:  2.556E-06   Iter/sec:  3.922E+00
 Iteration:  00000028   DeltaT:  2.556E-06   Iter/sec:  3.875E+00
 Iteration:  00000029   DeltaT:  2.556E-06   Iter/sec:  3.938E+00
 Iteration:  00000030   DeltaT:  2.556E-06   Iter/sec:  3.981E+00
 Iteration:  00000031   DeltaT:  2.556E-06   Iter/sec:  3.870E+00
 Iteration:  00000032   DeltaT:  2.556E-06   Iter/sec:  3.918E+00
 Iteration:  00000033   DeltaT:  2.556E-06   Iter/sec:  3.969E+00
 Iteration:  00000034   DeltaT:  2.556E-06   Iter/sec:  3.986E+00
 Iteration:  00000035   DeltaT:  2.556E-06   Iter/sec:  3.895E+00
 Iteration:  00000036   DeltaT:  2.556E-06   Iter/sec:  3.901E+00
 Iteration:  00000037   DeltaT:  2.556E-06   Iter/sec:  3.894E+00
 Iteration:  00000038   DeltaT:  2.556E-06   Iter/sec:  3.960E+00
 Iteration:  00000039   DeltaT:  2.556E-06   Iter/sec:  3.910E+00
 Iteration:  00000040   DeltaT:  2.556E-06   Iter/sec:  3.908E+00
 Iteration:  00000041   DeltaT:  2.556E-06   Iter/sec:  3.875E+00
 Iteration:  00000042   DeltaT:  2.556E-06   Iter/sec:  3.913E+00
 Iteration:  00000043   DeltaT:  2.556E-06   Iter/sec:  3.961E+00
 Iteration:  00000044   DeltaT:  2.556E-06   Iter/sec:  3.943E+00
 Iteration:  00000045   DeltaT:  2.556E-06   Iter/sec:  3.898E+00
 Iteration:  00000046   DeltaT:  2.556E-06   Iter/sec:  3.898E+00
 Iteration:  00000047   DeltaT:  2.556E-06   Iter/sec:  3.909E+00
 Iteration:  00000048   DeltaT:  2.556E-06   Iter/sec:  4.023E+00
 Iteration:  00000049   DeltaT:  2.556E-06   Iter/sec:  3.889E+00
 Iteration:  00000050   DeltaT:  2.556E-06   Iter/sec:  3.917E+00


//////////////////////////////////////////////
   Measured Timings for Process 0  (seconds)

 Elapsed time:        13.2852
  Column time:         1.0600
     Row time:         4.4995
Legendre time:         1.5060
     FFT time:         1.0080
   Solve time:         0.5323
    rlma time:         0.2041
    rlmb time:         0.0733
  pspace time:         2.1035
  psolve time:         1.6597
    dphi time:         0.1044
captured time:        12.7508

     iter/sec:         3.7636
//////////////////////////////////////////////
