 //////////////////////////////////////
 Initializating Rayleigh...

 -- Initalizing MPI...
 ---- Specified parameters:
 ---- NCPU  :     32
 ---- NPROW :      8
 ---- NPCOL :      4
 -- MPI initialized.


 -- Initalizing Grid...
 ---- Specified parameters ----
 ---- N_R                 :     64
 ---- N_THETA             :    384
 ---- Ell_MAX             :    255
 ---- R_MIN               :  5.38462E-01
 ---- R_MAX               :  1.53846E+00
 ---- Chebyshev Domains   :      1

        Domain 1
          Grid points           :  64
          Dealiased Polynomials :  42
          Domain Lower Bound    :  5.38462E-01
          Domain Upper Bound    :  1.53846E+00

 -- Grid initialized.

 -- Initalizing Reference State...
 ---- Specified parameters:
 ---- Reference type           :  Boussinesq (Non-dimensional)
 ---- Rayleigh Number          :  1.00000E+05
 ---- Ekman Number             :  1.00000E-03
 ---- Prandtl Number           :  1.00000E+00
 ---- Magnetic Prandtl Number  :  5.00000E+00
 -- Reference State initialized.

 -- Initializing Fields...
 ---- Specified parameters:
 ---- Hydro Init Type    : Benchmark (Christensen et al. 2001)
 ---- Magnetic Init Type : Benchmark (Christensen et al. 2001)
 -- Fields initialized.

 Initialization Complete.
 //////////////////////////////////////

 Timestep has changed from  0.00000E+00 to  1.00000E-04.
 Iteration:  00000001   DeltaT:  1.000E-04   Iter/sec:  0.000E+00
 Timestep has changed from  1.00000E-04 to  1.02211E-05.
 Iteration:  00000002   DeltaT:  1.022E-05   Iter/sec:  6.777E-01
 Iteration:  00000003   DeltaT:  1.022E-05   Iter/sec:  8.672E-01
 Iteration:  00000004   DeltaT:  1.022E-05   Iter/sec:  9.015E-01
 Iteration:  00000005   DeltaT:  1.022E-05   Iter/sec:  9.206E-01
 Iteration:  00000006   DeltaT:  1.022E-05   Iter/sec:  9.157E-01
 Iteration:  00000007   DeltaT:  1.022E-05   Iter/sec:  9.107E-01
 Iteration:  00000008   DeltaT:  1.022E-05   Iter/sec:  9.034E-01
 Iteration:  00000009   DeltaT:  1.022E-05   Iter/sec:  8.935E-01
 Iteration:  00000010   DeltaT:  1.022E-05   Iter/sec:  9.171E-01
 Iteration:  00000011   DeltaT:  1.022E-05   Iter/sec:  9.091E-01
 Iteration:  00000012   DeltaT:  1.022E-05   Iter/sec:  9.128E-01
 Iteration:  00000013   DeltaT:  1.022E-05   Iter/sec:  9.119E-01
 Iteration:  00000014   DeltaT:  1.022E-05   Iter/sec:  9.148E-01
 Iteration:  00000015   DeltaT:  1.022E-05   Iter/sec:  9.140E-01
 Iteration:  00000016   DeltaT:  1.022E-05   Iter/sec:  9.178E-01
 Iteration:  00000017   DeltaT:  1.022E-05   Iter/sec:  9.185E-01
 Iteration:  00000018   DeltaT:  1.022E-05   Iter/sec:  9.142E-01
 Iteration:  00000019   DeltaT:  1.022E-05   Iter/sec:  9.076E-01
 Iteration:  00000020   DeltaT:  1.022E-05   Iter/sec:  9.104E-01
 Iteration:  00000021   DeltaT:  1.022E-05   Iter/sec:  9.004E-01
 Iteration:  00000022   DeltaT:  1.022E-05   Iter/sec:  9.077E-01
 Iteration:  00000023   DeltaT:  1.022E-05   Iter/sec:  9.060E-01
 Iteration:  00000024   DeltaT:  1.022E-05   Iter/sec:  9.186E-01
 Iteration:  00000025   DeltaT:  1.022E-05   Iter/sec:  9.253E-01
 Iteration:  00000026   DeltaT:  1.022E-05   Iter/sec:  9.162E-01
 Iteration:  00000027   DeltaT:  1.022E-05   Iter/sec:  9.186E-01
 Iteration:  00000028   DeltaT:  1.022E-05   Iter/sec:  9.070E-01
 Iteration:  00000029   DeltaT:  1.022E-05   Iter/sec:  9.123E-01
 Iteration:  00000030   DeltaT:  1.022E-05   Iter/sec:  9.100E-01
 Iteration:  00000031   DeltaT:  1.022E-05   Iter/sec:  9.006E-01
 Iteration:  00000032   DeltaT:  1.022E-05   Iter/sec:  9.084E-01
 Iteration:  00000033   DeltaT:  1.022E-05   Iter/sec:  9.129E-01
 Iteration:  00000034   DeltaT:  1.022E-05   Iter/sec:  9.194E-01
 Iteration:  00000035   DeltaT:  1.022E-05   Iter/sec:  9.144E-01
 Iteration:  00000036   DeltaT:  1.022E-05   Iter/sec:  9.061E-01
 Iteration:  00000037   DeltaT:  1.022E-05   Iter/sec:  9.092E-01
 Iteration:  00000038   DeltaT:  1.022E-05   Iter/sec:  9.144E-01
 Iteration:  00000039   DeltaT:  1.022E-05   Iter/sec:  9.093E-01
 Iteration:  00000040   DeltaT:  1.022E-05   Iter/sec:  9.189E-01
 Iteration:  00000041   DeltaT:  1.022E-05   Iter/sec:  9.144E-01
 Iteration:  00000042   DeltaT:  1.022E-05   Iter/sec:  9.136E-01
 Iteration:  00000043   DeltaT:  1.022E-05   Iter/sec:  9.154E-01
 Iteration:  00000044   DeltaT:  1.022E-05   Iter/sec:  9.053E-01
 Iteration:  00000045   DeltaT:  1.022E-05   Iter/sec:  9.157E-01
 Iteration:  00000046   DeltaT:  1.022E-05   Iter/sec:  9.095E-01
 Iteration:  00000047   DeltaT:  1.022E-05   Iter/sec:  9.065E-01
 Iteration:  00000048   DeltaT:  1.022E-05   Iter/sec:  9.184E-01
 Iteration:  00000049   DeltaT:  1.022E-05   Iter/sec:  9.178E-01
 Iteration:  00000050   DeltaT:  1.022E-05   Iter/sec:  9.245E-01


//////////////////////////////////////////////
   Measured Timings for Process 0  (seconds)

 Elapsed time:        55.5929
  Column time:         4.1691
     Row time:        20.4194
Legendre time:         8.0306
     FFT time:         4.0556
   Solve time:         0.7337
    rlma time:         1.1570
    rlmb time:         0.5635
  pspace time:         7.8561
  psolve time:         6.7259
    dphi time:         0.2999
captured time:        54.0108

     iter/sec:         0.8994
//////////////////////////////////////////////
