 //////////////////////////////////////
 Initializating Rayleigh...

 -- Initalizing MPI...
 ---- Specified parameters:
 ---- NCPU  :     64
 ---- NPROW :      4
 ---- NPCOL :     16
 -- MPI initialized.


 -- Initalizing Grid...
 ---- Specified parameters ----
 ---- N_R                 :    128
 ---- N_THETA             :    384
 ---- Ell_MAX             :    255
 ---- R_MIN               :  5.38462E-01
 ---- R_MAX               :  1.53846E+00
 ---- Chebyshev Domains   :      1

        Domain 1
          Grid points           :  128
          Dealiased Polynomials :  85
          Domain Lower Bound    :  5.38462E-01
          Domain Upper Bound    :  1.53846E+00

 -- Grid initialized.

 -- Initalizing Reference State...
 ---- Specified parameters:
 ---- Reference type           :  Boussinesq (Non-dimensional)
 ---- Rayleigh Number          :  1.00000E+05
 ---- Ekman Number             :  1.00000E-03
 ---- Prandtl Number           :  1.00000E+00
 ---- Magnetic Prandtl Number  :  5.00000E+00
 -- Reference State initialized.

 -- Initializing Fields...
 ---- Specified parameters:
 ---- Hydro Init Type    : Benchmark (Christensen et al. 2001)
 ---- Magnetic Init Type : Benchmark (Christensen et al. 2001)
 -- Fields initialized.

 Initialization Complete.
 //////////////////////////////////////

 Timestep has changed from  0.00000E+00 to  1.00000E-04.
 Iteration:  00000001   DeltaT:  1.000E-04   Iter/sec:  0.000E+00
 Timestep has changed from  1.00000E-04 to  2.55566E-06.
 Iteration:  00000002   DeltaT:  2.556E-06   Iter/sec:  5.806E-01
 Iteration:  00000003   DeltaT:  2.556E-06   Iter/sec:  8.279E-01
 Iteration:  00000004   DeltaT:  2.556E-06   Iter/sec:  8.962E-01
 Iteration:  00000005   DeltaT:  2.556E-06   Iter/sec:  9.080E-01
 Iteration:  00000006   DeltaT:  2.556E-06   Iter/sec:  8.911E-01
 Iteration:  00000007   DeltaT:  2.556E-06   Iter/sec:  9.020E-01
 Iteration:  00000008   DeltaT:  2.556E-06   Iter/sec:  8.929E-01
 Iteration:  00000009   DeltaT:  2.556E-06   Iter/sec:  8.936E-01
 Iteration:  00000010   DeltaT:  2.556E-06   Iter/sec:  9.063E-01
 Iteration:  00000011   DeltaT:  2.556E-06   Iter/sec:  8.969E-01
 Iteration:  00000012   DeltaT:  2.556E-06   Iter/sec:  8.873E-01
 Iteration:  00000013   DeltaT:  2.556E-06   Iter/sec:  8.992E-01
 Iteration:  00000014   DeltaT:  2.556E-06   Iter/sec:  9.025E-01
 Iteration:  00000015   DeltaT:  2.556E-06   Iter/sec:  8.920E-01
 Iteration:  00000016   DeltaT:  2.556E-06   Iter/sec:  8.965E-01
 Iteration:  00000017   DeltaT:  2.556E-06   Iter/sec:  8.976E-01
 Iteration:  00000018   DeltaT:  2.556E-06   Iter/sec:  8.926E-01
 Iteration:  00000019   DeltaT:  2.556E-06   Iter/sec:  8.943E-01
 Iteration:  00000020   DeltaT:  2.556E-06   Iter/sec:  8.994E-01
 Iteration:  00000021   DeltaT:  2.556E-06   Iter/sec:  8.992E-01
 Iteration:  00000022   DeltaT:  2.556E-06   Iter/sec:  8.595E-01
 Iteration:  00000023   DeltaT:  2.556E-06   Iter/sec:  9.037E-01
 Iteration:  00000024   DeltaT:  2.556E-06   Iter/sec:  9.099E-01
 Iteration:  00000025   DeltaT:  2.556E-06   Iter/sec:  8.782E-01
 Iteration:  00000026   DeltaT:  2.556E-06   Iter/sec:  8.918E-01
 Iteration:  00000027   DeltaT:  2.556E-06   Iter/sec:  9.035E-01
 Iteration:  00000028   DeltaT:  2.556E-06   Iter/sec:  8.907E-01
 Iteration:  00000029   DeltaT:  2.556E-06   Iter/sec:  9.027E-01
 Iteration:  00000030   DeltaT:  2.556E-06   Iter/sec:  8.898E-01
 Iteration:  00000031   DeltaT:  2.556E-06   Iter/sec:  8.885E-01
 Iteration:  00000032   DeltaT:  2.556E-06   Iter/sec:  9.004E-01
 Iteration:  00000033   DeltaT:  2.556E-06   Iter/sec:  8.900E-01
 Iteration:  00000034   DeltaT:  2.556E-06   Iter/sec:  8.990E-01
 Iteration:  00000035   DeltaT:  2.556E-06   Iter/sec:  8.896E-01
 Iteration:  00000036   DeltaT:  2.556E-06   Iter/sec:  8.969E-01
 Iteration:  00000037   DeltaT:  2.556E-06   Iter/sec:  8.952E-01
 Iteration:  00000038   DeltaT:  2.556E-06   Iter/sec:  8.906E-01
 Iteration:  00000039   DeltaT:  2.556E-06   Iter/sec:  9.070E-01
 Iteration:  00000040   DeltaT:  2.556E-06   Iter/sec:  8.893E-01
 Iteration:  00000041   DeltaT:  2.556E-06   Iter/sec:  8.837E-01
 Iteration:  00000042   DeltaT:  2.556E-06   Iter/sec:  9.050E-01
 Iteration:  00000043   DeltaT:  2.556E-06   Iter/sec:  8.965E-01
 Iteration:  00000044   DeltaT:  2.556E-06   Iter/sec:  8.892E-01
 Iteration:  00000045   DeltaT:  2.556E-06   Iter/sec:  9.020E-01
 Iteration:  00000046   DeltaT:  2.556E-06   Iter/sec:  8.930E-01
 Iteration:  00000047   DeltaT:  2.556E-06   Iter/sec:  8.904E-01
 Iteration:  00000048   DeltaT:  2.556E-06   Iter/sec:  9.112E-01
 Iteration:  00000049   DeltaT:  2.556E-06   Iter/sec:  8.952E-01
 Iteration:  00000050   DeltaT:  2.556E-06   Iter/sec:  9.002E-01


//////////////////////////////////////////////
   Measured Timings for Process 0  (seconds)

 Elapsed time:        56.7010
  Column time:         6.5049
     Row time:        20.2004
Legendre time:         6.7198
     FFT time:         4.0098
   Solve time:         1.2410
    rlma time:         1.1422
    rlmb time:         0.4911
  pspace time:         7.8521
  psolve time:         6.6702
    dphi time:         0.3064
captured time:        55.1378

     iter/sec:         0.8818
//////////////////////////////////////////////
