 //////////////////////////////////////
 Initializating Rayleigh...

 -- Initalizing MPI...
 ---- Specified parameters:
 ---- NCPU  :    256
 ---- NPROW :     32
 ---- NPCOL :      8
 -- MPI initialized.


 -- Initalizing Grid...
 ---- Specified parameters ----
 ---- N_R                 :    128
 ---- N_THETA             :    192
 ---- Ell_MAX             :    127
 ---- R_MIN               :  5.38462E-01
 ---- R_MAX               :  1.53846E+00
 ---- Chebyshev Domains   :      1

        Domain 1
          Grid points           :  128
          Dealiased Polynomials :  85
          Domain Lower Bound    :  5.38462E-01
          Domain Upper Bound    :  1.53846E+00

 -- Grid initialized.

 -- Initalizing Reference State...
 ---- Specified parameters:
 ---- Reference type           :  Boussinesq (Non-dimensional)
 ---- Rayleigh Number          :  1.00000E+05
 ---- Ekman Number             :  1.00000E-03
 ---- Prandtl Number           :  1.00000E+00
 ---- Magnetic Prandtl Number  :  5.00000E+00
 -- Reference State initialized.

 -- Initializing Fields...
 ---- Specified parameters:
 ---- Hydro Init Type    : Benchmark (Christensen et al. 2001)
 ---- Magnetic Init Type : Benchmark (Christensen et al. 2001)
 -- Fields initialized.

 Initialization Complete.
 //////////////////////////////////////

 Timestep has changed from  0.00000E+00 to  1.00000E-04.
 Iteration:  00000001   DeltaT:  1.000E-04   Iter/sec:  0.000E+00
 Timestep has changed from  1.00000E-04 to  2.55581E-06.
 Iteration:  00000002   DeltaT:  2.556E-06   Iter/sec:  4.721E+00
 Iteration:  00000003   DeltaT:  2.556E-06   Iter/sec:  6.356E+00
 Iteration:  00000004   DeltaT:  2.556E-06   Iter/sec:  1.519E+01
 Iteration:  00000005   DeltaT:  2.556E-06   Iter/sec:  1.527E+01
 Iteration:  00000006   DeltaT:  2.556E-06   Iter/sec:  1.568E+01
 Iteration:  00000007   DeltaT:  2.556E-06   Iter/sec:  1.587E+01
 Iteration:  00000008   DeltaT:  2.556E-06   Iter/sec:  1.533E+01
 Iteration:  00000009   DeltaT:  2.556E-06   Iter/sec:  1.562E+01
 Iteration:  00000010   DeltaT:  2.556E-06   Iter/sec:  1.613E+01
 Iteration:  00000011   DeltaT:  2.556E-06   Iter/sec:  1.583E+01
 Iteration:  00000012   DeltaT:  2.556E-06   Iter/sec:  1.587E+01
 Iteration:  00000013   DeltaT:  2.556E-06   Iter/sec:  1.578E+01
 Iteration:  00000014   DeltaT:  2.556E-06   Iter/sec:  1.576E+01
 Iteration:  00000015   DeltaT:  2.556E-06   Iter/sec:  1.494E+01
 Iteration:  00000016   DeltaT:  2.556E-06   Iter/sec:  1.611E+01
 Iteration:  00000017   DeltaT:  2.556E-06   Iter/sec:  1.585E+01
 Iteration:  00000018   DeltaT:  2.556E-06   Iter/sec:  1.545E+01
 Iteration:  00000019   DeltaT:  2.556E-06   Iter/sec:  1.562E+01
 Iteration:  00000020   DeltaT:  2.556E-06   Iter/sec:  1.597E+01
 Iteration:  00000021   DeltaT:  2.556E-06   Iter/sec:  1.580E+01
 Iteration:  00000022   DeltaT:  2.556E-06   Iter/sec:  1.552E+01
 Iteration:  00000023   DeltaT:  2.556E-06   Iter/sec:  1.548E+01
 Iteration:  00000024   DeltaT:  2.556E-06   Iter/sec:  1.584E+01
 Iteration:  00000025   DeltaT:  2.556E-06   Iter/sec:  1.507E+01
 Iteration:  00000026   DeltaT:  2.556E-06   Iter/sec:  1.506E+01
 Iteration:  00000027   DeltaT:  2.556E-06   Iter/sec:  1.574E+01
 Iteration:  00000028   DeltaT:  2.556E-06   Iter/sec:  1.528E+01
 Iteration:  00000029   DeltaT:  2.556E-06   Iter/sec:  1.568E+01
 Iteration:  00000030   DeltaT:  2.556E-06   Iter/sec:  1.528E+01
 Iteration:  00000031   DeltaT:  2.556E-06   Iter/sec:  1.591E+01
 Iteration:  00000032   DeltaT:  2.556E-06   Iter/sec:  1.560E+01
 Iteration:  00000033   DeltaT:  2.556E-06   Iter/sec:  1.567E+01
 Iteration:  00000034   DeltaT:  2.556E-06   Iter/sec:  1.604E+01
 Iteration:  00000035   DeltaT:  2.556E-06   Iter/sec:  1.568E+01
 Iteration:  00000036   DeltaT:  2.556E-06   Iter/sec:  1.603E+01
 Iteration:  00000037   DeltaT:  2.556E-06   Iter/sec:  1.579E+01
 Iteration:  00000038   DeltaT:  2.556E-06   Iter/sec:  1.569E+01
 Iteration:  00000039   DeltaT:  2.556E-06   Iter/sec:  1.576E+01
 Iteration:  00000040   DeltaT:  2.556E-06   Iter/sec:  1.571E+01
 Iteration:  00000041   DeltaT:  2.556E-06   Iter/sec:  1.600E+01
 Iteration:  00000042   DeltaT:  2.556E-06   Iter/sec:  1.625E+01
 Iteration:  00000043   DeltaT:  2.556E-06   Iter/sec:  1.549E+01
 Iteration:  00000044   DeltaT:  2.556E-06   Iter/sec:  1.577E+01
 Iteration:  00000045   DeltaT:  2.556E-06   Iter/sec:  1.577E+01
 Iteration:  00000046   DeltaT:  2.556E-06   Iter/sec:  1.554E+01
 Iteration:  00000047   DeltaT:  2.556E-06   Iter/sec:  1.560E+01
 Iteration:  00000048   DeltaT:  2.556E-06   Iter/sec:  1.589E+01
 Iteration:  00000049   DeltaT:  2.556E-06   Iter/sec:  1.577E+01
 Iteration:  00000050   DeltaT:  2.556E-06   Iter/sec:  1.539E+01


//////////////////////////////////////////////
   Measured Timings for Process 0  (seconds)

 Elapsed time:         3.7196
  Column time:         0.7114
     Row time:         0.9886
Legendre time:         0.2761
     FFT time:         0.2470
   Solve time:         0.3616
    rlma time:         0.0419
    rlmb time:         0.0157
  pspace time:         0.3061
  psolve time:         0.3761
    dphi time:         0.0223
captured time:         3.3468

     iter/sec:        13.4422
//////////////////////////////////////////////
