 //////////////////////////////////////
 Initializating Rayleigh...

 -- Initalizing MPI...
 ---- Specified parameters:
 ---- NCPU  :    128
 ---- NPROW :      8
 ---- NPCOL :     16
 -- MPI initialized.


 -- Initalizing Grid...
 ---- Specified parameters ----
 ---- N_R                 :     64
 ---- N_THETA             :    384
 ---- Ell_MAX             :    255
 ---- R_MIN               :  5.38462E-01
 ---- R_MAX               :  1.53846E+00
 ---- Chebyshev Domains   :      1

        Domain 1
          Grid points           :  64
          Dealiased Polynomials :  42
          Domain Lower Bound    :  5.38462E-01
          Domain Upper Bound    :  1.53846E+00

 -- Grid initialized.

 -- Initalizing Reference State...
 ---- Specified parameters:
 ---- Reference type           :  Boussinesq (Non-dimensional)
 ---- Rayleigh Number          :  1.00000E+05
 ---- Ekman Number             :  1.00000E-03
 ---- Prandtl Number           :  1.00000E+00
 ---- Magnetic Prandtl Number  :  5.00000E+00
 -- Reference State initialized.

 -- Initializing Fields...
 ---- Specified parameters:
 ---- Hydro Init Type    : Benchmark (Christensen et al. 2001)
 ---- Magnetic Init Type : Benchmark (Christensen et al. 2001)
 -- Fields initialized.

 Initialization Complete.
 //////////////////////////////////////

 Timestep has changed from  0.00000E+00 to  1.00000E-04.
 Iteration:  00000001   DeltaT:  1.000E-04   Iter/sec:  0.000E+00
 Timestep has changed from  1.00000E-04 to  1.02211E-05.
 Iteration:  00000002   DeltaT:  1.022E-05   Iter/sec:  1.818E+00
 Iteration:  00000003   DeltaT:  1.022E-05   Iter/sec:  3.640E+00
 Iteration:  00000004   DeltaT:  1.022E-05   Iter/sec:  3.760E+00
 Iteration:  00000005   DeltaT:  1.022E-05   Iter/sec:  3.735E+00
 Iteration:  00000006   DeltaT:  1.022E-05   Iter/sec:  3.714E+00
 Iteration:  00000007   DeltaT:  1.022E-05   Iter/sec:  3.706E+00
 Iteration:  00000008   DeltaT:  1.022E-05   Iter/sec:  3.754E+00
 Iteration:  00000009   DeltaT:  1.022E-05   Iter/sec:  3.662E+00
 Iteration:  00000010   DeltaT:  1.022E-05   Iter/sec:  3.830E+00
 Iteration:  00000011   DeltaT:  1.022E-05   Iter/sec:  3.686E+00
 Iteration:  00000012   DeltaT:  1.022E-05   Iter/sec:  3.685E+00
 Iteration:  00000013   DeltaT:  1.022E-05   Iter/sec:  3.781E+00
 Iteration:  00000014   DeltaT:  1.022E-05   Iter/sec:  3.667E+00
 Iteration:  00000015   DeltaT:  1.022E-05   Iter/sec:  3.767E+00
 Iteration:  00000016   DeltaT:  1.022E-05   Iter/sec:  3.700E+00
 Iteration:  00000017   DeltaT:  1.022E-05   Iter/sec:  3.725E+00
 Iteration:  00000018   DeltaT:  1.022E-05   Iter/sec:  3.705E+00
 Iteration:  00000019   DeltaT:  1.022E-05   Iter/sec:  3.739E+00
 Iteration:  00000020   DeltaT:  1.022E-05   Iter/sec:  3.751E+00
 Iteration:  00000021   DeltaT:  1.022E-05   Iter/sec:  3.711E+00
 Iteration:  00000022   DeltaT:  1.022E-05   Iter/sec:  3.738E+00
 Iteration:  00000023   DeltaT:  1.022E-05   Iter/sec:  3.673E+00
 Iteration:  00000024   DeltaT:  1.022E-05   Iter/sec:  3.715E+00
 Iteration:  00000025   DeltaT:  1.022E-05   Iter/sec:  3.758E+00
 Iteration:  00000026   DeltaT:  1.022E-05   Iter/sec:  3.688E+00
 Iteration:  00000027   DeltaT:  1.022E-05   Iter/sec:  3.718E+00
 Iteration:  00000028   DeltaT:  1.022E-05   Iter/sec:  3.715E+00
 Iteration:  00000029   DeltaT:  1.022E-05   Iter/sec:  3.749E+00
 Iteration:  00000030   DeltaT:  1.022E-05   Iter/sec:  3.713E+00
 Iteration:  00000031   DeltaT:  1.022E-05   Iter/sec:  3.754E+00
 Iteration:  00000032   DeltaT:  1.022E-05   Iter/sec:  3.697E+00
 Iteration:  00000033   DeltaT:  1.022E-05   Iter/sec:  3.692E+00
 Iteration:  00000034   DeltaT:  1.022E-05   Iter/sec:  3.713E+00
 Iteration:  00000035   DeltaT:  1.022E-05   Iter/sec:  3.795E+00
 Iteration:  00000036   DeltaT:  1.022E-05   Iter/sec:  3.676E+00
 Iteration:  00000037   DeltaT:  1.022E-05   Iter/sec:  3.699E+00
 Iteration:  00000038   DeltaT:  1.022E-05   Iter/sec:  3.674E+00
 Iteration:  00000039   DeltaT:  1.022E-05   Iter/sec:  3.776E+00
 Iteration:  00000040   DeltaT:  1.022E-05   Iter/sec:  3.718E+00
 Iteration:  00000041   DeltaT:  1.022E-05   Iter/sec:  3.692E+00
 Iteration:  00000042   DeltaT:  1.022E-05   Iter/sec:  3.730E+00
 Iteration:  00000043   DeltaT:  1.022E-05   Iter/sec:  3.744E+00
 Iteration:  00000044   DeltaT:  1.022E-05   Iter/sec:  3.705E+00
 Iteration:  00000045   DeltaT:  1.022E-05   Iter/sec:  3.736E+00
 Iteration:  00000046   DeltaT:  1.022E-05   Iter/sec:  3.705E+00
 Iteration:  00000047   DeltaT:  1.022E-05   Iter/sec:  3.705E+00
 Iteration:  00000048   DeltaT:  1.022E-05   Iter/sec:  3.714E+00
 Iteration:  00000049   DeltaT:  1.022E-05   Iter/sec:  3.725E+00
 Iteration:  00000050   DeltaT:  1.022E-05   Iter/sec:  3.733E+00


//////////////////////////////////////////////
   Measured Timings for Process 0  (seconds)

 Elapsed time:        14.0693
  Column time:         2.0957
     Row time:         4.4409
Legendre time:         1.6283
     FFT time:         0.9652
   Solve time:         0.2271
    rlma time:         0.2081
    rlmb time:         0.0933
  pspace time:         2.1290
  psolve time:         1.4098
    dphi time:         0.1160
captured time:        13.3136

     iter/sec:         3.5538
//////////////////////////////////////////////
