 //////////////////////////////////////
 Initializating Rayleigh...

 -- Initalizing MPI...
 ---- Specified parameters:
 ---- NCPU  :    512
 ---- NPROW :     16
 ---- NPCOL :     32
 -- MPI initialized.


 -- Initalizing Grid...
 ---- Specified parameters ----
 ---- N_R                 :    128
 ---- N_THETA             :    192
 ---- Ell_MAX             :    127
 ---- R_MIN               :  5.38462E-01
 ---- R_MAX               :  1.53846E+00
 ---- Chebyshev Domains   :      1

        Domain 1
          Grid points           :  128
          Dealiased Polynomials :  85
          Domain Lower Bound    :  5.38462E-01
          Domain Upper Bound    :  1.53846E+00

 -- Grid initialized.

 -- Initalizing Reference State...
 ---- Specified parameters:
 ---- Reference type           :  Boussinesq (Non-dimensional)
 ---- Rayleigh Number          :  1.00000E+05
 ---- Ekman Number             :  1.00000E-03
 ---- Prandtl Number           :  1.00000E+00
 ---- Magnetic Prandtl Number  :  5.00000E+00
 -- Reference State initialized.

 -- Initializing Fields...
 ---- Specified parameters:
 ---- Hydro Init Type    : Benchmark (Christensen et al. 2001)
 ---- Magnetic Init Type : Benchmark (Christensen et al. 2001)
 -- Fields initialized.

 Initialization Complete.
 //////////////////////////////////////

 Timestep has changed from  0.00000E+00 to  1.00000E-04.
 Iteration:  00000001   DeltaT:  1.000E-04   Iter/sec:  0.000E+00
 Timestep has changed from  1.00000E-04 to  2.55581E-06.
 Iteration:  00000002   DeltaT:  2.556E-06   Iter/sec:  8.007E+00
 Iteration:  00000003   DeltaT:  2.556E-06   Iter/sec:  1.754E+01
 Iteration:  00000004   DeltaT:  2.556E-06   Iter/sec:  3.784E+01
 Iteration:  00000005   DeltaT:  2.556E-06   Iter/sec:  3.955E+01
 Iteration:  00000006   DeltaT:  2.556E-06   Iter/sec:  4.007E+01
 Iteration:  00000007   DeltaT:  2.556E-06   Iter/sec:  4.039E+01
 Iteration:  00000008   DeltaT:  2.556E-06   Iter/sec:  4.019E+01
 Iteration:  00000009   DeltaT:  2.556E-06   Iter/sec:  4.019E+01
 Iteration:  00000010   DeltaT:  2.556E-06   Iter/sec:  4.013E+01
 Iteration:  00000011   DeltaT:  2.556E-06   Iter/sec:  3.956E+01
 Iteration:  00000012   DeltaT:  2.556E-06   Iter/sec:  3.801E+01
 Iteration:  00000013   DeltaT:  2.556E-06   Iter/sec:  3.815E+01
 Iteration:  00000014   DeltaT:  2.556E-06   Iter/sec:  4.042E+01
 Iteration:  00000015   DeltaT:  2.556E-06   Iter/sec:  4.054E+01
 Iteration:  00000016   DeltaT:  2.556E-06   Iter/sec:  3.994E+01
 Iteration:  00000017   DeltaT:  2.556E-06   Iter/sec:  4.031E+01
 Iteration:  00000018   DeltaT:  2.556E-06   Iter/sec:  4.050E+01
 Iteration:  00000019   DeltaT:  2.556E-06   Iter/sec:  3.976E+01
 Iteration:  00000020   DeltaT:  2.556E-06   Iter/sec:  3.995E+01
 Iteration:  00000021   DeltaT:  2.556E-06   Iter/sec:  4.004E+01
 Iteration:  00000022   DeltaT:  2.556E-06   Iter/sec:  4.044E+01
 Iteration:  00000023   DeltaT:  2.556E-06   Iter/sec:  4.079E+01
 Iteration:  00000024   DeltaT:  2.556E-06   Iter/sec:  4.064E+01
 Iteration:  00000025   DeltaT:  2.556E-06   Iter/sec:  4.022E+01
 Iteration:  00000026   DeltaT:  2.556E-06   Iter/sec:  4.029E+01
 Iteration:  00000027   DeltaT:  2.556E-06   Iter/sec:  3.871E+01
 Iteration:  00000028   DeltaT:  2.556E-06   Iter/sec:  3.726E+01
 Iteration:  00000029   DeltaT:  2.556E-06   Iter/sec:  4.045E+01
 Iteration:  00000030   DeltaT:  2.556E-06   Iter/sec:  4.010E+01
 Iteration:  00000031   DeltaT:  2.556E-06   Iter/sec:  4.017E+01
 Iteration:  00000032   DeltaT:  2.556E-06   Iter/sec:  4.023E+01
 Iteration:  00000033   DeltaT:  2.556E-06   Iter/sec:  4.061E+01
 Iteration:  00000034   DeltaT:  2.556E-06   Iter/sec:  3.989E+01
 Iteration:  00000035   DeltaT:  2.556E-06   Iter/sec:  4.004E+01
 Iteration:  00000036   DeltaT:  2.556E-06   Iter/sec:  3.992E+01
 Iteration:  00000037   DeltaT:  2.556E-06   Iter/sec:  4.055E+01
 Iteration:  00000038   DeltaT:  2.556E-06   Iter/sec:  4.060E+01
 Iteration:  00000039   DeltaT:  2.556E-06   Iter/sec:  4.051E+01
 Iteration:  00000040   DeltaT:  2.556E-06   Iter/sec:  4.033E+01
 Iteration:  00000041   DeltaT:  2.556E-06   Iter/sec:  4.078E+01
 Iteration:  00000042   DeltaT:  2.556E-06   Iter/sec:  3.993E+01
 Iteration:  00000043   DeltaT:  2.556E-06   Iter/sec:  4.041E+01
 Iteration:  00000044   DeltaT:  2.556E-06   Iter/sec:  4.035E+01
 Iteration:  00000045   DeltaT:  2.556E-06   Iter/sec:  4.097E+01
 Iteration:  00000046   DeltaT:  2.556E-06   Iter/sec:  4.083E+01
 Iteration:  00000047   DeltaT:  2.556E-06   Iter/sec:  4.032E+01
 Iteration:  00000048   DeltaT:  2.556E-06   Iter/sec:  4.021E+01
 Iteration:  00000049   DeltaT:  2.556E-06   Iter/sec:  4.020E+01
 Iteration:  00000050   DeltaT:  2.556E-06   Iter/sec:  4.028E+01


//////////////////////////////////////////////
   Measured Timings for Process 0  (seconds)

 Elapsed time:         2.1485
  Column time:         0.2683
     Row time:         0.3563
Legendre time:         0.1185
     FFT time:         0.0987
   Solve time:         0.1447
    rlma time:         0.0250
    rlmb time:         0.0098
  pspace time:         0.1143
  psolve time:         0.1453
    dphi time:         0.0140
captured time:         1.2949

     iter/sec:        23.2716
//////////////////////////////////////////////
