 //////////////////////////////////////
 Initializating Rayleigh...

 -- Initalizing MPI...
 ---- Specified parameters:
 ---- NCPU  :    512
 ---- NPROW :     32
 ---- NPCOL :     16
 -- MPI initialized.


 -- Initalizing Grid...
 ---- Specified parameters ----
 ---- N_R                 :     64
 ---- N_THETA             :    192
 ---- Ell_MAX             :    127
 ---- R_MIN               :  5.38462E-01
 ---- R_MAX               :  1.53846E+00
 ---- Chebyshev Domains   :      1

        Domain 1
          Grid points           :  64
          Dealiased Polynomials :  42
          Domain Lower Bound    :  5.38462E-01
          Domain Upper Bound    :  1.53846E+00

 -- Grid initialized.

 -- Initalizing Reference State...
 ---- Specified parameters:
 ---- Reference type           :  Boussinesq (Non-dimensional)
 ---- Rayleigh Number          :  1.00000E+05
 ---- Ekman Number             :  1.00000E-03
 ---- Prandtl Number           :  1.00000E+00
 ---- Magnetic Prandtl Number  :  5.00000E+00
 -- Reference State initialized.

 -- Initializing Fields...
 ---- Specified parameters:
 ---- Hydro Init Type    : Benchmark (Christensen et al. 2001)
 ---- Magnetic Init Type : Benchmark (Christensen et al. 2001)
 -- Fields initialized.

 Initialization Complete.
 //////////////////////////////////////

 Timestep has changed from  0.00000E+00 to  1.00000E-04.
 Iteration:  00000001   DeltaT:  1.000E-04   Iter/sec:  0.000E+00
 Timestep has changed from  1.00000E-04 to  1.02217E-05.
 Iteration:  00000002   DeltaT:  1.022E-05   Iter/sec:  1.175E+01
 Iteration:  00000003   DeltaT:  1.022E-05   Iter/sec:  4.779E+01
 Iteration:  00000004   DeltaT:  1.022E-05   Iter/sec:  7.736E+01
 Iteration:  00000005   DeltaT:  1.022E-05   Iter/sec:  7.651E+01
 Iteration:  00000006   DeltaT:  1.022E-05   Iter/sec:  7.935E+01
 Iteration:  00000007   DeltaT:  1.022E-05   Iter/sec:  7.647E+01
 Iteration:  00000008   DeltaT:  1.022E-05   Iter/sec:  7.994E+01
 Iteration:  00000009   DeltaT:  1.022E-05   Iter/sec:  7.520E+01
 Iteration:  00000010   DeltaT:  1.022E-05   Iter/sec:  7.830E+01
 Iteration:  00000011   DeltaT:  1.022E-05   Iter/sec:  7.575E+01
 Iteration:  00000012   DeltaT:  1.022E-05   Iter/sec:  7.487E+01
 Iteration:  00000013   DeltaT:  1.022E-05   Iter/sec:  7.274E+01
 Iteration:  00000014   DeltaT:  1.022E-05   Iter/sec:  7.854E+01
 Iteration:  00000015   DeltaT:  1.022E-05   Iter/sec:  8.060E+01
 Iteration:  00000016   DeltaT:  1.022E-05   Iter/sec:  7.679E+01
 Iteration:  00000017   DeltaT:  1.022E-05   Iter/sec:  7.872E+01
 Iteration:  00000018   DeltaT:  1.022E-05   Iter/sec:  7.604E+01
 Iteration:  00000019   DeltaT:  1.022E-05   Iter/sec:  7.799E+01
 Iteration:  00000020   DeltaT:  1.022E-05   Iter/sec:  7.781E+01
 Iteration:  00000021   DeltaT:  1.022E-05   Iter/sec:  8.143E+01
 Iteration:  00000022   DeltaT:  1.022E-05   Iter/sec:  7.928E+01
 Iteration:  00000023   DeltaT:  1.022E-05   Iter/sec:  7.731E+01
 Iteration:  00000024   DeltaT:  1.022E-05   Iter/sec:  7.834E+01
 Iteration:  00000025   DeltaT:  1.022E-05   Iter/sec:  7.680E+01
 Iteration:  00000026   DeltaT:  1.022E-05   Iter/sec:  7.877E+01
 Iteration:  00000027   DeltaT:  1.022E-05   Iter/sec:  7.298E+01
 Iteration:  00000028   DeltaT:  1.022E-05   Iter/sec:  7.741E+01
 Iteration:  00000029   DeltaT:  1.022E-05   Iter/sec:  7.709E+01
 Iteration:  00000030   DeltaT:  1.022E-05   Iter/sec:  7.524E+01
 Iteration:  00000031   DeltaT:  1.022E-05   Iter/sec:  7.720E+01
 Iteration:  00000032   DeltaT:  1.022E-05   Iter/sec:  7.709E+01
 Iteration:  00000033   DeltaT:  1.022E-05   Iter/sec:  7.676E+01
 Iteration:  00000034   DeltaT:  1.022E-05   Iter/sec:  7.868E+01
 Iteration:  00000035   DeltaT:  1.022E-05   Iter/sec:  7.773E+01
 Iteration:  00000036   DeltaT:  1.022E-05   Iter/sec:  7.888E+01
 Iteration:  00000037   DeltaT:  1.022E-05   Iter/sec:  7.679E+01
 Iteration:  00000038   DeltaT:  1.022E-05   Iter/sec:  8.279E+01
 Iteration:  00000039   DeltaT:  1.022E-05   Iter/sec:  7.662E+01
 Iteration:  00000040   DeltaT:  1.022E-05   Iter/sec:  7.928E+01
 Iteration:  00000041   DeltaT:  1.022E-05   Iter/sec:  7.880E+01
 Iteration:  00000042   DeltaT:  1.022E-05   Iter/sec:  7.694E+01
 Iteration:  00000043   DeltaT:  1.022E-05   Iter/sec:  7.873E+01
 Iteration:  00000044   DeltaT:  1.022E-05   Iter/sec:  7.407E+01
 Iteration:  00000045   DeltaT:  1.022E-05   Iter/sec:  8.108E+01
 Iteration:  00000046   DeltaT:  1.022E-05   Iter/sec:  8.238E+01
 Iteration:  00000047   DeltaT:  1.022E-05   Iter/sec:  7.871E+01
 Iteration:  00000048   DeltaT:  1.022E-05   Iter/sec:  7.789E+01
 Iteration:  00000049   DeltaT:  1.022E-05   Iter/sec:  7.690E+01
 Iteration:  00000050   DeltaT:  1.022E-05   Iter/sec:  7.700E+01


//////////////////////////////////////////////
   Measured Timings for Process 0  (seconds)

 Elapsed time:         1.8441
  Column time:         0.2382
     Row time:         0.1612
Legendre time:         0.0512
     FFT time:         0.0370
   Solve time:         0.0635
    rlma time:         0.0116
    rlmb time:         0.0051
  pspace time:         0.0242
  psolve time:         0.0571
    dphi time:         0.0028
captured time:         0.6519

     iter/sec:        27.1136
//////////////////////////////////////////////
