 //////////////////////////////////////
 Initializating Rayleigh...

 -- Initalizing MPI...
 ---- Specified parameters:
 ---- NCPU  :    512
 ---- NPROW :     16
 ---- NPCOL :     32
 -- MPI initialized.


 -- Initalizing Grid...
 ---- Specified parameters ----
 ---- N_R                 :     64
 ---- N_THETA             :    192
 ---- Ell_MAX             :    127
 ---- R_MIN               :  5.38462E-01
 ---- R_MAX               :  1.53846E+00
 ---- Chebyshev Domains   :      1

        Domain 1
          Grid points           :  64
          Dealiased Polynomials :  42
          Domain Lower Bound    :  5.38462E-01
          Domain Upper Bound    :  1.53846E+00

 -- Grid initialized.

 -- Initalizing Reference State...
 ---- Specified parameters:
 ---- Reference type           :  Boussinesq (Non-dimensional)
 ---- Rayleigh Number          :  1.00000E+05
 ---- Ekman Number             :  1.00000E-03
 ---- Prandtl Number           :  1.00000E+00
 ---- Magnetic Prandtl Number  :  5.00000E+00
 -- Reference State initialized.

 -- Initializing Fields...
 ---- Specified parameters:
 ---- Hydro Init Type    : Benchmark (Christensen et al. 2001)
 ---- Magnetic Init Type : Benchmark (Christensen et al. 2001)
 -- Fields initialized.

 Initialization Complete.
 //////////////////////////////////////

 Timestep has changed from  0.00000E+00 to  1.00000E-04.
 Iteration:  00000001   DeltaT:  1.000E-04   Iter/sec:  0.000E+00
 Timestep has changed from  1.00000E-04 to  1.02217E-05.
 Iteration:  00000002   DeltaT:  1.022E-05   Iter/sec:  1.181E+01
 Iteration:  00000003   DeltaT:  1.022E-05   Iter/sec:  6.292E+01
 Iteration:  00000004   DeltaT:  1.022E-05   Iter/sec:  8.435E+01
 Iteration:  00000005   DeltaT:  1.022E-05   Iter/sec:  9.521E+01
 Iteration:  00000006   DeltaT:  1.022E-05   Iter/sec:  8.833E+01
 Iteration:  00000007   DeltaT:  1.022E-05   Iter/sec:  8.909E+01
 Iteration:  00000008   DeltaT:  1.022E-05   Iter/sec:  8.774E+01
 Iteration:  00000009   DeltaT:  1.022E-05   Iter/sec:  9.197E+01
 Iteration:  00000010   DeltaT:  1.022E-05   Iter/sec:  8.957E+01
 Iteration:  00000011   DeltaT:  1.022E-05   Iter/sec:  9.072E+01
 Iteration:  00000012   DeltaT:  1.022E-05   Iter/sec:  8.852E+01
 Iteration:  00000013   DeltaT:  1.022E-05   Iter/sec:  9.024E+01
 Iteration:  00000014   DeltaT:  1.022E-05   Iter/sec:  8.846E+01
 Iteration:  00000015   DeltaT:  1.022E-05   Iter/sec:  9.249E+01
 Iteration:  00000016   DeltaT:  1.022E-05   Iter/sec:  9.224E+01
 Iteration:  00000017   DeltaT:  1.022E-05   Iter/sec:  9.242E+01
 Iteration:  00000018   DeltaT:  1.022E-05   Iter/sec:  9.124E+01
 Iteration:  00000019   DeltaT:  1.022E-05   Iter/sec:  9.270E+01
 Iteration:  00000020   DeltaT:  1.022E-05   Iter/sec:  9.147E+01
 Iteration:  00000021   DeltaT:  1.022E-05   Iter/sec:  9.211E+01
 Iteration:  00000022   DeltaT:  1.022E-05   Iter/sec:  8.977E+01
 Iteration:  00000023   DeltaT:  1.022E-05   Iter/sec:  8.971E+01
 Iteration:  00000024   DeltaT:  1.022E-05   Iter/sec:  9.355E+01
 Iteration:  00000025   DeltaT:  1.022E-05   Iter/sec:  8.524E+01
 Iteration:  00000026   DeltaT:  1.022E-05   Iter/sec:  8.655E+01
 Iteration:  00000027   DeltaT:  1.022E-05   Iter/sec:  8.338E+01
 Iteration:  00000028   DeltaT:  1.022E-05   Iter/sec:  8.589E+01
 Iteration:  00000029   DeltaT:  1.022E-05   Iter/sec:  8.222E+01
 Iteration:  00000030   DeltaT:  1.022E-05   Iter/sec:  8.699E+01
 Iteration:  00000031   DeltaT:  1.022E-05   Iter/sec:  9.148E+01
 Iteration:  00000032   DeltaT:  1.022E-05   Iter/sec:  9.141E+01
 Iteration:  00000033   DeltaT:  1.022E-05   Iter/sec:  9.122E+01
 Iteration:  00000034   DeltaT:  1.022E-05   Iter/sec:  9.026E+01
 Iteration:  00000035   DeltaT:  1.022E-05   Iter/sec:  9.339E+01
 Iteration:  00000036   DeltaT:  1.022E-05   Iter/sec:  9.172E+01
 Iteration:  00000037   DeltaT:  1.022E-05   Iter/sec:  9.369E+01
 Iteration:  00000038   DeltaT:  1.022E-05   Iter/sec:  9.063E+01
 Iteration:  00000039   DeltaT:  1.022E-05   Iter/sec:  8.676E+01
 Iteration:  00000040   DeltaT:  1.022E-05   Iter/sec:  9.767E+01
 Iteration:  00000041   DeltaT:  1.022E-05   Iter/sec:  9.279E+01
 Iteration:  00000042   DeltaT:  1.022E-05   Iter/sec:  9.011E+01
 Iteration:  00000043   DeltaT:  1.022E-05   Iter/sec:  8.676E+01
 Iteration:  00000044   DeltaT:  1.022E-05   Iter/sec:  9.100E+01
 Iteration:  00000045   DeltaT:  1.022E-05   Iter/sec:  9.086E+01
 Iteration:  00000046   DeltaT:  1.022E-05   Iter/sec:  9.251E+01
 Iteration:  00000047   DeltaT:  1.022E-05   Iter/sec:  9.247E+01
 Iteration:  00000048   DeltaT:  1.022E-05   Iter/sec:  9.380E+01
 Iteration:  00000049   DeltaT:  1.022E-05   Iter/sec:  9.321E+01
 Iteration:  00000050   DeltaT:  1.022E-05   Iter/sec:  9.222E+01


//////////////////////////////////////////////
   Measured Timings for Process 0  (seconds)

 Elapsed time:         1.4120
  Column time:         0.1718
     Row time:         0.1534
Legendre time:         0.0546
     FFT time:         0.0363
   Solve time:         0.0431
    rlma time:         0.0146
    rlmb time:         0.0061
  pspace time:         0.0237
  psolve time:         0.0510
    dphi time:         0.0028
captured time:         0.5575

     iter/sec:        35.4113
//////////////////////////////////////////////
