 //////////////////////////////////////
 Initializating Rayleigh...

 -- Initalizing MPI...
 ---- Specified parameters:
 ---- NCPU  :    256
 ---- NPROW :     32
 ---- NPCOL :      8
 -- MPI initialized.


 -- Initalizing Grid...
 ---- Specified parameters ----
 ---- N_R                 :     64
 ---- N_THETA             :    384
 ---- Ell_MAX             :    255
 ---- R_MIN               :  5.38462E-01
 ---- R_MAX               :  1.53846E+00
 ---- Chebyshev Domains   :      1

        Domain 1
          Grid points           :  64
          Dealiased Polynomials :  42
          Domain Lower Bound    :  5.38462E-01
          Domain Upper Bound    :  1.53846E+00

 -- Grid initialized.

 -- Initalizing Reference State...
 ---- Specified parameters:
 ---- Reference type           :  Boussinesq (Non-dimensional)
 ---- Rayleigh Number          :  1.00000E+05
 ---- Ekman Number             :  1.00000E-03
 ---- Prandtl Number           :  1.00000E+00
 ---- Magnetic Prandtl Number  :  5.00000E+00
 -- Reference State initialized.

 -- Initializing Fields...
 ---- Specified parameters:
 ---- Hydro Init Type    : Benchmark (Christensen et al. 2001)
 ---- Magnetic Init Type : Benchmark (Christensen et al. 2001)
 -- Fields initialized.

 Initialization Complete.
 //////////////////////////////////////

 Timestep has changed from  0.00000E+00 to  1.00000E-04.
 Iteration:  00000001   DeltaT:  1.000E-04   Iter/sec:  0.000E+00
 Timestep has changed from  1.00000E-04 to  1.02211E-05.
 Iteration:  00000002   DeltaT:  1.022E-05   Iter/sec:  3.138E+00
 Iteration:  00000003   DeltaT:  1.022E-05   Iter/sec:  6.050E+00
 Iteration:  00000004   DeltaT:  1.022E-05   Iter/sec:  7.062E+00
 Iteration:  00000005   DeltaT:  1.022E-05   Iter/sec:  7.540E+00
 Iteration:  00000006   DeltaT:  1.022E-05   Iter/sec:  7.192E+00
 Iteration:  00000007   DeltaT:  1.022E-05   Iter/sec:  7.186E+00
 Iteration:  00000008   DeltaT:  1.022E-05   Iter/sec:  7.192E+00
 Iteration:  00000009   DeltaT:  1.022E-05   Iter/sec:  7.864E+00
 Iteration:  00000010   DeltaT:  1.022E-05   Iter/sec:  7.396E+00
 Iteration:  00000011   DeltaT:  1.022E-05   Iter/sec:  7.503E+00
 Iteration:  00000012   DeltaT:  1.022E-05   Iter/sec:  7.343E+00
 Iteration:  00000013   DeltaT:  1.022E-05   Iter/sec:  7.410E+00
 Iteration:  00000014   DeltaT:  1.022E-05   Iter/sec:  7.481E+00
 Iteration:  00000015   DeltaT:  1.022E-05   Iter/sec:  7.538E+00
 Iteration:  00000016   DeltaT:  1.022E-05   Iter/sec:  7.683E+00
 Iteration:  00000017   DeltaT:  1.022E-05   Iter/sec:  7.203E+00
 Iteration:  00000018   DeltaT:  1.022E-05   Iter/sec:  7.286E+00
 Iteration:  00000019   DeltaT:  1.022E-05   Iter/sec:  7.708E+00
 Iteration:  00000020   DeltaT:  1.022E-05   Iter/sec:  7.474E+00
 Iteration:  00000021   DeltaT:  1.022E-05   Iter/sec:  7.577E+00
 Iteration:  00000022   DeltaT:  1.022E-05   Iter/sec:  7.623E+00
 Iteration:  00000023   DeltaT:  1.022E-05   Iter/sec:  7.659E+00
 Iteration:  00000024   DeltaT:  1.022E-05   Iter/sec:  7.624E+00
 Iteration:  00000025   DeltaT:  1.022E-05   Iter/sec:  7.735E+00
 Iteration:  00000026   DeltaT:  1.022E-05   Iter/sec:  7.563E+00
 Iteration:  00000027   DeltaT:  1.022E-05   Iter/sec:  7.547E+00
 Iteration:  00000028   DeltaT:  1.022E-05   Iter/sec:  7.459E+00
 Iteration:  00000029   DeltaT:  1.022E-05   Iter/sec:  7.537E+00
 Iteration:  00000030   DeltaT:  1.022E-05   Iter/sec:  7.728E+00
 Iteration:  00000031   DeltaT:  1.022E-05   Iter/sec:  7.586E+00
 Iteration:  00000032   DeltaT:  1.022E-05   Iter/sec:  7.578E+00
 Iteration:  00000033   DeltaT:  1.022E-05   Iter/sec:  7.641E+00
 Iteration:  00000034   DeltaT:  1.022E-05   Iter/sec:  7.274E+00
 Iteration:  00000035   DeltaT:  1.022E-05   Iter/sec:  7.530E+00
 Iteration:  00000036   DeltaT:  1.022E-05   Iter/sec:  7.576E+00
 Iteration:  00000037   DeltaT:  1.022E-05   Iter/sec:  7.562E+00
 Iteration:  00000038   DeltaT:  1.022E-05   Iter/sec:  7.334E+00
 Iteration:  00000039   DeltaT:  1.022E-05   Iter/sec:  7.407E+00
 Iteration:  00000040   DeltaT:  1.022E-05   Iter/sec:  7.615E+00
 Iteration:  00000041   DeltaT:  1.022E-05   Iter/sec:  7.215E+00
 Iteration:  00000042   DeltaT:  1.022E-05   Iter/sec:  7.710E+00
 Iteration:  00000043   DeltaT:  1.022E-05   Iter/sec:  7.611E+00
 Iteration:  00000044   DeltaT:  1.022E-05   Iter/sec:  7.407E+00
 Iteration:  00000045   DeltaT:  1.022E-05   Iter/sec:  7.608E+00
 Iteration:  00000046   DeltaT:  1.022E-05   Iter/sec:  7.357E+00
 Iteration:  00000047   DeltaT:  1.022E-05   Iter/sec:  7.418E+00
 Iteration:  00000048   DeltaT:  1.022E-05   Iter/sec:  7.564E+00
 Iteration:  00000049   DeltaT:  1.022E-05   Iter/sec:  7.502E+00
 Iteration:  00000050   DeltaT:  1.022E-05   Iter/sec:  7.706E+00


//////////////////////////////////////////////
   Measured Timings for Process 0  (seconds)

 Elapsed time:         7.1329
  Column time:         1.2491
     Row time:         2.5901
Legendre time:         0.6753
     FFT time:         0.4800
   Solve time:         0.2033
    rlma time:         0.0893
    rlmb time:         0.0395
  pspace time:         0.8753
  psolve time:         0.4646
    dphi time:         0.0448
captured time:         6.7115

     iter/sec:         7.0097
//////////////////////////////////////////////
