 //////////////////////////////////////
 Initializating Rayleigh...

 -- Initalizing MPI...
 ---- Specified parameters:
 ---- NCPU  :     64
 ---- NPROW :      4
 ---- NPCOL :     16
 -- MPI initialized.


 -- Initalizing Grid...
 ---- Specified parameters ----
 ---- N_R                 :    128
 ---- N_THETA             :    192
 ---- Ell_MAX             :    127
 ---- R_MIN               :  5.38462E-01
 ---- R_MAX               :  1.53846E+00
 ---- Chebyshev Domains   :      1

        Domain 1
          Grid points           :  128
          Dealiased Polynomials :  85
          Domain Lower Bound    :  5.38462E-01
          Domain Upper Bound    :  1.53846E+00

 -- Grid initialized.

 -- Initalizing Reference State...
 ---- Specified parameters:
 ---- Reference type           :  Boussinesq (Non-dimensional)
 ---- Rayleigh Number          :  1.00000E+05
 ---- Ekman Number             :  1.00000E-03
 ---- Prandtl Number           :  1.00000E+00
 ---- Magnetic Prandtl Number  :  5.00000E+00
 -- Reference State initialized.

 -- Initializing Fields...
 ---- Specified parameters:
 ---- Hydro Init Type    : Benchmark (Christensen et al. 2001)
 ---- Magnetic Init Type : Benchmark (Christensen et al. 2001)
 -- Fields initialized.

 Initialization Complete.
 //////////////////////////////////////

 Timestep has changed from  0.00000E+00 to  1.00000E-04.
 Iteration:  00000001   DeltaT:  1.000E-04   Iter/sec:  0.000E+00
 Timestep has changed from  1.00000E-04 to  2.55581E-06.
 Iteration:  00000002   DeltaT:  2.556E-06   Iter/sec:  2.399E+00
 Iteration:  00000003   DeltaT:  2.556E-06   Iter/sec:  3.155E+00
 Iteration:  00000004   DeltaT:  2.556E-06   Iter/sec:  3.974E+00
 Iteration:  00000005   DeltaT:  2.556E-06   Iter/sec:  3.930E+00
 Iteration:  00000006   DeltaT:  2.556E-06   Iter/sec:  3.923E+00
 Iteration:  00000007   DeltaT:  2.556E-06   Iter/sec:  4.003E+00
 Iteration:  00000008   DeltaT:  2.556E-06   Iter/sec:  3.968E+00
 Iteration:  00000009   DeltaT:  2.556E-06   Iter/sec:  3.882E+00
 Iteration:  00000010   DeltaT:  2.556E-06   Iter/sec:  3.953E+00
 Iteration:  00000011   DeltaT:  2.556E-06   Iter/sec:  3.913E+00
 Iteration:  00000012   DeltaT:  2.556E-06   Iter/sec:  3.932E+00
 Iteration:  00000013   DeltaT:  2.556E-06   Iter/sec:  3.935E+00
 Iteration:  00000014   DeltaT:  2.556E-06   Iter/sec:  3.939E+00
 Iteration:  00000015   DeltaT:  2.556E-06   Iter/sec:  3.989E+00
 Iteration:  00000016   DeltaT:  2.556E-06   Iter/sec:  3.886E+00
 Iteration:  00000017   DeltaT:  2.556E-06   Iter/sec:  3.902E+00
 Iteration:  00000018   DeltaT:  2.556E-06   Iter/sec:  3.940E+00
 Iteration:  00000019   DeltaT:  2.556E-06   Iter/sec:  3.956E+00
 Iteration:  00000020   DeltaT:  2.556E-06   Iter/sec:  3.923E+00
 Iteration:  00000021   DeltaT:  2.556E-06   Iter/sec:  3.947E+00
 Iteration:  00000022   DeltaT:  2.556E-06   Iter/sec:  3.930E+00
 Iteration:  00000023   DeltaT:  2.556E-06   Iter/sec:  3.952E+00
 Iteration:  00000024   DeltaT:  2.556E-06   Iter/sec:  3.905E+00
 Iteration:  00000025   DeltaT:  2.556E-06   Iter/sec:  3.904E+00
 Iteration:  00000026   DeltaT:  2.556E-06   Iter/sec:  3.877E+00
 Iteration:  00000027   DeltaT:  2.556E-06   Iter/sec:  3.930E+00
 Iteration:  00000028   DeltaT:  2.556E-06   Iter/sec:  3.955E+00
 Iteration:  00000029   DeltaT:  2.556E-06   Iter/sec:  3.920E+00
 Iteration:  00000030   DeltaT:  2.556E-06   Iter/sec:  3.871E+00
 Iteration:  00000031   DeltaT:  2.556E-06   Iter/sec:  3.999E+00
 Iteration:  00000032   DeltaT:  2.556E-06   Iter/sec:  3.947E+00
 Iteration:  00000033   DeltaT:  2.556E-06   Iter/sec:  3.926E+00
 Iteration:  00000034   DeltaT:  2.556E-06   Iter/sec:  3.951E+00
 Iteration:  00000035   DeltaT:  2.556E-06   Iter/sec:  3.984E+00
 Iteration:  00000036   DeltaT:  2.556E-06   Iter/sec:  3.873E+00
 Iteration:  00000037   DeltaT:  2.556E-06   Iter/sec:  3.967E+00
 Iteration:  00000038   DeltaT:  2.556E-06   Iter/sec:  3.893E+00
 Iteration:  00000039   DeltaT:  2.556E-06   Iter/sec:  3.956E+00
 Iteration:  00000040   DeltaT:  2.556E-06   Iter/sec:  3.976E+00
 Iteration:  00000041   DeltaT:  2.556E-06   Iter/sec:  3.922E+00
 Iteration:  00000042   DeltaT:  2.556E-06   Iter/sec:  4.001E+00
 Iteration:  00000043   DeltaT:  2.556E-06   Iter/sec:  3.947E+00
 Iteration:  00000044   DeltaT:  2.556E-06   Iter/sec:  3.966E+00
 Iteration:  00000045   DeltaT:  2.556E-06   Iter/sec:  3.911E+00
 Iteration:  00000046   DeltaT:  2.556E-06   Iter/sec:  3.966E+00
 Iteration:  00000047   DeltaT:  2.556E-06   Iter/sec:  3.934E+00
 Iteration:  00000048   DeltaT:  2.556E-06   Iter/sec:  3.912E+00
 Iteration:  00000049   DeltaT:  2.556E-06   Iter/sec:  3.970E+00
 Iteration:  00000050   DeltaT:  2.556E-06   Iter/sec:  3.972E+00


//////////////////////////////////////////////
   Measured Timings for Process 0  (seconds)

 Elapsed time:        13.2294
  Column time:         1.3813
     Row time:         4.4425
Legendre time:         1.3904
     FFT time:         0.9995
   Solve time:         0.4520
    rlma time:         0.2090
    rlmb time:         0.0883
  pspace time:         2.0439
  psolve time:         1.5568
    dphi time:         0.1047
captured time:        12.6684

     iter/sec:         3.7795
//////////////////////////////////////////////
