 //////////////////////////////////////
 Initializating Rayleigh...

 -- Initalizing MPI...
 ---- Specified parameters:
 ---- NCPU  :    256
 ---- NPROW :     16
 ---- NPCOL :     16
 -- MPI initialized.


 -- Initalizing Grid...
 ---- Specified parameters ----
 ---- N_R                 :     64
 ---- N_THETA             :    384
 ---- Ell_MAX             :    255
 ---- R_MIN               :  5.38462E-01
 ---- R_MAX               :  1.53846E+00
 ---- Chebyshev Domains   :      1

        Domain 1
          Grid points           :  64
          Dealiased Polynomials :  42
          Domain Lower Bound    :  5.38462E-01
          Domain Upper Bound    :  1.53846E+00

 -- Grid initialized.

 -- Initalizing Reference State...
 ---- Specified parameters:
 ---- Reference type           :  Boussinesq (Non-dimensional)
 ---- Rayleigh Number          :  1.00000E+05
 ---- Ekman Number             :  1.00000E-03
 ---- Prandtl Number           :  1.00000E+00
 ---- Magnetic Prandtl Number  :  5.00000E+00
 -- Reference State initialized.

 -- Initializing Fields...
 ---- Specified parameters:
 ---- Hydro Init Type    : Benchmark (Christensen et al. 2001)
 ---- Magnetic Init Type : Benchmark (Christensen et al. 2001)
 -- Fields initialized.

 Initialization Complete.
 //////////////////////////////////////

 Timestep has changed from  0.00000E+00 to  1.00000E-04.
 Iteration:  00000001   DeltaT:  1.000E-04   Iter/sec:  0.000E+00
 Timestep has changed from  1.00000E-04 to  1.02211E-05.
 Iteration:  00000002   DeltaT:  1.022E-05   Iter/sec:  3.047E+00
 Iteration:  00000003   DeltaT:  1.022E-05   Iter/sec:  6.835E+00
 Iteration:  00000004   DeltaT:  1.022E-05   Iter/sec:  7.453E+00
 Iteration:  00000005   DeltaT:  1.022E-05   Iter/sec:  7.563E+00
 Iteration:  00000006   DeltaT:  1.022E-05   Iter/sec:  7.589E+00
 Iteration:  00000007   DeltaT:  1.022E-05   Iter/sec:  7.448E+00
 Iteration:  00000008   DeltaT:  1.022E-05   Iter/sec:  7.572E+00
 Iteration:  00000009   DeltaT:  1.022E-05   Iter/sec:  7.606E+00
 Iteration:  00000010   DeltaT:  1.022E-05   Iter/sec:  7.598E+00
 Iteration:  00000011   DeltaT:  1.022E-05   Iter/sec:  7.629E+00
 Iteration:  00000012   DeltaT:  1.022E-05   Iter/sec:  7.566E+00
 Iteration:  00000013   DeltaT:  1.022E-05   Iter/sec:  7.612E+00
 Iteration:  00000014   DeltaT:  1.022E-05   Iter/sec:  7.512E+00
 Iteration:  00000015   DeltaT:  1.022E-05   Iter/sec:  7.658E+00
 Iteration:  00000016   DeltaT:  1.022E-05   Iter/sec:  7.600E+00
 Iteration:  00000017   DeltaT:  1.022E-05   Iter/sec:  7.665E+00
 Iteration:  00000018   DeltaT:  1.022E-05   Iter/sec:  7.511E+00
 Iteration:  00000019   DeltaT:  1.022E-05   Iter/sec:  7.576E+00
 Iteration:  00000020   DeltaT:  1.022E-05   Iter/sec:  7.658E+00
 Iteration:  00000021   DeltaT:  1.022E-05   Iter/sec:  7.663E+00
 Iteration:  00000022   DeltaT:  1.022E-05   Iter/sec:  7.452E+00
 Iteration:  00000023   DeltaT:  1.022E-05   Iter/sec:  7.749E+00
 Iteration:  00000024   DeltaT:  1.022E-05   Iter/sec:  7.570E+00
 Iteration:  00000025   DeltaT:  1.022E-05   Iter/sec:  7.570E+00
 Iteration:  00000026   DeltaT:  1.022E-05   Iter/sec:  7.483E+00
 Iteration:  00000027   DeltaT:  1.022E-05   Iter/sec:  7.619E+00
 Iteration:  00000028   DeltaT:  1.022E-05   Iter/sec:  7.858E+00
 Iteration:  00000029   DeltaT:  1.022E-05   Iter/sec:  7.427E+00
 Iteration:  00000030   DeltaT:  1.022E-05   Iter/sec:  7.740E+00
 Iteration:  00000031   DeltaT:  1.022E-05   Iter/sec:  7.537E+00
 Iteration:  00000032   DeltaT:  1.022E-05   Iter/sec:  7.522E+00
 Iteration:  00000033   DeltaT:  1.022E-05   Iter/sec:  7.728E+00
 Iteration:  00000034   DeltaT:  1.022E-05   Iter/sec:  7.705E+00
 Iteration:  00000035   DeltaT:  1.022E-05   Iter/sec:  7.641E+00
 Iteration:  00000036   DeltaT:  1.022E-05   Iter/sec:  7.691E+00
 Iteration:  00000037   DeltaT:  1.022E-05   Iter/sec:  7.646E+00
 Iteration:  00000038   DeltaT:  1.022E-05   Iter/sec:  7.849E+00
 Iteration:  00000039   DeltaT:  1.022E-05   Iter/sec:  7.563E+00
 Iteration:  00000040   DeltaT:  1.022E-05   Iter/sec:  7.629E+00
 Iteration:  00000041   DeltaT:  1.022E-05   Iter/sec:  7.741E+00
 Iteration:  00000042   DeltaT:  1.022E-05   Iter/sec:  7.695E+00
 Iteration:  00000043   DeltaT:  1.022E-05   Iter/sec:  7.837E+00
 Iteration:  00000044   DeltaT:  1.022E-05   Iter/sec:  7.771E+00
 Iteration:  00000045   DeltaT:  1.022E-05   Iter/sec:  7.765E+00
 Iteration:  00000046   DeltaT:  1.022E-05   Iter/sec:  7.736E+00
 Iteration:  00000047   DeltaT:  1.022E-05   Iter/sec:  7.803E+00
 Iteration:  00000048   DeltaT:  1.022E-05   Iter/sec:  7.793E+00
 Iteration:  00000049   DeltaT:  1.022E-05   Iter/sec:  7.744E+00
 Iteration:  00000050   DeltaT:  1.022E-05   Iter/sec:  7.790E+00


//////////////////////////////////////////////
   Measured Timings for Process 0  (seconds)

 Elapsed time:         6.9677
  Column time:         1.2719
     Row time:         2.0601
Legendre time:         0.7461
     FFT time:         0.4811
   Solve time:         0.1517
    rlma time:         0.1067
    rlmb time:         0.0385
  pspace time:         0.9675
  psolve time:         0.6246
    dphi time:         0.0670
captured time:         6.5151

     iter/sec:         7.1759
//////////////////////////////////////////////
