 //////////////////////////////////////
 Initializating Rayleigh...

 -- Initalizing MPI...
 ---- Specified parameters:
 ---- NCPU  :     32
 ---- NPROW :      4
 ---- NPCOL :      8
 -- MPI initialized.


 -- Initalizing Grid...
 ---- Specified parameters ----
 ---- N_R                 :     64
 ---- N_THETA             :    192
 ---- Ell_MAX             :    127
 ---- R_MIN               :  5.38462E-01
 ---- R_MAX               :  1.53846E+00
 ---- Chebyshev Domains   :      1

        Domain 1
          Grid points           :  64
          Dealiased Polynomials :  42
          Domain Lower Bound    :  5.38462E-01
          Domain Upper Bound    :  1.53846E+00

 -- Grid initialized.

 -- Initalizing Reference State...
 ---- Specified parameters:
 ---- Reference type           :  Boussinesq (Non-dimensional)
 ---- Rayleigh Number          :  1.00000E+05
 ---- Ekman Number             :  1.00000E-03
 ---- Prandtl Number           :  1.00000E+00
 ---- Magnetic Prandtl Number  :  5.00000E+00
 -- Reference State initialized.

 -- Initializing Fields...
 ---- Specified parameters:
 ---- Hydro Init Type    : Benchmark (Christensen et al. 2001)
 ---- Magnetic Init Type : Benchmark (Christensen et al. 2001)
 -- Fields initialized.

 Initialization Complete.
 //////////////////////////////////////

 Timestep has changed from  0.00000E+00 to  1.00000E-04.
 Iteration:  00000001   DeltaT:  1.000E-04   Iter/sec:  0.000E+00
 Timestep has changed from  1.00000E-04 to  1.02217E-05.
 Iteration:  00000002   DeltaT:  1.022E-05   Iter/sec:  2.771E+00
 Iteration:  00000003   DeltaT:  1.022E-05   Iter/sec:  3.932E+00
 Iteration:  00000004   DeltaT:  1.022E-05   Iter/sec:  4.148E+00
 Iteration:  00000005   DeltaT:  1.022E-05   Iter/sec:  4.101E+00
 Iteration:  00000006   DeltaT:  1.022E-05   Iter/sec:  4.167E+00
 Iteration:  00000007   DeltaT:  1.022E-05   Iter/sec:  4.131E+00
 Iteration:  00000008   DeltaT:  1.022E-05   Iter/sec:  4.106E+00
 Iteration:  00000009   DeltaT:  1.022E-05   Iter/sec:  4.162E+00
 Iteration:  00000010   DeltaT:  1.022E-05   Iter/sec:  4.155E+00
 Iteration:  00000011   DeltaT:  1.022E-05   Iter/sec:  4.144E+00
 Iteration:  00000012   DeltaT:  1.022E-05   Iter/sec:  4.113E+00
 Iteration:  00000013   DeltaT:  1.022E-05   Iter/sec:  4.122E+00
 Iteration:  00000014   DeltaT:  1.022E-05   Iter/sec:  4.124E+00
 Iteration:  00000015   DeltaT:  1.022E-05   Iter/sec:  4.190E+00
 Iteration:  00000016   DeltaT:  1.022E-05   Iter/sec:  4.126E+00
 Iteration:  00000017   DeltaT:  1.022E-05   Iter/sec:  4.148E+00
 Iteration:  00000018   DeltaT:  1.022E-05   Iter/sec:  4.139E+00
 Iteration:  00000019   DeltaT:  1.022E-05   Iter/sec:  4.077E+00
 Iteration:  00000020   DeltaT:  1.022E-05   Iter/sec:  4.092E+00
 Iteration:  00000021   DeltaT:  1.022E-05   Iter/sec:  4.092E+00
 Iteration:  00000022   DeltaT:  1.022E-05   Iter/sec:  4.086E+00
 Iteration:  00000023   DeltaT:  1.022E-05   Iter/sec:  4.120E+00
 Iteration:  00000024   DeltaT:  1.022E-05   Iter/sec:  4.164E+00
 Iteration:  00000025   DeltaT:  1.022E-05   Iter/sec:  4.163E+00
 Iteration:  00000026   DeltaT:  1.022E-05   Iter/sec:  4.204E+00
 Iteration:  00000027   DeltaT:  1.022E-05   Iter/sec:  4.119E+00
 Iteration:  00000028   DeltaT:  1.022E-05   Iter/sec:  4.147E+00
 Iteration:  00000029   DeltaT:  1.022E-05   Iter/sec:  4.098E+00
 Iteration:  00000030   DeltaT:  1.022E-05   Iter/sec:  4.106E+00
 Iteration:  00000031   DeltaT:  1.022E-05   Iter/sec:  4.165E+00
 Iteration:  00000032   DeltaT:  1.022E-05   Iter/sec:  4.110E+00
 Iteration:  00000033   DeltaT:  1.022E-05   Iter/sec:  4.136E+00
 Iteration:  00000034   DeltaT:  1.022E-05   Iter/sec:  4.148E+00
 Iteration:  00000035   DeltaT:  1.022E-05   Iter/sec:  4.119E+00
 Iteration:  00000036   DeltaT:  1.022E-05   Iter/sec:  4.100E+00
 Iteration:  00000037   DeltaT:  1.022E-05   Iter/sec:  4.092E+00
 Iteration:  00000038   DeltaT:  1.022E-05   Iter/sec:  4.113E+00
 Iteration:  00000039   DeltaT:  1.022E-05   Iter/sec:  4.197E+00
 Iteration:  00000040   DeltaT:  1.022E-05   Iter/sec:  4.182E+00
 Iteration:  00000041   DeltaT:  1.022E-05   Iter/sec:  4.157E+00
 Iteration:  00000042   DeltaT:  1.022E-05   Iter/sec:  4.127E+00
 Iteration:  00000043   DeltaT:  1.022E-05   Iter/sec:  4.121E+00
 Iteration:  00000044   DeltaT:  1.022E-05   Iter/sec:  4.098E+00
 Iteration:  00000045   DeltaT:  1.022E-05   Iter/sec:  4.171E+00
 Iteration:  00000046   DeltaT:  1.022E-05   Iter/sec:  4.109E+00
 Iteration:  00000047   DeltaT:  1.022E-05   Iter/sec:  4.112E+00
 Iteration:  00000048   DeltaT:  1.022E-05   Iter/sec:  4.132E+00
 Iteration:  00000049   DeltaT:  1.022E-05   Iter/sec:  4.135E+00
 Iteration:  00000050   DeltaT:  1.022E-05   Iter/sec:  4.161E+00


//////////////////////////////////////////////
   Measured Timings for Process 0  (seconds)

 Elapsed time:        12.4372
  Column time:         0.8404
     Row time:         4.4564
Legendre time:         1.4095
     FFT time:         0.9817
   Solve time:         0.2202
    rlma time:         0.2054
    rlmb time:         0.0865
  pspace time:         2.1444
  psolve time:         1.5146
    dphi time:         0.1173
captured time:        11.9765

     iter/sec:         4.0202
//////////////////////////////////////////////
