 //////////////////////////////////////
 Initializating Rayleigh...

 -- Initalizing MPI...
 ---- Specified parameters:
 ---- NCPU  :    256
 ---- NPROW :     16
 ---- NPCOL :     16
 -- MPI initialized.


 -- Initalizing Grid...
 ---- Specified parameters ----
 ---- N_R                 :     64
 ---- N_THETA             :    192
 ---- Ell_MAX             :    127
 ---- R_MIN               :  5.38462E-01
 ---- R_MAX               :  1.53846E+00
 ---- Chebyshev Domains   :      1

        Domain 1
          Grid points           :  64
          Dealiased Polynomials :  42
          Domain Lower Bound    :  5.38462E-01
          Domain Upper Bound    :  1.53846E+00

 -- Grid initialized.

 -- Initalizing Reference State...
 ---- Specified parameters:
 ---- Reference type           :  Boussinesq (Non-dimensional)
 ---- Rayleigh Number          :  1.00000E+05
 ---- Ekman Number             :  1.00000E-03
 ---- Prandtl Number           :  1.00000E+00
 ---- Magnetic Prandtl Number  :  5.00000E+00
 -- Reference State initialized.

 -- Initializing Fields...
 ---- Specified parameters:
 ---- Hydro Init Type    : Benchmark (Christensen et al. 2001)
 ---- Magnetic Init Type : Benchmark (Christensen et al. 2001)
 -- Fields initialized.

 Initialization Complete.
 //////////////////////////////////////

 Timestep has changed from  0.00000E+00 to  1.00000E-04.
 Iteration:  00000001   DeltaT:  1.000E-04   Iter/sec:  0.000E+00
 Timestep has changed from  1.00000E-04 to  1.02217E-05.
 Iteration:  00000002   DeltaT:  1.022E-05   Iter/sec:  1.069E+01
 Iteration:  00000003   DeltaT:  1.022E-05   Iter/sec:  2.968E+01
 Iteration:  00000004   DeltaT:  1.022E-05   Iter/sec:  4.036E+01
 Iteration:  00000005   DeltaT:  1.022E-05   Iter/sec:  4.110E+01
 Iteration:  00000006   DeltaT:  1.022E-05   Iter/sec:  4.032E+01
 Iteration:  00000007   DeltaT:  1.022E-05   Iter/sec:  4.182E+01
 Iteration:  00000008   DeltaT:  1.022E-05   Iter/sec:  4.203E+01
 Iteration:  00000009   DeltaT:  1.022E-05   Iter/sec:  4.016E+01
 Iteration:  00000010   DeltaT:  1.022E-05   Iter/sec:  4.412E+01
 Iteration:  00000011   DeltaT:  1.022E-05   Iter/sec:  4.225E+01
 Iteration:  00000012   DeltaT:  1.022E-05   Iter/sec:  4.187E+01
 Iteration:  00000013   DeltaT:  1.022E-05   Iter/sec:  4.173E+01
 Iteration:  00000014   DeltaT:  1.022E-05   Iter/sec:  4.277E+01
 Iteration:  00000015   DeltaT:  1.022E-05   Iter/sec:  4.137E+01
 Iteration:  00000016   DeltaT:  1.022E-05   Iter/sec:  4.180E+01
 Iteration:  00000017   DeltaT:  1.022E-05   Iter/sec:  4.204E+01
 Iteration:  00000018   DeltaT:  1.022E-05   Iter/sec:  4.160E+01
 Iteration:  00000019   DeltaT:  1.022E-05   Iter/sec:  4.190E+01
 Iteration:  00000020   DeltaT:  1.022E-05   Iter/sec:  4.191E+01
 Iteration:  00000021   DeltaT:  1.022E-05   Iter/sec:  4.168E+01
 Iteration:  00000022   DeltaT:  1.022E-05   Iter/sec:  4.298E+01
 Iteration:  00000023   DeltaT:  1.022E-05   Iter/sec:  4.103E+01
 Iteration:  00000024   DeltaT:  1.022E-05   Iter/sec:  4.207E+01
 Iteration:  00000025   DeltaT:  1.022E-05   Iter/sec:  4.182E+01
 Iteration:  00000026   DeltaT:  1.022E-05   Iter/sec:  4.180E+01
 Iteration:  00000027   DeltaT:  1.022E-05   Iter/sec:  4.177E+01
 Iteration:  00000028   DeltaT:  1.022E-05   Iter/sec:  4.100E+01
 Iteration:  00000029   DeltaT:  1.022E-05   Iter/sec:  4.134E+01
 Iteration:  00000030   DeltaT:  1.022E-05   Iter/sec:  4.144E+01
 Iteration:  00000031   DeltaT:  1.022E-05   Iter/sec:  3.958E+01
 Iteration:  00000032   DeltaT:  1.022E-05   Iter/sec:  4.000E+01
 Iteration:  00000033   DeltaT:  1.022E-05   Iter/sec:  3.887E+01
 Iteration:  00000034   DeltaT:  1.022E-05   Iter/sec:  4.195E+01
 Iteration:  00000035   DeltaT:  1.022E-05   Iter/sec:  4.202E+01
 Iteration:  00000036   DeltaT:  1.022E-05   Iter/sec:  4.120E+01
 Iteration:  00000037   DeltaT:  1.022E-05   Iter/sec:  4.198E+01
 Iteration:  00000038   DeltaT:  1.022E-05   Iter/sec:  4.180E+01
 Iteration:  00000039   DeltaT:  1.022E-05   Iter/sec:  4.166E+01
 Iteration:  00000040   DeltaT:  1.022E-05   Iter/sec:  4.163E+01
 Iteration:  00000041   DeltaT:  1.022E-05   Iter/sec:  4.146E+01
 Iteration:  00000042   DeltaT:  1.022E-05   Iter/sec:  4.173E+01
 Iteration:  00000043   DeltaT:  1.022E-05   Iter/sec:  4.256E+01
 Iteration:  00000044   DeltaT:  1.022E-05   Iter/sec:  4.142E+01
 Iteration:  00000045   DeltaT:  1.022E-05   Iter/sec:  4.140E+01
 Iteration:  00000046   DeltaT:  1.022E-05   Iter/sec:  4.147E+01
 Iteration:  00000047   DeltaT:  1.022E-05   Iter/sec:  4.108E+01
 Iteration:  00000048   DeltaT:  1.022E-05   Iter/sec:  4.304E+01
 Iteration:  00000049   DeltaT:  1.022E-05   Iter/sec:  4.028E+01
 Iteration:  00000050   DeltaT:  1.022E-05   Iter/sec:  4.174E+01


//////////////////////////////////////////////
   Measured Timings for Process 0  (seconds)

 Elapsed time:         1.5074
  Column time:         0.3178
     Row time:         0.3400
Legendre time:         0.1157
     FFT time:         0.0958
   Solve time:         0.0743
    rlma time:         0.0244
    rlmb time:         0.0096
  pspace time:         0.1171
  psolve time:         0.0968
    dphi time:         0.0148
captured time:         1.2064

     iter/sec:        33.1686
//////////////////////////////////////////////
