 //////////////////////////////////////
 Initializating Rayleigh...

 -- Initalizing MPI...
 ---- Specified parameters:
 ---- NCPU  :    512
 ---- NPROW :     32
 ---- NPCOL :     16
 -- MPI initialized.


 -- Initalizing Grid...
 ---- Specified parameters ----
 ---- N_R                 :    128
 ---- N_THETA             :    384
 ---- Ell_MAX             :    255
 ---- R_MIN               :  5.38462E-01
 ---- R_MAX               :  1.53846E+00
 ---- Chebyshev Domains   :      1

        Domain 1
          Grid points           :  128
          Dealiased Polynomials :  85
          Domain Lower Bound    :  5.38462E-01
          Domain Upper Bound    :  1.53846E+00

 -- Grid initialized.

 -- Initalizing Reference State...
 ---- Specified parameters:
 ---- Reference type           :  Boussinesq (Non-dimensional)
 ---- Rayleigh Number          :  1.00000E+05
 ---- Ekman Number             :  1.00000E-03
 ---- Prandtl Number           :  1.00000E+00
 ---- Magnetic Prandtl Number  :  5.00000E+00
 -- Reference State initialized.

 -- Initializing Fields...
 ---- Specified parameters:
 ---- Hydro Init Type    : Benchmark (Christensen et al. 2001)
 ---- Magnetic Init Type : Benchmark (Christensen et al. 2001)
 -- Fields initialized.

 Initialization Complete.
 //////////////////////////////////////

 Timestep has changed from  0.00000E+00 to  1.00000E-04.
 Iteration:  00000001   DeltaT:  1.000E-04   Iter/sec:  0.000E+00
 Timestep has changed from  1.00000E-04 to  2.55566E-06.
 Iteration:  00000002   DeltaT:  2.556E-06   Iter/sec:  2.501E+00
 Iteration:  00000003   DeltaT:  2.556E-06   Iter/sec:  3.911E+00
 Iteration:  00000004   DeltaT:  2.556E-06   Iter/sec:  6.483E+00
 Iteration:  00000005   DeltaT:  2.556E-06   Iter/sec:  6.278E+00
 Iteration:  00000006   DeltaT:  2.556E-06   Iter/sec:  6.472E+00
 Iteration:  00000007   DeltaT:  2.556E-06   Iter/sec:  6.367E+00
 Iteration:  00000008   DeltaT:  2.556E-06   Iter/sec:  6.594E+00
 Iteration:  00000009   DeltaT:  2.556E-06   Iter/sec:  6.231E+00
 Iteration:  00000010   DeltaT:  2.556E-06   Iter/sec:  6.666E+00
 Iteration:  00000011   DeltaT:  2.556E-06   Iter/sec:  6.456E+00
 Iteration:  00000012   DeltaT:  2.556E-06   Iter/sec:  6.748E+00
 Iteration:  00000013   DeltaT:  2.556E-06   Iter/sec:  6.307E+00
 Iteration:  00000014   DeltaT:  2.556E-06   Iter/sec:  6.695E+00
 Iteration:  00000015   DeltaT:  2.556E-06   Iter/sec:  6.839E+00
 Iteration:  00000016   DeltaT:  2.556E-06   Iter/sec:  6.098E+00
 Iteration:  00000017   DeltaT:  2.556E-06   Iter/sec:  6.718E+00
 Iteration:  00000018   DeltaT:  2.556E-06   Iter/sec:  6.409E+00
 Iteration:  00000019   DeltaT:  2.556E-06   Iter/sec:  6.935E+00
 Iteration:  00000020   DeltaT:  2.556E-06   Iter/sec:  6.541E+00
 Iteration:  00000021   DeltaT:  2.556E-06   Iter/sec:  6.871E+00
 Iteration:  00000022   DeltaT:  2.556E-06   Iter/sec:  6.834E+00
 Iteration:  00000023   DeltaT:  2.556E-06   Iter/sec:  6.586E+00
 Iteration:  00000024   DeltaT:  2.556E-06   Iter/sec:  6.558E+00
 Iteration:  00000025   DeltaT:  2.556E-06   Iter/sec:  6.528E+00
 Iteration:  00000026   DeltaT:  2.556E-06   Iter/sec:  6.587E+00
 Iteration:  00000027   DeltaT:  2.556E-06   Iter/sec:  6.879E+00
 Iteration:  00000028   DeltaT:  2.556E-06   Iter/sec:  6.654E+00
 Iteration:  00000029   DeltaT:  2.556E-06   Iter/sec:  6.377E+00
 Iteration:  00000030   DeltaT:  2.556E-06   Iter/sec:  6.719E+00
 Iteration:  00000031   DeltaT:  2.556E-06   Iter/sec:  6.516E+00
 Iteration:  00000032   DeltaT:  2.556E-06   Iter/sec:  6.485E+00
 Iteration:  00000033   DeltaT:  2.556E-06   Iter/sec:  6.524E+00
 Iteration:  00000034   DeltaT:  2.556E-06   Iter/sec:  6.648E+00
 Iteration:  00000035   DeltaT:  2.556E-06   Iter/sec:  6.638E+00
 Iteration:  00000036   DeltaT:  2.556E-06   Iter/sec:  6.471E+00
 Iteration:  00000037   DeltaT:  2.556E-06   Iter/sec:  6.666E+00
 Iteration:  00000038   DeltaT:  2.556E-06   Iter/sec:  6.483E+00
 Iteration:  00000039   DeltaT:  2.556E-06   Iter/sec:  6.995E+00
 Iteration:  00000040   DeltaT:  2.556E-06   Iter/sec:  6.637E+00
 Iteration:  00000041   DeltaT:  2.556E-06   Iter/sec:  6.425E+00
 Iteration:  00000042   DeltaT:  2.556E-06   Iter/sec:  6.636E+00
 Iteration:  00000043   DeltaT:  2.556E-06   Iter/sec:  6.441E+00
 Iteration:  00000044   DeltaT:  2.556E-06   Iter/sec:  6.990E+00
 Iteration:  00000045   DeltaT:  2.556E-06   Iter/sec:  6.570E+00
 Iteration:  00000046   DeltaT:  2.556E-06   Iter/sec:  6.475E+00
 Iteration:  00000047   DeltaT:  2.556E-06   Iter/sec:  6.828E+00
 Iteration:  00000048   DeltaT:  2.556E-06   Iter/sec:  6.632E+00
 Iteration:  00000049   DeltaT:  2.556E-06   Iter/sec:  6.644E+00
 Iteration:  00000050   DeltaT:  2.556E-06   Iter/sec:  6.626E+00


//////////////////////////////////////////////
   Measured Timings for Process 0  (seconds)

 Elapsed time:         8.2544
  Column time:         2.1889
     Row time:         2.1630
Legendre time:         0.7716
     FFT time:         0.5004
   Solve time:         0.4091
    rlma time:         0.0918
    rlmb time:         0.0341
  pspace time:         0.8547
  psolve time:         0.6729
    dphi time:         0.0480
captured time:         7.7344

     iter/sec:         6.0574
//////////////////////////////////////////////
