 //////////////////////////////////////
 Initializating Rayleigh...

 -- Initalizing MPI...
 ---- Specified parameters:
 ---- NCPU  :   1024
 ---- NPROW :     16
 ---- NPCOL :     64
 -- MPI initialized.


 -- Initalizing Grid...
 ---- Specified parameters ----
 ---- N_R                 :     64
 ---- N_THETA             :    768
 ---- Ell_MAX             :    511
 ---- R_MIN               :  5.38462E-01
 ---- R_MAX               :  1.53846E+00
 ---- Chebyshev Domains   :      1

        Domain 1
          Grid points           :  64
          Dealiased Polynomials :  42
          Domain Lower Bound    :  5.38462E-01
          Domain Upper Bound    :  1.53846E+00

 -- Grid initialized.

 -- Initalizing Reference State...
 ---- Specified parameters:
 ---- Reference type           :  Boussinesq (Non-dimensional)
 ---- Rayleigh Number          :  1.00000E+05
 ---- Ekman Number             :  1.00000E-03
 ---- Prandtl Number           :  1.00000E+00
 ---- Magnetic Prandtl Number  :  5.00000E+00
 -- Reference State initialized.

 -- Initializing Fields...
 ---- Specified parameters:
 ---- Hydro Init Type    : Benchmark (Christensen et al. 2001)
 ---- Magnetic Init Type : Benchmark (Christensen et al. 2001)
 -- Fields initialized.

 Initialization Complete.
 //////////////////////////////////////

 Timestep has changed from  0.00000E+00 to  1.00000E-04.
 Iteration:  00000001   DeltaT:  1.000E-04   Iter/sec:  0.000E+00
 Timestep has changed from  1.00000E-04 to  8.93257E-06.
 Iteration:  00000002   DeltaT:  8.933E-06   Iter/sec:  8.637E-01
 Iteration:  00000003   DeltaT:  8.933E-06   Iter/sec:  6.093E+00
 Iteration:  00000004   DeltaT:  8.933E-06   Iter/sec:  5.718E+00
 Iteration:  00000005   DeltaT:  8.933E-06   Iter/sec:  6.312E+00
 Iteration:  00000006   DeltaT:  8.933E-06   Iter/sec:  6.428E+00
 Iteration:  00000007   DeltaT:  8.933E-06   Iter/sec:  6.323E+00
 Iteration:  00000008   DeltaT:  8.933E-06   Iter/sec:  5.632E+00
 Iteration:  00000009   DeltaT:  8.933E-06   Iter/sec:  6.424E+00
 Iteration:  00000010   DeltaT:  8.933E-06   Iter/sec:  6.471E+00
 Iteration:  00000011   DeltaT:  8.933E-06   Iter/sec:  6.448E+00
 Iteration:  00000012   DeltaT:  8.933E-06   Iter/sec:  5.725E+00
 Iteration:  00000013   DeltaT:  8.933E-06   Iter/sec:  6.360E+00
 Iteration:  00000014   DeltaT:  8.933E-06   Iter/sec:  6.401E+00
 Iteration:  00000015   DeltaT:  8.933E-06   Iter/sec:  6.326E+00
 Iteration:  00000016   DeltaT:  8.933E-06   Iter/sec:  5.989E+00
 Iteration:  00000017   DeltaT:  8.933E-06   Iter/sec:  6.389E+00
 Iteration:  00000018   DeltaT:  8.933E-06   Iter/sec:  6.498E+00
 Iteration:  00000019   DeltaT:  8.933E-06   Iter/sec:  6.627E+00
 Iteration:  00000020   DeltaT:  8.933E-06   Iter/sec:  5.938E+00
 Iteration:  00000021   DeltaT:  8.933E-06   Iter/sec:  6.501E+00
 Iteration:  00000022   DeltaT:  8.933E-06   Iter/sec:  6.531E+00
 Iteration:  00000023   DeltaT:  8.933E-06   Iter/sec:  6.426E+00
 Iteration:  00000024   DeltaT:  8.933E-06   Iter/sec:  5.011E+00
 Iteration:  00000025   DeltaT:  8.933E-06   Iter/sec:  6.591E+00
 Iteration:  00000026   DeltaT:  8.933E-06   Iter/sec:  6.475E+00
 Iteration:  00000027   DeltaT:  8.933E-06   Iter/sec:  6.481E+00
 Iteration:  00000028   DeltaT:  8.933E-06   Iter/sec:  5.387E+00
 Iteration:  00000029   DeltaT:  8.933E-06   Iter/sec:  6.668E+00
 Iteration:  00000030   DeltaT:  8.933E-06   Iter/sec:  6.412E+00
 Iteration:  00000031   DeltaT:  8.933E-06   Iter/sec:  6.193E+00
 Iteration:  00000032   DeltaT:  8.933E-06   Iter/sec:  5.394E+00
 Iteration:  00000033   DeltaT:  8.933E-06   Iter/sec:  6.713E+00
 Iteration:  00000034   DeltaT:  8.933E-06   Iter/sec:  6.494E+00
 Iteration:  00000035   DeltaT:  8.933E-06   Iter/sec:  6.110E+00
 Iteration:  00000036   DeltaT:  8.933E-06   Iter/sec:  6.205E+00
 Iteration:  00000037   DeltaT:  8.933E-06   Iter/sec:  6.477E+00
 Iteration:  00000038   DeltaT:  8.933E-06   Iter/sec:  6.408E+00
 Iteration:  00000039   DeltaT:  8.933E-06   Iter/sec:  6.476E+00
 Iteration:  00000040   DeltaT:  8.933E-06   Iter/sec:  4.858E+00
 Iteration:  00000041   DeltaT:  8.933E-06   Iter/sec:  5.640E+00
 Iteration:  00000042   DeltaT:  8.933E-06   Iter/sec:  6.365E+00
 Iteration:  00000043   DeltaT:  8.933E-06   Iter/sec:  6.318E+00
 Iteration:  00000044   DeltaT:  8.933E-06   Iter/sec:  5.398E+00
 Iteration:  00000045   DeltaT:  8.933E-06   Iter/sec:  6.488E+00
 Iteration:  00000046   DeltaT:  8.933E-06   Iter/sec:  6.238E+00
 Iteration:  00000047   DeltaT:  8.933E-06   Iter/sec:  6.573E+00
 Iteration:  00000048   DeltaT:  8.933E-06   Iter/sec:  5.470E+00
 Iteration:  00000049   DeltaT:  8.933E-06   Iter/sec:  6.602E+00
 Iteration:  00000050   DeltaT:  8.933E-06   Iter/sec:  6.630E+00


//////////////////////////////////////////////
   Measured Timings for Process 0  (seconds)

 Elapsed time:         9.6078
  Column time:         1.7854
     Row time:         3.0278
Legendre time:         1.0808
     FFT time:         0.4842
   Solve time:         0.1195
    rlma time:         0.1273
    rlmb time:         0.0561
  pspace time:         0.9259
  psolve time:         0.3999
    dphi time:         0.0692
captured time:         8.0762

     iter/sec:         5.2041
//////////////////////////////////////////////
