 //////////////////////////////////////
 Initializating Rayleigh...

 -- Initalizing MPI...
 ---- Specified parameters:
 ---- NCPU  :   1024
 ---- NPROW :     32
 ---- NPCOL :     32
 -- MPI initialized.


 -- Initalizing Grid...
 ---- Specified parameters ----
 ---- N_R                 :     64
 ---- N_THETA             :    384
 ---- Ell_MAX             :    255
 ---- R_MIN               :  5.38462E-01
 ---- R_MAX               :  1.53846E+00
 ---- Chebyshev Domains   :      1

        Domain 1
          Grid points           :  64
          Dealiased Polynomials :  42
          Domain Lower Bound    :  5.38462E-01
          Domain Upper Bound    :  1.53846E+00

 -- Grid initialized.

 -- Initalizing Reference State...
 ---- Specified parameters:
 ---- Reference type           :  Boussinesq (Non-dimensional)
 ---- Rayleigh Number          :  1.00000E+05
 ---- Ekman Number             :  1.00000E-03
 ---- Prandtl Number           :  1.00000E+00
 ---- Magnetic Prandtl Number  :  5.00000E+00
 -- Reference State initialized.

 -- Initializing Fields...
 ---- Specified parameters:
 ---- Hydro Init Type    : Benchmark (Christensen et al. 2001)
 ---- Magnetic Init Type : Benchmark (Christensen et al. 2001)
 -- Fields initialized.

 Initialization Complete.
 //////////////////////////////////////

 Timestep has changed from  0.00000E+00 to  1.00000E-04.
 Iteration:  00000001   DeltaT:  1.000E-04   Iter/sec:  0.000E+00
 Timestep has changed from  1.00000E-04 to  1.02211E-05.
 Iteration:  00000002   DeltaT:  1.022E-05   Iter/sec:  4.859E+00
 Iteration:  00000003   DeltaT:  1.022E-05   Iter/sec:  2.428E+01
 Iteration:  00000004   DeltaT:  1.022E-05   Iter/sec:  3.131E+01
 Iteration:  00000005   DeltaT:  1.022E-05   Iter/sec:  3.322E+01
 Iteration:  00000006   DeltaT:  1.022E-05   Iter/sec:  3.066E+01
 Iteration:  00000007   DeltaT:  1.022E-05   Iter/sec:  3.244E+01
 Iteration:  00000008   DeltaT:  1.022E-05   Iter/sec:  2.527E+01
 Iteration:  00000009   DeltaT:  1.022E-05   Iter/sec:  2.248E+01
 Iteration:  00000010   DeltaT:  1.022E-05   Iter/sec:  3.338E+01
 Iteration:  00000011   DeltaT:  1.022E-05   Iter/sec:  3.315E+01
 Iteration:  00000012   DeltaT:  1.022E-05   Iter/sec:  1.803E+01
 Iteration:  00000013   DeltaT:  1.022E-05   Iter/sec:  1.417E+01
 Iteration:  00000014   DeltaT:  1.022E-05   Iter/sec:  3.293E+01
 Iteration:  00000015   DeltaT:  1.022E-05   Iter/sec:  3.389E+01
 Iteration:  00000016   DeltaT:  1.022E-05   Iter/sec:  3.105E+01
 Iteration:  00000017   DeltaT:  1.022E-05   Iter/sec:  3.317E+01
 Iteration:  00000018   DeltaT:  1.022E-05   Iter/sec:  3.204E+01
 Iteration:  00000019   DeltaT:  1.022E-05   Iter/sec:  3.297E+01
 Iteration:  00000020   DeltaT:  1.022E-05   Iter/sec:  3.328E+01
 Iteration:  00000021   DeltaT:  1.022E-05   Iter/sec:  3.110E+01
 Iteration:  00000022   DeltaT:  1.022E-05   Iter/sec:  3.219E+01
 Iteration:  00000023   DeltaT:  1.022E-05   Iter/sec:  3.298E+01
 Iteration:  00000024   DeltaT:  1.022E-05   Iter/sec:  3.156E+01
 Iteration:  00000025   DeltaT:  1.022E-05   Iter/sec:  3.202E+01
 Iteration:  00000026   DeltaT:  1.022E-05   Iter/sec:  3.212E+01
 Iteration:  00000027   DeltaT:  1.022E-05   Iter/sec:  1.804E+01
 Iteration:  00000028   DeltaT:  1.022E-05   Iter/sec:  3.122E+01
 Iteration:  00000029   DeltaT:  1.022E-05   Iter/sec:  3.202E+01
 Iteration:  00000030   DeltaT:  1.022E-05   Iter/sec:  2.662E+01
 Iteration:  00000031   DeltaT:  1.022E-05   Iter/sec:  1.779E+01
 Iteration:  00000032   DeltaT:  1.022E-05   Iter/sec:  2.106E+01
 Iteration:  00000033   DeltaT:  1.022E-05   Iter/sec:  3.342E+01
 Iteration:  00000034   DeltaT:  1.022E-05   Iter/sec:  3.302E+01
 Iteration:  00000035   DeltaT:  1.022E-05   Iter/sec:  3.057E+01
 Iteration:  00000036   DeltaT:  1.022E-05   Iter/sec:  3.196E+01
 Iteration:  00000037   DeltaT:  1.022E-05   Iter/sec:  3.110E+01
 Iteration:  00000038   DeltaT:  1.022E-05   Iter/sec:  3.179E+01
 Iteration:  00000039   DeltaT:  1.022E-05   Iter/sec:  3.363E+01
 Iteration:  00000040   DeltaT:  1.022E-05   Iter/sec:  3.197E+01
 Iteration:  00000041   DeltaT:  1.022E-05   Iter/sec:  3.238E+01
 Iteration:  00000042   DeltaT:  1.022E-05   Iter/sec:  3.294E+01
 Iteration:  00000043   DeltaT:  1.022E-05   Iter/sec:  3.210E+01
 Iteration:  00000044   DeltaT:  1.022E-05   Iter/sec:  3.216E+01
 Iteration:  00000045   DeltaT:  1.022E-05   Iter/sec:  2.407E+01
 Iteration:  00000046   DeltaT:  1.022E-05   Iter/sec:  2.510E+01
 Iteration:  00000047   DeltaT:  1.022E-05   Iter/sec:  3.189E+01
 Iteration:  00000048   DeltaT:  1.022E-05   Iter/sec:  3.045E+01
 Iteration:  00000049   DeltaT:  1.022E-05   Iter/sec:  1.793E+01
 Iteration:  00000050   DeltaT:  1.022E-05   Iter/sec:  1.423E+01


//////////////////////////////////////////////
   Measured Timings for Process 0  (seconds)

 Elapsed time:         2.6040
  Column time:         0.6848
     Row time:         0.5587
Legendre time:         0.1527
     FFT time:         0.0991
   Solve time:         0.0641
    rlma time:         0.0263
    rlmb time:         0.0113
  pspace time:         0.0966
  psolve time:         0.0998
    dphi time:         0.0090
captured time:         1.8024

     iter/sec:        19.2012
//////////////////////////////////////////////
