 //////////////////////////////////////
 Initializating Rayleigh...

 -- Initalizing MPI...
 ---- Specified parameters:
 ---- NCPU  :    128
 ---- NPROW :      8
 ---- NPCOL :     16
 -- MPI initialized.


 -- Initalizing Grid...
 ---- Specified parameters ----
 ---- N_R                 :     64
 ---- N_THETA             :    768
 ---- Ell_MAX             :    511
 ---- R_MIN               :  5.38462E-01
 ---- R_MAX               :  1.53846E+00
 ---- Chebyshev Domains   :      1

        Domain 1
          Grid points           :  64
          Dealiased Polynomials :  42
          Domain Lower Bound    :  5.38462E-01
          Domain Upper Bound    :  1.53846E+00

 -- Grid initialized.

 -- Initalizing Reference State...
 ---- Specified parameters:
 ---- Reference type           :  Boussinesq (Non-dimensional)
 ---- Rayleigh Number          :  1.00000E+05
 ---- Ekman Number             :  1.00000E-03
 ---- Prandtl Number           :  1.00000E+00
 ---- Magnetic Prandtl Number  :  5.00000E+00
 -- Reference State initialized.

 -- Initializing Fields...
 ---- Specified parameters:
 ---- Hydro Init Type    : Benchmark (Christensen et al. 2001)
 ---- Magnetic Init Type : Benchmark (Christensen et al. 2001)
 -- Fields initialized.

 Initialization Complete.
 //////////////////////////////////////

 Timestep has changed from  0.00000E+00 to  1.00000E-04.
 Iteration:  00000001   DeltaT:  1.000E-04   Iter/sec:  0.000E+00
 Timestep has changed from  1.00000E-04 to  8.93257E-06.
 Iteration:  00000002   DeltaT:  8.933E-06   Iter/sec:  3.406E-01
 Iteration:  00000003   DeltaT:  8.933E-06   Iter/sec:  8.236E-01
 Iteration:  00000004   DeltaT:  8.933E-06   Iter/sec:  8.924E-01
 Iteration:  00000005   DeltaT:  8.933E-06   Iter/sec:  8.662E-01
 Iteration:  00000006   DeltaT:  8.933E-06   Iter/sec:  8.698E-01
 Iteration:  00000007   DeltaT:  8.933E-06   Iter/sec:  8.602E-01
 Iteration:  00000008   DeltaT:  8.933E-06   Iter/sec:  8.777E-01
 Iteration:  00000009   DeltaT:  8.933E-06   Iter/sec:  8.700E-01
 Iteration:  00000010   DeltaT:  8.933E-06   Iter/sec:  8.689E-01
 Iteration:  00000011   DeltaT:  8.933E-06   Iter/sec:  8.591E-01
 Iteration:  00000012   DeltaT:  8.933E-06   Iter/sec:  8.777E-01
 Iteration:  00000013   DeltaT:  8.933E-06   Iter/sec:  8.708E-01
 Iteration:  00000014   DeltaT:  8.933E-06   Iter/sec:  8.624E-01
 Iteration:  00000015   DeltaT:  8.933E-06   Iter/sec:  8.698E-01
 Iteration:  00000016   DeltaT:  8.933E-06   Iter/sec:  8.693E-01
 Iteration:  00000017   DeltaT:  8.933E-06   Iter/sec:  8.692E-01
 Iteration:  00000018   DeltaT:  8.933E-06   Iter/sec:  8.796E-01
 Iteration:  00000019   DeltaT:  8.933E-06   Iter/sec:  8.579E-01
 Iteration:  00000020   DeltaT:  8.933E-06   Iter/sec:  8.711E-01
 Iteration:  00000021   DeltaT:  8.933E-06   Iter/sec:  8.615E-01
 Iteration:  00000022   DeltaT:  8.933E-06   Iter/sec:  8.787E-01
 Iteration:  00000023   DeltaT:  8.933E-06   Iter/sec:  8.640E-01
 Iteration:  00000024   DeltaT:  8.933E-06   Iter/sec:  8.735E-01
 Iteration:  00000025   DeltaT:  8.933E-06   Iter/sec:  8.578E-01
 Iteration:  00000026   DeltaT:  8.933E-06   Iter/sec:  8.734E-01
 Iteration:  00000027   DeltaT:  8.933E-06   Iter/sec:  8.656E-01
 Iteration:  00000028   DeltaT:  8.933E-06   Iter/sec:  8.667E-01
 Iteration:  00000029   DeltaT:  8.933E-06   Iter/sec:  8.632E-01
 Iteration:  00000030   DeltaT:  8.933E-06   Iter/sec:  8.790E-01
 Iteration:  00000031   DeltaT:  8.933E-06   Iter/sec:  8.697E-01
 Iteration:  00000032   DeltaT:  8.933E-06   Iter/sec:  8.664E-01
 Iteration:  00000033   DeltaT:  8.933E-06   Iter/sec:  8.621E-01
 Iteration:  00000034   DeltaT:  8.933E-06   Iter/sec:  8.679E-01
 Iteration:  00000035   DeltaT:  8.933E-06   Iter/sec:  8.709E-01
 Iteration:  00000036   DeltaT:  8.933E-06   Iter/sec:  8.709E-01
 Iteration:  00000037   DeltaT:  8.933E-06   Iter/sec:  8.607E-01
 Iteration:  00000038   DeltaT:  8.933E-06   Iter/sec:  8.739E-01
 Iteration:  00000039   DeltaT:  8.933E-06   Iter/sec:  8.565E-01
 Iteration:  00000040   DeltaT:  8.933E-06   Iter/sec:  8.736E-01
 Iteration:  00000041   DeltaT:  8.933E-06   Iter/sec:  8.673E-01
 Iteration:  00000042   DeltaT:  8.933E-06   Iter/sec:  8.726E-01
 Iteration:  00000043   DeltaT:  8.933E-06   Iter/sec:  8.474E-01
 Iteration:  00000044   DeltaT:  8.933E-06   Iter/sec:  8.806E-01
 Iteration:  00000045   DeltaT:  8.933E-06   Iter/sec:  8.652E-01
 Iteration:  00000046   DeltaT:  8.933E-06   Iter/sec:  8.666E-01
 Iteration:  00000047   DeltaT:  8.933E-06   Iter/sec:  8.633E-01
 Iteration:  00000048   DeltaT:  8.933E-06   Iter/sec:  8.807E-01
 Iteration:  00000049   DeltaT:  8.933E-06   Iter/sec:  8.610E-01
 Iteration:  00000050   DeltaT:  8.933E-06   Iter/sec:  8.821E-01


//////////////////////////////////////////////
   Measured Timings for Process 0  (seconds)

 Elapsed time:        58.7456
  Column time:         9.7437
     Row time:        18.0851
Legendre time:         8.6151
     FFT time:         3.8279
   Solve time:         0.6452
    rlma time:         0.8816
    rlmb time:         0.4722
  pspace time:         8.4842
  psolve time:         5.9522
    dphi time:         0.3502
captured time:        57.0573

     iter/sec:         0.8511
//////////////////////////////////////////////
