 //////////////////////////////////////
 Initializating Rayleigh...

 -- Initalizing MPI...
 ---- Specified parameters:
 ---- NCPU  :    256
 ---- NPROW :      8
 ---- NPCOL :     32
 -- MPI initialized.


 -- Initalizing Grid...
 ---- Specified parameters ----
 ---- N_R                 :    128
 ---- N_THETA             :    384
 ---- Ell_MAX             :    255
 ---- R_MIN               :  5.38462E-01
 ---- R_MAX               :  1.53846E+00
 ---- Chebyshev Domains   :      1

        Domain 1
          Grid points           :  128
          Dealiased Polynomials :  85
          Domain Lower Bound    :  5.38462E-01
          Domain Upper Bound    :  1.53846E+00

 -- Grid initialized.

 -- Initalizing Reference State...
 ---- Specified parameters:
 ---- Reference type           :  Boussinesq (Non-dimensional)
 ---- Rayleigh Number          :  1.00000E+05
 ---- Ekman Number             :  1.00000E-03
 ---- Prandtl Number           :  1.00000E+00
 ---- Magnetic Prandtl Number  :  5.00000E+00
 -- Reference State initialized.

 -- Initializing Fields...
 ---- Specified parameters:
 ---- Hydro Init Type    : Benchmark (Christensen et al. 2001)
 ---- Magnetic Init Type : Benchmark (Christensen et al. 2001)
 -- Fields initialized.

 Initialization Complete.
 //////////////////////////////////////

 Timestep has changed from  0.00000E+00 to  1.00000E-04.
 Iteration:  00000001   DeltaT:  1.000E-04   Iter/sec:  0.000E+00
 Timestep has changed from  1.00000E-04 to  2.55566E-06.
 Iteration:  00000002   DeltaT:  2.556E-06   Iter/sec:  1.604E+00
 Iteration:  00000003   DeltaT:  2.556E-06   Iter/sec:  2.978E+00
 Iteration:  00000004   DeltaT:  2.556E-06   Iter/sec:  3.586E+00
 Iteration:  00000005   DeltaT:  2.556E-06   Iter/sec:  3.554E+00
 Iteration:  00000006   DeltaT:  2.556E-06   Iter/sec:  3.516E+00
 Iteration:  00000007   DeltaT:  2.556E-06   Iter/sec:  3.486E+00
 Iteration:  00000008   DeltaT:  2.556E-06   Iter/sec:  3.562E+00
 Iteration:  00000009   DeltaT:  2.556E-06   Iter/sec:  3.468E+00
 Iteration:  00000010   DeltaT:  2.556E-06   Iter/sec:  3.532E+00
 Iteration:  00000011   DeltaT:  2.556E-06   Iter/sec:  3.476E+00
 Iteration:  00000012   DeltaT:  2.556E-06   Iter/sec:  3.504E+00
 Iteration:  00000013   DeltaT:  2.556E-06   Iter/sec:  3.527E+00
 Iteration:  00000014   DeltaT:  2.556E-06   Iter/sec:  3.517E+00
 Iteration:  00000015   DeltaT:  2.556E-06   Iter/sec:  3.503E+00
 Iteration:  00000016   DeltaT:  2.556E-06   Iter/sec:  3.543E+00
 Iteration:  00000017   DeltaT:  2.556E-06   Iter/sec:  3.512E+00
 Iteration:  00000018   DeltaT:  2.556E-06   Iter/sec:  3.537E+00
 Iteration:  00000019   DeltaT:  2.556E-06   Iter/sec:  3.519E+00
 Iteration:  00000020   DeltaT:  2.556E-06   Iter/sec:  3.557E+00
 Iteration:  00000021   DeltaT:  2.556E-06   Iter/sec:  3.543E+00
 Iteration:  00000022   DeltaT:  2.556E-06   Iter/sec:  3.562E+00
 Iteration:  00000023   DeltaT:  2.556E-06   Iter/sec:  3.563E+00
 Iteration:  00000024   DeltaT:  2.556E-06   Iter/sec:  3.494E+00
 Iteration:  00000025   DeltaT:  2.556E-06   Iter/sec:  3.479E+00
 Iteration:  00000026   DeltaT:  2.556E-06   Iter/sec:  3.497E+00
 Iteration:  00000027   DeltaT:  2.556E-06   Iter/sec:  3.387E+00
 Iteration:  00000028   DeltaT:  2.556E-06   Iter/sec:  3.507E+00
 Iteration:  00000029   DeltaT:  2.556E-06   Iter/sec:  3.522E+00
 Iteration:  00000030   DeltaT:  2.556E-06   Iter/sec:  3.534E+00
 Iteration:  00000031   DeltaT:  2.556E-06   Iter/sec:  3.525E+00
 Iteration:  00000032   DeltaT:  2.556E-06   Iter/sec:  3.562E+00
 Iteration:  00000033   DeltaT:  2.556E-06   Iter/sec:  3.562E+00
 Iteration:  00000034   DeltaT:  2.556E-06   Iter/sec:  3.588E+00
 Iteration:  00000035   DeltaT:  2.556E-06   Iter/sec:  3.464E+00
 Iteration:  00000036   DeltaT:  2.556E-06   Iter/sec:  3.524E+00
 Iteration:  00000037   DeltaT:  2.556E-06   Iter/sec:  3.554E+00
 Iteration:  00000038   DeltaT:  2.556E-06   Iter/sec:  3.587E+00
 Iteration:  00000039   DeltaT:  2.556E-06   Iter/sec:  3.432E+00
 Iteration:  00000040   DeltaT:  2.556E-06   Iter/sec:  3.514E+00
 Iteration:  00000041   DeltaT:  2.556E-06   Iter/sec:  3.451E+00
 Iteration:  00000042   DeltaT:  2.556E-06   Iter/sec:  3.558E+00
 Iteration:  00000043   DeltaT:  2.556E-06   Iter/sec:  3.564E+00
 Iteration:  00000044   DeltaT:  2.556E-06   Iter/sec:  3.578E+00
 Iteration:  00000045   DeltaT:  2.556E-06   Iter/sec:  3.539E+00
 Iteration:  00000046   DeltaT:  2.556E-06   Iter/sec:  3.611E+00
 Iteration:  00000047   DeltaT:  2.556E-06   Iter/sec:  3.531E+00
 Iteration:  00000048   DeltaT:  2.556E-06   Iter/sec:  3.554E+00
 Iteration:  00000049   DeltaT:  2.556E-06   Iter/sec:  3.551E+00
 Iteration:  00000050   DeltaT:  2.556E-06   Iter/sec:  3.553E+00


//////////////////////////////////////////////
   Measured Timings for Process 0  (seconds)

 Elapsed time:        14.7427
  Column time:         2.8712
     Row time:         4.3510
Legendre time:         1.5917
     FFT time:         0.9591
   Solve time:         0.4537
    rlma time:         0.2022
    rlmb time:         0.1087
  pspace time:         1.9658
  psolve time:         1.5461
    dphi time:         0.0933
captured time:        14.1428

     iter/sec:         3.3915
//////////////////////////////////////////////
