 //////////////////////////////////////
 Initializating Rayleigh...

 -- Initalizing MPI...
 ---- Specified parameters:
 ---- NCPU  :    256
 ---- NPROW :     16
 ---- NPCOL :     16
 -- MPI initialized.


 -- Initalizing Grid...
 ---- Specified parameters ----
 ---- N_R                 :     64
 ---- N_THETA             :   1536
 ---- Ell_MAX             :   1023
 ---- R_MIN               :  5.38462E-01
 ---- R_MAX               :  1.53846E+00
 ---- Chebyshev Domains   :      1

        Domain 1
          Grid points           :  64
          Dealiased Polynomials :  42
          Domain Lower Bound    :  5.38462E-01
          Domain Upper Bound    :  1.53846E+00

 -- Grid initialized.

 -- Initalizing Reference State...
 ---- Specified parameters:
 ---- Reference type           :  Boussinesq (Non-dimensional)
 ---- Rayleigh Number          :  1.00000E+05
 ---- Ekman Number             :  1.00000E-03
 ---- Prandtl Number           :  1.00000E+00
 ---- Magnetic Prandtl Number  :  5.00000E+00
 -- Reference State initialized.

 -- Initializing Fields...
 ---- Specified parameters:
 ---- Hydro Init Type    : Benchmark (Christensen et al. 2001)
 ---- Magnetic Init Type : Benchmark (Christensen et al. 2001)
 -- Fields initialized.

 Initialization Complete.
 //////////////////////////////////////

 Timestep has changed from  0.00000E+00 to  1.00000E-04.
 Iteration:  00000001   DeltaT:  1.000E-04   Iter/sec:  0.000E+00
 Timestep has changed from  1.00000E-04 to  4.46409E-06.
 Iteration:  00000002   DeltaT:  4.464E-06   Iter/sec:  1.025E-01
 Iteration:  00000003   DeltaT:  4.464E-06   Iter/sec:  3.704E-01
 Iteration:  00000004   DeltaT:  4.464E-06   Iter/sec:  3.667E-01
 Iteration:  00000005   DeltaT:  4.464E-06   Iter/sec:  3.806E-01
 Iteration:  00000006   DeltaT:  4.464E-06   Iter/sec:  3.742E-01
 Iteration:  00000007   DeltaT:  4.464E-06   Iter/sec:  3.690E-01
 Iteration:  00000008   DeltaT:  4.464E-06   Iter/sec:  3.806E-01
 Iteration:  00000009   DeltaT:  4.464E-06   Iter/sec:  3.653E-01
 Iteration:  00000010   DeltaT:  4.464E-06   Iter/sec:  3.738E-01
 Iteration:  00000011   DeltaT:  4.464E-06   Iter/sec:  3.693E-01
 Iteration:  00000012   DeltaT:  4.464E-06   Iter/sec:  3.775E-01
 Iteration:  00000013   DeltaT:  4.464E-06   Iter/sec:  3.724E-01
 Iteration:  00000014   DeltaT:  4.464E-06   Iter/sec:  3.776E-01
 Iteration:  00000015   DeltaT:  4.464E-06   Iter/sec:  3.652E-01
 Iteration:  00000016   DeltaT:  4.464E-06   Iter/sec:  3.701E-01
 Iteration:  00000017   DeltaT:  4.464E-06   Iter/sec:  3.716E-01
 Iteration:  00000018   DeltaT:  4.464E-06   Iter/sec:  3.765E-01
 Iteration:  00000019   DeltaT:  4.464E-06   Iter/sec:  3.678E-01
 Iteration:  00000020   DeltaT:  4.464E-06   Iter/sec:  3.806E-01
 Iteration:  00000021   DeltaT:  4.464E-06   Iter/sec:  3.589E-01
 Iteration:  00000022   DeltaT:  4.464E-06   Iter/sec:  3.736E-01
 Iteration:  00000023   DeltaT:  4.464E-06   Iter/sec:  3.688E-01
 Iteration:  00000024   DeltaT:  4.464E-06   Iter/sec:  3.751E-01
 Iteration:  00000025   DeltaT:  4.464E-06   Iter/sec:  3.724E-01
 Iteration:  00000026   DeltaT:  4.464E-06   Iter/sec:  3.750E-01
 Iteration:  00000027   DeltaT:  4.464E-06   Iter/sec:  3.664E-01
 Iteration:  00000028   DeltaT:  4.464E-06   Iter/sec:  3.770E-01
 Iteration:  00000029   DeltaT:  4.464E-06   Iter/sec:  3.683E-01
 Iteration:  00000030   DeltaT:  4.464E-06   Iter/sec:  3.750E-01
 Iteration:  00000031   DeltaT:  4.464E-06   Iter/sec:  3.701E-01
 Iteration:  00000032   DeltaT:  4.464E-06   Iter/sec:  3.695E-01
 Iteration:  00000033   DeltaT:  4.464E-06   Iter/sec:  3.698E-01
 Iteration:  00000034   DeltaT:  4.464E-06   Iter/sec:  3.737E-01
 Iteration:  00000035   DeltaT:  4.464E-06   Iter/sec:  3.692E-01
 Iteration:  00000036   DeltaT:  4.464E-06   Iter/sec:  3.868E-01
 Iteration:  00000037   DeltaT:  4.464E-06   Iter/sec:  3.634E-01
 Iteration:  00000038   DeltaT:  4.464E-06   Iter/sec:  3.743E-01
 Iteration:  00000039   DeltaT:  4.464E-06   Iter/sec:  3.587E-01
 Iteration:  00000040   DeltaT:  4.464E-06   Iter/sec:  3.788E-01
 Iteration:  00000041   DeltaT:  4.464E-06   Iter/sec:  3.644E-01
 Iteration:  00000042   DeltaT:  4.464E-06   Iter/sec:  3.750E-01
 Iteration:  00000043   DeltaT:  4.464E-06   Iter/sec:  3.746E-01
 Iteration:  00000044   DeltaT:  4.464E-06   Iter/sec:  3.735E-01
 Iteration:  00000045   DeltaT:  4.464E-06   Iter/sec:  3.743E-01
 Iteration:  00000046   DeltaT:  4.464E-06   Iter/sec:  3.697E-01
 Iteration:  00000047   DeltaT:  4.464E-06   Iter/sec:  3.686E-01
 Iteration:  00000048   DeltaT:  4.464E-06   Iter/sec:  3.785E-01
 Iteration:  00000049   DeltaT:  4.464E-06   Iter/sec:  3.657E-01
 Iteration:  00000050   DeltaT:  4.464E-06   Iter/sec:  3.747E-01


//////////////////////////////////////////////
   Measured Timings for Process 0  (seconds)

 Elapsed time:       143.2992
  Column time:        24.5374
     Row time:        39.0521
Legendre time:        25.3218
     FFT time:         8.3786
   Solve time:         1.3143
    rlma time:         2.0932
    rlmb time:         1.1243
  pspace time:        17.7429
  psolve time:        12.3000
    dphi time:         1.0863
captured time:       132.9509

     iter/sec:         0.3489
//////////////////////////////////////////////
