 //////////////////////////////////////
 Initializating Rayleigh...

 -- Initalizing MPI...
 ---- Specified parameters:
 ---- NCPU  :   2048
 ---- NPROW :     64
 ---- NPCOL :     32
 -- MPI initialized.


 -- Initalizing Grid...
 ---- Specified parameters ----
 ---- N_R                 :     64
 ---- N_THETA             :    384
 ---- Ell_MAX             :    255
 ---- R_MIN               :  5.38462E-01
 ---- R_MAX               :  1.53846E+00
 ---- Chebyshev Domains   :      1

        Domain 1
          Grid points           :  64
          Dealiased Polynomials :  42
          Domain Lower Bound    :  5.38462E-01
          Domain Upper Bound    :  1.53846E+00

 -- Grid initialized.

 -- Initalizing Reference State...
 ---- Specified parameters:
 ---- Reference type           :  Boussinesq (Non-dimensional)
 ---- Rayleigh Number          :  1.00000E+05
 ---- Ekman Number             :  1.00000E-03
 ---- Prandtl Number           :  1.00000E+00
 ---- Magnetic Prandtl Number  :  5.00000E+00
 -- Reference State initialized.

 -- Initializing Fields...
 ---- Specified parameters:
 ---- Hydro Init Type    : Benchmark (Christensen et al. 2001)
 ---- Magnetic Init Type : Benchmark (Christensen et al. 2001)
 -- Fields initialized.

 Initialization Complete.
 //////////////////////////////////////

 Timestep has changed from  0.00000E+00 to  1.00000E-04.
 Iteration:  00000001   DeltaT:  1.000E-04   Iter/sec:  0.000E+00
 Timestep has changed from  1.00000E-04 to  1.02211E-05.
 Iteration:  00000002   DeltaT:  1.022E-05   Iter/sec:  3.078E+00
 Iteration:  00000003   DeltaT:  1.022E-05   Iter/sec:  3.922E+01
 Iteration:  00000004   DeltaT:  1.022E-05   Iter/sec:  5.767E+01
 Iteration:  00000005   DeltaT:  1.022E-05   Iter/sec:  5.346E+01
 Iteration:  00000006   DeltaT:  1.022E-05   Iter/sec:  3.321E+01
 Iteration:  00000007   DeltaT:  1.022E-05   Iter/sec:  1.238E+01
 Iteration:  00000008   DeltaT:  1.022E-05   Iter/sec:  2.525E+01
 Iteration:  00000009   DeltaT:  1.022E-05   Iter/sec:  5.974E+01
 Iteration:  00000010   DeltaT:  1.022E-05   Iter/sec:  5.964E+01
 Iteration:  00000011   DeltaT:  1.022E-05   Iter/sec:  5.708E+01
 Iteration:  00000012   DeltaT:  1.022E-05   Iter/sec:  6.148E+01
 Iteration:  00000013   DeltaT:  1.022E-05   Iter/sec:  5.632E+01
 Iteration:  00000014   DeltaT:  1.022E-05   Iter/sec:  5.878E+01
 Iteration:  00000015   DeltaT:  1.022E-05   Iter/sec:  5.790E+01
 Iteration:  00000016   DeltaT:  1.022E-05   Iter/sec:  5.603E+01
 Iteration:  00000017   DeltaT:  1.022E-05   Iter/sec:  5.810E+01
 Iteration:  00000018   DeltaT:  1.022E-05   Iter/sec:  5.646E+01
 Iteration:  00000019   DeltaT:  1.022E-05   Iter/sec:  5.263E+01
 Iteration:  00000020   DeltaT:  1.022E-05   Iter/sec:  5.733E+01
 Iteration:  00000021   DeltaT:  1.022E-05   Iter/sec:  5.763E+01
 Iteration:  00000022   DeltaT:  1.022E-05   Iter/sec:  6.075E+01
 Iteration:  00000023   DeltaT:  1.022E-05   Iter/sec:  5.542E+01
 Iteration:  00000024   DeltaT:  1.022E-05   Iter/sec:  5.397E+01
 Iteration:  00000025   DeltaT:  1.022E-05   Iter/sec:  5.890E+01
 Iteration:  00000026   DeltaT:  1.022E-05   Iter/sec:  6.051E+01
 Iteration:  00000027   DeltaT:  1.022E-05   Iter/sec:  6.246E+01
 Iteration:  00000028   DeltaT:  1.022E-05   Iter/sec:  5.799E+01
 Iteration:  00000029   DeltaT:  1.022E-05   Iter/sec:  5.729E+01
 Iteration:  00000030   DeltaT:  1.022E-05   Iter/sec:  5.082E+01
 Iteration:  00000031   DeltaT:  1.022E-05   Iter/sec:  1.692E+01
 Iteration:  00000032   DeltaT:  1.022E-05   Iter/sec:  5.148E+01
 Iteration:  00000033   DeltaT:  1.022E-05   Iter/sec:  6.160E+01
 Iteration:  00000034   DeltaT:  1.022E-05   Iter/sec:  5.838E+01
 Iteration:  00000035   DeltaT:  1.022E-05   Iter/sec:  6.156E+01
 Iteration:  00000036   DeltaT:  1.022E-05   Iter/sec:  1.056E+01
 Iteration:  00000037   DeltaT:  1.022E-05   Iter/sec:  2.642E+01
 Iteration:  00000038   DeltaT:  1.022E-05   Iter/sec:  6.107E+01
 Iteration:  00000039   DeltaT:  1.022E-05   Iter/sec:  5.494E+01
 Iteration:  00000040   DeltaT:  1.022E-05   Iter/sec:  5.956E+01
 Iteration:  00000041   DeltaT:  1.022E-05   Iter/sec:  5.098E+01
 Iteration:  00000042   DeltaT:  1.022E-05   Iter/sec:  6.289E+01
 Iteration:  00000043   DeltaT:  1.022E-05   Iter/sec:  5.608E+01
 Iteration:  00000044   DeltaT:  1.022E-05   Iter/sec:  5.389E+01
 Iteration:  00000045   DeltaT:  1.022E-05   Iter/sec:  5.664E+01
 Iteration:  00000046   DeltaT:  1.022E-05   Iter/sec:  5.781E+01
 Iteration:  00000047   DeltaT:  1.022E-05   Iter/sec:  5.710E+01
 Iteration:  00000048   DeltaT:  1.022E-05   Iter/sec:  5.420E+01
 Iteration:  00000049   DeltaT:  1.022E-05   Iter/sec:  5.869E+01
 Iteration:  00000050   DeltaT:  1.022E-05   Iter/sec:  6.204E+01


//////////////////////////////////////////////
   Measured Timings for Process 0  (seconds)

 Elapsed time:         1.9124
  Column time:         0.4574
     Row time:         0.5315
Legendre time:         0.0777
     FFT time:         0.0397
   Solve time:         0.0594
    rlma time:         0.0137
    rlmb time:         0.0058
  pspace time:         0.0217
  psolve time:         0.0596
    dphi time:         0.0030
captured time:         1.2694

     iter/sec:        26.1454
//////////////////////////////////////////////
