 //////////////////////////////////////
 Initializating Rayleigh...

 -- Initalizing MPI...
 ---- Specified parameters:
 ---- NCPU  :   1024
 ---- NPROW :     32
 ---- NPCOL :     32
 -- MPI initialized.


 -- Initalizing Grid...
 ---- Specified parameters ----
 ---- N_R                 :    128
 ---- N_THETA             :    384
 ---- Ell_MAX             :    255
 ---- R_MIN               :  5.38462E-01
 ---- R_MAX               :  1.53846E+00
 ---- Chebyshev Domains   :      1

        Domain 1
          Grid points           :  128
          Dealiased Polynomials :  85
          Domain Lower Bound    :  5.38462E-01
          Domain Upper Bound    :  1.53846E+00

 -- Grid initialized.

 -- Initalizing Reference State...
 ---- Specified parameters:
 ---- Reference type           :  Boussinesq (Non-dimensional)
 ---- Rayleigh Number          :  1.00000E+05
 ---- Ekman Number             :  1.00000E-03
 ---- Prandtl Number           :  1.00000E+00
 ---- Magnetic Prandtl Number  :  5.00000E+00
 -- Reference State initialized.

 -- Initializing Fields...
 ---- Specified parameters:
 ---- Hydro Init Type    : Benchmark (Christensen et al. 2001)
 ---- Magnetic Init Type : Benchmark (Christensen et al. 2001)
 -- Fields initialized.

 Initialization Complete.
 //////////////////////////////////////

 Timestep has changed from  0.00000E+00 to  1.00000E-04.
 Iteration:  00000001   DeltaT:  1.000E-04   Iter/sec:  0.000E+00
 Timestep has changed from  1.00000E-04 to  2.55566E-06.
 Iteration:  00000002   DeltaT:  2.556E-06   Iter/sec:  3.557E+00
 Iteration:  00000003   DeltaT:  2.556E-06   Iter/sec:  7.512E+00
 Iteration:  00000004   DeltaT:  2.556E-06   Iter/sec:  1.302E+01
 Iteration:  00000005   DeltaT:  2.556E-06   Iter/sec:  9.676E+00
 Iteration:  00000006   DeltaT:  2.556E-06   Iter/sec:  1.162E+01
 Iteration:  00000007   DeltaT:  2.556E-06   Iter/sec:  1.297E+01
 Iteration:  00000008   DeltaT:  2.556E-06   Iter/sec:  1.355E+01
 Iteration:  00000009   DeltaT:  2.556E-06   Iter/sec:  1.416E+01
 Iteration:  00000010   DeltaT:  2.556E-06   Iter/sec:  1.328E+01
 Iteration:  00000011   DeltaT:  2.556E-06   Iter/sec:  1.163E+01
 Iteration:  00000012   DeltaT:  2.556E-06   Iter/sec:  1.216E+01
 Iteration:  00000013   DeltaT:  2.556E-06   Iter/sec:  1.037E+01
 Iteration:  00000014   DeltaT:  2.556E-06   Iter/sec:  1.111E+01
 Iteration:  00000015   DeltaT:  2.556E-06   Iter/sec:  1.368E+01
 Iteration:  00000016   DeltaT:  2.556E-06   Iter/sec:  1.392E+01
 Iteration:  00000017   DeltaT:  2.556E-06   Iter/sec:  1.349E+01
 Iteration:  00000018   DeltaT:  2.556E-06   Iter/sec:  1.347E+01
 Iteration:  00000019   DeltaT:  2.556E-06   Iter/sec:  1.142E+01
 Iteration:  00000020   DeltaT:  2.556E-06   Iter/sec:  1.301E+01
 Iteration:  00000021   DeltaT:  2.556E-06   Iter/sec:  1.050E+01
 Iteration:  00000022   DeltaT:  2.556E-06   Iter/sec:  1.117E+01
 Iteration:  00000023   DeltaT:  2.556E-06   Iter/sec:  1.375E+01
 Iteration:  00000024   DeltaT:  2.556E-06   Iter/sec:  1.322E+01
 Iteration:  00000025   DeltaT:  2.556E-06   Iter/sec:  1.394E+01
 Iteration:  00000026   DeltaT:  2.556E-06   Iter/sec:  1.382E+01
 Iteration:  00000027   DeltaT:  2.556E-06   Iter/sec:  1.133E+01
 Iteration:  00000028   DeltaT:  2.556E-06   Iter/sec:  1.332E+01
 Iteration:  00000029   DeltaT:  2.556E-06   Iter/sec:  1.078E+01
 Iteration:  00000030   DeltaT:  2.556E-06   Iter/sec:  1.046E+01
 Iteration:  00000031   DeltaT:  2.556E-06   Iter/sec:  1.342E+01
 Iteration:  00000032   DeltaT:  2.556E-06   Iter/sec:  1.322E+01
 Iteration:  00000033   DeltaT:  2.556E-06   Iter/sec:  1.434E+01
 Iteration:  00000034   DeltaT:  2.556E-06   Iter/sec:  1.353E+01
 Iteration:  00000035   DeltaT:  2.556E-06   Iter/sec:  1.189E+01
 Iteration:  00000036   DeltaT:  2.556E-06   Iter/sec:  1.329E+01
 Iteration:  00000037   DeltaT:  2.556E-06   Iter/sec:  9.330E+00
 Iteration:  00000038   DeltaT:  2.556E-06   Iter/sec:  1.134E+01
 Iteration:  00000039   DeltaT:  2.556E-06   Iter/sec:  1.343E+01
 Iteration:  00000040   DeltaT:  2.556E-06   Iter/sec:  1.381E+01
 Iteration:  00000041   DeltaT:  2.556E-06   Iter/sec:  1.387E+01
 Iteration:  00000042   DeltaT:  2.556E-06   Iter/sec:  1.390E+01
 Iteration:  00000043   DeltaT:  2.556E-06   Iter/sec:  1.067E+01
 Iteration:  00000044   DeltaT:  2.556E-06   Iter/sec:  1.172E+01
 Iteration:  00000045   DeltaT:  2.556E-06   Iter/sec:  1.041E+01
 Iteration:  00000046   DeltaT:  2.556E-06   Iter/sec:  1.111E+01
 Iteration:  00000047   DeltaT:  2.556E-06   Iter/sec:  1.386E+01
 Iteration:  00000048   DeltaT:  2.556E-06   Iter/sec:  1.331E+01
 Iteration:  00000049   DeltaT:  2.556E-06   Iter/sec:  1.402E+01
 Iteration:  00000050   DeltaT:  2.556E-06   Iter/sec:  1.351E+01


//////////////////////////////////////////////
   Measured Timings for Process 0  (seconds)

 Elapsed time:         4.7217
  Column time:         1.6037
     Row time:         1.0401
Legendre time:         0.3126
     FFT time:         0.2451
   Solve time:         0.2294
    rlma time:         0.0447
    rlmb time:         0.0181
  pspace time:         0.3039
  psolve time:         0.2998
    dphi time:         0.0218
captured time:         4.1192

     iter/sec:        10.5894
//////////////////////////////////////////////
