 //////////////////////////////////////
 Initializating Rayleigh...

 -- Initalizing MPI...
 ---- Specified parameters:
 ---- NCPU  :    256
 ---- NPROW :     16
 ---- NPCOL :     16
 -- MPI initialized.


 -- Initalizing Grid...
 ---- Specified parameters ----
 ---- N_R                 :    128
 ---- N_THETA             :    384
 ---- Ell_MAX             :    255
 ---- R_MIN               :  5.38462E-01
 ---- R_MAX               :  1.53846E+00
 ---- Chebyshev Domains   :      1

        Domain 1
          Grid points           :  128
          Dealiased Polynomials :  85
          Domain Lower Bound    :  5.38462E-01
          Domain Upper Bound    :  1.53846E+00

 -- Grid initialized.

 -- Initalizing Reference State...
 ---- Specified parameters:
 ---- Reference type           :  Boussinesq (Non-dimensional)
 ---- Rayleigh Number          :  1.00000E+05
 ---- Ekman Number             :  1.00000E-03
 ---- Prandtl Number           :  1.00000E+00
 ---- Magnetic Prandtl Number  :  5.00000E+00
 -- Reference State initialized.

 -- Initializing Fields...
 ---- Specified parameters:
 ---- Hydro Init Type    : Benchmark (Christensen et al. 2001)
 ---- Magnetic Init Type : Benchmark (Christensen et al. 2001)
 -- Fields initialized.

 Initialization Complete.
 //////////////////////////////////////

 Timestep has changed from  0.00000E+00 to  1.00000E-04.
 Iteration:  00000001   DeltaT:  1.000E-04   Iter/sec:  0.000E+00
 Timestep has changed from  1.00000E-04 to  2.55566E-06.
 Iteration:  00000002   DeltaT:  2.556E-06   Iter/sec:  1.783E+00
 Iteration:  00000003   DeltaT:  2.556E-06   Iter/sec:  2.669E+00
 Iteration:  00000004   DeltaT:  2.556E-06   Iter/sec:  3.482E+00
 Iteration:  00000005   DeltaT:  2.556E-06   Iter/sec:  3.516E+00
 Iteration:  00000006   DeltaT:  2.556E-06   Iter/sec:  3.503E+00
 Iteration:  00000007   DeltaT:  2.556E-06   Iter/sec:  3.512E+00
 Iteration:  00000008   DeltaT:  2.556E-06   Iter/sec:  3.462E+00
 Iteration:  00000009   DeltaT:  2.556E-06   Iter/sec:  3.480E+00
 Iteration:  00000010   DeltaT:  2.556E-06   Iter/sec:  3.421E+00
 Iteration:  00000011   DeltaT:  2.556E-06   Iter/sec:  3.392E+00
 Iteration:  00000012   DeltaT:  2.556E-06   Iter/sec:  3.442E+00
 Iteration:  00000013   DeltaT:  2.556E-06   Iter/sec:  3.568E+00
 Iteration:  00000014   DeltaT:  2.556E-06   Iter/sec:  3.481E+00
 Iteration:  00000015   DeltaT:  2.556E-06   Iter/sec:  3.500E+00
 Iteration:  00000016   DeltaT:  2.556E-06   Iter/sec:  3.451E+00
 Iteration:  00000017   DeltaT:  2.556E-06   Iter/sec:  3.459E+00
 Iteration:  00000018   DeltaT:  2.556E-06   Iter/sec:  3.412E+00
 Iteration:  00000019   DeltaT:  2.556E-06   Iter/sec:  3.408E+00
 Iteration:  00000020   DeltaT:  2.556E-06   Iter/sec:  3.351E+00
 Iteration:  00000021   DeltaT:  2.556E-06   Iter/sec:  3.270E+00
 Iteration:  00000022   DeltaT:  2.556E-06   Iter/sec:  3.437E+00
 Iteration:  00000023   DeltaT:  2.556E-06   Iter/sec:  3.505E+00
 Iteration:  00000024   DeltaT:  2.556E-06   Iter/sec:  3.458E+00
 Iteration:  00000025   DeltaT:  2.556E-06   Iter/sec:  3.383E+00
 Iteration:  00000026   DeltaT:  2.556E-06   Iter/sec:  3.581E+00
 Iteration:  00000027   DeltaT:  2.556E-06   Iter/sec:  3.437E+00
 Iteration:  00000028   DeltaT:  2.556E-06   Iter/sec:  3.335E+00
 Iteration:  00000029   DeltaT:  2.556E-06   Iter/sec:  3.435E+00
 Iteration:  00000030   DeltaT:  2.556E-06   Iter/sec:  3.467E+00
 Iteration:  00000031   DeltaT:  2.556E-06   Iter/sec:  3.479E+00
 Iteration:  00000032   DeltaT:  2.556E-06   Iter/sec:  3.508E+00
 Iteration:  00000033   DeltaT:  2.556E-06   Iter/sec:  3.437E+00
 Iteration:  00000034   DeltaT:  2.556E-06   Iter/sec:  3.457E+00
 Iteration:  00000035   DeltaT:  2.556E-06   Iter/sec:  3.439E+00
 Iteration:  00000036   DeltaT:  2.556E-06   Iter/sec:  3.471E+00
 Iteration:  00000037   DeltaT:  2.556E-06   Iter/sec:  3.504E+00
 Iteration:  00000038   DeltaT:  2.556E-06   Iter/sec:  3.301E+00
 Iteration:  00000039   DeltaT:  2.556E-06   Iter/sec:  3.424E+00
 Iteration:  00000040   DeltaT:  2.556E-06   Iter/sec:  3.451E+00
 Iteration:  00000041   DeltaT:  2.556E-06   Iter/sec:  3.504E+00
 Iteration:  00000042   DeltaT:  2.556E-06   Iter/sec:  3.516E+00
 Iteration:  00000043   DeltaT:  2.556E-06   Iter/sec:  3.440E+00
 Iteration:  00000044   DeltaT:  2.556E-06   Iter/sec:  3.497E+00
 Iteration:  00000045   DeltaT:  2.556E-06   Iter/sec:  3.467E+00
 Iteration:  00000046   DeltaT:  2.556E-06   Iter/sec:  3.413E+00
 Iteration:  00000047   DeltaT:  2.556E-06   Iter/sec:  3.472E+00
 Iteration:  00000048   DeltaT:  2.556E-06   Iter/sec:  3.343E+00
 Iteration:  00000049   DeltaT:  2.556E-06   Iter/sec:  3.486E+00
 Iteration:  00000050   DeltaT:  2.556E-06   Iter/sec:  3.404E+00


//////////////////////////////////////////////
   Measured Timings for Process 0  (seconds)

 Elapsed time:        15.1208
  Column time:         2.4967
     Row time:         4.6428
Legendre time:         1.6817
     FFT time:         0.9770
   Solve time:         0.5285
    rlma time:         0.1864
    rlmb time:         0.0714
  pspace time:         2.1428
  psolve time:         1.6458
    dphi time:         0.1238
captured time:        14.4970

     iter/sec:         3.3067
//////////////////////////////////////////////
