 //////////////////////////////////////
 Initializating Rayleigh...

 -- Initalizing MPI...
 ---- Specified parameters:
 ---- NCPU  :    128
 ---- NPROW :     16
 ---- NPCOL :      8
 -- MPI initialized.


 -- Initalizing Grid...
 ---- Specified parameters ----
 ---- N_R                 :    128
 ---- N_THETA             :    192
 ---- Ell_MAX             :    127
 ---- R_MIN               :  5.38462E-01
 ---- R_MAX               :  1.53846E+00
 ---- Chebyshev Domains   :      1

        Domain 1
          Grid points           :  128
          Dealiased Polynomials :  85
          Domain Lower Bound    :  5.38462E-01
          Domain Upper Bound    :  1.53846E+00

 -- Grid initialized.

 -- Initalizing Reference State...
 ---- Specified parameters:
 ---- Reference type           :  Boussinesq (Non-dimensional)
 ---- Rayleigh Number          :  1.00000E+05
 ---- Ekman Number             :  1.00000E-03
 ---- Prandtl Number           :  1.00000E+00
 ---- Magnetic Prandtl Number  :  5.00000E+00
 -- Reference State initialized.

 -- Initializing Fields...
 ---- Specified parameters:
 ---- Hydro Init Type    : Benchmark (Christensen et al. 2001)
 ---- Magnetic Init Type : Benchmark (Christensen et al. 2001)
 -- Fields initialized.

 Initialization Complete.
 //////////////////////////////////////

 Timestep has changed from  0.00000E+00 to  1.00000E-04.
 Iteration:  00000001   DeltaT:  1.000E-04   Iter/sec:  0.000E+00
 Timestep has changed from  1.00000E-04 to  2.55581E-06.
 Iteration:  00000002   DeltaT:  2.556E-06   Iter/sec:  3.485E+00
 Iteration:  00000003   DeltaT:  2.556E-06   Iter/sec:  4.611E+00
 Iteration:  00000004   DeltaT:  2.556E-06   Iter/sec:  8.022E+00
 Iteration:  00000005   DeltaT:  2.556E-06   Iter/sec:  8.198E+00
 Iteration:  00000006   DeltaT:  2.556E-06   Iter/sec:  8.026E+00
 Iteration:  00000007   DeltaT:  2.556E-06   Iter/sec:  8.169E+00
 Iteration:  00000008   DeltaT:  2.556E-06   Iter/sec:  8.097E+00
 Iteration:  00000009   DeltaT:  2.556E-06   Iter/sec:  8.307E+00
 Iteration:  00000010   DeltaT:  2.556E-06   Iter/sec:  8.051E+00
 Iteration:  00000011   DeltaT:  2.556E-06   Iter/sec:  8.139E+00
 Iteration:  00000012   DeltaT:  2.556E-06   Iter/sec:  8.019E+00
 Iteration:  00000013   DeltaT:  2.556E-06   Iter/sec:  8.189E+00
 Iteration:  00000014   DeltaT:  2.556E-06   Iter/sec:  8.059E+00
 Iteration:  00000015   DeltaT:  2.556E-06   Iter/sec:  8.118E+00
 Iteration:  00000016   DeltaT:  2.556E-06   Iter/sec:  8.085E+00
 Iteration:  00000017   DeltaT:  2.556E-06   Iter/sec:  8.209E+00
 Iteration:  00000018   DeltaT:  2.556E-06   Iter/sec:  8.112E+00
 Iteration:  00000019   DeltaT:  2.556E-06   Iter/sec:  8.192E+00
 Iteration:  00000020   DeltaT:  2.556E-06   Iter/sec:  8.157E+00
 Iteration:  00000021   DeltaT:  2.556E-06   Iter/sec:  8.249E+00
 Iteration:  00000022   DeltaT:  2.556E-06   Iter/sec:  8.104E+00
 Iteration:  00000023   DeltaT:  2.556E-06   Iter/sec:  8.099E+00
 Iteration:  00000024   DeltaT:  2.556E-06   Iter/sec:  8.065E+00
 Iteration:  00000025   DeltaT:  2.556E-06   Iter/sec:  8.261E+00
 Iteration:  00000026   DeltaT:  2.556E-06   Iter/sec:  8.070E+00
 Iteration:  00000027   DeltaT:  2.556E-06   Iter/sec:  8.304E+00
 Iteration:  00000028   DeltaT:  2.556E-06   Iter/sec:  8.167E+00
 Iteration:  00000029   DeltaT:  2.556E-06   Iter/sec:  8.235E+00
 Iteration:  00000030   DeltaT:  2.556E-06   Iter/sec:  8.235E+00
 Iteration:  00000031   DeltaT:  2.556E-06   Iter/sec:  8.320E+00
 Iteration:  00000032   DeltaT:  2.556E-06   Iter/sec:  8.182E+00
 Iteration:  00000033   DeltaT:  2.556E-06   Iter/sec:  8.359E+00
 Iteration:  00000034   DeltaT:  2.556E-06   Iter/sec:  8.432E+00
 Iteration:  00000035   DeltaT:  2.556E-06   Iter/sec:  8.207E+00
 Iteration:  00000036   DeltaT:  2.556E-06   Iter/sec:  8.077E+00
 Iteration:  00000037   DeltaT:  2.556E-06   Iter/sec:  8.234E+00
 Iteration:  00000038   DeltaT:  2.556E-06   Iter/sec:  8.196E+00
 Iteration:  00000039   DeltaT:  2.556E-06   Iter/sec:  8.276E+00
 Iteration:  00000040   DeltaT:  2.556E-06   Iter/sec:  8.170E+00
 Iteration:  00000041   DeltaT:  2.556E-06   Iter/sec:  8.270E+00
 Iteration:  00000042   DeltaT:  2.556E-06   Iter/sec:  8.162E+00
 Iteration:  00000043   DeltaT:  2.556E-06   Iter/sec:  8.217E+00
 Iteration:  00000044   DeltaT:  2.556E-06   Iter/sec:  8.110E+00
 Iteration:  00000045   DeltaT:  2.556E-06   Iter/sec:  8.212E+00
 Iteration:  00000046   DeltaT:  2.556E-06   Iter/sec:  8.097E+00
 Iteration:  00000047   DeltaT:  2.556E-06   Iter/sec:  8.272E+00
 Iteration:  00000048   DeltaT:  2.556E-06   Iter/sec:  8.457E+00
 Iteration:  00000049   DeltaT:  2.556E-06   Iter/sec:  8.170E+00
 Iteration:  00000050   DeltaT:  2.556E-06   Iter/sec:  8.431E+00


//////////////////////////////////////////////
   Measured Timings for Process 0  (seconds)

 Elapsed time:         6.5765
  Column time:         0.5230
     Row time:         2.0539
Legendre time:         0.7698
     FFT time:         0.4795
   Solve time:         0.4174
    rlma time:         0.0902
    rlmb time:         0.0324
  pspace time:         0.9701
  psolve time:         0.7940
    dphi time:         0.0697
captured time:         6.2000

     iter/sec:         7.6028
//////////////////////////////////////////////
