 //////////////////////////////////////
 Initializating Rayleigh...

 -- Initalizing MPI...
 ---- Specified parameters:
 ---- NCPU  :     64
 ---- NPROW :     16
 ---- NPCOL :      4
 -- MPI initialized.


 -- Initalizing Grid...
 ---- Specified parameters ----
 ---- N_R                 :     64
 ---- N_THETA             :    384
 ---- Ell_MAX             :    255
 ---- R_MIN               :  5.38462E-01
 ---- R_MAX               :  1.53846E+00
 ---- Chebyshev Domains   :      1

        Domain 1
          Grid points           :  64
          Dealiased Polynomials :  42
          Domain Lower Bound    :  5.38462E-01
          Domain Upper Bound    :  1.53846E+00

 -- Grid initialized.

 -- Initalizing Reference State...
 ---- Specified parameters:
 ---- Reference type           :  Boussinesq (Non-dimensional)
 ---- Rayleigh Number          :  1.00000E+05
 ---- Ekman Number             :  1.00000E-03
 ---- Prandtl Number           :  1.00000E+00
 ---- Magnetic Prandtl Number  :  5.00000E+00
 -- Reference State initialized.

 -- Initializing Fields...
 ---- Specified parameters:
 ---- Hydro Init Type    : Benchmark (Christensen et al. 2001)
 ---- Magnetic Init Type : Benchmark (Christensen et al. 2001)
 -- Fields initialized.

 Initialization Complete.
 //////////////////////////////////////

 Timestep has changed from  0.00000E+00 to  1.00000E-04.
 Iteration:  00000001   DeltaT:  1.000E-04   Iter/sec:  0.000E+00
 Timestep has changed from  1.00000E-04 to  1.02211E-05.
 Iteration:  00000002   DeltaT:  1.022E-05   Iter/sec:  1.249E+00
 Iteration:  00000003   DeltaT:  1.022E-05   Iter/sec:  1.680E+00
 Iteration:  00000004   DeltaT:  1.022E-05   Iter/sec:  1.870E+00
 Iteration:  00000005   DeltaT:  1.022E-05   Iter/sec:  1.841E+00
 Iteration:  00000006   DeltaT:  1.022E-05   Iter/sec:  1.847E+00
 Iteration:  00000007   DeltaT:  1.022E-05   Iter/sec:  1.859E+00
 Iteration:  00000008   DeltaT:  1.022E-05   Iter/sec:  1.861E+00
 Iteration:  00000009   DeltaT:  1.022E-05   Iter/sec:  1.852E+00
 Iteration:  00000010   DeltaT:  1.022E-05   Iter/sec:  1.883E+00
 Iteration:  00000011   DeltaT:  1.022E-05   Iter/sec:  1.837E+00
 Iteration:  00000012   DeltaT:  1.022E-05   Iter/sec:  1.892E+00
 Iteration:  00000013   DeltaT:  1.022E-05   Iter/sec:  1.839E+00
 Iteration:  00000014   DeltaT:  1.022E-05   Iter/sec:  1.860E+00
 Iteration:  00000015   DeltaT:  1.022E-05   Iter/sec:  1.858E+00
 Iteration:  00000016   DeltaT:  1.022E-05   Iter/sec:  1.837E+00
 Iteration:  00000017   DeltaT:  1.022E-05   Iter/sec:  1.864E+00
 Iteration:  00000018   DeltaT:  1.022E-05   Iter/sec:  1.849E+00
 Iteration:  00000019   DeltaT:  1.022E-05   Iter/sec:  1.835E+00
 Iteration:  00000020   DeltaT:  1.022E-05   Iter/sec:  1.909E+00
 Iteration:  00000021   DeltaT:  1.022E-05   Iter/sec:  1.892E+00
 Iteration:  00000022   DeltaT:  1.022E-05   Iter/sec:  1.805E+00
 Iteration:  00000023   DeltaT:  1.022E-05   Iter/sec:  1.864E+00
 Iteration:  00000024   DeltaT:  1.022E-05   Iter/sec:  1.853E+00
 Iteration:  00000025   DeltaT:  1.022E-05   Iter/sec:  1.893E+00
 Iteration:  00000026   DeltaT:  1.022E-05   Iter/sec:  1.849E+00
 Iteration:  00000027   DeltaT:  1.022E-05   Iter/sec:  1.877E+00
 Iteration:  00000028   DeltaT:  1.022E-05   Iter/sec:  1.844E+00
 Iteration:  00000029   DeltaT:  1.022E-05   Iter/sec:  1.842E+00
 Iteration:  00000030   DeltaT:  1.022E-05   Iter/sec:  1.835E+00
 Iteration:  00000031   DeltaT:  1.022E-05   Iter/sec:  1.838E+00
 Iteration:  00000032   DeltaT:  1.022E-05   Iter/sec:  1.863E+00
 Iteration:  00000033   DeltaT:  1.022E-05   Iter/sec:  1.843E+00
 Iteration:  00000034   DeltaT:  1.022E-05   Iter/sec:  1.844E+00
 Iteration:  00000035   DeltaT:  1.022E-05   Iter/sec:  1.887E+00
 Iteration:  00000036   DeltaT:  1.022E-05   Iter/sec:  1.878E+00
 Iteration:  00000037   DeltaT:  1.022E-05   Iter/sec:  1.871E+00
 Iteration:  00000038   DeltaT:  1.022E-05   Iter/sec:  1.863E+00
 Iteration:  00000039   DeltaT:  1.022E-05   Iter/sec:  1.828E+00
 Iteration:  00000040   DeltaT:  1.022E-05   Iter/sec:  1.851E+00
 Iteration:  00000041   DeltaT:  1.022E-05   Iter/sec:  1.826E+00
 Iteration:  00000042   DeltaT:  1.022E-05   Iter/sec:  1.910E+00
 Iteration:  00000043   DeltaT:  1.022E-05   Iter/sec:  1.860E+00
 Iteration:  00000044   DeltaT:  1.022E-05   Iter/sec:  1.859E+00
 Iteration:  00000045   DeltaT:  1.022E-05   Iter/sec:  1.818E+00
 Iteration:  00000046   DeltaT:  1.022E-05   Iter/sec:  1.883E+00
 Iteration:  00000047   DeltaT:  1.022E-05   Iter/sec:  1.895E+00
 Iteration:  00000048   DeltaT:  1.022E-05   Iter/sec:  1.887E+00
 Iteration:  00000049   DeltaT:  1.022E-05   Iter/sec:  1.820E+00
 Iteration:  00000050   DeltaT:  1.022E-05   Iter/sec:  1.874E+00


//////////////////////////////////////////////
   Measured Timings for Process 0  (seconds)

 Elapsed time:        30.2200
  Column time:         2.4513
     Row time:         9.1231
Legendre time:         3.9621
     FFT time:         1.9471
   Solve time:         0.5367
    rlma time:         0.4929
    rlmb time:         0.1955
  pspace time:         4.4909
  psolve time:         3.2512
    dphi time:         0.2261
captured time:        26.6770

     iter/sec:         1.6545
//////////////////////////////////////////////
