 //////////////////////////////////////
 Initializating Rayleigh...

 -- Initalizing MPI...
 ---- Specified parameters:
 ---- NCPU  :    512
 ---- NPROW :     16
 ---- NPCOL :     32
 -- MPI initialized.


 -- Initalizing Grid...
 ---- Specified parameters ----
 ---- N_R                 :     64
 ---- N_THETA             :    192
 ---- Ell_MAX             :    127
 ---- R_MIN               :  5.38462E-01
 ---- R_MAX               :  1.53846E+00
 ---- Chebyshev Domains   :      1

        Domain 1
          Grid points           :  64
          Dealiased Polynomials :  42
          Domain Lower Bound    :  5.38462E-01
          Domain Upper Bound    :  1.53846E+00

 -- Grid initialized.

 -- Initalizing Reference State...
 ---- Specified parameters:
 ---- Reference type           :  Boussinesq (Non-dimensional)
 ---- Rayleigh Number          :  1.00000E+05
 ---- Ekman Number             :  1.00000E-03
 ---- Prandtl Number           :  1.00000E+00
 ---- Magnetic Prandtl Number  :  5.00000E+00
 -- Reference State initialized.

 -- Initializing Fields...
 ---- Specified parameters:
 ---- Hydro Init Type    : Benchmark (Christensen et al. 2001)
 ---- Magnetic Init Type : Benchmark (Christensen et al. 2001)
 -- Fields initialized.

 Initialization Complete.
 //////////////////////////////////////

 Timestep has changed from  0.00000E+00 to  1.00000E-04.
 Iteration:  00000001   DeltaT:  1.000E-04   Iter/sec:  0.000E+00
 Timestep has changed from  1.00000E-04 to  1.02217E-05.
 Iteration:  00000002   DeltaT:  1.022E-05   Iter/sec:  3.430E+00
 Iteration:  00000003   DeltaT:  1.022E-05   Iter/sec:  5.931E+01
 Iteration:  00000004   DeltaT:  1.022E-05   Iter/sec:  8.613E+01
 Iteration:  00000005   DeltaT:  1.022E-05   Iter/sec:  9.700E+01
 Iteration:  00000006   DeltaT:  1.022E-05   Iter/sec:  9.096E+01
 Iteration:  00000007   DeltaT:  1.022E-05   Iter/sec:  8.878E+01
 Iteration:  00000008   DeltaT:  1.022E-05   Iter/sec:  9.136E+01
 Iteration:  00000009   DeltaT:  1.022E-05   Iter/sec:  9.158E+01
 Iteration:  00000010   DeltaT:  1.022E-05   Iter/sec:  9.383E+01
 Iteration:  00000011   DeltaT:  1.022E-05   Iter/sec:  9.216E+01
 Iteration:  00000012   DeltaT:  1.022E-05   Iter/sec:  9.141E+01
 Iteration:  00000013   DeltaT:  1.022E-05   Iter/sec:  9.284E+01
 Iteration:  00000014   DeltaT:  1.022E-05   Iter/sec:  9.427E+01
 Iteration:  00000015   DeltaT:  1.022E-05   Iter/sec:  9.341E+01
 Iteration:  00000016   DeltaT:  1.022E-05   Iter/sec:  9.545E+01
 Iteration:  00000017   DeltaT:  1.022E-05   Iter/sec:  8.968E+01
 Iteration:  00000018   DeltaT:  1.022E-05   Iter/sec:  9.320E+01
 Iteration:  00000019   DeltaT:  1.022E-05   Iter/sec:  9.355E+01
 Iteration:  00000020   DeltaT:  1.022E-05   Iter/sec:  9.472E+01
 Iteration:  00000021   DeltaT:  1.022E-05   Iter/sec:  9.270E+01
 Iteration:  00000022   DeltaT:  1.022E-05   Iter/sec:  9.447E+01
 Iteration:  00000023   DeltaT:  1.022E-05   Iter/sec:  9.338E+01
 Iteration:  00000024   DeltaT:  1.022E-05   Iter/sec:  9.176E+01
 Iteration:  00000025   DeltaT:  1.022E-05   Iter/sec:  9.359E+01
 Iteration:  00000026   DeltaT:  1.022E-05   Iter/sec:  9.488E+01
 Iteration:  00000027   DeltaT:  1.022E-05   Iter/sec:  9.351E+01
 Iteration:  00000028   DeltaT:  1.022E-05   Iter/sec:  9.270E+01
 Iteration:  00000029   DeltaT:  1.022E-05   Iter/sec:  9.105E+01
 Iteration:  00000030   DeltaT:  1.022E-05   Iter/sec:  9.381E+01
 Iteration:  00000031   DeltaT:  1.022E-05   Iter/sec:  9.315E+01
 Iteration:  00000032   DeltaT:  1.022E-05   Iter/sec:  9.399E+01
 Iteration:  00000033   DeltaT:  1.022E-05   Iter/sec:  9.255E+01
 Iteration:  00000034   DeltaT:  1.022E-05   Iter/sec:  9.285E+01
 Iteration:  00000035   DeltaT:  1.022E-05   Iter/sec:  9.215E+01
 Iteration:  00000036   DeltaT:  1.022E-05   Iter/sec:  9.346E+01
 Iteration:  00000037   DeltaT:  1.022E-05   Iter/sec:  9.463E+01
 Iteration:  00000038   DeltaT:  1.022E-05   Iter/sec:  8.371E+01
 Iteration:  00000039   DeltaT:  1.022E-05   Iter/sec:  9.742E+01
 Iteration:  00000040   DeltaT:  1.022E-05   Iter/sec:  9.096E+01
 Iteration:  00000041   DeltaT:  1.022E-05   Iter/sec:  9.457E+01
 Iteration:  00000042   DeltaT:  1.022E-05   Iter/sec:  9.661E+01
 Iteration:  00000043   DeltaT:  1.022E-05   Iter/sec:  9.261E+01
 Iteration:  00000044   DeltaT:  1.022E-05   Iter/sec:  9.540E+01
 Iteration:  00000045   DeltaT:  1.022E-05   Iter/sec:  9.412E+01
 Iteration:  00000046   DeltaT:  1.022E-05   Iter/sec:  9.642E+01
 Iteration:  00000047   DeltaT:  1.022E-05   Iter/sec:  9.301E+01
 Iteration:  00000048   DeltaT:  1.022E-05   Iter/sec:  9.366E+01
 Iteration:  00000049   DeltaT:  1.022E-05   Iter/sec:  9.505E+01
 Iteration:  00000050   DeltaT:  1.022E-05   Iter/sec:  9.433E+01


//////////////////////////////////////////////
   Measured Timings for Process 0  (seconds)

 Elapsed time:         1.1716
  Column time:         0.1418
     Row time:         0.1601
Legendre time:         0.0558
     FFT time:         0.0395
   Solve time:         0.0458
    rlma time:         0.0144
    rlmb time:         0.0060
  pspace time:         0.0226
  psolve time:         0.0554
    dphi time:         0.0026
captured time:         0.5440

     iter/sec:        42.6773
//////////////////////////////////////////////
