 //////////////////////////////////////
 Initializating Rayleigh...

 -- Initalizing MPI...
 ---- Specified parameters:
 ---- NCPU  :    512
 ---- NPROW :     16
 ---- NPCOL :     32
 -- MPI initialized.


 -- Initalizing Grid...
 ---- Specified parameters ----
 ---- N_R                 :     64
 ---- N_THETA             :    384
 ---- Ell_MAX             :    255
 ---- R_MIN               :  5.38462E-01
 ---- R_MAX               :  1.53846E+00
 ---- Chebyshev Domains   :      1

        Domain 1
          Grid points           :  64
          Dealiased Polynomials :  42
          Domain Lower Bound    :  5.38462E-01
          Domain Upper Bound    :  1.53846E+00

 -- Grid initialized.

 -- Initalizing Reference State...
 ---- Specified parameters:
 ---- Reference type           :  Boussinesq (Non-dimensional)
 ---- Rayleigh Number          :  1.00000E+05
 ---- Ekman Number             :  1.00000E-03
 ---- Prandtl Number           :  1.00000E+00
 ---- Magnetic Prandtl Number  :  5.00000E+00
 -- Reference State initialized.

 -- Initializing Fields...
 ---- Specified parameters:
 ---- Hydro Init Type    : Benchmark (Christensen et al. 2001)
 ---- Magnetic Init Type : Benchmark (Christensen et al. 2001)
 -- Fields initialized.

 Initialization Complete.
 //////////////////////////////////////

 Timestep has changed from  0.00000E+00 to  1.00000E-04.
 Iteration:  00000001   DeltaT:  1.000E-04   Iter/sec:  0.000E+00
 Timestep has changed from  1.00000E-04 to  1.02211E-05.
 Iteration:  00000002   DeltaT:  1.022E-05   Iter/sec:  1.423E+00
 Iteration:  00000003   DeltaT:  1.022E-05   Iter/sec:  1.420E+01
 Iteration:  00000004   DeltaT:  1.022E-05   Iter/sec:  1.600E+01
 Iteration:  00000005   DeltaT:  1.022E-05   Iter/sec:  1.553E+01
 Iteration:  00000006   DeltaT:  1.022E-05   Iter/sec:  1.613E+01
 Iteration:  00000007   DeltaT:  1.022E-05   Iter/sec:  1.579E+01
 Iteration:  00000008   DeltaT:  1.022E-05   Iter/sec:  1.574E+01
 Iteration:  00000009   DeltaT:  1.022E-05   Iter/sec:  1.592E+01
 Iteration:  00000010   DeltaT:  1.022E-05   Iter/sec:  1.563E+01
 Iteration:  00000011   DeltaT:  1.022E-05   Iter/sec:  1.590E+01
 Iteration:  00000012   DeltaT:  1.022E-05   Iter/sec:  1.596E+01
 Iteration:  00000013   DeltaT:  1.022E-05   Iter/sec:  1.568E+01
 Iteration:  00000014   DeltaT:  1.022E-05   Iter/sec:  1.608E+01
 Iteration:  00000015   DeltaT:  1.022E-05   Iter/sec:  1.580E+01
 Iteration:  00000016   DeltaT:  1.022E-05   Iter/sec:  1.574E+01
 Iteration:  00000017   DeltaT:  1.022E-05   Iter/sec:  1.591E+01
 Iteration:  00000018   DeltaT:  1.022E-05   Iter/sec:  1.595E+01
 Iteration:  00000019   DeltaT:  1.022E-05   Iter/sec:  1.585E+01
 Iteration:  00000020   DeltaT:  1.022E-05   Iter/sec:  1.588E+01
 Iteration:  00000021   DeltaT:  1.022E-05   Iter/sec:  1.585E+01
 Iteration:  00000022   DeltaT:  1.022E-05   Iter/sec:  1.574E+01
 Iteration:  00000023   DeltaT:  1.022E-05   Iter/sec:  1.579E+01
 Iteration:  00000024   DeltaT:  1.022E-05   Iter/sec:  1.580E+01
 Iteration:  00000025   DeltaT:  1.022E-05   Iter/sec:  1.576E+01
 Iteration:  00000026   DeltaT:  1.022E-05   Iter/sec:  1.590E+01
 Iteration:  00000027   DeltaT:  1.022E-05   Iter/sec:  1.576E+01
 Iteration:  00000028   DeltaT:  1.022E-05   Iter/sec:  1.623E+01
 Iteration:  00000029   DeltaT:  1.022E-05   Iter/sec:  1.607E+01
 Iteration:  00000030   DeltaT:  1.022E-05   Iter/sec:  1.601E+01
 Iteration:  00000031   DeltaT:  1.022E-05   Iter/sec:  1.569E+01
 Iteration:  00000032   DeltaT:  1.022E-05   Iter/sec:  1.612E+01
 Iteration:  00000033   DeltaT:  1.022E-05   Iter/sec:  1.566E+01
 Iteration:  00000034   DeltaT:  1.022E-05   Iter/sec:  1.612E+01
 Iteration:  00000035   DeltaT:  1.022E-05   Iter/sec:  1.595E+01
 Iteration:  00000036   DeltaT:  1.022E-05   Iter/sec:  1.597E+01
 Iteration:  00000037   DeltaT:  1.022E-05   Iter/sec:  1.591E+01
 Iteration:  00000038   DeltaT:  1.022E-05   Iter/sec:  1.578E+01
 Iteration:  00000039   DeltaT:  1.022E-05   Iter/sec:  1.601E+01
 Iteration:  00000040   DeltaT:  1.022E-05   Iter/sec:  1.576E+01
 Iteration:  00000041   DeltaT:  1.022E-05   Iter/sec:  1.578E+01
 Iteration:  00000042   DeltaT:  1.022E-05   Iter/sec:  1.620E+01
 Iteration:  00000043   DeltaT:  1.022E-05   Iter/sec:  1.596E+01
 Iteration:  00000044   DeltaT:  1.022E-05   Iter/sec:  1.624E+01
 Iteration:  00000045   DeltaT:  1.022E-05   Iter/sec:  1.598E+01
 Iteration:  00000046   DeltaT:  1.022E-05   Iter/sec:  1.587E+01
 Iteration:  00000047   DeltaT:  1.022E-05   Iter/sec:  1.612E+01
 Iteration:  00000048   DeltaT:  1.022E-05   Iter/sec:  1.581E+01
 Iteration:  00000049   DeltaT:  1.022E-05   Iter/sec:  1.579E+01
 Iteration:  00000050   DeltaT:  1.022E-05   Iter/sec:  1.569E+01


//////////////////////////////////////////////
   Measured Timings for Process 0  (seconds)

 Elapsed time:         4.7925
  Column time:         0.8216
     Row time:         0.9380
Legendre time:         0.3704
     FFT time:         0.2250
   Solve time:         0.0902
    rlma time:         0.0555
    rlmb time:         0.0220
  pspace time:         0.3595
  psolve time:         0.2159
    dphi time:         0.0308
captured time:         3.1290

     iter/sec:        10.4330
//////////////////////////////////////////////
