 //////////////////////////////////////
 Initializating Rayleigh...

 -- Initalizing MPI...
 ---- Specified parameters:
 ---- NCPU  :    512
 ---- NPROW :     16
 ---- NPCOL :     32
 -- MPI initialized.


 -- Initalizing Grid...
 ---- Specified parameters ----
 ---- N_R                 :     64
 ---- N_THETA             :   1536
 ---- Ell_MAX             :   1023
 ---- R_MIN               :  5.38462E-01
 ---- R_MAX               :  1.53846E+00
 ---- Chebyshev Domains   :      1

        Domain 1
          Grid points           :  64
          Dealiased Polynomials :  42
          Domain Lower Bound    :  5.38462E-01
          Domain Upper Bound    :  1.53846E+00

 -- Grid initialized.

 -- Initalizing Reference State...
 ---- Specified parameters:
 ---- Reference type           :  Boussinesq (Non-dimensional)
 ---- Rayleigh Number          :  1.00000E+05
 ---- Ekman Number             :  1.00000E-03
 ---- Prandtl Number           :  1.00000E+00
 ---- Magnetic Prandtl Number  :  5.00000E+00
 -- Reference State initialized.

 -- Initializing Fields...
 ---- Specified parameters:
 ---- Hydro Init Type    : Benchmark (Christensen et al. 2001)
 ---- Magnetic Init Type : Benchmark (Christensen et al. 2001)
 -- Fields initialized.

 Initialization Complete.
 //////////////////////////////////////

 Timestep has changed from  0.00000E+00 to  1.00000E-04.
 Iteration:  00000001   DeltaT:  1.000E-04   Iter/sec:  0.000E+00
 Timestep has changed from  1.00000E-04 to  4.46409E-06.
 Iteration:  00000002   DeltaT:  4.464E-06   Iter/sec:  1.191E-01
 Iteration:  00000003   DeltaT:  4.464E-06   Iter/sec:  6.957E-01
 Iteration:  00000004   DeltaT:  4.464E-06   Iter/sec:  6.902E-01
 Iteration:  00000005   DeltaT:  4.464E-06   Iter/sec:  7.010E-01
 Iteration:  00000006   DeltaT:  4.464E-06   Iter/sec:  6.896E-01
 Iteration:  00000007   DeltaT:  4.464E-06   Iter/sec:  6.939E-01
 Iteration:  00000008   DeltaT:  4.464E-06   Iter/sec:  7.132E-01
 Iteration:  00000009   DeltaT:  4.464E-06   Iter/sec:  6.852E-01
 Iteration:  00000010   DeltaT:  4.464E-06   Iter/sec:  7.028E-01
 Iteration:  00000011   DeltaT:  4.464E-06   Iter/sec:  7.043E-01
 Iteration:  00000012   DeltaT:  4.464E-06   Iter/sec:  7.068E-01
 Iteration:  00000013   DeltaT:  4.464E-06   Iter/sec:  6.753E-01
 Iteration:  00000014   DeltaT:  4.464E-06   Iter/sec:  6.935E-01
 Iteration:  00000015   DeltaT:  4.464E-06   Iter/sec:  7.053E-01
 Iteration:  00000016   DeltaT:  4.464E-06   Iter/sec:  6.891E-01
 Iteration:  00000017   DeltaT:  4.464E-06   Iter/sec:  7.024E-01
 Iteration:  00000018   DeltaT:  4.464E-06   Iter/sec:  6.838E-01
 Iteration:  00000019   DeltaT:  4.464E-06   Iter/sec:  7.088E-01
 Iteration:  00000020   DeltaT:  4.464E-06   Iter/sec:  6.933E-01
 Iteration:  00000021   DeltaT:  4.464E-06   Iter/sec:  6.919E-01
 Iteration:  00000022   DeltaT:  4.464E-06   Iter/sec:  7.074E-01
 Iteration:  00000023   DeltaT:  4.464E-06   Iter/sec:  6.914E-01
 Iteration:  00000024   DeltaT:  4.464E-06   Iter/sec:  7.065E-01
 Iteration:  00000025   DeltaT:  4.464E-06   Iter/sec:  6.990E-01
 Iteration:  00000026   DeltaT:  4.464E-06   Iter/sec:  6.949E-01
 Iteration:  00000027   DeltaT:  4.464E-06   Iter/sec:  6.926E-01
 Iteration:  00000028   DeltaT:  4.464E-06   Iter/sec:  6.923E-01
 Iteration:  00000029   DeltaT:  4.464E-06   Iter/sec:  7.072E-01
 Iteration:  00000030   DeltaT:  4.464E-06   Iter/sec:  6.878E-01
 Iteration:  00000031   DeltaT:  4.464E-06   Iter/sec:  7.049E-01
 Iteration:  00000032   DeltaT:  4.464E-06   Iter/sec:  6.843E-01
 Iteration:  00000033   DeltaT:  4.464E-06   Iter/sec:  7.049E-01
 Iteration:  00000034   DeltaT:  4.464E-06   Iter/sec:  7.000E-01
 Iteration:  00000035   DeltaT:  4.464E-06   Iter/sec:  6.925E-01
 Iteration:  00000036   DeltaT:  4.464E-06   Iter/sec:  6.941E-01
 Iteration:  00000037   DeltaT:  4.464E-06   Iter/sec:  6.916E-01
 Iteration:  00000038   DeltaT:  4.464E-06   Iter/sec:  7.026E-01
 Iteration:  00000039   DeltaT:  4.464E-06   Iter/sec:  6.993E-01
 Iteration:  00000040   DeltaT:  4.464E-06   Iter/sec:  6.957E-01
 Iteration:  00000041   DeltaT:  4.464E-06   Iter/sec:  6.880E-01
 Iteration:  00000042   DeltaT:  4.464E-06   Iter/sec:  7.007E-01
 Iteration:  00000043   DeltaT:  4.464E-06   Iter/sec:  6.958E-01
 Iteration:  00000044   DeltaT:  4.464E-06   Iter/sec:  7.057E-01
 Iteration:  00000045   DeltaT:  4.464E-06   Iter/sec:  6.899E-01
 Iteration:  00000046   DeltaT:  4.464E-06   Iter/sec:  6.930E-01
 Iteration:  00000047   DeltaT:  4.464E-06   Iter/sec:  7.022E-01
 Iteration:  00000048   DeltaT:  4.464E-06   Iter/sec:  6.921E-01
 Iteration:  00000049   DeltaT:  4.464E-06   Iter/sec:  7.029E-01
 Iteration:  00000050   DeltaT:  4.464E-06   Iter/sec:  6.946E-01


//////////////////////////////////////////////
   Measured Timings for Process 0  (seconds)

 Elapsed time:        73.4235
  Column time:        14.8338
     Row time:        20.4359
Legendre time:        13.8247
     FFT time:         4.1522
   Solve time:         0.6328
    rlma time:         0.9647
    rlmb time:         0.5518
  pspace time:         9.2369
  psolve time:         6.0705
    dphi time:         0.5294
captured time:        71.2327

     iter/sec:         0.6810
//////////////////////////////////////////////
