 //////////////////////////////////////
 Initializating Rayleigh...

 -- Initalizing MPI...
 ---- Specified parameters:
 ---- NCPU  :   2048
 ---- NPROW :     32
 ---- NPCOL :     64
 -- MPI initialized.


 -- Initalizing Grid...
 ---- Specified parameters ----
 ---- N_R                 :    128
 ---- N_THETA             :   1536
 ---- Ell_MAX             :   1023
 ---- R_MIN               :  5.38462E-01
 ---- R_MAX               :  1.53846E+00
 ---- Chebyshev Domains   :      1

        Domain 1
          Grid points           :  128
          Dealiased Polynomials :  85
          Domain Lower Bound    :  5.38462E-01
          Domain Upper Bound    :  1.53846E+00

 -- Grid initialized.

 -- Initalizing Reference State...
 ---- Specified parameters:
 ---- Reference type           :  Boussinesq (Non-dimensional)
 ---- Rayleigh Number          :  1.00000E+05
 ---- Ekman Number             :  1.00000E-03
 ---- Prandtl Number           :  1.00000E+00
 ---- Magnetic Prandtl Number  :  5.00000E+00
 -- Reference State initialized.

 -- Initializing Fields...
 ---- Specified parameters:
 ---- Hydro Init Type    : Benchmark (Christensen et al. 2001)
 ---- Magnetic Init Type : Benchmark (Christensen et al. 2001)
 -- Fields initialized.

 Initialization Complete.
 //////////////////////////////////////

 Timestep has changed from  0.00000E+00 to  1.00000E-04.
 Iteration:  00000001   DeltaT:  1.000E-04   Iter/sec:  0.000E+00
 Timestep has changed from  1.00000E-04 to  2.55561E-06.
 Iteration:  00000002   DeltaT:  2.556E-06   Iter/sec:  2.073E-01
 Iteration:  00000003   DeltaT:  2.556E-06   Iter/sec:  1.034E+00
 Iteration:  00000004   DeltaT:  2.556E-06   Iter/sec:  1.177E+00
 Iteration:  00000005   DeltaT:  2.556E-06   Iter/sec:  1.124E+00
 Iteration:  00000006   DeltaT:  2.556E-06   Iter/sec:  1.056E+00
 Iteration:  00000007   DeltaT:  2.556E-06   Iter/sec:  1.121E+00
 Iteration:  00000008   DeltaT:  2.556E-06   Iter/sec:  1.087E+00
 Iteration:  00000009   DeltaT:  2.556E-06   Iter/sec:  1.115E+00
 Iteration:  00000010   DeltaT:  2.556E-06   Iter/sec:  1.120E+00
 Iteration:  00000011   DeltaT:  2.556E-06   Iter/sec:  1.129E+00
 Iteration:  00000012   DeltaT:  2.556E-06   Iter/sec:  1.103E+00
 Iteration:  00000013   DeltaT:  2.556E-06   Iter/sec:  1.129E+00
 Iteration:  00000014   DeltaT:  2.556E-06   Iter/sec:  1.069E+00
 Iteration:  00000015   DeltaT:  2.556E-06   Iter/sec:  1.096E+00
 Iteration:  00000016   DeltaT:  2.556E-06   Iter/sec:  1.102E+00
 Iteration:  00000017   DeltaT:  2.556E-06   Iter/sec:  1.080E+00
 Iteration:  00000018   DeltaT:  2.556E-06   Iter/sec:  1.134E+00
 Iteration:  00000019   DeltaT:  2.556E-06   Iter/sec:  1.074E+00
 Iteration:  00000020   DeltaT:  2.556E-06   Iter/sec:  1.108E+00
 Iteration:  00000021   DeltaT:  2.556E-06   Iter/sec:  1.102E+00
 Iteration:  00000022   DeltaT:  2.556E-06   Iter/sec:  1.080E+00
 Iteration:  00000023   DeltaT:  2.556E-06   Iter/sec:  1.141E+00
 Iteration:  00000024   DeltaT:  2.556E-06   Iter/sec:  1.110E+00
 Iteration:  00000025   DeltaT:  2.556E-06   Iter/sec:  1.095E+00
 Iteration:  00000026   DeltaT:  2.556E-06   Iter/sec:  1.157E+00
 Iteration:  00000027   DeltaT:  2.556E-06   Iter/sec:  1.040E+00
 Iteration:  00000028   DeltaT:  2.556E-06   Iter/sec:  1.177E+00
 Iteration:  00000029   DeltaT:  2.556E-06   Iter/sec:  1.113E+00
 Iteration:  00000030   DeltaT:  2.556E-06   Iter/sec:  1.085E+00
 Iteration:  00000031   DeltaT:  2.556E-06   Iter/sec:  1.114E+00
 Iteration:  00000032   DeltaT:  2.556E-06   Iter/sec:  1.096E+00
 Iteration:  00000033   DeltaT:  2.556E-06   Iter/sec:  1.103E+00
 Iteration:  00000034   DeltaT:  2.556E-06   Iter/sec:  1.156E+00
 Iteration:  00000035   DeltaT:  2.556E-06   Iter/sec:  1.054E+00
 Iteration:  00000036   DeltaT:  2.556E-06   Iter/sec:  1.169E+00
 Iteration:  00000037   DeltaT:  2.556E-06   Iter/sec:  1.119E+00
 Iteration:  00000038   DeltaT:  2.556E-06   Iter/sec:  1.073E+00
 Iteration:  00000039   DeltaT:  2.556E-06   Iter/sec:  1.124E+00
 Iteration:  00000040   DeltaT:  2.556E-06   Iter/sec:  1.113E+00
 Iteration:  00000041   DeltaT:  2.556E-06   Iter/sec:  1.106E+00
 Iteration:  00000042   DeltaT:  2.556E-06   Iter/sec:  1.150E+00
 Iteration:  00000043   DeltaT:  2.556E-06   Iter/sec:  1.082E+00
 Iteration:  00000044   DeltaT:  2.556E-06   Iter/sec:  1.141E+00
 Iteration:  00000045   DeltaT:  2.556E-06   Iter/sec:  1.160E+00
 Iteration:  00000046   DeltaT:  2.556E-06   Iter/sec:  1.121E+00
 Iteration:  00000047   DeltaT:  2.556E-06   Iter/sec:  1.100E+00
 Iteration:  00000048   DeltaT:  2.556E-06   Iter/sec:  1.120E+00
 Iteration:  00000049   DeltaT:  2.556E-06   Iter/sec:  1.065E+00
 Iteration:  00000050   DeltaT:  2.556E-06   Iter/sec:  1.139E+00


//////////////////////////////////////////////
   Measured Timings for Process 0  (seconds)

 Elapsed time:        48.9096
  Column time:        15.7411
     Row time:        11.8028
Legendre time:         6.8842
     FFT time:         2.0750
   Solve time:         0.7416
    rlma time:         0.4267
    rlmb time:         0.1989
  pspace time:         3.7203
  psolve time:         3.1911
    dphi time:         0.1370
captured time:        44.9188

     iter/sec:         1.0223
//////////////////////////////////////////////
