 //////////////////////////////////////
 Initializating Rayleigh...

 -- Initalizing MPI...
 ---- Specified parameters:
 ---- NCPU  :    512
 ---- NPROW :     32
 ---- NPCOL :     16
 -- MPI initialized.


 -- Initalizing Grid...
 ---- Specified parameters ----
 ---- N_R                 :     64
 ---- N_THETA             :   1536
 ---- Ell_MAX             :   1023
 ---- R_MIN               :  5.38462E-01
 ---- R_MAX               :  1.53846E+00
 ---- Chebyshev Domains   :      1

        Domain 1
          Grid points           :  64
          Dealiased Polynomials :  42
          Domain Lower Bound    :  5.38462E-01
          Domain Upper Bound    :  1.53846E+00

 -- Grid initialized.

 -- Initalizing Reference State...
 ---- Specified parameters:
 ---- Reference type           :  Boussinesq (Non-dimensional)
 ---- Rayleigh Number          :  1.00000E+05
 ---- Ekman Number             :  1.00000E-03
 ---- Prandtl Number           :  1.00000E+00
 ---- Magnetic Prandtl Number  :  5.00000E+00
 -- Reference State initialized.

 -- Initializing Fields...
 ---- Specified parameters:
 ---- Hydro Init Type    : Benchmark (Christensen et al. 2001)
 ---- Magnetic Init Type : Benchmark (Christensen et al. 2001)
 -- Fields initialized.

 Initialization Complete.
 //////////////////////////////////////

 Timestep has changed from  0.00000E+00 to  1.00000E-04.
 Iteration:  00000001   DeltaT:  1.000E-04   Iter/sec:  0.000E+00
 Timestep has changed from  1.00000E-04 to  4.46409E-06.
 Iteration:  00000002   DeltaT:  4.464E-06   Iter/sec:  1.784E-01
 Iteration:  00000003   DeltaT:  4.464E-06   Iter/sec:  6.556E-01
 Iteration:  00000004   DeltaT:  4.464E-06   Iter/sec:  6.853E-01
 Iteration:  00000005   DeltaT:  4.464E-06   Iter/sec:  6.414E-01
 Iteration:  00000006   DeltaT:  4.464E-06   Iter/sec:  6.925E-01
 Iteration:  00000007   DeltaT:  4.464E-06   Iter/sec:  6.746E-01
 Iteration:  00000008   DeltaT:  4.464E-06   Iter/sec:  6.769E-01
 Iteration:  00000009   DeltaT:  4.464E-06   Iter/sec:  6.458E-01
 Iteration:  00000010   DeltaT:  4.464E-06   Iter/sec:  6.564E-01
 Iteration:  00000011   DeltaT:  4.464E-06   Iter/sec:  6.704E-01
 Iteration:  00000012   DeltaT:  4.464E-06   Iter/sec:  6.947E-01
 Iteration:  00000013   DeltaT:  4.464E-06   Iter/sec:  6.799E-01
 Iteration:  00000014   DeltaT:  4.464E-06   Iter/sec:  6.498E-01
 Iteration:  00000015   DeltaT:  4.464E-06   Iter/sec:  6.709E-01
 Iteration:  00000016   DeltaT:  4.464E-06   Iter/sec:  6.806E-01
 Iteration:  00000017   DeltaT:  4.464E-06   Iter/sec:  6.755E-01
 Iteration:  00000018   DeltaT:  4.464E-06   Iter/sec:  6.378E-01
 Iteration:  00000019   DeltaT:  4.464E-06   Iter/sec:  6.960E-01
 Iteration:  00000020   DeltaT:  4.464E-06   Iter/sec:  6.589E-01
 Iteration:  00000021   DeltaT:  4.464E-06   Iter/sec:  6.691E-01
 Iteration:  00000022   DeltaT:  4.464E-06   Iter/sec:  6.592E-01
 Iteration:  00000023   DeltaT:  4.464E-06   Iter/sec:  6.681E-01
 Iteration:  00000024   DeltaT:  4.464E-06   Iter/sec:  6.575E-01
 Iteration:  00000025   DeltaT:  4.464E-06   Iter/sec:  6.702E-01
 Iteration:  00000026   DeltaT:  4.464E-06   Iter/sec:  6.745E-01
 Iteration:  00000027   DeltaT:  4.464E-06   Iter/sec:  6.565E-01
 Iteration:  00000028   DeltaT:  4.464E-06   Iter/sec:  6.886E-01
 Iteration:  00000029   DeltaT:  4.464E-06   Iter/sec:  6.731E-01
 Iteration:  00000030   DeltaT:  4.464E-06   Iter/sec:  6.570E-01
 Iteration:  00000031   DeltaT:  4.464E-06   Iter/sec:  6.984E-01
 Iteration:  00000032   DeltaT:  4.464E-06   Iter/sec:  6.398E-01
 Iteration:  00000033   DeltaT:  4.464E-06   Iter/sec:  6.883E-01
 Iteration:  00000034   DeltaT:  4.464E-06   Iter/sec:  6.556E-01
 Iteration:  00000035   DeltaT:  4.464E-06   Iter/sec:  6.861E-01
 Iteration:  00000036   DeltaT:  4.464E-06   Iter/sec:  6.355E-01
 Iteration:  00000037   DeltaT:  4.464E-06   Iter/sec:  6.901E-01
 Iteration:  00000038   DeltaT:  4.464E-06   Iter/sec:  6.465E-01
 Iteration:  00000039   DeltaT:  4.464E-06   Iter/sec:  6.909E-01
 Iteration:  00000040   DeltaT:  4.464E-06   Iter/sec:  6.822E-01
 Iteration:  00000041   DeltaT:  4.464E-06   Iter/sec:  6.635E-01
 Iteration:  00000042   DeltaT:  4.464E-06   Iter/sec:  6.748E-01
 Iteration:  00000043   DeltaT:  4.464E-06   Iter/sec:  6.441E-01
 Iteration:  00000044   DeltaT:  4.464E-06   Iter/sec:  6.851E-01
 Iteration:  00000045   DeltaT:  4.464E-06   Iter/sec:  6.501E-01
 Iteration:  00000046   DeltaT:  4.464E-06   Iter/sec:  6.859E-01
 Iteration:  00000047   DeltaT:  4.464E-06   Iter/sec:  6.571E-01
 Iteration:  00000048   DeltaT:  4.464E-06   Iter/sec:  6.654E-01
 Iteration:  00000049   DeltaT:  4.464E-06   Iter/sec:  6.524E-01
 Iteration:  00000050   DeltaT:  4.464E-06   Iter/sec:  6.630E-01


//////////////////////////////////////////////
   Measured Timings for Process 0  (seconds)

 Elapsed time:        78.2077
  Column time:        17.3971
     Row time:        24.1992
Legendre time:        12.3822
     FFT time:         4.1949
   Solve time:         0.7016
    rlma time:         0.8252
    rlmb time:         0.4555
  pspace time:         7.9920
  psolve time:         5.6536
    dphi time:         0.2961
captured time:        74.0975

     iter/sec:         0.6393
//////////////////////////////////////////////
