 //////////////////////////////////////
 Initializating Rayleigh...

 -- Initalizing MPI...
 ---- Specified parameters:
 ---- NCPU  :    256
 ---- NPROW :      8
 ---- NPCOL :     32
 -- MPI initialized.


 -- Initalizing Grid...
 ---- Specified parameters ----
 ---- N_R                 :     64
 ---- N_THETA             :   1536
 ---- Ell_MAX             :   1023
 ---- R_MIN               :  5.38462E-01
 ---- R_MAX               :  1.53846E+00
 ---- Chebyshev Domains   :      1

        Domain 1
          Grid points           :  64
          Dealiased Polynomials :  42
          Domain Lower Bound    :  5.38462E-01
          Domain Upper Bound    :  1.53846E+00

 -- Grid initialized.

 -- Initalizing Reference State...
 ---- Specified parameters:
 ---- Reference type           :  Boussinesq (Non-dimensional)
 ---- Rayleigh Number          :  1.00000E+05
 ---- Ekman Number             :  1.00000E-03
 ---- Prandtl Number           :  1.00000E+00
 ---- Magnetic Prandtl Number  :  5.00000E+00
 -- Reference State initialized.

 -- Initializing Fields...
 ---- Specified parameters:
 ---- Hydro Init Type    : Benchmark (Christensen et al. 2001)
 ---- Magnetic Init Type : Benchmark (Christensen et al. 2001)
 -- Fields initialized.

 Initialization Complete.
 //////////////////////////////////////

 Timestep has changed from  0.00000E+00 to  1.00000E-04.
 Iteration:  00000001   DeltaT:  1.000E-04   Iter/sec:  0.000E+00
 Timestep has changed from  1.00000E-04 to  4.46409E-06.
 Iteration:  00000002   DeltaT:  4.464E-06   Iter/sec:  6.339E-02
 Iteration:  00000003   DeltaT:  4.464E-06   Iter/sec:  3.471E-01
 Iteration:  00000004   DeltaT:  4.464E-06   Iter/sec:  3.496E-01
 Iteration:  00000005   DeltaT:  4.464E-06   Iter/sec:  3.553E-01
 Iteration:  00000006   DeltaT:  4.464E-06   Iter/sec:  3.562E-01
 Iteration:  00000007   DeltaT:  4.464E-06   Iter/sec:  3.620E-01
 Iteration:  00000008   DeltaT:  4.464E-06   Iter/sec:  3.477E-01
 Iteration:  00000009   DeltaT:  4.464E-06   Iter/sec:  3.564E-01
 Iteration:  00000010   DeltaT:  4.464E-06   Iter/sec:  3.485E-01
 Iteration:  00000011   DeltaT:  4.464E-06   Iter/sec:  3.609E-01
 Iteration:  00000012   DeltaT:  4.464E-06   Iter/sec:  3.458E-01
 Iteration:  00000013   DeltaT:  4.464E-06   Iter/sec:  3.657E-01
 Iteration:  00000014   DeltaT:  4.464E-06   Iter/sec:  3.492E-01
 Iteration:  00000015   DeltaT:  4.464E-06   Iter/sec:  3.543E-01
 Iteration:  00000016   DeltaT:  4.464E-06   Iter/sec:  3.612E-01
 Iteration:  00000017   DeltaT:  4.464E-06   Iter/sec:  3.543E-01
 Iteration:  00000018   DeltaT:  4.464E-06   Iter/sec:  3.542E-01
 Iteration:  00000019   DeltaT:  4.464E-06   Iter/sec:  3.566E-01
 Iteration:  00000020   DeltaT:  4.464E-06   Iter/sec:  3.457E-01
 Iteration:  00000021   DeltaT:  4.464E-06   Iter/sec:  3.576E-01
 Iteration:  00000022   DeltaT:  4.464E-06   Iter/sec:  3.525E-01
 Iteration:  00000023   DeltaT:  4.464E-06   Iter/sec:  3.437E-01
 Iteration:  00000024   DeltaT:  4.464E-06   Iter/sec:  3.600E-01
 Iteration:  00000025   DeltaT:  4.464E-06   Iter/sec:  3.459E-01
 Iteration:  00000026   DeltaT:  4.464E-06   Iter/sec:  3.604E-01
 Iteration:  00000027   DeltaT:  4.464E-06   Iter/sec:  3.580E-01
 Iteration:  00000028   DeltaT:  4.464E-06   Iter/sec:  3.493E-01
 Iteration:  00000029   DeltaT:  4.464E-06   Iter/sec:  3.620E-01
 Iteration:  00000030   DeltaT:  4.464E-06   Iter/sec:  3.564E-01
 Iteration:  00000031   DeltaT:  4.464E-06   Iter/sec:  3.541E-01
 Iteration:  00000032   DeltaT:  4.464E-06   Iter/sec:  3.560E-01
 Iteration:  00000033   DeltaT:  4.464E-06   Iter/sec:  3.546E-01
 Iteration:  00000034   DeltaT:  4.464E-06   Iter/sec:  3.549E-01
 Iteration:  00000035   DeltaT:  4.464E-06   Iter/sec:  3.461E-01
 Iteration:  00000036   DeltaT:  4.464E-06   Iter/sec:  3.553E-01
 Iteration:  00000037   DeltaT:  4.464E-06   Iter/sec:  3.643E-01
 Iteration:  00000038   DeltaT:  4.464E-06   Iter/sec:  3.476E-01
 Iteration:  00000039   DeltaT:  4.464E-06   Iter/sec:  3.572E-01
 Iteration:  00000040   DeltaT:  4.464E-06   Iter/sec:  3.660E-01
 Iteration:  00000041   DeltaT:  4.464E-06   Iter/sec:  3.448E-01
 Iteration:  00000042   DeltaT:  4.464E-06   Iter/sec:  3.547E-01
 Iteration:  00000043   DeltaT:  4.464E-06   Iter/sec:  3.535E-01
 Iteration:  00000044   DeltaT:  4.464E-06   Iter/sec:  3.558E-01
 Iteration:  00000045   DeltaT:  4.464E-06   Iter/sec:  3.595E-01
 Iteration:  00000046   DeltaT:  4.464E-06   Iter/sec:  3.506E-01
 Iteration:  00000047   DeltaT:  4.464E-06   Iter/sec:  3.577E-01
 Iteration:  00000048   DeltaT:  4.464E-06   Iter/sec:  3.569E-01
 Iteration:  00000049   DeltaT:  4.464E-06   Iter/sec:  3.501E-01
 Iteration:  00000050   DeltaT:  4.464E-06   Iter/sec:  3.657E-01


//////////////////////////////////////////////
   Measured Timings for Process 0  (seconds)

 Elapsed time:       146.5890
  Column time:        30.1449
     Row time:        40.4698
Legendre time:        27.6182
     FFT time:         8.4240
   Solve time:         1.1205
    rlma time:         1.8748
    rlmb time:         1.2976
  pspace time:        16.2733
  psolve time:        11.9556
    dphi time:         0.6675
captured time:       139.8462

     iter/sec:         0.3411
//////////////////////////////////////////////
