 //////////////////////////////////////
 Initializating Rayleigh...

 -- Initalizing MPI...
 ---- Specified parameters:
 ---- NCPU  :    256
 ---- NPROW :     16
 ---- NPCOL :     16
 -- MPI initialized.


 -- Initalizing Grid...
 ---- Specified parameters ----
 ---- N_R                 :     64
 ---- N_THETA             :    768
 ---- Ell_MAX             :    511
 ---- R_MIN               :  5.38462E-01
 ---- R_MAX               :  1.53846E+00
 ---- Chebyshev Domains   :      1

        Domain 1
          Grid points           :  64
          Dealiased Polynomials :  42
          Domain Lower Bound    :  5.38462E-01
          Domain Upper Bound    :  1.53846E+00

 -- Grid initialized.

 -- Initalizing Reference State...
 ---- Specified parameters:
 ---- Reference type           :  Boussinesq (Non-dimensional)
 ---- Rayleigh Number          :  1.00000E+05
 ---- Ekman Number             :  1.00000E-03
 ---- Prandtl Number           :  1.00000E+00
 ---- Magnetic Prandtl Number  :  5.00000E+00
 -- Reference State initialized.

 -- Initializing Fields...
 ---- Specified parameters:
 ---- Hydro Init Type    : Benchmark (Christensen et al. 2001)
 ---- Magnetic Init Type : Benchmark (Christensen et al. 2001)
 -- Fields initialized.

 Initialization Complete.
 //////////////////////////////////////

 Timestep has changed from  0.00000E+00 to  1.00000E-04.
 Iteration:  00000001   DeltaT:  1.000E-04   Iter/sec:  0.000E+00
 Timestep has changed from  1.00000E-04 to  8.93257E-06.
 Iteration:  00000002   DeltaT:  8.933E-06   Iter/sec:  6.079E-01
 Iteration:  00000003   DeltaT:  8.933E-06   Iter/sec:  1.602E+00
 Iteration:  00000004   DeltaT:  8.933E-06   Iter/sec:  1.685E+00
 Iteration:  00000005   DeltaT:  8.933E-06   Iter/sec:  1.665E+00
 Iteration:  00000006   DeltaT:  8.933E-06   Iter/sec:  1.632E+00
 Iteration:  00000007   DeltaT:  8.933E-06   Iter/sec:  1.643E+00
 Iteration:  00000008   DeltaT:  8.933E-06   Iter/sec:  1.695E+00
 Iteration:  00000009   DeltaT:  8.933E-06   Iter/sec:  1.645E+00
 Iteration:  00000010   DeltaT:  8.933E-06   Iter/sec:  1.672E+00
 Iteration:  00000011   DeltaT:  8.933E-06   Iter/sec:  1.651E+00
 Iteration:  00000012   DeltaT:  8.933E-06   Iter/sec:  1.637E+00
 Iteration:  00000013   DeltaT:  8.933E-06   Iter/sec:  1.629E+00
 Iteration:  00000014   DeltaT:  8.933E-06   Iter/sec:  1.664E+00
 Iteration:  00000015   DeltaT:  8.933E-06   Iter/sec:  1.678E+00
 Iteration:  00000016   DeltaT:  8.933E-06   Iter/sec:  1.653E+00
 Iteration:  00000017   DeltaT:  8.933E-06   Iter/sec:  1.560E+00
 Iteration:  00000018   DeltaT:  8.933E-06   Iter/sec:  1.617E+00
 Iteration:  00000019   DeltaT:  8.933E-06   Iter/sec:  1.663E+00
 Iteration:  00000020   DeltaT:  8.933E-06   Iter/sec:  1.682E+00
 Iteration:  00000021   DeltaT:  8.933E-06   Iter/sec:  1.609E+00
 Iteration:  00000022   DeltaT:  8.933E-06   Iter/sec:  1.689E+00
 Iteration:  00000023   DeltaT:  8.933E-06   Iter/sec:  1.667E+00
 Iteration:  00000024   DeltaT:  8.933E-06   Iter/sec:  1.664E+00
 Iteration:  00000025   DeltaT:  8.933E-06   Iter/sec:  1.618E+00
 Iteration:  00000026   DeltaT:  8.933E-06   Iter/sec:  1.669E+00
 Iteration:  00000027   DeltaT:  8.933E-06   Iter/sec:  1.661E+00
 Iteration:  00000028   DeltaT:  8.933E-06   Iter/sec:  1.671E+00
 Iteration:  00000029   DeltaT:  8.933E-06   Iter/sec:  1.687E+00
 Iteration:  00000030   DeltaT:  8.933E-06   Iter/sec:  1.615E+00
 Iteration:  00000031   DeltaT:  8.933E-06   Iter/sec:  1.688E+00
 Iteration:  00000032   DeltaT:  8.933E-06   Iter/sec:  1.648E+00
 Iteration:  00000033   DeltaT:  8.933E-06   Iter/sec:  1.666E+00
 Iteration:  00000034   DeltaT:  8.933E-06   Iter/sec:  1.674E+00
 Iteration:  00000035   DeltaT:  8.933E-06   Iter/sec:  1.677E+00
 Iteration:  00000036   DeltaT:  8.933E-06   Iter/sec:  1.622E+00
 Iteration:  00000037   DeltaT:  8.933E-06   Iter/sec:  1.611E+00
 Iteration:  00000038   DeltaT:  8.933E-06   Iter/sec:  1.678E+00
 Iteration:  00000039   DeltaT:  8.933E-06   Iter/sec:  1.646E+00
 Iteration:  00000040   DeltaT:  8.933E-06   Iter/sec:  1.666E+00
 Iteration:  00000041   DeltaT:  8.933E-06   Iter/sec:  1.636E+00
 Iteration:  00000042   DeltaT:  8.933E-06   Iter/sec:  1.674E+00
 Iteration:  00000043   DeltaT:  8.933E-06   Iter/sec:  1.669E+00
 Iteration:  00000044   DeltaT:  8.933E-06   Iter/sec:  1.667E+00
 Iteration:  00000045   DeltaT:  8.933E-06   Iter/sec:  1.654E+00
 Iteration:  00000046   DeltaT:  8.933E-06   Iter/sec:  1.667E+00
 Iteration:  00000047   DeltaT:  8.933E-06   Iter/sec:  1.665E+00
 Iteration:  00000048   DeltaT:  8.933E-06   Iter/sec:  1.662E+00
 Iteration:  00000049   DeltaT:  8.933E-06   Iter/sec:  1.630E+00
 Iteration:  00000050   DeltaT:  8.933E-06   Iter/sec:  1.689E+00


//////////////////////////////////////////////
   Measured Timings for Process 0  (seconds)

 Elapsed time:        31.1769
  Column time:         5.0859
     Row time:        10.0835
Legendre time:         4.2361
     FFT time:         1.8860
   Solve time:         0.3957
    rlma time:         0.3600
    rlmb time:         0.1888
  pspace time:         4.5732
  psolve time:         2.8875
    dphi time:         0.2609
captured time:        29.9578

     iter/sec:         1.6038
//////////////////////////////////////////////
