 //////////////////////////////////////
 Initializating Rayleigh...

 -- Initalizing MPI...
 ---- Specified parameters:
 ---- NCPU  :   1024
 ---- NPROW :     16
 ---- NPCOL :     64
 -- MPI initialized.


 -- Initalizing Grid...
 ---- Specified parameters ----
 ---- N_R                 :    128
 ---- N_THETA             :   1536
 ---- Ell_MAX             :   1023
 ---- R_MIN               :  5.38462E-01
 ---- R_MAX               :  1.53846E+00
 ---- Chebyshev Domains   :      1

        Domain 1
          Grid points           :  128
          Dealiased Polynomials :  85
          Domain Lower Bound    :  5.38462E-01
          Domain Upper Bound    :  1.53846E+00

 -- Grid initialized.

 -- Initalizing Reference State...
 ---- Specified parameters:
 ---- Reference type           :  Boussinesq (Non-dimensional)
 ---- Rayleigh Number          :  1.00000E+05
 ---- Ekman Number             :  1.00000E-03
 ---- Prandtl Number           :  1.00000E+00
 ---- Magnetic Prandtl Number  :  5.00000E+00
 -- Reference State initialized.

 -- Initializing Fields...
 ---- Specified parameters:
 ---- Hydro Init Type    : Benchmark (Christensen et al. 2001)
 ---- Magnetic Init Type : Benchmark (Christensen et al. 2001)
 -- Fields initialized.

 Initialization Complete.
 //////////////////////////////////////

 Timestep has changed from  0.00000E+00 to  1.00000E-04.
 Iteration:  00000001   DeltaT:  1.000E-04   Iter/sec:  0.000E+00
 Timestep has changed from  1.00000E-04 to  2.55561E-06.
 Iteration:  00000002   DeltaT:  2.556E-06   Iter/sec:  1.191E-01
 Iteration:  00000003   DeltaT:  2.556E-06   Iter/sec:  6.320E-01
 Iteration:  00000004   DeltaT:  2.556E-06   Iter/sec:  6.794E-01
 Iteration:  00000005   DeltaT:  2.556E-06   Iter/sec:  6.580E-01
 Iteration:  00000006   DeltaT:  2.556E-06   Iter/sec:  6.788E-01
 Iteration:  00000007   DeltaT:  2.556E-06   Iter/sec:  6.772E-01
 Iteration:  00000008   DeltaT:  2.556E-06   Iter/sec:  6.788E-01
 Iteration:  00000009   DeltaT:  2.556E-06   Iter/sec:  6.570E-01
 Iteration:  00000010   DeltaT:  2.556E-06   Iter/sec:  6.659E-01
 Iteration:  00000011   DeltaT:  2.556E-06   Iter/sec:  6.879E-01
 Iteration:  00000012   DeltaT:  2.556E-06   Iter/sec:  6.472E-01
 Iteration:  00000013   DeltaT:  2.556E-06   Iter/sec:  6.674E-01
 Iteration:  00000014   DeltaT:  2.556E-06   Iter/sec:  6.813E-01
 Iteration:  00000015   DeltaT:  2.556E-06   Iter/sec:  6.435E-01
 Iteration:  00000016   DeltaT:  2.556E-06   Iter/sec:  6.650E-01
 Iteration:  00000017   DeltaT:  2.556E-06   Iter/sec:  6.784E-01
 Iteration:  00000018   DeltaT:  2.556E-06   Iter/sec:  6.478E-01
 Iteration:  00000019   DeltaT:  2.556E-06   Iter/sec:  6.683E-01
 Iteration:  00000020   DeltaT:  2.556E-06   Iter/sec:  6.823E-01
 Iteration:  00000021   DeltaT:  2.556E-06   Iter/sec:  6.402E-01
 Iteration:  00000022   DeltaT:  2.556E-06   Iter/sec:  6.743E-01
 Iteration:  00000023   DeltaT:  2.556E-06   Iter/sec:  6.811E-01
 Iteration:  00000024   DeltaT:  2.556E-06   Iter/sec:  6.323E-01
 Iteration:  00000025   DeltaT:  2.556E-06   Iter/sec:  6.758E-01
 Iteration:  00000026   DeltaT:  2.556E-06   Iter/sec:  6.782E-01
 Iteration:  00000027   DeltaT:  2.556E-06   Iter/sec:  6.352E-01
 Iteration:  00000028   DeltaT:  2.556E-06   Iter/sec:  6.756E-01
 Iteration:  00000029   DeltaT:  2.556E-06   Iter/sec:  6.816E-01
 Iteration:  00000030   DeltaT:  2.556E-06   Iter/sec:  6.365E-01
 Iteration:  00000031   DeltaT:  2.556E-06   Iter/sec:  6.620E-01
 Iteration:  00000032   DeltaT:  2.556E-06   Iter/sec:  6.875E-01
 Iteration:  00000033   DeltaT:  2.556E-06   Iter/sec:  6.685E-01
 Iteration:  00000034   DeltaT:  2.556E-06   Iter/sec:  6.450E-01
 Iteration:  00000035   DeltaT:  2.556E-06   Iter/sec:  6.828E-01
 Iteration:  00000036   DeltaT:  2.556E-06   Iter/sec:  6.691E-01
 Iteration:  00000037   DeltaT:  2.556E-06   Iter/sec:  6.553E-01
 Iteration:  00000038   DeltaT:  2.556E-06   Iter/sec:  6.911E-01
 Iteration:  00000039   DeltaT:  2.556E-06   Iter/sec:  6.741E-01
 Iteration:  00000040   DeltaT:  2.556E-06   Iter/sec:  6.546E-01
 Iteration:  00000041   DeltaT:  2.556E-06   Iter/sec:  6.757E-01
 Iteration:  00000042   DeltaT:  2.556E-06   Iter/sec:  6.805E-01
 Iteration:  00000043   DeltaT:  2.556E-06   Iter/sec:  6.557E-01
 Iteration:  00000044   DeltaT:  2.556E-06   Iter/sec:  6.689E-01
 Iteration:  00000045   DeltaT:  2.556E-06   Iter/sec:  6.817E-01
 Iteration:  00000046   DeltaT:  2.556E-06   Iter/sec:  6.451E-01
 Iteration:  00000047   DeltaT:  2.556E-06   Iter/sec:  6.562E-01
 Iteration:  00000048   DeltaT:  2.556E-06   Iter/sec:  6.949E-01
 Iteration:  00000049   DeltaT:  2.556E-06   Iter/sec:  6.595E-01
 Iteration:  00000050   DeltaT:  2.556E-06   Iter/sec:  6.898E-01


//////////////////////////////////////////////
   Measured Timings for Process 0  (seconds)

 Elapsed time:        78.3821
  Column time:        17.2251
     Row time:        20.2391
Legendre time:        13.7983
     FFT time:         4.1726
   Solve time:         1.2405
    rlma time:         1.0338
    rlmb time:         0.5639
  pspace time:         9.0831
  psolve time:         6.5442
    dphi time:         0.5103
captured time:        74.4109

     iter/sec:         0.6379
//////////////////////////////////////////////
