 //////////////////////////////////////
 Initializating Rayleigh...

 -- Initalizing MPI...
 ---- Specified parameters:
 ---- NCPU  :   1024
 ---- NPROW :     64
 ---- NPCOL :     16
 -- MPI initialized.


 -- Initalizing Grid...
 ---- Specified parameters ----
 ---- N_R                 :     64
 ---- N_THETA             :    768
 ---- Ell_MAX             :    511
 ---- R_MIN               :  5.38462E-01
 ---- R_MAX               :  1.53846E+00
 ---- Chebyshev Domains   :      1

        Domain 1
          Grid points           :  64
          Dealiased Polynomials :  42
          Domain Lower Bound    :  5.38462E-01
          Domain Upper Bound    :  1.53846E+00

 -- Grid initialized.

 -- Initalizing Reference State...
 ---- Specified parameters:
 ---- Reference type           :  Boussinesq (Non-dimensional)
 ---- Rayleigh Number          :  1.00000E+05
 ---- Ekman Number             :  1.00000E-03
 ---- Prandtl Number           :  1.00000E+00
 ---- Magnetic Prandtl Number  :  5.00000E+00
 -- Reference State initialized.

 -- Initializing Fields...
 ---- Specified parameters:
 ---- Hydro Init Type    : Benchmark (Christensen et al. 2001)
 ---- Magnetic Init Type : Benchmark (Christensen et al. 2001)
 -- Fields initialized.

 Initialization Complete.
 //////////////////////////////////////

 Timestep has changed from  0.00000E+00 to  1.00000E-04.
 Iteration:  00000001   DeltaT:  1.000E-04   Iter/sec:  0.000E+00
 Timestep has changed from  1.00000E-04 to  8.93257E-06.
 Iteration:  00000002   DeltaT:  8.933E-06   Iter/sec:  1.509E+00
 Iteration:  00000003   DeltaT:  8.933E-06   Iter/sec:  4.668E+00
 Iteration:  00000004   DeltaT:  8.933E-06   Iter/sec:  5.683E+00
 Iteration:  00000005   DeltaT:  8.933E-06   Iter/sec:  5.069E+00
 Iteration:  00000006   DeltaT:  8.933E-06   Iter/sec:  5.403E+00
 Iteration:  00000007   DeltaT:  8.933E-06   Iter/sec:  5.821E+00
 Iteration:  00000008   DeltaT:  8.933E-06   Iter/sec:  4.997E+00
 Iteration:  00000009   DeltaT:  8.933E-06   Iter/sec:  5.097E+00
 Iteration:  00000010   DeltaT:  8.933E-06   Iter/sec:  5.570E+00
 Iteration:  00000011   DeltaT:  8.933E-06   Iter/sec:  5.697E+00
 Iteration:  00000012   DeltaT:  8.933E-06   Iter/sec:  5.340E+00
 Iteration:  00000013   DeltaT:  8.933E-06   Iter/sec:  5.472E+00
 Iteration:  00000014   DeltaT:  8.933E-06   Iter/sec:  5.696E+00
 Iteration:  00000015   DeltaT:  8.933E-06   Iter/sec:  5.201E+00
 Iteration:  00000016   DeltaT:  8.933E-06   Iter/sec:  5.058E+00
 Iteration:  00000017   DeltaT:  8.933E-06   Iter/sec:  5.660E+00
 Iteration:  00000018   DeltaT:  8.933E-06   Iter/sec:  5.710E+00
 Iteration:  00000019   DeltaT:  8.933E-06   Iter/sec:  5.617E+00
 Iteration:  00000020   DeltaT:  8.933E-06   Iter/sec:  5.495E+00
 Iteration:  00000021   DeltaT:  8.933E-06   Iter/sec:  5.763E+00
 Iteration:  00000022   DeltaT:  8.933E-06   Iter/sec:  4.798E+00
 Iteration:  00000023   DeltaT:  8.933E-06   Iter/sec:  5.200E+00
 Iteration:  00000024   DeltaT:  8.933E-06   Iter/sec:  5.594E+00
 Iteration:  00000025   DeltaT:  8.933E-06   Iter/sec:  5.595E+00
 Iteration:  00000026   DeltaT:  8.933E-06   Iter/sec:  5.429E+00
 Iteration:  00000027   DeltaT:  8.933E-06   Iter/sec:  5.924E+00
 Iteration:  00000028   DeltaT:  8.933E-06   Iter/sec:  5.897E+00
 Iteration:  00000029   DeltaT:  8.933E-06   Iter/sec:  5.479E+00
 Iteration:  00000030   DeltaT:  8.933E-06   Iter/sec:  4.924E+00
 Iteration:  00000031   DeltaT:  8.933E-06   Iter/sec:  5.632E+00
 Iteration:  00000032   DeltaT:  8.933E-06   Iter/sec:  5.603E+00
 Iteration:  00000033   DeltaT:  8.933E-06   Iter/sec:  5.158E+00
 Iteration:  00000034   DeltaT:  8.933E-06   Iter/sec:  5.628E+00
 Iteration:  00000035   DeltaT:  8.933E-06   Iter/sec:  5.705E+00
 Iteration:  00000036   DeltaT:  8.933E-06   Iter/sec:  5.640E+00
 Iteration:  00000037   DeltaT:  8.933E-06   Iter/sec:  4.960E+00
 Iteration:  00000038   DeltaT:  8.933E-06   Iter/sec:  5.586E+00
 Iteration:  00000039   DeltaT:  8.933E-06   Iter/sec:  5.590E+00
 Iteration:  00000040   DeltaT:  8.933E-06   Iter/sec:  4.685E+00
 Iteration:  00000041   DeltaT:  8.933E-06   Iter/sec:  6.023E+00
 Iteration:  00000042   DeltaT:  8.933E-06   Iter/sec:  5.833E+00
 Iteration:  00000043   DeltaT:  8.933E-06   Iter/sec:  5.664E+00
 Iteration:  00000044   DeltaT:  8.933E-06   Iter/sec:  4.787E+00
 Iteration:  00000045   DeltaT:  8.933E-06   Iter/sec:  5.715E+00
 Iteration:  00000046   DeltaT:  8.933E-06   Iter/sec:  5.477E+00
 Iteration:  00000047   DeltaT:  8.933E-06   Iter/sec:  5.055E+00
 Iteration:  00000048   DeltaT:  8.933E-06   Iter/sec:  5.632E+00
 Iteration:  00000049   DeltaT:  8.933E-06   Iter/sec:  5.926E+00
 Iteration:  00000050   DeltaT:  8.933E-06   Iter/sec:  5.602E+00


//////////////////////////////////////////////
   Measured Timings for Process 0  (seconds)

 Elapsed time:        10.0993
  Column time:         2.4875
     Row time:         3.6276
Legendre time:         0.9204
     FFT time:         0.4687
   Solve time:         0.2042
    rlma time:         0.0877
    rlmb time:         0.0396
  pspace time:         0.8474
  psolve time:         0.5083
    dphi time:         0.0405
captured time:         9.2320

     iter/sec:         4.9508
//////////////////////////////////////////////
