 //////////////////////////////////////
 Initializating Rayleigh...

 -- Initalizing MPI...
 ---- Specified parameters:
 ---- NCPU  :    512
 ---- NPROW :     32
 ---- NPCOL :     16
 -- MPI initialized.


 -- Initalizing Grid...
 ---- Specified parameters ----
 ---- N_R                 :     64
 ---- N_THETA             :    768
 ---- Ell_MAX             :    511
 ---- R_MIN               :  5.38462E-01
 ---- R_MAX               :  1.53846E+00
 ---- Chebyshev Domains   :      1

        Domain 1
          Grid points           :  64
          Dealiased Polynomials :  42
          Domain Lower Bound    :  5.38462E-01
          Domain Upper Bound    :  1.53846E+00

 -- Grid initialized.

 -- Initalizing Reference State...
 ---- Specified parameters:
 ---- Reference type           :  Boussinesq (Non-dimensional)
 ---- Rayleigh Number          :  1.00000E+05
 ---- Ekman Number             :  1.00000E-03
 ---- Prandtl Number           :  1.00000E+00
 ---- Magnetic Prandtl Number  :  5.00000E+00
 -- Reference State initialized.

 -- Initializing Fields...
 ---- Specified parameters:
 ---- Hydro Init Type    : Benchmark (Christensen et al. 2001)
 ---- Magnetic Init Type : Benchmark (Christensen et al. 2001)
 -- Fields initialized.

 Initialization Complete.
 //////////////////////////////////////

 Timestep has changed from  0.00000E+00 to  1.00000E-04.
 Iteration:  00000001   DeltaT:  1.000E-04   Iter/sec:  0.000E+00
 Timestep has changed from  1.00000E-04 to  8.93257E-06.
 Iteration:  00000002   DeltaT:  8.933E-06   Iter/sec:  9.134E-01
 Iteration:  00000003   DeltaT:  8.933E-06   Iter/sec:  2.761E+00
 Iteration:  00000004   DeltaT:  8.933E-06   Iter/sec:  3.044E+00
 Iteration:  00000005   DeltaT:  8.933E-06   Iter/sec:  3.031E+00
 Iteration:  00000006   DeltaT:  8.933E-06   Iter/sec:  3.030E+00
 Iteration:  00000007   DeltaT:  8.933E-06   Iter/sec:  3.082E+00
 Iteration:  00000008   DeltaT:  8.933E-06   Iter/sec:  2.947E+00
 Iteration:  00000009   DeltaT:  8.933E-06   Iter/sec:  3.086E+00
 Iteration:  00000010   DeltaT:  8.933E-06   Iter/sec:  3.095E+00
 Iteration:  00000011   DeltaT:  8.933E-06   Iter/sec:  3.031E+00
 Iteration:  00000012   DeltaT:  8.933E-06   Iter/sec:  3.102E+00
 Iteration:  00000013   DeltaT:  8.933E-06   Iter/sec:  2.993E+00
 Iteration:  00000014   DeltaT:  8.933E-06   Iter/sec:  3.068E+00
 Iteration:  00000015   DeltaT:  8.933E-06   Iter/sec:  3.009E+00
 Iteration:  00000016   DeltaT:  8.933E-06   Iter/sec:  3.056E+00
 Iteration:  00000017   DeltaT:  8.933E-06   Iter/sec:  2.953E+00
 Iteration:  00000018   DeltaT:  8.933E-06   Iter/sec:  3.121E+00
 Iteration:  00000019   DeltaT:  8.933E-06   Iter/sec:  2.991E+00
 Iteration:  00000020   DeltaT:  8.933E-06   Iter/sec:  3.049E+00
 Iteration:  00000021   DeltaT:  8.933E-06   Iter/sec:  3.087E+00
 Iteration:  00000022   DeltaT:  8.933E-06   Iter/sec:  3.040E+00
 Iteration:  00000023   DeltaT:  8.933E-06   Iter/sec:  3.100E+00
 Iteration:  00000024   DeltaT:  8.933E-06   Iter/sec:  3.007E+00
 Iteration:  00000025   DeltaT:  8.933E-06   Iter/sec:  2.993E+00
 Iteration:  00000026   DeltaT:  8.933E-06   Iter/sec:  3.051E+00
 Iteration:  00000027   DeltaT:  8.933E-06   Iter/sec:  3.088E+00
 Iteration:  00000028   DeltaT:  8.933E-06   Iter/sec:  2.952E+00
 Iteration:  00000029   DeltaT:  8.933E-06   Iter/sec:  3.134E+00
 Iteration:  00000030   DeltaT:  8.933E-06   Iter/sec:  2.998E+00
 Iteration:  00000031   DeltaT:  8.933E-06   Iter/sec:  3.076E+00
 Iteration:  00000032   DeltaT:  8.933E-06   Iter/sec:  3.099E+00
 Iteration:  00000033   DeltaT:  8.933E-06   Iter/sec:  3.032E+00
 Iteration:  00000034   DeltaT:  8.933E-06   Iter/sec:  3.024E+00
 Iteration:  00000035   DeltaT:  8.933E-06   Iter/sec:  3.003E+00
 Iteration:  00000036   DeltaT:  8.933E-06   Iter/sec:  3.064E+00
 Iteration:  00000037   DeltaT:  8.933E-06   Iter/sec:  3.033E+00
 Iteration:  00000038   DeltaT:  8.933E-06   Iter/sec:  3.073E+00
 Iteration:  00000039   DeltaT:  8.933E-06   Iter/sec:  3.088E+00
 Iteration:  00000040   DeltaT:  8.933E-06   Iter/sec:  3.028E+00
 Iteration:  00000041   DeltaT:  8.933E-06   Iter/sec:  3.026E+00
 Iteration:  00000042   DeltaT:  8.933E-06   Iter/sec:  3.030E+00
 Iteration:  00000043   DeltaT:  8.933E-06   Iter/sec:  3.046E+00
 Iteration:  00000044   DeltaT:  8.933E-06   Iter/sec:  3.065E+00
 Iteration:  00000045   DeltaT:  8.933E-06   Iter/sec:  3.104E+00
 Iteration:  00000046   DeltaT:  8.933E-06   Iter/sec:  3.010E+00
 Iteration:  00000047   DeltaT:  8.933E-06   Iter/sec:  3.006E+00
 Iteration:  00000048   DeltaT:  8.933E-06   Iter/sec:  3.045E+00
 Iteration:  00000049   DeltaT:  8.933E-06   Iter/sec:  2.998E+00
 Iteration:  00000050   DeltaT:  8.933E-06   Iter/sec:  3.032E+00


//////////////////////////////////////////////
   Measured Timings for Process 0  (seconds)

 Elapsed time:        17.6529
  Column time:         3.3165
     Row time:         6.6150
Legendre time:         1.9785
     FFT time:         0.9182
   Solve time:         0.2357
    rlma time:         0.1759
    rlmb time:         0.0805
  pspace time:         1.8175
  psolve time:         1.1665
    dphi time:         0.0678
captured time:        16.3720

     iter/sec:         2.8324
//////////////////////////////////////////////
