 //////////////////////////////////////
 Initializating Rayleigh...

 -- Initalizing MPI...
 ---- Specified parameters:
 ---- NCPU  :   2048
 ---- NPROW :     32
 ---- NPCOL :     64
 -- MPI initialized.


 -- Initalizing Grid...
 ---- Specified parameters ----
 ---- N_R                 :     64
 ---- N_THETA             :   1536
 ---- Ell_MAX             :   1023
 ---- R_MIN               :  5.38462E-01
 ---- R_MAX               :  1.53846E+00
 ---- Chebyshev Domains   :      1

        Domain 1
          Grid points           :  64
          Dealiased Polynomials :  42
          Domain Lower Bound    :  5.38462E-01
          Domain Upper Bound    :  1.53846E+00

 -- Grid initialized.

 -- Initalizing Reference State...
 ---- Specified parameters:
 ---- Reference type           :  Boussinesq (Non-dimensional)
 ---- Rayleigh Number          :  1.00000E+05
 ---- Ekman Number             :  1.00000E-03
 ---- Prandtl Number           :  1.00000E+00
 ---- Magnetic Prandtl Number  :  5.00000E+00
 -- Reference State initialized.

 -- Initializing Fields...
 ---- Specified parameters:
 ---- Hydro Init Type    : Benchmark (Christensen et al. 2001)
 ---- Magnetic Init Type : Benchmark (Christensen et al. 2001)
 -- Fields initialized.

 Initialization Complete.
 //////////////////////////////////////

 Timestep has changed from  0.00000E+00 to  1.00000E-04.
 Iteration:  00000001   DeltaT:  1.000E-04   Iter/sec:  0.000E+00
 Timestep has changed from  1.00000E-04 to  4.46409E-06.
 Iteration:  00000002   DeltaT:  4.464E-06   Iter/sec:  2.313E-01
 Iteration:  00000003   DeltaT:  4.464E-06   Iter/sec:  1.879E+00
 Iteration:  00000004   DeltaT:  4.464E-06   Iter/sec:  1.894E+00
 Iteration:  00000005   DeltaT:  4.464E-06   Iter/sec:  2.079E+00
 Iteration:  00000006   DeltaT:  4.464E-06   Iter/sec:  2.232E+00
 Iteration:  00000007   DeltaT:  4.464E-06   Iter/sec:  1.983E+00
 Iteration:  00000008   DeltaT:  4.464E-06   Iter/sec:  1.872E+00
 Iteration:  00000009   DeltaT:  4.464E-06   Iter/sec:  2.037E+00
 Iteration:  00000010   DeltaT:  4.464E-06   Iter/sec:  2.314E+00
 Iteration:  00000011   DeltaT:  4.464E-06   Iter/sec:  1.870E+00
 Iteration:  00000012   DeltaT:  4.464E-06   Iter/sec:  1.890E+00
 Iteration:  00000013   DeltaT:  4.464E-06   Iter/sec:  2.119E+00
 Iteration:  00000014   DeltaT:  4.464E-06   Iter/sec:  2.238E+00
 Iteration:  00000015   DeltaT:  4.464E-06   Iter/sec:  1.924E+00
 Iteration:  00000016   DeltaT:  4.464E-06   Iter/sec:  1.945E+00
 Iteration:  00000017   DeltaT:  4.464E-06   Iter/sec:  1.960E+00
 Iteration:  00000018   DeltaT:  4.464E-06   Iter/sec:  2.381E+00
 Iteration:  00000019   DeltaT:  4.464E-06   Iter/sec:  1.894E+00
 Iteration:  00000020   DeltaT:  4.464E-06   Iter/sec:  1.948E+00
 Iteration:  00000021   DeltaT:  4.464E-06   Iter/sec:  2.010E+00
 Iteration:  00000022   DeltaT:  4.464E-06   Iter/sec:  2.367E+00
 Iteration:  00000023   DeltaT:  4.464E-06   Iter/sec:  1.902E+00
 Iteration:  00000024   DeltaT:  4.464E-06   Iter/sec:  1.870E+00
 Iteration:  00000025   DeltaT:  4.464E-06   Iter/sec:  2.080E+00
 Iteration:  00000026   DeltaT:  4.464E-06   Iter/sec:  2.212E+00
 Iteration:  00000027   DeltaT:  4.464E-06   Iter/sec:  1.943E+00
 Iteration:  00000028   DeltaT:  4.464E-06   Iter/sec:  1.862E+00
 Iteration:  00000029   DeltaT:  4.464E-06   Iter/sec:  2.152E+00
 Iteration:  00000030   DeltaT:  4.464E-06   Iter/sec:  2.260E+00
 Iteration:  00000031   DeltaT:  4.464E-06   Iter/sec:  1.923E+00
 Iteration:  00000032   DeltaT:  4.464E-06   Iter/sec:  1.893E+00
 Iteration:  00000033   DeltaT:  4.464E-06   Iter/sec:  2.018E+00
 Iteration:  00000034   DeltaT:  4.464E-06   Iter/sec:  2.150E+00
 Iteration:  00000035   DeltaT:  4.464E-06   Iter/sec:  2.008E+00
 Iteration:  00000036   DeltaT:  4.464E-06   Iter/sec:  1.911E+00
 Iteration:  00000037   DeltaT:  4.464E-06   Iter/sec:  2.032E+00
 Iteration:  00000038   DeltaT:  4.464E-06   Iter/sec:  2.169E+00
 Iteration:  00000039   DeltaT:  4.464E-06   Iter/sec:  1.985E+00
 Iteration:  00000040   DeltaT:  4.464E-06   Iter/sec:  1.943E+00
 Iteration:  00000041   DeltaT:  4.464E-06   Iter/sec:  2.083E+00
 Iteration:  00000042   DeltaT:  4.464E-06   Iter/sec:  2.239E+00
 Iteration:  00000043   DeltaT:  4.464E-06   Iter/sec:  1.954E+00
 Iteration:  00000044   DeltaT:  4.464E-06   Iter/sec:  1.845E+00
 Iteration:  00000045   DeltaT:  4.464E-06   Iter/sec:  2.025E+00
 Iteration:  00000046   DeltaT:  4.464E-06   Iter/sec:  2.287E+00
 Iteration:  00000047   DeltaT:  4.464E-06   Iter/sec:  1.903E+00
 Iteration:  00000048   DeltaT:  4.464E-06   Iter/sec:  1.918E+00
 Iteration:  00000049   DeltaT:  4.464E-06   Iter/sec:  2.027E+00
 Iteration:  00000050   DeltaT:  4.464E-06   Iter/sec:  2.255E+00


//////////////////////////////////////////////
   Measured Timings for Process 0  (seconds)

 Elapsed time:        27.4401
  Column time:         9.7262
     Row time:         5.7339
Legendre time:         4.2314
     FFT time:         1.0626
   Solve time:         0.2004
    rlma time:         0.2646
    rlmb time:         0.1193
  pspace time:         1.8246
  psolve time:         1.2563
    dphi time:         0.0765
captured time:        24.4960

     iter/sec:         1.8221
//////////////////////////////////////////////
