 //////////////////////////////////////
 Initializating Rayleigh...

 -- Initalizing MPI...
 ---- Specified parameters:
 ---- NCPU  :    128
 ---- NPROW :      8
 ---- NPCOL :     16
 -- MPI initialized.


 -- Initalizing Grid...
 ---- Specified parameters ----
 ---- N_R                 :    128
 ---- N_THETA             :    768
 ---- Ell_MAX             :    511
 ---- R_MIN               :  5.38462E-01
 ---- R_MAX               :  1.53846E+00
 ---- Chebyshev Domains   :      1

        Domain 1
          Grid points           :  128
          Dealiased Polynomials :  85
          Domain Lower Bound    :  5.38462E-01
          Domain Upper Bound    :  1.53846E+00

 -- Grid initialized.

 -- Initalizing Reference State...
 ---- Specified parameters:
 ---- Reference type           :  Boussinesq (Non-dimensional)
 ---- Rayleigh Number          :  1.00000E+05
 ---- Ekman Number             :  1.00000E-03
 ---- Prandtl Number           :  1.00000E+00
 ---- Magnetic Prandtl Number  :  5.00000E+00
 -- Reference State initialized.

 -- Initializing Fields...
 ---- Specified parameters:
 ---- Hydro Init Type    : Benchmark (Christensen et al. 2001)
 ---- Magnetic Init Type : Benchmark (Christensen et al. 2001)
 -- Fields initialized.

 Initialization Complete.
 //////////////////////////////////////

 Timestep has changed from  0.00000E+00 to  1.00000E-04.
 Iteration:  00000001   DeltaT:  1.000E-04   Iter/sec:  0.000E+00
 Timestep has changed from  1.00000E-04 to  2.55562E-06.
 Iteration:  00000002   DeltaT:  2.556E-06   Iter/sec:  2.220E-01
 Iteration:  00000003   DeltaT:  2.556E-06   Iter/sec:  3.826E-01
 Iteration:  00000004   DeltaT:  2.556E-06   Iter/sec:  3.979E-01
 Iteration:  00000005   DeltaT:  2.556E-06   Iter/sec:  3.987E-01
 Iteration:  00000006   DeltaT:  2.556E-06   Iter/sec:  3.907E-01
 Iteration:  00000007   DeltaT:  2.556E-06   Iter/sec:  4.013E-01
 Iteration:  00000008   DeltaT:  2.556E-06   Iter/sec:  4.017E-01
 Iteration:  00000009   DeltaT:  2.556E-06   Iter/sec:  3.889E-01
 Iteration:  00000010   DeltaT:  2.556E-06   Iter/sec:  3.998E-01
 Iteration:  00000011   DeltaT:  2.556E-06   Iter/sec:  3.979E-01
 Iteration:  00000012   DeltaT:  2.556E-06   Iter/sec:  3.995E-01
 Iteration:  00000013   DeltaT:  2.556E-06   Iter/sec:  3.944E-01
 Iteration:  00000014   DeltaT:  2.556E-06   Iter/sec:  4.013E-01
 Iteration:  00000015   DeltaT:  2.556E-06   Iter/sec:  3.955E-01
 Iteration:  00000016   DeltaT:  2.556E-06   Iter/sec:  3.978E-01
 Iteration:  00000017   DeltaT:  2.556E-06   Iter/sec:  3.976E-01
 Iteration:  00000018   DeltaT:  2.556E-06   Iter/sec:  3.983E-01
 Iteration:  00000019   DeltaT:  2.556E-06   Iter/sec:  3.971E-01
 Iteration:  00000020   DeltaT:  2.556E-06   Iter/sec:  3.980E-01
 Iteration:  00000021   DeltaT:  2.556E-06   Iter/sec:  3.949E-01
 Iteration:  00000022   DeltaT:  2.556E-06   Iter/sec:  3.988E-01
 Iteration:  00000023   DeltaT:  2.556E-06   Iter/sec:  3.950E-01
 Iteration:  00000024   DeltaT:  2.556E-06   Iter/sec:  3.962E-01
 Iteration:  00000025   DeltaT:  2.556E-06   Iter/sec:  3.968E-01
 Iteration:  00000026   DeltaT:  2.556E-06   Iter/sec:  3.950E-01
 Iteration:  00000027   DeltaT:  2.556E-06   Iter/sec:  3.991E-01
 Iteration:  00000028   DeltaT:  2.556E-06   Iter/sec:  3.964E-01
 Iteration:  00000029   DeltaT:  2.556E-06   Iter/sec:  3.977E-01
 Iteration:  00000030   DeltaT:  2.556E-06   Iter/sec:  3.977E-01
 Iteration:  00000031   DeltaT:  2.556E-06   Iter/sec:  3.991E-01
 Iteration:  00000032   DeltaT:  2.556E-06   Iter/sec:  4.031E-01
 Iteration:  00000033   DeltaT:  2.556E-06   Iter/sec:  3.939E-01
 Iteration:  00000034   DeltaT:  2.556E-06   Iter/sec:  4.009E-01
 Iteration:  00000035   DeltaT:  2.556E-06   Iter/sec:  3.968E-01
 Iteration:  00000036   DeltaT:  2.556E-06   Iter/sec:  3.972E-01
 Iteration:  00000037   DeltaT:  2.556E-06   Iter/sec:  3.975E-01
 Iteration:  00000038   DeltaT:  2.556E-06   Iter/sec:  4.024E-01
 Iteration:  00000039   DeltaT:  2.556E-06   Iter/sec:  3.995E-01
 Iteration:  00000040   DeltaT:  2.556E-06   Iter/sec:  3.975E-01
 Iteration:  00000041   DeltaT:  2.556E-06   Iter/sec:  4.024E-01
 Iteration:  00000042   DeltaT:  2.556E-06   Iter/sec:  3.970E-01
 Iteration:  00000043   DeltaT:  2.556E-06   Iter/sec:  4.050E-01
 Iteration:  00000044   DeltaT:  2.556E-06   Iter/sec:  3.977E-01
 Iteration:  00000045   DeltaT:  2.556E-06   Iter/sec:  4.003E-01
 Iteration:  00000046   DeltaT:  2.556E-06   Iter/sec:  3.939E-01
 Iteration:  00000047   DeltaT:  2.556E-06   Iter/sec:  4.010E-01
 Iteration:  00000048   DeltaT:  2.556E-06   Iter/sec:  3.977E-01
 Iteration:  00000049   DeltaT:  2.556E-06   Iter/sec:  3.945E-01
 Iteration:  00000050   DeltaT:  2.556E-06   Iter/sec:  4.003E-01


//////////////////////////////////////////////
   Measured Timings for Process 0  (seconds)

 Elapsed time:       129.0984
  Column time:        18.4862
     Row time:        43.0652
Legendre time:        19.2177
     FFT time:         7.8045
   Solve time:         2.3358
    rlma time:         2.2887
    rlmb time:         1.1228
  pspace time:        15.7789
  psolve time:        13.2480
    dphi time:         0.6278
captured time:       123.9756

     iter/sec:         0.3873
//////////////////////////////////////////////
