 //////////////////////////////////////
 Initializating Rayleigh...

 -- Initalizing MPI...
 ---- Specified parameters:
 ---- NCPU  :    128
 ---- NPROW :      8
 ---- NPCOL :     16
 -- MPI initialized.


 -- Initalizing Grid...
 ---- Specified parameters ----
 ---- N_R                 :    128
 ---- N_THETA             :    192
 ---- Ell_MAX             :    127
 ---- R_MIN               :  5.38462E-01
 ---- R_MAX               :  1.53846E+00
 ---- Chebyshev Domains   :      1

        Domain 1
          Grid points           :  128
          Dealiased Polynomials :  85
          Domain Lower Bound    :  5.38462E-01
          Domain Upper Bound    :  1.53846E+00

 -- Grid initialized.

 -- Initalizing Reference State...
 ---- Specified parameters:
 ---- Reference type           :  Boussinesq (Non-dimensional)
 ---- Rayleigh Number          :  1.00000E+05
 ---- Ekman Number             :  1.00000E-03
 ---- Prandtl Number           :  1.00000E+00
 ---- Magnetic Prandtl Number  :  5.00000E+00
 -- Reference State initialized.

 -- Initializing Fields...
 ---- Specified parameters:
 ---- Hydro Init Type    : Benchmark (Christensen et al. 2001)
 ---- Magnetic Init Type : Benchmark (Christensen et al. 2001)
 -- Fields initialized.

 Initialization Complete.
 //////////////////////////////////////

 Timestep has changed from  0.00000E+00 to  1.00000E-04.
 Iteration:  00000001   DeltaT:  1.000E-04   Iter/sec:  0.000E+00
 Timestep has changed from  1.00000E-04 to  2.55581E-06.
 Iteration:  00000002   DeltaT:  2.556E-06   Iter/sec:  3.846E+00
 Iteration:  00000003   DeltaT:  2.556E-06   Iter/sec:  5.698E+00
 Iteration:  00000004   DeltaT:  2.556E-06   Iter/sec:  8.250E+00
 Iteration:  00000005   DeltaT:  2.556E-06   Iter/sec:  8.195E+00
 Iteration:  00000006   DeltaT:  2.556E-06   Iter/sec:  8.226E+00
 Iteration:  00000007   DeltaT:  2.556E-06   Iter/sec:  8.155E+00
 Iteration:  00000008   DeltaT:  2.556E-06   Iter/sec:  8.150E+00
 Iteration:  00000009   DeltaT:  2.556E-06   Iter/sec:  8.259E+00
 Iteration:  00000010   DeltaT:  2.556E-06   Iter/sec:  8.250E+00
 Iteration:  00000011   DeltaT:  2.556E-06   Iter/sec:  8.245E+00
 Iteration:  00000012   DeltaT:  2.556E-06   Iter/sec:  8.208E+00
 Iteration:  00000013   DeltaT:  2.556E-06   Iter/sec:  8.281E+00
 Iteration:  00000014   DeltaT:  2.556E-06   Iter/sec:  8.174E+00
 Iteration:  00000015   DeltaT:  2.556E-06   Iter/sec:  8.274E+00
 Iteration:  00000016   DeltaT:  2.556E-06   Iter/sec:  8.379E+00
 Iteration:  00000017   DeltaT:  2.556E-06   Iter/sec:  8.174E+00
 Iteration:  00000018   DeltaT:  2.556E-06   Iter/sec:  8.227E+00
 Iteration:  00000019   DeltaT:  2.556E-06   Iter/sec:  8.311E+00
 Iteration:  00000020   DeltaT:  2.556E-06   Iter/sec:  8.386E+00
 Iteration:  00000021   DeltaT:  2.556E-06   Iter/sec:  8.180E+00
 Iteration:  00000022   DeltaT:  2.556E-06   Iter/sec:  8.271E+00
 Iteration:  00000023   DeltaT:  2.556E-06   Iter/sec:  8.255E+00
 Iteration:  00000024   DeltaT:  2.556E-06   Iter/sec:  8.335E+00
 Iteration:  00000025   DeltaT:  2.556E-06   Iter/sec:  8.249E+00
 Iteration:  00000026   DeltaT:  2.556E-06   Iter/sec:  8.266E+00
 Iteration:  00000027   DeltaT:  2.556E-06   Iter/sec:  8.434E+00
 Iteration:  00000028   DeltaT:  2.556E-06   Iter/sec:  8.258E+00
 Iteration:  00000029   DeltaT:  2.556E-06   Iter/sec:  8.208E+00
 Iteration:  00000030   DeltaT:  2.556E-06   Iter/sec:  8.231E+00
 Iteration:  00000031   DeltaT:  2.556E-06   Iter/sec:  8.190E+00
 Iteration:  00000032   DeltaT:  2.556E-06   Iter/sec:  8.191E+00
 Iteration:  00000033   DeltaT:  2.556E-06   Iter/sec:  8.387E+00
 Iteration:  00000034   DeltaT:  2.556E-06   Iter/sec:  8.275E+00
 Iteration:  00000035   DeltaT:  2.556E-06   Iter/sec:  8.342E+00
 Iteration:  00000036   DeltaT:  2.556E-06   Iter/sec:  8.279E+00
 Iteration:  00000037   DeltaT:  2.556E-06   Iter/sec:  8.210E+00
 Iteration:  00000038   DeltaT:  2.556E-06   Iter/sec:  8.385E+00
 Iteration:  00000039   DeltaT:  2.556E-06   Iter/sec:  8.373E+00
 Iteration:  00000040   DeltaT:  2.556E-06   Iter/sec:  8.272E+00
 Iteration:  00000041   DeltaT:  2.556E-06   Iter/sec:  8.282E+00
 Iteration:  00000042   DeltaT:  2.556E-06   Iter/sec:  8.384E+00
 Iteration:  00000043   DeltaT:  2.556E-06   Iter/sec:  8.460E+00
 Iteration:  00000044   DeltaT:  2.556E-06   Iter/sec:  8.238E+00
 Iteration:  00000045   DeltaT:  2.556E-06   Iter/sec:  8.524E+00
 Iteration:  00000046   DeltaT:  2.556E-06   Iter/sec:  8.302E+00
 Iteration:  00000047   DeltaT:  2.556E-06   Iter/sec:  8.339E+00
 Iteration:  00000048   DeltaT:  2.556E-06   Iter/sec:  8.306E+00
 Iteration:  00000049   DeltaT:  2.556E-06   Iter/sec:  8.328E+00
 Iteration:  00000050   DeltaT:  2.556E-06   Iter/sec:  8.397E+00


//////////////////////////////////////////////
   Measured Timings for Process 0  (seconds)

 Elapsed time:         6.6240
  Column time:         0.9742
     Row time:         1.9137
Legendre time:         0.6506
     FFT time:         0.4677
   Solve time:         0.3163
    rlma time:         0.0947
    rlmb time:         0.0367
  pspace time:         0.8875
  psolve time:         0.6923
    dphi time:         0.0522
captured time:         6.0859

     iter/sec:         7.5483
//////////////////////////////////////////////
