 //////////////////////////////////////
 Initializating Rayleigh...

 -- Initalizing MPI...
 ---- Specified parameters:
 ---- NCPU  :   2048
 ---- NPROW :     64
 ---- NPCOL :     32
 -- MPI initialized.


 -- Initalizing Grid...
 ---- Specified parameters ----
 ---- N_R                 :    128
 ---- N_THETA             :    384
 ---- Ell_MAX             :    255
 ---- R_MIN               :  5.38462E-01
 ---- R_MAX               :  1.53846E+00
 ---- Chebyshev Domains   :      1

        Domain 1
          Grid points           :  128
          Dealiased Polynomials :  85
          Domain Lower Bound    :  5.38462E-01
          Domain Upper Bound    :  1.53846E+00

 -- Grid initialized.

 -- Initalizing Reference State...
 ---- Specified parameters:
 ---- Reference type           :  Boussinesq (Non-dimensional)
 ---- Rayleigh Number          :  1.00000E+05
 ---- Ekman Number             :  1.00000E-03
 ---- Prandtl Number           :  1.00000E+00
 ---- Magnetic Prandtl Number  :  5.00000E+00
 -- Reference State initialized.

 -- Initializing Fields...
 ---- Specified parameters:
 ---- Hydro Init Type    : Benchmark (Christensen et al. 2001)
 ---- Magnetic Init Type : Benchmark (Christensen et al. 2001)
 -- Fields initialized.

 Initialization Complete.
 //////////////////////////////////////

 Timestep has changed from  0.00000E+00 to  1.00000E-04.
 Iteration:  00000001   DeltaT:  1.000E-04   Iter/sec:  0.000E+00
 Timestep has changed from  1.00000E-04 to  2.55566E-06.
 Iteration:  00000002   DeltaT:  2.556E-06   Iter/sec:  3.054E+00
 Iteration:  00000003   DeltaT:  2.556E-06   Iter/sec:  7.286E+00
 Iteration:  00000004   DeltaT:  2.556E-06   Iter/sec:  2.484E+01
 Iteration:  00000005   DeltaT:  2.556E-06   Iter/sec:  2.439E+01
 Iteration:  00000006   DeltaT:  2.556E-06   Iter/sec:  2.437E+01
 Iteration:  00000007   DeltaT:  2.556E-06   Iter/sec:  2.410E+01
 Iteration:  00000008   DeltaT:  2.556E-06   Iter/sec:  2.434E+01
 Iteration:  00000009   DeltaT:  2.556E-06   Iter/sec:  2.472E+01
 Iteration:  00000010   DeltaT:  2.556E-06   Iter/sec:  2.503E+01
 Iteration:  00000011   DeltaT:  2.556E-06   Iter/sec:  2.484E+01
 Iteration:  00000012   DeltaT:  2.556E-06   Iter/sec:  2.470E+01
 Iteration:  00000013   DeltaT:  2.556E-06   Iter/sec:  2.206E+01
 Iteration:  00000014   DeltaT:  2.556E-06   Iter/sec:  1.347E+01
 Iteration:  00000015   DeltaT:  2.556E-06   Iter/sec:  2.530E+01
 Iteration:  00000016   DeltaT:  2.556E-06   Iter/sec:  7.829E+00
 Iteration:  00000017   DeltaT:  2.556E-06   Iter/sec:  2.304E+01
 Iteration:  00000018   DeltaT:  2.556E-06   Iter/sec:  2.488E+01
 Iteration:  00000019   DeltaT:  2.556E-06   Iter/sec:  2.427E+01
 Iteration:  00000020   DeltaT:  2.556E-06   Iter/sec:  2.490E+01
 Iteration:  00000021   DeltaT:  2.556E-06   Iter/sec:  2.464E+01
 Iteration:  00000022   DeltaT:  2.556E-06   Iter/sec:  2.530E+01
 Iteration:  00000023   DeltaT:  2.556E-06   Iter/sec:  2.511E+01
 Iteration:  00000024   DeltaT:  2.556E-06   Iter/sec:  2.473E+01
 Iteration:  00000025   DeltaT:  2.556E-06   Iter/sec:  2.513E+01
 Iteration:  00000026   DeltaT:  2.556E-06   Iter/sec:  2.265E+01
 Iteration:  00000027   DeltaT:  2.556E-06   Iter/sec:  1.433E+01
 Iteration:  00000028   DeltaT:  2.556E-06   Iter/sec:  2.487E+01
 Iteration:  00000029   DeltaT:  2.556E-06   Iter/sec:  7.905E+00
 Iteration:  00000030   DeltaT:  2.556E-06   Iter/sec:  2.357E+01
 Iteration:  00000031   DeltaT:  2.556E-06   Iter/sec:  2.499E+01
 Iteration:  00000032   DeltaT:  2.556E-06   Iter/sec:  2.487E+01
 Iteration:  00000033   DeltaT:  2.556E-06   Iter/sec:  2.547E+01
 Iteration:  00000034   DeltaT:  2.556E-06   Iter/sec:  2.450E+01
 Iteration:  00000035   DeltaT:  2.556E-06   Iter/sec:  2.508E+01
 Iteration:  00000036   DeltaT:  2.556E-06   Iter/sec:  2.448E+01
 Iteration:  00000037   DeltaT:  2.556E-06   Iter/sec:  2.561E+01
 Iteration:  00000038   DeltaT:  2.556E-06   Iter/sec:  2.520E+01
 Iteration:  00000039   DeltaT:  2.556E-06   Iter/sec:  2.269E+01
 Iteration:  00000040   DeltaT:  2.556E-06   Iter/sec:  1.283E+01
 Iteration:  00000041   DeltaT:  2.556E-06   Iter/sec:  2.537E+01
 Iteration:  00000042   DeltaT:  2.556E-06   Iter/sec:  7.749E+00
 Iteration:  00000043   DeltaT:  2.556E-06   Iter/sec:  2.333E+01
 Iteration:  00000044   DeltaT:  2.556E-06   Iter/sec:  2.532E+01
 Iteration:  00000045   DeltaT:  2.556E-06   Iter/sec:  2.499E+01
 Iteration:  00000046   DeltaT:  2.556E-06   Iter/sec:  2.409E+01
 Iteration:  00000047   DeltaT:  2.556E-06   Iter/sec:  2.533E+01
 Iteration:  00000048   DeltaT:  2.556E-06   Iter/sec:  2.518E+01
 Iteration:  00000049   DeltaT:  2.556E-06   Iter/sec:  2.499E+01
 Iteration:  00000050   DeltaT:  2.556E-06   Iter/sec:  2.516E+01


//////////////////////////////////////////////
   Measured Timings for Process 0  (seconds)

 Elapsed time:         3.1212
  Column time:         0.8841
     Row time:         0.9829
Legendre time:         0.1388
     FFT time:         0.1041
   Solve time:         0.1956
    rlma time:         0.0220
    rlmb time:         0.0095
  pspace time:         0.0817
  psolve time:         0.1776
    dphi time:         0.0096
captured time:         2.6059

     iter/sec:        16.0196
//////////////////////////////////////////////
