 //////////////////////////////////////
 Initializating Rayleigh...

 -- Initalizing MPI...
 ---- Specified parameters:
 ---- NCPU  :    256
 ---- NPROW :     32
 ---- NPCOL :      8
 -- MPI initialized.


 -- Initalizing Grid...
 ---- Specified parameters ----
 ---- N_R                 :     64
 ---- N_THETA             :    384
 ---- Ell_MAX             :    255
 ---- R_MIN               :  5.38462E-01
 ---- R_MAX               :  1.53846E+00
 ---- Chebyshev Domains   :      1

        Domain 1
          Grid points           :  64
          Dealiased Polynomials :  42
          Domain Lower Bound    :  5.38462E-01
          Domain Upper Bound    :  1.53846E+00

 -- Grid initialized.

 -- Initalizing Reference State...
 ---- Specified parameters:
 ---- Reference type           :  Boussinesq (Non-dimensional)
 ---- Rayleigh Number          :  1.00000E+05
 ---- Ekman Number             :  1.00000E-03
 ---- Prandtl Number           :  1.00000E+00
 ---- Magnetic Prandtl Number  :  5.00000E+00
 -- Reference State initialized.

 -- Initializing Fields...
 ---- Specified parameters:
 ---- Hydro Init Type    : Benchmark (Christensen et al. 2001)
 ---- Magnetic Init Type : Benchmark (Christensen et al. 2001)
 -- Fields initialized.

 Initialization Complete.
 //////////////////////////////////////

 Timestep has changed from  0.00000E+00 to  1.00000E-04.
 Iteration:  00000001   DeltaT:  1.000E-04   Iter/sec:  0.000E+00
 Timestep has changed from  1.00000E-04 to  1.02211E-05.
 Iteration:  00000002   DeltaT:  1.022E-05   Iter/sec:  3.071E+00
 Iteration:  00000003   DeltaT:  1.022E-05   Iter/sec:  5.958E+00
 Iteration:  00000004   DeltaT:  1.022E-05   Iter/sec:  6.817E+00
 Iteration:  00000005   DeltaT:  1.022E-05   Iter/sec:  6.829E+00
 Iteration:  00000006   DeltaT:  1.022E-05   Iter/sec:  8.152E+00
 Iteration:  00000007   DeltaT:  1.022E-05   Iter/sec:  6.998E+00
 Iteration:  00000008   DeltaT:  1.022E-05   Iter/sec:  7.658E+00
 Iteration:  00000009   DeltaT:  1.022E-05   Iter/sec:  7.533E+00
 Iteration:  00000010   DeltaT:  1.022E-05   Iter/sec:  7.405E+00
 Iteration:  00000011   DeltaT:  1.022E-05   Iter/sec:  7.534E+00
 Iteration:  00000012   DeltaT:  1.022E-05   Iter/sec:  7.309E+00
 Iteration:  00000013   DeltaT:  1.022E-05   Iter/sec:  7.598E+00
 Iteration:  00000014   DeltaT:  1.022E-05   Iter/sec:  7.540E+00
 Iteration:  00000015   DeltaT:  1.022E-05   Iter/sec:  7.340E+00
 Iteration:  00000016   DeltaT:  1.022E-05   Iter/sec:  7.337E+00
 Iteration:  00000017   DeltaT:  1.022E-05   Iter/sec:  7.518E+00
 Iteration:  00000018   DeltaT:  1.022E-05   Iter/sec:  7.450E+00
 Iteration:  00000019   DeltaT:  1.022E-05   Iter/sec:  7.907E+00
 Iteration:  00000020   DeltaT:  1.022E-05   Iter/sec:  7.325E+00
 Iteration:  00000021   DeltaT:  1.022E-05   Iter/sec:  7.227E+00
 Iteration:  00000022   DeltaT:  1.022E-05   Iter/sec:  7.501E+00
 Iteration:  00000023   DeltaT:  1.022E-05   Iter/sec:  7.409E+00
 Iteration:  00000024   DeltaT:  1.022E-05   Iter/sec:  7.034E+00
 Iteration:  00000025   DeltaT:  1.022E-05   Iter/sec:  7.678E+00
 Iteration:  00000026   DeltaT:  1.022E-05   Iter/sec:  6.953E+00
 Iteration:  00000027   DeltaT:  1.022E-05   Iter/sec:  7.743E+00
 Iteration:  00000028   DeltaT:  1.022E-05   Iter/sec:  7.940E+00
 Iteration:  00000029   DeltaT:  1.022E-05   Iter/sec:  7.289E+00
 Iteration:  00000030   DeltaT:  1.022E-05   Iter/sec:  7.778E+00
 Iteration:  00000031   DeltaT:  1.022E-05   Iter/sec:  7.580E+00
 Iteration:  00000032   DeltaT:  1.022E-05   Iter/sec:  7.375E+00
 Iteration:  00000033   DeltaT:  1.022E-05   Iter/sec:  7.802E+00
 Iteration:  00000034   DeltaT:  1.022E-05   Iter/sec:  7.071E+00
 Iteration:  00000035   DeltaT:  1.022E-05   Iter/sec:  8.111E+00
 Iteration:  00000036   DeltaT:  1.022E-05   Iter/sec:  7.199E+00
 Iteration:  00000037   DeltaT:  1.022E-05   Iter/sec:  7.428E+00
 Iteration:  00000038   DeltaT:  1.022E-05   Iter/sec:  7.494E+00
 Iteration:  00000039   DeltaT:  1.022E-05   Iter/sec:  7.495E+00
 Iteration:  00000040   DeltaT:  1.022E-05   Iter/sec:  7.492E+00
 Iteration:  00000041   DeltaT:  1.022E-05   Iter/sec:  7.546E+00
 Iteration:  00000042   DeltaT:  1.022E-05   Iter/sec:  7.530E+00
 Iteration:  00000043   DeltaT:  1.022E-05   Iter/sec:  7.664E+00
 Iteration:  00000044   DeltaT:  1.022E-05   Iter/sec:  7.544E+00
 Iteration:  00000045   DeltaT:  1.022E-05   Iter/sec:  7.674E+00
 Iteration:  00000046   DeltaT:  1.022E-05   Iter/sec:  7.796E+00
 Iteration:  00000047   DeltaT:  1.022E-05   Iter/sec:  7.461E+00
 Iteration:  00000048   DeltaT:  1.022E-05   Iter/sec:  7.783E+00
 Iteration:  00000049   DeltaT:  1.022E-05   Iter/sec:  7.437E+00
 Iteration:  00000050   DeltaT:  1.022E-05   Iter/sec:  7.467E+00


//////////////////////////////////////////////
   Measured Timings for Process 0  (seconds)

 Elapsed time:         7.1520
  Column time:         1.3418
     Row time:         2.4480
Legendre time:         0.6952
     FFT time:         0.4867
   Solve time:         0.2045
    rlma time:         0.0907
    rlmb time:         0.0393
  pspace time:         0.8816
  psolve time:         0.4846
    dphi time:         0.0490
captured time:         6.7213

     iter/sec:         6.9911
//////////////////////////////////////////////
