 //////////////////////////////////////
 Initializating Rayleigh...

 -- Initalizing MPI...
 ---- Specified parameters:
 ---- NCPU  :    512
 ---- NPROW :     32
 ---- NPCOL :     16
 -- MPI initialized.


 -- Initalizing Grid...
 ---- Specified parameters ----
 ---- N_R                 :    128
 ---- N_THETA             :    768
 ---- Ell_MAX             :    511
 ---- R_MIN               :  5.38462E-01
 ---- R_MAX               :  1.53846E+00
 ---- Chebyshev Domains   :      1

        Domain 1
          Grid points           :  128
          Dealiased Polynomials :  85
          Domain Lower Bound    :  5.38462E-01
          Domain Upper Bound    :  1.53846E+00

 -- Grid initialized.

 -- Initalizing Reference State...
 ---- Specified parameters:
 ---- Reference type           :  Boussinesq (Non-dimensional)
 ---- Rayleigh Number          :  1.00000E+05
 ---- Ekman Number             :  1.00000E-03
 ---- Prandtl Number           :  1.00000E+00
 ---- Magnetic Prandtl Number  :  5.00000E+00
 -- Reference State initialized.

 -- Initializing Fields...
 ---- Specified parameters:
 ---- Hydro Init Type    : Benchmark (Christensen et al. 2001)
 ---- Magnetic Init Type : Benchmark (Christensen et al. 2001)
 -- Fields initialized.

 Initialization Complete.
 //////////////////////////////////////

 Timestep has changed from  0.00000E+00 to  1.00000E-04.
 Iteration:  00000001   DeltaT:  1.000E-04   Iter/sec:  0.000E+00
 Timestep has changed from  1.00000E-04 to  2.55562E-06.
 Iteration:  00000002   DeltaT:  2.556E-06   Iter/sec:  5.655E-01
 Iteration:  00000003   DeltaT:  2.556E-06   Iter/sec:  1.213E+00
 Iteration:  00000004   DeltaT:  2.556E-06   Iter/sec:  1.435E+00
 Iteration:  00000005   DeltaT:  2.556E-06   Iter/sec:  1.475E+00
 Iteration:  00000006   DeltaT:  2.556E-06   Iter/sec:  1.482E+00
 Iteration:  00000007   DeltaT:  2.556E-06   Iter/sec:  1.428E+00
 Iteration:  00000008   DeltaT:  2.556E-06   Iter/sec:  1.477E+00
 Iteration:  00000009   DeltaT:  2.556E-06   Iter/sec:  1.485E+00
 Iteration:  00000010   DeltaT:  2.556E-06   Iter/sec:  1.462E+00
 Iteration:  00000011   DeltaT:  2.556E-06   Iter/sec:  1.438E+00
 Iteration:  00000012   DeltaT:  2.556E-06   Iter/sec:  1.441E+00
 Iteration:  00000013   DeltaT:  2.556E-06   Iter/sec:  1.459E+00
 Iteration:  00000014   DeltaT:  2.556E-06   Iter/sec:  1.470E+00
 Iteration:  00000015   DeltaT:  2.556E-06   Iter/sec:  1.484E+00
 Iteration:  00000016   DeltaT:  2.556E-06   Iter/sec:  1.425E+00
 Iteration:  00000017   DeltaT:  2.556E-06   Iter/sec:  1.409E+00
 Iteration:  00000018   DeltaT:  2.556E-06   Iter/sec:  1.483E+00
 Iteration:  00000019   DeltaT:  2.556E-06   Iter/sec:  1.431E+00
 Iteration:  00000020   DeltaT:  2.556E-06   Iter/sec:  1.460E+00
 Iteration:  00000021   DeltaT:  2.556E-06   Iter/sec:  1.460E+00
 Iteration:  00000022   DeltaT:  2.556E-06   Iter/sec:  1.464E+00
 Iteration:  00000023   DeltaT:  2.556E-06   Iter/sec:  1.406E+00
 Iteration:  00000024   DeltaT:  2.556E-06   Iter/sec:  1.420E+00
 Iteration:  00000025   DeltaT:  2.556E-06   Iter/sec:  1.475E+00
 Iteration:  00000026   DeltaT:  2.556E-06   Iter/sec:  1.445E+00
 Iteration:  00000027   DeltaT:  2.556E-06   Iter/sec:  1.468E+00
 Iteration:  00000028   DeltaT:  2.556E-06   Iter/sec:  1.453E+00
 Iteration:  00000029   DeltaT:  2.556E-06   Iter/sec:  1.452E+00
 Iteration:  00000030   DeltaT:  2.556E-06   Iter/sec:  1.400E+00
 Iteration:  00000031   DeltaT:  2.556E-06   Iter/sec:  1.430E+00
 Iteration:  00000032   DeltaT:  2.556E-06   Iter/sec:  1.453E+00
 Iteration:  00000033   DeltaT:  2.556E-06   Iter/sec:  1.436E+00
 Iteration:  00000034   DeltaT:  2.556E-06   Iter/sec:  1.431E+00
 Iteration:  00000035   DeltaT:  2.556E-06   Iter/sec:  1.379E+00
 Iteration:  00000036   DeltaT:  2.556E-06   Iter/sec:  1.425E+00
 Iteration:  00000037   DeltaT:  2.556E-06   Iter/sec:  1.435E+00
 Iteration:  00000038   DeltaT:  2.556E-06   Iter/sec:  1.456E+00
 Iteration:  00000039   DeltaT:  2.556E-06   Iter/sec:  1.373E+00
 Iteration:  00000040   DeltaT:  2.556E-06   Iter/sec:  1.459E+00
 Iteration:  00000041   DeltaT:  2.556E-06   Iter/sec:  1.444E+00
 Iteration:  00000042   DeltaT:  2.556E-06   Iter/sec:  1.454E+00
 Iteration:  00000043   DeltaT:  2.556E-06   Iter/sec:  1.398E+00
 Iteration:  00000044   DeltaT:  2.556E-06   Iter/sec:  1.458E+00
 Iteration:  00000045   DeltaT:  2.556E-06   Iter/sec:  1.469E+00
 Iteration:  00000046   DeltaT:  2.556E-06   Iter/sec:  1.454E+00
 Iteration:  00000047   DeltaT:  2.556E-06   Iter/sec:  1.460E+00
 Iteration:  00000048   DeltaT:  2.556E-06   Iter/sec:  1.413E+00
 Iteration:  00000049   DeltaT:  2.556E-06   Iter/sec:  1.462E+00
 Iteration:  00000050   DeltaT:  2.556E-06   Iter/sec:  1.435E+00


//////////////////////////////////////////////
   Measured Timings for Process 0  (seconds)

 Elapsed time:        36.8421
  Column time:         6.6207
     Row time:        13.1965
Legendre time:         4.2292
     FFT time:         1.8731
   Solve time:         0.9126
    rlma time:         0.3536
    rlmb time:         0.1735
  pspace time:         3.9659
  psolve time:         3.1820
    dphi time:         0.1549
captured time:        34.6621

     iter/sec:         1.3571
//////////////////////////////////////////////
