 //////////////////////////////////////
 Initializating Rayleigh...

 -- Initalizing MPI...
 ---- Specified parameters:
 ---- NCPU  :   1024
 ---- NPROW :     16
 ---- NPCOL :     64
 -- MPI initialized.


 -- Initalizing Grid...
 ---- Specified parameters ----
 ---- N_R                 :     64
 ---- N_THETA             :   1536
 ---- Ell_MAX             :   1023
 ---- R_MIN               :  5.38462E-01
 ---- R_MAX               :  1.53846E+00
 ---- Chebyshev Domains   :      1

        Domain 1
          Grid points           :  64
          Dealiased Polynomials :  42
          Domain Lower Bound    :  5.38462E-01
          Domain Upper Bound    :  1.53846E+00

 -- Grid initialized.

 -- Initalizing Reference State...
 ---- Specified parameters:
 ---- Reference type           :  Boussinesq (Non-dimensional)
 ---- Rayleigh Number          :  1.00000E+05
 ---- Ekman Number             :  1.00000E-03
 ---- Prandtl Number           :  1.00000E+00
 ---- Magnetic Prandtl Number  :  5.00000E+00
 -- Reference State initialized.

 -- Initializing Fields...
 ---- Specified parameters:
 ---- Hydro Init Type    : Benchmark (Christensen et al. 2001)
 ---- Magnetic Init Type : Benchmark (Christensen et al. 2001)
 -- Fields initialized.

 Initialization Complete.
 //////////////////////////////////////

 Timestep has changed from  0.00000E+00 to  1.00000E-04.
 Iteration:  00000001   DeltaT:  1.000E-04   Iter/sec:  0.000E+00
 Timestep has changed from  1.00000E-04 to  4.46409E-06.
 Iteration:  00000002   DeltaT:  4.464E-06   Iter/sec:  1.322E-01
 Iteration:  00000003   DeltaT:  4.464E-06   Iter/sec:  1.274E+00
 Iteration:  00000004   DeltaT:  4.464E-06   Iter/sec:  1.299E+00
 Iteration:  00000005   DeltaT:  4.464E-06   Iter/sec:  1.260E+00
 Iteration:  00000006   DeltaT:  4.464E-06   Iter/sec:  1.169E+00
 Iteration:  00000007   DeltaT:  4.464E-06   Iter/sec:  1.298E+00
 Iteration:  00000008   DeltaT:  4.464E-06   Iter/sec:  1.302E+00
 Iteration:  00000009   DeltaT:  4.464E-06   Iter/sec:  1.231E+00
 Iteration:  00000010   DeltaT:  4.464E-06   Iter/sec:  1.163E+00
 Iteration:  00000011   DeltaT:  4.464E-06   Iter/sec:  1.305E+00
 Iteration:  00000012   DeltaT:  4.464E-06   Iter/sec:  1.296E+00
 Iteration:  00000013   DeltaT:  4.464E-06   Iter/sec:  1.265E+00
 Iteration:  00000014   DeltaT:  4.464E-06   Iter/sec:  1.208E+00
 Iteration:  00000015   DeltaT:  4.464E-06   Iter/sec:  1.289E+00
 Iteration:  00000016   DeltaT:  4.464E-06   Iter/sec:  1.291E+00
 Iteration:  00000017   DeltaT:  4.464E-06   Iter/sec:  1.299E+00
 Iteration:  00000018   DeltaT:  4.464E-06   Iter/sec:  1.222E+00
 Iteration:  00000019   DeltaT:  4.464E-06   Iter/sec:  1.184E+00
 Iteration:  00000020   DeltaT:  4.464E-06   Iter/sec:  1.308E+00
 Iteration:  00000021   DeltaT:  4.464E-06   Iter/sec:  1.298E+00
 Iteration:  00000022   DeltaT:  4.464E-06   Iter/sec:  1.218E+00
 Iteration:  00000023   DeltaT:  4.464E-06   Iter/sec:  1.152E+00
 Iteration:  00000024   DeltaT:  4.464E-06   Iter/sec:  1.299E+00
 Iteration:  00000025   DeltaT:  4.464E-06   Iter/sec:  1.304E+00
 Iteration:  00000026   DeltaT:  4.464E-06   Iter/sec:  1.262E+00
 Iteration:  00000027   DeltaT:  4.464E-06   Iter/sec:  1.143E+00
 Iteration:  00000028   DeltaT:  4.464E-06   Iter/sec:  1.288E+00
 Iteration:  00000029   DeltaT:  4.464E-06   Iter/sec:  1.301E+00
 Iteration:  00000030   DeltaT:  4.464E-06   Iter/sec:  1.263E+00
 Iteration:  00000031   DeltaT:  4.464E-06   Iter/sec:  1.179E+00
 Iteration:  00000032   DeltaT:  4.464E-06   Iter/sec:  1.291E+00
 Iteration:  00000033   DeltaT:  4.464E-06   Iter/sec:  1.297E+00
 Iteration:  00000034   DeltaT:  4.464E-06   Iter/sec:  1.297E+00
 Iteration:  00000035   DeltaT:  4.464E-06   Iter/sec:  1.246E+00
 Iteration:  00000036   DeltaT:  4.464E-06   Iter/sec:  1.195E+00
 Iteration:  00000037   DeltaT:  4.464E-06   Iter/sec:  1.310E+00
 Iteration:  00000038   DeltaT:  4.464E-06   Iter/sec:  1.301E+00
 Iteration:  00000039   DeltaT:  4.464E-06   Iter/sec:  1.262E+00
 Iteration:  00000040   DeltaT:  4.464E-06   Iter/sec:  1.138E+00
 Iteration:  00000041   DeltaT:  4.464E-06   Iter/sec:  1.310E+00
 Iteration:  00000042   DeltaT:  4.464E-06   Iter/sec:  1.302E+00
 Iteration:  00000043   DeltaT:  4.464E-06   Iter/sec:  1.266E+00
 Iteration:  00000044   DeltaT:  4.464E-06   Iter/sec:  1.265E+00
 Iteration:  00000045   DeltaT:  4.464E-06   Iter/sec:  1.266E+00
 Iteration:  00000046   DeltaT:  4.464E-06   Iter/sec:  1.316E+00
 Iteration:  00000047   DeltaT:  4.464E-06   Iter/sec:  1.289E+00
 Iteration:  00000048   DeltaT:  4.464E-06   Iter/sec:  1.222E+00
 Iteration:  00000049   DeltaT:  4.464E-06   Iter/sec:  1.171E+00
 Iteration:  00000050   DeltaT:  4.464E-06   Iter/sec:  1.295E+00


//////////////////////////////////////////////
   Measured Timings for Process 0  (seconds)

 Elapsed time:        42.7756
  Column time:         9.6913
     Row time:         9.8881
Legendre time:         8.5980
     FFT time:         2.1196
   Solve time:         0.3602
    rlma time:         0.5898
    rlmb time:         0.2649
  pspace time:         4.4006
  psolve time:         3.2227
    dphi time:         0.2545
captured time:        39.3897

     iter/sec:         1.1689
//////////////////////////////////////////////
