 //////////////////////////////////////
 Initializating Rayleigh...

 -- Initalizing MPI...
 ---- Specified parameters:
 ---- NCPU  :   1024
 ---- NPROW :     32
 ---- NPCOL :     32
 -- MPI initialized.


 -- Initalizing Grid...
 ---- Specified parameters ----
 ---- N_R                 :     64
 ---- N_THETA             :    768
 ---- Ell_MAX             :    511
 ---- R_MIN               :  5.38462E-01
 ---- R_MAX               :  1.53846E+00
 ---- Chebyshev Domains   :      1

        Domain 1
          Grid points           :  64
          Dealiased Polynomials :  42
          Domain Lower Bound    :  5.38462E-01
          Domain Upper Bound    :  1.53846E+00

 -- Grid initialized.

 -- Initalizing Reference State...
 ---- Specified parameters:
 ---- Reference type           :  Boussinesq (Non-dimensional)
 ---- Rayleigh Number          :  1.00000E+05
 ---- Ekman Number             :  1.00000E-03
 ---- Prandtl Number           :  1.00000E+00
 ---- Magnetic Prandtl Number  :  5.00000E+00
 -- Reference State initialized.

 -- Initializing Fields...
 ---- Specified parameters:
 ---- Hydro Init Type    : Benchmark (Christensen et al. 2001)
 ---- Magnetic Init Type : Benchmark (Christensen et al. 2001)
 -- Fields initialized.

 Initialization Complete.
 //////////////////////////////////////

 Timestep has changed from  0.00000E+00 to  1.00000E-04.
 Iteration:  00000001   DeltaT:  1.000E-04   Iter/sec:  0.000E+00
 Timestep has changed from  1.00000E-04 to  8.93257E-06.
 Iteration:  00000002   DeltaT:  8.933E-06   Iter/sec:  1.223E+00
 Iteration:  00000003   DeltaT:  8.933E-06   Iter/sec:  5.416E+00
 Iteration:  00000004   DeltaT:  8.933E-06   Iter/sec:  5.179E+00
 Iteration:  00000005   DeltaT:  8.933E-06   Iter/sec:  5.609E+00
 Iteration:  00000006   DeltaT:  8.933E-06   Iter/sec:  5.392E+00
 Iteration:  00000007   DeltaT:  8.933E-06   Iter/sec:  5.840E+00
 Iteration:  00000008   DeltaT:  8.933E-06   Iter/sec:  5.773E+00
 Iteration:  00000009   DeltaT:  8.933E-06   Iter/sec:  5.486E+00
 Iteration:  00000010   DeltaT:  8.933E-06   Iter/sec:  5.853E+00
 Iteration:  00000011   DeltaT:  8.933E-06   Iter/sec:  5.903E+00
 Iteration:  00000012   DeltaT:  8.933E-06   Iter/sec:  5.160E+00
 Iteration:  00000013   DeltaT:  8.933E-06   Iter/sec:  5.355E+00
 Iteration:  00000014   DeltaT:  8.933E-06   Iter/sec:  5.608E+00
 Iteration:  00000015   DeltaT:  8.933E-06   Iter/sec:  5.562E+00
 Iteration:  00000016   DeltaT:  8.933E-06   Iter/sec:  5.467E+00
 Iteration:  00000017   DeltaT:  8.933E-06   Iter/sec:  6.333E+00
 Iteration:  00000018   DeltaT:  8.933E-06   Iter/sec:  5.832E+00
 Iteration:  00000019   DeltaT:  8.933E-06   Iter/sec:  5.881E+00
 Iteration:  00000020   DeltaT:  8.933E-06   Iter/sec:  5.569E+00
 Iteration:  00000021   DeltaT:  8.933E-06   Iter/sec:  6.222E+00
 Iteration:  00000022   DeltaT:  8.933E-06   Iter/sec:  5.825E+00
 Iteration:  00000023   DeltaT:  8.933E-06   Iter/sec:  5.892E+00
 Iteration:  00000024   DeltaT:  8.933E-06   Iter/sec:  4.997E+00
 Iteration:  00000025   DeltaT:  8.933E-06   Iter/sec:  6.021E+00
 Iteration:  00000026   DeltaT:  8.933E-06   Iter/sec:  5.856E+00
 Iteration:  00000027   DeltaT:  8.933E-06   Iter/sec:  5.357E+00
 Iteration:  00000028   DeltaT:  8.933E-06   Iter/sec:  5.712E+00
 Iteration:  00000029   DeltaT:  8.933E-06   Iter/sec:  5.895E+00
 Iteration:  00000030   DeltaT:  8.933E-06   Iter/sec:  5.695E+00
 Iteration:  00000031   DeltaT:  8.933E-06   Iter/sec:  5.628E+00
 Iteration:  00000032   DeltaT:  8.933E-06   Iter/sec:  6.005E+00
 Iteration:  00000033   DeltaT:  8.933E-06   Iter/sec:  5.966E+00
 Iteration:  00000034   DeltaT:  8.933E-06   Iter/sec:  5.679E+00
 Iteration:  00000035   DeltaT:  8.933E-06   Iter/sec:  5.212E+00
 Iteration:  00000036   DeltaT:  8.933E-06   Iter/sec:  5.884E+00
 Iteration:  00000037   DeltaT:  8.933E-06   Iter/sec:  5.947E+00
 Iteration:  00000038   DeltaT:  8.933E-06   Iter/sec:  4.807E+00
 Iteration:  00000039   DeltaT:  8.933E-06   Iter/sec:  5.974E+00
 Iteration:  00000040   DeltaT:  8.933E-06   Iter/sec:  6.047E+00
 Iteration:  00000041   DeltaT:  8.933E-06   Iter/sec:  5.736E+00
 Iteration:  00000042   DeltaT:  8.933E-06   Iter/sec:  5.420E+00
 Iteration:  00000043   DeltaT:  8.933E-06   Iter/sec:  6.253E+00
 Iteration:  00000044   DeltaT:  8.933E-06   Iter/sec:  5.915E+00
 Iteration:  00000045   DeltaT:  8.933E-06   Iter/sec:  5.969E+00
 Iteration:  00000046   DeltaT:  8.933E-06   Iter/sec:  4.965E+00
 Iteration:  00000047   DeltaT:  8.933E-06   Iter/sec:  6.171E+00
 Iteration:  00000048   DeltaT:  8.933E-06   Iter/sec:  6.041E+00
 Iteration:  00000049   DeltaT:  8.933E-06   Iter/sec:  4.876E+00
 Iteration:  00000050   DeltaT:  8.933E-06   Iter/sec:  5.520E+00


//////////////////////////////////////////////
   Measured Timings for Process 0  (seconds)

 Elapsed time:         9.5757
  Column time:         3.0090
     Row time:         2.6720
Legendre time:         1.0081
     FFT time:         0.4681
   Solve time:         0.1409
    rlma time:         0.1008
    rlmb time:         0.0424
  pspace time:         0.8305
  psolve time:         0.4901
    dphi time:         0.0377
captured time:         8.7996

     iter/sec:         5.2215
//////////////////////////////////////////////
