 //////////////////////////////////////
 Initializating Rayleigh...

 -- Initalizing MPI...
 ---- Specified parameters:
 ---- NCPU  :    256
 ---- NPROW :      8
 ---- NPCOL :     32
 -- MPI initialized.


 -- Initalizing Grid...
 ---- Specified parameters ----
 ---- N_R                 :    128
 ---- N_THETA             :    768
 ---- Ell_MAX             :    511
 ---- R_MIN               :  5.38462E-01
 ---- R_MAX               :  1.53846E+00
 ---- Chebyshev Domains   :      1

        Domain 1
          Grid points           :  128
          Dealiased Polynomials :  85
          Domain Lower Bound    :  5.38462E-01
          Domain Upper Bound    :  1.53846E+00

 -- Grid initialized.

 -- Initalizing Reference State...
 ---- Specified parameters:
 ---- Reference type           :  Boussinesq (Non-dimensional)
 ---- Rayleigh Number          :  1.00000E+05
 ---- Ekman Number             :  1.00000E-03
 ---- Prandtl Number           :  1.00000E+00
 ---- Magnetic Prandtl Number  :  5.00000E+00
 -- Reference State initialized.

 -- Initializing Fields...
 ---- Specified parameters:
 ---- Hydro Init Type    : Benchmark (Christensen et al. 2001)
 ---- Magnetic Init Type : Benchmark (Christensen et al. 2001)
 -- Fields initialized.

 Initialization Complete.
 //////////////////////////////////////

 Timestep has changed from  0.00000E+00 to  1.00000E-04.
 Iteration:  00000001   DeltaT:  1.000E-04   Iter/sec:  0.000E+00
 Timestep has changed from  1.00000E-04 to  2.55562E-06.
 Iteration:  00000002   DeltaT:  2.556E-06   Iter/sec:  3.250E-01
 Iteration:  00000003   DeltaT:  2.556E-06   Iter/sec:  7.801E-01
 Iteration:  00000004   DeltaT:  2.556E-06   Iter/sec:  8.415E-01
 Iteration:  00000005   DeltaT:  2.556E-06   Iter/sec:  8.137E-01
 Iteration:  00000006   DeltaT:  2.556E-06   Iter/sec:  8.260E-01
 Iteration:  00000007   DeltaT:  2.556E-06   Iter/sec:  8.173E-01
 Iteration:  00000008   DeltaT:  2.556E-06   Iter/sec:  8.290E-01
 Iteration:  00000009   DeltaT:  2.556E-06   Iter/sec:  8.270E-01
 Iteration:  00000010   DeltaT:  2.556E-06   Iter/sec:  8.323E-01
 Iteration:  00000011   DeltaT:  2.556E-06   Iter/sec:  8.088E-01
 Iteration:  00000012   DeltaT:  2.556E-06   Iter/sec:  8.232E-01
 Iteration:  00000013   DeltaT:  2.556E-06   Iter/sec:  8.318E-01
 Iteration:  00000014   DeltaT:  2.556E-06   Iter/sec:  8.258E-01
 Iteration:  00000015   DeltaT:  2.556E-06   Iter/sec:  8.123E-01
 Iteration:  00000016   DeltaT:  2.556E-06   Iter/sec:  8.276E-01
 Iteration:  00000017   DeltaT:  2.556E-06   Iter/sec:  8.382E-01
 Iteration:  00000018   DeltaT:  2.556E-06   Iter/sec:  8.288E-01
 Iteration:  00000019   DeltaT:  2.556E-06   Iter/sec:  8.497E-01
 Iteration:  00000020   DeltaT:  2.556E-06   Iter/sec:  8.012E-01
 Iteration:  00000021   DeltaT:  2.556E-06   Iter/sec:  8.372E-01
 Iteration:  00000022   DeltaT:  2.556E-06   Iter/sec:  8.086E-01
 Iteration:  00000023   DeltaT:  2.556E-06   Iter/sec:  7.966E-01
 Iteration:  00000024   DeltaT:  2.556E-06   Iter/sec:  8.212E-01
 Iteration:  00000025   DeltaT:  2.556E-06   Iter/sec:  8.369E-01
 Iteration:  00000026   DeltaT:  2.556E-06   Iter/sec:  8.211E-01
 Iteration:  00000027   DeltaT:  2.556E-06   Iter/sec:  8.423E-01
 Iteration:  00000028   DeltaT:  2.556E-06   Iter/sec:  8.314E-01
 Iteration:  00000029   DeltaT:  2.556E-06   Iter/sec:  8.247E-01
 Iteration:  00000030   DeltaT:  2.556E-06   Iter/sec:  8.363E-01
 Iteration:  00000031   DeltaT:  2.556E-06   Iter/sec:  8.268E-01
 Iteration:  00000032   DeltaT:  2.556E-06   Iter/sec:  8.108E-01
 Iteration:  00000033   DeltaT:  2.556E-06   Iter/sec:  8.168E-01
 Iteration:  00000034   DeltaT:  2.556E-06   Iter/sec:  8.214E-01
 Iteration:  00000035   DeltaT:  2.556E-06   Iter/sec:  8.404E-01
 Iteration:  00000036   DeltaT:  2.556E-06   Iter/sec:  8.095E-01
 Iteration:  00000037   DeltaT:  2.556E-06   Iter/sec:  8.253E-01
 Iteration:  00000038   DeltaT:  2.556E-06   Iter/sec:  8.061E-01
 Iteration:  00000039   DeltaT:  2.556E-06   Iter/sec:  8.266E-01
 Iteration:  00000040   DeltaT:  2.556E-06   Iter/sec:  8.314E-01
 Iteration:  00000041   DeltaT:  2.556E-06   Iter/sec:  8.387E-01
 Iteration:  00000042   DeltaT:  2.556E-06   Iter/sec:  8.063E-01
 Iteration:  00000043   DeltaT:  2.556E-06   Iter/sec:  8.291E-01
 Iteration:  00000044   DeltaT:  2.556E-06   Iter/sec:  8.282E-01
 Iteration:  00000045   DeltaT:  2.556E-06   Iter/sec:  8.305E-01
 Iteration:  00000046   DeltaT:  2.556E-06   Iter/sec:  8.178E-01
 Iteration:  00000047   DeltaT:  2.556E-06   Iter/sec:  8.315E-01
 Iteration:  00000048   DeltaT:  2.556E-06   Iter/sec:  8.385E-01
 Iteration:  00000049   DeltaT:  2.556E-06   Iter/sec:  8.317E-01
 Iteration:  00000050   DeltaT:  2.556E-06   Iter/sec:  8.179E-01


//////////////////////////////////////////////
   Measured Timings for Process 0  (seconds)

 Elapsed time:        61.9669
  Column time:        12.0936
     Row time:        18.0055
Legendre time:         8.5939
     FFT time:         3.8192
   Solve time:         1.2341
    rlma time:         0.8556
    rlmb time:         0.4748
  pspace time:         8.4551
  psolve time:         6.2325
    dphi time:         0.3526
captured time:        60.1169

     iter/sec:         0.8069
//////////////////////////////////////////////
