 //////////////////////////////////////
 Initializating Rayleigh...

 -- Initalizing MPI...
 ---- Specified parameters:
 ---- NCPU  :     64
 ---- NPROW :      4
 ---- NPCOL :     16
 -- MPI initialized.


 -- Initalizing Grid...
 ---- Specified parameters ----
 ---- N_R                 :    128
 ---- N_THETA             :    384
 ---- Ell_MAX             :    255
 ---- R_MIN               :  5.38462E-01
 ---- R_MAX               :  1.53846E+00
 ---- Chebyshev Domains   :      1

        Domain 1
          Grid points           :  128
          Dealiased Polynomials :  85
          Domain Lower Bound    :  5.38462E-01
          Domain Upper Bound    :  1.53846E+00

 -- Grid initialized.

 -- Initalizing Reference State...
 ---- Specified parameters:
 ---- Reference type           :  Boussinesq (Non-dimensional)
 ---- Rayleigh Number          :  1.00000E+05
 ---- Ekman Number             :  1.00000E-03
 ---- Prandtl Number           :  1.00000E+00
 ---- Magnetic Prandtl Number  :  5.00000E+00
 -- Reference State initialized.

 -- Initializing Fields...
 ---- Specified parameters:
 ---- Hydro Init Type    : Benchmark (Christensen et al. 2001)
 ---- Magnetic Init Type : Benchmark (Christensen et al. 2001)
 -- Fields initialized.

 Initialization Complete.
 //////////////////////////////////////

 Timestep has changed from  0.00000E+00 to  1.00000E-04.
 Iteration:  00000001   DeltaT:  1.000E-04   Iter/sec:  0.000E+00
 Timestep has changed from  1.00000E-04 to  2.55566E-06.
 Iteration:  00000002   DeltaT:  2.556E-06   Iter/sec:  5.275E-01
 Iteration:  00000003   DeltaT:  2.556E-06   Iter/sec:  8.266E-01
 Iteration:  00000004   DeltaT:  2.556E-06   Iter/sec:  9.007E-01
 Iteration:  00000005   DeltaT:  2.556E-06   Iter/sec:  8.819E-01
 Iteration:  00000006   DeltaT:  2.556E-06   Iter/sec:  8.986E-01
 Iteration:  00000007   DeltaT:  2.556E-06   Iter/sec:  8.885E-01
 Iteration:  00000008   DeltaT:  2.556E-06   Iter/sec:  8.937E-01
 Iteration:  00000009   DeltaT:  2.556E-06   Iter/sec:  9.038E-01
 Iteration:  00000010   DeltaT:  2.556E-06   Iter/sec:  8.947E-01
 Iteration:  00000011   DeltaT:  2.556E-06   Iter/sec:  8.878E-01
 Iteration:  00000012   DeltaT:  2.556E-06   Iter/sec:  9.107E-01
 Iteration:  00000013   DeltaT:  2.556E-06   Iter/sec:  8.728E-01
 Iteration:  00000014   DeltaT:  2.556E-06   Iter/sec:  8.925E-01
 Iteration:  00000015   DeltaT:  2.556E-06   Iter/sec:  8.907E-01
 Iteration:  00000016   DeltaT:  2.556E-06   Iter/sec:  9.087E-01
 Iteration:  00000017   DeltaT:  2.556E-06   Iter/sec:  8.920E-01
 Iteration:  00000018   DeltaT:  2.556E-06   Iter/sec:  9.040E-01
 Iteration:  00000019   DeltaT:  2.556E-06   Iter/sec:  8.847E-01
 Iteration:  00000020   DeltaT:  2.556E-06   Iter/sec:  9.158E-01
 Iteration:  00000021   DeltaT:  2.556E-06   Iter/sec:  8.914E-01
 Iteration:  00000022   DeltaT:  2.556E-06   Iter/sec:  8.867E-01
 Iteration:  00000023   DeltaT:  2.556E-06   Iter/sec:  8.993E-01
 Iteration:  00000024   DeltaT:  2.556E-06   Iter/sec:  8.994E-01
 Iteration:  00000025   DeltaT:  2.556E-06   Iter/sec:  8.996E-01
 Iteration:  00000026   DeltaT:  2.556E-06   Iter/sec:  8.999E-01
 Iteration:  00000027   DeltaT:  2.556E-06   Iter/sec:  8.986E-01
 Iteration:  00000028   DeltaT:  2.556E-06   Iter/sec:  9.051E-01
 Iteration:  00000029   DeltaT:  2.556E-06   Iter/sec:  8.984E-01
 Iteration:  00000030   DeltaT:  2.556E-06   Iter/sec:  8.971E-01
 Iteration:  00000031   DeltaT:  2.556E-06   Iter/sec:  9.103E-01
 Iteration:  00000032   DeltaT:  2.556E-06   Iter/sec:  9.076E-01
 Iteration:  00000033   DeltaT:  2.556E-06   Iter/sec:  8.885E-01
 Iteration:  00000034   DeltaT:  2.556E-06   Iter/sec:  8.963E-01
 Iteration:  00000035   DeltaT:  2.556E-06   Iter/sec:  8.968E-01
 Iteration:  00000036   DeltaT:  2.556E-06   Iter/sec:  8.964E-01
 Iteration:  00000037   DeltaT:  2.556E-06   Iter/sec:  8.946E-01
 Iteration:  00000038   DeltaT:  2.556E-06   Iter/sec:  8.946E-01
 Iteration:  00000039   DeltaT:  2.556E-06   Iter/sec:  8.872E-01
 Iteration:  00000040   DeltaT:  2.556E-06   Iter/sec:  8.964E-01
 Iteration:  00000041   DeltaT:  2.556E-06   Iter/sec:  9.059E-01
 Iteration:  00000042   DeltaT:  2.556E-06   Iter/sec:  8.963E-01
 Iteration:  00000043   DeltaT:  2.556E-06   Iter/sec:  9.142E-01
 Iteration:  00000044   DeltaT:  2.556E-06   Iter/sec:  8.957E-01
 Iteration:  00000045   DeltaT:  2.556E-06   Iter/sec:  9.075E-01
 Iteration:  00000046   DeltaT:  2.556E-06   Iter/sec:  8.964E-01
 Iteration:  00000047   DeltaT:  2.556E-06   Iter/sec:  8.915E-01
 Iteration:  00000048   DeltaT:  2.556E-06   Iter/sec:  8.897E-01
 Iteration:  00000049   DeltaT:  2.556E-06   Iter/sec:  8.965E-01
 Iteration:  00000050   DeltaT:  2.556E-06   Iter/sec:  8.896E-01


//////////////////////////////////////////////
   Measured Timings for Process 0  (seconds)

 Elapsed time:        56.6822
  Column time:         6.6734
     Row time:        20.1561
Legendre time:         6.6348
     FFT time:         4.0019
   Solve time:         1.2482
    rlma time:         1.1164
    rlmb time:         0.4646
  pspace time:         7.8065
  psolve time:         6.6729
    dphi time:         0.3065
captured time:        55.0813

     iter/sec:         0.8821
//////////////////////////////////////////////
