 //////////////////////////////////////
 Initializating Rayleigh...

 -- Initalizing MPI...
 ---- Specified parameters:
 ---- NCPU  :     32
 ---- NPROW :      4
 ---- NPCOL :      8
 -- MPI initialized.


 -- Initalizing Grid...
 ---- Specified parameters ----
 ---- N_R                 :     64
 ---- N_THETA             :    384
 ---- Ell_MAX             :    255
 ---- R_MIN               :  5.38462E-01
 ---- R_MAX               :  1.53846E+00
 ---- Chebyshev Domains   :      1

        Domain 1
          Grid points           :  64
          Dealiased Polynomials :  42
          Domain Lower Bound    :  5.38462E-01
          Domain Upper Bound    :  1.53846E+00

 -- Grid initialized.

 -- Initalizing Reference State...
 ---- Specified parameters:
 ---- Reference type           :  Boussinesq (Non-dimensional)
 ---- Rayleigh Number          :  1.00000E+05
 ---- Ekman Number             :  1.00000E-03
 ---- Prandtl Number           :  1.00000E+00
 ---- Magnetic Prandtl Number  :  5.00000E+00
 -- Reference State initialized.

 -- Initializing Fields...
 ---- Specified parameters:
 ---- Hydro Init Type    : Benchmark (Christensen et al. 2001)
 ---- Magnetic Init Type : Benchmark (Christensen et al. 2001)
 -- Fields initialized.

 Initialization Complete.
 //////////////////////////////////////

 Timestep has changed from  0.00000E+00 to  1.00000E-04.
 Iteration:  00000001   DeltaT:  1.000E-04   Iter/sec:  0.000E+00
 Timestep has changed from  1.00000E-04 to  1.02211E-05.
 Iteration:  00000002   DeltaT:  1.022E-05   Iter/sec:  6.068E-01
 Iteration:  00000003   DeltaT:  1.022E-05   Iter/sec:  9.175E-01
 Iteration:  00000004   DeltaT:  1.022E-05   Iter/sec:  9.269E-01
 Iteration:  00000005   DeltaT:  1.022E-05   Iter/sec:  9.365E-01
 Iteration:  00000006   DeltaT:  1.022E-05   Iter/sec:  9.377E-01
 Iteration:  00000007   DeltaT:  1.022E-05   Iter/sec:  9.376E-01
 Iteration:  00000008   DeltaT:  1.022E-05   Iter/sec:  9.345E-01
 Iteration:  00000009   DeltaT:  1.022E-05   Iter/sec:  9.342E-01
 Iteration:  00000010   DeltaT:  1.022E-05   Iter/sec:  9.207E-01
 Iteration:  00000011   DeltaT:  1.022E-05   Iter/sec:  9.320E-01
 Iteration:  00000012   DeltaT:  1.022E-05   Iter/sec:  9.360E-01
 Iteration:  00000013   DeltaT:  1.022E-05   Iter/sec:  9.374E-01
 Iteration:  00000014   DeltaT:  1.022E-05   Iter/sec:  9.364E-01
 Iteration:  00000015   DeltaT:  1.022E-05   Iter/sec:  9.318E-01
 Iteration:  00000016   DeltaT:  1.022E-05   Iter/sec:  9.344E-01
 Iteration:  00000017   DeltaT:  1.022E-05   Iter/sec:  9.307E-01
 Iteration:  00000018   DeltaT:  1.022E-05   Iter/sec:  9.273E-01
 Iteration:  00000019   DeltaT:  1.022E-05   Iter/sec:  9.360E-01
 Iteration:  00000020   DeltaT:  1.022E-05   Iter/sec:  9.375E-01
 Iteration:  00000021   DeltaT:  1.022E-05   Iter/sec:  9.322E-01
 Iteration:  00000022   DeltaT:  1.022E-05   Iter/sec:  9.403E-01
 Iteration:  00000023   DeltaT:  1.022E-05   Iter/sec:  9.366E-01
 Iteration:  00000024   DeltaT:  1.022E-05   Iter/sec:  9.381E-01
 Iteration:  00000025   DeltaT:  1.022E-05   Iter/sec:  9.355E-01
 Iteration:  00000026   DeltaT:  1.022E-05   Iter/sec:  9.378E-01
 Iteration:  00000027   DeltaT:  1.022E-05   Iter/sec:  9.380E-01
 Iteration:  00000028   DeltaT:  1.022E-05   Iter/sec:  9.400E-01
 Iteration:  00000029   DeltaT:  1.022E-05   Iter/sec:  9.360E-01
 Iteration:  00000030   DeltaT:  1.022E-05   Iter/sec:  9.398E-01
 Iteration:  00000031   DeltaT:  1.022E-05   Iter/sec:  9.345E-01
 Iteration:  00000032   DeltaT:  1.022E-05   Iter/sec:  9.278E-01
 Iteration:  00000033   DeltaT:  1.022E-05   Iter/sec:  9.354E-01
 Iteration:  00000034   DeltaT:  1.022E-05   Iter/sec:  9.440E-01
 Iteration:  00000035   DeltaT:  1.022E-05   Iter/sec:  9.208E-01
 Iteration:  00000036   DeltaT:  1.022E-05   Iter/sec:  9.315E-01
 Iteration:  00000037   DeltaT:  1.022E-05   Iter/sec:  9.459E-01
 Iteration:  00000038   DeltaT:  1.022E-05   Iter/sec:  9.321E-01
 Iteration:  00000039   DeltaT:  1.022E-05   Iter/sec:  9.304E-01
 Iteration:  00000040   DeltaT:  1.022E-05   Iter/sec:  9.453E-01
 Iteration:  00000041   DeltaT:  1.022E-05   Iter/sec:  9.253E-01
 Iteration:  00000042   DeltaT:  1.022E-05   Iter/sec:  9.305E-01
 Iteration:  00000043   DeltaT:  1.022E-05   Iter/sec:  9.461E-01
 Iteration:  00000044   DeltaT:  1.022E-05   Iter/sec:  9.349E-01
 Iteration:  00000045   DeltaT:  1.022E-05   Iter/sec:  9.362E-01
 Iteration:  00000046   DeltaT:  1.022E-05   Iter/sec:  9.371E-01
 Iteration:  00000047   DeltaT:  1.022E-05   Iter/sec:  9.313E-01
 Iteration:  00000048   DeltaT:  1.022E-05   Iter/sec:  9.400E-01
 Iteration:  00000049   DeltaT:  1.022E-05   Iter/sec:  9.401E-01
 Iteration:  00000050   DeltaT:  1.022E-05   Iter/sec:  9.290E-01


//////////////////////////////////////////////
   Measured Timings for Process 0  (seconds)

 Elapsed time:        54.2041
  Column time:         4.2400
     Row time:        20.5173
Legendre time:         6.6996
     FFT time:         4.0254
   Solve time:         0.6435
    rlma time:         1.1691
    rlmb time:         0.4858
  pspace time:         7.8521
  psolve time:         6.6487
    dphi time:         0.3046
captured time:        52.5861

     iter/sec:         0.9224
//////////////////////////////////////////////
