 //////////////////////////////////////
 Initializating Rayleigh...

 -- Initalizing MPI...
 ---- Specified parameters:
 ---- NCPU  :     16
 ---- NPROW :      4
 ---- NPCOL :      4
 -- MPI initialized.


 -- Initalizing Grid...
 ---- Specified parameters ----
 ---- N_R                 :    128
 ---- N_THETA             :    192
 ---- Ell_MAX             :    127
 ---- R_MIN               :  5.38462E-01
 ---- R_MAX               :  1.53846E+00
 ---- Chebyshev Domains   :      1

        Domain 1
          Grid points           :  128
          Dealiased Polynomials :  85
          Domain Lower Bound    :  5.38462E-01
          Domain Upper Bound    :  1.53846E+00

 -- Grid initialized.

 -- Initalizing Reference State...
 ---- Specified parameters:
 ---- Reference type           :  Boussinesq (Non-dimensional)
 ---- Rayleigh Number          :  1.00000E+05
 ---- Ekman Number             :  1.00000E-03
 ---- Prandtl Number           :  1.00000E+00
 ---- Magnetic Prandtl Number  :  5.00000E+00
 -- Reference State initialized.

 -- Initializing Fields...
 ---- Specified parameters:
 ---- Hydro Init Type    : Benchmark (Christensen et al. 2001)
 ---- Magnetic Init Type : Benchmark (Christensen et al. 2001)
 -- Fields initialized.

 Initialization Complete.
 //////////////////////////////////////

 Timestep has changed from  0.00000E+00 to  1.00000E-04.
 Iteration:  00000001   DeltaT:  1.000E-04   Iter/sec:  0.000E+00
 Timestep has changed from  1.00000E-04 to  2.55581E-06.
 Iteration:  00000002   DeltaT:  2.556E-06   Iter/sec:  6.695E-01
 Iteration:  00000003   DeltaT:  2.556E-06   Iter/sec:  7.579E-01
 Iteration:  00000004   DeltaT:  2.556E-06   Iter/sec:  8.405E-01
 Iteration:  00000005   DeltaT:  2.556E-06   Iter/sec:  8.470E-01
 Iteration:  00000006   DeltaT:  2.556E-06   Iter/sec:  8.396E-01
 Iteration:  00000007   DeltaT:  2.556E-06   Iter/sec:  8.438E-01
 Iteration:  00000008   DeltaT:  2.556E-06   Iter/sec:  8.438E-01
 Iteration:  00000009   DeltaT:  2.556E-06   Iter/sec:  8.418E-01
 Iteration:  00000010   DeltaT:  2.556E-06   Iter/sec:  8.319E-01
 Iteration:  00000011   DeltaT:  2.556E-06   Iter/sec:  8.402E-01
 Iteration:  00000012   DeltaT:  2.556E-06   Iter/sec:  8.407E-01
 Iteration:  00000013   DeltaT:  2.556E-06   Iter/sec:  8.461E-01
 Iteration:  00000014   DeltaT:  2.556E-06   Iter/sec:  8.478E-01
 Iteration:  00000015   DeltaT:  2.556E-06   Iter/sec:  8.417E-01
 Iteration:  00000016   DeltaT:  2.556E-06   Iter/sec:  8.404E-01
 Iteration:  00000017   DeltaT:  2.556E-06   Iter/sec:  8.399E-01
 Iteration:  00000018   DeltaT:  2.556E-06   Iter/sec:  8.381E-01
 Iteration:  00000019   DeltaT:  2.556E-06   Iter/sec:  8.411E-01
 Iteration:  00000020   DeltaT:  2.556E-06   Iter/sec:  8.461E-01
 Iteration:  00000021   DeltaT:  2.556E-06   Iter/sec:  8.474E-01
 Iteration:  00000022   DeltaT:  2.556E-06   Iter/sec:  8.444E-01
 Iteration:  00000023   DeltaT:  2.556E-06   Iter/sec:  8.371E-01
 Iteration:  00000024   DeltaT:  2.556E-06   Iter/sec:  8.464E-01
 Iteration:  00000025   DeltaT:  2.556E-06   Iter/sec:  8.435E-01
 Iteration:  00000026   DeltaT:  2.556E-06   Iter/sec:  8.379E-01
 Iteration:  00000027   DeltaT:  2.556E-06   Iter/sec:  8.395E-01
 Iteration:  00000028   DeltaT:  2.556E-06   Iter/sec:  8.394E-01
 Iteration:  00000029   DeltaT:  2.556E-06   Iter/sec:  8.484E-01
 Iteration:  00000030   DeltaT:  2.556E-06   Iter/sec:  8.372E-01
 Iteration:  00000031   DeltaT:  2.556E-06   Iter/sec:  8.430E-01
 Iteration:  00000032   DeltaT:  2.556E-06   Iter/sec:  8.402E-01
 Iteration:  00000033   DeltaT:  2.556E-06   Iter/sec:  8.456E-01
 Iteration:  00000034   DeltaT:  2.556E-06   Iter/sec:  8.401E-01
 Iteration:  00000035   DeltaT:  2.556E-06   Iter/sec:  8.419E-01
 Iteration:  00000036   DeltaT:  2.556E-06   Iter/sec:  8.452E-01
 Iteration:  00000037   DeltaT:  2.556E-06   Iter/sec:  8.435E-01
 Iteration:  00000038   DeltaT:  2.556E-06   Iter/sec:  8.371E-01
 Iteration:  00000039   DeltaT:  2.556E-06   Iter/sec:  8.453E-01
 Iteration:  00000040   DeltaT:  2.556E-06   Iter/sec:  8.472E-01
 Iteration:  00000041   DeltaT:  2.556E-06   Iter/sec:  8.423E-01
 Iteration:  00000042   DeltaT:  2.556E-06   Iter/sec:  8.442E-01
 Iteration:  00000043   DeltaT:  2.556E-06   Iter/sec:  8.421E-01
 Iteration:  00000044   DeltaT:  2.556E-06   Iter/sec:  8.388E-01
 Iteration:  00000045   DeltaT:  2.556E-06   Iter/sec:  8.409E-01
 Iteration:  00000046   DeltaT:  2.556E-06   Iter/sec:  8.502E-01
 Iteration:  00000047   DeltaT:  2.556E-06   Iter/sec:  8.507E-01
 Iteration:  00000048   DeltaT:  2.556E-06   Iter/sec:  8.471E-01
 Iteration:  00000049   DeltaT:  2.556E-06   Iter/sec:  8.432E-01
 Iteration:  00000050   DeltaT:  2.556E-06   Iter/sec:  8.407E-01


//////////////////////////////////////////////
   Measured Timings for Process 0  (seconds)

 Elapsed time:        60.2455
  Column time:         3.0957
     Row time:        24.4668
Legendre time:         7.6505
     FFT time:         3.9454
   Solve time:         1.3978
    rlma time:         1.1763
    rlmb time:         0.4219
  pspace time:         9.1097
  psolve time:         6.9710
    dphi time:         0.4578
captured time:        58.6931

     iter/sec:         0.8299
//////////////////////////////////////////////
