 //////////////////////////////////////
 Initializating Rayleigh...

 -- Initalizing MPI...
 ---- Specified parameters:
 ---- NCPU  :    512
 ---- NPROW :     32
 ---- NPCOL :     16
 -- MPI initialized.


 -- Initalizing Grid...
 ---- Specified parameters ----
 ---- N_R                 :    128
 ---- N_THETA             :   1536
 ---- Ell_MAX             :   1023
 ---- R_MIN               :  5.38462E-01
 ---- R_MAX               :  1.53846E+00
 ---- Chebyshev Domains   :      1

        Domain 1
          Grid points           :  128
          Dealiased Polynomials :  85
          Domain Lower Bound    :  5.38462E-01
          Domain Upper Bound    :  1.53846E+00

 -- Grid initialized.

 -- Initalizing Reference State...
 ---- Specified parameters:
 ---- Reference type           :  Boussinesq (Non-dimensional)
 ---- Rayleigh Number          :  1.00000E+05
 ---- Ekman Number             :  1.00000E-03
 ---- Prandtl Number           :  1.00000E+00
 ---- Magnetic Prandtl Number  :  5.00000E+00
 -- Reference State initialized.

 -- Initializing Fields...
 ---- Specified parameters:
 ---- Hydro Init Type    : Benchmark (Christensen et al. 2001)
 ---- Magnetic Init Type : Benchmark (Christensen et al. 2001)
 -- Fields initialized.

 Initialization Complete.
 //////////////////////////////////////

 Timestep has changed from  0.00000E+00 to  1.00000E-04.
 Iteration:  00000001   DeltaT:  1.000E-04   Iter/sec:  0.000E+00
 Timestep has changed from  1.00000E-04 to  2.55561E-06.
 Iteration:  00000002   DeltaT:  2.556E-06   Iter/sec:  1.393E-01
 Iteration:  00000003   DeltaT:  2.556E-06   Iter/sec:  3.012E-01
 Iteration:  00000004   DeltaT:  2.556E-06   Iter/sec:  3.344E-01
 Iteration:  00000005   DeltaT:  2.556E-06   Iter/sec:  3.266E-01
 Iteration:  00000006   DeltaT:  2.556E-06   Iter/sec:  3.353E-01
 Iteration:  00000007   DeltaT:  2.556E-06   Iter/sec:  3.321E-01
 Iteration:  00000008   DeltaT:  2.556E-06   Iter/sec:  3.334E-01
 Iteration:  00000009   DeltaT:  2.556E-06   Iter/sec:  3.301E-01
 Iteration:  00000010   DeltaT:  2.556E-06   Iter/sec:  3.327E-01
 Iteration:  00000011   DeltaT:  2.556E-06   Iter/sec:  3.300E-01
 Iteration:  00000012   DeltaT:  2.556E-06   Iter/sec:  3.345E-01
 Iteration:  00000013   DeltaT:  2.556E-06   Iter/sec:  3.348E-01
 Iteration:  00000014   DeltaT:  2.556E-06   Iter/sec:  3.308E-01
 Iteration:  00000015   DeltaT:  2.556E-06   Iter/sec:  3.275E-01
 Iteration:  00000016   DeltaT:  2.556E-06   Iter/sec:  3.356E-01
 Iteration:  00000017   DeltaT:  2.556E-06   Iter/sec:  3.298E-01
 Iteration:  00000018   DeltaT:  2.556E-06   Iter/sec:  3.345E-01
 Iteration:  00000019   DeltaT:  2.556E-06   Iter/sec:  3.292E-01
 Iteration:  00000020   DeltaT:  2.556E-06   Iter/sec:  3.425E-01
 Iteration:  00000021   DeltaT:  2.556E-06   Iter/sec:  3.227E-01
 Iteration:  00000022   DeltaT:  2.556E-06   Iter/sec:  3.349E-01
 Iteration:  00000023   DeltaT:  2.556E-06   Iter/sec:  3.287E-01
 Iteration:  00000024   DeltaT:  2.556E-06   Iter/sec:  3.347E-01
 Iteration:  00000025   DeltaT:  2.556E-06   Iter/sec:  3.274E-01
 Iteration:  00000026   DeltaT:  2.556E-06   Iter/sec:  3.345E-01
 Iteration:  00000027   DeltaT:  2.556E-06   Iter/sec:  3.295E-01
 Iteration:  00000028   DeltaT:  2.556E-06   Iter/sec:  3.332E-01
 Iteration:  00000029   DeltaT:  2.556E-06   Iter/sec:  3.273E-01
 Iteration:  00000030   DeltaT:  2.556E-06   Iter/sec:  3.359E-01
 Iteration:  00000031   DeltaT:  2.556E-06   Iter/sec:  3.270E-01
 Iteration:  00000032   DeltaT:  2.556E-06   Iter/sec:  3.362E-01
 Iteration:  00000033   DeltaT:  2.556E-06   Iter/sec:  3.258E-01
 Iteration:  00000034   DeltaT:  2.556E-06   Iter/sec:  3.360E-01
 Iteration:  00000035   DeltaT:  2.556E-06   Iter/sec:  3.280E-01
 Iteration:  00000036   DeltaT:  2.556E-06   Iter/sec:  3.392E-01
 Iteration:  00000037   DeltaT:  2.556E-06   Iter/sec:  3.257E-01
 Iteration:  00000038   DeltaT:  2.556E-06   Iter/sec:  3.396E-01
 Iteration:  00000039   DeltaT:  2.556E-06   Iter/sec:  3.252E-01
 Iteration:  00000040   DeltaT:  2.556E-06   Iter/sec:  3.339E-01
 Iteration:  00000041   DeltaT:  2.556E-06   Iter/sec:  3.313E-01
 Iteration:  00000042   DeltaT:  2.556E-06   Iter/sec:  3.334E-01
 Iteration:  00000043   DeltaT:  2.556E-06   Iter/sec:  3.287E-01
 Iteration:  00000044   DeltaT:  2.556E-06   Iter/sec:  3.339E-01
 Iteration:  00000045   DeltaT:  2.556E-06   Iter/sec:  3.278E-01
 Iteration:  00000046   DeltaT:  2.556E-06   Iter/sec:  3.347E-01
 Iteration:  00000047   DeltaT:  2.556E-06   Iter/sec:  3.306E-01
 Iteration:  00000048   DeltaT:  2.556E-06   Iter/sec:  3.341E-01
 Iteration:  00000049   DeltaT:  2.556E-06   Iter/sec:  3.285E-01
 Iteration:  00000050   DeltaT:  2.556E-06   Iter/sec:  3.339E-01


//////////////////////////////////////////////
   Measured Timings for Process 0  (seconds)

 Elapsed time:       160.5187
  Column time:        31.4775
     Row time:        47.3408
Legendre time:        27.3945
     FFT time:         7.7820
   Solve time:         2.5842
    rlma time:         2.9937
    rlmb time:         1.3602
  pspace time:        14.1401
  psolve time:        13.6706
    dphi time:         0.4773
captured time:       149.2209

     iter/sec:         0.3115
//////////////////////////////////////////////
