 //////////////////////////////////////
 Initializating Rayleigh...

 -- Initalizing MPI...
 ---- Specified parameters:
 ---- NCPU  :   1024
 ---- NPROW :     32
 ---- NPCOL :     32
 -- MPI initialized.


 -- Initalizing Grid...
 ---- Specified parameters ----
 ---- N_R                 :    128
 ---- N_THETA             :   1536
 ---- Ell_MAX             :   1023
 ---- R_MIN               :  5.38462E-01
 ---- R_MAX               :  1.53846E+00
 ---- Chebyshev Domains   :      1

        Domain 1
          Grid points           :  128
          Dealiased Polynomials :  85
          Domain Lower Bound    :  5.38462E-01
          Domain Upper Bound    :  1.53846E+00

 -- Grid initialized.

 -- Initalizing Reference State...
 ---- Specified parameters:
 ---- Reference type           :  Boussinesq (Non-dimensional)
 ---- Rayleigh Number          :  1.00000E+05
 ---- Ekman Number             :  1.00000E-03
 ---- Prandtl Number           :  1.00000E+00
 ---- Magnetic Prandtl Number  :  5.00000E+00
 -- Reference State initialized.

 -- Initializing Fields...
 ---- Specified parameters:
 ---- Hydro Init Type    : Benchmark (Christensen et al. 2001)
 ---- Magnetic Init Type : Benchmark (Christensen et al. 2001)
 -- Fields initialized.

 Initialization Complete.
 //////////////////////////////////////

 Timestep has changed from  0.00000E+00 to  1.00000E-04.
 Iteration:  00000001   DeltaT:  1.000E-04   Iter/sec:  0.000E+00
 Timestep has changed from  1.00000E-04 to  2.55561E-06.
 Iteration:  00000002   DeltaT:  2.556E-06   Iter/sec:  1.787E-01
 Iteration:  00000003   DeltaT:  2.556E-06   Iter/sec:  5.972E-01
 Iteration:  00000004   DeltaT:  2.556E-06   Iter/sec:  6.338E-01
 Iteration:  00000005   DeltaT:  2.556E-06   Iter/sec:  6.644E-01
 Iteration:  00000006   DeltaT:  2.556E-06   Iter/sec:  6.203E-01
 Iteration:  00000007   DeltaT:  2.556E-06   Iter/sec:  6.365E-01
 Iteration:  00000008   DeltaT:  2.556E-06   Iter/sec:  6.435E-01
 Iteration:  00000009   DeltaT:  2.556E-06   Iter/sec:  6.306E-01
 Iteration:  00000010   DeltaT:  2.556E-06   Iter/sec:  6.501E-01
 Iteration:  00000011   DeltaT:  2.556E-06   Iter/sec:  6.085E-01
 Iteration:  00000012   DeltaT:  2.556E-06   Iter/sec:  6.665E-01
 Iteration:  00000013   DeltaT:  2.556E-06   Iter/sec:  6.324E-01
 Iteration:  00000014   DeltaT:  2.556E-06   Iter/sec:  6.356E-01
 Iteration:  00000015   DeltaT:  2.556E-06   Iter/sec:  6.455E-01
 Iteration:  00000016   DeltaT:  2.556E-06   Iter/sec:  6.404E-01
 Iteration:  00000017   DeltaT:  2.556E-06   Iter/sec:  6.650E-01
 Iteration:  00000018   DeltaT:  2.556E-06   Iter/sec:  5.950E-01
 Iteration:  00000019   DeltaT:  2.556E-06   Iter/sec:  6.860E-01
 Iteration:  00000020   DeltaT:  2.556E-06   Iter/sec:  6.281E-01
 Iteration:  00000021   DeltaT:  2.556E-06   Iter/sec:  6.482E-01
 Iteration:  00000022   DeltaT:  2.556E-06   Iter/sec:  6.514E-01
 Iteration:  00000023   DeltaT:  2.556E-06   Iter/sec:  6.109E-01
 Iteration:  00000024   DeltaT:  2.556E-06   Iter/sec:  6.552E-01
 Iteration:  00000025   DeltaT:  2.556E-06   Iter/sec:  6.481E-01
 Iteration:  00000026   DeltaT:  2.556E-06   Iter/sec:  6.410E-01
 Iteration:  00000027   DeltaT:  2.556E-06   Iter/sec:  6.353E-01
 Iteration:  00000028   DeltaT:  2.556E-06   Iter/sec:  6.428E-01
 Iteration:  00000029   DeltaT:  2.556E-06   Iter/sec:  6.501E-01
 Iteration:  00000030   DeltaT:  2.556E-06   Iter/sec:  6.435E-01
 Iteration:  00000031   DeltaT:  2.556E-06   Iter/sec:  6.206E-01
 Iteration:  00000032   DeltaT:  2.556E-06   Iter/sec:  6.827E-01
 Iteration:  00000033   DeltaT:  2.556E-06   Iter/sec:  6.002E-01
 Iteration:  00000034   DeltaT:  2.556E-06   Iter/sec:  6.769E-01
 Iteration:  00000035   DeltaT:  2.556E-06   Iter/sec:  6.388E-01
 Iteration:  00000036   DeltaT:  2.556E-06   Iter/sec:  6.309E-01
 Iteration:  00000037   DeltaT:  2.556E-06   Iter/sec:  6.445E-01
 Iteration:  00000038   DeltaT:  2.556E-06   Iter/sec:  6.184E-01
 Iteration:  00000039   DeltaT:  2.556E-06   Iter/sec:  6.435E-01
 Iteration:  00000040   DeltaT:  2.556E-06   Iter/sec:  6.156E-01
 Iteration:  00000041   DeltaT:  2.556E-06   Iter/sec:  6.653E-01
 Iteration:  00000042   DeltaT:  2.556E-06   Iter/sec:  6.348E-01
 Iteration:  00000043   DeltaT:  2.556E-06   Iter/sec:  6.489E-01
 Iteration:  00000044   DeltaT:  2.556E-06   Iter/sec:  6.425E-01
 Iteration:  00000045   DeltaT:  2.556E-06   Iter/sec:  6.032E-01
 Iteration:  00000046   DeltaT:  2.556E-06   Iter/sec:  6.504E-01
 Iteration:  00000047   DeltaT:  2.556E-06   Iter/sec:  6.421E-01
 Iteration:  00000048   DeltaT:  2.556E-06   Iter/sec:  6.471E-01
 Iteration:  00000049   DeltaT:  2.556E-06   Iter/sec:  6.467E-01
 Iteration:  00000050   DeltaT:  2.556E-06   Iter/sec:  6.389E-01


//////////////////////////////////////////////
   Measured Timings for Process 0  (seconds)

 Elapsed time:        81.6888
  Column time:        21.3409
     Row time:        22.3575
Legendre time:        12.5867
     FFT time:         4.2075
   Solve time:         1.3892
    rlma time:         0.9404
    rlmb time:         0.4582
  pspace time:         7.8125
  psolve time:         6.4196
    dphi time:         0.2938
captured time:        77.8063

     iter/sec:         0.6121
//////////////////////////////////////////////
