 //////////////////////////////////////
 Initializating Rayleigh...

 -- Initalizing MPI...
 ---- Specified parameters:
 ---- NCPU  :    128
 ---- NPROW :     16
 ---- NPCOL :      8
 -- MPI initialized.


 -- Initalizing Grid...
 ---- Specified parameters ----
 ---- N_R                 :     64
 ---- N_THETA             :    768
 ---- Ell_MAX             :    511
 ---- R_MIN               :  5.38462E-01
 ---- R_MAX               :  1.53846E+00
 ---- Chebyshev Domains   :      1

        Domain 1
          Grid points           :  64
          Dealiased Polynomials :  42
          Domain Lower Bound    :  5.38462E-01
          Domain Upper Bound    :  1.53846E+00

 -- Grid initialized.

 -- Initalizing Reference State...
 ---- Specified parameters:
 ---- Reference type           :  Boussinesq (Non-dimensional)
 ---- Rayleigh Number          :  1.00000E+05
 ---- Ekman Number             :  1.00000E-03
 ---- Prandtl Number           :  1.00000E+00
 ---- Magnetic Prandtl Number  :  5.00000E+00
 -- Reference State initialized.

 -- Initializing Fields...
 ---- Specified parameters:
 ---- Hydro Init Type    : Benchmark (Christensen et al. 2001)
 ---- Magnetic Init Type : Benchmark (Christensen et al. 2001)
 -- Fields initialized.

 Initialization Complete.
 //////////////////////////////////////

 Timestep has changed from  0.00000E+00 to  1.00000E-04.
 Iteration:  00000001   DeltaT:  1.000E-04   Iter/sec:  0.000E+00
 Timestep has changed from  1.00000E-04 to  8.93257E-06.
 Iteration:  00000002   DeltaT:  8.933E-06   Iter/sec:  4.454E-01
 Iteration:  00000003   DeltaT:  8.933E-06   Iter/sec:  8.074E-01
 Iteration:  00000004   DeltaT:  8.933E-06   Iter/sec:  8.423E-01
 Iteration:  00000005   DeltaT:  8.933E-06   Iter/sec:  8.509E-01
 Iteration:  00000006   DeltaT:  8.933E-06   Iter/sec:  8.668E-01
 Iteration:  00000007   DeltaT:  8.933E-06   Iter/sec:  8.592E-01
 Iteration:  00000008   DeltaT:  8.933E-06   Iter/sec:  8.600E-01
 Iteration:  00000009   DeltaT:  8.933E-06   Iter/sec:  8.627E-01
 Iteration:  00000010   DeltaT:  8.933E-06   Iter/sec:  8.692E-01
 Iteration:  00000011   DeltaT:  8.933E-06   Iter/sec:  8.527E-01
 Iteration:  00000012   DeltaT:  8.933E-06   Iter/sec:  8.678E-01
 Iteration:  00000013   DeltaT:  8.933E-06   Iter/sec:  8.488E-01
 Iteration:  00000014   DeltaT:  8.933E-06   Iter/sec:  8.720E-01
 Iteration:  00000015   DeltaT:  8.933E-06   Iter/sec:  8.567E-01
 Iteration:  00000016   DeltaT:  8.933E-06   Iter/sec:  8.651E-01
 Iteration:  00000017   DeltaT:  8.933E-06   Iter/sec:  8.671E-01
 Iteration:  00000018   DeltaT:  8.933E-06   Iter/sec:  8.555E-01
 Iteration:  00000019   DeltaT:  8.933E-06   Iter/sec:  8.475E-01
 Iteration:  00000020   DeltaT:  8.933E-06   Iter/sec:  8.678E-01
 Iteration:  00000021   DeltaT:  8.933E-06   Iter/sec:  8.540E-01
 Iteration:  00000022   DeltaT:  8.933E-06   Iter/sec:  8.649E-01
 Iteration:  00000023   DeltaT:  8.933E-06   Iter/sec:  8.605E-01
 Iteration:  00000024   DeltaT:  8.933E-06   Iter/sec:  8.653E-01
 Iteration:  00000025   DeltaT:  8.933E-06   Iter/sec:  8.608E-01
 Iteration:  00000026   DeltaT:  8.933E-06   Iter/sec:  8.648E-01
 Iteration:  00000027   DeltaT:  8.933E-06   Iter/sec:  8.486E-01
 Iteration:  00000028   DeltaT:  8.933E-06   Iter/sec:  8.475E-01
 Iteration:  00000029   DeltaT:  8.933E-06   Iter/sec:  8.702E-01
 Iteration:  00000030   DeltaT:  8.933E-06   Iter/sec:  8.620E-01
 Iteration:  00000031   DeltaT:  8.933E-06   Iter/sec:  8.574E-01
 Iteration:  00000032   DeltaT:  8.933E-06   Iter/sec:  8.580E-01
 Iteration:  00000033   DeltaT:  8.933E-06   Iter/sec:  8.524E-01
 Iteration:  00000034   DeltaT:  8.933E-06   Iter/sec:  8.568E-01
 Iteration:  00000035   DeltaT:  8.933E-06   Iter/sec:  8.666E-01
 Iteration:  00000036   DeltaT:  8.933E-06   Iter/sec:  8.655E-01
 Iteration:  00000037   DeltaT:  8.933E-06   Iter/sec:  8.505E-01
 Iteration:  00000038   DeltaT:  8.933E-06   Iter/sec:  8.620E-01
 Iteration:  00000039   DeltaT:  8.933E-06   Iter/sec:  8.446E-01
 Iteration:  00000040   DeltaT:  8.933E-06   Iter/sec:  8.658E-01
 Iteration:  00000041   DeltaT:  8.933E-06   Iter/sec:  8.579E-01
 Iteration:  00000042   DeltaT:  8.933E-06   Iter/sec:  8.617E-01
 Iteration:  00000043   DeltaT:  8.933E-06   Iter/sec:  8.474E-01
 Iteration:  00000044   DeltaT:  8.933E-06   Iter/sec:  8.516E-01
 Iteration:  00000045   DeltaT:  8.933E-06   Iter/sec:  8.526E-01
 Iteration:  00000046   DeltaT:  8.933E-06   Iter/sec:  8.577E-01
 Iteration:  00000047   DeltaT:  8.933E-06   Iter/sec:  8.521E-01
 Iteration:  00000048   DeltaT:  8.933E-06   Iter/sec:  8.634E-01
 Iteration:  00000049   DeltaT:  8.933E-06   Iter/sec:  8.632E-01
 Iteration:  00000050   DeltaT:  8.933E-06   Iter/sec:  8.546E-01


//////////////////////////////////////////////
   Measured Timings for Process 0  (seconds)

 Elapsed time:        60.4056
  Column time:         6.2455
     Row time:        21.6560
Legendre time:         8.8469
     FFT time:         3.8433
   Solve time:         0.7181
    rlma time:         0.8082
    rlmb time:         0.4583
  pspace time:         8.9261
  psolve time:         5.7942
    dphi time:         0.4342
captured time:        57.7309

     iter/sec:         0.8277
//////////////////////////////////////////////
