 //////////////////////////////////////
 Initializating Rayleigh...

 -- Initalizing MPI...
 ---- Specified parameters:
 ---- NCPU  :    128
 ---- NPROW :     16
 ---- NPCOL :      8
 -- MPI initialized.


 -- Initalizing Grid...
 ---- Specified parameters ----
 ---- N_R                 :    128
 ---- N_THETA             :    768
 ---- Ell_MAX             :    511
 ---- R_MIN               :  5.38462E-01
 ---- R_MAX               :  1.53846E+00
 ---- Chebyshev Domains   :      1

        Domain 1
          Grid points           :  128
          Dealiased Polynomials :  85
          Domain Lower Bound    :  5.38462E-01
          Domain Upper Bound    :  1.53846E+00

 -- Grid initialized.

 -- Initalizing Reference State...
 ---- Specified parameters:
 ---- Reference type           :  Boussinesq (Non-dimensional)
 ---- Rayleigh Number          :  1.00000E+05
 ---- Ekman Number             :  1.00000E-03
 ---- Prandtl Number           :  1.00000E+00
 ---- Magnetic Prandtl Number  :  5.00000E+00
 -- Reference State initialized.

 -- Initializing Fields...
 ---- Specified parameters:
 ---- Hydro Init Type    : Benchmark (Christensen et al. 2001)
 ---- Magnetic Init Type : Benchmark (Christensen et al. 2001)
 -- Fields initialized.

 Initialization Complete.
 //////////////////////////////////////

 Timestep has changed from  0.00000E+00 to  1.00000E-04.
 Iteration:  00000001   DeltaT:  1.000E-04   Iter/sec:  0.000E+00
 Timestep has changed from  1.00000E-04 to  2.55562E-06.
 Iteration:  00000002   DeltaT:  2.556E-06   Iter/sec:  2.529E-01
 Iteration:  00000003   DeltaT:  2.556E-06   Iter/sec:  3.510E-01
 Iteration:  00000004   DeltaT:  2.556E-06   Iter/sec:  3.877E-01
 Iteration:  00000005   DeltaT:  2.556E-06   Iter/sec:  3.923E-01
 Iteration:  00000006   DeltaT:  2.556E-06   Iter/sec:  3.835E-01
 Iteration:  00000007   DeltaT:  2.556E-06   Iter/sec:  3.891E-01
 Iteration:  00000008   DeltaT:  2.556E-06   Iter/sec:  3.869E-01
 Iteration:  00000009   DeltaT:  2.556E-06   Iter/sec:  3.860E-01
 Iteration:  00000010   DeltaT:  2.556E-06   Iter/sec:  3.893E-01
 Iteration:  00000011   DeltaT:  2.556E-06   Iter/sec:  3.815E-01
 Iteration:  00000012   DeltaT:  2.556E-06   Iter/sec:  3.904E-01
 Iteration:  00000013   DeltaT:  2.556E-06   Iter/sec:  3.907E-01
 Iteration:  00000014   DeltaT:  2.556E-06   Iter/sec:  3.859E-01
 Iteration:  00000015   DeltaT:  2.556E-06   Iter/sec:  3.898E-01
 Iteration:  00000016   DeltaT:  2.556E-06   Iter/sec:  3.832E-01
 Iteration:  00000017   DeltaT:  2.556E-06   Iter/sec:  3.910E-01
 Iteration:  00000018   DeltaT:  2.556E-06   Iter/sec:  3.858E-01
 Iteration:  00000019   DeltaT:  2.556E-06   Iter/sec:  3.856E-01
 Iteration:  00000020   DeltaT:  2.556E-06   Iter/sec:  3.875E-01
 Iteration:  00000021   DeltaT:  2.556E-06   Iter/sec:  3.849E-01
 Iteration:  00000022   DeltaT:  2.556E-06   Iter/sec:  3.916E-01
 Iteration:  00000023   DeltaT:  2.556E-06   Iter/sec:  3.858E-01
 Iteration:  00000024   DeltaT:  2.556E-06   Iter/sec:  3.844E-01
 Iteration:  00000025   DeltaT:  2.556E-06   Iter/sec:  3.921E-01
 Iteration:  00000026   DeltaT:  2.556E-06   Iter/sec:  3.859E-01
 Iteration:  00000027   DeltaT:  2.556E-06   Iter/sec:  3.885E-01
 Iteration:  00000028   DeltaT:  2.556E-06   Iter/sec:  3.922E-01
 Iteration:  00000029   DeltaT:  2.556E-06   Iter/sec:  3.964E-01
 Iteration:  00000030   DeltaT:  2.556E-06   Iter/sec:  3.840E-01
 Iteration:  00000031   DeltaT:  2.556E-06   Iter/sec:  3.918E-01
 Iteration:  00000032   DeltaT:  2.556E-06   Iter/sec:  3.871E-01
 Iteration:  00000033   DeltaT:  2.556E-06   Iter/sec:  3.812E-01
 Iteration:  00000034   DeltaT:  2.556E-06   Iter/sec:  3.843E-01
 Iteration:  00000035   DeltaT:  2.556E-06   Iter/sec:  3.912E-01
 Iteration:  00000036   DeltaT:  2.556E-06   Iter/sec:  3.832E-01
 Iteration:  00000037   DeltaT:  2.556E-06   Iter/sec:  3.892E-01
 Iteration:  00000038   DeltaT:  2.556E-06   Iter/sec:  3.878E-01
 Iteration:  00000039   DeltaT:  2.556E-06   Iter/sec:  3.858E-01
 Iteration:  00000040   DeltaT:  2.556E-06   Iter/sec:  3.870E-01
 Iteration:  00000041   DeltaT:  2.556E-06   Iter/sec:  3.885E-01
 Iteration:  00000042   DeltaT:  2.556E-06   Iter/sec:  3.805E-01
 Iteration:  00000043   DeltaT:  2.556E-06   Iter/sec:  3.894E-01
 Iteration:  00000044   DeltaT:  2.556E-06   Iter/sec:  3.864E-01
 Iteration:  00000045   DeltaT:  2.556E-06   Iter/sec:  3.800E-01
 Iteration:  00000046   DeltaT:  2.556E-06   Iter/sec:  3.898E-01
 Iteration:  00000047   DeltaT:  2.556E-06   Iter/sec:  3.810E-01
 Iteration:  00000048   DeltaT:  2.556E-06   Iter/sec:  3.898E-01
 Iteration:  00000049   DeltaT:  2.556E-06   Iter/sec:  3.839E-01
 Iteration:  00000050   DeltaT:  2.556E-06   Iter/sec:  3.919E-01


//////////////////////////////////////////////
   Measured Timings for Process 0  (seconds)

 Elapsed time:       133.0391
  Column time:        16.6107
     Row time:        44.8048
Legendre time:        20.8429
     FFT time:         7.7169
   Solve time:         2.8043
    rlma time:         3.2344
    rlmb time:         1.6061
  pspace time:        16.4204
  psolve time:        13.0635
    dphi time:         0.7458
captured time:       127.8497

     iter/sec:         0.3758
//////////////////////////////////////////////
