 //////////////////////////////////////
 Initializating Rayleigh...

 -- Initalizing MPI...
 ---- Specified parameters:
 ---- NCPU  :    512
 ---- NPROW :     16
 ---- NPCOL :     32
 -- MPI initialized.


 -- Initalizing Grid...
 ---- Specified parameters ----
 ---- N_R                 :    128
 ---- N_THETA             :    768
 ---- Ell_MAX             :    511
 ---- R_MIN               :  5.38462E-01
 ---- R_MAX               :  1.53846E+00
 ---- Chebyshev Domains   :      1

        Domain 1
          Grid points           :  128
          Dealiased Polynomials :  85
          Domain Lower Bound    :  5.38462E-01
          Domain Upper Bound    :  1.53846E+00

 -- Grid initialized.

 -- Initalizing Reference State...
 ---- Specified parameters:
 ---- Reference type           :  Boussinesq (Non-dimensional)
 ---- Rayleigh Number          :  1.00000E+05
 ---- Ekman Number             :  1.00000E-03
 ---- Prandtl Number           :  1.00000E+00
 ---- Magnetic Prandtl Number  :  5.00000E+00
 -- Reference State initialized.

 -- Initializing Fields...
 ---- Specified parameters:
 ---- Hydro Init Type    : Benchmark (Christensen et al. 2001)
 ---- Magnetic Init Type : Benchmark (Christensen et al. 2001)
 -- Fields initialized.

 Initialization Complete.
 //////////////////////////////////////

 Timestep has changed from  0.00000E+00 to  1.00000E-04.
 Iteration:  00000001   DeltaT:  1.000E-04   Iter/sec:  0.000E+00
 Timestep has changed from  1.00000E-04 to  2.55562E-06.
 Iteration:  00000002   DeltaT:  2.556E-06   Iter/sec:  3.679E-01
 Iteration:  00000003   DeltaT:  2.556E-06   Iter/sec:  1.444E+00
 Iteration:  00000004   DeltaT:  2.556E-06   Iter/sec:  1.617E+00
 Iteration:  00000005   DeltaT:  2.556E-06   Iter/sec:  1.593E+00
 Iteration:  00000006   DeltaT:  2.556E-06   Iter/sec:  1.602E+00
 Iteration:  00000007   DeltaT:  2.556E-06   Iter/sec:  1.606E+00
 Iteration:  00000008   DeltaT:  2.556E-06   Iter/sec:  1.617E+00
 Iteration:  00000009   DeltaT:  2.556E-06   Iter/sec:  1.628E+00
 Iteration:  00000010   DeltaT:  2.556E-06   Iter/sec:  1.590E+00
 Iteration:  00000011   DeltaT:  2.556E-06   Iter/sec:  1.621E+00
 Iteration:  00000012   DeltaT:  2.556E-06   Iter/sec:  1.611E+00
 Iteration:  00000013   DeltaT:  2.556E-06   Iter/sec:  1.606E+00
 Iteration:  00000014   DeltaT:  2.556E-06   Iter/sec:  1.597E+00
 Iteration:  00000015   DeltaT:  2.556E-06   Iter/sec:  1.618E+00
 Iteration:  00000016   DeltaT:  2.556E-06   Iter/sec:  1.607E+00
 Iteration:  00000017   DeltaT:  2.556E-06   Iter/sec:  1.624E+00
 Iteration:  00000018   DeltaT:  2.556E-06   Iter/sec:  1.591E+00
 Iteration:  00000019   DeltaT:  2.556E-06   Iter/sec:  1.607E+00
 Iteration:  00000020   DeltaT:  2.556E-06   Iter/sec:  1.604E+00
 Iteration:  00000021   DeltaT:  2.556E-06   Iter/sec:  1.632E+00
 Iteration:  00000022   DeltaT:  2.556E-06   Iter/sec:  1.593E+00
 Iteration:  00000023   DeltaT:  2.556E-06   Iter/sec:  1.599E+00
 Iteration:  00000024   DeltaT:  2.556E-06   Iter/sec:  1.604E+00
 Iteration:  00000025   DeltaT:  2.556E-06   Iter/sec:  1.619E+00
 Iteration:  00000026   DeltaT:  2.556E-06   Iter/sec:  1.607E+00
 Iteration:  00000027   DeltaT:  2.556E-06   Iter/sec:  1.607E+00
 Iteration:  00000028   DeltaT:  2.556E-06   Iter/sec:  1.601E+00
 Iteration:  00000029   DeltaT:  2.556E-06   Iter/sec:  1.601E+00
 Iteration:  00000030   DeltaT:  2.556E-06   Iter/sec:  1.606E+00
 Iteration:  00000031   DeltaT:  2.556E-06   Iter/sec:  1.605E+00
 Iteration:  00000032   DeltaT:  2.556E-06   Iter/sec:  1.603E+00
 Iteration:  00000033   DeltaT:  2.556E-06   Iter/sec:  1.605E+00
 Iteration:  00000034   DeltaT:  2.556E-06   Iter/sec:  1.609E+00
 Iteration:  00000035   DeltaT:  2.556E-06   Iter/sec:  1.634E+00
 Iteration:  00000036   DeltaT:  2.556E-06   Iter/sec:  1.583E+00
 Iteration:  00000037   DeltaT:  2.556E-06   Iter/sec:  1.598E+00
 Iteration:  00000038   DeltaT:  2.556E-06   Iter/sec:  1.605E+00
 Iteration:  00000039   DeltaT:  2.556E-06   Iter/sec:  1.601E+00
 Iteration:  00000040   DeltaT:  2.556E-06   Iter/sec:  1.623E+00
 Iteration:  00000041   DeltaT:  2.556E-06   Iter/sec:  1.616E+00
 Iteration:  00000042   DeltaT:  2.556E-06   Iter/sec:  1.599E+00
 Iteration:  00000043   DeltaT:  2.556E-06   Iter/sec:  1.610E+00
 Iteration:  00000044   DeltaT:  2.556E-06   Iter/sec:  1.598E+00
 Iteration:  00000045   DeltaT:  2.556E-06   Iter/sec:  1.630E+00
 Iteration:  00000046   DeltaT:  2.556E-06   Iter/sec:  1.587E+00
 Iteration:  00000047   DeltaT:  2.556E-06   Iter/sec:  1.601E+00
 Iteration:  00000048   DeltaT:  2.556E-06   Iter/sec:  1.621E+00
 Iteration:  00000049   DeltaT:  2.556E-06   Iter/sec:  1.606E+00
 Iteration:  00000050   DeltaT:  2.556E-06   Iter/sec:  1.628E+00


//////////////////////////////////////////////
   Measured Timings for Process 0  (seconds)

 Elapsed time:        32.6898
  Column time:         6.2073
     Row time:         9.2238
Legendre time:         4.2989
     FFT time:         1.9033
   Solve time:         0.7672
    rlma time:         0.3951
    rlmb time:         0.1885
  pspace time:         4.5117
  psolve time:         3.1298
    dphi time:         0.2534
captured time:        30.8789

     iter/sec:         1.5295
//////////////////////////////////////////////
