 //////////////////////////////////////
 Initializating Rayleigh...

 -- Initalizing MPI...
 ---- Specified parameters:
 ---- NCPU  :     64
 ---- NPROW :      8
 ---- NPCOL :      8
 -- MPI initialized.


 -- Initalizing Grid...
 ---- Specified parameters ----
 ---- N_R                 :    128
 ---- N_THETA             :    192
 ---- Ell_MAX             :    127
 ---- R_MIN               :  5.38462E-01
 ---- R_MAX               :  1.53846E+00
 ---- Chebyshev Domains   :      1

        Domain 1
          Grid points           :  128
          Dealiased Polynomials :  85
          Domain Lower Bound    :  5.38462E-01
          Domain Upper Bound    :  1.53846E+00

 -- Grid initialized.

 -- Initalizing Reference State...
 ---- Specified parameters:
 ---- Reference type           :  Boussinesq (Non-dimensional)
 ---- Rayleigh Number          :  1.00000E+05
 ---- Ekman Number             :  1.00000E-03
 ---- Prandtl Number           :  1.00000E+00
 ---- Magnetic Prandtl Number  :  5.00000E+00
 -- Reference State initialized.

 -- Initializing Fields...
 ---- Specified parameters:
 ---- Hydro Init Type    : Benchmark (Christensen et al. 2001)
 ---- Magnetic Init Type : Benchmark (Christensen et al. 2001)
 -- Fields initialized.

 Initialization Complete.
 //////////////////////////////////////

 Timestep has changed from  0.00000E+00 to  1.00000E-04.
 Iteration:  00000001   DeltaT:  1.000E-04   Iter/sec:  0.000E+00
 Timestep has changed from  1.00000E-04 to  2.55581E-06.
 Iteration:  00000002   DeltaT:  2.556E-06   Iter/sec:  2.313E+00
 Iteration:  00000003   DeltaT:  2.556E-06   Iter/sec:  2.891E+00
 Iteration:  00000004   DeltaT:  2.556E-06   Iter/sec:  3.926E+00
 Iteration:  00000005   DeltaT:  2.556E-06   Iter/sec:  3.936E+00
 Iteration:  00000006   DeltaT:  2.556E-06   Iter/sec:  3.905E+00
 Iteration:  00000007   DeltaT:  2.556E-06   Iter/sec:  3.758E+00
 Iteration:  00000008   DeltaT:  2.556E-06   Iter/sec:  3.885E+00
 Iteration:  00000009   DeltaT:  2.556E-06   Iter/sec:  3.863E+00
 Iteration:  00000010   DeltaT:  2.556E-06   Iter/sec:  3.886E+00
 Iteration:  00000011   DeltaT:  2.556E-06   Iter/sec:  3.888E+00
 Iteration:  00000012   DeltaT:  2.556E-06   Iter/sec:  3.896E+00
 Iteration:  00000013   DeltaT:  2.556E-06   Iter/sec:  3.929E+00
 Iteration:  00000014   DeltaT:  2.556E-06   Iter/sec:  3.962E+00
 Iteration:  00000015   DeltaT:  2.556E-06   Iter/sec:  3.865E+00
 Iteration:  00000016   DeltaT:  2.556E-06   Iter/sec:  3.896E+00
 Iteration:  00000017   DeltaT:  2.556E-06   Iter/sec:  3.840E+00
 Iteration:  00000018   DeltaT:  2.556E-06   Iter/sec:  3.850E+00
 Iteration:  00000019   DeltaT:  2.556E-06   Iter/sec:  3.904E+00
 Iteration:  00000020   DeltaT:  2.556E-06   Iter/sec:  3.913E+00
 Iteration:  00000021   DeltaT:  2.556E-06   Iter/sec:  3.927E+00
 Iteration:  00000022   DeltaT:  2.556E-06   Iter/sec:  3.857E+00
 Iteration:  00000023   DeltaT:  2.556E-06   Iter/sec:  3.923E+00
 Iteration:  00000024   DeltaT:  2.556E-06   Iter/sec:  3.807E+00
 Iteration:  00000025   DeltaT:  2.556E-06   Iter/sec:  3.888E+00
 Iteration:  00000026   DeltaT:  2.556E-06   Iter/sec:  3.835E+00
 Iteration:  00000027   DeltaT:  2.556E-06   Iter/sec:  3.807E+00
 Iteration:  00000028   DeltaT:  2.556E-06   Iter/sec:  3.864E+00
 Iteration:  00000029   DeltaT:  2.556E-06   Iter/sec:  3.802E+00
 Iteration:  00000030   DeltaT:  2.556E-06   Iter/sec:  3.996E+00
 Iteration:  00000031   DeltaT:  2.556E-06   Iter/sec:  3.845E+00
 Iteration:  00000032   DeltaT:  2.556E-06   Iter/sec:  3.899E+00
 Iteration:  00000033   DeltaT:  2.556E-06   Iter/sec:  3.941E+00
 Iteration:  00000034   DeltaT:  2.556E-06   Iter/sec:  3.849E+00
 Iteration:  00000035   DeltaT:  2.556E-06   Iter/sec:  3.941E+00
 Iteration:  00000036   DeltaT:  2.556E-06   Iter/sec:  3.947E+00
 Iteration:  00000037   DeltaT:  2.556E-06   Iter/sec:  3.917E+00
 Iteration:  00000038   DeltaT:  2.556E-06   Iter/sec:  3.878E+00
 Iteration:  00000039   DeltaT:  2.556E-06   Iter/sec:  3.882E+00
 Iteration:  00000040   DeltaT:  2.556E-06   Iter/sec:  3.765E+00
 Iteration:  00000041   DeltaT:  2.556E-06   Iter/sec:  3.876E+00
 Iteration:  00000042   DeltaT:  2.556E-06   Iter/sec:  3.783E+00
 Iteration:  00000043   DeltaT:  2.556E-06   Iter/sec:  3.865E+00
 Iteration:  00000044   DeltaT:  2.556E-06   Iter/sec:  3.762E+00
 Iteration:  00000045   DeltaT:  2.556E-06   Iter/sec:  3.922E+00
 Iteration:  00000046   DeltaT:  2.556E-06   Iter/sec:  3.911E+00
 Iteration:  00000047   DeltaT:  2.556E-06   Iter/sec:  3.877E+00
 Iteration:  00000048   DeltaT:  2.556E-06   Iter/sec:  3.938E+00
 Iteration:  00000049   DeltaT:  2.556E-06   Iter/sec:  3.888E+00
 Iteration:  00000050   DeltaT:  2.556E-06   Iter/sec:  3.866E+00


//////////////////////////////////////////////
   Measured Timings for Process 0  (seconds)

 Elapsed time:        14.9453
  Column time:         1.2321
     Row time:         4.5382
Legendre time:         1.4712
     FFT time:         1.0139
   Solve time:         0.5345
    rlma time:         0.1998
    rlmb time:         0.0751
  pspace time:         2.0752
  psolve time:         1.6532
    dphi time:         0.1010
captured time:        12.8941

     iter/sec:         3.3455
//////////////////////////////////////////////
