 //////////////////////////////////////
 Initializating Rayleigh...

 -- Initalizing MPI...
 ---- Specified parameters:
 ---- NCPU  :    512
 ---- NPROW :     32
 ---- NPCOL :     16
 -- MPI initialized.


 -- Initalizing Grid...
 ---- Specified parameters ----
 ---- N_R                 :     64
 ---- N_THETA             :    192
 ---- Ell_MAX             :    127
 ---- R_MIN               :  5.38462E-01
 ---- R_MAX               :  1.53846E+00
 ---- Chebyshev Domains   :      1

        Domain 1
          Grid points           :  64
          Dealiased Polynomials :  42
          Domain Lower Bound    :  5.38462E-01
          Domain Upper Bound    :  1.53846E+00

 -- Grid initialized.

 -- Initalizing Reference State...
 ---- Specified parameters:
 ---- Reference type           :  Boussinesq (Non-dimensional)
 ---- Rayleigh Number          :  1.00000E+05
 ---- Ekman Number             :  1.00000E-03
 ---- Prandtl Number           :  1.00000E+00
 ---- Magnetic Prandtl Number  :  5.00000E+00
 -- Reference State initialized.

 -- Initializing Fields...
 ---- Specified parameters:
 ---- Hydro Init Type    : Benchmark (Christensen et al. 2001)
 ---- Magnetic Init Type : Benchmark (Christensen et al. 2001)
 -- Fields initialized.

 Initialization Complete.
 //////////////////////////////////////

 Timestep has changed from  0.00000E+00 to  1.00000E-04.
 Iteration:  00000001   DeltaT:  1.000E-04   Iter/sec:  0.000E+00
 Timestep has changed from  1.00000E-04 to  1.02217E-05.
 Iteration:  00000002   DeltaT:  1.022E-05   Iter/sec:  5.036E+00
 Iteration:  00000003   DeltaT:  1.022E-05   Iter/sec:  4.296E+01
 Iteration:  00000004   DeltaT:  1.022E-05   Iter/sec:  7.730E+01
 Iteration:  00000005   DeltaT:  1.022E-05   Iter/sec:  8.573E+01
 Iteration:  00000006   DeltaT:  1.022E-05   Iter/sec:  7.541E+01
 Iteration:  00000007   DeltaT:  1.022E-05   Iter/sec:  7.891E+01
 Iteration:  00000008   DeltaT:  1.022E-05   Iter/sec:  7.938E+01
 Iteration:  00000009   DeltaT:  1.022E-05   Iter/sec:  7.723E+01
 Iteration:  00000010   DeltaT:  1.022E-05   Iter/sec:  7.938E+01
 Iteration:  00000011   DeltaT:  1.022E-05   Iter/sec:  7.728E+01
 Iteration:  00000012   DeltaT:  1.022E-05   Iter/sec:  7.796E+01
 Iteration:  00000013   DeltaT:  1.022E-05   Iter/sec:  7.905E+01
 Iteration:  00000014   DeltaT:  1.022E-05   Iter/sec:  8.150E+01
 Iteration:  00000015   DeltaT:  1.022E-05   Iter/sec:  7.646E+01
 Iteration:  00000016   DeltaT:  1.022E-05   Iter/sec:  7.956E+01
 Iteration:  00000017   DeltaT:  1.022E-05   Iter/sec:  7.594E+01
 Iteration:  00000018   DeltaT:  1.022E-05   Iter/sec:  8.137E+01
 Iteration:  00000019   DeltaT:  1.022E-05   Iter/sec:  8.129E+01
 Iteration:  00000020   DeltaT:  1.022E-05   Iter/sec:  7.551E+01
 Iteration:  00000021   DeltaT:  1.022E-05   Iter/sec:  7.917E+01
 Iteration:  00000022   DeltaT:  1.022E-05   Iter/sec:  8.101E+01
 Iteration:  00000023   DeltaT:  1.022E-05   Iter/sec:  7.843E+01
 Iteration:  00000024   DeltaT:  1.022E-05   Iter/sec:  8.079E+01
 Iteration:  00000025   DeltaT:  1.022E-05   Iter/sec:  7.757E+01
 Iteration:  00000026   DeltaT:  1.022E-05   Iter/sec:  8.131E+01
 Iteration:  00000027   DeltaT:  1.022E-05   Iter/sec:  7.795E+01
 Iteration:  00000028   DeltaT:  1.022E-05   Iter/sec:  8.092E+01
 Iteration:  00000029   DeltaT:  1.022E-05   Iter/sec:  7.636E+01
 Iteration:  00000030   DeltaT:  1.022E-05   Iter/sec:  7.431E+01
 Iteration:  00000031   DeltaT:  1.022E-05   Iter/sec:  8.288E+01
 Iteration:  00000032   DeltaT:  1.022E-05   Iter/sec:  7.671E+01
 Iteration:  00000033   DeltaT:  1.022E-05   Iter/sec:  7.454E+01
 Iteration:  00000034   DeltaT:  1.022E-05   Iter/sec:  8.335E+01
 Iteration:  00000035   DeltaT:  1.022E-05   Iter/sec:  7.604E+01
 Iteration:  00000036   DeltaT:  1.022E-05   Iter/sec:  8.108E+01
 Iteration:  00000037   DeltaT:  1.022E-05   Iter/sec:  7.772E+01
 Iteration:  00000038   DeltaT:  1.022E-05   Iter/sec:  8.082E+01
 Iteration:  00000039   DeltaT:  1.022E-05   Iter/sec:  8.130E+01
 Iteration:  00000040   DeltaT:  1.022E-05   Iter/sec:  7.597E+01
 Iteration:  00000041   DeltaT:  1.022E-05   Iter/sec:  8.032E+01
 Iteration:  00000042   DeltaT:  1.022E-05   Iter/sec:  8.261E+01
 Iteration:  00000043   DeltaT:  1.022E-05   Iter/sec:  8.119E+01
 Iteration:  00000044   DeltaT:  1.022E-05   Iter/sec:  7.797E+01
 Iteration:  00000045   DeltaT:  1.022E-05   Iter/sec:  7.856E+01
 Iteration:  00000046   DeltaT:  1.022E-05   Iter/sec:  7.494E+01
 Iteration:  00000047   DeltaT:  1.022E-05   Iter/sec:  8.388E+01
 Iteration:  00000048   DeltaT:  1.022E-05   Iter/sec:  7.811E+01
 Iteration:  00000049   DeltaT:  1.022E-05   Iter/sec:  7.746E+01
 Iteration:  00000050   DeltaT:  1.022E-05   Iter/sec:  7.640E+01


//////////////////////////////////////////////
   Measured Timings for Process 0  (seconds)

 Elapsed time:         2.1797
  Column time:         0.2039
     Row time:         0.1863
Legendre time:         0.0496
     FFT time:         0.0370
   Solve time:         0.0652
    rlma time:         0.0116
    rlmb time:         0.0052
  pspace time:         0.0231
  psolve time:         0.0612
    dphi time:         0.0030
captured time:         0.6461

     iter/sec:        22.9385
//////////////////////////////////////////////
