 //////////////////////////////////////
 Initializating Rayleigh...

 -- Initalizing MPI...
 ---- Specified parameters:
 ---- NCPU  :     64
 ---- NPROW :      8
 ---- NPCOL :      8
 -- MPI initialized.


 -- Initalizing Grid...
 ---- Specified parameters ----
 ---- N_R                 :    128
 ---- N_THETA             :    384
 ---- Ell_MAX             :    255
 ---- R_MIN               :  5.38462E-01
 ---- R_MAX               :  1.53846E+00
 ---- Chebyshev Domains   :      1

        Domain 1
          Grid points           :  128
          Dealiased Polynomials :  85
          Domain Lower Bound    :  5.38462E-01
          Domain Upper Bound    :  1.53846E+00

 -- Grid initialized.

 -- Initalizing Reference State...
 ---- Specified parameters:
 ---- Reference type           :  Boussinesq (Non-dimensional)
 ---- Rayleigh Number          :  1.00000E+05
 ---- Ekman Number             :  1.00000E-03
 ---- Prandtl Number           :  1.00000E+00
 ---- Magnetic Prandtl Number  :  5.00000E+00
 -- Reference State initialized.

 -- Initializing Fields...
 ---- Specified parameters:
 ---- Hydro Init Type    : Benchmark (Christensen et al. 2001)
 ---- Magnetic Init Type : Benchmark (Christensen et al. 2001)
 -- Fields initialized.

 Initialization Complete.
 //////////////////////////////////////

 Timestep has changed from  0.00000E+00 to  1.00000E-04.
 Iteration:  00000001   DeltaT:  1.000E-04   Iter/sec:  0.000E+00
 Timestep has changed from  1.00000E-04 to  2.55566E-06.
 Iteration:  00000002   DeltaT:  2.556E-06   Iter/sec:  5.168E-01
 Iteration:  00000003   DeltaT:  2.556E-06   Iter/sec:  7.585E-01
 Iteration:  00000004   DeltaT:  2.556E-06   Iter/sec:  8.825E-01
 Iteration:  00000005   DeltaT:  2.556E-06   Iter/sec:  8.691E-01
 Iteration:  00000006   DeltaT:  2.556E-06   Iter/sec:  8.518E-01
 Iteration:  00000007   DeltaT:  2.556E-06   Iter/sec:  8.728E-01
 Iteration:  00000008   DeltaT:  2.556E-06   Iter/sec:  8.714E-01
 Iteration:  00000009   DeltaT:  2.556E-06   Iter/sec:  8.623E-01
 Iteration:  00000010   DeltaT:  2.556E-06   Iter/sec:  8.724E-01
 Iteration:  00000011   DeltaT:  2.556E-06   Iter/sec:  8.784E-01
 Iteration:  00000012   DeltaT:  2.556E-06   Iter/sec:  8.847E-01
 Iteration:  00000013   DeltaT:  2.556E-06   Iter/sec:  8.779E-01
 Iteration:  00000014   DeltaT:  2.556E-06   Iter/sec:  8.975E-01
 Iteration:  00000015   DeltaT:  2.556E-06   Iter/sec:  8.437E-01
 Iteration:  00000016   DeltaT:  2.556E-06   Iter/sec:  8.968E-01
 Iteration:  00000017   DeltaT:  2.556E-06   Iter/sec:  8.561E-01
 Iteration:  00000018   DeltaT:  2.556E-06   Iter/sec:  8.663E-01
 Iteration:  00000019   DeltaT:  2.556E-06   Iter/sec:  8.799E-01
 Iteration:  00000020   DeltaT:  2.556E-06   Iter/sec:  8.775E-01
 Iteration:  00000021   DeltaT:  2.556E-06   Iter/sec:  8.996E-01
 Iteration:  00000022   DeltaT:  2.556E-06   Iter/sec:  8.813E-01
 Iteration:  00000023   DeltaT:  2.556E-06   Iter/sec:  8.832E-01
 Iteration:  00000024   DeltaT:  2.556E-06   Iter/sec:  8.764E-01
 Iteration:  00000025   DeltaT:  2.556E-06   Iter/sec:  8.914E-01
 Iteration:  00000026   DeltaT:  2.556E-06   Iter/sec:  8.728E-01
 Iteration:  00000027   DeltaT:  2.556E-06   Iter/sec:  8.870E-01
 Iteration:  00000028   DeltaT:  2.556E-06   Iter/sec:  8.818E-01
 Iteration:  00000029   DeltaT:  2.556E-06   Iter/sec:  8.731E-01
 Iteration:  00000030   DeltaT:  2.556E-06   Iter/sec:  8.679E-01
 Iteration:  00000031   DeltaT:  2.556E-06   Iter/sec:  8.897E-01
 Iteration:  00000032   DeltaT:  2.556E-06   Iter/sec:  8.799E-01
 Iteration:  00000033   DeltaT:  2.556E-06   Iter/sec:  8.760E-01
 Iteration:  00000034   DeltaT:  2.556E-06   Iter/sec:  8.825E-01
 Iteration:  00000035   DeltaT:  2.556E-06   Iter/sec:  8.739E-01
 Iteration:  00000036   DeltaT:  2.556E-06   Iter/sec:  8.835E-01
 Iteration:  00000037   DeltaT:  2.556E-06   Iter/sec:  8.630E-01
 Iteration:  00000038   DeltaT:  2.556E-06   Iter/sec:  8.695E-01
 Iteration:  00000039   DeltaT:  2.556E-06   Iter/sec:  8.794E-01
 Iteration:  00000040   DeltaT:  2.556E-06   Iter/sec:  8.690E-01
 Iteration:  00000041   DeltaT:  2.556E-06   Iter/sec:  8.893E-01
 Iteration:  00000042   DeltaT:  2.556E-06   Iter/sec:  8.615E-01
 Iteration:  00000043   DeltaT:  2.556E-06   Iter/sec:  8.662E-01
 Iteration:  00000044   DeltaT:  2.556E-06   Iter/sec:  8.702E-01
 Iteration:  00000045   DeltaT:  2.556E-06   Iter/sec:  8.876E-01
 Iteration:  00000046   DeltaT:  2.556E-06   Iter/sec:  8.901E-01
 Iteration:  00000047   DeltaT:  2.556E-06   Iter/sec:  8.745E-01
 Iteration:  00000048   DeltaT:  2.556E-06   Iter/sec:  8.823E-01
 Iteration:  00000049   DeltaT:  2.556E-06   Iter/sec:  8.724E-01
 Iteration:  00000050   DeltaT:  2.556E-06   Iter/sec:  8.898E-01


//////////////////////////////////////////////
   Measured Timings for Process 0  (seconds)

 Elapsed time:        58.5923
  Column time:         6.3597
     Row time:        20.4346
Legendre time:         7.7862
     FFT time:         3.9731
   Solve time:         1.4400
    rlma time:         1.1898
    rlmb time:         0.6191
  pspace time:         7.7725
  psolve time:         6.6741
    dphi time:         0.2920
captured time:        56.5412

     iter/sec:         0.8534
//////////////////////////////////////////////
