 //////////////////////////////////////
 Initializating Rayleigh...

 -- Initalizing MPI...
 ---- Specified parameters:
 ---- NCPU  :   1024
 ---- NPROW :     64
 ---- NPCOL :     16
 -- MPI initialized.


 -- Initalizing Grid...
 ---- Specified parameters ----
 ---- N_R                 :     64
 ---- N_THETA             :    384
 ---- Ell_MAX             :    255
 ---- R_MIN               :  5.38462E-01
 ---- R_MAX               :  1.53846E+00
 ---- Chebyshev Domains   :      1

        Domain 1
          Grid points           :  64
          Dealiased Polynomials :  42
          Domain Lower Bound    :  5.38462E-01
          Domain Upper Bound    :  1.53846E+00

 -- Grid initialized.

 -- Initalizing Reference State...
 ---- Specified parameters:
 ---- Reference type           :  Boussinesq (Non-dimensional)
 ---- Rayleigh Number          :  1.00000E+05
 ---- Ekman Number             :  1.00000E-03
 ---- Prandtl Number           :  1.00000E+00
 ---- Magnetic Prandtl Number  :  5.00000E+00
 -- Reference State initialized.

 -- Initializing Fields...
 ---- Specified parameters:
 ---- Hydro Init Type    : Benchmark (Christensen et al. 2001)
 ---- Magnetic Init Type : Benchmark (Christensen et al. 2001)
 -- Fields initialized.

 Initialization Complete.
 //////////////////////////////////////

 Timestep has changed from  0.00000E+00 to  1.00000E-04.
 Iteration:  00000001   DeltaT:  1.000E-04   Iter/sec:  0.000E+00
 Timestep has changed from  1.00000E-04 to  1.02211E-05.
 Iteration:  00000002   DeltaT:  1.022E-05   Iter/sec:  5.494E+00
 Iteration:  00000003   DeltaT:  1.022E-05   Iter/sec:  1.666E+01
 Iteration:  00000004   DeltaT:  1.022E-05   Iter/sec:  2.507E+01
 Iteration:  00000005   DeltaT:  1.022E-05   Iter/sec:  2.588E+01
 Iteration:  00000006   DeltaT:  1.022E-05   Iter/sec:  2.016E+01
 Iteration:  00000007   DeltaT:  1.022E-05   Iter/sec:  1.324E+01
 Iteration:  00000008   DeltaT:  1.022E-05   Iter/sec:  2.822E+01
 Iteration:  00000009   DeltaT:  1.022E-05   Iter/sec:  2.521E+01
 Iteration:  00000010   DeltaT:  1.022E-05   Iter/sec:  2.555E+01
 Iteration:  00000011   DeltaT:  1.022E-05   Iter/sec:  2.617E+01
 Iteration:  00000012   DeltaT:  1.022E-05   Iter/sec:  2.552E+01
 Iteration:  00000013   DeltaT:  1.022E-05   Iter/sec:  2.618E+01
 Iteration:  00000014   DeltaT:  1.022E-05   Iter/sec:  2.672E+01
 Iteration:  00000015   DeltaT:  1.022E-05   Iter/sec:  2.644E+01
 Iteration:  00000016   DeltaT:  1.022E-05   Iter/sec:  2.840E+01
 Iteration:  00000017   DeltaT:  1.022E-05   Iter/sec:  2.875E+01
 Iteration:  00000018   DeltaT:  1.022E-05   Iter/sec:  2.784E+01
 Iteration:  00000019   DeltaT:  1.022E-05   Iter/sec:  1.463E+01
 Iteration:  00000020   DeltaT:  1.022E-05   Iter/sec:  2.674E+01
 Iteration:  00000021   DeltaT:  1.022E-05   Iter/sec:  2.677E+01
 Iteration:  00000022   DeltaT:  1.022E-05   Iter/sec:  1.577E+01
 Iteration:  00000023   DeltaT:  1.022E-05   Iter/sec:  1.677E+01
 Iteration:  00000024   DeltaT:  1.022E-05   Iter/sec:  2.824E+01
 Iteration:  00000025   DeltaT:  1.022E-05   Iter/sec:  2.634E+01
 Iteration:  00000026   DeltaT:  1.022E-05   Iter/sec:  2.723E+01
 Iteration:  00000027   DeltaT:  1.022E-05   Iter/sec:  2.646E+01
 Iteration:  00000028   DeltaT:  1.022E-05   Iter/sec:  2.629E+01
 Iteration:  00000029   DeltaT:  1.022E-05   Iter/sec:  2.806E+01
 Iteration:  00000030   DeltaT:  1.022E-05   Iter/sec:  2.737E+01
 Iteration:  00000031   DeltaT:  1.022E-05   Iter/sec:  2.854E+01
 Iteration:  00000032   DeltaT:  1.022E-05   Iter/sec:  2.579E+01
 Iteration:  00000033   DeltaT:  1.022E-05   Iter/sec:  2.679E+01
 Iteration:  00000034   DeltaT:  1.022E-05   Iter/sec:  1.887E+01
 Iteration:  00000035   DeltaT:  1.022E-05   Iter/sec:  2.550E+01
 Iteration:  00000036   DeltaT:  1.022E-05   Iter/sec:  2.608E+01
 Iteration:  00000037   DeltaT:  1.022E-05   Iter/sec:  2.160E+01
 Iteration:  00000038   DeltaT:  1.022E-05   Iter/sec:  1.268E+01
 Iteration:  00000039   DeltaT:  1.022E-05   Iter/sec:  2.966E+01
 Iteration:  00000040   DeltaT:  1.022E-05   Iter/sec:  2.810E+01
 Iteration:  00000041   DeltaT:  1.022E-05   Iter/sec:  2.588E+01
 Iteration:  00000042   DeltaT:  1.022E-05   Iter/sec:  2.743E+01
 Iteration:  00000043   DeltaT:  1.022E-05   Iter/sec:  2.723E+01
 Iteration:  00000044   DeltaT:  1.022E-05   Iter/sec:  2.749E+01
 Iteration:  00000045   DeltaT:  1.022E-05   Iter/sec:  2.703E+01
 Iteration:  00000046   DeltaT:  1.022E-05   Iter/sec:  2.751E+01
 Iteration:  00000047   DeltaT:  1.022E-05   Iter/sec:  2.508E+01
 Iteration:  00000048   DeltaT:  1.022E-05   Iter/sec:  2.745E+01
 Iteration:  00000049   DeltaT:  1.022E-05   Iter/sec:  2.815E+01
 Iteration:  00000050   DeltaT:  1.022E-05   Iter/sec:  1.937E+01


//////////////////////////////////////////////
   Measured Timings for Process 0  (seconds)

 Elapsed time:         2.4692
  Column time:         0.6877
     Row time:         0.8397
Legendre time:         0.1375
     FFT time:         0.0980
   Solve time:         0.1051
    rlma time:         0.0220
    rlmb time:         0.0088
  pspace time:         0.0782
  psolve time:         0.1136
    dphi time:         0.0071
captured time:         2.0978

     iter/sec:        20.2493
//////////////////////////////////////////////
