 //////////////////////////////////////
 Initializating Rayleigh...

 -- Initalizing MPI...
 ---- Specified parameters:
 ---- NCPU  :   2048
 ---- NPROW :     64
 ---- NPCOL :     32
 -- MPI initialized.


 -- Initalizing Grid...
 ---- Specified parameters ----
 ---- N_R                 :    128
 ---- N_THETA             :    768
 ---- Ell_MAX             :    511
 ---- R_MIN               :  5.38462E-01
 ---- R_MAX               :  1.53846E+00
 ---- Chebyshev Domains   :      1

        Domain 1
          Grid points           :  128
          Dealiased Polynomials :  85
          Domain Lower Bound    :  5.38462E-01
          Domain Upper Bound    :  1.53846E+00

 -- Grid initialized.

 -- Initalizing Reference State...
 ---- Specified parameters:
 ---- Reference type           :  Boussinesq (Non-dimensional)
 ---- Rayleigh Number          :  1.00000E+05
 ---- Ekman Number             :  1.00000E-03
 ---- Prandtl Number           :  1.00000E+00
 ---- Magnetic Prandtl Number  :  5.00000E+00
 -- Reference State initialized.

 -- Initializing Fields...
 ---- Specified parameters:
 ---- Hydro Init Type    : Benchmark (Christensen et al. 2001)
 ---- Magnetic Init Type : Benchmark (Christensen et al. 2001)
 -- Fields initialized.

 Initialization Complete.
 //////////////////////////////////////

 Timestep has changed from  0.00000E+00 to  1.00000E-04.
 Iteration:  00000001   DeltaT:  1.000E-04   Iter/sec:  0.000E+00
 Timestep has changed from  1.00000E-04 to  2.55562E-06.
 Iteration:  00000002   DeltaT:  2.556E-06   Iter/sec:  1.237E+00
 Iteration:  00000003   DeltaT:  2.556E-06   Iter/sec:  3.559E+00
 Iteration:  00000004   DeltaT:  2.556E-06   Iter/sec:  3.637E+00
 Iteration:  00000005   DeltaT:  2.556E-06   Iter/sec:  5.024E+00
 Iteration:  00000006   DeltaT:  2.556E-06   Iter/sec:  4.916E+00
 Iteration:  00000007   DeltaT:  2.556E-06   Iter/sec:  3.954E+00
 Iteration:  00000008   DeltaT:  2.556E-06   Iter/sec:  5.316E+00
 Iteration:  00000009   DeltaT:  2.556E-06   Iter/sec:  4.749E+00
 Iteration:  00000010   DeltaT:  2.556E-06   Iter/sec:  4.051E+00
 Iteration:  00000011   DeltaT:  2.556E-06   Iter/sec:  5.259E+00
 Iteration:  00000012   DeltaT:  2.556E-06   Iter/sec:  4.972E+00
 Iteration:  00000013   DeltaT:  2.556E-06   Iter/sec:  3.812E+00
 Iteration:  00000014   DeltaT:  2.556E-06   Iter/sec:  5.320E+00
 Iteration:  00000015   DeltaT:  2.556E-06   Iter/sec:  4.879E+00
 Iteration:  00000016   DeltaT:  2.556E-06   Iter/sec:  3.762E+00
 Iteration:  00000017   DeltaT:  2.556E-06   Iter/sec:  5.225E+00
 Iteration:  00000018   DeltaT:  2.556E-06   Iter/sec:  5.074E+00
 Iteration:  00000019   DeltaT:  2.556E-06   Iter/sec:  3.790E+00
 Iteration:  00000020   DeltaT:  2.556E-06   Iter/sec:  5.214E+00
 Iteration:  00000021   DeltaT:  2.556E-06   Iter/sec:  4.895E+00
 Iteration:  00000022   DeltaT:  2.556E-06   Iter/sec:  3.670E+00
 Iteration:  00000023   DeltaT:  2.556E-06   Iter/sec:  5.410E+00
 Iteration:  00000024   DeltaT:  2.556E-06   Iter/sec:  4.931E+00
 Iteration:  00000025   DeltaT:  2.556E-06   Iter/sec:  3.766E+00
 Iteration:  00000026   DeltaT:  2.556E-06   Iter/sec:  5.247E+00
 Iteration:  00000027   DeltaT:  2.556E-06   Iter/sec:  5.061E+00
 Iteration:  00000028   DeltaT:  2.556E-06   Iter/sec:  3.906E+00
 Iteration:  00000029   DeltaT:  2.556E-06   Iter/sec:  5.473E+00
 Iteration:  00000030   DeltaT:  2.556E-06   Iter/sec:  4.993E+00
 Iteration:  00000031   DeltaT:  2.556E-06   Iter/sec:  3.564E+00
 Iteration:  00000032   DeltaT:  2.556E-06   Iter/sec:  5.202E+00
 Iteration:  00000033   DeltaT:  2.556E-06   Iter/sec:  4.921E+00
 Iteration:  00000034   DeltaT:  2.556E-06   Iter/sec:  3.819E+00
 Iteration:  00000035   DeltaT:  2.556E-06   Iter/sec:  5.225E+00
 Iteration:  00000036   DeltaT:  2.556E-06   Iter/sec:  5.202E+00
 Iteration:  00000037   DeltaT:  2.556E-06   Iter/sec:  3.656E+00
 Iteration:  00000038   DeltaT:  2.556E-06   Iter/sec:  5.116E+00
 Iteration:  00000039   DeltaT:  2.556E-06   Iter/sec:  5.001E+00
 Iteration:  00000040   DeltaT:  2.556E-06   Iter/sec:  3.925E+00
 Iteration:  00000041   DeltaT:  2.556E-06   Iter/sec:  5.382E+00
 Iteration:  00000042   DeltaT:  2.556E-06   Iter/sec:  5.001E+00
 Iteration:  00000043   DeltaT:  2.556E-06   Iter/sec:  3.706E+00
 Iteration:  00000044   DeltaT:  2.556E-06   Iter/sec:  5.289E+00
 Iteration:  00000045   DeltaT:  2.556E-06   Iter/sec:  5.081E+00
 Iteration:  00000046   DeltaT:  2.556E-06   Iter/sec:  3.766E+00
 Iteration:  00000047   DeltaT:  2.556E-06   Iter/sec:  5.187E+00
 Iteration:  00000048   DeltaT:  2.556E-06   Iter/sec:  5.289E+00
 Iteration:  00000049   DeltaT:  2.556E-06   Iter/sec:  3.699E+00
 Iteration:  00000050   DeltaT:  2.556E-06   Iter/sec:  5.206E+00


//////////////////////////////////////////////
   Measured Timings for Process 0  (seconds)

 Elapsed time:        12.6655
  Column time:         3.9276
     Row time:         3.6427
Legendre time:         0.9373
     FFT time:         0.4841
   Solve time:         0.3937
    rlma time:         0.0920
    rlmb time:         0.0395
  pspace time:         0.8514
  psolve time:         0.6455
    dphi time:         0.0475
captured time:        11.0612

     iter/sec:         3.9477
//////////////////////////////////////////////
