 //////////////////////////////////////
 Initializating Rayleigh...

 -- Initalizing MPI...
 ---- Specified parameters:
 ---- NCPU  :     32
 ---- NPROW :      8
 ---- NPCOL :      4
 -- MPI initialized.


 -- Initalizing Grid...
 ---- Specified parameters ----
 ---- N_R                 :     64
 ---- N_THETA             :    384
 ---- Ell_MAX             :    255
 ---- R_MIN               :  5.38462E-01
 ---- R_MAX               :  1.53846E+00
 ---- Chebyshev Domains   :      1

        Domain 1
          Grid points           :  64
          Dealiased Polynomials :  42
          Domain Lower Bound    :  5.38462E-01
          Domain Upper Bound    :  1.53846E+00

 -- Grid initialized.

 -- Initalizing Reference State...
 ---- Specified parameters:
 ---- Reference type           :  Boussinesq (Non-dimensional)
 ---- Rayleigh Number          :  1.00000E+05
 ---- Ekman Number             :  1.00000E-03
 ---- Prandtl Number           :  1.00000E+00
 ---- Magnetic Prandtl Number  :  5.00000E+00
 -- Reference State initialized.

 -- Initializing Fields...
 ---- Specified parameters:
 ---- Hydro Init Type    : Benchmark (Christensen et al. 2001)
 ---- Magnetic Init Type : Benchmark (Christensen et al. 2001)
 -- Fields initialized.

 Initialization Complete.
 //////////////////////////////////////

 Timestep has changed from  0.00000E+00 to  1.00000E-04.
 Iteration:  00000001   DeltaT:  1.000E-04   Iter/sec:  0.000E+00
 Timestep has changed from  1.00000E-04 to  1.02211E-05.
 Iteration:  00000002   DeltaT:  1.022E-05   Iter/sec:  6.629E-01
 Iteration:  00000003   DeltaT:  1.022E-05   Iter/sec:  8.754E-01
 Iteration:  00000004   DeltaT:  1.022E-05   Iter/sec:  9.194E-01
 Iteration:  00000005   DeltaT:  1.022E-05   Iter/sec:  9.078E-01
 Iteration:  00000006   DeltaT:  1.022E-05   Iter/sec:  9.077E-01
 Iteration:  00000007   DeltaT:  1.022E-05   Iter/sec:  9.058E-01
 Iteration:  00000008   DeltaT:  1.022E-05   Iter/sec:  9.079E-01
 Iteration:  00000009   DeltaT:  1.022E-05   Iter/sec:  9.144E-01
 Iteration:  00000010   DeltaT:  1.022E-05   Iter/sec:  9.116E-01
 Iteration:  00000011   DeltaT:  1.022E-05   Iter/sec:  9.076E-01
 Iteration:  00000012   DeltaT:  1.022E-05   Iter/sec:  9.121E-01
 Iteration:  00000013   DeltaT:  1.022E-05   Iter/sec:  9.060E-01
 Iteration:  00000014   DeltaT:  1.022E-05   Iter/sec:  8.978E-01
 Iteration:  00000015   DeltaT:  1.022E-05   Iter/sec:  9.138E-01
 Iteration:  00000016   DeltaT:  1.022E-05   Iter/sec:  8.993E-01
 Iteration:  00000017   DeltaT:  1.022E-05   Iter/sec:  9.036E-01
 Iteration:  00000018   DeltaT:  1.022E-05   Iter/sec:  9.099E-01
 Iteration:  00000019   DeltaT:  1.022E-05   Iter/sec:  9.046E-01
 Iteration:  00000020   DeltaT:  1.022E-05   Iter/sec:  9.017E-01
 Iteration:  00000021   DeltaT:  1.022E-05   Iter/sec:  9.092E-01
 Iteration:  00000022   DeltaT:  1.022E-05   Iter/sec:  9.124E-01
 Iteration:  00000023   DeltaT:  1.022E-05   Iter/sec:  9.108E-01
 Iteration:  00000024   DeltaT:  1.022E-05   Iter/sec:  9.113E-01
 Iteration:  00000025   DeltaT:  1.022E-05   Iter/sec:  9.323E-01
 Iteration:  00000026   DeltaT:  1.022E-05   Iter/sec:  9.037E-01
 Iteration:  00000027   DeltaT:  1.022E-05   Iter/sec:  9.043E-01
 Iteration:  00000028   DeltaT:  1.022E-05   Iter/sec:  9.038E-01
 Iteration:  00000029   DeltaT:  1.022E-05   Iter/sec:  9.127E-01
 Iteration:  00000030   DeltaT:  1.022E-05   Iter/sec:  9.135E-01
 Iteration:  00000031   DeltaT:  1.022E-05   Iter/sec:  9.087E-01
 Iteration:  00000032   DeltaT:  1.022E-05   Iter/sec:  9.070E-01
 Iteration:  00000033   DeltaT:  1.022E-05   Iter/sec:  9.103E-01
 Iteration:  00000034   DeltaT:  1.022E-05   Iter/sec:  9.144E-01
 Iteration:  00000035   DeltaT:  1.022E-05   Iter/sec:  9.010E-01
 Iteration:  00000036   DeltaT:  1.022E-05   Iter/sec:  9.102E-01
 Iteration:  00000037   DeltaT:  1.022E-05   Iter/sec:  9.109E-01
 Iteration:  00000038   DeltaT:  1.022E-05   Iter/sec:  9.111E-01
 Iteration:  00000039   DeltaT:  1.022E-05   Iter/sec:  9.139E-01
 Iteration:  00000040   DeltaT:  1.022E-05   Iter/sec:  9.073E-01
 Iteration:  00000041   DeltaT:  1.022E-05   Iter/sec:  9.097E-01
 Iteration:  00000042   DeltaT:  1.022E-05   Iter/sec:  9.001E-01
 Iteration:  00000043   DeltaT:  1.022E-05   Iter/sec:  9.264E-01
 Iteration:  00000044   DeltaT:  1.022E-05   Iter/sec:  9.092E-01
 Iteration:  00000045   DeltaT:  1.022E-05   Iter/sec:  9.083E-01
 Iteration:  00000046   DeltaT:  1.022E-05   Iter/sec:  9.068E-01
 Iteration:  00000047   DeltaT:  1.022E-05   Iter/sec:  9.076E-01
 Iteration:  00000048   DeltaT:  1.022E-05   Iter/sec:  9.334E-01
 Iteration:  00000049   DeltaT:  1.022E-05   Iter/sec:  9.043E-01
 Iteration:  00000050   DeltaT:  1.022E-05   Iter/sec:  9.106E-01


//////////////////////////////////////////////
   Measured Timings for Process 0  (seconds)

 Elapsed time:        56.0281
  Column time:         4.2304
     Row time:        20.6076
Legendre time:         7.9802
     FFT time:         4.0090
   Solve time:         0.7281
    rlma time:         1.1437
    rlmb time:         0.5276
  pspace time:         7.9270
  psolve time:         6.7003
    dphi time:         0.3039
captured time:        54.1579

     iter/sec:         0.8924
//////////////////////////////////////////////
