 //////////////////////////////////////
 Initializating Rayleigh...

 -- Initalizing MPI...
 ---- Specified parameters:
 ---- NCPU  :    256
 ---- NPROW :     32
 ---- NPCOL :      8
 -- MPI initialized.


 -- Initalizing Grid...
 ---- Specified parameters ----
 ---- N_R                 :     64
 ---- N_THETA             :   1536
 ---- Ell_MAX             :   1023
 ---- R_MIN               :  5.38462E-01
 ---- R_MAX               :  1.53846E+00
 ---- Chebyshev Domains   :      1

        Domain 1
          Grid points           :  64
          Dealiased Polynomials :  42
          Domain Lower Bound    :  5.38462E-01
          Domain Upper Bound    :  1.53846E+00

 -- Grid initialized.

 -- Initalizing Reference State...
 ---- Specified parameters:
 ---- Reference type           :  Boussinesq (Non-dimensional)
 ---- Rayleigh Number          :  1.00000E+05
 ---- Ekman Number             :  1.00000E-03
 ---- Prandtl Number           :  1.00000E+00
 ---- Magnetic Prandtl Number  :  5.00000E+00
 -- Reference State initialized.

 -- Initializing Fields...
 ---- Specified parameters:
 ---- Hydro Init Type    : Benchmark (Christensen et al. 2001)
 ---- Magnetic Init Type : Benchmark (Christensen et al. 2001)
 -- Fields initialized.

 Initialization Complete.
 //////////////////////////////////////

 Timestep has changed from  0.00000E+00 to  1.00000E-04.
 Iteration:  00000001   DeltaT:  1.000E-04   Iter/sec:  0.000E+00
 Timestep has changed from  1.00000E-04 to  4.46409E-06.
 Iteration:  00000002   DeltaT:  4.464E-06   Iter/sec:  1.436E-01
 Iteration:  00000003   DeltaT:  4.464E-06   Iter/sec:  3.266E-01
 Iteration:  00000004   DeltaT:  4.464E-06   Iter/sec:  3.502E-01
 Iteration:  00000005   DeltaT:  4.464E-06   Iter/sec:  3.440E-01
 Iteration:  00000006   DeltaT:  4.464E-06   Iter/sec:  3.393E-01
 Iteration:  00000007   DeltaT:  4.464E-06   Iter/sec:  3.382E-01
 Iteration:  00000008   DeltaT:  4.464E-06   Iter/sec:  3.464E-01
 Iteration:  00000009   DeltaT:  4.464E-06   Iter/sec:  3.358E-01
 Iteration:  00000010   DeltaT:  4.464E-06   Iter/sec:  3.444E-01
 Iteration:  00000011   DeltaT:  4.464E-06   Iter/sec:  3.387E-01
 Iteration:  00000012   DeltaT:  4.464E-06   Iter/sec:  3.489E-01
 Iteration:  00000013   DeltaT:  4.464E-06   Iter/sec:  3.469E-01
 Iteration:  00000014   DeltaT:  4.464E-06   Iter/sec:  3.503E-01
 Iteration:  00000015   DeltaT:  4.464E-06   Iter/sec:  3.437E-01
 Iteration:  00000016   DeltaT:  4.464E-06   Iter/sec:  3.446E-01
 Iteration:  00000017   DeltaT:  4.464E-06   Iter/sec:  3.467E-01
 Iteration:  00000018   DeltaT:  4.464E-06   Iter/sec:  3.433E-01
 Iteration:  00000019   DeltaT:  4.464E-06   Iter/sec:  3.475E-01
 Iteration:  00000020   DeltaT:  4.464E-06   Iter/sec:  3.429E-01
 Iteration:  00000021   DeltaT:  4.464E-06   Iter/sec:  3.416E-01
 Iteration:  00000022   DeltaT:  4.464E-06   Iter/sec:  3.423E-01
 Iteration:  00000023   DeltaT:  4.464E-06   Iter/sec:  3.374E-01
 Iteration:  00000024   DeltaT:  4.464E-06   Iter/sec:  3.448E-01
 Iteration:  00000025   DeltaT:  4.464E-06   Iter/sec:  3.411E-01
 Iteration:  00000026   DeltaT:  4.464E-06   Iter/sec:  3.439E-01
 Iteration:  00000027   DeltaT:  4.464E-06   Iter/sec:  3.412E-01
 Iteration:  00000028   DeltaT:  4.464E-06   Iter/sec:  3.504E-01
 Iteration:  00000029   DeltaT:  4.464E-06   Iter/sec:  3.445E-01
 Iteration:  00000030   DeltaT:  4.464E-06   Iter/sec:  3.442E-01
 Iteration:  00000031   DeltaT:  4.464E-06   Iter/sec:  3.437E-01
 Iteration:  00000032   DeltaT:  4.464E-06   Iter/sec:  3.453E-01
 Iteration:  00000033   DeltaT:  4.464E-06   Iter/sec:  3.381E-01
 Iteration:  00000034   DeltaT:  4.464E-06   Iter/sec:  3.435E-01
 Iteration:  00000035   DeltaT:  4.464E-06   Iter/sec:  3.402E-01
 Iteration:  00000036   DeltaT:  4.464E-06   Iter/sec:  3.444E-01
 Iteration:  00000037   DeltaT:  4.464E-06   Iter/sec:  3.504E-01
 Iteration:  00000038   DeltaT:  4.464E-06   Iter/sec:  3.486E-01
 Iteration:  00000039   DeltaT:  4.464E-06   Iter/sec:  3.295E-01
 Iteration:  00000040   DeltaT:  4.464E-06   Iter/sec:  3.516E-01
 Iteration:  00000041   DeltaT:  4.464E-06   Iter/sec:  3.402E-01
 Iteration:  00000042   DeltaT:  4.464E-06   Iter/sec:  3.414E-01
 Iteration:  00000043   DeltaT:  4.464E-06   Iter/sec:  3.379E-01
 Iteration:  00000044   DeltaT:  4.464E-06   Iter/sec:  3.445E-01
 Iteration:  00000045   DeltaT:  4.464E-06   Iter/sec:  3.420E-01
 Iteration:  00000046   DeltaT:  4.464E-06   Iter/sec:  3.430E-01
 Iteration:  00000047   DeltaT:  4.464E-06   Iter/sec:  3.419E-01
 Iteration:  00000048   DeltaT:  4.464E-06   Iter/sec:  3.441E-01
 Iteration:  00000049   DeltaT:  4.464E-06   Iter/sec:  3.404E-01
 Iteration:  00000050   DeltaT:  4.464E-06   Iter/sec:  3.458E-01


//////////////////////////////////////////////
   Measured Timings for Process 0  (seconds)

 Elapsed time:       153.9621
  Column time:        29.7642
     Row time:        44.7873
Legendre time:        27.3981
     FFT time:         8.0670
   Solve time:         1.5080
    rlma time:         2.9035
    rlmb time:         1.4212
  pspace time:        15.0268
  psolve time:        12.7202
    dphi time:         0.5156
captured time:       144.1119

     iter/sec:         0.3248
//////////////////////////////////////////////
