 //////////////////////////////////////
 Initializating Rayleigh...

 -- Initalizing MPI...
 ---- Specified parameters:
 ---- NCPU  :    256
 ---- NPROW :     32
 ---- NPCOL :      8
 -- MPI initialized.


 -- Initalizing Grid...
 ---- Specified parameters ----
 ---- N_R                 :    128
 ---- N_THETA             :    768
 ---- Ell_MAX             :    511
 ---- R_MIN               :  5.38462E-01
 ---- R_MAX               :  1.53846E+00
 ---- Chebyshev Domains   :      1

        Domain 1
          Grid points           :  128
          Dealiased Polynomials :  85
          Domain Lower Bound    :  5.38462E-01
          Domain Upper Bound    :  1.53846E+00

 -- Grid initialized.

 -- Initalizing Reference State...
 ---- Specified parameters:
 ---- Reference type           :  Boussinesq (Non-dimensional)
 ---- Rayleigh Number          :  1.00000E+05
 ---- Ekman Number             :  1.00000E-03
 ---- Prandtl Number           :  1.00000E+00
 ---- Magnetic Prandtl Number  :  5.00000E+00
 -- Reference State initialized.

 -- Initializing Fields...
 ---- Specified parameters:
 ---- Hydro Init Type    : Benchmark (Christensen et al. 2001)
 ---- Magnetic Init Type : Benchmark (Christensen et al. 2001)
 -- Fields initialized.

 Initialization Complete.
 //////////////////////////////////////

 Timestep has changed from  0.00000E+00 to  1.00000E-04.
 Iteration:  00000001   DeltaT:  1.000E-04   Iter/sec:  0.000E+00
 Timestep has changed from  1.00000E-04 to  2.55562E-06.
 Iteration:  00000002   DeltaT:  2.556E-06   Iter/sec:  4.042E-01
 Iteration:  00000003   DeltaT:  2.556E-06   Iter/sec:  6.188E-01
 Iteration:  00000004   DeltaT:  2.556E-06   Iter/sec:  7.230E-01
 Iteration:  00000005   DeltaT:  2.556E-06   Iter/sec:  7.228E-01
 Iteration:  00000006   DeltaT:  2.556E-06   Iter/sec:  7.003E-01
 Iteration:  00000007   DeltaT:  2.556E-06   Iter/sec:  6.842E-01
 Iteration:  00000008   DeltaT:  2.556E-06   Iter/sec:  7.352E-01
 Iteration:  00000009   DeltaT:  2.556E-06   Iter/sec:  7.052E-01
 Iteration:  00000010   DeltaT:  2.556E-06   Iter/sec:  7.427E-01
 Iteration:  00000011   DeltaT:  2.556E-06   Iter/sec:  6.832E-01
 Iteration:  00000012   DeltaT:  2.556E-06   Iter/sec:  7.199E-01
 Iteration:  00000013   DeltaT:  2.556E-06   Iter/sec:  7.085E-01
 Iteration:  00000014   DeltaT:  2.556E-06   Iter/sec:  7.240E-01
 Iteration:  00000015   DeltaT:  2.556E-06   Iter/sec:  7.525E-01
 Iteration:  00000016   DeltaT:  2.556E-06   Iter/sec:  7.120E-01
 Iteration:  00000017   DeltaT:  2.556E-06   Iter/sec:  7.232E-01
 Iteration:  00000018   DeltaT:  2.556E-06   Iter/sec:  6.848E-01
 Iteration:  00000019   DeltaT:  2.556E-06   Iter/sec:  7.099E-01
 Iteration:  00000020   DeltaT:  2.556E-06   Iter/sec:  7.215E-01
 Iteration:  00000021   DeltaT:  2.556E-06   Iter/sec:  7.306E-01
 Iteration:  00000022   DeltaT:  2.556E-06   Iter/sec:  7.305E-01
 Iteration:  00000023   DeltaT:  2.556E-06   Iter/sec:  7.182E-01
 Iteration:  00000024   DeltaT:  2.556E-06   Iter/sec:  7.148E-01
 Iteration:  00000025   DeltaT:  2.556E-06   Iter/sec:  6.972E-01
 Iteration:  00000026   DeltaT:  2.556E-06   Iter/sec:  7.420E-01
 Iteration:  00000027   DeltaT:  2.556E-06   Iter/sec:  7.157E-01
 Iteration:  00000028   DeltaT:  2.556E-06   Iter/sec:  7.299E-01
 Iteration:  00000029   DeltaT:  2.556E-06   Iter/sec:  7.014E-01
 Iteration:  00000030   DeltaT:  2.556E-06   Iter/sec:  6.608E-01
 Iteration:  00000031   DeltaT:  2.556E-06   Iter/sec:  7.356E-01
 Iteration:  00000032   DeltaT:  2.556E-06   Iter/sec:  7.196E-01
 Iteration:  00000033   DeltaT:  2.556E-06   Iter/sec:  6.926E-01
 Iteration:  00000034   DeltaT:  2.556E-06   Iter/sec:  7.262E-01
 Iteration:  00000035   DeltaT:  2.556E-06   Iter/sec:  7.214E-01
 Iteration:  00000036   DeltaT:  2.556E-06   Iter/sec:  7.368E-01
 Iteration:  00000037   DeltaT:  2.556E-06   Iter/sec:  6.851E-01
 Iteration:  00000038   DeltaT:  2.556E-06   Iter/sec:  7.044E-01
 Iteration:  00000039   DeltaT:  2.556E-06   Iter/sec:  7.017E-01
 Iteration:  00000040   DeltaT:  2.556E-06   Iter/sec:  7.326E-01
 Iteration:  00000041   DeltaT:  2.556E-06   Iter/sec:  7.222E-01
 Iteration:  00000042   DeltaT:  2.556E-06   Iter/sec:  7.046E-01
 Iteration:  00000043   DeltaT:  2.556E-06   Iter/sec:  6.394E-01
 Iteration:  00000044   DeltaT:  2.556E-06   Iter/sec:  7.461E-01
 Iteration:  00000045   DeltaT:  2.556E-06   Iter/sec:  7.588E-01
 Iteration:  00000046   DeltaT:  2.556E-06   Iter/sec:  7.059E-01
 Iteration:  00000047   DeltaT:  2.556E-06   Iter/sec:  7.027E-01
 Iteration:  00000048   DeltaT:  2.556E-06   Iter/sec:  7.323E-01
 Iteration:  00000049   DeltaT:  2.556E-06   Iter/sec:  7.270E-01
 Iteration:  00000050   DeltaT:  2.556E-06   Iter/sec:  7.314E-01


//////////////////////////////////////////////
   Measured Timings for Process 0  (seconds)

 Elapsed time:        74.6193
  Column time:        14.2947
     Row time:        23.1714
Legendre time:         9.5182
     FFT time:         3.8001
   Solve time:         1.8510
    rlma time:         1.4187
    rlmb time:         0.6852
  pspace time:         7.9561
  psolve time:         6.7711
    dphi time:         0.2973
captured time:        69.7638

     iter/sec:         0.6701
//////////////////////////////////////////////
