 //////////////////////////////////////
 Initializating Rayleigh...

 -- Initalizing MPI...
 ---- Specified parameters:
 ---- NCPU  :   2048
 ---- NPROW :     64
 ---- NPCOL :     32
 -- MPI initialized.


 -- Initalizing Grid...
 ---- Specified parameters ----
 ---- N_R                 :    128
 ---- N_THETA             :   1536
 ---- Ell_MAX             :   1023
 ---- R_MIN               :  5.38462E-01
 ---- R_MAX               :  1.53846E+00
 ---- Chebyshev Domains   :      1

        Domain 1
          Grid points           :  128
          Dealiased Polynomials :  85
          Domain Lower Bound    :  5.38462E-01
          Domain Upper Bound    :  1.53846E+00

 -- Grid initialized.

 -- Initalizing Reference State...
 ---- Specified parameters:
 ---- Reference type           :  Boussinesq (Non-dimensional)
 ---- Rayleigh Number          :  1.00000E+05
 ---- Ekman Number             :  1.00000E-03
 ---- Prandtl Number           :  1.00000E+00
 ---- Magnetic Prandtl Number  :  5.00000E+00
 -- Reference State initialized.

 -- Initializing Fields...
 ---- Specified parameters:
 ---- Hydro Init Type    : Benchmark (Christensen et al. 2001)
 ---- Magnetic Init Type : Benchmark (Christensen et al. 2001)
 -- Fields initialized.

 Initialization Complete.
 //////////////////////////////////////

 Timestep has changed from  0.00000E+00 to  1.00000E-04.
 Iteration:  00000001   DeltaT:  1.000E-04   Iter/sec:  0.000E+00
 Timestep has changed from  1.00000E-04 to  2.55561E-06.
 Iteration:  00000002   DeltaT:  2.556E-06   Iter/sec:  2.987E-01
 Iteration:  00000003   DeltaT:  2.556E-06   Iter/sec:  9.444E-01
 Iteration:  00000004   DeltaT:  2.556E-06   Iter/sec:  9.911E-01
 Iteration:  00000005   DeltaT:  2.556E-06   Iter/sec:  1.117E+00
 Iteration:  00000006   DeltaT:  2.556E-06   Iter/sec:  1.066E+00
 Iteration:  00000007   DeltaT:  2.556E-06   Iter/sec:  1.000E+00
 Iteration:  00000008   DeltaT:  2.556E-06   Iter/sec:  1.020E+00
 Iteration:  00000009   DeltaT:  2.556E-06   Iter/sec:  1.022E+00
 Iteration:  00000010   DeltaT:  2.556E-06   Iter/sec:  1.036E+00
 Iteration:  00000011   DeltaT:  2.556E-06   Iter/sec:  1.028E+00
 Iteration:  00000012   DeltaT:  2.556E-06   Iter/sec:  1.087E+00
 Iteration:  00000013   DeltaT:  2.556E-06   Iter/sec:  1.063E+00
 Iteration:  00000014   DeltaT:  2.556E-06   Iter/sec:  1.047E+00
 Iteration:  00000015   DeltaT:  2.556E-06   Iter/sec:  1.038E+00
 Iteration:  00000016   DeltaT:  2.556E-06   Iter/sec:  1.109E+00
 Iteration:  00000017   DeltaT:  2.556E-06   Iter/sec:  1.045E+00
 Iteration:  00000018   DeltaT:  2.556E-06   Iter/sec:  1.015E+00
 Iteration:  00000019   DeltaT:  2.556E-06   Iter/sec:  1.046E+00
 Iteration:  00000020   DeltaT:  2.556E-06   Iter/sec:  1.006E+00
 Iteration:  00000021   DeltaT:  2.556E-06   Iter/sec:  1.030E+00
 Iteration:  00000022   DeltaT:  2.556E-06   Iter/sec:  9.704E-01
 Iteration:  00000023   DeltaT:  2.556E-06   Iter/sec:  1.042E+00
 Iteration:  00000024   DeltaT:  2.556E-06   Iter/sec:  1.028E+00
 Iteration:  00000025   DeltaT:  2.556E-06   Iter/sec:  1.088E+00
 Iteration:  00000026   DeltaT:  2.556E-06   Iter/sec:  1.110E+00
 Iteration:  00000027   DeltaT:  2.556E-06   Iter/sec:  1.023E+00
 Iteration:  00000028   DeltaT:  2.556E-06   Iter/sec:  1.024E+00
 Iteration:  00000029   DeltaT:  2.556E-06   Iter/sec:  1.066E+00
 Iteration:  00000030   DeltaT:  2.556E-06   Iter/sec:  9.904E-01
 Iteration:  00000031   DeltaT:  2.556E-06   Iter/sec:  1.102E+00
 Iteration:  00000032   DeltaT:  2.556E-06   Iter/sec:  1.046E+00
 Iteration:  00000033   DeltaT:  2.556E-06   Iter/sec:  1.026E+00
 Iteration:  00000034   DeltaT:  2.556E-06   Iter/sec:  1.044E+00
 Iteration:  00000035   DeltaT:  2.556E-06   Iter/sec:  1.011E+00
 Iteration:  00000036   DeltaT:  2.556E-06   Iter/sec:  1.079E+00
 Iteration:  00000037   DeltaT:  2.556E-06   Iter/sec:  9.843E-01
 Iteration:  00000038   DeltaT:  2.556E-06   Iter/sec:  1.030E+00
 Iteration:  00000039   DeltaT:  2.556E-06   Iter/sec:  1.106E+00
 Iteration:  00000040   DeltaT:  2.556E-06   Iter/sec:  1.053E+00
 Iteration:  00000041   DeltaT:  2.556E-06   Iter/sec:  1.043E+00
 Iteration:  00000042   DeltaT:  2.556E-06   Iter/sec:  1.111E+00
 Iteration:  00000043   DeltaT:  2.556E-06   Iter/sec:  1.056E+00
 Iteration:  00000044   DeltaT:  2.556E-06   Iter/sec:  1.016E+00
 Iteration:  00000045   DeltaT:  2.556E-06   Iter/sec:  1.025E+00
 Iteration:  00000046   DeltaT:  2.556E-06   Iter/sec:  1.038E+00
 Iteration:  00000047   DeltaT:  2.556E-06   Iter/sec:  1.032E+00
 Iteration:  00000048   DeltaT:  2.556E-06   Iter/sec:  1.053E+00
 Iteration:  00000049   DeltaT:  2.556E-06   Iter/sec:  1.055E+00
 Iteration:  00000050   DeltaT:  2.556E-06   Iter/sec:  1.051E+00


//////////////////////////////////////////////
   Measured Timings for Process 0  (seconds)

 Elapsed time:        52.2269
  Column time:        13.5789
     Row time:        17.0636
Legendre time:         6.3747
     FFT time:         2.1085
   Solve time:         0.8914
    rlma time:         0.3594
    rlmb time:         0.1606
  pspace time:         4.0426
  psolve time:         3.1194
    dphi time:         0.2118
captured time:        47.9108

     iter/sec:         0.9574
//////////////////////////////////////////////
