 //////////////////////////////////////
 Initializating Rayleigh...

 -- Initalizing MPI...
 ---- Specified parameters:
 ---- NCPU  :     32
 ---- NPROW :      4
 ---- NPCOL :      8
 -- MPI initialized.


 -- Initalizing Grid...
 ---- Specified parameters ----
 ---- N_R                 :    128
 ---- N_THETA             :    384
 ---- Ell_MAX             :    255
 ---- R_MIN               :  5.38462E-01
 ---- R_MAX               :  1.53846E+00
 ---- Chebyshev Domains   :      1

        Domain 1
          Grid points           :  128
          Dealiased Polynomials :  85
          Domain Lower Bound    :  5.38462E-01
          Domain Upper Bound    :  1.53846E+00

 -- Grid initialized.

 -- Initalizing Reference State...
 ---- Specified parameters:
 ---- Reference type           :  Boussinesq (Non-dimensional)
 ---- Rayleigh Number          :  1.00000E+05
 ---- Ekman Number             :  1.00000E-03
 ---- Prandtl Number           :  1.00000E+00
 ---- Magnetic Prandtl Number  :  5.00000E+00
 -- Reference State initialized.

 -- Initializing Fields...
 ---- Specified parameters:
 ---- Hydro Init Type    : Benchmark (Christensen et al. 2001)
 ---- Magnetic Init Type : Benchmark (Christensen et al. 2001)
 -- Fields initialized.

 Initialization Complete.
 //////////////////////////////////////

 Timestep has changed from  0.00000E+00 to  1.00000E-04.
 Iteration:  00000001   DeltaT:  1.000E-04   Iter/sec:  0.000E+00
 Timestep has changed from  1.00000E-04 to  2.55566E-06.
 Iteration:  00000002   DeltaT:  2.556E-06   Iter/sec:  3.124E-01
 Iteration:  00000003   DeltaT:  2.556E-06   Iter/sec:  3.826E-01
 Iteration:  00000004   DeltaT:  2.556E-06   Iter/sec:  4.137E-01
 Iteration:  00000005   DeltaT:  2.556E-06   Iter/sec:  4.134E-01
 Iteration:  00000006   DeltaT:  2.556E-06   Iter/sec:  4.144E-01
 Iteration:  00000007   DeltaT:  2.556E-06   Iter/sec:  4.110E-01
 Iteration:  00000008   DeltaT:  2.556E-06   Iter/sec:  4.123E-01
 Iteration:  00000009   DeltaT:  2.556E-06   Iter/sec:  4.113E-01
 Iteration:  00000010   DeltaT:  2.556E-06   Iter/sec:  4.111E-01
 Iteration:  00000011   DeltaT:  2.556E-06   Iter/sec:  4.131E-01
 Iteration:  00000012   DeltaT:  2.556E-06   Iter/sec:  4.098E-01
 Iteration:  00000013   DeltaT:  2.556E-06   Iter/sec:  4.135E-01
 Iteration:  00000014   DeltaT:  2.556E-06   Iter/sec:  4.147E-01
 Iteration:  00000015   DeltaT:  2.556E-06   Iter/sec:  4.108E-01
 Iteration:  00000016   DeltaT:  2.556E-06   Iter/sec:  4.119E-01
 Iteration:  00000017   DeltaT:  2.556E-06   Iter/sec:  4.131E-01
 Iteration:  00000018   DeltaT:  2.556E-06   Iter/sec:  4.127E-01
 Iteration:  00000019   DeltaT:  2.556E-06   Iter/sec:  4.126E-01
 Iteration:  00000020   DeltaT:  2.556E-06   Iter/sec:  4.115E-01
 Iteration:  00000021   DeltaT:  2.556E-06   Iter/sec:  4.114E-01
 Iteration:  00000022   DeltaT:  2.556E-06   Iter/sec:  4.154E-01
 Iteration:  00000023   DeltaT:  2.556E-06   Iter/sec:  4.158E-01
 Iteration:  00000024   DeltaT:  2.556E-06   Iter/sec:  4.116E-01
 Iteration:  00000025   DeltaT:  2.556E-06   Iter/sec:  4.142E-01
 Iteration:  00000026   DeltaT:  2.556E-06   Iter/sec:  4.130E-01
 Iteration:  00000027   DeltaT:  2.556E-06   Iter/sec:  4.110E-01
 Iteration:  00000028   DeltaT:  2.556E-06   Iter/sec:  4.141E-01
 Iteration:  00000029   DeltaT:  2.556E-06   Iter/sec:  4.114E-01
 Iteration:  00000030   DeltaT:  2.556E-06   Iter/sec:  4.133E-01
 Iteration:  00000031   DeltaT:  2.556E-06   Iter/sec:  4.118E-01
 Iteration:  00000032   DeltaT:  2.556E-06   Iter/sec:  4.109E-01
 Iteration:  00000033   DeltaT:  2.556E-06   Iter/sec:  4.150E-01
 Iteration:  00000034   DeltaT:  2.556E-06   Iter/sec:  4.138E-01
 Iteration:  00000035   DeltaT:  2.556E-06   Iter/sec:  4.125E-01
 Iteration:  00000036   DeltaT:  2.556E-06   Iter/sec:  4.183E-01
 Iteration:  00000037   DeltaT:  2.556E-06   Iter/sec:  4.186E-01
 Iteration:  00000038   DeltaT:  2.556E-06   Iter/sec:  4.096E-01
 Iteration:  00000039   DeltaT:  2.556E-06   Iter/sec:  4.140E-01
 Iteration:  00000040   DeltaT:  2.556E-06   Iter/sec:  4.138E-01
 Iteration:  00000041   DeltaT:  2.556E-06   Iter/sec:  4.112E-01
 Iteration:  00000042   DeltaT:  2.556E-06   Iter/sec:  4.148E-01
 Iteration:  00000043   DeltaT:  2.556E-06   Iter/sec:  4.086E-01
 Iteration:  00000044   DeltaT:  2.556E-06   Iter/sec:  4.106E-01
 Iteration:  00000045   DeltaT:  2.556E-06   Iter/sec:  4.144E-01
 Iteration:  00000046   DeltaT:  2.556E-06   Iter/sec:  4.110E-01
 Iteration:  00000047   DeltaT:  2.556E-06   Iter/sec:  4.204E-01
 Iteration:  00000048   DeltaT:  2.556E-06   Iter/sec:  4.125E-01
 Iteration:  00000049   DeltaT:  2.556E-06   Iter/sec:  4.118E-01
 Iteration:  00000050   DeltaT:  2.556E-06   Iter/sec:  4.110E-01


//////////////////////////////////////////////
   Measured Timings for Process 0  (seconds)

 Elapsed time:       122.5087
  Column time:         7.3407
     Row time:        49.1258
Legendre time:        16.0763
     FFT time:         7.8801
   Solve time:         2.1888
    rlma time:         2.9063
    rlmb time:         1.2281
  pspace time:        17.6623
  psolve time:        13.8409
    dphi time:         1.0450
captured time:       119.2944

     iter/sec:         0.4081
//////////////////////////////////////////////
