 //////////////////////////////////////
 Initializating Rayleigh...

 -- Initalizing MPI...
 ---- Specified parameters:
 ---- NCPU  :    512
 ---- NPROW :     16
 ---- NPCOL :     32
 -- MPI initialized.


 -- Initalizing Grid...
 ---- Specified parameters ----
 ---- N_R                 :     64
 ---- N_THETA             :    768
 ---- Ell_MAX             :    511
 ---- R_MIN               :  5.38462E-01
 ---- R_MAX               :  1.53846E+00
 ---- Chebyshev Domains   :      1

        Domain 1
          Grid points           :  64
          Dealiased Polynomials :  42
          Domain Lower Bound    :  5.38462E-01
          Domain Upper Bound    :  1.53846E+00

 -- Grid initialized.

 -- Initalizing Reference State...
 ---- Specified parameters:
 ---- Reference type           :  Boussinesq (Non-dimensional)
 ---- Rayleigh Number          :  1.00000E+05
 ---- Ekman Number             :  1.00000E-03
 ---- Prandtl Number           :  1.00000E+00
 ---- Magnetic Prandtl Number  :  5.00000E+00
 -- Reference State initialized.

 -- Initializing Fields...
 ---- Specified parameters:
 ---- Hydro Init Type    : Benchmark (Christensen et al. 2001)
 ---- Magnetic Init Type : Benchmark (Christensen et al. 2001)
 -- Fields initialized.

 Initialization Complete.
 //////////////////////////////////////

 Timestep has changed from  0.00000E+00 to  1.00000E-04.
 Iteration:  00000001   DeltaT:  1.000E-04   Iter/sec:  0.000E+00
 Timestep has changed from  1.00000E-04 to  8.93257E-06.
 Iteration:  00000002   DeltaT:  8.933E-06   Iter/sec:  7.635E-01
 Iteration:  00000003   DeltaT:  8.933E-06   Iter/sec:  3.049E+00
 Iteration:  00000004   DeltaT:  8.933E-06   Iter/sec:  3.179E+00
 Iteration:  00000005   DeltaT:  8.933E-06   Iter/sec:  3.119E+00
 Iteration:  00000006   DeltaT:  8.933E-06   Iter/sec:  3.244E+00
 Iteration:  00000007   DeltaT:  8.933E-06   Iter/sec:  3.078E+00
 Iteration:  00000008   DeltaT:  8.933E-06   Iter/sec:  3.168E+00
 Iteration:  00000009   DeltaT:  8.933E-06   Iter/sec:  3.171E+00
 Iteration:  00000010   DeltaT:  8.933E-06   Iter/sec:  3.218E+00
 Iteration:  00000011   DeltaT:  8.933E-06   Iter/sec:  3.092E+00
 Iteration:  00000012   DeltaT:  8.933E-06   Iter/sec:  3.131E+00
 Iteration:  00000013   DeltaT:  8.933E-06   Iter/sec:  3.179E+00
 Iteration:  00000014   DeltaT:  8.933E-06   Iter/sec:  3.131E+00
 Iteration:  00000015   DeltaT:  8.933E-06   Iter/sec:  3.094E+00
 Iteration:  00000016   DeltaT:  8.933E-06   Iter/sec:  3.208E+00
 Iteration:  00000017   DeltaT:  8.933E-06   Iter/sec:  3.110E+00
 Iteration:  00000018   DeltaT:  8.933E-06   Iter/sec:  3.156E+00
 Iteration:  00000019   DeltaT:  8.933E-06   Iter/sec:  3.125E+00
 Iteration:  00000020   DeltaT:  8.933E-06   Iter/sec:  3.185E+00
 Iteration:  00000021   DeltaT:  8.933E-06   Iter/sec:  3.148E+00
 Iteration:  00000022   DeltaT:  8.933E-06   Iter/sec:  3.129E+00
 Iteration:  00000023   DeltaT:  8.933E-06   Iter/sec:  3.179E+00
 Iteration:  00000024   DeltaT:  8.933E-06   Iter/sec:  3.211E+00
 Iteration:  00000025   DeltaT:  8.933E-06   Iter/sec:  3.107E+00
 Iteration:  00000026   DeltaT:  8.933E-06   Iter/sec:  3.147E+00
 Iteration:  00000027   DeltaT:  8.933E-06   Iter/sec:  3.131E+00
 Iteration:  00000028   DeltaT:  8.933E-06   Iter/sec:  3.156E+00
 Iteration:  00000029   DeltaT:  8.933E-06   Iter/sec:  3.134E+00
 Iteration:  00000030   DeltaT:  8.933E-06   Iter/sec:  3.153E+00
 Iteration:  00000031   DeltaT:  8.933E-06   Iter/sec:  3.134E+00
 Iteration:  00000032   DeltaT:  8.933E-06   Iter/sec:  3.200E+00
 Iteration:  00000033   DeltaT:  8.933E-06   Iter/sec:  3.121E+00
 Iteration:  00000034   DeltaT:  8.933E-06   Iter/sec:  3.173E+00
 Iteration:  00000035   DeltaT:  8.933E-06   Iter/sec:  3.143E+00
 Iteration:  00000036   DeltaT:  8.933E-06   Iter/sec:  3.128E+00
 Iteration:  00000037   DeltaT:  8.933E-06   Iter/sec:  3.154E+00
 Iteration:  00000038   DeltaT:  8.933E-06   Iter/sec:  3.184E+00
 Iteration:  00000039   DeltaT:  8.933E-06   Iter/sec:  3.158E+00
 Iteration:  00000040   DeltaT:  8.933E-06   Iter/sec:  3.184E+00
 Iteration:  00000041   DeltaT:  8.933E-06   Iter/sec:  3.104E+00
 Iteration:  00000042   DeltaT:  8.933E-06   Iter/sec:  3.151E+00
 Iteration:  00000043   DeltaT:  8.933E-06   Iter/sec:  3.126E+00
 Iteration:  00000044   DeltaT:  8.933E-06   Iter/sec:  3.192E+00
 Iteration:  00000045   DeltaT:  8.933E-06   Iter/sec:  3.153E+00
 Iteration:  00000046   DeltaT:  8.933E-06   Iter/sec:  3.156E+00
 Iteration:  00000047   DeltaT:  8.933E-06   Iter/sec:  3.085E+00
 Iteration:  00000048   DeltaT:  8.933E-06   Iter/sec:  3.192E+00
 Iteration:  00000049   DeltaT:  8.933E-06   Iter/sec:  3.140E+00
 Iteration:  00000050   DeltaT:  8.933E-06   Iter/sec:  3.142E+00


//////////////////////////////////////////////
   Measured Timings for Process 0  (seconds)

 Elapsed time:        17.0626
  Column time:         3.5257
     Row time:         4.8673
Legendre time:         2.2018
     FFT time:         0.9522
   Solve time:         0.2180
    rlma time:         0.2209
    rlmb time:         0.0948
  pspace time:         2.1885
  psolve time:         1.3628
    dphi time:         0.1291
captured time:        15.7611

     iter/sec:         2.9304
//////////////////////////////////////////////
