 //////////////////////////////////////
 Initializating Rayleigh...

 -- Initalizing MPI...
 ---- Specified parameters:
 ---- NCPU  :   2048
 ---- NPROW :     32
 ---- NPCOL :     64
 -- MPI initialized.


 -- Initalizing Grid...
 ---- Specified parameters ----
 ---- N_R                 :     64
 ---- N_THETA             :    768
 ---- Ell_MAX             :    511
 ---- R_MIN               :  5.38462E-01
 ---- R_MAX               :  1.53846E+00
 ---- Chebyshev Domains   :      1

        Domain 1
          Grid points           :  64
          Dealiased Polynomials :  42
          Domain Lower Bound    :  5.38462E-01
          Domain Upper Bound    :  1.53846E+00

 -- Grid initialized.

 -- Initalizing Reference State...
 ---- Specified parameters:
 ---- Reference type           :  Boussinesq (Non-dimensional)
 ---- Rayleigh Number          :  1.00000E+05
 ---- Ekman Number             :  1.00000E-03
 ---- Prandtl Number           :  1.00000E+00
 ---- Magnetic Prandtl Number  :  5.00000E+00
 -- Reference State initialized.

 -- Initializing Fields...
 ---- Specified parameters:
 ---- Hydro Init Type    : Benchmark (Christensen et al. 2001)
 ---- Magnetic Init Type : Benchmark (Christensen et al. 2001)
 -- Fields initialized.

 Initialization Complete.
 //////////////////////////////////////

 Timestep has changed from  0.00000E+00 to  1.00000E-04.
 Iteration:  00000001   DeltaT:  1.000E-04   Iter/sec:  0.000E+00
 Timestep has changed from  1.00000E-04 to  8.93257E-06.
 Iteration:  00000002   DeltaT:  8.933E-06   Iter/sec:  7.984E-01
 Iteration:  00000003   DeltaT:  8.933E-06   Iter/sec:  9.352E+00
 Iteration:  00000004   DeltaT:  8.933E-06   Iter/sec:  1.187E+01
 Iteration:  00000005   DeltaT:  8.933E-06   Iter/sec:  1.303E+01
 Iteration:  00000006   DeltaT:  8.933E-06   Iter/sec:  1.220E+01
 Iteration:  00000007   DeltaT:  8.933E-06   Iter/sec:  1.331E+01
 Iteration:  00000008   DeltaT:  8.933E-06   Iter/sec:  8.922E+00
 Iteration:  00000009   DeltaT:  8.933E-06   Iter/sec:  6.251E+00
 Iteration:  00000010   DeltaT:  8.933E-06   Iter/sec:  1.219E+01
 Iteration:  00000011   DeltaT:  8.933E-06   Iter/sec:  1.188E+01
 Iteration:  00000012   DeltaT:  8.933E-06   Iter/sec:  1.201E+01
 Iteration:  00000013   DeltaT:  8.933E-06   Iter/sec:  1.375E+01
 Iteration:  00000014   DeltaT:  8.933E-06   Iter/sec:  8.719E+00
 Iteration:  00000015   DeltaT:  8.933E-06   Iter/sec:  1.415E+01
 Iteration:  00000016   DeltaT:  8.933E-06   Iter/sec:  6.623E+00
 Iteration:  00000017   DeltaT:  8.933E-06   Iter/sec:  1.296E+01
 Iteration:  00000018   DeltaT:  8.933E-06   Iter/sec:  1.234E+01
 Iteration:  00000019   DeltaT:  8.933E-06   Iter/sec:  1.219E+01
 Iteration:  00000020   DeltaT:  8.933E-06   Iter/sec:  1.246E+01
 Iteration:  00000021   DeltaT:  8.933E-06   Iter/sec:  9.329E+00
 Iteration:  00000022   DeltaT:  8.933E-06   Iter/sec:  1.214E+01
 Iteration:  00000023   DeltaT:  8.933E-06   Iter/sec:  6.710E+00
 Iteration:  00000024   DeltaT:  8.933E-06   Iter/sec:  1.260E+01
 Iteration:  00000025   DeltaT:  8.933E-06   Iter/sec:  1.087E+01
 Iteration:  00000026   DeltaT:  8.933E-06   Iter/sec:  1.246E+01
 Iteration:  00000027   DeltaT:  8.933E-06   Iter/sec:  1.255E+01
 Iteration:  00000028   DeltaT:  8.933E-06   Iter/sec:  1.047E+01
 Iteration:  00000029   DeltaT:  8.933E-06   Iter/sec:  1.186E+01
 Iteration:  00000030   DeltaT:  8.933E-06   Iter/sec:  6.933E+00
 Iteration:  00000031   DeltaT:  8.933E-06   Iter/sec:  1.222E+01
 Iteration:  00000032   DeltaT:  8.933E-06   Iter/sec:  1.259E+01
 Iteration:  00000033   DeltaT:  8.933E-06   Iter/sec:  1.255E+01
 Iteration:  00000034   DeltaT:  8.933E-06   Iter/sec:  1.254E+01
 Iteration:  00000035   DeltaT:  8.933E-06   Iter/sec:  9.125E+00
 Iteration:  00000036   DeltaT:  8.933E-06   Iter/sec:  1.229E+01
 Iteration:  00000037   DeltaT:  8.933E-06   Iter/sec:  7.005E+00
 Iteration:  00000038   DeltaT:  8.933E-06   Iter/sec:  1.276E+01
 Iteration:  00000039   DeltaT:  8.933E-06   Iter/sec:  1.234E+01
 Iteration:  00000040   DeltaT:  8.933E-06   Iter/sec:  1.265E+01
 Iteration:  00000041   DeltaT:  8.933E-06   Iter/sec:  1.248E+01
 Iteration:  00000042   DeltaT:  8.933E-06   Iter/sec:  8.839E+00
 Iteration:  00000043   DeltaT:  8.933E-06   Iter/sec:  1.276E+01
 Iteration:  00000044   DeltaT:  8.933E-06   Iter/sec:  7.111E+00
 Iteration:  00000045   DeltaT:  8.933E-06   Iter/sec:  1.331E+01
 Iteration:  00000046   DeltaT:  8.933E-06   Iter/sec:  1.235E+01
 Iteration:  00000047   DeltaT:  8.933E-06   Iter/sec:  1.289E+01
 Iteration:  00000048   DeltaT:  8.933E-06   Iter/sec:  1.297E+01
 Iteration:  00000049   DeltaT:  8.933E-06   Iter/sec:  8.459E+00
 Iteration:  00000050   DeltaT:  8.933E-06   Iter/sec:  1.437E+01


//////////////////////////////////////////////
   Measured Timings for Process 0  (seconds)

 Elapsed time:         6.2049
  Column time:         1.9708
     Row time:         1.4456
Legendre time:         0.5392
     FFT time:         0.2835
   Solve time:         0.0777
    rlma time:         0.0641
    rlmb time:         0.0275
  pspace time:         0.2296
  psolve time:         0.1881
    dphi time:         0.0245
captured time:         4.8505

     iter/sec:         8.0581
//////////////////////////////////////////////
