 //////////////////////////////////////
 Initializating Rayleigh...

 -- Initalizing MPI...
 ---- Specified parameters:
 ---- NCPU  :    128
 ---- NPROW :     16
 ---- NPCOL :      8
 -- MPI initialized.


 -- Initalizing Grid...
 ---- Specified parameters ----
 ---- N_R                 :     64
 ---- N_THETA             :    384
 ---- Ell_MAX             :    255
 ---- R_MIN               :  5.38462E-01
 ---- R_MAX               :  1.53846E+00
 ---- Chebyshev Domains   :      1

        Domain 1
          Grid points           :  64
          Dealiased Polynomials :  42
          Domain Lower Bound    :  5.38462E-01
          Domain Upper Bound    :  1.53846E+00

 -- Grid initialized.

 -- Initalizing Reference State...
 ---- Specified parameters:
 ---- Reference type           :  Boussinesq (Non-dimensional)
 ---- Rayleigh Number          :  1.00000E+05
 ---- Ekman Number             :  1.00000E-03
 ---- Prandtl Number           :  1.00000E+00
 ---- Magnetic Prandtl Number  :  5.00000E+00
 -- Reference State initialized.

 -- Initializing Fields...
 ---- Specified parameters:
 ---- Hydro Init Type    : Benchmark (Christensen et al. 2001)
 ---- Magnetic Init Type : Benchmark (Christensen et al. 2001)
 -- Fields initialized.

 Initialization Complete.
 //////////////////////////////////////

 Timestep has changed from  0.00000E+00 to  1.00000E-04.
 Iteration:  00000001   DeltaT:  1.000E-04   Iter/sec:  0.000E+00
 Timestep has changed from  1.00000E-04 to  1.02211E-05.
 Iteration:  00000002   DeltaT:  1.022E-05   Iter/sec:  2.029E+00
 Iteration:  00000003   DeltaT:  1.022E-05   Iter/sec:  3.353E+00
 Iteration:  00000004   DeltaT:  1.022E-05   Iter/sec:  3.670E+00
 Iteration:  00000005   DeltaT:  1.022E-05   Iter/sec:  3.672E+00
 Iteration:  00000006   DeltaT:  1.022E-05   Iter/sec:  3.704E+00
 Iteration:  00000007   DeltaT:  1.022E-05   Iter/sec:  3.683E+00
 Iteration:  00000008   DeltaT:  1.022E-05   Iter/sec:  3.668E+00
 Iteration:  00000009   DeltaT:  1.022E-05   Iter/sec:  3.667E+00
 Iteration:  00000010   DeltaT:  1.022E-05   Iter/sec:  3.678E+00
 Iteration:  00000011   DeltaT:  1.022E-05   Iter/sec:  3.631E+00
 Iteration:  00000012   DeltaT:  1.022E-05   Iter/sec:  3.687E+00
 Iteration:  00000013   DeltaT:  1.022E-05   Iter/sec:  3.676E+00
 Iteration:  00000014   DeltaT:  1.022E-05   Iter/sec:  3.670E+00
 Iteration:  00000015   DeltaT:  1.022E-05   Iter/sec:  3.612E+00
 Iteration:  00000016   DeltaT:  1.022E-05   Iter/sec:  3.664E+00
 Iteration:  00000017   DeltaT:  1.022E-05   Iter/sec:  3.679E+00
 Iteration:  00000018   DeltaT:  1.022E-05   Iter/sec:  3.657E+00
 Iteration:  00000019   DeltaT:  1.022E-05   Iter/sec:  3.658E+00
 Iteration:  00000020   DeltaT:  1.022E-05   Iter/sec:  3.679E+00
 Iteration:  00000021   DeltaT:  1.022E-05   Iter/sec:  3.682E+00
 Iteration:  00000022   DeltaT:  1.022E-05   Iter/sec:  3.681E+00
 Iteration:  00000023   DeltaT:  1.022E-05   Iter/sec:  3.599E+00
 Iteration:  00000024   DeltaT:  1.022E-05   Iter/sec:  3.659E+00
 Iteration:  00000025   DeltaT:  1.022E-05   Iter/sec:  3.653E+00
 Iteration:  00000026   DeltaT:  1.022E-05   Iter/sec:  3.678E+00
 Iteration:  00000027   DeltaT:  1.022E-05   Iter/sec:  3.606E+00
 Iteration:  00000028   DeltaT:  1.022E-05   Iter/sec:  3.711E+00
 Iteration:  00000029   DeltaT:  1.022E-05   Iter/sec:  3.684E+00
 Iteration:  00000030   DeltaT:  1.022E-05   Iter/sec:  3.641E+00
 Iteration:  00000031   DeltaT:  1.022E-05   Iter/sec:  3.630E+00
 Iteration:  00000032   DeltaT:  1.022E-05   Iter/sec:  3.676E+00
 Iteration:  00000033   DeltaT:  1.022E-05   Iter/sec:  3.676E+00
 Iteration:  00000034   DeltaT:  1.022E-05   Iter/sec:  3.637E+00
 Iteration:  00000035   DeltaT:  1.022E-05   Iter/sec:  3.668E+00
 Iteration:  00000036   DeltaT:  1.022E-05   Iter/sec:  3.626E+00
 Iteration:  00000037   DeltaT:  1.022E-05   Iter/sec:  3.668E+00
 Iteration:  00000038   DeltaT:  1.022E-05   Iter/sec:  3.624E+00
 Iteration:  00000039   DeltaT:  1.022E-05   Iter/sec:  3.651E+00
 Iteration:  00000040   DeltaT:  1.022E-05   Iter/sec:  3.617E+00
 Iteration:  00000041   DeltaT:  1.022E-05   Iter/sec:  3.686E+00
 Iteration:  00000042   DeltaT:  1.022E-05   Iter/sec:  3.642E+00
 Iteration:  00000043   DeltaT:  1.022E-05   Iter/sec:  3.670E+00
 Iteration:  00000044   DeltaT:  1.022E-05   Iter/sec:  3.647E+00
 Iteration:  00000045   DeltaT:  1.022E-05   Iter/sec:  3.683E+00
 Iteration:  00000046   DeltaT:  1.022E-05   Iter/sec:  3.652E+00
 Iteration:  00000047   DeltaT:  1.022E-05   Iter/sec:  3.658E+00
 Iteration:  00000048   DeltaT:  1.022E-05   Iter/sec:  3.656E+00
 Iteration:  00000049   DeltaT:  1.022E-05   Iter/sec:  3.669E+00
 Iteration:  00000050   DeltaT:  1.022E-05   Iter/sec:  3.662E+00


//////////////////////////////////////////////
   Measured Timings for Process 0  (seconds)

 Elapsed time:        14.1355
  Column time:         1.7606
     Row time:         4.6311
Legendre time:         1.7377
     FFT time:         0.9581
   Solve time:         0.2823
    rlma time:         0.2052
    rlmb time:         0.0746
  pspace time:         2.2248
  psolve time:         1.5092
    dphi time:         0.1331
captured time:        13.5167

     iter/sec:         3.5372
//////////////////////////////////////////////
