 //////////////////////////////////////
 Initializating Rayleigh...

 -- Initalizing MPI...
 ---- Specified parameters:
 ---- NCPU  :   2048
 ---- NPROW :     32
 ---- NPCOL :     64
 -- MPI initialized.


 -- Initalizing Grid...
 ---- Specified parameters ----
 ---- N_R                 :    128
 ---- N_THETA             :    768
 ---- Ell_MAX             :    511
 ---- R_MIN               :  5.38462E-01
 ---- R_MAX               :  1.53846E+00
 ---- Chebyshev Domains   :      1

        Domain 1
          Grid points           :  128
          Dealiased Polynomials :  85
          Domain Lower Bound    :  5.38462E-01
          Domain Upper Bound    :  1.53846E+00

 -- Grid initialized.

 -- Initalizing Reference State...
 ---- Specified parameters:
 ---- Reference type           :  Boussinesq (Non-dimensional)
 ---- Rayleigh Number          :  1.00000E+05
 ---- Ekman Number             :  1.00000E-03
 ---- Prandtl Number           :  1.00000E+00
 ---- Magnetic Prandtl Number  :  5.00000E+00
 -- Reference State initialized.

 -- Initializing Fields...
 ---- Specified parameters:
 ---- Hydro Init Type    : Benchmark (Christensen et al. 2001)
 ---- Magnetic Init Type : Benchmark (Christensen et al. 2001)
 -- Fields initialized.

 Initialization Complete.
 //////////////////////////////////////

 Timestep has changed from  0.00000E+00 to  1.00000E-04.
 Iteration:  00000001   DeltaT:  1.000E-04   Iter/sec:  0.000E+00
 Timestep has changed from  1.00000E-04 to  2.55562E-06.
 Iteration:  00000002   DeltaT:  2.556E-06   Iter/sec:  9.894E-01
 Iteration:  00000003   DeltaT:  2.556E-06   Iter/sec:  3.311E+00
 Iteration:  00000004   DeltaT:  2.556E-06   Iter/sec:  5.486E+00
 Iteration:  00000005   DeltaT:  2.556E-06   Iter/sec:  5.463E+00
 Iteration:  00000006   DeltaT:  2.556E-06   Iter/sec:  3.511E+00
 Iteration:  00000007   DeltaT:  2.556E-06   Iter/sec:  5.665E+00
 Iteration:  00000008   DeltaT:  2.556E-06   Iter/sec:  5.814E+00
 Iteration:  00000009   DeltaT:  2.556E-06   Iter/sec:  4.399E+00
 Iteration:  00000010   DeltaT:  2.556E-06   Iter/sec:  4.878E+00
 Iteration:  00000011   DeltaT:  2.556E-06   Iter/sec:  5.665E+00
 Iteration:  00000012   DeltaT:  2.556E-06   Iter/sec:  5.392E+00
 Iteration:  00000013   DeltaT:  2.556E-06   Iter/sec:  4.241E+00
 Iteration:  00000014   DeltaT:  2.556E-06   Iter/sec:  5.503E+00
 Iteration:  00000015   DeltaT:  2.556E-06   Iter/sec:  5.061E+00
 Iteration:  00000016   DeltaT:  2.556E-06   Iter/sec:  4.997E+00
 Iteration:  00000017   DeltaT:  2.556E-06   Iter/sec:  5.647E+00
 Iteration:  00000018   DeltaT:  2.556E-06   Iter/sec:  5.811E+00
 Iteration:  00000019   DeltaT:  2.556E-06   Iter/sec:  4.340E+00
 Iteration:  00000020   DeltaT:  2.556E-06   Iter/sec:  5.204E+00
 Iteration:  00000021   DeltaT:  2.556E-06   Iter/sec:  5.679E+00
 Iteration:  00000022   DeltaT:  2.556E-06   Iter/sec:  5.123E+00
 Iteration:  00000023   DeltaT:  2.556E-06   Iter/sec:  4.215E+00
 Iteration:  00000024   DeltaT:  2.556E-06   Iter/sec:  5.536E+00
 Iteration:  00000025   DeltaT:  2.556E-06   Iter/sec:  5.059E+00
 Iteration:  00000026   DeltaT:  2.556E-06   Iter/sec:  3.917E+00
 Iteration:  00000027   DeltaT:  2.556E-06   Iter/sec:  5.715E+00
 Iteration:  00000028   DeltaT:  2.556E-06   Iter/sec:  5.698E+00
 Iteration:  00000029   DeltaT:  2.556E-06   Iter/sec:  4.234E+00
 Iteration:  00000030   DeltaT:  2.556E-06   Iter/sec:  5.843E+00
 Iteration:  00000031   DeltaT:  2.556E-06   Iter/sec:  5.765E+00
 Iteration:  00000032   DeltaT:  2.556E-06   Iter/sec:  4.250E+00
 Iteration:  00000033   DeltaT:  2.556E-06   Iter/sec:  4.929E+00
 Iteration:  00000034   DeltaT:  2.556E-06   Iter/sec:  5.660E+00
 Iteration:  00000035   DeltaT:  2.556E-06   Iter/sec:  5.479E+00
 Iteration:  00000036   DeltaT:  2.556E-06   Iter/sec:  4.180E+00
 Iteration:  00000037   DeltaT:  2.556E-06   Iter/sec:  5.651E+00
 Iteration:  00000038   DeltaT:  2.556E-06   Iter/sec:  5.096E+00
 Iteration:  00000039   DeltaT:  2.556E-06   Iter/sec:  5.011E+00
 Iteration:  00000040   DeltaT:  2.556E-06   Iter/sec:  5.430E+00
 Iteration:  00000041   DeltaT:  2.556E-06   Iter/sec:  5.546E+00
 Iteration:  00000042   DeltaT:  2.556E-06   Iter/sec:  4.746E+00
 Iteration:  00000043   DeltaT:  2.556E-06   Iter/sec:  4.834E+00
 Iteration:  00000044   DeltaT:  2.556E-06   Iter/sec:  5.210E+00
 Iteration:  00000045   DeltaT:  2.556E-06   Iter/sec:  5.583E+00
 Iteration:  00000046   DeltaT:  2.556E-06   Iter/sec:  4.320E+00
 Iteration:  00000047   DeltaT:  2.556E-06   Iter/sec:  5.470E+00
 Iteration:  00000048   DeltaT:  2.556E-06   Iter/sec:  5.319E+00
 Iteration:  00000049   DeltaT:  2.556E-06   Iter/sec:  4.748E+00
 Iteration:  00000050   DeltaT:  2.556E-06   Iter/sec:  5.749E+00


//////////////////////////////////////////////
   Measured Timings for Process 0  (seconds)

 Elapsed time:        13.1846
  Column time:         3.7366
     Row time:         2.9103
Legendre time:         0.9879
     FFT time:         0.4662
   Solve time:         0.2847
    rlma time:         0.1034
    rlmb time:         0.0450
  pspace time:         0.8862
  psolve time:         0.5727
    dphi time:         0.0453
captured time:        10.0381

     iter/sec:         3.7923
//////////////////////////////////////////////
