 //////////////////////////////////////
 Initializating Rayleigh...

 -- Initalizing MPI...
 ---- Specified parameters:
 ---- NCPU  :    256
 ---- NPROW :      8
 ---- NPCOL :     32
 -- MPI initialized.


 -- Initalizing Grid...
 ---- Specified parameters ----
 ---- N_R                 :     64
 ---- N_THETA             :    192
 ---- Ell_MAX             :    127
 ---- R_MIN               :  5.38462E-01
 ---- R_MAX               :  1.53846E+00
 ---- Chebyshev Domains   :      1

        Domain 1
          Grid points           :  64
          Dealiased Polynomials :  42
          Domain Lower Bound    :  5.38462E-01
          Domain Upper Bound    :  1.53846E+00

 -- Grid initialized.

 -- Initalizing Reference State...
 ---- Specified parameters:
 ---- Reference type           :  Boussinesq (Non-dimensional)
 ---- Rayleigh Number          :  1.00000E+05
 ---- Ekman Number             :  1.00000E-03
 ---- Prandtl Number           :  1.00000E+00
 ---- Magnetic Prandtl Number  :  5.00000E+00
 -- Reference State initialized.

 -- Initializing Fields...
 ---- Specified parameters:
 ---- Hydro Init Type    : Benchmark (Christensen et al. 2001)
 ---- Magnetic Init Type : Benchmark (Christensen et al. 2001)
 -- Fields initialized.

 Initialization Complete.
 //////////////////////////////////////

 Timestep has changed from  0.00000E+00 to  1.00000E-04.
 Iteration:  00000001   DeltaT:  1.000E-04   Iter/sec:  0.000E+00
 Timestep has changed from  1.00000E-04 to  1.02217E-05.
 Iteration:  00000002   DeltaT:  1.022E-05   Iter/sec:  8.583E+00
 Iteration:  00000003   DeltaT:  1.022E-05   Iter/sec:  3.388E+01
 Iteration:  00000004   DeltaT:  1.022E-05   Iter/sec:  4.211E+01
 Iteration:  00000005   DeltaT:  1.022E-05   Iter/sec:  4.230E+01
 Iteration:  00000006   DeltaT:  1.022E-05   Iter/sec:  4.344E+01
 Iteration:  00000007   DeltaT:  1.022E-05   Iter/sec:  4.238E+01
 Iteration:  00000008   DeltaT:  1.022E-05   Iter/sec:  4.282E+01
 Iteration:  00000009   DeltaT:  1.022E-05   Iter/sec:  4.385E+01
 Iteration:  00000010   DeltaT:  1.022E-05   Iter/sec:  4.139E+01
 Iteration:  00000011   DeltaT:  1.022E-05   Iter/sec:  4.299E+01
 Iteration:  00000012   DeltaT:  1.022E-05   Iter/sec:  4.169E+01
 Iteration:  00000013   DeltaT:  1.022E-05   Iter/sec:  4.344E+01
 Iteration:  00000014   DeltaT:  1.022E-05   Iter/sec:  4.165E+01
 Iteration:  00000015   DeltaT:  1.022E-05   Iter/sec:  4.342E+01
 Iteration:  00000016   DeltaT:  1.022E-05   Iter/sec:  4.315E+01
 Iteration:  00000017   DeltaT:  1.022E-05   Iter/sec:  4.361E+01
 Iteration:  00000018   DeltaT:  1.022E-05   Iter/sec:  4.363E+01
 Iteration:  00000019   DeltaT:  1.022E-05   Iter/sec:  4.208E+01
 Iteration:  00000020   DeltaT:  1.022E-05   Iter/sec:  3.946E+01
 Iteration:  00000021   DeltaT:  1.022E-05   Iter/sec:  4.264E+01
 Iteration:  00000022   DeltaT:  1.022E-05   Iter/sec:  4.234E+01
 Iteration:  00000023   DeltaT:  1.022E-05   Iter/sec:  4.353E+01
 Iteration:  00000024   DeltaT:  1.022E-05   Iter/sec:  4.233E+01
 Iteration:  00000025   DeltaT:  1.022E-05   Iter/sec:  4.276E+01
 Iteration:  00000026   DeltaT:  1.022E-05   Iter/sec:  4.350E+01
 Iteration:  00000027   DeltaT:  1.022E-05   Iter/sec:  4.386E+01
 Iteration:  00000028   DeltaT:  1.022E-05   Iter/sec:  4.352E+01
 Iteration:  00000029   DeltaT:  1.022E-05   Iter/sec:  4.371E+01
 Iteration:  00000030   DeltaT:  1.022E-05   Iter/sec:  3.927E+01
 Iteration:  00000031   DeltaT:  1.022E-05   Iter/sec:  4.278E+01
 Iteration:  00000032   DeltaT:  1.022E-05   Iter/sec:  4.292E+01
 Iteration:  00000033   DeltaT:  1.022E-05   Iter/sec:  4.282E+01
 Iteration:  00000034   DeltaT:  1.022E-05   Iter/sec:  4.227E+01
 Iteration:  00000035   DeltaT:  1.022E-05   Iter/sec:  4.308E+01
 Iteration:  00000036   DeltaT:  1.022E-05   Iter/sec:  4.424E+01
 Iteration:  00000037   DeltaT:  1.022E-05   Iter/sec:  4.346E+01
 Iteration:  00000038   DeltaT:  1.022E-05   Iter/sec:  4.390E+01
 Iteration:  00000039   DeltaT:  1.022E-05   Iter/sec:  4.272E+01
 Iteration:  00000040   DeltaT:  1.022E-05   Iter/sec:  4.388E+01
 Iteration:  00000041   DeltaT:  1.022E-05   Iter/sec:  4.327E+01
 Iteration:  00000042   DeltaT:  1.022E-05   Iter/sec:  4.286E+01
 Iteration:  00000043   DeltaT:  1.022E-05   Iter/sec:  4.222E+01
 Iteration:  00000044   DeltaT:  1.022E-05   Iter/sec:  3.868E+01
 Iteration:  00000045   DeltaT:  1.022E-05   Iter/sec:  4.436E+01
 Iteration:  00000046   DeltaT:  1.022E-05   Iter/sec:  4.307E+01
 Iteration:  00000047   DeltaT:  1.022E-05   Iter/sec:  4.381E+01
 Iteration:  00000048   DeltaT:  1.022E-05   Iter/sec:  4.350E+01
 Iteration:  00000049   DeltaT:  1.022E-05   Iter/sec:  4.290E+01
 Iteration:  00000050   DeltaT:  1.022E-05   Iter/sec:  4.208E+01


//////////////////////////////////////////////
   Measured Timings for Process 0  (seconds)

 Elapsed time:         1.8632
  Column time:         0.2907
     Row time:         0.3444
Legendre time:         0.1242
     FFT time:         0.1005
   Solve time:         0.0600
    rlma time:         0.0294
    rlmb time:         0.0121
  pspace time:         0.1058
  psolve time:         0.0929
    dphi time:         0.0100
captured time:         1.1700

     iter/sec:        26.8355
//////////////////////////////////////////////
