 //////////////////////////////////////
 Initializating Rayleigh...

 -- Initalizing MPI...
 ---- Specified parameters:
 ---- NCPU  :    256
 ---- NPROW :     32
 ---- NPCOL :      8
 -- MPI initialized.


 -- Initalizing Grid...
 ---- Specified parameters ----
 ---- N_R                 :     64
 ---- N_THETA             :    768
 ---- Ell_MAX             :    511
 ---- R_MIN               :  5.38462E-01
 ---- R_MAX               :  1.53846E+00
 ---- Chebyshev Domains   :      1

        Domain 1
          Grid points           :  64
          Dealiased Polynomials :  42
          Domain Lower Bound    :  5.38462E-01
          Domain Upper Bound    :  1.53846E+00

 -- Grid initialized.

 -- Initalizing Reference State...
 ---- Specified parameters:
 ---- Reference type           :  Boussinesq (Non-dimensional)
 ---- Rayleigh Number          :  1.00000E+05
 ---- Ekman Number             :  1.00000E-03
 ---- Prandtl Number           :  1.00000E+00
 ---- Magnetic Prandtl Number  :  5.00000E+00
 -- Reference State initialized.

 -- Initializing Fields...
 ---- Specified parameters:
 ---- Hydro Init Type    : Benchmark (Christensen et al. 2001)
 ---- Magnetic Init Type : Benchmark (Christensen et al. 2001)
 -- Fields initialized.

 Initialization Complete.
 //////////////////////////////////////

 Timestep has changed from  0.00000E+00 to  1.00000E-04.
 Iteration:  00000001   DeltaT:  1.000E-04   Iter/sec:  0.000E+00
 Timestep has changed from  1.00000E-04 to  8.93257E-06.
 Iteration:  00000002   DeltaT:  8.933E-06   Iter/sec:  7.156E-01
 Iteration:  00000003   DeltaT:  8.933E-06   Iter/sec:  1.491E+00
 Iteration:  00000004   DeltaT:  8.933E-06   Iter/sec:  1.482E+00
 Iteration:  00000005   DeltaT:  8.933E-06   Iter/sec:  1.481E+00
 Iteration:  00000006   DeltaT:  8.933E-06   Iter/sec:  1.554E+00
 Iteration:  00000007   DeltaT:  8.933E-06   Iter/sec:  1.452E+00
 Iteration:  00000008   DeltaT:  8.933E-06   Iter/sec:  1.523E+00
 Iteration:  00000009   DeltaT:  8.933E-06   Iter/sec:  1.507E+00
 Iteration:  00000010   DeltaT:  8.933E-06   Iter/sec:  1.493E+00
 Iteration:  00000011   DeltaT:  8.933E-06   Iter/sec:  1.484E+00
 Iteration:  00000012   DeltaT:  8.933E-06   Iter/sec:  1.515E+00
 Iteration:  00000013   DeltaT:  8.933E-06   Iter/sec:  1.455E+00
 Iteration:  00000014   DeltaT:  8.933E-06   Iter/sec:  1.524E+00
 Iteration:  00000015   DeltaT:  8.933E-06   Iter/sec:  1.412E+00
 Iteration:  00000016   DeltaT:  8.933E-06   Iter/sec:  1.524E+00
 Iteration:  00000017   DeltaT:  8.933E-06   Iter/sec:  1.547E+00
 Iteration:  00000018   DeltaT:  8.933E-06   Iter/sec:  1.546E+00
 Iteration:  00000019   DeltaT:  8.933E-06   Iter/sec:  1.538E+00
 Iteration:  00000020   DeltaT:  8.933E-06   Iter/sec:  1.459E+00
 Iteration:  00000021   DeltaT:  8.933E-06   Iter/sec:  1.539E+00
 Iteration:  00000022   DeltaT:  8.933E-06   Iter/sec:  1.455E+00
 Iteration:  00000023   DeltaT:  8.933E-06   Iter/sec:  1.536E+00
 Iteration:  00000024   DeltaT:  8.933E-06   Iter/sec:  1.484E+00
 Iteration:  00000025   DeltaT:  8.933E-06   Iter/sec:  1.598E+00
 Iteration:  00000026   DeltaT:  8.933E-06   Iter/sec:  1.522E+00
 Iteration:  00000027   DeltaT:  8.933E-06   Iter/sec:  1.519E+00
 Iteration:  00000028   DeltaT:  8.933E-06   Iter/sec:  1.410E+00
 Iteration:  00000029   DeltaT:  8.933E-06   Iter/sec:  1.545E+00
 Iteration:  00000030   DeltaT:  8.933E-06   Iter/sec:  1.551E+00
 Iteration:  00000031   DeltaT:  8.933E-06   Iter/sec:  1.515E+00
 Iteration:  00000032   DeltaT:  8.933E-06   Iter/sec:  1.460E+00
 Iteration:  00000033   DeltaT:  8.933E-06   Iter/sec:  1.510E+00
 Iteration:  00000034   DeltaT:  8.933E-06   Iter/sec:  1.484E+00
 Iteration:  00000035   DeltaT:  8.933E-06   Iter/sec:  1.456E+00
 Iteration:  00000036   DeltaT:  8.933E-06   Iter/sec:  1.519E+00
 Iteration:  00000037   DeltaT:  8.933E-06   Iter/sec:  1.515E+00
 Iteration:  00000038   DeltaT:  8.933E-06   Iter/sec:  1.387E+00
 Iteration:  00000039   DeltaT:  8.933E-06   Iter/sec:  1.493E+00
 Iteration:  00000040   DeltaT:  8.933E-06   Iter/sec:  1.499E+00
 Iteration:  00000041   DeltaT:  8.933E-06   Iter/sec:  1.503E+00
 Iteration:  00000042   DeltaT:  8.933E-06   Iter/sec:  1.518E+00
 Iteration:  00000043   DeltaT:  8.933E-06   Iter/sec:  1.514E+00
 Iteration:  00000044   DeltaT:  8.933E-06   Iter/sec:  1.483E+00
 Iteration:  00000045   DeltaT:  8.933E-06   Iter/sec:  1.549E+00
 Iteration:  00000046   DeltaT:  8.933E-06   Iter/sec:  1.465E+00
 Iteration:  00000047   DeltaT:  8.933E-06   Iter/sec:  1.502E+00
 Iteration:  00000048   DeltaT:  8.933E-06   Iter/sec:  1.468E+00
 Iteration:  00000049   DeltaT:  8.933E-06   Iter/sec:  1.491E+00
 Iteration:  00000050   DeltaT:  8.933E-06   Iter/sec:  1.550E+00


//////////////////////////////////////////////
   Measured Timings for Process 0  (seconds)

 Elapsed time:        34.5709
  Column time:         7.1516
     Row time:        11.2971
Legendre time:         4.4517
     FFT time:         1.8906
   Solve time:         0.5128
    rlma time:         0.4121
    rlmb time:         0.1696
  pspace time:         4.0671
  psolve time:         2.9304
    dphi time:         0.1713
captured time:        33.0545

     iter/sec:         1.4463
//////////////////////////////////////////////
