 //////////////////////////////////////
 Initializating Rayleigh...

 -- Initalizing MPI...
 ---- Specified parameters:
 ---- NCPU  :    512
 ---- NPROW :     32
 ---- NPCOL :     16
 -- MPI initialized.


 -- Initalizing Grid...
 ---- Specified parameters ----
 ---- N_R                 :    128
 ---- N_THETA             :    384
 ---- Ell_MAX             :    255
 ---- R_MIN               :  5.38462E-01
 ---- R_MAX               :  1.53846E+00
 ---- Chebyshev Domains   :      1

        Domain 1
          Grid points           :  128
          Dealiased Polynomials :  85
          Domain Lower Bound    :  5.38462E-01
          Domain Upper Bound    :  1.53846E+00

 -- Grid initialized.

 -- Initalizing Reference State...
 ---- Specified parameters:
 ---- Reference type           :  Boussinesq (Non-dimensional)
 ---- Rayleigh Number          :  1.00000E+05
 ---- Ekman Number             :  1.00000E-03
 ---- Prandtl Number           :  1.00000E+00
 ---- Magnetic Prandtl Number  :  5.00000E+00
 -- Reference State initialized.

 -- Initializing Fields...
 ---- Specified parameters:
 ---- Hydro Init Type    : Benchmark (Christensen et al. 2001)
 ---- Magnetic Init Type : Benchmark (Christensen et al. 2001)
 -- Fields initialized.

 Initialization Complete.
 //////////////////////////////////////

 Timestep has changed from  0.00000E+00 to  1.00000E-04.
 Iteration:  00000001   DeltaT:  1.000E-04   Iter/sec:  0.000E+00
 Timestep has changed from  1.00000E-04 to  2.55566E-06.
 Iteration:  00000002   DeltaT:  2.556E-06   Iter/sec:  1.151E+00
 Iteration:  00000003   DeltaT:  2.556E-06   Iter/sec:  4.230E+00
 Iteration:  00000004   DeltaT:  2.556E-06   Iter/sec:  6.740E+00
 Iteration:  00000005   DeltaT:  2.556E-06   Iter/sec:  6.912E+00
 Iteration:  00000006   DeltaT:  2.556E-06   Iter/sec:  6.488E+00
 Iteration:  00000007   DeltaT:  2.556E-06   Iter/sec:  6.708E+00
 Iteration:  00000008   DeltaT:  2.556E-06   Iter/sec:  6.842E+00
 Iteration:  00000009   DeltaT:  2.556E-06   Iter/sec:  6.551E+00
 Iteration:  00000010   DeltaT:  2.556E-06   Iter/sec:  7.056E+00
 Iteration:  00000011   DeltaT:  2.556E-06   Iter/sec:  6.735E+00
 Iteration:  00000012   DeltaT:  2.556E-06   Iter/sec:  6.741E+00
 Iteration:  00000013   DeltaT:  2.556E-06   Iter/sec:  6.680E+00
 Iteration:  00000014   DeltaT:  2.556E-06   Iter/sec:  6.999E+00
 Iteration:  00000015   DeltaT:  2.556E-06   Iter/sec:  6.839E+00
 Iteration:  00000016   DeltaT:  2.556E-06   Iter/sec:  6.796E+00
 Iteration:  00000017   DeltaT:  2.556E-06   Iter/sec:  6.935E+00
 Iteration:  00000018   DeltaT:  2.556E-06   Iter/sec:  6.942E+00
 Iteration:  00000019   DeltaT:  2.556E-06   Iter/sec:  7.049E+00
 Iteration:  00000020   DeltaT:  2.556E-06   Iter/sec:  6.717E+00
 Iteration:  00000021   DeltaT:  2.556E-06   Iter/sec:  7.085E+00
 Iteration:  00000022   DeltaT:  2.556E-06   Iter/sec:  6.969E+00
 Iteration:  00000023   DeltaT:  2.556E-06   Iter/sec:  7.045E+00
 Iteration:  00000024   DeltaT:  2.556E-06   Iter/sec:  6.900E+00
 Iteration:  00000025   DeltaT:  2.556E-06   Iter/sec:  7.101E+00
 Iteration:  00000026   DeltaT:  2.556E-06   Iter/sec:  6.782E+00
 Iteration:  00000027   DeltaT:  2.556E-06   Iter/sec:  6.905E+00
 Iteration:  00000028   DeltaT:  2.556E-06   Iter/sec:  7.096E+00
 Iteration:  00000029   DeltaT:  2.556E-06   Iter/sec:  7.200E+00
 Iteration:  00000030   DeltaT:  2.556E-06   Iter/sec:  6.899E+00
 Iteration:  00000031   DeltaT:  2.556E-06   Iter/sec:  6.629E+00
 Iteration:  00000032   DeltaT:  2.556E-06   Iter/sec:  6.929E+00
 Iteration:  00000033   DeltaT:  2.556E-06   Iter/sec:  7.357E+00
 Iteration:  00000034   DeltaT:  2.556E-06   Iter/sec:  7.012E+00
 Iteration:  00000035   DeltaT:  2.556E-06   Iter/sec:  6.706E+00
 Iteration:  00000036   DeltaT:  2.556E-06   Iter/sec:  6.614E+00
 Iteration:  00000037   DeltaT:  2.556E-06   Iter/sec:  7.040E+00
 Iteration:  00000038   DeltaT:  2.556E-06   Iter/sec:  7.148E+00
 Iteration:  00000039   DeltaT:  2.556E-06   Iter/sec:  6.975E+00
 Iteration:  00000040   DeltaT:  2.556E-06   Iter/sec:  6.930E+00
 Iteration:  00000041   DeltaT:  2.556E-06   Iter/sec:  7.016E+00
 Iteration:  00000042   DeltaT:  2.556E-06   Iter/sec:  7.082E+00
 Iteration:  00000043   DeltaT:  2.556E-06   Iter/sec:  7.268E+00
 Iteration:  00000044   DeltaT:  2.556E-06   Iter/sec:  7.146E+00
 Iteration:  00000045   DeltaT:  2.556E-06   Iter/sec:  7.288E+00
 Iteration:  00000046   DeltaT:  2.556E-06   Iter/sec:  7.000E+00
 Iteration:  00000047   DeltaT:  2.556E-06   Iter/sec:  7.142E+00
 Iteration:  00000048   DeltaT:  2.556E-06   Iter/sec:  6.868E+00
 Iteration:  00000049   DeltaT:  2.556E-06   Iter/sec:  6.866E+00
 Iteration:  00000050   DeltaT:  2.556E-06   Iter/sec:  7.077E+00


//////////////////////////////////////////////
   Measured Timings for Process 0  (seconds)

 Elapsed time:         9.0271
  Column time:         1.5937
     Row time:         2.5874
Legendre time:         0.6582
     FFT time:         0.4788
   Solve time:         0.3848
    rlma time:         0.0879
    rlmb time:         0.0345
  pspace time:         0.8692
  psolve time:         0.6125
    dphi time:         0.0445
captured time:         7.3516

     iter/sec:         5.5389
//////////////////////////////////////////////
