 //////////////////////////////////////
 Initializating Rayleigh...

 -- Initalizing MPI...
 ---- Specified parameters:
 ---- NCPU  :   1024
 ---- NPROW :     64
 ---- NPCOL :     16
 -- MPI initialized.


 -- Initalizing Grid...
 ---- Specified parameters ----
 ---- N_R                 :    128
 ---- N_THETA             :   1536
 ---- Ell_MAX             :   1023
 ---- R_MIN               :  5.38462E-01
 ---- R_MAX               :  1.53846E+00
 ---- Chebyshev Domains   :      1

        Domain 1
          Grid points           :  128
          Dealiased Polynomials :  85
          Domain Lower Bound    :  5.38462E-01
          Domain Upper Bound    :  1.53846E+00

 -- Grid initialized.

 -- Initalizing Reference State...
 ---- Specified parameters:
 ---- Reference type           :  Boussinesq (Non-dimensional)
 ---- Rayleigh Number          :  1.00000E+05
 ---- Ekman Number             :  1.00000E-03
 ---- Prandtl Number           :  1.00000E+00
 ---- Magnetic Prandtl Number  :  5.00000E+00
 -- Reference State initialized.

 -- Initializing Fields...
 ---- Specified parameters:
 ---- Hydro Init Type    : Benchmark (Christensen et al. 2001)
 ---- Magnetic Init Type : Benchmark (Christensen et al. 2001)
 -- Fields initialized.

 Initialization Complete.
 //////////////////////////////////////

 Timestep has changed from  0.00000E+00 to  1.00000E-04.
 Iteration:  00000001   DeltaT:  1.000E-04   Iter/sec:  0.000E+00
 Timestep has changed from  1.00000E-04 to  2.55561E-06.
 Iteration:  00000002   DeltaT:  2.556E-06   Iter/sec:  2.299E-01
 Iteration:  00000003   DeltaT:  2.556E-06   Iter/sec:  4.864E-01
 Iteration:  00000004   DeltaT:  2.556E-06   Iter/sec:  5.819E-01
 Iteration:  00000005   DeltaT:  2.556E-06   Iter/sec:  5.736E-01
 Iteration:  00000006   DeltaT:  2.556E-06   Iter/sec:  5.727E-01
 Iteration:  00000007   DeltaT:  2.556E-06   Iter/sec:  5.627E-01
 Iteration:  00000008   DeltaT:  2.556E-06   Iter/sec:  5.709E-01
 Iteration:  00000009   DeltaT:  2.556E-06   Iter/sec:  5.555E-01
 Iteration:  00000010   DeltaT:  2.556E-06   Iter/sec:  5.850E-01
 Iteration:  00000011   DeltaT:  2.556E-06   Iter/sec:  5.759E-01
 Iteration:  00000012   DeltaT:  2.556E-06   Iter/sec:  5.789E-01
 Iteration:  00000013   DeltaT:  2.556E-06   Iter/sec:  5.560E-01
 Iteration:  00000014   DeltaT:  2.556E-06   Iter/sec:  5.677E-01
 Iteration:  00000015   DeltaT:  2.556E-06   Iter/sec:  5.706E-01
 Iteration:  00000016   DeltaT:  2.556E-06   Iter/sec:  5.795E-01
 Iteration:  00000017   DeltaT:  2.556E-06   Iter/sec:  5.597E-01
 Iteration:  00000018   DeltaT:  2.556E-06   Iter/sec:  5.780E-01
 Iteration:  00000019   DeltaT:  2.556E-06   Iter/sec:  5.749E-01
 Iteration:  00000020   DeltaT:  2.556E-06   Iter/sec:  5.592E-01
 Iteration:  00000021   DeltaT:  2.556E-06   Iter/sec:  5.777E-01
 Iteration:  00000022   DeltaT:  2.556E-06   Iter/sec:  5.578E-01
 Iteration:  00000023   DeltaT:  2.556E-06   Iter/sec:  5.743E-01
 Iteration:  00000024   DeltaT:  2.556E-06   Iter/sec:  5.662E-01
 Iteration:  00000025   DeltaT:  2.556E-06   Iter/sec:  5.710E-01
 Iteration:  00000026   DeltaT:  2.556E-06   Iter/sec:  5.816E-01
 Iteration:  00000027   DeltaT:  2.556E-06   Iter/sec:  5.559E-01
 Iteration:  00000028   DeltaT:  2.556E-06   Iter/sec:  5.900E-01
 Iteration:  00000029   DeltaT:  2.556E-06   Iter/sec:  5.842E-01
 Iteration:  00000030   DeltaT:  2.556E-06   Iter/sec:  5.618E-01
 Iteration:  00000031   DeltaT:  2.556E-06   Iter/sec:  5.694E-01
 Iteration:  00000032   DeltaT:  2.556E-06   Iter/sec:  5.841E-01
 Iteration:  00000033   DeltaT:  2.556E-06   Iter/sec:  5.592E-01
 Iteration:  00000034   DeltaT:  2.556E-06   Iter/sec:  5.803E-01
 Iteration:  00000035   DeltaT:  2.556E-06   Iter/sec:  5.784E-01
 Iteration:  00000036   DeltaT:  2.556E-06   Iter/sec:  5.700E-01
 Iteration:  00000037   DeltaT:  2.556E-06   Iter/sec:  5.649E-01
 Iteration:  00000038   DeltaT:  2.556E-06   Iter/sec:  5.754E-01
 Iteration:  00000039   DeltaT:  2.556E-06   Iter/sec:  5.799E-01
 Iteration:  00000040   DeltaT:  2.556E-06   Iter/sec:  5.602E-01
 Iteration:  00000041   DeltaT:  2.556E-06   Iter/sec:  5.819E-01
 Iteration:  00000042   DeltaT:  2.556E-06   Iter/sec:  5.676E-01
 Iteration:  00000043   DeltaT:  2.556E-06   Iter/sec:  5.689E-01
 Iteration:  00000044   DeltaT:  2.556E-06   Iter/sec:  5.772E-01
 Iteration:  00000045   DeltaT:  2.556E-06   Iter/sec:  5.716E-01
 Iteration:  00000046   DeltaT:  2.556E-06   Iter/sec:  5.719E-01
 Iteration:  00000047   DeltaT:  2.556E-06   Iter/sec:  5.620E-01
 Iteration:  00000048   DeltaT:  2.556E-06   Iter/sec:  5.784E-01
 Iteration:  00000049   DeltaT:  2.556E-06   Iter/sec:  5.567E-01
 Iteration:  00000050   DeltaT:  2.556E-06   Iter/sec:  5.598E-01


//////////////////////////////////////////////
   Measured Timings for Process 0  (seconds)

 Elapsed time:        93.7676
  Column time:        18.6039
     Row time:        31.4207
Legendre time:        13.9929
     FFT time:         4.2234
   Solve time:         1.8896
    rlma time:         1.2085
    rlmb time:         0.5349
  pspace time:         8.4790
  psolve time:         6.6643
    dphi time:         0.3644
captured time:        87.3817

     iter/sec:         0.5332
//////////////////////////////////////////////
