 //////////////////////////////////////
 Initializating Rayleigh...

 -- Initalizing MPI...
 ---- Specified parameters:
 ---- NCPU  :    128
 ---- NPROW :     16
 ---- NPCOL :      8
 -- MPI initialized.


 -- Initalizing Grid...
 ---- Specified parameters ----
 ---- N_R                 :    128
 ---- N_THETA             :   1536
 ---- Ell_MAX             :   1023
 ---- R_MIN               :  5.38462E-01
 ---- R_MAX               :  1.53846E+00
 ---- Chebyshev Domains   :      1

        Domain 1
          Grid points           :  128
          Dealiased Polynomials :  85
          Domain Lower Bound    :  5.38462E-01
          Domain Upper Bound    :  1.53846E+00

 -- Grid initialized.

 -- Initalizing Reference State...
 ---- Specified parameters:
 ---- Reference type           :  Boussinesq (Non-dimensional)
 ---- Rayleigh Number          :  1.00000E+05
 ---- Ekman Number             :  1.00000E-03
 ---- Prandtl Number           :  1.00000E+00
 ---- Magnetic Prandtl Number  :  5.00000E+00
 -- Reference State initialized.

 -- Initializing Fields...
 ---- Specified parameters:
 ---- Hydro Init Type    : Benchmark (Christensen et al. 2001)
 ---- Magnetic Init Type : Benchmark (Christensen et al. 2001)
 -- Fields initialized.

 Initialization Complete.
 //////////////////////////////////////

 Timestep has changed from  0.00000E+00 to  1.00000E-04.
 Iteration:  00000001   DeltaT:  1.000E-04   Iter/sec:  0.000E+00
 Timestep has changed from  1.00000E-04 to  2.55561E-06.
 Iteration:  00000002   DeltaT:  2.556E-06   Iter/sec:  5.084E-02
 Iteration:  00000003   DeltaT:  2.556E-06   Iter/sec:  8.124E-02
 Iteration:  00000004   DeltaT:  2.556E-06   Iter/sec:  8.496E-02
 Iteration:  00000005   DeltaT:  2.556E-06   Iter/sec:  8.476E-02
 Iteration:  00000006   DeltaT:  2.556E-06   Iter/sec:  8.459E-02
 Iteration:  00000007   DeltaT:  2.556E-06   Iter/sec:  8.519E-02
 Iteration:  00000008   DeltaT:  2.556E-06   Iter/sec:  8.452E-02
 Iteration:  00000009   DeltaT:  2.556E-06   Iter/sec:  8.471E-02
 Iteration:  00000010   DeltaT:  2.556E-06   Iter/sec:  8.406E-02
 Iteration:  00000011   DeltaT:  2.556E-06   Iter/sec:  8.462E-02
 Iteration:  00000012   DeltaT:  2.556E-06   Iter/sec:  8.507E-02
 Iteration:  00000013   DeltaT:  2.556E-06   Iter/sec:  8.466E-02
 Iteration:  00000014   DeltaT:  2.556E-06   Iter/sec:  8.468E-02
 Iteration:  00000015   DeltaT:  2.556E-06   Iter/sec:  8.465E-02
 Iteration:  00000016   DeltaT:  2.556E-06   Iter/sec:  8.460E-02
 Iteration:  00000017   DeltaT:  2.556E-06   Iter/sec:  8.442E-02
 Iteration:  00000018   DeltaT:  2.556E-06   Iter/sec:  8.454E-02
 Iteration:  00000019   DeltaT:  2.556E-06   Iter/sec:  8.490E-02
 Iteration:  00000020   DeltaT:  2.556E-06   Iter/sec:  8.476E-02
 Iteration:  00000021   DeltaT:  2.556E-06   Iter/sec:  8.503E-02
 Iteration:  00000022   DeltaT:  2.556E-06   Iter/sec:  8.484E-02
 Iteration:  00000023   DeltaT:  2.556E-06   Iter/sec:  8.566E-02
 Iteration:  00000024   DeltaT:  2.556E-06   Iter/sec:  8.431E-02
 Iteration:  00000025   DeltaT:  2.556E-06   Iter/sec:  8.566E-02
 Iteration:  00000026   DeltaT:  2.556E-06   Iter/sec:  8.417E-02
 Iteration:  00000027   DeltaT:  2.556E-06   Iter/sec:  8.520E-02
 Iteration:  00000028   DeltaT:  2.556E-06   Iter/sec:  8.475E-02
 Iteration:  00000029   DeltaT:  2.556E-06   Iter/sec:  8.482E-02
 Iteration:  00000030   DeltaT:  2.556E-06   Iter/sec:  8.493E-02
 Iteration:  00000031   DeltaT:  2.556E-06   Iter/sec:  8.458E-02
 Iteration:  00000032   DeltaT:  2.556E-06   Iter/sec:  8.503E-02
 Iteration:  00000033   DeltaT:  2.556E-06   Iter/sec:  8.482E-02
 Iteration:  00000034   DeltaT:  2.556E-06   Iter/sec:  8.485E-02
 Iteration:  00000035   DeltaT:  2.556E-06   Iter/sec:  8.499E-02
 Iteration:  00000036   DeltaT:  2.556E-06   Iter/sec:  8.470E-02
 Iteration:  00000037   DeltaT:  2.556E-06   Iter/sec:  8.484E-02
 Iteration:  00000038   DeltaT:  2.556E-06   Iter/sec:  8.463E-02
 Iteration:  00000039   DeltaT:  2.556E-06   Iter/sec:  8.488E-02
 Iteration:  00000040   DeltaT:  2.556E-06   Iter/sec:  8.454E-02
 Iteration:  00000041   DeltaT:  2.556E-06   Iter/sec:  8.525E-02
 Iteration:  00000042   DeltaT:  2.556E-06   Iter/sec:  8.480E-02
 Iteration:  00000043   DeltaT:  2.556E-06   Iter/sec:  8.479E-02
 Iteration:  00000044   DeltaT:  2.556E-06   Iter/sec:  8.479E-02
 Iteration:  00000045   DeltaT:  2.556E-06   Iter/sec:  8.498E-02
 Iteration:  00000046   DeltaT:  2.556E-06   Iter/sec:  8.503E-02
 Iteration:  00000047   DeltaT:  2.556E-06   Iter/sec:  8.485E-02
 Iteration:  00000048   DeltaT:  2.556E-06   Iter/sec:  8.488E-02
 Iteration:  00000049   DeltaT:  2.556E-06   Iter/sec:  8.650E-02
 Iteration:  00000050   DeltaT:  2.556E-06   Iter/sec:  8.353E-02


//////////////////////////////////////////////
   Measured Timings for Process 0  (seconds)

 Elapsed time:       615.0714
  Column time:        65.3077
     Row time:       211.3187
Legendre time:       111.2335
     FFT time:        33.7623
   Solve time:         7.8390
    rlma time:        14.3822
    rlmb time:         5.9653
  pspace time:        71.9229
  psolve time:        54.9713
    dphi time:         4.4458
captured time:       581.1488

     iter/sec:         0.0813
//////////////////////////////////////////////
