 //////////////////////////////////////
 Initializating Rayleigh...

 -- Initalizing MPI...
 ---- Specified parameters:
 ---- NCPU  :   2048
 ---- NPROW :     64
 ---- NPCOL :     32
 -- MPI initialized.


 -- Initalizing Grid...
 ---- Specified parameters ----
 ---- N_R                 :     64
 ---- N_THETA             :   1536
 ---- Ell_MAX             :   1023
 ---- R_MIN               :  5.38462E-01
 ---- R_MAX               :  1.53846E+00
 ---- Chebyshev Domains   :      1

        Domain 1
          Grid points           :  64
          Dealiased Polynomials :  42
          Domain Lower Bound    :  5.38462E-01
          Domain Upper Bound    :  1.53846E+00

 -- Grid initialized.

 -- Initalizing Reference State...
 ---- Specified parameters:
 ---- Reference type           :  Boussinesq (Non-dimensional)
 ---- Rayleigh Number          :  1.00000E+05
 ---- Ekman Number             :  1.00000E-03
 ---- Prandtl Number           :  1.00000E+00
 ---- Magnetic Prandtl Number  :  5.00000E+00
 -- Reference State initialized.

 -- Initializing Fields...
 ---- Specified parameters:
 ---- Hydro Init Type    : Benchmark (Christensen et al. 2001)
 ---- Magnetic Init Type : Benchmark (Christensen et al. 2001)
 -- Fields initialized.

 Initialization Complete.
 //////////////////////////////////////

 Timestep has changed from  0.00000E+00 to  1.00000E-04.
 Iteration:  00000001   DeltaT:  1.000E-04   Iter/sec:  0.000E+00
 Timestep has changed from  1.00000E-04 to  4.46409E-06.
 Iteration:  00000002   DeltaT:  4.464E-06   Iter/sec:  3.612E-01
 Iteration:  00000003   DeltaT:  4.464E-06   Iter/sec:  1.999E+00
 Iteration:  00000004   DeltaT:  4.464E-06   Iter/sec:  2.182E+00
 Iteration:  00000005   DeltaT:  4.464E-06   Iter/sec:  2.218E+00
 Iteration:  00000006   DeltaT:  4.464E-06   Iter/sec:  1.972E+00
 Iteration:  00000007   DeltaT:  4.464E-06   Iter/sec:  1.979E+00
 Iteration:  00000008   DeltaT:  4.464E-06   Iter/sec:  2.044E+00
 Iteration:  00000009   DeltaT:  4.464E-06   Iter/sec:  2.204E+00
 Iteration:  00000010   DeltaT:  4.464E-06   Iter/sec:  1.928E+00
 Iteration:  00000011   DeltaT:  4.464E-06   Iter/sec:  1.993E+00
 Iteration:  00000012   DeltaT:  4.464E-06   Iter/sec:  2.008E+00
 Iteration:  00000013   DeltaT:  4.464E-06   Iter/sec:  2.317E+00
 Iteration:  00000014   DeltaT:  4.464E-06   Iter/sec:  1.857E+00
 Iteration:  00000015   DeltaT:  4.464E-06   Iter/sec:  1.973E+00
 Iteration:  00000016   DeltaT:  4.464E-06   Iter/sec:  1.967E+00
 Iteration:  00000017   DeltaT:  4.464E-06   Iter/sec:  2.197E+00
 Iteration:  00000018   DeltaT:  4.464E-06   Iter/sec:  1.919E+00
 Iteration:  00000019   DeltaT:  4.464E-06   Iter/sec:  1.980E+00
 Iteration:  00000020   DeltaT:  4.464E-06   Iter/sec:  2.019E+00
 Iteration:  00000021   DeltaT:  4.464E-06   Iter/sec:  2.206E+00
 Iteration:  00000022   DeltaT:  4.464E-06   Iter/sec:  2.016E+00
 Iteration:  00000023   DeltaT:  4.464E-06   Iter/sec:  1.880E+00
 Iteration:  00000024   DeltaT:  4.464E-06   Iter/sec:  2.013E+00
 Iteration:  00000025   DeltaT:  4.464E-06   Iter/sec:  2.226E+00
 Iteration:  00000026   DeltaT:  4.464E-06   Iter/sec:  1.923E+00
 Iteration:  00000027   DeltaT:  4.464E-06   Iter/sec:  2.012E+00
 Iteration:  00000028   DeltaT:  4.464E-06   Iter/sec:  2.012E+00
 Iteration:  00000029   DeltaT:  4.464E-06   Iter/sec:  2.223E+00
 Iteration:  00000030   DeltaT:  4.464E-06   Iter/sec:  1.941E+00
 Iteration:  00000031   DeltaT:  4.464E-06   Iter/sec:  2.006E+00
 Iteration:  00000032   DeltaT:  4.464E-06   Iter/sec:  1.990E+00
 Iteration:  00000033   DeltaT:  4.464E-06   Iter/sec:  2.313E+00
 Iteration:  00000034   DeltaT:  4.464E-06   Iter/sec:  1.868E+00
 Iteration:  00000035   DeltaT:  4.464E-06   Iter/sec:  1.826E+00
 Iteration:  00000036   DeltaT:  4.464E-06   Iter/sec:  2.113E+00
 Iteration:  00000037   DeltaT:  4.464E-06   Iter/sec:  2.224E+00
 Iteration:  00000038   DeltaT:  4.464E-06   Iter/sec:  1.933E+00
 Iteration:  00000039   DeltaT:  4.464E-06   Iter/sec:  1.983E+00
 Iteration:  00000040   DeltaT:  4.464E-06   Iter/sec:  1.945E+00
 Iteration:  00000041   DeltaT:  4.464E-06   Iter/sec:  2.340E+00
 Iteration:  00000042   DeltaT:  4.464E-06   Iter/sec:  2.066E+00
 Iteration:  00000043   DeltaT:  4.464E-06   Iter/sec:  1.888E+00
 Iteration:  00000044   DeltaT:  4.464E-06   Iter/sec:  2.314E+00
 Iteration:  00000045   DeltaT:  4.464E-06   Iter/sec:  1.902E+00
 Iteration:  00000046   DeltaT:  4.464E-06   Iter/sec:  1.945E+00
 Iteration:  00000047   DeltaT:  4.464E-06   Iter/sec:  1.979E+00
 Iteration:  00000048   DeltaT:  4.464E-06   Iter/sec:  2.241E+00
 Iteration:  00000049   DeltaT:  4.464E-06   Iter/sec:  1.994E+00
 Iteration:  00000050   DeltaT:  4.464E-06   Iter/sec:  1.923E+00


//////////////////////////////////////////////
   Measured Timings for Process 0  (seconds)

 Elapsed time:        27.5064
  Column time:         7.6371
     Row time:         8.5941
Legendre time:         3.3175
     FFT time:         1.0884
   Solve time:         0.2620
    rlma time:         0.1998
    rlmb time:         0.0845
  pspace time:         1.8924
  psolve time:         1.3183
    dphi time:         0.0987
captured time:        24.4927

     iter/sec:         1.8178
//////////////////////////////////////////////
