 //////////////////////////////////////
 Initializating Rayleigh...

 -- Initalizing MPI...
 ---- Specified parameters:
 ---- NCPU  :     16
 ---- NPROW :      4
 ---- NPCOL :      4
 -- MPI initialized.


 -- Initalizing Grid...
 ---- Specified parameters ----
 ---- N_R                 :    128
 ---- N_THETA             :    192
 ---- Ell_MAX             :    127
 ---- R_MIN               :  5.38462E-01
 ---- R_MAX               :  1.53846E+00
 ---- Chebyshev Domains   :      1

        Domain 1
          Grid points           :  128
          Dealiased Polynomials :  85
          Domain Lower Bound    :  5.38462E-01
          Domain Upper Bound    :  1.53846E+00

 -- Grid initialized.

[SHTns 3.4.5] built Apr 19 2021, 13:29:57, id: avx,ishioka
        Lmax=127, Mmax*Mres=127, Mres=1, Nlm=8256  [1 threads, orthonormalized]
[SHTns 3.4.5] built Apr 19 2021, 13:29:57, id: avx,ishioka
        Lmax=127, Mmax*Mres=127, Mres=1, Nlm=8256  [1 threads, orthonormalized]
[SHTns 3.4.5] built Apr 19 2021, 13:29:57, id: avx,ishioka
        Lmax=127, Mmax*Mres=127, Mres=1, Nlm=8256  [1 threads, orthonormalized]
[SHTns 3.4.5] built Apr 19 2021, 13:29:57, id: avx,ishioka
        Lmax=127, Mmax*Mres=127, Mres=1, Nlm=8256  [1 threads, orthonormalized]
[SHTns 3.4.5] built Apr 19 2021, 13:29:57, id: avx,ishioka
        Lmax=127, Mmax*Mres=127, Mres=1, Nlm=8256  [1 threads, orthonormalized]
[SHTns 3.4.5] built Apr 19 2021, 13:29:57, id: avx,ishioka
        Lmax=127, Mmax*Mres=127, Mres=1, Nlm=8256  [1 threads, orthonormalized]
[SHTns 3.4.5] built Apr 19 2021, 13:29:57, id: avx,ishioka
        Lmax=127, Mmax*Mres=127, Mres=1, Nlm=8256  [1 threads, orthonormalized]
[SHTns 3.4.5] built Apr 19 2021, 13:29:57, id: avx,ishioka
        Lmax=127, Mmax*Mres=127, Mres=1, Nlm=8256  [1 threads, orthonormalized]
[SHTns 3.4.5] built Apr 19 2021, 13:29:57, id: avx,ishioka
        Lmax=127, Mmax*Mres=127, Mres=1, Nlm=8256  [1 threads, orthonormalized]
[SHTns 3.4.5] built Apr 19 2021, 13:29:57, id: avx,ishioka
        Lmax=127, Mmax*Mres=127, Mres=1, Nlm=8256  [1 threads, orthonormalized]
[SHTns 3.4.5] built Apr 19 2021, 13:29:57, id: avx,ishioka
        Lmax=127, Mmax*Mres=127, Mres=1, Nlm=8256  [1 threads, orthonormalized]
[SHTns 3.4.5] built Apr 19 2021, 13:29:57, id: avx,ishioka
        Lmax=127, Mmax*Mres=127, Mres=1, Nlm=8256  [1 threads, orthonormalized]
[SHTns 3.4.5] built Apr 19 2021, 13:29:57, id: avx,ishioka
        Lmax=127, Mmax*Mres=127, Mres=1, Nlm=8256  [1 threads, orthonormalized]
[SHTns 3.4.5] built Apr 19 2021, 13:29:57, id: avx,ishioka
        Lmax=127, Mmax*Mres=127, Mres=1, Nlm=8256  [1 threads, orthonormalized]
[SHTns 3.4.5] built Apr 19 2021, 13:29:57, id: avx,ishioka
        Lmax=127, Mmax*Mres=127, Mres=1, Nlm=8256  [1 threads, orthonormalized]
[SHTns 3.4.5] built Apr 19 2021, 13:29:57, id: avx,ishioka
        Lmax=127, Mmax*Mres=127, Mres=1, Nlm=8256  [1 threads, orthonormalized]
        => using FFTW : Mmax=127, Nphi=384, Nlat=192  (data layout : phi_inc=192, theta_inc=1, phi_embed=384)
        => using Gauss nodes
        + polar optimization threshold = 1.0e-08
        finding optimal algorithm        => using FFTW : Mmax=127, Nphi=384, Nlat=192  (data layout : phi_inc=192, theta_inc=1, phi_embed=384)
        => using FFTW : Mmax=127, Nphi=384, Nlat=192  (data layout : phi_inc=192, theta_inc=1, phi_embed=384)
        => using FFTW : Mmax=127, Nphi=384, Nlat=192  (data layout : phi_inc=192, theta_inc=1, phi_embed=384)
        => using FFTW : Mmax=127, Nphi=384, Nlat=192  (data layout : phi_inc=192, theta_inc=1, phi_embed=384)
        => using FFTW : Mmax=127, Nphi=384, Nlat=192  (data layout : phi_inc=192, theta_inc=1, phi_embed=384)
        => using Gauss nodes
        => using FFTW : Mmax=127, Nphi=384, Nlat=192  (data layout : phi_inc=192, theta_inc=1, phi_embed=384)
        => using Gauss nodes
        => using Gauss nodes
        => using FFTW : Mmax=127, Nphi=384, Nlat=192  (data layout : phi_inc=192, theta_inc=1, phi_embed=384)
        => using Gauss nodes
        => using Gauss nodes
        => using FFTW : Mmax=127, Nphi=384, Nlat=192  (data layout : phi_inc=192, theta_inc=1, phi_embed=384)
        => using FFTW : Mmax=127, Nphi=384, Nlat=192  (data layout : phi_inc=192, theta_inc=1, phi_embed=384)
        => using FFTW : Mmax=127, Nphi=384, Nlat=192  (data layout : phi_inc=192, theta_inc=1, phi_embed=384)
        => using Gauss nodes
        => using Gauss nodes
        => using FFTW : Mmax=127, Nphi=384, Nlat=192  (data layout : phi_inc=192, theta_inc=1, phi_embed=384)
        => using Gauss nodes
        => using Gauss nodes
        => using Gauss nodes
        => using Gauss nodes
        + polar optimization threshold = 1.0e-08
        + polar optimization threshold = 1.0e-08
        + polar optimization threshold = 1.0e-08
        + polar optimization threshold = 1.0e-08
        finding optimal algorithm        + polar optimization threshold = 1.0e-08
        + polar optimization threshold = 1.0e-08
        + polar optimization threshold = 1.0e-08
        finding optimal algorithm        finding optimal algorithm        + polar optimization threshold = 1.0e-08
        finding optimal algorithm        finding optimal algorithm        + polar optimization threshold = 1.0e-08
        finding optimal algorithm        + polar optimization threshold = 1.0e-08
        + polar optimization threshold = 1.0e-08
        finding optimal algorithm        finding optimal algorithm        finding optimal algorithm        finding optimal algorithm        => using FFTW : Mmax=127, Nphi=384, Nlat=192  (data layout : phi_inc=192, theta_inc=1, phi_embed=384)
        finding optimal algorithm        => using Gauss nodes
        => using FFTW : Mmax=127, Nphi=384, Nlat=192  (data layout : phi_inc=192, theta_inc=1, phi_embed=384)
.        => using Gauss nodes
        => using FFTW : Mmax=127, Nphi=384, Nlat=192  (data layout : phi_inc=192, theta_inc=1, phi_embed=384)
        => using FFTW : Mmax=127, Nphi=384, Nlat=192  (data layout : phi_inc=192, theta_inc=1, phi_embed=384)
        + polar optimization threshold = 1.0e-08
        finding optimal algorithm        => using Gauss nodes
        => using Gauss nodes
        + polar optimization threshold = 1.0e-08
        + polar optimization threshold = 1.0e-08
        finding optimal algorithm        finding optimal algorithm...        + polar optimization threshold = 1.0e-08
..        finding optimal algorithm...........................................................................................................................................................
        + SHT accuracy = 4.49e-14
        => SHTns is ready.
.
        + SHT accuracy = 4.49e-14
        => SHTns is ready.
.
        + SHT accuracy = 4.49e-14
        => SHTns is ready.
.
.
        + SHT accuracy = 4.49e-14
        => SHTns is ready.
        + SHT accuracy = 4.49e-14
        => SHTns is ready.
.
.
        + SHT accuracy = 4.49e-14
        => SHTns is ready.
.
        + SHT accuracy = 4.49e-14
        => SHTns is ready.
.
        + SHT accuracy = 4.49e-14
        => SHTns is ready.
        + SHT accuracy = 4.49e-14
        => SHTns is ready.
.
.
        + SHT accuracy = 4.49e-14
        => SHTns is ready.
.
        + SHT accuracy = 4.49e-14
        => SHTns is ready.
        + SHT accuracy = 4.49e-14
        => SHTns is ready.
.
.
        + SHT accuracy = 4.49e-14
        => SHTns is ready.
        + SHT accuracy = 4.49e-14
        => SHTns is ready.
.
        + SHT accuracy = 4.49e-14
        => SHTns is ready.
.
        + SHT accuracy = 4.49e-14
        => SHTns is ready.
 -- Initalizing Reference State...
 ---- Specified parameters:
 ---- Reference type           :  Boussinesq (Non-dimensional)
 ---- Rayleigh Number          :  1.00000E+05
 ---- Ekman Number             :  1.00000E-03
 ---- Prandtl Number           :  1.00000E+00
 ---- Magnetic Prandtl Number  :  5.00000E+00
 -- Reference State initialized.

 -- Initializing Fields...
 ---- Specified parameters:
 ---- Hydro Init Type    : Benchmark (Christensen et al. 2001)
 ---- Magnetic Init Type : Benchmark (Christensen et al. 2001)
 -- Fields initialized.

 Initialization Complete.
 //////////////////////////////////////

 Timestep has changed from  0.00000E+00 to  1.00000E-04.
 Iteration:  00000001   DeltaT:  1.000E-04   Iter/sec:  0.000E+00
 Timestep has changed from  1.00000E-04 to  2.55581E-06.
 Iteration:  00000002   DeltaT:  2.556E-06   Iter/sec:  2.695E-01
 Iteration:  00000003   DeltaT:  2.556E-06   Iter/sec:  7.692E-01
 Iteration:  00000004   DeltaT:  2.556E-06   Iter/sec:  8.684E-01
 Iteration:  00000005   DeltaT:  2.556E-06   Iter/sec:  8.715E-01
 Iteration:  00000006   DeltaT:  2.556E-06   Iter/sec:  8.708E-01
 Iteration:  00000007   DeltaT:  2.556E-06   Iter/sec:  8.636E-01
 Iteration:  00000008   DeltaT:  2.556E-06   Iter/sec:  8.723E-01
 Iteration:  00000009   DeltaT:  2.556E-06   Iter/sec:  8.662E-01
 Iteration:  00000010   DeltaT:  2.556E-06   Iter/sec:  8.681E-01
 Iteration:  00000011   DeltaT:  2.556E-06   Iter/sec:  8.674E-01
 Iteration:  00000012   DeltaT:  2.556E-06   Iter/sec:  8.553E-01
 Iteration:  00000013   DeltaT:  2.556E-06   Iter/sec:  8.631E-01
 Iteration:  00000014   DeltaT:  2.556E-06   Iter/sec:  8.732E-01
 Iteration:  00000015   DeltaT:  2.556E-06   Iter/sec:  8.707E-01
 Iteration:  00000016   DeltaT:  2.556E-06   Iter/sec:  8.654E-01
 Iteration:  00000017   DeltaT:  2.556E-06   Iter/sec:  8.690E-01
 Iteration:  00000018   DeltaT:  2.556E-06   Iter/sec:  8.660E-01
 Iteration:  00000019   DeltaT:  2.556E-06   Iter/sec:  8.686E-01
 Iteration:  00000020   DeltaT:  2.556E-06   Iter/sec:  8.727E-01
 Iteration:  00000021   DeltaT:  2.556E-06   Iter/sec:  8.653E-01
 Iteration:  00000022   DeltaT:  2.556E-06   Iter/sec:  8.693E-01
 Iteration:  00000023   DeltaT:  2.556E-06   Iter/sec:  8.697E-01
 Iteration:  00000024   DeltaT:  2.556E-06   Iter/sec:  8.730E-01
 Iteration:  00000025   DeltaT:  2.556E-06   Iter/sec:  8.711E-01
 Iteration:  00000026   DeltaT:  2.556E-06   Iter/sec:  8.699E-01
 Iteration:  00000027   DeltaT:  2.556E-06   Iter/sec:  8.652E-01
 Iteration:  00000028   DeltaT:  2.556E-06   Iter/sec:  8.674E-01
 Iteration:  00000029   DeltaT:  2.556E-06   Iter/sec:  8.699E-01
 Iteration:  00000030   DeltaT:  2.556E-06   Iter/sec:  8.623E-01
 Iteration:  00000031   DeltaT:  2.556E-06   Iter/sec:  8.705E-01
 Iteration:  00000032   DeltaT:  2.556E-06   Iter/sec:  8.711E-01
 Iteration:  00000033   DeltaT:  2.556E-06   Iter/sec:  8.705E-01
 Iteration:  00000034   DeltaT:  2.556E-06   Iter/sec:  8.732E-01
 Iteration:  00000035   DeltaT:  2.556E-06   Iter/sec:  8.737E-01
 Iteration:  00000036   DeltaT:  2.556E-06   Iter/sec:  8.700E-01
 Iteration:  00000037   DeltaT:  2.556E-06   Iter/sec:  8.696E-01
 Iteration:  00000038   DeltaT:  2.556E-06   Iter/sec:  8.710E-01
 Iteration:  00000039   DeltaT:  2.556E-06   Iter/sec:  8.671E-01
 Iteration:  00000040   DeltaT:  2.556E-06   Iter/sec:  8.698E-01
 Iteration:  00000041   DeltaT:  2.556E-06   Iter/sec:  8.661E-01
 Iteration:  00000042   DeltaT:  2.556E-06   Iter/sec:  8.705E-01
 Iteration:  00000043   DeltaT:  2.556E-06   Iter/sec:  8.713E-01
 Iteration:  00000044   DeltaT:  2.556E-06   Iter/sec:  8.637E-01
 Iteration:  00000045   DeltaT:  2.556E-06   Iter/sec:  8.664E-01
 Iteration:  00000046   DeltaT:  2.556E-06   Iter/sec:  8.670E-01
 Iteration:  00000047   DeltaT:  2.556E-06   Iter/sec:  8.620E-01
 Iteration:  00000048   DeltaT:  2.556E-06   Iter/sec:  8.633E-01
 Iteration:  00000049   DeltaT:  2.556E-06   Iter/sec:  8.630E-01
 Iteration:  00000050   DeltaT:  2.556E-06   Iter/sec:  8.653E-01


//////////////////////////////////////////////
   Measured Timings for Process 0  (seconds)

 Elapsed time:        58.3486
  Column time:         3.1421
     Row time:        23.9113
Legendre time:         6.4623
     FFT time:         3.9159
   Solve time:         1.4027
    rlma time:         1.1537
    rlmb time:         0.4014
  pspace time:         9.1870
  psolve time:         6.8950
    dphi time:         0.4751
captured time:        56.9466

     iter/sec:         0.8398
//////////////////////////////////////////////
