 //////////////////////////////////////
 Initializating Rayleigh...

 -- Initalizing MPI...
 ---- Specified parameters:
 ---- NCPU  :    128
 ---- NPROW :     16
 ---- NPCOL :      8
 -- MPI initialized.


 -- Initalizing Grid...
 ---- Specified parameters ----
 ---- N_R                 :    128
 ---- N_THETA             :    384
 ---- Ell_MAX             :    255
 ---- R_MIN               :  5.38462E-01
 ---- R_MAX               :  1.53846E+00
 ---- Chebyshev Domains   :      1

        Domain 1
          Grid points           :  128
          Dealiased Polynomials :  85
          Domain Lower Bound    :  5.38462E-01
          Domain Upper Bound    :  1.53846E+00

[SHTns 3.4.5] built Apr 19 2021, 13:29:57, id: avx,ishioka
        Lmax=255, Mmax*Mres=255, Mres=1, Nlm=32896  [1 threads, orthonormalized]
 -- Grid initialized.

[SHTns 3.4.5] built Apr 19 2021, 13:29:57, id: avx,ishioka
        Lmax=255, Mmax*Mres=255, Mres=1, Nlm=32896  [1 threads, orthonormalized]
[SHTns 3.4.5] built Apr 19 2021, 13:29:57, id: avx,ishioka
        Lmax=255, Mmax*Mres=255, Mres=1, Nlm=32896  [1 threads, orthonormalized]
[SHTns 3.4.5] built Apr 19 2021, 13:29:57, id: avx,ishioka
        Lmax=255, Mmax*Mres=255, Mres=1, Nlm=32896  [1 threads, orthonormalized]
[SHTns 3.4.5] built Apr 19 2021, 13:29:57, id: avx,ishioka
        Lmax=255, Mmax*Mres=255, Mres=1, Nlm=32896  [1 threads, orthonormalized]
[SHTns 3.4.5] built Apr 19 2021, 13:29:57, id: avx,ishioka
        Lmax=255, Mmax*Mres=255, Mres=1, Nlm=32896  [1 threads, orthonormalized]
[SHTns 3.4.5] built Apr 19 2021, 13:29:57, id: avx,ishioka
        [SHTns 3.4.5] built Apr 19 2021, 13:29:57, id: avx,ishioka
        Lmax=255, Mmax*Mres=255, Mres=1, Nlm=32896  [1 threads, orthonormalized]
[SHTns 3.4.5] built Apr 19 2021, 13:29:57, id: avx,ishioka
        Lmax=255, Mmax*Mres=255, Mres=1, Nlm=32896  [1 threads, orthonormalized]
Lmax=255, Mmax*Mres=255, Mres=1, Nlm=32896  [1 threads, orthonormalized]
[SHTns 3.4.5] built Apr 19 2021, 13:29:57, id: avx,ishioka
        Lmax=255, Mmax*Mres=255, Mres=1, Nlm=32896  [1 threads, orthonormalized]
[SHTns 3.4.5] built Apr 19 2021, 13:29:57, id: avx,ishioka
        Lmax=255, Mmax*Mres=255, Mres=1, Nlm=32896  [1 threads, orthonormalized]
[SHTns 3.4.5] built Apr 19 2021, 13:29:57, id: avx,ishioka
        Lmax=255, Mmax*Mres=255, Mres=1, Nlm=32896  [1 threads, orthonormalized]
[SHTns 3.4.5] built Apr 19 2021, 13:29:57, id: avx,ishioka
        [SHTns 3.4.5] built Apr 19 2021, 13:29:57, id: avx,ishioka
        Lmax=255, Mmax*Mres=255, Mres=1, Nlm=32896  [1 threads, orthonormalized]
[SHTns 3.4.5] built Apr 19 2021, 13:29:57, id: avx,ishioka
        Lmax=255, Mmax*Mres=255, Mres=1, Nlm=32896  [1 threads, orthonormalized]
[SHTns 3.4.5] built Apr 19 2021, 13:29:57, id: avx,ishioka
        Lmax=255, Mmax*Mres=255, Mres=1, Nlm=32896  [1 threads, orthonormalized]
Lmax=255, Mmax*Mres=255, Mres=1, Nlm=32896  [1 threads, orthonormalized]
[SHTns 3.4.5] built Apr 19 2021, 13:29:57, id: avx,ishioka
        Lmax=255, Mmax*Mres=255, Mres=1, Nlm=32896  [1 threads, orthonormalized]
[SHTns 3.4.5] built Apr 19 2021, 13:29:57, id: avx,ishioka
        Lmax=255, Mmax*Mres=255, Mres=1, Nlm=32896  [1 threads, orthonormalized]
[SHTns 3.4.5] built Apr 19 2021, 13:29:57, id: avx,ishioka
        Lmax=255, Mmax*Mres=255, Mres=1, Nlm=32896  [1 threads, orthonormalized]
[SHTns 3.4.5] built Apr 19 2021, 13:29:57, id: avx,ishioka
        Lmax=255, Mmax*Mres=255, Mres=1, Nlm=32896  [1 threads, orthonormalized]
[SHTns 3.4.5] built Apr 19 2021, 13:29:57, id: avx,ishioka
        Lmax=255, Mmax*Mres=255, Mres=1, Nlm=32896  [1 threads, orthonormalized]
[SHTns 3.4.5] built Apr 19 2021, 13:29:57, id: avx,ishioka
        Lmax=255, Mmax*Mres=255, Mres=1, Nlm=32896  [1 threads, orthonormalized]
[SHTns 3.4.5] built Apr 19 2021, 13:29:57, id: avx,ishioka
        Lmax=255, Mmax*Mres=255, Mres=1, Nlm=32896  [1 threads, orthonormalized]
[SHTns 3.4.5] built Apr 19 2021, 13:29:57, id: avx,ishioka
        Lmax=255, Mmax*Mres=255, Mres=1, Nlm=32896  [1 threads, orthonormalized]
[SHTns 3.4.5] built Apr 19 2021, 13:29:57, id: avx,ishioka
        Lmax=255, Mmax*Mres=255, Mres=1, Nlm=32896  [1 threads, orthonormalized]
[SHTns 3.4.5] built Apr 19 2021, 13:29:57, id: avx,ishioka
        Lmax=255, Mmax*Mres=255, Mres=1, Nlm=32896  [1 threads, orthonormalized]
[SHTns 3.4.5] built Apr 19 2021, 13:29:57, id: avx,ishioka
        Lmax=255, Mmax*Mres=255, Mres=1, Nlm=32896  [1 threads, orthonormalized]
[SHTns 3.4.5] built Apr 19 2021, 13:29:57, id: avx,ishioka
        Lmax=255, Mmax*Mres=255, Mres=1, Nlm=32896  [1 threads, orthonormalized]
[SHTns 3.4.5] built Apr 19 2021, 13:29:57, id: avx,ishioka
        Lmax=255, Mmax*Mres=255, Mres=1, Nlm=32896  [1 threads, orthonormalized]
[SHTns 3.4.5] built Apr 19 2021, 13:29:57, id: avx,ishioka
        Lmax=255, Mmax*Mres=255, Mres=1, Nlm=32896  [1 threads, orthonormalized]
[SHTns 3.4.5] built Apr 19 2021, 13:29:57, id: avx,ishioka
        Lmax=255, Mmax*Mres=255, Mres=1, Nlm=32896  [1 threads, orthonormalized]
[SHTns 3.4.5] built Apr 19 2021, 13:29:57, id: avx,ishioka
        Lmax=255, Mmax*Mres=255, Mres=1, Nlm=32896  [1 threads, orthonormalized]
[SHTns 3.4.5] built Apr 19 2021, 13:29:57, id: avx,ishioka
        Lmax=255, Mmax*Mres=255, Mres=1, Nlm=32896  [1 threads, orthonormalized]
[SHTns 3.4.5] built Apr 19 2021, 13:29:57, id: avx,ishioka
        Lmax=255, Mmax*Mres=255, Mres=1, Nlm=32896  [1 threads, orthonormalized]
[SHTns 3.4.5] built Apr 19 2021, 13:29:57, id: avx,ishioka
        Lmax=255, Mmax*Mres=255, Mres=1, Nlm=32896  [1 threads, orthonormalized]
[SHTns 3.4.5] built Apr 19 2021, 13:29:57, id: avx,ishioka
        Lmax=255, Mmax*Mres=255, Mres=1, Nlm=32896  [1 threads, orthonormalized]
[SHTns 3.4.5] built Apr 19 2021, 13:29:57, id: avx,ishioka
        Lmax=255, Mmax*Mres=255, Mres=1, Nlm=32896  [1 threads, orthonormalized]
[SHTns 3.4.5] built Apr 19 2021, 13:29:57, id: avx,ishioka
        Lmax=255, Mmax*Mres=255, Mres=1, Nlm=32896  [1 threads, orthonormalized]
[SHTns 3.4.5] built Apr 19 2021, 13:29:57, id: avx,ishioka
        Lmax=255, Mmax*Mres=255, Mres=1, Nlm=32896  [1 threads, orthonormalized]
[SHTns 3.4.5] built Apr 19 2021, 13:29:57, id: avx,ishioka
        Lmax=255, Mmax*Mres=255, Mres=1, Nlm=32896  [1 threads, orthonormalized]
[SHTns 3.4.5] built Apr 19 2021, 13:29:57, id: avx,ishioka
        Lmax=255, Mmax*Mres=255, Mres=1, Nlm=32896  [1 threads, orthonormalized]
[SHTns 3.4.5] built Apr 19 2021, 13:29:57, id: avx,ishioka
        Lmax=255, Mmax*Mres=255, Mres=1, Nlm=32896  [1 threads, orthonormalized]
[SHTns 3.4.5] built Apr 19 2021, 13:29:57, id: avx,ishioka
        Lmax=255, Mmax*Mres=255, Mres=1, Nlm=32896  [1 threads, orthonormalized]
[SHTns 3.4.5] built Apr 19 2021, 13:29:57, id: avx,ishioka
        Lmax=255, Mmax*Mres=255, Mres=1, Nlm=32896  [1 threads, orthonormalized]
[SHTns 3.4.5] built Apr 19 2021, 13:29:57, id: avx,ishioka
        Lmax=255, Mmax*Mres=255, Mres=1, Nlm=32896  [1 threads, orthonormalized]
[SHTns 3.4.5] built Apr 19 2021, 13:29:57, id: avx,ishioka
        Lmax=255, Mmax*Mres=255, Mres=1, Nlm=32896  [1 threads, orthonormalized]
[SHTns 3.4.5] built Apr 19 2021, 13:29:57, id: avx,ishioka
        Lmax=255, Mmax*Mres=255, Mres=1, Nlm=32896  [1 threads, orthonormalized]
[SHTns 3.4.5] built Apr 19 2021, 13:29:57, id: avx,ishioka
        Lmax=255, Mmax*Mres=255, Mres=1, Nlm=32896  [1 threads, orthonormalized]
        => using FFTW : Mmax=255, Nphi=768, Nlat=384  (data layout : phi_inc=384, theta_inc=1, phi_embed=768)
[SHTns 3.4.5] built Apr 19 2021, 13:29:57, id: avx,ishioka
        Lmax=255, Mmax*Mres=255, Mres=1, Nlm=32896  [1 threads, orthonormalized]
[SHTns 3.4.5] built Apr 19 2021, 13:29:57, id: avx,ishioka
        Lmax=255, Mmax*Mres=255, Mres=1, Nlm=32896  [1 threads, orthonormalized]
[SHTns 3.4.5] built Apr 19 2021, 13:29:57, id: avx,ishioka
        Lmax=255, Mmax*Mres=255, Mres=1, Nlm=32896  [1 threads, orthonormalized]
[SHTns 3.4.5] built Apr 19 2021, 13:29:57, id: avx,ishioka
        Lmax=255, Mmax*Mres=255, Mres=1, Nlm=32896  [1 threads, orthonormalized]
[SHTns 3.4.5] built Apr 19 2021, 13:29:57, id: avx,ishioka
        Lmax=255, Mmax*Mres=255, Mres=1, Nlm=32896  [1 threads, orthonormalized]
[SHTns 3.4.5] built Apr 19 2021, 13:29:57, id: avx,ishioka
        Lmax=255, Mmax*Mres=255, Mres=1, Nlm=32896  [1 threads, orthonormalized]
[SHTns 3.4.5] built Apr 19 2021, 13:29:57, id: avx,ishioka
        Lmax=255, Mmax*Mres=255, Mres=1, Nlm=32896  [1 threads, orthonormalized]
        => using Gauss nodes
[SHTns 3.4.5] built Apr 19 2021, 13:29:57, id: avx,ishioka
        Lmax=255, Mmax*Mres=255, Mres=1, Nlm=32896  [1 threads, orthonormalized]
[SHTns 3.4.5] built Apr 19 2021, 13:29:57, id: avx,ishioka
        Lmax=255, Mmax*Mres=255, Mres=1, Nlm=32896  [1 threads, orthonormalized]
[SHTns 3.4.5] built Apr 19 2021, 13:29:57, id: avx,ishioka
        Lmax=255, Mmax*Mres=255, Mres=1, Nlm=32896  [1 threads, orthonormalized]
[SHTns 3.4.5] built Apr 19 2021, 13:29:57, id: avx,ishioka
        Lmax=255, Mmax*Mres=255, Mres=1, Nlm=32896  [1 threads, orthonormalized]
[SHTns 3.4.5] built Apr 19 2021, 13:29:57, id: avx,ishioka
        Lmax=255, Mmax*Mres=255, Mres=1, Nlm=32896  [1 threads, orthonormalized]
[SHTns 3.4.5] built Apr 19 2021, 13:29:57, id: avx,ishioka
        Lmax=255, Mmax*Mres=255, Mres=1, Nlm=32896  [1 threads, orthonormalized]
[SHTns 3.4.5] built Apr 19 2021, 13:29:57, id: avx,ishioka
        Lmax=255, Mmax*Mres=255, Mres=1, Nlm=32896  [1 threads, orthonormalized]
[SHTns 3.4.5] built Apr 19 2021, 13:29:57, id: avx,ishioka
        Lmax=255, Mmax*Mres=255, Mres=1, Nlm=32896  [1 threads, orthonormalized]
[SHTns 3.4.5] built Apr 19 2021, 13:29:57, id: avx,ishioka
        Lmax=255, Mmax*Mres=255, Mres=1, Nlm=32896  [1 threads, orthonormalized]
[SHTns 3.4.5] built Apr 19 2021, 13:29:57, id: avx,ishioka
        Lmax=255, Mmax*Mres=255, Mres=1, Nlm=32896  [1 threads, orthonormalized]
[SHTns 3.4.5] built Apr 19 2021, 13:29:57, id: avx,ishioka
        Lmax=255, Mmax*Mres=255, Mres=1, Nlm=32896  [1 threads, orthonormalized]
[SHTns 3.4.5] built Apr 19 2021, 13:29:57, id: avx,ishioka
        Lmax=255, Mmax*Mres=255, Mres=1, Nlm=32896  [1 threads, orthonormalized]
[SHTns 3.4.5] built Apr 19 2021, 13:29:57, id: avx,ishioka
        Lmax=255, Mmax*Mres=255, Mres=1, Nlm=32896  [1 threads, orthonormalized]
[SHTns 3.4.5] built Apr 19 2021, 13:29:57, id: avx,ishioka
        Lmax=255, Mmax*Mres=255, Mres=1, Nlm=32896  [1 threads, orthonormalized]
[SHTns 3.4.5] built Apr 19 2021, 13:29:57, id: avx,ishioka
        Lmax=255, Mmax*Mres=255, Mres=1, Nlm=32896  [1 threads, orthonormalized]
[SHTns 3.4.5] built Apr 19 2021, 13:29:57, id: avx,ishioka
        Lmax=255, Mmax*Mres=255, Mres=1, Nlm=32896  [1 threads, orthonormalized]
[SHTns 3.4.5] built Apr 19 2021, 13:29:57, id: avx,ishioka
        Lmax=255, Mmax*Mres=255, Mres=1, Nlm=32896  [1 threads, orthonormalized]
[SHTns 3.4.5] built Apr 19 2021, 13:29:57, id: avx,ishioka
        Lmax=255, Mmax*Mres=255, Mres=1, Nlm=32896  [1 threads, orthonormalized]
[SHTns 3.4.5] built Apr 19 2021, 13:29:57, id: avx,ishioka
        Lmax=255, Mmax*Mres=255, Mres=1, Nlm=32896  [1 threads, orthonormalized]
[SHTns 3.4.5] built Apr 19 2021, 13:29:57, id: avx,ishioka
        Lmax=255, Mmax*Mres=255, Mres=1, Nlm=32896  [1 threads, orthonormalized]
[SHTns 3.4.5] built Apr 19 2021, 13:29:57, id: avx,ishioka
        Lmax=255, Mmax*Mres=255, Mres=1, Nlm=32896  [1 threads, orthonormalized]
[SHTns 3.4.5] built Apr 19 2021, 13:29:57, id: avx,ishioka
        Lmax=255, Mmax*Mres=255, Mres=1, Nlm=32896  [1 threads, orthonormalized]
[SHTns 3.4.5] built Apr 19 2021, 13:29:57, id: avx,ishioka
        Lmax=255, Mmax*Mres=255, Mres=1, Nlm=32896  [1 threads, orthonormalized]
[SHTns 3.4.5] built Apr 19 2021, 13:29:57, id: avx,ishioka
        Lmax=255, Mmax*Mres=255, Mres=1, Nlm=32896  [1 threads, orthonormalized]
[SHTns 3.4.5] built Apr 19 2021, 13:29:57, id: avx,ishioka
        Lmax=255, Mmax*Mres=255, Mres=1, Nlm=32896  [1 threads, orthonormalized]
[SHTns 3.4.5] built Apr 19 2021, 13:29:57, id: avx,ishioka
        Lmax=255, Mmax*Mres=255, Mres=1, Nlm=32896  [1 threads, orthonormalized]
[SHTns 3.4.5] built Apr 19 2021, 13:29:57, id: avx,ishioka
        Lmax=255, Mmax*Mres=255, Mres=1, Nlm=32896  [1 threads, orthonormalized]
[SHTns 3.4.5] built Apr 19 2021, 13:29:57, id: avx,ishioka
        Lmax=255, Mmax*Mres=255, Mres=1, Nlm=32896  [1 threads, orthonormalized]
[SHTns 3.4.5] built Apr 19 2021, 13:29:57, id: avx,ishioka
        Lmax=255, Mmax*Mres=255, Mres=1, Nlm=32896  [1 threads, orthonormalized]
[SHTns 3.4.5] built Apr 19 2021, 13:29:57, id: avx,ishioka
        Lmax=255, Mmax*Mres=255, Mres=1, Nlm=32896  [1 threads, orthonormalized]
[SHTns 3.4.5] built Apr 19 2021, 13:29:57, id: avx,ishioka
        Lmax=255, Mmax*Mres=255, Mres=1, Nlm=32896  [1 threads, orthonormalized]
[SHTns 3.4.5] built Apr 19 2021, 13:29:57, id: avx,ishioka
        Lmax=255, Mmax*Mres=255, Mres=1, Nlm=32896  [1 threads, orthonormalized]
[SHTns 3.4.5] built Apr 19 2021, 13:29:57, id: avx,ishioka
        Lmax=255, Mmax*Mres=255, Mres=1, Nlm=32896  [1 threads, orthonormalized]
[SHTns 3.4.5] built Apr 19 2021, 13:29:57, id: avx,ishioka
        Lmax=255, Mmax*Mres=255, Mres=1, Nlm=32896  [1 threads, orthonormalized]
[SHTns 3.4.5] built Apr 19 2021, 13:29:57, id: avx,ishioka
        Lmax=255, Mmax*Mres=255, Mres=1, Nlm=32896  [1 threads, orthonormalized]
[SHTns 3.4.5] built Apr 19 2021, 13:29:57, id: avx,ishioka
        Lmax=255, Mmax*Mres=255, Mres=1, Nlm=32896  [1 threads, orthonormalized]
[SHTns 3.4.5] built Apr 19 2021, 13:29:57, id: avx,ishioka
        Lmax=255, Mmax*Mres=255, Mres=1, Nlm=32896  [1 threads, orthonormalized]
[SHTns 3.4.5] built Apr 19 2021, 13:29:57, id: avx,ishioka
        Lmax=255, Mmax*Mres=255, Mres=1, Nlm=32896  [1 threads, orthonormalized]
[SHTns 3.4.5] built Apr 19 2021, 13:29:57, id: avx,ishioka
        Lmax=255, Mmax*Mres=255, Mres=1, Nlm=32896  [1 threads, orthonormalized]
[SHTns 3.4.5] built Apr 19 2021, 13:29:57, id: avx,ishioka
        Lmax=255, Mmax*Mres=255, Mres=1, Nlm=32896  [1 threads, orthonormalized]
[SHTns 3.4.5] built Apr 19 2021, 13:29:57, id: avx,ishioka
        Lmax=255, Mmax*Mres=255, Mres=1, Nlm=32896  [1 threads, orthonormalized]
[SHTns 3.4.5] built Apr 19 2021, 13:29:57, id: avx,ishioka
        Lmax=255, Mmax*Mres=255, Mres=1, Nlm=32896  [1 threads, orthonormalized]
[SHTns 3.4.5] built Apr 19 2021, 13:29:57, id: avx,ishioka
        Lmax=255, Mmax*Mres=255, Mres=1, Nlm=32896  [1 threads, orthonormalized]
[SHTns 3.4.5] built Apr 19 2021, 13:29:57, id: avx,ishioka
        Lmax=255, Mmax*Mres=255, Mres=1, Nlm=32896  [1 threads, orthonormalized]
[SHTns 3.4.5] built Apr 19 2021, 13:29:57, id: avx,ishioka
        Lmax=255, Mmax*Mres=255, Mres=1, Nlm=32896  [1 threads, orthonormalized]
[SHTns 3.4.5] built Apr 19 2021, 13:29:57, id: avx,ishioka
        Lmax=255, Mmax*Mres=255, Mres=1, Nlm=32896  [1 threads, orthonormalized]
[SHTns 3.4.5] built Apr 19 2021, 13:29:57, id: avx,ishioka
        Lmax=255, Mmax*Mres=255, Mres=1, Nlm=32896  [1 threads, orthonormalized]
[SHTns 3.4.5] built Apr 19 2021, 13:29:57, id: avx,ishioka
        Lmax=255, Mmax*Mres=255, Mres=1, Nlm=32896  [1 threads, orthonormalized]
[SHTns 3.4.5] built Apr 19 2021, 13:29:57, id: avx,ishioka
        Lmax=255, Mmax*Mres=255, Mres=1, Nlm=32896  [1 threads, orthonormalized]
[SHTns 3.4.5] built Apr 19 2021, 13:29:57, id: avx,ishioka
        Lmax=255, Mmax*Mres=255, Mres=1, Nlm=32896  [1 threads, orthonormalized]
[SHTns 3.4.5] built Apr 19 2021, 13:29:57, id: avx,ishioka
        Lmax=255, Mmax*Mres=255, Mres=1, Nlm=32896  [1 threads, orthonormalized]
[SHTns 3.4.5] built Apr 19 2021, 13:29:57, id: avx,ishioka
        Lmax=255, Mmax*Mres=255, Mres=1, Nlm=32896  [1 threads, orthonormalized]
[SHTns 3.4.5] built Apr 19 2021, 13:29:57, id: avx,ishioka
        Lmax=255, Mmax*Mres=255, Mres=1, Nlm=32896  [1 threads, orthonormalized]
[SHTns 3.4.5] built Apr 19 2021, 13:29:57, id: avx,ishioka
        Lmax=255, Mmax*Mres=255, Mres=1, Nlm=32896  [1 threads, orthonormalized]
[SHTns 3.4.5] built Apr 19 2021, 13:29:57, id: avx,ishioka
        Lmax=255, Mmax*Mres=255, Mres=1, Nlm=32896  [1 threads, orthonormalized]
[SHTns 3.4.5] built Apr 19 2021, 13:29:57, id: avx,ishioka
        Lmax=255, Mmax*Mres=255, Mres=1, Nlm=32896  [1 threads, orthonormalized]
[SHTns 3.4.5] built Apr 19 2021, 13:29:57, id: avx,ishioka
        Lmax=255, Mmax*Mres=255, Mres=1, Nlm=32896  [1 threads, orthonormalized]
[SHTns 3.4.5] built Apr 19 2021, 13:29:57, id: avx,ishioka
        Lmax=255, Mmax*Mres=255, Mres=1, Nlm=32896  [1 threads, orthonormalized]
        + polar optimization threshold = 1.0e-08
[SHTns 3.4.5] built Apr 19 2021, 13:29:57, id: avx,ishioka
        Lmax=255, Mmax*Mres=255, Mres=1, Nlm=32896  [1 threads, orthonormalized]
[SHTns 3.4.5] built Apr 19 2021, 13:29:57, id: avx,ishioka
        Lmax=255, Mmax*Mres=255, Mres=1, Nlm=32896  [1 threads, orthonormalized]
[SHTns 3.4.5] built Apr 19 2021, 13:29:57, id: avx,ishioka
        Lmax=255, Mmax*Mres=255, Mres=1, Nlm=32896  [1 threads, orthonormalized]
[SHTns 3.4.5] built Apr 19 2021, 13:29:57, id: avx,ishioka
        Lmax=255, Mmax*Mres=255, Mres=1, Nlm=32896  [1 threads, orthonormalized]
[SHTns 3.4.5] built Apr 19 2021, 13:29:57, id: avx,ishioka
        Lmax=255, Mmax*Mres=255, Mres=1, Nlm=32896  [1 threads, orthonormalized]
[SHTns 3.4.5] built Apr 19 2021, 13:29:57, id: avx,ishioka
        Lmax=255, Mmax*Mres=255, Mres=1, Nlm=32896  [1 threads, orthonormalized]
[SHTns 3.4.5] built Apr 19 2021, 13:29:57, id: avx,ishioka
        Lmax=255, Mmax*Mres=255, Mres=1, Nlm=32896  [1 threads, orthonormalized]
        finding optimal algorithm[SHTns 3.4.5] built Apr 19 2021, 13:29:57, id: avx,ishioka
        Lmax=255, Mmax*Mres=255, Mres=1, Nlm=32896  [1 threads, orthonormalized]
[SHTns 3.4.5] built Apr 19 2021, 13:29:57, id: avx,ishioka
        Lmax=255, Mmax*Mres=255, Mres=1, Nlm=32896  [1 threads, orthonormalized]
[SHTns 3.4.5] built Apr 19 2021, 13:29:57, id: avx,ishioka
        Lmax=255, Mmax*Mres=255, Mres=1, Nlm=32896  [1 threads, orthonormalized]
        => using FFTW : Mmax=255, Nphi=768, Nlat=384  (data layout : phi_inc=384, theta_inc=1, phi_embed=768)
[SHTns 3.4.5] built Apr 19 2021, 13:29:57, id: avx,ishioka
        Lmax=255, Mmax*Mres=255, Mres=1, Nlm=32896  [1 threads, orthonormalized]
[SHTns 3.4.5] built Apr 19 2021, 13:29:57, id: avx,ishioka
        Lmax=255, Mmax*Mres=255, Mres=1, Nlm=32896  [1 threads, orthonormalized]
[SHTns 3.4.5] built Apr 19 2021, 13:29:57, id: avx,ishioka
        Lmax=255, Mmax*Mres=255, Mres=1, Nlm=32896  [1 threads, orthonormalized]
        => using FFTW : Mmax=255, Nphi=768, Nlat=384  (data layout : phi_inc=384, theta_inc=1, phi_embed=768)
        => using FFTW : Mmax=255, Nphi=768, Nlat=384  (data layout : phi_inc=384, theta_inc=1, phi_embed=768)
        => using Gauss nodes
        => using FFTW : Mmax=255, Nphi=768, Nlat=384  (data layout : phi_inc=384, theta_inc=1, phi_embed=768)
        => using FFTW : Mmax=255, Nphi=768, Nlat=384  (data layout : phi_inc=384, theta_inc=1, phi_embed=768)
        => using Gauss nodes
        => using Gauss nodes
        => using FFTW : Mmax=255, Nphi=768, Nlat=384  (data layout : phi_inc=384, theta_inc=1, phi_embed=768)
        => using Gauss nodes
        => using Gauss nodes
        => using Gauss nodes
        => using FFTW : Mmax=255, Nphi=768, Nlat=384  (data layout : phi_inc=384, theta_inc=1, phi_embed=768)
        => using FFTW : Mmax=255, Nphi=768, Nlat=384  (data layout : phi_inc=384, theta_inc=1, phi_embed=768)
        => using Gauss nodes
        => using FFTW : Mmax=255, Nphi=768, Nlat=384  (data layout : phi_inc=384, theta_inc=1, phi_embed=768)
        => using FFTW : Mmax=255, Nphi=768, Nlat=384  (data layout : phi_inc=384, theta_inc=1, phi_embed=768)
        => using Gauss nodes
        => using FFTW : Mmax=255, Nphi=768, Nlat=384  (data layout : phi_inc=384, theta_inc=1, phi_embed=768)
        => using FFTW : Mmax=255, Nphi=768, Nlat=384  (data layout : phi_inc=384, theta_inc=1, phi_embed=768)
        => using Gauss nodes
        => using Gauss nodes
        => using FFTW : Mmax=255, Nphi=768, Nlat=384  (data layout : phi_inc=384, theta_inc=1, phi_embed=768)
        => using Gauss nodes
        => using Gauss nodes
        => using FFTW : Mmax=255, Nphi=768, Nlat=384  (data layout : phi_inc=384, theta_inc=1, phi_embed=768)
        => using Gauss nodes
        => using FFTW : Mmax=255, Nphi=768, Nlat=384  (data layout : phi_inc=384, theta_inc=1, phi_embed=768)
        => using Gauss nodes
        => using FFTW : Mmax=255, Nphi=768, Nlat=384  (data layout : phi_inc=384, theta_inc=1, phi_embed=768)
        => using FFTW : Mmax=255, Nphi=768, Nlat=384  (data layout : phi_inc=384, theta_inc=1, phi_embed=768)
        => using FFTW : Mmax=255, Nphi=768, Nlat=384  (data layout : phi_inc=384, theta_inc=1, phi_embed=768)
        => using Gauss nodes
        + polar optimization threshold = 1.0e-08
        => using Gauss nodes
        => using Gauss nodes
        + polar optimization threshold = 1.0e-08
        + polar optimization threshold = 1.0e-08
        + polar optimization threshold = 1.0e-08
        + polar optimization threshold = 1.0e-08
        => using FFTW : Mmax=255, Nphi=768, Nlat=384  (data layout : phi_inc=384, theta_inc=1, phi_embed=768)
        => using Gauss nodes
        + polar optimization threshold = 1.0e-08
        => using FFTW : Mmax=255, Nphi=768, Nlat=384  (data layout : phi_inc=384, theta_inc=1, phi_embed=768)
        => using FFTW : Mmax=255, Nphi=768, Nlat=384  (data layout : phi_inc=384, theta_inc=1, phi_embed=768)
        => using FFTW : Mmax=255, Nphi=768, Nlat=384  (data layout : phi_inc=384, theta_inc=1, phi_embed=768)
        => using Gauss nodes
        finding optimal algorithm        => using Gauss nodes
        finding optimal algorithm        => using Gauss nodes
        finding optimal algorithm        => using Gauss nodes
        finding optimal algorithm        finding optimal algorithm        => using FFTW : Mmax=255, Nphi=768, Nlat=384  (data layout : phi_inc=384, theta_inc=1, phi_embed=768)
        => using FFTW : Mmax=255, Nphi=768, Nlat=384  (data layout : phi_inc=384, theta_inc=1, phi_embed=768)
        finding optimal algorithm        + polar optimization threshold = 1.0e-08
        => using Gauss nodes
        => using Gauss nodes
        + polar optimization threshold = 1.0e-08
        => using FFTW : Mmax=255, Nphi=768, Nlat=384  (data layout : phi_inc=384, theta_inc=1, phi_embed=768)
        => using FFTW : Mmax=255, Nphi=768, Nlat=384  (data layout : phi_inc=384, theta_inc=1, phi_embed=768)
        => using FFTW : Mmax=255, Nphi=768, Nlat=384  (data layout : phi_inc=384, theta_inc=1, phi_embed=768)
        => using FFTW : Mmax=255, Nphi=768, Nlat=384  (data layout : phi_inc=384, theta_inc=1, phi_embed=768)
        => using FFTW : Mmax=255, Nphi=768, Nlat=384  (data layout : phi_inc=384, theta_inc=1, phi_embed=768)
        => using FFTW : Mmax=255, Nphi=768, Nlat=384  (data layout : phi_inc=384, theta_inc=1, phi_embed=768)
        => using FFTW : Mmax=255, Nphi=768, Nlat=384  (data layout : phi_inc=384, theta_inc=1, phi_embed=768)
        => using Gauss nodes
        => using Gauss nodes
        => using FFTW : Mmax=255, Nphi=768, Nlat=384  (data layout : phi_inc=384, theta_inc=1, phi_embed=768)
        finding optimal algorithm        => using Gauss nodes
        => using Gauss nodes
        => using Gauss nodes
        => using Gauss nodes
        => using Gauss nodes
        finding optimal algorithm        => using FFTW : Mmax=255, Nphi=768, Nlat=384  (data layout : phi_inc=384, theta_inc=1, phi_embed=768)
        => using FFTW : Mmax=255, Nphi=768, Nlat=384  (data layout : phi_inc=384, theta_inc=1, phi_embed=768)
        => using Gauss nodes
        => using FFTW : Mmax=255, Nphi=768, Nlat=384  (data layout : phi_inc=384, theta_inc=1, phi_embed=768)
        + polar optimization threshold = 1.0e-08
        => using FFTW : Mmax=255, Nphi=768, Nlat=384  (data layout : phi_inc=384, theta_inc=1, phi_embed=768)
        => using FFTW : Mmax=255, Nphi=768, Nlat=384  (data layout : phi_inc=384, theta_inc=1, phi_embed=768)
        => using FFTW : Mmax=255, Nphi=768, Nlat=384  (data layout : phi_inc=384, theta_inc=1, phi_embed=768)
        => using FFTW : Mmax=255, Nphi=768, Nlat=384  (data layout : phi_inc=384, theta_inc=1, phi_embed=768)
        => using FFTW : Mmax=255, Nphi=768, Nlat=384  (data layout : phi_inc=384, theta_inc=1, phi_embed=768)
        => using FFTW : Mmax=255, Nphi=768, Nlat=384  (data layout : phi_inc=384, theta_inc=1, phi_embed=768)
        => using FFTW : Mmax=255, Nphi=768, Nlat=384  (data layout : phi_inc=384, theta_inc=1, phi_embed=768)
        => using FFTW : Mmax=255, Nphi=768, Nlat=384  (data layout : phi_inc=384, theta_inc=1, phi_embed=768)
        => using FFTW : Mmax=255, Nphi=768, Nlat=384  (data layout : phi_inc=384, theta_inc=1, phi_embed=768)
        => using Gauss nodes
        => using FFTW : Mmax=255, Nphi=768, Nlat=384  (data layout : phi_inc=384, theta_inc=1, phi_embed=768)
        => using FFTW : Mmax=255, Nphi=768, Nlat=384  (data layout : phi_inc=384, theta_inc=1, phi_embed=768)
        => using FFTW : Mmax=255, Nphi=768, Nlat=384  (data layout : phi_inc=384, theta_inc=1, phi_embed=768)
        => using FFTW : Mmax=255, Nphi=768, Nlat=384  (data layout : phi_inc=384, theta_inc=1, phi_embed=768)
        => using FFTW : Mmax=255, Nphi=768, Nlat=384  (data layout : phi_inc=384, theta_inc=1, phi_embed=768)
        => using Gauss nodes
        => using Gauss nodes
        => using Gauss nodes
        => using FFTW : Mmax=255, Nphi=768, Nlat=384  (data layout : phi_inc=384, theta_inc=1, phi_embed=768)
        => using Gauss nodes
        => using Gauss nodes
        => using FFTW : Mmax=255, Nphi=768, Nlat=384  (data layout : phi_inc=384, theta_inc=1, phi_embed=768)
        => using FFTW : Mmax=255, Nphi=768, Nlat=384  (data layout : phi_inc=384, theta_inc=1, phi_embed=768)
        => using FFTW : Mmax=255, Nphi=768, Nlat=384  (data layout : phi_inc=384, theta_inc=1, phi_embed=768)
        => using Gauss nodes
        => using Gauss nodes
        => using Gauss nodes
        => using FFTW : Mmax=255, Nphi=768, Nlat=384  (data layout : phi_inc=384, theta_inc=1, phi_embed=768)
        => using FFTW : Mmax=255, Nphi=768, Nlat=384  (data layout : phi_inc=384, theta_inc=1, phi_embed=768)
        => using Gauss nodes
        => using FFTW : Mmax=255, Nphi=768, Nlat=384  (data layout : phi_inc=384, theta_inc=1, phi_embed=768)
        => using FFTW : Mmax=255, Nphi=768, Nlat=384  (data layout : phi_inc=384, theta_inc=1, phi_embed=768)
        => using FFTW : Mmax=255, Nphi=768, Nlat=384  (data layout : phi_inc=384, theta_inc=1, phi_embed=768)
        => using Gauss nodes
        => using FFTW : Mmax=255, Nphi=768, Nlat=384  (data layout : phi_inc=384, theta_inc=1, phi_embed=768)
        => using Gauss nodes
        => using Gauss nodes
        => using FFTW : Mmax=255, Nphi=768, Nlat=384  (data layout : phi_inc=384, theta_inc=1, phi_embed=768)
        => using FFTW : Mmax=255, Nphi=768, Nlat=384  (data layout : phi_inc=384, theta_inc=1, phi_embed=768)
        + polar optimization threshold = 1.0e-08
        => using Gauss nodes
        => using Gauss nodes
        => using FFTW : Mmax=255, Nphi=768, Nlat=384  (data layout : phi_inc=384, theta_inc=1, phi_embed=768)
        => using FFTW : Mmax=255, Nphi=768, Nlat=384  (data layout : phi_inc=384, theta_inc=1, phi_embed=768)
        + polar optimization threshold = 1.0e-08
        => using Gauss nodes
        => using Gauss nodes
        => using Gauss nodes
        => using FFTW : Mmax=255, Nphi=768, Nlat=384  (data layout : phi_inc=384, theta_inc=1, phi_embed=768)
        finding optimal algorithm        => using Gauss nodes
        => using Gauss nodes
        => using FFTW : Mmax=255, Nphi=768, Nlat=384  (data layout : phi_inc=384, theta_inc=1, phi_embed=768)
        => using FFTW : Mmax=255, Nphi=768, Nlat=384  (data layout : phi_inc=384, theta_inc=1, phi_embed=768)
        + polar optimization threshold = 1.0e-08
        => using FFTW : Mmax=255, Nphi=768, Nlat=384  (data layout : phi_inc=384, theta_inc=1, phi_embed=768)
        => using Gauss nodes
        => using Gauss nodes
        => using Gauss nodes
        => using FFTW : Mmax=255, Nphi=768, Nlat=384  (data layout : phi_inc=384, theta_inc=1, phi_embed=768)
        => using Gauss nodes
        => using Gauss nodes
        => using Gauss nodes
        => using FFTW : Mmax=255, Nphi=768, Nlat=384  (data layout : phi_inc=384, theta_inc=1, phi_embed=768)
        => using Gauss nodes
        => using FFTW : Mmax=255, Nphi=768, Nlat=384  (data layout : phi_inc=384, theta_inc=1, phi_embed=768)
        => using Gauss nodes
        => using Gauss nodes
        => using Gauss nodes
        => using FFTW : Mmax=255, Nphi=768, Nlat=384  (data layout : phi_inc=384, theta_inc=1, phi_embed=768)
        + polar optimization threshold = 1.0e-08
        => using Gauss nodes
        => using Gauss nodes
        + polar optimization threshold = 1.0e-08
        => using Gauss nodes
        => using Gauss nodes
        finding optimal algorithm        => using FFTW : Mmax=255, Nphi=768, Nlat=384  (data layout : phi_inc=384, theta_inc=1, phi_embed=768)
        => using FFTW : Mmax=255, Nphi=768, Nlat=384  (data layout : phi_inc=384, theta_inc=1, phi_embed=768)
        + polar optimization threshold = 1.0e-08
        => using FFTW : Mmax=255, Nphi=768, Nlat=384  (data layout : phi_inc=384, theta_inc=1, phi_embed=768)
        => using FFTW : Mmax=255, Nphi=768, Nlat=384  (data layout : phi_inc=384, theta_inc=1, phi_embed=768)
        => using FFTW : Mmax=255, Nphi=768, Nlat=384  (data layout : phi_inc=384, theta_inc=1, phi_embed=768)
        finding optimal algorithm        => using FFTW : Mmax=255, Nphi=768, Nlat=384  (data layout : phi_inc=384, theta_inc=1, phi_embed=768)
        => using FFTW : Mmax=255, Nphi=768, Nlat=384  (data layout : phi_inc=384, theta_inc=1, phi_embed=768)
        + polar optimization threshold = 1.0e-08
        + polar optimization threshold = 1.0e-08
        => using FFTW : Mmax=255, Nphi=768, Nlat=384  (data layout : phi_inc=384, theta_inc=1, phi_embed=768)
        => using FFTW : Mmax=255, Nphi=768, Nlat=384  (data layout : phi_inc=384, theta_inc=1, phi_embed=768)
        => using Gauss nodes
        finding optimal algorithm        => using FFTW : Mmax=255, Nphi=768, Nlat=384  (data layout : phi_inc=384, theta_inc=1, phi_embed=768)
        => using FFTW : Mmax=255, Nphi=768, Nlat=384  (data layout : phi_inc=384, theta_inc=1, phi_embed=768)
        => using Gauss nodes
        => using FFTW : Mmax=255, Nphi=768, Nlat=384  (data layout : phi_inc=384, theta_inc=1, phi_embed=768)
        => using Gauss nodes
        => using FFTW : Mmax=255, Nphi=768, Nlat=384  (data layout : phi_inc=384, theta_inc=1, phi_embed=768)
        => using Gauss nodes
        => using FFTW : Mmax=255, Nphi=768, Nlat=384  (data layout : phi_inc=384, theta_inc=1, phi_embed=768)
        => using FFTW : Mmax=255, Nphi=768, Nlat=384  (data layout : phi_inc=384, theta_inc=1, phi_embed=768)
        => using Gauss nodes
        => using FFTW : Mmax=255, Nphi=768, Nlat=384  (data layout : phi_inc=384, theta_inc=1, phi_embed=768)
        => using FFTW : Mmax=255, Nphi=768, Nlat=384  (data layout : phi_inc=384, theta_inc=1, phi_embed=768)
        + polar optimization threshold = 1.0e-08
        => using FFTW : Mmax=255, Nphi=768, Nlat=384  (data layout : phi_inc=384, theta_inc=1, phi_embed=768)
        => using FFTW : Mmax=255, Nphi=768, Nlat=384  (data layout : phi_inc=384, theta_inc=1, phi_embed=768)
        => using Gauss nodes
        => using FFTW : Mmax=255, Nphi=768, Nlat=384  (data layout : phi_inc=384, theta_inc=1, phi_embed=768)
        => using FFTW : Mmax=255, Nphi=768, Nlat=384  (data layout : phi_inc=384, theta_inc=1, phi_embed=768)
        => using Gauss nodes
        => using Gauss nodes
        + polar optimization threshold = 1.0e-08
        => using FFTW : Mmax=255, Nphi=768, Nlat=384  (data layout : phi_inc=384, theta_inc=1, phi_embed=768)
        => using FFTW : Mmax=255, Nphi=768, Nlat=384  (data layout : phi_inc=384, theta_inc=1, phi_embed=768)
        => using Gauss nodes
        => using FFTW : Mmax=255, Nphi=768, Nlat=384  (data layout : phi_inc=384, theta_inc=1, phi_embed=768)
        + polar optimization threshold = 1.0e-08
        => using FFTW : Mmax=255, Nphi=768, Nlat=384  (data layout : phi_inc=384, theta_inc=1, phi_embed=768)
        => using Gauss nodes
        finding optimal algorithm        + polar optimization threshold = 1.0e-08
        finding optimal algorithm        => using Gauss nodes
        + polar optimization threshold = 1.0e-08
        => using FFTW : Mmax=255, Nphi=768, Nlat=384  (data layout : phi_inc=384, theta_inc=1, phi_embed=768)
        => using FFTW : Mmax=255, Nphi=768, Nlat=384  (data layout : phi_inc=384, theta_inc=1, phi_embed=768)
        finding optimal algorithm        => using Gauss nodes
        => using Gauss nodes
        => using Gauss nodes
        => using FFTW : Mmax=255, Nphi=768, Nlat=384  (data layout : phi_inc=384, theta_inc=1, phi_embed=768)
        finding optimal algorithm        => using Gauss nodes
        finding optimal algorithm        + polar optimization threshold = 1.0e-08
        => using FFTW : Mmax=255, Nphi=768, Nlat=384  (data layout : phi_inc=384, theta_inc=1, phi_embed=768)
        finding optimal algorithm        => using Gauss nodes
        + polar optimization threshold = 1.0e-08
        => using Gauss nodes
        => using FFTW : Mmax=255, Nphi=768, Nlat=384  (data layout : phi_inc=384, theta_inc=1, phi_embed=768)
        => using Gauss nodes
        + polar optimization threshold = 1.0e-08
        => using Gauss nodes
        => using Gauss nodes
        => using Gauss nodes
        => using FFTW : Mmax=255, Nphi=768, Nlat=384  (data layout : phi_inc=384, theta_inc=1, phi_embed=768)
        => using Gauss nodes
        => using Gauss nodes
        => using Gauss nodes
        + polar optimization threshold = 1.0e-08
        => using Gauss nodes
        => using Gauss nodes
        => using Gauss nodes
        + polar optimization threshold = 1.0e-08
        => using FFTW : Mmax=255, Nphi=768, Nlat=384  (data layout : phi_inc=384, theta_inc=1, phi_embed=768)
        => using FFTW : Mmax=255, Nphi=768, Nlat=384  (data layout : phi_inc=384, theta_inc=1, phi_embed=768)
        => using Gauss nodes
        + polar optimization threshold = 1.0e-08
        => using Gauss nodes
        => using FFTW : Mmax=255, Nphi=768, Nlat=384  (data layout : phi_inc=384, theta_inc=1, phi_embed=768)
        finding optimal algorithm        => using Gauss nodes
        finding optimal algorithm        => using Gauss nodes
        => using Gauss nodes
        => using FFTW : Mmax=255, Nphi=768, Nlat=384  (data layout : phi_inc=384, theta_inc=1, phi_embed=768)
        + polar optimization threshold = 1.0e-08
        => using Gauss nodes
        => using FFTW : Mmax=255, Nphi=768, Nlat=384  (data layout : phi_inc=384, theta_inc=1, phi_embed=768)
        => using Gauss nodes
        finding optimal algorithm        => using Gauss nodes
        => using FFTW : Mmax=255, Nphi=768, Nlat=384  (data layout : phi_inc=384, theta_inc=1, phi_embed=768)
        => using FFTW : Mmax=255, Nphi=768, Nlat=384  (data layout : phi_inc=384, theta_inc=1, phi_embed=768)
        + polar optimization threshold = 1.0e-08
        + polar optimization threshold = 1.0e-08
        => using FFTW : Mmax=255, Nphi=768, Nlat=384  (data layout : phi_inc=384, theta_inc=1, phi_embed=768)
        => using Gauss nodes
        => using Gauss nodes
        => using FFTW : Mmax=255, Nphi=768, Nlat=384  (data layout : phi_inc=384, theta_inc=1, phi_embed=768)
        => using FFTW : Mmax=255, Nphi=768, Nlat=384  (data layout : phi_inc=384, theta_inc=1, phi_embed=768)
        finding optimal algorithm        => using Gauss nodes
        => using FFTW : Mmax=255, Nphi=768, Nlat=384  (data layout : phi_inc=384, theta_inc=1, phi_embed=768)
        finding optimal algorithm        finding optimal algorithm        => using Gauss nodes
        => using FFTW : Mmax=255, Nphi=768, Nlat=384  (data layout : phi_inc=384, theta_inc=1, phi_embed=768)
        => using Gauss nodes
        + polar optimization threshold = 1.0e-08
        => using Gauss nodes
        => using Gauss nodes
        finding optimal algorithm        finding optimal algorithm        => using FFTW : Mmax=255, Nphi=768, Nlat=384  (data layout : phi_inc=384, theta_inc=1, phi_embed=768)
        => using FFTW : Mmax=255, Nphi=768, Nlat=384  (data layout : phi_inc=384, theta_inc=1, phi_embed=768)
        finding optimal algorithm        => using FFTW : Mmax=255, Nphi=768, Nlat=384  (data layout : phi_inc=384, theta_inc=1, phi_embed=768)
        + polar optimization threshold = 1.0e-08
        => using FFTW : Mmax=255, Nphi=768, Nlat=384  (data layout : phi_inc=384, theta_inc=1, phi_embed=768)
        finding optimal algorithm        + polar optimization threshold = 1.0e-08
        => using FFTW : Mmax=255, Nphi=768, Nlat=384  (data layout : phi_inc=384, theta_inc=1, phi_embed=768)
        => using Gauss nodes
        finding optimal algorithm        finding optimal algorithm        + polar optimization threshold = 1.0e-08
        => using Gauss nodes
        finding optimal algorithm        => using Gauss nodes
        => using Gauss nodes
        => using Gauss nodes
        + polar optimization threshold = 1.0e-08
        => using Gauss nodes
        => using Gauss nodes
        + polar optimization threshold = 1.0e-08
        => using FFTW : Mmax=255, Nphi=768, Nlat=384  (data layout : phi_inc=384, theta_inc=1, phi_embed=768)
        => using Gauss nodes
        + polar optimization threshold = 1.0e-08
        => using FFTW : Mmax=255, Nphi=768, Nlat=384  (data layout : phi_inc=384, theta_inc=1, phi_embed=768)
        + polar optimization threshold = 1.0e-08
        + polar optimization threshold = 1.0e-08
        => using FFTW : Mmax=255, Nphi=768, Nlat=384  (data layout : phi_inc=384, theta_inc=1, phi_embed=768)
        + polar optimization threshold = 1.0e-08
        + polar optimization threshold = 1.0e-08
        => using Gauss nodes
        + polar optimization threshold = 1.0e-08
        + polar optimization threshold = 1.0e-08
        => using FFTW : Mmax=255, Nphi=768, Nlat=384  (data layout : phi_inc=384, theta_inc=1, phi_embed=768)
        + polar optimization threshold = 1.0e-08
        + polar optimization threshold = 1.0e-08
        finding optimal algorithm        => using Gauss nodes
        + polar optimization threshold = 1.0e-08
        + polar optimization threshold = 1.0e-08
        + polar optimization threshold = 1.0e-08
        => using Gauss nodes
        finding optimal algorithm        + polar optimization threshold = 1.0e-08
        finding optimal algorithm        + polar optimization threshold = 1.0e-08
        finding optimal algorithm        finding optimal algorithm        => using Gauss nodes
        finding optimal algorithm        => using Gauss nodes
        finding optimal algorithm        => using Gauss nodes
        => using Gauss nodes
        => using FFTW : Mmax=255, Nphi=768, Nlat=384  (data layout : phi_inc=384, theta_inc=1, phi_embed=768)
        + polar optimization threshold = 1.0e-08
        + polar optimization threshold = 1.0e-08
        finding optimal algorithm        finding optimal algorithm        finding optimal algorithm        finding optimal algorithm        => using FFTW : Mmax=255, Nphi=768, Nlat=384  (data layout : phi_inc=384, theta_inc=1, phi_embed=768)
        finding optimal algorithm        finding optimal algorithm        finding optimal algorithm        finding optimal algorithm        + polar optimization threshold = 1.0e-08
        finding optimal algorithm        finding optimal algorithm        + polar optimization threshold = 1.0e-08
        finding optimal algorithm        finding optimal algorithm        + polar optimization threshold = 1.0e-08
        => using Gauss nodes
        finding optimal algorithm        + polar optimization threshold = 1.0e-08
        => using Gauss nodes
        + polar optimization threshold = 1.0e-08
        finding optimal algorithm        + polar optimization threshold = 1.0e-08
        finding optimal algorithm        + polar optimization threshold = 1.0e-08
        + polar optimization threshold = 1.0e-08
        + polar optimization threshold = 1.0e-08
        + polar optimization threshold = 1.0e-08
        + polar optimization threshold = 1.0e-08
        + polar optimization threshold = 1.0e-08
        + polar optimization threshold = 1.0e-08
        + polar optimization threshold = 1.0e-08
        + polar optimization threshold = 1.0e-08
        + polar optimization threshold = 1.0e-08
        finding optimal algorithm        + polar optimization threshold = 1.0e-08
        + polar optimization threshold = 1.0e-08
        + polar optimization threshold = 1.0e-08
        finding optimal algorithm        + polar optimization threshold = 1.0e-08
        finding optimal algorithm        finding optimal algorithm        finding optimal algorithm        finding optimal algorithm        finding optimal algorithm        + polar optimization threshold = 1.0e-08
        finding optimal algorithm        + polar optimization threshold = 1.0e-08
        + polar optimization threshold = 1.0e-08
        finding optimal algorithm        + polar optimization threshold = 1.0e-08
        + polar optimization threshold = 1.0e-08
        + polar optimization threshold = 1.0e-08
        + polar optimization threshold = 1.0e-08
        finding optimal algorithm        + polar optimization threshold = 1.0e-08
        + polar optimization threshold = 1.0e-08
        finding optimal algorithm        + polar optimization threshold = 1.0e-08
        finding optimal algorithm        + polar optimization threshold = 1.0e-08
        + polar optimization threshold = 1.0e-08
        + polar optimization threshold = 1.0e-08
        + polar optimization threshold = 1.0e-08
        + polar optimization threshold = 1.0e-08
        + polar optimization threshold = 1.0e-08
        + polar optimization threshold = 1.0e-08
        + polar optimization threshold = 1.0e-08
        finding optimal algorithm        finding optimal algorithm        + polar optimization threshold = 1.0e-08
        finding optimal algorithm        + polar optimization threshold = 1.0e-08
        + polar optimization threshold = 1.0e-08
        finding optimal algorithm        finding optimal algorithm        finding optimal algorithm        finding optimal algorithm        finding optimal algorithm        finding optimal algorithm        + polar optimization threshold = 1.0e-08
        + polar optimization threshold = 1.0e-08
        finding optimal algorithm        + polar optimization threshold = 1.0e-08
        finding optimal algorithm        finding optimal algorithm        + polar optimization threshold = 1.0e-08
        finding optimal algorithm        + polar optimization threshold = 1.0e-08
        + polar optimization threshold = 1.0e-08
        + polar optimization threshold = 1.0e-08
        + polar optimization threshold = 1.0e-08
        finding optimal algorithm        + polar optimization threshold = 1.0e-08
        + polar optimization threshold = 1.0e-08
        finding optimal algorithm        + polar optimization threshold = 1.0e-08
        + polar optimization threshold = 1.0e-08
        finding optimal algorithm        finding optimal algorithm        finding optimal algorithm        finding optimal algorithm        finding optimal algorithm        + polar optimization threshold = 1.0e-08
        finding optimal algorithm        + polar optimization threshold = 1.0e-08
        finding optimal algorithm        + polar optimization threshold = 1.0e-08
        finding optimal algorithm        + polar optimization threshold = 1.0e-08
        + polar optimization threshold = 1.0e-08
        finding optimal algorithm        finding optimal algorithm        finding optimal algorithm        finding optimal algorithm        finding optimal algorithm        + polar optimization threshold = 1.0e-08
        + polar optimization threshold = 1.0e-08
        finding optimal algorithm        + polar optimization threshold = 1.0e-08
        + polar optimization threshold = 1.0e-08
        finding optimal algorithm        + polar optimization threshold = 1.0e-08
        finding optimal algorithm        finding optimal algorithm        + polar optimization threshold = 1.0e-08
        + polar optimization threshold = 1.0e-08
        finding optimal algorithm        finding optimal algorithm        + polar optimization threshold = 1.0e-08
        finding optimal algorithm        + polar optimization threshold = 1.0e-08
        finding optimal algorithm        + polar optimization threshold = 1.0e-08
        finding optimal algorithm        finding optimal algorithm        finding optimal algorithm        finding optimal algorithm        finding optimal algorithm        finding optimal algorithm        finding optimal algorithm        finding optimal algorithm        finding optimal algorithm        finding optimal algorithm        finding optimal algorithm        finding optimal algorithm        + polar optimization threshold = 1.0e-08
        finding optimal algorithm        finding optimal algorithm        + polar optimization threshold = 1.0e-08
        finding optimal algorithm        finding optimal algorithm        finding optimal algorithm        finding optimal algorithm        finding optimal algorithm        finding optimal algorithm        + polar optimization threshold = 1.0e-08
        finding optimal algorithm        finding optimal algorithm        finding optimal algorithm.        + polar optimization threshold = 1.0e-08
        finding optimal algorithm.............................................................................................................................[SHTns 3.4.5] built Apr 19 2021, 13:29:57, id: avx,ishioka
        Lmax=255, Mmax*Mres=255, Mres=1, Nlm=32896  [1 threads, orthonormalized]
[SHTns 3.4.5] built Apr 19 2021, 13:29:57, id: avx,ishioka
        Lmax=255, Mmax*Mres=255, Mres=1, Nlm=32896  [1 threads, orthonormalized]
......        => using FFTW : Mmax=255, Nphi=768, Nlat=384  (data layout : phi_inc=384, theta_inc=1, phi_embed=768)
        => using FFTW : Mmax=255, Nphi=768, Nlat=384  (data layout : phi_inc=384, theta_inc=1, phi_embed=768)
        => using Gauss nodes
        => using Gauss nodes
.......................        + polar optimization threshold = 1.0e-08
        + polar optimization threshold = 1.0e-08
....        finding optimal algorithm        finding optimal algorithm..................................................................................................................................................................................................................................................................................................................................................................................................................................................................................................
        + SHT accuracy = 1.53e-12
        => SHTns is ready.
.
        + SHT accuracy = 1.53e-12
        => SHTns is ready.
.
.
        + SHT accuracy = 1.53e-12
        => SHTns is ready.
        + SHT accuracy = 1.53e-12
        => SHTns is ready.
.
        + SHT accuracy = 1.53e-12
        => SHTns is ready.
.
.
.
.
.
.
.
        + SHT accuracy = 1.53e-12
        => SHTns is ready.
        + SHT accuracy = 1.53e-12
        => SHTns is ready.
.
        + SHT accuracy = 1.53e-12
        => SHTns is ready.
        + SHT accuracy = 1.53e-12
        => SHTns is ready.
.
        + SHT accuracy = 1.53e-12
        => SHTns is ready.
        + SHT accuracy = 1.53e-12
        => SHTns is ready.
.
        + SHT accuracy = 1.53e-12
        => SHTns is ready.
.
.
.
        + SHT accuracy = 1.53e-12
        => SHTns is ready.
.
.
.
.
.
.
        + SHT accuracy = 1.53e-12
        => SHTns is ready.
.
.
.
.
        + SHT accuracy = 1.53e-12
        => SHTns is ready.
.
.
.
.
        + SHT accuracy = 1.53e-12
        => SHTns is ready.
        + SHT accuracy = 1.53e-12
        => SHTns is ready.
.
        + SHT accuracy = 1.53e-12
        => SHTns is ready.
.
        + SHT accuracy = 1.53e-12
        => SHTns is ready.
.
.
        + SHT accuracy = 1.53e-12
        => SHTns is ready.
.
        + SHT accuracy = 1.53e-12
        => SHTns is ready.
        + SHT accuracy = 1.53e-12
        => SHTns is ready.
        + SHT accuracy = 1.53e-12
        => SHTns is ready.
        + SHT accuracy = 1.53e-12
        => SHTns is ready.
        + SHT accuracy = 1.53e-12
        => SHTns is ready.
.
        + SHT accuracy = 1.53e-12
        => SHTns is ready.
.
        + SHT accuracy = 1.53e-12
        => SHTns is ready.
.
.
.
.
.
.
.
        + SHT accuracy = 1.53e-12
        => SHTns is ready.
        + SHT accuracy = 1.53e-12
        => SHTns is ready.
        + SHT accuracy = 1.53e-12
        => SHTns is ready.
.
        + SHT accuracy = 1.53e-12
        => SHTns is ready.
.
        + SHT accuracy = 1.53e-12
        => SHTns is ready.
.
.
        + SHT accuracy = 1.53e-12
        => SHTns is ready.
.
        + SHT accuracy = 1.53e-12
        => SHTns is ready.
        + SHT accuracy = 1.53e-12
        => SHTns is ready.
.
        + SHT accuracy = 1.53e-12
        => SHTns is ready.
        + SHT accuracy = 1.53e-12
        => SHTns is ready.
.
        + SHT accuracy = 1.53e-12
        => SHTns is ready.
.
        + SHT accuracy = 1.53e-12
        => SHTns is ready.
.
        + SHT accuracy = 1.53e-12
        => SHTns is ready.
.
.
        + SHT accuracy = 1.53e-12
        => SHTns is ready.
.
.
        + SHT accuracy = 1.53e-12
        => SHTns is ready.
        + SHT accuracy = 1.53e-12
        => SHTns is ready.
        + SHT accuracy = 1.53e-12
        => SHTns is ready.
        + SHT accuracy = 1.53e-12
        => SHTns is ready.
.
        + SHT accuracy = 1.53e-12
        => SHTns is ready.
        + SHT accuracy = 1.53e-12
        => SHTns is ready.
        + SHT accuracy = 1.53e-12
        => SHTns is ready.
        + SHT accuracy = 1.53e-12
        => SHTns is ready.
        + SHT accuracy = 1.53e-12
        => SHTns is ready.
        + SHT accuracy = 1.53e-12
        => SHTns is ready.
.
.
        + SHT accuracy = 1.53e-12
        => SHTns is ready.
        + SHT accuracy = 1.53e-12
        => SHTns is ready.
.
.
.
.
        + SHT accuracy = 1.53e-12
        => SHTns is ready.
        + SHT accuracy = 1.53e-12
        => SHTns is ready.
        + SHT accuracy = 1.53e-12
        => SHTns is ready.
        + SHT accuracy = 1.53e-12
        => SHTns is ready.
        + SHT accuracy = 1.53e-12
        => SHTns is ready.
.
        + SHT accuracy = 1.53e-12
        => SHTns is ready.
        + SHT accuracy = 1.53e-12
        => SHTns is ready.
.
.
.
        + SHT accuracy = 1.53e-12
        => SHTns is ready.
.
        + SHT accuracy = 1.53e-12
        => SHTns is ready.
.
.
.
.
.
        + SHT accuracy = 1.53e-12
        => SHTns is ready.
        + SHT accuracy = 1.53e-12
        => SHTns is ready.
        + SHT accuracy = 1.53e-12
        => SHTns is ready.
        + SHT accuracy = 1.53e-12
        => SHTns is ready.
.
.
.
        + SHT accuracy = 1.53e-12
        => SHTns is ready.
.
        + SHT accuracy = 1.53e-12
        => SHTns is ready.
        + SHT accuracy = 1.53e-12
        => SHTns is ready.
        + SHT accuracy = 1.53e-12
        => SHTns is ready.
.
.
.
.
        + SHT accuracy = 1.53e-12
        => SHTns is ready.
 -- Initalizing Reference State...
 ---- Specified parameters:
 ---- Reference type           :  Boussinesq (Non-dimensional)
 ---- Rayleigh Number          :  1.00000E+05
 ---- Ekman Number             :  1.00000E-03
 ---- Prandtl Number           :  1.00000E+00
 ---- Magnetic Prandtl Number  :  5.00000E+00
 -- Reference State initialized.

        + SHT accuracy = 1.53e-12
        => SHTns is ready.
        + SHT accuracy = 1.53e-12
        => SHTns is ready.
        + SHT accuracy = 1.53e-12
        => SHTns is ready.
        + SHT accuracy = 1.53e-12
        => SHTns is ready.
        + SHT accuracy = 1.53e-12
        => SHTns is ready.
.
.
.
.
.
.
.
.
        + SHT accuracy = 1.53e-12
        => SHTns is ready.
.
        + SHT accuracy = 1.53e-12
        => SHTns is ready.
        + SHT accuracy = 1.53e-12
        => SHTns is ready.
.
.
        + SHT accuracy = 1.53e-12
        => SHTns is ready.
.
        + SHT accuracy = 1.53e-12
        => SHTns is ready.
        + SHT accuracy = 1.53e-12
        => SHTns is ready.
.
        + SHT accuracy = 1.53e-12
        => SHTns is ready.
        + SHT accuracy = 1.53e-12
        => SHTns is ready.
        + SHT accuracy = 1.53e-12
        => SHTns is ready.
.
.
        + SHT accuracy = 1.53e-12
        => SHTns is ready.
        + SHT accuracy = 1.53e-12
        => SHTns is ready.
        + SHT accuracy = 1.53e-12
        => SHTns is ready.
        + SHT accuracy = 1.53e-12
        => SHTns is ready.
.
        + SHT accuracy = 1.53e-12
        => SHTns is ready.
        + SHT accuracy = 1.53e-12
        => SHTns is ready.
        + SHT accuracy = 1.53e-12
        => SHTns is ready.
.
        + SHT accuracy = 1.53e-12
        => SHTns is ready.
.
        + SHT accuracy = 1.53e-12
        => SHTns is ready.
        + SHT accuracy = 1.53e-12
        => SHTns is ready.
.
        + SHT accuracy = 1.53e-12
        => SHTns is ready.
.
        + SHT accuracy = 1.53e-12
        => SHTns is ready.
        + SHT accuracy = 1.53e-12
        => SHTns is ready.
        + SHT accuracy = 1.53e-12
        => SHTns is ready.
.
.
.
        + SHT accuracy = 1.53e-12
        => SHTns is ready.
        + SHT accuracy = 1.53e-12
        => SHTns is ready.
.
        + SHT accuracy = 1.53e-12
        => SHTns is ready.
.
.
        + SHT accuracy = 1.53e-12
        => SHTns is ready.
        + SHT accuracy = 1.53e-12
        => SHTns is ready.
.
.
        + SHT accuracy = 1.53e-12
        => SHTns is ready.
        + SHT accuracy = 1.53e-12
        => SHTns is ready.
        + SHT accuracy = 1.53e-12
        => SHTns is ready.
.
        + SHT accuracy = 1.53e-12
        => SHTns is ready.
.
        + SHT accuracy = 1.53e-12
        => SHTns is ready.
.
        + SHT accuracy = 1.53e-12
        => SHTns is ready.
.
        + SHT accuracy = 1.53e-12
        => SHTns is ready.
.
        + SHT accuracy = 1.53e-12
        => SHTns is ready.
.
        + SHT accuracy = 1.53e-12
        => SHTns is ready.
.
.
        + SHT accuracy = 1.53e-12
        => SHTns is ready.
        + SHT accuracy = 1.53e-12
        => SHTns is ready.
        + SHT accuracy = 1.53e-12
        => SHTns is ready.
        + SHT accuracy = 1.53e-12
        => SHTns is ready.
.
.
        + SHT accuracy = 1.53e-12
        => SHTns is ready.
        + SHT accuracy = 1.53e-12
        => SHTns is ready.
        + SHT accuracy = 1.53e-12
        => SHTns is ready.
.
        + SHT accuracy = 1.53e-12
        => SHTns is ready.
        + SHT accuracy = 1.53e-12
        => SHTns is ready.
.
.
        + SHT accuracy = 1.53e-12
        => SHTns is ready.
.
        + SHT accuracy = 1.53e-12
        => SHTns is ready.
        + SHT accuracy = 1.53e-12
        => SHTns is ready.
.
        + SHT accuracy = 1.53e-12
        => SHTns is ready.
        + SHT accuracy = 1.53e-12
        => SHTns is ready.
.
        + SHT accuracy = 1.53e-12
        => SHTns is ready.
 -- Initializing Fields...
 ---- Specified parameters:
 ---- Hydro Init Type    : Benchmark (Christensen et al. 2001)
 ---- Magnetic Init Type : Benchmark (Christensen et al. 2001)
 -- Fields initialized.

 Initialization Complete.
 //////////////////////////////////////

 Timestep has changed from  0.00000E+00 to  1.00000E-04.
 Iteration:  00000001   DeltaT:  1.000E-04   Iter/sec:  0.000E+00
 Timestep has changed from  1.00000E-04 to  2.55566E-06.
 Iteration:  00000002   DeltaT:  2.556E-06   Iter/sec:  2.242E-01
 Iteration:  00000003   DeltaT:  2.556E-06   Iter/sec:  1.297E+00
 Iteration:  00000004   DeltaT:  2.556E-06   Iter/sec:  1.700E+00
 Iteration:  00000005   DeltaT:  2.556E-06   Iter/sec:  1.689E+00
 Iteration:  00000006   DeltaT:  2.556E-06   Iter/sec:  1.664E+00
 Iteration:  00000007   DeltaT:  2.556E-06   Iter/sec:  1.688E+00
 Iteration:  00000008   DeltaT:  2.556E-06   Iter/sec:  1.680E+00
 Iteration:  00000009   DeltaT:  2.556E-06   Iter/sec:  1.708E+00
 Iteration:  00000010   DeltaT:  2.556E-06   Iter/sec:  1.676E+00
 Iteration:  00000011   DeltaT:  2.556E-06   Iter/sec:  1.674E+00
 Iteration:  00000012   DeltaT:  2.556E-06   Iter/sec:  1.686E+00
 Iteration:  00000013   DeltaT:  2.556E-06   Iter/sec:  1.695E+00
 Iteration:  00000014   DeltaT:  2.556E-06   Iter/sec:  1.670E+00
 Iteration:  00000015   DeltaT:  2.556E-06   Iter/sec:  1.685E+00
 Iteration:  00000016   DeltaT:  2.556E-06   Iter/sec:  1.687E+00
 Iteration:  00000017   DeltaT:  2.556E-06   Iter/sec:  1.665E+00
 Iteration:  00000018   DeltaT:  2.556E-06   Iter/sec:  1.675E+00
 Iteration:  00000019   DeltaT:  2.556E-06   Iter/sec:  1.674E+00
 Iteration:  00000020   DeltaT:  2.556E-06   Iter/sec:  1.695E+00
 Iteration:  00000021   DeltaT:  2.556E-06   Iter/sec:  1.688E+00
 Iteration:  00000022   DeltaT:  2.556E-06   Iter/sec:  1.684E+00
 Iteration:  00000023   DeltaT:  2.556E-06   Iter/sec:  1.672E+00
 Iteration:  00000024   DeltaT:  2.556E-06   Iter/sec:  1.681E+00
 Iteration:  00000025   DeltaT:  2.556E-06   Iter/sec:  1.673E+00
 Iteration:  00000026   DeltaT:  2.556E-06   Iter/sec:  1.685E+00
 Iteration:  00000027   DeltaT:  2.556E-06   Iter/sec:  1.687E+00
 Iteration:  00000028   DeltaT:  2.556E-06   Iter/sec:  1.671E+00
 Iteration:  00000029   DeltaT:  2.556E-06   Iter/sec:  1.684E+00
 Iteration:  00000030   DeltaT:  2.556E-06   Iter/sec:  1.683E+00
 Iteration:  00000031   DeltaT:  2.556E-06   Iter/sec:  1.671E+00
 Iteration:  00000032   DeltaT:  2.556E-06   Iter/sec:  1.681E+00
 Iteration:  00000033   DeltaT:  2.556E-06   Iter/sec:  1.675E+00
 Iteration:  00000034   DeltaT:  2.556E-06   Iter/sec:  1.698E+00
 Iteration:  00000035   DeltaT:  2.556E-06   Iter/sec:  1.690E+00
 Iteration:  00000036   DeltaT:  2.556E-06   Iter/sec:  1.674E+00
 Iteration:  00000037   DeltaT:  2.556E-06   Iter/sec:  1.688E+00
 Iteration:  00000038   DeltaT:  2.556E-06   Iter/sec:  1.679E+00
 Iteration:  00000039   DeltaT:  2.556E-06   Iter/sec:  1.670E+00
 Iteration:  00000040   DeltaT:  2.556E-06   Iter/sec:  1.672E+00
 Iteration:  00000041   DeltaT:  2.556E-06   Iter/sec:  1.678E+00
 Iteration:  00000042   DeltaT:  2.556E-06   Iter/sec:  1.687E+00
 Iteration:  00000043   DeltaT:  2.556E-06   Iter/sec:  1.665E+00
 Iteration:  00000044   DeltaT:  2.556E-06   Iter/sec:  1.681E+00
 Iteration:  00000045   DeltaT:  2.556E-06   Iter/sec:  1.700E+00
 Iteration:  00000046   DeltaT:  2.556E-06   Iter/sec:  1.688E+00
 Iteration:  00000047   DeltaT:  2.556E-06   Iter/sec:  1.683E+00
 Iteration:  00000048   DeltaT:  2.556E-06   Iter/sec:  1.674E+00
 Iteration:  00000049   DeltaT:  2.556E-06   Iter/sec:  1.679E+00
 Iteration:  00000050   DeltaT:  2.556E-06   Iter/sec:  1.690E+00


//////////////////////////////////////////////
   Measured Timings for Process 0  (seconds)

 Elapsed time:        30.7083
  Column time:         3.3251
     Row time:         8.9735
Legendre time:         5.3628
     FFT time:         1.9359
   Solve time:         0.9728
    rlma time:         0.5603
    rlmb time:         0.1764
  pspace time:         4.5198
  psolve time:         3.5324
    dphi time:         0.2381
captured time:        29.5972

     iter/sec:         1.5957
//////////////////////////////////////////////
