 //////////////////////////////////////
 Initializating Rayleigh...

 -- Initalizing MPI...
 ---- Specified parameters:
 ---- NCPU  :     32
 ---- NPROW :      8
 ---- NPCOL :      4
 -- MPI initialized.


 -- Initalizing Grid...
 ---- Specified parameters ----
 ---- N_R                 :     64
 ---- N_THETA             :    192
 ---- Ell_MAX             :    127
 ---- R_MIN               :  5.38462E-01
 ---- R_MAX               :  1.53846E+00
 ---- Chebyshev Domains   :      1

        Domain 1
          Grid points           :  64
          Dealiased Polynomials :  42
          Domain Lower Bound    :  5.38462E-01
          Domain Upper Bound    :  1.53846E+00

[SHTns 3.4.5] built Apr 19 2021, 13:29:57, id: avx,ishioka
        Lmax=127, Mmax*Mres=127, Mres=1, Nlm=8256  [1 threads, orthonormalized]
[SHTns 3.4.5] built Apr 19 2021, 13:29:57, id: avx,ishioka
        Lmax=127, Mmax*Mres=127, Mres=1, Nlm=8256  [1 threads, orthonormalized]
[SHTns 3.4.5] built Apr 19 2021, 13:29:57, id: avx,ishioka
        Lmax=127, Mmax*Mres=127, Mres=1, Nlm=8256  [1 threads, orthonormalized]
[SHTns 3.4.5] built Apr 19 2021, 13:29:57, id: avx,ishioka
        Lmax=127, Mmax*Mres=127, Mres=1, Nlm=8256  [1 threads, orthonormalized]
        => using FFTW : Mmax=127, Nphi=384, Nlat=192  (data layout : phi_inc=192, theta_inc=1, phi_embed=384)
        => using Gauss nodes
 -- Grid initialized.

        + polar optimization threshold = 1.0e-08
[SHTns 3.4.5] built Apr 19 2021, 13:29:57, id: avx,ishioka
        Lmax=127, Mmax*Mres=127, Mres=1, Nlm=8256  [1 threads, orthonormalized]
[SHTns 3.4.5] built Apr 19 2021, 13:29:57, id: avx,ishioka
        Lmax=127, Mmax*Mres=127, Mres=1, Nlm=8256  [1 threads, orthonormalized]
[SHTns 3.4.5] built Apr 19 2021, 13:29:57, id: avx,ishioka
        Lmax=127, Mmax*Mres=127, Mres=1, Nlm=8256  [1 threads, orthonormalized]
        finding optimal algorithm[SHTns 3.4.5] built Apr 19 2021, 13:29:57, id: avx,ishioka
        Lmax=127, Mmax*Mres=127, Mres=1, Nlm=8256  [1 threads, orthonormalized]
[SHTns 3.4.5] built Apr 19 2021, 13:29:57, id: avx,ishioka
        Lmax=127, Mmax*Mres=127, Mres=1, Nlm=8256  [1 threads, orthonormalized]
[SHTns 3.4.5] built Apr 19 2021, 13:29:57, id: avx,ishioka
        Lmax=127, Mmax*Mres=127, Mres=1, Nlm=8256  [1 threads, orthonormalized]
[SHTns 3.4.5] built Apr 19 2021, 13:29:57, id: avx,ishioka
        Lmax=127, Mmax*Mres=127, Mres=1, Nlm=8256  [1 threads, orthonormalized]
[SHTns 3.4.5] built Apr 19 2021, 13:29:57, id: avx,ishioka
        Lmax=127, Mmax*Mres=127, Mres=1, Nlm=8256  [1 threads, orthonormalized]
[SHTns 3.4.5] built Apr 19 2021, 13:29:57, id: avx,ishioka
        Lmax=127, Mmax*Mres=127, Mres=1, Nlm=8256  [1 threads, orthonormalized]
[SHTns 3.4.5] built Apr 19 2021, 13:29:57, id: avx,ishioka
        Lmax=127, Mmax*Mres=127, Mres=1, Nlm=8256  [1 threads, orthonormalized]
[SHTns 3.4.5] built Apr 19 2021, 13:29:57, id: avx,ishioka
        Lmax=127, Mmax*Mres=127, Mres=1, Nlm=8256  [1 threads, orthonormalized]
[SHTns 3.4.5] built Apr 19 2021, 13:29:57, id: avx,ishioka
        Lmax=127, Mmax*Mres=127, Mres=1, Nlm=8256  [1 threads, orthonormalized]
[SHTns 3.4.5] built Apr 19 2021, 13:29:57, id: avx,ishioka
        Lmax=127, Mmax*Mres=127, Mres=1, Nlm=8256  [1 threads, orthonormalized]
[SHTns 3.4.5] built Apr 19 2021, 13:29:57, id: avx,ishioka
        Lmax=127, Mmax*Mres=127, Mres=1, Nlm=8256  [1 threads, orthonormalized]
[SHTns 3.4.5] built Apr 19 2021, 13:29:57, id: avx,ishioka
        Lmax=127, Mmax*Mres=127, Mres=1, Nlm=8256  [1 threads, orthonormalized]
[SHTns 3.4.5] built Apr 19 2021, 13:29:57, id: avx,ishioka
        Lmax=127, Mmax*Mres=127, Mres=1, Nlm=8256  [1 threads, orthonormalized]
[SHTns 3.4.5] built Apr 19 2021, 13:29:57, id: avx,ishioka
        Lmax=127, Mmax*Mres=127, Mres=1, Nlm=8256  [1 threads, orthonormalized]
[SHTns 3.4.5] built Apr 19 2021, 13:29:57, id: avx,ishioka
        Lmax=127, Mmax*Mres=127, Mres=1, Nlm=8256  [1 threads, orthonormalized]
[SHTns 3.4.5] built Apr 19 2021, 13:29:57, id: avx,ishioka
        Lmax=127, Mmax*Mres=127, Mres=1, Nlm=8256  [1 threads, orthonormalized]
[SHTns 3.4.5] built Apr 19 2021, 13:29:57, id: avx,ishioka
        Lmax=127, Mmax*Mres=127, Mres=1, Nlm=8256  [1 threads, orthonormalized]
[SHTns 3.4.5] built Apr 19 2021, 13:29:57, id: avx,ishioka
        Lmax=127, Mmax*Mres=127, Mres=1, Nlm=8256  [1 threads, orthonormalized]
[SHTns 3.4.5] built Apr 19 2021, 13:29:57, id: avx,ishioka
        Lmax=127, Mmax*Mres=127, Mres=1, Nlm=8256  [1 threads, orthonormalized]
[SHTns 3.4.5] built Apr 19 2021, 13:29:57, id: avx,ishioka
        Lmax=127, Mmax*Mres=127, Mres=1, Nlm=8256  [1 threads, orthonormalized]
[SHTns 3.4.5] built Apr 19 2021, 13:29:57, id: avx,ishioka
        Lmax=127, Mmax*Mres=127, Mres=1, Nlm=8256  [1 threads, orthonormalized]
[SHTns 3.4.5] built Apr 19 2021, 13:29:57, id: avx,ishioka
        Lmax=127, Mmax*Mres=127, Mres=1, Nlm=8256  [1 threads, orthonormalized]
[SHTns 3.4.5] built Apr 19 2021, 13:29:57, id: avx,ishioka
        Lmax=127, Mmax*Mres=127, Mres=1, Nlm=8256  [1 threads, orthonormalized]
        => using FFTW : Mmax=127, Nphi=384, Nlat=192  (data layout : phi_inc=192, theta_inc=1, phi_embed=384)
        => using FFTW : Mmax=127, Nphi=384, Nlat=192  (data layout : phi_inc=192, theta_inc=1, phi_embed=384)
        => using FFTW : Mmax=127, Nphi=384, Nlat=192  (data layout : phi_inc=192, theta_inc=1, phi_embed=384)
        => using Gauss nodes
        => using Gauss nodes
        => using Gauss nodes
        + polar optimization threshold = 1.0e-08
        + polar optimization threshold = 1.0e-08
[SHTns 3.4.5] built Apr 19 2021, 13:29:57, id: avx,ishioka
        Lmax=127, Mmax*Mres=127, Mres=1, Nlm=8256  [1 threads, orthonormalized]
        + polar optimization threshold = 1.0e-08
        finding optimal algorithm        finding optimal algorithm        finding optimal algorithm....[SHTns 3.4.5] built Apr 19 2021, 13:29:57, id: avx,ishioka
        Lmax=127, Mmax*Mres=127, Mres=1, Nlm=8256  [1 threads, orthonormalized]
        => using FFTW : Mmax=127, Nphi=384, Nlat=192  (data layout : phi_inc=192, theta_inc=1, phi_embed=384)
        => using FFTW : Mmax=127, Nphi=384, Nlat=192  (data layout : phi_inc=192, theta_inc=1, phi_embed=384)
        => using FFTW : Mmax=127, Nphi=384, Nlat=192  (data layout : phi_inc=192, theta_inc=1, phi_embed=384)
        => using FFTW : Mmax=127, Nphi=384, Nlat=192  (data layout : phi_inc=192, theta_inc=1, phi_embed=384)
        => using FFTW : Mmax=127, Nphi=384, Nlat=192  (data layout : phi_inc=192, theta_inc=1, phi_embed=384)
        => using FFTW : Mmax=127, Nphi=384, Nlat=192  (data layout : phi_inc=192, theta_inc=1, phi_embed=384)
        => using FFTW : Mmax=127, Nphi=384, Nlat=192  (data layout : phi_inc=192, theta_inc=1, phi_embed=384)
        => using FFTW : Mmax=127, Nphi=384, Nlat=192  (data layout : phi_inc=192, theta_inc=1, phi_embed=384)
        => using FFTW : Mmax=127, Nphi=384, Nlat=192  (data layout : phi_inc=192, theta_inc=1, phi_embed=384)
        => using Gauss nodes
        => using FFTW : Mmax=127, Nphi=384, Nlat=192  (data layout : phi_inc=192, theta_inc=1, phi_embed=384)
        => using Gauss nodes
        => using FFTW : Mmax=127, Nphi=384, Nlat=192  (data layout : phi_inc=192, theta_inc=1, phi_embed=384)
        => using FFTW : Mmax=127, Nphi=384, Nlat=192  (data layout : phi_inc=192, theta_inc=1, phi_embed=384)
        => using Gauss nodes
        => using Gauss nodes
        => using Gauss nodes
        => using Gauss nodes
        => using FFTW : Mmax=127, Nphi=384, Nlat=192  (data layout : phi_inc=192, theta_inc=1, phi_embed=384)
        => using Gauss nodes
        => using FFTW : Mmax=127, Nphi=384, Nlat=192  (data layout : phi_inc=192, theta_inc=1, phi_embed=384)
        => using FFTW : Mmax=127, Nphi=384, Nlat=192  (data layout : phi_inc=192, theta_inc=1, phi_embed=384)
.        => using FFTW : Mmax=127, Nphi=384, Nlat=192  (data layout : phi_inc=192, theta_inc=1, phi_embed=384)
        => using FFTW : Mmax=127, Nphi=384, Nlat=192  (data layout : phi_inc=192, theta_inc=1, phi_embed=384)
        => using FFTW : Mmax=127, Nphi=384, Nlat=192  (data layout : phi_inc=192, theta_inc=1, phi_embed=384)
        => using Gauss nodes
        => using Gauss nodes
        => using FFTW : Mmax=127, Nphi=384, Nlat=192  (data layout : phi_inc=192, theta_inc=1, phi_embed=384)
        => using Gauss nodes
        => using Gauss nodes
        => using Gauss nodes
        => using Gauss nodes
        => using Gauss nodes
        => using Gauss nodes
        => using FFTW : Mmax=127, Nphi=384, Nlat=192  (data layout : phi_inc=192, theta_inc=1, phi_embed=384)
        => using Gauss nodes
        => using FFTW : Mmax=127, Nphi=384, Nlat=192  (data layout : phi_inc=192, theta_inc=1, phi_embed=384)
        => using Gauss nodes
        => using Gauss nodes
        => using Gauss nodes
        => using FFTW : Mmax=127, Nphi=384, Nlat=192  (data layout : phi_inc=192, theta_inc=1, phi_embed=384)
        => using Gauss nodes
        => using Gauss nodes
        => using FFTW : Mmax=127, Nphi=384, Nlat=192  (data layout : phi_inc=192, theta_inc=1, phi_embed=384)
        => using FFTW : Mmax=127, Nphi=384, Nlat=192  (data layout : phi_inc=192, theta_inc=1, phi_embed=384)
        => using Gauss nodes
        => using FFTW : Mmax=127, Nphi=384, Nlat=192  (data layout : phi_inc=192, theta_inc=1, phi_embed=384)
        + polar optimization threshold = 1.0e-08
        + polar optimization threshold = 1.0e-08
        + polar optimization threshold = 1.0e-08
        => using Gauss nodes
        => using Gauss nodes
        + polar optimization threshold = 1.0e-08
        finding optimal algorithm        finding optimal algorithm        finding optimal algorithm        + polar optimization threshold = 1.0e-08
        finding optimal algorithm        => using FFTW : Mmax=127, Nphi=384, Nlat=192  (data layout : phi_inc=192, theta_inc=1, phi_embed=384)
        => using Gauss nodes
        => using FFTW : Mmax=127, Nphi=384, Nlat=192  (data layout : phi_inc=192, theta_inc=1, phi_embed=384)
        => using Gauss nodes
        + polar optimization threshold = 1.0e-08
        finding optimal algorithm        + polar optimization threshold = 1.0e-08
        finding optimal algorithm        + polar optimization threshold = 1.0e-08
        finding optimal algorithm        + polar optimization threshold = 1.0e-08
        finding optimal algorithm        + polar optimization threshold = 1.0e-08
        finding optimal algorithm        + polar optimization threshold = 1.0e-08
        finding optimal algorithm        + polar optimization threshold = 1.0e-08
        finding optimal algorithm        + polar optimization threshold = 1.0e-08
        finding optimal algorithm        + polar optimization threshold = 1.0e-08
        finding optimal algorithm        + polar optimization threshold = 1.0e-08
        finding optimal algorithm        + polar optimization threshold = 1.0e-08
        finding optimal algorithm        + polar optimization threshold = 1.0e-08
        finding optimal algorithm        + polar optimization threshold = 1.0e-08
        finding optimal algorithm        => using Gauss nodes
        + polar optimization threshold = 1.0e-08
        finding optimal algorithm        finding optimal algorithm        + polar optimization threshold = 1.0e-08
        + polar optimization threshold = 1.0e-08
        + polar optimization threshold = 1.0e-08
        finding optimal algorithm        finding optimal algorithm        finding optimal algorithm        + polar optimization threshold = 1.0e-08
        + polar optimization threshold = 1.0e-08
        + polar optimization threshold = 1.0e-08
        finding optimal algorithm        finding optimal algorithm        finding optimal algorithm        + polar optimization threshold = 1.0e-08
        + polar optimization threshold = 1.0e-08
        finding optimal algorithm..        finding optimal algorithm.        => using FFTW : Mmax=127, Nphi=384, Nlat=192  (data layout : phi_inc=192, theta_inc=1, phi_embed=384)
..        => using Gauss nodes
.................        + polar optimization threshold = 1.0e-08
        finding optimal algorithm......................................................................................................................................................................................................................................................................................................
        + SHT accuracy = 5.81e-14
        => SHTns is ready.
.
.
.
        + SHT accuracy = 5.81e-14
        => SHTns is ready.
        + SHT accuracy = 5.81e-14
        => SHTns is ready.
        + SHT accuracy = 5.81e-14
        => SHTns is ready.
.
.
        + SHT accuracy = 5.81e-14
        => SHTns is ready.
.
.
        + SHT accuracy = 5.81e-14
        => SHTns is ready.
.
        + SHT accuracy = 5.81e-14
        => SHTns is ready.
        + SHT accuracy = 5.81e-14
        => SHTns is ready.
        + SHT accuracy = 5.81e-14
        => SHTns is ready.
 -- Initalizing Reference State...
 ---- Specified parameters:
 ---- Reference type           :  Boussinesq (Non-dimensional)
 ---- Rayleigh Number          :  1.00000E+05
 ---- Ekman Number             :  1.00000E-03
 ---- Prandtl Number           :  1.00000E+00
 ---- Magnetic Prandtl Number  :  5.00000E+00
 -- Reference State initialized.

.
.
        + SHT accuracy = 5.81e-14
        => SHTns is ready.
.
        + SHT accuracy = 5.81e-14
        => SHTns is ready.
.
        + SHT accuracy = 5.81e-14
        => SHTns is ready.
.
        + SHT accuracy = 5.81e-14
        => SHTns is ready.
.
.
        + SHT accuracy = 5.81e-14
        => SHTns is ready.
        + SHT accuracy = 5.81e-14
        => SHTns is ready.
        + SHT accuracy = 5.81e-14
        => SHTns is ready.
.
.
.
        + SHT accuracy = 5.81e-14
        => SHTns is ready.
        + SHT accuracy = 5.81e-14
        => SHTns is ready.
        + SHT accuracy = 5.81e-14
        => SHTns is ready.
.
.
.
        + SHT accuracy = 5.81e-14
        => SHTns is ready.
.
        + SHT accuracy = 5.81e-14
        => SHTns is ready.
        + SHT accuracy = 5.81e-14
        => SHTns is ready.
.
        + SHT accuracy = 5.81e-14
        => SHTns is ready.
        + SHT accuracy = 5.81e-14
        => SHTns is ready.
.
.
.
        + SHT accuracy = 5.81e-14
        => SHTns is ready.
        + SHT accuracy = 5.81e-14
        => SHTns is ready.
        + SHT accuracy = 5.81e-14
        => SHTns is ready.
.
        + SHT accuracy = 5.81e-14
        => SHTns is ready.
.
        + SHT accuracy = 5.81e-14
        => SHTns is ready.
.
        + SHT accuracy = 5.81e-14
        => SHTns is ready.
.
        + SHT accuracy = 5.81e-14
        => SHTns is ready.
.
        + SHT accuracy = 5.81e-14
        => SHTns is ready.
 -- Initializing Fields...
 ---- Specified parameters:
 ---- Hydro Init Type    : Benchmark (Christensen et al. 2001)
 ---- Magnetic Init Type : Benchmark (Christensen et al. 2001)
 -- Fields initialized.

 Initialization Complete.
 //////////////////////////////////////

 Timestep has changed from  0.00000E+00 to  1.00000E-04.
 Iteration:  00000001   DeltaT:  1.000E-04   Iter/sec:  0.000E+00
 Timestep has changed from  1.00000E-04 to  1.02217E-05.
 Iteration:  00000002   DeltaT:  1.022E-05   Iter/sec:  2.571E-01
 Iteration:  00000003   DeltaT:  1.022E-05   Iter/sec:  3.683E+00
 Iteration:  00000004   DeltaT:  1.022E-05   Iter/sec:  4.138E+00
 Iteration:  00000005   DeltaT:  1.022E-05   Iter/sec:  4.132E+00
 Iteration:  00000006   DeltaT:  1.022E-05   Iter/sec:  4.090E+00
 Iteration:  00000007   DeltaT:  1.022E-05   Iter/sec:  4.083E+00
 Iteration:  00000008   DeltaT:  1.022E-05   Iter/sec:  4.125E+00
 Iteration:  00000009   DeltaT:  1.022E-05   Iter/sec:  4.082E+00
 Iteration:  00000010   DeltaT:  1.022E-05   Iter/sec:  4.108E+00
 Iteration:  00000011   DeltaT:  1.022E-05   Iter/sec:  4.108E+00
 Iteration:  00000012   DeltaT:  1.022E-05   Iter/sec:  4.120E+00
 Iteration:  00000013   DeltaT:  1.022E-05   Iter/sec:  4.130E+00
 Iteration:  00000014   DeltaT:  1.022E-05   Iter/sec:  4.161E+00
 Iteration:  00000015   DeltaT:  1.022E-05   Iter/sec:  4.091E+00
 Iteration:  00000016   DeltaT:  1.022E-05   Iter/sec:  4.095E+00
 Iteration:  00000017   DeltaT:  1.022E-05   Iter/sec:  4.020E+00
 Iteration:  00000018   DeltaT:  1.022E-05   Iter/sec:  4.116E+00
 Iteration:  00000019   DeltaT:  1.022E-05   Iter/sec:  4.182E+00
 Iteration:  00000020   DeltaT:  1.022E-05   Iter/sec:  4.126E+00
 Iteration:  00000021   DeltaT:  1.022E-05   Iter/sec:  4.099E+00
 Iteration:  00000022   DeltaT:  1.022E-05   Iter/sec:  4.044E+00
 Iteration:  00000023   DeltaT:  1.022E-05   Iter/sec:  4.170E+00
 Iteration:  00000024   DeltaT:  1.022E-05   Iter/sec:  4.117E+00
 Iteration:  00000025   DeltaT:  1.022E-05   Iter/sec:  4.133E+00
 Iteration:  00000026   DeltaT:  1.022E-05   Iter/sec:  4.164E+00
 Iteration:  00000027   DeltaT:  1.022E-05   Iter/sec:  4.164E+00
 Iteration:  00000028   DeltaT:  1.022E-05   Iter/sec:  4.095E+00
 Iteration:  00000029   DeltaT:  1.022E-05   Iter/sec:  4.106E+00
 Iteration:  00000030   DeltaT:  1.022E-05   Iter/sec:  4.126E+00
 Iteration:  00000031   DeltaT:  1.022E-05   Iter/sec:  4.095E+00
 Iteration:  00000032   DeltaT:  1.022E-05   Iter/sec:  4.095E+00
 Iteration:  00000033   DeltaT:  1.022E-05   Iter/sec:  4.143E+00
 Iteration:  00000034   DeltaT:  1.022E-05   Iter/sec:  4.111E+00
 Iteration:  00000035   DeltaT:  1.022E-05   Iter/sec:  4.072E+00
 Iteration:  00000036   DeltaT:  1.022E-05   Iter/sec:  4.144E+00
 Iteration:  00000037   DeltaT:  1.022E-05   Iter/sec:  4.120E+00
 Iteration:  00000038   DeltaT:  1.022E-05   Iter/sec:  4.065E+00
 Iteration:  00000039   DeltaT:  1.022E-05   Iter/sec:  4.115E+00
 Iteration:  00000040   DeltaT:  1.022E-05   Iter/sec:  4.047E+00
 Iteration:  00000041   DeltaT:  1.022E-05   Iter/sec:  4.104E+00
 Iteration:  00000042   DeltaT:  1.022E-05   Iter/sec:  4.131E+00
 Iteration:  00000043   DeltaT:  1.022E-05   Iter/sec:  4.127E+00
 Iteration:  00000044   DeltaT:  1.022E-05   Iter/sec:  4.120E+00
 Iteration:  00000045   DeltaT:  1.022E-05   Iter/sec:  4.151E+00
 Iteration:  00000046   DeltaT:  1.022E-05   Iter/sec:  4.096E+00
 Iteration:  00000047   DeltaT:  1.022E-05   Iter/sec:  4.076E+00
 Iteration:  00000048   DeltaT:  1.022E-05   Iter/sec:  4.130E+00
 Iteration:  00000049   DeltaT:  1.022E-05   Iter/sec:  4.094E+00
 Iteration:  00000050   DeltaT:  1.022E-05   Iter/sec:  4.136E+00


//////////////////////////////////////////////
   Measured Timings for Process 0  (seconds)

 Elapsed time:        12.7185
  Column time:         0.7726
     Row time:         4.4000
Legendre time:         1.6103
     FFT time:         0.9755
   Solve time:         0.2828
    rlma time:         0.1726
    rlmb time:         0.0698
  pspace time:         2.1488
  psolve time:         1.5162
    dphi time:         0.1090
captured time:        12.0576

     iter/sec:         3.8526
//////////////////////////////////////////////
