 //////////////////////////////////////
 Initializating Rayleigh...

 -- Initalizing MPI...
 ---- Specified parameters:
 ---- NCPU  :     64
 ---- NPROW :      8
 ---- NPCOL :      8
 -- MPI initialized.


 -- Initalizing Grid...
 ---- Specified parameters ----
 ---- N_R                 :    128
 ---- N_THETA             :    384
 ---- Ell_MAX             :    255
 ---- R_MIN               :  5.38462E-01
 ---- R_MAX               :  1.53846E+00
 ---- Chebyshev Domains   :      1

        Domain 1
          Grid points           :  128
          Dealiased Polynomials :  85
          Domain Lower Bound    :  5.38462E-01
          Domain Upper Bound    :  1.53846E+00

 -- Grid initialized.

[SHTns 3.4.5] built Apr 19 2021, 13:29:57, id: avx,ishioka
        Lmax=255, Mmax*Mres=255, Mres=1, Nlm=32896  [1 threads, orthonormalized]
[SHTns 3.4.5] built Apr 19 2021, 13:29:57, id: avx,ishioka
        Lmax=255, Mmax*Mres=255, Mres=1, Nlm=32896  [1 threads, orthonormalized]
[SHTns 3.4.5] built Apr 19 2021, 13:29:57, id: avx,ishioka
        Lmax=255, Mmax*Mres=255, Mres=1, Nlm=32896  [1 threads, orthonormalized]
[SHTns 3.4.5] built Apr 19 2021, 13:29:57, id: avx,ishioka
        Lmax=255, Mmax*Mres=255, Mres=1, Nlm=32896  [1 threads, orthonormalized]
[SHTns 3.4.5] built Apr 19 2021, 13:29:57, id: avx,ishioka
        Lmax=255, Mmax*Mres=255, Mres=1, Nlm=32896  [1 threads, orthonormalized]
[SHTns 3.4.5] built Apr 19 2021, 13:29:57, id: avx,ishioka
        Lmax=255, Mmax*Mres=255, Mres=1, Nlm=32896  [1 threads, orthonormalized]
[SHTns 3.4.5] built Apr 19 2021, 13:29:57, id: avx,ishioka
        Lmax=255, Mmax*Mres=255, Mres=1, Nlm=32896  [1 threads, orthonormalized]
[SHTns 3.4.5] built Apr 19 2021, 13:29:57, id: avx,ishioka
        Lmax=255, Mmax*Mres=255, Mres=1, Nlm=32896  [1 threads, orthonormalized]
[SHTns 3.4.5] built Apr 19 2021, 13:29:57, id: avx,ishioka
        Lmax=255, Mmax*Mres=255, Mres=1, Nlm=32896  [1 threads, orthonormalized]
[SHTns 3.4.5] built Apr 19 2021, 13:29:57, id: avx,ishioka
        Lmax=255, Mmax*Mres=255, Mres=1, Nlm=32896  [1 threads, orthonormalized]
[SHTns 3.4.5] built Apr 19 2021, 13:29:57, id: avx,ishioka
        Lmax=255, Mmax*Mres=255, Mres=1, Nlm=32896  [1 threads, orthonormalized]
[SHTns 3.4.5] built Apr 19 2021, 13:29:57, id: avx,ishioka
        Lmax=255, Mmax*Mres=255, Mres=1, Nlm=32896  [1 threads, orthonormalized]
[SHTns 3.4.5] built Apr 19 2021, 13:29:57, id: avx,ishioka
        Lmax=255, Mmax*Mres=255, Mres=1, Nlm=32896  [1 threads, orthonormalized]
[SHTns 3.4.5] built Apr 19 2021, 13:29:57, id: avx,ishioka
        Lmax=255, Mmax*Mres=255, Mres=1, Nlm=32896  [1 threads, orthonormalized]
[SHTns 3.4.5] built Apr 19 2021, 13:29:57, id: avx,ishioka
        Lmax=255, Mmax*Mres=255, Mres=1, Nlm=32896  [1 threads, orthonormalized]
[SHTns 3.4.5] built Apr 19 2021, 13:29:57, id: avx,ishioka
        Lmax=255, Mmax*Mres=255, Mres=1, Nlm=32896  [1 threads, orthonormalized]
[SHTns 3.4.5] built Apr 19 2021, 13:29:57, id: avx,ishioka
        Lmax=255, Mmax*Mres=255, Mres=1, Nlm=32896  [1 threads, orthonormalized]
[SHTns 3.4.5] built Apr 19 2021, 13:29:57, id: avx,ishioka
        Lmax=255, Mmax*Mres=255, Mres=1, Nlm=32896  [1 threads, orthonormalized]
[SHTns 3.4.5] built Apr 19 2021, 13:29:57, id: avx,ishioka
        Lmax=255, Mmax*Mres=255, Mres=1, Nlm=32896  [1 threads, orthonormalized]
[SHTns 3.4.5] built Apr 19 2021, 13:29:57, id: avx,ishioka
        Lmax=255, Mmax*Mres=255, Mres=1, Nlm=32896  [1 threads, orthonormalized]
[SHTns 3.4.5] built Apr 19 2021, 13:29:57, id: avx,ishioka
        Lmax=255, Mmax*Mres=255, Mres=1, Nlm=32896  [1 threads, orthonormalized]
[SHTns 3.4.5] built Apr 19 2021, 13:29:57, id: avx,ishioka
        Lmax=255, Mmax*Mres=255, Mres=1, Nlm=32896  [1 threads, orthonormalized]
[SHTns 3.4.5] built Apr 19 2021, 13:29:57, id: avx,ishioka
        Lmax=255, Mmax*Mres=255, Mres=1, Nlm=32896  [1 threads, orthonormalized]
[SHTns 3.4.5] built Apr 19 2021, 13:29:57, id: avx,ishioka
        Lmax=255, Mmax*Mres=255, Mres=1, Nlm=32896  [1 threads, orthonormalized]
[SHTns 3.4.5] built Apr 19 2021, 13:29:57, id: avx,ishioka
        Lmax=255, Mmax*Mres=255, Mres=1, Nlm=32896  [1 threads, orthonormalized]
[SHTns 3.4.5] built Apr 19 2021, 13:29:57, id: avx,ishioka
        Lmax=255, Mmax*Mres=255, Mres=1, Nlm=32896  [1 threads, orthonormalized]
[SHTns 3.4.5] built Apr 19 2021, 13:29:57, id: avx,ishioka
        Lmax=255, Mmax*Mres=255, Mres=1, Nlm=32896  [1 threads, orthonormalized]
[SHTns 3.4.5] built Apr 19 2021, 13:29:57, id: avx,ishioka
        Lmax=255, Mmax*Mres=255, Mres=1, Nlm=32896  [1 threads, orthonormalized]
[SHTns 3.4.5] built Apr 19 2021, 13:29:57, id: avx,ishioka
        Lmax=255, Mmax*Mres=255, Mres=1, Nlm=32896  [1 threads, orthonormalized]
[SHTns 3.4.5] built Apr 19 2021, 13:29:57, id: avx,ishioka
        Lmax=255, Mmax*Mres=255, Mres=1, Nlm=32896  [1 threads, orthonormalized]
[SHTns 3.4.5] built Apr 19 2021, 13:29:57, id: avx,ishioka
        Lmax=255, Mmax*Mres=255, Mres=1, Nlm=32896  [1 threads, orthonormalized]
[SHTns 3.4.5] built Apr 19 2021, 13:29:57, id: avx,ishioka
        Lmax=255, Mmax*Mres=255, Mres=1, Nlm=32896  [1 threads, orthonormalized]
[SHTns 3.4.5] built Apr 19 2021, 13:29:57, id: avx,ishioka
        Lmax=255, Mmax*Mres=255, Mres=1, Nlm=32896  [1 threads, orthonormalized]
[SHTns 3.4.5] built Apr 19 2021, 13:29:57, id: avx,ishioka
        Lmax=255, Mmax*Mres=255, Mres=1, Nlm=32896  [1 threads, orthonormalized]
[SHTns 3.4.5] built Apr 19 2021, 13:29:57, id: avx,ishioka
        Lmax=255, Mmax*Mres=255, Mres=1, Nlm=32896  [1 threads, orthonormalized]
        => using FFTW : Mmax=255, Nphi=768, Nlat=384  (data layout : phi_inc=384, theta_inc=1, phi_embed=768)
        => using Gauss nodes
[SHTns 3.4.5] built Apr 19 2021, 13:29:57, id: avx,ishioka
        Lmax=255, Mmax*Mres=255, Mres=1, Nlm=32896  [1 threads, orthonormalized]
[SHTns 3.4.5] built Apr 19 2021, 13:29:57, id: avx,ishioka
        Lmax=255, Mmax*Mres=255, Mres=1, Nlm=32896  [1 threads, orthonormalized]
        => using FFTW : Mmax=255, Nphi=768, Nlat=384  (data layout : phi_inc=384, theta_inc=1, phi_embed=768)
        => using Gauss nodes
[SHTns 3.4.5] built Apr 19 2021, 13:29:57, id: avx,ishioka
        Lmax=255, Mmax*Mres=255, Mres=1, Nlm=32896  [1 threads, orthonormalized]
[SHTns 3.4.5] built Apr 19 2021, 13:29:57, id: avx,ishioka
        Lmax=255, Mmax*Mres=255, Mres=1, Nlm=32896  [1 threads, orthonormalized]
[SHTns 3.4.5] built Apr 19 2021, 13:29:57, id: avx,ishioka
        Lmax=255, Mmax*Mres=255, Mres=1, Nlm=32896  [1 threads, orthonormalized]
[SHTns 3.4.5] built Apr 19 2021, 13:29:57, id: avx,ishioka
        Lmax=255, Mmax*Mres=255, Mres=1, Nlm=32896  [1 threads, orthonormalized]
[SHTns 3.4.5] built Apr 19 2021, 13:29:57, id: avx,ishioka
        Lmax=255, Mmax*Mres=255, Mres=1, Nlm=32896  [1 threads, orthonormalized]
[SHTns 3.4.5] built Apr 19 2021, 13:29:57, id: avx,ishioka
        Lmax=255, Mmax*Mres=255, Mres=1, Nlm=32896  [1 threads, orthonormalized]
[SHTns 3.4.5] built Apr 19 2021, 13:29:57, id: avx,ishioka
        Lmax=255, Mmax*Mres=255, Mres=1, Nlm=32896  [1 threads, orthonormalized]
        + polar optimization threshold = 1.0e-08
[SHTns 3.4.5] built Apr 19 2021, 13:29:57, id: avx,ishioka
        Lmax=255, Mmax*Mres=255, Mres=1, Nlm=32896  [1 threads, orthonormalized]
[SHTns 3.4.5] built Apr 19 2021, 13:29:57, id: avx,ishioka
        Lmax=255, Mmax*Mres=255, Mres=1, Nlm=32896  [1 threads, orthonormalized]
[SHTns 3.4.5] built Apr 19 2021, 13:29:57, id: avx,ishioka
        Lmax=255, Mmax*Mres=255, Mres=1, Nlm=32896  [1 threads, orthonormalized]
[SHTns 3.4.5] built Apr 19 2021, 13:29:57, id: avx,ishioka
        Lmax=255, Mmax*Mres=255, Mres=1, Nlm=32896  [1 threads, orthonormalized]
[SHTns 3.4.5] built Apr 19 2021, 13:29:57, id: avx,ishioka
        Lmax=255, Mmax*Mres=255, Mres=1, Nlm=32896  [1 threads, orthonormalized]
[SHTns 3.4.5] built Apr 19 2021, 13:29:57, id: avx,ishioka
        Lmax=255, Mmax*Mres=255, Mres=1, Nlm=32896  [1 threads, orthonormalized]
[SHTns 3.4.5] built Apr 19 2021, 13:29:57, id: avx,ishioka
        Lmax=255, Mmax*Mres=255, Mres=1, Nlm=32896  [1 threads, orthonormalized]
[SHTns 3.4.5] built Apr 19 2021, 13:29:57, id: avx,ishioka
        Lmax=255, Mmax*Mres=255, Mres=1, Nlm=32896  [1 threads, orthonormalized]
[SHTns 3.4.5] built Apr 19 2021, 13:29:57, id: avx,ishioka
        Lmax=255, Mmax*Mres=255, Mres=1, Nlm=32896  [1 threads, orthonormalized]
[SHTns 3.4.5] built Apr 19 2021, 13:29:57, id: avx,ishioka
        Lmax=255, Mmax*Mres=255, Mres=1, Nlm=32896  [1 threads, orthonormalized]
[SHTns 3.4.5] built Apr 19 2021, 13:29:57, id: avx,ishioka
        Lmax=255, Mmax*Mres=255, Mres=1, Nlm=32896  [1 threads, orthonormalized]
[SHTns 3.4.5] built Apr 19 2021, 13:29:57, id: avx,ishioka
        Lmax=255, Mmax*Mres=255, Mres=1, Nlm=32896  [1 threads, orthonormalized]
[SHTns 3.4.5] built Apr 19 2021, 13:29:57, id: avx,ishioka
        Lmax=255, Mmax*Mres=255, Mres=1, Nlm=32896  [1 threads, orthonormalized]
[SHTns 3.4.5] built Apr 19 2021, 13:29:57, id: avx,ishioka
        Lmax=255, Mmax*Mres=255, Mres=1, Nlm=32896  [1 threads, orthonormalized]
[SHTns 3.4.5] built Apr 19 2021, 13:29:57, id: avx,ishioka
        Lmax=255, Mmax*Mres=255, Mres=1, Nlm=32896  [1 threads, orthonormalized]
[SHTns 3.4.5] built Apr 19 2021, 13:29:57, id: avx,ishioka
        Lmax=255, Mmax*Mres=255, Mres=1, Nlm=32896  [1 threads, orthonormalized]
        finding optimal algorithm[SHTns 3.4.5] built Apr 19 2021, 13:29:57, id: avx,ishioka
        Lmax=255, Mmax*Mres=255, Mres=1, Nlm=32896  [1 threads, orthonormalized]
[SHTns 3.4.5] built Apr 19 2021, 13:29:57, id: avx,ishioka
        Lmax=255, Mmax*Mres=255, Mres=1, Nlm=32896  [1 threads, orthonormalized]
[SHTns 3.4.5] built Apr 19 2021, 13:29:57, id: avx,ishioka
        Lmax=255, Mmax*Mres=255, Mres=1, Nlm=32896  [1 threads, orthonormalized]
[SHTns 3.4.5] built Apr 19 2021, 13:29:57, id: avx,ishioka
        Lmax=255, Mmax*Mres=255, Mres=1, Nlm=32896  [1 threads, orthonormalized]
        + polar optimization threshold = 1.0e-08
        => using FFTW : Mmax=255, Nphi=768, Nlat=384  (data layout : phi_inc=384, theta_inc=1, phi_embed=768)
        => using FFTW : Mmax=255, Nphi=768, Nlat=384  (data layout : phi_inc=384, theta_inc=1, phi_embed=768)
        => using FFTW : Mmax=255, Nphi=768, Nlat=384  (data layout : phi_inc=384, theta_inc=1, phi_embed=768)
        => using FFTW : Mmax=255, Nphi=768, Nlat=384  (data layout : phi_inc=384, theta_inc=1, phi_embed=768)
        => using FFTW : Mmax=255, Nphi=768, Nlat=384  (data layout : phi_inc=384, theta_inc=1, phi_embed=768)
        => using FFTW : Mmax=255, Nphi=768, Nlat=384  (data layout : phi_inc=384, theta_inc=1, phi_embed=768)
        => using Gauss nodes
        => using Gauss nodes
        => using Gauss nodes
        => using Gauss nodes
        => using FFTW : Mmax=255, Nphi=768, Nlat=384  (data layout : phi_inc=384, theta_inc=1, phi_embed=768)
        => using Gauss nodes
        => using FFTW : Mmax=255, Nphi=768, Nlat=384  (data layout : phi_inc=384, theta_inc=1, phi_embed=768)
        => using FFTW : Mmax=255, Nphi=768, Nlat=384  (data layout : phi_inc=384, theta_inc=1, phi_embed=768)
        => using Gauss nodes
        finding optimal algorithm        => using Gauss nodes
        => using Gauss nodes
        => using Gauss nodes
        => using FFTW : Mmax=255, Nphi=768, Nlat=384  (data layout : phi_inc=384, theta_inc=1, phi_embed=768)
        => using FFTW : Mmax=255, Nphi=768, Nlat=384  (data layout : phi_inc=384, theta_inc=1, phi_embed=768)
        => using FFTW : Mmax=255, Nphi=768, Nlat=384  (data layout : phi_inc=384, theta_inc=1, phi_embed=768)
        => using Gauss nodes
        => using FFTW : Mmax=255, Nphi=768, Nlat=384  (data layout : phi_inc=384, theta_inc=1, phi_embed=768)
        => using Gauss nodes
        => using Gauss nodes
        => using Gauss nodes
        => using FFTW : Mmax=255, Nphi=768, Nlat=384  (data layout : phi_inc=384, theta_inc=1, phi_embed=768)
        => using FFTW : Mmax=255, Nphi=768, Nlat=384  (data layout : phi_inc=384, theta_inc=1, phi_embed=768)
        => using FFTW : Mmax=255, Nphi=768, Nlat=384  (data layout : phi_inc=384, theta_inc=1, phi_embed=768)
        => using FFTW : Mmax=255, Nphi=768, Nlat=384  (data layout : phi_inc=384, theta_inc=1, phi_embed=768)
        => using Gauss nodes
        => using FFTW : Mmax=255, Nphi=768, Nlat=384  (data layout : phi_inc=384, theta_inc=1, phi_embed=768)
        => using FFTW : Mmax=255, Nphi=768, Nlat=384  (data layout : phi_inc=384, theta_inc=1, phi_embed=768)
        => using Gauss nodes
        => using FFTW : Mmax=255, Nphi=768, Nlat=384  (data layout : phi_inc=384, theta_inc=1, phi_embed=768)
        => using Gauss nodes
        => using FFTW : Mmax=255, Nphi=768, Nlat=384  (data layout : phi_inc=384, theta_inc=1, phi_embed=768)
        => using Gauss nodes
        => using FFTW : Mmax=255, Nphi=768, Nlat=384  (data layout : phi_inc=384, theta_inc=1, phi_embed=768)
        => using FFTW : Mmax=255, Nphi=768, Nlat=384  (data layout : phi_inc=384, theta_inc=1, phi_embed=768)
        => using FFTW : Mmax=255, Nphi=768, Nlat=384  (data layout : phi_inc=384, theta_inc=1, phi_embed=768)
        => using Gauss nodes
        => using Gauss nodes
        => using Gauss nodes
        => using Gauss nodes
        => using Gauss nodes
        => using Gauss nodes
        => using FFTW : Mmax=255, Nphi=768, Nlat=384  (data layout : phi_inc=384, theta_inc=1, phi_embed=768)
        => using FFTW : Mmax=255, Nphi=768, Nlat=384  (data layout : phi_inc=384, theta_inc=1, phi_embed=768)
        => using FFTW : Mmax=255, Nphi=768, Nlat=384  (data layout : phi_inc=384, theta_inc=1, phi_embed=768)
        => using FFTW : Mmax=255, Nphi=768, Nlat=384  (data layout : phi_inc=384, theta_inc=1, phi_embed=768)
        => using Gauss nodes
        => using FFTW : Mmax=255, Nphi=768, Nlat=384  (data layout : phi_inc=384, theta_inc=1, phi_embed=768)
        => using FFTW : Mmax=255, Nphi=768, Nlat=384  (data layout : phi_inc=384, theta_inc=1, phi_embed=768)
        => using Gauss nodes
        => using FFTW : Mmax=255, Nphi=768, Nlat=384  (data layout : phi_inc=384, theta_inc=1, phi_embed=768)
        => using Gauss nodes
        => using Gauss nodes
        => using Gauss nodes
        => using Gauss nodes
        + polar optimization threshold = 1.0e-08
        => using Gauss nodes
        + polar optimization threshold = 1.0e-08
        => using FFTW : Mmax=255, Nphi=768, Nlat=384  (data layout : phi_inc=384, theta_inc=1, phi_embed=768)
        + polar optimization threshold = 1.0e-08
        + polar optimization threshold = 1.0e-08
        + polar optimization threshold = 1.0e-08
        => using Gauss nodes
        + polar optimization threshold = 1.0e-08
        => using Gauss nodes
        + polar optimization threshold = 1.0e-08
        + polar optimization threshold = 1.0e-08
        + polar optimization threshold = 1.0e-08
        finding optimal algorithm        => using FFTW : Mmax=255, Nphi=768, Nlat=384  (data layout : phi_inc=384, theta_inc=1, phi_embed=768)
        => using FFTW : Mmax=255, Nphi=768, Nlat=384  (data layout : phi_inc=384, theta_inc=1, phi_embed=768)
        finding optimal algorithm        finding optimal algorithm        finding optimal algorithm        finding optimal algorithm        + polar optimization threshold = 1.0e-08
        => using Gauss nodes
        => using Gauss nodes
        + polar optimization threshold = 1.0e-08
        finding optimal algorithm        + polar optimization threshold = 1.0e-08
        finding optimal algorithm        + polar optimization threshold = 1.0e-08
        finding optimal algorithm        finding optimal algorithm        + polar optimization threshold = 1.0e-08
        finding optimal algorithm        + polar optimization threshold = 1.0e-08
        + polar optimization threshold = 1.0e-08
        + polar optimization threshold = 1.0e-08
        finding optimal algorithm        finding optimal algorithm        + polar optimization threshold = 1.0e-08
        + polar optimization threshold = 1.0e-08
        + polar optimization threshold = 1.0e-08
        + polar optimization threshold = 1.0e-08
        + polar optimization threshold = 1.0e-08
        finding optimal algorithm        + polar optimization threshold = 1.0e-08
        finding optimal algorithm        finding optimal algorithm        finding optimal algorithm        + polar optimization threshold = 1.0e-08
        finding optimal algorithm        => using FFTW : Mmax=255, Nphi=768, Nlat=384  (data layout : phi_inc=384, theta_inc=1, phi_embed=768)
        finding optimal algorithm        finding optimal algorithm        finding optimal algorithm        + polar optimization threshold = 1.0e-08
        finding optimal algorithm        finding optimal algorithm        finding optimal algorithm        => using Gauss nodes
        finding optimal algorithm        finding optimal algorithm        + polar optimization threshold = 1.0e-08
        + polar optimization threshold = 1.0e-08
        => using FFTW : Mmax=255, Nphi=768, Nlat=384  (data layout : phi_inc=384, theta_inc=1, phi_embed=768)
        => using FFTW : Mmax=255, Nphi=768, Nlat=384  (data layout : phi_inc=384, theta_inc=1, phi_embed=768)
        + polar optimization threshold = 1.0e-08
        => using Gauss nodes
        + polar optimization threshold = 1.0e-08
        => using Gauss nodes
        + polar optimization threshold = 1.0e-08
        + polar optimization threshold = 1.0e-08
        + polar optimization threshold = 1.0e-08
        => using FFTW : Mmax=255, Nphi=768, Nlat=384  (data layout : phi_inc=384, theta_inc=1, phi_embed=768)
        + polar optimization threshold = 1.0e-08
        => using FFTW : Mmax=255, Nphi=768, Nlat=384  (data layout : phi_inc=384, theta_inc=1, phi_embed=768)
        finding optimal algorithm        + polar optimization threshold = 1.0e-08
        finding optimal algorithm        => using FFTW : Mmax=255, Nphi=768, Nlat=384  (data layout : phi_inc=384, theta_inc=1, phi_embed=768)
        => using Gauss nodes
        => using Gauss nodes
        => using FFTW : Mmax=255, Nphi=768, Nlat=384  (data layout : phi_inc=384, theta_inc=1, phi_embed=768)
        => using FFTW : Mmax=255, Nphi=768, Nlat=384  (data layout : phi_inc=384, theta_inc=1, phi_embed=768)
        => using FFTW : Mmax=255, Nphi=768, Nlat=384  (data layout : phi_inc=384, theta_inc=1, phi_embed=768)
        => using FFTW : Mmax=255, Nphi=768, Nlat=384  (data layout : phi_inc=384, theta_inc=1, phi_embed=768)
        => using FFTW : Mmax=255, Nphi=768, Nlat=384  (data layout : phi_inc=384, theta_inc=1, phi_embed=768)
        => using FFTW : Mmax=255, Nphi=768, Nlat=384  (data layout : phi_inc=384, theta_inc=1, phi_embed=768)
        => using FFTW : Mmax=255, Nphi=768, Nlat=384  (data layout : phi_inc=384, theta_inc=1, phi_embed=768)
        => using FFTW : Mmax=255, Nphi=768, Nlat=384  (data layout : phi_inc=384, theta_inc=1, phi_embed=768)
        => using FFTW : Mmax=255, Nphi=768, Nlat=384  (data layout : phi_inc=384, theta_inc=1, phi_embed=768)
        finding optimal algorithm        => using Gauss nodes
        => using FFTW : Mmax=255, Nphi=768, Nlat=384  (data layout : phi_inc=384, theta_inc=1, phi_embed=768)
        finding optimal algorithm        finding optimal algorithm        => using FFTW : Mmax=255, Nphi=768, Nlat=384  (data layout : phi_inc=384, theta_inc=1, phi_embed=768)
        finding optimal algorithm        => using Gauss nodes
        finding optimal algorithm        => using Gauss nodes
        finding optimal algorithm        => using Gauss nodes
        finding optimal algorithm        => using FFTW : Mmax=255, Nphi=768, Nlat=384  (data layout : phi_inc=384, theta_inc=1, phi_embed=768)
        => using Gauss nodes
        => using Gauss nodes
        => using Gauss nodes
        => using Gauss nodes
        => using Gauss nodes
        => using Gauss nodes
        => using Gauss nodes
        => using Gauss nodes
        => using Gauss nodes
        => using FFTW : Mmax=255, Nphi=768, Nlat=384  (data layout : phi_inc=384, theta_inc=1, phi_embed=768)
        => using FFTW : Mmax=255, Nphi=768, Nlat=384  (data layout : phi_inc=384, theta_inc=1, phi_embed=768)
        => using FFTW : Mmax=255, Nphi=768, Nlat=384  (data layout : phi_inc=384, theta_inc=1, phi_embed=768)
        => using FFTW : Mmax=255, Nphi=768, Nlat=384  (data layout : phi_inc=384, theta_inc=1, phi_embed=768)
        => using FFTW : Mmax=255, Nphi=768, Nlat=384  (data layout : phi_inc=384, theta_inc=1, phi_embed=768)
        => using FFTW : Mmax=255, Nphi=768, Nlat=384  (data layout : phi_inc=384, theta_inc=1, phi_embed=768)
        => using FFTW : Mmax=255, Nphi=768, Nlat=384  (data layout : phi_inc=384, theta_inc=1, phi_embed=768)
        => using Gauss nodes
        => using FFTW : Mmax=255, Nphi=768, Nlat=384  (data layout : phi_inc=384, theta_inc=1, phi_embed=768)
        => using Gauss nodes
        => using Gauss nodes
        => using Gauss nodes
        => using Gauss nodes
        => using Gauss nodes
        => using Gauss nodes
        => using Gauss nodes
        => using FFTW : Mmax=255, Nphi=768, Nlat=384  (data layout : phi_inc=384, theta_inc=1, phi_embed=768)
        => using FFTW : Mmax=255, Nphi=768, Nlat=384  (data layout : phi_inc=384, theta_inc=1, phi_embed=768)
        + polar optimization threshold = 1.0e-08
        + polar optimization threshold = 1.0e-08
        => using Gauss nodes
        => using Gauss nodes
        + polar optimization threshold = 1.0e-08
        + polar optimization threshold = 1.0e-08
        + polar optimization threshold = 1.0e-08
        finding optimal algorithm        + polar optimization threshold = 1.0e-08
        finding optimal algorithm        + polar optimization threshold = 1.0e-08
        + polar optimization threshold = 1.0e-08
        + polar optimization threshold = 1.0e-08
        + polar optimization threshold = 1.0e-08
        + polar optimization threshold = 1.0e-08
        + polar optimization threshold = 1.0e-08
        + polar optimization threshold = 1.0e-08
        finding optimal algorithm        + polar optimization threshold = 1.0e-08
        + polar optimization threshold = 1.0e-08
        finding optimal algorithm        finding optimal algorithm        finding optimal algorithm        finding optimal algorithm        finding optimal algorithm        finding optimal algorithm        finding optimal algorithm        finding optimal algorithm        finding optimal algorithm        finding optimal algorithm        finding optimal algorithm        finding optimal algorithm        + polar optimization threshold = 1.0e-08
.        + polar optimization threshold = 1.0e-08
        + polar optimization threshold = 1.0e-08
        finding optimal algorithm        + polar optimization threshold = 1.0e-08
        + polar optimization threshold = 1.0e-08
        + polar optimization threshold = 1.0e-08
        + polar optimization threshold = 1.0e-08
        + polar optimization threshold = 1.0e-08
        finding optimal algorithm        finding optimal algorithm        + polar optimization threshold = 1.0e-08
        + polar optimization threshold = 1.0e-08
        + polar optimization threshold = 1.0e-08
        finding optimal algorithm        finding optimal algorithm        finding optimal algorithm        finding optimal algorithm        finding optimal algorithm        + polar optimization threshold = 1.0e-08
        finding optimal algorithm        finding optimal algorithm        finding optimal algorithm        + polar optimization threshold = 1.0e-08
        finding optimal algorithm.        finding optimal algorithm...............................................................................................................................................................................................................................................................................................................................
.
        + SHT accuracy = 1.46e-12
        => SHTns is ready.
        + SHT accuracy = 1.46e-12
        => SHTns is ready.
.
        + SHT accuracy = 1.46e-12
        => SHTns is ready.
.
.
.
        + SHT accuracy = 1.46e-12
        => SHTns is ready.
        + SHT accuracy = 1.46e-12
        => SHTns is ready.
.
.
        + SHT accuracy = 1.46e-12
        => SHTns is ready.
        + SHT accuracy = 1.46e-12
        => SHTns is ready.
        + SHT accuracy = 1.46e-12
        => SHTns is ready.
.
        + SHT accuracy = 1.46e-12
        => SHTns is ready.
.
.
.
.
        + SHT accuracy = 1.46e-12
        => SHTns is ready.
.
.
.
        + SHT accuracy = 1.46e-12
        => SHTns is ready.
        + SHT accuracy = 1.46e-12
        => SHTns is ready.
.
        + SHT accuracy = 1.46e-12
        => SHTns is ready.
.
        + SHT accuracy = 1.46e-12
        => SHTns is ready.
.
        + SHT accuracy = 1.46e-12
        => SHTns is ready.
.
        + SHT accuracy = 1.46e-12
        => SHTns is ready.
.
        + SHT accuracy = 1.46e-12
        => SHTns is ready.
.
.
        + SHT accuracy = 1.46e-12
        => SHTns is ready.
.
        + SHT accuracy = 1.46e-12
        => SHTns is ready.
        + SHT accuracy = 1.46e-12
        => SHTns is ready.
        + SHT accuracy = 1.46e-12
        => SHTns is ready.
.
.
        + SHT accuracy = 1.46e-12
        => SHTns is ready.
.
        + SHT accuracy = 1.46e-12
        => SHTns is ready.
.
        + SHT accuracy = 1.46e-12
        => SHTns is ready.
        + SHT accuracy = 1.46e-12
        => SHTns is ready.
        + SHT accuracy = 1.46e-12
        => SHTns is ready.
.
.
        + SHT accuracy = 1.46e-12
        => SHTns is ready.
.
.
        + SHT accuracy = 1.46e-12
        => SHTns is ready.
.
.
        + SHT accuracy = 1.46e-12
        => SHTns is ready.
        + SHT accuracy = 1.46e-12
        => SHTns is ready.
        + SHT accuracy = 1.46e-12
        => SHTns is ready.
        + SHT accuracy = 1.46e-12
        => SHTns is ready.
.
.
        + SHT accuracy = 1.46e-12
        => SHTns is ready.
        + SHT accuracy = 1.46e-12
        => SHTns is ready.
.
.
        + SHT accuracy = 1.46e-12
        => SHTns is ready.
.
.
        + SHT accuracy = 1.46e-12
        => SHTns is ready.
.
        + SHT accuracy = 1.46e-12
        => SHTns is ready.
.
.
.
.
.
.
        + SHT accuracy = 1.46e-12
        => SHTns is ready.
        + SHT accuracy = 1.46e-12
        => SHTns is ready.
        + SHT accuracy = 1.46e-12
        => SHTns is ready.
.
        + SHT accuracy = 1.46e-12
        => SHTns is ready.
.
.
.
        + SHT accuracy = 1.46e-12
        => SHTns is ready.
        + SHT accuracy = 1.46e-12
        => SHTns is ready.
        + SHT accuracy = 1.46e-12
        => SHTns is ready.
        + SHT accuracy = 1.46e-12
        => SHTns is ready.
        + SHT accuracy = 1.46e-12
        => SHTns is ready.
        + SHT accuracy = 1.46e-12
        => SHTns is ready.
.
.
        + SHT accuracy = 1.46e-12
        => SHTns is ready.
        + SHT accuracy = 1.46e-12
        => SHTns is ready.
        + SHT accuracy = 1.46e-12
        => SHTns is ready.
        + SHT accuracy = 1.46e-12
        => SHTns is ready.
.
.
.
        + SHT accuracy = 1.46e-12
        => SHTns is ready.
.
        + SHT accuracy = 1.46e-12
        => SHTns is ready.
.
        + SHT accuracy = 1.46e-12
        => SHTns is ready.
        + SHT accuracy = 1.46e-12
        => SHTns is ready.
        + SHT accuracy = 1.46e-12
        => SHTns is ready.
.
        + SHT accuracy = 1.46e-12
        => SHTns is ready.
        + SHT accuracy = 1.46e-12
        => SHTns is ready.
.
        + SHT accuracy = 1.46e-12
        => SHTns is ready.
        + SHT accuracy = 1.46e-12
        => SHTns is ready.
 -- Initalizing Reference State...
 ---- Specified parameters:
 ---- Reference type           :  Boussinesq (Non-dimensional)
 ---- Rayleigh Number          :  1.00000E+05
 ---- Ekman Number             :  1.00000E-03
 ---- Prandtl Number           :  1.00000E+00
 ---- Magnetic Prandtl Number  :  5.00000E+00
 -- Reference State initialized.

.
        + SHT accuracy = 1.46e-12
        => SHTns is ready.
.
        + SHT accuracy = 1.46e-12
        => SHTns is ready.
.
        + SHT accuracy = 1.46e-12
        => SHTns is ready.
.
        + SHT accuracy = 1e-12
        => SHTns is ready.
 -- Initializing Fields...
 ---- Specified parameters:
 ---- Hydro Init Type    : Benchmark (Christensen et al. 2001)
 ---- Magnetic Init Type : Benchmark (Christensen et al. 2001)
 -- Fields initialized.

 Initialization Complete.
 //////////////////////////////////////

 Timestep has changed from  0.00000E+00 to  1.00000E-04.
 Iteration:  00000001   DeltaT:  1.000E-04   Iter/sec:  0.000E+00
 Timestep has changed from  1.00000E-04 to  2.55566E-06.
 Iteration:  00000002   DeltaT:  2.556E-06   Iter/sec:  1.930E-01
 Iteration:  00000003   DeltaT:  2.556E-06   Iter/sec:  7.444E-01
 Iteration:  00000004   DeltaT:  2.556E-06   Iter/sec:  8.498E-01
 Iteration:  00000005   DeltaT:  2.556E-06   Iter/sec:  8.664E-01
 Iteration:  00000006   DeltaT:  2.556E-06   Iter/sec:  8.535E-01
 Iteration:  00000007   DeltaT:  2.556E-06   Iter/sec:  8.605E-01
 Iteration:  00000008   DeltaT:  2.556E-06   Iter/sec:  8.593E-01
 Iteration:  00000009   DeltaT:  2.556E-06   Iter/sec:  8.656E-01
 Iteration:  00000010   DeltaT:  2.556E-06   Iter/sec:  8.516E-01
 Iteration:  00000011   DeltaT:  2.556E-06   Iter/sec:  8.585E-01
 Iteration:  00000012   DeltaT:  2.556E-06   Iter/sec:  8.579E-01
 Iteration:  00000013   DeltaT:  2.556E-06   Iter/sec:  8.588E-01
 Iteration:  00000014   DeltaT:  2.556E-06   Iter/sec:  8.712E-01
 Iteration:  00000015   DeltaT:  2.556E-06   Iter/sec:  8.423E-01
 Iteration:  00000016   DeltaT:  2.556E-06   Iter/sec:  8.633E-01
 Iteration:  00000017   DeltaT:  2.556E-06   Iter/sec:  8.551E-01
 Iteration:  00000018   DeltaT:  2.556E-06   Iter/sec:  8.627E-01
 Iteration:  00000019   DeltaT:  2.556E-06   Iter/sec:  8.538E-01
 Iteration:  00000020   DeltaT:  2.556E-06   Iter/sec:  8.613E-01
 Iteration:  00000021   DeltaT:  2.556E-06   Iter/sec:  8.544E-01
 Iteration:  00000022   DeltaT:  2.556E-06   Iter/sec:  8.672E-01
 Iteration:  00000023   DeltaT:  2.556E-06   Iter/sec:  8.635E-01
 Iteration:  00000024   DeltaT:  2.556E-06   Iter/sec:  8.542E-01
 Iteration:  00000025   DeltaT:  2.556E-06   Iter/sec:  8.617E-01
 Iteration:  00000026   DeltaT:  2.556E-06   Iter/sec:  8.538E-01
 Iteration:  00000027   DeltaT:  2.556E-06   Iter/sec:  8.611E-01
 Iteration:  00000028   DeltaT:  2.556E-06   Iter/sec:  8.524E-01
 Iteration:  00000029   DeltaT:  2.556E-06   Iter/sec:  8.640E-01
 Iteration:  00000030   DeltaT:  2.556E-06   Iter/sec:  8.562E-01
 Iteration:  00000031   DeltaT:  2.556E-06   Iter/sec:  8.666E-01
 Iteration:  00000032   DeltaT:  2.556E-06   Iter/sec:  8.598E-01
 Iteration:  00000033   DeltaT:  2.556E-06   Iter/sec:  8.671E-01
 Iteration:  00000034   DeltaT:  2.556E-06   Iter/sec:  8.632E-01
 Iteration:  00000035   DeltaT:  2.556E-06   Iter/sec:  8.457E-01
 Iteration:  00000036   DeltaT:  2.556E-06   Iter/sec:  8.610E-01
 Iteration:  00000037   DeltaT:  2.556E-06   Iter/sec:  8.516E-01
 Iteration:  00000038   DeltaT:  2.556E-06   Iter/sec:  8.637E-01
 Iteration:  00000039   DeltaT:  2.556E-06   Iter/sec:  8.563E-01
 Iteration:  00000040   DeltaT:  2.556E-06   Iter/sec:  8.550E-01
 Iteration:  00000041   DeltaT:  2.556E-06   Iter/sec:  8.631E-01
 Iteration:  00000042   DeltaT:  2.556E-06   Iter/sec:  8.535E-01
 Iteration:  00000043   DeltaT:  2.556E-06   Iter/sec:  8.590E-01
 Iteration:  00000044   DeltaT:  2.556E-06   Iter/sec:  8.570E-01
 Iteration:  00000045   DeltaT:  2.556E-06   Iter/sec:  8.554E-01
 Iteration:  00000046   DeltaT:  2.556E-06   Iter/sec:  8.675E-01
 Iteration:  00000047   DeltaT:  2.556E-06   Iter/sec:  8.555E-01
 Iteration:  00000048   DeltaT:  2.556E-06   Iter/sec:  8.505E-01
 Iteration:  00000049   DeltaT:  2.556E-06   Iter/sec:  8.604E-01
 Iteration:  00000050   DeltaT:  2.556E-06   Iter/sec:  8.456E-01


//////////////////////////////////////////////
   Measured Timings for Process 0  (seconds)

 Elapsed time:        59.4608
  Column time:         4.8292
     Row time:        20.0823
Legendre time:        10.7153
     FFT time:         4.0189
   Solve time:         1.3957
    rlma time:         1.1812
    rlmb time:         0.4287
  pspace time:         7.9597
  psolve time:         6.8153
    dphi time:         0.3158
captured time:        57.7422

     iter/sec:         0.8241
//////////////////////////////////////////////
