 //////////////////////////////////////
 Initializating Rayleigh...

 -- Initalizing MPI...
 ---- Specified parameters:
 ---- NCPU  :    512
 ---- NPROW :     16
 ---- NPCOL :     32
 -- MPI initialized.


 -- Initalizing Grid...
 ---- Specified parameters ----
 ---- N_R                 :    256
 ---- N_THETA             :    768
 ---- Ell_MAX             :    511
 ---- R_MIN               :  5.38462E-01
 ---- R_MAX               :  1.53846E+00
 ---- Chebyshev Domains   :      1

        Domain 1
          Grid points           :  256
          Dealiased Polynomials :  170
          Domain Lower Bound    :  5.38462E-01
          Domain Upper Bound    :  1.53846E+00

 -- Grid initialized.

[SHTns 3.4.5] built Apr 30 2021, 15:49:24, id: avx2,ishioka
        Lmax=511, Mmax*Mres=511, Mres=1, Nlm=131328  [1 threads, orthonormalized]
        => using FFTW : Mmax=511, Nphi=1536, Nlat=768  (data layout : phi_inc=768, theta_inc=1, phi_embed=1536)
        => using Gauss nodes
        + polar optimization threshold = 1.0e-08
        finding optimal algorithm........
        + SHT accuracy = 3.35e-13
        => SHTns is ready.
 -- Initalizing Reference State...
 ---- Specified parameters:
 ---- Reference type           :  Boussinesq (Non-dimensional)
 ---- Rayleigh Number          :  1.00000E+05
 ---- Ekman Number             :  1.00000E-03
 ---- Prandtl Number           :  1.00000E+00
 ---- Magnetic Prandtl Number  :  5.00000E+00
 -- Reference State initialized.

 -- Initializing Fields...
 ---- Specified parameters:
 ---- Hydro Init Type    : Benchmark (Christensen et al. 2001)
 ---- Magnetic Init Type : Benchmark (Christensen et al. 2001)
 -- Fields initialized.

 Initialization Complete.
 //////////////////////////////////////

 Timestep has changed from  0.00000E+00 to  1.00000E-04.
 Iteration:  00000001   DeltaT:  1.000E-04   Iter/sec:  0.000E+00
 Timestep has changed from  1.00000E-04 to  6.38929E-07.
 Iteration:  00000002   DeltaT:  6.389E-07   Iter/sec:  9.999E-02
 Iteration:  00000003   DeltaT:  6.389E-07   Iter/sec:  4.649E-01
 Iteration:  00000004   DeltaT:  6.389E-07   Iter/sec:  7.183E-01
 Iteration:  00000005   DeltaT:  6.389E-07   Iter/sec:  7.328E-01
 Iteration:  00000006   DeltaT:  6.389E-07   Iter/sec:  7.352E-01
 Iteration:  00000007   DeltaT:  6.389E-07   Iter/sec:  7.220E-01
 Iteration:  00000008   DeltaT:  6.389E-07   Iter/sec:  7.198E-01
 Iteration:  00000009   DeltaT:  6.389E-07   Iter/sec:  7.348E-01
 Iteration:  00000010   DeltaT:  6.389E-07   Iter/sec:  7.394E-01
 Iteration:  00000011   DeltaT:  6.389E-07   Iter/sec:  7.313E-01
 Iteration:  00000012   DeltaT:  6.389E-07   Iter/sec:  7.448E-01
 Iteration:  00000013   DeltaT:  6.389E-07   Iter/sec:  7.494E-01
 Iteration:  00000014   DeltaT:  6.389E-07   Iter/sec:  7.414E-01
 Iteration:  00000015   DeltaT:  6.389E-07   Iter/sec:  7.240E-01
 Iteration:  00000016   DeltaT:  6.389E-07   Iter/sec:  7.362E-01
 Iteration:  00000017   DeltaT:  6.389E-07   Iter/sec:  7.248E-01
 Iteration:  00000018   DeltaT:  6.389E-07   Iter/sec:  7.076E-01
 Iteration:  00000019   DeltaT:  6.389E-07   Iter/sec:  7.155E-01
 Iteration:  00000020   DeltaT:  6.389E-07   Iter/sec:  7.105E-01
 Iteration:  00000021   DeltaT:  6.389E-07   Iter/sec:  7.194E-01
 Iteration:  00000022   DeltaT:  6.389E-07   Iter/sec:  7.271E-01
 Iteration:  00000023   DeltaT:  6.389E-07   Iter/sec:  7.253E-01
 Iteration:  00000024   DeltaT:  6.389E-07   Iter/sec:  7.346E-01
 Iteration:  00000025   DeltaT:  6.389E-07   Iter/sec:  7.282E-01
 Iteration:  00000026   DeltaT:  6.389E-07   Iter/sec:  7.206E-01
 Iteration:  00000027   DeltaT:  6.389E-07   Iter/sec:  7.219E-01
 Iteration:  00000028   DeltaT:  6.389E-07   Iter/sec:  7.246E-01
 Iteration:  00000029   DeltaT:  6.389E-07   Iter/sec:  7.270E-01
 Iteration:  00000030   DeltaT:  6.389E-07   Iter/sec:  7.241E-01
 Iteration:  00000031   DeltaT:  6.389E-07   Iter/sec:  7.308E-01
 Iteration:  00000032   DeltaT:  6.389E-07   Iter/sec:  7.271E-01
 Iteration:  00000033   DeltaT:  6.389E-07   Iter/sec:  7.375E-01
 Iteration:  00000034   DeltaT:  6.389E-07   Iter/sec:  7.343E-01
 Iteration:  00000035   DeltaT:  6.389E-07   Iter/sec:  7.390E-01
 Iteration:  00000036   DeltaT:  6.389E-07   Iter/sec:  7.279E-01
 Iteration:  00000037   DeltaT:  6.389E-07   Iter/sec:  7.364E-01
 Iteration:  00000038   DeltaT:  6.389E-07   Iter/sec:  7.404E-01
 Iteration:  00000039   DeltaT:  6.389E-07   Iter/sec:  7.373E-01
 Iteration:  00000040   DeltaT:  6.389E-07   Iter/sec:  7.284E-01
 Iteration:  00000041   DeltaT:  6.389E-07   Iter/sec:  7.209E-01
 Iteration:  00000042   DeltaT:  6.389E-07   Iter/sec:  7.406E-01
 Iteration:  00000043   DeltaT:  6.389E-07   Iter/sec:  7.389E-01
 Iteration:  00000044   DeltaT:  6.389E-07   Iter/sec:  7.387E-01
 Iteration:  00000045   DeltaT:  6.389E-07   Iter/sec:  7.261E-01
 Iteration:  00000046   DeltaT:  6.389E-07   Iter/sec:  7.350E-01
 Iteration:  00000047   DeltaT:  6.389E-07   Iter/sec:  7.392E-01
 Iteration:  00000048   DeltaT:  6.389E-07   Iter/sec:  7.516E-01
 Iteration:  00000049   DeltaT:  6.389E-07   Iter/sec:  7.393E-01
 Iteration:  00000050   DeltaT:  6.389E-07   Iter/sec:  7.307E-01


//////////////////////////////////////////////
   Measured Timings for Process 0  (seconds)

 Elapsed time:        70.0201
  Column time:        17.1071
     Row time:        18.4688
Legendre time:         7.6651
     FFT time:         3.8154
   Solve time:         2.8831
    rlma time:         0.8161
    rlmb time:         0.4880
  pspace time:         9.0224
  psolve time:         8.4489
    dphi time:         0.4280
captured time:        69.1428

     iter/sec:         0.7141
//////////////////////////////////////////////
