 //////////////////////////////////////
 Initializating Rayleigh...

 -- Initalizing MPI...
 ---- Specified parameters:
 ---- NCPU  :    256
 ---- NPROW :      8
 ---- NPCOL :     32
 -- MPI initialized.


 -- Initalizing Grid...
 ---- Specified parameters ----
 ---- N_R                 :     64
 ---- N_THETA             :    192
 ---- Ell_MAX             :    127
 ---- R_MIN               :  5.38462E-01
 ---- R_MAX               :  1.53846E+00
 ---- Chebyshev Domains   :      1

        Domain 1
          Grid points           :  64
          Dealiased Polynomials :  42
          Domain Lower Bound    :  5.38462E-01
          Domain Upper Bound    :  1.53846E+00

 -- Grid initialized.

[SHTns 3.4.5] built Apr 30 2021, 15:49:24, id: avx2,ishioka
        Lmax=127, Mmax*Mres=127, Mres=1, Nlm=8256  [1 threads, orthonormalized]
        => using FFTW : Mmax=127, Nphi=384, Nlat=192  (data layout : phi_inc=192, theta_inc=1, phi_embed=384)
        => using Gauss nodes
        + polar optimization threshold = 1.0e-08
        finding optimal algorithm........
        + SHT accuracy = 4.55e-14
        => SHTns is ready.
 -- Initalizing Reference State...
 ---- Specified parameters:
 ---- Reference type           :  Boussinesq (Non-dimensional)
 ---- Rayleigh Number          :  1.00000E+05
 ---- Ekman Number             :  1.00000E-03
 ---- Prandtl Number           :  1.00000E+00
 ---- Magnetic Prandtl Number  :  5.00000E+00
 -- Reference State initialized.

 -- Initializing Fields...
 ---- Specified parameters:
 ---- Hydro Init Type    : Benchmark (Christensen et al. 2001)
 ---- Magnetic Init Type : Benchmark (Christensen et al. 2001)
 -- Fields initialized.

 Initialization Complete.
 //////////////////////////////////////

 Timestep has changed from  0.00000E+00 to  1.00000E-04.
 Iteration:  00000001   DeltaT:  1.000E-04   Iter/sec:  0.000E+00
 Timestep has changed from  1.00000E-04 to  1.02217E-05.
 Iteration:  00000002   DeltaT:  1.022E-05   Iter/sec:  2.478E-01
 Iteration:  00000003   DeltaT:  1.022E-05   Iter/sec:  3.285E+01
 Iteration:  00000004   DeltaT:  1.022E-05   Iter/sec:  4.257E+01
 Iteration:  00000005   DeltaT:  1.022E-05   Iter/sec:  4.257E+01
 Iteration:  00000006   DeltaT:  1.022E-05   Iter/sec:  4.255E+01
 Iteration:  00000007   DeltaT:  1.022E-05   Iter/sec:  4.358E+01
 Iteration:  00000008   DeltaT:  1.022E-05   Iter/sec:  4.267E+01
 Iteration:  00000009   DeltaT:  1.022E-05   Iter/sec:  4.314E+01
 Iteration:  00000010   DeltaT:  1.022E-05   Iter/sec:  4.434E+01
 Iteration:  00000011   DeltaT:  1.022E-05   Iter/sec:  4.230E+01
 Iteration:  00000012   DeltaT:  1.022E-05   Iter/sec:  4.457E+01
 Iteration:  00000013   DeltaT:  1.022E-05   Iter/sec:  4.289E+01
 Iteration:  00000014   DeltaT:  1.022E-05   Iter/sec:  4.366E+01
 Iteration:  00000015   DeltaT:  1.022E-05   Iter/sec:  4.372E+01
 Iteration:  00000016   DeltaT:  1.022E-05   Iter/sec:  4.367E+01
 Iteration:  00000017   DeltaT:  1.022E-05   Iter/sec:  4.439E+01
 Iteration:  00000018   DeltaT:  1.022E-05   Iter/sec:  4.435E+01
 Iteration:  00000019   DeltaT:  1.022E-05   Iter/sec:  4.364E+01
 Iteration:  00000020   DeltaT:  1.022E-05   Iter/sec:  4.438E+01
 Iteration:  00000021   DeltaT:  1.022E-05   Iter/sec:  4.328E+01
 Iteration:  00000022   DeltaT:  1.022E-05   Iter/sec:  4.358E+01
 Iteration:  00000023   DeltaT:  1.022E-05   Iter/sec:  4.319E+01
 Iteration:  00000024   DeltaT:  1.022E-05   Iter/sec:  4.366E+01
 Iteration:  00000025   DeltaT:  1.022E-05   Iter/sec:  4.406E+01
 Iteration:  00000026   DeltaT:  1.022E-05   Iter/sec:  4.340E+01
 Iteration:  00000027   DeltaT:  1.022E-05   Iter/sec:  4.369E+01
 Iteration:  00000028   DeltaT:  1.022E-05   Iter/sec:  4.426E+01
 Iteration:  00000029   DeltaT:  1.022E-05   Iter/sec:  3.573E+01
 Iteration:  00000030   DeltaT:  1.022E-05   Iter/sec:  4.402E+01
 Iteration:  00000031   DeltaT:  1.022E-05   Iter/sec:  4.304E+01
 Iteration:  00000032   DeltaT:  1.022E-05   Iter/sec:  4.381E+01
 Iteration:  00000033   DeltaT:  1.022E-05   Iter/sec:  4.389E+01
 Iteration:  00000034   DeltaT:  1.022E-05   Iter/sec:  4.367E+01
 Iteration:  00000035   DeltaT:  1.022E-05   Iter/sec:  4.425E+01
 Iteration:  00000036   DeltaT:  1.022E-05   Iter/sec:  4.427E+01
 Iteration:  00000037   DeltaT:  1.022E-05   Iter/sec:  4.368E+01
 Iteration:  00000038   DeltaT:  1.022E-05   Iter/sec:  4.461E+01
 Iteration:  00000039   DeltaT:  1.022E-05   Iter/sec:  4.240E+01
 Iteration:  00000040   DeltaT:  1.022E-05   Iter/sec:  4.181E+01
 Iteration:  00000041   DeltaT:  1.022E-05   Iter/sec:  4.160E+01
 Iteration:  00000042   DeltaT:  1.022E-05   Iter/sec:  4.415E+01
 Iteration:  00000043   DeltaT:  1.022E-05   Iter/sec:  4.464E+01
 Iteration:  00000044   DeltaT:  1.022E-05   Iter/sec:  4.450E+01
 Iteration:  00000045   DeltaT:  1.022E-05   Iter/sec:  4.425E+01
 Iteration:  00000046   DeltaT:  1.022E-05   Iter/sec:  4.290E+01
 Iteration:  00000047   DeltaT:  1.022E-05   Iter/sec:  4.432E+01
 Iteration:  00000048   DeltaT:  1.022E-05   Iter/sec:  4.420E+01
 Iteration:  00000049   DeltaT:  1.022E-05   Iter/sec:  4.425E+01
 Iteration:  00000050   DeltaT:  1.022E-05   Iter/sec:  4.355E+01


//////////////////////////////////////////////
   Measured Timings for Process 0  (seconds)

 Elapsed time:         1.1676
  Column time:         0.3031
     Row time:         0.3433
Legendre time:         0.0867
     FFT time:         0.1037
   Solve time:         0.0594
    rlma time:         0.0275
    rlmb time:         0.0116
  pspace time:         0.1075
  psolve time:         0.0924
    dphi time:         0.0114
captured time:         1.1466

     iter/sec:        42.8232
//////////////////////////////////////////////
