 //////////////////////////////////////
 Initializating Rayleigh...

 -- Initalizing MPI...
 ---- Specified parameters:
 ---- NCPU  :    256
 ---- NPROW :      8
 ---- NPCOL :     32
 -- MPI initialized.


 -- Initalizing Grid...
 ---- Specified parameters ----
 ---- N_R                 :    256
 ---- N_THETA             :    768
 ---- Ell_MAX             :    511
 ---- R_MIN               :  5.38462E-01
 ---- R_MAX               :  1.53846E+00
 ---- Chebyshev Domains   :      1

        Domain 1
          Grid points           :  256
          Dealiased Polynomials :  170
          Domain Lower Bound    :  5.38462E-01
          Domain Upper Bound    :  1.53846E+00

 -- Grid initialized.

[SHTns 3.4.5] built Apr 30 2021, 15:49:24, id: avx2,ishioka
        Lmax=511, Mmax*Mres=511, Mres=1, Nlm=131328  [1 threads, orthonormalized]
        => using FFTW : Mmax=511, Nphi=1536, Nlat=768  (data layout : phi_inc=768, theta_inc=1, phi_embed=1536)
        => using Gauss nodes
        + polar optimization threshold = 1.0e-08
        finding optimal algorithm........
        + SHT accuracy = 4.71e-13
        => SHTns is ready.
 -- Initalizing Reference State...
 ---- Specified parameters:
 ---- Reference type           :  Boussinesq (Non-dimensional)
 ---- Rayleigh Number          :  1.00000E+05
 ---- Ekman Number             :  1.00000E-03
 ---- Prandtl Number           :  1.00000E+00
 ---- Magnetic Prandtl Number  :  5.00000E+00
 -- Reference State initialized.

 -- Initializing Fields...
 ---- Specified parameters:
 ---- Hydro Init Type    : Benchmark (Christensen et al. 2001)
 ---- Magnetic Init Type : Benchmark (Christensen et al. 2001)
 -- Fields initialized.

 Initialization Complete.
 //////////////////////////////////////

 Timestep has changed from  0.00000E+00 to  1.00000E-04.
 Iteration:  00000001   DeltaT:  1.000E-04   Iter/sec:  0.000E+00
 Timestep has changed from  1.00000E-04 to  6.38929E-07.
 Iteration:  00000002   DeltaT:  6.389E-07   Iter/sec:  8.235E-02
 Iteration:  00000003   DeltaT:  6.389E-07   Iter/sec:  2.866E-01
 Iteration:  00000004   DeltaT:  6.389E-07   Iter/sec:  3.883E-01
 Iteration:  00000005   DeltaT:  6.389E-07   Iter/sec:  3.807E-01
 Iteration:  00000006   DeltaT:  6.389E-07   Iter/sec:  3.882E-01
 Iteration:  00000007   DeltaT:  6.389E-07   Iter/sec:  3.878E-01
 Iteration:  00000008   DeltaT:  6.389E-07   Iter/sec:  3.904E-01
 Iteration:  00000009   DeltaT:  6.389E-07   Iter/sec:  3.892E-01
 Iteration:  00000010   DeltaT:  6.389E-07   Iter/sec:  3.880E-01
 Iteration:  00000011   DeltaT:  6.389E-07   Iter/sec:  3.884E-01
 Iteration:  00000012   DeltaT:  6.389E-07   Iter/sec:  3.900E-01
 Iteration:  00000013   DeltaT:  6.389E-07   Iter/sec:  3.882E-01
 Iteration:  00000014   DeltaT:  6.389E-07   Iter/sec:  3.883E-01
 Iteration:  00000015   DeltaT:  6.389E-07   Iter/sec:  3.929E-01
 Iteration:  00000016   DeltaT:  6.389E-07   Iter/sec:  3.878E-01
 Iteration:  00000017   DeltaT:  6.389E-07   Iter/sec:  3.863E-01
 Iteration:  00000018   DeltaT:  6.389E-07   Iter/sec:  3.904E-01
 Iteration:  00000019   DeltaT:  6.389E-07   Iter/sec:  3.868E-01
 Iteration:  00000020   DeltaT:  6.389E-07   Iter/sec:  3.766E-01
 Iteration:  00000021   DeltaT:  6.389E-07   Iter/sec:  3.896E-01
 Iteration:  00000022   DeltaT:  6.389E-07   Iter/sec:  3.894E-01
 Iteration:  00000023   DeltaT:  6.389E-07   Iter/sec:  3.888E-01
 Iteration:  00000024   DeltaT:  6.389E-07   Iter/sec:  3.896E-01
 Iteration:  00000025   DeltaT:  6.389E-07   Iter/sec:  3.846E-01
 Iteration:  00000026   DeltaT:  6.389E-07   Iter/sec:  3.818E-01
 Iteration:  00000027   DeltaT:  6.389E-07   Iter/sec:  3.856E-01
 Iteration:  00000028   DeltaT:  6.389E-07   Iter/sec:  3.899E-01
 Iteration:  00000029   DeltaT:  6.389E-07   Iter/sec:  3.913E-01
 Iteration:  00000030   DeltaT:  6.389E-07   Iter/sec:  3.873E-01
 Iteration:  00000031   DeltaT:  6.389E-07   Iter/sec:  3.920E-01
 Iteration:  00000032   DeltaT:  6.389E-07   Iter/sec:  3.892E-01
 Iteration:  00000033   DeltaT:  6.389E-07   Iter/sec:  3.879E-01
 Iteration:  00000034   DeltaT:  6.389E-07   Iter/sec:  3.894E-01
 Iteration:  00000035   DeltaT:  6.389E-07   Iter/sec:  3.887E-01
 Iteration:  00000036   DeltaT:  6.389E-07   Iter/sec:  3.887E-01
 Iteration:  00000037   DeltaT:  6.389E-07   Iter/sec:  3.755E-01
 Iteration:  00000038   DeltaT:  6.389E-07   Iter/sec:  3.879E-01
 Iteration:  00000039   DeltaT:  6.389E-07   Iter/sec:  3.869E-01
 Iteration:  00000040   DeltaT:  6.389E-07   Iter/sec:  3.905E-01
 Iteration:  00000041   DeltaT:  6.389E-07   Iter/sec:  3.896E-01
 Iteration:  00000042   DeltaT:  6.389E-07   Iter/sec:  3.884E-01
 Iteration:  00000043   DeltaT:  6.389E-07   Iter/sec:  3.841E-01
 Iteration:  00000044   DeltaT:  6.389E-07   Iter/sec:  3.906E-01
 Iteration:  00000045   DeltaT:  6.389E-07   Iter/sec:  3.894E-01
 Iteration:  00000046   DeltaT:  6.389E-07   Iter/sec:  3.918E-01
 Iteration:  00000047   DeltaT:  6.389E-07   Iter/sec:  3.877E-01
 Iteration:  00000048   DeltaT:  6.389E-07   Iter/sec:  3.843E-01
 Iteration:  00000049   DeltaT:  6.389E-07   Iter/sec:  3.903E-01
 Iteration:  00000050   DeltaT:  6.389E-07   Iter/sec:  3.908E-01


//////////////////////////////////////////////
   Measured Timings for Process 0  (seconds)

 Elapsed time:       130.7679
  Column time:        23.0312
     Row time:        41.7908
Legendre time:        15.3097
     FFT time:         7.8008
   Solve time:         4.5606
    rlma time:         2.5781
    rlmb time:         1.1310
  pspace time:        16.1754
  psolve time:        15.5042
    dphi time:         0.7088
captured time:       128.5905

     iter/sec:         0.3824
//////////////////////////////////////////////
