 //////////////////////////////////////
 Initializating Rayleigh...

 -- Initalizing MPI...
 ---- Specified parameters:
 ---- NCPU  :   4096
 ---- NPROW :     32
 ---- NPCOL :    128
 -- MPI initialized.


 -- Initalizing Grid...
 ---- Specified parameters ----
 ---- N_R                 :    512
 ---- N_THETA             :   1536
 ---- Ell_MAX             :   1023
 ---- R_MIN               :  5.38462E-01
 ---- R_MAX               :  1.53846E+00
 ---- Chebyshev Domains   :      1

        Domain 1
          Grid points           :  512
          Dealiased Polynomials :  341
          Domain Lower Bound    :  5.38462E-01
          Domain Upper Bound    :  1.53846E+00

 -- Grid initialized.

[SHTns 3.4.5] built Apr 30 2021, 15:49:24, id: avx2,ishioka
        Lmax=1023, Mmax*Mres=1023, Mres=1, Nlm=524800  [1 threads, orthonormalized]
        => using FFTW : Mmax=1023, Nphi=3072, Nlat=1536  (data layout : phi_inc=1536, theta_inc=1, phi_embed=3072)
        => using Gauss nodes
        + polar optimization threshold = 1.0e-08
        finding optimal algorithm...
        + SHT accuracy = 9.67e-13
        => SHTns is ready.
 -- Initalizing Reference State...
 ---- Specified parameters:
 ---- Reference type           :  Boussinesq (Non-dimensional)
 ---- Rayleigh Number          :  1.00000E+05
 ---- Ekman Number             :  1.00000E-03
 ---- Prandtl Number           :  1.00000E+00
 ---- Magnetic Prandtl Number  :  5.00000E+00
 -- Reference State initialized.

 -- Initializing Fields...
 ---- Specified parameters:
 ---- Hydro Init Type    : Benchmark (Christensen et al. 2001)
 ---- Magnetic Init Type : Benchmark (Christensen et al. 2001)
 -- Fields initialized.

 Initialization Complete.
 //////////////////////////////////////

 Timestep has changed from  0.00000E+00 to  1.00000E-04.
 Iteration:  00000001   DeltaT:  1.000E-04   Iter/sec:  0.000E+00
 Timestep has changed from  1.00000E-04 to  1.59733E-07.
 Iteration:  00000002   DeltaT:  1.597E-07   Iter/sec:  6.890E-02
 Iteration:  00000003   DeltaT:  1.597E-07   Iter/sec:  1.905E-01
 Iteration:  00000004   DeltaT:  1.597E-07   Iter/sec:  4.577E-01
 Iteration:  00000005   DeltaT:  1.597E-07   Iter/sec:  4.637E-01
 Iteration:  00000006   DeltaT:  1.597E-07   Iter/sec:  4.606E-01
 Iteration:  00000007   DeltaT:  1.597E-07   Iter/sec:  4.567E-01
 Iteration:  00000008   DeltaT:  1.597E-07   Iter/sec:  4.527E-01
 Iteration:  00000009   DeltaT:  1.597E-07   Iter/sec:  4.622E-01
 Iteration:  00000010   DeltaT:  1.597E-07   Iter/sec:  4.598E-01
 Iteration:  00000011   DeltaT:  1.597E-07   Iter/sec:  4.531E-01
 Iteration:  00000012   DeltaT:  1.597E-07   Iter/sec:  4.654E-01
 Iteration:  00000013   DeltaT:  1.597E-07   Iter/sec:  4.484E-01
 Iteration:  00000014   DeltaT:  1.597E-07   Iter/sec:  4.608E-01
 Iteration:  00000015   DeltaT:  1.597E-07   Iter/sec:  4.623E-01
 Iteration:  00000016   DeltaT:  1.597E-07   Iter/sec:  4.481E-01
 Iteration:  00000017   DeltaT:  1.597E-07   Iter/sec:  4.594E-01
 Iteration:  00000018   DeltaT:  1.597E-07   Iter/sec:  4.619E-01
 Iteration:  00000019   DeltaT:  1.597E-07   Iter/sec:  4.529E-01
 Iteration:  00000020   DeltaT:  1.597E-07   Iter/sec:  4.583E-01
 Iteration:  00000021   DeltaT:  1.597E-07   Iter/sec:  4.595E-01
 Iteration:  00000022   DeltaT:  1.597E-07   Iter/sec:  4.565E-01
 Iteration:  00000023   DeltaT:  1.597E-07   Iter/sec:  4.632E-01
 Iteration:  00000024   DeltaT:  1.597E-07   Iter/sec:  4.492E-01
 Iteration:  00000025   DeltaT:  1.597E-07   Iter/sec:  4.605E-01
 Iteration:  00000026   DeltaT:  1.597E-07   Iter/sec:  4.657E-01
 Iteration:  00000027   DeltaT:  1.597E-07   Iter/sec:  4.457E-01
 Iteration:  00000028   DeltaT:  1.597E-07   Iter/sec:  4.617E-01
 Iteration:  00000029   DeltaT:  1.597E-07   Iter/sec:  4.580E-01
 Iteration:  00000030   DeltaT:  1.597E-07   Iter/sec:  4.581E-01
 Iteration:  00000031   DeltaT:  1.597E-07   Iter/sec:  4.571E-01
 Iteration:  00000032   DeltaT:  1.597E-07   Iter/sec:  4.640E-01
 Iteration:  00000033   DeltaT:  1.597E-07   Iter/sec:  4.628E-01
 Iteration:  00000034   DeltaT:  1.597E-07   Iter/sec:  4.582E-01
 Iteration:  00000035   DeltaT:  1.597E-07   Iter/sec:  4.591E-01
 Iteration:  00000036   DeltaT:  1.597E-07   Iter/sec:  4.614E-01
 Iteration:  00000037   DeltaT:  1.597E-07   Iter/sec:  4.571E-01
 Iteration:  00000038   DeltaT:  1.597E-07   Iter/sec:  4.579E-01
 Iteration:  00000039   DeltaT:  1.597E-07   Iter/sec:  4.580E-01
 Iteration:  00000040   DeltaT:  1.597E-07   Iter/sec:  4.583E-01
 Iteration:  00000041   DeltaT:  1.597E-07   Iter/sec:  4.620E-01
 Iteration:  00000042   DeltaT:  1.597E-07   Iter/sec:  4.493E-01
 Iteration:  00000043   DeltaT:  1.597E-07   Iter/sec:  4.612E-01
 Iteration:  00000044   DeltaT:  1.597E-07   Iter/sec:  4.577E-01
 Iteration:  00000045   DeltaT:  1.597E-07   Iter/sec:  4.599E-01
 Iteration:  00000046   DeltaT:  1.597E-07   Iter/sec:  4.573E-01
 Iteration:  00000047   DeltaT:  1.597E-07   Iter/sec:  4.552E-01
 Iteration:  00000048   DeltaT:  1.597E-07   Iter/sec:  4.648E-01
 Iteration:  00000049   DeltaT:  1.597E-07   Iter/sec:  4.397E-01
 Iteration:  00000050   DeltaT:  1.597E-07   Iter/sec:  4.609E-01


//////////////////////////////////////////////
   Measured Timings for Process 0  (seconds)

 Elapsed time:       115.4258
  Column time:        47.1890
     Row time:        18.8376
Legendre time:        12.7993
     FFT time:         4.2230
   Solve time:         6.6052
    rlma time:         0.9266
    rlmb time:         0.4204
  pspace time:         9.0468
  psolve time:        13.8563
    dphi time:         0.4816
captured time:       114.3858

     iter/sec:         0.4332
//////////////////////////////////////////////
