 //////////////////////////////////////
 Initializating Rayleigh...

 -- Initalizing MPI...
 ---- Specified parameters:
 ---- NCPU  :    256
 ---- NPROW :     32
 ---- NPCOL :      8
 -- MPI initialized.


 -- Initalizing Grid...
 ---- Specified parameters ----
 ---- N_R                 :    128
 ---- N_THETA             :    384
 ---- Ell_MAX             :    255
 ---- R_MIN               :  5.38462E-01
 ---- R_MAX               :  1.53846E+00
 ---- Chebyshev Domains   :      1

        Domain 1
          Grid points           :  128
          Dealiased Polynomials :  85
          Domain Lower Bound    :  5.38462E-01
          Domain Upper Bound    :  1.53846E+00

 -- Grid initialized.

[SHTns 3.4.5] built Apr 30 2021, 15:49:24, id: avx2,ishioka
        Lmax=255, Mmax*Mres=255, Mres=1, Nlm=32896  [1 threads, orthonormalized]
        => using FFTW : Mmax=255, Nphi=768, Nlat=384  (data layout : phi_inc=384, theta_inc=1, phi_embed=768)
        => using Gauss nodes
        + polar optimization threshold = 1.0e-08
        finding optimal algorithm..........
        + SHT accuracy = 1.72e-12
        => SHTns is ready.
 -- Initalizing Reference State...
 ---- Specified parameters:
 ---- Reference type           :  Boussinesq (Non-dimensional)
 ---- Rayleigh Number          :  1.00000E+05
 ---- Ekman Number             :  1.00000E-03
 ---- Prandtl Number           :  1.00000E+00
 ---- Magnetic Prandtl Number  :  5.00000E+00
 -- Reference State initialized.

 -- Initializing Fields...
 ---- Specified parameters:
 ---- Hydro Init Type    : Benchmark (Christensen et al. 2001)
 ---- Magnetic Init Type : Benchmark (Christensen et al. 2001)
 -- Fields initialized.

 Initialization Complete.
 //////////////////////////////////////

 Timestep has changed from  0.00000E+00 to  1.00000E-04.
 Iteration:  00000001   DeltaT:  1.000E-04   Iter/sec:  0.000E+00
 Timestep has changed from  1.00000E-04 to  2.55566E-06.
 Iteration:  00000002   DeltaT:  2.556E-06   Iter/sec:  9.208E-02
 Iteration:  00000003   DeltaT:  2.556E-06   Iter/sec:  2.160E+00
 Iteration:  00000004   DeltaT:  2.556E-06   Iter/sec:  3.098E+00
 Iteration:  00000005   DeltaT:  2.556E-06   Iter/sec:  3.238E+00
 Iteration:  00000006   DeltaT:  2.556E-06   Iter/sec:  3.054E+00
 Iteration:  00000007   DeltaT:  2.556E-06   Iter/sec:  3.223E+00
 Iteration:  00000008   DeltaT:  2.556E-06   Iter/sec:  3.183E+00
 Iteration:  00000009   DeltaT:  2.556E-06   Iter/sec:  3.272E+00
 Iteration:  00000010   DeltaT:  2.556E-06   Iter/sec:  3.086E+00
 Iteration:  00000011   DeltaT:  2.556E-06   Iter/sec:  3.192E+00
 Iteration:  00000012   DeltaT:  2.556E-06   Iter/sec:  3.178E+00
 Iteration:  00000013   DeltaT:  2.556E-06   Iter/sec:  3.243E+00
 Iteration:  00000014   DeltaT:  2.556E-06   Iter/sec:  3.252E+00
 Iteration:  00000015   DeltaT:  2.556E-06   Iter/sec:  3.243E+00
 Iteration:  00000016   DeltaT:  2.556E-06   Iter/sec:  3.152E+00
 Iteration:  00000017   DeltaT:  2.556E-06   Iter/sec:  3.274E+00
 Iteration:  00000018   DeltaT:  2.556E-06   Iter/sec:  3.179E+00
 Iteration:  00000019   DeltaT:  2.556E-06   Iter/sec:  3.216E+00
 Iteration:  00000020   DeltaT:  2.556E-06   Iter/sec:  3.143E+00
 Iteration:  00000021   DeltaT:  2.556E-06   Iter/sec:  3.212E+00
 Iteration:  00000022   DeltaT:  2.556E-06   Iter/sec:  3.179E+00
 Iteration:  00000023   DeltaT:  2.556E-06   Iter/sec:  3.286E+00
 Iteration:  00000024   DeltaT:  2.556E-06   Iter/sec:  3.233E+00
 Iteration:  00000025   DeltaT:  2.556E-06   Iter/sec:  3.216E+00
 Iteration:  00000026   DeltaT:  2.556E-06   Iter/sec:  3.084E+00
 Iteration:  00000027   DeltaT:  2.556E-06   Iter/sec:  3.226E+00
 Iteration:  00000028   DeltaT:  2.556E-06   Iter/sec:  2.972E+00
 Iteration:  00000029   DeltaT:  2.556E-06   Iter/sec:  3.244E+00
 Iteration:  00000030   DeltaT:  2.556E-06   Iter/sec:  3.142E+00
 Iteration:  00000031   DeltaT:  2.556E-06   Iter/sec:  3.084E+00
 Iteration:  00000032   DeltaT:  2.556E-06   Iter/sec:  3.207E+00
 Iteration:  00000033   DeltaT:  2.556E-06   Iter/sec:  3.270E+00
 Iteration:  00000034   DeltaT:  2.556E-06   Iter/sec:  3.169E+00
 Iteration:  00000035   DeltaT:  2.556E-06   Iter/sec:  3.200E+00
 Iteration:  00000036   DeltaT:  2.556E-06   Iter/sec:  3.209E+00
 Iteration:  00000037   DeltaT:  2.556E-06   Iter/sec:  3.215E+00
 Iteration:  00000038   DeltaT:  2.556E-06   Iter/sec:  3.207E+00
 Iteration:  00000039   DeltaT:  2.556E-06   Iter/sec:  3.169E+00
 Iteration:  00000040   DeltaT:  2.556E-06   Iter/sec:  3.203E+00
 Iteration:  00000041   DeltaT:  2.556E-06   Iter/sec:  3.198E+00
 Iteration:  00000042   DeltaT:  2.556E-06   Iter/sec:  3.191E+00
 Iteration:  00000043   DeltaT:  2.556E-06   Iter/sec:  3.120E+00
 Iteration:  00000044   DeltaT:  2.556E-06   Iter/sec:  3.155E+00
 Iteration:  00000045   DeltaT:  2.556E-06   Iter/sec:  3.227E+00
 Iteration:  00000046   DeltaT:  2.556E-06   Iter/sec:  3.221E+00
 Iteration:  00000047   DeltaT:  2.556E-06   Iter/sec:  3.049E+00
 Iteration:  00000048   DeltaT:  2.556E-06   Iter/sec:  3.134E+00
 Iteration:  00000049   DeltaT:  2.556E-06   Iter/sec:  3.232E+00
 Iteration:  00000050   DeltaT:  2.556E-06   Iter/sec:  3.239E+00


//////////////////////////////////////////////
   Measured Timings for Process 0  (seconds)

 Elapsed time:        16.0037
  Column time:         3.4046
     Row time:         5.7410
Legendre time:         1.2544
     FFT time:         0.9466
   Solve time:         0.7716
    rlma time:         0.1855
    rlmb time:         0.0742
  pspace time:         1.7293
  psolve time:         1.6718
    dphi time:         0.0679
captured time:        15.8470

     iter/sec:         3.1243
//////////////////////////////////////////////
