 //////////////////////////////////////
 Initializating Rayleigh...

 -- Initalizing MPI...
 ---- Specified parameters:
 ---- NCPU  :    512
 ---- NPROW :     32
 ---- NPCOL :     16
 -- MPI initialized.


 -- Initalizing Grid...
 ---- Specified parameters ----
 ---- N_R                 :    512
 ---- N_THETA             :   1536
 ---- Ell_MAX             :   1023
 ---- R_MIN               :  5.38462E-01
 ---- R_MAX               :  1.53846E+00
 ---- Chebyshev Domains   :      1

        Domain 1
          Grid points           :  512
          Dealiased Polynomials :  341
          Domain Lower Bound    :  5.38462E-01
          Domain Upper Bound    :  1.53846E+00

 -- Grid initialized.

[SHTns 3.4.5] built Apr 30 2021, 15:49:24, id: avx2,ishioka
        Lmax=1023, Mmax*Mres=1023, Mres=1, Nlm=524800  [1 threads, orthonormalized]
        => using FFTW : Mmax=1023, Nphi=3072, Nlat=1536  (data layout : phi_inc=1536, theta_inc=1, phi_embed=3072)
        => using Gauss nodes
        + polar optimization threshold = 1.0e-08
        finding optimal algorithm...
        + SHT accuracy = 1.02e-12
        => SHTns is ready.
 -- Initalizing Reference State...
 ---- Specified parameters:
 ---- Reference type           :  Boussinesq (Non-dimensional)
 ---- Rayleigh Number          :  1.00000E+05
 ---- Ekman Number             :  1.00000E-03
 ---- Prandtl Number           :  1.00000E+00
 ---- Magnetic Prandtl Number  :  5.00000E+00
 -- Reference State initialized.

 -- Initializing Fields...
 ---- Specified parameters:
 ---- Hydro Init Type    : Benchmark (Christensen et al. 2001)
 ---- Magnetic Init Type : Benchmark (Christensen et al. 2001)
 -- Fields initialized.

 Initialization Complete.
 //////////////////////////////////////

 Timestep has changed from  0.00000E+00 to  1.00000E-04.
 Iteration:  00000001   DeltaT:  1.000E-04   Iter/sec:  0.000E+00
 Timestep has changed from  1.00000E-04 to  1.59733E-07.
 Iteration:  00000002   DeltaT:  1.597E-07   Iter/sec:  2.599E-02
 Iteration:  00000003   DeltaT:  1.597E-07   Iter/sec:  3.430E-02
 Iteration:  00000004   DeltaT:  1.597E-07   Iter/sec:  7.131E-02
 Iteration:  00000005   DeltaT:  1.597E-07   Iter/sec:  7.216E-02
 Iteration:  00000006   DeltaT:  1.597E-07   Iter/sec:  6.991E-02
 Iteration:  00000007   DeltaT:  1.597E-07   Iter/sec:  7.125E-02
 Iteration:  00000008   DeltaT:  1.597E-07   Iter/sec:  7.224E-02
 Iteration:  00000009   DeltaT:  1.597E-07   Iter/sec:  6.835E-02
 Iteration:  00000010   DeltaT:  1.597E-07   Iter/sec:  7.084E-02
 Iteration:  00000011   DeltaT:  1.597E-07   Iter/sec:  6.919E-02
 Iteration:  00000012   DeltaT:  1.597E-07   Iter/sec:  7.238E-02
 Iteration:  00000013   DeltaT:  1.597E-07   Iter/sec:  6.998E-02
 Iteration:  00000014   DeltaT:  1.597E-07   Iter/sec:  7.168E-02
 Iteration:  00000015   DeltaT:  1.597E-07   Iter/sec:  6.834E-02
 Iteration:  00000016   DeltaT:  1.597E-07   Iter/sec:  7.076E-02
 Iteration:  00000017   DeltaT:  1.597E-07   Iter/sec:  7.103E-02
 Iteration:  00000018   DeltaT:  1.597E-07   Iter/sec:  7.488E-02
 Iteration:  00000019   DeltaT:  1.597E-07   Iter/sec:  7.072E-02
 Iteration:  00000020   DeltaT:  1.597E-07   Iter/sec:  7.078E-02
 Iteration:  00000021   DeltaT:  1.597E-07   Iter/sec:  7.004E-02
 Iteration:  00000022   DeltaT:  1.597E-07   Iter/sec:  7.033E-02
 Iteration:  00000023   DeltaT:  1.597E-07   Iter/sec:  7.072E-02
 Iteration:  00000024   DeltaT:  1.597E-07   Iter/sec:  7.079E-02
 Iteration:  00000025   DeltaT:  1.597E-07   Iter/sec:  6.929E-02
 Iteration:  00000026   DeltaT:  1.597E-07   Iter/sec:  7.139E-02
 Iteration:  00000027   DeltaT:  1.597E-07   Iter/sec:  7.170E-02
 Iteration:  00000028   DeltaT:  1.597E-07   Iter/sec:  7.044E-02
 Iteration:  00000029   DeltaT:  1.597E-07   Iter/sec:  7.090E-02
 Iteration:  00000030   DeltaT:  1.597E-07   Iter/sec:  7.057E-02
 Iteration:  00000031   DeltaT:  1.597E-07   Iter/sec:  7.221E-02
 Iteration:  00000032   DeltaT:  1.597E-07   Iter/sec:  7.133E-02
 Iteration:  00000033   DeltaT:  1.597E-07   Iter/sec:  6.994E-02
 Iteration:  00000034   DeltaT:  1.597E-07   Iter/sec:  7.207E-02
 Iteration:  00000035   DeltaT:  1.597E-07   Iter/sec:  7.170E-02
 Iteration:  00000036   DeltaT:  1.597E-07   Iter/sec:  7.289E-02
 Iteration:  00000037   DeltaT:  1.597E-07   Iter/sec:  7.103E-02
 Iteration:  00000038   DeltaT:  1.597E-07   Iter/sec:  7.139E-02
 Iteration:  00000039   DeltaT:  1.597E-07   Iter/sec:  7.054E-02
 Iteration:  00000040   DeltaT:  1.597E-07   Iter/sec:  7.225E-02
 Iteration:  00000041   DeltaT:  1.597E-07   Iter/sec:  7.078E-02
 Iteration:  00000042   DeltaT:  1.597E-07   Iter/sec:  7.161E-02
 Iteration:  00000043   DeltaT:  1.597E-07   Iter/sec:  7.216E-02
 Iteration:  00000044   DeltaT:  1.597E-07   Iter/sec:  7.114E-02
 Iteration:  00000045   DeltaT:  1.597E-07   Iter/sec:  7.038E-02
 Iteration:  00000046   DeltaT:  1.597E-07   Iter/sec:  7.215E-02
 Iteration:  00000047   DeltaT:  1.597E-07   Iter/sec:  7.033E-02
 Iteration:  00000048   DeltaT:  1.597E-07   Iter/sec:  7.178E-02
 Iteration:  00000049   DeltaT:  1.597E-07   Iter/sec:  6.966E-02
 Iteration:  00000050   DeltaT:  1.597E-07   Iter/sec:  7.126E-02


//////////////////////////////////////////////
   Measured Timings for Process 0  (seconds)

 Elapsed time:       734.3792
  Column time:       158.5946
     Row time:       224.3829
Legendre time:       101.6884
     FFT time:        33.0927
   Solve time:        36.6472
    rlma time:        14.5917
    rlmb time:         6.3597
  pspace time:        60.9782
  psolve time:        87.0260
    dphi time:         2.1030
captured time:       725.4643

     iter/sec:         0.0681
//////////////////////////////////////////////
