 //////////////////////////////////////
 Initializating Rayleigh...

 -- Initalizing MPI...
 ---- Specified parameters:
 ---- NCPU  :   4096
 ---- NPROW :    128
 ---- NPCOL :     32
 -- MPI initialized.


 -- Initalizing Grid...
 ---- Specified parameters ----
 ---- N_R                 :    256
 ---- N_THETA             :    768
 ---- Ell_MAX             :    511
 ---- R_MIN               :  5.38462E-01
 ---- R_MAX               :  1.53846E+00
 ---- Chebyshev Domains   :      1

        Domain 1
          Grid points           :  256
          Dealiased Polynomials :  170
          Domain Lower Bound    :  5.38462E-01
          Domain Upper Bound    :  1.53846E+00

 -- Grid initialized.

[SHTns 3.4.5] built Apr 30 2021, 15:49:24, id: avx2,ishioka
        Lmax=511, Mmax*Mres=511, Mres=1, Nlm=131328  [1 threads, orthonormalized]
        => using FFTW : Mmax=511, Nphi=1536, Nlat=768  (data layout : phi_inc=768, theta_inc=1, phi_embed=1536)
        => using Gauss nodes
        + polar optimization threshold = 1.0e-08
        finding optimal algorithm........
        + SHT accuracy = 3e-13
        => SHTns is ready.
 -- Initalizing Reference State...
 ---- Specified parameters:
 ---- Reference type           :  Boussinesq (Non-dimensional)
 ---- Rayleigh Number          :  1.00000E+05
 ---- Ekman Number             :  1.00000E-03
 ---- Prandtl Number           :  1.00000E+00
 ---- Magnetic Prandtl Number  :  5.00000E+00
 -- Reference State initialized.

 -- Initializing Fields...
 ---- Specified parameters:
 ---- Hydro Init Type    : Benchmark (Christensen et al. 2001)
 ---- Magnetic Init Type : Benchmark (Christensen et al. 2001)
 -- Fields initialized.

 Initialization Complete.
 //////////////////////////////////////

 Timestep has changed from  0.00000E+00 to  1.00000E-04.
 Iteration:  00000001   DeltaT:  1.000E-04   Iter/sec:  0.000E+00
 Timestep has changed from  1.00000E-04 to  6.38929E-07.
 Iteration:  00000002   DeltaT:  6.389E-07   Iter/sec:  1.157E-01
 Iteration:  00000003   DeltaT:  6.389E-07   Iter/sec:  1.028E+00
 Iteration:  00000004   DeltaT:  6.389E-07   Iter/sec:  3.341E+00
 Iteration:  00000005   DeltaT:  6.389E-07   Iter/sec:  2.757E+00
 Iteration:  00000006   DeltaT:  6.389E-07   Iter/sec:  3.554E+00
 Iteration:  00000007   DeltaT:  6.389E-07   Iter/sec:  3.142E+00
 Iteration:  00000008   DeltaT:  6.389E-07   Iter/sec:  3.318E+00
 Iteration:  00000009   DeltaT:  6.389E-07   Iter/sec:  2.814E+00
 Iteration:  00000010   DeltaT:  6.389E-07   Iter/sec:  3.552E+00
 Iteration:  00000011   DeltaT:  6.389E-07   Iter/sec:  3.331E+00
 Iteration:  00000012   DeltaT:  6.389E-07   Iter/sec:  3.016E+00
 Iteration:  00000013   DeltaT:  6.389E-07   Iter/sec:  3.867E+00
 Iteration:  00000014   DeltaT:  6.389E-07   Iter/sec:  3.167E+00
 Iteration:  00000015   DeltaT:  6.389E-07   Iter/sec:  3.258E+00
 Iteration:  00000016   DeltaT:  6.389E-07   Iter/sec:  3.386E+00
 Iteration:  00000017   DeltaT:  6.389E-07   Iter/sec:  2.938E+00
 Iteration:  00000018   DeltaT:  6.389E-07   Iter/sec:  3.548E+00
 Iteration:  00000019   DeltaT:  6.389E-07   Iter/sec:  2.953E+00
 Iteration:  00000020   DeltaT:  6.389E-07   Iter/sec:  3.746E+00
 Iteration:  00000021   DeltaT:  6.389E-07   Iter/sec:  3.143E+00
 Iteration:  00000022   DeltaT:  6.389E-07   Iter/sec:  2.940E+00
 Iteration:  00000023   DeltaT:  6.389E-07   Iter/sec:  3.848E+00
 Iteration:  00000024   DeltaT:  6.389E-07   Iter/sec:  2.813E+00
 Iteration:  00000025   DeltaT:  6.389E-07   Iter/sec:  4.383E+00
 Iteration:  00000026   DeltaT:  6.389E-07   Iter/sec:  3.541E+00
 Iteration:  00000027   DeltaT:  6.389E-07   Iter/sec:  2.877E+00
 Iteration:  00000028   DeltaT:  6.389E-07   Iter/sec:  3.466E+00
 Iteration:  00000029   DeltaT:  6.389E-07   Iter/sec:  3.011E+00
 Iteration:  00000030   DeltaT:  6.389E-07   Iter/sec:  4.033E+00
 Iteration:  00000031   DeltaT:  6.389E-07   Iter/sec:  2.791E+00
 Iteration:  00000032   DeltaT:  6.389E-07   Iter/sec:  3.573E+00
 Iteration:  00000033   DeltaT:  6.389E-07   Iter/sec:  3.650E+00
 Iteration:  00000034   DeltaT:  6.389E-07   Iter/sec:  2.887E+00
 Iteration:  00000035   DeltaT:  6.389E-07   Iter/sec:  3.815E+00
 Iteration:  00000036   DeltaT:  6.389E-07   Iter/sec:  3.082E+00
 Iteration:  00000037   DeltaT:  6.389E-07   Iter/sec:  3.857E+00
 Iteration:  00000038   DeltaT:  6.389E-07   Iter/sec:  3.314E+00
 Iteration:  00000039   DeltaT:  6.389E-07   Iter/sec:  2.940E+00
 Iteration:  00000040   DeltaT:  6.389E-07   Iter/sec:  3.681E+00
 Iteration:  00000041   DeltaT:  6.389E-07   Iter/sec:  2.747E+00
 Iteration:  00000042   DeltaT:  6.389E-07   Iter/sec:  3.790E+00
 Iteration:  00000043   DeltaT:  6.389E-07   Iter/sec:  3.176E+00
 Iteration:  00000044   DeltaT:  6.389E-07   Iter/sec:  3.144E+00
 Iteration:  00000045   DeltaT:  6.389E-07   Iter/sec:  3.759E+00
 Iteration:  00000046   DeltaT:  6.389E-07   Iter/sec:  3.251E+00
 Iteration:  00000047   DeltaT:  6.389E-07   Iter/sec:  3.594E+00
 Iteration:  00000048   DeltaT:  6.389E-07   Iter/sec:  3.743E+00
 Iteration:  00000049   DeltaT:  6.389E-07   Iter/sec:  2.949E+00
 Iteration:  00000050   DeltaT:  6.389E-07   Iter/sec:  3.816E+00


//////////////////////////////////////////////
   Measured Timings for Process 0  (seconds)

 Elapsed time:        16.8048
  Column time:         5.3884
     Row time:         5.9686
Legendre time:         0.7533
     FFT time:         0.4752
   Solve time:         1.3285
    rlma time:         0.0844
    rlmb time:         0.0354
  pspace time:         0.8172
  psolve time:         1.8464
    dphi time:         0.0432
captured time:        16.7408

     iter/sec:         2.9753
//////////////////////////////////////////////
