 //////////////////////////////////////
 Initializating Rayleigh...

 -- Initalizing MPI...
 ---- Specified parameters:
 ---- NCPU  :   1024
 ---- NPROW :     32
 ---- NPCOL :     32
 -- MPI initialized.


 -- Initalizing Grid...
 ---- Specified parameters ----
 ---- N_R                 :    256
 ---- N_THETA             :    768
 ---- Ell_MAX             :    511
 ---- R_MIN               :  5.38462E-01
 ---- R_MAX               :  1.53846E+00
 ---- Chebyshev Domains   :      1

        Domain 1
          Grid points           :  256
          Dealiased Polynomials :  170
          Domain Lower Bound    :  5.38462E-01
          Domain Upper Bound    :  1.53846E+00

 -- Grid initialized.

[SHTns 3.4.5] built Apr 30 2021, 15:49:24, id: avx2,ishioka
        Lmax=511, Mmax*Mres=511, Mres=1, Nlm=131328  [1 threads, orthonormalized]
        => using FFTW : Mmax=511, Nphi=1536, Nlat=768  (data layout : phi_inc=768, theta_inc=1, phi_embed=1536)
        => using Gauss nodes
        + polar optimization threshold = 1.0e-08
        finding optimal algorithm........
        + SHT accuracy = 4.79e-13
        => SHTns is ready.
 -- Initalizing Reference State...
 ---- Specified parameters:
 ---- Reference type           :  Boussinesq (Non-dimensional)
 ---- Rayleigh Number          :  1.00000E+05
 ---- Ekman Number             :  1.00000E-03
 ---- Prandtl Number           :  1.00000E+00
 ---- Magnetic Prandtl Number  :  5.00000E+00
 -- Reference State initialized.

 -- Initializing Fields...
 ---- Specified parameters:
 ---- Hydro Init Type    : Benchmark (Christensen et al. 2001)
 ---- Magnetic Init Type : Benchmark (Christensen et al. 2001)
 -- Fields initialized.

 Initialization Complete.
 //////////////////////////////////////

 Timestep has changed from  0.00000E+00 to  1.00000E-04.
 Iteration:  00000001   DeltaT:  1.000E-04   Iter/sec:  0.000E+00
 Timestep has changed from  1.00000E-04 to  6.38929E-07.
 Iteration:  00000002   DeltaT:  6.389E-07   Iter/sec:  1.131E-01
 Iteration:  00000003   DeltaT:  6.389E-07   Iter/sec:  6.332E-01
 Iteration:  00000004   DeltaT:  6.389E-07   Iter/sec:  1.165E+00
 Iteration:  00000005   DeltaT:  6.389E-07   Iter/sec:  1.220E+00
 Iteration:  00000006   DeltaT:  6.389E-07   Iter/sec:  1.293E+00
 Iteration:  00000007   DeltaT:  6.389E-07   Iter/sec:  1.333E+00
 Iteration:  00000008   DeltaT:  6.389E-07   Iter/sec:  1.184E+00
 Iteration:  00000009   DeltaT:  6.389E-07   Iter/sec:  1.213E+00
 Iteration:  00000010   DeltaT:  6.389E-07   Iter/sec:  1.139E+00
 Iteration:  00000011   DeltaT:  6.389E-07   Iter/sec:  1.113E+00
 Iteration:  00000012   DeltaT:  6.389E-07   Iter/sec:  1.167E+00
 Iteration:  00000013   DeltaT:  6.389E-07   Iter/sec:  1.323E+00
 Iteration:  00000014   DeltaT:  6.389E-07   Iter/sec:  1.237E+00
 Iteration:  00000015   DeltaT:  6.389E-07   Iter/sec:  1.203E+00
 Iteration:  00000016   DeltaT:  6.389E-07   Iter/sec:  1.119E+00
 Iteration:  00000017   DeltaT:  6.389E-07   Iter/sec:  1.096E+00
 Iteration:  00000018   DeltaT:  6.389E-07   Iter/sec:  1.234E+00
 Iteration:  00000019   DeltaT:  6.389E-07   Iter/sec:  1.272E+00
 Iteration:  00000020   DeltaT:  6.389E-07   Iter/sec:  1.339E+00
 Iteration:  00000021   DeltaT:  6.389E-07   Iter/sec:  1.322E+00
 Iteration:  00000022   DeltaT:  6.389E-07   Iter/sec:  1.135E+00
 Iteration:  00000023   DeltaT:  6.389E-07   Iter/sec:  1.145E+00
 Iteration:  00000024   DeltaT:  6.389E-07   Iter/sec:  1.043E+00
 Iteration:  00000025   DeltaT:  6.389E-07   Iter/sec:  1.313E+00
 Iteration:  00000026   DeltaT:  6.389E-07   Iter/sec:  1.302E+00
 Iteration:  00000027   DeltaT:  6.389E-07   Iter/sec:  1.258E+00
 Iteration:  00000028   DeltaT:  6.389E-07   Iter/sec:  1.226E+00
 Iteration:  00000029   DeltaT:  6.389E-07   Iter/sec:  1.072E+00
 Iteration:  00000030   DeltaT:  6.389E-07   Iter/sec:  1.172E+00
 Iteration:  00000031   DeltaT:  6.389E-07   Iter/sec:  1.286E+00
 Iteration:  00000032   DeltaT:  6.389E-07   Iter/sec:  1.174E+00
 Iteration:  00000033   DeltaT:  6.389E-07   Iter/sec:  1.267E+00
 Iteration:  00000034   DeltaT:  6.389E-07   Iter/sec:  1.364E+00
 Iteration:  00000035   DeltaT:  6.389E-07   Iter/sec:  1.299E+00
 Iteration:  00000036   DeltaT:  6.389E-07   Iter/sec:  1.115E+00
 Iteration:  00000037   DeltaT:  6.389E-07   Iter/sec:  1.149E+00
 Iteration:  00000038   DeltaT:  6.389E-07   Iter/sec:  1.171E+00
 Iteration:  00000039   DeltaT:  6.389E-07   Iter/sec:  1.057E+00
 Iteration:  00000040   DeltaT:  6.389E-07   Iter/sec:  1.333E+00
 Iteration:  00000041   DeltaT:  6.389E-07   Iter/sec:  1.193E+00
 Iteration:  00000042   DeltaT:  6.389E-07   Iter/sec:  1.254E+00
 Iteration:  00000043   DeltaT:  6.389E-07   Iter/sec:  1.052E+00
 Iteration:  00000044   DeltaT:  6.389E-07   Iter/sec:  1.211E+00
 Iteration:  00000045   DeltaT:  6.389E-07   Iter/sec:  1.269E+00
 Iteration:  00000046   DeltaT:  6.389E-07   Iter/sec:  1.134E+00
 Iteration:  00000047   DeltaT:  6.389E-07   Iter/sec:  1.294E+00
 Iteration:  00000048   DeltaT:  6.389E-07   Iter/sec:  1.150E+00
 Iteration:  00000049   DeltaT:  6.389E-07   Iter/sec:  1.238E+00
 Iteration:  00000050   DeltaT:  6.389E-07   Iter/sec:  1.091E+00


//////////////////////////////////////////////
   Measured Timings for Process 0  (seconds)

 Elapsed time:        42.9843
  Column time:        14.9220
     Row time:        10.9201
Legendre time:         3.7757
     FFT time:         1.8655
   Solve time:         1.9757
    rlma time:         0.3755
    rlmb time:         0.1696
  pspace time:         3.8939
  psolve time:         4.5863
    dphi time:         0.1611
captured time:        42.6455

     iter/sec:         1.1632
//////////////////////////////////////////////
