 //////////////////////////////////////
 Initializating Rayleigh...

 -- Initalizing MPI...
 ---- Specified parameters:
 ---- NCPU  :   4096
 ---- NPROW :     64
 ---- NPCOL :     64
 -- MPI initialized.


 -- Initalizing Grid...
 ---- Specified parameters ----
 ---- N_R                 :    512
 ---- N_THETA             :   1536
 ---- Ell_MAX             :   1023
 ---- R_MIN               :  5.38462E-01
 ---- R_MAX               :  1.53846E+00
 ---- Chebyshev Domains   :      1

        Domain 1
          Grid points           :  512
          Dealiased Polynomials :  341
          Domain Lower Bound    :  5.38462E-01
          Domain Upper Bound    :  1.53846E+00

 -- Grid initialized.

[SHTns 3.4.5] built Apr 30 2021, 15:49:24, id: avx2,ishioka
        Lmax=1023, Mmax*Mres=1023, Mres=1, Nlm=524800  [1 threads, orthonormalized]
        => using FFTW : Mmax=1023, Nphi=3072, Nlat=1536  (data layout : phi_inc=1536, theta_inc=1, phi_embed=3072)
        => using Gauss nodes
        + polar optimization threshold = 1.0e-08
        finding optimal algorithm...
        + SHT accuracy = 1.09e-12
        => SHTns is ready.
 -- Initalizing Reference State...
 ---- Specified parameters:
 ---- Reference type           :  Boussinesq (Non-dimensional)
 ---- Rayleigh Number          :  1.00000E+05
 ---- Ekman Number             :  1.00000E-03
 ---- Prandtl Number           :  1.00000E+00
 ---- Magnetic Prandtl Number  :  5.00000E+00
 -- Reference State initialized.

 -- Initializing Fields...
 ---- Specified parameters:
 ---- Hydro Init Type    : Benchmark (Christensen et al. 2001)
 ---- Magnetic Init Type : Benchmark (Christensen et al. 2001)
 -- Fields initialized.

 Initialization Complete.
 //////////////////////////////////////

 Timestep has changed from  0.00000E+00 to  1.00000E-04.
 Iteration:  00000001   DeltaT:  1.000E-04   Iter/sec:  0.000E+00
 Timestep has changed from  1.00000E-04 to  1.59733E-07.
 Iteration:  00000002   DeltaT:  1.597E-07   Iter/sec:  7.150E-02
 Iteration:  00000003   DeltaT:  1.597E-07   Iter/sec:  1.577E-01
 Iteration:  00000004   DeltaT:  1.597E-07   Iter/sec:  4.392E-01
 Iteration:  00000005   DeltaT:  1.597E-07   Iter/sec:  4.175E-01
 Iteration:  00000006   DeltaT:  1.597E-07   Iter/sec:  4.313E-01
 Iteration:  00000007   DeltaT:  1.597E-07   Iter/sec:  4.320E-01
 Iteration:  00000008   DeltaT:  1.597E-07   Iter/sec:  4.282E-01
 Iteration:  00000009   DeltaT:  1.597E-07   Iter/sec:  4.285E-01
 Iteration:  00000010   DeltaT:  1.597E-07   Iter/sec:  4.281E-01
 Iteration:  00000011   DeltaT:  1.597E-07   Iter/sec:  4.291E-01
 Iteration:  00000012   DeltaT:  1.597E-07   Iter/sec:  4.383E-01
 Iteration:  00000013   DeltaT:  1.597E-07   Iter/sec:  4.369E-01
 Iteration:  00000014   DeltaT:  1.597E-07   Iter/sec:  4.363E-01
 Iteration:  00000015   DeltaT:  1.597E-07   Iter/sec:  4.364E-01
 Iteration:  00000016   DeltaT:  1.597E-07   Iter/sec:  4.236E-01
 Iteration:  00000017   DeltaT:  1.597E-07   Iter/sec:  4.297E-01
 Iteration:  00000018   DeltaT:  1.597E-07   Iter/sec:  4.240E-01
 Iteration:  00000019   DeltaT:  1.597E-07   Iter/sec:  4.328E-01
 Iteration:  00000020   DeltaT:  1.597E-07   Iter/sec:  4.347E-01
 Iteration:  00000021   DeltaT:  1.597E-07   Iter/sec:  4.313E-01
 Iteration:  00000022   DeltaT:  1.597E-07   Iter/sec:  4.245E-01
 Iteration:  00000023   DeltaT:  1.597E-07   Iter/sec:  4.257E-01
 Iteration:  00000024   DeltaT:  1.597E-07   Iter/sec:  4.357E-01
 Iteration:  00000025   DeltaT:  1.597E-07   Iter/sec:  4.328E-01
 Iteration:  00000026   DeltaT:  1.597E-07   Iter/sec:  4.312E-01
 Iteration:  00000027   DeltaT:  1.597E-07   Iter/sec:  4.306E-01
 Iteration:  00000028   DeltaT:  1.597E-07   Iter/sec:  4.277E-01
 Iteration:  00000029   DeltaT:  1.597E-07   Iter/sec:  4.338E-01
 Iteration:  00000030   DeltaT:  1.597E-07   Iter/sec:  4.367E-01
 Iteration:  00000031   DeltaT:  1.597E-07   Iter/sec:  4.340E-01
 Iteration:  00000032   DeltaT:  1.597E-07   Iter/sec:  4.252E-01
 Iteration:  00000033   DeltaT:  1.597E-07   Iter/sec:  4.389E-01
 Iteration:  00000034   DeltaT:  1.597E-07   Iter/sec:  4.328E-01
 Iteration:  00000035   DeltaT:  1.597E-07   Iter/sec:  4.238E-01
 Iteration:  00000036   DeltaT:  1.597E-07   Iter/sec:  4.303E-01
 Iteration:  00000037   DeltaT:  1.597E-07   Iter/sec:  4.330E-01
 Iteration:  00000038   DeltaT:  1.597E-07   Iter/sec:  4.397E-01
 Iteration:  00000039   DeltaT:  1.597E-07   Iter/sec:  4.338E-01
 Iteration:  00000040   DeltaT:  1.597E-07   Iter/sec:  4.338E-01
 Iteration:  00000041   DeltaT:  1.597E-07   Iter/sec:  4.353E-01
 Iteration:  00000042   DeltaT:  1.597E-07   Iter/sec:  4.358E-01
 Iteration:  00000043   DeltaT:  1.597E-07   Iter/sec:  4.340E-01
 Iteration:  00000044   DeltaT:  1.597E-07   Iter/sec:  4.128E-01
 Iteration:  00000045   DeltaT:  1.597E-07   Iter/sec:  4.165E-01
 Iteration:  00000046   DeltaT:  1.597E-07   Iter/sec:  4.296E-01
 Iteration:  00000047   DeltaT:  1.597E-07   Iter/sec:  4.288E-01
 Iteration:  00000048   DeltaT:  1.597E-07   Iter/sec:  4.375E-01
 Iteration:  00000049   DeltaT:  1.597E-07   Iter/sec:  4.374E-01
 Iteration:  00000050   DeltaT:  1.597E-07   Iter/sec:  4.178E-01


//////////////////////////////////////////////
   Measured Timings for Process 0  (seconds)

 Elapsed time:       124.1385
  Column time:        42.2479
     Row time:        30.6398
Legendre time:        12.6738
     FFT time:         4.2262
   Solve time:         7.7634
    rlma time:         1.0780
    rlmb time:         0.5200
  pspace time:         8.0972
  psolve time:        15.5494
    dphi time:         0.3237
captured time:       123.1192

     iter/sec:         0.4028
//////////////////////////////////////////////
