 //////////////////////////////////////
 Initializating Rayleigh...

 -- Initalizing MPI...
 ---- Specified parameters:
 ---- NCPU  :   2048
 ---- NPROW :     32
 ---- NPCOL :     64
 -- MPI initialized.


 -- Initalizing Grid...
 ---- Specified parameters ----
 ---- N_R                 :    512
 ---- N_THETA             :   1536
 ---- Ell_MAX             :   1023
 ---- R_MIN               :  5.38462E-01
 ---- R_MAX               :  1.53846E+00
 ---- Chebyshev Domains   :      1

        Domain 1
          Grid points           :  512
          Dealiased Polynomials :  341
          Domain Lower Bound    :  5.38462E-01
          Domain Upper Bound    :  1.53846E+00

 -- Grid initialized.

[SHTns 3.4.5] built Apr 30 2021, 15:49:24, id: avx2,ishioka
        Lmax=1023, Mmax*Mres=1023, Mres=1, Nlm=524800  [1 threads, orthonormalized]
        => using FFTW : Mmax=1023, Nphi=3072, Nlat=1536  (data layout : phi_inc=1536, theta_inc=1, phi_embed=3072)
        => using Gauss nodes
        + polar optimization threshold = 1.0e-08
        finding optimal algorithm...
        + SHT accuracy = 1.16e-12
        => SHTns is ready.
 -- Initalizing Reference State...
 ---- Specified parameters:
 ---- Reference type           :  Boussinesq (Non-dimensional)
 ---- Rayleigh Number          :  1.00000E+05
 ---- Ekman Number             :  1.00000E-03
 ---- Prandtl Number           :  1.00000E+00
 ---- Magnetic Prandtl Number  :  5.00000E+00
 -- Reference State initialized.

 -- Initializing Fields...
 ---- Specified parameters:
 ---- Hydro Init Type    : Benchmark (Christensen et al. 2001)
 ---- Magnetic Init Type : Benchmark (Christensen et al. 2001)
 -- Fields initialized.

 Initialization Complete.
 //////////////////////////////////////

 Timestep has changed from  0.00000E+00 to  1.00000E-04.
 Iteration:  00000001   DeltaT:  1.000E-04   Iter/sec:  0.000E+00
 Timestep has changed from  1.00000E-04 to  1.59733E-07.
 Iteration:  00000002   DeltaT:  1.597E-07   Iter/sec:  5.766E-02
 Iteration:  00000003   DeltaT:  1.597E-07   Iter/sec:  1.200E-01
 Iteration:  00000004   DeltaT:  1.597E-07   Iter/sec:  2.780E-01
 Iteration:  00000005   DeltaT:  1.597E-07   Iter/sec:  2.696E-01
 Iteration:  00000006   DeltaT:  1.597E-07   Iter/sec:  2.778E-01
 Iteration:  00000007   DeltaT:  1.597E-07   Iter/sec:  2.773E-01
 Iteration:  00000008   DeltaT:  1.597E-07   Iter/sec:  2.775E-01
 Iteration:  00000009   DeltaT:  1.597E-07   Iter/sec:  2.773E-01
 Iteration:  00000010   DeltaT:  1.597E-07   Iter/sec:  2.787E-01
 Iteration:  00000011   DeltaT:  1.597E-07   Iter/sec:  2.667E-01
 Iteration:  00000012   DeltaT:  1.597E-07   Iter/sec:  2.843E-01
 Iteration:  00000013   DeltaT:  1.597E-07   Iter/sec:  2.795E-01
 Iteration:  00000014   DeltaT:  1.597E-07   Iter/sec:  2.699E-01
 Iteration:  00000015   DeltaT:  1.597E-07   Iter/sec:  2.770E-01
 Iteration:  00000016   DeltaT:  1.597E-07   Iter/sec:  2.729E-01
 Iteration:  00000017   DeltaT:  1.597E-07   Iter/sec:  2.798E-01
 Iteration:  00000018   DeltaT:  1.597E-07   Iter/sec:  2.773E-01
 Iteration:  00000019   DeltaT:  1.597E-07   Iter/sec:  2.712E-01
 Iteration:  00000020   DeltaT:  1.597E-07   Iter/sec:  2.791E-01
 Iteration:  00000021   DeltaT:  1.597E-07   Iter/sec:  2.746E-01
 Iteration:  00000022   DeltaT:  1.597E-07   Iter/sec:  2.808E-01
 Iteration:  00000023   DeltaT:  1.597E-07   Iter/sec:  2.766E-01
 Iteration:  00000024   DeltaT:  1.597E-07   Iter/sec:  2.770E-01
 Iteration:  00000025   DeltaT:  1.597E-07   Iter/sec:  2.748E-01
 Iteration:  00000026   DeltaT:  1.597E-07   Iter/sec:  2.797E-01
 Iteration:  00000027   DeltaT:  1.597E-07   Iter/sec:  2.783E-01
 Iteration:  00000028   DeltaT:  1.597E-07   Iter/sec:  2.727E-01
 Iteration:  00000029   DeltaT:  1.597E-07   Iter/sec:  2.752E-01
 Iteration:  00000030   DeltaT:  1.597E-07   Iter/sec:  2.742E-01
 Iteration:  00000031   DeltaT:  1.597E-07   Iter/sec:  2.779E-01
 Iteration:  00000032   DeltaT:  1.597E-07   Iter/sec:  2.771E-01
 Iteration:  00000033   DeltaT:  1.597E-07   Iter/sec:  2.781E-01
 Iteration:  00000034   DeltaT:  1.597E-07   Iter/sec:  2.764E-01
 Iteration:  00000035   DeltaT:  1.597E-07   Iter/sec:  2.747E-01
 Iteration:  00000036   DeltaT:  1.597E-07   Iter/sec:  2.820E-01
 Iteration:  00000037   DeltaT:  1.597E-07   Iter/sec:  2.779E-01
 Iteration:  00000038   DeltaT:  1.597E-07   Iter/sec:  2.714E-01
 Iteration:  00000039   DeltaT:  1.597E-07   Iter/sec:  2.739E-01
 Iteration:  00000040   DeltaT:  1.597E-07   Iter/sec:  2.742E-01
 Iteration:  00000041   DeltaT:  1.597E-07   Iter/sec:  2.792E-01
 Iteration:  00000042   DeltaT:  1.597E-07   Iter/sec:  2.787E-01
 Iteration:  00000043   DeltaT:  1.597E-07   Iter/sec:  2.729E-01
 Iteration:  00000044   DeltaT:  1.597E-07   Iter/sec:  2.738E-01
 Iteration:  00000045   DeltaT:  1.597E-07   Iter/sec:  2.726E-01
 Iteration:  00000046   DeltaT:  1.597E-07   Iter/sec:  2.808E-01
 Iteration:  00000047   DeltaT:  1.597E-07   Iter/sec:  2.758E-01
 Iteration:  00000048   DeltaT:  1.597E-07   Iter/sec:  2.748E-01
 Iteration:  00000049   DeltaT:  1.597E-07   Iter/sec:  2.754E-01
 Iteration:  00000050   DeltaT:  1.597E-07   Iter/sec:  2.730E-01


//////////////////////////////////////////////
   Measured Timings for Process 0  (seconds)

 Elapsed time:       190.5452
  Column time:        58.7186
     Row time:        40.7479
Legendre time:        25.5264
     FFT time:         8.2108
   Solve time:        10.8779
    rlma time:         2.8256
    rlmb time:         1.3457
  pspace time:        15.1015
  psolve time:        24.3995
    dphi time:         0.5096
captured time:       188.2635

     iter/sec:         0.2624
//////////////////////////////////////////////
