 //////////////////////////////////////
 Initializating Rayleigh...

 -- Initalizing MPI...
 ---- Specified parameters:
 ---- NCPU  :    256
 ---- NPROW :     16
 ---- NPCOL :     16
 -- MPI initialized.


 -- Initalizing Grid...
 ---- Specified parameters ----
 ---- N_R                 :    256
 ---- N_THETA             :    768
 ---- Ell_MAX             :    511
 ---- R_MIN               :  5.38462E-01
 ---- R_MAX               :  1.53846E+00
 ---- Chebyshev Domains   :      1

        Domain 1
          Grid points           :  256
          Dealiased Polynomials :  170
          Domain Lower Bound    :  5.38462E-01
          Domain Upper Bound    :  1.53846E+00

 -- Grid initialized.

[SHTns 3.4.5] built Apr 30 2021, 15:49:24, id: avx2,ishioka
        Lmax=511, Mmax*Mres=511, Mres=1, Nlm=131328  [1 threads, orthonormalized]
        => using FFTW : Mmax=511, Nphi=1536, Nlat=768  (data layout : phi_inc=768, theta_inc=1, phi_embed=1536)
        => using Gauss nodes
        + polar optimization threshold = 1.0e-08
        finding optimal algorithm........
        + SHT accuracy = 5.27e-13
        => SHTns is ready.
 -- Initalizing Reference State...
 ---- Specified parameters:
 ---- Reference type           :  Boussinesq (Non-dimensional)
 ---- Rayleigh Number          :  1.00000E+05
 ---- Ekman Number             :  1.00000E-03
 ---- Prandtl Number           :  1.00000E+00
 ---- Magnetic Prandtl Number  :  5.00000E+00
 -- Reference State initialized.

 -- Initializing Fields...
 ---- Specified parameters:
 ---- Hydro Init Type    : Benchmark (Christensen et al. 2001)
 ---- Magnetic Init Type : Benchmark (Christensen et al. 2001)
 -- Fields initialized.

 Initialization Complete.
 //////////////////////////////////////

 Timestep has changed from  0.00000E+00 to  1.00000E-04.
 Iteration:  00000001   DeltaT:  1.000E-04   Iter/sec:  0.000E+00
 Timestep has changed from  1.00000E-04 to  6.38929E-07.
 Iteration:  00000002   DeltaT:  6.389E-07   Iter/sec:  8.562E-02
 Iteration:  00000003   DeltaT:  6.389E-07   Iter/sec:  2.485E-01
 Iteration:  00000004   DeltaT:  6.389E-07   Iter/sec:  3.866E-01
 Iteration:  00000005   DeltaT:  6.389E-07   Iter/sec:  3.830E-01
 Iteration:  00000006   DeltaT:  6.389E-07   Iter/sec:  3.864E-01
 Iteration:  00000007   DeltaT:  6.389E-07   Iter/sec:  3.759E-01
 Iteration:  00000008   DeltaT:  6.389E-07   Iter/sec:  3.868E-01
 Iteration:  00000009   DeltaT:  6.389E-07   Iter/sec:  3.849E-01
 Iteration:  00000010   DeltaT:  6.389E-07   Iter/sec:  3.884E-01
 Iteration:  00000011   DeltaT:  6.389E-07   Iter/sec:  3.860E-01
 Iteration:  00000012   DeltaT:  6.389E-07   Iter/sec:  3.861E-01
 Iteration:  00000013   DeltaT:  6.389E-07   Iter/sec:  3.832E-01
 Iteration:  00000014   DeltaT:  6.389E-07   Iter/sec:  3.840E-01
 Iteration:  00000015   DeltaT:  6.389E-07   Iter/sec:  3.872E-01
 Iteration:  00000016   DeltaT:  6.389E-07   Iter/sec:  3.875E-01
 Iteration:  00000017   DeltaT:  6.389E-07   Iter/sec:  3.848E-01
 Iteration:  00000018   DeltaT:  6.389E-07   Iter/sec:  3.855E-01
 Iteration:  00000019   DeltaT:  6.389E-07   Iter/sec:  3.847E-01
 Iteration:  00000020   DeltaT:  6.389E-07   Iter/sec:  3.791E-01
 Iteration:  00000021   DeltaT:  6.389E-07   Iter/sec:  3.796E-01
 Iteration:  00000022   DeltaT:  6.389E-07   Iter/sec:  3.880E-01
 Iteration:  00000023   DeltaT:  6.389E-07   Iter/sec:  3.849E-01
 Iteration:  00000024   DeltaT:  6.389E-07   Iter/sec:  3.808E-01
 Iteration:  00000025   DeltaT:  6.389E-07   Iter/sec:  3.824E-01
 Iteration:  00000026   DeltaT:  6.389E-07   Iter/sec:  3.865E-01
 Iteration:  00000027   DeltaT:  6.389E-07   Iter/sec:  3.859E-01
 Iteration:  00000028   DeltaT:  6.389E-07   Iter/sec:  3.856E-01
 Iteration:  00000029   DeltaT:  6.389E-07   Iter/sec:  3.819E-01
 Iteration:  00000030   DeltaT:  6.389E-07   Iter/sec:  3.843E-01
 Iteration:  00000031   DeltaT:  6.389E-07   Iter/sec:  3.792E-01
 Iteration:  00000032   DeltaT:  6.389E-07   Iter/sec:  3.890E-01
 Iteration:  00000033   DeltaT:  6.389E-07   Iter/sec:  3.852E-01
 Iteration:  00000034   DeltaT:  6.389E-07   Iter/sec:  3.832E-01
 Iteration:  00000035   DeltaT:  6.389E-07   Iter/sec:  3.854E-01
 Iteration:  00000036   DeltaT:  6.389E-07   Iter/sec:  3.882E-01
 Iteration:  00000037   DeltaT:  6.389E-07   Iter/sec:  3.827E-01
 Iteration:  00000038   DeltaT:  6.389E-07   Iter/sec:  3.888E-01
 Iteration:  00000039   DeltaT:  6.389E-07   Iter/sec:  3.864E-01
 Iteration:  00000040   DeltaT:  6.389E-07   Iter/sec:  3.854E-01
 Iteration:  00000041   DeltaT:  6.389E-07   Iter/sec:  3.792E-01
 Iteration:  00000042   DeltaT:  6.389E-07   Iter/sec:  3.874E-01
 Iteration:  00000043   DeltaT:  6.389E-07   Iter/sec:  3.796E-01
 Iteration:  00000044   DeltaT:  6.389E-07   Iter/sec:  3.841E-01
 Iteration:  00000045   DeltaT:  6.389E-07   Iter/sec:  3.847E-01
 Iteration:  00000046   DeltaT:  6.389E-07   Iter/sec:  3.861E-01
 Iteration:  00000047   DeltaT:  6.389E-07   Iter/sec:  3.786E-01
 Iteration:  00000048   DeltaT:  6.389E-07   Iter/sec:  3.853E-01
 Iteration:  00000049   DeltaT:  6.389E-07   Iter/sec:  3.860E-01
 Iteration:  00000050   DeltaT:  6.389E-07   Iter/sec:  3.868E-01


//////////////////////////////////////////////
   Measured Timings for Process 0  (seconds)

 Elapsed time:       132.9422
  Column time:        20.4556
     Row time:        43.2240
Legendre time:        15.2433
     FFT time:         7.7328
   Solve time:         5.1072
    rlma time:         3.2383
    rlmb time:         1.5793
  pspace time:        16.4949
  psolve time:        16.8461
    dphi time:         0.7479
captured time:       130.6695

     iter/sec:         0.3761
//////////////////////////////////////////////
