 //////////////////////////////////////
 Initializating Rayleigh...

 -- Initalizing MPI...
 ---- Specified parameters:
 ---- NCPU  :   1024
 ---- NPROW :     64
 ---- NPCOL :     16
 -- MPI initialized.


 -- Initalizing Grid...
 ---- Specified parameters ----
 ---- N_R                 :    512
 ---- N_THETA             :   1536
 ---- Ell_MAX             :   1023
 ---- R_MIN               :  5.38462E-01
 ---- R_MAX               :  1.53846E+00
 ---- Chebyshev Domains   :      1

        Domain 1
          Grid points           :  512
          Dealiased Polynomials :  341
          Domain Lower Bound    :  5.38462E-01
          Domain Upper Bound    :  1.53846E+00

 -- Grid initialized.

[SHTns 3.4.5] built Apr 30 2021, 15:49:24, id: avx2,ishioka
        Lmax=1023, Mmax*Mres=1023, Mres=1, Nlm=524800  [1 threads, orthonormalized]
        => using FFTW : Mmax=1023, Nphi=3072, Nlat=1536  (data layout : phi_inc=1536, theta_inc=1, phi_embed=3072)
        => using Gauss nodes
        + polar optimization threshold = 1.0e-08
        finding optimal algorithm...
        + SHT accuracy = 1.38e-12
        => SHTns is ready.
 -- Initalizing Reference State...
 ---- Specified parameters:
 ---- Reference type           :  Boussinesq (Non-dimensional)
 ---- Rayleigh Number          :  1.00000E+05
 ---- Ekman Number             :  1.00000E-03
 ---- Prandtl Number           :  1.00000E+00
 ---- Magnetic Prandtl Number  :  5.00000E+00
 -- Reference State initialized.

 -- Initializing Fields...
 ---- Specified parameters:
 ---- Hydro Init Type    : Benchmark (Christensen et al. 2001)
 ---- Magnetic Init Type : Benchmark (Christensen et al. 2001)
 -- Fields initialized.

 Initialization Complete.
 //////////////////////////////////////

 Timestep has changed from  0.00000E+00 to  1.00000E-04.
 Iteration:  00000001   DeltaT:  1.000E-04   Iter/sec:  0.000E+00
 Timestep has changed from  1.00000E-04 to  1.59733E-07.
 Iteration:  00000002   DeltaT:  1.597E-07   Iter/sec:  3.373E-02
 Iteration:  00000003   DeltaT:  1.597E-07   Iter/sec:  4.467E-02
 Iteration:  00000004   DeltaT:  1.597E-07   Iter/sec:  1.239E-01
 Iteration:  00000005   DeltaT:  1.597E-07   Iter/sec:  1.256E-01
 Iteration:  00000006   DeltaT:  1.597E-07   Iter/sec:  1.253E-01
 Iteration:  00000007   DeltaT:  1.597E-07   Iter/sec:  1.252E-01
 Iteration:  00000008   DeltaT:  1.597E-07   Iter/sec:  1.249E-01
 Iteration:  00000009   DeltaT:  1.597E-07   Iter/sec:  1.209E-01
 Iteration:  00000010   DeltaT:  1.597E-07   Iter/sec:  1.229E-01
 Iteration:  00000011   DeltaT:  1.597E-07   Iter/sec:  1.296E-01
 Iteration:  00000012   DeltaT:  1.597E-07   Iter/sec:  1.265E-01
 Iteration:  00000013   DeltaT:  1.597E-07   Iter/sec:  1.237E-01
 Iteration:  00000014   DeltaT:  1.597E-07   Iter/sec:  1.266E-01
 Iteration:  00000015   DeltaT:  1.597E-07   Iter/sec:  1.177E-01
 Iteration:  00000016   DeltaT:  1.597E-07   Iter/sec:  1.276E-01
 Iteration:  00000017   DeltaT:  1.597E-07   Iter/sec:  1.238E-01
 Iteration:  00000018   DeltaT:  1.597E-07   Iter/sec:  1.292E-01
 Iteration:  00000019   DeltaT:  1.597E-07   Iter/sec:  1.246E-01
 Iteration:  00000020   DeltaT:  1.597E-07   Iter/sec:  1.269E-01
 Iteration:  00000021   DeltaT:  1.597E-07   Iter/sec:  1.237E-01
 Iteration:  00000022   DeltaT:  1.597E-07   Iter/sec:  1.247E-01
 Iteration:  00000023   DeltaT:  1.597E-07   Iter/sec:  1.257E-01
 Iteration:  00000024   DeltaT:  1.597E-07   Iter/sec:  1.273E-01
 Iteration:  00000025   DeltaT:  1.597E-07   Iter/sec:  1.250E-01
 Iteration:  00000026   DeltaT:  1.597E-07   Iter/sec:  1.257E-01
 Iteration:  00000027   DeltaT:  1.597E-07   Iter/sec:  1.259E-01
 Iteration:  00000028   DeltaT:  1.597E-07   Iter/sec:  1.250E-01
 Iteration:  00000029   DeltaT:  1.597E-07   Iter/sec:  1.244E-01
 Iteration:  00000030   DeltaT:  1.597E-07   Iter/sec:  1.255E-01
 Iteration:  00000031   DeltaT:  1.597E-07   Iter/sec:  1.241E-01
 Iteration:  00000032   DeltaT:  1.597E-07   Iter/sec:  1.263E-01
 Iteration:  00000033   DeltaT:  1.597E-07   Iter/sec:  1.255E-01
 Iteration:  00000034   DeltaT:  1.597E-07   Iter/sec:  1.260E-01
 Iteration:  00000035   DeltaT:  1.597E-07   Iter/sec:  1.244E-01
 Iteration:  00000036   DeltaT:  1.597E-07   Iter/sec:  1.256E-01
 Iteration:  00000037   DeltaT:  1.597E-07   Iter/sec:  1.253E-01
 Iteration:  00000038   DeltaT:  1.597E-07   Iter/sec:  1.268E-01
 Iteration:  00000039   DeltaT:  1.597E-07   Iter/sec:  1.285E-01
 Iteration:  00000040   DeltaT:  1.597E-07   Iter/sec:  1.249E-01
 Iteration:  00000041   DeltaT:  1.597E-07   Iter/sec:  1.307E-01
 Iteration:  00000042   DeltaT:  1.597E-07   Iter/sec:  1.261E-01
 Iteration:  00000043   DeltaT:  1.597E-07   Iter/sec:  1.275E-01
 Iteration:  00000044   DeltaT:  1.597E-07   Iter/sec:  1.269E-01
 Iteration:  00000045   DeltaT:  1.597E-07   Iter/sec:  1.250E-01
 Iteration:  00000046   DeltaT:  1.597E-07   Iter/sec:  1.233E-01
 Iteration:  00000047   DeltaT:  1.597E-07   Iter/sec:  1.266E-01
 Iteration:  00000048   DeltaT:  1.597E-07   Iter/sec:  1.248E-01
 Iteration:  00000049   DeltaT:  1.597E-07   Iter/sec:  1.247E-01
 Iteration:  00000050   DeltaT:  1.597E-07   Iter/sec:  1.256E-01


//////////////////////////////////////////////
   Measured Timings for Process 0  (seconds)

 Elapsed time:       427.0857
  Column time:        80.2207
     Row time:       151.7842
Legendre time:        50.4284
     FFT time:        16.1245
   Solve time:        27.6936
    rlma time:         6.1955
    rlmb time:         2.7883
  pspace time:        28.9344
  psolve time:        57.4225
    dphi time:         0.9605
captured time:       422.5525

     iter/sec:         0.1171
//////////////////////////////////////////////
