 //////////////////////////////////////
 Initializating Rayleigh...

 -- Initalizing MPI...
 ---- Specified parameters:
 ---- NCPU  :    256
 ---- NPROW :     32
 ---- NPCOL :      8
 -- MPI initialized.


 -- Initalizing Grid...
 ---- Specified parameters ----
 ---- N_R                 :     64
 ---- N_THETA             :    192
 ---- Ell_MAX             :    127
 ---- R_MIN               :  5.38462E-01
 ---- R_MAX               :  1.53846E+00
 ---- Chebyshev Domains   :      1

        Domain 1
          Grid points           :  64
          Dealiased Polynomials :  42
          Domain Lower Bound    :  5.38462E-01
          Domain Upper Bound    :  1.53846E+00

 -- Grid initialized.

[SHTns 3.4.5] built Apr 30 2021, 15:49:24, id: avx2,ishioka
        Lmax=127, Mmax*Mres=127, Mres=1, Nlm=8256  [1 threads, orthonormalized]
        => using FFTW : Mmax=127, Nphi=384, Nlat=192  (data layout : phi_inc=192, theta_inc=1, phi_embed=384)
        => using Gauss nodes
        + polar optimization threshold = 1.0e-08
        finding optimal algorithm........
        + SHT accuracy = 4.45e-14
        => SHTns is ready.
 -- Initalizing Reference State...
 ---- Specified parameters:
 ---- Reference type           :  Boussinesq (Non-dimensional)
 ---- Rayleigh Number          :  1.00000E+05
 ---- Ekman Number             :  1.00000E-03
 ---- Prandtl Number           :  1.00000E+00
 ---- Magnetic Prandtl Number  :  5.00000E+00
 -- Reference State initialized.

 -- Initializing Fields...
 ---- Specified parameters:
 ---- Hydro Init Type    : Benchmark (Christensen et al. 2001)
 ---- Magnetic Init Type : Benchmark (Christensen et al. 2001)
 -- Fields initialized.

 Initialization Complete.
 //////////////////////////////////////

 Timestep has changed from  0.00000E+00 to  1.00000E-04.
 Iteration:  00000001   DeltaT:  1.000E-04   Iter/sec:  0.000E+00
 Timestep has changed from  1.00000E-04 to  1.02217E-05.
 Iteration:  00000002   DeltaT:  1.022E-05   Iter/sec:  2.493E-01
 Iteration:  00000003   DeltaT:  1.022E-05   Iter/sec:  2.199E+01
 Iteration:  00000004   DeltaT:  1.022E-05   Iter/sec:  3.186E+01
 Iteration:  00000005   DeltaT:  1.022E-05   Iter/sec:  3.511E+01
 Iteration:  00000006   DeltaT:  1.022E-05   Iter/sec:  3.666E+01
 Iteration:  00000007   DeltaT:  1.022E-05   Iter/sec:  3.359E+01
 Iteration:  00000008   DeltaT:  1.022E-05   Iter/sec:  3.679E+01
 Iteration:  00000009   DeltaT:  1.022E-05   Iter/sec:  3.327E+01
 Iteration:  00000010   DeltaT:  1.022E-05   Iter/sec:  3.364E+01
 Iteration:  00000011   DeltaT:  1.022E-05   Iter/sec:  3.520E+01
 Iteration:  00000012   DeltaT:  1.022E-05   Iter/sec:  3.718E+01
 Iteration:  00000013   DeltaT:  1.022E-05   Iter/sec:  3.550E+01
 Iteration:  00000014   DeltaT:  1.022E-05   Iter/sec:  3.425E+01
 Iteration:  00000015   DeltaT:  1.022E-05   Iter/sec:  3.459E+01
 Iteration:  00000016   DeltaT:  1.022E-05   Iter/sec:  3.463E+01
 Iteration:  00000017   DeltaT:  1.022E-05   Iter/sec:  3.448E+01
 Iteration:  00000018   DeltaT:  1.022E-05   Iter/sec:  3.774E+01
 Iteration:  00000019   DeltaT:  1.022E-05   Iter/sec:  3.417E+01
 Iteration:  00000020   DeltaT:  1.022E-05   Iter/sec:  3.798E+01
 Iteration:  00000021   DeltaT:  1.022E-05   Iter/sec:  3.379E+01
 Iteration:  00000022   DeltaT:  1.022E-05   Iter/sec:  3.443E+01
 Iteration:  00000023   DeltaT:  1.022E-05   Iter/sec:  3.611E+01
 Iteration:  00000024   DeltaT:  1.022E-05   Iter/sec:  3.532E+01
 Iteration:  00000025   DeltaT:  1.022E-05   Iter/sec:  3.629E+01
 Iteration:  00000026   DeltaT:  1.022E-05   Iter/sec:  3.489E+01
 Iteration:  00000027   DeltaT:  1.022E-05   Iter/sec:  3.606E+01
 Iteration:  00000028   DeltaT:  1.022E-05   Iter/sec:  3.033E+01
 Iteration:  00000029   DeltaT:  1.022E-05   Iter/sec:  3.570E+01
 Iteration:  00000030   DeltaT:  1.022E-05   Iter/sec:  3.689E+01
 Iteration:  00000031   DeltaT:  1.022E-05   Iter/sec:  3.495E+01
 Iteration:  00000032   DeltaT:  1.022E-05   Iter/sec:  3.567E+01
 Iteration:  00000033   DeltaT:  1.022E-05   Iter/sec:  3.490E+01
 Iteration:  00000034   DeltaT:  1.022E-05   Iter/sec:  3.539E+01
 Iteration:  00000035   DeltaT:  1.022E-05   Iter/sec:  3.400E+01
 Iteration:  00000036   DeltaT:  1.022E-05   Iter/sec:  3.384E+01
 Iteration:  00000037   DeltaT:  1.022E-05   Iter/sec:  3.562E+01
 Iteration:  00000038   DeltaT:  1.022E-05   Iter/sec:  3.451E+01
 Iteration:  00000039   DeltaT:  1.022E-05   Iter/sec:  3.596E+01
 Iteration:  00000040   DeltaT:  1.022E-05   Iter/sec:  3.474E+01
 Iteration:  00000041   DeltaT:  1.022E-05   Iter/sec:  3.648E+01
 Iteration:  00000042   DeltaT:  1.022E-05   Iter/sec:  3.573E+01
 Iteration:  00000043   DeltaT:  1.022E-05   Iter/sec:  3.740E+01
 Iteration:  00000044   DeltaT:  1.022E-05   Iter/sec:  3.463E+01
 Iteration:  00000045   DeltaT:  1.022E-05   Iter/sec:  3.451E+01
 Iteration:  00000046   DeltaT:  1.022E-05   Iter/sec:  3.654E+01
 Iteration:  00000047   DeltaT:  1.022E-05   Iter/sec:  3.550E+01
 Iteration:  00000048   DeltaT:  1.022E-05   Iter/sec:  3.631E+01
 Iteration:  00000049   DeltaT:  1.022E-05   Iter/sec:  3.593E+01
 Iteration:  00000050   DeltaT:  1.022E-05   Iter/sec:  3.600E+01


//////////////////////////////////////////////
   Measured Timings for Process 0  (seconds)

 Elapsed time:         1.4573
  Column time:         0.4604
     Row time:         0.4591
Legendre time:         0.0780
     FFT time:         0.1131
   Solve time:         0.1114
    rlma time:         0.0217
    rlmb time:         0.0085
  pspace time:         0.0690
  psolve time:         0.1102
    dphi time:         0.0093
captured time:         1.4407

     iter/sec:        34.3109
//////////////////////////////////////////////
