 //////////////////////////////////////
 Initializating Rayleigh...

 -- Initalizing MPI...
 ---- Specified parameters:
 ---- NCPU  :     64
 ---- NPROW :      8
 ---- NPCOL :      8
 -- MPI initialized.


 -- Initalizing Grid...
 ---- Specified parameters ----
 ---- N_R                 :    128
 ---- N_THETA             :    384
 ---- Ell_MAX             :    255
 ---- R_MIN               :  5.38462E-01
 ---- R_MAX               :  1.53846E+00
 ---- Chebyshev Domains   :      1

        Domain 1
          Grid points           :  128
          Dealiased Polynomials :  85
          Domain Lower Bound    :  5.38462E-01
          Domain Upper Bound    :  1.53846E+00

 -- Grid initialized.

[SHTns 3.4.5] built Apr 30 2021, 15:49:24, id: avx2,ishioka
        Lmax=255, Mmax*Mres=255, Mres=1, Nlm=32896  [1 threads, orthonormalized]
        => using FFTW : Mmax=255, Nphi=768, Nlat=384  (data layout : phi_inc=384, theta_inc=1, phi_embed=768)
        => using Gauss nodes
        + polar optimization threshold = 1.0e-08
        finding optimal algorithm..........
        + SHT accuracy = 2.42e-12
        => SHTns is ready.
 -- Initalizing Reference State...
 ---- Specified parameters:
 ---- Reference type           :  Boussinesq (Non-dimensional)
 ---- Rayleigh Number          :  1.00000E+05
 ---- Ekman Number             :  1.00000E-03
 ---- Prandtl Number           :  1.00000E+00
 ---- Magnetic Prandtl Number  :  5.00000E+00
 -- Reference State initialized.

 -- Initializing Fields...
 ---- Specified parameters:
 ---- Hydro Init Type    : Benchmark (Christensen et al. 2001)
 ---- Magnetic Init Type : Benchmark (Christensen et al. 2001)
 -- Fields initialized.

 Initialization Complete.
 //////////////////////////////////////

 Timestep has changed from  0.00000E+00 to  1.00000E-04.
 Iteration:  00000001   DeltaT:  1.000E-04   Iter/sec:  0.000E+00
 Timestep has changed from  1.00000E-04 to  2.55566E-06.
 Iteration:  00000002   DeltaT:  2.556E-06   Iter/sec:  1.730E-01
 Iteration:  00000003   DeltaT:  2.556E-06   Iter/sec:  8.059E-01
 Iteration:  00000004   DeltaT:  2.556E-06   Iter/sec:  9.358E-01
 Iteration:  00000005   DeltaT:  2.556E-06   Iter/sec:  9.196E-01
 Iteration:  00000006   DeltaT:  2.556E-06   Iter/sec:  9.404E-01
 Iteration:  00000007   DeltaT:  2.556E-06   Iter/sec:  9.209E-01
 Iteration:  00000008   DeltaT:  2.556E-06   Iter/sec:  9.366E-01
 Iteration:  00000009   DeltaT:  2.556E-06   Iter/sec:  9.395E-01
 Iteration:  00000010   DeltaT:  2.556E-06   Iter/sec:  9.299E-01
 Iteration:  00000011   DeltaT:  2.556E-06   Iter/sec:  9.044E-01
 Iteration:  00000012   DeltaT:  2.556E-06   Iter/sec:  9.059E-01
 Iteration:  00000013   DeltaT:  2.556E-06   Iter/sec:  9.525E-01
 Iteration:  00000014   DeltaT:  2.556E-06   Iter/sec:  9.360E-01
 Iteration:  00000015   DeltaT:  2.556E-06   Iter/sec:  9.335E-01
 Iteration:  00000016   DeltaT:  2.556E-06   Iter/sec:  9.307E-01
 Iteration:  00000017   DeltaT:  2.556E-06   Iter/sec:  9.268E-01
 Iteration:  00000018   DeltaT:  2.556E-06   Iter/sec:  9.169E-01
 Iteration:  00000019   DeltaT:  2.556E-06   Iter/sec:  9.165E-01
 Iteration:  00000020   DeltaT:  2.556E-06   Iter/sec:  9.045E-01
 Iteration:  00000021   DeltaT:  2.556E-06   Iter/sec:  9.404E-01
 Iteration:  00000022   DeltaT:  2.556E-06   Iter/sec:  9.402E-01
 Iteration:  00000023   DeltaT:  2.556E-06   Iter/sec:  9.143E-01
 Iteration:  00000024   DeltaT:  2.556E-06   Iter/sec:  9.393E-01
 Iteration:  00000025   DeltaT:  2.556E-06   Iter/sec:  9.303E-01
 Iteration:  00000026   DeltaT:  2.556E-06   Iter/sec:  9.299E-01
 Iteration:  00000027   DeltaT:  2.556E-06   Iter/sec:  9.323E-01
 Iteration:  00000028   DeltaT:  2.556E-06   Iter/sec:  9.242E-01
 Iteration:  00000029   DeltaT:  2.556E-06   Iter/sec:  9.203E-01
 Iteration:  00000030   DeltaT:  2.556E-06   Iter/sec:  9.351E-01
 Iteration:  00000031   DeltaT:  2.556E-06   Iter/sec:  9.221E-01
 Iteration:  00000032   DeltaT:  2.556E-06   Iter/sec:  9.334E-01
 Iteration:  00000033   DeltaT:  2.556E-06   Iter/sec:  9.352E-01
 Iteration:  00000034   DeltaT:  2.556E-06   Iter/sec:  9.088E-01
 Iteration:  00000035   DeltaT:  2.556E-06   Iter/sec:  9.376E-01
 Iteration:  00000036   DeltaT:  2.556E-06   Iter/sec:  9.110E-01
 Iteration:  00000037   DeltaT:  2.556E-06   Iter/sec:  9.319E-01
 Iteration:  00000038   DeltaT:  2.556E-06   Iter/sec:  9.463E-01
 Iteration:  00000039   DeltaT:  2.556E-06   Iter/sec:  9.190E-01
 Iteration:  00000040   DeltaT:  2.556E-06   Iter/sec:  9.196E-01
 Iteration:  00000041   DeltaT:  2.556E-06   Iter/sec:  9.412E-01
 Iteration:  00000042   DeltaT:  2.556E-06   Iter/sec:  9.492E-01
 Iteration:  00000043   DeltaT:  2.556E-06   Iter/sec:  9.209E-01
 Iteration:  00000044   DeltaT:  2.556E-06   Iter/sec:  9.397E-01
 Iteration:  00000045   DeltaT:  2.556E-06   Iter/sec:  9.339E-01
 Iteration:  00000046   DeltaT:  2.556E-06   Iter/sec:  9.240E-01
 Iteration:  00000047   DeltaT:  2.556E-06   Iter/sec:  9.248E-01
 Iteration:  00000048   DeltaT:  2.556E-06   Iter/sec:  9.280E-01
 Iteration:  00000049   DeltaT:  2.556E-06   Iter/sec:  9.164E-01
 Iteration:  00000050   DeltaT:  2.556E-06   Iter/sec:  9.382E-01


//////////////////////////////////////////////
   Measured Timings for Process 0  (seconds)

 Elapsed time:        54.2020
  Column time:         5.7786
     Row time:        20.4079
Legendre time:         5.1423
     FFT time:         4.0069
   Solve time:         1.4558
    rlma time:         1.2093
    rlmb time:         0.4792
  pspace time:         7.8582
  psolve time:         6.7012
    dphi time:         0.3059
captured time:        53.3453

     iter/sec:         0.9225
//////////////////////////////////////////////
