 //////////////////////////////////////
 Initializating Rayleigh...

 -- Initalizing MPI...
 ---- Specified parameters:
 ---- NCPU  :    512
 ---- NPROW :     16
 ---- NPCOL :     32
 -- MPI initialized.


 -- Initalizing Grid...
 ---- Specified parameters ----
 ---- N_R                 :     64
 ---- N_THETA             :    192
 ---- Ell_MAX             :    127
 ---- R_MIN               :  5.38462E-01
 ---- R_MAX               :  1.53846E+00
 ---- Chebyshev Domains   :      1

        Domain 1
          Grid points           :  64
          Dealiased Polynomials :  42
          Domain Lower Bound    :  5.38462E-01
          Domain Upper Bound    :  1.53846E+00

 -- Grid initialized.

[SHTns 3.4.5] built Apr 30 2021, 15:49:24, id: avx2,ishioka
        Lmax=127, Mmax*Mres=127, Mres=1, Nlm=8256  [1 threads, orthonormalized]
        => using FFTW : Mmax=127, Nphi=384, Nlat=192  (data layout : phi_inc=192, theta_inc=1, phi_embed=384)
        => using Gauss nodes
        + polar optimization threshold = 1.0e-08
        finding optimal algorithm........
        + SHT accuracy = 4.31e-14
        => SHTns is ready.
 -- Initalizing Reference State...
 ---- Specified parameters:
 ---- Reference type           :  Boussinesq (Non-dimensional)
 ---- Rayleigh Number          :  1.00000E+05
 ---- Ekman Number             :  1.00000E-03
 ---- Prandtl Number           :  1.00000E+00
 ---- Magnetic Prandtl Number  :  5.00000E+00
 -- Reference State initialized.

 -- Initializing Fields...
 ---- Specified parameters:
 ---- Hydro Init Type    : Benchmark (Christensen et al. 2001)
 ---- Magnetic Init Type : Benchmark (Christensen et al. 2001)
 -- Fields initialized.

 Initialization Complete.
 //////////////////////////////////////

 Timestep has changed from  0.00000E+00 to  1.00000E-04.
 Iteration:  00000001   DeltaT:  1.000E-04   Iter/sec:  0.000E+00
 Timestep has changed from  1.00000E-04 to  1.02217E-05.
 Iteration:  00000002   DeltaT:  1.022E-05   Iter/sec:  2.464E-01
 Iteration:  00000003   DeltaT:  1.022E-05   Iter/sec:  5.772E+01
 Iteration:  00000004   DeltaT:  1.022E-05   Iter/sec:  7.142E+01
 Iteration:  00000005   DeltaT:  1.022E-05   Iter/sec:  8.013E+01
 Iteration:  00000006   DeltaT:  1.022E-05   Iter/sec:  7.930E+01
 Iteration:  00000007   DeltaT:  1.022E-05   Iter/sec:  7.770E+01
 Iteration:  00000008   DeltaT:  1.022E-05   Iter/sec:  8.314E+01
 Iteration:  00000009   DeltaT:  1.022E-05   Iter/sec:  8.023E+01
 Iteration:  00000010   DeltaT:  1.022E-05   Iter/sec:  8.180E+01
 Iteration:  00000011   DeltaT:  1.022E-05   Iter/sec:  8.725E+01
 Iteration:  00000012   DeltaT:  1.022E-05   Iter/sec:  7.599E+01
 Iteration:  00000013   DeltaT:  1.022E-05   Iter/sec:  7.873E+01
 Iteration:  00000014   DeltaT:  1.022E-05   Iter/sec:  7.436E+01
 Iteration:  00000015   DeltaT:  1.022E-05   Iter/sec:  7.566E+01
 Iteration:  00000016   DeltaT:  1.022E-05   Iter/sec:  7.957E+01
 Iteration:  00000017   DeltaT:  1.022E-05   Iter/sec:  8.323E+01
 Iteration:  00000018   DeltaT:  1.022E-05   Iter/sec:  6.111E+01
 Iteration:  00000019   DeltaT:  1.022E-05   Iter/sec:  3.764E+01
 Iteration:  00000020   DeltaT:  1.022E-05   Iter/sec:  6.476E+01
 Iteration:  00000021   DeltaT:  1.022E-05   Iter/sec:  7.760E+01
 Iteration:  00000022   DeltaT:  1.022E-05   Iter/sec:  7.986E+01
 Iteration:  00000023   DeltaT:  1.022E-05   Iter/sec:  7.966E+01
 Iteration:  00000024   DeltaT:  1.022E-05   Iter/sec:  7.706E+01
 Iteration:  00000025   DeltaT:  1.022E-05   Iter/sec:  4.819E+01
 Iteration:  00000026   DeltaT:  1.022E-05   Iter/sec:  8.396E+01
 Iteration:  00000027   DeltaT:  1.022E-05   Iter/sec:  8.047E+01
 Iteration:  00000028   DeltaT:  1.022E-05   Iter/sec:  8.533E+01
 Iteration:  00000029   DeltaT:  1.022E-05   Iter/sec:  7.044E+01
 Iteration:  00000030   DeltaT:  1.022E-05   Iter/sec:  4.515E+01
 Iteration:  00000031   DeltaT:  1.022E-05   Iter/sec:  6.638E+01
 Iteration:  00000032   DeltaT:  1.022E-05   Iter/sec:  6.557E+01
 Iteration:  00000033   DeltaT:  1.022E-05   Iter/sec:  6.599E+01
 Iteration:  00000034   DeltaT:  1.022E-05   Iter/sec:  5.365E+01
 Iteration:  00000035   DeltaT:  1.022E-05   Iter/sec:  8.146E+01
 Iteration:  00000036   DeltaT:  1.022E-05   Iter/sec:  7.142E+01
 Iteration:  00000037   DeltaT:  1.022E-05   Iter/sec:  8.592E+01
 Iteration:  00000038   DeltaT:  1.022E-05   Iter/sec:  8.566E+01
 Iteration:  00000039   DeltaT:  1.022E-05   Iter/sec:  8.330E+01
 Iteration:  00000040   DeltaT:  1.022E-05   Iter/sec:  8.027E+01
 Iteration:  00000041   DeltaT:  1.022E-05   Iter/sec:  8.605E+01
 Iteration:  00000042   DeltaT:  1.022E-05   Iter/sec:  8.109E+01
 Iteration:  00000043   DeltaT:  1.022E-05   Iter/sec:  8.569E+01
 Iteration:  00000044   DeltaT:  1.022E-05   Iter/sec:  8.593E+01
 Iteration:  00000045   DeltaT:  1.022E-05   Iter/sec:  8.390E+01
 Iteration:  00000046   DeltaT:  1.022E-05   Iter/sec:  8.368E+01
 Iteration:  00000047   DeltaT:  1.022E-05   Iter/sec:  8.812E+01
 Iteration:  00000048   DeltaT:  1.022E-05   Iter/sec:  8.532E+01
 Iteration:  00000049   DeltaT:  1.022E-05   Iter/sec:  8.396E+01
 Iteration:  00000050   DeltaT:  1.022E-05   Iter/sec:  8.299E+01


//////////////////////////////////////////////
   Measured Timings for Process 0  (seconds)

 Elapsed time:         0.6884
  Column time:         0.2820
     Row time:         0.1726
Legendre time:         0.0409
     FFT time:         0.0359
   Solve time:         0.0433
    rlma time:         0.0144
    rlmb time:         0.0061
  pspace time:         0.0235
  psolve time:         0.0536
    dphi time:         0.0029
captured time:         0.6752

     iter/sec:        72.6304
//////////////////////////////////////////////
