 //////////////////////////////////////
 Initializating Rayleigh...

 -- Initalizing MPI...
 ---- Specified parameters:
 ---- NCPU  :   2048
 ---- NPROW :     32
 ---- NPCOL :     64
 -- MPI initialized.


 -- Initalizing Grid...
 ---- Specified parameters ----
 ---- N_R                 :    128
 ---- N_THETA             :    384
 ---- Ell_MAX             :    255
 ---- R_MIN               :  5.38462E-01
 ---- R_MAX               :  1.53846E+00
 ---- Chebyshev Domains   :      1

        Domain 1
          Grid points           :  128
          Dealiased Polynomials :  85
          Domain Lower Bound    :  5.38462E-01
          Domain Upper Bound    :  1.53846E+00

 -- Grid initialized.

[SHTns 3.4.5] built Apr 30 2021, 15:49:24, id: avx2,ishioka
        Lmax=255, Mmax*Mres=255, Mres=1, Nlm=32896  [1 threads, orthonormalized]
        => using FFTW : Mmax=255, Nphi=768, Nlat=384  (data layout : phi_inc=384, theta_inc=1, phi_embed=768)
        => using Gauss nodes
        + polar optimization threshold = 1.0e-08
        finding optimal algorithm..........
        + SHT accuracy = 1.42e-12
        => SHTns is ready.
 -- Initalizing Reference State...
 ---- Specified parameters:
 ---- Reference type           :  Boussinesq (Non-dimensional)
 ---- Rayleigh Number          :  1.00000E+05
 ---- Ekman Number             :  1.00000E-03
 ---- Prandtl Number           :  1.00000E+00
 ---- Magnetic Prandtl Number  :  5.00000E+00
 -- Reference State initialized.

 -- Initializing Fields...
 ---- Specified parameters:
 ---- Hydro Init Type    : Benchmark (Christensen et al. 2001)
 ---- Magnetic Init Type : Benchmark (Christensen et al. 2001)
 -- Fields initialized.

 Initialization Complete.
 //////////////////////////////////////

 Timestep has changed from  0.00000E+00 to  1.00000E-04.
 Iteration:  00000001   DeltaT:  1.000E-04   Iter/sec:  0.000E+00
 Timestep has changed from  1.00000E-04 to  2.55566E-06.
 Iteration:  00000002   DeltaT:  2.556E-06   Iter/sec:  8.878E-02
 Iteration:  00000003   DeltaT:  2.556E-06   Iter/sec:  1.292E+01
 Iteration:  00000004   DeltaT:  2.556E-06   Iter/sec:  2.466E+01
 Iteration:  00000005   DeltaT:  2.556E-06   Iter/sec:  2.628E+01
 Iteration:  00000006   DeltaT:  2.556E-06   Iter/sec:  2.457E+01
 Iteration:  00000007   DeltaT:  2.556E-06   Iter/sec:  2.328E+01
 Iteration:  00000008   DeltaT:  2.556E-06   Iter/sec:  2.340E+01
 Iteration:  00000009   DeltaT:  2.556E-06   Iter/sec:  2.013E+01
 Iteration:  00000010   DeltaT:  2.556E-06   Iter/sec:  2.778E+01
 Iteration:  00000011   DeltaT:  2.556E-06   Iter/sec:  2.590E+01
 Iteration:  00000012   DeltaT:  2.556E-06   Iter/sec:  1.142E+01
 Iteration:  00000013   DeltaT:  2.556E-06   Iter/sec:  2.091E+01
 Iteration:  00000014   DeltaT:  2.556E-06   Iter/sec:  2.569E+01
 Iteration:  00000015   DeltaT:  2.556E-06   Iter/sec:  1.123E+01
 Iteration:  00000016   DeltaT:  2.556E-06   Iter/sec:  1.134E+01
 Iteration:  00000017   DeltaT:  2.556E-06   Iter/sec:  2.690E+01
 Iteration:  00000018   DeltaT:  2.556E-06   Iter/sec:  1.909E+01
 Iteration:  00000019   DeltaT:  2.556E-06   Iter/sec:  2.679E+01
 Iteration:  00000020   DeltaT:  2.556E-06   Iter/sec:  2.522E+01
 Iteration:  00000021   DeltaT:  2.556E-06   Iter/sec:  2.604E+01
 Iteration:  00000022   DeltaT:  2.556E-06   Iter/sec:  2.490E+01
 Iteration:  00000023   DeltaT:  2.556E-06   Iter/sec:  2.676E+01
 Iteration:  00000024   DeltaT:  2.556E-06   Iter/sec:  2.657E+01
 Iteration:  00000025   DeltaT:  2.556E-06   Iter/sec:  2.556E+01
 Iteration:  00000026   DeltaT:  2.556E-06   Iter/sec:  1.353E+01
 Iteration:  00000027   DeltaT:  2.556E-06   Iter/sec:  2.572E+01
 Iteration:  00000028   DeltaT:  2.556E-06   Iter/sec:  2.687E+01
 Iteration:  00000029   DeltaT:  2.556E-06   Iter/sec:  1.401E+01
 Iteration:  00000030   DeltaT:  2.556E-06   Iter/sec:  1.237E+01
 Iteration:  00000031   DeltaT:  2.556E-06   Iter/sec:  2.676E+01
 Iteration:  00000032   DeltaT:  2.556E-06   Iter/sec:  2.578E+01
 Iteration:  00000033   DeltaT:  2.556E-06   Iter/sec:  2.731E+01
 Iteration:  00000034   DeltaT:  2.556E-06   Iter/sec:  2.656E+01
 Iteration:  00000035   DeltaT:  2.556E-06   Iter/sec:  2.248E+01
 Iteration:  00000036   DeltaT:  2.556E-06   Iter/sec:  2.492E+01
 Iteration:  00000037   DeltaT:  2.556E-06   Iter/sec:  2.731E+01
 Iteration:  00000038   DeltaT:  2.556E-06   Iter/sec:  2.507E+01
 Iteration:  00000039   DeltaT:  2.556E-06   Iter/sec:  2.663E+01
 Iteration:  00000040   DeltaT:  2.556E-06   Iter/sec:  2.417E+01
 Iteration:  00000041   DeltaT:  2.556E-06   Iter/sec:  1.406E+01
 Iteration:  00000042   DeltaT:  2.556E-06   Iter/sec:  2.498E+01
 Iteration:  00000043   DeltaT:  2.556E-06   Iter/sec:  1.492E+01
 Iteration:  00000044   DeltaT:  2.556E-06   Iter/sec:  1.673E+01
 Iteration:  00000045   DeltaT:  2.556E-06   Iter/sec:  1.615E+01
 Iteration:  00000046   DeltaT:  2.556E-06   Iter/sec:  2.739E+01
 Iteration:  00000047   DeltaT:  2.556E-06   Iter/sec:  2.733E+01
 Iteration:  00000048   DeltaT:  2.556E-06   Iter/sec:  2.287E+01
 Iteration:  00000049   DeltaT:  2.556E-06   Iter/sec:  2.126E+01
 Iteration:  00000050   DeltaT:  2.556E-06   Iter/sec:  2.412E+01


//////////////////////////////////////////////
   Measured Timings for Process 0  (seconds)

 Elapsed time:         2.6015
  Column time:         1.3845
     Row time:         0.5120
Legendre time:         0.1196
     FFT time:         0.1015
   Solve time:         0.1369
    rlma time:         0.0253
    rlmb time:         0.0107
  pspace time:         0.1078
  psolve time:         0.1734
    dphi time:         0.0096
captured time:         2.5813

     iter/sec:        19.2199
//////////////////////////////////////////////
