 //////////////////////////////////////
 Initializating Rayleigh...

 -- Initalizing MPI...
 ---- Specified parameters:
 ---- NCPU  :   2048
 ---- NPROW :     64
 ---- NPCOL :     32
 -- MPI initialized.


 -- Initalizing Grid...
 ---- Specified parameters ----
 ---- N_R                 :    512
 ---- N_THETA             :   1536
 ---- Ell_MAX             :   1023
 ---- R_MIN               :  5.38462E-01
 ---- R_MAX               :  1.53846E+00
 ---- Chebyshev Domains   :      1

        Domain 1
          Grid points           :  512
          Dealiased Polynomials :  341
          Domain Lower Bound    :  5.38462E-01
          Domain Upper Bound    :  1.53846E+00

 -- Grid initialized.

[SHTns 3.4.5] built Apr 30 2021, 15:49:24, id: avx2,ishioka
        Lmax=1023, Mmax*Mres=1023, Mres=1, Nlm=524800  [1 threads, orthonormalized]
        => using FFTW : Mmax=1023, Nphi=3072, Nlat=1536  (data layout : phi_inc=1536, theta_inc=1, phi_embed=3072)
        => using Gauss nodes
        + polar optimization threshold = 1.0e-08
        finding optimal algorithm...
        + SHT accuracy = 9.4e-13
        => SHTns is ready.
 -- Initalizing Reference State...
 ---- Specified parameters:
 ---- Reference type           :  Boussinesq (Non-dimensional)
 ---- Rayleigh Number          :  1.00000E+05
 ---- Ekman Number             :  1.00000E-03
 ---- Prandtl Number           :  1.00000E+00
 ---- Magnetic Prandtl Number  :  5.00000E+00
 -- Reference State initialized.

 -- Initializing Fields...
 ---- Specified parameters:
 ---- Hydro Init Type    : Benchmark (Christensen et al. 2001)
 ---- Magnetic Init Type : Benchmark (Christensen et al. 2001)
 -- Fields initialized.

 Initialization Complete.
 //////////////////////////////////////

 Timestep has changed from  0.00000E+00 to  1.00000E-04.
 Iteration:  00000001   DeltaT:  1.000E-04   Iter/sec:  0.000E+00
 Timestep has changed from  1.00000E-04 to  1.59733E-07.
 Iteration:  00000002   DeltaT:  1.597E-07   Iter/sec:  5.231E-02
 Iteration:  00000003   DeltaT:  1.597E-07   Iter/sec:  8.649E-02
 Iteration:  00000004   DeltaT:  1.597E-07   Iter/sec:  2.443E-01
 Iteration:  00000005   DeltaT:  1.597E-07   Iter/sec:  2.448E-01
 Iteration:  00000006   DeltaT:  1.597E-07   Iter/sec:  2.514E-01
 Iteration:  00000007   DeltaT:  1.597E-07   Iter/sec:  2.415E-01
 Iteration:  00000008   DeltaT:  1.597E-07   Iter/sec:  2.459E-01
 Iteration:  00000009   DeltaT:  1.597E-07   Iter/sec:  2.530E-01
 Iteration:  00000010   DeltaT:  1.597E-07   Iter/sec:  2.419E-01
 Iteration:  00000011   DeltaT:  1.597E-07   Iter/sec:  2.468E-01
 Iteration:  00000012   DeltaT:  1.597E-07   Iter/sec:  2.386E-01
 Iteration:  00000013   DeltaT:  1.597E-07   Iter/sec:  2.522E-01
 Iteration:  00000014   DeltaT:  1.597E-07   Iter/sec:  2.394E-01
 Iteration:  00000015   DeltaT:  1.597E-07   Iter/sec:  2.491E-01
 Iteration:  00000016   DeltaT:  1.597E-07   Iter/sec:  2.462E-01
 Iteration:  00000017   DeltaT:  1.597E-07   Iter/sec:  2.468E-01
 Iteration:  00000018   DeltaT:  1.597E-07   Iter/sec:  2.497E-01
 Iteration:  00000019   DeltaT:  1.597E-07   Iter/sec:  2.394E-01
 Iteration:  00000020   DeltaT:  1.597E-07   Iter/sec:  2.321E-01
 Iteration:  00000021   DeltaT:  1.597E-07   Iter/sec:  2.423E-01
 Iteration:  00000022   DeltaT:  1.597E-07   Iter/sec:  2.436E-01
 Iteration:  00000023   DeltaT:  1.597E-07   Iter/sec:  2.520E-01
 Iteration:  00000024   DeltaT:  1.597E-07   Iter/sec:  2.291E-01
 Iteration:  00000025   DeltaT:  1.597E-07   Iter/sec:  2.487E-01
 Iteration:  00000026   DeltaT:  1.597E-07   Iter/sec:  2.476E-01
 Iteration:  00000027   DeltaT:  1.597E-07   Iter/sec:  2.397E-01
 Iteration:  00000028   DeltaT:  1.597E-07   Iter/sec:  2.425E-01
 Iteration:  00000029   DeltaT:  1.597E-07   Iter/sec:  2.544E-01
 Iteration:  00000030   DeltaT:  1.597E-07   Iter/sec:  2.362E-01
 Iteration:  00000031   DeltaT:  1.597E-07   Iter/sec:  2.557E-01
 Iteration:  00000032   DeltaT:  1.597E-07   Iter/sec:  2.387E-01
 Iteration:  00000033   DeltaT:  1.597E-07   Iter/sec:  2.538E-01
 Iteration:  00000034   DeltaT:  1.597E-07   Iter/sec:  2.409E-01
 Iteration:  00000035   DeltaT:  1.597E-07   Iter/sec:  2.463E-01
 Iteration:  00000036   DeltaT:  1.597E-07   Iter/sec:  2.488E-01
 Iteration:  00000037   DeltaT:  1.597E-07   Iter/sec:  2.473E-01
 Iteration:  00000038   DeltaT:  1.597E-07   Iter/sec:  2.422E-01
 Iteration:  00000039   DeltaT:  1.597E-07   Iter/sec:  2.377E-01
 Iteration:  00000040   DeltaT:  1.597E-07   Iter/sec:  2.519E-01
 Iteration:  00000041   DeltaT:  1.597E-07   Iter/sec:  2.429E-01
 Iteration:  00000042   DeltaT:  1.597E-07   Iter/sec:  2.369E-01
 Iteration:  00000043   DeltaT:  1.597E-07   Iter/sec:  2.524E-01
 Iteration:  00000044   DeltaT:  1.597E-07   Iter/sec:  2.424E-01
 Iteration:  00000045   DeltaT:  1.597E-07   Iter/sec:  2.349E-01
 Iteration:  00000046   DeltaT:  1.597E-07   Iter/sec:  2.372E-01
 Iteration:  00000047   DeltaT:  1.597E-07   Iter/sec:  2.498E-01
 Iteration:  00000048   DeltaT:  1.597E-07   Iter/sec:  2.494E-01
 Iteration:  00000049   DeltaT:  1.597E-07   Iter/sec:  2.321E-01
 Iteration:  00000050   DeltaT:  1.597E-07   Iter/sec:  2.594E-01


//////////////////////////////////////////////
   Measured Timings for Process 0  (seconds)

 Elapsed time:       219.5085
  Column time:        62.0284
     Row time:        57.4774
Legendre time:        25.2612
     FFT time:         8.4957
   Solve time:        14.4473
    rlma time:         3.0379
    rlmb time:         1.3877
  pspace time:        15.3978
  psolve time:        29.5099
    dphi time:         0.5254
captured time:       217.5687

     iter/sec:         0.2278
//////////////////////////////////////////////
