 //////////////////////////////////////
 Initializating Rayleigh...

 -- Initalizing MPI...
 ---- Specified parameters:
 ---- NCPU  :    512
 ---- NPROW :     32
 ---- NPCOL :     16
 -- MPI initialized.


 -- Initalizing Grid...
 ---- Specified parameters ----
 ---- N_R                 :    128
 ---- N_THETA             :    384
 ---- Ell_MAX             :    255
 ---- R_MIN               :  5.38462E-01
 ---- R_MAX               :  1.53846E+00
 ---- Chebyshev Domains   :      1

        Domain 1
          Grid points           :  128
          Dealiased Polynomials :  85
          Domain Lower Bound    :  5.38462E-01
          Domain Upper Bound    :  1.53846E+00

 -- Grid initialized.

[SHTns 3.4.5] built Apr 30 2021, 15:49:24, id: avx2,ishioka
        Lmax=255, Mmax*Mres=255, Mres=1, Nlm=32896  [1 threads, orthonormalized]
        => using FFTW : Mmax=255, Nphi=768, Nlat=384  (data layout : phi_inc=384, theta_inc=1, phi_embed=768)
        => using Gauss nodes
        + polar optimization threshold = 1.0e-08
        finding optimal algorithm..........
        + SHT accuracy = 7.12e-13
        => SHTns is ready.
 -- Initalizing Reference State...
 ---- Specified parameters:
 ---- Reference type           :  Boussinesq (Non-dimensional)
 ---- Rayleigh Number          :  1.00000E+05
 ---- Ekman Number             :  1.00000E-03
 ---- Prandtl Number           :  1.00000E+00
 ---- Magnetic Prandtl Number  :  5.00000E+00
 -- Reference State initialized.

 -- Initializing Fields...
 ---- Specified parameters:
 ---- Hydro Init Type    : Benchmark (Christensen et al. 2001)
 ---- Magnetic Init Type : Benchmark (Christensen et al. 2001)
 -- Fields initialized.

 Initialization Complete.
 //////////////////////////////////////

 Timestep has changed from  0.00000E+00 to  1.00000E-04.
 Iteration:  00000001   DeltaT:  1.000E-04   Iter/sec:  0.000E+00
 Timestep has changed from  1.00000E-04 to  2.55566E-06.
 Iteration:  00000002   DeltaT:  2.556E-06   Iter/sec:  1.126E-01
 Iteration:  00000003   DeltaT:  2.556E-06   Iter/sec:  4.236E+00
 Iteration:  00000004   DeltaT:  2.556E-06   Iter/sec:  6.336E+00
 Iteration:  00000005   DeltaT:  2.556E-06   Iter/sec:  5.746E+00
 Iteration:  00000006   DeltaT:  2.556E-06   Iter/sec:  6.778E+00
 Iteration:  00000007   DeltaT:  2.556E-06   Iter/sec:  6.453E+00
 Iteration:  00000008   DeltaT:  2.556E-06   Iter/sec:  6.195E+00
 Iteration:  00000009   DeltaT:  2.556E-06   Iter/sec:  5.889E+00
 Iteration:  00000010   DeltaT:  2.556E-06   Iter/sec:  5.737E+00
 Iteration:  00000011   DeltaT:  2.556E-06   Iter/sec:  6.229E+00
 Iteration:  00000012   DeltaT:  2.556E-06   Iter/sec:  6.545E+00
 Iteration:  00000013   DeltaT:  2.556E-06   Iter/sec:  5.885E+00
 Iteration:  00000014   DeltaT:  2.556E-06   Iter/sec:  5.615E+00
 Iteration:  00000015   DeltaT:  2.556E-06   Iter/sec:  6.819E+00
 Iteration:  00000016   DeltaT:  2.556E-06   Iter/sec:  6.582E+00
 Iteration:  00000017   DeltaT:  2.556E-06   Iter/sec:  6.457E+00
 Iteration:  00000018   DeltaT:  2.556E-06   Iter/sec:  6.023E+00
 Iteration:  00000019   DeltaT:  2.556E-06   Iter/sec:  6.339E+00
 Iteration:  00000020   DeltaT:  2.556E-06   Iter/sec:  6.636E+00
 Iteration:  00000021   DeltaT:  2.556E-06   Iter/sec:  6.637E+00
 Iteration:  00000022   DeltaT:  2.556E-06   Iter/sec:  5.735E+00
 Iteration:  00000023   DeltaT:  2.556E-06   Iter/sec:  5.875E+00
 Iteration:  00000024   DeltaT:  2.556E-06   Iter/sec:  6.632E+00
 Iteration:  00000025   DeltaT:  2.556E-06   Iter/sec:  6.479E+00
 Iteration:  00000026   DeltaT:  2.556E-06   Iter/sec:  5.900E+00
 Iteration:  00000027   DeltaT:  2.556E-06   Iter/sec:  5.092E+00
 Iteration:  00000028   DeltaT:  2.556E-06   Iter/sec:  6.077E+00
 Iteration:  00000029   DeltaT:  2.556E-06   Iter/sec:  6.161E+00
 Iteration:  00000030   DeltaT:  2.556E-06   Iter/sec:  6.077E+00
 Iteration:  00000031   DeltaT:  2.556E-06   Iter/sec:  6.085E+00
 Iteration:  00000032   DeltaT:  2.556E-06   Iter/sec:  6.672E+00
 Iteration:  00000033   DeltaT:  2.556E-06   Iter/sec:  6.243E+00
 Iteration:  00000034   DeltaT:  2.556E-06   Iter/sec:  6.531E+00
 Iteration:  00000035   DeltaT:  2.556E-06   Iter/sec:  5.717E+00
 Iteration:  00000036   DeltaT:  2.556E-06   Iter/sec:  6.551E+00
 Iteration:  00000037   DeltaT:  2.556E-06   Iter/sec:  6.511E+00
 Iteration:  00000038   DeltaT:  2.556E-06   Iter/sec:  6.349E+00
 Iteration:  00000039   DeltaT:  2.556E-06   Iter/sec:  5.838E+00
 Iteration:  00000040   DeltaT:  2.556E-06   Iter/sec:  5.767E+00
 Iteration:  00000041   DeltaT:  2.556E-06   Iter/sec:  6.609E+00
 Iteration:  00000042   DeltaT:  2.556E-06   Iter/sec:  6.464E+00
 Iteration:  00000043   DeltaT:  2.556E-06   Iter/sec:  6.309E+00
 Iteration:  00000044   DeltaT:  2.556E-06   Iter/sec:  6.271E+00
 Iteration:  00000045   DeltaT:  2.556E-06   Iter/sec:  6.256E+00
 Iteration:  00000046   DeltaT:  2.556E-06   Iter/sec:  6.680E+00
 Iteration:  00000047   DeltaT:  2.556E-06   Iter/sec:  6.487E+00
 Iteration:  00000048   DeltaT:  2.556E-06   Iter/sec:  6.035E+00
 Iteration:  00000049   DeltaT:  2.556E-06   Iter/sec:  5.634E+00
 Iteration:  00000050   DeltaT:  2.556E-06   Iter/sec:  6.380E+00


//////////////////////////////////////////////
   Measured Timings for Process 0  (seconds)

 Elapsed time:         8.2360
  Column time:         2.7891
     Row time:         2.2514
Legendre time:         0.5406
     FFT time:         0.4867
   Solve time:         0.4077
    rlma time:         0.0811
    rlmb time:         0.0368
  pspace time:         0.8728
  psolve time:         0.6595
    dphi time:         0.0480
captured time:         8.1737

     iter/sec:         6.0709
//////////////////////////////////////////////
