 //////////////////////////////////////
 Initializating Rayleigh...

 -- Initalizing MPI...
 ---- Specified parameters:
 ---- NCPU  :   4096
 ---- NPROW :    128
 ---- NPCOL :     32
 -- MPI initialized.


 -- Initalizing Grid...
 ---- Specified parameters ----
 ---- N_R                 :    512
 ---- N_THETA             :   1536
 ---- Ell_MAX             :   1023
 ---- R_MIN               :  5.38462E-01
 ---- R_MAX               :  1.53846E+00
 ---- Chebyshev Domains   :      1

        Domain 1
          Grid points           :  512
          Dealiased Polynomials :  341
          Domain Lower Bound    :  5.38462E-01
          Domain Upper Bound    :  1.53846E+00

 -- Grid initialized.

[SHTns 3.4.5] built Apr 30 2021, 15:49:24, id: avx2,ishioka
        Lmax=1023, Mmax*Mres=1023, Mres=1, Nlm=524800  [1 threads, orthonormalized]
        => using FFTW : Mmax=1023, Nphi=3072, Nlat=1536  (data layout : phi_inc=1536, theta_inc=1, phi_embed=3072)
        => using Gauss nodes
        + polar optimization threshold = 1.0e-08
        finding optimal algorithm...
        + SHT accuracy = 9.87e-13
        => SHTns is ready.
 -- Initalizing Reference State...
 ---- Specified parameters:
 ---- Reference type           :  Boussinesq (Non-dimensional)
 ---- Rayleigh Number          :  1.00000E+05
 ---- Ekman Number             :  1.00000E-03
 ---- Prandtl Number           :  1.00000E+00
 ---- Magnetic Prandtl Number  :  5.00000E+00
 -- Reference State initialized.

 -- Initializing Fields...
 ---- Specified parameters:
 ---- Hydro Init Type    : Benchmark (Christensen et al. 2001)
 ---- Magnetic Init Type : Benchmark (Christensen et al. 2001)
 -- Fields initialized.

 Initialization Complete.
 //////////////////////////////////////

 Timestep has changed from  0.00000E+00 to  1.00000E-04.
 Iteration:  00000001   DeltaT:  1.000E-04   Iter/sec:  0.000E+00
 Timestep has changed from  1.00000E-04 to  1.59733E-07.
 Iteration:  00000002   DeltaT:  1.597E-07   Iter/sec:  6.064E-02
 Iteration:  00000003   DeltaT:  1.597E-07   Iter/sec:  1.035E-01
 Iteration:  00000004   DeltaT:  1.597E-07   Iter/sec:  4.102E-01
 Iteration:  00000005   DeltaT:  1.597E-07   Iter/sec:  4.156E-01
 Iteration:  00000006   DeltaT:  1.597E-07   Iter/sec:  4.106E-01
 Iteration:  00000007   DeltaT:  1.597E-07   Iter/sec:  4.167E-01
 Iteration:  00000008   DeltaT:  1.597E-07   Iter/sec:  4.115E-01
 Iteration:  00000009   DeltaT:  1.597E-07   Iter/sec:  4.126E-01
 Iteration:  00000010   DeltaT:  1.597E-07   Iter/sec:  4.157E-01
 Iteration:  00000011   DeltaT:  1.597E-07   Iter/sec:  4.023E-01
 Iteration:  00000012   DeltaT:  1.597E-07   Iter/sec:  4.143E-01
 Iteration:  00000013   DeltaT:  1.597E-07   Iter/sec:  4.098E-01
 Iteration:  00000014   DeltaT:  1.597E-07   Iter/sec:  4.123E-01
 Iteration:  00000015   DeltaT:  1.597E-07   Iter/sec:  4.174E-01
 Iteration:  00000016   DeltaT:  1.597E-07   Iter/sec:  4.053E-01
 Iteration:  00000017   DeltaT:  1.597E-07   Iter/sec:  4.151E-01
 Iteration:  00000018   DeltaT:  1.597E-07   Iter/sec:  4.180E-01
 Iteration:  00000019   DeltaT:  1.597E-07   Iter/sec:  4.095E-01
 Iteration:  00000020   DeltaT:  1.597E-07   Iter/sec:  4.102E-01
 Iteration:  00000021   DeltaT:  1.597E-07   Iter/sec:  4.085E-01
 Iteration:  00000022   DeltaT:  1.597E-07   Iter/sec:  4.052E-01
 Iteration:  00000023   DeltaT:  1.597E-07   Iter/sec:  4.165E-01
 Iteration:  00000024   DeltaT:  1.597E-07   Iter/sec:  4.079E-01
 Iteration:  00000025   DeltaT:  1.597E-07   Iter/sec:  4.084E-01
 Iteration:  00000026   DeltaT:  1.597E-07   Iter/sec:  4.018E-01
 Iteration:  00000027   DeltaT:  1.597E-07   Iter/sec:  4.255E-01
 Iteration:  00000028   DeltaT:  1.597E-07   Iter/sec:  3.986E-01
 Iteration:  00000029   DeltaT:  1.597E-07   Iter/sec:  4.144E-01
 Iteration:  00000030   DeltaT:  1.597E-07   Iter/sec:  4.135E-01
 Iteration:  00000031   DeltaT:  1.597E-07   Iter/sec:  4.223E-01
 Iteration:  00000032   DeltaT:  1.597E-07   Iter/sec:  4.076E-01
 Iteration:  00000033   DeltaT:  1.597E-07   Iter/sec:  4.150E-01
 Iteration:  00000034   DeltaT:  1.597E-07   Iter/sec:  4.156E-01
 Iteration:  00000035   DeltaT:  1.597E-07   Iter/sec:  4.140E-01
 Iteration:  00000036   DeltaT:  1.597E-07   Iter/sec:  4.034E-01
 Iteration:  00000037   DeltaT:  1.597E-07   Iter/sec:  4.161E-01
 Iteration:  00000038   DeltaT:  1.597E-07   Iter/sec:  4.175E-01
 Iteration:  00000039   DeltaT:  1.597E-07   Iter/sec:  3.932E-01
 Iteration:  00000040   DeltaT:  1.597E-07   Iter/sec:  4.189E-01
 Iteration:  00000041   DeltaT:  1.597E-07   Iter/sec:  3.927E-01
 Iteration:  00000042   DeltaT:  1.597E-07   Iter/sec:  4.114E-01
 Iteration:  00000043   DeltaT:  1.597E-07   Iter/sec:  4.112E-01
 Iteration:  00000044   DeltaT:  1.597E-07   Iter/sec:  4.143E-01
 Iteration:  00000045   DeltaT:  1.597E-07   Iter/sec:  3.937E-01
 Iteration:  00000046   DeltaT:  1.597E-07   Iter/sec:  4.229E-01
 Iteration:  00000047   DeltaT:  1.597E-07   Iter/sec:  4.160E-01
 Iteration:  00000048   DeltaT:  1.597E-07   Iter/sec:  4.084E-01
 Iteration:  00000049   DeltaT:  1.597E-07   Iter/sec:  4.043E-01
 Iteration:  00000050   DeltaT:  1.597E-07   Iter/sec:  4.108E-01


//////////////////////////////////////////////
   Measured Timings for Process 0  (seconds)

 Elapsed time:       136.0798
  Column time:        35.3213
     Row time:        38.9150
Legendre time:        12.3365
     FFT time:         4.1883
   Solve time:        12.0830
    rlma time:         1.2541
    rlmb time:         0.4251
  pspace time:         8.6721
  psolve time:        21.5354
    dphi time:         0.4071
captured time:       135.1378

     iter/sec:         0.3674
//////////////////////////////////////////////
