 //////////////////////////////////////
 Initializating Rayleigh...

 -- Initalizing MPI...
 ---- Specified parameters:
 ---- NCPU  :     64
 ---- NPROW :      4
 ---- NPCOL :     16
 -- MPI initialized.


 -- Initalizing Grid...
 ---- Specified parameters ----
 ---- N_R                 :    128
 ---- N_THETA             :    384
 ---- Ell_MAX             :    255
 ---- R_MIN               :  5.38462E-01
 ---- R_MAX               :  1.53846E+00
 ---- Chebyshev Domains   :      1

        Domain 1
          Grid points           :  128
          Dealiased Polynomials :  85
          Domain Lower Bound    :  5.38462E-01
          Domain Upper Bound    :  1.53846E+00

 -- Grid initialized.

[SHTns 3.4.5] built Apr 30 2021, 15:49:24, id: avx2,ishioka
        Lmax=255, Mmax*Mres=255, Mres=1, Nlm=32896  [1 threads, orthonormalized]
        => using FFTW : Mmax=255, Nphi=768, Nlat=384  (data layout : phi_inc=384, theta_inc=1, phi_embed=768)
        => using Gauss nodes
        + polar optimization threshold = 1.0e-08
        finding optimal algorithm..........
        + SHT accuracy = 2.65e-12
        => SHTns is ready.
 -- Initalizing Reference State...
 ---- Specified parameters:
 ---- Reference type           :  Boussinesq (Non-dimensional)
 ---- Rayleigh Number          :  1.00000E+05
 ---- Ekman Number             :  1.00000E-03
 ---- Prandtl Number           :  1.00000E+00
 ---- Magnetic Prandtl Number  :  5.00000E+00
 -- Reference State initialized.

 -- Initializing Fields...
 ---- Specified parameters:
 ---- Hydro Init Type    : Benchmark (Christensen et al. 2001)
 ---- Magnetic Init Type : Benchmark (Christensen et al. 2001)
 -- Fields initialized.

 Initialization Complete.
 //////////////////////////////////////

 Timestep has changed from  0.00000E+00 to  1.00000E-04.
 Iteration:  00000001   DeltaT:  1.000E-04   Iter/sec:  0.000E+00
 Timestep has changed from  1.00000E-04 to  2.55566E-06.
 Iteration:  00000002   DeltaT:  2.556E-06   Iter/sec:  9.782E-02
 Iteration:  00000003   DeltaT:  2.556E-06   Iter/sec:  8.522E-01
 Iteration:  00000004   DeltaT:  2.556E-06   Iter/sec:  9.464E-01
 Iteration:  00000005   DeltaT:  2.556E-06   Iter/sec:  9.433E-01
 Iteration:  00000006   DeltaT:  2.556E-06   Iter/sec:  9.430E-01
 Iteration:  00000007   DeltaT:  2.556E-06   Iter/sec:  9.243E-01
 Iteration:  00000008   DeltaT:  2.556E-06   Iter/sec:  9.316E-01
 Iteration:  00000009   DeltaT:  2.556E-06   Iter/sec:  9.341E-01
 Iteration:  00000010   DeltaT:  2.556E-06   Iter/sec:  9.243E-01
 Iteration:  00000011   DeltaT:  2.556E-06   Iter/sec:  9.367E-01
 Iteration:  00000012   DeltaT:  2.556E-06   Iter/sec:  9.225E-01
 Iteration:  00000013   DeltaT:  2.556E-06   Iter/sec:  9.393E-01
 Iteration:  00000014   DeltaT:  2.556E-06   Iter/sec:  9.353E-01
 Iteration:  00000015   DeltaT:  2.556E-06   Iter/sec:  9.289E-01
 Iteration:  00000016   DeltaT:  2.556E-06   Iter/sec:  9.344E-01
 Iteration:  00000017   DeltaT:  2.556E-06   Iter/sec:  9.172E-01
 Iteration:  00000018   DeltaT:  2.556E-06   Iter/sec:  9.363E-01
 Iteration:  00000019   DeltaT:  2.556E-06   Iter/sec:  9.138E-01
 Iteration:  00000020   DeltaT:  2.556E-06   Iter/sec:  9.553E-01
 Iteration:  00000021   DeltaT:  2.556E-06   Iter/sec:  9.248E-01
 Iteration:  00000022   DeltaT:  2.556E-06   Iter/sec:  9.316E-01
 Iteration:  00000023   DeltaT:  2.556E-06   Iter/sec:  9.215E-01
 Iteration:  00000024   DeltaT:  2.556E-06   Iter/sec:  9.318E-01
 Iteration:  00000025   DeltaT:  2.556E-06   Iter/sec:  9.364E-01
 Iteration:  00000026   DeltaT:  2.556E-06   Iter/sec:  9.328E-01
 Iteration:  00000027   DeltaT:  2.556E-06   Iter/sec:  9.151E-01
 Iteration:  00000028   DeltaT:  2.556E-06   Iter/sec:  9.452E-01
 Iteration:  00000029   DeltaT:  2.556E-06   Iter/sec:  9.383E-01
 Iteration:  00000030   DeltaT:  2.556E-06   Iter/sec:  9.282E-01
 Iteration:  00000031   DeltaT:  2.556E-06   Iter/sec:  9.326E-01
 Iteration:  00000032   DeltaT:  2.556E-06   Iter/sec:  9.365E-01
 Iteration:  00000033   DeltaT:  2.556E-06   Iter/sec:  9.459E-01
 Iteration:  00000034   DeltaT:  2.556E-06   Iter/sec:  9.330E-01
 Iteration:  00000035   DeltaT:  2.556E-06   Iter/sec:  9.324E-01
 Iteration:  00000036   DeltaT:  2.556E-06   Iter/sec:  9.311E-01
 Iteration:  00000037   DeltaT:  2.556E-06   Iter/sec:  9.235E-01
 Iteration:  00000038   DeltaT:  2.556E-06   Iter/sec:  9.452E-01
 Iteration:  00000039   DeltaT:  2.556E-06   Iter/sec:  9.360E-01
 Iteration:  00000040   DeltaT:  2.556E-06   Iter/sec:  9.421E-01
 Iteration:  00000041   DeltaT:  2.556E-06   Iter/sec:  9.343E-01
 Iteration:  00000042   DeltaT:  2.556E-06   Iter/sec:  9.381E-01
 Iteration:  00000043   DeltaT:  2.556E-06   Iter/sec:  9.439E-01
 Iteration:  00000044   DeltaT:  2.556E-06   Iter/sec:  9.373E-01
 Iteration:  00000045   DeltaT:  2.556E-06   Iter/sec:  9.302E-01
 Iteration:  00000046   DeltaT:  2.556E-06   Iter/sec:  9.463E-01
 Iteration:  00000047   DeltaT:  2.556E-06   Iter/sec:  9.326E-01
 Iteration:  00000048   DeltaT:  2.556E-06   Iter/sec:  9.437E-01
 Iteration:  00000049   DeltaT:  2.556E-06   Iter/sec:  9.300E-01
 Iteration:  00000050   DeltaT:  2.556E-06   Iter/sec:  9.264E-01


//////////////////////////////////////////////
   Measured Timings for Process 0  (seconds)

 Elapsed time:        53.7544
  Column time:         6.1619
     Row time:        19.8929
Legendre time:         5.1284
     FFT time:         3.9905
   Solve time:         1.2351
    rlma time:         1.1314
    rlmb time:         0.4948
  pspace time:         7.9247
  psolve time:         6.5907
    dphi time:         0.3162
captured time:        52.8666

     iter/sec:         0.9302
//////////////////////////////////////////////
