 //////////////////////////////////////
 Initializating Rayleigh...

 -- Initalizing MPI...
 ---- Specified parameters:
 ---- NCPU  :    512
 ---- NPROW :     32
 ---- NPCOL :     16
 -- MPI initialized.


 -- Initalizing Grid...
 ---- Specified parameters ----
 ---- N_R                 :    256
 ---- N_THETA             :    768
 ---- Ell_MAX             :    511
 ---- R_MIN               :  5.38462E-01
 ---- R_MAX               :  1.53846E+00
 ---- Chebyshev Domains   :      1

        Domain 1
          Grid points           :  256
          Dealiased Polynomials :  170
          Domain Lower Bound    :  5.38462E-01
          Domain Upper Bound    :  1.53846E+00

 -- Grid initialized.

[SHTns 3.4.5] built Apr 30 2021, 15:49:24, id: avx2,ishioka
        Lmax=511, Mmax*Mres=511, Mres=1, Nlm=131328  [1 threads, orthonormalized]
        => using FFTW : Mmax=511, Nphi=1536, Nlat=768  (data layout : phi_inc=768, theta_inc=1, phi_embed=1536)
        => using Gauss nodes
        + polar optimization threshold = 1.0e-08
        finding optimal algorithm........
        + SHT accuracy = 4.49e-13
        => SHTns is ready.
 -- Initalizing Reference State...
 ---- Specified parameters:
 ---- Reference type           :  Boussinesq (Non-dimensional)
 ---- Rayleigh Number          :  1.00000E+05
 ---- Ekman Number             :  1.00000E-03
 ---- Prandtl Number           :  1.00000E+00
 ---- Magnetic Prandtl Number  :  5.00000E+00
 -- Reference State initialized.

 -- Initializing Fields...
 ---- Specified parameters:
 ---- Hydro Init Type    : Benchmark (Christensen et al. 2001)
 ---- Magnetic Init Type : Benchmark (Christensen et al. 2001)
 -- Fields initialized.

 Initialization Complete.
 //////////////////////////////////////

 Timestep has changed from  0.00000E+00 to  1.00000E-04.
 Iteration:  00000001   DeltaT:  1.000E-04   Iter/sec:  0.000E+00
 Timestep has changed from  1.00000E-04 to  6.38929E-07.
 Iteration:  00000002   DeltaT:  6.389E-07   Iter/sec:  9.903E-02
 Iteration:  00000003   DeltaT:  6.389E-07   Iter/sec:  3.669E-01
 Iteration:  00000004   DeltaT:  6.389E-07   Iter/sec:  6.804E-01
 Iteration:  00000005   DeltaT:  6.389E-07   Iter/sec:  6.593E-01
 Iteration:  00000006   DeltaT:  6.389E-07   Iter/sec:  6.433E-01
 Iteration:  00000007   DeltaT:  6.389E-07   Iter/sec:  6.161E-01
 Iteration:  00000008   DeltaT:  6.389E-07   Iter/sec:  6.879E-01
 Iteration:  00000009   DeltaT:  6.389E-07   Iter/sec:  6.732E-01
 Iteration:  00000010   DeltaT:  6.389E-07   Iter/sec:  6.868E-01
 Iteration:  00000011   DeltaT:  6.389E-07   Iter/sec:  6.812E-01
 Iteration:  00000012   DeltaT:  6.389E-07   Iter/sec:  6.386E-01
 Iteration:  00000013   DeltaT:  6.389E-07   Iter/sec:  6.602E-01
 Iteration:  00000014   DeltaT:  6.389E-07   Iter/sec:  6.458E-01
 Iteration:  00000015   DeltaT:  6.389E-07   Iter/sec:  6.691E-01
 Iteration:  00000016   DeltaT:  6.389E-07   Iter/sec:  6.877E-01
 Iteration:  00000017   DeltaT:  6.389E-07   Iter/sec:  6.828E-01
 Iteration:  00000018   DeltaT:  6.389E-07   Iter/sec:  6.418E-01
 Iteration:  00000019   DeltaT:  6.389E-07   Iter/sec:  6.666E-01
 Iteration:  00000020   DeltaT:  6.389E-07   Iter/sec:  6.367E-01
 Iteration:  00000021   DeltaT:  6.389E-07   Iter/sec:  6.808E-01
 Iteration:  00000022   DeltaT:  6.389E-07   Iter/sec:  6.768E-01
 Iteration:  00000023   DeltaT:  6.389E-07   Iter/sec:  6.790E-01
 Iteration:  00000024   DeltaT:  6.389E-07   Iter/sec:  6.816E-01
 Iteration:  00000025   DeltaT:  6.389E-07   Iter/sec:  6.803E-01
 Iteration:  00000026   DeltaT:  6.389E-07   Iter/sec:  6.490E-01
 Iteration:  00000027   DeltaT:  6.389E-07   Iter/sec:  6.815E-01
 Iteration:  00000028   DeltaT:  6.389E-07   Iter/sec:  6.534E-01
 Iteration:  00000029   DeltaT:  6.389E-07   Iter/sec:  6.521E-01
 Iteration:  00000030   DeltaT:  6.389E-07   Iter/sec:  6.818E-01
 Iteration:  00000031   DeltaT:  6.389E-07   Iter/sec:  6.800E-01
 Iteration:  00000032   DeltaT:  6.389E-07   Iter/sec:  6.469E-01
 Iteration:  00000033   DeltaT:  6.389E-07   Iter/sec:  6.129E-01
 Iteration:  00000034   DeltaT:  6.389E-07   Iter/sec:  7.106E-01
 Iteration:  00000035   DeltaT:  6.389E-07   Iter/sec:  6.338E-01
 Iteration:  00000036   DeltaT:  6.389E-07   Iter/sec:  6.768E-01
 Iteration:  00000037   DeltaT:  6.389E-07   Iter/sec:  6.356E-01
 Iteration:  00000038   DeltaT:  6.389E-07   Iter/sec:  6.881E-01
 Iteration:  00000039   DeltaT:  6.389E-07   Iter/sec:  6.128E-01
 Iteration:  00000040   DeltaT:  6.389E-07   Iter/sec:  6.515E-01
 Iteration:  00000041   DeltaT:  6.389E-07   Iter/sec:  6.867E-01
 Iteration:  00000042   DeltaT:  6.389E-07   Iter/sec:  6.924E-01
 Iteration:  00000043   DeltaT:  6.389E-07   Iter/sec:  6.500E-01
 Iteration:  00000044   DeltaT:  6.389E-07   Iter/sec:  6.313E-01
 Iteration:  00000045   DeltaT:  6.389E-07   Iter/sec:  6.460E-01
 Iteration:  00000046   DeltaT:  6.389E-07   Iter/sec:  6.863E-01
 Iteration:  00000047   DeltaT:  6.389E-07   Iter/sec:  6.523E-01
 Iteration:  00000048   DeltaT:  6.389E-07   Iter/sec:  6.054E-01
 Iteration:  00000049   DeltaT:  6.389E-07   Iter/sec:  6.875E-01
 Iteration:  00000050   DeltaT:  6.389E-07   Iter/sec:  6.645E-01


//////////////////////////////////////////////
   Measured Timings for Process 0  (seconds)

 Elapsed time:        78.1422
  Column time:        20.1460
     Row time:        23.7915
Legendre time:         7.5683
     FFT time:         3.8009
   Solve time:         3.7746
    rlma time:         1.0647
    rlmb time:         0.6459
  pspace time:         7.6341
  psolve time:         8.8481
    dphi time:         0.2661
captured time:        77.5403

     iter/sec:         0.6399
//////////////////////////////////////////////
