 //////////////////////////////////////
 Initializating Rayleigh...

 -- Initalizing MPI...
 ---- Specified parameters:
 ---- NCPU  :    256
 ---- NPROW :      8
 ---- NPCOL :     32
 -- MPI initialized.


 -- Initalizing Grid...
 ---- Specified parameters ----
 ---- N_R                 :    128
 ---- N_THETA             :    384
 ---- Ell_MAX             :    255
 ---- R_MIN               :  5.38462E-01
 ---- R_MAX               :  1.53846E+00
 ---- Chebyshev Domains   :      1

        Domain 1
          Grid points           :  128
          Dealiased Polynomials :  85
          Domain Lower Bound    :  5.38462E-01
          Domain Upper Bound    :  1.53846E+00

 -- Grid initialized.

[SHTns 3.4.5] built Apr 30 2021, 15:49:24, id: avx2,ishioka
        Lmax=255, Mmax*Mres=255, Mres=1, Nlm=32896  [4 threads, orthonormalized]
        => using FFTW : Mmax=255, Nphi=768, Nlat=384  (data layout : phi_inc=384, theta_inc=1, phi_embed=768)
        => using Gauss nodes
        + polar optimization threshold = 1.0e-08
        finding optimal algorithm.........
        + SHT accuracy = 2.03e-12
        => SHTns is ready.
 -- Initalizing Reference State...
 ---- Specified parameters:
 ---- Reference type           :  Boussinesq (Non-dimensional)
 ---- Rayleigh Number          :  1.00000E+05
 ---- Ekman Number             :  1.00000E-03
 ---- Prandtl Number           :  1.00000E+00
 ---- Magnetic Prandtl Number  :  5.00000E+00
 -- Reference State initialized.

 -- Initializing Fields...
 ---- Specified parameters:
 ---- Hydro Init Type    : Benchmark (Christensen et al. 2001)
 ---- Magnetic Init Type : Benchmark (Christensen et al. 2001)
 -- Fields initialized.

 Initialization Complete.
 //////////////////////////////////////

 Timestep has changed from  0.00000E+00 to  1.00000E-04.
 Iteration:  00000001   DeltaT:  1.000E-04   Iter/sec:  0.000E+00
 Timestep has changed from  1.00000E-04 to  2.55566E-06.
 Iteration:  00000002   DeltaT:  2.556E-06   Iter/sec:  1.535E-01
 Iteration:  00000003   DeltaT:  2.556E-06   Iter/sec:  3.036E+00
 Iteration:  00000004   DeltaT:  2.556E-06   Iter/sec:  3.670E+00
 Iteration:  00000005   DeltaT:  2.556E-06   Iter/sec:  3.643E+00
 Iteration:  00000006   DeltaT:  2.556E-06   Iter/sec:  3.581E+00
 Iteration:  00000007   DeltaT:  2.556E-06   Iter/sec:  3.672E+00
 Iteration:  00000008   DeltaT:  2.556E-06   Iter/sec:  3.662E+00
 Iteration:  00000009   DeltaT:  2.556E-06   Iter/sec:  3.641E+00
 Iteration:  00000010   DeltaT:  2.556E-06   Iter/sec:  3.633E+00
 Iteration:  00000011   DeltaT:  2.556E-06   Iter/sec:  3.679E+00
 Iteration:  00000012   DeltaT:  2.556E-06   Iter/sec:  3.704E+00
 Iteration:  00000013   DeltaT:  2.556E-06   Iter/sec:  3.619E+00
 Iteration:  00000014   DeltaT:  2.556E-06   Iter/sec:  3.681E+00
 Iteration:  00000015   DeltaT:  2.556E-06   Iter/sec:  3.596E+00
 Iteration:  00000016   DeltaT:  2.556E-06   Iter/sec:  3.661E+00
 Iteration:  00000017   DeltaT:  2.556E-06   Iter/sec:  3.556E+00
 Iteration:  00000018   DeltaT:  2.556E-06   Iter/sec:  3.646E+00
 Iteration:  00000019   DeltaT:  2.556E-06   Iter/sec:  3.623E+00
 Iteration:  00000020   DeltaT:  2.556E-06   Iter/sec:  3.590E+00
 Iteration:  00000021   DeltaT:  2.556E-06   Iter/sec:  3.712E+00
 Iteration:  00000022   DeltaT:  2.556E-06   Iter/sec:  3.677E+00
 Iteration:  00000023   DeltaT:  2.556E-06   Iter/sec:  3.645E+00
 Iteration:  00000024   DeltaT:  2.556E-06   Iter/sec:  3.634E+00
 Iteration:  00000025   DeltaT:  2.556E-06   Iter/sec:  3.707E+00
 Iteration:  00000026   DeltaT:  2.556E-06   Iter/sec:  3.590E+00
 Iteration:  00000027   DeltaT:  2.556E-06   Iter/sec:  3.690E+00
 Iteration:  00000028   DeltaT:  2.556E-06   Iter/sec:  3.615E+00
 Iteration:  00000029   DeltaT:  2.556E-06   Iter/sec:  3.665E+00
 Iteration:  00000030   DeltaT:  2.556E-06   Iter/sec:  3.649E+00
 Iteration:  00000031   DeltaT:  2.556E-06   Iter/sec:  3.636E+00
 Iteration:  00000032   DeltaT:  2.556E-06   Iter/sec:  3.681E+00
 Iteration:  00000033   DeltaT:  2.556E-06   Iter/sec:  3.586E+00
 Iteration:  00000034   DeltaT:  2.556E-06   Iter/sec:  3.646E+00
 Iteration:  00000035   DeltaT:  2.556E-06   Iter/sec:  3.664E+00
 Iteration:  00000036   DeltaT:  2.556E-06   Iter/sec:  3.661E+00
 Iteration:  00000037   DeltaT:  2.556E-06   Iter/sec:  3.730E+00
 Iteration:  00000038   DeltaT:  2.556E-06   Iter/sec:  3.671E+00
 Iteration:  00000039   DeltaT:  2.556E-06   Iter/sec:  3.666E+00
 Iteration:  00000040   DeltaT:  2.556E-06   Iter/sec:  3.687E+00
 Iteration:  00000041   DeltaT:  2.556E-06   Iter/sec:  3.669E+00
 Iteration:  00000042   DeltaT:  2.556E-06   Iter/sec:  3.709E+00
 Iteration:  00000043   DeltaT:  2.556E-06   Iter/sec:  3.682E+00
 Iteration:  00000044   DeltaT:  2.556E-06   Iter/sec:  3.681E+00
 Iteration:  00000045   DeltaT:  2.556E-06   Iter/sec:  3.670E+00
 Iteration:  00000046   DeltaT:  2.556E-06   Iter/sec:  3.620E+00
 Iteration:  00000047   DeltaT:  2.556E-06   Iter/sec:  3.698E+00
 Iteration:  00000048   DeltaT:  2.556E-06   Iter/sec:  3.626E+00
 Iteration:  00000049   DeltaT:  2.556E-06   Iter/sec:  3.660E+00
 Iteration:  00000050   DeltaT:  2.556E-06   Iter/sec:  3.713E+00


//////////////////////////////////////////////
   Measured Timings for Process 0  (seconds)

 Elapsed time:        13.7899
  Column time:         2.5509
     Row time:         4.3648
Legendre time:         1.2830
     FFT time:         0.9596
   Solve time:         0.4581
    rlma time:         0.2115
    rlmb time:         0.0884
  pspace time:         2.0730
  psolve time:         1.5381
    dphi time:         0.1082
captured time:        13.6357

     iter/sec:         3.6258
//////////////////////////////////////////////
