 //////////////////////////////////////
 Initializating Rayleigh...

 -- Initalizing MPI...
 ---- Specified parameters:
 ---- NCPU  :    512
 ---- NPROW :     16
 ---- NPCOL :     32
 -- MPI initialized.


 -- Initalizing Grid...
 ---- Specified parameters ----
 ---- N_R                 :    128
 ---- N_THETA             :    384
 ---- Ell_MAX             :    255
 ---- R_MIN               :  5.38462E-01
 ---- R_MAX               :  1.53846E+00
 ---- Chebyshev Domains   :      1

        Domain 1
          Grid points           :  128
          Dealiased Polynomials :  85
          Domain Lower Bound    :  5.38462E-01
          Domain Upper Bound    :  1.53846E+00

 -- Grid initialized.

[SHTns 3.4.5] built Apr 30 2021, 15:49:24, id: avx2,ishioka
        Lmax=255, Mmax*Mres=255, Mres=1, Nlm=32896  [4 threads, orthonormalized]
        => using FFTW : Mmax=255, Nphi=768, Nlat=384  (data layout : phi_inc=384, theta_inc=1, phi_embed=768)
        => using Gauss nodes
        + polar optimization threshold = 1.0e-08
        finding optimal algorithm.........
        + SHT accuracy = 2.79e-12
        => SHTns is ready.
 -- Initalizing Reference State...
 ---- Specified parameters:
 ---- Reference type           :  Boussinesq (Non-dimensional)
 ---- Rayleigh Number          :  1.00000E+05
 ---- Ekman Number             :  1.00000E-03
 ---- Prandtl Number           :  1.00000E+00
 ---- Magnetic Prandtl Number  :  5.00000E+00
 -- Reference State initialized.

 -- Initializing Fields...
 ---- Specified parameters:
 ---- Hydro Init Type    : Benchmark (Christensen et al. 2001)
 ---- Magnetic Init Type : Benchmark (Christensen et al. 2001)
 -- Fields initialized.

 Initialization Complete.
 //////////////////////////////////////

 Timestep has changed from  0.00000E+00 to  1.00000E-04.
 Iteration:  00000001   DeltaT:  1.000E-04   Iter/sec:  0.000E+00
 Timestep has changed from  1.00000E-04 to  2.55566E-06.
 Iteration:  00000002   DeltaT:  2.556E-06   Iter/sec:  1.585E-01
 Iteration:  00000003   DeltaT:  2.556E-06   Iter/sec:  5.502E+00
 Iteration:  00000004   DeltaT:  2.556E-06   Iter/sec:  6.921E+00
 Iteration:  00000005   DeltaT:  2.556E-06   Iter/sec:  6.772E+00
 Iteration:  00000006   DeltaT:  2.556E-06   Iter/sec:  7.026E+00
 Iteration:  00000007   DeltaT:  2.556E-06   Iter/sec:  6.744E+00
 Iteration:  00000008   DeltaT:  2.556E-06   Iter/sec:  6.795E+00
 Iteration:  00000009   DeltaT:  2.556E-06   Iter/sec:  7.107E+00
 Iteration:  00000010   DeltaT:  2.556E-06   Iter/sec:  7.000E+00
 Iteration:  00000011   DeltaT:  2.556E-06   Iter/sec:  6.892E+00
 Iteration:  00000012   DeltaT:  2.556E-06   Iter/sec:  6.789E+00
 Iteration:  00000013   DeltaT:  2.556E-06   Iter/sec:  6.914E+00
 Iteration:  00000014   DeltaT:  2.556E-06   Iter/sec:  7.266E+00
 Iteration:  00000015   DeltaT:  2.556E-06   Iter/sec:  6.803E+00
 Iteration:  00000016   DeltaT:  2.556E-06   Iter/sec:  6.898E+00
 Iteration:  00000017   DeltaT:  2.556E-06   Iter/sec:  6.902E+00
 Iteration:  00000018   DeltaT:  2.556E-06   Iter/sec:  7.210E+00
 Iteration:  00000019   DeltaT:  2.556E-06   Iter/sec:  7.017E+00
 Iteration:  00000020   DeltaT:  2.556E-06   Iter/sec:  6.894E+00
 Iteration:  00000021   DeltaT:  2.556E-06   Iter/sec:  6.967E+00
 Iteration:  00000022   DeltaT:  2.556E-06   Iter/sec:  7.000E+00
 Iteration:  00000023   DeltaT:  2.556E-06   Iter/sec:  7.001E+00
 Iteration:  00000024   DeltaT:  2.556E-06   Iter/sec:  6.938E+00
 Iteration:  00000025   DeltaT:  2.556E-06   Iter/sec:  7.152E+00
 Iteration:  00000026   DeltaT:  2.556E-06   Iter/sec:  7.199E+00
 Iteration:  00000027   DeltaT:  2.556E-06   Iter/sec:  6.883E+00
 Iteration:  00000028   DeltaT:  2.556E-06   Iter/sec:  6.901E+00
 Iteration:  00000029   DeltaT:  2.556E-06   Iter/sec:  6.996E+00
 Iteration:  00000030   DeltaT:  2.556E-06   Iter/sec:  7.055E+00
 Iteration:  00000031   DeltaT:  2.556E-06   Iter/sec:  7.527E+00
 Iteration:  00000032   DeltaT:  2.556E-06   Iter/sec:  6.743E+00
 Iteration:  00000033   DeltaT:  2.556E-06   Iter/sec:  6.987E+00
 Iteration:  00000034   DeltaT:  2.556E-06   Iter/sec:  7.264E+00
 Iteration:  00000035   DeltaT:  2.556E-06   Iter/sec:  7.273E+00
 Iteration:  00000036   DeltaT:  2.556E-06   Iter/sec:  6.907E+00
 Iteration:  00000037   DeltaT:  2.556E-06   Iter/sec:  7.032E+00
 Iteration:  00000038   DeltaT:  2.556E-06   Iter/sec:  7.222E+00
 Iteration:  00000039   DeltaT:  2.556E-06   Iter/sec:  7.357E+00
 Iteration:  00000040   DeltaT:  2.556E-06   Iter/sec:  7.167E+00
 Iteration:  00000041   DeltaT:  2.556E-06   Iter/sec:  6.787E+00
 Iteration:  00000042   DeltaT:  2.556E-06   Iter/sec:  7.116E+00
 Iteration:  00000043   DeltaT:  2.556E-06   Iter/sec:  7.119E+00
 Iteration:  00000044   DeltaT:  2.556E-06   Iter/sec:  6.931E+00
 Iteration:  00000045   DeltaT:  2.556E-06   Iter/sec:  6.976E+00
 Iteration:  00000046   DeltaT:  2.556E-06   Iter/sec:  7.065E+00
 Iteration:  00000047   DeltaT:  2.556E-06   Iter/sec:  7.253E+00
 Iteration:  00000048   DeltaT:  2.556E-06   Iter/sec:  6.966E+00
 Iteration:  00000049   DeltaT:  2.556E-06   Iter/sec:  7.057E+00
 Iteration:  00000050   DeltaT:  2.556E-06   Iter/sec:  7.115E+00


//////////////////////////////////////////////
   Measured Timings for Process 0  (seconds)

 Elapsed time:         7.2276
  Column time:         2.0031
     Row time:         2.0578
Legendre time:         0.4993
     FFT time:         0.4941
   Solve time:         0.3017
    rlma time:         0.0907
    rlmb time:         0.0374
  pspace time:         0.9567
  psolve time:         0.6548
    dphi time:         0.0683
captured time:         7.1639

     iter/sec:         6.9179
//////////////////////////////////////////////
