 //////////////////////////////////////
 Initializating Rayleigh...

 -- Initalizing MPI...
 ---- Specified parameters:
 ---- NCPU  :     64
 ---- NPROW :      4
 ---- NPCOL :     16
 -- MPI initialized.


 -- Initalizing Grid...
 ---- Specified parameters ----
 ---- N_R                 :     64
 ---- N_THETA             :    192
 ---- Ell_MAX             :    127
 ---- R_MIN               :  5.38462E-01
 ---- R_MAX               :  1.53846E+00
 ---- Chebyshev Domains   :      1

        Domain 1
          Grid points           :  64
          Dealiased Polynomials :  42
          Domain Lower Bound    :  5.38462E-01
          Domain Upper Bound    :  1.53846E+00

 -- Grid initialized.

[SHTns 3.4.5] built Apr 30 2021, 15:49:24, id: avx2,ishioka
        Lmax=127, Mmax*Mres=127, Mres=1, Nlm=8256  [4 threads, orthonormalized]
        => using FFTW : Mmax=127, Nphi=384, Nlat=192  (data layout : phi_inc=192, theta_inc=1, phi_embed=384)
        => using Gauss nodes
        + polar optimization threshold = 1.0e-08
        finding optimal algorithm.......
        + SHT accuracy = 4.55e-14
        => SHTns is ready.
 -- Initalizing Reference State...
 ---- Specified parameters:
 ---- Reference type           :  Boussinesq (Non-dimensional)
 ---- Rayleigh Number          :  1.00000E+05
 ---- Ekman Number             :  1.00000E-03
 ---- Prandtl Number           :  1.00000E+00
 ---- Magnetic Prandtl Number  :  5.00000E+00
 -- Reference State initialized.

 -- Initializing Fields...
 ---- Specified parameters:
 ---- Hydro Init Type    : Benchmark (Christensen et al. 2001)
 ---- Magnetic Init Type : Benchmark (Christensen et al. 2001)
 -- Fields initialized.

 Initialization Complete.
 //////////////////////////////////////

 Timestep has changed from  0.00000E+00 to  1.00000E-04.
 Iteration:  00000001   DeltaT:  1.000E-04   Iter/sec:  0.000E+00
 Timestep has changed from  1.00000E-04 to  1.02217E-05.
 Iteration:  00000002   DeltaT:  1.022E-05   Iter/sec:  2.316E-01
 Iteration:  00000003   DeltaT:  1.022E-05   Iter/sec:  8.299E+00
 Iteration:  00000004   DeltaT:  1.022E-05   Iter/sec:  8.917E+00
 Iteration:  00000005   DeltaT:  1.022E-05   Iter/sec:  9.040E+00
 Iteration:  00000006   DeltaT:  1.022E-05   Iter/sec:  9.578E+00
 Iteration:  00000007   DeltaT:  1.022E-05   Iter/sec:  8.857E+00
 Iteration:  00000008   DeltaT:  1.022E-05   Iter/sec:  8.868E+00
 Iteration:  00000009   DeltaT:  1.022E-05   Iter/sec:  9.539E+00
 Iteration:  00000010   DeltaT:  1.022E-05   Iter/sec:  9.136E+00
 Iteration:  00000011   DeltaT:  1.022E-05   Iter/sec:  8.973E+00
 Iteration:  00000012   DeltaT:  1.022E-05   Iter/sec:  9.137E+00
 Iteration:  00000013   DeltaT:  1.022E-05   Iter/sec:  9.073E+00
 Iteration:  00000014   DeltaT:  1.022E-05   Iter/sec:  9.082E+00
 Iteration:  00000015   DeltaT:  1.022E-05   Iter/sec:  9.400E+00
 Iteration:  00000016   DeltaT:  1.022E-05   Iter/sec:  9.020E+00
 Iteration:  00000017   DeltaT:  1.022E-05   Iter/sec:  9.207E+00
 Iteration:  00000018   DeltaT:  1.022E-05   Iter/sec:  9.233E+00
 Iteration:  00000019   DeltaT:  1.022E-05   Iter/sec:  9.085E+00
 Iteration:  00000020   DeltaT:  1.022E-05   Iter/sec:  9.154E+00
 Iteration:  00000021   DeltaT:  1.022E-05   Iter/sec:  9.149E+00
 Iteration:  00000022   DeltaT:  1.022E-05   Iter/sec:  9.000E+00
 Iteration:  00000023   DeltaT:  1.022E-05   Iter/sec:  9.157E+00
 Iteration:  00000024   DeltaT:  1.022E-05   Iter/sec:  9.168E+00
 Iteration:  00000025   DeltaT:  1.022E-05   Iter/sec:  8.975E+00
 Iteration:  00000026   DeltaT:  1.022E-05   Iter/sec:  9.149E+00
 Iteration:  00000027   DeltaT:  1.022E-05   Iter/sec:  8.942E+00
 Iteration:  00000028   DeltaT:  1.022E-05   Iter/sec:  9.249E+00
 Iteration:  00000029   DeltaT:  1.022E-05   Iter/sec:  9.014E+00
 Iteration:  00000030   DeltaT:  1.022E-05   Iter/sec:  9.414E+00
 Iteration:  00000031   DeltaT:  1.022E-05   Iter/sec:  9.160E+00
 Iteration:  00000032   DeltaT:  1.022E-05   Iter/sec:  9.001E+00
 Iteration:  00000033   DeltaT:  1.022E-05   Iter/sec:  9.267E+00
 Iteration:  00000034   DeltaT:  1.022E-05   Iter/sec:  9.109E+00
 Iteration:  00000035   DeltaT:  1.022E-05   Iter/sec:  9.169E+00
 Iteration:  00000036   DeltaT:  1.022E-05   Iter/sec:  9.077E+00
 Iteration:  00000037   DeltaT:  1.022E-05   Iter/sec:  9.096E+00
 Iteration:  00000038   DeltaT:  1.022E-05   Iter/sec:  9.074E+00
 Iteration:  00000039   DeltaT:  1.022E-05   Iter/sec:  9.168E+00
 Iteration:  00000040   DeltaT:  1.022E-05   Iter/sec:  9.074E+00
 Iteration:  00000041   DeltaT:  1.022E-05   Iter/sec:  9.185E+00
 Iteration:  00000042   DeltaT:  1.022E-05   Iter/sec:  9.212E+00
 Iteration:  00000043   DeltaT:  1.022E-05   Iter/sec:  9.124E+00
 Iteration:  00000044   DeltaT:  1.022E-05   Iter/sec:  9.059E+00
 Iteration:  00000045   DeltaT:  1.022E-05   Iter/sec:  9.289E+00
 Iteration:  00000046   DeltaT:  1.022E-05   Iter/sec:  9.463E+00
 Iteration:  00000047   DeltaT:  1.022E-05   Iter/sec:  9.443E+00
 Iteration:  00000048   DeltaT:  1.022E-05   Iter/sec:  9.209E+00
 Iteration:  00000049   DeltaT:  1.022E-05   Iter/sec:  9.415E+00
 Iteration:  00000050   DeltaT:  1.022E-05   Iter/sec:  9.151E+00


//////////////////////////////////////////////
   Measured Timings for Process 0  (seconds)

 Elapsed time:         5.4902
  Column time:         0.9603
     Row time:         1.8878
Legendre time:         0.3751
     FFT time:         0.4656
   Solve time:         0.1376
    rlma time:         0.0990
    rlmb time:         0.0466
  pspace time:         0.8056
  psolve time:         0.6020
    dphi time:         0.0475
captured time:         5.4269

     iter/sec:         9.1071
//////////////////////////////////////////////
