 //////////////////////////////////////
 Initializating Rayleigh...

 -- Initalizing MPI...
 ---- Specified parameters:
 ---- NCPU  :     64
 ---- NPROW :      8
 ---- NPCOL :      8
 -- MPI initialized.


 -- Initalizing Grid...
 ---- Specified parameters ----
 ---- N_R                 :    128
 ---- N_THETA             :    384
 ---- Ell_MAX             :    255
 ---- R_MIN               :  5.38462E-01
 ---- R_MAX               :  1.53846E+00
 ---- Chebyshev Domains   :      1

        Domain 1
          Grid points           :  128
          Dealiased Polynomials :  85
          Domain Lower Bound    :  5.38462E-01
          Domain Upper Bound    :  1.53846E+00

 -- Grid initialized.

[SHTns 3.4.5] built Apr 30 2021, 15:49:24, id: avx2,ishioka
        Lmax=255, Mmax*Mres=255, Mres=1, Nlm=32896  [4 threads, orthonormalized]
        => using FFTW : Mmax=255, Nphi=768, Nlat=384  (data layout : phi_inc=384, theta_inc=1, phi_embed=768)
        => using Gauss nodes
        + polar optimization threshold = 1.0e-08
        finding optimal algorithm........
        + SHT accuracy = 1.68e-12
        => SHTns is ready.
 -- Initalizing Reference State...
 ---- Specified parameters:
 ---- Reference type           :  Boussinesq (Non-dimensional)
 ---- Rayleigh Number          :  1.00000E+05
 ---- Ekman Number             :  1.00000E-03
 ---- Prandtl Number           :  1.00000E+00
 ---- Magnetic Prandtl Number  :  5.00000E+00
 -- Reference State initialized.

 -- Initializing Fields...
 ---- Specified parameters:
 ---- Hydro Init Type    : Benchmark (Christensen et al. 2001)
 ---- Magnetic Init Type : Benchmark (Christensen et al. 2001)
 -- Fields initialized.

 Initialization Complete.
 //////////////////////////////////////

 Timestep has changed from  0.00000E+00 to  1.00000E-04.
 Iteration:  00000001   DeltaT:  1.000E-04   Iter/sec:  0.000E+00
 Timestep has changed from  1.00000E-04 to  2.55566E-06.
 Iteration:  00000002   DeltaT:  2.556E-06   Iter/sec:  1.334E-01
 Iteration:  00000003   DeltaT:  2.556E-06   Iter/sec:  7.929E-01
 Iteration:  00000004   DeltaT:  2.556E-06   Iter/sec:  9.113E-01
 Iteration:  00000005   DeltaT:  2.556E-06   Iter/sec:  9.070E-01
 Iteration:  00000006   DeltaT:  2.556E-06   Iter/sec:  9.169E-01
 Iteration:  00000007   DeltaT:  2.556E-06   Iter/sec:  8.983E-01
 Iteration:  00000008   DeltaT:  2.556E-06   Iter/sec:  9.171E-01
 Iteration:  00000009   DeltaT:  2.556E-06   Iter/sec:  9.123E-01
 Iteration:  00000010   DeltaT:  2.556E-06   Iter/sec:  9.181E-01
 Iteration:  00000011   DeltaT:  2.556E-06   Iter/sec:  9.117E-01
 Iteration:  00000012   DeltaT:  2.556E-06   Iter/sec:  9.114E-01
 Iteration:  00000013   DeltaT:  2.556E-06   Iter/sec:  9.208E-01
 Iteration:  00000014   DeltaT:  2.556E-06   Iter/sec:  9.115E-01
 Iteration:  00000015   DeltaT:  2.556E-06   Iter/sec:  9.131E-01
 Iteration:  00000016   DeltaT:  2.556E-06   Iter/sec:  9.168E-01
 Iteration:  00000017   DeltaT:  2.556E-06   Iter/sec:  9.123E-01
 Iteration:  00000018   DeltaT:  2.556E-06   Iter/sec:  9.139E-01
 Iteration:  00000019   DeltaT:  2.556E-06   Iter/sec:  8.979E-01
 Iteration:  00000020   DeltaT:  2.556E-06   Iter/sec:  9.112E-01
 Iteration:  00000021   DeltaT:  2.556E-06   Iter/sec:  9.063E-01
 Iteration:  00000022   DeltaT:  2.556E-06   Iter/sec:  9.082E-01
 Iteration:  00000023   DeltaT:  2.556E-06   Iter/sec:  9.183E-01
 Iteration:  00000024   DeltaT:  2.556E-06   Iter/sec:  9.067E-01
 Iteration:  00000025   DeltaT:  2.556E-06   Iter/sec:  9.235E-01
 Iteration:  00000026   DeltaT:  2.556E-06   Iter/sec:  9.131E-01
 Iteration:  00000027   DeltaT:  2.556E-06   Iter/sec:  9.056E-01
 Iteration:  00000028   DeltaT:  2.556E-06   Iter/sec:  9.116E-01
 Iteration:  00000029   DeltaT:  2.556E-06   Iter/sec:  9.181E-01
 Iteration:  00000030   DeltaT:  2.556E-06   Iter/sec:  9.132E-01
 Iteration:  00000031   DeltaT:  2.556E-06   Iter/sec:  9.123E-01
 Iteration:  00000032   DeltaT:  2.556E-06   Iter/sec:  9.096E-01
 Iteration:  00000033   DeltaT:  2.556E-06   Iter/sec:  9.152E-01
 Iteration:  00000034   DeltaT:  2.556E-06   Iter/sec:  9.101E-01
 Iteration:  00000035   DeltaT:  2.556E-06   Iter/sec:  9.118E-01
 Iteration:  00000036   DeltaT:  2.556E-06   Iter/sec:  9.162E-01
 Iteration:  00000037   DeltaT:  2.556E-06   Iter/sec:  9.097E-01
 Iteration:  00000038   DeltaT:  2.556E-06   Iter/sec:  9.156E-01
 Iteration:  00000039   DeltaT:  2.556E-06   Iter/sec:  9.051E-01
 Iteration:  00000040   DeltaT:  2.556E-06   Iter/sec:  9.101E-01
 Iteration:  00000041   DeltaT:  2.556E-06   Iter/sec:  9.119E-01
 Iteration:  00000042   DeltaT:  2.556E-06   Iter/sec:  9.065E-01
 Iteration:  00000043   DeltaT:  2.556E-06   Iter/sec:  9.122E-01
 Iteration:  00000044   DeltaT:  2.556E-06   Iter/sec:  9.218E-01
 Iteration:  00000045   DeltaT:  2.556E-06   Iter/sec:  9.104E-01
 Iteration:  00000046   DeltaT:  2.556E-06   Iter/sec:  9.058E-01
 Iteration:  00000047   DeltaT:  2.556E-06   Iter/sec:  9.197E-01
 Iteration:  00000048   DeltaT:  2.556E-06   Iter/sec:  9.184E-01
 Iteration:  00000049   DeltaT:  2.556E-06   Iter/sec:  9.159E-01
 Iteration:  00000050   DeltaT:  2.556E-06   Iter/sec:  9.119E-01


//////////////////////////////////////////////
   Measured Timings for Process 0  (seconds)

 Elapsed time:        55.1439
  Column time:         4.7248
     Row time:        21.2675
Legendre time:         6.9861
     FFT time:         4.0245
   Solve time:         1.3777
    rlma time:         1.2615
    rlmb time:         0.3808
  pspace time:         6.9797
  psolve time:         6.8831
    dphi time:         0.3436
captured time:        54.2292

     iter/sec:         0.9067
//////////////////////////////////////////////
