 //////////////////////////////////////
 Initializating Rayleigh...

 -- Initalizing MPI...
 ---- Specified parameters:
 ---- NCPU  :    128
 ---- NPROW :     16
 ---- NPCOL :      8
 -- MPI initialized.


 -- Initalizing Grid...
 ---- Specified parameters ----
 ---- N_R                 :     64
 ---- N_THETA             :    192
 ---- Ell_MAX             :    127
 ---- R_MIN               :  5.38462E-01
 ---- R_MAX               :  1.53846E+00
 ---- Chebyshev Domains   :      1

        Domain 1
          Grid points           :  64
          Dealiased Polynomials :  42
          Domain Lower Bound    :  5.38462E-01
          Domain Upper Bound    :  1.53846E+00

 -- Grid initialized.

[SHTns 3.4.5] built Apr 20 2021, 21:35:52, id: sse2,ishioka
        Lmax=127, Mmax*Mres=127, Mres=1, Nlm=8256  [1 threads, orthonormalized]
        => using FFTW : Mmax=127, Nphi=384, Nlat=192  (data layout : phi_inc=192, theta_inc=1, phi_embed=384)
        => using Gauss nodes
        + polar optimization threshold = 1.0e-08
        finding optimal algorithm...........
        + SHT accuracy = 3.87e-14
        => SHTns is ready.
 -- Initalizing Reference State...
 ---- Specified parameters:
 ---- Reference type           :  Boussinesq (Non-dimensional)
 ---- Rayleigh Number          :  1.00000E+05
 ---- Ekman Number             :  1.00000E-03
 ---- Prandtl Number           :  1.00000E+00
 ---- Magnetic Prandtl Number  :  5.00000E+00
 -- Reference State initialized.

 -- Initializing Fields...
 ---- Specified parameters:
 ---- Hydro Init Type    : Benchmark (Christensen et al. 2001)
 ---- Magnetic Init Type : Benchmark (Christensen et al. 2001)
 -- Fields initialized.

 Initialization Complete.
 //////////////////////////////////////

 Timestep has changed from  0.00000E+00 to  1.00000E-04.
 Iteration:  00000001   DeltaT:  1.000E-04   Iter/sec:  0.000E+00
 Timestep has changed from  1.00000E-04 to  1.02217E-05.
 Iteration:  00000002   DeltaT:  1.022E-05   Iter/sec:  1.109E-01
 Iteration:  00000003   DeltaT:  1.022E-05   Iter/sec:  1.333E+01
 Iteration:  00000004   DeltaT:  1.022E-05   Iter/sec:  1.766E+01
 Iteration:  00000005   DeltaT:  1.022E-05   Iter/sec:  1.824E+01
 Iteration:  00000006   DeltaT:  1.022E-05   Iter/sec:  1.833E+01
 Iteration:  00000007   DeltaT:  1.022E-05   Iter/sec:  1.834E+01
 Iteration:  00000008   DeltaT:  1.022E-05   Iter/sec:  1.855E+01
 Iteration:  00000009   DeltaT:  1.022E-05   Iter/sec:  1.848E+01
 Iteration:  00000010   DeltaT:  1.022E-05   Iter/sec:  1.816E+01
 Iteration:  00000011   DeltaT:  1.022E-05   Iter/sec:  1.797E+01
 Iteration:  00000012   DeltaT:  1.022E-05   Iter/sec:  1.770E+01
 Iteration:  00000013   DeltaT:  1.022E-05   Iter/sec:  1.830E+01
 Iteration:  00000014   DeltaT:  1.022E-05   Iter/sec:  1.865E+01
 Iteration:  00000015   DeltaT:  1.022E-05   Iter/sec:  1.811E+01
 Iteration:  00000016   DeltaT:  1.022E-05   Iter/sec:  1.841E+01
 Iteration:  00000017   DeltaT:  1.022E-05   Iter/sec:  1.837E+01
 Iteration:  00000018   DeltaT:  1.022E-05   Iter/sec:  1.825E+01
 Iteration:  00000019   DeltaT:  1.022E-05   Iter/sec:  1.820E+01
 Iteration:  00000020   DeltaT:  1.022E-05   Iter/sec:  1.830E+01
 Iteration:  00000021   DeltaT:  1.022E-05   Iter/sec:  1.852E+01
 Iteration:  00000022   DeltaT:  1.022E-05   Iter/sec:  1.834E+01
 Iteration:  00000023   DeltaT:  1.022E-05   Iter/sec:  1.847E+01
 Iteration:  00000024   DeltaT:  1.022E-05   Iter/sec:  1.831E+01
 Iteration:  00000025   DeltaT:  1.022E-05   Iter/sec:  1.833E+01
 Iteration:  00000026   DeltaT:  1.022E-05   Iter/sec:  1.856E+01
 Iteration:  00000027   DeltaT:  1.022E-05   Iter/sec:  1.824E+01
 Iteration:  00000028   DeltaT:  1.022E-05   Iter/sec:  1.847E+01
 Iteration:  00000029   DeltaT:  1.022E-05   Iter/sec:  1.866E+01
 Iteration:  00000030   DeltaT:  1.022E-05   Iter/sec:  1.843E+01
 Iteration:  00000031   DeltaT:  1.022E-05   Iter/sec:  1.831E+01
 Iteration:  00000032   DeltaT:  1.022E-05   Iter/sec:  1.829E+01
 Iteration:  00000033   DeltaT:  1.022E-05   Iter/sec:  1.801E+01
 Iteration:  00000034   DeltaT:  1.022E-05   Iter/sec:  1.843E+01
 Iteration:  00000035   DeltaT:  1.022E-05   Iter/sec:  1.831E+01
 Iteration:  00000036   DeltaT:  1.022E-05   Iter/sec:  1.809E+01
 Iteration:  00000037   DeltaT:  1.022E-05   Iter/sec:  1.845E+01
 Iteration:  00000038   DeltaT:  1.022E-05   Iter/sec:  1.808E+01
 Iteration:  00000039   DeltaT:  1.022E-05   Iter/sec:  1.843E+01
 Iteration:  00000040   DeltaT:  1.022E-05   Iter/sec:  1.827E+01
 Iteration:  00000041   DeltaT:  1.022E-05   Iter/sec:  1.855E+01
 Iteration:  00000042   DeltaT:  1.022E-05   Iter/sec:  1.823E+01
 Iteration:  00000043   DeltaT:  1.022E-05   Iter/sec:  1.853E+01
 Iteration:  00000044   DeltaT:  1.022E-05   Iter/sec:  1.824E+01
 Iteration:  00000045   DeltaT:  1.022E-05   Iter/sec:  1.861E+01
 Iteration:  00000046   DeltaT:  1.022E-05   Iter/sec:  1.847E+01
 Iteration:  00000047   DeltaT:  1.022E-05   Iter/sec:  1.827E+01
 Iteration:  00000048   DeltaT:  1.022E-05   Iter/sec:  1.822E+01
 Iteration:  00000049   DeltaT:  1.022E-05   Iter/sec:  1.805E+01
 Iteration:  00000050   DeltaT:  1.022E-05   Iter/sec:  1.842E+01


//////////////////////////////////////////////
   Measured Timings for Process 0  (seconds)

 Elapsed time:         3.0835
  Column time:         0.3788
     Row time:         0.8891
Legendre time:         0.4825
     FFT time:         0.2624
   Solve time:         0.1278
    rlma time:         0.0407
    rlmb time:         0.0165
  pspace time:         0.3162
  psolve time:         0.2314
    dphi time:         0.0313
captured time:         2.7765

     iter/sec:        16.2151
//////////////////////////////////////////////
