 //////////////////////////////////////
 Initializating Rayleigh...

 -- Initalizing MPI...
 ---- Specified parameters:
 ---- NCPU  :    256
 ---- NPROW :     16
 ---- NPCOL :     16
 -- MPI initialized.


 -- Initalizing Grid...
 ---- Specified parameters ----
 ---- N_R                 :    128
 ---- N_THETA             :    384
 ---- Ell_MAX             :    255
 ---- R_MIN               :  5.38462E-01
 ---- R_MAX               :  1.53846E+00
 ---- Chebyshev Domains   :      1

        Domain 1
          Grid points           :  128
          Dealiased Polynomials :  85
          Domain Lower Bound    :  5.38462E-01
          Domain Upper Bound    :  1.53846E+00

 -- Grid initialized.

[SHTns 3.4.5] built Apr 20 2021, 21:35:52, id: sse2,ishioka
        Lmax=255, Mmax*Mres=255, Mres=1, Nlm=32896  [1 threads, orthonormalized]
        => using FFTW : Mmax=255, Nphi=768, Nlat=384  (data layout : phi_inc=384, theta_inc=1, phi_embed=768)
        => using Gauss nodes
        + polar optimization threshold = 1.0e-08
        finding optimal algorithm.........
        + SHT accuracy = 2.2e-12
        => SHTns is ready.
 -- Initalizing Reference State...
 ---- Specified parameters:
 ---- Reference type           :  Boussinesq (Non-dimensional)
 ---- Rayleigh Number          :  1.00000E+05
 ---- Ekman Number             :  1.00000E-03
 ---- Prandtl Number           :  1.00000E+00
 ---- Magnetic Prandtl Number  :  5.00000E+00
 -- Reference State initialized.

 -- Initializing Fields...
 ---- Specified parameters:
 ---- Hydro Init Type    : Benchmark (Christensen et al. 2001)
 ---- Magnetic Init Type : Benchmark (Christensen et al. 2001)
 -- Fields initialized.

 Initialization Complete.
 //////////////////////////////////////

 Timestep has changed from  0.00000E+00 to  1.00000E-04.
 Iteration:  00000001   DeltaT:  1.000E-04   Iter/sec:  0.000E+00
 Timestep has changed from  1.00000E-04 to  2.55566E-06.
 Iteration:  00000002   DeltaT:  2.556E-06   Iter/sec:  1.400E-01
 Iteration:  00000003   DeltaT:  2.556E-06   Iter/sec:  2.439E+00
 Iteration:  00000004   DeltaT:  2.556E-06   Iter/sec:  3.120E+00
 Iteration:  00000005   DeltaT:  2.556E-06   Iter/sec:  3.110E+00
 Iteration:  00000006   DeltaT:  2.556E-06   Iter/sec:  3.105E+00
 Iteration:  00000007   DeltaT:  2.556E-06   Iter/sec:  3.102E+00
 Iteration:  00000008   DeltaT:  2.556E-06   Iter/sec:  3.097E+00
 Iteration:  00000009   DeltaT:  2.556E-06   Iter/sec:  3.149E+00
 Iteration:  00000010   DeltaT:  2.556E-06   Iter/sec:  3.119E+00
 Iteration:  00000011   DeltaT:  2.556E-06   Iter/sec:  3.130E+00
 Iteration:  00000012   DeltaT:  2.556E-06   Iter/sec:  3.107E+00
 Iteration:  00000013   DeltaT:  2.556E-06   Iter/sec:  3.123E+00
 Iteration:  00000014   DeltaT:  2.556E-06   Iter/sec:  3.114E+00
 Iteration:  00000015   DeltaT:  2.556E-06   Iter/sec:  3.139E+00
 Iteration:  00000016   DeltaT:  2.556E-06   Iter/sec:  3.100E+00
 Iteration:  00000017   DeltaT:  2.556E-06   Iter/sec:  3.105E+00
 Iteration:  00000018   DeltaT:  2.556E-06   Iter/sec:  3.112E+00
 Iteration:  00000019   DeltaT:  2.556E-06   Iter/sec:  3.107E+00
 Iteration:  00000020   DeltaT:  2.556E-06   Iter/sec:  3.113E+00
 Iteration:  00000021   DeltaT:  2.556E-06   Iter/sec:  3.127E+00
 Iteration:  00000022   DeltaT:  2.556E-06   Iter/sec:  3.089E+00
 Iteration:  00000023   DeltaT:  2.556E-06   Iter/sec:  3.128E+00
 Iteration:  00000024   DeltaT:  2.556E-06   Iter/sec:  3.111E+00
 Iteration:  00000025   DeltaT:  2.556E-06   Iter/sec:  3.115E+00
 Iteration:  00000026   DeltaT:  2.556E-06   Iter/sec:  3.070E+00
 Iteration:  00000027   DeltaT:  2.556E-06   Iter/sec:  3.101E+00
 Iteration:  00000028   DeltaT:  2.556E-06   Iter/sec:  3.149E+00
 Iteration:  00000029   DeltaT:  2.556E-06   Iter/sec:  3.117E+00
 Iteration:  00000030   DeltaT:  2.556E-06   Iter/sec:  3.122E+00
 Iteration:  00000031   DeltaT:  2.556E-06   Iter/sec:  3.101E+00
 Iteration:  00000032   DeltaT:  2.556E-06   Iter/sec:  3.114E+00
 Iteration:  00000033   DeltaT:  2.556E-06   Iter/sec:  3.112E+00
 Iteration:  00000034   DeltaT:  2.556E-06   Iter/sec:  3.093E+00
 Iteration:  00000035   DeltaT:  2.556E-06   Iter/sec:  3.124E+00
 Iteration:  00000036   DeltaT:  2.556E-06   Iter/sec:  3.104E+00
 Iteration:  00000037   DeltaT:  2.556E-06   Iter/sec:  3.092E+00
 Iteration:  00000038   DeltaT:  2.556E-06   Iter/sec:  3.117E+00
 Iteration:  00000039   DeltaT:  2.556E-06   Iter/sec:  3.100E+00
 Iteration:  00000040   DeltaT:  2.556E-06   Iter/sec:  3.115E+00
 Iteration:  00000041   DeltaT:  2.556E-06   Iter/sec:  3.107E+00
 Iteration:  00000042   DeltaT:  2.556E-06   Iter/sec:  3.140E+00
 Iteration:  00000043   DeltaT:  2.556E-06   Iter/sec:  3.108E+00
 Iteration:  00000044   DeltaT:  2.556E-06   Iter/sec:  3.115E+00
 Iteration:  00000045   DeltaT:  2.556E-06   Iter/sec:  3.112E+00
 Iteration:  00000046   DeltaT:  2.556E-06   Iter/sec:  3.099E+00
 Iteration:  00000047   DeltaT:  2.556E-06   Iter/sec:  3.108E+00
 Iteration:  00000048   DeltaT:  2.556E-06   Iter/sec:  3.118E+00
 Iteration:  00000049   DeltaT:  2.556E-06   Iter/sec:  3.102E+00
 Iteration:  00000050   DeltaT:  2.556E-06   Iter/sec:  3.115E+00


//////////////////////////////////////////////
   Measured Timings for Process 0  (seconds)

 Elapsed time:        16.7699
  Column time:         2.0842
     Row time:         4.4778
Legendre time:         3.8739
     FFT time:         0.9629
   Solve time:         0.5194
    rlma time:         0.1864
    rlmb time:         0.0787
  pspace time:         2.2193
  psolve time:         1.5448
    dphi time:         0.1396
captured time:        16.0869

     iter/sec:         2.9815
//////////////////////////////////////////////
