 //////////////////////////////////////
 Initializating Rayleigh...

 -- Initalizing MPI...
 ---- Specified parameters:
 ---- NCPU  :     32
 ---- NPROW :      8
 ---- NPCOL :      4
 -- MPI initialized.


 -- Initalizing Grid...
 ---- Specified parameters ----
 ---- N_R                 :    128
 ---- N_THETA             :    384
 ---- Ell_MAX             :    255
 ---- R_MIN               :  5.38462E-01
 ---- R_MAX               :  1.53846E+00
 ---- Chebyshev Domains   :      1

        Domain 1
          Grid points           :  128
          Dealiased Polynomials :  85
          Domain Lower Bound    :  5.38462E-01
          Domain Upper Bound    :  1.53846E+00

 -- Grid initialized.

[SHTns 3.4.5] built Apr 20 2021, 21:35:52, id: sse2,ishioka
        Lmax=255, Mmax*Mres=255, Mres=1, Nlm=32896  [1 threads, orthonormalized]
        => using FFTW : Mmax=255, Nphi=768, Nlat=384  (data layout : phi_inc=384, theta_inc=1, phi_embed=768)
        => using Gauss nodes
        + polar optimization threshold = 1.0e-08
        finding optimal algorithm.........
        + SHT accuracy = 8.25e-13
        => SHTns is ready.
 -- Initalizing Reference State...
 ---- Specified parameters:
 ---- Reference type           :  Boussinesq (Non-dimensional)
 ---- Rayleigh Number          :  1.00000E+05
 ---- Ekman Number             :  1.00000E-03
 ---- Prandtl Number           :  1.00000E+00
 ---- Magnetic Prandtl Number  :  5.00000E+00
 -- Reference State initialized.

 -- Initializing Fields...
 ---- Specified parameters:
 ---- Hydro Init Type    : Benchmark (Christensen et al. 2001)
 ---- Magnetic Init Type : Benchmark (Christensen et al. 2001)
 -- Fields initialized.

 Initialization Complete.
 //////////////////////////////////////

 Timestep has changed from  0.00000E+00 to  1.00000E-04.
 Iteration:  00000001   DeltaT:  1.000E-04   Iter/sec:  0.000E+00
 Timestep has changed from  1.00000E-04 to  2.55566E-06.
 Iteration:  00000002   DeltaT:  2.556E-06   Iter/sec:  1.546E-01
 Iteration:  00000003   DeltaT:  2.556E-06   Iter/sec:  3.279E-01
 Iteration:  00000004   DeltaT:  2.556E-06   Iter/sec:  3.701E-01
 Iteration:  00000005   DeltaT:  2.556E-06   Iter/sec:  3.692E-01
 Iteration:  00000006   DeltaT:  2.556E-06   Iter/sec:  3.691E-01
 Iteration:  00000007   DeltaT:  2.556E-06   Iter/sec:  3.672E-01
 Iteration:  00000008   DeltaT:  2.556E-06   Iter/sec:  3.693E-01
 Iteration:  00000009   DeltaT:  2.556E-06   Iter/sec:  3.681E-01
 Iteration:  00000010   DeltaT:  2.556E-06   Iter/sec:  3.683E-01
 Iteration:  00000011   DeltaT:  2.556E-06   Iter/sec:  3.690E-01
 Iteration:  00000012   DeltaT:  2.556E-06   Iter/sec:  3.692E-01
 Iteration:  00000013   DeltaT:  2.556E-06   Iter/sec:  3.688E-01
 Iteration:  00000014   DeltaT:  2.556E-06   Iter/sec:  3.692E-01
 Iteration:  00000015   DeltaT:  2.556E-06   Iter/sec:  3.698E-01
 Iteration:  00000016   DeltaT:  2.556E-06   Iter/sec:  3.693E-01
 Iteration:  00000017   DeltaT:  2.556E-06   Iter/sec:  3.701E-01
 Iteration:  00000018   DeltaT:  2.556E-06   Iter/sec:  3.682E-01
 Iteration:  00000019   DeltaT:  2.556E-06   Iter/sec:  3.688E-01
 Iteration:  00000020   DeltaT:  2.556E-06   Iter/sec:  3.703E-01
 Iteration:  00000021   DeltaT:  2.556E-06   Iter/sec:  3.692E-01
 Iteration:  00000022   DeltaT:  2.556E-06   Iter/sec:  3.689E-01
 Iteration:  00000023   DeltaT:  2.556E-06   Iter/sec:  3.685E-01
 Iteration:  00000024   DeltaT:  2.556E-06   Iter/sec:  3.682E-01
 Iteration:  00000025   DeltaT:  2.556E-06   Iter/sec:  3.678E-01
 Iteration:  00000026   DeltaT:  2.556E-06   Iter/sec:  3.707E-01
 Iteration:  00000027   DeltaT:  2.556E-06   Iter/sec:  3.679E-01
 Iteration:  00000028   DeltaT:  2.556E-06   Iter/sec:  3.691E-01
 Iteration:  00000029   DeltaT:  2.556E-06   Iter/sec:  3.703E-01
 Iteration:  00000030   DeltaT:  2.556E-06   Iter/sec:  3.685E-01
 Iteration:  00000031   DeltaT:  2.556E-06   Iter/sec:  3.669E-01
 Iteration:  00000032   DeltaT:  2.556E-06   Iter/sec:  3.700E-01
 Iteration:  00000033   DeltaT:  2.556E-06   Iter/sec:  3.686E-01
 Iteration:  00000034   DeltaT:  2.556E-06   Iter/sec:  3.693E-01
 Iteration:  00000035   DeltaT:  2.556E-06   Iter/sec:  3.676E-01
 Iteration:  00000036   DeltaT:  2.556E-06   Iter/sec:  3.687E-01
 Iteration:  00000037   DeltaT:  2.556E-06   Iter/sec:  3.692E-01
 Iteration:  00000038   DeltaT:  2.556E-06   Iter/sec:  3.686E-01
 Iteration:  00000039   DeltaT:  2.556E-06   Iter/sec:  3.680E-01
 Iteration:  00000040   DeltaT:  2.556E-06   Iter/sec:  3.685E-01
 Iteration:  00000041   DeltaT:  2.556E-06   Iter/sec:  3.682E-01
 Iteration:  00000042   DeltaT:  2.556E-06   Iter/sec:  3.698E-01
 Iteration:  00000043   DeltaT:  2.556E-06   Iter/sec:  3.685E-01
 Iteration:  00000044   DeltaT:  2.556E-06   Iter/sec:  3.698E-01
 Iteration:  00000045   DeltaT:  2.556E-06   Iter/sec:  3.685E-01
 Iteration:  00000046   DeltaT:  2.556E-06   Iter/sec:  3.691E-01
 Iteration:  00000047   DeltaT:  2.556E-06   Iter/sec:  3.694E-01
 Iteration:  00000048   DeltaT:  2.556E-06   Iter/sec:  3.692E-01
 Iteration:  00000049   DeltaT:  2.556E-06   Iter/sec:  3.689E-01
 Iteration:  00000050   DeltaT:  2.556E-06   Iter/sec:  3.686E-01


//////////////////////////////////////////////
   Measured Timings for Process 0  (seconds)

 Elapsed time:       137.5235
  Column time:         7.0360
     Row time:        48.7200
Legendre time:        31.6394
     FFT time:         7.7242
   Solve time:         2.6231
    rlma time:         2.7780
    rlmb time:         1.6967
  pspace time:        17.5694
  psolve time:        13.6687
    dphi time:         0.9960
captured time:       134.4515

     iter/sec:         0.3636
//////////////////////////////////////////////
