 //////////////////////////////////////
 Initializating Rayleigh...

 -- Initalizing MPI...
 ---- Specified parameters:
 ---- NCPU  :    512
 ---- NPROW :     32
 ---- NPCOL :     16
 -- MPI initialized.


 -- Initalizing Grid...
 ---- Specified parameters ----
 ---- N_R                 :     64
 ---- N_THETA             :    384
 ---- Ell_MAX             :    255
 ---- R_MIN               :  5.38462E-01
 ---- R_MAX               :  1.53846E+00
 ---- Chebyshev Domains   :      1

        Domain 1
          Grid points           :  64
          Dealiased Polynomials :  42
          Domain Lower Bound    :  5.38462E-01
          Domain Upper Bound    :  1.53846E+00

 -- Grid initialized.

[SHTns 3.4.5] built Apr 20 2021, 21:35:52, id: sse2,ishioka
        Lmax=255, Mmax*Mres=255, Mres=1, Nlm=32896  [1 threads, orthonormalized]
        => using FFTW : Mmax=255, Nphi=768, Nlat=384  (data layout : phi_inc=384, theta_inc=1, phi_embed=768)
        => using Gauss nodes
        + polar optimization threshold = 1.0e-08
        finding optimal algorithm.........
        + SHT accuracy = 1.34e-12
        => SHTns is ready.
 -- Initalizing Reference State...
 ---- Specified parameters:
 ---- Reference type           :  Boussinesq (Non-dimensional)
 ---- Rayleigh Number          :  1.00000E+05
 ---- Ekman Number             :  1.00000E-03
 ---- Prandtl Number           :  1.00000E+00
 ---- Magnetic Prandtl Number  :  5.00000E+00
 -- Reference State initialized.

 -- Initializing Fields...
 ---- Specified parameters:
 ---- Hydro Init Type    : Benchmark (Christensen et al. 2001)
 ---- Magnetic Init Type : Benchmark (Christensen et al. 2001)
 -- Fields initialized.

 Initialization Complete.
 //////////////////////////////////////

 Timestep has changed from  0.00000E+00 to  1.00000E-04.
 Iteration:  00000001   DeltaT:  1.000E-04   Iter/sec:  0.000E+00
 Timestep has changed from  1.00000E-04 to  1.02211E-05.
 Iteration:  00000002   DeltaT:  1.022E-05   Iter/sec:  1.570E-01
 Iteration:  00000003   DeltaT:  1.022E-05   Iter/sec:  1.037E+01
 Iteration:  00000004   DeltaT:  1.022E-05   Iter/sec:  1.258E+01
 Iteration:  00000005   DeltaT:  1.022E-05   Iter/sec:  1.293E+01
 Iteration:  00000006   DeltaT:  1.022E-05   Iter/sec:  1.313E+01
 Iteration:  00000007   DeltaT:  1.022E-05   Iter/sec:  1.231E+01
 Iteration:  00000008   DeltaT:  1.022E-05   Iter/sec:  1.318E+01
 Iteration:  00000009   DeltaT:  1.022E-05   Iter/sec:  1.270E+01
 Iteration:  00000010   DeltaT:  1.022E-05   Iter/sec:  1.301E+01
 Iteration:  00000011   DeltaT:  1.022E-05   Iter/sec:  1.286E+01
 Iteration:  00000012   DeltaT:  1.022E-05   Iter/sec:  1.299E+01
 Iteration:  00000013   DeltaT:  1.022E-05   Iter/sec:  1.313E+01
 Iteration:  00000014   DeltaT:  1.022E-05   Iter/sec:  1.302E+01
 Iteration:  00000015   DeltaT:  1.022E-05   Iter/sec:  1.325E+01
 Iteration:  00000016   DeltaT:  1.022E-05   Iter/sec:  1.275E+01
 Iteration:  00000017   DeltaT:  1.022E-05   Iter/sec:  1.318E+01
 Iteration:  00000018   DeltaT:  1.022E-05   Iter/sec:  1.254E+01
 Iteration:  00000019   DeltaT:  1.022E-05   Iter/sec:  1.279E+01
 Iteration:  00000020   DeltaT:  1.022E-05   Iter/sec:  1.287E+01
 Iteration:  00000021   DeltaT:  1.022E-05   Iter/sec:  1.337E+01
 Iteration:  00000022   DeltaT:  1.022E-05   Iter/sec:  1.238E+01
 Iteration:  00000023   DeltaT:  1.022E-05   Iter/sec:  1.331E+01
 Iteration:  00000024   DeltaT:  1.022E-05   Iter/sec:  1.312E+01
 Iteration:  00000025   DeltaT:  1.022E-05   Iter/sec:  1.262E+01
 Iteration:  00000026   DeltaT:  1.022E-05   Iter/sec:  1.304E+01
 Iteration:  00000027   DeltaT:  1.022E-05   Iter/sec:  1.318E+01
 Iteration:  00000028   DeltaT:  1.022E-05   Iter/sec:  1.264E+01
 Iteration:  00000029   DeltaT:  1.022E-05   Iter/sec:  1.282E+01
 Iteration:  00000030   DeltaT:  1.022E-05   Iter/sec:  1.293E+01
 Iteration:  00000031   DeltaT:  1.022E-05   Iter/sec:  1.309E+01
 Iteration:  00000032   DeltaT:  1.022E-05   Iter/sec:  1.327E+01
 Iteration:  00000033   DeltaT:  1.022E-05   Iter/sec:  1.293E+01
 Iteration:  00000034   DeltaT:  1.022E-05   Iter/sec:  1.272E+01
 Iteration:  00000035   DeltaT:  1.022E-05   Iter/sec:  1.279E+01
 Iteration:  00000036   DeltaT:  1.022E-05   Iter/sec:  1.281E+01
 Iteration:  00000037   DeltaT:  1.022E-05   Iter/sec:  1.281E+01
 Iteration:  00000038   DeltaT:  1.022E-05   Iter/sec:  1.322E+01
 Iteration:  00000039   DeltaT:  1.022E-05   Iter/sec:  1.281E+01
 Iteration:  00000040   DeltaT:  1.022E-05   Iter/sec:  1.278E+01
 Iteration:  00000041   DeltaT:  1.022E-05   Iter/sec:  1.287E+01
 Iteration:  00000042   DeltaT:  1.022E-05   Iter/sec:  1.292E+01
 Iteration:  00000043   DeltaT:  1.022E-05   Iter/sec:  1.297E+01
 Iteration:  00000044   DeltaT:  1.022E-05   Iter/sec:  1.275E+01
 Iteration:  00000045   DeltaT:  1.022E-05   Iter/sec:  1.314E+01
 Iteration:  00000046   DeltaT:  1.022E-05   Iter/sec:  1.279E+01
 Iteration:  00000047   DeltaT:  1.022E-05   Iter/sec:  1.267E+01
 Iteration:  00000048   DeltaT:  1.022E-05   Iter/sec:  1.303E+01
 Iteration:  00000049   DeltaT:  1.022E-05   Iter/sec:  1.282E+01
 Iteration:  00000050   DeltaT:  1.022E-05   Iter/sec:  1.296E+01


//////////////////////////////////////////////
   Measured Timings for Process 0  (seconds)

 Elapsed time:         4.6416
  Column time:         1.1180
     Row time:         0.9980
Legendre time:         0.8647
     FFT time:         0.2414
   Solve time:         0.1182
    rlma time:         0.0441
    rlmb time:         0.0175
  pspace time:         0.3118
  psolve time:         0.2079
    dphi time:         0.0177
captured time:         3.9392

     iter/sec:        10.7720
//////////////////////////////////////////////
