 //////////////////////////////////////
 Initializating Rayleigh...

 -- Initalizing MPI...
 ---- Specified parameters:
 ---- NCPU  :     16
 ---- NPROW :      4
 ---- NPCOL :      4
 -- MPI initialized.


 -- Initalizing Grid...
 ---- Specified parameters ----
 ---- N_R                 :    128
 ---- N_THETA             :    192
 ---- Ell_MAX             :    127
 ---- R_MIN               :  5.38462E-01
 ---- R_MAX               :  1.53846E+00
 ---- Chebyshev Domains   :      1

        Domain 1
          Grid points           :  128
          Dealiased Polynomials :  85
          Domain Lower Bound    :  5.38462E-01
          Domain Upper Bound    :  1.53846E+00

 -- Grid initialized.

[SHTns 3.4.5] built Apr 20 2021, 21:35:52, id: sse2,ishioka
        Lmax=127, Mmax*Mres=127, Mres=1, Nlm=8256  [1 threads, orthonormalized]
        => using FFTW : Mmax=127, Nphi=384, Nlat=192  (data layout : phi_inc=192, theta_inc=1, phi_embed=384)
        => using Gauss nodes
        + polar optimization threshold = 1.0e-08
        finding optimal algorithm...........
        + SHT accuracy = 6.63e-14
        => SHTns is ready.
 -- Initalizing Reference State...
 ---- Specified parameters:
 ---- Reference type           :  Boussinesq (Non-dimensional)
 ---- Rayleigh Number          :  1.00000E+05
 ---- Ekman Number             :  1.00000E-03
 ---- Prandtl Number           :  1.00000E+00
 ---- Magnetic Prandtl Number  :  5.00000E+00
 -- Reference State initialized.

 -- Initializing Fields...
 ---- Specified parameters:
 ---- Hydro Init Type    : Benchmark (Christensen et al. 2001)
 ---- Magnetic Init Type : Benchmark (Christensen et al. 2001)
 -- Fields initialized.

 Initialization Complete.
 //////////////////////////////////////

 Timestep has changed from  0.00000E+00 to  1.00000E-04.
 Iteration:  00000001   DeltaT:  1.000E-04   Iter/sec:  0.000E+00
 Timestep has changed from  1.00000E-04 to  2.55581E-06.
 Iteration:  00000002   DeltaT:  2.556E-06   Iter/sec:  1.866E-01
 Iteration:  00000003   DeltaT:  2.556E-06   Iter/sec:  7.437E-01
 Iteration:  00000004   DeltaT:  2.556E-06   Iter/sec:  8.338E-01
 Iteration:  00000005   DeltaT:  2.556E-06   Iter/sec:  8.400E-01
 Iteration:  00000006   DeltaT:  2.556E-06   Iter/sec:  8.440E-01
 Iteration:  00000007   DeltaT:  2.556E-06   Iter/sec:  8.383E-01
 Iteration:  00000008   DeltaT:  2.556E-06   Iter/sec:  8.396E-01
 Iteration:  00000009   DeltaT:  2.556E-06   Iter/sec:  8.364E-01
 Iteration:  00000010   DeltaT:  2.556E-06   Iter/sec:  8.485E-01
 Iteration:  00000011   DeltaT:  2.556E-06   Iter/sec:  8.265E-01
 Iteration:  00000012   DeltaT:  2.556E-06   Iter/sec:  8.370E-01
 Iteration:  00000013   DeltaT:  2.556E-06   Iter/sec:  8.320E-01
 Iteration:  00000014   DeltaT:  2.556E-06   Iter/sec:  8.379E-01
 Iteration:  00000015   DeltaT:  2.556E-06   Iter/sec:  8.470E-01
 Iteration:  00000016   DeltaT:  2.556E-06   Iter/sec:  8.343E-01
 Iteration:  00000017   DeltaT:  2.556E-06   Iter/sec:  8.283E-01
 Iteration:  00000018   DeltaT:  2.556E-06   Iter/sec:  8.348E-01
 Iteration:  00000019   DeltaT:  2.556E-06   Iter/sec:  8.417E-01
 Iteration:  00000020   DeltaT:  2.556E-06   Iter/sec:  8.355E-01
 Iteration:  00000021   DeltaT:  2.556E-06   Iter/sec:  8.347E-01
 Iteration:  00000022   DeltaT:  2.556E-06   Iter/sec:  8.514E-01
 Iteration:  00000023   DeltaT:  2.556E-06   Iter/sec:  8.308E-01
 Iteration:  00000024   DeltaT:  2.556E-06   Iter/sec:  8.413E-01
 Iteration:  00000025   DeltaT:  2.556E-06   Iter/sec:  8.398E-01
 Iteration:  00000026   DeltaT:  2.556E-06   Iter/sec:  8.348E-01
 Iteration:  00000027   DeltaT:  2.556E-06   Iter/sec:  8.456E-01
 Iteration:  00000028   DeltaT:  2.556E-06   Iter/sec:  8.363E-01
 Iteration:  00000029   DeltaT:  2.556E-06   Iter/sec:  8.353E-01
 Iteration:  00000030   DeltaT:  2.556E-06   Iter/sec:  8.441E-01
 Iteration:  00000031   DeltaT:  2.556E-06   Iter/sec:  8.382E-01
 Iteration:  00000032   DeltaT:  2.556E-06   Iter/sec:  8.401E-01
 Iteration:  00000033   DeltaT:  2.556E-06   Iter/sec:  8.388E-01
 Iteration:  00000034   DeltaT:  2.556E-06   Iter/sec:  8.338E-01
 Iteration:  00000035   DeltaT:  2.556E-06   Iter/sec:  8.368E-01
 Iteration:  00000036   DeltaT:  2.556E-06   Iter/sec:  8.350E-01
 Iteration:  00000037   DeltaT:  2.556E-06   Iter/sec:  8.414E-01
 Iteration:  00000038   DeltaT:  2.556E-06   Iter/sec:  8.393E-01
 Iteration:  00000039   DeltaT:  2.556E-06   Iter/sec:  8.437E-01
 Iteration:  00000040   DeltaT:  2.556E-06   Iter/sec:  8.354E-01
 Iteration:  00000041   DeltaT:  2.556E-06   Iter/sec:  8.406E-01
 Iteration:  00000042   DeltaT:  2.556E-06   Iter/sec:  8.400E-01
 Iteration:  00000043   DeltaT:  2.556E-06   Iter/sec:  8.400E-01
 Iteration:  00000044   DeltaT:  2.556E-06   Iter/sec:  8.373E-01
 Iteration:  00000045   DeltaT:  2.556E-06   Iter/sec:  8.416E-01
 Iteration:  00000046   DeltaT:  2.556E-06   Iter/sec:  8.446E-01
 Iteration:  00000047   DeltaT:  2.556E-06   Iter/sec:  8.401E-01
 Iteration:  00000048   DeltaT:  2.556E-06   Iter/sec:  8.383E-01
 Iteration:  00000049   DeltaT:  2.556E-06   Iter/sec:  8.387E-01
 Iteration:  00000050   DeltaT:  2.556E-06   Iter/sec:  8.294E-01


//////////////////////////////////////////////
   Measured Timings for Process 0  (seconds)

 Elapsed time:        60.4014
  Column time:         3.1231
     Row time:        23.7520
Legendre time:         8.9826
     FFT time:         4.0399
   Solve time:         1.3837
    rlma time:         1.0971
    rlmb time:         0.4096
  pspace time:         8.9288
  psolve time:         6.8644
    dphi time:         0.4438
captured time:        59.0251

     iter/sec:         0.8278
//////////////////////////////////////////////
