 //////////////////////////////////////
 Initializating Rayleigh...

 -- Initalizing MPI...
 ---- Specified parameters:
 ---- NCPU  :    256
 ---- NPROW :     16
 ---- NPCOL :     16
 -- MPI initialized.


 -- Initalizing Grid...
 ---- Specified parameters ----
 ---- N_R                 :     64
 ---- N_THETA             :    384
 ---- Ell_MAX             :    255
 ---- R_MIN               :  5.38462E-01
 ---- R_MAX               :  1.53846E+00
 ---- Chebyshev Domains   :      1

        Domain 1
          Grid points           :  64
          Dealiased Polynomials :  42
          Domain Lower Bound    :  5.38462E-01
          Domain Upper Bound    :  1.53846E+00

 -- Grid initialized.

[SHTns 3.4.5] built Apr 20 2021, 21:35:52, id: sse2,ishioka
        Lmax=255, Mmax*Mres=255, Mres=1, Nlm=32896  [1 threads, orthonormalized]
        => using FFTW : Mmax=255, Nphi=768, Nlat=384  (data layout : phi_inc=384, theta_inc=1, phi_embed=768)
        => using Gauss nodes
        + polar optimization threshold = 1.0e-08
        finding optimal algorithm.........
        + SHT accuracy = 1.58e-12
        => SHTns is ready.
 -- Initalizing Reference State...
 ---- Specified parameters:
 ---- Reference type           :  Boussinesq (Non-dimensional)
 ---- Rayleigh Number          :  1.00000E+05
 ---- Ekman Number             :  1.00000E-03
 ---- Prandtl Number           :  1.00000E+00
 ---- Magnetic Prandtl Number  :  5.00000E+00
 -- Reference State initialized.

 -- Initializing Fields...
 ---- Specified parameters:
 ---- Hydro Init Type    : Benchmark (Christensen et al. 2001)
 ---- Magnetic Init Type : Benchmark (Christensen et al. 2001)
 -- Fields initialized.

 Initialization Complete.
 //////////////////////////////////////

 Timestep has changed from  0.00000E+00 to  1.00000E-04.
 Iteration:  00000001   DeltaT:  1.000E-04   Iter/sec:  0.000E+00
 Timestep has changed from  1.00000E-04 to  1.02211E-05.
 Iteration:  00000002   DeltaT:  1.022E-05   Iter/sec:  1.445E-01
 Iteration:  00000003   DeltaT:  1.022E-05   Iter/sec:  6.093E+00
 Iteration:  00000004   DeltaT:  1.022E-05   Iter/sec:  6.610E+00
 Iteration:  00000005   DeltaT:  1.022E-05   Iter/sec:  6.637E+00
 Iteration:  00000006   DeltaT:  1.022E-05   Iter/sec:  6.709E+00
 Iteration:  00000007   DeltaT:  1.022E-05   Iter/sec:  6.788E+00
 Iteration:  00000008   DeltaT:  1.022E-05   Iter/sec:  6.674E+00
 Iteration:  00000009   DeltaT:  1.022E-05   Iter/sec:  6.736E+00
 Iteration:  00000010   DeltaT:  1.022E-05   Iter/sec:  6.699E+00
 Iteration:  00000011   DeltaT:  1.022E-05   Iter/sec:  6.848E+00
 Iteration:  00000012   DeltaT:  1.022E-05   Iter/sec:  6.779E+00
 Iteration:  00000013   DeltaT:  1.022E-05   Iter/sec:  6.805E+00
 Iteration:  00000014   DeltaT:  1.022E-05   Iter/sec:  6.659E+00
 Iteration:  00000015   DeltaT:  1.022E-05   Iter/sec:  6.883E+00
 Iteration:  00000016   DeltaT:  1.022E-05   Iter/sec:  6.729E+00
 Iteration:  00000017   DeltaT:  1.022E-05   Iter/sec:  6.730E+00
 Iteration:  00000018   DeltaT:  1.022E-05   Iter/sec:  6.966E+00
 Iteration:  00000019   DeltaT:  1.022E-05   Iter/sec:  6.814E+00
 Iteration:  00000020   DeltaT:  1.022E-05   Iter/sec:  6.741E+00
 Iteration:  00000021   DeltaT:  1.022E-05   Iter/sec:  6.965E+00
 Iteration:  00000022   DeltaT:  1.022E-05   Iter/sec:  6.824E+00
 Iteration:  00000023   DeltaT:  1.022E-05   Iter/sec:  6.767E+00
 Iteration:  00000024   DeltaT:  1.022E-05   Iter/sec:  6.930E+00
 Iteration:  00000025   DeltaT:  1.022E-05   Iter/sec:  6.905E+00
 Iteration:  00000026   DeltaT:  1.022E-05   Iter/sec:  7.010E+00
 Iteration:  00000027   DeltaT:  1.022E-05   Iter/sec:  6.938E+00
 Iteration:  00000028   DeltaT:  1.022E-05   Iter/sec:  6.766E+00
 Iteration:  00000029   DeltaT:  1.022E-05   Iter/sec:  7.052E+00
 Iteration:  00000030   DeltaT:  1.022E-05   Iter/sec:  6.849E+00
 Iteration:  00000031   DeltaT:  1.022E-05   Iter/sec:  6.852E+00
 Iteration:  00000032   DeltaT:  1.022E-05   Iter/sec:  6.971E+00
 Iteration:  00000033   DeltaT:  1.022E-05   Iter/sec:  6.838E+00
 Iteration:  00000034   DeltaT:  1.022E-05   Iter/sec:  6.975E+00
 Iteration:  00000035   DeltaT:  1.022E-05   Iter/sec:  6.862E+00
 Iteration:  00000036   DeltaT:  1.022E-05   Iter/sec:  6.895E+00
 Iteration:  00000037   DeltaT:  1.022E-05   Iter/sec:  6.983E+00
 Iteration:  00000038   DeltaT:  1.022E-05   Iter/sec:  6.906E+00
 Iteration:  00000039   DeltaT:  1.022E-05   Iter/sec:  6.838E+00
 Iteration:  00000040   DeltaT:  1.022E-05   Iter/sec:  6.979E+00
 Iteration:  00000041   DeltaT:  1.022E-05   Iter/sec:  6.798E+00
 Iteration:  00000042   DeltaT:  1.022E-05   Iter/sec:  7.061E+00
 Iteration:  00000043   DeltaT:  1.022E-05   Iter/sec:  6.848E+00
 Iteration:  00000044   DeltaT:  1.022E-05   Iter/sec:  6.880E+00
 Iteration:  00000045   DeltaT:  1.022E-05   Iter/sec:  7.108E+00
 Iteration:  00000046   DeltaT:  1.022E-05   Iter/sec:  6.842E+00
 Iteration:  00000047   DeltaT:  1.022E-05   Iter/sec:  6.840E+00
 Iteration:  00000048   DeltaT:  1.022E-05   Iter/sec:  7.122E+00
 Iteration:  00000049   DeltaT:  1.022E-05   Iter/sec:  6.848E+00
 Iteration:  00000050   DeltaT:  1.022E-05   Iter/sec:  7.093E+00


//////////////////////////////////////////////
   Measured Timings for Process 0  (seconds)

 Elapsed time:         7.9611
  Column time:         1.1293
     Row time:         1.9005
Legendre time:         1.8656
     FFT time:         0.4840
   Solve time:         0.1487
    rlma time:         0.0904
    rlmb time:         0.0384
  pspace time:         0.9596
  psolve time:         0.5841
    dphi time:         0.0686
captured time:         7.2691

     iter/sec:         6.2805
//////////////////////////////////////////////
