 //////////////////////////////////////
 Initializating Rayleigh...

 -- Initalizing MPI...
 ---- Specified parameters:
 ---- NCPU  :     64
 ---- NPROW :      8
 ---- NPCOL :      8
 -- MPI initialized.


 -- Initalizing Grid...
 ---- Specified parameters ----
 ---- N_R                 :     64
 ---- N_THETA             :    192
 ---- Ell_MAX             :    127
 ---- R_MIN               :  5.38462E-01
 ---- R_MAX               :  1.53846E+00
 ---- Chebyshev Domains   :      1

        Domain 1
          Grid points           :  64
          Dealiased Polynomials :  42
          Domain Lower Bound    :  5.38462E-01
          Domain Upper Bound    :  1.53846E+00

 -- Grid initialized.

[SHTns 3.4.5] built Apr 20 2021, 21:35:52, id: sse2,ishioka
        Lmax=127, Mmax*Mres=127, Mres=1, Nlm=8256  [1 threads, orthonormalized]
        => using FFTW : Mmax=127, Nphi=384, Nlat=192  (data layout : phi_inc=192, theta_inc=1, phi_embed=384)
        => using Gauss nodes
        + polar optimization threshold = 1.0e-08
        finding optimal algorithm...........
        + SHT accuracy = 5.1e-14
        => SHTns is ready.
 -- Initalizing Reference State...
 ---- Specified parameters:
 ---- Reference type           :  Boussinesq (Non-dimensional)
 ---- Rayleigh Number          :  1.00000E+05
 ---- Ekman Number             :  1.00000E-03
 ---- Prandtl Number           :  1.00000E+00
 ---- Magnetic Prandtl Number  :  5.00000E+00
 -- Reference State initialized.

 -- Initializing Fields...
 ---- Specified parameters:
 ---- Hydro Init Type    : Benchmark (Christensen et al. 2001)
 ---- Magnetic Init Type : Benchmark (Christensen et al. 2001)
 -- Fields initialized.

 Initialization Complete.
 //////////////////////////////////////

 Timestep has changed from  0.00000E+00 to  1.00000E-04.
 Iteration:  00000001   DeltaT:  1.000E-04   Iter/sec:  0.000E+00
 Timestep has changed from  1.00000E-04 to  1.02217E-05.
 Iteration:  00000002   DeltaT:  1.022E-05   Iter/sec:  2.295E-01
 Iteration:  00000003   DeltaT:  1.022E-05   Iter/sec:  5.841E+00
 Iteration:  00000004   DeltaT:  1.022E-05   Iter/sec:  8.963E+00
 Iteration:  00000005   DeltaT:  1.022E-05   Iter/sec:  8.283E+00
 Iteration:  00000006   DeltaT:  1.022E-05   Iter/sec:  8.430E+00
 Iteration:  00000007   DeltaT:  1.022E-05   Iter/sec:  8.388E+00
 Iteration:  00000008   DeltaT:  1.022E-05   Iter/sec:  8.238E+00
 Iteration:  00000009   DeltaT:  1.022E-05   Iter/sec:  8.373E+00
 Iteration:  00000010   DeltaT:  1.022E-05   Iter/sec:  8.356E+00
 Iteration:  00000011   DeltaT:  1.022E-05   Iter/sec:  8.329E+00
 Iteration:  00000012   DeltaT:  1.022E-05   Iter/sec:  8.555E+00
 Iteration:  00000013   DeltaT:  1.022E-05   Iter/sec:  7.931E+00
 Iteration:  00000014   DeltaT:  1.022E-05   Iter/sec:  8.435E+00
 Iteration:  00000015   DeltaT:  1.022E-05   Iter/sec:  8.270E+00
 Iteration:  00000016   DeltaT:  1.022E-05   Iter/sec:  8.463E+00
 Iteration:  00000017   DeltaT:  1.022E-05   Iter/sec:  8.702E+00
 Iteration:  00000018   DeltaT:  1.022E-05   Iter/sec:  8.724E+00
 Iteration:  00000019   DeltaT:  1.022E-05   Iter/sec:  8.796E+00
 Iteration:  00000020   DeltaT:  1.022E-05   Iter/sec:  8.696E+00
 Iteration:  00000021   DeltaT:  1.022E-05   Iter/sec:  8.741E+00
 Iteration:  00000022   DeltaT:  1.022E-05   Iter/sec:  8.693E+00
 Iteration:  00000023   DeltaT:  1.022E-05   Iter/sec:  8.703E+00
 Iteration:  00000024   DeltaT:  1.022E-05   Iter/sec:  8.677E+00
 Iteration:  00000025   DeltaT:  1.022E-05   Iter/sec:  8.845E+00
 Iteration:  00000026   DeltaT:  1.022E-05   Iter/sec:  8.797E+00
 Iteration:  00000027   DeltaT:  1.022E-05   Iter/sec:  8.683E+00
 Iteration:  00000028   DeltaT:  1.022E-05   Iter/sec:  8.758E+00
 Iteration:  00000029   DeltaT:  1.022E-05   Iter/sec:  8.807E+00
 Iteration:  00000030   DeltaT:  1.022E-05   Iter/sec:  8.715E+00
 Iteration:  00000031   DeltaT:  1.022E-05   Iter/sec:  8.648E+00
 Iteration:  00000032   DeltaT:  1.022E-05   Iter/sec:  8.787E+00
 Iteration:  00000033   DeltaT:  1.022E-05   Iter/sec:  8.735E+00
 Iteration:  00000034   DeltaT:  1.022E-05   Iter/sec:  8.726E+00
 Iteration:  00000035   DeltaT:  1.022E-05   Iter/sec:  8.820E+00
 Iteration:  00000036   DeltaT:  1.022E-05   Iter/sec:  8.960E+00
 Iteration:  00000037   DeltaT:  1.022E-05   Iter/sec:  8.783E+00
 Iteration:  00000038   DeltaT:  1.022E-05   Iter/sec:  8.862E+00
 Iteration:  00000039   DeltaT:  1.022E-05   Iter/sec:  8.845E+00
 Iteration:  00000040   DeltaT:  1.022E-05   Iter/sec:  8.859E+00
 Iteration:  00000041   DeltaT:  1.022E-05   Iter/sec:  8.924E+00
 Iteration:  00000042   DeltaT:  1.022E-05   Iter/sec:  8.846E+00
 Iteration:  00000043   DeltaT:  1.022E-05   Iter/sec:  8.875E+00
 Iteration:  00000044   DeltaT:  1.022E-05   Iter/sec:  8.878E+00
 Iteration:  00000045   DeltaT:  1.022E-05   Iter/sec:  8.851E+00
 Iteration:  00000046   DeltaT:  1.022E-05   Iter/sec:  8.864E+00
 Iteration:  00000047   DeltaT:  1.022E-05   Iter/sec:  8.833E+00
 Iteration:  00000048   DeltaT:  1.022E-05   Iter/sec:  8.789E+00
 Iteration:  00000049   DeltaT:  1.022E-05   Iter/sec:  8.884E+00
 Iteration:  00000050   DeltaT:  1.022E-05   Iter/sec:  8.802E+00


//////////////////////////////////////////////
   Measured Timings for Process 0  (seconds)

 Elapsed time:         6.2271
  Column time:         0.5451
     Row time:         1.9814
Legendre time:         0.9690
     FFT time:         0.5122
   Solve time:         0.1626
    rlma time:         0.0849
    rlmb time:         0.0360
  pspace time:         0.8591
  psolve time:         0.5846
    dphi time:         0.0576
captured time:         5.7924

     iter/sec:         8.0294
//////////////////////////////////////////////
