 //////////////////////////////////////
 Initializating Rayleigh...

 -- Initalizing MPI...
 ---- Specified parameters:
 ---- NCPU  :     16
 ---- NPROW :      4
 ---- NPCOL :      4
 -- MPI initialized.


 -- Initalizing Grid...
 ---- Specified parameters ----
 ---- N_R                 :     64
 ---- N_THETA             :    192
 ---- Ell_MAX             :    127
 ---- R_MIN               :  5.38462E-01
 ---- R_MAX               :  1.53846E+00
 ---- Chebyshev Domains   :      1

        Domain 1
          Grid points           :  64
          Dealiased Polynomials :  42
          Domain Lower Bound    :  5.38462E-01
          Domain Upper Bound    :  1.53846E+00

 -- Grid initialized.

[SHTns 3.4.5] built Apr 20 2021, 21:35:52, id: sse2,ishioka
        Lmax=127, Mmax*Mres=127, Mres=1, Nlm=8256  [1 threads, orthonormalized]
        => using FFTW : Mmax=127, Nphi=384, Nlat=192  (data layout : phi_inc=192, theta_inc=1, phi_embed=384)
        => using Gauss nodes
        + polar optimization threshold = 1.0e-08
        finding optimal algorithm...........
        + SHT accuracy = 5.36e-14
        => SHTns is ready.
 -- Initalizing Reference State...
 ---- Specified parameters:
 ---- Reference type           :  Boussinesq (Non-dimensional)
 ---- Rayleigh Number          :  1.00000E+05
 ---- Ekman Number             :  1.00000E-03
 ---- Prandtl Number           :  1.00000E+00
 ---- Magnetic Prandtl Number  :  5.00000E+00
 -- Reference State initialized.

 -- Initializing Fields...
 ---- Specified parameters:
 ---- Hydro Init Type    : Benchmark (Christensen et al. 2001)
 ---- Magnetic Init Type : Benchmark (Christensen et al. 2001)
 -- Fields initialized.

 Initialization Complete.
 //////////////////////////////////////

 Timestep has changed from  0.00000E+00 to  1.00000E-04.
 Iteration:  00000001   DeltaT:  1.000E-04   Iter/sec:  0.000E+00
 Timestep has changed from  1.00000E-04 to  1.02217E-05.
 Iteration:  00000002   DeltaT:  1.022E-05   Iter/sec:  2.114E-01
 Iteration:  00000003   DeltaT:  1.022E-05   Iter/sec:  1.824E+00
 Iteration:  00000004   DeltaT:  1.022E-05   Iter/sec:  1.889E+00
 Iteration:  00000005   DeltaT:  1.022E-05   Iter/sec:  1.921E+00
 Iteration:  00000006   DeltaT:  1.022E-05   Iter/sec:  1.904E+00
 Iteration:  00000007   DeltaT:  1.022E-05   Iter/sec:  1.890E+00
 Iteration:  00000008   DeltaT:  1.022E-05   Iter/sec:  1.901E+00
 Iteration:  00000009   DeltaT:  1.022E-05   Iter/sec:  1.904E+00
 Iteration:  00000010   DeltaT:  1.022E-05   Iter/sec:  1.898E+00
 Iteration:  00000011   DeltaT:  1.022E-05   Iter/sec:  1.902E+00
 Iteration:  00000012   DeltaT:  1.022E-05   Iter/sec:  1.894E+00
 Iteration:  00000013   DeltaT:  1.022E-05   Iter/sec:  1.888E+00
 Iteration:  00000014   DeltaT:  1.022E-05   Iter/sec:  1.897E+00
 Iteration:  00000015   DeltaT:  1.022E-05   Iter/sec:  1.913E+00
 Iteration:  00000016   DeltaT:  1.022E-05   Iter/sec:  1.892E+00
 Iteration:  00000017   DeltaT:  1.022E-05   Iter/sec:  1.910E+00
 Iteration:  00000018   DeltaT:  1.022E-05   Iter/sec:  1.898E+00
 Iteration:  00000019   DeltaT:  1.022E-05   Iter/sec:  1.894E+00
 Iteration:  00000020   DeltaT:  1.022E-05   Iter/sec:  1.891E+00
 Iteration:  00000021   DeltaT:  1.022E-05   Iter/sec:  1.904E+00
 Iteration:  00000022   DeltaT:  1.022E-05   Iter/sec:  1.904E+00
 Iteration:  00000023   DeltaT:  1.022E-05   Iter/sec:  1.911E+00
 Iteration:  00000024   DeltaT:  1.022E-05   Iter/sec:  1.735E+00
 Iteration:  00000025   DeltaT:  1.022E-05   Iter/sec:  1.899E+00
 Iteration:  00000026   DeltaT:  1.022E-05   Iter/sec:  1.891E+00
 Iteration:  00000027   DeltaT:  1.022E-05   Iter/sec:  1.910E+00
 Iteration:  00000028   DeltaT:  1.022E-05   Iter/sec:  1.902E+00
 Iteration:  00000029   DeltaT:  1.022E-05   Iter/sec:  1.899E+00
 Iteration:  00000030   DeltaT:  1.022E-05   Iter/sec:  1.908E+00
 Iteration:  00000031   DeltaT:  1.022E-05   Iter/sec:  1.890E+00
 Iteration:  00000032   DeltaT:  1.022E-05   Iter/sec:  1.888E+00
 Iteration:  00000033   DeltaT:  1.022E-05   Iter/sec:  1.895E+00
 Iteration:  00000034   DeltaT:  1.022E-05   Iter/sec:  1.905E+00
 Iteration:  00000035   DeltaT:  1.022E-05   Iter/sec:  1.901E+00
 Iteration:  00000036   DeltaT:  1.022E-05   Iter/sec:  1.900E+00
 Iteration:  00000037   DeltaT:  1.022E-05   Iter/sec:  1.889E+00
 Iteration:  00000038   DeltaT:  1.022E-05   Iter/sec:  1.904E+00
 Iteration:  00000039   DeltaT:  1.022E-05   Iter/sec:  1.905E+00
 Iteration:  00000040   DeltaT:  1.022E-05   Iter/sec:  1.902E+00
 Iteration:  00000041   DeltaT:  1.022E-05   Iter/sec:  1.891E+00
 Iteration:  00000042   DeltaT:  1.022E-05   Iter/sec:  1.898E+00
 Iteration:  00000043   DeltaT:  1.022E-05   Iter/sec:  1.901E+00
 Iteration:  00000044   DeltaT:  1.022E-05   Iter/sec:  1.908E+00
 Iteration:  00000045   DeltaT:  1.022E-05   Iter/sec:  1.900E+00
 Iteration:  00000046   DeltaT:  1.022E-05   Iter/sec:  1.902E+00
 Iteration:  00000047   DeltaT:  1.022E-05   Iter/sec:  1.891E+00
 Iteration:  00000048   DeltaT:  1.022E-05   Iter/sec:  1.904E+00
 Iteration:  00000049   DeltaT:  1.022E-05   Iter/sec:  1.905E+00
 Iteration:  00000050   DeltaT:  1.022E-05   Iter/sec:  1.898E+00


//////////////////////////////////////////////
   Measured Timings for Process 0  (seconds)

 Elapsed time:        26.8780
  Column time:         1.5769
     Row time:         9.7455
Legendre time:         4.4820
     FFT time:         2.0399
   Solve time:         0.3932
    rlma time:         0.4433
    rlmb time:         0.1789
  pspace time:         3.7622
  psolve time:         3.2550
    dphi time:         0.1530
captured time:        26.0300

     iter/sec:         1.8603
//////////////////////////////////////////////
