 //////////////////////////////////////
 Initializating Rayleigh...

 -- Initalizing MPI...
 ---- Specified parameters:
 ---- NCPU  :    128
 ---- NPROW :      8
 ---- NPCOL :     16
 -- MPI initialized.


 -- Initalizing Grid...
 ---- Specified parameters ----
 ---- N_R                 :    128
 ---- N_THETA             :   1536
 ---- Ell_MAX             :   1023
 ---- R_MIN               :  5.38462E-01
 ---- R_MAX               :  1.53846E+00
 ---- Chebyshev Domains   :      1

        Domain 1
          Grid points           :  128
          Dealiased Polynomials :  85
          Domain Lower Bound    :  5.38462E-01
          Domain Upper Bound    :  1.53846E+00

 -- Grid initialized.

 -- Initalizing Reference State...
 ---- Specified parameters:
 ---- Reference type           :  Boussinesq (Non-dimensional)
 ---- Rayleigh Number          :  1.00000E+05
 ---- Ekman Number             :  1.00000E-03
 ---- Prandtl Number           :  1.00000E+00
 ---- Magnetic Prandtl Number  :  5.00000E+00
 -- Reference State initialized.

 -- Initializing Fields...
 ---- Specified parameters:
 ---- Hydro Init Type    : Benchmark (Christensen et al. 2001)
 ---- Magnetic Init Type : Benchmark (Christensen et al. 2001)
 -- Fields initialized.

 Initialization Complete.
 //////////////////////////////////////

 Timestep has changed from  0.00000E+00 to  1.00000E-04.
 Iteration:  00000001   DeltaT:  1.000E-04   Iter/sec:  0.000E+00
 Timestep has changed from  1.00000E-04 to  2.55561E-06.
 Iteration:  00000002   DeltaT:  2.556E-06   Iter/sec:  3.936E-02
 Iteration:  00000003   DeltaT:  2.556E-06   Iter/sec:  8.271E-02
 Iteration:  00000004   DeltaT:  2.556E-06   Iter/sec:  8.431E-02
 Iteration:  00000005   DeltaT:  2.556E-06   Iter/sec:  8.577E-02
 Iteration:  00000006   DeltaT:  2.556E-06   Iter/sec:  8.338E-02
 Iteration:  00000007   DeltaT:  2.556E-06   Iter/sec:  8.485E-02
 Iteration:  00000008   DeltaT:  2.556E-06   Iter/sec:  8.532E-02
 Iteration:  00000009   DeltaT:  2.556E-06   Iter/sec:  8.476E-02
 Iteration:  00000010   DeltaT:  2.556E-06   Iter/sec:  8.408E-02
 Iteration:  00000011   DeltaT:  2.556E-06   Iter/sec:  8.382E-02
 Iteration:  00000012   DeltaT:  2.556E-06   Iter/sec:  8.496E-02
 Iteration:  00000013   DeltaT:  2.556E-06   Iter/sec:  8.436E-02
 Iteration:  00000014   DeltaT:  2.556E-06   Iter/sec:  8.365E-02
 Iteration:  00000015   DeltaT:  2.556E-06   Iter/sec:  8.407E-02
 Iteration:  00000016   DeltaT:  2.556E-06   Iter/sec:  8.396E-02
 Iteration:  00000017   DeltaT:  2.556E-06   Iter/sec:  8.429E-02
 Iteration:  00000018   DeltaT:  2.556E-06   Iter/sec:  8.468E-02
 Iteration:  00000019   DeltaT:  2.556E-06   Iter/sec:  8.441E-02
 Iteration:  00000020   DeltaT:  2.556E-06   Iter/sec:  8.381E-02
 Iteration:  00000021   DeltaT:  2.556E-06   Iter/sec:  8.466E-02
 Iteration:  00000022   DeltaT:  2.556E-06   Iter/sec:  8.482E-02
 Iteration:  00000023   DeltaT:  2.556E-06   Iter/sec:  8.333E-02
 Iteration:  00000024   DeltaT:  2.556E-06   Iter/sec:  8.430E-02
 Iteration:  00000025   DeltaT:  2.556E-06   Iter/sec:  8.419E-02
 Iteration:  00000026   DeltaT:  2.556E-06   Iter/sec:  8.508E-02
 Iteration:  00000027   DeltaT:  2.556E-06   Iter/sec:  8.467E-02
 Iteration:  00000028   DeltaT:  2.556E-06   Iter/sec:  8.375E-02
 Iteration:  00000029   DeltaT:  2.556E-06   Iter/sec:  8.409E-02
 Iteration:  00000030   DeltaT:  2.556E-06   Iter/sec:  8.509E-02
 Iteration:  00000031   DeltaT:  2.556E-06   Iter/sec:  8.497E-02
 Iteration:  00000032   DeltaT:  2.556E-06   Iter/sec:  8.519E-02
 Iteration:  00000033   DeltaT:  2.556E-06   Iter/sec:  8.426E-02
 Iteration:  00000034   DeltaT:  2.556E-06   Iter/sec:  8.527E-02
 Iteration:  00000035   DeltaT:  2.556E-06   Iter/sec:  8.518E-02
 Iteration:  00000036   DeltaT:  2.556E-06   Iter/sec:  8.398E-02
 Iteration:  00000037   DeltaT:  2.556E-06   Iter/sec:  8.476E-02
 Iteration:  00000038   DeltaT:  2.556E-06   Iter/sec:  8.514E-02
 Iteration:  00000039   DeltaT:  2.556E-06   Iter/sec:  8.622E-02
 Iteration:  00000040   DeltaT:  2.556E-06   Iter/sec:  8.440E-02
 Iteration:  00000041   DeltaT:  2.556E-06   Iter/sec:  8.504E-02
 Iteration:  00000042   DeltaT:  2.556E-06   Iter/sec:  8.435E-02
 Iteration:  00000043   DeltaT:  2.556E-06   Iter/sec:  8.424E-02
 Iteration:  00000044   DeltaT:  2.556E-06   Iter/sec:  8.411E-02
 Iteration:  00000045   DeltaT:  2.556E-06   Iter/sec:  8.415E-02
 Iteration:  00000046   DeltaT:  2.556E-06   Iter/sec:  8.479E-02
 Iteration:  00000047   DeltaT:  2.556E-06   Iter/sec:  8.488E-02
 Iteration:  00000048   DeltaT:  2.556E-06   Iter/sec:  8.405E-02
 Iteration:  00000049   DeltaT:  2.556E-06   Iter/sec:  8.470E-02
 Iteration:  00000050   DeltaT:  2.556E-06   Iter/sec:  8.387E-02


//////////////////////////////////////////////
   Measured Timings for Process 0  (seconds)

 Elapsed time:       592.2434
  Column time:        80.1088
     Row time:       207.4122
Legendre time:       112.3407
     FFT time:        33.8594
   Solve time:         7.3264
    rlma time:        14.2620
    rlmb time:         5.6677
  pspace time:        67.3953
  psolve time:        52.5635
    dphi time:         2.8710
captured time:       583.8072

     iter/sec:         0.0844
//////////////////////////////////////////////
