 //////////////////////////////////////
 Initializating Rayleigh...

 -- Initalizing MPI...
 ---- Specified parameters:
 ---- NCPU  :    256
 ---- NPROW :      8
 ---- NPCOL :     32
 -- MPI initialized.


 -- Initalizing Grid...
 ---- Specified parameters ----
 ---- N_R                 :     64
 ---- N_THETA             :    384
 ---- Ell_MAX             :    255
 ---- R_MIN               :  5.38462E-01
 ---- R_MAX               :  1.53846E+00
 ---- Chebyshev Domains   :      1

        Domain 1
          Grid points           :  64
          Dealiased Polynomials :  42
          Domain Lower Bound    :  5.38462E-01
          Domain Upper Bound    :  1.53846E+00

 -- Grid initialized.

 -- Initalizing Reference State...
 ---- Specified parameters:
 ---- Reference type           :  Boussinesq (Non-dimensional)
 ---- Rayleigh Number          :  1.00000E+05
 ---- Ekman Number             :  1.00000E-03
 ---- Prandtl Number           :  1.00000E+00
 ---- Magnetic Prandtl Number  :  5.00000E+00
 -- Reference State initialized.

 -- Initializing Fields...
 ---- Specified parameters:
 ---- Hydro Init Type    : Benchmark (Christensen et al. 2001)
 ---- Magnetic Init Type : Benchmark (Christensen et al. 2001)
 -- Fields initialized.

 Initialization Complete.
 //////////////////////////////////////

 Timestep has changed from  0.00000E+00 to  1.00000E-04.
 Iteration:  00000001   DeltaT:  1.000E-04   Iter/sec:  0.000E+00
 Timestep has changed from  1.00000E-04 to  1.02211E-05.
 Iteration:  00000002   DeltaT:  1.022E-05   Iter/sec:  2.215E+00
 Iteration:  00000003   DeltaT:  1.022E-05   Iter/sec:  6.884E+00
 Iteration:  00000004   DeltaT:  1.022E-05   Iter/sec:  7.363E+00
 Iteration:  00000005   DeltaT:  1.022E-05   Iter/sec:  7.490E+00
 Iteration:  00000006   DeltaT:  1.022E-05   Iter/sec:  7.362E+00
 Iteration:  00000007   DeltaT:  1.022E-05   Iter/sec:  7.290E+00
 Iteration:  00000008   DeltaT:  1.022E-05   Iter/sec:  7.488E+00
 Iteration:  00000009   DeltaT:  1.022E-05   Iter/sec:  7.355E+00
 Iteration:  00000010   DeltaT:  1.022E-05   Iter/sec:  7.507E+00
 Iteration:  00000011   DeltaT:  1.022E-05   Iter/sec:  7.457E+00
 Iteration:  00000012   DeltaT:  1.022E-05   Iter/sec:  7.531E+00
 Iteration:  00000013   DeltaT:  1.022E-05   Iter/sec:  7.421E+00
 Iteration:  00000014   DeltaT:  1.022E-05   Iter/sec:  7.565E+00
 Iteration:  00000015   DeltaT:  1.022E-05   Iter/sec:  7.311E+00
 Iteration:  00000016   DeltaT:  1.022E-05   Iter/sec:  7.423E+00
 Iteration:  00000017   DeltaT:  1.022E-05   Iter/sec:  7.417E+00
 Iteration:  00000018   DeltaT:  1.022E-05   Iter/sec:  7.497E+00
 Iteration:  00000019   DeltaT:  1.022E-05   Iter/sec:  7.471E+00
 Iteration:  00000020   DeltaT:  1.022E-05   Iter/sec:  7.258E+00
 Iteration:  00000021   DeltaT:  1.022E-05   Iter/sec:  7.153E+00
 Iteration:  00000022   DeltaT:  1.022E-05   Iter/sec:  7.766E+00
 Iteration:  00000023   DeltaT:  1.022E-05   Iter/sec:  7.405E+00
 Iteration:  00000024   DeltaT:  1.022E-05   Iter/sec:  7.405E+00
 Iteration:  00000025   DeltaT:  1.022E-05   Iter/sec:  7.620E+00
 Iteration:  00000026   DeltaT:  1.022E-05   Iter/sec:  7.183E+00
 Iteration:  00000027   DeltaT:  1.022E-05   Iter/sec:  7.567E+00
 Iteration:  00000028   DeltaT:  1.022E-05   Iter/sec:  7.655E+00
 Iteration:  00000029   DeltaT:  1.022E-05   Iter/sec:  7.623E+00
 Iteration:  00000030   DeltaT:  1.022E-05   Iter/sec:  7.343E+00
 Iteration:  00000031   DeltaT:  1.022E-05   Iter/sec:  7.362E+00
 Iteration:  00000032   DeltaT:  1.022E-05   Iter/sec:  7.413E+00
 Iteration:  00000033   DeltaT:  1.022E-05   Iter/sec:  7.586E+00
 Iteration:  00000034   DeltaT:  1.022E-05   Iter/sec:  7.482E+00
 Iteration:  00000035   DeltaT:  1.022E-05   Iter/sec:  7.475E+00
 Iteration:  00000036   DeltaT:  1.022E-05   Iter/sec:  7.559E+00
 Iteration:  00000037   DeltaT:  1.022E-05   Iter/sec:  7.478E+00
 Iteration:  00000038   DeltaT:  1.022E-05   Iter/sec:  7.385E+00
 Iteration:  00000039   DeltaT:  1.022E-05   Iter/sec:  7.441E+00
 Iteration:  00000040   DeltaT:  1.022E-05   Iter/sec:  7.393E+00
 Iteration:  00000041   DeltaT:  1.022E-05   Iter/sec:  7.574E+00
 Iteration:  00000042   DeltaT:  1.022E-05   Iter/sec:  7.518E+00
 Iteration:  00000043   DeltaT:  1.022E-05   Iter/sec:  7.503E+00
 Iteration:  00000044   DeltaT:  1.022E-05   Iter/sec:  7.240E+00
 Iteration:  00000045   DeltaT:  1.022E-05   Iter/sec:  7.595E+00
 Iteration:  00000046   DeltaT:  1.022E-05   Iter/sec:  7.321E+00
 Iteration:  00000047   DeltaT:  1.022E-05   Iter/sec:  7.615E+00
 Iteration:  00000048   DeltaT:  1.022E-05   Iter/sec:  7.268E+00
 Iteration:  00000049   DeltaT:  1.022E-05   Iter/sec:  7.363E+00
 Iteration:  00000050   DeltaT:  1.022E-05   Iter/sec:  7.647E+00


//////////////////////////////////////////////
   Measured Timings for Process 0  (seconds)

 Elapsed time:         6.7317
  Column time:         1.5123
     Row time:         2.4941
Legendre time:         0.6137
     FFT time:         0.4799
   Solve time:         0.1145
    rlma time:         0.1032
    rlmb time:         0.0595
  pspace time:         0.8661
  psolve time:         0.3921
    dphi time:         0.0429
captured time:         6.6782

     iter/sec:         7.4276
//////////////////////////////////////////////
