 //////////////////////////////////////
 Initializating Rayleigh...

 -- Initalizing MPI...
 ---- Specified parameters:
 ---- NCPU  :   1024
 ---- NPROW :     16
 ---- NPCOL :     64
 -- MPI initialized.


 -- Initalizing Grid...
 ---- Specified parameters ----
 ---- N_R                 :    128
 ---- N_THETA             :    384
 ---- Ell_MAX             :    255
 ---- R_MIN               :  5.38462E-01
 ---- R_MAX               :  1.53846E+00
 ---- Chebyshev Domains   :      1

        Domain 1
          Grid points           :  128
          Dealiased Polynomials :  85
          Domain Lower Bound    :  5.38462E-01
          Domain Upper Bound    :  1.53846E+00

 -- Grid initialized.

 -- Initalizing Reference State...
 ---- Specified parameters:
 ---- Reference type           :  Boussinesq (Non-dimensional)
 ---- Rayleigh Number          :  1.00000E+05
 ---- Ekman Number             :  1.00000E-03
 ---- Prandtl Number           :  1.00000E+00
 ---- Magnetic Prandtl Number  :  5.00000E+00
 -- Reference State initialized.

 -- Initializing Fields...
 ---- Specified parameters:
 ---- Hydro Init Type    : Benchmark (Christensen et al. 2001)
 ---- Magnetic Init Type : Benchmark (Christensen et al. 2001)
 -- Fields initialized.

 Initialization Complete.
 //////////////////////////////////////

 Timestep has changed from  0.00000E+00 to  1.00000E-04.
 Iteration:  00000001   DeltaT:  1.000E-04   Iter/sec:  0.000E+00
 Timestep has changed from  1.00000E-04 to  2.55566E-06.
 Iteration:  00000002   DeltaT:  2.556E-06   Iter/sec:  2.534E+00
 Iteration:  00000003   DeltaT:  2.556E-06   Iter/sec:  9.570E+00
 Iteration:  00000004   DeltaT:  2.556E-06   Iter/sec:  1.498E+01
 Iteration:  00000005   DeltaT:  2.556E-06   Iter/sec:  1.515E+01
 Iteration:  00000006   DeltaT:  2.556E-06   Iter/sec:  1.526E+01
 Iteration:  00000007   DeltaT:  2.556E-06   Iter/sec:  1.517E+01
 Iteration:  00000008   DeltaT:  2.556E-06   Iter/sec:  1.474E+01
 Iteration:  00000009   DeltaT:  2.556E-06   Iter/sec:  1.548E+01
 Iteration:  00000010   DeltaT:  2.556E-06   Iter/sec:  1.496E+01
 Iteration:  00000011   DeltaT:  2.556E-06   Iter/sec:  1.503E+01
 Iteration:  00000012   DeltaT:  2.556E-06   Iter/sec:  1.516E+01
 Iteration:  00000013   DeltaT:  2.556E-06   Iter/sec:  1.519E+01
 Iteration:  00000014   DeltaT:  2.556E-06   Iter/sec:  1.513E+01
 Iteration:  00000015   DeltaT:  2.556E-06   Iter/sec:  1.510E+01
 Iteration:  00000016   DeltaT:  2.556E-06   Iter/sec:  1.504E+01
 Iteration:  00000017   DeltaT:  2.556E-06   Iter/sec:  1.521E+01
 Iteration:  00000018   DeltaT:  2.556E-06   Iter/sec:  1.521E+01
 Iteration:  00000019   DeltaT:  2.556E-06   Iter/sec:  1.524E+01
 Iteration:  00000020   DeltaT:  2.556E-06   Iter/sec:  1.532E+01
 Iteration:  00000021   DeltaT:  2.556E-06   Iter/sec:  1.528E+01
 Iteration:  00000022   DeltaT:  2.556E-06   Iter/sec:  1.523E+01
 Iteration:  00000023   DeltaT:  2.556E-06   Iter/sec:  1.514E+01
 Iteration:  00000024   DeltaT:  2.556E-06   Iter/sec:  1.518E+01
 Iteration:  00000025   DeltaT:  2.556E-06   Iter/sec:  1.517E+01
 Iteration:  00000026   DeltaT:  2.556E-06   Iter/sec:  1.497E+01
 Iteration:  00000027   DeltaT:  2.556E-06   Iter/sec:  1.197E+01
 Iteration:  00000028   DeltaT:  2.556E-06   Iter/sec:  1.521E+01
 Iteration:  00000029   DeltaT:  2.556E-06   Iter/sec:  1.514E+01
 Iteration:  00000030   DeltaT:  2.556E-06   Iter/sec:  1.484E+01
 Iteration:  00000031   DeltaT:  2.556E-06   Iter/sec:  1.500E+01
 Iteration:  00000032   DeltaT:  2.556E-06   Iter/sec:  1.532E+01
 Iteration:  00000033   DeltaT:  2.556E-06   Iter/sec:  1.516E+01
 Iteration:  00000034   DeltaT:  2.556E-06   Iter/sec:  1.528E+01
 Iteration:  00000035   DeltaT:  2.556E-06   Iter/sec:  1.517E+01
 Iteration:  00000036   DeltaT:  2.556E-06   Iter/sec:  1.506E+01
 Iteration:  00000037   DeltaT:  2.556E-06   Iter/sec:  1.497E+01
 Iteration:  00000038   DeltaT:  2.556E-06   Iter/sec:  1.517E+01
 Iteration:  00000039   DeltaT:  2.556E-06   Iter/sec:  1.519E+01
 Iteration:  00000040   DeltaT:  2.556E-06   Iter/sec:  1.144E+01
 Iteration:  00000041   DeltaT:  2.556E-06   Iter/sec:  1.452E+01
 Iteration:  00000042   DeltaT:  2.556E-06   Iter/sec:  1.517E+01
 Iteration:  00000043   DeltaT:  2.556E-06   Iter/sec:  1.515E+01
 Iteration:  00000044   DeltaT:  2.556E-06   Iter/sec:  1.484E+01
 Iteration:  00000045   DeltaT:  2.556E-06   Iter/sec:  1.515E+01
 Iteration:  00000046   DeltaT:  2.556E-06   Iter/sec:  1.514E+01
 Iteration:  00000047   DeltaT:  2.556E-06   Iter/sec:  1.511E+01
 Iteration:  00000048   DeltaT:  2.556E-06   Iter/sec:  1.508E+01
 Iteration:  00000049   DeltaT:  2.556E-06   Iter/sec:  1.485E+01
 Iteration:  00000050   DeltaT:  2.556E-06   Iter/sec:  1.460E+01


//////////////////////////////////////////////
   Measured Timings for Process 0  (seconds)

 Elapsed time:         3.4342
  Column time:         0.9438
     Row time:         0.9027
Legendre time:         0.3454
     FFT time:         0.2392
   Solve time:         0.1988
    rlma time:         0.0580
    rlmb time:         0.0213
  pspace time:         0.3592
  psolve time:         0.2965
    dphi time:         0.0325
captured time:         3.3975

     iter/sec:        14.5592
//////////////////////////////////////////////
