 //////////////////////////////////////
 Initializating Rayleigh...

 -- Initalizing MPI...
 ---- Specified parameters:
 ---- NCPU  :   1024
 ---- NPROW :     64
 ---- NPCOL :     16
 -- MPI initialized.


 -- Initalizing Grid...
 ---- Specified parameters ----
 ---- N_R                 :    128
 ---- N_THETA             :   1536
 ---- Ell_MAX             :   1023
 ---- R_MIN               :  5.38462E-01
 ---- R_MAX               :  1.53846E+00
 ---- Chebyshev Domains   :      1

        Domain 1
          Grid points           :  128
          Dealiased Polynomials :  85
          Domain Lower Bound    :  5.38462E-01
          Domain Upper Bound    :  1.53846E+00

 -- Grid initialized.

 -- Initalizing Reference State...
 ---- Specified parameters:
 ---- Reference type           :  Boussinesq (Non-dimensional)
 ---- Rayleigh Number          :  1.00000E+05
 ---- Ekman Number             :  1.00000E-03
 ---- Prandtl Number           :  1.00000E+00
 ---- Magnetic Prandtl Number  :  5.00000E+00
 -- Reference State initialized.

 -- Initializing Fields...
 ---- Specified parameters:
 ---- Hydro Init Type    : Benchmark (Christensen et al. 2001)
 ---- Magnetic Init Type : Benchmark (Christensen et al. 2001)
 -- Fields initialized.

 Initialization Complete.
 //////////////////////////////////////

 Timestep has changed from  0.00000E+00 to  1.00000E-04.
 Iteration:  00000001   DeltaT:  1.000E-04   Iter/sec:  0.000E+00
 Timestep has changed from  1.00000E-04 to  2.55561E-06.
 Iteration:  00000002   DeltaT:  2.556E-06   Iter/sec:  2.248E-01
 Iteration:  00000003   DeltaT:  2.556E-06   Iter/sec:  5.031E-01
 Iteration:  00000004   DeltaT:  2.556E-06   Iter/sec:  5.677E-01
 Iteration:  00000005   DeltaT:  2.556E-06   Iter/sec:  5.600E-01
 Iteration:  00000006   DeltaT:  2.556E-06   Iter/sec:  5.600E-01
 Iteration:  00000007   DeltaT:  2.556E-06   Iter/sec:  5.680E-01
 Iteration:  00000008   DeltaT:  2.556E-06   Iter/sec:  5.624E-01
 Iteration:  00000009   DeltaT:  2.556E-06   Iter/sec:  5.670E-01
 Iteration:  00000010   DeltaT:  2.556E-06   Iter/sec:  5.702E-01
 Iteration:  00000011   DeltaT:  2.556E-06   Iter/sec:  5.574E-01
 Iteration:  00000012   DeltaT:  2.556E-06   Iter/sec:  5.753E-01
 Iteration:  00000013   DeltaT:  2.556E-06   Iter/sec:  5.584E-01
 Iteration:  00000014   DeltaT:  2.556E-06   Iter/sec:  5.733E-01
 Iteration:  00000015   DeltaT:  2.556E-06   Iter/sec:  5.623E-01
 Iteration:  00000016   DeltaT:  2.556E-06   Iter/sec:  5.668E-01
 Iteration:  00000017   DeltaT:  2.556E-06   Iter/sec:  5.684E-01
 Iteration:  00000018   DeltaT:  2.556E-06   Iter/sec:  5.745E-01
 Iteration:  00000019   DeltaT:  2.556E-06   Iter/sec:  5.684E-01
 Iteration:  00000020   DeltaT:  2.556E-06   Iter/sec:  5.607E-01
 Iteration:  00000021   DeltaT:  2.556E-06   Iter/sec:  5.697E-01
 Iteration:  00000022   DeltaT:  2.556E-06   Iter/sec:  5.633E-01
 Iteration:  00000023   DeltaT:  2.556E-06   Iter/sec:  5.598E-01
 Iteration:  00000024   DeltaT:  2.556E-06   Iter/sec:  5.703E-01
 Iteration:  00000025   DeltaT:  2.556E-06   Iter/sec:  5.714E-01
 Iteration:  00000026   DeltaT:  2.556E-06   Iter/sec:  5.640E-01
 Iteration:  00000027   DeltaT:  2.556E-06   Iter/sec:  5.744E-01
 Iteration:  00000028   DeltaT:  2.556E-06   Iter/sec:  5.583E-01
 Iteration:  00000029   DeltaT:  2.556E-06   Iter/sec:  5.720E-01
 Iteration:  00000030   DeltaT:  2.556E-06   Iter/sec:  5.619E-01
 Iteration:  00000031   DeltaT:  2.556E-06   Iter/sec:  5.724E-01
 Iteration:  00000032   DeltaT:  2.556E-06   Iter/sec:  5.721E-01
 Iteration:  00000033   DeltaT:  2.556E-06   Iter/sec:  5.598E-01
 Iteration:  00000034   DeltaT:  2.556E-06   Iter/sec:  5.623E-01
 Iteration:  00000035   DeltaT:  2.556E-06   Iter/sec:  5.702E-01
 Iteration:  00000036   DeltaT:  2.556E-06   Iter/sec:  5.591E-01
 Iteration:  00000037   DeltaT:  2.556E-06   Iter/sec:  5.802E-01
 Iteration:  00000038   DeltaT:  2.556E-06   Iter/sec:  5.682E-01
 Iteration:  00000039   DeltaT:  2.556E-06   Iter/sec:  5.566E-01
 Iteration:  00000040   DeltaT:  2.556E-06   Iter/sec:  5.652E-01
 Iteration:  00000041   DeltaT:  2.556E-06   Iter/sec:  5.659E-01
 Iteration:  00000042   DeltaT:  2.556E-06   Iter/sec:  5.747E-01
 Iteration:  00000043   DeltaT:  2.556E-06   Iter/sec:  5.734E-01
 Iteration:  00000044   DeltaT:  2.556E-06   Iter/sec:  5.540E-01
 Iteration:  00000045   DeltaT:  2.556E-06   Iter/sec:  5.637E-01
 Iteration:  00000046   DeltaT:  2.556E-06   Iter/sec:  5.697E-01
 Iteration:  00000047   DeltaT:  2.556E-06   Iter/sec:  5.701E-01
 Iteration:  00000048   DeltaT:  2.556E-06   Iter/sec:  5.618E-01
 Iteration:  00000049   DeltaT:  2.556E-06   Iter/sec:  5.715E-01
 Iteration:  00000050   DeltaT:  2.556E-06   Iter/sec:  5.597E-01


//////////////////////////////////////////////
   Measured Timings for Process 0  (seconds)

 Elapsed time:        88.8352
  Column time:        18.8163
     Row time:        31.5782
Legendre time:        14.0053
     FFT time:         4.2321
   Solve time:         1.9318
    rlma time:         1.1609
    rlmb time:         0.5390
  pspace time:         8.7379
  psolve time:         6.6163
    dphi time:         0.4505
captured time:        88.0682

     iter/sec:         0.5628
//////////////////////////////////////////////
