 //////////////////////////////////////
 Initializating Rayleigh...

 -- Initalizing MPI...
 ---- Specified parameters:
 ---- NCPU  :    128
 ---- NPROW :     16
 ---- NPCOL :      8
 -- MPI initialized.


 -- Initalizing Grid...
 ---- Specified parameters ----
 ---- N_R                 :     64
 ---- N_THETA             :    768
 ---- Ell_MAX             :    511
 ---- R_MIN               :  5.38462E-01
 ---- R_MAX               :  1.53846E+00
 ---- Chebyshev Domains   :      1

        Domain 1
          Grid points           :  64
          Dealiased Polynomials :  42
          Domain Lower Bound    :  5.38462E-01
          Domain Upper Bound    :  1.53846E+00

 -- Grid initialized.

 -- Initalizing Reference State...
 ---- Specified parameters:
 ---- Reference type           :  Boussinesq (Non-dimensional)
 ---- Rayleigh Number          :  1.00000E+05
 ---- Ekman Number             :  1.00000E-03
 ---- Prandtl Number           :  1.00000E+00
 ---- Magnetic Prandtl Number  :  5.00000E+00
 -- Reference State initialized.

 -- Initializing Fields...
 ---- Specified parameters:
 ---- Hydro Init Type    : Benchmark (Christensen et al. 2001)
 ---- Magnetic Init Type : Benchmark (Christensen et al. 2001)
 -- Fields initialized.

 Initialization Complete.
 //////////////////////////////////////

 Timestep has changed from  0.00000E+00 to  1.00000E-04.
 Iteration:  00000001   DeltaT:  1.000E-04   Iter/sec:  0.000E+00
 Timestep has changed from  1.00000E-04 to  8.93257E-06.
 Iteration:  00000002   DeltaT:  8.933E-06   Iter/sec:  4.431E-01
 Iteration:  00000003   DeltaT:  8.933E-06   Iter/sec:  7.768E-01
 Iteration:  00000004   DeltaT:  8.933E-06   Iter/sec:  8.357E-01
 Iteration:  00000005   DeltaT:  8.933E-06   Iter/sec:  8.511E-01
 Iteration:  00000006   DeltaT:  8.933E-06   Iter/sec:  8.323E-01
 Iteration:  00000007   DeltaT:  8.933E-06   Iter/sec:  8.178E-01
 Iteration:  00000008   DeltaT:  8.933E-06   Iter/sec:  8.577E-01
 Iteration:  00000009   DeltaT:  8.933E-06   Iter/sec:  8.488E-01
 Iteration:  00000010   DeltaT:  8.933E-06   Iter/sec:  8.511E-01
 Iteration:  00000011   DeltaT:  8.933E-06   Iter/sec:  8.138E-01
 Iteration:  00000012   DeltaT:  8.933E-06   Iter/sec:  8.401E-01
 Iteration:  00000013   DeltaT:  8.933E-06   Iter/sec:  8.304E-01
 Iteration:  00000014   DeltaT:  8.933E-06   Iter/sec:  8.450E-01
 Iteration:  00000015   DeltaT:  8.933E-06   Iter/sec:  8.506E-01
 Iteration:  00000016   DeltaT:  8.933E-06   Iter/sec:  8.240E-01
 Iteration:  00000017   DeltaT:  8.933E-06   Iter/sec:  8.253E-01
 Iteration:  00000018   DeltaT:  8.933E-06   Iter/sec:  8.586E-01
 Iteration:  00000019   DeltaT:  8.933E-06   Iter/sec:  8.012E-01
 Iteration:  00000020   DeltaT:  8.933E-06   Iter/sec:  8.278E-01
 Iteration:  00000021   DeltaT:  8.933E-06   Iter/sec:  8.094E-01
 Iteration:  00000022   DeltaT:  8.933E-06   Iter/sec:  8.884E-01
 Iteration:  00000023   DeltaT:  8.933E-06   Iter/sec:  8.166E-01
 Iteration:  00000024   DeltaT:  8.933E-06   Iter/sec:  8.143E-01
 Iteration:  00000025   DeltaT:  8.933E-06   Iter/sec:  8.582E-01
 Iteration:  00000026   DeltaT:  8.933E-06   Iter/sec:  8.051E-01
 Iteration:  00000027   DeltaT:  8.933E-06   Iter/sec:  8.248E-01
 Iteration:  00000028   DeltaT:  8.933E-06   Iter/sec:  8.341E-01
 Iteration:  00000029   DeltaT:  8.933E-06   Iter/sec:  8.318E-01
 Iteration:  00000030   DeltaT:  8.933E-06   Iter/sec:  8.797E-01
 Iteration:  00000031   DeltaT:  8.933E-06   Iter/sec:  8.046E-01
 Iteration:  00000032   DeltaT:  8.933E-06   Iter/sec:  8.466E-01
 Iteration:  00000033   DeltaT:  8.933E-06   Iter/sec:  8.301E-01
 Iteration:  00000034   DeltaT:  8.933E-06   Iter/sec:  8.286E-01
 Iteration:  00000035   DeltaT:  8.933E-06   Iter/sec:  8.468E-01
 Iteration:  00000036   DeltaT:  8.933E-06   Iter/sec:  8.286E-01
 Iteration:  00000037   DeltaT:  8.933E-06   Iter/sec:  8.079E-01
 Iteration:  00000038   DeltaT:  8.933E-06   Iter/sec:  8.316E-01
 Iteration:  00000039   DeltaT:  8.933E-06   Iter/sec:  8.365E-01
 Iteration:  00000040   DeltaT:  8.933E-06   Iter/sec:  8.066E-01
 Iteration:  00000041   DeltaT:  8.933E-06   Iter/sec:  8.245E-01
 Iteration:  00000042   DeltaT:  8.933E-06   Iter/sec:  8.344E-01
 Iteration:  00000043   DeltaT:  8.933E-06   Iter/sec:  8.610E-01
 Iteration:  00000044   DeltaT:  8.933E-06   Iter/sec:  8.486E-01
 Iteration:  00000045   DeltaT:  8.933E-06   Iter/sec:  7.894E-01
 Iteration:  00000046   DeltaT:  8.933E-06   Iter/sec:  8.253E-01
 Iteration:  00000047   DeltaT:  8.933E-06   Iter/sec:  7.913E-01
 Iteration:  00000048   DeltaT:  8.933E-06   Iter/sec:  8.050E-01
 Iteration:  00000049   DeltaT:  8.933E-06   Iter/sec:  8.313E-01
 Iteration:  00000050   DeltaT:  8.933E-06   Iter/sec:  8.395E-01


//////////////////////////////////////////////
   Measured Timings for Process 0  (seconds)

 Elapsed time:        60.2465
  Column time:         7.9703
     Row time:        21.7596
Legendre time:         8.8032
     FFT time:         3.8894
   Solve time:         0.7109
    rlma time:         0.8418
    rlmb time:         0.4559
  pspace time:         8.9923
  psolve time:         5.7045
    dphi time:         0.4406
captured time:        59.5685

     iter/sec:         0.8299
//////////////////////////////////////////////
