 //////////////////////////////////////
 Initializating Rayleigh...

 -- Initalizing MPI...
 ---- Specified parameters:
 ---- NCPU  :    256
 ---- NPROW :     16
 ---- NPCOL :     16
 -- MPI initialized.


 -- Initalizing Grid...
 ---- Specified parameters ----
 ---- N_R                 :    128
 ---- N_THETA             :    768
 ---- Ell_MAX             :    511
 ---- R_MIN               :  5.38462E-01
 ---- R_MAX               :  1.53846E+00
 ---- Chebyshev Domains   :      1

        Domain 1
          Grid points           :  128
          Dealiased Polynomials :  85
          Domain Lower Bound    :  5.38462E-01
          Domain Upper Bound    :  1.53846E+00

 -- Grid initialized.

 -- Initalizing Reference State...
 ---- Specified parameters:
 ---- Reference type           :  Boussinesq (Non-dimensional)
 ---- Rayleigh Number          :  1.00000E+05
 ---- Ekman Number             :  1.00000E-03
 ---- Prandtl Number           :  1.00000E+00
 ---- Magnetic Prandtl Number  :  5.00000E+00
 -- Reference State initialized.

 -- Initializing Fields...
 ---- Specified parameters:
 ---- Hydro Init Type    : Benchmark (Christensen et al. 2001)
 ---- Magnetic Init Type : Benchmark (Christensen et al. 2001)
 -- Fields initialized.

 Initialization Complete.
 //////////////////////////////////////

 Timestep has changed from  0.00000E+00 to  1.00000E-04.
 Iteration:  00000001   DeltaT:  1.000E-04   Iter/sec:  0.000E+00
 Timestep has changed from  1.00000E-04 to  2.55562E-06.
 Iteration:  00000002   DeltaT:  2.556E-06   Iter/sec:  4.065E-01
 Iteration:  00000003   DeltaT:  2.556E-06   Iter/sec:  7.234E-01
 Iteration:  00000004   DeltaT:  2.556E-06   Iter/sec:  8.123E-01
 Iteration:  00000005   DeltaT:  2.556E-06   Iter/sec:  8.041E-01
 Iteration:  00000006   DeltaT:  2.556E-06   Iter/sec:  7.981E-01
 Iteration:  00000007   DeltaT:  2.556E-06   Iter/sec:  8.238E-01
 Iteration:  00000008   DeltaT:  2.556E-06   Iter/sec:  7.867E-01
 Iteration:  00000009   DeltaT:  2.556E-06   Iter/sec:  7.573E-01
 Iteration:  00000010   DeltaT:  2.556E-06   Iter/sec:  7.964E-01
 Iteration:  00000011   DeltaT:  2.556E-06   Iter/sec:  8.051E-01
 Iteration:  00000012   DeltaT:  2.556E-06   Iter/sec:  7.917E-01
 Iteration:  00000013   DeltaT:  2.556E-06   Iter/sec:  8.132E-01
 Iteration:  00000014   DeltaT:  2.556E-06   Iter/sec:  8.059E-01
 Iteration:  00000015   DeltaT:  2.556E-06   Iter/sec:  8.032E-01
 Iteration:  00000016   DeltaT:  2.556E-06   Iter/sec:  8.353E-01
 Iteration:  00000017   DeltaT:  2.556E-06   Iter/sec:  7.799E-01
 Iteration:  00000018   DeltaT:  2.556E-06   Iter/sec:  8.096E-01
 Iteration:  00000019   DeltaT:  2.556E-06   Iter/sec:  7.977E-01
 Iteration:  00000020   DeltaT:  2.556E-06   Iter/sec:  8.008E-01
 Iteration:  00000021   DeltaT:  2.556E-06   Iter/sec:  8.099E-01
 Iteration:  00000022   DeltaT:  2.556E-06   Iter/sec:  8.002E-01
 Iteration:  00000023   DeltaT:  2.556E-06   Iter/sec:  7.885E-01
 Iteration:  00000024   DeltaT:  2.556E-06   Iter/sec:  7.921E-01
 Iteration:  00000025   DeltaT:  2.556E-06   Iter/sec:  8.107E-01
 Iteration:  00000026   DeltaT:  2.556E-06   Iter/sec:  7.848E-01
 Iteration:  00000027   DeltaT:  2.556E-06   Iter/sec:  8.026E-01
 Iteration:  00000028   DeltaT:  2.556E-06   Iter/sec:  8.006E-01
 Iteration:  00000029   DeltaT:  2.556E-06   Iter/sec:  7.825E-01
 Iteration:  00000030   DeltaT:  2.556E-06   Iter/sec:  8.096E-01
 Iteration:  00000031   DeltaT:  2.556E-06   Iter/sec:  7.965E-01
 Iteration:  00000032   DeltaT:  2.556E-06   Iter/sec:  7.891E-01
 Iteration:  00000033   DeltaT:  2.556E-06   Iter/sec:  8.034E-01
 Iteration:  00000034   DeltaT:  2.556E-06   Iter/sec:  8.192E-01
 Iteration:  00000035   DeltaT:  2.556E-06   Iter/sec:  7.978E-01
 Iteration:  00000036   DeltaT:  2.556E-06   Iter/sec:  7.936E-01
 Iteration:  00000037   DeltaT:  2.556E-06   Iter/sec:  8.085E-01
 Iteration:  00000038   DeltaT:  2.556E-06   Iter/sec:  7.946E-01
 Iteration:  00000039   DeltaT:  2.556E-06   Iter/sec:  8.048E-01
 Iteration:  00000040   DeltaT:  2.556E-06   Iter/sec:  8.066E-01
 Iteration:  00000041   DeltaT:  2.556E-06   Iter/sec:  7.735E-01
 Iteration:  00000042   DeltaT:  2.556E-06   Iter/sec:  7.815E-01
 Iteration:  00000043   DeltaT:  2.556E-06   Iter/sec:  7.958E-01
 Iteration:  00000044   DeltaT:  2.556E-06   Iter/sec:  7.960E-01
 Iteration:  00000045   DeltaT:  2.556E-06   Iter/sec:  8.094E-01
 Iteration:  00000046   DeltaT:  2.556E-06   Iter/sec:  7.962E-01
 Iteration:  00000047   DeltaT:  2.556E-06   Iter/sec:  7.867E-01
 Iteration:  00000048   DeltaT:  2.556E-06   Iter/sec:  8.029E-01
 Iteration:  00000049   DeltaT:  2.556E-06   Iter/sec:  8.188E-01
 Iteration:  00000050   DeltaT:  2.556E-06   Iter/sec:  8.064E-01


//////////////////////////////////////////////
   Measured Timings for Process 0  (seconds)

 Elapsed time:        62.8624
  Column time:        10.7593
     Row time:        20.0746
Legendre time:         9.3788
     FFT time:         3.9225
   Solve time:         1.3956
    rlma time:         0.8480
    rlmb time:         0.5069
  pspace time:         8.5126
  psolve time:         6.4234
    dphi time:         0.4195
captured time:        62.2412

     iter/sec:         0.7954
//////////////////////////////////////////////
