 //////////////////////////////////////
 Initializating Rayleigh...

 -- Initalizing MPI...
 ---- Specified parameters:
 ---- NCPU  :    512
 ---- NPROW :     32
 ---- NPCOL :     16
 -- MPI initialized.


 -- Initalizing Grid...
 ---- Specified parameters ----
 ---- N_R                 :     64
 ---- N_THETA             :    384
 ---- Ell_MAX             :    255
 ---- R_MIN               :  5.38462E-01
 ---- R_MAX               :  1.53846E+00
 ---- Chebyshev Domains   :      1

        Domain 1
          Grid points           :  64
          Dealiased Polynomials :  42
          Domain Lower Bound    :  5.38462E-01
          Domain Upper Bound    :  1.53846E+00

 -- Grid initialized.

 -- Initalizing Reference State...
 ---- Specified parameters:
 ---- Reference type           :  Boussinesq (Non-dimensional)
 ---- Rayleigh Number          :  1.00000E+05
 ---- Ekman Number             :  1.00000E-03
 ---- Prandtl Number           :  1.00000E+00
 ---- Magnetic Prandtl Number  :  5.00000E+00
 -- Reference State initialized.

 -- Initializing Fields...
 ---- Specified parameters:
 ---- Hydro Init Type    : Benchmark (Christensen et al. 2001)
 ---- Magnetic Init Type : Benchmark (Christensen et al. 2001)
 -- Fields initialized.

 Initialization Complete.
 //////////////////////////////////////

 Timestep has changed from  0.00000E+00 to  1.00000E-04.
 Iteration:  00000001   DeltaT:  1.000E-04   Iter/sec:  0.000E+00
 Timestep has changed from  1.00000E-04 to  1.02211E-05.
 Iteration:  00000002   DeltaT:  1.022E-05   Iter/sec:  4.214E+00
 Iteration:  00000003   DeltaT:  1.022E-05   Iter/sec:  1.167E+01
 Iteration:  00000004   DeltaT:  1.022E-05   Iter/sec:  1.475E+01
 Iteration:  00000005   DeltaT:  1.022E-05   Iter/sec:  1.442E+01
 Iteration:  00000006   DeltaT:  1.022E-05   Iter/sec:  1.333E+01
 Iteration:  00000007   DeltaT:  1.022E-05   Iter/sec:  1.335E+01
 Iteration:  00000008   DeltaT:  1.022E-05   Iter/sec:  1.306E+01
 Iteration:  00000009   DeltaT:  1.022E-05   Iter/sec:  1.438E+01
 Iteration:  00000010   DeltaT:  1.022E-05   Iter/sec:  1.400E+01
 Iteration:  00000011   DeltaT:  1.022E-05   Iter/sec:  1.457E+01
 Iteration:  00000012   DeltaT:  1.022E-05   Iter/sec:  1.424E+01
 Iteration:  00000013   DeltaT:  1.022E-05   Iter/sec:  1.395E+01
 Iteration:  00000014   DeltaT:  1.022E-05   Iter/sec:  1.480E+01
 Iteration:  00000015   DeltaT:  1.022E-05   Iter/sec:  1.411E+01
 Iteration:  00000016   DeltaT:  1.022E-05   Iter/sec:  1.412E+01
 Iteration:  00000017   DeltaT:  1.022E-05   Iter/sec:  1.282E+01
 Iteration:  00000018   DeltaT:  1.022E-05   Iter/sec:  1.474E+01
 Iteration:  00000019   DeltaT:  1.022E-05   Iter/sec:  1.429E+01
 Iteration:  00000020   DeltaT:  1.022E-05   Iter/sec:  1.442E+01
 Iteration:  00000021   DeltaT:  1.022E-05   Iter/sec:  1.421E+01
 Iteration:  00000022   DeltaT:  1.022E-05   Iter/sec:  1.502E+01
 Iteration:  00000023   DeltaT:  1.022E-05   Iter/sec:  1.449E+01
 Iteration:  00000024   DeltaT:  1.022E-05   Iter/sec:  1.460E+01
 Iteration:  00000025   DeltaT:  1.022E-05   Iter/sec:  1.455E+01
 Iteration:  00000026   DeltaT:  1.022E-05   Iter/sec:  1.417E+01
 Iteration:  00000027   DeltaT:  1.022E-05   Iter/sec:  1.294E+01
 Iteration:  00000028   DeltaT:  1.022E-05   Iter/sec:  1.487E+01
 Iteration:  00000029   DeltaT:  1.022E-05   Iter/sec:  1.434E+01
 Iteration:  00000030   DeltaT:  1.022E-05   Iter/sec:  1.447E+01
 Iteration:  00000031   DeltaT:  1.022E-05   Iter/sec:  1.423E+01
 Iteration:  00000032   DeltaT:  1.022E-05   Iter/sec:  1.352E+01
 Iteration:  00000033   DeltaT:  1.022E-05   Iter/sec:  1.467E+01
 Iteration:  00000034   DeltaT:  1.022E-05   Iter/sec:  1.473E+01
 Iteration:  00000035   DeltaT:  1.022E-05   Iter/sec:  1.419E+01
 Iteration:  00000036   DeltaT:  1.022E-05   Iter/sec:  1.391E+01
 Iteration:  00000037   DeltaT:  1.022E-05   Iter/sec:  1.431E+01
 Iteration:  00000038   DeltaT:  1.022E-05   Iter/sec:  1.243E+01
 Iteration:  00000039   DeltaT:  1.022E-05   Iter/sec:  1.386E+01
 Iteration:  00000040   DeltaT:  1.022E-05   Iter/sec:  1.367E+01
 Iteration:  00000041   DeltaT:  1.022E-05   Iter/sec:  1.448E+01
 Iteration:  00000042   DeltaT:  1.022E-05   Iter/sec:  1.433E+01
 Iteration:  00000043   DeltaT:  1.022E-05   Iter/sec:  1.452E+01
 Iteration:  00000044   DeltaT:  1.022E-05   Iter/sec:  1.320E+01
 Iteration:  00000045   DeltaT:  1.022E-05   Iter/sec:  1.441E+01
 Iteration:  00000046   DeltaT:  1.022E-05   Iter/sec:  1.476E+01
 Iteration:  00000047   DeltaT:  1.022E-05   Iter/sec:  1.319E+01
 Iteration:  00000048   DeltaT:  1.022E-05   Iter/sec:  1.452E+01
 Iteration:  00000049   DeltaT:  1.022E-05   Iter/sec:  1.489E+01
 Iteration:  00000050   DeltaT:  1.022E-05   Iter/sec:  1.448E+01


//////////////////////////////////////////////
   Measured Timings for Process 0  (seconds)

 Elapsed time:         3.5719
  Column time:         1.2274
     Row time:         1.0511
Legendre time:         0.3336
     FFT time:         0.2379
   Solve time:         0.1170
    rlma time:         0.0454
    rlmb time:         0.0180
  pspace time:         0.2879
  psolve time:         0.2062
    dphi time:         0.0187
captured time:         3.5432

     iter/sec:        13.9983
//////////////////////////////////////////////
