 //////////////////////////////////////
 Initializating Rayleigh...

 -- Initalizing MPI...
 ---- Specified parameters:
 ---- NCPU  :    128
 ---- NPROW :     16
 ---- NPCOL :      8
 -- MPI initialized.


 -- Initalizing Grid...
 ---- Specified parameters ----
 ---- N_R                 :    128
 ---- N_THETA             :    192
 ---- Ell_MAX             :    127
 ---- R_MIN               :  5.38462E-01
 ---- R_MAX               :  1.53846E+00
 ---- Chebyshev Domains   :      1

        Domain 1
          Grid points           :  128
          Dealiased Polynomials :  85
          Domain Lower Bound    :  5.38462E-01
          Domain Upper Bound    :  1.53846E+00

 -- Grid initialized.

 -- Initalizing Reference State...
 ---- Specified parameters:
 ---- Reference type           :  Boussinesq (Non-dimensional)
 ---- Rayleigh Number          :  1.00000E+05
 ---- Ekman Number             :  1.00000E-03
 ---- Prandtl Number           :  1.00000E+00
 ---- Magnetic Prandtl Number  :  5.00000E+00
 -- Reference State initialized.

 -- Initializing Fields...
 ---- Specified parameters:
 ---- Hydro Init Type    : Benchmark (Christensen et al. 2001)
 ---- Magnetic Init Type : Benchmark (Christensen et al. 2001)
 -- Fields initialized.

 Initialization Complete.
 //////////////////////////////////////

 Timestep has changed from  0.00000E+00 to  1.00000E-04.
 Iteration:  00000001   DeltaT:  1.000E-04   Iter/sec:  0.000E+00
 Timestep has changed from  1.00000E-04 to  2.55581E-06.
 Iteration:  00000002   DeltaT:  2.556E-06   Iter/sec:  3.246E+00
 Iteration:  00000003   DeltaT:  2.556E-06   Iter/sec:  4.606E+00
 Iteration:  00000004   DeltaT:  2.556E-06   Iter/sec:  7.972E+00
 Iteration:  00000005   DeltaT:  2.556E-06   Iter/sec:  7.458E+00
 Iteration:  00000006   DeltaT:  2.556E-06   Iter/sec:  7.374E+00
 Iteration:  00000007   DeltaT:  2.556E-06   Iter/sec:  8.170E+00
 Iteration:  00000008   DeltaT:  2.556E-06   Iter/sec:  8.123E+00
 Iteration:  00000009   DeltaT:  2.556E-06   Iter/sec:  8.139E+00
 Iteration:  00000010   DeltaT:  2.556E-06   Iter/sec:  7.122E+00
 Iteration:  00000011   DeltaT:  2.556E-06   Iter/sec:  7.608E+00
 Iteration:  00000012   DeltaT:  2.556E-06   Iter/sec:  7.967E+00
 Iteration:  00000013   DeltaT:  2.556E-06   Iter/sec:  8.186E+00
 Iteration:  00000014   DeltaT:  2.556E-06   Iter/sec:  7.856E+00
 Iteration:  00000015   DeltaT:  2.556E-06   Iter/sec:  7.218E+00
 Iteration:  00000016   DeltaT:  2.556E-06   Iter/sec:  7.397E+00
 Iteration:  00000017   DeltaT:  2.556E-06   Iter/sec:  8.084E+00
 Iteration:  00000018   DeltaT:  2.556E-06   Iter/sec:  7.407E+00
 Iteration:  00000019   DeltaT:  2.556E-06   Iter/sec:  8.211E+00
 Iteration:  00000020   DeltaT:  2.556E-06   Iter/sec:  7.348E+00
 Iteration:  00000021   DeltaT:  2.556E-06   Iter/sec:  7.831E+00
 Iteration:  00000022   DeltaT:  2.556E-06   Iter/sec:  8.038E+00
 Iteration:  00000023   DeltaT:  2.556E-06   Iter/sec:  8.208E+00
 Iteration:  00000024   DeltaT:  2.556E-06   Iter/sec:  7.757E+00
 Iteration:  00000025   DeltaT:  2.556E-06   Iter/sec:  6.578E+00
 Iteration:  00000026   DeltaT:  2.556E-06   Iter/sec:  7.835E+00
 Iteration:  00000027   DeltaT:  2.556E-06   Iter/sec:  8.231E+00
 Iteration:  00000028   DeltaT:  2.556E-06   Iter/sec:  7.765E+00
 Iteration:  00000029   DeltaT:  2.556E-06   Iter/sec:  7.964E+00
 Iteration:  00000030   DeltaT:  2.556E-06   Iter/sec:  6.975E+00
 Iteration:  00000031   DeltaT:  2.556E-06   Iter/sec:  7.337E+00
 Iteration:  00000032   DeltaT:  2.556E-06   Iter/sec:  8.111E+00
 Iteration:  00000033   DeltaT:  2.556E-06   Iter/sec:  8.255E+00
 Iteration:  00000034   DeltaT:  2.556E-06   Iter/sec:  8.332E+00
 Iteration:  00000035   DeltaT:  2.556E-06   Iter/sec:  7.527E+00
 Iteration:  00000036   DeltaT:  2.556E-06   Iter/sec:  7.786E+00
 Iteration:  00000037   DeltaT:  2.556E-06   Iter/sec:  8.208E+00
 Iteration:  00000038   DeltaT:  2.556E-06   Iter/sec:  8.106E+00
 Iteration:  00000039   DeltaT:  2.556E-06   Iter/sec:  7.540E+00
 Iteration:  00000040   DeltaT:  2.556E-06   Iter/sec:  6.861E+00
 Iteration:  00000041   DeltaT:  2.556E-06   Iter/sec:  7.704E+00
 Iteration:  00000042   DeltaT:  2.556E-06   Iter/sec:  8.062E+00
 Iteration:  00000043   DeltaT:  2.556E-06   Iter/sec:  8.211E+00
 Iteration:  00000044   DeltaT:  2.556E-06   Iter/sec:  7.943E+00
 Iteration:  00000045   DeltaT:  2.556E-06   Iter/sec:  7.052E+00
 Iteration:  00000046   DeltaT:  2.556E-06   Iter/sec:  7.419E+00
 Iteration:  00000047   DeltaT:  2.556E-06   Iter/sec:  8.242E+00
 Iteration:  00000048   DeltaT:  2.556E-06   Iter/sec:  8.445E+00
 Iteration:  00000049   DeltaT:  2.556E-06   Iter/sec:  7.966E+00
 Iteration:  00000050   DeltaT:  2.556E-06   Iter/sec:  7.055E+00


//////////////////////////////////////////////
   Measured Timings for Process 0  (seconds)

 Elapsed time:         6.6510
  Column time:         0.8893
     Row time:         2.1377
Legendre time:         0.7410
     FFT time:         0.4883
   Solve time:         0.4156
    rlma time:         0.0867
    rlmb time:         0.0328
  pspace time:         0.9670
  psolve time:         0.7364
    dphi time:         0.0695
captured time:         6.5645

     iter/sec:         7.5177
//////////////////////////////////////////////
