 //////////////////////////////////////
 Initializating Rayleigh...

 -- Initalizing MPI...
 ---- Specified parameters:
 ---- NCPU  :    512
 ---- NPROW :     16
 ---- NPCOL :     32
 -- MPI initialized.


 -- Initalizing Grid...
 ---- Specified parameters ----
 ---- N_R                 :    128
 ---- N_THETA             :    384
 ---- Ell_MAX             :    255
 ---- R_MIN               :  5.38462E-01
 ---- R_MAX               :  1.53846E+00
 ---- Chebyshev Domains   :      1

        Domain 1
          Grid points           :  128
          Dealiased Polynomials :  85
          Domain Lower Bound    :  5.38462E-01
          Domain Upper Bound    :  1.53846E+00

 -- Grid initialized.

 -- Initalizing Reference State...
 ---- Specified parameters:
 ---- Reference type           :  Boussinesq (Non-dimensional)
 ---- Rayleigh Number          :  1.00000E+05
 ---- Ekman Number             :  1.00000E-03
 ---- Prandtl Number           :  1.00000E+00
 ---- Magnetic Prandtl Number  :  5.00000E+00
 -- Reference State initialized.

 -- Initializing Fields...
 ---- Specified parameters:
 ---- Hydro Init Type    : Benchmark (Christensen et al. 2001)
 ---- Magnetic Init Type : Benchmark (Christensen et al. 2001)
 -- Fields initialized.

 Initialization Complete.
 //////////////////////////////////////

 Timestep has changed from  0.00000E+00 to  1.00000E-04.
 Iteration:  00000001   DeltaT:  1.000E-04   Iter/sec:  0.000E+00
 Timestep has changed from  1.00000E-04 to  2.55566E-06.
 Iteration:  00000002   DeltaT:  2.556E-06   Iter/sec:  2.533E+00
 Iteration:  00000003   DeltaT:  2.556E-06   Iter/sec:  5.137E+00
 Iteration:  00000004   DeltaT:  2.556E-06   Iter/sec:  6.842E+00
 Iteration:  00000005   DeltaT:  2.556E-06   Iter/sec:  6.345E+00
 Iteration:  00000006   DeltaT:  2.556E-06   Iter/sec:  6.749E+00
 Iteration:  00000007   DeltaT:  2.556E-06   Iter/sec:  6.869E+00
 Iteration:  00000008   DeltaT:  2.556E-06   Iter/sec:  6.947E+00
 Iteration:  00000009   DeltaT:  2.556E-06   Iter/sec:  6.822E+00
 Iteration:  00000010   DeltaT:  2.556E-06   Iter/sec:  6.914E+00
 Iteration:  00000011   DeltaT:  2.556E-06   Iter/sec:  6.814E+00
 Iteration:  00000012   DeltaT:  2.556E-06   Iter/sec:  6.990E+00
 Iteration:  00000013   DeltaT:  2.556E-06   Iter/sec:  6.715E+00
 Iteration:  00000014   DeltaT:  2.556E-06   Iter/sec:  6.509E+00
 Iteration:  00000015   DeltaT:  2.556E-06   Iter/sec:  6.948E+00
 Iteration:  00000016   DeltaT:  2.556E-06   Iter/sec:  6.592E+00
 Iteration:  00000017   DeltaT:  2.556E-06   Iter/sec:  7.074E+00
 Iteration:  00000018   DeltaT:  2.556E-06   Iter/sec:  6.847E+00
 Iteration:  00000019   DeltaT:  2.556E-06   Iter/sec:  7.084E+00
 Iteration:  00000020   DeltaT:  2.556E-06   Iter/sec:  6.885E+00
 Iteration:  00000021   DeltaT:  2.556E-06   Iter/sec:  7.087E+00
 Iteration:  00000022   DeltaT:  2.556E-06   Iter/sec:  6.933E+00
 Iteration:  00000023   DeltaT:  2.556E-06   Iter/sec:  6.425E+00
 Iteration:  00000024   DeltaT:  2.556E-06   Iter/sec:  7.101E+00
 Iteration:  00000025   DeltaT:  2.556E-06   Iter/sec:  7.058E+00
 Iteration:  00000026   DeltaT:  2.556E-06   Iter/sec:  6.753E+00
 Iteration:  00000027   DeltaT:  2.556E-06   Iter/sec:  7.106E+00
 Iteration:  00000028   DeltaT:  2.556E-06   Iter/sec:  6.799E+00
 Iteration:  00000029   DeltaT:  2.556E-06   Iter/sec:  7.074E+00
 Iteration:  00000030   DeltaT:  2.556E-06   Iter/sec:  7.067E+00
 Iteration:  00000031   DeltaT:  2.556E-06   Iter/sec:  7.013E+00
 Iteration:  00000032   DeltaT:  2.556E-06   Iter/sec:  7.042E+00
 Iteration:  00000033   DeltaT:  2.556E-06   Iter/sec:  7.174E+00
 Iteration:  00000034   DeltaT:  2.556E-06   Iter/sec:  7.143E+00
 Iteration:  00000035   DeltaT:  2.556E-06   Iter/sec:  7.172E+00
 Iteration:  00000036   DeltaT:  2.556E-06   Iter/sec:  6.843E+00
 Iteration:  00000037   DeltaT:  2.556E-06   Iter/sec:  6.927E+00
 Iteration:  00000038   DeltaT:  2.556E-06   Iter/sec:  7.106E+00
 Iteration:  00000039   DeltaT:  2.556E-06   Iter/sec:  6.629E+00
 Iteration:  00000040   DeltaT:  2.556E-06   Iter/sec:  7.006E+00
 Iteration:  00000041   DeltaT:  2.556E-06   Iter/sec:  6.984E+00
 Iteration:  00000042   DeltaT:  2.556E-06   Iter/sec:  7.186E+00
 Iteration:  00000043   DeltaT:  2.556E-06   Iter/sec:  7.169E+00
 Iteration:  00000044   DeltaT:  2.556E-06   Iter/sec:  7.140E+00
 Iteration:  00000045   DeltaT:  2.556E-06   Iter/sec:  7.290E+00
 Iteration:  00000046   DeltaT:  2.556E-06   Iter/sec:  7.213E+00
 Iteration:  00000047   DeltaT:  2.556E-06   Iter/sec:  7.011E+00
 Iteration:  00000048   DeltaT:  2.556E-06   Iter/sec:  7.177E+00
 Iteration:  00000049   DeltaT:  2.556E-06   Iter/sec:  6.955E+00
 Iteration:  00000050   DeltaT:  2.556E-06   Iter/sec:  7.038E+00


//////////////////////////////////////////////
   Measured Timings for Process 0  (seconds)

 Elapsed time:         7.2993
  Column time:         1.7705
     Row time:         2.0326
Legendre time:         0.7679
     FFT time:         0.4820
   Solve time:         0.3068
    rlma time:         0.1030
    rlmb time:         0.0381
  pspace time:         0.9773
  psolve time:         0.6866
    dphi time:         0.0671
captured time:         7.2318

     iter/sec:         6.8500
//////////////////////////////////////////////
