 //////////////////////////////////////
 Initializating Rayleigh...

 -- Initalizing MPI...
 ---- Specified parameters:
 ---- NCPU  :     16
 ---- NPROW :      4
 ---- NPCOL :      4
 -- MPI initialized.


 -- Initalizing Grid...
 ---- Specified parameters ----
 ---- N_R                 :     64
 ---- N_THETA             :    192
 ---- Ell_MAX             :    127
 ---- R_MIN               :  5.38462E-01
 ---- R_MAX               :  1.53846E+00
 ---- Chebyshev Domains   :      1

        Domain 1
          Grid points           :  64
          Dealiased Polynomials :  42
          Domain Lower Bound    :  5.38462E-01
          Domain Upper Bound    :  1.53846E+00

 -- Grid initialized.

 -- Initalizing Reference State...
 ---- Specified parameters:
 ---- Reference type           :  Boussinesq (Non-dimensional)
 ---- Rayleigh Number          :  1.00000E+05
 ---- Ekman Number             :  1.00000E-03
 ---- Prandtl Number           :  1.00000E+00
 ---- Magnetic Prandtl Number  :  5.00000E+00
 -- Reference State initialized.

 -- Initializing Fields...
 ---- Specified parameters:
 ---- Hydro Init Type    : Benchmark (Christensen et al. 2001)
 ---- Magnetic Init Type : Benchmark (Christensen et al. 2001)
 -- Fields initialized.

 Initialization Complete.
 //////////////////////////////////////

 Timestep has changed from  0.00000E+00 to  1.00000E-04.
 Iteration:  00000001   DeltaT:  1.000E-04   Iter/sec:  0.000E+00
 Timestep has changed from  1.00000E-04 to  1.02217E-05.
 Iteration:  00000002   DeltaT:  1.022E-05   Iter/sec:  1.535E+00
 Iteration:  00000003   DeltaT:  1.022E-05   Iter/sec:  1.895E+00
 Iteration:  00000004   DeltaT:  1.022E-05   Iter/sec:  1.958E+00
 Iteration:  00000005   DeltaT:  1.022E-05   Iter/sec:  1.992E+00
 Iteration:  00000006   DeltaT:  1.022E-05   Iter/sec:  1.978E+00
 Iteration:  00000007   DeltaT:  1.022E-05   Iter/sec:  1.975E+00
 Iteration:  00000008   DeltaT:  1.022E-05   Iter/sec:  1.979E+00
 Iteration:  00000009   DeltaT:  1.022E-05   Iter/sec:  1.969E+00
 Iteration:  00000010   DeltaT:  1.022E-05   Iter/sec:  1.973E+00
 Iteration:  00000011   DeltaT:  1.022E-05   Iter/sec:  1.991E+00
 Iteration:  00000012   DeltaT:  1.022E-05   Iter/sec:  1.968E+00
 Iteration:  00000013   DeltaT:  1.022E-05   Iter/sec:  1.969E+00
 Iteration:  00000014   DeltaT:  1.022E-05   Iter/sec:  1.964E+00
 Iteration:  00000015   DeltaT:  1.022E-05   Iter/sec:  1.985E+00
 Iteration:  00000016   DeltaT:  1.022E-05   Iter/sec:  1.971E+00
 Iteration:  00000017   DeltaT:  1.022E-05   Iter/sec:  2.014E+00
 Iteration:  00000018   DeltaT:  1.022E-05   Iter/sec:  1.988E+00
 Iteration:  00000019   DeltaT:  1.022E-05   Iter/sec:  1.955E+00
 Iteration:  00000020   DeltaT:  1.022E-05   Iter/sec:  1.980E+00
 Iteration:  00000021   DeltaT:  1.022E-05   Iter/sec:  1.964E+00
 Iteration:  00000022   DeltaT:  1.022E-05   Iter/sec:  2.002E+00
 Iteration:  00000023   DeltaT:  1.022E-05   Iter/sec:  1.978E+00
 Iteration:  00000024   DeltaT:  1.022E-05   Iter/sec:  1.984E+00
 Iteration:  00000025   DeltaT:  1.022E-05   Iter/sec:  1.994E+00
 Iteration:  00000026   DeltaT:  1.022E-05   Iter/sec:  1.977E+00
 Iteration:  00000027   DeltaT:  1.022E-05   Iter/sec:  1.982E+00
 Iteration:  00000028   DeltaT:  1.022E-05   Iter/sec:  1.954E+00
 Iteration:  00000029   DeltaT:  1.022E-05   Iter/sec:  1.971E+00
 Iteration:  00000030   DeltaT:  1.022E-05   Iter/sec:  1.977E+00
 Iteration:  00000031   DeltaT:  1.022E-05   Iter/sec:  1.981E+00
 Iteration:  00000032   DeltaT:  1.022E-05   Iter/sec:  1.985E+00
 Iteration:  00000033   DeltaT:  1.022E-05   Iter/sec:  1.961E+00
 Iteration:  00000034   DeltaT:  1.022E-05   Iter/sec:  1.970E+00
 Iteration:  00000035   DeltaT:  1.022E-05   Iter/sec:  2.000E+00
 Iteration:  00000036   DeltaT:  1.022E-05   Iter/sec:  1.974E+00
 Iteration:  00000037   DeltaT:  1.022E-05   Iter/sec:  1.969E+00
 Iteration:  00000038   DeltaT:  1.022E-05   Iter/sec:  1.976E+00
 Iteration:  00000039   DeltaT:  1.022E-05   Iter/sec:  1.987E+00
 Iteration:  00000040   DeltaT:  1.022E-05   Iter/sec:  1.985E+00
 Iteration:  00000041   DeltaT:  1.022E-05   Iter/sec:  1.959E+00
 Iteration:  00000042   DeltaT:  1.022E-05   Iter/sec:  1.981E+00
 Iteration:  00000043   DeltaT:  1.022E-05   Iter/sec:  1.983E+00
 Iteration:  00000044   DeltaT:  1.022E-05   Iter/sec:  1.994E+00
 Iteration:  00000045   DeltaT:  1.022E-05   Iter/sec:  1.970E+00
 Iteration:  00000046   DeltaT:  1.022E-05   Iter/sec:  1.961E+00
 Iteration:  00000047   DeltaT:  1.022E-05   Iter/sec:  1.990E+00
 Iteration:  00000048   DeltaT:  1.022E-05   Iter/sec:  1.985E+00
 Iteration:  00000049   DeltaT:  1.022E-05   Iter/sec:  1.968E+00
 Iteration:  00000050   DeltaT:  1.022E-05   Iter/sec:  1.984E+00


//////////////////////////////////////////////
   Measured Timings for Process 0  (seconds)

 Elapsed time:        25.3326
  Column time:         1.7098
     Row time:         9.9810
Legendre time:         3.0064
     FFT time:         2.0345
   Solve time:         0.3975
    rlma time:         0.4482
    rlmb time:         0.1769
  pspace time:         3.7482
  psolve time:         3.2708
    dphi time:         0.1510
captured time:        24.9243

     iter/sec:         1.9737
//////////////////////////////////////////////
