 //////////////////////////////////////
 Initializating Rayleigh...

 -- Initalizing MPI...
 ---- Specified parameters:
 ---- NCPU  :    256
 ---- NPROW :     32
 ---- NPCOL :      8
 -- MPI initialized.


 -- Initalizing Grid...
 ---- Specified parameters ----
 ---- N_R                 :     64
 ---- N_THETA             :    384
 ---- Ell_MAX             :    255
 ---- R_MIN               :  5.38462E-01
 ---- R_MAX               :  1.53846E+00
 ---- Chebyshev Domains   :      1

        Domain 1
          Grid points           :  64
          Dealiased Polynomials :  42
          Domain Lower Bound    :  5.38462E-01
          Domain Upper Bound    :  1.53846E+00

 -- Grid initialized.

 -- Initalizing Reference State...
 ---- Specified parameters:
 ---- Reference type           :  Boussinesq (Non-dimensional)
 ---- Rayleigh Number          :  1.00000E+05
 ---- Ekman Number             :  1.00000E-03
 ---- Prandtl Number           :  1.00000E+00
 ---- Magnetic Prandtl Number  :  5.00000E+00
 -- Reference State initialized.

 -- Initializing Fields...
 ---- Specified parameters:
 ---- Hydro Init Type    : Benchmark (Christensen et al. 2001)
 ---- Magnetic Init Type : Benchmark (Christensen et al. 2001)
 -- Fields initialized.

 Initialization Complete.
 //////////////////////////////////////

 Timestep has changed from  0.00000E+00 to  1.00000E-04.
 Iteration:  00000001   DeltaT:  1.000E-04   Iter/sec:  0.000E+00
 Timestep has changed from  1.00000E-04 to  1.02211E-05.
 Iteration:  00000002   DeltaT:  1.022E-05   Iter/sec:  2.795E+00
 Iteration:  00000003   DeltaT:  1.022E-05   Iter/sec:  5.861E+00
 Iteration:  00000004   DeltaT:  1.022E-05   Iter/sec:  7.174E+00
 Iteration:  00000005   DeltaT:  1.022E-05   Iter/sec:  7.439E+00
 Iteration:  00000006   DeltaT:  1.022E-05   Iter/sec:  7.252E+00
 Iteration:  00000007   DeltaT:  1.022E-05   Iter/sec:  7.290E+00
 Iteration:  00000008   DeltaT:  1.022E-05   Iter/sec:  7.255E+00
 Iteration:  00000009   DeltaT:  1.022E-05   Iter/sec:  7.669E+00
 Iteration:  00000010   DeltaT:  1.022E-05   Iter/sec:  7.279E+00
 Iteration:  00000011   DeltaT:  1.022E-05   Iter/sec:  7.494E+00
 Iteration:  00000012   DeltaT:  1.022E-05   Iter/sec:  7.122E+00
 Iteration:  00000013   DeltaT:  1.022E-05   Iter/sec:  7.349E+00
 Iteration:  00000014   DeltaT:  1.022E-05   Iter/sec:  7.549E+00
 Iteration:  00000015   DeltaT:  1.022E-05   Iter/sec:  7.689E+00
 Iteration:  00000016   DeltaT:  1.022E-05   Iter/sec:  7.434E+00
 Iteration:  00000017   DeltaT:  1.022E-05   Iter/sec:  7.278E+00
 Iteration:  00000018   DeltaT:  1.022E-05   Iter/sec:  7.363E+00
 Iteration:  00000019   DeltaT:  1.022E-05   Iter/sec:  7.850E+00
 Iteration:  00000020   DeltaT:  1.022E-05   Iter/sec:  7.080E+00
 Iteration:  00000021   DeltaT:  1.022E-05   Iter/sec:  7.544E+00
 Iteration:  00000022   DeltaT:  1.022E-05   Iter/sec:  7.215E+00
 Iteration:  00000023   DeltaT:  1.022E-05   Iter/sec:  7.923E+00
 Iteration:  00000024   DeltaT:  1.022E-05   Iter/sec:  7.553E+00
 Iteration:  00000025   DeltaT:  1.022E-05   Iter/sec:  7.435E+00
 Iteration:  00000026   DeltaT:  1.022E-05   Iter/sec:  7.397E+00
 Iteration:  00000027   DeltaT:  1.022E-05   Iter/sec:  7.760E+00
 Iteration:  00000028   DeltaT:  1.022E-05   Iter/sec:  7.747E+00
 Iteration:  00000029   DeltaT:  1.022E-05   Iter/sec:  7.146E+00
 Iteration:  00000030   DeltaT:  1.022E-05   Iter/sec:  7.838E+00
 Iteration:  00000031   DeltaT:  1.022E-05   Iter/sec:  7.490E+00
 Iteration:  00000032   DeltaT:  1.022E-05   Iter/sec:  7.637E+00
 Iteration:  00000033   DeltaT:  1.022E-05   Iter/sec:  7.498E+00
 Iteration:  00000034   DeltaT:  1.022E-05   Iter/sec:  7.508E+00
 Iteration:  00000035   DeltaT:  1.022E-05   Iter/sec:  7.658E+00
 Iteration:  00000036   DeltaT:  1.022E-05   Iter/sec:  7.620E+00
 Iteration:  00000037   DeltaT:  1.022E-05   Iter/sec:  7.422E+00
 Iteration:  00000038   DeltaT:  1.022E-05   Iter/sec:  7.541E+00
 Iteration:  00000039   DeltaT:  1.022E-05   Iter/sec:  7.675E+00
 Iteration:  00000040   DeltaT:  1.022E-05   Iter/sec:  7.514E+00
 Iteration:  00000041   DeltaT:  1.022E-05   Iter/sec:  7.460E+00
 Iteration:  00000042   DeltaT:  1.022E-05   Iter/sec:  7.496E+00
 Iteration:  00000043   DeltaT:  1.022E-05   Iter/sec:  7.666E+00
 Iteration:  00000044   DeltaT:  1.022E-05   Iter/sec:  7.734E+00
 Iteration:  00000045   DeltaT:  1.022E-05   Iter/sec:  7.658E+00
 Iteration:  00000046   DeltaT:  1.022E-05   Iter/sec:  7.628E+00
 Iteration:  00000047   DeltaT:  1.022E-05   Iter/sec:  7.530E+00
 Iteration:  00000048   DeltaT:  1.022E-05   Iter/sec:  7.707E+00
 Iteration:  00000049   DeltaT:  1.022E-05   Iter/sec:  7.561E+00
 Iteration:  00000050   DeltaT:  1.022E-05   Iter/sec:  7.285E+00


//////////////////////////////////////////////
   Measured Timings for Process 0  (seconds)

 Elapsed time:         6.7518
  Column time:         1.2643
     Row time:         2.5360
Legendre time:         0.6798
     FFT time:         0.4851
   Solve time:         0.2070
    rlma time:         0.0912
    rlmb time:         0.0399
  pspace time:         0.8705
  psolve time:         0.4842
    dphi time:         0.0437
captured time:         6.7017

     iter/sec:         7.4054
//////////////////////////////////////////////
