MPT: Launch to r631i7n14 failed (2098945), retrying...
 //////////////////////////////////////
 Initializating Rayleigh...

 -- Initalizing MPI...
 ---- Specified parameters:
 ---- NCPU  :   1024
 ---- NPROW :     16
 ---- NPCOL :     64
 -- MPI initialized.


 -- Initalizing Grid...
 ---- Specified parameters ----
 ---- N_R                 :     64
 ---- N_THETA             :    768
 ---- Ell_MAX             :    511
 ---- R_MIN               :  5.38462E-01
 ---- R_MAX               :  1.53846E+00
 ---- Chebyshev Domains   :      1

        Domain 1
          Grid points           :  64
          Dealiased Polynomials :  42
          Domain Lower Bound    :  5.38462E-01
          Domain Upper Bound    :  1.53846E+00

 -- Grid initialized.

 -- Initalizing Reference State...
 ---- Specified parameters:
 ---- Reference type           :  Boussinesq (Non-dimensional)
 ---- Rayleigh Number          :  1.00000E+05
 ---- Ekman Number             :  1.00000E-03
 ---- Prandtl Number           :  1.00000E+00
 ---- Magnetic Prandtl Number  :  5.00000E+00
 -- Reference State initialized.

 -- Initializing Fields...
 ---- Specified parameters:
 ---- Hydro Init Type    : Benchmark (Christensen et al. 2001)
 ---- Magnetic Init Type : Benchmark (Christensen et al. 2001)
 -- Fields initialized.

 Initialization Complete.
 //////////////////////////////////////

 Timestep has changed from  0.00000E+00 to  1.00000E-04.
 Iteration:  00000001   DeltaT:  1.000E-04   Iter/sec:  0.000E+00
 Timestep has changed from  1.00000E-04 to  8.93257E-06.
 Iteration:  00000002   DeltaT:  8.933E-06   Iter/sec:  8.536E-01
 Iteration:  00000003   DeltaT:  8.933E-06   Iter/sec:  5.791E+00
 Iteration:  00000004   DeltaT:  8.933E-06   Iter/sec:  6.048E+00
 Iteration:  00000005   DeltaT:  8.933E-06   Iter/sec:  5.450E+00
 Iteration:  00000006   DeltaT:  8.933E-06   Iter/sec:  6.051E+00
 Iteration:  00000007   DeltaT:  8.933E-06   Iter/sec:  6.136E+00
 Iteration:  00000008   DeltaT:  8.933E-06   Iter/sec:  6.329E+00
 Iteration:  00000009   DeltaT:  8.933E-06   Iter/sec:  6.047E+00
 Iteration:  00000010   DeltaT:  8.933E-06   Iter/sec:  6.200E+00
 Iteration:  00000011   DeltaT:  8.933E-06   Iter/sec:  6.164E+00
 Iteration:  00000012   DeltaT:  8.933E-06   Iter/sec:  6.291E+00
 Iteration:  00000013   DeltaT:  8.933E-06   Iter/sec:  6.111E+00
 Iteration:  00000014   DeltaT:  8.933E-06   Iter/sec:  6.153E+00
 Iteration:  00000015   DeltaT:  8.933E-06   Iter/sec:  6.249E+00
 Iteration:  00000016   DeltaT:  8.933E-06   Iter/sec:  6.327E+00
 Iteration:  00000017   DeltaT:  8.933E-06   Iter/sec:  6.234E+00
 Iteration:  00000018   DeltaT:  8.933E-06   Iter/sec:  6.301E+00
 Iteration:  00000019   DeltaT:  8.933E-06   Iter/sec:  6.129E+00
 Iteration:  00000020   DeltaT:  8.933E-06   Iter/sec:  6.232E+00
 Iteration:  00000021   DeltaT:  8.933E-06   Iter/sec:  6.180E+00
 Iteration:  00000022   DeltaT:  8.933E-06   Iter/sec:  6.261E+00
 Iteration:  00000023   DeltaT:  8.933E-06   Iter/sec:  6.142E+00
 Iteration:  00000024   DeltaT:  8.933E-06   Iter/sec:  6.226E+00
 Iteration:  00000025   DeltaT:  8.933E-06   Iter/sec:  6.115E+00
 Iteration:  00000026   DeltaT:  8.933E-06   Iter/sec:  6.183E+00
 Iteration:  00000027   DeltaT:  8.933E-06   Iter/sec:  6.198E+00
 Iteration:  00000028   DeltaT:  8.933E-06   Iter/sec:  6.233E+00
 Iteration:  00000029   DeltaT:  8.933E-06   Iter/sec:  5.698E+00
 Iteration:  00000030   DeltaT:  8.933E-06   Iter/sec:  6.073E+00
 Iteration:  00000031   DeltaT:  8.933E-06   Iter/sec:  6.391E+00
 Iteration:  00000032   DeltaT:  8.933E-06   Iter/sec:  6.201E+00
 Iteration:  00000033   DeltaT:  8.933E-06   Iter/sec:  5.900E+00
 Iteration:  00000034   DeltaT:  8.933E-06   Iter/sec:  6.053E+00
 Iteration:  00000035   DeltaT:  8.933E-06   Iter/sec:  6.178E+00
 Iteration:  00000036   DeltaT:  8.933E-06   Iter/sec:  6.384E+00
 Iteration:  00000037   DeltaT:  8.933E-06   Iter/sec:  6.267E+00
 Iteration:  00000038   DeltaT:  8.933E-06   Iter/sec:  6.156E+00
 Iteration:  00000039   DeltaT:  8.933E-06   Iter/sec:  6.478E+00
 Iteration:  00000040   DeltaT:  8.933E-06   Iter/sec:  6.274E+00
 Iteration:  00000041   DeltaT:  8.933E-06   Iter/sec:  6.179E+00
 Iteration:  00000042   DeltaT:  8.933E-06   Iter/sec:  6.332E+00
 Iteration:  00000043   DeltaT:  8.933E-06   Iter/sec:  6.171E+00
 Iteration:  00000044   DeltaT:  8.933E-06   Iter/sec:  6.310E+00
 Iteration:  00000045   DeltaT:  8.933E-06   Iter/sec:  6.137E+00
 Iteration:  00000046   DeltaT:  8.933E-06   Iter/sec:  6.018E+00
 Iteration:  00000047   DeltaT:  8.933E-06   Iter/sec:  6.314E+00
 Iteration:  00000048   DeltaT:  8.933E-06   Iter/sec:  6.211E+00
 Iteration:  00000049   DeltaT:  8.933E-06   Iter/sec:  6.201E+00
 Iteration:  00000050   DeltaT:  8.933E-06   Iter/sec:  6.335E+00


//////////////////////////////////////////////
   Measured Timings for Process 0  (seconds)

 Elapsed time:         8.1082
  Column time:         1.8595
     Row time:         2.9210
Legendre time:         1.0871
     FFT time:         0.4837
   Solve time:         0.1189
    rlma time:         0.1270
    rlmb time:         0.0564
  pspace time:         0.9259
  psolve time:         0.4142
    dphi time:         0.0667
captured time:         8.0604

     iter/sec:         6.1666
//////////////////////////////////////////////
