 //////////////////////////////////////
 Initializating Rayleigh...

 -- Initalizing MPI...
 ---- Specified parameters:
 ---- NCPU  :    512
 ---- NPROW :     16
 ---- NPCOL :     32
 -- MPI initialized.


 -- Initalizing Grid...
 ---- Specified parameters ----
 ---- N_R                 :    128
 ---- N_THETA             :   1536
 ---- Ell_MAX             :   1023
 ---- R_MIN               :  5.38462E-01
 ---- R_MAX               :  1.53846E+00
 ---- Chebyshev Domains   :      1

        Domain 1
          Grid points           :  128
          Dealiased Polynomials :  85
          Domain Lower Bound    :  5.38462E-01
          Domain Upper Bound    :  1.53846E+00

 -- Grid initialized.

 -- Initalizing Reference State...
 ---- Specified parameters:
 ---- Reference type           :  Boussinesq (Non-dimensional)
 ---- Rayleigh Number          :  1.00000E+05
 ---- Ekman Number             :  1.00000E-03
 ---- Prandtl Number           :  1.00000E+00
 ---- Magnetic Prandtl Number  :  5.00000E+00
 -- Reference State initialized.

 -- Initializing Fields...
 ---- Specified parameters:
 ---- Hydro Init Type    : Benchmark (Christensen et al. 2001)
 ---- Magnetic Init Type : Benchmark (Christensen et al. 2001)
 -- Fields initialized.

 Initialization Complete.
 //////////////////////////////////////

 Timestep has changed from  0.00000E+00 to  1.00000E-04.
 Iteration:  00000001   DeltaT:  1.000E-04   Iter/sec:  0.000E+00
 Timestep has changed from  1.00000E-04 to  2.55561E-06.
 Iteration:  00000002   DeltaT:  2.556E-06   Iter/sec:  1.013E-01
 Iteration:  00000003   DeltaT:  2.556E-06   Iter/sec:  3.408E-01
 Iteration:  00000004   DeltaT:  2.556E-06   Iter/sec:  3.503E-01
 Iteration:  00000005   DeltaT:  2.556E-06   Iter/sec:  3.525E-01
 Iteration:  00000006   DeltaT:  2.556E-06   Iter/sec:  3.453E-01
 Iteration:  00000007   DeltaT:  2.556E-06   Iter/sec:  3.507E-01
 Iteration:  00000008   DeltaT:  2.556E-06   Iter/sec:  3.504E-01
 Iteration:  00000009   DeltaT:  2.556E-06   Iter/sec:  3.499E-01
 Iteration:  00000010   DeltaT:  2.556E-06   Iter/sec:  3.497E-01
 Iteration:  00000011   DeltaT:  2.556E-06   Iter/sec:  3.503E-01
 Iteration:  00000012   DeltaT:  2.556E-06   Iter/sec:  3.477E-01
 Iteration:  00000013   DeltaT:  2.556E-06   Iter/sec:  3.562E-01
 Iteration:  00000014   DeltaT:  2.556E-06   Iter/sec:  3.458E-01
 Iteration:  00000015   DeltaT:  2.556E-06   Iter/sec:  3.546E-01
 Iteration:  00000016   DeltaT:  2.556E-06   Iter/sec:  3.480E-01
 Iteration:  00000017   DeltaT:  2.556E-06   Iter/sec:  3.523E-01
 Iteration:  00000018   DeltaT:  2.556E-06   Iter/sec:  3.446E-01
 Iteration:  00000019   DeltaT:  2.556E-06   Iter/sec:  3.535E-01
 Iteration:  00000020   DeltaT:  2.556E-06   Iter/sec:  3.463E-01
 Iteration:  00000021   DeltaT:  2.556E-06   Iter/sec:  3.555E-01
 Iteration:  00000022   DeltaT:  2.556E-06   Iter/sec:  3.481E-01
 Iteration:  00000023   DeltaT:  2.556E-06   Iter/sec:  3.515E-01
 Iteration:  00000024   DeltaT:  2.556E-06   Iter/sec:  3.499E-01
 Iteration:  00000025   DeltaT:  2.556E-06   Iter/sec:  3.490E-01
 Iteration:  00000026   DeltaT:  2.556E-06   Iter/sec:  3.505E-01
 Iteration:  00000027   DeltaT:  2.556E-06   Iter/sec:  3.480E-01
 Iteration:  00000028   DeltaT:  2.556E-06   Iter/sec:  3.502E-01
 Iteration:  00000029   DeltaT:  2.556E-06   Iter/sec:  3.496E-01
 Iteration:  00000030   DeltaT:  2.556E-06   Iter/sec:  3.499E-01
 Iteration:  00000031   DeltaT:  2.556E-06   Iter/sec:  3.537E-01
 Iteration:  00000032   DeltaT:  2.556E-06   Iter/sec:  3.498E-01
 Iteration:  00000033   DeltaT:  2.556E-06   Iter/sec:  3.491E-01
 Iteration:  00000034   DeltaT:  2.556E-06   Iter/sec:  3.511E-01
 Iteration:  00000035   DeltaT:  2.556E-06   Iter/sec:  3.525E-01
 Iteration:  00000036   DeltaT:  2.556E-06   Iter/sec:  3.478E-01
 Iteration:  00000037   DeltaT:  2.556E-06   Iter/sec:  3.530E-01
 Iteration:  00000038   DeltaT:  2.556E-06   Iter/sec:  3.497E-01
 Iteration:  00000039   DeltaT:  2.556E-06   Iter/sec:  3.575E-01
 Iteration:  00000040   DeltaT:  2.556E-06   Iter/sec:  3.447E-01
 Iteration:  00000041   DeltaT:  2.556E-06   Iter/sec:  3.574E-01
 Iteration:  00000042   DeltaT:  2.556E-06   Iter/sec:  3.459E-01
 Iteration:  00000043   DeltaT:  2.556E-06   Iter/sec:  3.559E-01
 Iteration:  00000044   DeltaT:  2.556E-06   Iter/sec:  3.406E-01
 Iteration:  00000045   DeltaT:  2.556E-06   Iter/sec:  3.554E-01
 Iteration:  00000046   DeltaT:  2.556E-06   Iter/sec:  3.536E-01
 Iteration:  00000047   DeltaT:  2.556E-06   Iter/sec:  3.504E-01
 Iteration:  00000048   DeltaT:  2.556E-06   Iter/sec:  3.503E-01
 Iteration:  00000049   DeltaT:  2.556E-06   Iter/sec:  3.516E-01
 Iteration:  00000050   DeltaT:  2.556E-06   Iter/sec:  3.466E-01


//////////////////////////////////////////////
   Measured Timings for Process 0  (seconds)

 Elapsed time:       142.9000
  Column time:        32.0957
     Row time:        37.7733
Legendre time:        25.5391
     FFT time:         8.3345
   Solve time:         2.3060
    rlma time:         2.3704
    rlmb time:         1.1453
  pspace time:        17.8719
  psolve time:        12.7934
    dphi time:         1.0950
captured time:       141.3247

     iter/sec:         0.3499
//////////////////////////////////////////////
