 //////////////////////////////////////
 Initializating Rayleigh...

 -- Initalizing MPI...
 ---- Specified parameters:
 ---- NCPU  :     64
 ---- NPROW :      4
 ---- NPCOL :     16
 -- MPI initialized.


 -- Initalizing Grid...
 ---- Specified parameters ----
 ---- N_R                 :     64
 ---- N_THETA             :    192
 ---- Ell_MAX             :    127
 ---- R_MIN               :  5.38462E-01
 ---- R_MAX               :  1.53846E+00
 ---- Chebyshev Domains   :      1

        Domain 1
          Grid points           :  64
          Dealiased Polynomials :  42
          Domain Lower Bound    :  5.38462E-01
          Domain Upper Bound    :  1.53846E+00

 -- Grid initialized.

 -- Initalizing Reference State...
 ---- Specified parameters:
 ---- Reference type           :  Boussinesq (Non-dimensional)
 ---- Rayleigh Number          :  1.00000E+05
 ---- Ekman Number             :  1.00000E-03
 ---- Prandtl Number           :  1.00000E+00
 ---- Magnetic Prandtl Number  :  5.00000E+00
 -- Reference State initialized.

 -- Initializing Fields...
 ---- Specified parameters:
 ---- Hydro Init Type    : Benchmark (Christensen et al. 2001)
 ---- Magnetic Init Type : Benchmark (Christensen et al. 2001)
 -- Fields initialized.

 Initialization Complete.
 //////////////////////////////////////

 Timestep has changed from  0.00000E+00 to  1.00000E-04.
 Iteration:  00000001   DeltaT:  1.000E-04   Iter/sec:  0.000E+00
 Timestep has changed from  1.00000E-04 to  1.02217E-05.
 Iteration:  00000002   DeltaT:  1.022E-05   Iter/sec:  4.205E+00
 Iteration:  00000003   DeltaT:  1.022E-05   Iter/sec:  7.985E+00
 Iteration:  00000004   DeltaT:  1.022E-05   Iter/sec:  8.282E+00
 Iteration:  00000005   DeltaT:  1.022E-05   Iter/sec:  8.560E+00
 Iteration:  00000006   DeltaT:  1.022E-05   Iter/sec:  8.029E+00
 Iteration:  00000007   DeltaT:  1.022E-05   Iter/sec:  8.289E+00
 Iteration:  00000008   DeltaT:  1.022E-05   Iter/sec:  8.629E+00
 Iteration:  00000009   DeltaT:  1.022E-05   Iter/sec:  8.391E+00
 Iteration:  00000010   DeltaT:  1.022E-05   Iter/sec:  8.473E+00
 Iteration:  00000011   DeltaT:  1.022E-05   Iter/sec:  8.595E+00
 Iteration:  00000012   DeltaT:  1.022E-05   Iter/sec:  8.586E+00
 Iteration:  00000013   DeltaT:  1.022E-05   Iter/sec:  7.505E+00
 Iteration:  00000014   DeltaT:  1.022E-05   Iter/sec:  8.749E+00
 Iteration:  00000015   DeltaT:  1.022E-05   Iter/sec:  8.477E+00
 Iteration:  00000016   DeltaT:  1.022E-05   Iter/sec:  8.511E+00
 Iteration:  00000017   DeltaT:  1.022E-05   Iter/sec:  8.235E+00
 Iteration:  00000018   DeltaT:  1.022E-05   Iter/sec:  7.587E+00
 Iteration:  00000019   DeltaT:  1.022E-05   Iter/sec:  8.606E+00
 Iteration:  00000020   DeltaT:  1.022E-05   Iter/sec:  8.127E+00
 Iteration:  00000021   DeltaT:  1.022E-05   Iter/sec:  8.511E+00
 Iteration:  00000022   DeltaT:  1.022E-05   Iter/sec:  8.742E+00
 Iteration:  00000023   DeltaT:  1.022E-05   Iter/sec:  7.679E+00
 Iteration:  00000024   DeltaT:  1.022E-05   Iter/sec:  8.651E+00
 Iteration:  00000025   DeltaT:  1.022E-05   Iter/sec:  8.485E+00
 Iteration:  00000026   DeltaT:  1.022E-05   Iter/sec:  8.601E+00
 Iteration:  00000027   DeltaT:  1.022E-05   Iter/sec:  8.518E+00
 Iteration:  00000028   DeltaT:  1.022E-05   Iter/sec:  7.759E+00
 Iteration:  00000029   DeltaT:  1.022E-05   Iter/sec:  9.195E+00
 Iteration:  00000030   DeltaT:  1.022E-05   Iter/sec:  8.330E+00
 Iteration:  00000031   DeltaT:  1.022E-05   Iter/sec:  8.415E+00
 Iteration:  00000032   DeltaT:  1.022E-05   Iter/sec:  8.593E+00
 Iteration:  00000033   DeltaT:  1.022E-05   Iter/sec:  7.852E+00
 Iteration:  00000034   DeltaT:  1.022E-05   Iter/sec:  8.375E+00
 Iteration:  00000035   DeltaT:  1.022E-05   Iter/sec:  8.564E+00
 Iteration:  00000036   DeltaT:  1.022E-05   Iter/sec:  8.464E+00
 Iteration:  00000037   DeltaT:  1.022E-05   Iter/sec:  8.495E+00
 Iteration:  00000038   DeltaT:  1.022E-05   Iter/sec:  8.835E+00
 Iteration:  00000039   DeltaT:  1.022E-05   Iter/sec:  8.236E+00
 Iteration:  00000040   DeltaT:  1.022E-05   Iter/sec:  7.025E+00
 Iteration:  00000041   DeltaT:  1.022E-05   Iter/sec:  8.529E+00
 Iteration:  00000042   DeltaT:  1.022E-05   Iter/sec:  8.601E+00
 Iteration:  00000043   DeltaT:  1.022E-05   Iter/sec:  8.427E+00
 Iteration:  00000044   DeltaT:  1.022E-05   Iter/sec:  8.493E+00
 Iteration:  00000045   DeltaT:  1.022E-05   Iter/sec:  7.943E+00
 Iteration:  00000046   DeltaT:  1.022E-05   Iter/sec:  8.629E+00
 Iteration:  00000047   DeltaT:  1.022E-05   Iter/sec:  8.438E+00
 Iteration:  00000048   DeltaT:  1.022E-05   Iter/sec:  8.458E+00
 Iteration:  00000049   DeltaT:  1.022E-05   Iter/sec:  8.283E+00
 Iteration:  00000050   DeltaT:  1.022E-05   Iter/sec:  7.968E+00


//////////////////////////////////////////////
   Measured Timings for Process 0  (seconds)

 Elapsed time:         6.0111
  Column time:         0.8376
     Row time:         1.9782
Legendre time:         0.7720
     FFT time:         0.5119
   Solve time:         0.1332
    rlma time:         0.0988
    rlmb time:         0.0406
  pspace time:         0.9136
  psolve time:         0.5920
    dphi time:         0.0582
captured time:         5.9362

     iter/sec:         8.3179
//////////////////////////////////////////////
