 //////////////////////////////////////
 Initializating Rayleigh...

 -- Initalizing MPI...
 ---- Specified parameters:
 ---- NCPU  :    512
 ---- NPROW :     16
 ---- NPCOL :     32
 -- MPI initialized.


 -- Initalizing Grid...
 ---- Specified parameters ----
 ---- N_R                 :    128
 ---- N_THETA             :    768
 ---- Ell_MAX             :    511
 ---- R_MIN               :  5.38462E-01
 ---- R_MAX               :  1.53846E+00
 ---- Chebyshev Domains   :      1

        Domain 1
          Grid points           :  128
          Dealiased Polynomials :  85
          Domain Lower Bound    :  5.38462E-01
          Domain Upper Bound    :  1.53846E+00

 -- Grid initialized.

 -- Initalizing Reference State...
 ---- Specified parameters:
 ---- Reference type           :  Boussinesq (Non-dimensional)
 ---- Rayleigh Number          :  1.00000E+05
 ---- Ekman Number             :  1.00000E-03
 ---- Prandtl Number           :  1.00000E+00
 ---- Magnetic Prandtl Number  :  5.00000E+00
 -- Reference State initialized.

 -- Initializing Fields...
 ---- Specified parameters:
 ---- Hydro Init Type    : Benchmark (Christensen et al. 2001)
 ---- Magnetic Init Type : Benchmark (Christensen et al. 2001)
 -- Fields initialized.

 Initialization Complete.
 //////////////////////////////////////

 Timestep has changed from  0.00000E+00 to  1.00000E-04.
 Iteration:  00000001   DeltaT:  1.000E-04   Iter/sec:  0.000E+00
 Timestep has changed from  1.00000E-04 to  2.55562E-06.
 Iteration:  00000002   DeltaT:  2.556E-06   Iter/sec:  5.813E-01
 Iteration:  00000003   DeltaT:  2.556E-06   Iter/sec:  1.393E+00
 Iteration:  00000004   DeltaT:  2.556E-06   Iter/sec:  1.549E+00
 Iteration:  00000005   DeltaT:  2.556E-06   Iter/sec:  1.553E+00
 Iteration:  00000006   DeltaT:  2.556E-06   Iter/sec:  1.559E+00
 Iteration:  00000007   DeltaT:  2.556E-06   Iter/sec:  1.543E+00
 Iteration:  00000008   DeltaT:  2.556E-06   Iter/sec:  1.560E+00
 Iteration:  00000009   DeltaT:  2.556E-06   Iter/sec:  1.564E+00
 Iteration:  00000010   DeltaT:  2.556E-06   Iter/sec:  1.537E+00
 Iteration:  00000011   DeltaT:  2.556E-06   Iter/sec:  1.561E+00
 Iteration:  00000012   DeltaT:  2.556E-06   Iter/sec:  1.546E+00
 Iteration:  00000013   DeltaT:  2.556E-06   Iter/sec:  1.550E+00
 Iteration:  00000014   DeltaT:  2.556E-06   Iter/sec:  1.556E+00
 Iteration:  00000015   DeltaT:  2.556E-06   Iter/sec:  1.544E+00
 Iteration:  00000016   DeltaT:  2.556E-06   Iter/sec:  1.528E+00
 Iteration:  00000017   DeltaT:  2.556E-06   Iter/sec:  1.567E+00
 Iteration:  00000018   DeltaT:  2.556E-06   Iter/sec:  1.561E+00
 Iteration:  00000019   DeltaT:  2.556E-06   Iter/sec:  1.561E+00
 Iteration:  00000020   DeltaT:  2.556E-06   Iter/sec:  1.540E+00
 Iteration:  00000021   DeltaT:  2.556E-06   Iter/sec:  1.561E+00
 Iteration:  00000022   DeltaT:  2.556E-06   Iter/sec:  1.550E+00
 Iteration:  00000023   DeltaT:  2.556E-06   Iter/sec:  1.552E+00
 Iteration:  00000024   DeltaT:  2.556E-06   Iter/sec:  1.565E+00
 Iteration:  00000025   DeltaT:  2.556E-06   Iter/sec:  1.557E+00
 Iteration:  00000026   DeltaT:  2.556E-06   Iter/sec:  1.579E+00
 Iteration:  00000027   DeltaT:  2.556E-06   Iter/sec:  1.568E+00
 Iteration:  00000028   DeltaT:  2.556E-06   Iter/sec:  1.550E+00
 Iteration:  00000029   DeltaT:  2.556E-06   Iter/sec:  1.532E+00
 Iteration:  00000030   DeltaT:  2.556E-06   Iter/sec:  1.569E+00
 Iteration:  00000031   DeltaT:  2.556E-06   Iter/sec:  1.541E+00
 Iteration:  00000032   DeltaT:  2.556E-06   Iter/sec:  1.565E+00
 Iteration:  00000033   DeltaT:  2.556E-06   Iter/sec:  1.559E+00
 Iteration:  00000034   DeltaT:  2.556E-06   Iter/sec:  1.566E+00
 Iteration:  00000035   DeltaT:  2.556E-06   Iter/sec:  1.558E+00
 Iteration:  00000036   DeltaT:  2.556E-06   Iter/sec:  1.589E+00
 Iteration:  00000037   DeltaT:  2.556E-06   Iter/sec:  1.547E+00
 Iteration:  00000038   DeltaT:  2.556E-06   Iter/sec:  1.564E+00
 Iteration:  00000039   DeltaT:  2.556E-06   Iter/sec:  1.563E+00
 Iteration:  00000040   DeltaT:  2.556E-06   Iter/sec:  1.544E+00
 Iteration:  00000041   DeltaT:  2.556E-06   Iter/sec:  1.578E+00
 Iteration:  00000042   DeltaT:  2.556E-06   Iter/sec:  1.558E+00
 Iteration:  00000043   DeltaT:  2.556E-06   Iter/sec:  1.550E+00
 Iteration:  00000044   DeltaT:  2.556E-06   Iter/sec:  1.557E+00
 Iteration:  00000045   DeltaT:  2.556E-06   Iter/sec:  1.563E+00
 Iteration:  00000046   DeltaT:  2.556E-06   Iter/sec:  1.553E+00
 Iteration:  00000047   DeltaT:  2.556E-06   Iter/sec:  1.559E+00
 Iteration:  00000048   DeltaT:  2.556E-06   Iter/sec:  1.525E+00
 Iteration:  00000049   DeltaT:  2.556E-06   Iter/sec:  1.566E+00
 Iteration:  00000050   DeltaT:  2.556E-06   Iter/sec:  1.564E+00


//////////////////////////////////////////////
   Measured Timings for Process 0  (seconds)

 Elapsed time:        32.2742
  Column time:         7.2119
     Row time:         9.0663
Legendre time:         4.3330
     FFT time:         1.8942
   Solve time:         0.7651
    rlma time:         0.4124
    rlmb time:         0.1880
  pspace time:         4.6287
  psolve time:         3.1879
    dphi time:         0.2716
captured time:        31.9591

     iter/sec:         1.5492
//////////////////////////////////////////////
