 //////////////////////////////////////
 Initializating Rayleigh...

 -- Initalizing MPI...
 ---- Specified parameters:
 ---- NCPU  :    256
 ---- NPROW :     32
 ---- NPCOL :      8
 -- MPI initialized.


 -- Initalizing Grid...
 ---- Specified parameters ----
 ---- N_R                 :     64
 ---- N_THETA             :    192
 ---- Ell_MAX             :    127
 ---- R_MIN               :  5.38462E-01
 ---- R_MAX               :  1.53846E+00
 ---- Chebyshev Domains   :      1

        Domain 1
          Grid points           :  64
          Dealiased Polynomials :  42
          Domain Lower Bound    :  5.38462E-01
          Domain Upper Bound    :  1.53846E+00

 -- Grid initialized.

 -- Initalizing Reference State...
 ---- Specified parameters:
 ---- Reference type           :  Boussinesq (Non-dimensional)
 ---- Rayleigh Number          :  1.00000E+05
 ---- Ekman Number             :  1.00000E-03
 ---- Prandtl Number           :  1.00000E+00
 ---- Magnetic Prandtl Number  :  5.00000E+00
 -- Reference State initialized.

 -- Initializing Fields...
 ---- Specified parameters:
 ---- Hydro Init Type    : Benchmark (Christensen et al. 2001)
 ---- Magnetic Init Type : Benchmark (Christensen et al. 2001)
 -- Fields initialized.

 Initialization Complete.
 //////////////////////////////////////

 Timestep has changed from  0.00000E+00 to  1.00000E-04.
 Iteration:  00000001   DeltaT:  1.000E-04   Iter/sec:  0.000E+00
 Timestep has changed from  1.00000E-04 to  1.02217E-05.
 Iteration:  00000002   DeltaT:  1.022E-05   Iter/sec:  8.763E+00
 Iteration:  00000003   DeltaT:  1.022E-05   Iter/sec:  2.180E+01
 Iteration:  00000004   DeltaT:  1.022E-05   Iter/sec:  3.250E+01
 Iteration:  00000005   DeltaT:  1.022E-05   Iter/sec:  3.496E+01
 Iteration:  00000006   DeltaT:  1.022E-05   Iter/sec:  3.384E+01
 Iteration:  00000007   DeltaT:  1.022E-05   Iter/sec:  3.376E+01
 Iteration:  00000008   DeltaT:  1.022E-05   Iter/sec:  3.440E+01
 Iteration:  00000009   DeltaT:  1.022E-05   Iter/sec:  3.541E+01
 Iteration:  00000010   DeltaT:  1.022E-05   Iter/sec:  3.437E+01
 Iteration:  00000011   DeltaT:  1.022E-05   Iter/sec:  3.681E+01
 Iteration:  00000012   DeltaT:  1.022E-05   Iter/sec:  3.393E+01
 Iteration:  00000013   DeltaT:  1.022E-05   Iter/sec:  3.161E+01
 Iteration:  00000014   DeltaT:  1.022E-05   Iter/sec:  3.401E+01
 Iteration:  00000015   DeltaT:  1.022E-05   Iter/sec:  3.698E+01
 Iteration:  00000016   DeltaT:  1.022E-05   Iter/sec:  3.438E+01
 Iteration:  00000017   DeltaT:  1.022E-05   Iter/sec:  3.413E+01
 Iteration:  00000018   DeltaT:  1.022E-05   Iter/sec:  3.647E+01
 Iteration:  00000019   DeltaT:  1.022E-05   Iter/sec:  3.476E+01
 Iteration:  00000020   DeltaT:  1.022E-05   Iter/sec:  3.401E+01
 Iteration:  00000021   DeltaT:  1.022E-05   Iter/sec:  3.506E+01
 Iteration:  00000022   DeltaT:  1.022E-05   Iter/sec:  3.473E+01
 Iteration:  00000023   DeltaT:  1.022E-05   Iter/sec:  3.529E+01
 Iteration:  00000024   DeltaT:  1.022E-05   Iter/sec:  3.467E+01
 Iteration:  00000025   DeltaT:  1.022E-05   Iter/sec:  3.435E+01
 Iteration:  00000026   DeltaT:  1.022E-05   Iter/sec:  3.456E+01
 Iteration:  00000027   DeltaT:  1.022E-05   Iter/sec:  3.713E+01
 Iteration:  00000028   DeltaT:  1.022E-05   Iter/sec:  3.392E+01
 Iteration:  00000029   DeltaT:  1.022E-05   Iter/sec:  3.445E+01
 Iteration:  00000030   DeltaT:  1.022E-05   Iter/sec:  3.407E+01
 Iteration:  00000031   DeltaT:  1.022E-05   Iter/sec:  3.411E+01
 Iteration:  00000032   DeltaT:  1.022E-05   Iter/sec:  3.610E+01
 Iteration:  00000033   DeltaT:  1.022E-05   Iter/sec:  3.541E+01
 Iteration:  00000034   DeltaT:  1.022E-05   Iter/sec:  3.387E+01
 Iteration:  00000035   DeltaT:  1.022E-05   Iter/sec:  3.390E+01
 Iteration:  00000036   DeltaT:  1.022E-05   Iter/sec:  3.594E+01
 Iteration:  00000037   DeltaT:  1.022E-05   Iter/sec:  3.464E+01
 Iteration:  00000038   DeltaT:  1.022E-05   Iter/sec:  3.171E+01
 Iteration:  00000039   DeltaT:  1.022E-05   Iter/sec:  3.763E+01
 Iteration:  00000040   DeltaT:  1.022E-05   Iter/sec:  3.296E+01
 Iteration:  00000041   DeltaT:  1.022E-05   Iter/sec:  3.718E+01
 Iteration:  00000042   DeltaT:  1.022E-05   Iter/sec:  3.376E+01
 Iteration:  00000043   DeltaT:  1.022E-05   Iter/sec:  3.479E+01
 Iteration:  00000044   DeltaT:  1.022E-05   Iter/sec:  3.392E+01
 Iteration:  00000045   DeltaT:  1.022E-05   Iter/sec:  3.475E+01
 Iteration:  00000046   DeltaT:  1.022E-05   Iter/sec:  3.682E+01
 Iteration:  00000047   DeltaT:  1.022E-05   Iter/sec:  3.347E+01
 Iteration:  00000048   DeltaT:  1.022E-05   Iter/sec:  3.639E+01
 Iteration:  00000049   DeltaT:  1.022E-05   Iter/sec:  3.400E+01
 Iteration:  00000050   DeltaT:  1.022E-05   Iter/sec:  3.854E+01


//////////////////////////////////////////////
   Measured Timings for Process 0  (seconds)

 Elapsed time:         1.4799
  Column time:         0.4473
     Row time:         0.4495
Legendre time:         0.1143
     FFT time:         0.1111
   Solve time:         0.1104
    rlma time:         0.0231
    rlmb time:         0.0087
  pspace time:         0.0751
  psolve time:         0.1145
    dphi time:         0.0085
captured time:         1.4625

     iter/sec:        33.7854
//////////////////////////////////////////////
