 //////////////////////////////////////
 Initializating Rayleigh...

 -- Initalizing MPI...
 ---- Specified parameters:
 ---- NCPU  :    512
 ---- NPROW :     16
 ---- NPCOL :     32
 -- MPI initialized.


 -- Initalizing Grid...
 ---- Specified parameters ----
 ---- N_R                 :     64
 ---- N_THETA             :    192
 ---- Ell_MAX             :    127
 ---- R_MIN               :  5.38462E-01
 ---- R_MAX               :  1.53846E+00
 ---- Chebyshev Domains   :      1

        Domain 1
          Grid points           :  64
          Dealiased Polynomials :  42
          Domain Lower Bound    :  5.38462E-01
          Domain Upper Bound    :  1.53846E+00

 -- Grid initialized.

 -- Initalizing Reference State...
 ---- Specified parameters:
 ---- Reference type           :  Boussinesq (Non-dimensional)
 ---- Rayleigh Number          :  1.00000E+05
 ---- Ekman Number             :  1.00000E-03
 ---- Prandtl Number           :  1.00000E+00
 ---- Magnetic Prandtl Number  :  5.00000E+00
 -- Reference State initialized.

 -- Initializing Fields...
 ---- Specified parameters:
 ---- Hydro Init Type    : Benchmark (Christensen et al. 2001)
 ---- Magnetic Init Type : Benchmark (Christensen et al. 2001)
 -- Fields initialized.

 Initialization Complete.
 //////////////////////////////////////

 Timestep has changed from  0.00000E+00 to  1.00000E-04.
 Iteration:  00000001   DeltaT:  1.000E-04   Iter/sec:  0.000E+00
 Timestep has changed from  1.00000E-04 to  1.02217E-05.
 Iteration:  00000002   DeltaT:  1.022E-05   Iter/sec:  1.047E+01
 Iteration:  00000003   DeltaT:  1.022E-05   Iter/sec:  5.186E+01
 Iteration:  00000004   DeltaT:  1.022E-05   Iter/sec:  8.224E+01
 Iteration:  00000005   DeltaT:  1.022E-05   Iter/sec:  7.872E+01
 Iteration:  00000006   DeltaT:  1.022E-05   Iter/sec:  8.355E+01
 Iteration:  00000007   DeltaT:  1.022E-05   Iter/sec:  8.229E+01
 Iteration:  00000008   DeltaT:  1.022E-05   Iter/sec:  8.233E+01
 Iteration:  00000009   DeltaT:  1.022E-05   Iter/sec:  8.272E+01
 Iteration:  00000010   DeltaT:  1.022E-05   Iter/sec:  8.552E+01
 Iteration:  00000011   DeltaT:  1.022E-05   Iter/sec:  8.131E+01
 Iteration:  00000012   DeltaT:  1.022E-05   Iter/sec:  8.514E+01
 Iteration:  00000013   DeltaT:  1.022E-05   Iter/sec:  8.074E+01
 Iteration:  00000014   DeltaT:  1.022E-05   Iter/sec:  8.703E+01
 Iteration:  00000015   DeltaT:  1.022E-05   Iter/sec:  8.421E+01
 Iteration:  00000016   DeltaT:  1.022E-05   Iter/sec:  8.378E+01
 Iteration:  00000017   DeltaT:  1.022E-05   Iter/sec:  8.295E+01
 Iteration:  00000018   DeltaT:  1.022E-05   Iter/sec:  8.579E+01
 Iteration:  00000019   DeltaT:  1.022E-05   Iter/sec:  8.798E+01
 Iteration:  00000020   DeltaT:  1.022E-05   Iter/sec:  8.062E+01
 Iteration:  00000021   DeltaT:  1.022E-05   Iter/sec:  7.073E+01
 Iteration:  00000022   DeltaT:  1.022E-05   Iter/sec:  9.111E+01
 Iteration:  00000023   DeltaT:  1.022E-05   Iter/sec:  8.175E+01
 Iteration:  00000024   DeltaT:  1.022E-05   Iter/sec:  6.936E+01
 Iteration:  00000025   DeltaT:  1.022E-05   Iter/sec:  6.712E+01
 Iteration:  00000026   DeltaT:  1.022E-05   Iter/sec:  8.134E+01
 Iteration:  00000027   DeltaT:  1.022E-05   Iter/sec:  7.913E+01
 Iteration:  00000028   DeltaT:  1.022E-05   Iter/sec:  7.962E+01
 Iteration:  00000029   DeltaT:  1.022E-05   Iter/sec:  8.753E+01
 Iteration:  00000030   DeltaT:  1.022E-05   Iter/sec:  8.062E+01
 Iteration:  00000031   DeltaT:  1.022E-05   Iter/sec:  7.710E+01
 Iteration:  00000032   DeltaT:  1.022E-05   Iter/sec:  7.094E+01
 Iteration:  00000033   DeltaT:  1.022E-05   Iter/sec:  8.608E+01
 Iteration:  00000034   DeltaT:  1.022E-05   Iter/sec:  8.549E+01
 Iteration:  00000035   DeltaT:  1.022E-05   Iter/sec:  8.385E+01
 Iteration:  00000036   DeltaT:  1.022E-05   Iter/sec:  8.093E+01
 Iteration:  00000037   DeltaT:  1.022E-05   Iter/sec:  6.717E+01
 Iteration:  00000038   DeltaT:  1.022E-05   Iter/sec:  8.038E+01
 Iteration:  00000039   DeltaT:  1.022E-05   Iter/sec:  7.023E+01
 Iteration:  00000040   DeltaT:  1.022E-05   Iter/sec:  7.874E+01
 Iteration:  00000041   DeltaT:  1.022E-05   Iter/sec:  7.819E+01
 Iteration:  00000042   DeltaT:  1.022E-05   Iter/sec:  7.960E+01
 Iteration:  00000043   DeltaT:  1.022E-05   Iter/sec:  8.424E+01
 Iteration:  00000044   DeltaT:  1.022E-05   Iter/sec:  8.097E+01
 Iteration:  00000045   DeltaT:  1.022E-05   Iter/sec:  8.642E+01
 Iteration:  00000046   DeltaT:  1.022E-05   Iter/sec:  9.008E+01
 Iteration:  00000047   DeltaT:  1.022E-05   Iter/sec:  8.602E+01
 Iteration:  00000048   DeltaT:  1.022E-05   Iter/sec:  7.903E+01
 Iteration:  00000049   DeltaT:  1.022E-05   Iter/sec:  8.619E+01
 Iteration:  00000050   DeltaT:  1.022E-05   Iter/sec:  8.801E+01


//////////////////////////////////////////////
   Measured Timings for Process 0  (seconds)

 Elapsed time:         0.6338
  Column time:         0.2178
     Row time:         0.1699
Legendre time:         0.0544
     FFT time:         0.0353
   Solve time:         0.0427
    rlma time:         0.0147
    rlmb time:         0.0060
  pspace time:         0.0239
  psolve time:         0.0531
    dphi time:         0.0034
captured time:         0.6212

     iter/sec:        78.8844
//////////////////////////////////////////////
