 //////////////////////////////////////
 Initializating Rayleigh...

 -- Initalizing MPI...
 ---- Specified parameters:
 ---- NCPU  :   2048
 ---- NPROW :     64
 ---- NPCOL :     32
 -- MPI initialized.


 -- Initalizing Grid...
 ---- Specified parameters ----
 ---- N_R                 :     64
 ---- N_THETA             :    384
 ---- Ell_MAX             :    255
 ---- R_MIN               :  5.38462E-01
 ---- R_MAX               :  1.53846E+00
 ---- Chebyshev Domains   :      1

        Domain 1
          Grid points           :  64
          Dealiased Polynomials :  42
          Domain Lower Bound    :  5.38462E-01
          Domain Upper Bound    :  1.53846E+00

 -- Grid initialized.

 -- Initalizing Reference State...
 ---- Specified parameters:
 ---- Reference type           :  Boussinesq (Non-dimensional)
 ---- Rayleigh Number          :  1.00000E+05
 ---- Ekman Number             :  1.00000E-03
 ---- Prandtl Number           :  1.00000E+00
 ---- Magnetic Prandtl Number  :  5.00000E+00
 -- Reference State initialized.

 -- Initializing Fields...
 ---- Specified parameters:
 ---- Hydro Init Type    : Benchmark (Christensen et al. 2001)
 ---- Magnetic Init Type : Benchmark (Christensen et al. 2001)
 -- Fields initialized.

 Initialization Complete.
 //////////////////////////////////////

 Timestep has changed from  0.00000E+00 to  1.00000E-04.
 Iteration:  00000001   DeltaT:  1.000E-04   Iter/sec:  0.000E+00
 Timestep has changed from  1.00000E-04 to  1.02211E-05.
 Iteration:  00000002   DeltaT:  1.022E-05   Iter/sec:  1.789E+00
 Iteration:  00000003   DeltaT:  1.022E-05   Iter/sec:  4.059E+01
 Iteration:  00000004   DeltaT:  1.022E-05   Iter/sec:  4.673E+01
 Iteration:  00000005   DeltaT:  1.022E-05   Iter/sec:  5.723E+01
 Iteration:  00000006   DeltaT:  1.022E-05   Iter/sec:  5.968E+01
 Iteration:  00000007   DeltaT:  1.022E-05   Iter/sec:  4.650E+01
 Iteration:  00000008   DeltaT:  1.022E-05   Iter/sec:  2.057E+01
 Iteration:  00000009   DeltaT:  1.022E-05   Iter/sec:  6.458E+01
 Iteration:  00000010   DeltaT:  1.022E-05   Iter/sec:  5.614E+01
 Iteration:  00000011   DeltaT:  1.022E-05   Iter/sec:  5.263E+01
 Iteration:  00000012   DeltaT:  1.022E-05   Iter/sec:  5.952E+01
 Iteration:  00000013   DeltaT:  1.022E-05   Iter/sec:  5.651E+01
 Iteration:  00000014   DeltaT:  1.022E-05   Iter/sec:  4.994E+01
 Iteration:  00000015   DeltaT:  1.022E-05   Iter/sec:  5.788E+01
 Iteration:  00000016   DeltaT:  1.022E-05   Iter/sec:  5.935E+01
 Iteration:  00000017   DeltaT:  1.022E-05   Iter/sec:  5.530E+01
 Iteration:  00000018   DeltaT:  1.022E-05   Iter/sec:  5.787E+01
 Iteration:  00000019   DeltaT:  1.022E-05   Iter/sec:  5.929E+01
 Iteration:  00000020   DeltaT:  1.022E-05   Iter/sec:  5.637E+01
 Iteration:  00000021   DeltaT:  1.022E-05   Iter/sec:  4.634E+01
 Iteration:  00000022   DeltaT:  1.022E-05   Iter/sec:  3.948E+01
 Iteration:  00000023   DeltaT:  1.022E-05   Iter/sec:  3.772E+01
 Iteration:  00000024   DeltaT:  1.022E-05   Iter/sec:  5.237E+01
 Iteration:  00000025   DeltaT:  1.022E-05   Iter/sec:  5.469E+01
 Iteration:  00000026   DeltaT:  1.022E-05   Iter/sec:  5.719E+01
 Iteration:  00000027   DeltaT:  1.022E-05   Iter/sec:  5.698E+01
 Iteration:  00000028   DeltaT:  1.022E-05   Iter/sec:  2.356E+01
 Iteration:  00000029   DeltaT:  1.022E-05   Iter/sec:  1.861E+01
 Iteration:  00000030   DeltaT:  1.022E-05   Iter/sec:  4.245E+01
 Iteration:  00000031   DeltaT:  1.022E-05   Iter/sec:  6.493E+01
 Iteration:  00000032   DeltaT:  1.022E-05   Iter/sec:  5.794E+01
 Iteration:  00000033   DeltaT:  1.022E-05   Iter/sec:  5.867E+01
 Iteration:  00000034   DeltaT:  1.022E-05   Iter/sec:  5.783E+01
 Iteration:  00000035   DeltaT:  1.022E-05   Iter/sec:  5.775E+01
 Iteration:  00000036   DeltaT:  1.022E-05   Iter/sec:  5.588E+01
 Iteration:  00000037   DeltaT:  1.022E-05   Iter/sec:  5.334E+01
 Iteration:  00000038   DeltaT:  1.022E-05   Iter/sec:  5.852E+01
 Iteration:  00000039   DeltaT:  1.022E-05   Iter/sec:  5.464E+01
 Iteration:  00000040   DeltaT:  1.022E-05   Iter/sec:  5.735E+01
 Iteration:  00000041   DeltaT:  1.022E-05   Iter/sec:  5.749E+01
 Iteration:  00000042   DeltaT:  1.022E-05   Iter/sec:  5.781E+01
 Iteration:  00000043   DeltaT:  1.022E-05   Iter/sec:  5.595E+01
 Iteration:  00000044   DeltaT:  1.022E-05   Iter/sec:  5.751E+01
 Iteration:  00000045   DeltaT:  1.022E-05   Iter/sec:  6.170E+01
 Iteration:  00000046   DeltaT:  1.022E-05   Iter/sec:  5.094E+01
 Iteration:  00000047   DeltaT:  1.022E-05   Iter/sec:  6.020E+01
 Iteration:  00000048   DeltaT:  1.022E-05   Iter/sec:  5.577E+01
 Iteration:  00000049   DeltaT:  1.022E-05   Iter/sec:  5.898E+01
 Iteration:  00000050   DeltaT:  1.022E-05   Iter/sec:  5.413E+01


//////////////////////////////////////////////
   Measured Timings for Process 0  (seconds)

 Elapsed time:         1.2149
  Column time:         0.4093
     Row time:         0.5120
Legendre time:         0.0770
     FFT time:         0.0398
   Solve time:         0.0602
    rlma time:         0.0137
    rlmb time:         0.0059
  pspace time:         0.0225
  psolve time:         0.0600
    dphi time:         0.0033
captured time:         1.2036

     iter/sec:        41.1541
//////////////////////////////////////////////
