 //////////////////////////////////////
 Initializating Rayleigh...

 -- Initalizing MPI...
 ---- Specified parameters:
 ---- NCPU  :    128
 ---- NPROW :      8
 ---- NPCOL :     16
 -- MPI initialized.


 -- Initalizing Grid...
 ---- Specified parameters ----
 ---- N_R                 :     64
 ---- N_THETA             :    768
 ---- Ell_MAX             :    511
 ---- R_MIN               :  5.38462E-01
 ---- R_MAX               :  1.53846E+00
 ---- Chebyshev Domains   :      1

        Domain 1
          Grid points           :  64
          Dealiased Polynomials :  42
          Domain Lower Bound    :  5.38462E-01
          Domain Upper Bound    :  1.53846E+00

 -- Grid initialized.

 -- Initalizing Reference State...
 ---- Specified parameters:
 ---- Reference type           :  Boussinesq (Non-dimensional)
 ---- Rayleigh Number          :  1.00000E+05
 ---- Ekman Number             :  1.00000E-03
 ---- Prandtl Number           :  1.00000E+00
 ---- Magnetic Prandtl Number  :  5.00000E+00
 -- Reference State initialized.

 -- Initializing Fields...
 ---- Specified parameters:
 ---- Hydro Init Type    : Benchmark (Christensen et al. 2001)
 ---- Magnetic Init Type : Benchmark (Christensen et al. 2001)
 -- Fields initialized.

 Initialization Complete.
 //////////////////////////////////////

 Timestep has changed from  0.00000E+00 to  1.00000E-04.
 Iteration:  00000001   DeltaT:  1.000E-04   Iter/sec:  0.000E+00
 Timestep has changed from  1.00000E-04 to  8.93257E-06.
 Iteration:  00000002   DeltaT:  8.933E-06   Iter/sec:  3.150E-01
 Iteration:  00000003   DeltaT:  8.933E-06   Iter/sec:  7.950E-01
 Iteration:  00000004   DeltaT:  8.933E-06   Iter/sec:  8.800E-01
 Iteration:  00000005   DeltaT:  8.933E-06   Iter/sec:  8.270E-01
 Iteration:  00000006   DeltaT:  8.933E-06   Iter/sec:  8.530E-01
 Iteration:  00000007   DeltaT:  8.933E-06   Iter/sec:  8.430E-01
 Iteration:  00000008   DeltaT:  8.933E-06   Iter/sec:  8.588E-01
 Iteration:  00000009   DeltaT:  8.933E-06   Iter/sec:  8.731E-01
 Iteration:  00000010   DeltaT:  8.933E-06   Iter/sec:  8.168E-01
 Iteration:  00000011   DeltaT:  8.933E-06   Iter/sec:  8.420E-01
 Iteration:  00000012   DeltaT:  8.933E-06   Iter/sec:  8.560E-01
 Iteration:  00000013   DeltaT:  8.933E-06   Iter/sec:  8.313E-01
 Iteration:  00000014   DeltaT:  8.933E-06   Iter/sec:  8.530E-01
 Iteration:  00000015   DeltaT:  8.933E-06   Iter/sec:  8.414E-01
 Iteration:  00000016   DeltaT:  8.933E-06   Iter/sec:  8.389E-01
 Iteration:  00000017   DeltaT:  8.933E-06   Iter/sec:  8.596E-01
 Iteration:  00000018   DeltaT:  8.933E-06   Iter/sec:  8.563E-01
 Iteration:  00000019   DeltaT:  8.933E-06   Iter/sec:  8.256E-01
 Iteration:  00000020   DeltaT:  8.933E-06   Iter/sec:  8.619E-01
 Iteration:  00000021   DeltaT:  8.933E-06   Iter/sec:  8.530E-01
 Iteration:  00000022   DeltaT:  8.933E-06   Iter/sec:  8.371E-01
 Iteration:  00000023   DeltaT:  8.933E-06   Iter/sec:  7.986E-01
 Iteration:  00000024   DeltaT:  8.933E-06   Iter/sec:  8.645E-01
 Iteration:  00000025   DeltaT:  8.933E-06   Iter/sec:  8.550E-01
 Iteration:  00000026   DeltaT:  8.933E-06   Iter/sec:  8.712E-01
 Iteration:  00000027   DeltaT:  8.933E-06   Iter/sec:  8.235E-01
 Iteration:  00000028   DeltaT:  8.933E-06   Iter/sec:  8.633E-01
 Iteration:  00000029   DeltaT:  8.933E-06   Iter/sec:  8.666E-01
 Iteration:  00000030   DeltaT:  8.933E-06   Iter/sec:  8.647E-01
 Iteration:  00000031   DeltaT:  8.933E-06   Iter/sec:  8.631E-01
 Iteration:  00000032   DeltaT:  8.933E-06   Iter/sec:  8.135E-01
 Iteration:  00000033   DeltaT:  8.933E-06   Iter/sec:  8.528E-01
 Iteration:  00000034   DeltaT:  8.933E-06   Iter/sec:  8.428E-01
 Iteration:  00000035   DeltaT:  8.933E-06   Iter/sec:  8.279E-01
 Iteration:  00000036   DeltaT:  8.933E-06   Iter/sec:  8.650E-01
 Iteration:  00000037   DeltaT:  8.933E-06   Iter/sec:  8.501E-01
 Iteration:  00000038   DeltaT:  8.933E-06   Iter/sec:  8.418E-01
 Iteration:  00000039   DeltaT:  8.933E-06   Iter/sec:  8.186E-01
 Iteration:  00000040   DeltaT:  8.933E-06   Iter/sec:  8.447E-01
 Iteration:  00000041   DeltaT:  8.933E-06   Iter/sec:  8.480E-01
 Iteration:  00000042   DeltaT:  8.933E-06   Iter/sec:  8.606E-01
 Iteration:  00000043   DeltaT:  8.933E-06   Iter/sec:  8.640E-01
 Iteration:  00000044   DeltaT:  8.933E-06   Iter/sec:  8.077E-01
 Iteration:  00000045   DeltaT:  8.933E-06   Iter/sec:  8.201E-01
 Iteration:  00000046   DeltaT:  8.933E-06   Iter/sec:  8.498E-01
 Iteration:  00000047   DeltaT:  8.933E-06   Iter/sec:  8.380E-01
 Iteration:  00000048   DeltaT:  8.933E-06   Iter/sec:  8.634E-01
 Iteration:  00000049   DeltaT:  8.933E-06   Iter/sec:  8.717E-01
 Iteration:  00000050   DeltaT:  8.933E-06   Iter/sec:  8.321E-01


//////////////////////////////////////////////
   Measured Timings for Process 0  (seconds)

 Elapsed time:        59.1429
  Column time:        10.5480
     Row time:        18.7839
Legendre time:         8.5447
     FFT time:         3.8275
   Solve time:         0.6395
    rlma time:         0.8629
    rlmb time:         0.4829
  pspace time:         8.5527
  psolve time:         5.9437
    dphi time:         0.3576
captured time:        58.5431

     iter/sec:         0.8454
//////////////////////////////////////////////
