 //////////////////////////////////////
 Initializating Rayleigh...

 -- Initalizing MPI...
 ---- Specified parameters:
 ---- NCPU  :    512
 ---- NPROW :     32
 ---- NPCOL :     16
 -- MPI initialized.


 -- Initalizing Grid...
 ---- Specified parameters ----
 ---- N_R                 :     64
 ---- N_THETA             :    192
 ---- Ell_MAX             :    127
 ---- R_MIN               :  5.38462E-01
 ---- R_MAX               :  1.53846E+00
 ---- Chebyshev Domains   :      1

        Domain 1
          Grid points           :  64
          Dealiased Polynomials :  42
          Domain Lower Bound    :  5.38462E-01
          Domain Upper Bound    :  1.53846E+00

 -- Grid initialized.

 -- Initalizing Reference State...
 ---- Specified parameters:
 ---- Reference type           :  Boussinesq (Non-dimensional)
 ---- Rayleigh Number          :  1.00000E+05
 ---- Ekman Number             :  1.00000E-03
 ---- Prandtl Number           :  1.00000E+00
 ---- Magnetic Prandtl Number  :  5.00000E+00
 -- Reference State initialized.

 -- Initializing Fields...
 ---- Specified parameters:
 ---- Hydro Init Type    : Benchmark (Christensen et al. 2001)
 ---- Magnetic Init Type : Benchmark (Christensen et al. 2001)
 -- Fields initialized.

 Initialization Complete.
 //////////////////////////////////////

 Timestep has changed from  0.00000E+00 to  1.00000E-04.
 Iteration:  00000001   DeltaT:  1.000E-04   Iter/sec:  0.000E+00
 Timestep has changed from  1.00000E-04 to  1.02217E-05.
 Iteration:  00000002   DeltaT:  1.022E-05   Iter/sec:  1.089E+01
 Iteration:  00000003   DeltaT:  1.022E-05   Iter/sec:  4.831E+01
 Iteration:  00000004   DeltaT:  1.022E-05   Iter/sec:  7.479E+01
 Iteration:  00000005   DeltaT:  1.022E-05   Iter/sec:  7.077E+01
 Iteration:  00000006   DeltaT:  1.022E-05   Iter/sec:  7.316E+01
 Iteration:  00000007   DeltaT:  1.022E-05   Iter/sec:  7.636E+01
 Iteration:  00000008   DeltaT:  1.022E-05   Iter/sec:  7.994E+01
 Iteration:  00000009   DeltaT:  1.022E-05   Iter/sec:  6.070E+01
 Iteration:  00000010   DeltaT:  1.022E-05   Iter/sec:  7.992E+01
 Iteration:  00000011   DeltaT:  1.022E-05   Iter/sec:  7.789E+01
 Iteration:  00000012   DeltaT:  1.022E-05   Iter/sec:  7.578E+01
 Iteration:  00000013   DeltaT:  1.022E-05   Iter/sec:  7.927E+01
 Iteration:  00000014   DeltaT:  1.022E-05   Iter/sec:  8.539E+01
 Iteration:  00000015   DeltaT:  1.022E-05   Iter/sec:  7.511E+01
 Iteration:  00000016   DeltaT:  1.022E-05   Iter/sec:  6.651E+01
 Iteration:  00000017   DeltaT:  1.022E-05   Iter/sec:  7.207E+01
 Iteration:  00000018   DeltaT:  1.022E-05   Iter/sec:  6.758E+01
 Iteration:  00000019   DeltaT:  1.022E-05   Iter/sec:  7.511E+01
 Iteration:  00000020   DeltaT:  1.022E-05   Iter/sec:  7.659E+01
 Iteration:  00000021   DeltaT:  1.022E-05   Iter/sec:  7.374E+01
 Iteration:  00000022   DeltaT:  1.022E-05   Iter/sec:  7.393E+01
 Iteration:  00000023   DeltaT:  1.022E-05   Iter/sec:  6.832E+01
 Iteration:  00000024   DeltaT:  1.022E-05   Iter/sec:  6.280E+01
 Iteration:  00000025   DeltaT:  1.022E-05   Iter/sec:  7.447E+01
 Iteration:  00000026   DeltaT:  1.022E-05   Iter/sec:  7.649E+01
 Iteration:  00000027   DeltaT:  1.022E-05   Iter/sec:  7.357E+01
 Iteration:  00000028   DeltaT:  1.022E-05   Iter/sec:  7.033E+01
 Iteration:  00000029   DeltaT:  1.022E-05   Iter/sec:  5.064E+01
 Iteration:  00000030   DeltaT:  1.022E-05   Iter/sec:  6.897E+01
 Iteration:  00000031   DeltaT:  1.022E-05   Iter/sec:  6.871E+01
 Iteration:  00000032   DeltaT:  1.022E-05   Iter/sec:  7.073E+01
 Iteration:  00000033   DeltaT:  1.022E-05   Iter/sec:  8.455E+01
 Iteration:  00000034   DeltaT:  1.022E-05   Iter/sec:  7.535E+01
 Iteration:  00000035   DeltaT:  1.022E-05   Iter/sec:  7.229E+01
 Iteration:  00000036   DeltaT:  1.022E-05   Iter/sec:  8.234E+01
 Iteration:  00000037   DeltaT:  1.022E-05   Iter/sec:  7.333E+01
 Iteration:  00000038   DeltaT:  1.022E-05   Iter/sec:  7.630E+01
 Iteration:  00000039   DeltaT:  1.022E-05   Iter/sec:  7.360E+01
 Iteration:  00000040   DeltaT:  1.022E-05   Iter/sec:  7.294E+01
 Iteration:  00000041   DeltaT:  1.022E-05   Iter/sec:  7.674E+01
 Iteration:  00000042   DeltaT:  1.022E-05   Iter/sec:  7.066E+01
 Iteration:  00000043   DeltaT:  1.022E-05   Iter/sec:  7.353E+01
 Iteration:  00000044   DeltaT:  1.022E-05   Iter/sec:  7.755E+01
 Iteration:  00000045   DeltaT:  1.022E-05   Iter/sec:  7.206E+01
 Iteration:  00000046   DeltaT:  1.022E-05   Iter/sec:  8.424E+01
 Iteration:  00000047   DeltaT:  1.022E-05   Iter/sec:  6.289E+01
 Iteration:  00000048   DeltaT:  1.022E-05   Iter/sec:  6.625E+01
 Iteration:  00000049   DeltaT:  1.022E-05   Iter/sec:  7.057E+01
 Iteration:  00000050   DeltaT:  1.022E-05   Iter/sec:  7.126E+01


//////////////////////////////////////////////
   Measured Timings for Process 0  (seconds)

 Elapsed time:         0.7101
  Column time:         0.2507
     Row time:         0.1899
Legendre time:         0.0492
     FFT time:         0.0379
   Solve time:         0.0632
    rlma time:         0.0124
    rlmb time:         0.0051
  pspace time:         0.0241
  psolve time:         0.0618
    dphi time:         0.0038
captured time:         0.6982

     iter/sec:        70.4116
//////////////////////////////////////////////
