 //////////////////////////////////////
 Initializating Rayleigh...

 -- Initalizing MPI...
 ---- Specified parameters:
 ---- NCPU  :    512
 ---- NPROW :     16
 ---- NPCOL :     32
 -- MPI initialized.


 -- Initalizing Grid...
 ---- Specified parameters ----
 ---- N_R                 :     64
 ---- N_THETA             :   1536
 ---- Ell_MAX             :   1023
 ---- R_MIN               :  5.38462E-01
 ---- R_MAX               :  1.53846E+00
 ---- Chebyshev Domains   :      1

        Domain 1
          Grid points           :  64
          Dealiased Polynomials :  42
          Domain Lower Bound    :  5.38462E-01
          Domain Upper Bound    :  1.53846E+00

 -- Grid initialized.

 -- Initalizing Reference State...
 ---- Specified parameters:
 ---- Reference type           :  Boussinesq (Non-dimensional)
 ---- Rayleigh Number          :  1.00000E+05
 ---- Ekman Number             :  1.00000E-03
 ---- Prandtl Number           :  1.00000E+00
 ---- Magnetic Prandtl Number  :  5.00000E+00
 -- Reference State initialized.

 -- Initializing Fields...
 ---- Specified parameters:
 ---- Hydro Init Type    : Benchmark (Christensen et al. 2001)
 ---- Magnetic Init Type : Benchmark (Christensen et al. 2001)
 -- Fields initialized.

 Initialization Complete.
 //////////////////////////////////////

 Timestep has changed from  0.00000E+00 to  1.00000E-04.
 Iteration:  00000001   DeltaT:  1.000E-04   Iter/sec:  0.000E+00
 Timestep has changed from  1.00000E-04 to  4.46409E-06.
 Iteration:  00000002   DeltaT:  4.464E-06   Iter/sec:  1.137E-01
 Iteration:  00000003   DeltaT:  4.464E-06   Iter/sec:  6.620E-01
 Iteration:  00000004   DeltaT:  4.464E-06   Iter/sec:  6.813E-01
 Iteration:  00000005   DeltaT:  4.464E-06   Iter/sec:  6.795E-01
 Iteration:  00000006   DeltaT:  4.464E-06   Iter/sec:  6.703E-01
 Iteration:  00000007   DeltaT:  4.464E-06   Iter/sec:  6.718E-01
 Iteration:  00000008   DeltaT:  4.464E-06   Iter/sec:  6.730E-01
 Iteration:  00000009   DeltaT:  4.464E-06   Iter/sec:  6.875E-01
 Iteration:  00000010   DeltaT:  4.464E-06   Iter/sec:  6.776E-01
 Iteration:  00000011   DeltaT:  4.464E-06   Iter/sec:  6.632E-01
 Iteration:  00000012   DeltaT:  4.464E-06   Iter/sec:  6.939E-01
 Iteration:  00000013   DeltaT:  4.464E-06   Iter/sec:  6.714E-01
 Iteration:  00000014   DeltaT:  4.464E-06   Iter/sec:  6.770E-01
 Iteration:  00000015   DeltaT:  4.464E-06   Iter/sec:  6.812E-01
 Iteration:  00000016   DeltaT:  4.464E-06   Iter/sec:  6.595E-01
 Iteration:  00000017   DeltaT:  4.464E-06   Iter/sec:  6.679E-01
 Iteration:  00000018   DeltaT:  4.464E-06   Iter/sec:  6.915E-01
 Iteration:  00000019   DeltaT:  4.464E-06   Iter/sec:  6.682E-01
 Iteration:  00000020   DeltaT:  4.464E-06   Iter/sec:  6.656E-01
 Iteration:  00000021   DeltaT:  4.464E-06   Iter/sec:  6.712E-01
 Iteration:  00000022   DeltaT:  4.464E-06   Iter/sec:  6.952E-01
 Iteration:  00000023   DeltaT:  4.464E-06   Iter/sec:  6.668E-01
 Iteration:  00000024   DeltaT:  4.464E-06   Iter/sec:  6.804E-01
 Iteration:  00000025   DeltaT:  4.464E-06   Iter/sec:  6.825E-01
 Iteration:  00000026   DeltaT:  4.464E-06   Iter/sec:  6.821E-01
 Iteration:  00000027   DeltaT:  4.464E-06   Iter/sec:  6.750E-01
 Iteration:  00000028   DeltaT:  4.464E-06   Iter/sec:  6.716E-01
 Iteration:  00000029   DeltaT:  4.464E-06   Iter/sec:  6.758E-01
 Iteration:  00000030   DeltaT:  4.464E-06   Iter/sec:  6.692E-01
 Iteration:  00000031   DeltaT:  4.464E-06   Iter/sec:  6.918E-01
 Iteration:  00000032   DeltaT:  4.464E-06   Iter/sec:  6.702E-01
 Iteration:  00000033   DeltaT:  4.464E-06   Iter/sec:  6.675E-01
 Iteration:  00000034   DeltaT:  4.464E-06   Iter/sec:  6.785E-01
 Iteration:  00000035   DeltaT:  4.464E-06   Iter/sec:  6.679E-01
 Iteration:  00000036   DeltaT:  4.464E-06   Iter/sec:  6.735E-01
 Iteration:  00000037   DeltaT:  4.464E-06   Iter/sec:  6.655E-01
 Iteration:  00000038   DeltaT:  4.464E-06   Iter/sec:  6.910E-01
 Iteration:  00000039   DeltaT:  4.464E-06   Iter/sec:  6.583E-01
 Iteration:  00000040   DeltaT:  4.464E-06   Iter/sec:  6.934E-01
 Iteration:  00000041   DeltaT:  4.464E-06   Iter/sec:  6.712E-01
 Iteration:  00000042   DeltaT:  4.464E-06   Iter/sec:  6.819E-01
 Iteration:  00000043   DeltaT:  4.464E-06   Iter/sec:  6.781E-01
 Iteration:  00000044   DeltaT:  4.464E-06   Iter/sec:  6.694E-01
 Iteration:  00000045   DeltaT:  4.464E-06   Iter/sec:  6.668E-01
 Iteration:  00000046   DeltaT:  4.464E-06   Iter/sec:  6.827E-01
 Iteration:  00000047   DeltaT:  4.464E-06   Iter/sec:  6.835E-01
 Iteration:  00000048   DeltaT:  4.464E-06   Iter/sec:  6.787E-01
 Iteration:  00000049   DeltaT:  4.464E-06   Iter/sec:  6.738E-01
 Iteration:  00000050   DeltaT:  4.464E-06   Iter/sec:  6.720E-01


//////////////////////////////////////////////
   Measured Timings for Process 0  (seconds)

 Elapsed time:        73.8755
  Column time:        17.2232
     Row time:        19.9445
Legendre time:        13.8626
     FFT time:         4.1521
   Solve time:         0.6269
    rlma time:         1.0456
    rlmb time:         0.5535
  pspace time:         9.2923
  psolve time:         6.0313
    dphi time:         0.5453
captured time:        73.2773

     iter/sec:         0.6768
//////////////////////////////////////////////
