 //////////////////////////////////////
 Initializating Rayleigh...

 -- Initalizing MPI...
 ---- Specified parameters:
 ---- NCPU  :   2048
 ---- NPROW :     32
 ---- NPCOL :     64
 -- MPI initialized.


 -- Initalizing Grid...
 ---- Specified parameters ----
 ---- N_R                 :     64
 ---- N_THETA             :    768
 ---- Ell_MAX             :    511
 ---- R_MIN               :  5.38462E-01
 ---- R_MAX               :  1.53846E+00
 ---- Chebyshev Domains   :      1

        Domain 1
          Grid points           :  64
          Dealiased Polynomials :  42
          Domain Lower Bound    :  5.38462E-01
          Domain Upper Bound    :  1.53846E+00

 -- Grid initialized.

 -- Initalizing Reference State...
 ---- Specified parameters:
 ---- Reference type           :  Boussinesq (Non-dimensional)
 ---- Rayleigh Number          :  1.00000E+05
 ---- Ekman Number             :  1.00000E-03
 ---- Prandtl Number           :  1.00000E+00
 ---- Magnetic Prandtl Number  :  5.00000E+00
 -- Reference State initialized.

 -- Initializing Fields...
 ---- Specified parameters:
 ---- Hydro Init Type    : Benchmark (Christensen et al. 2001)
 ---- Magnetic Init Type : Benchmark (Christensen et al. 2001)
 -- Fields initialized.

 Initialization Complete.
 //////////////////////////////////////

 Timestep has changed from  0.00000E+00 to  1.00000E-04.
 Iteration:  00000001   DeltaT:  1.000E-04   Iter/sec:  0.000E+00
 Timestep has changed from  1.00000E-04 to  8.93257E-06.
 Iteration:  00000002   DeltaT:  8.933E-06   Iter/sec:  1.103E+00
 Iteration:  00000003   DeltaT:  8.933E-06   Iter/sec:  8.892E+00
 Iteration:  00000004   DeltaT:  8.933E-06   Iter/sec:  1.156E+01
 Iteration:  00000005   DeltaT:  8.933E-06   Iter/sec:  1.225E+01
 Iteration:  00000006   DeltaT:  8.933E-06   Iter/sec:  1.189E+01
 Iteration:  00000007   DeltaT:  8.933E-06   Iter/sec:  1.261E+01
 Iteration:  00000008   DeltaT:  8.933E-06   Iter/sec:  1.130E+01
 Iteration:  00000009   DeltaT:  8.933E-06   Iter/sec:  9.443E+00
 Iteration:  00000010   DeltaT:  8.933E-06   Iter/sec:  8.857E+00
 Iteration:  00000011   DeltaT:  8.933E-06   Iter/sec:  1.167E+01
 Iteration:  00000012   DeltaT:  8.933E-06   Iter/sec:  1.257E+01
 Iteration:  00000013   DeltaT:  8.933E-06   Iter/sec:  1.155E+01
 Iteration:  00000014   DeltaT:  8.933E-06   Iter/sec:  1.248E+01
 Iteration:  00000015   DeltaT:  8.933E-06   Iter/sec:  1.116E+01
 Iteration:  00000016   DeltaT:  8.933E-06   Iter/sec:  1.235E+01
 Iteration:  00000017   DeltaT:  8.933E-06   Iter/sec:  8.777E+00
 Iteration:  00000018   DeltaT:  8.933E-06   Iter/sec:  1.250E+01
 Iteration:  00000019   DeltaT:  8.933E-06   Iter/sec:  1.170E+01
 Iteration:  00000020   DeltaT:  8.933E-06   Iter/sec:  1.282E+01
 Iteration:  00000021   DeltaT:  8.933E-06   Iter/sec:  1.183E+01
 Iteration:  00000022   DeltaT:  8.933E-06   Iter/sec:  1.024E+01
 Iteration:  00000023   DeltaT:  8.933E-06   Iter/sec:  1.208E+01
 Iteration:  00000024   DeltaT:  8.933E-06   Iter/sec:  6.884E+00
 Iteration:  00000025   DeltaT:  8.933E-06   Iter/sec:  1.421E+01
 Iteration:  00000026   DeltaT:  8.933E-06   Iter/sec:  1.101E+01
 Iteration:  00000027   DeltaT:  8.933E-06   Iter/sec:  1.211E+01
 Iteration:  00000028   DeltaT:  8.933E-06   Iter/sec:  1.185E+01
 Iteration:  00000029   DeltaT:  8.933E-06   Iter/sec:  1.118E+01
 Iteration:  00000030   DeltaT:  8.933E-06   Iter/sec:  1.170E+01
 Iteration:  00000031   DeltaT:  8.933E-06   Iter/sec:  6.959E+00
 Iteration:  00000032   DeltaT:  8.933E-06   Iter/sec:  1.543E+01
 Iteration:  00000033   DeltaT:  8.933E-06   Iter/sec:  1.212E+01
 Iteration:  00000034   DeltaT:  8.933E-06   Iter/sec:  1.198E+01
 Iteration:  00000035   DeltaT:  8.933E-06   Iter/sec:  1.199E+01
 Iteration:  00000036   DeltaT:  8.933E-06   Iter/sec:  1.265E+01
 Iteration:  00000037   DeltaT:  8.933E-06   Iter/sec:  1.040E+01
 Iteration:  00000038   DeltaT:  8.933E-06   Iter/sec:  6.406E+00
 Iteration:  00000039   DeltaT:  8.933E-06   Iter/sec:  1.515E+01
 Iteration:  00000040   DeltaT:  8.933E-06   Iter/sec:  1.201E+01
 Iteration:  00000041   DeltaT:  8.933E-06   Iter/sec:  1.183E+01
 Iteration:  00000042   DeltaT:  8.933E-06   Iter/sec:  1.193E+01
 Iteration:  00000043   DeltaT:  8.933E-06   Iter/sec:  1.206E+01
 Iteration:  00000044   DeltaT:  8.933E-06   Iter/sec:  1.251E+01
 Iteration:  00000045   DeltaT:  8.933E-06   Iter/sec:  1.134E+01
 Iteration:  00000046   DeltaT:  8.933E-06   Iter/sec:  7.423E+00
 Iteration:  00000047   DeltaT:  8.933E-06   Iter/sec:  1.221E+01
 Iteration:  00000048   DeltaT:  8.933E-06   Iter/sec:  1.259E+01
 Iteration:  00000049   DeltaT:  8.933E-06   Iter/sec:  1.246E+01
 Iteration:  00000050   DeltaT:  8.933E-06   Iter/sec:  1.236E+01


//////////////////////////////////////////////
   Measured Timings for Process 0  (seconds)

 Elapsed time:         4.5392
  Column time:         1.8358
     Row time:         1.1923
Legendre time:         0.5634
     FFT time:         0.3040
   Solve time:         0.0813
    rlma time:         0.0662
    rlmb time:         0.0278
  pspace time:         0.2217
  psolve time:         0.1940
    dphi time:         0.0240
captured time:         4.5103

     iter/sec:        11.0151
//////////////////////////////////////////////
