 //////////////////////////////////////
 Initializating Rayleigh...

 -- Initalizing MPI...
 ---- Specified parameters:
 ---- NCPU  :   1024
 ---- NPROW :     16
 ---- NPCOL :     64
 -- MPI initialized.


 -- Initalizing Grid...
 ---- Specified parameters ----
 ---- N_R                 :    128
 ---- N_THETA             :    768
 ---- Ell_MAX             :    511
 ---- R_MIN               :  5.38462E-01
 ---- R_MAX               :  1.53846E+00
 ---- Chebyshev Domains   :      1

        Domain 1
          Grid points           :  128
          Dealiased Polynomials :  85
          Domain Lower Bound    :  5.38462E-01
          Domain Upper Bound    :  1.53846E+00

 -- Grid initialized.

 -- Initalizing Reference State...
 ---- Specified parameters:
 ---- Reference type           :  Boussinesq (Non-dimensional)
 ---- Rayleigh Number          :  1.00000E+05
 ---- Ekman Number             :  1.00000E-03
 ---- Prandtl Number           :  1.00000E+00
 ---- Magnetic Prandtl Number  :  5.00000E+00
 -- Reference State initialized.

 -- Initializing Fields...
 ---- Specified parameters:
 ---- Hydro Init Type    : Benchmark (Christensen et al. 2001)
 ---- Magnetic Init Type : Benchmark (Christensen et al. 2001)
 -- Fields initialized.

 Initialization Complete.
 //////////////////////////////////////

 Timestep has changed from  0.00000E+00 to  1.00000E-04.
 Iteration:  00000001   DeltaT:  1.000E-04   Iter/sec:  0.000E+00
 Timestep has changed from  1.00000E-04 to  2.55562E-06.
 Iteration:  00000002   DeltaT:  2.556E-06   Iter/sec:  7.047E-01
 Iteration:  00000003   DeltaT:  2.556E-06   Iter/sec:  2.487E+00
 Iteration:  00000004   DeltaT:  2.556E-06   Iter/sec:  2.742E+00
 Iteration:  00000005   DeltaT:  2.556E-06   Iter/sec:  2.796E+00
 Iteration:  00000006   DeltaT:  2.556E-06   Iter/sec:  2.740E+00
 Iteration:  00000007   DeltaT:  2.556E-06   Iter/sec:  2.773E+00
 Iteration:  00000008   DeltaT:  2.556E-06   Iter/sec:  2.818E+00
 Iteration:  00000009   DeltaT:  2.556E-06   Iter/sec:  2.821E+00
 Iteration:  00000010   DeltaT:  2.556E-06   Iter/sec:  2.752E+00
 Iteration:  00000011   DeltaT:  2.556E-06   Iter/sec:  2.805E+00
 Iteration:  00000012   DeltaT:  2.556E-06   Iter/sec:  2.821E+00
 Iteration:  00000013   DeltaT:  2.556E-06   Iter/sec:  2.826E+00
 Iteration:  00000014   DeltaT:  2.556E-06   Iter/sec:  2.588E+00
 Iteration:  00000015   DeltaT:  2.556E-06   Iter/sec:  2.768E+00
 Iteration:  00000016   DeltaT:  2.556E-06   Iter/sec:  2.872E+00
 Iteration:  00000017   DeltaT:  2.556E-06   Iter/sec:  2.788E+00
 Iteration:  00000018   DeltaT:  2.556E-06   Iter/sec:  2.760E+00
 Iteration:  00000019   DeltaT:  2.556E-06   Iter/sec:  2.859E+00
 Iteration:  00000020   DeltaT:  2.556E-06   Iter/sec:  2.805E+00
 Iteration:  00000021   DeltaT:  2.556E-06   Iter/sec:  2.807E+00
 Iteration:  00000022   DeltaT:  2.556E-06   Iter/sec:  2.778E+00
 Iteration:  00000023   DeltaT:  2.556E-06   Iter/sec:  2.818E+00
 Iteration:  00000024   DeltaT:  2.556E-06   Iter/sec:  2.617E+00
 Iteration:  00000025   DeltaT:  2.556E-06   Iter/sec:  2.904E+00
 Iteration:  00000026   DeltaT:  2.556E-06   Iter/sec:  2.608E+00
 Iteration:  00000027   DeltaT:  2.556E-06   Iter/sec:  2.836E+00
 Iteration:  00000028   DeltaT:  2.556E-06   Iter/sec:  2.795E+00
 Iteration:  00000029   DeltaT:  2.556E-06   Iter/sec:  2.694E+00
 Iteration:  00000030   DeltaT:  2.556E-06   Iter/sec:  2.837E+00
 Iteration:  00000031   DeltaT:  2.556E-06   Iter/sec:  2.876E+00
 Iteration:  00000032   DeltaT:  2.556E-06   Iter/sec:  2.761E+00
 Iteration:  00000033   DeltaT:  2.556E-06   Iter/sec:  2.834E+00
 Iteration:  00000034   DeltaT:  2.556E-06   Iter/sec:  2.874E+00
 Iteration:  00000035   DeltaT:  2.556E-06   Iter/sec:  2.733E+00
 Iteration:  00000036   DeltaT:  2.556E-06   Iter/sec:  2.806E+00
 Iteration:  00000037   DeltaT:  2.556E-06   Iter/sec:  2.770E+00
 Iteration:  00000038   DeltaT:  2.556E-06   Iter/sec:  2.816E+00
 Iteration:  00000039   DeltaT:  2.556E-06   Iter/sec:  2.885E+00
 Iteration:  00000040   DeltaT:  2.556E-06   Iter/sec:  2.827E+00
 Iteration:  00000041   DeltaT:  2.556E-06   Iter/sec:  2.784E+00
 Iteration:  00000042   DeltaT:  2.556E-06   Iter/sec:  2.806E+00
 Iteration:  00000043   DeltaT:  2.556E-06   Iter/sec:  2.799E+00
 Iteration:  00000044   DeltaT:  2.556E-06   Iter/sec:  2.873E+00
 Iteration:  00000045   DeltaT:  2.556E-06   Iter/sec:  2.808E+00
 Iteration:  00000046   DeltaT:  2.556E-06   Iter/sec:  2.780E+00
 Iteration:  00000047   DeltaT:  2.556E-06   Iter/sec:  2.825E+00
 Iteration:  00000048   DeltaT:  2.556E-06   Iter/sec:  2.742E+00
 Iteration:  00000049   DeltaT:  2.556E-06   Iter/sec:  2.829E+00
 Iteration:  00000050   DeltaT:  2.556E-06   Iter/sec:  2.686E+00


//////////////////////////////////////////////
   Measured Timings for Process 0  (seconds)

 Elapsed time:        17.9985
  Column time:         5.1720
     Row time:         4.8413
Legendre time:         2.2158
     FFT time:         0.9632
   Solve time:         0.4552
    rlma time:         0.2236
    rlmb time:         0.0929
  pspace time:         2.1867
  psolve time:         1.5666
    dphi time:         0.1314
captured time:        17.8487

     iter/sec:         2.7780
//////////////////////////////////////////////
