 //////////////////////////////////////
 Initializating Rayleigh...

 -- Initalizing MPI...
 ---- Specified parameters:
 ---- NCPU  :    128
 ---- NPROW :     16
 ---- NPCOL :      8
 -- MPI initialized.


 -- Initalizing Grid...
 ---- Specified parameters ----
 ---- N_R                 :    128
 ---- N_THETA             :    384
 ---- Ell_MAX             :    255
 ---- R_MIN               :  5.38462E-01
 ---- R_MAX               :  1.53846E+00
 ---- Chebyshev Domains   :      1

        Domain 1
          Grid points           :  128
          Dealiased Polynomials :  85
          Domain Lower Bound    :  5.38462E-01
          Domain Upper Bound    :  1.53846E+00

 -- Grid initialized.

 -- Initalizing Reference State...
 ---- Specified parameters:
 ---- Reference type           :  Boussinesq (Non-dimensional)
 ---- Rayleigh Number          :  1.00000E+05
 ---- Ekman Number             :  1.00000E-03
 ---- Prandtl Number           :  1.00000E+00
 ---- Magnetic Prandtl Number  :  5.00000E+00
 -- Reference State initialized.

 -- Initializing Fields...
 ---- Specified parameters:
 ---- Hydro Init Type    : Benchmark (Christensen et al. 2001)
 ---- Magnetic Init Type : Benchmark (Christensen et al. 2001)
 -- Fields initialized.

 Initialization Complete.
 //////////////////////////////////////

 Timestep has changed from  0.00000E+00 to  1.00000E-04.
 Iteration:  00000001   DeltaT:  1.000E-04   Iter/sec:  0.000E+00
 Timestep has changed from  1.00000E-04 to  2.55566E-06.
 Iteration:  00000002   DeltaT:  2.556E-06   Iter/sec:  1.024E+00
 Iteration:  00000003   DeltaT:  2.556E-06   Iter/sec:  1.321E+00
 Iteration:  00000004   DeltaT:  2.556E-06   Iter/sec:  1.602E+00
 Iteration:  00000005   DeltaT:  2.556E-06   Iter/sec:  1.615E+00
 Iteration:  00000006   DeltaT:  2.556E-06   Iter/sec:  1.680E+00
 Iteration:  00000007   DeltaT:  2.556E-06   Iter/sec:  1.698E+00
 Iteration:  00000008   DeltaT:  2.556E-06   Iter/sec:  1.596E+00
 Iteration:  00000009   DeltaT:  2.556E-06   Iter/sec:  1.536E+00
 Iteration:  00000010   DeltaT:  2.556E-06   Iter/sec:  1.583E+00
 Iteration:  00000011   DeltaT:  2.556E-06   Iter/sec:  1.549E+00
 Iteration:  00000012   DeltaT:  2.556E-06   Iter/sec:  1.526E+00
 Iteration:  00000013   DeltaT:  2.556E-06   Iter/sec:  1.533E+00
 Iteration:  00000014   DeltaT:  2.556E-06   Iter/sec:  1.515E+00
 Iteration:  00000015   DeltaT:  2.556E-06   Iter/sec:  1.584E+00
 Iteration:  00000016   DeltaT:  2.556E-06   Iter/sec:  1.583E+00
 Iteration:  00000017   DeltaT:  2.556E-06   Iter/sec:  1.575E+00
 Iteration:  00000018   DeltaT:  2.556E-06   Iter/sec:  1.575E+00
 Iteration:  00000019   DeltaT:  2.556E-06   Iter/sec:  1.722E+00
 Iteration:  00000020   DeltaT:  2.556E-06   Iter/sec:  1.708E+00
 Iteration:  00000021   DeltaT:  2.556E-06   Iter/sec:  1.696E+00
 Iteration:  00000022   DeltaT:  2.556E-06   Iter/sec:  1.785E+00
 Iteration:  00000023   DeltaT:  2.556E-06   Iter/sec:  1.759E+00
 Iteration:  00000024   DeltaT:  2.556E-06   Iter/sec:  1.756E+00
 Iteration:  00000025   DeltaT:  2.556E-06   Iter/sec:  1.537E+00
 Iteration:  00000026   DeltaT:  2.556E-06   Iter/sec:  1.653E+00
 Iteration:  00000027   DeltaT:  2.556E-06   Iter/sec:  1.765E+00
 Iteration:  00000028   DeltaT:  2.556E-06   Iter/sec:  1.687E+00
 Iteration:  00000029   DeltaT:  2.556E-06   Iter/sec:  1.582E+00
 Iteration:  00000030   DeltaT:  2.556E-06   Iter/sec:  1.563E+00
 Iteration:  00000031   DeltaT:  2.556E-06   Iter/sec:  1.580E+00
 Iteration:  00000032   DeltaT:  2.556E-06   Iter/sec:  1.721E+00
 Iteration:  00000033   DeltaT:  2.556E-06   Iter/sec:  1.711E+00
 Iteration:  00000034   DeltaT:  2.556E-06   Iter/sec:  1.683E+00
 Iteration:  00000035   DeltaT:  2.556E-06   Iter/sec:  1.732E+00
 Iteration:  00000036   DeltaT:  2.556E-06   Iter/sec:  1.718E+00
 Iteration:  00000037   DeltaT:  2.556E-06   Iter/sec:  1.766E+00
 Iteration:  00000038   DeltaT:  2.556E-06   Iter/sec:  1.623E+00
 Iteration:  00000039   DeltaT:  2.556E-06   Iter/sec:  1.636E+00
 Iteration:  00000040   DeltaT:  2.556E-06   Iter/sec:  1.725E+00
 Iteration:  00000041   DeltaT:  2.556E-06   Iter/sec:  1.663E+00
 Iteration:  00000042   DeltaT:  2.556E-06   Iter/sec:  1.582E+00
 Iteration:  00000043   DeltaT:  2.556E-06   Iter/sec:  1.548E+00
 Iteration:  00000044   DeltaT:  2.556E-06   Iter/sec:  1.570E+00
 Iteration:  00000045   DeltaT:  2.556E-06   Iter/sec:  1.501E+00
 Iteration:  00000046   DeltaT:  2.556E-06   Iter/sec:  1.606E+00
 Iteration:  00000047   DeltaT:  2.556E-06   Iter/sec:  1.623E+00
 Iteration:  00000048   DeltaT:  2.556E-06   Iter/sec:  1.709E+00
 Iteration:  00000049   DeltaT:  2.556E-06   Iter/sec:  1.695E+00
 Iteration:  00000050   DeltaT:  2.556E-06   Iter/sec:  1.757E+00


//////////////////////////////////////////////
   Measured Timings for Process 0  (seconds)

 Elapsed time:        30.7827
  Column time:         4.8154
     Row time:        10.0615
Legendre time:         3.7987
     FFT time:         1.9448
   Solve time:         0.9899
    rlma time:         0.4805
    rlmb time:         0.1894
  pspace time:         4.4837
  psolve time:         3.4125
    dphi time:         0.2162
captured time:        30.3925

     iter/sec:         1.6243
//////////////////////////////////////////////
