 //////////////////////////////////////
 Initializating Rayleigh...

 -- Initalizing MPI...
 ---- Specified parameters:
 ---- NCPU  :     64
 ---- NPROW :     16
 ---- NPCOL :      4
 -- MPI initialized.


 -- Initalizing Grid...
 ---- Specified parameters ----
 ---- N_R                 :     64
 ---- N_THETA             :    384
 ---- Ell_MAX             :    255
 ---- R_MIN               :  5.38462E-01
 ---- R_MAX               :  1.53846E+00
 ---- Chebyshev Domains   :      1

        Domain 1
          Grid points           :  64
          Dealiased Polynomials :  42
          Domain Lower Bound    :  5.38462E-01
          Domain Upper Bound    :  1.53846E+00

 -- Grid initialized.

 -- Initalizing Reference State...
 ---- Specified parameters:
 ---- Reference type           :  Boussinesq (Non-dimensional)
 ---- Rayleigh Number          :  1.00000E+05
 ---- Ekman Number             :  1.00000E-03
 ---- Prandtl Number           :  1.00000E+00
 ---- Magnetic Prandtl Number  :  5.00000E+00
 -- Reference State initialized.

 -- Initializing Fields...
 ---- Specified parameters:
 ---- Hydro Init Type    : Benchmark (Christensen et al. 2001)
 ---- Magnetic Init Type : Benchmark (Christensen et al. 2001)
 -- Fields initialized.

 Initialization Complete.
 //////////////////////////////////////

 Timestep has changed from  0.00000E+00 to  1.00000E-04.
 Iteration:  00000001   DeltaT:  1.000E-04   Iter/sec:  0.000E+00
 Timestep has changed from  1.00000E-04 to  1.02211E-05.
 Iteration:  00000002   DeltaT:  1.022E-05   Iter/sec:  9.769E-01
 Iteration:  00000003   DeltaT:  1.022E-05   Iter/sec:  1.660E+00
 Iteration:  00000004   DeltaT:  1.022E-05   Iter/sec:  1.858E+00
 Iteration:  00000005   DeltaT:  1.022E-05   Iter/sec:  1.787E+00
 Iteration:  00000006   DeltaT:  1.022E-05   Iter/sec:  1.853E+00
 Iteration:  00000007   DeltaT:  1.022E-05   Iter/sec:  1.812E+00
 Iteration:  00000008   DeltaT:  1.022E-05   Iter/sec:  1.829E+00
 Iteration:  00000009   DeltaT:  1.022E-05   Iter/sec:  1.802E+00
 Iteration:  00000010   DeltaT:  1.022E-05   Iter/sec:  1.880E+00
 Iteration:  00000011   DeltaT:  1.022E-05   Iter/sec:  1.762E+00
 Iteration:  00000012   DeltaT:  1.022E-05   Iter/sec:  1.823E+00
 Iteration:  00000013   DeltaT:  1.022E-05   Iter/sec:  1.848E+00
 Iteration:  00000014   DeltaT:  1.022E-05   Iter/sec:  1.861E+00
 Iteration:  00000015   DeltaT:  1.022E-05   Iter/sec:  1.818E+00
 Iteration:  00000016   DeltaT:  1.022E-05   Iter/sec:  1.785E+00
 Iteration:  00000017   DeltaT:  1.022E-05   Iter/sec:  1.865E+00
 Iteration:  00000018   DeltaT:  1.022E-05   Iter/sec:  1.821E+00
 Iteration:  00000019   DeltaT:  1.022E-05   Iter/sec:  1.859E+00
 Iteration:  00000020   DeltaT:  1.022E-05   Iter/sec:  1.865E+00
 Iteration:  00000021   DeltaT:  1.022E-05   Iter/sec:  1.795E+00
 Iteration:  00000022   DeltaT:  1.022E-05   Iter/sec:  1.789E+00
 Iteration:  00000023   DeltaT:  1.022E-05   Iter/sec:  1.845E+00
 Iteration:  00000024   DeltaT:  1.022E-05   Iter/sec:  1.840E+00
 Iteration:  00000025   DeltaT:  1.022E-05   Iter/sec:  1.847E+00
 Iteration:  00000026   DeltaT:  1.022E-05   Iter/sec:  1.764E+00
 Iteration:  00000027   DeltaT:  1.022E-05   Iter/sec:  1.894E+00
 Iteration:  00000028   DeltaT:  1.022E-05   Iter/sec:  1.865E+00
 Iteration:  00000029   DeltaT:  1.022E-05   Iter/sec:  1.840E+00
 Iteration:  00000030   DeltaT:  1.022E-05   Iter/sec:  1.850E+00
 Iteration:  00000031   DeltaT:  1.022E-05   Iter/sec:  1.836E+00
 Iteration:  00000032   DeltaT:  1.022E-05   Iter/sec:  1.773E+00
 Iteration:  00000033   DeltaT:  1.022E-05   Iter/sec:  1.899E+00
 Iteration:  00000034   DeltaT:  1.022E-05   Iter/sec:  1.778E+00
 Iteration:  00000035   DeltaT:  1.022E-05   Iter/sec:  1.900E+00
 Iteration:  00000036   DeltaT:  1.022E-05   Iter/sec:  1.817E+00
 Iteration:  00000037   DeltaT:  1.022E-05   Iter/sec:  1.855E+00
 Iteration:  00000038   DeltaT:  1.022E-05   Iter/sec:  1.866E+00
 Iteration:  00000039   DeltaT:  1.022E-05   Iter/sec:  1.857E+00
 Iteration:  00000040   DeltaT:  1.022E-05   Iter/sec:  1.847E+00
 Iteration:  00000041   DeltaT:  1.022E-05   Iter/sec:  1.780E+00
 Iteration:  00000042   DeltaT:  1.022E-05   Iter/sec:  1.902E+00
 Iteration:  00000043   DeltaT:  1.022E-05   Iter/sec:  1.775E+00
 Iteration:  00000044   DeltaT:  1.022E-05   Iter/sec:  1.820E+00
 Iteration:  00000045   DeltaT:  1.022E-05   Iter/sec:  1.799E+00
 Iteration:  00000046   DeltaT:  1.022E-05   Iter/sec:  1.891E+00
 Iteration:  00000047   DeltaT:  1.022E-05   Iter/sec:  1.804E+00
 Iteration:  00000048   DeltaT:  1.022E-05   Iter/sec:  1.833E+00
 Iteration:  00000049   DeltaT:  1.022E-05   Iter/sec:  1.856E+00
 Iteration:  00000050   DeltaT:  1.022E-05   Iter/sec:  1.821E+00


//////////////////////////////////////////////
   Measured Timings for Process 0  (seconds)

 Elapsed time:        27.4166
  Column time:         2.8771
     Row time:         9.2575
Legendre time:         3.8826
     FFT time:         1.9395
   Solve time:         0.5350
    rlma time:         0.4878
    rlmb time:         0.1972
  pspace time:         4.4666
  psolve time:         3.2191
    dphi time:         0.2137
captured time:        27.0761

     iter/sec:         1.8237
//////////////////////////////////////////////
