 //////////////////////////////////////
 Initializating Rayleigh...

 -- Initalizing MPI...
 ---- Specified parameters:
 ---- NCPU  :   1024
 ---- NPROW :     64
 ---- NPCOL :     16
 -- MPI initialized.


 -- Initalizing Grid...
 ---- Specified parameters ----
 ---- N_R                 :    128
 ---- N_THETA             :    768
 ---- Ell_MAX             :    511
 ---- R_MIN               :  5.38462E-01
 ---- R_MAX               :  1.53846E+00
 ---- Chebyshev Domains   :      1

        Domain 1
          Grid points           :  128
          Dealiased Polynomials :  85
          Domain Lower Bound    :  5.38462E-01
          Domain Upper Bound    :  1.53846E+00

 -- Grid initialized.

 -- Initalizing Reference State...
 ---- Specified parameters:
 ---- Reference type           :  Boussinesq (Non-dimensional)
 ---- Rayleigh Number          :  1.00000E+05
 ---- Ekman Number             :  1.00000E-03
 ---- Prandtl Number           :  1.00000E+00
 ---- Magnetic Prandtl Number  :  5.00000E+00
 -- Reference State initialized.

 -- Initializing Fields...
 ---- Specified parameters:
 ---- Hydro Init Type    : Benchmark (Christensen et al. 2001)
 ---- Magnetic Init Type : Benchmark (Christensen et al. 2001)
 -- Fields initialized.

 Initialization Complete.
 //////////////////////////////////////

 Timestep has changed from  0.00000E+00 to  1.00000E-04.
 Iteration:  00000001   DeltaT:  1.000E-04   Iter/sec:  0.000E+00
 Timestep has changed from  1.00000E-04 to  2.55562E-06.
 Iteration:  00000002   DeltaT:  2.556E-06   Iter/sec:  9.720E-01
 Iteration:  00000003   DeltaT:  2.556E-06   Iter/sec:  1.835E+00
 Iteration:  00000004   DeltaT:  2.556E-06   Iter/sec:  2.492E+00
 Iteration:  00000005   DeltaT:  2.556E-06   Iter/sec:  2.521E+00
 Iteration:  00000006   DeltaT:  2.556E-06   Iter/sec:  2.542E+00
 Iteration:  00000007   DeltaT:  2.556E-06   Iter/sec:  2.542E+00
 Iteration:  00000008   DeltaT:  2.556E-06   Iter/sec:  2.490E+00
 Iteration:  00000009   DeltaT:  2.556E-06   Iter/sec:  2.520E+00
 Iteration:  00000010   DeltaT:  2.556E-06   Iter/sec:  2.530E+00
 Iteration:  00000011   DeltaT:  2.556E-06   Iter/sec:  2.481E+00
 Iteration:  00000012   DeltaT:  2.556E-06   Iter/sec:  2.486E+00
 Iteration:  00000013   DeltaT:  2.556E-06   Iter/sec:  2.439E+00
 Iteration:  00000014   DeltaT:  2.556E-06   Iter/sec:  2.547E+00
 Iteration:  00000015   DeltaT:  2.556E-06   Iter/sec:  2.504E+00
 Iteration:  00000016   DeltaT:  2.556E-06   Iter/sec:  2.475E+00
 Iteration:  00000017   DeltaT:  2.556E-06   Iter/sec:  2.509E+00
 Iteration:  00000018   DeltaT:  2.556E-06   Iter/sec:  2.500E+00
 Iteration:  00000019   DeltaT:  2.556E-06   Iter/sec:  2.516E+00
 Iteration:  00000020   DeltaT:  2.556E-06   Iter/sec:  2.503E+00
 Iteration:  00000021   DeltaT:  2.556E-06   Iter/sec:  2.521E+00
 Iteration:  00000022   DeltaT:  2.556E-06   Iter/sec:  2.426E+00
 Iteration:  00000023   DeltaT:  2.556E-06   Iter/sec:  2.522E+00
 Iteration:  00000024   DeltaT:  2.556E-06   Iter/sec:  2.368E+00
 Iteration:  00000025   DeltaT:  2.556E-06   Iter/sec:  2.572E+00
 Iteration:  00000026   DeltaT:  2.556E-06   Iter/sec:  2.499E+00
 Iteration:  00000027   DeltaT:  2.556E-06   Iter/sec:  2.555E+00
 Iteration:  00000028   DeltaT:  2.556E-06   Iter/sec:  2.452E+00
 Iteration:  00000029   DeltaT:  2.556E-06   Iter/sec:  2.518E+00
 Iteration:  00000030   DeltaT:  2.556E-06   Iter/sec:  2.454E+00
 Iteration:  00000031   DeltaT:  2.556E-06   Iter/sec:  2.542E+00
 Iteration:  00000032   DeltaT:  2.556E-06   Iter/sec:  2.501E+00
 Iteration:  00000033   DeltaT:  2.556E-06   Iter/sec:  2.571E+00
 Iteration:  00000034   DeltaT:  2.556E-06   Iter/sec:  2.522E+00
 Iteration:  00000035   DeltaT:  2.556E-06   Iter/sec:  2.549E+00
 Iteration:  00000036   DeltaT:  2.556E-06   Iter/sec:  2.510E+00
 Iteration:  00000037   DeltaT:  2.556E-06   Iter/sec:  2.507E+00
 Iteration:  00000038   DeltaT:  2.556E-06   Iter/sec:  2.573E+00
 Iteration:  00000039   DeltaT:  2.556E-06   Iter/sec:  2.490E+00
 Iteration:  00000040   DeltaT:  2.556E-06   Iter/sec:  2.537E+00
 Iteration:  00000041   DeltaT:  2.556E-06   Iter/sec:  2.529E+00
 Iteration:  00000042   DeltaT:  2.556E-06   Iter/sec:  2.528E+00
 Iteration:  00000043   DeltaT:  2.556E-06   Iter/sec:  2.485E+00
 Iteration:  00000044   DeltaT:  2.556E-06   Iter/sec:  2.486E+00
 Iteration:  00000045   DeltaT:  2.556E-06   Iter/sec:  2.478E+00
 Iteration:  00000046   DeltaT:  2.556E-06   Iter/sec:  2.541E+00
 Iteration:  00000047   DeltaT:  2.556E-06   Iter/sec:  2.499E+00
 Iteration:  00000048   DeltaT:  2.556E-06   Iter/sec:  2.566E+00
 Iteration:  00000049   DeltaT:  2.556E-06   Iter/sec:  2.484E+00
 Iteration:  00000050   DeltaT:  2.556E-06   Iter/sec:  2.499E+00


//////////////////////////////////////////////
   Measured Timings for Process 0  (seconds)

 Elapsed time:        20.2335
  Column time:         4.3243
     Row time:         7.6429
Legendre time:         2.3233
     FFT time:         0.9706
   Solve time:         0.7664
    rlma time:         0.1761
    rlmb time:         0.0745
  pspace time:         2.0191
  psolve time:         1.6935
    dphi time:         0.1016
captured time:        20.0923

     iter/sec:         2.4712
//////////////////////////////////////////////
