 //////////////////////////////////////
 Initializating Rayleigh...

 -- Initalizing MPI...
 ---- Specified parameters:
 ---- NCPU  :   1024
 ---- NPROW :     32
 ---- NPCOL :     32
 -- MPI initialized.


 -- Initalizing Grid...
 ---- Specified parameters ----
 ---- N_R                 :    128
 ---- N_THETA             :   1536
 ---- Ell_MAX             :   1023
 ---- R_MIN               :  5.38462E-01
 ---- R_MAX               :  1.53846E+00
 ---- Chebyshev Domains   :      1

        Domain 1
          Grid points           :  128
          Dealiased Polynomials :  85
          Domain Lower Bound    :  5.38462E-01
          Domain Upper Bound    :  1.53846E+00

 -- Grid initialized.

 -- Initalizing Reference State...
 ---- Specified parameters:
 ---- Reference type           :  Boussinesq (Non-dimensional)
 ---- Rayleigh Number          :  1.00000E+05
 ---- Ekman Number             :  1.00000E-03
 ---- Prandtl Number           :  1.00000E+00
 ---- Magnetic Prandtl Number  :  5.00000E+00
 -- Reference State initialized.

 -- Initializing Fields...
 ---- Specified parameters:
 ---- Hydro Init Type    : Benchmark (Christensen et al. 2001)
 ---- Magnetic Init Type : Benchmark (Christensen et al. 2001)
 -- Fields initialized.

 Initialization Complete.
 //////////////////////////////////////

 Timestep has changed from  0.00000E+00 to  1.00000E-04.
 Iteration:  00000001   DeltaT:  1.000E-04   Iter/sec:  0.000E+00
 Timestep has changed from  1.00000E-04 to  2.55561E-06.
 Iteration:  00000002   DeltaT:  2.556E-06   Iter/sec:  1.778E-01
 Iteration:  00000003   DeltaT:  2.556E-06   Iter/sec:  5.795E-01
 Iteration:  00000004   DeltaT:  2.556E-06   Iter/sec:  6.326E-01
 Iteration:  00000005   DeltaT:  2.556E-06   Iter/sec:  6.090E-01
 Iteration:  00000006   DeltaT:  2.556E-06   Iter/sec:  6.350E-01
 Iteration:  00000007   DeltaT:  2.556E-06   Iter/sec:  6.194E-01
 Iteration:  00000008   DeltaT:  2.556E-06   Iter/sec:  6.288E-01
 Iteration:  00000009   DeltaT:  2.556E-06   Iter/sec:  6.236E-01
 Iteration:  00000010   DeltaT:  2.556E-06   Iter/sec:  6.105E-01
 Iteration:  00000011   DeltaT:  2.556E-06   Iter/sec:  6.213E-01
 Iteration:  00000012   DeltaT:  2.556E-06   Iter/sec:  6.227E-01
 Iteration:  00000013   DeltaT:  2.556E-06   Iter/sec:  6.160E-01
 Iteration:  00000014   DeltaT:  2.556E-06   Iter/sec:  6.277E-01
 Iteration:  00000015   DeltaT:  2.556E-06   Iter/sec:  6.339E-01
 Iteration:  00000016   DeltaT:  2.556E-06   Iter/sec:  6.151E-01
 Iteration:  00000017   DeltaT:  2.556E-06   Iter/sec:  6.265E-01
 Iteration:  00000018   DeltaT:  2.556E-06   Iter/sec:  6.149E-01
 Iteration:  00000019   DeltaT:  2.556E-06   Iter/sec:  6.244E-01
 Iteration:  00000020   DeltaT:  2.556E-06   Iter/sec:  6.150E-01
 Iteration:  00000021   DeltaT:  2.556E-06   Iter/sec:  6.148E-01
 Iteration:  00000022   DeltaT:  2.556E-06   Iter/sec:  6.284E-01
 Iteration:  00000023   DeltaT:  2.556E-06   Iter/sec:  6.167E-01
 Iteration:  00000024   DeltaT:  2.556E-06   Iter/sec:  6.240E-01
 Iteration:  00000025   DeltaT:  2.556E-06   Iter/sec:  6.077E-01
 Iteration:  00000026   DeltaT:  2.556E-06   Iter/sec:  6.076E-01
 Iteration:  00000027   DeltaT:  2.556E-06   Iter/sec:  6.255E-01
 Iteration:  00000028   DeltaT:  2.556E-06   Iter/sec:  6.114E-01
 Iteration:  00000029   DeltaT:  2.556E-06   Iter/sec:  6.242E-01
 Iteration:  00000030   DeltaT:  2.556E-06   Iter/sec:  6.203E-01
 Iteration:  00000031   DeltaT:  2.556E-06   Iter/sec:  6.166E-01
 Iteration:  00000032   DeltaT:  2.556E-06   Iter/sec:  6.268E-01
 Iteration:  00000033   DeltaT:  2.556E-06   Iter/sec:  6.184E-01
 Iteration:  00000034   DeltaT:  2.556E-06   Iter/sec:  6.168E-01
 Iteration:  00000035   DeltaT:  2.556E-06   Iter/sec:  6.111E-01
 Iteration:  00000036   DeltaT:  2.556E-06   Iter/sec:  6.349E-01
 Iteration:  00000037   DeltaT:  2.556E-06   Iter/sec:  5.963E-01
 Iteration:  00000038   DeltaT:  2.556E-06   Iter/sec:  6.268E-01
 Iteration:  00000039   DeltaT:  2.556E-06   Iter/sec:  6.130E-01
 Iteration:  00000040   DeltaT:  2.556E-06   Iter/sec:  6.323E-01
 Iteration:  00000041   DeltaT:  2.556E-06   Iter/sec:  6.130E-01
 Iteration:  00000042   DeltaT:  2.556E-06   Iter/sec:  6.208E-01
 Iteration:  00000043   DeltaT:  2.556E-06   Iter/sec:  6.378E-01
 Iteration:  00000044   DeltaT:  2.556E-06   Iter/sec:  6.268E-01
 Iteration:  00000045   DeltaT:  2.556E-06   Iter/sec:  6.274E-01
 Iteration:  00000046   DeltaT:  2.556E-06   Iter/sec:  6.019E-01
 Iteration:  00000047   DeltaT:  2.556E-06   Iter/sec:  6.081E-01
 Iteration:  00000048   DeltaT:  2.556E-06   Iter/sec:  6.390E-01
 Iteration:  00000049   DeltaT:  2.556E-06   Iter/sec:  6.400E-01
 Iteration:  00000050   DeltaT:  2.556E-06   Iter/sec:  6.122E-01


//////////////////////////////////////////////
   Measured Timings for Process 0  (seconds)

 Elapsed time:        80.8570
  Column time:        23.0526
     Row time:        22.0666
Legendre time:        12.5994
     FFT time:         4.2377
   Solve time:         1.3574
    rlma time:         0.8061
    rlmb time:         0.4562
  pspace time:         8.8659
  psolve time:         6.3662
    dphi time:         0.4208
captured time:        80.2289

     iter/sec:         0.6184
//////////////////////////////////////////////
