 //////////////////////////////////////
 Initializating Rayleigh...

 -- Initalizing MPI...
 ---- Specified parameters:
 ---- NCPU  :    256
 ---- NPROW :      8
 ---- NPCOL :     32
 -- MPI initialized.


 -- Initalizing Grid...
 ---- Specified parameters ----
 ---- N_R                 :     64
 ---- N_THETA             :    192
 ---- Ell_MAX             :    127
 ---- R_MIN               :  5.38462E-01
 ---- R_MAX               :  1.53846E+00
 ---- Chebyshev Domains   :      1

        Domain 1
          Grid points           :  64
          Dealiased Polynomials :  42
          Domain Lower Bound    :  5.38462E-01
          Domain Upper Bound    :  1.53846E+00

 -- Grid initialized.

 -- Initalizing Reference State...
 ---- Specified parameters:
 ---- Reference type           :  Boussinesq (Non-dimensional)
 ---- Rayleigh Number          :  1.00000E+05
 ---- Ekman Number             :  1.00000E-03
 ---- Prandtl Number           :  1.00000E+00
 ---- Magnetic Prandtl Number  :  5.00000E+00
 -- Reference State initialized.

 -- Initializing Fields...
 ---- Specified parameters:
 ---- Hydro Init Type    : Benchmark (Christensen et al. 2001)
 ---- Magnetic Init Type : Benchmark (Christensen et al. 2001)
 -- Fields initialized.

 Initialization Complete.
 //////////////////////////////////////

 Timestep has changed from  0.00000E+00 to  1.00000E-04.
 Iteration:  00000001   DeltaT:  1.000E-04   Iter/sec:  0.000E+00
 Timestep has changed from  1.00000E-04 to  1.02217E-05.
 Iteration:  00000002   DeltaT:  1.022E-05   Iter/sec:  8.527E+00
 Iteration:  00000003   DeltaT:  1.022E-05   Iter/sec:  3.429E+01
 Iteration:  00000004   DeltaT:  1.022E-05   Iter/sec:  3.828E+01
 Iteration:  00000005   DeltaT:  1.022E-05   Iter/sec:  4.244E+01
 Iteration:  00000006   DeltaT:  1.022E-05   Iter/sec:  3.981E+01
 Iteration:  00000007   DeltaT:  1.022E-05   Iter/sec:  4.353E+01
 Iteration:  00000008   DeltaT:  1.022E-05   Iter/sec:  4.198E+01
 Iteration:  00000009   DeltaT:  1.022E-05   Iter/sec:  4.251E+01
 Iteration:  00000010   DeltaT:  1.022E-05   Iter/sec:  4.166E+01
 Iteration:  00000011   DeltaT:  1.022E-05   Iter/sec:  4.180E+01
 Iteration:  00000012   DeltaT:  1.022E-05   Iter/sec:  4.213E+01
 Iteration:  00000013   DeltaT:  1.022E-05   Iter/sec:  4.270E+01
 Iteration:  00000014   DeltaT:  1.022E-05   Iter/sec:  4.081E+01
 Iteration:  00000015   DeltaT:  1.022E-05   Iter/sec:  4.209E+01
 Iteration:  00000016   DeltaT:  1.022E-05   Iter/sec:  4.208E+01
 Iteration:  00000017   DeltaT:  1.022E-05   Iter/sec:  4.322E+01
 Iteration:  00000018   DeltaT:  1.022E-05   Iter/sec:  4.202E+01
 Iteration:  00000019   DeltaT:  1.022E-05   Iter/sec:  4.291E+01
 Iteration:  00000020   DeltaT:  1.022E-05   Iter/sec:  4.298E+01
 Iteration:  00000021   DeltaT:  1.022E-05   Iter/sec:  4.244E+01
 Iteration:  00000022   DeltaT:  1.022E-05   Iter/sec:  4.279E+01
 Iteration:  00000023   DeltaT:  1.022E-05   Iter/sec:  4.276E+01
 Iteration:  00000024   DeltaT:  1.022E-05   Iter/sec:  4.196E+01
 Iteration:  00000025   DeltaT:  1.022E-05   Iter/sec:  4.260E+01
 Iteration:  00000026   DeltaT:  1.022E-05   Iter/sec:  4.312E+01
 Iteration:  00000027   DeltaT:  1.022E-05   Iter/sec:  4.293E+01
 Iteration:  00000028   DeltaT:  1.022E-05   Iter/sec:  4.212E+01
 Iteration:  00000029   DeltaT:  1.022E-05   Iter/sec:  4.350E+01
 Iteration:  00000030   DeltaT:  1.022E-05   Iter/sec:  4.276E+01
 Iteration:  00000031   DeltaT:  1.022E-05   Iter/sec:  4.252E+01
 Iteration:  00000032   DeltaT:  1.022E-05   Iter/sec:  4.312E+01
 Iteration:  00000033   DeltaT:  1.022E-05   Iter/sec:  4.008E+01
 Iteration:  00000034   DeltaT:  1.022E-05   Iter/sec:  4.012E+01
 Iteration:  00000035   DeltaT:  1.022E-05   Iter/sec:  4.228E+01
 Iteration:  00000036   DeltaT:  1.022E-05   Iter/sec:  4.241E+01
 Iteration:  00000037   DeltaT:  1.022E-05   Iter/sec:  3.729E+01
 Iteration:  00000038   DeltaT:  1.022E-05   Iter/sec:  4.378E+01
 Iteration:  00000039   DeltaT:  1.022E-05   Iter/sec:  4.313E+01
 Iteration:  00000040   DeltaT:  1.022E-05   Iter/sec:  4.211E+01
 Iteration:  00000041   DeltaT:  1.022E-05   Iter/sec:  4.285E+01
 Iteration:  00000042   DeltaT:  1.022E-05   Iter/sec:  4.257E+01
 Iteration:  00000043   DeltaT:  1.022E-05   Iter/sec:  4.186E+01
 Iteration:  00000044   DeltaT:  1.022E-05   Iter/sec:  4.281E+01
 Iteration:  00000045   DeltaT:  1.022E-05   Iter/sec:  4.163E+01
 Iteration:  00000046   DeltaT:  1.022E-05   Iter/sec:  4.309E+01
 Iteration:  00000047   DeltaT:  1.022E-05   Iter/sec:  4.133E+01
 Iteration:  00000048   DeltaT:  1.022E-05   Iter/sec:  4.301E+01
 Iteration:  00000049   DeltaT:  1.022E-05   Iter/sec:  4.328E+01
 Iteration:  00000050   DeltaT:  1.022E-05   Iter/sec:  4.211E+01


//////////////////////////////////////////////
   Measured Timings for Process 0  (seconds)

 Elapsed time:         1.2027
  Column time:         0.3058
     Row time:         0.3415
Legendre time:         0.1204
     FFT time:         0.0999
   Solve time:         0.0589
    rlma time:         0.0300
    rlmb time:         0.0123
  pspace time:         0.1100
  psolve time:         0.0929
    dphi time:         0.0108
captured time:         1.1825

     iter/sec:        41.5731
//////////////////////////////////////////////
