 //////////////////////////////////////
 Initializating Rayleigh...

 -- Initalizing MPI...
 ---- Specified parameters:
 ---- NCPU  :    512
 ---- NPROW :     32
 ---- NPCOL :     16
 -- MPI initialized.


 -- Initalizing Grid...
 ---- Specified parameters ----
 ---- N_R                 :     64
 ---- N_THETA             :   1536
 ---- Ell_MAX             :   1023
 ---- R_MIN               :  5.38462E-01
 ---- R_MAX               :  1.53846E+00
 ---- Chebyshev Domains   :      1

        Domain 1
          Grid points           :  64
          Dealiased Polynomials :  42
          Domain Lower Bound    :  5.38462E-01
          Domain Upper Bound    :  1.53846E+00

 -- Grid initialized.

 -- Initalizing Reference State...
 ---- Specified parameters:
 ---- Reference type           :  Boussinesq (Non-dimensional)
 ---- Rayleigh Number          :  1.00000E+05
 ---- Ekman Number             :  1.00000E-03
 ---- Prandtl Number           :  1.00000E+00
 ---- Magnetic Prandtl Number  :  5.00000E+00
 -- Reference State initialized.

 -- Initializing Fields...
 ---- Specified parameters:
 ---- Hydro Init Type    : Benchmark (Christensen et al. 2001)
 ---- Magnetic Init Type : Benchmark (Christensen et al. 2001)
 -- Fields initialized.

 Initialization Complete.
 //////////////////////////////////////

 Timestep has changed from  0.00000E+00 to  1.00000E-04.
 Iteration:  00000001   DeltaT:  1.000E-04   Iter/sec:  0.000E+00
 Timestep has changed from  1.00000E-04 to  4.46409E-06.
 Iteration:  00000002   DeltaT:  4.464E-06   Iter/sec:  1.868E-01
 Iteration:  00000003   DeltaT:  4.464E-06   Iter/sec:  6.601E-01
 Iteration:  00000004   DeltaT:  4.464E-06   Iter/sec:  6.602E-01
 Iteration:  00000005   DeltaT:  4.464E-06   Iter/sec:  6.698E-01
 Iteration:  00000006   DeltaT:  4.464E-06   Iter/sec:  6.715E-01
 Iteration:  00000007   DeltaT:  4.464E-06   Iter/sec:  6.595E-01
 Iteration:  00000008   DeltaT:  4.464E-06   Iter/sec:  6.553E-01
 Iteration:  00000009   DeltaT:  4.464E-06   Iter/sec:  6.486E-01
 Iteration:  00000010   DeltaT:  4.464E-06   Iter/sec:  6.563E-01
 Iteration:  00000011   DeltaT:  4.464E-06   Iter/sec:  6.510E-01
 Iteration:  00000012   DeltaT:  4.464E-06   Iter/sec:  6.863E-01
 Iteration:  00000013   DeltaT:  4.464E-06   Iter/sec:  6.521E-01
 Iteration:  00000014   DeltaT:  4.464E-06   Iter/sec:  6.633E-01
 Iteration:  00000015   DeltaT:  4.464E-06   Iter/sec:  6.512E-01
 Iteration:  00000016   DeltaT:  4.464E-06   Iter/sec:  6.513E-01
 Iteration:  00000017   DeltaT:  4.464E-06   Iter/sec:  6.708E-01
 Iteration:  00000018   DeltaT:  4.464E-06   Iter/sec:  6.714E-01
 Iteration:  00000019   DeltaT:  4.464E-06   Iter/sec:  6.278E-01
 Iteration:  00000020   DeltaT:  4.464E-06   Iter/sec:  6.786E-01
 Iteration:  00000021   DeltaT:  4.464E-06   Iter/sec:  6.597E-01
 Iteration:  00000022   DeltaT:  4.464E-06   Iter/sec:  6.376E-01
 Iteration:  00000023   DeltaT:  4.464E-06   Iter/sec:  6.766E-01
 Iteration:  00000024   DeltaT:  4.464E-06   Iter/sec:  6.266E-01
 Iteration:  00000025   DeltaT:  4.464E-06   Iter/sec:  6.567E-01
 Iteration:  00000026   DeltaT:  4.464E-06   Iter/sec:  6.742E-01
 Iteration:  00000027   DeltaT:  4.464E-06   Iter/sec:  6.695E-01
 Iteration:  00000028   DeltaT:  4.464E-06   Iter/sec:  6.597E-01
 Iteration:  00000029   DeltaT:  4.464E-06   Iter/sec:  6.354E-01
 Iteration:  00000030   DeltaT:  4.464E-06   Iter/sec:  6.407E-01
 Iteration:  00000031   DeltaT:  4.464E-06   Iter/sec:  6.766E-01
 Iteration:  00000032   DeltaT:  4.464E-06   Iter/sec:  6.397E-01
 Iteration:  00000033   DeltaT:  4.464E-06   Iter/sec:  6.730E-01
 Iteration:  00000034   DeltaT:  4.464E-06   Iter/sec:  6.582E-01
 Iteration:  00000035   DeltaT:  4.464E-06   Iter/sec:  6.593E-01
 Iteration:  00000036   DeltaT:  4.464E-06   Iter/sec:  6.830E-01
 Iteration:  00000037   DeltaT:  4.464E-06   Iter/sec:  6.754E-01
 Iteration:  00000038   DeltaT:  4.464E-06   Iter/sec:  6.599E-01
 Iteration:  00000039   DeltaT:  4.464E-06   Iter/sec:  6.405E-01
 Iteration:  00000040   DeltaT:  4.464E-06   Iter/sec:  6.365E-01
 Iteration:  00000041   DeltaT:  4.464E-06   Iter/sec:  6.498E-01
 Iteration:  00000042   DeltaT:  4.464E-06   Iter/sec:  6.636E-01
 Iteration:  00000043   DeltaT:  4.464E-06   Iter/sec:  6.596E-01
 Iteration:  00000044   DeltaT:  4.464E-06   Iter/sec:  6.356E-01
 Iteration:  00000045   DeltaT:  4.464E-06   Iter/sec:  6.577E-01
 Iteration:  00000046   DeltaT:  4.464E-06   Iter/sec:  6.709E-01
 Iteration:  00000047   DeltaT:  4.464E-06   Iter/sec:  6.510E-01
 Iteration:  00000048   DeltaT:  4.464E-06   Iter/sec:  6.583E-01
 Iteration:  00000049   DeltaT:  4.464E-06   Iter/sec:  6.365E-01
 Iteration:  00000050   DeltaT:  4.464E-06   Iter/sec:  6.601E-01


//////////////////////////////////////////////
   Measured Timings for Process 0  (seconds)

 Elapsed time:        76.0672
  Column time:        17.8450
     Row time:        24.9073
Legendre time:        12.2722
     FFT time:         4.2109
   Solve time:         0.6949
    rlma time:         0.8612
    rlmb time:         0.4586
  pspace time:         8.1973
  psolve time:         5.6537
    dphi time:         0.3159
captured time:        75.4172

     iter/sec:         0.6573
//////////////////////////////////////////////
