 //////////////////////////////////////
 Initializating Rayleigh...

 -- Initalizing MPI...
 ---- Specified parameters:
 ---- NCPU  :   1024
 ---- NPROW :     16
 ---- NPCOL :     64
 -- MPI initialized.


 -- Initalizing Grid...
 ---- Specified parameters ----
 ---- N_R                 :    128
 ---- N_THETA             :   1536
 ---- Ell_MAX             :   1023
 ---- R_MIN               :  5.38462E-01
 ---- R_MAX               :  1.53846E+00
 ---- Chebyshev Domains   :      1

        Domain 1
          Grid points           :  128
          Dealiased Polynomials :  85
          Domain Lower Bound    :  5.38462E-01
          Domain Upper Bound    :  1.53846E+00

 -- Grid initialized.

 -- Initalizing Reference State...
 ---- Specified parameters:
 ---- Reference type           :  Boussinesq (Non-dimensional)
 ---- Rayleigh Number          :  1.00000E+05
 ---- Ekman Number             :  1.00000E-03
 ---- Prandtl Number           :  1.00000E+00
 ---- Magnetic Prandtl Number  :  5.00000E+00
 -- Reference State initialized.

 -- Initializing Fields...
 ---- Specified parameters:
 ---- Hydro Init Type    : Benchmark (Christensen et al. 2001)
 ---- Magnetic Init Type : Benchmark (Christensen et al. 2001)
 -- Fields initialized.

 Initialization Complete.
 //////////////////////////////////////

 Timestep has changed from  0.00000E+00 to  1.00000E-04.
 Iteration:  00000001   DeltaT:  1.000E-04   Iter/sec:  0.000E+00
 Timestep has changed from  1.00000E-04 to  2.55561E-06.
 Iteration:  00000002   DeltaT:  2.556E-06   Iter/sec:  1.182E-01
 Iteration:  00000003   DeltaT:  2.556E-06   Iter/sec:  6.201E-01
 Iteration:  00000004   DeltaT:  2.556E-06   Iter/sec:  6.422E-01
 Iteration:  00000005   DeltaT:  2.556E-06   Iter/sec:  6.425E-01
 Iteration:  00000006   DeltaT:  2.556E-06   Iter/sec:  6.310E-01
 Iteration:  00000007   DeltaT:  2.556E-06   Iter/sec:  6.513E-01
 Iteration:  00000008   DeltaT:  2.556E-06   Iter/sec:  6.497E-01
 Iteration:  00000009   DeltaT:  2.556E-06   Iter/sec:  6.438E-01
 Iteration:  00000010   DeltaT:  2.556E-06   Iter/sec:  6.381E-01
 Iteration:  00000011   DeltaT:  2.556E-06   Iter/sec:  6.489E-01
 Iteration:  00000012   DeltaT:  2.556E-06   Iter/sec:  6.427E-01
 Iteration:  00000013   DeltaT:  2.556E-06   Iter/sec:  6.470E-01
 Iteration:  00000014   DeltaT:  2.556E-06   Iter/sec:  6.322E-01
 Iteration:  00000015   DeltaT:  2.556E-06   Iter/sec:  6.370E-01
 Iteration:  00000016   DeltaT:  2.556E-06   Iter/sec:  6.430E-01
 Iteration:  00000017   DeltaT:  2.556E-06   Iter/sec:  6.477E-01
 Iteration:  00000018   DeltaT:  2.556E-06   Iter/sec:  6.446E-01
 Iteration:  00000019   DeltaT:  2.556E-06   Iter/sec:  6.454E-01
 Iteration:  00000020   DeltaT:  2.556E-06   Iter/sec:  6.442E-01
 Iteration:  00000021   DeltaT:  2.556E-06   Iter/sec:  6.374E-01
 Iteration:  00000022   DeltaT:  2.556E-06   Iter/sec:  6.457E-01
 Iteration:  00000023   DeltaT:  2.556E-06   Iter/sec:  6.391E-01
 Iteration:  00000024   DeltaT:  2.556E-06   Iter/sec:  6.416E-01
 Iteration:  00000025   DeltaT:  2.556E-06   Iter/sec:  6.440E-01
 Iteration:  00000026   DeltaT:  2.556E-06   Iter/sec:  6.350E-01
 Iteration:  00000027   DeltaT:  2.556E-06   Iter/sec:  6.420E-01
 Iteration:  00000028   DeltaT:  2.556E-06   Iter/sec:  6.530E-01
 Iteration:  00000029   DeltaT:  2.556E-06   Iter/sec:  6.479E-01
 Iteration:  00000030   DeltaT:  2.556E-06   Iter/sec:  6.488E-01
 Iteration:  00000031   DeltaT:  2.556E-06   Iter/sec:  6.432E-01
 Iteration:  00000032   DeltaT:  2.556E-06   Iter/sec:  6.536E-01
 Iteration:  00000033   DeltaT:  2.556E-06   Iter/sec:  6.434E-01
 Iteration:  00000034   DeltaT:  2.556E-06   Iter/sec:  6.406E-01
 Iteration:  00000035   DeltaT:  2.556E-06   Iter/sec:  6.489E-01
 Iteration:  00000036   DeltaT:  2.556E-06   Iter/sec:  6.429E-01
 Iteration:  00000037   DeltaT:  2.556E-06   Iter/sec:  6.362E-01
 Iteration:  00000038   DeltaT:  2.556E-06   Iter/sec:  6.326E-01
 Iteration:  00000039   DeltaT:  2.556E-06   Iter/sec:  6.471E-01
 Iteration:  00000040   DeltaT:  2.556E-06   Iter/sec:  6.339E-01
 Iteration:  00000041   DeltaT:  2.556E-06   Iter/sec:  6.389E-01
 Iteration:  00000042   DeltaT:  2.556E-06   Iter/sec:  6.252E-01
 Iteration:  00000043   DeltaT:  2.556E-06   Iter/sec:  6.386E-01
 Iteration:  00000044   DeltaT:  2.556E-06   Iter/sec:  6.357E-01
 Iteration:  00000045   DeltaT:  2.556E-06   Iter/sec:  6.454E-01
 Iteration:  00000046   DeltaT:  2.556E-06   Iter/sec:  6.436E-01
 Iteration:  00000047   DeltaT:  2.556E-06   Iter/sec:  6.429E-01
 Iteration:  00000048   DeltaT:  2.556E-06   Iter/sec:  6.440E-01
 Iteration:  00000049   DeltaT:  2.556E-06   Iter/sec:  6.320E-01
 Iteration:  00000050   DeltaT:  2.556E-06   Iter/sec:  6.379E-01


//////////////////////////////////////////////
   Measured Timings for Process 0  (seconds)

 Elapsed time:        78.0059
  Column time:        20.1397
     Row time:        20.2011
Legendre time:        13.8421
     FFT time:         4.1668
   Solve time:         1.2582
    rlma time:         0.9694
    rlmb time:         0.5587
  pspace time:         9.2055
  psolve time:         6.4472
    dphi time:         0.5443
captured time:        77.3329

     iter/sec:         0.6410
//////////////////////////////////////////////
