 //////////////////////////////////////
 Initializating Rayleigh...

 -- Initalizing MPI...
 ---- Specified parameters:
 ---- NCPU  :    256
 ---- NPROW :     16
 ---- NPCOL :     16
 -- MPI initialized.


 -- Initalizing Grid...
 ---- Specified parameters ----
 ---- N_R                 :     64
 ---- N_THETA             :   1536
 ---- Ell_MAX             :   1023
 ---- R_MIN               :  5.38462E-01
 ---- R_MAX               :  1.53846E+00
 ---- Chebyshev Domains   :      1

        Domain 1
          Grid points           :  64
          Dealiased Polynomials :  42
          Domain Lower Bound    :  5.38462E-01
          Domain Upper Bound    :  1.53846E+00

 -- Grid initialized.

 -- Initalizing Reference State...
 ---- Specified parameters:
 ---- Reference type           :  Boussinesq (Non-dimensional)
 ---- Rayleigh Number          :  1.00000E+05
 ---- Ekman Number             :  1.00000E-03
 ---- Prandtl Number           :  1.00000E+00
 ---- Magnetic Prandtl Number  :  5.00000E+00
 -- Reference State initialized.

 -- Initializing Fields...
 ---- Specified parameters:
 ---- Hydro Init Type    : Benchmark (Christensen et al. 2001)
 ---- Magnetic Init Type : Benchmark (Christensen et al. 2001)
 -- Fields initialized.

 Initialization Complete.
 //////////////////////////////////////

 Timestep has changed from  0.00000E+00 to  1.00000E-04.
 Iteration:  00000001   DeltaT:  1.000E-04   Iter/sec:  0.000E+00
 Timestep has changed from  1.00000E-04 to  4.46409E-06.
 Iteration:  00000002   DeltaT:  4.464E-06   Iter/sec:  1.041E-01
 Iteration:  00000003   DeltaT:  4.464E-06   Iter/sec:  3.629E-01
 Iteration:  00000004   DeltaT:  4.464E-06   Iter/sec:  3.749E-01
 Iteration:  00000005   DeltaT:  4.464E-06   Iter/sec:  3.592E-01
 Iteration:  00000006   DeltaT:  4.464E-06   Iter/sec:  3.741E-01
 Iteration:  00000007   DeltaT:  4.464E-06   Iter/sec:  3.698E-01
 Iteration:  00000008   DeltaT:  4.464E-06   Iter/sec:  3.720E-01
 Iteration:  00000009   DeltaT:  4.464E-06   Iter/sec:  3.645E-01
 Iteration:  00000010   DeltaT:  4.464E-06   Iter/sec:  3.740E-01
 Iteration:  00000011   DeltaT:  4.464E-06   Iter/sec:  3.652E-01
 Iteration:  00000012   DeltaT:  4.464E-06   Iter/sec:  3.775E-01
 Iteration:  00000013   DeltaT:  4.464E-06   Iter/sec:  3.667E-01
 Iteration:  00000014   DeltaT:  4.464E-06   Iter/sec:  3.706E-01
 Iteration:  00000015   DeltaT:  4.464E-06   Iter/sec:  3.717E-01
 Iteration:  00000016   DeltaT:  4.464E-06   Iter/sec:  3.640E-01
 Iteration:  00000017   DeltaT:  4.464E-06   Iter/sec:  3.742E-01
 Iteration:  00000018   DeltaT:  4.464E-06   Iter/sec:  3.728E-01
 Iteration:  00000019   DeltaT:  4.464E-06   Iter/sec:  3.635E-01
 Iteration:  00000020   DeltaT:  4.464E-06   Iter/sec:  3.751E-01
 Iteration:  00000021   DeltaT:  4.464E-06   Iter/sec:  3.713E-01
 Iteration:  00000022   DeltaT:  4.464E-06   Iter/sec:  3.729E-01
 Iteration:  00000023   DeltaT:  4.464E-06   Iter/sec:  3.653E-01
 Iteration:  00000024   DeltaT:  4.464E-06   Iter/sec:  3.672E-01
 Iteration:  00000025   DeltaT:  4.464E-06   Iter/sec:  3.763E-01
 Iteration:  00000026   DeltaT:  4.464E-06   Iter/sec:  3.703E-01
 Iteration:  00000027   DeltaT:  4.464E-06   Iter/sec:  3.637E-01
 Iteration:  00000028   DeltaT:  4.464E-06   Iter/sec:  3.726E-01
 Iteration:  00000029   DeltaT:  4.464E-06   Iter/sec:  3.692E-01
 Iteration:  00000030   DeltaT:  4.464E-06   Iter/sec:  3.738E-01
 Iteration:  00000031   DeltaT:  4.464E-06   Iter/sec:  3.692E-01
 Iteration:  00000032   DeltaT:  4.464E-06   Iter/sec:  3.729E-01
 Iteration:  00000033   DeltaT:  4.464E-06   Iter/sec:  3.705E-01
 Iteration:  00000034   DeltaT:  4.464E-06   Iter/sec:  3.716E-01
 Iteration:  00000035   DeltaT:  4.464E-06   Iter/sec:  3.669E-01
 Iteration:  00000036   DeltaT:  4.464E-06   Iter/sec:  3.722E-01
 Iteration:  00000037   DeltaT:  4.464E-06   Iter/sec:  3.650E-01
 Iteration:  00000038   DeltaT:  4.464E-06   Iter/sec:  3.684E-01
 Iteration:  00000039   DeltaT:  4.464E-06   Iter/sec:  3.737E-01
 Iteration:  00000040   DeltaT:  4.464E-06   Iter/sec:  3.702E-01
 Iteration:  00000041   DeltaT:  4.464E-06   Iter/sec:  3.661E-01
 Iteration:  00000042   DeltaT:  4.464E-06   Iter/sec:  3.740E-01
 Iteration:  00000043   DeltaT:  4.464E-06   Iter/sec:  3.690E-01
 Iteration:  00000044   DeltaT:  4.464E-06   Iter/sec:  3.643E-01
 Iteration:  00000045   DeltaT:  4.464E-06   Iter/sec:  3.785E-01
 Iteration:  00000046   DeltaT:  4.464E-06   Iter/sec:  3.703E-01
 Iteration:  00000047   DeltaT:  4.464E-06   Iter/sec:  3.675E-01
 Iteration:  00000048   DeltaT:  4.464E-06   Iter/sec:  3.748E-01
 Iteration:  00000049   DeltaT:  4.464E-06   Iter/sec:  3.636E-01
 Iteration:  00000050   DeltaT:  4.464E-06   Iter/sec:  3.762E-01


//////////////////////////////////////////////
   Measured Timings for Process 0  (seconds)

 Elapsed time:       135.2286
  Column time:        25.5973
     Row time:        39.0395
Legendre time:        25.4240
     FFT time:         8.4884
   Solve time:         1.2731
    rlma time:         1.9882
    rlmb time:         1.1130
  pspace time:        17.5351
  psolve time:        12.2820
    dphi time:         1.0634
captured time:       133.8039

     iter/sec:         0.3697
//////////////////////////////////////////////
