 //////////////////////////////////////
 Initializating Rayleigh...

 -- Initalizing MPI...
 ---- Specified parameters:
 ---- NCPU  :   1024
 ---- NPROW :     64
 ---- NPCOL :     16
 -- MPI initialized.


 -- Initalizing Grid...
 ---- Specified parameters ----
 ---- N_R                 :     64
 ---- N_THETA             :    384
 ---- Ell_MAX             :    255
 ---- R_MIN               :  5.38462E-01
 ---- R_MAX               :  1.53846E+00
 ---- Chebyshev Domains   :      1

        Domain 1
          Grid points           :  64
          Dealiased Polynomials :  42
          Domain Lower Bound    :  5.38462E-01
          Domain Upper Bound    :  1.53846E+00

 -- Grid initialized.

 -- Initalizing Reference State...
 ---- Specified parameters:
 ---- Reference type           :  Boussinesq (Non-dimensional)
 ---- Rayleigh Number          :  1.00000E+05
 ---- Ekman Number             :  1.00000E-03
 ---- Prandtl Number           :  1.00000E+00
 ---- Magnetic Prandtl Number  :  5.00000E+00
 -- Reference State initialized.

 -- Initializing Fields...
 ---- Specified parameters:
 ---- Hydro Init Type    : Benchmark (Christensen et al. 2001)
 ---- Magnetic Init Type : Benchmark (Christensen et al. 2001)
 -- Fields initialized.

 Initialization Complete.
 //////////////////////////////////////

 Timestep has changed from  0.00000E+00 to  1.00000E-04.
 Iteration:  00000001   DeltaT:  1.000E-04   Iter/sec:  0.000E+00
 Timestep has changed from  1.00000E-04 to  1.02211E-05.
 Iteration:  00000002   DeltaT:  1.022E-05   Iter/sec:  2.924E+00
 Iteration:  00000003   DeltaT:  1.022E-05   Iter/sec:  1.820E+01
 Iteration:  00000004   DeltaT:  1.022E-05   Iter/sec:  2.688E+01
 Iteration:  00000005   DeltaT:  1.022E-05   Iter/sec:  2.616E+01
 Iteration:  00000006   DeltaT:  1.022E-05   Iter/sec:  2.672E+01
 Iteration:  00000007   DeltaT:  1.022E-05   Iter/sec:  2.559E+01
 Iteration:  00000008   DeltaT:  1.022E-05   Iter/sec:  2.682E+01
 Iteration:  00000009   DeltaT:  1.022E-05   Iter/sec:  2.613E+01
 Iteration:  00000010   DeltaT:  1.022E-05   Iter/sec:  2.746E+01
 Iteration:  00000011   DeltaT:  1.022E-05   Iter/sec:  2.649E+01
 Iteration:  00000012   DeltaT:  1.022E-05   Iter/sec:  2.229E+01
 Iteration:  00000013   DeltaT:  1.022E-05   Iter/sec:  2.707E+01
 Iteration:  00000014   DeltaT:  1.022E-05   Iter/sec:  2.629E+01
 Iteration:  00000015   DeltaT:  1.022E-05   Iter/sec:  2.673E+01
 Iteration:  00000016   DeltaT:  1.022E-05   Iter/sec:  2.784E+01
 Iteration:  00000017   DeltaT:  1.022E-05   Iter/sec:  2.695E+01
 Iteration:  00000018   DeltaT:  1.022E-05   Iter/sec:  2.606E+01
 Iteration:  00000019   DeltaT:  1.022E-05   Iter/sec:  2.702E+01
 Iteration:  00000020   DeltaT:  1.022E-05   Iter/sec:  2.743E+01
 Iteration:  00000021   DeltaT:  1.022E-05   Iter/sec:  2.671E+01
 Iteration:  00000022   DeltaT:  1.022E-05   Iter/sec:  2.726E+01
 Iteration:  00000023   DeltaT:  1.022E-05   Iter/sec:  2.719E+01
 Iteration:  00000024   DeltaT:  1.022E-05   Iter/sec:  2.638E+01
 Iteration:  00000025   DeltaT:  1.022E-05   Iter/sec:  2.764E+01
 Iteration:  00000026   DeltaT:  1.022E-05   Iter/sec:  2.710E+01
 Iteration:  00000027   DeltaT:  1.022E-05   Iter/sec:  2.732E+01
 Iteration:  00000028   DeltaT:  1.022E-05   Iter/sec:  2.726E+01
 Iteration:  00000029   DeltaT:  1.022E-05   Iter/sec:  2.667E+01
 Iteration:  00000030   DeltaT:  1.022E-05   Iter/sec:  2.724E+01
 Iteration:  00000031   DeltaT:  1.022E-05   Iter/sec:  2.578E+01
 Iteration:  00000032   DeltaT:  1.022E-05   Iter/sec:  2.771E+01
 Iteration:  00000033   DeltaT:  1.022E-05   Iter/sec:  2.640E+01
 Iteration:  00000034   DeltaT:  1.022E-05   Iter/sec:  2.774E+01
 Iteration:  00000035   DeltaT:  1.022E-05   Iter/sec:  2.696E+01
 Iteration:  00000036   DeltaT:  1.022E-05   Iter/sec:  2.559E+01
 Iteration:  00000037   DeltaT:  1.022E-05   Iter/sec:  2.782E+01
 Iteration:  00000038   DeltaT:  1.022E-05   Iter/sec:  2.676E+01
 Iteration:  00000039   DeltaT:  1.022E-05   Iter/sec:  2.629E+01
 Iteration:  00000040   DeltaT:  1.022E-05   Iter/sec:  2.723E+01
 Iteration:  00000041   DeltaT:  1.022E-05   Iter/sec:  2.706E+01
 Iteration:  00000042   DeltaT:  1.022E-05   Iter/sec:  2.706E+01
 Iteration:  00000043   DeltaT:  1.022E-05   Iter/sec:  2.587E+01
 Iteration:  00000044   DeltaT:  1.022E-05   Iter/sec:  2.600E+01
 Iteration:  00000045   DeltaT:  1.022E-05   Iter/sec:  2.721E+01
 Iteration:  00000046   DeltaT:  1.022E-05   Iter/sec:  2.758E+01
 Iteration:  00000047   DeltaT:  1.022E-05   Iter/sec:  2.719E+01
 Iteration:  00000048   DeltaT:  1.022E-05   Iter/sec:  2.655E+01
 Iteration:  00000049   DeltaT:  1.022E-05   Iter/sec:  2.631E+01
 Iteration:  00000050   DeltaT:  1.022E-05   Iter/sec:  2.649E+01


//////////////////////////////////////////////
   Measured Timings for Process 0  (seconds)

 Elapsed time:         1.9282
  Column time:         0.5483
     Row time:         0.7807
Legendre time:         0.1427
     FFT time:         0.0995
   Solve time:         0.1099
    rlma time:         0.0223
    rlmb time:         0.0092
  pspace time:         0.0757
  psolve time:         0.1158
    dphi time:         0.0074
captured time:         1.9115

     iter/sec:        25.9311
//////////////////////////////////////////////
