 //////////////////////////////////////
 Initializating Rayleigh...

 -- Initalizing MPI...
 ---- Specified parameters:
 ---- NCPU  :   1024
 ---- NPROW :     32
 ---- NPCOL :     32
 -- MPI initialized.


 -- Initalizing Grid...
 ---- Specified parameters ----
 ---- N_R                 :    128
 ---- N_THETA             :    768
 ---- Ell_MAX             :    511
 ---- R_MIN               :  5.38462E-01
 ---- R_MAX               :  1.53846E+00
 ---- Chebyshev Domains   :      1

        Domain 1
          Grid points           :  128
          Dealiased Polynomials :  85
          Domain Lower Bound    :  5.38462E-01
          Domain Upper Bound    :  1.53846E+00

 -- Grid initialized.

 -- Initalizing Reference State...
 ---- Specified parameters:
 ---- Reference type           :  Boussinesq (Non-dimensional)
 ---- Rayleigh Number          :  1.00000E+05
 ---- Ekman Number             :  1.00000E-03
 ---- Prandtl Number           :  1.00000E+00
 ---- Magnetic Prandtl Number  :  5.00000E+00
 -- Reference State initialized.

 -- Initializing Fields...
 ---- Specified parameters:
 ---- Hydro Init Type    : Benchmark (Christensen et al. 2001)
 ---- Magnetic Init Type : Benchmark (Christensen et al. 2001)
 -- Fields initialized.

 Initialization Complete.
 //////////////////////////////////////

 Timestep has changed from  0.00000E+00 to  1.00000E-04.
 Iteration:  00000001   DeltaT:  1.000E-04   Iter/sec:  0.000E+00
 Timestep has changed from  1.00000E-04 to  2.55562E-06.
 Iteration:  00000002   DeltaT:  2.556E-06   Iter/sec:  9.021E-01
 Iteration:  00000003   DeltaT:  2.556E-06   Iter/sec:  2.252E+00
 Iteration:  00000004   DeltaT:  2.556E-06   Iter/sec:  2.709E+00
 Iteration:  00000005   DeltaT:  2.556E-06   Iter/sec:  2.666E+00
 Iteration:  00000006   DeltaT:  2.556E-06   Iter/sec:  2.719E+00
 Iteration:  00000007   DeltaT:  2.556E-06   Iter/sec:  2.626E+00
 Iteration:  00000008   DeltaT:  2.556E-06   Iter/sec:  2.755E+00
 Iteration:  00000009   DeltaT:  2.556E-06   Iter/sec:  2.611E+00
 Iteration:  00000010   DeltaT:  2.556E-06   Iter/sec:  2.710E+00
 Iteration:  00000011   DeltaT:  2.556E-06   Iter/sec:  2.682E+00
 Iteration:  00000012   DeltaT:  2.556E-06   Iter/sec:  2.693E+00
 Iteration:  00000013   DeltaT:  2.556E-06   Iter/sec:  2.694E+00
 Iteration:  00000014   DeltaT:  2.556E-06   Iter/sec:  2.686E+00
 Iteration:  00000015   DeltaT:  2.556E-06   Iter/sec:  2.690E+00
 Iteration:  00000016   DeltaT:  2.556E-06   Iter/sec:  2.679E+00
 Iteration:  00000017   DeltaT:  2.556E-06   Iter/sec:  2.737E+00
 Iteration:  00000018   DeltaT:  2.556E-06   Iter/sec:  2.719E+00
 Iteration:  00000019   DeltaT:  2.556E-06   Iter/sec:  2.696E+00
 Iteration:  00000020   DeltaT:  2.556E-06   Iter/sec:  2.559E+00
 Iteration:  00000021   DeltaT:  2.556E-06   Iter/sec:  2.709E+00
 Iteration:  00000022   DeltaT:  2.556E-06   Iter/sec:  2.498E+00
 Iteration:  00000023   DeltaT:  2.556E-06   Iter/sec:  2.705E+00
 Iteration:  00000024   DeltaT:  2.556E-06   Iter/sec:  2.685E+00
 Iteration:  00000025   DeltaT:  2.556E-06   Iter/sec:  2.703E+00
 Iteration:  00000026   DeltaT:  2.556E-06   Iter/sec:  2.667E+00
 Iteration:  00000027   DeltaT:  2.556E-06   Iter/sec:  2.778E+00
 Iteration:  00000028   DeltaT:  2.556E-06   Iter/sec:  2.665E+00
 Iteration:  00000029   DeltaT:  2.556E-06   Iter/sec:  2.724E+00
 Iteration:  00000030   DeltaT:  2.556E-06   Iter/sec:  2.687E+00
 Iteration:  00000031   DeltaT:  2.556E-06   Iter/sec:  2.659E+00
 Iteration:  00000032   DeltaT:  2.556E-06   Iter/sec:  2.707E+00
 Iteration:  00000033   DeltaT:  2.556E-06   Iter/sec:  2.742E+00
 Iteration:  00000034   DeltaT:  2.556E-06   Iter/sec:  2.618E+00
 Iteration:  00000035   DeltaT:  2.556E-06   Iter/sec:  2.684E+00
 Iteration:  00000036   DeltaT:  2.556E-06   Iter/sec:  2.728E+00
 Iteration:  00000037   DeltaT:  2.556E-06   Iter/sec:  2.655E+00
 Iteration:  00000038   DeltaT:  2.556E-06   Iter/sec:  2.745E+00
 Iteration:  00000039   DeltaT:  2.556E-06   Iter/sec:  2.706E+00
 Iteration:  00000040   DeltaT:  2.556E-06   Iter/sec:  2.731E+00
 Iteration:  00000041   DeltaT:  2.556E-06   Iter/sec:  2.727E+00
 Iteration:  00000042   DeltaT:  2.556E-06   Iter/sec:  2.683E+00
 Iteration:  00000043   DeltaT:  2.556E-06   Iter/sec:  2.657E+00
 Iteration:  00000044   DeltaT:  2.556E-06   Iter/sec:  2.698E+00
 Iteration:  00000045   DeltaT:  2.556E-06   Iter/sec:  2.755E+00
 Iteration:  00000046   DeltaT:  2.556E-06   Iter/sec:  2.700E+00
 Iteration:  00000047   DeltaT:  2.556E-06   Iter/sec:  2.633E+00
 Iteration:  00000048   DeltaT:  2.556E-06   Iter/sec:  2.756E+00
 Iteration:  00000049   DeltaT:  2.556E-06   Iter/sec:  2.651E+00
 Iteration:  00000050   DeltaT:  2.556E-06   Iter/sec:  2.711E+00


//////////////////////////////////////////////
   Measured Timings for Process 0  (seconds)

 Elapsed time:        18.7375
  Column time:         5.8022
     Row time:         5.3777
Legendre time:         2.1458
     FFT time:         0.9760
   Solve time:         0.5156
    rlma time:         0.1901
    rlmb time:         0.0801
  pspace time:         1.8027
  psolve time:         1.6142
    dphi time:         0.0764
captured time:        18.5809

     iter/sec:         2.6684
//////////////////////////////////////////////
