 //////////////////////////////////////
 Initializating Rayleigh...

 -- Initalizing MPI...
 ---- Specified parameters:
 ---- NCPU  :    256
 ---- NPROW :      8
 ---- NPCOL :     32
 -- MPI initialized.


 -- Initalizing Grid...
 ---- Specified parameters ----
 ---- N_R                 :     64
 ---- N_THETA             :   1536
 ---- Ell_MAX             :   1023
 ---- R_MIN               :  5.38462E-01
 ---- R_MAX               :  1.53846E+00
 ---- Chebyshev Domains   :      1

        Domain 1
          Grid points           :  64
          Dealiased Polynomials :  42
          Domain Lower Bound    :  5.38462E-01
          Domain Upper Bound    :  1.53846E+00

 -- Grid initialized.

 -- Initalizing Reference State...
 ---- Specified parameters:
 ---- Reference type           :  Boussinesq (Non-dimensional)
 ---- Rayleigh Number          :  1.00000E+05
 ---- Ekman Number             :  1.00000E-03
 ---- Prandtl Number           :  1.00000E+00
 ---- Magnetic Prandtl Number  :  5.00000E+00
 -- Reference State initialized.

 -- Initializing Fields...
 ---- Specified parameters:
 ---- Hydro Init Type    : Benchmark (Christensen et al. 2001)
 ---- Magnetic Init Type : Benchmark (Christensen et al. 2001)
 -- Fields initialized.

 Initialization Complete.
 //////////////////////////////////////

 Timestep has changed from  0.00000E+00 to  1.00000E-04.
 Iteration:  00000001   DeltaT:  1.000E-04   Iter/sec:  0.000E+00
 Timestep has changed from  1.00000E-04 to  4.46409E-06.
 Iteration:  00000002   DeltaT:  4.464E-06   Iter/sec:  5.853E-02
 Iteration:  00000003   DeltaT:  4.464E-06   Iter/sec:  3.536E-01
 Iteration:  00000004   DeltaT:  4.464E-06   Iter/sec:  3.533E-01
 Iteration:  00000005   DeltaT:  4.464E-06   Iter/sec:  3.494E-01
 Iteration:  00000006   DeltaT:  4.464E-06   Iter/sec:  3.568E-01
 Iteration:  00000007   DeltaT:  4.464E-06   Iter/sec:  3.431E-01
 Iteration:  00000008   DeltaT:  4.464E-06   Iter/sec:  3.585E-01
 Iteration:  00000009   DeltaT:  4.464E-06   Iter/sec:  3.559E-01
 Iteration:  00000010   DeltaT:  4.464E-06   Iter/sec:  3.447E-01
 Iteration:  00000011   DeltaT:  4.464E-06   Iter/sec:  3.569E-01
 Iteration:  00000012   DeltaT:  4.464E-06   Iter/sec:  3.473E-01
 Iteration:  00000013   DeltaT:  4.464E-06   Iter/sec:  3.559E-01
 Iteration:  00000014   DeltaT:  4.464E-06   Iter/sec:  3.491E-01
 Iteration:  00000015   DeltaT:  4.464E-06   Iter/sec:  3.512E-01
 Iteration:  00000016   DeltaT:  4.464E-06   Iter/sec:  3.561E-01
 Iteration:  00000017   DeltaT:  4.464E-06   Iter/sec:  3.428E-01
 Iteration:  00000018   DeltaT:  4.464E-06   Iter/sec:  3.542E-01
 Iteration:  00000019   DeltaT:  4.464E-06   Iter/sec:  3.584E-01
 Iteration:  00000020   DeltaT:  4.464E-06   Iter/sec:  3.518E-01
 Iteration:  00000021   DeltaT:  4.464E-06   Iter/sec:  3.506E-01
 Iteration:  00000022   DeltaT:  4.464E-06   Iter/sec:  3.557E-01
 Iteration:  00000023   DeltaT:  4.464E-06   Iter/sec:  3.483E-01
 Iteration:  00000024   DeltaT:  4.464E-06   Iter/sec:  3.571E-01
 Iteration:  00000025   DeltaT:  4.464E-06   Iter/sec:  3.444E-01
 Iteration:  00000026   DeltaT:  4.464E-06   Iter/sec:  3.564E-01
 Iteration:  00000027   DeltaT:  4.464E-06   Iter/sec:  3.565E-01
 Iteration:  00000028   DeltaT:  4.464E-06   Iter/sec:  3.458E-01
 Iteration:  00000029   DeltaT:  4.464E-06   Iter/sec:  3.562E-01
 Iteration:  00000030   DeltaT:  4.464E-06   Iter/sec:  3.523E-01
 Iteration:  00000031   DeltaT:  4.464E-06   Iter/sec:  3.482E-01
 Iteration:  00000032   DeltaT:  4.464E-06   Iter/sec:  3.565E-01
 Iteration:  00000033   DeltaT:  4.464E-06   Iter/sec:  3.475E-01
 Iteration:  00000034   DeltaT:  4.464E-06   Iter/sec:  3.606E-01
 Iteration:  00000035   DeltaT:  4.464E-06   Iter/sec:  3.501E-01
 Iteration:  00000036   DeltaT:  4.464E-06   Iter/sec:  3.433E-01
 Iteration:  00000037   DeltaT:  4.464E-06   Iter/sec:  3.585E-01
 Iteration:  00000038   DeltaT:  4.464E-06   Iter/sec:  3.535E-01
 Iteration:  00000039   DeltaT:  4.464E-06   Iter/sec:  3.469E-01
 Iteration:  00000040   DeltaT:  4.464E-06   Iter/sec:  3.579E-01
 Iteration:  00000041   DeltaT:  4.464E-06   Iter/sec:  3.522E-01
 Iteration:  00000042   DeltaT:  4.464E-06   Iter/sec:  3.474E-01
 Iteration:  00000043   DeltaT:  4.464E-06   Iter/sec:  3.535E-01
 Iteration:  00000044   DeltaT:  4.464E-06   Iter/sec:  3.533E-01
 Iteration:  00000045   DeltaT:  4.464E-06   Iter/sec:  3.517E-01
 Iteration:  00000046   DeltaT:  4.464E-06   Iter/sec:  3.502E-01
 Iteration:  00000047   DeltaT:  4.464E-06   Iter/sec:  3.565E-01
 Iteration:  00000048   DeltaT:  4.464E-06   Iter/sec:  3.547E-01
 Iteration:  00000049   DeltaT:  4.464E-06   Iter/sec:  3.486E-01
 Iteration:  00000050   DeltaT:  4.464E-06   Iter/sec:  3.553E-01


//////////////////////////////////////////////
   Measured Timings for Process 0  (seconds)

 Elapsed time:       142.1148
  Column time:        30.0506
     Row time:        41.5625
Legendre time:        27.7947
     FFT time:         8.4866
   Solve time:         1.0701
    rlma time:         1.7933
    rlmb time:         1.3000
  pspace time:        16.3512
  psolve time:        11.7906
    dphi time:         0.6880
captured time:       140.8875

     iter/sec:         0.3518
//////////////////////////////////////////////
