 //////////////////////////////////////
 Initializating Rayleigh...

 -- Initalizing MPI...
 ---- Specified parameters:
 ---- NCPU  :   1024
 ---- NPROW :     32
 ---- NPCOL :     32
 -- MPI initialized.


 -- Initalizing Grid...
 ---- Specified parameters ----
 ---- N_R                 :     64
 ---- N_THETA             :    768
 ---- Ell_MAX             :    511
 ---- R_MIN               :  5.38462E-01
 ---- R_MAX               :  1.53846E+00
 ---- Chebyshev Domains   :      1

        Domain 1
          Grid points           :  64
          Dealiased Polynomials :  42
          Domain Lower Bound    :  5.38462E-01
          Domain Upper Bound    :  1.53846E+00

 -- Grid initialized.

 -- Initalizing Reference State...
 ---- Specified parameters:
 ---- Reference type           :  Boussinesq (Non-dimensional)
 ---- Rayleigh Number          :  1.00000E+05
 ---- Ekman Number             :  1.00000E-03
 ---- Prandtl Number           :  1.00000E+00
 ---- Magnetic Prandtl Number  :  5.00000E+00
 -- Reference State initialized.

 -- Initializing Fields...
 ---- Specified parameters:
 ---- Hydro Init Type    : Benchmark (Christensen et al. 2001)
 ---- Magnetic Init Type : Benchmark (Christensen et al. 2001)
 -- Fields initialized.

 Initialization Complete.
 //////////////////////////////////////

 Timestep has changed from  0.00000E+00 to  1.00000E-04.
 Iteration:  00000001   DeltaT:  1.000E-04   Iter/sec:  0.000E+00
 Timestep has changed from  1.00000E-04 to  8.93257E-06.
 Iteration:  00000002   DeltaT:  8.933E-06   Iter/sec:  1.192E+00
 Iteration:  00000003   DeltaT:  8.933E-06   Iter/sec:  4.982E+00
 Iteration:  00000004   DeltaT:  8.933E-06   Iter/sec:  5.431E+00
 Iteration:  00000005   DeltaT:  8.933E-06   Iter/sec:  5.866E+00
 Iteration:  00000006   DeltaT:  8.933E-06   Iter/sec:  5.618E+00
 Iteration:  00000007   DeltaT:  8.933E-06   Iter/sec:  5.479E+00
 Iteration:  00000008   DeltaT:  8.933E-06   Iter/sec:  5.634E+00
 Iteration:  00000009   DeltaT:  8.933E-06   Iter/sec:  5.544E+00
 Iteration:  00000010   DeltaT:  8.933E-06   Iter/sec:  5.802E+00
 Iteration:  00000011   DeltaT:  8.933E-06   Iter/sec:  5.575E+00
 Iteration:  00000012   DeltaT:  8.933E-06   Iter/sec:  5.682E+00
 Iteration:  00000013   DeltaT:  8.933E-06   Iter/sec:  5.706E+00
 Iteration:  00000014   DeltaT:  8.933E-06   Iter/sec:  5.886E+00
 Iteration:  00000015   DeltaT:  8.933E-06   Iter/sec:  5.633E+00
 Iteration:  00000016   DeltaT:  8.933E-06   Iter/sec:  5.457E+00
 Iteration:  00000017   DeltaT:  8.933E-06   Iter/sec:  5.733E+00
 Iteration:  00000018   DeltaT:  8.933E-06   Iter/sec:  5.615E+00
 Iteration:  00000019   DeltaT:  8.933E-06   Iter/sec:  5.652E+00
 Iteration:  00000020   DeltaT:  8.933E-06   Iter/sec:  5.712E+00
 Iteration:  00000021   DeltaT:  8.933E-06   Iter/sec:  5.557E+00
 Iteration:  00000022   DeltaT:  8.933E-06   Iter/sec:  5.999E+00
 Iteration:  00000023   DeltaT:  8.933E-06   Iter/sec:  5.588E+00
 Iteration:  00000024   DeltaT:  8.933E-06   Iter/sec:  5.822E+00
 Iteration:  00000025   DeltaT:  8.933E-06   Iter/sec:  5.285E+00
 Iteration:  00000026   DeltaT:  8.933E-06   Iter/sec:  6.065E+00
 Iteration:  00000027   DeltaT:  8.933E-06   Iter/sec:  5.773E+00
 Iteration:  00000028   DeltaT:  8.933E-06   Iter/sec:  5.735E+00
 Iteration:  00000029   DeltaT:  8.933E-06   Iter/sec:  5.446E+00
 Iteration:  00000030   DeltaT:  8.933E-06   Iter/sec:  5.608E+00
 Iteration:  00000031   DeltaT:  8.933E-06   Iter/sec:  5.649E+00
 Iteration:  00000032   DeltaT:  8.933E-06   Iter/sec:  5.867E+00
 Iteration:  00000033   DeltaT:  8.933E-06   Iter/sec:  5.760E+00
 Iteration:  00000034   DeltaT:  8.933E-06   Iter/sec:  5.763E+00
 Iteration:  00000035   DeltaT:  8.933E-06   Iter/sec:  5.532E+00
 Iteration:  00000036   DeltaT:  8.933E-06   Iter/sec:  5.784E+00
 Iteration:  00000037   DeltaT:  8.933E-06   Iter/sec:  5.537E+00
 Iteration:  00000038   DeltaT:  8.933E-06   Iter/sec:  5.646E+00
 Iteration:  00000039   DeltaT:  8.933E-06   Iter/sec:  5.830E+00
 Iteration:  00000040   DeltaT:  8.933E-06   Iter/sec:  5.690E+00
 Iteration:  00000041   DeltaT:  8.933E-06   Iter/sec:  5.515E+00
 Iteration:  00000042   DeltaT:  8.933E-06   Iter/sec:  5.794E+00
 Iteration:  00000043   DeltaT:  8.933E-06   Iter/sec:  5.760E+00
 Iteration:  00000044   DeltaT:  8.933E-06   Iter/sec:  5.850E+00
 Iteration:  00000045   DeltaT:  8.933E-06   Iter/sec:  5.510E+00
 Iteration:  00000046   DeltaT:  8.933E-06   Iter/sec:  5.901E+00
 Iteration:  00000047   DeltaT:  8.933E-06   Iter/sec:  5.882E+00
 Iteration:  00000048   DeltaT:  8.933E-06   Iter/sec:  5.031E+00
 Iteration:  00000049   DeltaT:  8.933E-06   Iter/sec:  5.897E+00
 Iteration:  00000050   DeltaT:  8.933E-06   Iter/sec:  5.900E+00


//////////////////////////////////////////////
   Measured Timings for Process 0  (seconds)

 Elapsed time:         8.8451
  Column time:         3.1043
     Row time:         2.5367
Legendre time:         1.0221
     FFT time:         0.4801
   Solve time:         0.1394
    rlma time:         0.0988
    rlmb time:         0.0420
  pspace time:         0.8556
  psolve time:         0.4708
    dphi time:         0.0413
captured time:         8.7912

     iter/sec:         5.6528
//////////////////////////////////////////////
