 //////////////////////////////////////
 Initializating Rayleigh...

 -- Initalizing MPI...
 ---- Specified parameters:
 ---- NCPU  :    256
 ---- NPROW :     32
 ---- NPCOL :      8
 -- MPI initialized.


 -- Initalizing Grid...
 ---- Specified parameters ----
 ---- N_R                 :    128
 ---- N_THETA             :    192
 ---- Ell_MAX             :    127
 ---- R_MIN               :  5.38462E-01
 ---- R_MAX               :  1.53846E+00
 ---- Chebyshev Domains   :      1

        Domain 1
          Grid points           :  128
          Dealiased Polynomials :  85
          Domain Lower Bound    :  5.38462E-01
          Domain Upper Bound    :  1.53846E+00

 -- Grid initialized.

 -- Initalizing Reference State...
 ---- Specified parameters:
 ---- Reference type           :  Boussinesq (Non-dimensional)
 ---- Rayleigh Number          :  1.00000E+05
 ---- Ekman Number             :  1.00000E-03
 ---- Prandtl Number           :  1.00000E+00
 ---- Magnetic Prandtl Number  :  5.00000E+00
 -- Reference State initialized.

 -- Initializing Fields...
 ---- Specified parameters:
 ---- Hydro Init Type    : Benchmark (Christensen et al. 2001)
 ---- Magnetic Init Type : Benchmark (Christensen et al. 2001)
 -- Fields initialized.

 Initialization Complete.
 //////////////////////////////////////

 Timestep has changed from  0.00000E+00 to  1.00000E-04.
 Iteration:  00000001   DeltaT:  1.000E-04   Iter/sec:  0.000E+00
 Timestep has changed from  1.00000E-04 to  2.55581E-06.
 Iteration:  00000002   DeltaT:  2.556E-06   Iter/sec:  4.342E+00
 Iteration:  00000003   DeltaT:  2.556E-06   Iter/sec:  6.459E+00
 Iteration:  00000004   DeltaT:  2.556E-06   Iter/sec:  1.503E+01
 Iteration:  00000005   DeltaT:  2.556E-06   Iter/sec:  1.545E+01
 Iteration:  00000006   DeltaT:  2.556E-06   Iter/sec:  1.567E+01
 Iteration:  00000007   DeltaT:  2.556E-06   Iter/sec:  1.526E+01
 Iteration:  00000008   DeltaT:  2.556E-06   Iter/sec:  1.567E+01
 Iteration:  00000009   DeltaT:  2.556E-06   Iter/sec:  1.574E+01
 Iteration:  00000010   DeltaT:  2.556E-06   Iter/sec:  1.577E+01
 Iteration:  00000011   DeltaT:  2.556E-06   Iter/sec:  1.559E+01
 Iteration:  00000012   DeltaT:  2.556E-06   Iter/sec:  1.527E+01
 Iteration:  00000013   DeltaT:  2.556E-06   Iter/sec:  1.566E+01
 Iteration:  00000014   DeltaT:  2.556E-06   Iter/sec:  1.583E+01
 Iteration:  00000015   DeltaT:  2.556E-06   Iter/sec:  1.535E+01
 Iteration:  00000016   DeltaT:  2.556E-06   Iter/sec:  1.592E+01
 Iteration:  00000017   DeltaT:  2.556E-06   Iter/sec:  1.597E+01
 Iteration:  00000018   DeltaT:  2.556E-06   Iter/sec:  1.566E+01
 Iteration:  00000019   DeltaT:  2.556E-06   Iter/sec:  1.542E+01
 Iteration:  00000020   DeltaT:  2.556E-06   Iter/sec:  1.571E+01
 Iteration:  00000021   DeltaT:  2.556E-06   Iter/sec:  1.559E+01
 Iteration:  00000022   DeltaT:  2.556E-06   Iter/sec:  1.579E+01
 Iteration:  00000023   DeltaT:  2.556E-06   Iter/sec:  1.574E+01
 Iteration:  00000024   DeltaT:  2.556E-06   Iter/sec:  1.583E+01
 Iteration:  00000025   DeltaT:  2.556E-06   Iter/sec:  1.571E+01
 Iteration:  00000026   DeltaT:  2.556E-06   Iter/sec:  1.543E+01
 Iteration:  00000027   DeltaT:  2.556E-06   Iter/sec:  1.631E+01
 Iteration:  00000028   DeltaT:  2.556E-06   Iter/sec:  1.544E+01
 Iteration:  00000029   DeltaT:  2.556E-06   Iter/sec:  1.528E+01
 Iteration:  00000030   DeltaT:  2.556E-06   Iter/sec:  1.656E+01
 Iteration:  00000031   DeltaT:  2.556E-06   Iter/sec:  1.554E+01
 Iteration:  00000032   DeltaT:  2.556E-06   Iter/sec:  1.596E+01
 Iteration:  00000033   DeltaT:  2.556E-06   Iter/sec:  1.571E+01
 Iteration:  00000034   DeltaT:  2.556E-06   Iter/sec:  1.567E+01
 Iteration:  00000035   DeltaT:  2.556E-06   Iter/sec:  1.605E+01
 Iteration:  00000036   DeltaT:  2.556E-06   Iter/sec:  1.565E+01
 Iteration:  00000037   DeltaT:  2.556E-06   Iter/sec:  1.600E+01
 Iteration:  00000038   DeltaT:  2.556E-06   Iter/sec:  1.567E+01
 Iteration:  00000039   DeltaT:  2.556E-06   Iter/sec:  1.612E+01
 Iteration:  00000040   DeltaT:  2.556E-06   Iter/sec:  1.596E+01
 Iteration:  00000041   DeltaT:  2.556E-06   Iter/sec:  1.571E+01
 Iteration:  00000042   DeltaT:  2.556E-06   Iter/sec:  1.607E+01
 Iteration:  00000043   DeltaT:  2.556E-06   Iter/sec:  1.583E+01
 Iteration:  00000044   DeltaT:  2.556E-06   Iter/sec:  1.560E+01
 Iteration:  00000045   DeltaT:  2.556E-06   Iter/sec:  1.571E+01
 Iteration:  00000046   DeltaT:  2.556E-06   Iter/sec:  1.574E+01
 Iteration:  00000047   DeltaT:  2.556E-06   Iter/sec:  1.599E+01
 Iteration:  00000048   DeltaT:  2.556E-06   Iter/sec:  1.580E+01
 Iteration:  00000049   DeltaT:  2.556E-06   Iter/sec:  1.557E+01
 Iteration:  00000050   DeltaT:  2.556E-06   Iter/sec:  1.540E+01


//////////////////////////////////////////////
   Measured Timings for Process 0  (seconds)

 Elapsed time:         3.3735
  Column time:         0.7174
     Row time:         0.9481
Legendre time:         0.2781
     FFT time:         0.2556
   Solve time:         0.3639
    rlma time:         0.0459
    rlmb time:         0.0164
  pspace time:         0.3102
  psolve time:         0.3804
    dphi time:         0.0223
captured time:         3.3383

     iter/sec:        14.8214
//////////////////////////////////////////////
