 //////////////////////////////////////
 Initializating Rayleigh...

 -- Initalizing MPI...
 ---- Specified parameters:
 ---- NCPU  :     64
 ---- NPROW :     16
 ---- NPCOL :      4
 -- MPI initialized.


 -- Initalizing Grid...
 ---- Specified parameters ----
 ---- N_R                 :    128
 ---- N_THETA             :    192
 ---- Ell_MAX             :    127
 ---- R_MIN               :  5.38462E-01
 ---- R_MAX               :  1.53846E+00
 ---- Chebyshev Domains   :      1

        Domain 1
          Grid points           :  128
          Dealiased Polynomials :  85
          Domain Lower Bound    :  5.38462E-01
          Domain Upper Bound    :  1.53846E+00

 -- Grid initialized.

 -- Initalizing Reference State...
 ---- Specified parameters:
 ---- Reference type           :  Boussinesq (Non-dimensional)
 ---- Rayleigh Number          :  1.00000E+05
 ---- Ekman Number             :  1.00000E-03
 ---- Prandtl Number           :  1.00000E+00
 ---- Magnetic Prandtl Number  :  5.00000E+00
 -- Reference State initialized.

 -- Initializing Fields...
 ---- Specified parameters:
 ---- Hydro Init Type    : Benchmark (Christensen et al. 2001)
 ---- Magnetic Init Type : Benchmark (Christensen et al. 2001)
 -- Fields initialized.

 Initialization Complete.
 //////////////////////////////////////

 Timestep has changed from  0.00000E+00 to  1.00000E-04.
 Iteration:  00000001   DeltaT:  1.000E-04   Iter/sec:  0.000E+00
 Timestep has changed from  1.00000E-04 to  2.55581E-06.
 Iteration:  00000002   DeltaT:  2.556E-06   Iter/sec:  1.945E+00
 Iteration:  00000003   DeltaT:  2.556E-06   Iter/sec:  2.326E+00
 Iteration:  00000004   DeltaT:  2.556E-06   Iter/sec:  3.538E+00
 Iteration:  00000005   DeltaT:  2.556E-06   Iter/sec:  3.802E+00
 Iteration:  00000006   DeltaT:  2.556E-06   Iter/sec:  3.780E+00
 Iteration:  00000007   DeltaT:  2.556E-06   Iter/sec:  3.700E+00
 Iteration:  00000008   DeltaT:  2.556E-06   Iter/sec:  3.760E+00
 Iteration:  00000009   DeltaT:  2.556E-06   Iter/sec:  3.764E+00
 Iteration:  00000010   DeltaT:  2.556E-06   Iter/sec:  3.808E+00
 Iteration:  00000011   DeltaT:  2.556E-06   Iter/sec:  3.662E+00
 Iteration:  00000012   DeltaT:  2.556E-06   Iter/sec:  3.540E+00
 Iteration:  00000013   DeltaT:  2.556E-06   Iter/sec:  3.778E+00
 Iteration:  00000014   DeltaT:  2.556E-06   Iter/sec:  3.756E+00
 Iteration:  00000015   DeltaT:  2.556E-06   Iter/sec:  3.722E+00
 Iteration:  00000016   DeltaT:  2.556E-06   Iter/sec:  3.482E+00
 Iteration:  00000017   DeltaT:  2.556E-06   Iter/sec:  3.746E+00
 Iteration:  00000018   DeltaT:  2.556E-06   Iter/sec:  3.783E+00
 Iteration:  00000019   DeltaT:  2.556E-06   Iter/sec:  3.602E+00
 Iteration:  00000020   DeltaT:  2.556E-06   Iter/sec:  3.792E+00
 Iteration:  00000021   DeltaT:  2.556E-06   Iter/sec:  3.637E+00
 Iteration:  00000022   DeltaT:  2.556E-06   Iter/sec:  3.760E+00
 Iteration:  00000023   DeltaT:  2.556E-06   Iter/sec:  3.628E+00
 Iteration:  00000024   DeltaT:  2.556E-06   Iter/sec:  3.841E+00
 Iteration:  00000025   DeltaT:  2.556E-06   Iter/sec:  3.741E+00
 Iteration:  00000026   DeltaT:  2.556E-06   Iter/sec:  3.698E+00
 Iteration:  00000027   DeltaT:  2.556E-06   Iter/sec:  3.693E+00
 Iteration:  00000028   DeltaT:  2.556E-06   Iter/sec:  3.508E+00
 Iteration:  00000029   DeltaT:  2.556E-06   Iter/sec:  3.779E+00
 Iteration:  00000030   DeltaT:  2.556E-06   Iter/sec:  3.705E+00
 Iteration:  00000031   DeltaT:  2.556E-06   Iter/sec:  3.693E+00
 Iteration:  00000032   DeltaT:  2.556E-06   Iter/sec:  3.763E+00
 Iteration:  00000033   DeltaT:  2.556E-06   Iter/sec:  3.520E+00
 Iteration:  00000034   DeltaT:  2.556E-06   Iter/sec:  3.773E+00
 Iteration:  00000035   DeltaT:  2.556E-06   Iter/sec:  3.418E+00
 Iteration:  00000036   DeltaT:  2.556E-06   Iter/sec:  3.764E+00
 Iteration:  00000037   DeltaT:  2.556E-06   Iter/sec:  3.705E+00
 Iteration:  00000038   DeltaT:  2.556E-06   Iter/sec:  3.706E+00
 Iteration:  00000039   DeltaT:  2.556E-06   Iter/sec:  3.638E+00
 Iteration:  00000040   DeltaT:  2.556E-06   Iter/sec:  3.806E+00
 Iteration:  00000041   DeltaT:  2.556E-06   Iter/sec:  3.755E+00
 Iteration:  00000042   DeltaT:  2.556E-06   Iter/sec:  3.699E+00
 Iteration:  00000043   DeltaT:  2.556E-06   Iter/sec:  3.765E+00
 Iteration:  00000044   DeltaT:  2.556E-06   Iter/sec:  3.819E+00
 Iteration:  00000045   DeltaT:  2.556E-06   Iter/sec:  3.718E+00
 Iteration:  00000046   DeltaT:  2.556E-06   Iter/sec:  3.679E+00
 Iteration:  00000047   DeltaT:  2.556E-06   Iter/sec:  3.650E+00
 Iteration:  00000048   DeltaT:  2.556E-06   Iter/sec:  3.759E+00
 Iteration:  00000049   DeltaT:  2.556E-06   Iter/sec:  3.740E+00
 Iteration:  00000050   DeltaT:  2.556E-06   Iter/sec:  3.685E+00


//////////////////////////////////////////////
   Measured Timings for Process 0  (seconds)

 Elapsed time:        13.8440
  Column time:         1.1558
     Row time:         4.5125
Legendre time:         1.7758
     FFT time:         0.9703
   Solve time:         0.7836
    rlma time:         0.1972
    rlmb time:         0.0715
  pspace time:         2.2280
  psolve time:         1.8527
    dphi time:         0.1332
captured time:        13.6805

     iter/sec:         3.6117
//////////////////////////////////////////////
