 //////////////////////////////////////
 Initializating Rayleigh...

 -- Initalizing MPI...
 ---- Specified parameters:
 ---- NCPU  :     32
 ---- NPROW :      8
 ---- NPCOL :      4
 -- MPI initialized.


 -- Initalizing Grid...
 ---- Specified parameters ----
 ---- N_R                 :    128
 ---- N_THETA             :    384
 ---- Ell_MAX             :    255
 ---- R_MIN               :  5.38462E-01
 ---- R_MAX               :  1.53846E+00
 ---- Chebyshev Domains   :      1

        Domain 1
          Grid points           :  128
          Dealiased Polynomials :  85
          Domain Lower Bound    :  5.38462E-01
          Domain Upper Bound    :  1.53846E+00

 -- Grid initialized.

 -- Initalizing Reference State...
 ---- Specified parameters:
 ---- Reference type           :  Boussinesq (Non-dimensional)
 ---- Rayleigh Number          :  1.00000E+05
 ---- Ekman Number             :  1.00000E-03
 ---- Prandtl Number           :  1.00000E+00
 ---- Magnetic Prandtl Number  :  5.00000E+00
 -- Reference State initialized.

 -- Initializing Fields...
 ---- Specified parameters:
 ---- Hydro Init Type    : Benchmark (Christensen et al. 2001)
 ---- Magnetic Init Type : Benchmark (Christensen et al. 2001)
 -- Fields initialized.

 Initialization Complete.
 //////////////////////////////////////

 Timestep has changed from  0.00000E+00 to  1.00000E-04.
 Iteration:  00000001   DeltaT:  1.000E-04   Iter/sec:  0.000E+00
 Timestep has changed from  1.00000E-04 to  2.55566E-06.
 Iteration:  00000002   DeltaT:  2.556E-06   Iter/sec:  3.118E-01
 Iteration:  00000003   DeltaT:  2.556E-06   Iter/sec:  3.547E-01
 Iteration:  00000004   DeltaT:  2.556E-06   Iter/sec:  4.019E-01
 Iteration:  00000005   DeltaT:  2.556E-06   Iter/sec:  3.984E-01
 Iteration:  00000006   DeltaT:  2.556E-06   Iter/sec:  3.969E-01
 Iteration:  00000007   DeltaT:  2.556E-06   Iter/sec:  3.983E-01
 Iteration:  00000008   DeltaT:  2.556E-06   Iter/sec:  3.995E-01
 Iteration:  00000009   DeltaT:  2.556E-06   Iter/sec:  3.972E-01
 Iteration:  00000010   DeltaT:  2.556E-06   Iter/sec:  3.980E-01
 Iteration:  00000011   DeltaT:  2.556E-06   Iter/sec:  4.001E-01
 Iteration:  00000012   DeltaT:  2.556E-06   Iter/sec:  3.982E-01
 Iteration:  00000013   DeltaT:  2.556E-06   Iter/sec:  4.011E-01
 Iteration:  00000014   DeltaT:  2.556E-06   Iter/sec:  3.970E-01
 Iteration:  00000015   DeltaT:  2.556E-06   Iter/sec:  3.992E-01
 Iteration:  00000016   DeltaT:  2.556E-06   Iter/sec:  3.987E-01
 Iteration:  00000017   DeltaT:  2.556E-06   Iter/sec:  3.989E-01
 Iteration:  00000018   DeltaT:  2.556E-06   Iter/sec:  4.010E-01
 Iteration:  00000019   DeltaT:  2.556E-06   Iter/sec:  3.979E-01
 Iteration:  00000020   DeltaT:  2.556E-06   Iter/sec:  3.991E-01
 Iteration:  00000021   DeltaT:  2.556E-06   Iter/sec:  3.983E-01
 Iteration:  00000022   DeltaT:  2.556E-06   Iter/sec:  3.975E-01
 Iteration:  00000023   DeltaT:  2.556E-06   Iter/sec:  4.005E-01
 Iteration:  00000024   DeltaT:  2.556E-06   Iter/sec:  3.989E-01
 Iteration:  00000025   DeltaT:  2.556E-06   Iter/sec:  3.994E-01
 Iteration:  00000026   DeltaT:  2.556E-06   Iter/sec:  3.976E-01
 Iteration:  00000027   DeltaT:  2.556E-06   Iter/sec:  3.982E-01
 Iteration:  00000028   DeltaT:  2.556E-06   Iter/sec:  3.993E-01
 Iteration:  00000029   DeltaT:  2.556E-06   Iter/sec:  4.006E-01
 Iteration:  00000030   DeltaT:  2.556E-06   Iter/sec:  3.990E-01
 Iteration:  00000031   DeltaT:  2.556E-06   Iter/sec:  3.991E-01
 Iteration:  00000032   DeltaT:  2.556E-06   Iter/sec:  3.981E-01
 Iteration:  00000033   DeltaT:  2.556E-06   Iter/sec:  4.009E-01
 Iteration:  00000034   DeltaT:  2.556E-06   Iter/sec:  3.980E-01
 Iteration:  00000035   DeltaT:  2.556E-06   Iter/sec:  3.984E-01
 Iteration:  00000036   DeltaT:  2.556E-06   Iter/sec:  3.973E-01
 Iteration:  00000037   DeltaT:  2.556E-06   Iter/sec:  3.992E-01
 Iteration:  00000038   DeltaT:  2.556E-06   Iter/sec:  3.954E-01
 Iteration:  00000039   DeltaT:  2.556E-06   Iter/sec:  3.979E-01
 Iteration:  00000040   DeltaT:  2.556E-06   Iter/sec:  3.981E-01
 Iteration:  00000041   DeltaT:  2.556E-06   Iter/sec:  3.985E-01
 Iteration:  00000042   DeltaT:  2.556E-06   Iter/sec:  3.963E-01
 Iteration:  00000043   DeltaT:  2.556E-06   Iter/sec:  3.980E-01
 Iteration:  00000044   DeltaT:  2.556E-06   Iter/sec:  4.000E-01
 Iteration:  00000045   DeltaT:  2.556E-06   Iter/sec:  3.988E-01
 Iteration:  00000046   DeltaT:  2.556E-06   Iter/sec:  3.978E-01
 Iteration:  00000047   DeltaT:  2.556E-06   Iter/sec:  3.988E-01
 Iteration:  00000048   DeltaT:  2.556E-06   Iter/sec:  3.992E-01
 Iteration:  00000049   DeltaT:  2.556E-06   Iter/sec:  3.980E-01
 Iteration:  00000050   DeltaT:  2.556E-06   Iter/sec:  3.984E-01


//////////////////////////////////////////////
   Measured Timings for Process 0  (seconds)

 Elapsed time:       126.0694
  Column time:         6.9749
     Row time:        49.9584
Legendre time:        19.0973
     FFT time:         7.9530
   Solve time:         2.5735
    rlma time:         3.2880
    rlmb time:         1.5766
  pspace time:        17.2047
  psolve time:        14.2417
    dphi time:         0.9029
captured time:       123.7710

     iter/sec:         0.3966
//////////////////////////////////////////////
