 //////////////////////////////////////
 Initializating Rayleigh...

 -- Initalizing MPI...
 ---- Specified parameters:
 ---- NCPU  :   2048
 ---- NPROW :     32
 ---- NPCOL :     64
 -- MPI initialized.


 -- Initalizing Grid...
 ---- Specified parameters ----
 ---- N_R                 :    128
 ---- N_THETA             :    768
 ---- Ell_MAX             :    511
 ---- R_MIN               :  5.38462E-01
 ---- R_MAX               :  1.53846E+00
 ---- Chebyshev Domains   :      1

        Domain 1
          Grid points           :  128
          Dealiased Polynomials :  85
          Domain Lower Bound    :  5.38462E-01
          Domain Upper Bound    :  1.53846E+00

 -- Grid initialized.

 -- Initalizing Reference State...
 ---- Specified parameters:
 ---- Reference type           :  Boussinesq (Non-dimensional)
 ---- Rayleigh Number          :  1.00000E+05
 ---- Ekman Number             :  1.00000E-03
 ---- Prandtl Number           :  1.00000E+00
 ---- Magnetic Prandtl Number  :  5.00000E+00
 -- Reference State initialized.

 -- Initializing Fields...
 ---- Specified parameters:
 ---- Hydro Init Type    : Benchmark (Christensen et al. 2001)
 ---- Magnetic Init Type : Benchmark (Christensen et al. 2001)
 -- Fields initialized.

 Initialization Complete.
 //////////////////////////////////////

 Timestep has changed from  0.00000E+00 to  1.00000E-04.
 Iteration:  00000001   DeltaT:  1.000E-04   Iter/sec:  0.000E+00
 Timestep has changed from  1.00000E-04 to  2.55562E-06.
 Iteration:  00000002   DeltaT:  2.556E-06   Iter/sec:  7.398E-01
 Iteration:  00000003   DeltaT:  2.556E-06   Iter/sec:  4.392E+00
 Iteration:  00000004   DeltaT:  2.556E-06   Iter/sec:  5.312E+00
 Iteration:  00000005   DeltaT:  2.556E-06   Iter/sec:  4.679E+00
 Iteration:  00000006   DeltaT:  2.556E-06   Iter/sec:  4.959E+00
 Iteration:  00000007   DeltaT:  2.556E-06   Iter/sec:  5.341E+00
 Iteration:  00000008   DeltaT:  2.556E-06   Iter/sec:  4.965E+00
 Iteration:  00000009   DeltaT:  2.556E-06   Iter/sec:  5.268E+00
 Iteration:  00000010   DeltaT:  2.556E-06   Iter/sec:  5.109E+00
 Iteration:  00000011   DeltaT:  2.556E-06   Iter/sec:  5.141E+00
 Iteration:  00000012   DeltaT:  2.556E-06   Iter/sec:  4.416E+00
 Iteration:  00000013   DeltaT:  2.556E-06   Iter/sec:  5.286E+00
 Iteration:  00000014   DeltaT:  2.556E-06   Iter/sec:  5.384E+00
 Iteration:  00000015   DeltaT:  2.556E-06   Iter/sec:  4.566E+00
 Iteration:  00000016   DeltaT:  2.556E-06   Iter/sec:  5.402E+00
 Iteration:  00000017   DeltaT:  2.556E-06   Iter/sec:  5.238E+00
 Iteration:  00000018   DeltaT:  2.556E-06   Iter/sec:  4.378E+00
 Iteration:  00000019   DeltaT:  2.556E-06   Iter/sec:  6.946E+00
 Iteration:  00000020   DeltaT:  2.556E-06   Iter/sec:  5.353E+00
 Iteration:  00000021   DeltaT:  2.556E-06   Iter/sec:  4.871E+00
 Iteration:  00000022   DeltaT:  2.556E-06   Iter/sec:  4.775E+00
 Iteration:  00000023   DeltaT:  2.556E-06   Iter/sec:  5.423E+00
 Iteration:  00000024   DeltaT:  2.556E-06   Iter/sec:  5.280E+00
 Iteration:  00000025   DeltaT:  2.556E-06   Iter/sec:  5.364E+00
 Iteration:  00000026   DeltaT:  2.556E-06   Iter/sec:  5.399E+00
 Iteration:  00000027   DeltaT:  2.556E-06   Iter/sec:  5.238E+00
 Iteration:  00000028   DeltaT:  2.556E-06   Iter/sec:  4.787E+00
 Iteration:  00000029   DeltaT:  2.556E-06   Iter/sec:  5.394E+00
 Iteration:  00000030   DeltaT:  2.556E-06   Iter/sec:  5.458E+00
 Iteration:  00000031   DeltaT:  2.556E-06   Iter/sec:  5.161E+00
 Iteration:  00000032   DeltaT:  2.556E-06   Iter/sec:  5.125E+00
 Iteration:  00000033   DeltaT:  2.556E-06   Iter/sec:  5.333E+00
 Iteration:  00000034   DeltaT:  2.556E-06   Iter/sec:  5.411E+00
 Iteration:  00000035   DeltaT:  2.556E-06   Iter/sec:  5.189E+00
 Iteration:  00000036   DeltaT:  2.556E-06   Iter/sec:  6.001E+00
 Iteration:  00000037   DeltaT:  2.556E-06   Iter/sec:  5.628E+00
 Iteration:  00000038   DeltaT:  2.556E-06   Iter/sec:  5.319E+00
 Iteration:  00000039   DeltaT:  2.556E-06   Iter/sec:  5.115E+00
 Iteration:  00000040   DeltaT:  2.556E-06   Iter/sec:  5.362E+00
 Iteration:  00000041   DeltaT:  2.556E-06   Iter/sec:  5.348E+00
 Iteration:  00000042   DeltaT:  2.556E-06   Iter/sec:  4.917E+00
 Iteration:  00000043   DeltaT:  2.556E-06   Iter/sec:  5.383E+00
 Iteration:  00000044   DeltaT:  2.556E-06   Iter/sec:  5.619E+00
 Iteration:  00000045   DeltaT:  2.556E-06   Iter/sec:  5.480E+00
 Iteration:  00000046   DeltaT:  2.556E-06   Iter/sec:  4.862E+00
 Iteration:  00000047   DeltaT:  2.556E-06   Iter/sec:  5.292E+00
 Iteration:  00000048   DeltaT:  2.556E-06   Iter/sec:  5.352E+00
 Iteration:  00000049   DeltaT:  2.556E-06   Iter/sec:  5.214E+00
 Iteration:  00000050   DeltaT:  2.556E-06   Iter/sec:  5.816E+00


//////////////////////////////////////////////
   Measured Timings for Process 0  (seconds)

 Elapsed time:         9.8071
  Column time:         3.6597
     Row time:         2.5438
Legendre time:         1.0602
     FFT time:         0.4953
   Solve time:         0.3008
    rlma time:         0.1104
    rlmb time:         0.0464
  pspace time:         0.8807
  psolve time:         0.5988
    dphi time:         0.0490
captured time:         9.7451

     iter/sec:         5.0984
//////////////////////////////////////////////
