 //////////////////////////////////////
 Initializating Rayleigh...

 -- Initalizing MPI...
 ---- Specified parameters:
 ---- NCPU  :    512
 ---- NPROW :     32
 ---- NPCOL :     16
 -- MPI initialized.


 -- Initalizing Grid...
 ---- Specified parameters ----
 ---- N_R                 :    128
 ---- N_THETA             :   1536
 ---- Ell_MAX             :   1023
 ---- R_MIN               :  5.38462E-01
 ---- R_MAX               :  1.53846E+00
 ---- Chebyshev Domains   :      1

        Domain 1
          Grid points           :  128
          Dealiased Polynomials :  85
          Domain Lower Bound    :  5.38462E-01
          Domain Upper Bound    :  1.53846E+00

 -- Grid initialized.

 -- Initalizing Reference State...
 ---- Specified parameters:
 ---- Reference type           :  Boussinesq (Non-dimensional)
 ---- Rayleigh Number          :  1.00000E+05
 ---- Ekman Number             :  1.00000E-03
 ---- Prandtl Number           :  1.00000E+00
 ---- Magnetic Prandtl Number  :  5.00000E+00
 -- Reference State initialized.

 -- Initializing Fields...
 ---- Specified parameters:
 ---- Hydro Init Type    : Benchmark (Christensen et al. 2001)
 ---- Magnetic Init Type : Benchmark (Christensen et al. 2001)
 -- Fields initialized.

 Initialization Complete.
 //////////////////////////////////////

 Timestep has changed from  0.00000E+00 to  1.00000E-04.
 Iteration:  00000001   DeltaT:  1.000E-04   Iter/sec:  0.000E+00
 Timestep has changed from  1.00000E-04 to  2.55561E-06.
 Iteration:  00000002   DeltaT:  2.556E-06   Iter/sec:  1.393E-01
 Iteration:  00000003   DeltaT:  2.556E-06   Iter/sec:  3.077E-01
 Iteration:  00000004   DeltaT:  2.556E-06   Iter/sec:  3.335E-01
 Iteration:  00000005   DeltaT:  2.556E-06   Iter/sec:  3.132E-01
 Iteration:  00000006   DeltaT:  2.556E-06   Iter/sec:  3.226E-01
 Iteration:  00000007   DeltaT:  2.556E-06   Iter/sec:  3.237E-01
 Iteration:  00000008   DeltaT:  2.556E-06   Iter/sec:  3.365E-01
 Iteration:  00000009   DeltaT:  2.556E-06   Iter/sec:  3.211E-01
 Iteration:  00000010   DeltaT:  2.556E-06   Iter/sec:  3.304E-01
 Iteration:  00000011   DeltaT:  2.556E-06   Iter/sec:  3.213E-01
 Iteration:  00000012   DeltaT:  2.556E-06   Iter/sec:  3.235E-01
 Iteration:  00000013   DeltaT:  2.556E-06   Iter/sec:  3.254E-01
 Iteration:  00000014   DeltaT:  2.556E-06   Iter/sec:  3.370E-01
 Iteration:  00000015   DeltaT:  2.556E-06   Iter/sec:  3.201E-01
 Iteration:  00000016   DeltaT:  2.556E-06   Iter/sec:  3.403E-01
 Iteration:  00000017   DeltaT:  2.556E-06   Iter/sec:  3.154E-01
 Iteration:  00000018   DeltaT:  2.556E-06   Iter/sec:  3.350E-01
 Iteration:  00000019   DeltaT:  2.556E-06   Iter/sec:  3.200E-01
 Iteration:  00000020   DeltaT:  2.556E-06   Iter/sec:  3.231E-01
 Iteration:  00000021   DeltaT:  2.556E-06   Iter/sec:  3.257E-01
 Iteration:  00000022   DeltaT:  2.556E-06   Iter/sec:  3.212E-01
 Iteration:  00000023   DeltaT:  2.556E-06   Iter/sec:  3.293E-01
 Iteration:  00000024   DeltaT:  2.556E-06   Iter/sec:  3.417E-01
 Iteration:  00000025   DeltaT:  2.556E-06   Iter/sec:  3.106E-01
 Iteration:  00000026   DeltaT:  2.556E-06   Iter/sec:  3.293E-01
 Iteration:  00000027   DeltaT:  2.556E-06   Iter/sec:  3.188E-01
 Iteration:  00000028   DeltaT:  2.556E-06   Iter/sec:  3.263E-01
 Iteration:  00000029   DeltaT:  2.556E-06   Iter/sec:  3.213E-01
 Iteration:  00000030   DeltaT:  2.556E-06   Iter/sec:  3.425E-01
 Iteration:  00000031   DeltaT:  2.556E-06   Iter/sec:  3.131E-01
 Iteration:  00000032   DeltaT:  2.556E-06   Iter/sec:  3.367E-01
 Iteration:  00000033   DeltaT:  2.556E-06   Iter/sec:  3.182E-01
 Iteration:  00000034   DeltaT:  2.556E-06   Iter/sec:  3.380E-01
 Iteration:  00000035   DeltaT:  2.556E-06   Iter/sec:  3.164E-01
 Iteration:  00000036   DeltaT:  2.556E-06   Iter/sec:  3.379E-01
 Iteration:  00000037   DeltaT:  2.556E-06   Iter/sec:  3.163E-01
 Iteration:  00000038   DeltaT:  2.556E-06   Iter/sec:  3.253E-01
 Iteration:  00000039   DeltaT:  2.556E-06   Iter/sec:  3.218E-01
 Iteration:  00000040   DeltaT:  2.556E-06   Iter/sec:  3.246E-01
 Iteration:  00000041   DeltaT:  2.556E-06   Iter/sec:  3.249E-01
 Iteration:  00000042   DeltaT:  2.556E-06   Iter/sec:  3.248E-01
 Iteration:  00000043   DeltaT:  2.556E-06   Iter/sec:  3.237E-01
 Iteration:  00000044   DeltaT:  2.556E-06   Iter/sec:  3.262E-01
 Iteration:  00000045   DeltaT:  2.556E-06   Iter/sec:  3.260E-01
 Iteration:  00000046   DeltaT:  2.556E-06   Iter/sec:  3.468E-01
 Iteration:  00000047   DeltaT:  2.556E-06   Iter/sec:  3.108E-01
 Iteration:  00000048   DeltaT:  2.556E-06   Iter/sec:  3.351E-01
 Iteration:  00000049   DeltaT:  2.556E-06   Iter/sec:  3.222E-01
 Iteration:  00000050   DeltaT:  2.556E-06   Iter/sec:  3.357E-01


//////////////////////////////////////////////
   Measured Timings for Process 0  (seconds)

 Elapsed time:       153.8678
  Column time:        34.2464
     Row time:        47.8314
Legendre time:        26.4882
     FFT time:         8.2442
   Solve time:         2.5508
    rlma time:         2.8354
    rlmb time:         1.3748
  pspace time:        14.7499
  psolve time:        13.2715
    dphi time:         0.4649
captured time:       152.0575

     iter/sec:         0.3250
//////////////////////////////////////////////
