 //////////////////////////////////////
 Initializating Rayleigh...

 -- Initalizing MPI...
 ---- Specified parameters:
 ---- NCPU  :    128
 ---- NPROW :      8
 ---- NPCOL :     16
 -- MPI initialized.


 -- Initalizing Grid...
 ---- Specified parameters ----
 ---- N_R                 :     64
 ---- N_THETA             :    384
 ---- Ell_MAX             :    255
 ---- R_MIN               :  5.38462E-01
 ---- R_MAX               :  1.53846E+00
 ---- Chebyshev Domains   :      1

        Domain 1
          Grid points           :  64
          Dealiased Polynomials :  42
          Domain Lower Bound    :  5.38462E-01
          Domain Upper Bound    :  1.53846E+00

 -- Grid initialized.

 -- Initalizing Reference State...
 ---- Specified parameters:
 ---- Reference type           :  Boussinesq (Non-dimensional)
 ---- Rayleigh Number          :  1.00000E+05
 ---- Ekman Number             :  1.00000E-03
 ---- Prandtl Number           :  1.00000E+00
 ---- Magnetic Prandtl Number  :  5.00000E+00
 -- Reference State initialized.

 -- Initializing Fields...
 ---- Specified parameters:
 ---- Hydro Init Type    : Benchmark (Christensen et al. 2001)
 ---- Magnetic Init Type : Benchmark (Christensen et al. 2001)
 -- Fields initialized.

 Initialization Complete.
 //////////////////////////////////////

 Timestep has changed from  0.00000E+00 to  1.00000E-04.
 Iteration:  00000001   DeltaT:  1.000E-04   Iter/sec:  0.000E+00
 Timestep has changed from  1.00000E-04 to  1.02211E-05.
 Iteration:  00000002   DeltaT:  1.022E-05   Iter/sec:  1.736E+00
 Iteration:  00000003   DeltaT:  1.022E-05   Iter/sec:  3.527E+00
 Iteration:  00000004   DeltaT:  1.022E-05   Iter/sec:  3.571E+00
 Iteration:  00000005   DeltaT:  1.022E-05   Iter/sec:  3.812E+00
 Iteration:  00000006   DeltaT:  1.022E-05   Iter/sec:  3.713E+00
 Iteration:  00000007   DeltaT:  1.022E-05   Iter/sec:  3.317E+00
 Iteration:  00000008   DeltaT:  1.022E-05   Iter/sec:  3.687E+00
 Iteration:  00000009   DeltaT:  1.022E-05   Iter/sec:  3.683E+00
 Iteration:  00000010   DeltaT:  1.022E-05   Iter/sec:  3.696E+00
 Iteration:  00000011   DeltaT:  1.022E-05   Iter/sec:  3.426E+00
 Iteration:  00000012   DeltaT:  1.022E-05   Iter/sec:  3.725E+00
 Iteration:  00000013   DeltaT:  1.022E-05   Iter/sec:  3.179E+00
 Iteration:  00000014   DeltaT:  1.022E-05   Iter/sec:  3.553E+00
 Iteration:  00000015   DeltaT:  1.022E-05   Iter/sec:  3.723E+00
 Iteration:  00000016   DeltaT:  1.022E-05   Iter/sec:  3.165E+00
 Iteration:  00000017   DeltaT:  1.022E-05   Iter/sec:  3.380E+00
 Iteration:  00000018   DeltaT:  1.022E-05   Iter/sec:  3.752E+00
 Iteration:  00000019   DeltaT:  1.022E-05   Iter/sec:  3.762E+00
 Iteration:  00000020   DeltaT:  1.022E-05   Iter/sec:  3.507E+00
 Iteration:  00000021   DeltaT:  1.022E-05   Iter/sec:  3.735E+00
 Iteration:  00000022   DeltaT:  1.022E-05   Iter/sec:  3.686E+00
 Iteration:  00000023   DeltaT:  1.022E-05   Iter/sec:  3.190E+00
 Iteration:  00000024   DeltaT:  1.022E-05   Iter/sec:  3.672E+00
 Iteration:  00000025   DeltaT:  1.022E-05   Iter/sec:  3.735E+00
 Iteration:  00000026   DeltaT:  1.022E-05   Iter/sec:  3.685E+00
 Iteration:  00000027   DeltaT:  1.022E-05   Iter/sec:  3.388E+00
 Iteration:  00000028   DeltaT:  1.022E-05   Iter/sec:  3.603E+00
 Iteration:  00000029   DeltaT:  1.022E-05   Iter/sec:  3.178E+00
 Iteration:  00000030   DeltaT:  1.022E-05   Iter/sec:  3.554E+00
 Iteration:  00000031   DeltaT:  1.022E-05   Iter/sec:  3.681E+00
 Iteration:  00000032   DeltaT:  1.022E-05   Iter/sec:  3.044E+00
 Iteration:  00000033   DeltaT:  1.022E-05   Iter/sec:  3.569E+00
 Iteration:  00000034   DeltaT:  1.022E-05   Iter/sec:  3.679E+00
 Iteration:  00000035   DeltaT:  1.022E-05   Iter/sec:  3.618E+00
 Iteration:  00000036   DeltaT:  1.022E-05   Iter/sec:  3.355E+00
 Iteration:  00000037   DeltaT:  1.022E-05   Iter/sec:  3.594E+00
 Iteration:  00000038   DeltaT:  1.022E-05   Iter/sec:  3.391E+00
 Iteration:  00000039   DeltaT:  1.022E-05   Iter/sec:  3.489E+00
 Iteration:  00000040   DeltaT:  1.022E-05   Iter/sec:  3.625E+00
 Iteration:  00000041   DeltaT:  1.022E-05   Iter/sec:  3.043E+00
 Iteration:  00000042   DeltaT:  1.022E-05   Iter/sec:  3.615E+00
 Iteration:  00000043   DeltaT:  1.022E-05   Iter/sec:  3.623E+00
 Iteration:  00000044   DeltaT:  1.022E-05   Iter/sec:  3.709E+00
 Iteration:  00000045   DeltaT:  1.022E-05   Iter/sec:  3.281E+00
 Iteration:  00000046   DeltaT:  1.022E-05   Iter/sec:  3.656E+00
 Iteration:  00000047   DeltaT:  1.022E-05   Iter/sec:  3.267E+00
 Iteration:  00000048   DeltaT:  1.022E-05   Iter/sec:  3.612E+00
 Iteration:  00000049   DeltaT:  1.022E-05   Iter/sec:  3.690E+00
 Iteration:  00000050   DeltaT:  1.022E-05   Iter/sec:  2.945E+00


//////////////////////////////////////////////
   Measured Timings for Process 0  (seconds)

 Elapsed time:        14.2252
  Column time:         2.8657
     Row time:         4.5106
Legendre time:         1.6191
     FFT time:         0.9790
   Solve time:         0.2212
    rlma time:         0.2046
    rlmb time:         0.0921
  pspace time:         2.1066
  psolve time:         1.3848
    dphi time:         0.1125
captured time:        14.0960

     iter/sec:         3.5149
//////////////////////////////////////////////
