 //////////////////////////////////////
 Initializating Rayleigh...

 -- Initalizing MPI...
 ---- Specified parameters:
 ---- NCPU  :    128
 ---- NPROW :     16
 ---- NPCOL :      8
 -- MPI initialized.


 -- Initalizing Grid...
 ---- Specified parameters ----
 ---- N_R                 :     64
 ---- N_THETA             :    384
 ---- Ell_MAX             :    255
 ---- R_MIN               :  5.38462E-01
 ---- R_MAX               :  1.53846E+00
 ---- Chebyshev Domains   :      1

        Domain 1
          Grid points           :  64
          Dealiased Polynomials :  42
          Domain Lower Bound    :  5.38462E-01
          Domain Upper Bound    :  1.53846E+00

 -- Grid initialized.

 -- Initalizing Reference State...
 ---- Specified parameters:
 ---- Reference type           :  Boussinesq (Non-dimensional)
 ---- Rayleigh Number          :  1.00000E+05
 ---- Ekman Number             :  1.00000E-03
 ---- Prandtl Number           :  1.00000E+00
 ---- Magnetic Prandtl Number  :  5.00000E+00
 -- Reference State initialized.

 -- Initializing Fields...
 ---- Specified parameters:
 ---- Hydro Init Type    : Benchmark (Christensen et al. 2001)
 ---- Magnetic Init Type : Benchmark (Christensen et al. 2001)
 -- Fields initialized.

 Initialization Complete.
 //////////////////////////////////////

 Timestep has changed from  0.00000E+00 to  1.00000E-04.
 Iteration:  00000001   DeltaT:  1.000E-04   Iter/sec:  0.000E+00
 Timestep has changed from  1.00000E-04 to  1.02211E-05.
 Iteration:  00000002   DeltaT:  1.022E-05   Iter/sec:  1.984E+00
 Iteration:  00000003   DeltaT:  1.022E-05   Iter/sec:  3.198E+00
 Iteration:  00000004   DeltaT:  1.022E-05   Iter/sec:  3.694E+00
 Iteration:  00000005   DeltaT:  1.022E-05   Iter/sec:  3.183E+00
 Iteration:  00000006   DeltaT:  1.022E-05   Iter/sec:  3.470E+00
 Iteration:  00000007   DeltaT:  1.022E-05   Iter/sec:  3.594E+00
 Iteration:  00000008   DeltaT:  1.022E-05   Iter/sec:  3.118E+00
 Iteration:  00000009   DeltaT:  1.022E-05   Iter/sec:  3.614E+00
 Iteration:  00000010   DeltaT:  1.022E-05   Iter/sec:  3.703E+00
 Iteration:  00000011   DeltaT:  1.022E-05   Iter/sec:  3.434E+00
 Iteration:  00000012   DeltaT:  1.022E-05   Iter/sec:  3.400E+00
 Iteration:  00000013   DeltaT:  1.022E-05   Iter/sec:  3.625E+00
 Iteration:  00000014   DeltaT:  1.022E-05   Iter/sec:  3.333E+00
 Iteration:  00000015   DeltaT:  1.022E-05   Iter/sec:  3.459E+00
 Iteration:  00000016   DeltaT:  1.022E-05   Iter/sec:  2.880E+00
 Iteration:  00000017   DeltaT:  1.022E-05   Iter/sec:  3.508E+00
 Iteration:  00000018   DeltaT:  1.022E-05   Iter/sec:  3.449E+00
 Iteration:  00000019   DeltaT:  1.022E-05   Iter/sec:  3.131E+00
 Iteration:  00000020   DeltaT:  1.022E-05   Iter/sec:  3.613E+00
 Iteration:  00000021   DeltaT:  1.022E-05   Iter/sec:  3.595E+00
 Iteration:  00000022   DeltaT:  1.022E-05   Iter/sec:  3.617E+00
 Iteration:  00000023   DeltaT:  1.022E-05   Iter/sec:  3.267E+00
 Iteration:  00000024   DeltaT:  1.022E-05   Iter/sec:  3.673E+00
 Iteration:  00000025   DeltaT:  1.022E-05   Iter/sec:  3.294E+00
 Iteration:  00000026   DeltaT:  1.022E-05   Iter/sec:  3.249E+00
 Iteration:  00000027   DeltaT:  1.022E-05   Iter/sec:  3.636E+00
 Iteration:  00000028   DeltaT:  1.022E-05   Iter/sec:  3.345E+00
 Iteration:  00000029   DeltaT:  1.022E-05   Iter/sec:  3.594E+00
 Iteration:  00000030   DeltaT:  1.022E-05   Iter/sec:  3.621E+00
 Iteration:  00000031   DeltaT:  1.022E-05   Iter/sec:  3.629E+00
 Iteration:  00000032   DeltaT:  1.022E-05   Iter/sec:  3.249E+00
 Iteration:  00000033   DeltaT:  1.022E-05   Iter/sec:  3.637E+00
 Iteration:  00000034   DeltaT:  1.022E-05   Iter/sec:  3.420E+00
 Iteration:  00000035   DeltaT:  1.022E-05   Iter/sec:  3.458E+00
 Iteration:  00000036   DeltaT:  1.022E-05   Iter/sec:  3.582E+00
 Iteration:  00000037   DeltaT:  1.022E-05   Iter/sec:  2.995E+00
 Iteration:  00000038   DeltaT:  1.022E-05   Iter/sec:  3.602E+00
 Iteration:  00000039   DeltaT:  1.022E-05   Iter/sec:  3.632E+00
 Iteration:  00000040   DeltaT:  1.022E-05   Iter/sec:  3.637E+00
 Iteration:  00000041   DeltaT:  1.022E-05   Iter/sec:  3.304E+00
 Iteration:  00000042   DeltaT:  1.022E-05   Iter/sec:  3.603E+00
 Iteration:  00000043   DeltaT:  1.022E-05   Iter/sec:  3.239E+00
 Iteration:  00000044   DeltaT:  1.022E-05   Iter/sec:  3.570E+00
 Iteration:  00000045   DeltaT:  1.022E-05   Iter/sec:  3.628E+00
 Iteration:  00000046   DeltaT:  1.022E-05   Iter/sec:  3.081E+00
 Iteration:  00000047   DeltaT:  1.022E-05   Iter/sec:  3.481E+00
 Iteration:  00000048   DeltaT:  1.022E-05   Iter/sec:  3.694E+00
 Iteration:  00000049   DeltaT:  1.022E-05   Iter/sec:  3.497E+00
 Iteration:  00000050   DeltaT:  1.022E-05   Iter/sec:  3.425E+00


//////////////////////////////////////////////
   Measured Timings for Process 0  (seconds)

 Elapsed time:        14.5393
  Column time:         2.4932
     Row time:         4.9239
Legendre time:         1.6923
     FFT time:         0.9778
   Solve time:         0.2770
    rlma time:         0.1928
    rlmb time:         0.0742
  pspace time:         2.1870
  psolve time:         1.4112
    dphi time:         0.1348
captured time:        14.3642

     iter/sec:         3.4390
//////////////////////////////////////////////
