 //////////////////////////////////////
 Initializating Rayleigh...

 -- Initalizing MPI...
 ---- Specified parameters:
 ---- NCPU  :    512
 ---- NPROW :     16
 ---- NPCOL :     32
 -- MPI initialized.


 -- Initalizing Grid...
 ---- Specified parameters ----
 ---- N_R                 :    128
 ---- N_THETA             :    192
 ---- Ell_MAX             :    127
 ---- R_MIN               :  5.38462E-01
 ---- R_MAX               :  1.53846E+00
 ---- Chebyshev Domains   :      1

        Domain 1
          Grid points           :  128
          Dealiased Polynomials :  85
          Domain Lower Bound    :  5.38462E-01
          Domain Upper Bound    :  1.53846E+00

 -- Grid initialized.

 -- Initalizing Reference State...
 ---- Specified parameters:
 ---- Reference type           :  Boussinesq (Non-dimensional)
 ---- Rayleigh Number          :  1.00000E+05
 ---- Ekman Number             :  1.00000E-03
 ---- Prandtl Number           :  1.00000E+00
 ---- Magnetic Prandtl Number  :  5.00000E+00
 -- Reference State initialized.

 -- Initializing Fields...
 ---- Specified parameters:
 ---- Hydro Init Type    : Benchmark (Christensen et al. 2001)
 ---- Magnetic Init Type : Benchmark (Christensen et al. 2001)
 -- Fields initialized.

 Initialization Complete.
 //////////////////////////////////////

 Timestep has changed from  0.00000E+00 to  1.00000E-04.
 Iteration:  00000001   DeltaT:  1.000E-04   Iter/sec:  0.000E+00
 Timestep has changed from  1.00000E-04 to  2.55581E-06.
 Iteration:  00000002   DeltaT:  2.556E-06   Iter/sec:  7.149E+00
 Iteration:  00000003   DeltaT:  2.556E-06   Iter/sec:  1.714E+01
 Iteration:  00000004   DeltaT:  2.556E-06   Iter/sec:  3.693E+01
 Iteration:  00000005   DeltaT:  2.556E-06   Iter/sec:  3.695E+01
 Iteration:  00000006   DeltaT:  2.556E-06   Iter/sec:  3.213E+01
 Iteration:  00000007   DeltaT:  2.556E-06   Iter/sec:  3.883E+01
 Iteration:  00000008   DeltaT:  2.556E-06   Iter/sec:  3.683E+01
 Iteration:  00000009   DeltaT:  2.556E-06   Iter/sec:  3.923E+01
 Iteration:  00000010   DeltaT:  2.556E-06   Iter/sec:  3.556E+01
 Iteration:  00000011   DeltaT:  2.556E-06   Iter/sec:  3.811E+01
 Iteration:  00000012   DeltaT:  2.556E-06   Iter/sec:  4.008E+01
 Iteration:  00000013   DeltaT:  2.556E-06   Iter/sec:  3.699E+01
 Iteration:  00000014   DeltaT:  2.556E-06   Iter/sec:  3.730E+01
 Iteration:  00000015   DeltaT:  2.556E-06   Iter/sec:  3.950E+01
 Iteration:  00000016   DeltaT:  2.556E-06   Iter/sec:  3.944E+01
 Iteration:  00000017   DeltaT:  2.556E-06   Iter/sec:  3.956E+01
 Iteration:  00000018   DeltaT:  2.556E-06   Iter/sec:  3.911E+01
 Iteration:  00000019   DeltaT:  2.556E-06   Iter/sec:  3.996E+01
 Iteration:  00000020   DeltaT:  2.556E-06   Iter/sec:  3.795E+01
 Iteration:  00000021   DeltaT:  2.556E-06   Iter/sec:  4.009E+01
 Iteration:  00000022   DeltaT:  2.556E-06   Iter/sec:  3.893E+01
 Iteration:  00000023   DeltaT:  2.556E-06   Iter/sec:  3.097E+01
 Iteration:  00000024   DeltaT:  2.556E-06   Iter/sec:  3.842E+01
 Iteration:  00000025   DeltaT:  2.556E-06   Iter/sec:  3.880E+01
 Iteration:  00000026   DeltaT:  2.556E-06   Iter/sec:  3.868E+01
 Iteration:  00000027   DeltaT:  2.556E-06   Iter/sec:  4.032E+01
 Iteration:  00000028   DeltaT:  2.556E-06   Iter/sec:  3.791E+01
 Iteration:  00000029   DeltaT:  2.556E-06   Iter/sec:  3.755E+01
 Iteration:  00000030   DeltaT:  2.556E-06   Iter/sec:  3.629E+01
 Iteration:  00000031   DeltaT:  2.556E-06   Iter/sec:  3.810E+01
 Iteration:  00000032   DeltaT:  2.556E-06   Iter/sec:  3.833E+01
 Iteration:  00000033   DeltaT:  2.556E-06   Iter/sec:  3.884E+01
 Iteration:  00000034   DeltaT:  2.556E-06   Iter/sec:  3.964E+01
 Iteration:  00000035   DeltaT:  2.556E-06   Iter/sec:  3.950E+01
 Iteration:  00000036   DeltaT:  2.556E-06   Iter/sec:  3.912E+01
 Iteration:  00000037   DeltaT:  2.556E-06   Iter/sec:  3.989E+01
 Iteration:  00000038   DeltaT:  2.556E-06   Iter/sec:  3.889E+01
 Iteration:  00000039   DeltaT:  2.556E-06   Iter/sec:  3.873E+01
 Iteration:  00000040   DeltaT:  2.556E-06   Iter/sec:  3.915E+01
 Iteration:  00000041   DeltaT:  2.556E-06   Iter/sec:  3.983E+01
 Iteration:  00000042   DeltaT:  2.556E-06   Iter/sec:  3.883E+01
 Iteration:  00000043   DeltaT:  2.556E-06   Iter/sec:  3.970E+01
 Iteration:  00000044   DeltaT:  2.556E-06   Iter/sec:  3.812E+01
 Iteration:  00000045   DeltaT:  2.556E-06   Iter/sec:  3.890E+01
 Iteration:  00000046   DeltaT:  2.556E-06   Iter/sec:  4.010E+01
 Iteration:  00000047   DeltaT:  2.556E-06   Iter/sec:  3.904E+01
 Iteration:  00000048   DeltaT:  2.556E-06   Iter/sec:  3.194E+01
 Iteration:  00000049   DeltaT:  2.556E-06   Iter/sec:  3.180E+01
 Iteration:  00000050   DeltaT:  2.556E-06   Iter/sec:  3.740E+01


//////////////////////////////////////////////
   Measured Timings for Process 0  (seconds)

 Elapsed time:         1.3864
  Column time:         0.3317
     Row time:         0.3717
Legendre time:         0.1168
     FFT time:         0.0946
   Solve time:         0.1424
    rlma time:         0.0258
    rlmb time:         0.0097
  pspace time:         0.1129
  psolve time:         0.1451
    dphi time:         0.0137
captured time:         1.3645

     iter/sec:        36.0656
//////////////////////////////////////////////
