 //////////////////////////////////////
 Initializating Rayleigh...

 -- Initalizing MPI...
 ---- Specified parameters:
 ---- NCPU  :     32
 ---- NPROW :      8
 ---- NPCOL :      4
 -- MPI initialized.


 -- Initalizing Grid...
 ---- Specified parameters ----
 ---- N_R                 :    128
 ---- N_THETA             :    384
 ---- Ell_MAX             :    255
 ---- R_MIN               :  5.38462E-01
 ---- R_MAX               :  1.53846E+00
 ---- Chebyshev Domains   :      1

        Domain 1
          Grid points           :  128
          Dealiased Polynomials :  85
          Domain Lower Bound    :  5.38462E-01
          Domain Upper Bound    :  1.53846E+00

 -- Grid initialized.

[SHTns 3.4.5] built Apr 21 2021, 13:10:53, id: sse2,ishioka
        Lmax=255, Mmax*Mres=255, Mres=1, Nlm=32896  [1 threads, orthonormalized]
        => using FFTW : Mmax=255, Nphi=768, Nlat=384  (data layout : phi_inc=384, theta_inc=1, phi_embed=768)
        => using Gauss nodes
        + polar optimization threshold = 1.0e-08
        finding optimal algorithm.........
        + SHT accuracy = 1.82e-12
        => SHTns is ready.
 -- Initalizing Reference State...
 ---- Specified parameters:
 ---- Reference type           :  Boussinesq (Non-dimensional)
 ---- Rayleigh Number          :  1.00000E+05
 ---- Ekman Number             :  1.00000E-03
 ---- Prandtl Number           :  1.00000E+00
 ---- Magnetic Prandtl Number  :  5.00000E+00
 -- Reference State initialized.

 -- Initializing Fields...
 ---- Specified parameters:
 ---- Hydro Init Type    : Benchmark (Christensen et al. 2001)
 ---- Magnetic Init Type : Benchmark (Christensen et al. 2001)
 -- Fields initialized.

 Initialization Complete.
 //////////////////////////////////////

 Timestep has changed from  0.00000E+00 to  1.00000E-04.
 Iteration:  00000001   DeltaT:  1.000E-04   Iter/sec:  0.000E+00
 Timestep has changed from  1.00000E-04 to  2.55566E-06.
 Iteration:  00000002   DeltaT:  2.556E-06   Iter/sec:  1.615E-01
 Iteration:  00000003   DeltaT:  2.556E-06   Iter/sec:  3.240E-01
 Iteration:  00000004   DeltaT:  2.556E-06   Iter/sec:  3.616E-01
 Iteration:  00000005   DeltaT:  2.556E-06   Iter/sec:  3.625E-01
 Iteration:  00000006   DeltaT:  2.556E-06   Iter/sec:  3.626E-01
 Iteration:  00000007   DeltaT:  2.556E-06   Iter/sec:  3.630E-01
 Iteration:  00000008   DeltaT:  2.556E-06   Iter/sec:  3.651E-01
 Iteration:  00000009   DeltaT:  2.556E-06   Iter/sec:  3.623E-01
 Iteration:  00000010   DeltaT:  2.556E-06   Iter/sec:  3.626E-01
 Iteration:  00000011   DeltaT:  2.556E-06   Iter/sec:  3.641E-01
 Iteration:  00000012   DeltaT:  2.556E-06   Iter/sec:  3.633E-01
 Iteration:  00000013   DeltaT:  2.556E-06   Iter/sec:  3.633E-01
 Iteration:  00000014   DeltaT:  2.556E-06   Iter/sec:  3.649E-01
 Iteration:  00000015   DeltaT:  2.556E-06   Iter/sec:  3.648E-01
 Iteration:  00000016   DeltaT:  2.556E-06   Iter/sec:  3.643E-01
 Iteration:  00000017   DeltaT:  2.556E-06   Iter/sec:  3.650E-01
 Iteration:  00000018   DeltaT:  2.556E-06   Iter/sec:  3.635E-01
 Iteration:  00000019   DeltaT:  2.556E-06   Iter/sec:  3.634E-01
 Iteration:  00000020   DeltaT:  2.556E-06   Iter/sec:  3.625E-01
 Iteration:  00000021   DeltaT:  2.556E-06   Iter/sec:  3.632E-01
 Iteration:  00000022   DeltaT:  2.556E-06   Iter/sec:  3.636E-01
 Iteration:  00000023   DeltaT:  2.556E-06   Iter/sec:  3.624E-01
 Iteration:  00000024   DeltaT:  2.556E-06   Iter/sec:  3.627E-01
 Iteration:  00000025   DeltaT:  2.556E-06   Iter/sec:  3.635E-01
 Iteration:  00000026   DeltaT:  2.556E-06   Iter/sec:  3.653E-01
 Iteration:  00000027   DeltaT:  2.556E-06   Iter/sec:  3.612E-01
 Iteration:  00000028   DeltaT:  2.556E-06   Iter/sec:  3.623E-01
 Iteration:  00000029   DeltaT:  2.556E-06   Iter/sec:  3.629E-01
 Iteration:  00000030   DeltaT:  2.556E-06   Iter/sec:  3.636E-01
 Iteration:  00000031   DeltaT:  2.556E-06   Iter/sec:  3.653E-01
 Iteration:  00000032   DeltaT:  2.556E-06   Iter/sec:  3.632E-01
 Iteration:  00000033   DeltaT:  2.556E-06   Iter/sec:  3.639E-01
 Iteration:  00000034   DeltaT:  2.556E-06   Iter/sec:  3.630E-01
 Iteration:  00000035   DeltaT:  2.556E-06   Iter/sec:  3.608E-01
 Iteration:  00000036   DeltaT:  2.556E-06   Iter/sec:  3.624E-01
 Iteration:  00000037   DeltaT:  2.556E-06   Iter/sec:  3.631E-01
 Iteration:  00000038   DeltaT:  2.556E-06   Iter/sec:  3.619E-01
 Iteration:  00000039   DeltaT:  2.556E-06   Iter/sec:  3.629E-01
 Iteration:  00000040   DeltaT:  2.556E-06   Iter/sec:  3.636E-01
 Iteration:  00000041   DeltaT:  2.556E-06   Iter/sec:  3.643E-01
 Iteration:  00000042   DeltaT:  2.556E-06   Iter/sec:  3.626E-01
 Iteration:  00000043   DeltaT:  2.556E-06   Iter/sec:  3.628E-01
 Iteration:  00000044   DeltaT:  2.556E-06   Iter/sec:  3.629E-01
 Iteration:  00000045   DeltaT:  2.556E-06   Iter/sec:  3.625E-01
 Iteration:  00000046   DeltaT:  2.556E-06   Iter/sec:  3.636E-01
 Iteration:  00000047   DeltaT:  2.556E-06   Iter/sec:  3.619E-01
 Iteration:  00000048   DeltaT:  2.556E-06   Iter/sec:  3.641E-01
 Iteration:  00000049   DeltaT:  2.556E-06   Iter/sec:  3.640E-01
 Iteration:  00000050   DeltaT:  2.556E-06   Iter/sec:  3.637E-01


//////////////////////////////////////////////
   Measured Timings for Process 0  (seconds)

 Elapsed time:       139.6753
  Column time:         6.8441
     Row time:        48.8474
Legendre time:        33.4494
     FFT time:         7.7284
   Solve time:         2.6090
    rlma time:         2.7804
    rlmb time:         1.7385
  pspace time:        17.7566
  psolve time:        13.7410
    dphi time:         1.0299
captured time:       136.5247

     iter/sec:         0.3580
//////////////////////////////////////////////
