 //////////////////////////////////////
 Initializating Rayleigh...

 -- Initalizing MPI...
 ---- Specified parameters:
 ---- NCPU  :    128
 ---- NPROW :     16
 ---- NPCOL :      8
 -- MPI initialized.


 -- Initalizing Grid...
 ---- Specified parameters ----
 ---- N_R                 :    128
 ---- N_THETA             :    192
 ---- Ell_MAX             :    127
 ---- R_MIN               :  5.38462E-01
 ---- R_MAX               :  1.53846E+00
 ---- Chebyshev Domains   :      1

        Domain 1
          Grid points           :  128
          Dealiased Polynomials :  85
          Domain Lower Bound    :  5.38462E-01
          Domain Upper Bound    :  1.53846E+00

 -- Grid initialized.

[SHTns 3.4.5] built Apr 21 2021, 13:10:53, id: sse2,ishioka
        Lmax=127, Mmax*Mres=127, Mres=1, Nlm=8256  [1 threads, orthonormalized]
        => using FFTW : Mmax=127, Nphi=384, Nlat=192  (data layout : phi_inc=192, theta_inc=1, phi_embed=384)
        => using Gauss nodes
        + polar optimization threshold = 1.0e-08
        finding optimal algorithm...........
        + SHT accuracy = 5.34e-14
        => SHTns is ready.
 -- Initalizing Reference State...
 ---- Specified parameters:
 ---- Reference type           :  Boussinesq (Non-dimensional)
 ---- Rayleigh Number          :  1.00000E+05
 ---- Ekman Number             :  1.00000E-03
 ---- Prandtl Number           :  1.00000E+00
 ---- Magnetic Prandtl Number  :  5.00000E+00
 -- Reference State initialized.

 -- Initializing Fields...
 ---- Specified parameters:
 ---- Hydro Init Type    : Benchmark (Christensen et al. 2001)
 ---- Magnetic Init Type : Benchmark (Christensen et al. 2001)
 -- Fields initialized.

 Initialization Complete.
 //////////////////////////////////////

 Timestep has changed from  0.00000E+00 to  1.00000E-04.
 Iteration:  00000001   DeltaT:  1.000E-04   Iter/sec:  0.000E+00
 Timestep has changed from  1.00000E-04 to  2.55581E-06.
 Iteration:  00000002   DeltaT:  2.556E-06   Iter/sec:  1.236E-01
 Iteration:  00000003   DeltaT:  2.556E-06   Iter/sec:  4.421E+00
 Iteration:  00000004   DeltaT:  2.556E-06   Iter/sec:  7.747E+00
 Iteration:  00000005   DeltaT:  2.556E-06   Iter/sec:  7.594E+00
 Iteration:  00000006   DeltaT:  2.556E-06   Iter/sec:  7.699E+00
 Iteration:  00000007   DeltaT:  2.556E-06   Iter/sec:  7.661E+00
 Iteration:  00000008   DeltaT:  2.556E-06   Iter/sec:  7.755E+00
 Iteration:  00000009   DeltaT:  2.556E-06   Iter/sec:  7.683E+00
 Iteration:  00000010   DeltaT:  2.556E-06   Iter/sec:  7.793E+00
 Iteration:  00000011   DeltaT:  2.556E-06   Iter/sec:  7.679E+00
 Iteration:  00000012   DeltaT:  2.556E-06   Iter/sec:  7.649E+00
 Iteration:  00000013   DeltaT:  2.556E-06   Iter/sec:  7.868E+00
 Iteration:  00000014   DeltaT:  2.556E-06   Iter/sec:  7.744E+00
 Iteration:  00000015   DeltaT:  2.556E-06   Iter/sec:  7.706E+00
 Iteration:  00000016   DeltaT:  2.556E-06   Iter/sec:  7.779E+00
 Iteration:  00000017   DeltaT:  2.556E-06   Iter/sec:  7.487E+00
 Iteration:  00000018   DeltaT:  2.556E-06   Iter/sec:  7.786E+00
 Iteration:  00000019   DeltaT:  2.556E-06   Iter/sec:  7.743E+00
 Iteration:  00000020   DeltaT:  2.556E-06   Iter/sec:  7.754E+00
 Iteration:  00000021   DeltaT:  2.556E-06   Iter/sec:  7.966E+00
 Iteration:  00000022   DeltaT:  2.556E-06   Iter/sec:  7.567E+00
 Iteration:  00000023   DeltaT:  2.556E-06   Iter/sec:  7.904E+00
 Iteration:  00000024   DeltaT:  2.556E-06   Iter/sec:  7.652E+00
 Iteration:  00000025   DeltaT:  2.556E-06   Iter/sec:  7.932E+00
 Iteration:  00000026   DeltaT:  2.556E-06   Iter/sec:  7.679E+00
 Iteration:  00000027   DeltaT:  2.556E-06   Iter/sec:  7.756E+00
 Iteration:  00000028   DeltaT:  2.556E-06   Iter/sec:  7.841E+00
 Iteration:  00000029   DeltaT:  2.556E-06   Iter/sec:  7.845E+00
 Iteration:  00000030   DeltaT:  2.556E-06   Iter/sec:  8.053E+00
 Iteration:  00000031   DeltaT:  2.556E-06   Iter/sec:  7.815E+00
 Iteration:  00000032   DeltaT:  2.556E-06   Iter/sec:  8.147E+00
 Iteration:  00000033   DeltaT:  2.556E-06   Iter/sec:  7.746E+00
 Iteration:  00000034   DeltaT:  2.556E-06   Iter/sec:  7.957E+00
 Iteration:  00000035   DeltaT:  2.556E-06   Iter/sec:  7.872E+00
 Iteration:  00000036   DeltaT:  2.556E-06   Iter/sec:  7.880E+00
 Iteration:  00000037   DeltaT:  2.556E-06   Iter/sec:  7.747E+00
 Iteration:  00000038   DeltaT:  2.556E-06   Iter/sec:  7.972E+00
 Iteration:  00000039   DeltaT:  2.556E-06   Iter/sec:  7.728E+00
 Iteration:  00000040   DeltaT:  2.556E-06   Iter/sec:  7.904E+00
 Iteration:  00000041   DeltaT:  2.556E-06   Iter/sec:  7.819E+00
 Iteration:  00000042   DeltaT:  2.556E-06   Iter/sec:  7.981E+00
 Iteration:  00000043   DeltaT:  2.556E-06   Iter/sec:  7.715E+00
 Iteration:  00000044   DeltaT:  2.556E-06   Iter/sec:  7.801E+00
 Iteration:  00000045   DeltaT:  2.556E-06   Iter/sec:  7.987E+00
 Iteration:  00000046   DeltaT:  2.556E-06   Iter/sec:  7.743E+00
 Iteration:  00000047   DeltaT:  2.556E-06   Iter/sec:  7.985E+00
 Iteration:  00000048   DeltaT:  2.556E-06   Iter/sec:  7.740E+00
 Iteration:  00000049   DeltaT:  2.556E-06   Iter/sec:  7.861E+00
 Iteration:  00000050   DeltaT:  2.556E-06   Iter/sec:  7.926E+00


//////////////////////////////////////////////
   Measured Timings for Process 0  (seconds)

 Elapsed time:         7.0355
  Column time:         0.6041
     Row time:         2.0602
Legendre time:         1.0539
     FFT time:         0.4798
   Solve time:         0.4303
    rlma time:         0.0773
    rlmb time:         0.0334
  pspace time:         0.9629
  psolve time:         0.7674
    dphi time:         0.0697
captured time:         6.5390

     iter/sec:         7.1068
//////////////////////////////////////////////
