 //////////////////////////////////////
 Initializating Rayleigh...

 -- Initalizing MPI...
 ---- Specified parameters:
 ---- NCPU  :     64
 ---- NPROW :      8
 ---- NPCOL :      8
 -- MPI initialized.


 -- Initalizing Grid...
 ---- Specified parameters ----
 ---- N_R                 :     64
 ---- N_THETA             :    192
 ---- Ell_MAX             :    127
 ---- R_MIN               :  5.38462E-01
 ---- R_MAX               :  1.53846E+00
 ---- Chebyshev Domains   :      1

        Domain 1
          Grid points           :  64
          Dealiased Polynomials :  42
          Domain Lower Bound    :  5.38462E-01
          Domain Upper Bound    :  1.53846E+00

 -- Grid initialized.

[SHTns 3.4.5] built Apr 21 2021, 13:10:53, id: sse2,ishioka
        Lmax=127, Mmax*Mres=127, Mres=1, Nlm=8256  [1 threads, orthonormalized]
        => using FFTW : Mmax=127, Nphi=384, Nlat=192  (data layout : phi_inc=192, theta_inc=1, phi_embed=384)
        => using Gauss nodes
        + polar optimization threshold = 1.0e-08
        finding optimal algorithm...........
        + SHT accuracy = 4.74e-14
        => SHTns is ready.
 -- Initalizing Reference State...
 ---- Specified parameters:
 ---- Reference type           :  Boussinesq (Non-dimensional)
 ---- Rayleigh Number          :  1.00000E+05
 ---- Ekman Number             :  1.00000E-03
 ---- Prandtl Number           :  1.00000E+00
 ---- Magnetic Prandtl Number  :  5.00000E+00
 -- Reference State initialized.

 -- Initializing Fields...
 ---- Specified parameters:
 ---- Hydro Init Type    : Benchmark (Christensen et al. 2001)
 ---- Magnetic Init Type : Benchmark (Christensen et al. 2001)
 -- Fields initialized.

 Initialization Complete.
 //////////////////////////////////////

 Timestep has changed from  0.00000E+00 to  1.00000E-04.
 Iteration:  00000001   DeltaT:  1.000E-04   Iter/sec:  0.000E+00
 Timestep has changed from  1.00000E-04 to  1.02217E-05.
 Iteration:  00000002   DeltaT:  1.022E-05   Iter/sec:  1.272E-01
 Iteration:  00000003   DeltaT:  1.022E-05   Iter/sec:  7.212E+00
 Iteration:  00000004   DeltaT:  1.022E-05   Iter/sec:  8.216E+00
 Iteration:  00000005   DeltaT:  1.022E-05   Iter/sec:  8.216E+00
 Iteration:  00000006   DeltaT:  1.022E-05   Iter/sec:  8.291E+00
 Iteration:  00000007   DeltaT:  1.022E-05   Iter/sec:  8.384E+00
 Iteration:  00000008   DeltaT:  1.022E-05   Iter/sec:  8.182E+00
 Iteration:  00000009   DeltaT:  1.022E-05   Iter/sec:  8.358E+00
 Iteration:  00000010   DeltaT:  1.022E-05   Iter/sec:  8.487E+00
 Iteration:  00000011   DeltaT:  1.022E-05   Iter/sec:  8.331E+00
 Iteration:  00000012   DeltaT:  1.022E-05   Iter/sec:  8.508E+00
 Iteration:  00000013   DeltaT:  1.022E-05   Iter/sec:  8.113E+00
 Iteration:  00000014   DeltaT:  1.022E-05   Iter/sec:  8.553E+00
 Iteration:  00000015   DeltaT:  1.022E-05   Iter/sec:  8.339E+00
 Iteration:  00000016   DeltaT:  1.022E-05   Iter/sec:  8.533E+00
 Iteration:  00000017   DeltaT:  1.022E-05   Iter/sec:  8.610E+00
 Iteration:  00000018   DeltaT:  1.022E-05   Iter/sec:  8.652E+00
 Iteration:  00000019   DeltaT:  1.022E-05   Iter/sec:  8.775E+00
 Iteration:  00000020   DeltaT:  1.022E-05   Iter/sec:  8.698E+00
 Iteration:  00000021   DeltaT:  1.022E-05   Iter/sec:  8.644E+00
 Iteration:  00000022   DeltaT:  1.022E-05   Iter/sec:  8.694E+00
 Iteration:  00000023   DeltaT:  1.022E-05   Iter/sec:  8.743E+00
 Iteration:  00000024   DeltaT:  1.022E-05   Iter/sec:  8.721E+00
 Iteration:  00000025   DeltaT:  1.022E-05   Iter/sec:  8.854E+00
 Iteration:  00000026   DeltaT:  1.022E-05   Iter/sec:  8.585E+00
 Iteration:  00000027   DeltaT:  1.022E-05   Iter/sec:  8.583E+00
 Iteration:  00000028   DeltaT:  1.022E-05   Iter/sec:  8.737E+00
 Iteration:  00000029   DeltaT:  1.022E-05   Iter/sec:  8.345E+00
 Iteration:  00000030   DeltaT:  1.022E-05   Iter/sec:  8.614E+00
 Iteration:  00000031   DeltaT:  1.022E-05   Iter/sec:  8.636E+00
 Iteration:  00000032   DeltaT:  1.022E-05   Iter/sec:  8.761E+00
 Iteration:  00000033   DeltaT:  1.022E-05   Iter/sec:  8.728E+00
 Iteration:  00000034   DeltaT:  1.022E-05   Iter/sec:  8.651E+00
 Iteration:  00000035   DeltaT:  1.022E-05   Iter/sec:  8.739E+00
 Iteration:  00000036   DeltaT:  1.022E-05   Iter/sec:  8.839E+00
 Iteration:  00000037   DeltaT:  1.022E-05   Iter/sec:  8.758E+00
 Iteration:  00000038   DeltaT:  1.022E-05   Iter/sec:  8.812E+00
 Iteration:  00000039   DeltaT:  1.022E-05   Iter/sec:  8.862E+00
 Iteration:  00000040   DeltaT:  1.022E-05   Iter/sec:  8.814E+00
 Iteration:  00000041   DeltaT:  1.022E-05   Iter/sec:  8.812E+00
 Iteration:  00000042   DeltaT:  1.022E-05   Iter/sec:  8.767E+00
 Iteration:  00000043   DeltaT:  1.022E-05   Iter/sec:  8.801E+00
 Iteration:  00000044   DeltaT:  1.022E-05   Iter/sec:  8.837E+00
 Iteration:  00000045   DeltaT:  1.022E-05   Iter/sec:  8.758E+00
 Iteration:  00000046   DeltaT:  1.022E-05   Iter/sec:  8.741E+00
 Iteration:  00000047   DeltaT:  1.022E-05   Iter/sec:  8.808E+00
 Iteration:  00000048   DeltaT:  1.022E-05   Iter/sec:  8.880E+00
 Iteration:  00000049   DeltaT:  1.022E-05   Iter/sec:  8.710E+00
 Iteration:  00000050   DeltaT:  1.022E-05   Iter/sec:  8.892E+00


//////////////////////////////////////////////
   Measured Timings for Process 0  (seconds)

 Elapsed time:         6.2459
  Column time:         0.4649
     Row time:         1.9259
Legendre time:         1.0757
     FFT time:         0.5083
   Solve time:         0.1558
    rlma time:         0.0841
    rlmb time:         0.0360
  pspace time:         0.8540
  psolve time:         0.6233
    dphi time:         0.0601
captured time:         5.7881

     iter/sec:         8.0053
//////////////////////////////////////////////
