 //////////////////////////////////////
 Initializating Rayleigh...

 -- Initalizing MPI...
 ---- Specified parameters:
 ---- NCPU  :     64
 ---- NPROW :      8
 ---- NPCOL :      8
 -- MPI initialized.


 -- Initalizing Grid...
 ---- Specified parameters ----
 ---- N_R                 :     64
 ---- N_THETA             :    384
 ---- Ell_MAX             :    255
 ---- R_MIN               :  5.38462E-01
 ---- R_MAX               :  1.53846E+00
 ---- Chebyshev Domains   :      1

        Domain 1
          Grid points           :  64
          Dealiased Polynomials :  42
          Domain Lower Bound    :  5.38462E-01
          Domain Upper Bound    :  1.53846E+00

 -- Grid initialized.

[SHTns 3.4.5] built Apr 21 2021, 13:10:53, id: sse2,ishioka
        Lmax=255, Mmax*Mres=255, Mres=1, Nlm=32896  [1 threads, orthonormalized]
        => using FFTW : Mmax=255, Nphi=768, Nlat=384  (data layout : phi_inc=384, theta_inc=1, phi_embed=768)
        => using Gauss nodes
        + polar optimization threshold = 1.0e-08
        finding optimal algorithm.........
        + SHT accuracy = 2.71e-12
        => SHTns is ready.
 -- Initalizing Reference State...
 ---- Specified parameters:
 ---- Reference type           :  Boussinesq (Non-dimensional)
 ---- Rayleigh Number          :  1.00000E+05
 ---- Ekman Number             :  1.00000E-03
 ---- Prandtl Number           :  1.00000E+00
 ---- Magnetic Prandtl Number  :  5.00000E+00
 -- Reference State initialized.

 -- Initializing Fields...
 ---- Specified parameters:
 ---- Hydro Init Type    : Benchmark (Christensen et al. 2001)
 ---- Magnetic Init Type : Benchmark (Christensen et al. 2001)
 -- Fields initialized.

 Initialization Complete.
 //////////////////////////////////////

 Timestep has changed from  0.00000E+00 to  1.00000E-04.
 Iteration:  00000001   DeltaT:  1.000E-04   Iter/sec:  0.000E+00
 Timestep has changed from  1.00000E-04 to  1.02211E-05.
 Iteration:  00000002   DeltaT:  1.022E-05   Iter/sec:  2.735E-01
 Iteration:  00000003   DeltaT:  1.022E-05   Iter/sec:  1.590E+00
 Iteration:  00000004   DeltaT:  1.022E-05   Iter/sec:  1.625E+00
 Iteration:  00000005   DeltaT:  1.022E-05   Iter/sec:  1.664E+00
 Iteration:  00000006   DeltaT:  1.022E-05   Iter/sec:  1.668E+00
 Iteration:  00000007   DeltaT:  1.022E-05   Iter/sec:  1.649E+00
 Iteration:  00000008   DeltaT:  1.022E-05   Iter/sec:  1.658E+00
 Iteration:  00000009   DeltaT:  1.022E-05   Iter/sec:  1.637E+00
 Iteration:  00000010   DeltaT:  1.022E-05   Iter/sec:  1.635E+00
 Iteration:  00000011   DeltaT:  1.022E-05   Iter/sec:  1.666E+00
 Iteration:  00000012   DeltaT:  1.022E-05   Iter/sec:  1.628E+00
 Iteration:  00000013   DeltaT:  1.022E-05   Iter/sec:  1.676E+00
 Iteration:  00000014   DeltaT:  1.022E-05   Iter/sec:  1.641E+00
 Iteration:  00000015   DeltaT:  1.022E-05   Iter/sec:  1.638E+00
 Iteration:  00000016   DeltaT:  1.022E-05   Iter/sec:  1.646E+00
 Iteration:  00000017   DeltaT:  1.022E-05   Iter/sec:  1.636E+00
 Iteration:  00000018   DeltaT:  1.022E-05   Iter/sec:  1.656E+00
 Iteration:  00000019   DeltaT:  1.022E-05   Iter/sec:  1.673E+00
 Iteration:  00000020   DeltaT:  1.022E-05   Iter/sec:  1.629E+00
 Iteration:  00000021   DeltaT:  1.022E-05   Iter/sec:  1.641E+00
 Iteration:  00000022   DeltaT:  1.022E-05   Iter/sec:  1.648E+00
 Iteration:  00000023   DeltaT:  1.022E-05   Iter/sec:  1.628E+00
 Iteration:  00000024   DeltaT:  1.022E-05   Iter/sec:  1.670E+00
 Iteration:  00000025   DeltaT:  1.022E-05   Iter/sec:  1.653E+00
 Iteration:  00000026   DeltaT:  1.022E-05   Iter/sec:  1.650E+00
 Iteration:  00000027   DeltaT:  1.022E-05   Iter/sec:  1.647E+00
 Iteration:  00000028   DeltaT:  1.022E-05   Iter/sec:  1.647E+00
 Iteration:  00000029   DeltaT:  1.022E-05   Iter/sec:  1.639E+00
 Iteration:  00000030   DeltaT:  1.022E-05   Iter/sec:  1.648E+00
 Iteration:  00000031   DeltaT:  1.022E-05   Iter/sec:  1.636E+00
 Iteration:  00000032   DeltaT:  1.022E-05   Iter/sec:  1.643E+00
 Iteration:  00000033   DeltaT:  1.022E-05   Iter/sec:  1.652E+00
 Iteration:  00000034   DeltaT:  1.022E-05   Iter/sec:  1.668E+00
 Iteration:  00000035   DeltaT:  1.022E-05   Iter/sec:  1.630E+00
 Iteration:  00000036   DeltaT:  1.022E-05   Iter/sec:  1.640E+00
 Iteration:  00000037   DeltaT:  1.022E-05   Iter/sec:  1.648E+00
 Iteration:  00000038   DeltaT:  1.022E-05   Iter/sec:  1.642E+00
 Iteration:  00000039   DeltaT:  1.022E-05   Iter/sec:  1.645E+00
 Iteration:  00000040   DeltaT:  1.022E-05   Iter/sec:  1.626E+00
 Iteration:  00000041   DeltaT:  1.022E-05   Iter/sec:  1.679E+00
 Iteration:  00000042   DeltaT:  1.022E-05   Iter/sec:  1.625E+00
 Iteration:  00000043   DeltaT:  1.022E-05   Iter/sec:  1.650E+00
 Iteration:  00000044   DeltaT:  1.022E-05   Iter/sec:  1.647E+00
 Iteration:  00000045   DeltaT:  1.022E-05   Iter/sec:  1.632E+00
 Iteration:  00000046   DeltaT:  1.022E-05   Iter/sec:  1.668E+00
 Iteration:  00000047   DeltaT:  1.022E-05   Iter/sec:  1.656E+00
 Iteration:  00000048   DeltaT:  1.022E-05   Iter/sec:  1.649E+00
 Iteration:  00000049   DeltaT:  1.022E-05   Iter/sec:  1.632E+00
 Iteration:  00000050   DeltaT:  1.022E-05   Iter/sec:  1.644E+00


//////////////////////////////////////////////
   Measured Timings for Process 0  (seconds)

 Elapsed time:        31.1477
  Column time:         2.5516
     Row time:         8.6719
Legendre time:         8.4010
     FFT time:         1.9722
   Solve time:         0.3934
    rlma time:         0.4554
    rlmb time:         0.1791
  pspace time:         4.2825
  psolve time:         2.9673
    dphi time:         0.1920
captured time:        30.0664

     iter/sec:         1.6053
//////////////////////////////////////////////
