 //////////////////////////////////////
 Initializating Rayleigh...

 -- Initalizing MPI...
 ---- Specified parameters:
 ---- NCPU  :    128
 ---- NPROW :     16
 ---- NPCOL :      8
 -- MPI initialized.


 -- Initalizing Grid...
 ---- Specified parameters ----
 ---- N_R                 :    128
 ---- N_THETA             :    384
 ---- Ell_MAX             :    255
 ---- R_MIN               :  5.38462E-01
 ---- R_MAX               :  1.53846E+00
 ---- Chebyshev Domains   :      1

        Domain 1
          Grid points           :  128
          Dealiased Polynomials :  85
          Domain Lower Bound    :  5.38462E-01
          Domain Upper Bound    :  1.53846E+00

 -- Grid initialized.

[SHTns 3.4.5] built Apr 21 2021, 13:10:53, id: sse2,ishioka
        Lmax=255, Mmax*Mres=255, Mres=1, Nlm=32896  [1 threads, orthonormalized]
        => using FFTW : Mmax=255, Nphi=768, Nlat=384  (data layout : phi_inc=384, theta_inc=1, phi_embed=768)
        => using Gauss nodes
        + polar optimization threshold = 1.0e-08
        finding optimal algorithm.........
        + SHT accuracy = 1.58e-12
        => SHTns is ready.
 -- Initalizing Reference State...
 ---- Specified parameters:
 ---- Reference type           :  Boussinesq (Non-dimensional)
 ---- Rayleigh Number          :  1.00000E+05
 ---- Ekman Number             :  1.00000E-03
 ---- Prandtl Number           :  1.00000E+00
 ---- Magnetic Prandtl Number  :  5.00000E+00
 -- Reference State initialized.

 -- Initializing Fields...
 ---- Specified parameters:
 ---- Hydro Init Type    : Benchmark (Christensen et al. 2001)
 ---- Magnetic Init Type : Benchmark (Christensen et al. 2001)
 -- Fields initialized.

 Initialization Complete.
 //////////////////////////////////////

 Timestep has changed from  0.00000E+00 to  1.00000E-04.
 Iteration:  00000001   DeltaT:  1.000E-04   Iter/sec:  0.000E+00
 Timestep has changed from  1.00000E-04 to  2.55566E-06.
 Iteration:  00000002   DeltaT:  2.556E-06   Iter/sec:  2.653E-01
 Iteration:  00000003   DeltaT:  2.556E-06   Iter/sec:  1.233E+00
 Iteration:  00000004   DeltaT:  2.556E-06   Iter/sec:  1.547E+00
 Iteration:  00000005   DeltaT:  2.556E-06   Iter/sec:  1.547E+00
 Iteration:  00000006   DeltaT:  2.556E-06   Iter/sec:  1.551E+00
 Iteration:  00000007   DeltaT:  2.556E-06   Iter/sec:  1.569E+00
 Iteration:  00000008   DeltaT:  2.556E-06   Iter/sec:  1.552E+00
 Iteration:  00000009   DeltaT:  2.556E-06   Iter/sec:  1.559E+00
 Iteration:  00000010   DeltaT:  2.556E-06   Iter/sec:  1.555E+00
 Iteration:  00000011   DeltaT:  2.556E-06   Iter/sec:  1.558E+00
 Iteration:  00000012   DeltaT:  2.556E-06   Iter/sec:  1.547E+00
 Iteration:  00000013   DeltaT:  2.556E-06   Iter/sec:  1.544E+00
 Iteration:  00000014   DeltaT:  2.556E-06   Iter/sec:  1.555E+00
 Iteration:  00000015   DeltaT:  2.556E-06   Iter/sec:  1.559E+00
 Iteration:  00000016   DeltaT:  2.556E-06   Iter/sec:  1.554E+00
 Iteration:  00000017   DeltaT:  2.556E-06   Iter/sec:  1.554E+00
 Iteration:  00000018   DeltaT:  2.556E-06   Iter/sec:  1.544E+00
 Iteration:  00000019   DeltaT:  2.556E-06   Iter/sec:  1.548E+00
 Iteration:  00000020   DeltaT:  2.556E-06   Iter/sec:  1.565E+00
 Iteration:  00000021   DeltaT:  2.556E-06   Iter/sec:  1.545E+00
 Iteration:  00000022   DeltaT:  2.556E-06   Iter/sec:  1.547E+00
 Iteration:  00000023   DeltaT:  2.556E-06   Iter/sec:  1.563E+00
 Iteration:  00000024   DeltaT:  2.556E-06   Iter/sec:  1.530E+00
 Iteration:  00000025   DeltaT:  2.556E-06   Iter/sec:  1.560E+00
 Iteration:  00000026   DeltaT:  2.556E-06   Iter/sec:  1.555E+00
 Iteration:  00000027   DeltaT:  2.556E-06   Iter/sec:  1.553E+00
 Iteration:  00000028   DeltaT:  2.556E-06   Iter/sec:  1.538E+00
 Iteration:  00000029   DeltaT:  2.556E-06   Iter/sec:  1.564E+00
 Iteration:  00000030   DeltaT:  2.556E-06   Iter/sec:  1.558E+00
 Iteration:  00000031   DeltaT:  2.556E-06   Iter/sec:  1.554E+00
 Iteration:  00000032   DeltaT:  2.556E-06   Iter/sec:  1.544E+00
 Iteration:  00000033   DeltaT:  2.556E-06   Iter/sec:  1.560E+00
 Iteration:  00000034   DeltaT:  2.556E-06   Iter/sec:  1.553E+00
 Iteration:  00000035   DeltaT:  2.556E-06   Iter/sec:  1.546E+00
 Iteration:  00000036   DeltaT:  2.556E-06   Iter/sec:  1.557E+00
 Iteration:  00000037   DeltaT:  2.556E-06   Iter/sec:  1.553E+00
 Iteration:  00000038   DeltaT:  2.556E-06   Iter/sec:  1.554E+00
 Iteration:  00000039   DeltaT:  2.556E-06   Iter/sec:  1.558E+00
 Iteration:  00000040   DeltaT:  2.556E-06   Iter/sec:  1.555E+00
 Iteration:  00000041   DeltaT:  2.556E-06   Iter/sec:  1.562E+00
 Iteration:  00000042   DeltaT:  2.556E-06   Iter/sec:  1.559E+00
 Iteration:  00000043   DeltaT:  2.556E-06   Iter/sec:  1.539E+00
 Iteration:  00000044   DeltaT:  2.556E-06   Iter/sec:  1.570E+00
 Iteration:  00000045   DeltaT:  2.556E-06   Iter/sec:  1.549E+00
 Iteration:  00000046   DeltaT:  2.556E-06   Iter/sec:  1.538E+00
 Iteration:  00000047   DeltaT:  2.556E-06   Iter/sec:  1.552E+00
 Iteration:  00000048   DeltaT:  2.556E-06   Iter/sec:  1.555E+00
 Iteration:  00000049   DeltaT:  2.556E-06   Iter/sec:  1.547E+00
 Iteration:  00000050   DeltaT:  2.556E-06   Iter/sec:  1.556E+00


//////////////////////////////////////////////
   Measured Timings for Process 0  (seconds)

 Elapsed time:        33.9888
  Column time:         2.7312
     Row time:         8.8903
Legendre time:         8.4304
     FFT time:         1.9388
   Solve time:         0.9741
    rlma time:         0.5784
    rlmb time:         0.1788
  pspace time:         4.5436
  psolve time:         3.5996
    dphi time:         0.2373
captured time:        32.1025

     iter/sec:         1.4711
//////////////////////////////////////////////
