 //////////////////////////////////////
 Initializating Rayleigh...

 -- Initalizing MPI...
 ---- Specified parameters:
 ---- NCPU  :     16
 ---- NPROW :      4
 ---- NPCOL :      4
 -- MPI initialized.


 -- Initalizing Grid...
 ---- Specified parameters ----
 ---- N_R                 :     64
 ---- N_THETA             :    384
 ---- Ell_MAX             :    255
 ---- R_MIN               :  5.38462E-01
 ---- R_MAX               :  1.53846E+00
 ---- Chebyshev Domains   :      1

        Domain 1
          Grid points           :  64
          Dealiased Polynomials :  42
          Domain Lower Bound    :  5.38462E-01
          Domain Upper Bound    :  1.53846E+00

 -- Grid initialized.

[SHTns 3.4.5] built Apr 21 2021, 13:10:53, id: sse2,ishioka
        Lmax=255, Mmax*Mres=255, Mres=1, Nlm=32896  [1 threads, orthonormalized]
        => using FFTW : Mmax=255, Nphi=768, Nlat=384  (data layout : phi_inc=384, theta_inc=1, phi_embed=768)
        => using Gauss nodes
        + polar optimization threshold = 1.0e-08
        finding optimal algorithm.........
        + SHT accuracy = 1.76e-12
        => SHTns is ready.
 -- Initalizing Reference State...
 ---- Specified parameters:
 ---- Reference type           :  Boussinesq (Non-dimensional)
 ---- Rayleigh Number          :  1.00000E+05
 ---- Ekman Number             :  1.00000E-03
 ---- Prandtl Number           :  1.00000E+00
 ---- Magnetic Prandtl Number  :  5.00000E+00
 -- Reference State initialized.

 -- Initializing Fields...
 ---- Specified parameters:
 ---- Hydro Init Type    : Benchmark (Christensen et al. 2001)
 ---- Magnetic Init Type : Benchmark (Christensen et al. 2001)
 -- Fields initialized.

 Initialization Complete.
 //////////////////////////////////////

 Timestep has changed from  0.00000E+00 to  1.00000E-04.
 Iteration:  00000001   DeltaT:  1.000E-04   Iter/sec:  0.000E+00
 Timestep has changed from  1.00000E-04 to  1.02211E-05.
 Iteration:  00000002   DeltaT:  1.022E-05   Iter/sec:  1.616E-01
 Iteration:  00000003   DeltaT:  1.022E-05   Iter/sec:  3.628E-01
 Iteration:  00000004   DeltaT:  1.022E-05   Iter/sec:  3.728E-01
 Iteration:  00000005   DeltaT:  1.022E-05   Iter/sec:  3.710E-01
 Iteration:  00000006   DeltaT:  1.022E-05   Iter/sec:  3.713E-01
 Iteration:  00000007   DeltaT:  1.022E-05   Iter/sec:  3.718E-01
 Iteration:  00000008   DeltaT:  1.022E-05   Iter/sec:  3.714E-01
 Iteration:  00000009   DeltaT:  1.022E-05   Iter/sec:  3.711E-01
 Iteration:  00000010   DeltaT:  1.022E-05   Iter/sec:  3.725E-01
 Iteration:  00000011   DeltaT:  1.022E-05   Iter/sec:  3.716E-01
 Iteration:  00000012   DeltaT:  1.022E-05   Iter/sec:  3.714E-01
 Iteration:  00000013   DeltaT:  1.022E-05   Iter/sec:  3.718E-01
 Iteration:  00000014   DeltaT:  1.022E-05   Iter/sec:  3.721E-01
 Iteration:  00000015   DeltaT:  1.022E-05   Iter/sec:  3.726E-01
 Iteration:  00000016   DeltaT:  1.022E-05   Iter/sec:  3.722E-01
 Iteration:  00000017   DeltaT:  1.022E-05   Iter/sec:  3.711E-01
 Iteration:  00000018   DeltaT:  1.022E-05   Iter/sec:  3.739E-01
 Iteration:  00000019   DeltaT:  1.022E-05   Iter/sec:  3.739E-01
 Iteration:  00000020   DeltaT:  1.022E-05   Iter/sec:  3.723E-01
 Iteration:  00000021   DeltaT:  1.022E-05   Iter/sec:  3.709E-01
 Iteration:  00000022   DeltaT:  1.022E-05   Iter/sec:  3.707E-01
 Iteration:  00000023   DeltaT:  1.022E-05   Iter/sec:  3.708E-01
 Iteration:  00000024   DeltaT:  1.022E-05   Iter/sec:  3.714E-01
 Iteration:  00000025   DeltaT:  1.022E-05   Iter/sec:  3.730E-01
 Iteration:  00000026   DeltaT:  1.022E-05   Iter/sec:  3.725E-01
 Iteration:  00000027   DeltaT:  1.022E-05   Iter/sec:  3.715E-01
 Iteration:  00000028   DeltaT:  1.022E-05   Iter/sec:  3.707E-01
 Iteration:  00000029   DeltaT:  1.022E-05   Iter/sec:  3.704E-01
 Iteration:  00000030   DeltaT:  1.022E-05   Iter/sec:  3.703E-01
 Iteration:  00000031   DeltaT:  1.022E-05   Iter/sec:  3.722E-01
 Iteration:  00000032   DeltaT:  1.022E-05   Iter/sec:  3.719E-01
 Iteration:  00000033   DeltaT:  1.022E-05   Iter/sec:  3.706E-01
 Iteration:  00000034   DeltaT:  1.022E-05   Iter/sec:  3.691E-01
 Iteration:  00000035   DeltaT:  1.022E-05   Iter/sec:  3.718E-01
 Iteration:  00000036   DeltaT:  1.022E-05   Iter/sec:  3.724E-01
 Iteration:  00000037   DeltaT:  1.022E-05   Iter/sec:  3.713E-01
 Iteration:  00000038   DeltaT:  1.022E-05   Iter/sec:  3.709E-01
 Iteration:  00000039   DeltaT:  1.022E-05   Iter/sec:  3.693E-01
 Iteration:  00000040   DeltaT:  1.022E-05   Iter/sec:  3.707E-01
 Iteration:  00000041   DeltaT:  1.022E-05   Iter/sec:  3.724E-01
 Iteration:  00000042   DeltaT:  1.022E-05   Iter/sec:  3.702E-01
 Iteration:  00000043   DeltaT:  1.022E-05   Iter/sec:  3.715E-01
 Iteration:  00000044   DeltaT:  1.022E-05   Iter/sec:  3.720E-01
 Iteration:  00000045   DeltaT:  1.022E-05   Iter/sec:  3.715E-01
 Iteration:  00000046   DeltaT:  1.022E-05   Iter/sec:  3.707E-01
 Iteration:  00000047   DeltaT:  1.022E-05   Iter/sec:  3.737E-01
 Iteration:  00000048   DeltaT:  1.022E-05   Iter/sec:  3.728E-01
 Iteration:  00000049   DeltaT:  1.022E-05   Iter/sec:  3.726E-01
 Iteration:  00000050   DeltaT:  1.022E-05   Iter/sec:  3.712E-01


//////////////////////////////////////////////
   Measured Timings for Process 0  (seconds)

 Elapsed time:       135.5221
  Column time:         7.4762
     Row time:        47.8963
Legendre time:        33.0079
     FFT time:         7.6062
   Solve time:         1.1682
    rlma time:         2.1493
    rlmb time:         1.1860
  pspace time:        18.0679
  psolve time:        13.0919
    dphi time:         1.0968
captured time:       132.7466

     iter/sec:         0.3689
//////////////////////////////////////////////
