 //////////////////////////////////////
 Initializating Rayleigh...

 -- Initalizing MPI...
 ---- Specified parameters:
 ---- NCPU  :    512
 ---- NPROW :     32
 ---- NPCOL :     16
 -- MPI initialized.


 -- Initalizing Grid...
 ---- Specified parameters ----
 ---- N_R                 :     64
 ---- N_THETA             :    192
 ---- Ell_MAX             :    127
 ---- R_MIN               :  5.38462E-01
 ---- R_MAX               :  1.53846E+00
 ---- Chebyshev Domains   :      1

        Domain 1
          Grid points           :  64
          Dealiased Polynomials :  42
          Domain Lower Bound    :  5.38462E-01
          Domain Upper Bound    :  1.53846E+00

 -- Grid initialized.

[SHTns 3.4.5] built Apr 21 2021, 13:10:53, id: sse2,ishioka
        Lmax=127, Mmax*Mres=127, Mres=1, Nlm=8256  [1 threads, orthonormalized]
        => using FFTW : Mmax=127, Nphi=384, Nlat=192  (data layout : phi_inc=192, theta_inc=1, phi_embed=384)
        => using Gauss nodes
        + polar optimization threshold = 1.0e-08
        finding optimal algorithm...........
        + SHT accuracy = 7.35e-14
        => SHTns is ready.
 -- Initalizing Reference State...
 ---- Specified parameters:
 ---- Reference type           :  Boussinesq (Non-dimensional)
 ---- Rayleigh Number          :  1.00000E+05
 ---- Ekman Number             :  1.00000E-03
 ---- Prandtl Number           :  1.00000E+00
 ---- Magnetic Prandtl Number  :  5.00000E+00
 -- Reference State initialized.

 -- Initializing Fields...
 ---- Specified parameters:
 ---- Hydro Init Type    : Benchmark (Christensen et al. 2001)
 ---- Magnetic Init Type : Benchmark (Christensen et al. 2001)
 -- Fields initialized.

 Initialization Complete.
 //////////////////////////////////////

 Timestep has changed from  0.00000E+00 to  1.00000E-04.
 Iteration:  00000001   DeltaT:  1.000E-04   Iter/sec:  0.000E+00
 Timestep has changed from  1.00000E-04 to  1.02217E-05.
 Iteration:  00000002   DeltaT:  1.022E-05   Iter/sec:  2.520E-01
 Iteration:  00000003   DeltaT:  1.022E-05   Iter/sec:  4.370E+01
 Iteration:  00000004   DeltaT:  1.022E-05   Iter/sec:  6.825E+01
 Iteration:  00000005   DeltaT:  1.022E-05   Iter/sec:  7.050E+01
 Iteration:  00000006   DeltaT:  1.022E-05   Iter/sec:  7.248E+01
 Iteration:  00000007   DeltaT:  1.022E-05   Iter/sec:  7.125E+01
 Iteration:  00000008   DeltaT:  1.022E-05   Iter/sec:  7.248E+01
 Iteration:  00000009   DeltaT:  1.022E-05   Iter/sec:  7.153E+01
 Iteration:  00000010   DeltaT:  1.022E-05   Iter/sec:  7.171E+01
 Iteration:  00000011   DeltaT:  1.022E-05   Iter/sec:  7.073E+01
 Iteration:  00000012   DeltaT:  1.022E-05   Iter/sec:  7.122E+01
 Iteration:  00000013   DeltaT:  1.022E-05   Iter/sec:  7.092E+01
 Iteration:  00000014   DeltaT:  1.022E-05   Iter/sec:  7.547E+01
 Iteration:  00000015   DeltaT:  1.022E-05   Iter/sec:  7.084E+01
 Iteration:  00000016   DeltaT:  1.022E-05   Iter/sec:  7.060E+01
 Iteration:  00000017   DeltaT:  1.022E-05   Iter/sec:  7.381E+01
 Iteration:  00000018   DeltaT:  1.022E-05   Iter/sec:  7.058E+01
 Iteration:  00000019   DeltaT:  1.022E-05   Iter/sec:  7.102E+01
 Iteration:  00000020   DeltaT:  1.022E-05   Iter/sec:  7.180E+01
 Iteration:  00000021   DeltaT:  1.022E-05   Iter/sec:  7.177E+01
 Iteration:  00000022   DeltaT:  1.022E-05   Iter/sec:  7.168E+01
 Iteration:  00000023   DeltaT:  1.022E-05   Iter/sec:  7.101E+01
 Iteration:  00000024   DeltaT:  1.022E-05   Iter/sec:  7.213E+01
 Iteration:  00000025   DeltaT:  1.022E-05   Iter/sec:  7.285E+01
 Iteration:  00000026   DeltaT:  1.022E-05   Iter/sec:  7.077E+01
 Iteration:  00000027   DeltaT:  1.022E-05   Iter/sec:  7.320E+01
 Iteration:  00000028   DeltaT:  1.022E-05   Iter/sec:  6.838E+01
 Iteration:  00000029   DeltaT:  1.022E-05   Iter/sec:  7.732E+01
 Iteration:  00000030   DeltaT:  1.022E-05   Iter/sec:  6.989E+01
 Iteration:  00000031   DeltaT:  1.022E-05   Iter/sec:  7.284E+01
 Iteration:  00000032   DeltaT:  1.022E-05   Iter/sec:  7.112E+01
 Iteration:  00000033   DeltaT:  1.022E-05   Iter/sec:  7.123E+01
 Iteration:  00000034   DeltaT:  1.022E-05   Iter/sec:  7.359E+01
 Iteration:  00000035   DeltaT:  1.022E-05   Iter/sec:  7.214E+01
 Iteration:  00000036   DeltaT:  1.022E-05   Iter/sec:  7.173E+01
 Iteration:  00000037   DeltaT:  1.022E-05   Iter/sec:  7.364E+01
 Iteration:  00000038   DeltaT:  1.022E-05   Iter/sec:  7.508E+01
 Iteration:  00000039   DeltaT:  1.022E-05   Iter/sec:  7.112E+01
 Iteration:  00000040   DeltaT:  1.022E-05   Iter/sec:  7.184E+01
 Iteration:  00000041   DeltaT:  1.022E-05   Iter/sec:  7.152E+01
 Iteration:  00000042   DeltaT:  1.022E-05   Iter/sec:  7.457E+01
 Iteration:  00000043   DeltaT:  1.022E-05   Iter/sec:  6.954E+01
 Iteration:  00000044   DeltaT:  1.022E-05   Iter/sec:  7.422E+01
 Iteration:  00000045   DeltaT:  1.022E-05   Iter/sec:  6.952E+01
 Iteration:  00000046   DeltaT:  1.022E-05   Iter/sec:  7.117E+01
 Iteration:  00000047   DeltaT:  1.022E-05   Iter/sec:  6.990E+01
 Iteration:  00000048   DeltaT:  1.022E-05   Iter/sec:  6.105E+01
 Iteration:  00000049   DeltaT:  1.022E-05   Iter/sec:  7.249E+01
 Iteration:  00000050   DeltaT:  1.022E-05   Iter/sec:  7.236E+01


//////////////////////////////////////////////
   Measured Timings for Process 0  (seconds)

 Elapsed time:         1.3666
  Column time:         0.2253
     Row time:         0.1899
Legendre time:         0.1250
     FFT time:         0.0377
   Solve time:         0.0701
    rlma time:         0.0117
    rlmb time:         0.0051
  pspace time:         0.0219
  psolve time:         0.0602
    dphi time:         0.0029
captured time:         0.7499

     iter/sec:        36.5884
//////////////////////////////////////////////
