 //////////////////////////////////////
 Initializating Rayleigh...

 -- Initalizing MPI...
 ---- Specified parameters:
 ---- NCPU  :    512
 ---- NPROW :     32
 ---- NPCOL :     16
 -- MPI initialized.


 -- Initalizing Grid...
 ---- Specified parameters ----
 ---- N_R                 :    128
 ---- N_THETA             :    384
 ---- Ell_MAX             :    255
 ---- R_MIN               :  5.38462E-01
 ---- R_MAX               :  1.53846E+00
 ---- Chebyshev Domains   :      1

        Domain 1
          Grid points           :  128
          Dealiased Polynomials :  85
          Domain Lower Bound    :  5.38462E-01
          Domain Upper Bound    :  1.53846E+00

 -- Grid initialized.

[SHTns 3.4.5] built Apr 21 2021, 13:10:53, id: sse2,ishioka
        Lmax=255, Mmax*Mres=255, Mres=1, Nlm=32896  [1 threads, orthonormalized]
        => using FFTW : Mmax=255, Nphi=768, Nlat=384  (data layout : phi_inc=384, theta_inc=1, phi_embed=768)
        => using Gauss nodes
        + polar optimization threshold = 1.0e-08
        finding optimal algorithm.........
        + SHT accuracy = 2.25e-12
        => SHTns is ready.
 -- Initalizing Reference State...
 ---- Specified parameters:
 ---- Reference type           :  Boussinesq (Non-dimensional)
 ---- Rayleigh Number          :  1.00000E+05
 ---- Ekman Number             :  1.00000E-03
 ---- Prandtl Number           :  1.00000E+00
 ---- Magnetic Prandtl Number  :  5.00000E+00
 -- Reference State initialized.

 -- Initializing Fields...
 ---- Specified parameters:
 ---- Hydro Init Type    : Benchmark (Christensen et al. 2001)
 ---- Magnetic Init Type : Benchmark (Christensen et al. 2001)
 -- Fields initialized.

 Initialization Complete.
 //////////////////////////////////////

 Timestep has changed from  0.00000E+00 to  1.00000E-04.
 Iteration:  00000001   DeltaT:  1.000E-04   Iter/sec:  0.000E+00
 Timestep has changed from  1.00000E-04 to  2.55566E-06.
 Iteration:  00000002   DeltaT:  2.556E-06   Iter/sec:  1.745E-01
 Iteration:  00000003   DeltaT:  2.556E-06   Iter/sec:  3.900E+00
 Iteration:  00000004   DeltaT:  2.556E-06   Iter/sec:  5.427E+00
 Iteration:  00000005   DeltaT:  2.556E-06   Iter/sec:  5.774E+00
 Iteration:  00000006   DeltaT:  2.556E-06   Iter/sec:  5.864E+00
 Iteration:  00000007   DeltaT:  2.556E-06   Iter/sec:  5.588E+00
 Iteration:  00000008   DeltaT:  2.556E-06   Iter/sec:  6.062E+00
 Iteration:  00000009   DeltaT:  2.556E-06   Iter/sec:  5.874E+00
 Iteration:  00000010   DeltaT:  2.556E-06   Iter/sec:  5.683E+00
 Iteration:  00000011   DeltaT:  2.556E-06   Iter/sec:  6.112E+00
 Iteration:  00000012   DeltaT:  2.556E-06   Iter/sec:  5.933E+00
 Iteration:  00000013   DeltaT:  2.556E-06   Iter/sec:  5.895E+00
 Iteration:  00000014   DeltaT:  2.556E-06   Iter/sec:  6.003E+00
 Iteration:  00000015   DeltaT:  2.556E-06   Iter/sec:  5.883E+00
 Iteration:  00000016   DeltaT:  2.556E-06   Iter/sec:  5.845E+00
 Iteration:  00000017   DeltaT:  2.556E-06   Iter/sec:  6.120E+00
 Iteration:  00000018   DeltaT:  2.556E-06   Iter/sec:  5.835E+00
 Iteration:  00000019   DeltaT:  2.556E-06   Iter/sec:  6.021E+00
 Iteration:  00000020   DeltaT:  2.556E-06   Iter/sec:  5.902E+00
 Iteration:  00000021   DeltaT:  2.556E-06   Iter/sec:  5.693E+00
 Iteration:  00000022   DeltaT:  2.556E-06   Iter/sec:  6.257E+00
 Iteration:  00000023   DeltaT:  2.556E-06   Iter/sec:  5.829E+00
 Iteration:  00000024   DeltaT:  2.556E-06   Iter/sec:  6.081E+00
 Iteration:  00000025   DeltaT:  2.556E-06   Iter/sec:  5.913E+00
 Iteration:  00000026   DeltaT:  2.556E-06   Iter/sec:  6.083E+00
 Iteration:  00000027   DeltaT:  2.556E-06   Iter/sec:  5.844E+00
 Iteration:  00000028   DeltaT:  2.556E-06   Iter/sec:  5.955E+00
 Iteration:  00000029   DeltaT:  2.556E-06   Iter/sec:  5.996E+00
 Iteration:  00000030   DeltaT:  2.556E-06   Iter/sec:  5.948E+00
 Iteration:  00000031   DeltaT:  2.556E-06   Iter/sec:  6.126E+00
 Iteration:  00000032   DeltaT:  2.556E-06   Iter/sec:  5.887E+00
 Iteration:  00000033   DeltaT:  2.556E-06   Iter/sec:  5.965E+00
 Iteration:  00000034   DeltaT:  2.556E-06   Iter/sec:  6.052E+00
 Iteration:  00000035   DeltaT:  2.556E-06   Iter/sec:  5.892E+00
 Iteration:  00000036   DeltaT:  2.556E-06   Iter/sec:  5.975E+00
 Iteration:  00000037   DeltaT:  2.556E-06   Iter/sec:  6.084E+00
 Iteration:  00000038   DeltaT:  2.556E-06   Iter/sec:  5.962E+00
 Iteration:  00000039   DeltaT:  2.556E-06   Iter/sec:  6.235E+00
 Iteration:  00000040   DeltaT:  2.556E-06   Iter/sec:  5.880E+00
 Iteration:  00000041   DeltaT:  2.556E-06   Iter/sec:  6.122E+00
 Iteration:  00000042   DeltaT:  2.556E-06   Iter/sec:  5.931E+00
 Iteration:  00000043   DeltaT:  2.556E-06   Iter/sec:  5.958E+00
 Iteration:  00000044   DeltaT:  2.556E-06   Iter/sec:  6.041E+00
 Iteration:  00000045   DeltaT:  2.556E-06   Iter/sec:  5.990E+00
 Iteration:  00000046   DeltaT:  2.556E-06   Iter/sec:  5.951E+00
 Iteration:  00000047   DeltaT:  2.556E-06   Iter/sec:  5.888E+00
 Iteration:  00000048   DeltaT:  2.556E-06   Iter/sec:  5.911E+00
 Iteration:  00000049   DeltaT:  2.556E-06   Iter/sec:  6.080E+00
 Iteration:  00000050   DeltaT:  2.556E-06   Iter/sec:  5.961E+00


//////////////////////////////////////////////
   Measured Timings for Process 0  (seconds)

 Elapsed time:         9.2140
  Column time:         1.8363
     Row time:         2.0594
Legendre time:         1.9966
     FFT time:         0.4893
   Solve time:         0.4117
    rlma time:         0.0816
    rlmb time:         0.0361
  pspace time:         0.9023
  psolve time:         0.6725
    dphi time:         0.0530
captured time:         8.5389

     iter/sec:         5.4265
//////////////////////////////////////////////
