 //////////////////////////////////////
 Initializating Rayleigh...

 -- Initalizing MPI...
 ---- Specified parameters:
 ---- NCPU  :    512
 ---- NPROW :     32
 ---- NPCOL :     16
 -- MPI initialized.


 -- Initalizing Grid...
 ---- Specified parameters ----
 ---- N_R                 :     64
 ---- N_THETA             :    384
 ---- Ell_MAX             :    255
 ---- R_MIN               :  5.38462E-01
 ---- R_MAX               :  1.53846E+00
 ---- Chebyshev Domains   :      1

        Domain 1
          Grid points           :  64
          Dealiased Polynomials :  42
          Domain Lower Bound    :  5.38462E-01
          Domain Upper Bound    :  1.53846E+00

 -- Grid initialized.

[SHTns 3.4.5] built Apr 21 2021, 13:10:53, id: sse2,ishioka
        Lmax=255, Mmax*Mres=255, Mres=1, Nlm=32896  [1 threads, orthonormalized]
        => using FFTW : Mmax=255, Nphi=768, Nlat=384  (data layout : phi_inc=384, theta_inc=1, phi_embed=768)
        => using Gauss nodes
        + polar optimization threshold = 1.0e-08
        finding optimal algorithm.........
        + SHT accuracy = 1.03e-12
        => SHTns is ready.
 -- Initalizing Reference State...
 ---- Specified parameters:
 ---- Reference type           :  Boussinesq (Non-dimensional)
 ---- Rayleigh Number          :  1.00000E+05
 ---- Ekman Number             :  1.00000E-03
 ---- Prandtl Number           :  1.00000E+00
 ---- Magnetic Prandtl Number  :  5.00000E+00
 -- Reference State initialized.

 -- Initializing Fields...
 ---- Specified parameters:
 ---- Hydro Init Type    : Benchmark (Christensen et al. 2001)
 ---- Magnetic Init Type : Benchmark (Christensen et al. 2001)
 -- Fields initialized.

 Initialization Complete.
 //////////////////////////////////////

 Timestep has changed from  0.00000E+00 to  1.00000E-04.
 Iteration:  00000001   DeltaT:  1.000E-04   Iter/sec:  0.000E+00
 Timestep has changed from  1.00000E-04 to  1.02211E-05.
 Iteration:  00000002   DeltaT:  1.022E-05   Iter/sec:  1.799E-01
 Iteration:  00000003   DeltaT:  1.022E-05   Iter/sec:  1.010E+01
 Iteration:  00000004   DeltaT:  1.022E-05   Iter/sec:  1.277E+01
 Iteration:  00000005   DeltaT:  1.022E-05   Iter/sec:  1.265E+01
 Iteration:  00000006   DeltaT:  1.022E-05   Iter/sec:  1.257E+01
 Iteration:  00000007   DeltaT:  1.022E-05   Iter/sec:  1.308E+01
 Iteration:  00000008   DeltaT:  1.022E-05   Iter/sec:  1.284E+01
 Iteration:  00000009   DeltaT:  1.022E-05   Iter/sec:  1.266E+01
 Iteration:  00000010   DeltaT:  1.022E-05   Iter/sec:  1.253E+01
 Iteration:  00000011   DeltaT:  1.022E-05   Iter/sec:  1.296E+01
 Iteration:  00000012   DeltaT:  1.022E-05   Iter/sec:  1.269E+01
 Iteration:  00000013   DeltaT:  1.022E-05   Iter/sec:  1.298E+01
 Iteration:  00000014   DeltaT:  1.022E-05   Iter/sec:  1.253E+01
 Iteration:  00000015   DeltaT:  1.022E-05   Iter/sec:  1.220E+01
 Iteration:  00000016   DeltaT:  1.022E-05   Iter/sec:  1.286E+01
 Iteration:  00000017   DeltaT:  1.022E-05   Iter/sec:  1.274E+01
 Iteration:  00000018   DeltaT:  1.022E-05   Iter/sec:  1.279E+01
 Iteration:  00000019   DeltaT:  1.022E-05   Iter/sec:  1.279E+01
 Iteration:  00000020   DeltaT:  1.022E-05   Iter/sec:  1.280E+01
 Iteration:  00000021   DeltaT:  1.022E-05   Iter/sec:  1.274E+01
 Iteration:  00000022   DeltaT:  1.022E-05   Iter/sec:  1.302E+01
 Iteration:  00000023   DeltaT:  1.022E-05   Iter/sec:  1.295E+01
 Iteration:  00000024   DeltaT:  1.022E-05   Iter/sec:  1.276E+01
 Iteration:  00000025   DeltaT:  1.022E-05   Iter/sec:  1.248E+01
 Iteration:  00000026   DeltaT:  1.022E-05   Iter/sec:  1.289E+01
 Iteration:  00000027   DeltaT:  1.022E-05   Iter/sec:  1.282E+01
 Iteration:  00000028   DeltaT:  1.022E-05   Iter/sec:  1.272E+01
 Iteration:  00000029   DeltaT:  1.022E-05   Iter/sec:  1.277E+01
 Iteration:  00000030   DeltaT:  1.022E-05   Iter/sec:  1.264E+01
 Iteration:  00000031   DeltaT:  1.022E-05   Iter/sec:  1.319E+01
 Iteration:  00000032   DeltaT:  1.022E-05   Iter/sec:  1.266E+01
 Iteration:  00000033   DeltaT:  1.022E-05   Iter/sec:  1.256E+01
 Iteration:  00000034   DeltaT:  1.022E-05   Iter/sec:  1.284E+01
 Iteration:  00000035   DeltaT:  1.022E-05   Iter/sec:  1.261E+01
 Iteration:  00000036   DeltaT:  1.022E-05   Iter/sec:  1.256E+01
 Iteration:  00000037   DeltaT:  1.022E-05   Iter/sec:  1.349E+01
 Iteration:  00000038   DeltaT:  1.022E-05   Iter/sec:  1.272E+01
 Iteration:  00000039   DeltaT:  1.022E-05   Iter/sec:  1.307E+01
 Iteration:  00000040   DeltaT:  1.022E-05   Iter/sec:  1.259E+01
 Iteration:  00000041   DeltaT:  1.022E-05   Iter/sec:  1.254E+01
 Iteration:  00000042   DeltaT:  1.022E-05   Iter/sec:  1.294E+01
 Iteration:  00000043   DeltaT:  1.022E-05   Iter/sec:  1.285E+01
 Iteration:  00000044   DeltaT:  1.022E-05   Iter/sec:  1.253E+01
 Iteration:  00000045   DeltaT:  1.022E-05   Iter/sec:  1.287E+01
 Iteration:  00000046   DeltaT:  1.022E-05   Iter/sec:  1.265E+01
 Iteration:  00000047   DeltaT:  1.022E-05   Iter/sec:  1.270E+01
 Iteration:  00000048   DeltaT:  1.022E-05   Iter/sec:  1.277E+01
 Iteration:  00000049   DeltaT:  1.022E-05   Iter/sec:  1.265E+01
 Iteration:  00000050   DeltaT:  1.022E-05   Iter/sec:  1.286E+01


//////////////////////////////////////////////
   Measured Timings for Process 0  (seconds)

 Elapsed time:         4.8984
  Column time:         1.1028
     Row time:         0.9296
Legendre time:         0.9632
     FFT time:         0.2501
   Solve time:         0.1140
    rlma time:         0.0422
    rlmb time:         0.0176
  pspace time:         0.2894
  psolve time:         0.2008
    dphi time:         0.0210
captured time:         3.9307

     iter/sec:        10.2074
//////////////////////////////////////////////
