 //////////////////////////////////////
 Initializating Rayleigh...

 -- Initalizing MPI...
 ---- Specified parameters:
 ---- NCPU  :    256
 ---- NPROW :     16
 ---- NPCOL :     16
 -- MPI initialized.


 -- Initalizing Grid...
 ---- Specified parameters ----
 ---- N_R                 :    128
 ---- N_THETA             :    192
 ---- Ell_MAX             :    127
 ---- R_MIN               :  5.38462E-01
 ---- R_MAX               :  1.53846E+00
 ---- Chebyshev Domains   :      1

        Domain 1
          Grid points           :  128
          Dealiased Polynomials :  85
          Domain Lower Bound    :  5.38462E-01
          Domain Upper Bound    :  1.53846E+00

 -- Grid initialized.

[SHTns 3.4.5] built Apr 21 2021, 13:10:53, id: sse2,ishioka
        Lmax=127, Mmax*Mres=127, Mres=1, Nlm=8256  [1 threads, orthonormalized]
        => using FFTW : Mmax=127, Nphi=384, Nlat=192  (data layout : phi_inc=192, theta_inc=1, phi_embed=384)
        => using Gauss nodes
        + polar optimization threshold = 1.0e-08
        finding optimal algorithm...........
        + SHT accuracy = 7.33e-14
        => SHTns is ready.
 -- Initalizing Reference State...
 ---- Specified parameters:
 ---- Reference type           :  Boussinesq (Non-dimensional)
 ---- Rayleigh Number          :  1.00000E+05
 ---- Ekman Number             :  1.00000E-03
 ---- Prandtl Number           :  1.00000E+00
 ---- Magnetic Prandtl Number  :  5.00000E+00
 -- Reference State initialized.

 -- Initializing Fields...
 ---- Specified parameters:
 ---- Hydro Init Type    : Benchmark (Christensen et al. 2001)
 ---- Magnetic Init Type : Benchmark (Christensen et al. 2001)
 -- Fields initialized.

 Initialization Complete.
 //////////////////////////////////////

 Timestep has changed from  0.00000E+00 to  1.00000E-04.
 Iteration:  00000001   DeltaT:  1.000E-04   Iter/sec:  0.000E+00
 Timestep has changed from  1.00000E-04 to  2.55581E-06.
 Iteration:  00000002   DeltaT:  2.556E-06   Iter/sec:  1.264E-01
 Iteration:  00000003   DeltaT:  2.556E-06   Iter/sec:  8.890E+00
 Iteration:  00000004   DeltaT:  2.556E-06   Iter/sec:  1.606E+01
 Iteration:  00000005   DeltaT:  2.556E-06   Iter/sec:  1.619E+01
 Iteration:  00000006   DeltaT:  2.556E-06   Iter/sec:  1.638E+01
 Iteration:  00000007   DeltaT:  2.556E-06   Iter/sec:  1.618E+01
 Iteration:  00000008   DeltaT:  2.556E-06   Iter/sec:  1.640E+01
 Iteration:  00000009   DeltaT:  2.556E-06   Iter/sec:  1.628E+01
 Iteration:  00000010   DeltaT:  2.556E-06   Iter/sec:  1.648E+01
 Iteration:  00000011   DeltaT:  2.556E-06   Iter/sec:  1.622E+01
 Iteration:  00000012   DeltaT:  2.556E-06   Iter/sec:  1.636E+01
 Iteration:  00000013   DeltaT:  2.556E-06   Iter/sec:  1.670E+01
 Iteration:  00000014   DeltaT:  2.556E-06   Iter/sec:  1.635E+01
 Iteration:  00000015   DeltaT:  2.556E-06   Iter/sec:  1.646E+01
 Iteration:  00000016   DeltaT:  2.556E-06   Iter/sec:  1.648E+01
 Iteration:  00000017   DeltaT:  2.556E-06   Iter/sec:  1.645E+01
 Iteration:  00000018   DeltaT:  2.556E-06   Iter/sec:  1.598E+01
 Iteration:  00000019   DeltaT:  2.556E-06   Iter/sec:  1.659E+01
 Iteration:  00000020   DeltaT:  2.556E-06   Iter/sec:  1.628E+01
 Iteration:  00000021   DeltaT:  2.556E-06   Iter/sec:  1.649E+01
 Iteration:  00000022   DeltaT:  2.556E-06   Iter/sec:  1.577E+01
 Iteration:  00000023   DeltaT:  2.556E-06   Iter/sec:  1.616E+01
 Iteration:  00000024   DeltaT:  2.556E-06   Iter/sec:  1.659E+01
 Iteration:  00000025   DeltaT:  2.556E-06   Iter/sec:  1.609E+01
 Iteration:  00000026   DeltaT:  2.556E-06   Iter/sec:  1.616E+01
 Iteration:  00000027   DeltaT:  2.556E-06   Iter/sec:  1.680E+01
 Iteration:  00000028   DeltaT:  2.556E-06   Iter/sec:  1.637E+01
 Iteration:  00000029   DeltaT:  2.556E-06   Iter/sec:  1.627E+01
 Iteration:  00000030   DeltaT:  2.556E-06   Iter/sec:  1.568E+01
 Iteration:  00000031   DeltaT:  2.556E-06   Iter/sec:  1.650E+01
 Iteration:  00000032   DeltaT:  2.556E-06   Iter/sec:  1.646E+01
 Iteration:  00000033   DeltaT:  2.556E-06   Iter/sec:  1.655E+01
 Iteration:  00000034   DeltaT:  2.556E-06   Iter/sec:  1.641E+01
 Iteration:  00000035   DeltaT:  2.556E-06   Iter/sec:  1.654E+01
 Iteration:  00000036   DeltaT:  2.556E-06   Iter/sec:  1.592E+01
 Iteration:  00000037   DeltaT:  2.556E-06   Iter/sec:  1.671E+01
 Iteration:  00000038   DeltaT:  2.556E-06   Iter/sec:  1.650E+01
 Iteration:  00000039   DeltaT:  2.556E-06   Iter/sec:  1.641E+01
 Iteration:  00000040   DeltaT:  2.556E-06   Iter/sec:  1.662E+01
 Iteration:  00000041   DeltaT:  2.556E-06   Iter/sec:  1.672E+01
 Iteration:  00000042   DeltaT:  2.556E-06   Iter/sec:  1.641E+01
 Iteration:  00000043   DeltaT:  2.556E-06   Iter/sec:  1.649E+01
 Iteration:  00000044   DeltaT:  2.556E-06   Iter/sec:  1.607E+01
 Iteration:  00000045   DeltaT:  2.556E-06   Iter/sec:  1.680E+01
 Iteration:  00000046   DeltaT:  2.556E-06   Iter/sec:  1.621E+01
 Iteration:  00000047   DeltaT:  2.556E-06   Iter/sec:  1.635E+01
 Iteration:  00000048   DeltaT:  2.556E-06   Iter/sec:  1.613E+01
 Iteration:  00000049   DeltaT:  2.556E-06   Iter/sec:  1.663E+01
 Iteration:  00000050   DeltaT:  2.556E-06   Iter/sec:  1.614E+01


//////////////////////////////////////////////
   Measured Timings for Process 0  (seconds)

 Elapsed time:         3.6668
  Column time:         0.5631
     Row time:         0.8369
Legendre time:         0.5220
     FFT time:         0.2530
   Solve time:         0.2309
    rlma time:         0.0405
    rlmb time:         0.0168
  pspace time:         0.3266
  psolve time:         0.3065
    dphi time:         0.0298
captured time:         3.1260

     iter/sec:        13.6358
//////////////////////////////////////////////
