 //////////////////////////////////////
 Initializating Rayleigh...

 -- Initalizing MPI...
 ---- Specified parameters:
 ---- NCPU  :    512
 ---- NPROW :     32
 ---- NPCOL :     16
 -- MPI initialized.


 -- Initalizing Grid...
 ---- Specified parameters ----
 ---- N_R                 :    128
 ---- N_THETA             :    384
 ---- Ell_MAX             :    255
 ---- R_MIN               :  5.38462E-01
 ---- R_MAX               :  1.53846E+00
 ---- Chebyshev Domains   :      1

        Domain 1
          Grid points           :  128
          Dealiased Polynomials :  85
          Domain Lower Bound    :  5.38462E-01
          Domain Upper Bound    :  1.53846E+00

 -- Grid initialized.

 -- Initalizing Reference State...
 ---- Specified parameters:
 ---- Reference type           :  Boussinesq (Non-dimensional)
 ---- Rayleigh Number          :  1.00000E+05
 ---- Ekman Number             :  1.00000E-03
 ---- Prandtl Number           :  1.00000E+00
 ---- Magnetic Prandtl Number  :  5.00000E+00
 -- Reference State initialized.

 -- Initializing Fields...
 ---- Specified parameters:
 ---- Hydro Init Type    : Benchmark (Christensen et al. 2001)
 ---- Magnetic Init Type : Benchmark (Christensen et al. 2001)
 -- Fields initialized.

 Initialization Complete.
 //////////////////////////////////////

 Timestep has changed from  0.00000E+00 to  1.00000E-04.
 Iteration:  00000001   DeltaT:  1.000E-04   Iter/sec:  0.000E+00
 Timestep has changed from  1.00000E-04 to  2.55566E-06.
 Iteration:  00000002   DeltaT:  2.556E-06   Iter/sec:  2.496E+00
 Iteration:  00000003   DeltaT:  2.556E-06   Iter/sec:  4.060E+00
 Iteration:  00000004   DeltaT:  2.556E-06   Iter/sec:  6.083E+00
 Iteration:  00000005   DeltaT:  2.556E-06   Iter/sec:  6.116E+00
 Iteration:  00000006   DeltaT:  2.556E-06   Iter/sec:  6.518E+00
 Iteration:  00000007   DeltaT:  2.556E-06   Iter/sec:  6.256E+00
 Iteration:  00000008   DeltaT:  2.556E-06   Iter/sec:  6.421E+00
 Iteration:  00000009   DeltaT:  2.556E-06   Iter/sec:  6.120E+00
 Iteration:  00000010   DeltaT:  2.556E-06   Iter/sec:  6.714E+00
 Iteration:  00000011   DeltaT:  2.556E-06   Iter/sec:  6.262E+00
 Iteration:  00000012   DeltaT:  2.556E-06   Iter/sec:  6.413E+00
 Iteration:  00000013   DeltaT:  2.556E-06   Iter/sec:  6.541E+00
 Iteration:  00000014   DeltaT:  2.556E-06   Iter/sec:  5.418E+00
 Iteration:  00000015   DeltaT:  2.556E-06   Iter/sec:  7.142E+00
 Iteration:  00000016   DeltaT:  2.556E-06   Iter/sec:  6.142E+00
 Iteration:  00000017   DeltaT:  2.556E-06   Iter/sec:  6.635E+00
 Iteration:  00000018   DeltaT:  2.556E-06   Iter/sec:  6.296E+00
 Iteration:  00000019   DeltaT:  2.556E-06   Iter/sec:  5.207E+00
 Iteration:  00000020   DeltaT:  2.556E-06   Iter/sec:  6.743E+00
 Iteration:  00000021   DeltaT:  2.556E-06   Iter/sec:  6.624E+00
 Iteration:  00000022   DeltaT:  2.556E-06   Iter/sec:  6.401E+00
 Iteration:  00000023   DeltaT:  2.556E-06   Iter/sec:  6.035E+00
 Iteration:  00000024   DeltaT:  2.556E-06   Iter/sec:  5.380E+00
 Iteration:  00000025   DeltaT:  2.556E-06   Iter/sec:  6.771E+00
 Iteration:  00000026   DeltaT:  2.556E-06   Iter/sec:  6.406E+00
 Iteration:  00000027   DeltaT:  2.556E-06   Iter/sec:  6.546E+00
 Iteration:  00000028   DeltaT:  2.556E-06   Iter/sec:  6.137E+00
 Iteration:  00000029   DeltaT:  2.556E-06   Iter/sec:  5.940E+00
 Iteration:  00000030   DeltaT:  2.556E-06   Iter/sec:  6.780E+00
 Iteration:  00000031   DeltaT:  2.556E-06   Iter/sec:  6.275E+00
 Iteration:  00000032   DeltaT:  2.556E-06   Iter/sec:  6.381E+00
 Iteration:  00000033   DeltaT:  2.556E-06   Iter/sec:  6.057E+00
 Iteration:  00000034   DeltaT:  2.556E-06   Iter/sec:  6.283E+00
 Iteration:  00000035   DeltaT:  2.556E-06   Iter/sec:  6.418E+00
 Iteration:  00000036   DeltaT:  2.556E-06   Iter/sec:  6.173E+00
 Iteration:  00000037   DeltaT:  2.556E-06   Iter/sec:  6.922E+00
 Iteration:  00000038   DeltaT:  2.556E-06   Iter/sec:  6.312E+00
 Iteration:  00000039   DeltaT:  2.556E-06   Iter/sec:  6.828E+00
 Iteration:  00000040   DeltaT:  2.556E-06   Iter/sec:  6.336E+00
 Iteration:  00000041   DeltaT:  2.556E-06   Iter/sec:  6.624E+00
 Iteration:  00000042   DeltaT:  2.556E-06   Iter/sec:  6.702E+00
 Iteration:  00000043   DeltaT:  2.556E-06   Iter/sec:  6.616E+00
 Iteration:  00000044   DeltaT:  2.556E-06   Iter/sec:  6.173E+00
 Iteration:  00000045   DeltaT:  2.556E-06   Iter/sec:  6.440E+00
 Iteration:  00000046   DeltaT:  2.556E-06   Iter/sec:  6.322E+00
 Iteration:  00000047   DeltaT:  2.556E-06   Iter/sec:  6.558E+00
 Iteration:  00000048   DeltaT:  2.556E-06   Iter/sec:  6.487E+00
 Iteration:  00000049   DeltaT:  2.556E-06   Iter/sec:  6.615E+00
 Iteration:  00000050   DeltaT:  2.556E-06   Iter/sec:  6.511E+00


//////////////////////////////////////////////
   Measured Timings for Process 0  (seconds)

 Elapsed time:         8.7600
  Column time:         2.4771
     Row time:         2.1425
Legendre time:         0.7827
     FFT time:         0.4754
   Solve time:         0.4152
    rlma time:         0.0938
    rlmb time:         0.0340
  pspace time:         0.8665
  psolve time:         0.6783
    dphi time:         0.0462
captured time:         8.0116

     iter/sec:         5.5936
//////////////////////////////////////////////
