 //////////////////////////////////////
 Initializating Rayleigh...

 -- Initalizing MPI...
 ---- Specified parameters:
 ---- NCPU  :   1024
 ---- NPROW :     32
 ---- NPCOL :     32
 -- MPI initialized.


 -- Initalizing Grid...
 ---- Specified parameters ----
 ---- N_R                 :    128
 ---- N_THETA             :    768
 ---- Ell_MAX             :    511
 ---- R_MIN               :  5.38462E-01
 ---- R_MAX               :  1.53846E+00
 ---- Chebyshev Domains   :      1

        Domain 1
          Grid points           :  128
          Dealiased Polynomials :  85
          Domain Lower Bound    :  5.38462E-01
          Domain Upper Bound    :  1.53846E+00

 -- Grid initialized.

 -- Initalizing Reference State...
 ---- Specified parameters:
 ---- Reference type           :  Boussinesq (Non-dimensional)
 ---- Rayleigh Number          :  1.00000E+05
 ---- Ekman Number             :  1.00000E-03
 ---- Prandtl Number           :  1.00000E+00
 ---- Magnetic Prandtl Number  :  5.00000E+00
 -- Reference State initialized.

 -- Initializing Fields...
 ---- Specified parameters:
 ---- Hydro Init Type    : Benchmark (Christensen et al. 2001)
 ---- Magnetic Init Type : Benchmark (Christensen et al. 2001)
 -- Fields initialized.

 Initialization Complete.
 //////////////////////////////////////

 Timestep has changed from  0.00000E+00 to  1.00000E-04.
 Iteration:  00000001   DeltaT:  1.000E-04   Iter/sec:  0.000E+00
 Timestep has changed from  1.00000E-04 to  2.55562E-06.
 Iteration:  00000002   DeltaT:  2.556E-06   Iter/sec:  6.855E-01
 Iteration:  00000003   DeltaT:  2.556E-06   Iter/sec:  2.114E+00
 Iteration:  00000004   DeltaT:  2.556E-06   Iter/sec:  2.165E+00
 Iteration:  00000005   DeltaT:  2.556E-06   Iter/sec:  2.415E+00
 Iteration:  00000006   DeltaT:  2.556E-06   Iter/sec:  2.257E+00
 Iteration:  00000007   DeltaT:  2.556E-06   Iter/sec:  2.363E+00
 Iteration:  00000008   DeltaT:  2.556E-06   Iter/sec:  2.327E+00
 Iteration:  00000009   DeltaT:  2.556E-06   Iter/sec:  2.271E+00
 Iteration:  00000010   DeltaT:  2.556E-06   Iter/sec:  2.374E+00
 Iteration:  00000011   DeltaT:  2.556E-06   Iter/sec:  2.449E+00
 Iteration:  00000012   DeltaT:  2.556E-06   Iter/sec:  2.324E+00
 Iteration:  00000013   DeltaT:  2.556E-06   Iter/sec:  2.341E+00
 Iteration:  00000014   DeltaT:  2.556E-06   Iter/sec:  2.381E+00
 Iteration:  00000015   DeltaT:  2.556E-06   Iter/sec:  2.459E+00
 Iteration:  00000016   DeltaT:  2.556E-06   Iter/sec:  2.368E+00
 Iteration:  00000017   DeltaT:  2.556E-06   Iter/sec:  2.405E+00
 Iteration:  00000018   DeltaT:  2.556E-06   Iter/sec:  2.348E+00
 Iteration:  00000019   DeltaT:  2.556E-06   Iter/sec:  2.437E+00
 Iteration:  00000020   DeltaT:  2.556E-06   Iter/sec:  2.440E+00
 Iteration:  00000021   DeltaT:  2.556E-06   Iter/sec:  2.410E+00
 Iteration:  00000022   DeltaT:  2.556E-06   Iter/sec:  2.360E+00
 Iteration:  00000023   DeltaT:  2.556E-06   Iter/sec:  2.457E+00
 Iteration:  00000024   DeltaT:  2.556E-06   Iter/sec:  2.383E+00
 Iteration:  00000025   DeltaT:  2.556E-06   Iter/sec:  2.260E+00
 Iteration:  00000026   DeltaT:  2.556E-06   Iter/sec:  2.490E+00
 Iteration:  00000027   DeltaT:  2.556E-06   Iter/sec:  2.323E+00
 Iteration:  00000028   DeltaT:  2.556E-06   Iter/sec:  2.513E+00
 Iteration:  00000029   DeltaT:  2.556E-06   Iter/sec:  2.400E+00
 Iteration:  00000030   DeltaT:  2.556E-06   Iter/sec:  2.373E+00
 Iteration:  00000031   DeltaT:  2.556E-06   Iter/sec:  2.398E+00
 Iteration:  00000032   DeltaT:  2.556E-06   Iter/sec:  2.351E+00
 Iteration:  00000033   DeltaT:  2.556E-06   Iter/sec:  2.398E+00
 Iteration:  00000034   DeltaT:  2.556E-06   Iter/sec:  1.979E+00
 Iteration:  00000035   DeltaT:  2.556E-06   Iter/sec:  2.622E+00
 Iteration:  00000036   DeltaT:  2.556E-06   Iter/sec:  2.202E+00
 Iteration:  00000037   DeltaT:  2.556E-06   Iter/sec:  2.192E+00
 Iteration:  00000038   DeltaT:  2.556E-06   Iter/sec:  2.435E+00
 Iteration:  00000039   DeltaT:  2.556E-06   Iter/sec:  2.372E+00
 Iteration:  00000040   DeltaT:  2.556E-06   Iter/sec:  2.352E+00
 Iteration:  00000041   DeltaT:  2.556E-06   Iter/sec:  2.361E+00
 Iteration:  00000042   DeltaT:  2.556E-06   Iter/sec:  2.347E+00
 Iteration:  00000043   DeltaT:  2.556E-06   Iter/sec:  2.394E+00
 Iteration:  00000044   DeltaT:  2.556E-06   Iter/sec:  2.395E+00
 Iteration:  00000045   DeltaT:  2.556E-06   Iter/sec:  2.419E+00
 Iteration:  00000046   DeltaT:  2.556E-06   Iter/sec:  2.437E+00
 Iteration:  00000047   DeltaT:  2.556E-06   Iter/sec:  2.375E+00
 Iteration:  00000048   DeltaT:  2.556E-06   Iter/sec:  2.386E+00
 Iteration:  00000049   DeltaT:  2.556E-06   Iter/sec:  2.343E+00
 Iteration:  00000050   DeltaT:  2.556E-06   Iter/sec:  2.378E+00


//////////////////////////////////////////////
   Measured Timings for Process 0  (seconds)

 Elapsed time:        24.9821
  Column time:         8.5594
     Row time:         5.0010
Legendre time:         2.1110
     FFT time:         0.9504
   Solve time:         0.5115
    rlma time:         0.1817
    rlmb time:         0.0810
  pspace time:         2.1215
  psolve time:         1.5116
    dphi time:         0.1153
captured time:        21.1444

     iter/sec:         1.9614
//////////////////////////////////////////////
