 //////////////////////////////////////
 Initializating Rayleigh...

 -- Initalizing MPI...
 ---- Specified parameters:
 ---- NCPU  :    128
 ---- NPROW :     16
 ---- NPCOL :      8
 -- MPI initialized.


 -- Initalizing Grid...
 ---- Specified parameters ----
 ---- N_R                 :     64
 ---- N_THETA             :    768
 ---- Ell_MAX             :    511
 ---- R_MIN               :  5.38462E-01
 ---- R_MAX               :  1.53846E+00
 ---- Chebyshev Domains   :      1

        Domain 1
          Grid points           :  64
          Dealiased Polynomials :  42
          Domain Lower Bound    :  5.38462E-01
          Domain Upper Bound    :  1.53846E+00

 -- Grid initialized.

 -- Initalizing Reference State...
 ---- Specified parameters:
 ---- Reference type           :  Boussinesq (Non-dimensional)
 ---- Rayleigh Number          :  1.00000E+05
 ---- Ekman Number             :  1.00000E-03
 ---- Prandtl Number           :  1.00000E+00
 ---- Magnetic Prandtl Number  :  5.00000E+00
 -- Reference State initialized.

 -- Initializing Fields...
 ---- Specified parameters:
 ---- Hydro Init Type    : Benchmark (Christensen et al. 2001)
 ---- Magnetic Init Type : Benchmark (Christensen et al. 2001)
 -- Fields initialized.

 Initialization Complete.
 //////////////////////////////////////

 Timestep has changed from  0.00000E+00 to  1.00000E-04.
 Iteration:  00000001   DeltaT:  1.000E-04   Iter/sec:  0.000E+00
 Timestep has changed from  1.00000E-04 to  8.93257E-06.
 Iteration:  00000002   DeltaT:  8.933E-06   Iter/sec:  4.397E-01
 Iteration:  00000003   DeltaT:  8.933E-06   Iter/sec:  8.122E-01
 Iteration:  00000004   DeltaT:  8.933E-06   Iter/sec:  8.135E-01
 Iteration:  00000005   DeltaT:  8.933E-06   Iter/sec:  8.451E-01
 Iteration:  00000006   DeltaT:  8.933E-06   Iter/sec:  8.388E-01
 Iteration:  00000007   DeltaT:  8.933E-06   Iter/sec:  8.270E-01
 Iteration:  00000008   DeltaT:  8.933E-06   Iter/sec:  8.220E-01
 Iteration:  00000009   DeltaT:  8.933E-06   Iter/sec:  8.347E-01
 Iteration:  00000010   DeltaT:  8.933E-06   Iter/sec:  8.225E-01
 Iteration:  00000011   DeltaT:  8.933E-06   Iter/sec:  8.346E-01
 Iteration:  00000012   DeltaT:  8.933E-06   Iter/sec:  8.251E-01
 Iteration:  00000013   DeltaT:  8.933E-06   Iter/sec:  8.186E-01
 Iteration:  00000014   DeltaT:  8.933E-06   Iter/sec:  8.324E-01
 Iteration:  00000015   DeltaT:  8.933E-06   Iter/sec:  8.106E-01
 Iteration:  00000016   DeltaT:  8.933E-06   Iter/sec:  8.207E-01
 Iteration:  00000017   DeltaT:  8.933E-06   Iter/sec:  8.271E-01
 Iteration:  00000018   DeltaT:  8.933E-06   Iter/sec:  8.202E-01
 Iteration:  00000019   DeltaT:  8.933E-06   Iter/sec:  8.224E-01
 Iteration:  00000020   DeltaT:  8.933E-06   Iter/sec:  8.178E-01
 Iteration:  00000021   DeltaT:  8.933E-06   Iter/sec:  8.251E-01
 Iteration:  00000022   DeltaT:  8.933E-06   Iter/sec:  8.572E-01
 Iteration:  00000023   DeltaT:  8.933E-06   Iter/sec:  8.239E-01
 Iteration:  00000024   DeltaT:  8.933E-06   Iter/sec:  8.284E-01
 Iteration:  00000025   DeltaT:  8.933E-06   Iter/sec:  8.372E-01
 Iteration:  00000026   DeltaT:  8.933E-06   Iter/sec:  8.152E-01
 Iteration:  00000027   DeltaT:  8.933E-06   Iter/sec:  8.504E-01
 Iteration:  00000028   DeltaT:  8.933E-06   Iter/sec:  8.319E-01
 Iteration:  00000029   DeltaT:  8.933E-06   Iter/sec:  8.171E-01
 Iteration:  00000030   DeltaT:  8.933E-06   Iter/sec:  8.288E-01
 Iteration:  00000031   DeltaT:  8.933E-06   Iter/sec:  8.315E-01
 Iteration:  00000032   DeltaT:  8.933E-06   Iter/sec:  8.340E-01
 Iteration:  00000033   DeltaT:  8.933E-06   Iter/sec:  8.269E-01
 Iteration:  00000034   DeltaT:  8.933E-06   Iter/sec:  7.973E-01
 Iteration:  00000035   DeltaT:  8.933E-06   Iter/sec:  8.014E-01
 Iteration:  00000036   DeltaT:  8.933E-06   Iter/sec:  8.093E-01
 Iteration:  00000037   DeltaT:  8.933E-06   Iter/sec:  8.270E-01
 Iteration:  00000038   DeltaT:  8.933E-06   Iter/sec:  8.304E-01
 Iteration:  00000039   DeltaT:  8.933E-06   Iter/sec:  8.303E-01
 Iteration:  00000040   DeltaT:  8.933E-06   Iter/sec:  8.362E-01
 Iteration:  00000041   DeltaT:  8.933E-06   Iter/sec:  8.587E-01
 Iteration:  00000042   DeltaT:  8.933E-06   Iter/sec:  8.070E-01
 Iteration:  00000043   DeltaT:  8.933E-06   Iter/sec:  8.074E-01
 Iteration:  00000044   DeltaT:  8.933E-06   Iter/sec:  8.499E-01
 Iteration:  00000045   DeltaT:  8.933E-06   Iter/sec:  7.953E-01
 Iteration:  00000046   DeltaT:  8.933E-06   Iter/sec:  8.318E-01
 Iteration:  00000047   DeltaT:  8.933E-06   Iter/sec:  8.138E-01
 Iteration:  00000048   DeltaT:  8.933E-06   Iter/sec:  8.286E-01
 Iteration:  00000049   DeltaT:  8.933E-06   Iter/sec:  8.522E-01
 Iteration:  00000050   DeltaT:  8.933E-06   Iter/sec:  8.376E-01


//////////////////////////////////////////////
   Measured Timings for Process 0  (seconds)

 Elapsed time:        64.6838
  Column time:         9.0509
     Row time:        19.1256
Legendre time:         9.4764
     FFT time:         3.8115
   Solve time:         0.7394
    rlma time:         1.0805
    rlmb time:         0.4509
  pspace time:         9.0857
  psolve time:         6.3050
    dphi time:         0.4462
captured time:        59.5721

     iter/sec:         0.7575
//////////////////////////////////////////////
