 //////////////////////////////////////
 Initializating Rayleigh...

 -- Initalizing MPI...
 ---- Specified parameters:
 ---- NCPU  :     32
 ---- NPROW :      8
 ---- NPCOL :      4
 -- MPI initialized.


 -- Initalizing Grid...
 ---- Specified parameters ----
 ---- N_R                 :     64
 ---- N_THETA             :    384
 ---- Ell_MAX             :    255
 ---- R_MIN               :  5.38462E-01
 ---- R_MAX               :  1.53846E+00
 ---- Chebyshev Domains   :      1

        Domain 1
          Grid points           :  64
          Dealiased Polynomials :  42
          Domain Lower Bound    :  5.38462E-01
          Domain Upper Bound    :  1.53846E+00

 -- Grid initialized.

 -- Initalizing Reference State...
 ---- Specified parameters:
 ---- Reference type           :  Boussinesq (Non-dimensional)
 ---- Rayleigh Number          :  1.00000E+05
 ---- Ekman Number             :  1.00000E-03
 ---- Prandtl Number           :  1.00000E+00
 ---- Magnetic Prandtl Number  :  5.00000E+00
 -- Reference State initialized.

 -- Initializing Fields...
 ---- Specified parameters:
 ---- Hydro Init Type    : Benchmark (Christensen et al. 2001)
 ---- Magnetic Init Type : Benchmark (Christensen et al. 2001)
 -- Fields initialized.

 Initialization Complete.
 //////////////////////////////////////

 Timestep has changed from  0.00000E+00 to  1.00000E-04.
 Iteration:  00000001   DeltaT:  1.000E-04   Iter/sec:  0.000E+00
 Timestep has changed from  1.00000E-04 to  1.02211E-05.
 Iteration:  00000002   DeltaT:  1.022E-05   Iter/sec:  6.859E-01
 Iteration:  00000003   DeltaT:  1.022E-05   Iter/sec:  8.758E-01
 Iteration:  00000004   DeltaT:  1.022E-05   Iter/sec:  9.111E-01
 Iteration:  00000005   DeltaT:  1.022E-05   Iter/sec:  9.212E-01
 Iteration:  00000006   DeltaT:  1.022E-05   Iter/sec:  9.032E-01
 Iteration:  00000007   DeltaT:  1.022E-05   Iter/sec:  9.084E-01
 Iteration:  00000008   DeltaT:  1.022E-05   Iter/sec:  8.932E-01
 Iteration:  00000009   DeltaT:  1.022E-05   Iter/sec:  9.136E-01
 Iteration:  00000010   DeltaT:  1.022E-05   Iter/sec:  9.090E-01
 Iteration:  00000011   DeltaT:  1.022E-05   Iter/sec:  9.000E-01
 Iteration:  00000012   DeltaT:  1.022E-05   Iter/sec:  9.047E-01
 Iteration:  00000013   DeltaT:  1.022E-05   Iter/sec:  9.110E-01
 Iteration:  00000014   DeltaT:  1.022E-05   Iter/sec:  9.066E-01
 Iteration:  00000015   DeltaT:  1.022E-05   Iter/sec:  9.139E-01
 Iteration:  00000016   DeltaT:  1.022E-05   Iter/sec:  9.126E-01
 Iteration:  00000017   DeltaT:  1.022E-05   Iter/sec:  9.147E-01
 Iteration:  00000018   DeltaT:  1.022E-05   Iter/sec:  9.074E-01
 Iteration:  00000019   DeltaT:  1.022E-05   Iter/sec:  9.149E-01
 Iteration:  00000020   DeltaT:  1.022E-05   Iter/sec:  9.093E-01
 Iteration:  00000021   DeltaT:  1.022E-05   Iter/sec:  9.103E-01
 Iteration:  00000022   DeltaT:  1.022E-05   Iter/sec:  9.050E-01
 Iteration:  00000023   DeltaT:  1.022E-05   Iter/sec:  9.244E-01
 Iteration:  00000024   DeltaT:  1.022E-05   Iter/sec:  9.202E-01
 Iteration:  00000025   DeltaT:  1.022E-05   Iter/sec:  9.140E-01
 Iteration:  00000026   DeltaT:  1.022E-05   Iter/sec:  9.201E-01
 Iteration:  00000027   DeltaT:  1.022E-05   Iter/sec:  9.114E-01
 Iteration:  00000028   DeltaT:  1.022E-05   Iter/sec:  9.174E-01
 Iteration:  00000029   DeltaT:  1.022E-05   Iter/sec:  9.141E-01
 Iteration:  00000030   DeltaT:  1.022E-05   Iter/sec:  9.177E-01
 Iteration:  00000031   DeltaT:  1.022E-05   Iter/sec:  8.623E-01
 Iteration:  00000032   DeltaT:  1.022E-05   Iter/sec:  8.830E-01
 Iteration:  00000033   DeltaT:  1.022E-05   Iter/sec:  9.155E-01
 Iteration:  00000034   DeltaT:  1.022E-05   Iter/sec:  9.127E-01
 Iteration:  00000035   DeltaT:  1.022E-05   Iter/sec:  9.212E-01
 Iteration:  00000036   DeltaT:  1.022E-05   Iter/sec:  8.532E-01
 Iteration:  00000037   DeltaT:  1.022E-05   Iter/sec:  9.133E-01
 Iteration:  00000038   DeltaT:  1.022E-05   Iter/sec:  9.157E-01
 Iteration:  00000039   DeltaT:  1.022E-05   Iter/sec:  9.202E-01
 Iteration:  00000040   DeltaT:  1.022E-05   Iter/sec:  9.220E-01
 Iteration:  00000041   DeltaT:  1.022E-05   Iter/sec:  9.110E-01
 Iteration:  00000042   DeltaT:  1.022E-05   Iter/sec:  9.167E-01
 Iteration:  00000043   DeltaT:  1.022E-05   Iter/sec:  9.086E-01
 Iteration:  00000044   DeltaT:  1.022E-05   Iter/sec:  9.143E-01
 Iteration:  00000045   DeltaT:  1.022E-05   Iter/sec:  9.204E-01
 Iteration:  00000046   DeltaT:  1.022E-05   Iter/sec:  9.152E-01
 Iteration:  00000047   DeltaT:  1.022E-05   Iter/sec:  9.137E-01
 Iteration:  00000048   DeltaT:  1.022E-05   Iter/sec:  9.130E-01
 Iteration:  00000049   DeltaT:  1.022E-05   Iter/sec:  9.151E-01
 Iteration:  00000050   DeltaT:  1.022E-05   Iter/sec:  9.128E-01


//////////////////////////////////////////////
   Measured Timings for Process 0  (seconds)

 Elapsed time:        56.4765
  Column time:         3.9605
     Row time:        20.5199
Legendre time:         8.0113
     FFT time:         4.0809
   Solve time:         0.7387
    rlma time:         1.2264
    rlmb time:         0.5291
  pspace time:         7.9381
  psolve time:         6.7927
    dphi time:         0.3080
captured time:        54.1056

     iter/sec:         0.8676
//////////////////////////////////////////////
