 //////////////////////////////////////
 Initializating Rayleigh...

 -- Initalizing MPI...
 ---- Specified parameters:
 ---- NCPU  :    128
 ---- NPROW :     16
 ---- NPCOL :      8
 -- MPI initialized.


 -- Initalizing Grid...
 ---- Specified parameters ----
 ---- N_R                 :     64
 ---- N_THETA             :    384
 ---- Ell_MAX             :    255
 ---- R_MIN               :  5.38462E-01
 ---- R_MAX               :  1.53846E+00
 ---- Chebyshev Domains   :      1

        Domain 1
          Grid points           :  64
          Dealiased Polynomials :  42
          Domain Lower Bound    :  5.38462E-01
          Domain Upper Bound    :  1.53846E+00

 -- Grid initialized.

 -- Initalizing Reference State...
 ---- Specified parameters:
 ---- Reference type           :  Boussinesq (Non-dimensional)
 ---- Rayleigh Number          :  1.00000E+05
 ---- Ekman Number             :  1.00000E-03
 ---- Prandtl Number           :  1.00000E+00
 ---- Magnetic Prandtl Number  :  5.00000E+00
 -- Reference State initialized.

 -- Initializing Fields...
 ---- Specified parameters:
 ---- Hydro Init Type    : Benchmark (Christensen et al. 2001)
 ---- Magnetic Init Type : Benchmark (Christensen et al. 2001)
 -- Fields initialized.

 Initialization Complete.
 //////////////////////////////////////

 Timestep has changed from  0.00000E+00 to  1.00000E-04.
 Iteration:  00000001   DeltaT:  1.000E-04   Iter/sec:  0.000E+00
 Timestep has changed from  1.00000E-04 to  1.02211E-05.
 Iteration:  00000002   DeltaT:  1.022E-05   Iter/sec:  1.970E+00
 Iteration:  00000003   DeltaT:  1.022E-05   Iter/sec:  3.304E+00
 Iteration:  00000004   DeltaT:  1.022E-05   Iter/sec:  3.599E+00
 Iteration:  00000005   DeltaT:  1.022E-05   Iter/sec:  3.618E+00
 Iteration:  00000006   DeltaT:  1.022E-05   Iter/sec:  3.568E+00
 Iteration:  00000007   DeltaT:  1.022E-05   Iter/sec:  3.652E+00
 Iteration:  00000008   DeltaT:  1.022E-05   Iter/sec:  3.629E+00
 Iteration:  00000009   DeltaT:  1.022E-05   Iter/sec:  3.600E+00
 Iteration:  00000010   DeltaT:  1.022E-05   Iter/sec:  3.623E+00
 Iteration:  00000011   DeltaT:  1.022E-05   Iter/sec:  3.563E+00
 Iteration:  00000012   DeltaT:  1.022E-05   Iter/sec:  3.610E+00
 Iteration:  00000013   DeltaT:  1.022E-05   Iter/sec:  3.596E+00
 Iteration:  00000014   DeltaT:  1.022E-05   Iter/sec:  3.482E+00
 Iteration:  00000015   DeltaT:  1.022E-05   Iter/sec:  3.466E+00
 Iteration:  00000016   DeltaT:  1.022E-05   Iter/sec:  3.490E+00
 Iteration:  00000017   DeltaT:  1.022E-05   Iter/sec:  3.432E+00
 Iteration:  00000018   DeltaT:  1.022E-05   Iter/sec:  3.644E+00
 Iteration:  00000019   DeltaT:  1.022E-05   Iter/sec:  3.599E+00
 Iteration:  00000020   DeltaT:  1.022E-05   Iter/sec:  3.546E+00
 Iteration:  00000021   DeltaT:  1.022E-05   Iter/sec:  3.621E+00
 Iteration:  00000022   DeltaT:  1.022E-05   Iter/sec:  3.624E+00
 Iteration:  00000023   DeltaT:  1.022E-05   Iter/sec:  3.624E+00
 Iteration:  00000024   DeltaT:  1.022E-05   Iter/sec:  3.639E+00
 Iteration:  00000025   DeltaT:  1.022E-05   Iter/sec:  3.549E+00
 Iteration:  00000026   DeltaT:  1.022E-05   Iter/sec:  3.636E+00
 Iteration:  00000027   DeltaT:  1.022E-05   Iter/sec:  3.621E+00
 Iteration:  00000028   DeltaT:  1.022E-05   Iter/sec:  3.565E+00
 Iteration:  00000029   DeltaT:  1.022E-05   Iter/sec:  3.642E+00
 Iteration:  00000030   DeltaT:  1.022E-05   Iter/sec:  3.630E+00
 Iteration:  00000031   DeltaT:  1.022E-05   Iter/sec:  3.701E+00
 Iteration:  00000032   DeltaT:  1.022E-05   Iter/sec:  3.535E+00
 Iteration:  00000033   DeltaT:  1.022E-05   Iter/sec:  3.655E+00
 Iteration:  00000034   DeltaT:  1.022E-05   Iter/sec:  3.599E+00
 Iteration:  00000035   DeltaT:  1.022E-05   Iter/sec:  3.642E+00
 Iteration:  00000036   DeltaT:  1.022E-05   Iter/sec:  3.584E+00
 Iteration:  00000037   DeltaT:  1.022E-05   Iter/sec:  3.632E+00
 Iteration:  00000038   DeltaT:  1.022E-05   Iter/sec:  3.652E+00
 Iteration:  00000039   DeltaT:  1.022E-05   Iter/sec:  3.629E+00
 Iteration:  00000040   DeltaT:  1.022E-05   Iter/sec:  3.629E+00
 Iteration:  00000041   DeltaT:  1.022E-05   Iter/sec:  3.507E+00
 Iteration:  00000042   DeltaT:  1.022E-05   Iter/sec:  3.584E+00
 Iteration:  00000043   DeltaT:  1.022E-05   Iter/sec:  3.684E+00
 Iteration:  00000044   DeltaT:  1.022E-05   Iter/sec:  3.486E+00
 Iteration:  00000045   DeltaT:  1.022E-05   Iter/sec:  3.618E+00
 Iteration:  00000046   DeltaT:  1.022E-05   Iter/sec:  3.548E+00
 Iteration:  00000047   DeltaT:  1.022E-05   Iter/sec:  3.593E+00
 Iteration:  00000048   DeltaT:  1.022E-05   Iter/sec:  3.586E+00
 Iteration:  00000049   DeltaT:  1.022E-05   Iter/sec:  3.543E+00
 Iteration:  00000050   DeltaT:  1.022E-05   Iter/sec:  3.475E+00


//////////////////////////////////////////////
   Measured Timings for Process 0  (seconds)

 Elapsed time:        15.3697
  Column time:         2.0542
     Row time:         4.6379
Legendre time:         1.7211
     FFT time:         0.9961
   Solve time:         0.2845
    rlma time:         0.1996
    rlmb time:         0.0741
  pspace time:         2.1927
  psolve time:         1.4750
    dphi time:         0.1395
captured time:        13.7748

     iter/sec:         3.1881
//////////////////////////////////////////////
