 //////////////////////////////////////
 Initializating Rayleigh...

 -- Initalizing MPI...
 ---- Specified parameters:
 ---- NCPU  :   1024
 ---- NPROW :     32
 ---- NPCOL :     32
 -- MPI initialized.


 -- Initalizing Grid...
 ---- Specified parameters ----
 ---- N_R                 :    128
 ---- N_THETA             :    384
 ---- Ell_MAX             :    255
 ---- R_MIN               :  5.38462E-01
 ---- R_MAX               :  1.53846E+00
 ---- Chebyshev Domains   :      1

        Domain 1
          Grid points           :  128
          Dealiased Polynomials :  85
          Domain Lower Bound    :  5.38462E-01
          Domain Upper Bound    :  1.53846E+00

 -- Grid initialized.

 -- Initalizing Reference State...
 ---- Specified parameters:
 ---- Reference type           :  Boussinesq (Non-dimensional)
 ---- Rayleigh Number          :  1.00000E+05
 ---- Ekman Number             :  1.00000E-03
 ---- Prandtl Number           :  1.00000E+00
 ---- Magnetic Prandtl Number  :  5.00000E+00
 -- Reference State initialized.

 -- Initializing Fields...
 ---- Specified parameters:
 ---- Hydro Init Type    : Benchmark (Christensen et al. 2001)
 ---- Magnetic Init Type : Benchmark (Christensen et al. 2001)
 -- Fields initialized.

 Initialization Complete.
 //////////////////////////////////////

 Timestep has changed from  0.00000E+00 to  1.00000E-04.
 Iteration:  00000001   DeltaT:  1.000E-04   Iter/sec:  0.000E+00
 Timestep has changed from  1.00000E-04 to  2.55566E-06.
 Iteration:  00000002   DeltaT:  2.556E-06   Iter/sec:  3.423E+00
 Iteration:  00000003   DeltaT:  2.556E-06   Iter/sec:  7.462E+00
 Iteration:  00000004   DeltaT:  2.556E-06   Iter/sec:  1.183E+01
 Iteration:  00000005   DeltaT:  2.556E-06   Iter/sec:  1.097E+01
 Iteration:  00000006   DeltaT:  2.556E-06   Iter/sec:  1.103E+01
 Iteration:  00000007   DeltaT:  2.556E-06   Iter/sec:  1.192E+01
 Iteration:  00000008   DeltaT:  2.556E-06   Iter/sec:  1.242E+01
 Iteration:  00000009   DeltaT:  2.556E-06   Iter/sec:  1.086E+01
 Iteration:  00000010   DeltaT:  2.556E-06   Iter/sec:  1.167E+01
 Iteration:  00000011   DeltaT:  2.556E-06   Iter/sec:  1.202E+01
 Iteration:  00000012   DeltaT:  2.556E-06   Iter/sec:  1.188E+01
 Iteration:  00000013   DeltaT:  2.556E-06   Iter/sec:  1.124E+01
 Iteration:  00000014   DeltaT:  2.556E-06   Iter/sec:  1.159E+01
 Iteration:  00000015   DeltaT:  2.556E-06   Iter/sec:  1.145E+01
 Iteration:  00000016   DeltaT:  2.556E-06   Iter/sec:  1.170E+01
 Iteration:  00000017   DeltaT:  2.556E-06   Iter/sec:  1.155E+01
 Iteration:  00000018   DeltaT:  2.556E-06   Iter/sec:  1.159E+01
 Iteration:  00000019   DeltaT:  2.556E-06   Iter/sec:  1.173E+01
 Iteration:  00000020   DeltaT:  2.556E-06   Iter/sec:  1.103E+01
 Iteration:  00000021   DeltaT:  2.556E-06   Iter/sec:  1.143E+01
 Iteration:  00000022   DeltaT:  2.556E-06   Iter/sec:  1.106E+01
 Iteration:  00000023   DeltaT:  2.556E-06   Iter/sec:  1.140E+01
 Iteration:  00000024   DeltaT:  2.556E-06   Iter/sec:  1.122E+01
 Iteration:  00000025   DeltaT:  2.556E-06   Iter/sec:  1.162E+01
 Iteration:  00000026   DeltaT:  2.556E-06   Iter/sec:  1.097E+01
 Iteration:  00000027   DeltaT:  2.556E-06   Iter/sec:  1.113E+01
 Iteration:  00000028   DeltaT:  2.556E-06   Iter/sec:  1.123E+01
 Iteration:  00000029   DeltaT:  2.556E-06   Iter/sec:  1.148E+01
 Iteration:  00000030   DeltaT:  2.556E-06   Iter/sec:  1.182E+01
 Iteration:  00000031   DeltaT:  2.556E-06   Iter/sec:  1.148E+01
 Iteration:  00000032   DeltaT:  2.556E-06   Iter/sec:  1.105E+01
 Iteration:  00000033   DeltaT:  2.556E-06   Iter/sec:  1.106E+01
 Iteration:  00000034   DeltaT:  2.556E-06   Iter/sec:  1.108E+01
 Iteration:  00000035   DeltaT:  2.556E-06   Iter/sec:  1.242E+01
 Iteration:  00000036   DeltaT:  2.556E-06   Iter/sec:  1.133E+01
 Iteration:  00000037   DeltaT:  2.556E-06   Iter/sec:  1.151E+01
 Iteration:  00000038   DeltaT:  2.556E-06   Iter/sec:  1.149E+01
 Iteration:  00000039   DeltaT:  2.556E-06   Iter/sec:  1.196E+01
 Iteration:  00000040   DeltaT:  2.556E-06   Iter/sec:  1.148E+01
 Iteration:  00000041   DeltaT:  2.556E-06   Iter/sec:  1.124E+01
 Iteration:  00000042   DeltaT:  2.556E-06   Iter/sec:  1.125E+01
 Iteration:  00000043   DeltaT:  2.556E-06   Iter/sec:  1.113E+01
 Iteration:  00000044   DeltaT:  2.556E-06   Iter/sec:  1.121E+01
 Iteration:  00000045   DeltaT:  2.556E-06   Iter/sec:  1.105E+01
 Iteration:  00000046   DeltaT:  2.556E-06   Iter/sec:  1.105E+01
 Iteration:  00000047   DeltaT:  2.556E-06   Iter/sec:  1.214E+01
 Iteration:  00000048   DeltaT:  2.556E-06   Iter/sec:  1.189E+01
 Iteration:  00000049   DeltaT:  2.556E-06   Iter/sec:  1.090E+01
 Iteration:  00000050   DeltaT:  2.556E-06   Iter/sec:  1.196E+01


//////////////////////////////////////////////
   Measured Timings for Process 0  (seconds)

 Elapsed time:         6.7746
  Column time:         1.9208
     Row time:         1.0227
Legendre time:         0.3043
     FFT time:         0.2477
   Solve time:         0.2323
    rlma time:         0.0459
    rlmb time:         0.0186
  pspace time:         0.3196
  psolve time:         0.2945
    dphi time:         0.0259
captured time:         4.4324

     iter/sec:         7.2329
//////////////////////////////////////////////
