 //////////////////////////////////////
 Initializating Rayleigh...

 -- Initalizing MPI...
 ---- Specified parameters:
 ---- NCPU  :   1024
 ---- NPROW :     32
 ---- NPCOL :     32
 -- MPI initialized.


 -- Initalizing Grid...
 ---- Specified parameters ----
 ---- N_R                 :     64
 ---- N_THETA             :    768
 ---- Ell_MAX             :    511
 ---- R_MIN               :  5.38462E-01
 ---- R_MAX               :  1.53846E+00
 ---- Chebyshev Domains   :      1

        Domain 1
          Grid points           :  64
          Dealiased Polynomials :  42
          Domain Lower Bound    :  5.38462E-01
          Domain Upper Bound    :  1.53846E+00

 -- Grid initialized.

 -- Initalizing Reference State...
 ---- Specified parameters:
 ---- Reference type           :  Boussinesq (Non-dimensional)
 ---- Rayleigh Number          :  1.00000E+05
 ---- Ekman Number             :  1.00000E-03
 ---- Prandtl Number           :  1.00000E+00
 ---- Magnetic Prandtl Number  :  5.00000E+00
 -- Reference State initialized.

 -- Initializing Fields...
 ---- Specified parameters:
 ---- Hydro Init Type    : Benchmark (Christensen et al. 2001)
 ---- Magnetic Init Type : Benchmark (Christensen et al. 2001)
 -- Fields initialized.

 Initialization Complete.
 //////////////////////////////////////

 Timestep has changed from  0.00000E+00 to  1.00000E-04.
 Iteration:  00000001   DeltaT:  1.000E-04   Iter/sec:  0.000E+00
 Timestep has changed from  1.00000E-04 to  8.93257E-06.
 Iteration:  00000002   DeltaT:  8.933E-06   Iter/sec:  1.119E+00
 Iteration:  00000003   DeltaT:  8.933E-06   Iter/sec:  4.704E+00
 Iteration:  00000004   DeltaT:  8.933E-06   Iter/sec:  5.116E+00
 Iteration:  00000005   DeltaT:  8.933E-06   Iter/sec:  4.993E+00
 Iteration:  00000006   DeltaT:  8.933E-06   Iter/sec:  4.885E+00
 Iteration:  00000007   DeltaT:  8.933E-06   Iter/sec:  5.161E+00
 Iteration:  00000008   DeltaT:  8.933E-06   Iter/sec:  5.039E+00
 Iteration:  00000009   DeltaT:  8.933E-06   Iter/sec:  5.161E+00
 Iteration:  00000010   DeltaT:  8.933E-06   Iter/sec:  5.135E+00
 Iteration:  00000011   DeltaT:  8.933E-06   Iter/sec:  5.194E+00
 Iteration:  00000012   DeltaT:  8.933E-06   Iter/sec:  5.221E+00
 Iteration:  00000013   DeltaT:  8.933E-06   Iter/sec:  5.015E+00
 Iteration:  00000014   DeltaT:  8.933E-06   Iter/sec:  5.003E+00
 Iteration:  00000015   DeltaT:  8.933E-06   Iter/sec:  5.138E+00
 Iteration:  00000016   DeltaT:  8.933E-06   Iter/sec:  5.113E+00
 Iteration:  00000017   DeltaT:  8.933E-06   Iter/sec:  5.503E+00
 Iteration:  00000018   DeltaT:  8.933E-06   Iter/sec:  5.010E+00
 Iteration:  00000019   DeltaT:  8.933E-06   Iter/sec:  4.993E+00
 Iteration:  00000020   DeltaT:  8.933E-06   Iter/sec:  5.421E+00
 Iteration:  00000021   DeltaT:  8.933E-06   Iter/sec:  4.983E+00
 Iteration:  00000022   DeltaT:  8.933E-06   Iter/sec:  5.286E+00
 Iteration:  00000023   DeltaT:  8.933E-06   Iter/sec:  5.228E+00
 Iteration:  00000024   DeltaT:  8.933E-06   Iter/sec:  5.012E+00
 Iteration:  00000025   DeltaT:  8.933E-06   Iter/sec:  5.327E+00
 Iteration:  00000026   DeltaT:  8.933E-06   Iter/sec:  4.828E+00
 Iteration:  00000027   DeltaT:  8.933E-06   Iter/sec:  5.169E+00
 Iteration:  00000028   DeltaT:  8.933E-06   Iter/sec:  5.314E+00
 Iteration:  00000029   DeltaT:  8.933E-06   Iter/sec:  5.462E+00
 Iteration:  00000030   DeltaT:  8.933E-06   Iter/sec:  4.932E+00
 Iteration:  00000031   DeltaT:  8.933E-06   Iter/sec:  5.731E+00
 Iteration:  00000032   DeltaT:  8.933E-06   Iter/sec:  5.178E+00
 Iteration:  00000033   DeltaT:  8.933E-06   Iter/sec:  5.113E+00
 Iteration:  00000034   DeltaT:  8.933E-06   Iter/sec:  5.466E+00
 Iteration:  00000035   DeltaT:  8.933E-06   Iter/sec:  5.251E+00
 Iteration:  00000036   DeltaT:  8.933E-06   Iter/sec:  4.836E+00
 Iteration:  00000037   DeltaT:  8.933E-06   Iter/sec:  5.236E+00
 Iteration:  00000038   DeltaT:  8.933E-06   Iter/sec:  5.849E+00
 Iteration:  00000039   DeltaT:  8.933E-06   Iter/sec:  4.700E+00
 Iteration:  00000040   DeltaT:  8.933E-06   Iter/sec:  5.696E+00
 Iteration:  00000041   DeltaT:  8.933E-06   Iter/sec:  5.041E+00
 Iteration:  00000042   DeltaT:  8.933E-06   Iter/sec:  5.229E+00
 Iteration:  00000043   DeltaT:  8.933E-06   Iter/sec:  5.031E+00
 Iteration:  00000044   DeltaT:  8.933E-06   Iter/sec:  5.384E+00
 Iteration:  00000045   DeltaT:  8.933E-06   Iter/sec:  4.779E+00
 Iteration:  00000046   DeltaT:  8.933E-06   Iter/sec:  5.135E+00
 Iteration:  00000047   DeltaT:  8.933E-06   Iter/sec:  5.099E+00
 Iteration:  00000048   DeltaT:  8.933E-06   Iter/sec:  4.953E+00
 Iteration:  00000049   DeltaT:  8.933E-06   Iter/sec:  5.213E+00
 Iteration:  00000050   DeltaT:  8.933E-06   Iter/sec:  5.403E+00


//////////////////////////////////////////////
   Measured Timings for Process 0  (seconds)

 Elapsed time:        11.4044
  Column time:         3.9579
     Row time:         2.6482
Legendre time:         1.0087
     FFT time:         0.4809
   Solve time:         0.1390
    rlma time:         0.0989
    rlmb time:         0.0424
  pspace time:         0.9077
  psolve time:         0.4444
    dphi time:         0.0496
captured time:         9.7777

     iter/sec:         4.2966
//////////////////////////////////////////////
