 //////////////////////////////////////
 Initializating Rayleigh...

 -- Initalizing MPI...
 ---- Specified parameters:
 ---- NCPU  :    256
 ---- NPROW :     16
 ---- NPCOL :     16
 -- MPI initialized.


 -- Initalizing Grid...
 ---- Specified parameters ----
 ---- N_R                 :    128
 ---- N_THETA             :    384
 ---- Ell_MAX             :    255
 ---- R_MIN               :  5.38462E-01
 ---- R_MAX               :  1.53846E+00
 ---- Chebyshev Domains   :      1

        Domain 1
          Grid points           :  128
          Dealiased Polynomials :  85
          Domain Lower Bound    :  5.38462E-01
          Domain Upper Bound    :  1.53846E+00

 -- Grid initialized.

 -- Initalizing Reference State...
 ---- Specified parameters:
 ---- Reference type           :  Boussinesq (Non-dimensional)
 ---- Rayleigh Number          :  1.00000E+05
 ---- Ekman Number             :  1.00000E-03
 ---- Prandtl Number           :  1.00000E+00
 ---- Magnetic Prandtl Number  :  5.00000E+00
 -- Reference State initialized.

 -- Initializing Fields...
 ---- Specified parameters:
 ---- Hydro Init Type    : Benchmark (Christensen et al. 2001)
 ---- Magnetic Init Type : Benchmark (Christensen et al. 2001)
 -- Fields initialized.

 Initialization Complete.
 //////////////////////////////////////

 Timestep has changed from  0.00000E+00 to  1.00000E-04.
 Iteration:  00000001   DeltaT:  1.000E-04   Iter/sec:  0.000E+00
 Timestep has changed from  1.00000E-04 to  2.55566E-06.
 Iteration:  00000002   DeltaT:  2.556E-06   Iter/sec:  2.437E-01
 Iteration:  00000003   DeltaT:  2.556E-06   Iter/sec:  2.608E+00
 Iteration:  00000004   DeltaT:  2.556E-06   Iter/sec:  3.319E+00
 Iteration:  00000005   DeltaT:  2.556E-06   Iter/sec:  3.387E+00
 Iteration:  00000006   DeltaT:  2.556E-06   Iter/sec:  3.251E+00
 Iteration:  00000007   DeltaT:  2.556E-06   Iter/sec:  3.394E+00
 Iteration:  00000008   DeltaT:  2.556E-06   Iter/sec:  3.327E+00
 Iteration:  00000009   DeltaT:  2.556E-06   Iter/sec:  3.353E+00
 Iteration:  00000010   DeltaT:  2.556E-06   Iter/sec:  3.327E+00
 Iteration:  00000011   DeltaT:  2.556E-06   Iter/sec:  3.378E+00
 Iteration:  00000012   DeltaT:  2.556E-06   Iter/sec:  3.311E+00
 Iteration:  00000013   DeltaT:  2.556E-06   Iter/sec:  3.396E+00
 Iteration:  00000014   DeltaT:  2.556E-06   Iter/sec:  3.342E+00
 Iteration:  00000015   DeltaT:  2.556E-06   Iter/sec:  3.336E+00
 Iteration:  00000016   DeltaT:  2.556E-06   Iter/sec:  3.357E+00
 Iteration:  00000017   DeltaT:  2.556E-06   Iter/sec:  3.294E+00
 Iteration:  00000018   DeltaT:  2.556E-06   Iter/sec:  3.350E+00
 Iteration:  00000019   DeltaT:  2.556E-06   Iter/sec:  3.073E+00
 Iteration:  00000020   DeltaT:  2.556E-06   Iter/sec:  3.444E+00
 Iteration:  00000021   DeltaT:  2.556E-06   Iter/sec:  3.325E+00
 Iteration:  00000022   DeltaT:  2.556E-06   Iter/sec:  3.354E+00
 Iteration:  00000023   DeltaT:  2.556E-06   Iter/sec:  3.370E+00
 Iteration:  00000024   DeltaT:  2.556E-06   Iter/sec:  3.356E+00
 Iteration:  00000025   DeltaT:  2.556E-06   Iter/sec:  3.296E+00
 Iteration:  00000026   DeltaT:  2.556E-06   Iter/sec:  3.312E+00
 Iteration:  00000027   DeltaT:  2.556E-06   Iter/sec:  3.430E+00
 Iteration:  00000028   DeltaT:  2.556E-06   Iter/sec:  3.357E+00
 Iteration:  00000029   DeltaT:  2.556E-06   Iter/sec:  3.419E+00
 Iteration:  00000030   DeltaT:  2.556E-06   Iter/sec:  3.363E+00
 Iteration:  00000031   DeltaT:  2.556E-06   Iter/sec:  3.332E+00
 Iteration:  00000032   DeltaT:  2.556E-06   Iter/sec:  3.311E+00
 Iteration:  00000033   DeltaT:  2.556E-06   Iter/sec:  3.382E+00
 Iteration:  00000034   DeltaT:  2.556E-06   Iter/sec:  3.358E+00
 Iteration:  00000035   DeltaT:  2.556E-06   Iter/sec:  3.347E+00
 Iteration:  00000036   DeltaT:  2.556E-06   Iter/sec:  3.353E+00
 Iteration:  00000037   DeltaT:  2.556E-06   Iter/sec:  3.287E+00
 Iteration:  00000038   DeltaT:  2.556E-06   Iter/sec:  3.356E+00
 Iteration:  00000039   DeltaT:  2.556E-06   Iter/sec:  3.374E+00
 Iteration:  00000040   DeltaT:  2.556E-06   Iter/sec:  3.355E+00
 Iteration:  00000041   DeltaT:  2.556E-06   Iter/sec:  3.357E+00
 Iteration:  00000042   DeltaT:  2.556E-06   Iter/sec:  3.393E+00
 Iteration:  00000043   DeltaT:  2.556E-06   Iter/sec:  3.348E+00
 Iteration:  00000044   DeltaT:  2.556E-06   Iter/sec:  3.357E+00
 Iteration:  00000045   DeltaT:  2.556E-06   Iter/sec:  3.349E+00
 Iteration:  00000046   DeltaT:  2.556E-06   Iter/sec:  3.339E+00
 Iteration:  00000047   DeltaT:  2.556E-06   Iter/sec:  3.336E+00
 Iteration:  00000048   DeltaT:  2.556E-06   Iter/sec:  3.348E+00
 Iteration:  00000049   DeltaT:  2.556E-06   Iter/sec:  3.318E+00
 Iteration:  00000050   DeltaT:  2.556E-06   Iter/sec:  3.350E+00


//////////////////////////////////////////////
   Measured Timings for Process 0  (seconds)

 Elapsed time:        15.8792
  Column time:         2.4059
     Row time:         4.5504
Legendre time:         2.4080
     FFT time:         0.9598
   Solve time:         0.5310
    rlma time:         0.1831
    rlmb time:         0.0725
  pspace time:         2.2212
  psolve time:         1.5013
    dphi time:         0.1405
captured time:        14.9735

     iter/sec:         3.0858
//////////////////////////////////////////////
