 //////////////////////////////////////
 Initializating Rayleigh...

 -- Initalizing MPI...
 ---- Specified parameters:
 ---- NCPU  :     64
 ---- NPROW :      8
 ---- NPCOL :      8
 -- MPI initialized.


 -- Initalizing Grid...
 ---- Specified parameters ----
 ---- N_R                 :     64
 ---- N_THETA             :    384
 ---- Ell_MAX             :    255
 ---- R_MIN               :  5.38462E-01
 ---- R_MAX               :  1.53846E+00
 ---- Chebyshev Domains   :      1

        Domain 1
          Grid points           :  64
          Dealiased Polynomials :  42
          Domain Lower Bound    :  5.38462E-01
          Domain Upper Bound    :  1.53846E+00

 -- Grid initialized.

 -- Initalizing Reference State...
 ---- Specified parameters:
 ---- Reference type           :  Boussinesq (Non-dimensional)
 ---- Rayleigh Number          :  1.00000E+05
 ---- Ekman Number             :  1.00000E-03
 ---- Prandtl Number           :  1.00000E+00
 ---- Magnetic Prandtl Number  :  5.00000E+00
 -- Reference State initialized.

 -- Initializing Fields...
 ---- Specified parameters:
 ---- Hydro Init Type    : Benchmark (Christensen et al. 2001)
 ---- Magnetic Init Type : Benchmark (Christensen et al. 2001)
 -- Fields initialized.

 Initialization Complete.
 //////////////////////////////////////

 Timestep has changed from  0.00000E+00 to  1.00000E-04.
 Iteration:  00000001   DeltaT:  1.000E-04   Iter/sec:  0.000E+00
 Timestep has changed from  1.00000E-04 to  1.02211E-05.
 Iteration:  00000002   DeltaT:  1.022E-05   Iter/sec:  2.300E-01
 Iteration:  00000003   DeltaT:  1.022E-05   Iter/sec:  1.769E+00
 Iteration:  00000004   DeltaT:  1.022E-05   Iter/sec:  1.827E+00
 Iteration:  00000005   DeltaT:  1.022E-05   Iter/sec:  1.816E+00
 Iteration:  00000006   DeltaT:  1.022E-05   Iter/sec:  1.845E+00
 Iteration:  00000007   DeltaT:  1.022E-05   Iter/sec:  1.819E+00
 Iteration:  00000008   DeltaT:  1.022E-05   Iter/sec:  1.856E+00
 Iteration:  00000009   DeltaT:  1.022E-05   Iter/sec:  1.831E+00
 Iteration:  00000010   DeltaT:  1.022E-05   Iter/sec:  1.817E+00
 Iteration:  00000011   DeltaT:  1.022E-05   Iter/sec:  1.830E+00
 Iteration:  00000012   DeltaT:  1.022E-05   Iter/sec:  1.840E+00
 Iteration:  00000013   DeltaT:  1.022E-05   Iter/sec:  1.804E+00
 Iteration:  00000014   DeltaT:  1.022E-05   Iter/sec:  1.804E+00
 Iteration:  00000015   DeltaT:  1.022E-05   Iter/sec:  1.841E+00
 Iteration:  00000016   DeltaT:  1.022E-05   Iter/sec:  1.826E+00
 Iteration:  00000017   DeltaT:  1.022E-05   Iter/sec:  1.814E+00
 Iteration:  00000018   DeltaT:  1.022E-05   Iter/sec:  1.804E+00
 Iteration:  00000019   DeltaT:  1.022E-05   Iter/sec:  1.822E+00
 Iteration:  00000020   DeltaT:  1.022E-05   Iter/sec:  1.807E+00
 Iteration:  00000021   DeltaT:  1.022E-05   Iter/sec:  1.847E+00
 Iteration:  00000022   DeltaT:  1.022E-05   Iter/sec:  1.834E+00
 Iteration:  00000023   DeltaT:  1.022E-05   Iter/sec:  1.789E+00
 Iteration:  00000024   DeltaT:  1.022E-05   Iter/sec:  1.829E+00
 Iteration:  00000025   DeltaT:  1.022E-05   Iter/sec:  1.756E+00
 Iteration:  00000026   DeltaT:  1.022E-05   Iter/sec:  1.834E+00
 Iteration:  00000027   DeltaT:  1.022E-05   Iter/sec:  1.826E+00
 Iteration:  00000028   DeltaT:  1.022E-05   Iter/sec:  1.810E+00
 Iteration:  00000029   DeltaT:  1.022E-05   Iter/sec:  1.826E+00
 Iteration:  00000030   DeltaT:  1.022E-05   Iter/sec:  1.778E+00
 Iteration:  00000031   DeltaT:  1.022E-05   Iter/sec:  1.791E+00
 Iteration:  00000032   DeltaT:  1.022E-05   Iter/sec:  1.795E+00
 Iteration:  00000033   DeltaT:  1.022E-05   Iter/sec:  1.840E+00
 Iteration:  00000034   DeltaT:  1.022E-05   Iter/sec:  1.817E+00
 Iteration:  00000035   DeltaT:  1.022E-05   Iter/sec:  1.833E+00
 Iteration:  00000036   DeltaT:  1.022E-05   Iter/sec:  1.803E+00
 Iteration:  00000037   DeltaT:  1.022E-05   Iter/sec:  1.844E+00
 Iteration:  00000038   DeltaT:  1.022E-05   Iter/sec:  1.702E+00
 Iteration:  00000039   DeltaT:  1.022E-05   Iter/sec:  1.824E+00
 Iteration:  00000040   DeltaT:  1.022E-05   Iter/sec:  1.830E+00
 Iteration:  00000041   DeltaT:  1.022E-05   Iter/sec:  1.837E+00
 Iteration:  00000042   DeltaT:  1.022E-05   Iter/sec:  1.841E+00
 Iteration:  00000043   DeltaT:  1.022E-05   Iter/sec:  1.829E+00
 Iteration:  00000044   DeltaT:  1.022E-05   Iter/sec:  1.847E+00
 Iteration:  00000045   DeltaT:  1.022E-05   Iter/sec:  1.813E+00
 Iteration:  00000046   DeltaT:  1.022E-05   Iter/sec:  1.852E+00
 Iteration:  00000047   DeltaT:  1.022E-05   Iter/sec:  1.832E+00
 Iteration:  00000048   DeltaT:  1.022E-05   Iter/sec:  1.712E+00
 Iteration:  00000049   DeltaT:  1.022E-05   Iter/sec:  1.835E+00
 Iteration:  00000050   DeltaT:  1.022E-05   Iter/sec:  1.826E+00


//////////////////////////////////////////////
   Measured Timings for Process 0  (seconds)

 Elapsed time:        28.1246
  Column time:         2.9229
     Row time:         8.9974
Legendre time:         4.9809
     FFT time:         1.9499
   Solve time:         0.4027
    rlma time:         0.4180
    rlmb time:         0.1833
  pspace time:         4.2821
  psolve time:         2.9009
    dphi time:         0.1920
captured time:        27.2301

     iter/sec:         1.7422
//////////////////////////////////////////////
