 //////////////////////////////////////
 Initializating Rayleigh...

 -- Initalizing MPI...
 ---- Specified parameters:
 ---- NCPU  :     16
 ---- NPROW :      4
 ---- NPCOL :      4
 -- MPI initialized.


 -- Initalizing Grid...
 ---- Specified parameters ----
 ---- N_R                 :     64
 ---- N_THETA             :    384
 ---- Ell_MAX             :    255
 ---- R_MIN               :  5.38462E-01
 ---- R_MAX               :  1.53846E+00
 ---- Chebyshev Domains   :      1

        Domain 1
          Grid points           :  64
          Dealiased Polynomials :  42
          Domain Lower Bound    :  5.38462E-01
          Domain Upper Bound    :  1.53846E+00

 -- Grid initialized.

 -- Initalizing Reference State...
 ---- Specified parameters:
 ---- Reference type           :  Boussinesq (Non-dimensional)
 ---- Rayleigh Number          :  1.00000E+05
 ---- Ekman Number             :  1.00000E-03
 ---- Prandtl Number           :  1.00000E+00
 ---- Magnetic Prandtl Number  :  5.00000E+00
 -- Reference State initialized.

 -- Initializing Fields...
 ---- Specified parameters:
 ---- Hydro Init Type    : Benchmark (Christensen et al. 2001)
 ---- Magnetic Init Type : Benchmark (Christensen et al. 2001)
 -- Fields initialized.

 Initialization Complete.
 //////////////////////////////////////

 Timestep has changed from  0.00000E+00 to  1.00000E-04.
 Iteration:  00000001   DeltaT:  1.000E-04   Iter/sec:  0.000E+00
 Timestep has changed from  1.00000E-04 to  1.02211E-05.
 Iteration:  00000002   DeltaT:  1.022E-05   Iter/sec:  1.523E-01
 Iteration:  00000003   DeltaT:  1.022E-05   Iter/sec:  3.981E-01
 Iteration:  00000004   DeltaT:  1.022E-05   Iter/sec:  4.089E-01
 Iteration:  00000005   DeltaT:  1.022E-05   Iter/sec:  4.090E-01
 Iteration:  00000006   DeltaT:  1.022E-05   Iter/sec:  4.076E-01
 Iteration:  00000007   DeltaT:  1.022E-05   Iter/sec:  4.084E-01
 Iteration:  00000008   DeltaT:  1.022E-05   Iter/sec:  4.081E-01
 Iteration:  00000009   DeltaT:  1.022E-05   Iter/sec:  4.090E-01
 Iteration:  00000010   DeltaT:  1.022E-05   Iter/sec:  4.071E-01
 Iteration:  00000011   DeltaT:  1.022E-05   Iter/sec:  4.073E-01
 Iteration:  00000012   DeltaT:  1.022E-05   Iter/sec:  4.074E-01
 Iteration:  00000013   DeltaT:  1.022E-05   Iter/sec:  4.076E-01
 Iteration:  00000014   DeltaT:  1.022E-05   Iter/sec:  4.078E-01
 Iteration:  00000015   DeltaT:  1.022E-05   Iter/sec:  4.096E-01
 Iteration:  00000016   DeltaT:  1.022E-05   Iter/sec:  4.087E-01
 Iteration:  00000017   DeltaT:  1.022E-05   Iter/sec:  4.086E-01
 Iteration:  00000018   DeltaT:  1.022E-05   Iter/sec:  4.076E-01
 Iteration:  00000019   DeltaT:  1.022E-05   Iter/sec:  4.069E-01
 Iteration:  00000020   DeltaT:  1.022E-05   Iter/sec:  4.099E-01
 Iteration:  00000021   DeltaT:  1.022E-05   Iter/sec:  4.080E-01
 Iteration:  00000022   DeltaT:  1.022E-05   Iter/sec:  4.107E-01
 Iteration:  00000023   DeltaT:  1.022E-05   Iter/sec:  4.069E-01
 Iteration:  00000024   DeltaT:  1.022E-05   Iter/sec:  4.089E-01
 Iteration:  00000025   DeltaT:  1.022E-05   Iter/sec:  4.077E-01
 Iteration:  00000026   DeltaT:  1.022E-05   Iter/sec:  4.090E-01
 Iteration:  00000027   DeltaT:  1.022E-05   Iter/sec:  4.082E-01
 Iteration:  00000028   DeltaT:  1.022E-05   Iter/sec:  4.084E-01
 Iteration:  00000029   DeltaT:  1.022E-05   Iter/sec:  4.103E-01
 Iteration:  00000030   DeltaT:  1.022E-05   Iter/sec:  4.084E-01
 Iteration:  00000031   DeltaT:  1.022E-05   Iter/sec:  4.070E-01
 Iteration:  00000032   DeltaT:  1.022E-05   Iter/sec:  4.122E-01
 Iteration:  00000033   DeltaT:  1.022E-05   Iter/sec:  4.091E-01
 Iteration:  00000034   DeltaT:  1.022E-05   Iter/sec:  4.084E-01
 Iteration:  00000035   DeltaT:  1.022E-05   Iter/sec:  4.063E-01
 Iteration:  00000036   DeltaT:  1.022E-05   Iter/sec:  4.145E-01
 Iteration:  00000037   DeltaT:  1.022E-05   Iter/sec:  4.083E-01
 Iteration:  00000038   DeltaT:  1.022E-05   Iter/sec:  4.088E-01
 Iteration:  00000039   DeltaT:  1.022E-05   Iter/sec:  4.090E-01
 Iteration:  00000040   DeltaT:  1.022E-05   Iter/sec:  4.077E-01
 Iteration:  00000041   DeltaT:  1.022E-05   Iter/sec:  4.100E-01
 Iteration:  00000042   DeltaT:  1.022E-05   Iter/sec:  4.087E-01
 Iteration:  00000043   DeltaT:  1.022E-05   Iter/sec:  4.095E-01
 Iteration:  00000044   DeltaT:  1.022E-05   Iter/sec:  4.074E-01
 Iteration:  00000045   DeltaT:  1.022E-05   Iter/sec:  4.100E-01
 Iteration:  00000046   DeltaT:  1.022E-05   Iter/sec:  4.059E-01
 Iteration:  00000047   DeltaT:  1.022E-05   Iter/sec:  4.104E-01
 Iteration:  00000048   DeltaT:  1.022E-05   Iter/sec:  4.098E-01
 Iteration:  00000049   DeltaT:  1.022E-05   Iter/sec:  4.090E-01
 Iteration:  00000050   DeltaT:  1.022E-05   Iter/sec:  4.083E-01


//////////////////////////////////////////////
   Measured Timings for Process 0  (seconds)

 Elapsed time:       123.7313
  Column time:         7.1610
     Row time:        48.4498
Legendre time:        19.6332
     FFT time:         7.6118
   Solve time:         1.1988
    rlma time:         2.6430
    rlmb time:         1.3423
  pspace time:        18.0089
  psolve time:        13.3516
    dphi time:         1.0891
captured time:       120.4895

     iter/sec:         0.3960
//////////////////////////////////////////////
