 //////////////////////////////////////
 Initializating Rayleigh...

 -- Initalizing MPI...
 ---- Specified parameters:
 ---- NCPU  :    512
 ---- NPROW :     32
 ---- NPCOL :     16
 -- MPI initialized.


 -- Initalizing Grid...
 ---- Specified parameters ----
 ---- N_R                 :     64
 ---- N_THETA             :    384
 ---- Ell_MAX             :    255
 ---- R_MIN               :  5.38462E-01
 ---- R_MAX               :  1.53846E+00
 ---- Chebyshev Domains   :      1

        Domain 1
          Grid points           :  64
          Dealiased Polynomials :  42
          Domain Lower Bound    :  5.38462E-01
          Domain Upper Bound    :  1.53846E+00

 -- Grid initialized.

 -- Initalizing Reference State...
 ---- Specified parameters:
 ---- Reference type           :  Boussinesq (Non-dimensional)
 ---- Rayleigh Number          :  1.00000E+05
 ---- Ekman Number             :  1.00000E-03
 ---- Prandtl Number           :  1.00000E+00
 ---- Magnetic Prandtl Number  :  5.00000E+00
 -- Reference State initialized.

 -- Initializing Fields...
 ---- Specified parameters:
 ---- Hydro Init Type    : Benchmark (Christensen et al. 2001)
 ---- Magnetic Init Type : Benchmark (Christensen et al. 2001)
 -- Fields initialized.

 Initialization Complete.
 //////////////////////////////////////

 Timestep has changed from  0.00000E+00 to  1.00000E-04.
 Iteration:  00000001   DeltaT:  1.000E-04   Iter/sec:  0.000E+00
 Timestep has changed from  1.00000E-04 to  1.02211E-05.
 Iteration:  00000002   DeltaT:  1.022E-05   Iter/sec:  2.661E-01
 Iteration:  00000003   DeltaT:  1.022E-05   Iter/sec:  1.109E+01
 Iteration:  00000004   DeltaT:  1.022E-05   Iter/sec:  1.316E+01
 Iteration:  00000005   DeltaT:  1.022E-05   Iter/sec:  1.387E+01
 Iteration:  00000006   DeltaT:  1.022E-05   Iter/sec:  1.356E+01
 Iteration:  00000007   DeltaT:  1.022E-05   Iter/sec:  1.390E+01
 Iteration:  00000008   DeltaT:  1.022E-05   Iter/sec:  1.302E+01
 Iteration:  00000009   DeltaT:  1.022E-05   Iter/sec:  1.364E+01
 Iteration:  00000010   DeltaT:  1.022E-05   Iter/sec:  1.372E+01
 Iteration:  00000011   DeltaT:  1.022E-05   Iter/sec:  1.374E+01
 Iteration:  00000012   DeltaT:  1.022E-05   Iter/sec:  1.353E+01
 Iteration:  00000013   DeltaT:  1.022E-05   Iter/sec:  1.363E+01
 Iteration:  00000014   DeltaT:  1.022E-05   Iter/sec:  1.357E+01
 Iteration:  00000015   DeltaT:  1.022E-05   Iter/sec:  1.363E+01
 Iteration:  00000016   DeltaT:  1.022E-05   Iter/sec:  1.399E+01
 Iteration:  00000017   DeltaT:  1.022E-05   Iter/sec:  1.356E+01
 Iteration:  00000018   DeltaT:  1.022E-05   Iter/sec:  1.334E+01
 Iteration:  00000019   DeltaT:  1.022E-05   Iter/sec:  1.368E+01
 Iteration:  00000020   DeltaT:  1.022E-05   Iter/sec:  1.421E+01
 Iteration:  00000021   DeltaT:  1.022E-05   Iter/sec:  1.338E+01
 Iteration:  00000022   DeltaT:  1.022E-05   Iter/sec:  1.408E+01
 Iteration:  00000023   DeltaT:  1.022E-05   Iter/sec:  1.340E+01
 Iteration:  00000024   DeltaT:  1.022E-05   Iter/sec:  1.320E+01
 Iteration:  00000025   DeltaT:  1.022E-05   Iter/sec:  1.397E+01
 Iteration:  00000026   DeltaT:  1.022E-05   Iter/sec:  1.362E+01
 Iteration:  00000027   DeltaT:  1.022E-05   Iter/sec:  1.338E+01
 Iteration:  00000028   DeltaT:  1.022E-05   Iter/sec:  1.402E+01
 Iteration:  00000029   DeltaT:  1.022E-05   Iter/sec:  1.294E+01
 Iteration:  00000030   DeltaT:  1.022E-05   Iter/sec:  1.369E+01
 Iteration:  00000031   DeltaT:  1.022E-05   Iter/sec:  1.389E+01
 Iteration:  00000032   DeltaT:  1.022E-05   Iter/sec:  1.296E+01
 Iteration:  00000033   DeltaT:  1.022E-05   Iter/sec:  1.393E+01
 Iteration:  00000034   DeltaT:  1.022E-05   Iter/sec:  1.439E+01
 Iteration:  00000035   DeltaT:  1.022E-05   Iter/sec:  1.313E+01
 Iteration:  00000036   DeltaT:  1.022E-05   Iter/sec:  1.459E+01
 Iteration:  00000037   DeltaT:  1.022E-05   Iter/sec:  1.341E+01
 Iteration:  00000038   DeltaT:  1.022E-05   Iter/sec:  1.325E+01
 Iteration:  00000039   DeltaT:  1.022E-05   Iter/sec:  1.360E+01
 Iteration:  00000040   DeltaT:  1.022E-05   Iter/sec:  1.325E+01
 Iteration:  00000041   DeltaT:  1.022E-05   Iter/sec:  1.396E+01
 Iteration:  00000042   DeltaT:  1.022E-05   Iter/sec:  1.393E+01
 Iteration:  00000043   DeltaT:  1.022E-05   Iter/sec:  1.325E+01
 Iteration:  00000044   DeltaT:  1.022E-05   Iter/sec:  1.325E+01
 Iteration:  00000045   DeltaT:  1.022E-05   Iter/sec:  1.416E+01
 Iteration:  00000046   DeltaT:  1.022E-05   Iter/sec:  1.254E+01
 Iteration:  00000047   DeltaT:  1.022E-05   Iter/sec:  1.452E+01
 Iteration:  00000048   DeltaT:  1.022E-05   Iter/sec:  1.364E+01
 Iteration:  00000049   DeltaT:  1.022E-05   Iter/sec:  1.365E+01
 Iteration:  00000050   DeltaT:  1.022E-05   Iter/sec:  1.305E+01


//////////////////////////////////////////////
   Measured Timings for Process 0  (seconds)

 Elapsed time:         4.1346
  Column time:         1.2048
     Row time:         0.9967
Legendre time:         0.5301
     FFT time:         0.2518
   Solve time:         0.1080
    rlma time:         0.0436
    rlmb time:         0.0176
  pspace time:         0.2984
  psolve time:         0.2055
    dphi time:         0.0217
captured time:         3.6782

     iter/sec:        11.8513
//////////////////////////////////////////////
