 //////////////////////////////////////
 Initializating Rayleigh...

 -- Initalizing MPI...
 ---- Specified parameters:
 ---- NCPU  :     32
 ---- NPROW :      8
 ---- NPCOL :      4
 -- MPI initialized.


 -- Initalizing Grid...
 ---- Specified parameters ----
 ---- N_R                 :    128
 ---- N_THETA             :    192
 ---- Ell_MAX             :    127
 ---- R_MIN               :  5.38462E-01
 ---- R_MAX               :  1.53846E+00
 ---- Chebyshev Domains   :      1

        Domain 1
          Grid points           :  128
          Dealiased Polynomials :  85
          Domain Lower Bound    :  5.38462E-01
          Domain Upper Bound    :  1.53846E+00

 -- Grid initialized.

 -- Initalizing Reference State...
 ---- Specified parameters:
 ---- Reference type           :  Boussinesq (Non-dimensional)
 ---- Rayleigh Number          :  1.00000E+05
 ---- Ekman Number             :  1.00000E-03
 ---- Prandtl Number           :  1.00000E+00
 ---- Magnetic Prandtl Number  :  5.00000E+00
 -- Reference State initialized.

 -- Initializing Fields...
 ---- Specified parameters:
 ---- Hydro Init Type    : Benchmark (Christensen et al. 2001)
 ---- Magnetic Init Type : Benchmark (Christensen et al. 2001)
 -- Fields initialized.

 Initialization Complete.
 //////////////////////////////////////

 Timestep has changed from  0.00000E+00 to  1.00000E-04.
 Iteration:  00000001   DeltaT:  1.000E-04   Iter/sec:  0.000E+00
 Timestep has changed from  1.00000E-04 to  2.55581E-06.
 Iteration:  00000002   DeltaT:  2.556E-06   Iter/sec:  3.281E-01
 Iteration:  00000003   DeltaT:  2.556E-06   Iter/sec:  1.458E+00
 Iteration:  00000004   DeltaT:  2.556E-06   Iter/sec:  1.900E+00
 Iteration:  00000005   DeltaT:  2.556E-06   Iter/sec:  1.922E+00
 Iteration:  00000006   DeltaT:  2.556E-06   Iter/sec:  1.930E+00
 Iteration:  00000007   DeltaT:  2.556E-06   Iter/sec:  1.907E+00
 Iteration:  00000008   DeltaT:  2.556E-06   Iter/sec:  1.902E+00
 Iteration:  00000009   DeltaT:  2.556E-06   Iter/sec:  1.918E+00
 Iteration:  00000010   DeltaT:  2.556E-06   Iter/sec:  1.906E+00
 Iteration:  00000011   DeltaT:  2.556E-06   Iter/sec:  1.710E+00
 Iteration:  00000012   DeltaT:  2.556E-06   Iter/sec:  1.912E+00
 Iteration:  00000013   DeltaT:  2.556E-06   Iter/sec:  1.922E+00
 Iteration:  00000014   DeltaT:  2.556E-06   Iter/sec:  1.920E+00
 Iteration:  00000015   DeltaT:  2.556E-06   Iter/sec:  1.892E+00
 Iteration:  00000016   DeltaT:  2.556E-06   Iter/sec:  1.907E+00
 Iteration:  00000017   DeltaT:  2.556E-06   Iter/sec:  1.940E+00
 Iteration:  00000018   DeltaT:  2.556E-06   Iter/sec:  1.904E+00
 Iteration:  00000019   DeltaT:  2.556E-06   Iter/sec:  1.881E+00
 Iteration:  00000020   DeltaT:  2.556E-06   Iter/sec:  1.925E+00
 Iteration:  00000021   DeltaT:  2.556E-06   Iter/sec:  1.914E+00
 Iteration:  00000022   DeltaT:  2.556E-06   Iter/sec:  1.924E+00
 Iteration:  00000023   DeltaT:  2.556E-06   Iter/sec:  1.907E+00
 Iteration:  00000024   DeltaT:  2.556E-06   Iter/sec:  1.922E+00
 Iteration:  00000025   DeltaT:  2.556E-06   Iter/sec:  1.915E+00
 Iteration:  00000026   DeltaT:  2.556E-06   Iter/sec:  1.926E+00
 Iteration:  00000027   DeltaT:  2.556E-06   Iter/sec:  1.899E+00
 Iteration:  00000028   DeltaT:  2.556E-06   Iter/sec:  1.919E+00
 Iteration:  00000029   DeltaT:  2.556E-06   Iter/sec:  1.913E+00
 Iteration:  00000030   DeltaT:  2.556E-06   Iter/sec:  1.905E+00
 Iteration:  00000031   DeltaT:  2.556E-06   Iter/sec:  1.900E+00
 Iteration:  00000032   DeltaT:  2.556E-06   Iter/sec:  1.927E+00
 Iteration:  00000033   DeltaT:  2.556E-06   Iter/sec:  1.909E+00
 Iteration:  00000034   DeltaT:  2.556E-06   Iter/sec:  1.884E+00
 Iteration:  00000035   DeltaT:  2.556E-06   Iter/sec:  1.927E+00
 Iteration:  00000036   DeltaT:  2.556E-06   Iter/sec:  1.905E+00
 Iteration:  00000037   DeltaT:  2.556E-06   Iter/sec:  1.916E+00
 Iteration:  00000038   DeltaT:  2.556E-06   Iter/sec:  1.896E+00
 Iteration:  00000039   DeltaT:  2.556E-06   Iter/sec:  1.920E+00
 Iteration:  00000040   DeltaT:  2.556E-06   Iter/sec:  1.916E+00
 Iteration:  00000041   DeltaT:  2.556E-06   Iter/sec:  1.912E+00
 Iteration:  00000042   DeltaT:  2.556E-06   Iter/sec:  1.910E+00
 Iteration:  00000043   DeltaT:  2.556E-06   Iter/sec:  1.930E+00
 Iteration:  00000044   DeltaT:  2.556E-06   Iter/sec:  1.924E+00
 Iteration:  00000045   DeltaT:  2.556E-06   Iter/sec:  1.919E+00
 Iteration:  00000046   DeltaT:  2.556E-06   Iter/sec:  1.913E+00
 Iteration:  00000047   DeltaT:  2.556E-06   Iter/sec:  1.924E+00
 Iteration:  00000048   DeltaT:  2.556E-06   Iter/sec:  1.907E+00
 Iteration:  00000049   DeltaT:  2.556E-06   Iter/sec:  1.899E+00
 Iteration:  00000050   DeltaT:  2.556E-06   Iter/sec:  1.901E+00


//////////////////////////////////////////////
   Measured Timings for Process 0  (seconds)

 Elapsed time:        26.9121
  Column time:         1.8084
     Row time:        10.2854
Legendre time:         3.0743
     FFT time:         2.0599
   Solve time:         0.9819
    rlma time:         0.4009
    rlmb time:         0.1486
  pspace time:         3.6547
  psolve time:         3.6103
    dphi time:         0.1446
captured time:        26.1690

     iter/sec:         1.8207
//////////////////////////////////////////////
