MPT: Launch to r603i6n17 failed (2098945), retrying...
 //////////////////////////////////////
 Initializating Rayleigh...

 -- Initalizing MPI...
 ---- Specified parameters:
 ---- NCPU  :   1024
 ---- NPROW :     32
 ---- NPCOL :     32
 -- MPI initialized.


 -- Initalizing Grid...
 ---- Specified parameters ----
 ---- N_R                 :     64
 ---- N_THETA             :    192
 ---- Ell_MAX             :    127
 ---- R_MIN               :  5.38462E-01
 ---- R_MAX               :  1.53846E+00
 ---- Chebyshev Domains   :      1

        Domain 1
          Grid points           :  64
          Dealiased Polynomials :  42
          Domain Lower Bound    :  5.38462E-01
          Domain Upper Bound    :  1.53846E+00

 -- Grid initialized.

 -- Initalizing Reference State...
 ---- Specified parameters:
 ---- Reference type           :  Boussinesq (Non-dimensional)
 ---- Rayleigh Number          :  1.00000E+05
 ---- Ekman Number             :  1.00000E-03
 ---- Prandtl Number           :  1.00000E+00
 ---- Magnetic Prandtl Number  :  5.00000E+00
 -- Reference State initialized.

 -- Initializing Fields...
 ---- Specified parameters:
 ---- Hydro Init Type    : Benchmark (Christensen et al. 2001)
 ---- Magnetic Init Type : Benchmark (Christensen et al. 2001)
 -- Fields initialized.

 Initialization Complete.
 //////////////////////////////////////

 Timestep has changed from  0.00000E+00 to  1.00000E-04.
 Iteration:  00000001   DeltaT:  1.000E-04   Iter/sec:  0.000E+00
 Timestep has changed from  1.00000E-04 to  1.02217E-05.
 Iteration:  00000002   DeltaT:  1.022E-05   Iter/sec:  1.539E+00
 Iteration:  00000003   DeltaT:  1.022E-05   Iter/sec:  7.053E+01
 Iteration:  00000004   DeltaT:  1.022E-05   Iter/sec:  1.023E+02
 Iteration:  00000005   DeltaT:  1.022E-05   Iter/sec:  8.511E+01
 Iteration:  00000006   DeltaT:  1.022E-05   Iter/sec:  1.037E+02
 Iteration:  00000007   DeltaT:  1.022E-05   Iter/sec:  1.162E+02
 Iteration:  00000008   DeltaT:  1.022E-05   Iter/sec:  1.134E+02
 Iteration:  00000009   DeltaT:  1.022E-05   Iter/sec:  1.159E+02
 Iteration:  00000010   DeltaT:  1.022E-05   Iter/sec:  1.022E+02
 Iteration:  00000011   DeltaT:  1.022E-05   Iter/sec:  1.118E+02
 Iteration:  00000012   DeltaT:  1.022E-05   Iter/sec:  1.078E+02
 Iteration:  00000013   DeltaT:  1.022E-05   Iter/sec:  1.164E+02
 Iteration:  00000014   DeltaT:  1.022E-05   Iter/sec:  1.024E+02
 Iteration:  00000015   DeltaT:  1.022E-05   Iter/sec:  1.090E+02
 Iteration:  00000016   DeltaT:  1.022E-05   Iter/sec:  1.149E+02
 Iteration:  00000017   DeltaT:  1.022E-05   Iter/sec:  1.144E+02
 Iteration:  00000018   DeltaT:  1.022E-05   Iter/sec:  1.159E+02
 Iteration:  00000019   DeltaT:  1.022E-05   Iter/sec:  1.158E+02
 Iteration:  00000020   DeltaT:  1.022E-05   Iter/sec:  1.223E+02
 Iteration:  00000021   DeltaT:  1.022E-05   Iter/sec:  1.058E+02
 Iteration:  00000022   DeltaT:  1.022E-05   Iter/sec:  1.229E+02
 Iteration:  00000023   DeltaT:  1.022E-05   Iter/sec:  1.005E+02
 Iteration:  00000024   DeltaT:  1.022E-05   Iter/sec:  1.088E+02
 Iteration:  00000025   DeltaT:  1.022E-05   Iter/sec:  9.064E+01
 Iteration:  00000026   DeltaT:  1.022E-05   Iter/sec:  6.359E+01
 Iteration:  00000027   DeltaT:  1.022E-05   Iter/sec:  8.539E+01
 Iteration:  00000028   DeltaT:  1.022E-05   Iter/sec:  8.578E+01
 Iteration:  00000029   DeltaT:  1.022E-05   Iter/sec:  1.036E+02
 Iteration:  00000030   DeltaT:  1.022E-05   Iter/sec:  1.126E+02
 Iteration:  00000031   DeltaT:  1.022E-05   Iter/sec:  1.109E+02
 Iteration:  00000032   DeltaT:  1.022E-05   Iter/sec:  1.064E+02
 Iteration:  00000033   DeltaT:  1.022E-05   Iter/sec:  1.140E+02
 Iteration:  00000034   DeltaT:  1.022E-05   Iter/sec:  1.064E+02
 Iteration:  00000035   DeltaT:  1.022E-05   Iter/sec:  1.255E+02
 Iteration:  00000036   DeltaT:  1.022E-05   Iter/sec:  1.148E+02
 Iteration:  00000037   DeltaT:  1.022E-05   Iter/sec:  1.106E+02
 Iteration:  00000038   DeltaT:  1.022E-05   Iter/sec:  1.055E+02
 Iteration:  00000039   DeltaT:  1.022E-05   Iter/sec:  1.130E+02
 Iteration:  00000040   DeltaT:  1.022E-05   Iter/sec:  7.474E+01
 Iteration:  00000041   DeltaT:  1.022E-05   Iter/sec:  1.033E+02
 Iteration:  00000042   DeltaT:  1.022E-05   Iter/sec:  1.005E+02
 Iteration:  00000043   DeltaT:  1.022E-05   Iter/sec:  1.027E+02
 Iteration:  00000044   DeltaT:  1.022E-05   Iter/sec:  1.099E+02
 Iteration:  00000045   DeltaT:  1.022E-05   Iter/sec:  1.079E+02
 Iteration:  00000046   DeltaT:  1.022E-05   Iter/sec:  1.231E+02
 Iteration:  00000047   DeltaT:  1.022E-05   Iter/sec:  1.107E+02
 Iteration:  00000048   DeltaT:  1.022E-05   Iter/sec:  1.079E+02
 Iteration:  00000049   DeltaT:  1.022E-05   Iter/sec:  1.232E+02
 Iteration:  00000050   DeltaT:  1.022E-05   Iter/sec:  1.117E+02


//////////////////////////////////////////////
   Measured Timings for Process 0  (seconds)

 Elapsed time:         1.6088
  Column time:         0.4857
     Row time:         0.1570
Legendre time:         0.0243
     FFT time:         0.0175
   Solve time:         0.0287
    rlma time:         0.0083
    rlmb time:         0.0033
  pspace time:         0.0104
  psolve time:         0.0299
    dphi time:         0.0012
captured time:         0.7663

     iter/sec:        31.0800
//////////////////////////////////////////////
