 //////////////////////////////////////
 Initializating Rayleigh...

 -- Initalizing MPI...
 ---- Specified parameters:
 ---- NCPU  :    128
 ---- NPROW :     16
 ---- NPCOL :      8
 -- MPI initialized.


 -- Initalizing Grid...
 ---- Specified parameters ----
 ---- N_R                 :     64
 ---- N_THETA             :   1536
 ---- Ell_MAX             :   1023
 ---- R_MIN               :  5.38462E-01
 ---- R_MAX               :  1.53846E+00
 ---- Chebyshev Domains   :      1

        Domain 1
          Grid points           :  64
          Dealiased Polynomials :  42
          Domain Lower Bound    :  5.38462E-01
          Domain Upper Bound    :  1.53846E+00

 -- Grid initialized.

 -- Initalizing Reference State...
 ---- Specified parameters:
 ---- Reference type           :  Boussinesq (Non-dimensional)
 ---- Rayleigh Number          :  1.00000E+05
 ---- Ekman Number             :  1.00000E-03
 ---- Prandtl Number           :  1.00000E+00
 ---- Magnetic Prandtl Number  :  5.00000E+00
 -- Reference State initialized.

 -- Initializing Fields...
 ---- Specified parameters:
 ---- Hydro Init Type    : Benchmark (Christensen et al. 2001)
 ---- Magnetic Init Type : Benchmark (Christensen et al. 2001)
 -- Fields initialized.

 Initialization Complete.
 //////////////////////////////////////

 Timestep has changed from  0.00000E+00 to  1.00000E-04.
 Iteration:  00000001   DeltaT:  1.000E-04   Iter/sec:  0.000E+00
 Timestep has changed from  1.00000E-04 to  4.46409E-06.
 Iteration:  00000002   DeltaT:  4.464E-06   Iter/sec:  7.800E-02
 Iteration:  00000003   DeltaT:  4.464E-06   Iter/sec:  1.743E-01
 Iteration:  00000004   DeltaT:  4.464E-06   Iter/sec:  1.769E-01
 Iteration:  00000005   DeltaT:  4.464E-06   Iter/sec:  1.799E-01
 Iteration:  00000006   DeltaT:  4.464E-06   Iter/sec:  1.752E-01
 Iteration:  00000007   DeltaT:  4.464E-06   Iter/sec:  1.769E-01
 Iteration:  00000008   DeltaT:  4.464E-06   Iter/sec:  1.733E-01
 Iteration:  00000009   DeltaT:  4.464E-06   Iter/sec:  1.777E-01
 Iteration:  00000010   DeltaT:  4.464E-06   Iter/sec:  1.755E-01
 Iteration:  00000011   DeltaT:  4.464E-06   Iter/sec:  1.762E-01
 Iteration:  00000012   DeltaT:  4.464E-06   Iter/sec:  1.768E-01
 Iteration:  00000013   DeltaT:  4.464E-06   Iter/sec:  1.774E-01
 Iteration:  00000014   DeltaT:  4.464E-06   Iter/sec:  1.765E-01
 Iteration:  00000015   DeltaT:  4.464E-06   Iter/sec:  1.788E-01
 Iteration:  00000016   DeltaT:  4.464E-06   Iter/sec:  1.778E-01
 Iteration:  00000017   DeltaT:  4.464E-06   Iter/sec:  1.748E-01
 Iteration:  00000018   DeltaT:  4.464E-06   Iter/sec:  1.764E-01
 Iteration:  00000019   DeltaT:  4.464E-06   Iter/sec:  1.777E-01
 Iteration:  00000020   DeltaT:  4.464E-06   Iter/sec:  1.778E-01
 Iteration:  00000021   DeltaT:  4.464E-06   Iter/sec:  1.781E-01
 Iteration:  00000022   DeltaT:  4.464E-06   Iter/sec:  1.739E-01
 Iteration:  00000023   DeltaT:  4.464E-06   Iter/sec:  1.783E-01
 Iteration:  00000024   DeltaT:  4.464E-06   Iter/sec:  1.755E-01
 Iteration:  00000025   DeltaT:  4.464E-06   Iter/sec:  1.746E-01
 Iteration:  00000026   DeltaT:  4.464E-06   Iter/sec:  1.775E-01
 Iteration:  00000027   DeltaT:  4.464E-06   Iter/sec:  1.813E-01
 Iteration:  00000028   DeltaT:  4.464E-06   Iter/sec:  1.767E-01
 Iteration:  00000029   DeltaT:  4.464E-06   Iter/sec:  1.800E-01
 Iteration:  00000030   DeltaT:  4.464E-06   Iter/sec:  1.744E-01
 Iteration:  00000031   DeltaT:  4.464E-06   Iter/sec:  1.775E-01
 Iteration:  00000032   DeltaT:  4.464E-06   Iter/sec:  1.759E-01
 Iteration:  00000033   DeltaT:  4.464E-06   Iter/sec:  1.760E-01
 Iteration:  00000034   DeltaT:  4.464E-06   Iter/sec:  1.763E-01
 Iteration:  00000035   DeltaT:  4.464E-06   Iter/sec:  1.810E-01
 Iteration:  00000036   DeltaT:  4.464E-06   Iter/sec:  1.751E-01
 Iteration:  00000037   DeltaT:  4.464E-06   Iter/sec:  1.759E-01
 Iteration:  00000038   DeltaT:  4.464E-06   Iter/sec:  1.775E-01
 Iteration:  00000039   DeltaT:  4.464E-06   Iter/sec:  1.756E-01
 Iteration:  00000040   DeltaT:  4.464E-06   Iter/sec:  1.757E-01
 Iteration:  00000041   DeltaT:  4.464E-06   Iter/sec:  1.788E-01
 Iteration:  00000042   DeltaT:  4.464E-06   Iter/sec:  1.754E-01
 Iteration:  00000043   DeltaT:  4.464E-06   Iter/sec:  1.791E-01
 Iteration:  00000044   DeltaT:  4.464E-06   Iter/sec:  1.796E-01
 Iteration:  00000045   DeltaT:  4.464E-06   Iter/sec:  1.737E-01
 Iteration:  00000046   DeltaT:  4.464E-06   Iter/sec:  1.773E-01
 Iteration:  00000047   DeltaT:  4.464E-06   Iter/sec:  1.778E-01
 Iteration:  00000048   DeltaT:  4.464E-06   Iter/sec:  1.747E-01
 Iteration:  00000049   DeltaT:  4.464E-06   Iter/sec:  1.777E-01
 Iteration:  00000050   DeltaT:  4.464E-06   Iter/sec:  1.782E-01


//////////////////////////////////////////////
   Measured Timings for Process 0  (seconds)

 Elapsed time:       303.1932
  Column time:        34.6139
     Row time:        95.1108
Legendre time:        56.3498
     FFT time:        16.8270
   Solve time:         2.5089
    rlma time:         7.4624
    rlmb time:         3.0049
  pspace time:        35.2415
  psolve time:        25.6444
    dphi time:         2.0689
captured time:       278.8326

     iter/sec:         0.1649
//////////////////////////////////////////////
