 //////////////////////////////////////
 Initializating Rayleigh...

 -- Initalizing MPI...
 ---- Specified parameters:
 ---- NCPU  :    256
 ---- NPROW :     16
 ---- NPCOL :     16
 -- MPI initialized.


 -- Initalizing Grid...
 ---- Specified parameters ----
 ---- N_R                 :     64
 ---- N_THETA             :    384
 ---- Ell_MAX             :    255
 ---- R_MIN               :  5.38462E-01
 ---- R_MAX               :  1.53846E+00
 ---- Chebyshev Domains   :      1

        Domain 1
          Grid points           :  64
          Dealiased Polynomials :  42
          Domain Lower Bound    :  5.38462E-01
          Domain Upper Bound    :  1.53846E+00

 -- Grid initialized.

 -- Initalizing Reference State...
 ---- Specified parameters:
 ---- Reference type           :  Boussinesq (Non-dimensional)
 ---- Rayleigh Number          :  1.00000E+05
 ---- Ekman Number             :  1.00000E-03
 ---- Prandtl Number           :  1.00000E+00
 ---- Magnetic Prandtl Number  :  5.00000E+00
 -- Reference State initialized.

 -- Initializing Fields...
 ---- Specified parameters:
 ---- Hydro Init Type    : Benchmark (Christensen et al. 2001)
 ---- Magnetic Init Type : Benchmark (Christensen et al. 2001)
 -- Fields initialized.

 Initialization Complete.
 //////////////////////////////////////

 Timestep has changed from  0.00000E+00 to  1.00000E-04.
 Iteration:  00000001   DeltaT:  1.000E-04   Iter/sec:  0.000E+00
 Timestep has changed from  1.00000E-04 to  1.02211E-05.
 Iteration:  00000002   DeltaT:  1.022E-05   Iter/sec:  2.932E+00
 Iteration:  00000003   DeltaT:  1.022E-05   Iter/sec:  6.778E+00
 Iteration:  00000004   DeltaT:  1.022E-05   Iter/sec:  7.543E+00
 Iteration:  00000005   DeltaT:  1.022E-05   Iter/sec:  7.477E+00
 Iteration:  00000006   DeltaT:  1.022E-05   Iter/sec:  7.573E+00
 Iteration:  00000007   DeltaT:  1.022E-05   Iter/sec:  7.424E+00
 Iteration:  00000008   DeltaT:  1.022E-05   Iter/sec:  7.574E+00
 Iteration:  00000009   DeltaT:  1.022E-05   Iter/sec:  7.622E+00
 Iteration:  00000010   DeltaT:  1.022E-05   Iter/sec:  7.559E+00
 Iteration:  00000011   DeltaT:  1.022E-05   Iter/sec:  7.511E+00
 Iteration:  00000012   DeltaT:  1.022E-05   Iter/sec:  7.438E+00
 Iteration:  00000013   DeltaT:  1.022E-05   Iter/sec:  7.628E+00
 Iteration:  00000014   DeltaT:  1.022E-05   Iter/sec:  7.610E+00
 Iteration:  00000015   DeltaT:  1.022E-05   Iter/sec:  7.477E+00
 Iteration:  00000016   DeltaT:  1.022E-05   Iter/sec:  7.563E+00
 Iteration:  00000017   DeltaT:  1.022E-05   Iter/sec:  7.569E+00
 Iteration:  00000018   DeltaT:  1.022E-05   Iter/sec:  7.766E+00
 Iteration:  00000019   DeltaT:  1.022E-05   Iter/sec:  7.520E+00
 Iteration:  00000020   DeltaT:  1.022E-05   Iter/sec:  7.557E+00
 Iteration:  00000021   DeltaT:  1.022E-05   Iter/sec:  7.601E+00
 Iteration:  00000022   DeltaT:  1.022E-05   Iter/sec:  7.624E+00
 Iteration:  00000023   DeltaT:  1.022E-05   Iter/sec:  7.728E+00
 Iteration:  00000024   DeltaT:  1.022E-05   Iter/sec:  7.543E+00
 Iteration:  00000025   DeltaT:  1.022E-05   Iter/sec:  7.610E+00
 Iteration:  00000026   DeltaT:  1.022E-05   Iter/sec:  7.615E+00
 Iteration:  00000027   DeltaT:  1.022E-05   Iter/sec:  7.571E+00
 Iteration:  00000028   DeltaT:  1.022E-05   Iter/sec:  7.777E+00
 Iteration:  00000029   DeltaT:  1.022E-05   Iter/sec:  7.490E+00
 Iteration:  00000030   DeltaT:  1.022E-05   Iter/sec:  7.680E+00
 Iteration:  00000031   DeltaT:  1.022E-05   Iter/sec:  7.569E+00
 Iteration:  00000032   DeltaT:  1.022E-05   Iter/sec:  7.554E+00
 Iteration:  00000033   DeltaT:  1.022E-05   Iter/sec:  7.771E+00
 Iteration:  00000034   DeltaT:  1.022E-05   Iter/sec:  7.630E+00
 Iteration:  00000035   DeltaT:  1.022E-05   Iter/sec:  7.642E+00
 Iteration:  00000036   DeltaT:  1.022E-05   Iter/sec:  7.648E+00
 Iteration:  00000037   DeltaT:  1.022E-05   Iter/sec:  7.601E+00
 Iteration:  00000038   DeltaT:  1.022E-05   Iter/sec:  7.892E+00
 Iteration:  00000039   DeltaT:  1.022E-05   Iter/sec:  7.567E+00
 Iteration:  00000040   DeltaT:  1.022E-05   Iter/sec:  7.760E+00
 Iteration:  00000041   DeltaT:  1.022E-05   Iter/sec:  7.634E+00
 Iteration:  00000042   DeltaT:  1.022E-05   Iter/sec:  7.840E+00
 Iteration:  00000043   DeltaT:  1.022E-05   Iter/sec:  7.883E+00
 Iteration:  00000044   DeltaT:  1.022E-05   Iter/sec:  7.691E+00
 Iteration:  00000045   DeltaT:  1.022E-05   Iter/sec:  7.751E+00
 Iteration:  00000046   DeltaT:  1.022E-05   Iter/sec:  7.707E+00
 Iteration:  00000047   DeltaT:  1.022E-05   Iter/sec:  7.774E+00
 Iteration:  00000048   DeltaT:  1.022E-05   Iter/sec:  7.718E+00
 Iteration:  00000049   DeltaT:  1.022E-05   Iter/sec:  7.788E+00
 Iteration:  00000050   DeltaT:  1.022E-05   Iter/sec:  7.724E+00


//////////////////////////////////////////////
   Measured Timings for Process 0  (seconds)

 Elapsed time:         7.1712
  Column time:         1.2579
     Row time:         2.0726
Legendre time:         0.7630
     FFT time:         0.4786
   Solve time:         0.1522
    rlma time:         0.0993
    rlmb time:         0.0383
  pspace time:         0.9711
  psolve time:         0.6195
    dphi time:         0.0670
captured time:         6.5196

     iter/sec:         6.9724
//////////////////////////////////////////////
