 //////////////////////////////////////
 Initializating Rayleigh...

 -- Initalizing MPI...
 ---- Specified parameters:
 ---- NCPU  :    512
 ---- NPROW :     32
 ---- NPCOL :     16
 -- MPI initialized.


 -- Initalizing Grid...
 ---- Specified parameters ----
 ---- N_R                 :     64
 ---- N_THETA             :    768
 ---- Ell_MAX             :    511
 ---- R_MIN               :  5.38462E-01
 ---- R_MAX               :  1.53846E+00
 ---- Chebyshev Domains   :      1

        Domain 1
          Grid points           :  64
          Dealiased Polynomials :  42
          Domain Lower Bound    :  5.38462E-01
          Domain Upper Bound    :  1.53846E+00

 -- Grid initialized.

 -- Initalizing Reference State...
 ---- Specified parameters:
 ---- Reference type           :  Boussinesq (Non-dimensional)
 ---- Rayleigh Number          :  1.00000E+05
 ---- Ekman Number             :  1.00000E-03
 ---- Prandtl Number           :  1.00000E+00
 ---- Magnetic Prandtl Number  :  5.00000E+00
 -- Reference State initialized.

 -- Initializing Fields...
 ---- Specified parameters:
 ---- Hydro Init Type    : Benchmark (Christensen et al. 2001)
 ---- Magnetic Init Type : Benchmark (Christensen et al. 2001)
 -- Fields initialized.

 Initialization Complete.
 //////////////////////////////////////

 Timestep has changed from  0.00000E+00 to  1.00000E-04.
 Iteration:  00000001   DeltaT:  1.000E-04   Iter/sec:  0.000E+00
 Timestep has changed from  1.00000E-04 to  8.93257E-06.
 Iteration:  00000002   DeltaT:  8.933E-06   Iter/sec:  9.990E-01
 Iteration:  00000003   DeltaT:  8.933E-06   Iter/sec:  2.773E+00
 Iteration:  00000004   DeltaT:  8.933E-06   Iter/sec:  3.038E+00
 Iteration:  00000005   DeltaT:  8.933E-06   Iter/sec:  3.011E+00
 Iteration:  00000006   DeltaT:  8.933E-06   Iter/sec:  3.007E+00
 Iteration:  00000007   DeltaT:  8.933E-06   Iter/sec:  2.974E+00
 Iteration:  00000008   DeltaT:  8.933E-06   Iter/sec:  2.895E+00
 Iteration:  00000009   DeltaT:  8.933E-06   Iter/sec:  2.963E+00
 Iteration:  00000010   DeltaT:  8.933E-06   Iter/sec:  2.839E+00
 Iteration:  00000011   DeltaT:  8.933E-06   Iter/sec:  3.003E+00
 Iteration:  00000012   DeltaT:  8.933E-06   Iter/sec:  2.951E+00
 Iteration:  00000013   DeltaT:  8.933E-06   Iter/sec:  2.962E+00
 Iteration:  00000014   DeltaT:  8.933E-06   Iter/sec:  2.964E+00
 Iteration:  00000015   DeltaT:  8.933E-06   Iter/sec:  2.963E+00
 Iteration:  00000016   DeltaT:  8.933E-06   Iter/sec:  2.938E+00
 Iteration:  00000017   DeltaT:  8.933E-06   Iter/sec:  2.925E+00
 Iteration:  00000018   DeltaT:  8.933E-06   Iter/sec:  2.933E+00
 Iteration:  00000019   DeltaT:  8.933E-06   Iter/sec:  2.891E+00
 Iteration:  00000020   DeltaT:  8.933E-06   Iter/sec:  2.975E+00
 Iteration:  00000021   DeltaT:  8.933E-06   Iter/sec:  2.935E+00
 Iteration:  00000022   DeltaT:  8.933E-06   Iter/sec:  2.941E+00
 Iteration:  00000023   DeltaT:  8.933E-06   Iter/sec:  2.861E+00
 Iteration:  00000024   DeltaT:  8.933E-06   Iter/sec:  3.038E+00
 Iteration:  00000025   DeltaT:  8.933E-06   Iter/sec:  2.870E+00
 Iteration:  00000026   DeltaT:  8.933E-06   Iter/sec:  2.943E+00
 Iteration:  00000027   DeltaT:  8.933E-06   Iter/sec:  3.016E+00
 Iteration:  00000028   DeltaT:  8.933E-06   Iter/sec:  2.990E+00
 Iteration:  00000029   DeltaT:  8.933E-06   Iter/sec:  2.860E+00
 Iteration:  00000030   DeltaT:  8.933E-06   Iter/sec:  2.908E+00
 Iteration:  00000031   DeltaT:  8.933E-06   Iter/sec:  2.920E+00
 Iteration:  00000032   DeltaT:  8.933E-06   Iter/sec:  3.008E+00
 Iteration:  00000033   DeltaT:  8.933E-06   Iter/sec:  2.932E+00
 Iteration:  00000034   DeltaT:  8.933E-06   Iter/sec:  2.948E+00
 Iteration:  00000035   DeltaT:  8.933E-06   Iter/sec:  2.948E+00
 Iteration:  00000036   DeltaT:  8.933E-06   Iter/sec:  3.037E+00
 Iteration:  00000037   DeltaT:  8.933E-06   Iter/sec:  2.882E+00
 Iteration:  00000038   DeltaT:  8.933E-06   Iter/sec:  3.053E+00
 Iteration:  00000039   DeltaT:  8.933E-06   Iter/sec:  2.969E+00
 Iteration:  00000040   DeltaT:  8.933E-06   Iter/sec:  2.851E+00
 Iteration:  00000041   DeltaT:  8.933E-06   Iter/sec:  2.975E+00
 Iteration:  00000042   DeltaT:  8.933E-06   Iter/sec:  2.993E+00
 Iteration:  00000043   DeltaT:  8.933E-06   Iter/sec:  2.901E+00
 Iteration:  00000044   DeltaT:  8.933E-06   Iter/sec:  2.977E+00
 Iteration:  00000045   DeltaT:  8.933E-06   Iter/sec:  2.884E+00
 Iteration:  00000046   DeltaT:  8.933E-06   Iter/sec:  2.868E+00
 Iteration:  00000047   DeltaT:  8.933E-06   Iter/sec:  2.913E+00
 Iteration:  00000048   DeltaT:  8.933E-06   Iter/sec:  2.913E+00
 Iteration:  00000049   DeltaT:  8.933E-06   Iter/sec:  2.959E+00
 Iteration:  00000050   DeltaT:  8.933E-06   Iter/sec:  2.931E+00


//////////////////////////////////////////////
   Measured Timings for Process 0  (seconds)

 Elapsed time:        19.2565
  Column time:         4.3176
     Row time:         6.0779
Legendre time:         2.0858
     FFT time:         0.8746
   Solve time:         0.2489
    rlma time:         0.1817
    rlmb time:         0.0800
  pspace time:         1.7605
  psolve time:         1.2262
    dphi time:         0.0626
captured time:        16.9157

     iter/sec:         2.5965
//////////////////////////////////////////////
