 //////////////////////////////////////
 Initializating Rayleigh...

 -- Initalizing MPI...
 ---- Specified parameters:
 ---- NCPU  :    128
 ---- NPROW :     16
 ---- NPCOL :      8
 -- MPI initialized.


 -- Initalizing Grid...
 ---- Specified parameters ----
 ---- N_R                 :    128
 ---- N_THETA             :    768
 ---- Ell_MAX             :    511
 ---- R_MIN               :  5.38462E-01
 ---- R_MAX               :  1.53846E+00
 ---- Chebyshev Domains   :      1

        Domain 1
          Grid points           :  128
          Dealiased Polynomials :  85
          Domain Lower Bound    :  5.38462E-01
          Domain Upper Bound    :  1.53846E+00

 -- Grid initialized.

 -- Initalizing Reference State...
 ---- Specified parameters:
 ---- Reference type           :  Boussinesq (Non-dimensional)
 ---- Rayleigh Number          :  1.00000E+05
 ---- Ekman Number             :  1.00000E-03
 ---- Prandtl Number           :  1.00000E+00
 ---- Magnetic Prandtl Number  :  5.00000E+00
 -- Reference State initialized.

 -- Initializing Fields...
 ---- Specified parameters:
 ---- Hydro Init Type    : Benchmark (Christensen et al. 2001)
 ---- Magnetic Init Type : Benchmark (Christensen et al. 2001)
 -- Fields initialized.

 Initialization Complete.
 //////////////////////////////////////

 Timestep has changed from  0.00000E+00 to  1.00000E-04.
 Iteration:  00000001   DeltaT:  1.000E-04   Iter/sec:  0.000E+00
 Timestep has changed from  1.00000E-04 to  2.55562E-06.
 Iteration:  00000002   DeltaT:  2.556E-06   Iter/sec:  2.500E-01
 Iteration:  00000003   DeltaT:  2.556E-06   Iter/sec:  3.472E-01
 Iteration:  00000004   DeltaT:  2.556E-06   Iter/sec:  3.854E-01
 Iteration:  00000005   DeltaT:  2.556E-06   Iter/sec:  3.916E-01
 Iteration:  00000006   DeltaT:  2.556E-06   Iter/sec:  3.799E-01
 Iteration:  00000007   DeltaT:  2.556E-06   Iter/sec:  3.870E-01
 Iteration:  00000008   DeltaT:  2.556E-06   Iter/sec:  3.893E-01
 Iteration:  00000009   DeltaT:  2.556E-06   Iter/sec:  3.819E-01
 Iteration:  00000010   DeltaT:  2.556E-06   Iter/sec:  3.912E-01
 Iteration:  00000011   DeltaT:  2.556E-06   Iter/sec:  3.817E-01
 Iteration:  00000012   DeltaT:  2.556E-06   Iter/sec:  3.841E-01
 Iteration:  00000013   DeltaT:  2.556E-06   Iter/sec:  3.862E-01
 Iteration:  00000014   DeltaT:  2.556E-06   Iter/sec:  3.812E-01
 Iteration:  00000015   DeltaT:  2.556E-06   Iter/sec:  3.832E-01
 Iteration:  00000016   DeltaT:  2.556E-06   Iter/sec:  3.854E-01
 Iteration:  00000017   DeltaT:  2.556E-06   Iter/sec:  3.877E-01
 Iteration:  00000018   DeltaT:  2.556E-06   Iter/sec:  3.863E-01
 Iteration:  00000019   DeltaT:  2.556E-06   Iter/sec:  3.808E-01
 Iteration:  00000020   DeltaT:  2.556E-06   Iter/sec:  3.865E-01
 Iteration:  00000021   DeltaT:  2.556E-06   Iter/sec:  3.827E-01
 Iteration:  00000022   DeltaT:  2.556E-06   Iter/sec:  3.886E-01
 Iteration:  00000023   DeltaT:  2.556E-06   Iter/sec:  3.831E-01
 Iteration:  00000024   DeltaT:  2.556E-06   Iter/sec:  3.740E-01
 Iteration:  00000025   DeltaT:  2.556E-06   Iter/sec:  3.934E-01
 Iteration:  00000026   DeltaT:  2.556E-06   Iter/sec:  3.866E-01
 Iteration:  00000027   DeltaT:  2.556E-06   Iter/sec:  3.898E-01
 Iteration:  00000028   DeltaT:  2.556E-06   Iter/sec:  3.805E-01
 Iteration:  00000029   DeltaT:  2.556E-06   Iter/sec:  3.843E-01
 Iteration:  00000030   DeltaT:  2.556E-06   Iter/sec:  3.861E-01
 Iteration:  00000031   DeltaT:  2.556E-06   Iter/sec:  3.830E-01
 Iteration:  00000032   DeltaT:  2.556E-06   Iter/sec:  3.839E-01
 Iteration:  00000033   DeltaT:  2.556E-06   Iter/sec:  3.787E-01
 Iteration:  00000034   DeltaT:  2.556E-06   Iter/sec:  3.821E-01
 Iteration:  00000035   DeltaT:  2.556E-06   Iter/sec:  3.891E-01
 Iteration:  00000036   DeltaT:  2.556E-06   Iter/sec:  3.768E-01
 Iteration:  00000037   DeltaT:  2.556E-06   Iter/sec:  3.859E-01
 Iteration:  00000038   DeltaT:  2.556E-06   Iter/sec:  3.861E-01
 Iteration:  00000039   DeltaT:  2.556E-06   Iter/sec:  3.882E-01
 Iteration:  00000040   DeltaT:  2.556E-06   Iter/sec:  3.833E-01
 Iteration:  00000041   DeltaT:  2.556E-06   Iter/sec:  3.844E-01
 Iteration:  00000042   DeltaT:  2.556E-06   Iter/sec:  3.828E-01
 Iteration:  00000043   DeltaT:  2.556E-06   Iter/sec:  3.883E-01
 Iteration:  00000044   DeltaT:  2.556E-06   Iter/sec:  3.808E-01
 Iteration:  00000045   DeltaT:  2.556E-06   Iter/sec:  3.843E-01
 Iteration:  00000046   DeltaT:  2.556E-06   Iter/sec:  3.836E-01
 Iteration:  00000047   DeltaT:  2.556E-06   Iter/sec:  3.884E-01
 Iteration:  00000048   DeltaT:  2.556E-06   Iter/sec:  3.851E-01
 Iteration:  00000049   DeltaT:  2.556E-06   Iter/sec:  3.858E-01
 Iteration:  00000050   DeltaT:  2.556E-06   Iter/sec:  3.867E-01


//////////////////////////////////////////////
   Measured Timings for Process 0  (seconds)

 Elapsed time:       140.4937
  Column time:        16.9772
     Row time:        46.5267
Legendre time:        20.2359
     FFT time:         7.6737
   Solve time:         2.8372
    rlma time:         3.0156
    rlmb time:         1.5959
  pspace time:        16.3414
  psolve time:        12.8383
    dphi time:         0.7413
captured time:       128.7832

     iter/sec:         0.3559
//////////////////////////////////////////////
