 //////////////////////////////////////
 Initializating Rayleigh...

 -- Initalizing MPI...
 ---- Specified parameters:
 ---- NCPU  :     64
 ---- NPROW :      8
 ---- NPCOL :      8
 -- MPI initialized.


 -- Initalizing Grid...
 ---- Specified parameters ----
 ---- N_R                 :     64
 ---- N_THETA             :    384
 ---- Ell_MAX             :    255
 ---- R_MIN               :  5.38462E-01
 ---- R_MAX               :  1.53846E+00
 ---- Chebyshev Domains   :      1

        Domain 1
          Grid points           :  64
          Dealiased Polynomials :  42
          Domain Lower Bound    :  5.38462E-01
          Domain Upper Bound    :  1.53846E+00

 -- Grid initialized.

 -- Initalizing Reference State...
 ---- Specified parameters:
 ---- Reference type           :  Boussinesq (Non-dimensional)
 ---- Rayleigh Number          :  1.00000E+05
 ---- Ekman Number             :  1.00000E-03
 ---- Prandtl Number           :  1.00000E+00
 ---- Magnetic Prandtl Number  :  5.00000E+00
 -- Reference State initialized.

 -- Initializing Fields...
 ---- Specified parameters:
 ---- Hydro Init Type    : Benchmark (Christensen et al. 2001)
 ---- Magnetic Init Type : Benchmark (Christensen et al. 2001)
 -- Fields initialized.

 Initialization Complete.
 //////////////////////////////////////

 Timestep has changed from  0.00000E+00 to  1.00000E-04.
 Iteration:  00000001   DeltaT:  1.000E-04   Iter/sec:  0.000E+00
 Timestep has changed from  1.00000E-04 to  1.02211E-05.
 Iteration:  00000002   DeltaT:  1.022E-05   Iter/sec:  1.198E+00
 Iteration:  00000003   DeltaT:  1.022E-05   Iter/sec:  1.809E+00
 Iteration:  00000004   DeltaT:  1.022E-05   Iter/sec:  1.943E+00
 Iteration:  00000005   DeltaT:  1.022E-05   Iter/sec:  1.897E+00
 Iteration:  00000006   DeltaT:  1.022E-05   Iter/sec:  1.951E+00
 Iteration:  00000007   DeltaT:  1.022E-05   Iter/sec:  1.936E+00
 Iteration:  00000008   DeltaT:  1.022E-05   Iter/sec:  1.931E+00
 Iteration:  00000009   DeltaT:  1.022E-05   Iter/sec:  1.959E+00
 Iteration:  00000010   DeltaT:  1.022E-05   Iter/sec:  1.881E+00
 Iteration:  00000011   DeltaT:  1.022E-05   Iter/sec:  1.927E+00
 Iteration:  00000012   DeltaT:  1.022E-05   Iter/sec:  1.915E+00
 Iteration:  00000013   DeltaT:  1.022E-05   Iter/sec:  1.921E+00
 Iteration:  00000014   DeltaT:  1.022E-05   Iter/sec:  1.955E+00
 Iteration:  00000015   DeltaT:  1.022E-05   Iter/sec:  1.898E+00
 Iteration:  00000016   DeltaT:  1.022E-05   Iter/sec:  1.851E+00
 Iteration:  00000017   DeltaT:  1.022E-05   Iter/sec:  1.842E+00
 Iteration:  00000018   DeltaT:  1.022E-05   Iter/sec:  1.953E+00
 Iteration:  00000019   DeltaT:  1.022E-05   Iter/sec:  1.900E+00
 Iteration:  00000020   DeltaT:  1.022E-05   Iter/sec:  1.932E+00
 Iteration:  00000021   DeltaT:  1.022E-05   Iter/sec:  1.838E+00
 Iteration:  00000022   DeltaT:  1.022E-05   Iter/sec:  1.802E+00
 Iteration:  00000023   DeltaT:  1.022E-05   Iter/sec:  1.799E+00
 Iteration:  00000024   DeltaT:  1.022E-05   Iter/sec:  1.865E+00
 Iteration:  00000025   DeltaT:  1.022E-05   Iter/sec:  1.942E+00
 Iteration:  00000026   DeltaT:  1.022E-05   Iter/sec:  1.893E+00
 Iteration:  00000027   DeltaT:  1.022E-05   Iter/sec:  1.945E+00
 Iteration:  00000028   DeltaT:  1.022E-05   Iter/sec:  1.926E+00
 Iteration:  00000029   DeltaT:  1.022E-05   Iter/sec:  1.916E+00
 Iteration:  00000030   DeltaT:  1.022E-05   Iter/sec:  1.952E+00
 Iteration:  00000031   DeltaT:  1.022E-05   Iter/sec:  1.962E+00
 Iteration:  00000032   DeltaT:  1.022E-05   Iter/sec:  1.923E+00
 Iteration:  00000033   DeltaT:  1.022E-05   Iter/sec:  1.901E+00
 Iteration:  00000034   DeltaT:  1.022E-05   Iter/sec:  1.964E+00
 Iteration:  00000035   DeltaT:  1.022E-05   Iter/sec:  1.926E+00
 Iteration:  00000036   DeltaT:  1.022E-05   Iter/sec:  1.945E+00
 Iteration:  00000037   DeltaT:  1.022E-05   Iter/sec:  1.913E+00
 Iteration:  00000038   DeltaT:  1.022E-05   Iter/sec:  1.939E+00
 Iteration:  00000039   DeltaT:  1.022E-05   Iter/sec:  1.940E+00
 Iteration:  00000040   DeltaT:  1.022E-05   Iter/sec:  1.911E+00
 Iteration:  00000041   DeltaT:  1.022E-05   Iter/sec:  1.919E+00
 Iteration:  00000042   DeltaT:  1.022E-05   Iter/sec:  1.930E+00
 Iteration:  00000043   DeltaT:  1.022E-05   Iter/sec:  1.921E+00
 Iteration:  00000044   DeltaT:  1.022E-05   Iter/sec:  1.960E+00
 Iteration:  00000045   DeltaT:  1.022E-05   Iter/sec:  1.876E+00
 Iteration:  00000046   DeltaT:  1.022E-05   Iter/sec:  1.909E+00
 Iteration:  00000047   DeltaT:  1.022E-05   Iter/sec:  1.898E+00
 Iteration:  00000048   DeltaT:  1.022E-05   Iter/sec:  1.948E+00
 Iteration:  00000049   DeltaT:  1.022E-05   Iter/sec:  1.897E+00
 Iteration:  00000050   DeltaT:  1.022E-05   Iter/sec:  1.910E+00


//////////////////////////////////////////////
   Measured Timings for Process 0  (seconds)

 Elapsed time:        27.2476
  Column time:         2.8467
     Row time:         9.4016
Legendre time:         3.3028
     FFT time:         1.9210
   Solve time:         0.4068
    rlma time:         0.4142
    rlmb time:         0.1936
  pspace time:         4.3064
  psolve time:         2.8942
    dphi time:         0.1909
captured time:        25.8781

     iter/sec:         1.8350
//////////////////////////////////////////////
