 //////////////////////////////////////
 Initializating Rayleigh...

 -- Initalizing MPI...
 ---- Specified parameters:
 ---- NCPU  :     64
 ---- NPROW :      8
 ---- NPCOL :      8
 -- MPI initialized.


 -- Initalizing Grid...
 ---- Specified parameters ----
 ---- N_R                 :     64
 ---- N_THETA             :    192
 ---- Ell_MAX             :    127
 ---- R_MIN               :  5.38462E-01
 ---- R_MAX               :  1.53846E+00
 ---- Chebyshev Domains   :      1

        Domain 1
          Grid points           :  64
          Dealiased Polynomials :  42
          Domain Lower Bound    :  5.38462E-01
          Domain Upper Bound    :  1.53846E+00

 -- Grid initialized.

 -- Initalizing Reference State...
 ---- Specified parameters:
 ---- Reference type           :  Boussinesq (Non-dimensional)
 ---- Rayleigh Number          :  1.00000E+05
 ---- Ekman Number             :  1.00000E-03
 ---- Prandtl Number           :  1.00000E+00
 ---- Magnetic Prandtl Number  :  5.00000E+00
 -- Reference State initialized.

 -- Initializing Fields...
 ---- Specified parameters:
 ---- Hydro Init Type    : Benchmark (Christensen et al. 2001)
 ---- Magnetic Init Type : Benchmark (Christensen et al. 2001)
 -- Fields initialized.

 Initialization Complete.
 //////////////////////////////////////

 Timestep has changed from  0.00000E+00 to  1.00000E-04.
 Iteration:  00000001   DeltaT:  1.000E-04   Iter/sec:  0.000E+00
 Timestep has changed from  1.00000E-04 to  1.02217E-05.
 Iteration:  00000002   DeltaT:  1.022E-05   Iter/sec:  2.343E+00
 Iteration:  00000003   DeltaT:  1.022E-05   Iter/sec:  6.992E+00
 Iteration:  00000004   DeltaT:  1.022E-05   Iter/sec:  8.343E+00
 Iteration:  00000005   DeltaT:  1.022E-05   Iter/sec:  8.515E+00
 Iteration:  00000006   DeltaT:  1.022E-05   Iter/sec:  8.869E+00
 Iteration:  00000007   DeltaT:  1.022E-05   Iter/sec:  8.799E+00
 Iteration:  00000008   DeltaT:  1.022E-05   Iter/sec:  8.751E+00
 Iteration:  00000009   DeltaT:  1.022E-05   Iter/sec:  8.843E+00
 Iteration:  00000010   DeltaT:  1.022E-05   Iter/sec:  8.842E+00
 Iteration:  00000011   DeltaT:  1.022E-05   Iter/sec:  8.740E+00
 Iteration:  00000012   DeltaT:  1.022E-05   Iter/sec:  8.736E+00
 Iteration:  00000013   DeltaT:  1.022E-05   Iter/sec:  8.815E+00
 Iteration:  00000014   DeltaT:  1.022E-05   Iter/sec:  9.049E+00
 Iteration:  00000015   DeltaT:  1.022E-05   Iter/sec:  8.976E+00
 Iteration:  00000016   DeltaT:  1.022E-05   Iter/sec:  9.190E+00
 Iteration:  00000017   DeltaT:  1.022E-05   Iter/sec:  8.743E+00
 Iteration:  00000018   DeltaT:  1.022E-05   Iter/sec:  8.984E+00
 Iteration:  00000019   DeltaT:  1.022E-05   Iter/sec:  9.204E+00
 Iteration:  00000020   DeltaT:  1.022E-05   Iter/sec:  9.245E+00
 Iteration:  00000021   DeltaT:  1.022E-05   Iter/sec:  9.128E+00
 Iteration:  00000022   DeltaT:  1.022E-05   Iter/sec:  8.964E+00
 Iteration:  00000023   DeltaT:  1.022E-05   Iter/sec:  9.168E+00
 Iteration:  00000024   DeltaT:  1.022E-05   Iter/sec:  9.302E+00
 Iteration:  00000025   DeltaT:  1.022E-05   Iter/sec:  9.191E+00
 Iteration:  00000026   DeltaT:  1.022E-05   Iter/sec:  9.126E+00
 Iteration:  00000027   DeltaT:  1.022E-05   Iter/sec:  9.002E+00
 Iteration:  00000028   DeltaT:  1.022E-05   Iter/sec:  9.197E+00
 Iteration:  00000029   DeltaT:  1.022E-05   Iter/sec:  9.212E+00
 Iteration:  00000030   DeltaT:  1.022E-05   Iter/sec:  9.083E+00
 Iteration:  00000031   DeltaT:  1.022E-05   Iter/sec:  8.659E+00
 Iteration:  00000032   DeltaT:  1.022E-05   Iter/sec:  8.668E+00
 Iteration:  00000033   DeltaT:  1.022E-05   Iter/sec:  8.638E+00
 Iteration:  00000034   DeltaT:  1.022E-05   Iter/sec:  9.382E+00
 Iteration:  00000035   DeltaT:  1.022E-05   Iter/sec:  9.039E+00
 Iteration:  00000036   DeltaT:  1.022E-05   Iter/sec:  9.213E+00
 Iteration:  00000037   DeltaT:  1.022E-05   Iter/sec:  9.107E+00
 Iteration:  00000038   DeltaT:  1.022E-05   Iter/sec:  9.195E+00
 Iteration:  00000039   DeltaT:  1.022E-05   Iter/sec:  9.159E+00
 Iteration:  00000040   DeltaT:  1.022E-05   Iter/sec:  9.254E+00
 Iteration:  00000041   DeltaT:  1.022E-05   Iter/sec:  9.085E+00
 Iteration:  00000042   DeltaT:  1.022E-05   Iter/sec:  9.091E+00
 Iteration:  00000043   DeltaT:  1.022E-05   Iter/sec:  9.191E+00
 Iteration:  00000044   DeltaT:  1.022E-05   Iter/sec:  9.186E+00
 Iteration:  00000045   DeltaT:  1.022E-05   Iter/sec:  9.245E+00
 Iteration:  00000046   DeltaT:  1.022E-05   Iter/sec:  9.179E+00
 Iteration:  00000047   DeltaT:  1.022E-05   Iter/sec:  9.185E+00
 Iteration:  00000048   DeltaT:  1.022E-05   Iter/sec:  8.981E+00
 Iteration:  00000049   DeltaT:  1.022E-05   Iter/sec:  9.232E+00
 Iteration:  00000050   DeltaT:  1.022E-05   Iter/sec:  9.231E+00


//////////////////////////////////////////////
   Measured Timings for Process 0  (seconds)

 Elapsed time:         6.0618
  Column time:         0.6982
     Row time:         1.9110
Legendre time:         0.6650
     FFT time:         0.4850
   Solve time:         0.1589
    rlma time:         0.0977
    rlmb time:         0.0373
  pspace time:         0.9065
  psolve time:         0.6069
    dphi time:         0.0566
captured time:         5.6231

     iter/sec:         8.2484
//////////////////////////////////////////////
