 //////////////////////////////////////
 Initializating Rayleigh...

 -- Initalizing MPI...
 ---- Specified parameters:
 ---- NCPU  :    128
 ---- NPROW :     16
 ---- NPCOL :      8
 -- MPI initialized.


 -- Initalizing Grid...
 ---- Specified parameters ----
 ---- N_R                 :    128
 ---- N_THETA             :    192
 ---- Ell_MAX             :    127
 ---- R_MIN               :  5.38462E-01
 ---- R_MAX               :  1.53846E+00
 ---- Chebyshev Domains   :      1

        Domain 1
          Grid points           :  128
          Dealiased Polynomials :  85
          Domain Lower Bound    :  5.38462E-01
          Domain Upper Bound    :  1.53846E+00

 -- Grid initialized.

 -- Initalizing Reference State...
 ---- Specified parameters:
 ---- Reference type           :  Boussinesq (Non-dimensional)
 ---- Rayleigh Number          :  1.00000E+05
 ---- Ekman Number             :  1.00000E-03
 ---- Prandtl Number           :  1.00000E+00
 ---- Magnetic Prandtl Number  :  5.00000E+00
 -- Reference State initialized.

 -- Initializing Fields...
 ---- Specified parameters:
 ---- Hydro Init Type    : Benchmark (Christensen et al. 2001)
 ---- Magnetic Init Type : Benchmark (Christensen et al. 2001)
 -- Fields initialized.

 Initialization Complete.
 //////////////////////////////////////

 Timestep has changed from  0.00000E+00 to  1.00000E-04.
 Iteration:  00000001   DeltaT:  1.000E-04   Iter/sec:  0.000E+00
 Timestep has changed from  1.00000E-04 to  2.55581E-06.
 Iteration:  00000002   DeltaT:  2.556E-06   Iter/sec:  2.239E+00
 Iteration:  00000003   DeltaT:  2.556E-06   Iter/sec:  4.606E+00
 Iteration:  00000004   DeltaT:  2.556E-06   Iter/sec:  8.048E+00
 Iteration:  00000005   DeltaT:  2.556E-06   Iter/sec:  8.170E+00
 Iteration:  00000006   DeltaT:  2.556E-06   Iter/sec:  8.023E+00
 Iteration:  00000007   DeltaT:  2.556E-06   Iter/sec:  8.170E+00
 Iteration:  00000008   DeltaT:  2.556E-06   Iter/sec:  8.093E+00
 Iteration:  00000009   DeltaT:  2.556E-06   Iter/sec:  8.179E+00
 Iteration:  00000010   DeltaT:  2.556E-06   Iter/sec:  8.042E+00
 Iteration:  00000011   DeltaT:  2.556E-06   Iter/sec:  8.130E+00
 Iteration:  00000012   DeltaT:  2.556E-06   Iter/sec:  8.072E+00
 Iteration:  00000013   DeltaT:  2.556E-06   Iter/sec:  8.178E+00
 Iteration:  00000014   DeltaT:  2.556E-06   Iter/sec:  8.098E+00
 Iteration:  00000015   DeltaT:  2.556E-06   Iter/sec:  8.156E+00
 Iteration:  00000016   DeltaT:  2.556E-06   Iter/sec:  8.123E+00
 Iteration:  00000017   DeltaT:  2.556E-06   Iter/sec:  8.198E+00
 Iteration:  00000018   DeltaT:  2.556E-06   Iter/sec:  8.127E+00
 Iteration:  00000019   DeltaT:  2.556E-06   Iter/sec:  8.204E+00
 Iteration:  00000020   DeltaT:  2.556E-06   Iter/sec:  8.069E+00
 Iteration:  00000021   DeltaT:  2.556E-06   Iter/sec:  8.185E+00
 Iteration:  00000022   DeltaT:  2.556E-06   Iter/sec:  8.048E+00
 Iteration:  00000023   DeltaT:  2.556E-06   Iter/sec:  8.207E+00
 Iteration:  00000024   DeltaT:  2.556E-06   Iter/sec:  8.042E+00
 Iteration:  00000025   DeltaT:  2.556E-06   Iter/sec:  8.261E+00
 Iteration:  00000026   DeltaT:  2.556E-06   Iter/sec:  8.117E+00
 Iteration:  00000027   DeltaT:  2.556E-06   Iter/sec:  8.377E+00
 Iteration:  00000028   DeltaT:  2.556E-06   Iter/sec:  8.183E+00
 Iteration:  00000029   DeltaT:  2.556E-06   Iter/sec:  8.306E+00
 Iteration:  00000030   DeltaT:  2.556E-06   Iter/sec:  8.258E+00
 Iteration:  00000031   DeltaT:  2.556E-06   Iter/sec:  8.407E+00
 Iteration:  00000032   DeltaT:  2.556E-06   Iter/sec:  8.208E+00
 Iteration:  00000033   DeltaT:  2.556E-06   Iter/sec:  8.345E+00
 Iteration:  00000034   DeltaT:  2.556E-06   Iter/sec:  8.527E+00
 Iteration:  00000035   DeltaT:  2.556E-06   Iter/sec:  8.198E+00
 Iteration:  00000036   DeltaT:  2.556E-06   Iter/sec:  8.137E+00
 Iteration:  00000037   DeltaT:  2.556E-06   Iter/sec:  8.286E+00
 Iteration:  00000038   DeltaT:  2.556E-06   Iter/sec:  8.242E+00
 Iteration:  00000039   DeltaT:  2.556E-06   Iter/sec:  8.360E+00
 Iteration:  00000040   DeltaT:  2.556E-06   Iter/sec:  8.218E+00
 Iteration:  00000041   DeltaT:  2.556E-06   Iter/sec:  8.274E+00
 Iteration:  00000042   DeltaT:  2.556E-06   Iter/sec:  8.194E+00
 Iteration:  00000043   DeltaT:  2.556E-06   Iter/sec:  8.260E+00
 Iteration:  00000044   DeltaT:  2.556E-06   Iter/sec:  8.158E+00
 Iteration:  00000045   DeltaT:  2.556E-06   Iter/sec:  8.244E+00
 Iteration:  00000046   DeltaT:  2.556E-06   Iter/sec:  8.184E+00
 Iteration:  00000047   DeltaT:  2.556E-06   Iter/sec:  8.265E+00
 Iteration:  00000048   DeltaT:  2.556E-06   Iter/sec:  8.445E+00
 Iteration:  00000049   DeltaT:  2.556E-06   Iter/sec:  8.247E+00
 Iteration:  00000050   DeltaT:  2.556E-06   Iter/sec:  8.427E+00


//////////////////////////////////////////////
   Measured Timings for Process 0  (seconds)

 Elapsed time:         6.6758
  Column time:         0.5354
     Row time:         2.0441
Legendre time:         0.7668
     FFT time:         0.4788
   Solve time:         0.4154
    rlma time:         0.0894
    rlmb time:         0.0326
  pspace time:         0.9671
  psolve time:         0.7852
    dphi time:         0.0699
captured time:         6.1848

     iter/sec:         7.4898
//////////////////////////////////////////////
