 //////////////////////////////////////
 Initializating Rayleigh...

 -- Initalizing MPI...
 ---- Specified parameters:
 ---- NCPU  :   1024
 ---- NPROW :     32
 ---- NPCOL :     32
 -- MPI initialized.


 -- Initalizing Grid...
 ---- Specified parameters ----
 ---- N_R                 :    128
 ---- N_THETA             :    192
 ---- Ell_MAX             :    127
 ---- R_MIN               :  5.38462E-01
 ---- R_MAX               :  1.53846E+00
 ---- Chebyshev Domains   :      1

        Domain 1
          Grid points           :  128
          Dealiased Polynomials :  85
          Domain Lower Bound    :  5.38462E-01
          Domain Upper Bound    :  1.53846E+00

 -- Grid initialized.

 -- Initalizing Reference State...
 ---- Specified parameters:
 ---- Reference type           :  Boussinesq (Non-dimensional)
 ---- Rayleigh Number          :  1.00000E+05
 ---- Ekman Number             :  1.00000E-03
 ---- Prandtl Number           :  1.00000E+00
 ---- Magnetic Prandtl Number  :  5.00000E+00
 -- Reference State initialized.

 -- Initializing Fields...
 ---- Specified parameters:
 ---- Hydro Init Type    : Benchmark (Christensen et al. 2001)
 ---- Magnetic Init Type : Benchmark (Christensen et al. 2001)
 -- Fields initialized.

 Initialization Complete.
 //////////////////////////////////////

 Timestep has changed from  0.00000E+00 to  1.00000E-04.
 Iteration:  00000001   DeltaT:  1.000E-04   Iter/sec:  0.000E+00
 Timestep has changed from  1.00000E-04 to  2.55581E-06.
 Iteration:  00000002   DeltaT:  2.556E-06   Iter/sec:  7.293E+00
 Iteration:  00000003   DeltaT:  2.556E-06   Iter/sec:  2.443E+01
 Iteration:  00000004   DeltaT:  2.556E-06   Iter/sec:  5.783E+01
 Iteration:  00000005   DeltaT:  2.556E-06   Iter/sec:  5.124E+01
 Iteration:  00000006   DeltaT:  2.556E-06   Iter/sec:  2.050E+01
 Iteration:  00000007   DeltaT:  2.556E-06   Iter/sec:  2.438E+01
 Iteration:  00000008   DeltaT:  2.556E-06   Iter/sec:  5.832E+01
 Iteration:  00000009   DeltaT:  2.556E-06   Iter/sec:  5.300E+01
 Iteration:  00000010   DeltaT:  2.556E-06   Iter/sec:  5.262E+01
 Iteration:  00000011   DeltaT:  2.556E-06   Iter/sec:  5.602E+01
 Iteration:  00000012   DeltaT:  2.556E-06   Iter/sec:  5.324E+01
 Iteration:  00000013   DeltaT:  2.556E-06   Iter/sec:  5.319E+01
 Iteration:  00000014   DeltaT:  2.556E-06   Iter/sec:  5.753E+01
 Iteration:  00000015   DeltaT:  2.556E-06   Iter/sec:  5.241E+01
 Iteration:  00000016   DeltaT:  2.556E-06   Iter/sec:  5.564E+01
 Iteration:  00000017   DeltaT:  2.556E-06   Iter/sec:  4.761E+01
 Iteration:  00000018   DeltaT:  2.556E-06   Iter/sec:  2.507E+01
 Iteration:  00000019   DeltaT:  2.556E-06   Iter/sec:  1.452E+01
 Iteration:  00000020   DeltaT:  2.556E-06   Iter/sec:  3.302E+01
 Iteration:  00000021   DeltaT:  2.556E-06   Iter/sec:  5.325E+01
 Iteration:  00000022   DeltaT:  2.556E-06   Iter/sec:  5.517E+01
 Iteration:  00000023   DeltaT:  2.556E-06   Iter/sec:  5.468E+01
 Iteration:  00000024   DeltaT:  2.556E-06   Iter/sec:  5.552E+01
 Iteration:  00000025   DeltaT:  2.556E-06   Iter/sec:  5.005E+01
 Iteration:  00000026   DeltaT:  2.556E-06   Iter/sec:  6.450E+01
 Iteration:  00000027   DeltaT:  2.556E-06   Iter/sec:  5.301E+01
 Iteration:  00000028   DeltaT:  2.556E-06   Iter/sec:  5.650E+01
 Iteration:  00000029   DeltaT:  2.556E-06   Iter/sec:  5.015E+01
 Iteration:  00000030   DeltaT:  2.556E-06   Iter/sec:  6.089E+01
 Iteration:  00000031   DeltaT:  2.556E-06   Iter/sec:  4.986E+01
 Iteration:  00000032   DeltaT:  2.556E-06   Iter/sec:  4.981E+01
 Iteration:  00000033   DeltaT:  2.556E-06   Iter/sec:  5.532E+01
 Iteration:  00000034   DeltaT:  2.556E-06   Iter/sec:  5.132E+01
 Iteration:  00000035   DeltaT:  2.556E-06   Iter/sec:  5.000E+01
 Iteration:  00000036   DeltaT:  2.556E-06   Iter/sec:  5.061E+01
 Iteration:  00000037   DeltaT:  2.556E-06   Iter/sec:  5.529E+01
 Iteration:  00000038   DeltaT:  2.556E-06   Iter/sec:  5.065E+01
 Iteration:  00000039   DeltaT:  2.556E-06   Iter/sec:  5.249E+01
 Iteration:  00000040   DeltaT:  2.556E-06   Iter/sec:  5.987E+01
 Iteration:  00000041   DeltaT:  2.556E-06   Iter/sec:  4.989E+01
 Iteration:  00000042   DeltaT:  2.556E-06   Iter/sec:  5.121E+01
 Iteration:  00000043   DeltaT:  2.556E-06   Iter/sec:  5.366E+01
 Iteration:  00000044   DeltaT:  2.556E-06   Iter/sec:  5.375E+01
 Iteration:  00000045   DeltaT:  2.556E-06   Iter/sec:  5.438E+01
 Iteration:  00000046   DeltaT:  2.556E-06   Iter/sec:  2.929E+01
 Iteration:  00000047   DeltaT:  2.556E-06   Iter/sec:  2.321E+01
 Iteration:  00000048   DeltaT:  2.556E-06   Iter/sec:  5.555E+01
 Iteration:  00000049   DeltaT:  2.556E-06   Iter/sec:  5.888E+01
 Iteration:  00000050   DeltaT:  2.556E-06   Iter/sec:  5.015E+01


//////////////////////////////////////////////
   Measured Timings for Process 0  (seconds)

 Elapsed time:         2.7026
  Column time:         0.5562
     Row time:         0.2560
Legendre time:         0.0506
     FFT time:         0.0372
   Solve time:         0.1094
    rlma time:         0.0122
    rlmb time:         0.0050
  pspace time:         0.0233
  psolve time:         0.0950
    dphi time:         0.0029
captured time:         1.1478

     iter/sec:        18.5008
//////////////////////////////////////////////
