 //////////////////////////////////////
 Initializating Rayleigh...

 -- Initalizing MPI...
 ---- Specified parameters:
 ---- NCPU  :     16
 ---- NPROW :      4
 ---- NPCOL :      4
 -- MPI initialized.


 -- Initalizing Grid...
 ---- Specified parameters ----
 ---- N_R                 :    128
 ---- N_THETA             :    192
 ---- Ell_MAX             :    127
 ---- R_MIN               :  5.38462E-01
 ---- R_MAX               :  1.53846E+00
 ---- Chebyshev Domains   :      1

        Domain 1
          Grid points           :  128
          Dealiased Polynomials :  85
          Domain Lower Bound    :  5.38462E-01
          Domain Upper Bound    :  1.53846E+00

 -- Grid initialized.

 -- Initalizing Reference State...
 ---- Specified parameters:
 ---- Reference type           :  Boussinesq (Non-dimensional)
 ---- Rayleigh Number          :  1.00000E+05
 ---- Ekman Number             :  1.00000E-03
 ---- Prandtl Number           :  1.00000E+00
 ---- Magnetic Prandtl Number  :  5.00000E+00
 -- Reference State initialized.

 -- Initializing Fields...
 ---- Specified parameters:
 ---- Hydro Init Type    : Benchmark (Christensen et al. 2001)
 ---- Magnetic Init Type : Benchmark (Christensen et al. 2001)
 -- Fields initialized.

 Initialization Complete.
 //////////////////////////////////////

 Timestep has changed from  0.00000E+00 to  1.00000E-04.
 Iteration:  00000001   DeltaT:  1.000E-04   Iter/sec:  0.000E+00
 Timestep has changed from  1.00000E-04 to  2.55581E-06.
 Iteration:  00000002   DeltaT:  2.556E-06   Iter/sec:  6.759E-01
 Iteration:  00000003   DeltaT:  2.556E-06   Iter/sec:  7.557E-01
 Iteration:  00000004   DeltaT:  2.556E-06   Iter/sec:  8.415E-01
 Iteration:  00000005   DeltaT:  2.556E-06   Iter/sec:  8.485E-01
 Iteration:  00000006   DeltaT:  2.556E-06   Iter/sec:  8.488E-01
 Iteration:  00000007   DeltaT:  2.556E-06   Iter/sec:  8.468E-01
 Iteration:  00000008   DeltaT:  2.556E-06   Iter/sec:  8.464E-01
 Iteration:  00000009   DeltaT:  2.556E-06   Iter/sec:  8.480E-01
 Iteration:  00000010   DeltaT:  2.556E-06   Iter/sec:  8.396E-01
 Iteration:  00000011   DeltaT:  2.556E-06   Iter/sec:  8.514E-01
 Iteration:  00000012   DeltaT:  2.556E-06   Iter/sec:  8.363E-01
 Iteration:  00000013   DeltaT:  2.556E-06   Iter/sec:  8.444E-01
 Iteration:  00000014   DeltaT:  2.556E-06   Iter/sec:  8.440E-01
 Iteration:  00000015   DeltaT:  2.556E-06   Iter/sec:  8.487E-01
 Iteration:  00000016   DeltaT:  2.556E-06   Iter/sec:  8.478E-01
 Iteration:  00000017   DeltaT:  2.556E-06   Iter/sec:  8.509E-01
 Iteration:  00000018   DeltaT:  2.556E-06   Iter/sec:  8.468E-01
 Iteration:  00000019   DeltaT:  2.556E-06   Iter/sec:  8.526E-01
 Iteration:  00000020   DeltaT:  2.556E-06   Iter/sec:  8.479E-01
 Iteration:  00000021   DeltaT:  2.556E-06   Iter/sec:  8.435E-01
 Iteration:  00000022   DeltaT:  2.556E-06   Iter/sec:  8.481E-01
 Iteration:  00000023   DeltaT:  2.556E-06   Iter/sec:  8.428E-01
 Iteration:  00000024   DeltaT:  2.556E-06   Iter/sec:  8.455E-01
 Iteration:  00000025   DeltaT:  2.556E-06   Iter/sec:  8.497E-01
 Iteration:  00000026   DeltaT:  2.556E-06   Iter/sec:  8.498E-01
 Iteration:  00000027   DeltaT:  2.556E-06   Iter/sec:  8.430E-01
 Iteration:  00000028   DeltaT:  2.556E-06   Iter/sec:  8.449E-01
 Iteration:  00000029   DeltaT:  2.556E-06   Iter/sec:  8.518E-01
 Iteration:  00000030   DeltaT:  2.556E-06   Iter/sec:  8.453E-01
 Iteration:  00000031   DeltaT:  2.556E-06   Iter/sec:  8.475E-01
 Iteration:  00000032   DeltaT:  2.556E-06   Iter/sec:  8.429E-01
 Iteration:  00000033   DeltaT:  2.556E-06   Iter/sec:  8.510E-01
 Iteration:  00000034   DeltaT:  2.556E-06   Iter/sec:  8.457E-01
 Iteration:  00000035   DeltaT:  2.556E-06   Iter/sec:  8.452E-01
 Iteration:  00000036   DeltaT:  2.556E-06   Iter/sec:  8.459E-01
 Iteration:  00000037   DeltaT:  2.556E-06   Iter/sec:  8.460E-01
 Iteration:  00000038   DeltaT:  2.556E-06   Iter/sec:  8.466E-01
 Iteration:  00000039   DeltaT:  2.556E-06   Iter/sec:  8.443E-01
 Iteration:  00000040   DeltaT:  2.556E-06   Iter/sec:  8.520E-01
 Iteration:  00000041   DeltaT:  2.556E-06   Iter/sec:  8.437E-01
 Iteration:  00000042   DeltaT:  2.556E-06   Iter/sec:  8.525E-01
 Iteration:  00000043   DeltaT:  2.556E-06   Iter/sec:  8.421E-01
 Iteration:  00000044   DeltaT:  2.556E-06   Iter/sec:  8.426E-01
 Iteration:  00000045   DeltaT:  2.556E-06   Iter/sec:  8.460E-01
 Iteration:  00000046   DeltaT:  2.556E-06   Iter/sec:  8.502E-01
 Iteration:  00000047   DeltaT:  2.556E-06   Iter/sec:  8.480E-01
 Iteration:  00000048   DeltaT:  2.556E-06   Iter/sec:  8.434E-01
 Iteration:  00000049   DeltaT:  2.556E-06   Iter/sec:  8.495E-01
 Iteration:  00000050   DeltaT:  2.556E-06   Iter/sec:  8.422E-01


//////////////////////////////////////////////
   Measured Timings for Process 0  (seconds)

 Elapsed time:        59.8254
  Column time:         3.1213
     Row time:        24.3376
Legendre time:         7.6154
     FFT time:         3.9653
   Solve time:         1.4035
    rlma time:         1.1728
    rlmb time:         0.4169
  pspace time:         9.0010
  psolve time:         6.9426
    dphi time:         0.4550
captured time:        58.4314

     iter/sec:         0.8358
//////////////////////////////////////////////
