 //////////////////////////////////////
 Initializating Rayleigh...

 -- Initalizing MPI...
 ---- Specified parameters:
 ---- NCPU  :    512
 ---- NPROW :     32
 ---- NPCOL :     16
 -- MPI initialized.


 -- Initalizing Grid...
 ---- Specified parameters ----
 ---- N_R                 :     64
 ---- N_THETA             :    384
 ---- Ell_MAX             :    255
 ---- R_MIN               :  5.38462E-01
 ---- R_MAX               :  1.53846E+00
 ---- Chebyshev Domains   :      1

        Domain 1
          Grid points           :  64
          Dealiased Polynomials :  42
          Domain Lower Bound    :  5.38462E-01
          Domain Upper Bound    :  1.53846E+00

 -- Grid initialized.

 -- Initalizing Reference State...
 ---- Specified parameters:
 ---- Reference type           :  Boussinesq (Non-dimensional)
 ---- Rayleigh Number          :  1.00000E+05
 ---- Ekman Number             :  1.00000E-03
 ---- Prandtl Number           :  1.00000E+00
 ---- Magnetic Prandtl Number  :  5.00000E+00
 -- Reference State initialized.

 -- Initializing Fields...
 ---- Specified parameters:
 ---- Hydro Init Type    : Benchmark (Christensen et al. 2001)
 ---- Magnetic Init Type : Benchmark (Christensen et al. 2001)
 -- Fields initialized.

 Initialization Complete.
 //////////////////////////////////////

 Timestep has changed from  0.00000E+00 to  1.00000E-04.
 Iteration:  00000001   DeltaT:  1.000E-04   Iter/sec:  0.000E+00
 Timestep has changed from  1.00000E-04 to  1.02211E-05.
 Iteration:  00000002   DeltaT:  1.022E-05   Iter/sec:  4.153E+00
 Iteration:  00000003   DeltaT:  1.022E-05   Iter/sec:  1.103E+01
 Iteration:  00000004   DeltaT:  1.022E-05   Iter/sec:  1.399E+01
 Iteration:  00000005   DeltaT:  1.022E-05   Iter/sec:  1.330E+01
 Iteration:  00000006   DeltaT:  1.022E-05   Iter/sec:  1.466E+01
 Iteration:  00000007   DeltaT:  1.022E-05   Iter/sec:  1.381E+01
 Iteration:  00000008   DeltaT:  1.022E-05   Iter/sec:  1.419E+01
 Iteration:  00000009   DeltaT:  1.022E-05   Iter/sec:  1.430E+01
 Iteration:  00000010   DeltaT:  1.022E-05   Iter/sec:  1.392E+01
 Iteration:  00000011   DeltaT:  1.022E-05   Iter/sec:  1.466E+01
 Iteration:  00000012   DeltaT:  1.022E-05   Iter/sec:  1.408E+01
 Iteration:  00000013   DeltaT:  1.022E-05   Iter/sec:  1.426E+01
 Iteration:  00000014   DeltaT:  1.022E-05   Iter/sec:  1.414E+01
 Iteration:  00000015   DeltaT:  1.022E-05   Iter/sec:  1.403E+01
 Iteration:  00000016   DeltaT:  1.022E-05   Iter/sec:  1.476E+01
 Iteration:  00000017   DeltaT:  1.022E-05   Iter/sec:  1.423E+01
 Iteration:  00000018   DeltaT:  1.022E-05   Iter/sec:  1.342E+01
 Iteration:  00000019   DeltaT:  1.022E-05   Iter/sec:  1.401E+01
 Iteration:  00000020   DeltaT:  1.022E-05   Iter/sec:  1.382E+01
 Iteration:  00000021   DeltaT:  1.022E-05   Iter/sec:  1.431E+01
 Iteration:  00000022   DeltaT:  1.022E-05   Iter/sec:  1.327E+01
 Iteration:  00000023   DeltaT:  1.022E-05   Iter/sec:  1.409E+01
 Iteration:  00000024   DeltaT:  1.022E-05   Iter/sec:  1.402E+01
 Iteration:  00000025   DeltaT:  1.022E-05   Iter/sec:  1.448E+01
 Iteration:  00000026   DeltaT:  1.022E-05   Iter/sec:  1.374E+01
 Iteration:  00000027   DeltaT:  1.022E-05   Iter/sec:  1.386E+01
 Iteration:  00000028   DeltaT:  1.022E-05   Iter/sec:  1.432E+01
 Iteration:  00000029   DeltaT:  1.022E-05   Iter/sec:  1.392E+01
 Iteration:  00000030   DeltaT:  1.022E-05   Iter/sec:  1.364E+01
 Iteration:  00000031   DeltaT:  1.022E-05   Iter/sec:  1.492E+01
 Iteration:  00000032   DeltaT:  1.022E-05   Iter/sec:  1.406E+01
 Iteration:  00000033   DeltaT:  1.022E-05   Iter/sec:  1.396E+01
 Iteration:  00000034   DeltaT:  1.022E-05   Iter/sec:  1.368E+01
 Iteration:  00000035   DeltaT:  1.022E-05   Iter/sec:  1.466E+01
 Iteration:  00000036   DeltaT:  1.022E-05   Iter/sec:  1.425E+01
 Iteration:  00000037   DeltaT:  1.022E-05   Iter/sec:  1.426E+01
 Iteration:  00000038   DeltaT:  1.022E-05   Iter/sec:  1.424E+01
 Iteration:  00000039   DeltaT:  1.022E-05   Iter/sec:  1.397E+01
 Iteration:  00000040   DeltaT:  1.022E-05   Iter/sec:  1.377E+01
 Iteration:  00000041   DeltaT:  1.022E-05   Iter/sec:  1.368E+01
 Iteration:  00000042   DeltaT:  1.022E-05   Iter/sec:  1.452E+01
 Iteration:  00000043   DeltaT:  1.022E-05   Iter/sec:  1.398E+01
 Iteration:  00000044   DeltaT:  1.022E-05   Iter/sec:  1.365E+01
 Iteration:  00000045   DeltaT:  1.022E-05   Iter/sec:  1.431E+01
 Iteration:  00000046   DeltaT:  1.022E-05   Iter/sec:  1.374E+01
 Iteration:  00000047   DeltaT:  1.022E-05   Iter/sec:  1.373E+01
 Iteration:  00000048   DeltaT:  1.022E-05   Iter/sec:  1.407E+01
 Iteration:  00000049   DeltaT:  1.022E-05   Iter/sec:  1.358E+01
 Iteration:  00000050   DeltaT:  1.022E-05   Iter/sec:  1.396E+01


//////////////////////////////////////////////
   Measured Timings for Process 0  (seconds)

 Elapsed time:         5.7788
  Column time:         1.2435
     Row time:         1.1053
Legendre time:         0.3316
     FFT time:         0.2274
   Solve time:         0.1139
    rlma time:         0.0449
    rlmb time:         0.0180
  pspace time:         0.2623
  psolve time:         0.2063
    dphi time:         0.0186
captured time:         3.5719

     iter/sec:         8.6523
//////////////////////////////////////////////
