 //////////////////////////////////////
 Initializating Rayleigh...

 -- Initalizing MPI...
 ---- Specified parameters:
 ---- NCPU  :    512
 ---- NPROW :     32
 ---- NPCOL :     16
 -- MPI initialized.


 -- Initalizing Grid...
 ---- Specified parameters ----
 ---- N_R                 :    128
 ---- N_THETA             :    192
 ---- Ell_MAX             :    127
 ---- R_MIN               :  5.38462E-01
 ---- R_MAX               :  1.53846E+00
 ---- Chebyshev Domains   :      1

        Domain 1
          Grid points           :  128
          Dealiased Polynomials :  85
          Domain Lower Bound    :  5.38462E-01
          Domain Upper Bound    :  1.53846E+00

 -- Grid initialized.

 -- Initalizing Reference State...
 ---- Specified parameters:
 ---- Reference type           :  Boussinesq (Non-dimensional)
 ---- Rayleigh Number          :  1.00000E+05
 ---- Ekman Number             :  1.00000E-03
 ---- Prandtl Number           :  1.00000E+00
 ---- Magnetic Prandtl Number  :  5.00000E+00
 -- Reference State initialized.

 -- Initializing Fields...
 ---- Specified parameters:
 ---- Hydro Init Type    : Benchmark (Christensen et al. 2001)
 ---- Magnetic Init Type : Benchmark (Christensen et al. 2001)
 -- Fields initialized.

 Initialization Complete.
 //////////////////////////////////////

 Timestep has changed from  0.00000E+00 to  1.00000E-04.
 Iteration:  00000001   DeltaT:  1.000E-04   Iter/sec:  0.000E+00
 Timestep has changed from  1.00000E-04 to  2.55581E-06.
 Iteration:  00000002   DeltaT:  2.556E-06   Iter/sec:  6.312E+00
 Iteration:  00000003   DeltaT:  2.556E-06   Iter/sec:  1.270E+01
 Iteration:  00000004   DeltaT:  2.556E-06   Iter/sec:  3.027E+01
 Iteration:  00000005   DeltaT:  2.556E-06   Iter/sec:  2.928E+01
 Iteration:  00000006   DeltaT:  2.556E-06   Iter/sec:  3.115E+01
 Iteration:  00000007   DeltaT:  2.556E-06   Iter/sec:  3.126E+01
 Iteration:  00000008   DeltaT:  2.556E-06   Iter/sec:  3.186E+01
 Iteration:  00000009   DeltaT:  2.556E-06   Iter/sec:  3.194E+01
 Iteration:  00000010   DeltaT:  2.556E-06   Iter/sec:  3.006E+01
 Iteration:  00000011   DeltaT:  2.556E-06   Iter/sec:  3.122E+01
 Iteration:  00000012   DeltaT:  2.556E-06   Iter/sec:  3.082E+01
 Iteration:  00000013   DeltaT:  2.556E-06   Iter/sec:  3.126E+01
 Iteration:  00000014   DeltaT:  2.556E-06   Iter/sec:  3.058E+01
 Iteration:  00000015   DeltaT:  2.556E-06   Iter/sec:  3.220E+01
 Iteration:  00000016   DeltaT:  2.556E-06   Iter/sec:  3.118E+01
 Iteration:  00000017   DeltaT:  2.556E-06   Iter/sec:  3.279E+01
 Iteration:  00000018   DeltaT:  2.556E-06   Iter/sec:  3.044E+01
 Iteration:  00000019   DeltaT:  2.556E-06   Iter/sec:  3.013E+01
 Iteration:  00000020   DeltaT:  2.556E-06   Iter/sec:  3.150E+01
 Iteration:  00000021   DeltaT:  2.556E-06   Iter/sec:  3.310E+01
 Iteration:  00000022   DeltaT:  2.556E-06   Iter/sec:  3.028E+01
 Iteration:  00000023   DeltaT:  2.556E-06   Iter/sec:  3.055E+01
 Iteration:  00000024   DeltaT:  2.556E-06   Iter/sec:  3.178E+01
 Iteration:  00000025   DeltaT:  2.556E-06   Iter/sec:  3.019E+01
 Iteration:  00000026   DeltaT:  2.556E-06   Iter/sec:  3.347E+01
 Iteration:  00000027   DeltaT:  2.556E-06   Iter/sec:  3.084E+01
 Iteration:  00000028   DeltaT:  2.556E-06   Iter/sec:  3.258E+01
 Iteration:  00000029   DeltaT:  2.556E-06   Iter/sec:  3.107E+01
 Iteration:  00000030   DeltaT:  2.556E-06   Iter/sec:  3.175E+01
 Iteration:  00000031   DeltaT:  2.556E-06   Iter/sec:  2.991E+01
 Iteration:  00000032   DeltaT:  2.556E-06   Iter/sec:  2.976E+01
 Iteration:  00000033   DeltaT:  2.556E-06   Iter/sec:  3.184E+01
 Iteration:  00000034   DeltaT:  2.556E-06   Iter/sec:  3.186E+01
 Iteration:  00000035   DeltaT:  2.556E-06   Iter/sec:  3.134E+01
 Iteration:  00000036   DeltaT:  2.556E-06   Iter/sec:  3.168E+01
 Iteration:  00000037   DeltaT:  2.556E-06   Iter/sec:  3.131E+01
 Iteration:  00000038   DeltaT:  2.556E-06   Iter/sec:  3.031E+01
 Iteration:  00000039   DeltaT:  2.556E-06   Iter/sec:  3.134E+01
 Iteration:  00000040   DeltaT:  2.556E-06   Iter/sec:  3.024E+01
 Iteration:  00000041   DeltaT:  2.556E-06   Iter/sec:  3.228E+01
 Iteration:  00000042   DeltaT:  2.556E-06   Iter/sec:  3.023E+01
 Iteration:  00000043   DeltaT:  2.556E-06   Iter/sec:  3.246E+01
 Iteration:  00000044   DeltaT:  2.556E-06   Iter/sec:  2.989E+01
 Iteration:  00000045   DeltaT:  2.556E-06   Iter/sec:  3.109E+01
 Iteration:  00000046   DeltaT:  2.556E-06   Iter/sec:  3.105E+01
 Iteration:  00000047   DeltaT:  2.556E-06   Iter/sec:  3.201E+01
 Iteration:  00000048   DeltaT:  2.556E-06   Iter/sec:  3.207E+01
 Iteration:  00000049   DeltaT:  2.556E-06   Iter/sec:  3.132E+01
 Iteration:  00000050   DeltaT:  2.556E-06   Iter/sec:  3.078E+01


//////////////////////////////////////////////
   Measured Timings for Process 0  (seconds)

 Elapsed time:         2.1132
  Column time:         0.5134
     Row time:         0.4517
Legendre time:         0.1048
     FFT time:         0.1080
   Solve time:         0.2015
    rlma time:         0.0207
    rlmb time:         0.0085
  pspace time:         0.0871
  psolve time:         0.1777
    dphi time:         0.0102
captured time:         1.6834

     iter/sec:        23.6606
//////////////////////////////////////////////
