 //////////////////////////////////////
 Initializating Rayleigh...

 -- Initalizing MPI...
 ---- Specified parameters:
 ---- NCPU  :     64
 ---- NPROW :      8
 ---- NPCOL :      8
 -- MPI initialized.


 -- Initalizing Grid...
 ---- Specified parameters ----
 ---- N_R                 :    128
 ---- N_THETA             :    384
 ---- Ell_MAX             :    255
 ---- R_MIN               :  5.38462E-01
 ---- R_MAX               :  1.53846E+00
 ---- Chebyshev Domains   :      1

        Domain 1
          Grid points           :  128
          Dealiased Polynomials :  85
          Domain Lower Bound    :  5.38462E-01
          Domain Upper Bound    :  1.53846E+00

 -- Grid initialized.

 -- Initalizing Reference State...
 ---- Specified parameters:
 ---- Reference type           :  Boussinesq (Non-dimensional)
 ---- Rayleigh Number          :  1.00000E+05
 ---- Ekman Number             :  1.00000E-03
 ---- Prandtl Number           :  1.00000E+00
 ---- Magnetic Prandtl Number  :  5.00000E+00
 -- Reference State initialized.

 -- Initializing Fields...
 ---- Specified parameters:
 ---- Hydro Init Type    : Benchmark (Christensen et al. 2001)
 ---- Magnetic Init Type : Benchmark (Christensen et al. 2001)
 -- Fields initialized.

 Initialization Complete.
 //////////////////////////////////////

 Timestep has changed from  0.00000E+00 to  1.00000E-04.
 Iteration:  00000001   DeltaT:  1.000E-04   Iter/sec:  0.000E+00
 Timestep has changed from  1.00000E-04 to  2.55566E-06.
 Iteration:  00000002   DeltaT:  2.556E-06   Iter/sec:  6.138E-01
 Iteration:  00000003   DeltaT:  2.556E-06   Iter/sec:  7.824E-01
 Iteration:  00000004   DeltaT:  2.556E-06   Iter/sec:  8.828E-01
 Iteration:  00000005   DeltaT:  2.556E-06   Iter/sec:  8.952E-01
 Iteration:  00000006   DeltaT:  2.556E-06   Iter/sec:  8.943E-01
 Iteration:  00000007   DeltaT:  2.556E-06   Iter/sec:  8.850E-01
 Iteration:  00000008   DeltaT:  2.556E-06   Iter/sec:  8.805E-01
 Iteration:  00000009   DeltaT:  2.556E-06   Iter/sec:  8.925E-01
 Iteration:  00000010   DeltaT:  2.556E-06   Iter/sec:  8.801E-01
 Iteration:  00000011   DeltaT:  2.556E-06   Iter/sec:  8.874E-01
 Iteration:  00000012   DeltaT:  2.556E-06   Iter/sec:  8.942E-01
 Iteration:  00000013   DeltaT:  2.556E-06   Iter/sec:  8.347E-01
 Iteration:  00000014   DeltaT:  2.556E-06   Iter/sec:  8.903E-01
 Iteration:  00000015   DeltaT:  2.556E-06   Iter/sec:  8.848E-01
 Iteration:  00000016   DeltaT:  2.556E-06   Iter/sec:  8.882E-01
 Iteration:  00000017   DeltaT:  2.556E-06   Iter/sec:  8.809E-01
 Iteration:  00000018   DeltaT:  2.556E-06   Iter/sec:  8.806E-01
 Iteration:  00000019   DeltaT:  2.556E-06   Iter/sec:  8.856E-01
 Iteration:  00000020   DeltaT:  2.556E-06   Iter/sec:  9.032E-01
 Iteration:  00000021   DeltaT:  2.556E-06   Iter/sec:  8.917E-01
 Iteration:  00000022   DeltaT:  2.556E-06   Iter/sec:  8.921E-01
 Iteration:  00000023   DeltaT:  2.556E-06   Iter/sec:  8.671E-01
 Iteration:  00000024   DeltaT:  2.556E-06   Iter/sec:  8.919E-01
 Iteration:  00000025   DeltaT:  2.556E-06   Iter/sec:  8.872E-01
 Iteration:  00000026   DeltaT:  2.556E-06   Iter/sec:  8.867E-01
 Iteration:  00000027   DeltaT:  2.556E-06   Iter/sec:  8.969E-01
 Iteration:  00000028   DeltaT:  2.556E-06   Iter/sec:  8.879E-01
 Iteration:  00000029   DeltaT:  2.556E-06   Iter/sec:  8.761E-01
 Iteration:  00000030   DeltaT:  2.556E-06   Iter/sec:  8.780E-01
 Iteration:  00000031   DeltaT:  2.556E-06   Iter/sec:  9.188E-01
 Iteration:  00000032   DeltaT:  2.556E-06   Iter/sec:  8.802E-01
 Iteration:  00000033   DeltaT:  2.556E-06   Iter/sec:  8.817E-01
 Iteration:  00000034   DeltaT:  2.556E-06   Iter/sec:  8.843E-01
 Iteration:  00000035   DeltaT:  2.556E-06   Iter/sec:  8.832E-01
 Iteration:  00000036   DeltaT:  2.556E-06   Iter/sec:  9.032E-01
 Iteration:  00000037   DeltaT:  2.556E-06   Iter/sec:  8.955E-01
 Iteration:  00000038   DeltaT:  2.556E-06   Iter/sec:  8.724E-01
 Iteration:  00000039   DeltaT:  2.556E-06   Iter/sec:  8.804E-01
 Iteration:  00000040   DeltaT:  2.556E-06   Iter/sec:  8.807E-01
 Iteration:  00000041   DeltaT:  2.556E-06   Iter/sec:  8.945E-01
 Iteration:  00000042   DeltaT:  2.556E-06   Iter/sec:  8.745E-01
 Iteration:  00000043   DeltaT:  2.556E-06   Iter/sec:  8.780E-01
 Iteration:  00000044   DeltaT:  2.556E-06   Iter/sec:  8.995E-01
 Iteration:  00000045   DeltaT:  2.556E-06   Iter/sec:  8.873E-01
 Iteration:  00000046   DeltaT:  2.556E-06   Iter/sec:  8.994E-01
 Iteration:  00000047   DeltaT:  2.556E-06   Iter/sec:  8.707E-01
 Iteration:  00000048   DeltaT:  2.556E-06   Iter/sec:  8.960E-01
 Iteration:  00000049   DeltaT:  2.556E-06   Iter/sec:  8.897E-01
 Iteration:  00000050   DeltaT:  2.556E-06   Iter/sec:  8.930E-01


//////////////////////////////////////////////
   Measured Timings for Process 0  (seconds)

 Elapsed time:        57.9515
  Column time:         5.5676
     Row time:        20.5623
Legendre time:         7.7930
     FFT time:         4.0088
   Solve time:         1.4579
    rlma time:         1.2058
    rlmb time:         0.5713
  pspace time:         7.8354
  psolve time:         6.6198
    dphi time:         0.3003
captured time:        55.9222

     iter/sec:         0.8628
//////////////////////////////////////////////
