 //////////////////////////////////////
 Initializating Rayleigh...

 -- Initalizing MPI...
 ---- Specified parameters:
 ---- NCPU  :     16
 ---- NPROW :      4
 ---- NPCOL :      4
 -- MPI initialized.


 -- Initalizing Grid...
 ---- Specified parameters ----
 ---- N_R                 :     64
 ---- N_THETA             :    384
 ---- Ell_MAX             :    255
 ---- R_MIN               :  5.38462E-01
 ---- R_MAX               :  1.53846E+00
 ---- Chebyshev Domains   :      1

        Domain 1
          Grid points           :  64
          Dealiased Polynomials :  42
          Domain Lower Bound    :  5.38462E-01
          Domain Upper Bound    :  1.53846E+00

 -- Grid initialized.

 -- Initalizing Reference State...
 ---- Specified parameters:
 ---- Reference type           :  Boussinesq (Non-dimensional)
 ---- Rayleigh Number          :  1.00000E+05
 ---- Ekman Number             :  1.00000E-03
 ---- Prandtl Number           :  1.00000E+00
 ---- Magnetic Prandtl Number  :  5.00000E+00
 -- Reference State initialized.

 -- Initializing Fields...
 ---- Specified parameters:
 ---- Hydro Init Type    : Benchmark (Christensen et al. 2001)
 ---- Magnetic Init Type : Benchmark (Christensen et al. 2001)
 -- Fields initialized.

 Initialization Complete.
 //////////////////////////////////////

 Timestep has changed from  0.00000E+00 to  1.00000E-04.
 Iteration:  00000001   DeltaT:  1.000E-04   Iter/sec:  0.000E+00
 Timestep has changed from  1.00000E-04 to  1.02211E-05.
 Iteration:  00000002   DeltaT:  1.022E-05   Iter/sec:  3.327E-01
 Iteration:  00000003   DeltaT:  1.022E-05   Iter/sec:  4.091E-01
 Iteration:  00000004   DeltaT:  1.022E-05   Iter/sec:  4.145E-01
 Iteration:  00000005   DeltaT:  1.022E-05   Iter/sec:  4.128E-01
 Iteration:  00000006   DeltaT:  1.022E-05   Iter/sec:  4.145E-01
 Iteration:  00000007   DeltaT:  1.022E-05   Iter/sec:  4.155E-01
 Iteration:  00000008   DeltaT:  1.022E-05   Iter/sec:  4.181E-01
 Iteration:  00000009   DeltaT:  1.022E-05   Iter/sec:  4.109E-01
 Iteration:  00000010   DeltaT:  1.022E-05   Iter/sec:  4.159E-01
 Iteration:  00000011   DeltaT:  1.022E-05   Iter/sec:  4.133E-01
 Iteration:  00000012   DeltaT:  1.022E-05   Iter/sec:  4.145E-01
 Iteration:  00000013   DeltaT:  1.022E-05   Iter/sec:  4.154E-01
 Iteration:  00000014   DeltaT:  1.022E-05   Iter/sec:  4.165E-01
 Iteration:  00000015   DeltaT:  1.022E-05   Iter/sec:  4.178E-01
 Iteration:  00000016   DeltaT:  1.022E-05   Iter/sec:  4.185E-01
 Iteration:  00000017   DeltaT:  1.022E-05   Iter/sec:  4.159E-01
 Iteration:  00000018   DeltaT:  1.022E-05   Iter/sec:  4.151E-01
 Iteration:  00000019   DeltaT:  1.022E-05   Iter/sec:  4.111E-01
 Iteration:  00000020   DeltaT:  1.022E-05   Iter/sec:  4.160E-01
 Iteration:  00000021   DeltaT:  1.022E-05   Iter/sec:  4.142E-01
 Iteration:  00000022   DeltaT:  1.022E-05   Iter/sec:  4.145E-01
 Iteration:  00000023   DeltaT:  1.022E-05   Iter/sec:  4.169E-01
 Iteration:  00000024   DeltaT:  1.022E-05   Iter/sec:  4.139E-01
 Iteration:  00000025   DeltaT:  1.022E-05   Iter/sec:  4.156E-01
 Iteration:  00000026   DeltaT:  1.022E-05   Iter/sec:  4.191E-01
 Iteration:  00000027   DeltaT:  1.022E-05   Iter/sec:  4.118E-01
 Iteration:  00000028   DeltaT:  1.022E-05   Iter/sec:  4.172E-01
 Iteration:  00000029   DeltaT:  1.022E-05   Iter/sec:  4.142E-01
 Iteration:  00000030   DeltaT:  1.022E-05   Iter/sec:  4.164E-01
 Iteration:  00000031   DeltaT:  1.022E-05   Iter/sec:  4.142E-01
 Iteration:  00000032   DeltaT:  1.022E-05   Iter/sec:  4.179E-01
 Iteration:  00000033   DeltaT:  1.022E-05   Iter/sec:  4.179E-01
 Iteration:  00000034   DeltaT:  1.022E-05   Iter/sec:  4.123E-01
 Iteration:  00000035   DeltaT:  1.022E-05   Iter/sec:  4.146E-01
 Iteration:  00000036   DeltaT:  1.022E-05   Iter/sec:  4.147E-01
 Iteration:  00000037   DeltaT:  1.022E-05   Iter/sec:  4.161E-01
 Iteration:  00000038   DeltaT:  1.022E-05   Iter/sec:  4.141E-01
 Iteration:  00000039   DeltaT:  1.022E-05   Iter/sec:  4.163E-01
 Iteration:  00000040   DeltaT:  1.022E-05   Iter/sec:  4.161E-01
 Iteration:  00000041   DeltaT:  1.022E-05   Iter/sec:  4.182E-01
 Iteration:  00000042   DeltaT:  1.022E-05   Iter/sec:  4.176E-01
 Iteration:  00000043   DeltaT:  1.022E-05   Iter/sec:  4.125E-01
 Iteration:  00000044   DeltaT:  1.022E-05   Iter/sec:  4.136E-01
 Iteration:  00000045   DeltaT:  1.022E-05   Iter/sec:  4.132E-01
 Iteration:  00000046   DeltaT:  1.022E-05   Iter/sec:  4.160E-01
 Iteration:  00000047   DeltaT:  1.022E-05   Iter/sec:  4.156E-01
 Iteration:  00000048   DeltaT:  1.022E-05   Iter/sec:  4.162E-01
 Iteration:  00000049   DeltaT:  1.022E-05   Iter/sec:  4.132E-01
 Iteration:  00000050   DeltaT:  1.022E-05   Iter/sec:  4.165E-01


//////////////////////////////////////////////
   Measured Timings for Process 0  (seconds)

 Elapsed time:       121.3904
  Column time:         6.9244
     Row time:        49.1319
Legendre time:        16.2272
     FFT time:         7.6275
   Solve time:         1.1742
    rlma time:         3.0394
    rlmb time:         1.2366
  pspace time:        17.8557
  psolve time:        13.8512
    dphi time:         1.0710
captured time:       118.1389

     iter/sec:         0.4119
//////////////////////////////////////////////
