 //////////////////////////////////////
 Initializating Rayleigh...

 -- Initalizing MPI...
 ---- Specified parameters:
 ---- NCPU  :     32
 ---- NPROW :      8
 ---- NPCOL :      4
 -- MPI initialized.


 -- Initalizing Grid...
 ---- Specified parameters ----
 ---- N_R                 :     64
 ---- N_THETA             :    384
 ---- Ell_MAX             :    255
 ---- R_MIN               :  5.38462E-01
 ---- R_MAX               :  1.53846E+00
 ---- Chebyshev Domains   :      1

        Domain 1
          Grid points           :  64
          Dealiased Polynomials :  42
          Domain Lower Bound    :  5.38462E-01
          Domain Upper Bound    :  1.53846E+00

 -- Grid initialized.

 -- Initalizing Reference State...
 ---- Specified parameters:
 ---- Reference type           :  Boussinesq (Non-dimensional)
 ---- Rayleigh Number          :  1.00000E+05
 ---- Ekman Number             :  1.00000E-03
 ---- Prandtl Number           :  1.00000E+00
 ---- Magnetic Prandtl Number  :  5.00000E+00
 -- Reference State initialized.

 -- Initializing Fields...
 ---- Specified parameters:
 ---- Hydro Init Type    : Benchmark (Christensen et al. 2001)
 ---- Magnetic Init Type : Benchmark (Christensen et al. 2001)
 -- Fields initialized.

 Initialization Complete.
 //////////////////////////////////////

 Timestep has changed from  0.00000E+00 to  1.00000E-04.
 Iteration:  00000001   DeltaT:  1.000E-04   Iter/sec:  0.000E+00
 Timestep has changed from  1.00000E-04 to  1.02211E-05.
 Iteration:  00000002   DeltaT:  1.022E-05   Iter/sec:  6.843E-01
 Iteration:  00000003   DeltaT:  1.022E-05   Iter/sec:  8.817E-01
 Iteration:  00000004   DeltaT:  1.022E-05   Iter/sec:  9.196E-01
 Iteration:  00000005   DeltaT:  1.022E-05   Iter/sec:  9.160E-01
 Iteration:  00000006   DeltaT:  1.022E-05   Iter/sec:  9.188E-01
 Iteration:  00000007   DeltaT:  1.022E-05   Iter/sec:  9.175E-01
 Iteration:  00000008   DeltaT:  1.022E-05   Iter/sec:  9.116E-01
 Iteration:  00000009   DeltaT:  1.022E-05   Iter/sec:  9.113E-01
 Iteration:  00000010   DeltaT:  1.022E-05   Iter/sec:  9.237E-01
 Iteration:  00000011   DeltaT:  1.022E-05   Iter/sec:  9.083E-01
 Iteration:  00000012   DeltaT:  1.022E-05   Iter/sec:  9.090E-01
 Iteration:  00000013   DeltaT:  1.022E-05   Iter/sec:  9.248E-01
 Iteration:  00000014   DeltaT:  1.022E-05   Iter/sec:  9.221E-01
 Iteration:  00000015   DeltaT:  1.022E-05   Iter/sec:  9.230E-01
 Iteration:  00000016   DeltaT:  1.022E-05   Iter/sec:  9.138E-01
 Iteration:  00000017   DeltaT:  1.022E-05   Iter/sec:  9.146E-01
 Iteration:  00000018   DeltaT:  1.022E-05   Iter/sec:  9.212E-01
 Iteration:  00000019   DeltaT:  1.022E-05   Iter/sec:  9.174E-01
 Iteration:  00000020   DeltaT:  1.022E-05   Iter/sec:  9.147E-01
 Iteration:  00000021   DeltaT:  1.022E-05   Iter/sec:  9.113E-01
 Iteration:  00000022   DeltaT:  1.022E-05   Iter/sec:  9.138E-01
 Iteration:  00000023   DeltaT:  1.022E-05   Iter/sec:  9.237E-01
 Iteration:  00000024   DeltaT:  1.022E-05   Iter/sec:  9.134E-01
 Iteration:  00000025   DeltaT:  1.022E-05   Iter/sec:  9.192E-01
 Iteration:  00000026   DeltaT:  1.022E-05   Iter/sec:  9.199E-01
 Iteration:  00000027   DeltaT:  1.022E-05   Iter/sec:  9.148E-01
 Iteration:  00000028   DeltaT:  1.022E-05   Iter/sec:  9.138E-01
 Iteration:  00000029   DeltaT:  1.022E-05   Iter/sec:  9.086E-01
 Iteration:  00000030   DeltaT:  1.022E-05   Iter/sec:  9.174E-01
 Iteration:  00000031   DeltaT:  1.022E-05   Iter/sec:  9.202E-01
 Iteration:  00000032   DeltaT:  1.022E-05   Iter/sec:  9.132E-01
 Iteration:  00000033   DeltaT:  1.022E-05   Iter/sec:  9.199E-01
 Iteration:  00000034   DeltaT:  1.022E-05   Iter/sec:  9.158E-01
 Iteration:  00000035   DeltaT:  1.022E-05   Iter/sec:  9.226E-01
 Iteration:  00000036   DeltaT:  1.022E-05   Iter/sec:  9.079E-01
 Iteration:  00000037   DeltaT:  1.022E-05   Iter/sec:  9.219E-01
 Iteration:  00000038   DeltaT:  1.022E-05   Iter/sec:  9.138E-01
 Iteration:  00000039   DeltaT:  1.022E-05   Iter/sec:  9.100E-01
 Iteration:  00000040   DeltaT:  1.022E-05   Iter/sec:  9.198E-01
 Iteration:  00000041   DeltaT:  1.022E-05   Iter/sec:  9.125E-01
 Iteration:  00000042   DeltaT:  1.022E-05   Iter/sec:  9.208E-01
 Iteration:  00000043   DeltaT:  1.022E-05   Iter/sec:  9.235E-01
 Iteration:  00000044   DeltaT:  1.022E-05   Iter/sec:  9.079E-01
 Iteration:  00000045   DeltaT:  1.022E-05   Iter/sec:  9.169E-01
 Iteration:  00000046   DeltaT:  1.022E-05   Iter/sec:  9.055E-01
 Iteration:  00000047   DeltaT:  1.022E-05   Iter/sec:  9.175E-01
 Iteration:  00000048   DeltaT:  1.022E-05   Iter/sec:  9.103E-01
 Iteration:  00000049   DeltaT:  1.022E-05   Iter/sec:  9.187E-01
 Iteration:  00000050   DeltaT:  1.022E-05   Iter/sec:  9.177E-01


//////////////////////////////////////////////
   Measured Timings for Process 0  (seconds)

 Elapsed time:        55.4846
  Column time:         4.3527
     Row time:        20.2355
Legendre time:         7.9072
     FFT time:         3.9818
   Solve time:         0.7308
    rlma time:         1.1563
    rlmb time:         0.5669
  pspace time:         7.8227
  psolve time:         6.7166
    dphi time:         0.2892
captured time:        53.7599

     iter/sec:         0.9012
//////////////////////////////////////////////
