 //////////////////////////////////////
 Initializating Rayleigh...

 -- Initalizing MPI...
 ---- Specified parameters:
 ---- NCPU  :    256
 ---- NPROW :     16
 ---- NPCOL :     16
 -- MPI initialized.


 -- Initalizing Grid...
 ---- Specified parameters ----
 ---- N_R                 :    128
 ---- N_THETA             :    768
 ---- Ell_MAX             :    511
 ---- R_MIN               :  5.38462E-01
 ---- R_MAX               :  1.53846E+00
 ---- Chebyshev Domains   :      1

        Domain 1
          Grid points           :  128
          Dealiased Polynomials :  85
          Domain Lower Bound    :  5.38462E-01
          Domain Upper Bound    :  1.53846E+00

 -- Grid initialized.

 -- Initalizing Reference State...
 ---- Specified parameters:
 ---- Reference type           :  Boussinesq (Non-dimensional)
 ---- Rayleigh Number          :  1.00000E+05
 ---- Ekman Number             :  1.00000E-03
 ---- Prandtl Number           :  1.00000E+00
 ---- Magnetic Prandtl Number  :  5.00000E+00
 -- Reference State initialized.

 -- Initializing Fields...
 ---- Specified parameters:
 ---- Hydro Init Type    : Benchmark (Christensen et al. 2001)
 ---- Magnetic Init Type : Benchmark (Christensen et al. 2001)
 -- Fields initialized.

 Initialization Complete.
 //////////////////////////////////////

 Timestep has changed from  0.00000E+00 to  1.00000E-04.
 Iteration:  00000001   DeltaT:  1.000E-04   Iter/sec:  0.000E+00
 Timestep has changed from  1.00000E-04 to  2.55562E-06.
 Iteration:  00000002   DeltaT:  2.556E-06   Iter/sec:  4.069E-01
 Iteration:  00000003   DeltaT:  2.556E-06   Iter/sec:  7.140E-01
 Iteration:  00000004   DeltaT:  2.556E-06   Iter/sec:  8.199E-01
 Iteration:  00000005   DeltaT:  2.556E-06   Iter/sec:  8.046E-01
 Iteration:  00000006   DeltaT:  2.556E-06   Iter/sec:  8.001E-01
 Iteration:  00000007   DeltaT:  2.556E-06   Iter/sec:  8.132E-01
 Iteration:  00000008   DeltaT:  2.556E-06   Iter/sec:  7.776E-01
 Iteration:  00000009   DeltaT:  2.556E-06   Iter/sec:  8.090E-01
 Iteration:  00000010   DeltaT:  2.556E-06   Iter/sec:  8.095E-01
 Iteration:  00000011   DeltaT:  2.556E-06   Iter/sec:  8.217E-01
 Iteration:  00000012   DeltaT:  2.556E-06   Iter/sec:  8.022E-01
 Iteration:  00000013   DeltaT:  2.556E-06   Iter/sec:  8.038E-01
 Iteration:  00000014   DeltaT:  2.556E-06   Iter/sec:  7.905E-01
 Iteration:  00000015   DeltaT:  2.556E-06   Iter/sec:  7.767E-01
 Iteration:  00000016   DeltaT:  2.556E-06   Iter/sec:  7.956E-01
 Iteration:  00000017   DeltaT:  2.556E-06   Iter/sec:  8.181E-01
 Iteration:  00000018   DeltaT:  2.556E-06   Iter/sec:  8.129E-01
 Iteration:  00000019   DeltaT:  2.556E-06   Iter/sec:  8.216E-01
 Iteration:  00000020   DeltaT:  2.556E-06   Iter/sec:  7.980E-01
 Iteration:  00000021   DeltaT:  2.556E-06   Iter/sec:  8.171E-01
 Iteration:  00000022   DeltaT:  2.556E-06   Iter/sec:  8.122E-01
 Iteration:  00000023   DeltaT:  2.556E-06   Iter/sec:  8.109E-01
 Iteration:  00000024   DeltaT:  2.556E-06   Iter/sec:  8.071E-01
 Iteration:  00000025   DeltaT:  2.556E-06   Iter/sec:  8.092E-01
 Iteration:  00000026   DeltaT:  2.556E-06   Iter/sec:  8.006E-01
 Iteration:  00000027   DeltaT:  2.556E-06   Iter/sec:  7.729E-01
 Iteration:  00000028   DeltaT:  2.556E-06   Iter/sec:  7.840E-01
 Iteration:  00000029   DeltaT:  2.556E-06   Iter/sec:  8.014E-01
 Iteration:  00000030   DeltaT:  2.556E-06   Iter/sec:  8.048E-01
 Iteration:  00000031   DeltaT:  2.556E-06   Iter/sec:  7.926E-01
 Iteration:  00000032   DeltaT:  2.556E-06   Iter/sec:  7.994E-01
 Iteration:  00000033   DeltaT:  2.556E-06   Iter/sec:  8.023E-01
 Iteration:  00000034   DeltaT:  2.556E-06   Iter/sec:  8.168E-01
 Iteration:  00000035   DeltaT:  2.556E-06   Iter/sec:  8.040E-01
 Iteration:  00000036   DeltaT:  2.556E-06   Iter/sec:  8.245E-01
 Iteration:  00000037   DeltaT:  2.556E-06   Iter/sec:  8.055E-01
 Iteration:  00000038   DeltaT:  2.556E-06   Iter/sec:  8.146E-01
 Iteration:  00000039   DeltaT:  2.556E-06   Iter/sec:  8.080E-01
 Iteration:  00000040   DeltaT:  2.556E-06   Iter/sec:  8.282E-01
 Iteration:  00000041   DeltaT:  2.556E-06   Iter/sec:  8.030E-01
 Iteration:  00000042   DeltaT:  2.556E-06   Iter/sec:  8.022E-01
 Iteration:  00000043   DeltaT:  2.556E-06   Iter/sec:  8.235E-01
 Iteration:  00000044   DeltaT:  2.556E-06   Iter/sec:  8.003E-01
 Iteration:  00000045   DeltaT:  2.556E-06   Iter/sec:  8.014E-01
 Iteration:  00000046   DeltaT:  2.556E-06   Iter/sec:  8.076E-01
 Iteration:  00000047   DeltaT:  2.556E-06   Iter/sec:  7.846E-01
 Iteration:  00000048   DeltaT:  2.556E-06   Iter/sec:  8.260E-01
 Iteration:  00000049   DeltaT:  2.556E-06   Iter/sec:  8.063E-01
 Iteration:  00000050   DeltaT:  2.556E-06   Iter/sec:  8.175E-01


//////////////////////////////////////////////
   Measured Timings for Process 0  (seconds)

 Elapsed time:        67.2601
  Column time:         9.3991
     Row time:        21.3451
Legendre time:         8.8808
     FFT time:         3.7963
   Solve time:         1.3572
    rlma time:         0.7973
    rlmb time:         0.5026
  pspace time:         9.0376
  psolve time:         6.2894
    dphi time:         0.4525
captured time:        61.8579

     iter/sec:         0.7434
//////////////////////////////////////////////
