 //////////////////////////////////////
 Initializating Rayleigh...

 -- Initalizing MPI...
 ---- Specified parameters:
 ---- NCPU  :    512
 ---- NPROW :     32
 ---- NPCOL :     16
 -- MPI initialized.


 -- Initalizing Grid...
 ---- Specified parameters ----
 ---- N_R                 :     64
 ---- N_THETA             :    192
 ---- Ell_MAX             :    127
 ---- R_MIN               :  5.38462E-01
 ---- R_MAX               :  1.53846E+00
 ---- Chebyshev Domains   :      1

        Domain 1
          Grid points           :  64
          Dealiased Polynomials :  42
          Domain Lower Bound    :  5.38462E-01
          Domain Upper Bound    :  1.53846E+00

 -- Grid initialized.

 -- Initalizing Reference State...
 ---- Specified parameters:
 ---- Reference type           :  Boussinesq (Non-dimensional)
 ---- Rayleigh Number          :  1.00000E+05
 ---- Ekman Number             :  1.00000E-03
 ---- Prandtl Number           :  1.00000E+00
 ---- Magnetic Prandtl Number  :  5.00000E+00
 -- Reference State initialized.

 -- Initializing Fields...
 ---- Specified parameters:
 ---- Hydro Init Type    : Benchmark (Christensen et al. 2001)
 ---- Magnetic Init Type : Benchmark (Christensen et al. 2001)
 -- Fields initialized.

 Initialization Complete.
 //////////////////////////////////////

 Timestep has changed from  0.00000E+00 to  1.00000E-04.
 Iteration:  00000001   DeltaT:  1.000E-04   Iter/sec:  0.000E+00
 Timestep has changed from  1.00000E-04 to  1.02217E-05.
 Iteration:  00000002   DeltaT:  1.022E-05   Iter/sec:  2.261E+00
 Iteration:  00000003   DeltaT:  1.022E-05   Iter/sec:  4.520E+01
 Iteration:  00000004   DeltaT:  1.022E-05   Iter/sec:  7.636E+01
 Iteration:  00000005   DeltaT:  1.022E-05   Iter/sec:  5.505E+01
 Iteration:  00000006   DeltaT:  1.022E-05   Iter/sec:  7.462E+01
 Iteration:  00000007   DeltaT:  1.022E-05   Iter/sec:  7.650E+01
 Iteration:  00000008   DeltaT:  1.022E-05   Iter/sec:  7.625E+01
 Iteration:  00000009   DeltaT:  1.022E-05   Iter/sec:  7.097E+01
 Iteration:  00000010   DeltaT:  1.022E-05   Iter/sec:  7.451E+01
 Iteration:  00000011   DeltaT:  1.022E-05   Iter/sec:  7.565E+01
 Iteration:  00000012   DeltaT:  1.022E-05   Iter/sec:  7.510E+01
 Iteration:  00000013   DeltaT:  1.022E-05   Iter/sec:  7.853E+01
 Iteration:  00000014   DeltaT:  1.022E-05   Iter/sec:  7.487E+01
 Iteration:  00000015   DeltaT:  1.022E-05   Iter/sec:  7.435E+01
 Iteration:  00000016   DeltaT:  1.022E-05   Iter/sec:  7.520E+01
 Iteration:  00000017   DeltaT:  1.022E-05   Iter/sec:  7.208E+01
 Iteration:  00000018   DeltaT:  1.022E-05   Iter/sec:  7.876E+01
 Iteration:  00000019   DeltaT:  1.022E-05   Iter/sec:  7.211E+01
 Iteration:  00000020   DeltaT:  1.022E-05   Iter/sec:  8.004E+01
 Iteration:  00000021   DeltaT:  1.022E-05   Iter/sec:  7.594E+01
 Iteration:  00000022   DeltaT:  1.022E-05   Iter/sec:  7.474E+01
 Iteration:  00000023   DeltaT:  1.022E-05   Iter/sec:  7.751E+01
 Iteration:  00000024   DeltaT:  1.022E-05   Iter/sec:  7.387E+01
 Iteration:  00000025   DeltaT:  1.022E-05   Iter/sec:  7.649E+01
 Iteration:  00000026   DeltaT:  1.022E-05   Iter/sec:  7.782E+01
 Iteration:  00000027   DeltaT:  1.022E-05   Iter/sec:  7.496E+01
 Iteration:  00000028   DeltaT:  1.022E-05   Iter/sec:  7.401E+01
 Iteration:  00000029   DeltaT:  1.022E-05   Iter/sec:  7.548E+01
 Iteration:  00000030   DeltaT:  1.022E-05   Iter/sec:  7.670E+01
 Iteration:  00000031   DeltaT:  1.022E-05   Iter/sec:  7.456E+01
 Iteration:  00000032   DeltaT:  1.022E-05   Iter/sec:  7.612E+01
 Iteration:  00000033   DeltaT:  1.022E-05   Iter/sec:  7.633E+01
 Iteration:  00000034   DeltaT:  1.022E-05   Iter/sec:  7.478E+01
 Iteration:  00000035   DeltaT:  1.022E-05   Iter/sec:  7.561E+01
 Iteration:  00000036   DeltaT:  1.022E-05   Iter/sec:  7.687E+01
 Iteration:  00000037   DeltaT:  1.022E-05   Iter/sec:  7.558E+01
 Iteration:  00000038   DeltaT:  1.022E-05   Iter/sec:  7.446E+01
 Iteration:  00000039   DeltaT:  1.022E-05   Iter/sec:  7.707E+01
 Iteration:  00000040   DeltaT:  1.022E-05   Iter/sec:  7.590E+01
 Iteration:  00000041   DeltaT:  1.022E-05   Iter/sec:  7.655E+01
 Iteration:  00000042   DeltaT:  1.022E-05   Iter/sec:  7.705E+01
 Iteration:  00000043   DeltaT:  1.022E-05   Iter/sec:  7.783E+01
 Iteration:  00000044   DeltaT:  1.022E-05   Iter/sec:  7.641E+01
 Iteration:  00000045   DeltaT:  1.022E-05   Iter/sec:  7.761E+01
 Iteration:  00000046   DeltaT:  1.022E-05   Iter/sec:  7.536E+01
 Iteration:  00000047   DeltaT:  1.022E-05   Iter/sec:  7.391E+01
 Iteration:  00000048   DeltaT:  1.022E-05   Iter/sec:  7.959E+01
 Iteration:  00000049   DeltaT:  1.022E-05   Iter/sec:  7.265E+01
 Iteration:  00000050   DeltaT:  1.022E-05   Iter/sec:  7.907E+01


//////////////////////////////////////////////
   Measured Timings for Process 0  (seconds)

 Elapsed time:         1.3251
  Column time:         0.3965
     Row time:         0.1827
Legendre time:         0.0504
     FFT time:         0.0384
   Solve time:         0.0654
    rlma time:         0.0137
    rlmb time:         0.0051
  pspace time:         0.0222
  psolve time:         0.0593
    dphi time:         0.0026
captured time:         0.8362

     iter/sec:        37.7339
//////////////////////////////////////////////
