 //////////////////////////////////////
 Initializating Rayleigh...

 -- Initalizing MPI...
 ---- Specified parameters:
 ---- NCPU  :   1024
 ---- NPROW :     32
 ---- NPCOL :     32
 -- MPI initialized.


 -- Initalizing Grid...
 ---- Specified parameters ----
 ---- N_R                 :    128
 ---- N_THETA             :    768
 ---- Ell_MAX             :    511
 ---- R_MIN               :  5.38462E-01
 ---- R_MAX               :  1.53846E+00
 ---- Chebyshev Domains   :      1

        Domain 1
          Grid points           :  128
          Dealiased Polynomials :  85
          Domain Lower Bound    :  5.38462E-01
          Domain Upper Bound    :  1.53846E+00

 -- Grid initialized.

 -- Initalizing Reference State...
 ---- Specified parameters:
 ---- Reference type           :  Boussinesq (Non-dimensional)
 ---- Rayleigh Number          :  1.00000E+05
 ---- Ekman Number             :  1.00000E-03
 ---- Prandtl Number           :  1.00000E+00
 ---- Magnetic Prandtl Number  :  5.00000E+00
 -- Reference State initialized.

 -- Initializing Fields...
 ---- Specified parameters:
 ---- Hydro Init Type    : Benchmark (Christensen et al. 2001)
 ---- Magnetic Init Type : Benchmark (Christensen et al. 2001)
 -- Fields initialized.

 Initialization Complete.
 //////////////////////////////////////

 Timestep has changed from  0.00000E+00 to  1.00000E-04.
 Iteration:  00000001   DeltaT:  1.000E-04   Iter/sec:  0.000E+00
 Timestep has changed from  1.00000E-04 to  2.55562E-06.
 Iteration:  00000002   DeltaT:  2.556E-06   Iter/sec:  8.862E-01
 Iteration:  00000003   DeltaT:  2.556E-06   Iter/sec:  2.080E+00
 Iteration:  00000004   DeltaT:  2.556E-06   Iter/sec:  2.351E+00
 Iteration:  00000005   DeltaT:  2.556E-06   Iter/sec:  2.374E+00
 Iteration:  00000006   DeltaT:  2.556E-06   Iter/sec:  2.226E+00
 Iteration:  00000007   DeltaT:  2.556E-06   Iter/sec:  2.367E+00
 Iteration:  00000008   DeltaT:  2.556E-06   Iter/sec:  2.315E+00
 Iteration:  00000009   DeltaT:  2.556E-06   Iter/sec:  2.399E+00
 Iteration:  00000010   DeltaT:  2.556E-06   Iter/sec:  2.420E+00
 Iteration:  00000011   DeltaT:  2.556E-06   Iter/sec:  2.327E+00
 Iteration:  00000012   DeltaT:  2.556E-06   Iter/sec:  2.444E+00
 Iteration:  00000013   DeltaT:  2.556E-06   Iter/sec:  2.285E+00
 Iteration:  00000014   DeltaT:  2.556E-06   Iter/sec:  2.202E+00
 Iteration:  00000015   DeltaT:  2.556E-06   Iter/sec:  2.371E+00
 Iteration:  00000016   DeltaT:  2.556E-06   Iter/sec:  2.401E+00
 Iteration:  00000017   DeltaT:  2.556E-06   Iter/sec:  2.282E+00
 Iteration:  00000018   DeltaT:  2.556E-06   Iter/sec:  2.367E+00
 Iteration:  00000019   DeltaT:  2.556E-06   Iter/sec:  2.324E+00
 Iteration:  00000020   DeltaT:  2.556E-06   Iter/sec:  2.401E+00
 Iteration:  00000021   DeltaT:  2.556E-06   Iter/sec:  2.375E+00
 Iteration:  00000022   DeltaT:  2.556E-06   Iter/sec:  2.446E+00
 Iteration:  00000023   DeltaT:  2.556E-06   Iter/sec:  2.442E+00
 Iteration:  00000024   DeltaT:  2.556E-06   Iter/sec:  2.340E+00
 Iteration:  00000025   DeltaT:  2.556E-06   Iter/sec:  2.378E+00
 Iteration:  00000026   DeltaT:  2.556E-06   Iter/sec:  2.425E+00
 Iteration:  00000027   DeltaT:  2.556E-06   Iter/sec:  2.391E+00
 Iteration:  00000028   DeltaT:  2.556E-06   Iter/sec:  2.420E+00
 Iteration:  00000029   DeltaT:  2.556E-06   Iter/sec:  2.427E+00
 Iteration:  00000030   DeltaT:  2.556E-06   Iter/sec:  2.352E+00
 Iteration:  00000031   DeltaT:  2.556E-06   Iter/sec:  2.504E+00
 Iteration:  00000032   DeltaT:  2.556E-06   Iter/sec:  2.235E+00
 Iteration:  00000033   DeltaT:  2.556E-06   Iter/sec:  2.330E+00
 Iteration:  00000034   DeltaT:  2.556E-06   Iter/sec:  2.420E+00
 Iteration:  00000035   DeltaT:  2.556E-06   Iter/sec:  2.332E+00
 Iteration:  00000036   DeltaT:  2.556E-06   Iter/sec:  2.248E+00
 Iteration:  00000037   DeltaT:  2.556E-06   Iter/sec:  2.254E+00
 Iteration:  00000038   DeltaT:  2.556E-06   Iter/sec:  2.310E+00
 Iteration:  00000039   DeltaT:  2.556E-06   Iter/sec:  2.418E+00
 Iteration:  00000040   DeltaT:  2.556E-06   Iter/sec:  2.118E+00
 Iteration:  00000041   DeltaT:  2.556E-06   Iter/sec:  2.332E+00
 Iteration:  00000042   DeltaT:  2.556E-06   Iter/sec:  2.176E+00
 Iteration:  00000043   DeltaT:  2.556E-06   Iter/sec:  2.324E+00
 Iteration:  00000044   DeltaT:  2.556E-06   Iter/sec:  2.193E+00
 Iteration:  00000045   DeltaT:  2.556E-06   Iter/sec:  2.413E+00
 Iteration:  00000046   DeltaT:  2.556E-06   Iter/sec:  2.180E+00
 Iteration:  00000047   DeltaT:  2.556E-06   Iter/sec:  2.320E+00
 Iteration:  00000048   DeltaT:  2.556E-06   Iter/sec:  2.322E+00
 Iteration:  00000049   DeltaT:  2.556E-06   Iter/sec:  2.311E+00
 Iteration:  00000050   DeltaT:  2.556E-06   Iter/sec:  2.382E+00


//////////////////////////////////////////////
   Measured Timings for Process 0  (seconds)

 Elapsed time:        24.6208
  Column time:         8.1582
     Row time:         6.1957
Legendre time:         2.1154
     FFT time:         0.9301
   Solve time:         0.4816
    rlma time:         0.1880
    rlmb time:         0.0805
  pspace time:         1.7780
  psolve time:         1.4205
    dphi time:         0.0755
captured time:        21.4235

     iter/sec:         2.0308
//////////////////////////////////////////////
