 //////////////////////////////////////
 Initializating Rayleigh...

 -- Initalizing MPI...
 ---- Specified parameters:
 ---- NCPU  :     32
 ---- NPROW :      8
 ---- NPCOL :      4
 -- MPI initialized.


 -- Initalizing Grid...
 ---- Specified parameters ----
 ---- N_R                 :     64
 ---- N_THETA             :    192
 ---- Ell_MAX             :    127
 ---- R_MIN               :  5.38462E-01
 ---- R_MAX               :  1.53846E+00
 ---- Chebyshev Domains   :      1

        Domain 1
          Grid points           :  64
          Dealiased Polynomials :  42
          Domain Lower Bound    :  5.38462E-01
          Domain Upper Bound    :  1.53846E+00

 -- Grid initialized.

 -- Initalizing Reference State...
 ---- Specified parameters:
 ---- Reference type           :  Boussinesq (Non-dimensional)
 ---- Rayleigh Number          :  1.00000E+05
 ---- Ekman Number             :  1.00000E-03
 ---- Prandtl Number           :  1.00000E+00
 ---- Magnetic Prandtl Number  :  5.00000E+00
 -- Reference State initialized.

 -- Initializing Fields...
 ---- Specified parameters:
 ---- Hydro Init Type    : Benchmark (Christensen et al. 2001)
 ---- Magnetic Init Type : Benchmark (Christensen et al. 2001)
 -- Fields initialized.

 Initialization Complete.
 //////////////////////////////////////

 Timestep has changed from  0.00000E+00 to  1.00000E-04.
 Iteration:  00000001   DeltaT:  1.000E-04   Iter/sec:  0.000E+00
 Timestep has changed from  1.00000E-04 to  1.02217E-05.
 Iteration:  00000002   DeltaT:  1.022E-05   Iter/sec:  1.975E+00
 Iteration:  00000003   DeltaT:  1.022E-05   Iter/sec:  3.555E+00
 Iteration:  00000004   DeltaT:  1.022E-05   Iter/sec:  4.003E+00
 Iteration:  00000005   DeltaT:  1.022E-05   Iter/sec:  4.071E+00
 Iteration:  00000006   DeltaT:  1.022E-05   Iter/sec:  4.031E+00
 Iteration:  00000007   DeltaT:  1.022E-05   Iter/sec:  3.889E+00
 Iteration:  00000008   DeltaT:  1.022E-05   Iter/sec:  3.961E+00
 Iteration:  00000009   DeltaT:  1.022E-05   Iter/sec:  4.127E+00
 Iteration:  00000010   DeltaT:  1.022E-05   Iter/sec:  4.041E+00
 Iteration:  00000011   DeltaT:  1.022E-05   Iter/sec:  4.070E+00
 Iteration:  00000012   DeltaT:  1.022E-05   Iter/sec:  4.096E+00
 Iteration:  00000013   DeltaT:  1.022E-05   Iter/sec:  4.020E+00
 Iteration:  00000014   DeltaT:  1.022E-05   Iter/sec:  4.164E+00
 Iteration:  00000015   DeltaT:  1.022E-05   Iter/sec:  3.898E+00
 Iteration:  00000016   DeltaT:  1.022E-05   Iter/sec:  4.158E+00
 Iteration:  00000017   DeltaT:  1.022E-05   Iter/sec:  3.975E+00
 Iteration:  00000018   DeltaT:  1.022E-05   Iter/sec:  3.961E+00
 Iteration:  00000019   DeltaT:  1.022E-05   Iter/sec:  4.050E+00
 Iteration:  00000020   DeltaT:  1.022E-05   Iter/sec:  4.062E+00
 Iteration:  00000021   DeltaT:  1.022E-05   Iter/sec:  4.039E+00
 Iteration:  00000022   DeltaT:  1.022E-05   Iter/sec:  4.120E+00
 Iteration:  00000023   DeltaT:  1.022E-05   Iter/sec:  4.138E+00
 Iteration:  00000024   DeltaT:  1.022E-05   Iter/sec:  4.019E+00
 Iteration:  00000025   DeltaT:  1.022E-05   Iter/sec:  4.116E+00
 Iteration:  00000026   DeltaT:  1.022E-05   Iter/sec:  4.086E+00
 Iteration:  00000027   DeltaT:  1.022E-05   Iter/sec:  4.069E+00
 Iteration:  00000028   DeltaT:  1.022E-05   Iter/sec:  3.941E+00
 Iteration:  00000029   DeltaT:  1.022E-05   Iter/sec:  4.024E+00
 Iteration:  00000030   DeltaT:  1.022E-05   Iter/sec:  4.054E+00
 Iteration:  00000031   DeltaT:  1.022E-05   Iter/sec:  4.090E+00
 Iteration:  00000032   DeltaT:  1.022E-05   Iter/sec:  4.056E+00
 Iteration:  00000033   DeltaT:  1.022E-05   Iter/sec:  4.029E+00
 Iteration:  00000034   DeltaT:  1.022E-05   Iter/sec:  3.985E+00
 Iteration:  00000035   DeltaT:  1.022E-05   Iter/sec:  4.082E+00
 Iteration:  00000036   DeltaT:  1.022E-05   Iter/sec:  3.997E+00
 Iteration:  00000037   DeltaT:  1.022E-05   Iter/sec:  4.113E+00
 Iteration:  00000038   DeltaT:  1.022E-05   Iter/sec:  4.120E+00
 Iteration:  00000039   DeltaT:  1.022E-05   Iter/sec:  4.059E+00
 Iteration:  00000040   DeltaT:  1.022E-05   Iter/sec:  4.073E+00
 Iteration:  00000041   DeltaT:  1.022E-05   Iter/sec:  4.062E+00
 Iteration:  00000042   DeltaT:  1.022E-05   Iter/sec:  3.944E+00
 Iteration:  00000043   DeltaT:  1.022E-05   Iter/sec:  4.089E+00
 Iteration:  00000044   DeltaT:  1.022E-05   Iter/sec:  4.142E+00
 Iteration:  00000045   DeltaT:  1.022E-05   Iter/sec:  3.944E+00
 Iteration:  00000046   DeltaT:  1.022E-05   Iter/sec:  3.968E+00
 Iteration:  00000047   DeltaT:  1.022E-05   Iter/sec:  4.018E+00
 Iteration:  00000048   DeltaT:  1.022E-05   Iter/sec:  3.981E+00
 Iteration:  00000049   DeltaT:  1.022E-05   Iter/sec:  4.075E+00
 Iteration:  00000050   DeltaT:  1.022E-05   Iter/sec:  4.162E+00


//////////////////////////////////////////////
   Measured Timings for Process 0  (seconds)

 Elapsed time:        12.8081
  Column time:         1.1910
     Row time:         4.6212
Legendre time:         1.4623
     FFT time:         0.9903
   Solve time:         0.2656
    rlma time:         0.1770
    rlmb time:         0.0733
  pspace time:         2.1427
  psolve time:         1.4218
    dphi time:         0.1116
captured time:        12.4567

     iter/sec:         3.9038
//////////////////////////////////////////////
