 //////////////////////////////////////
 Initializating Rayleigh...

 -- Initalizing MPI...
 ---- Specified parameters:
 ---- NCPU  :    256
 ---- NPROW :     16
 ---- NPCOL :     16
 -- MPI initialized.


 -- Initalizing Grid...
 ---- Specified parameters ----
 ---- N_R                 :     64
 ---- N_THETA             :    384
 ---- Ell_MAX             :    255
 ---- R_MIN               :  5.38462E-01
 ---- R_MAX               :  1.53846E+00
 ---- Chebyshev Domains   :      1

        Domain 1
          Grid points           :  64
          Dealiased Polynomials :  42
          Domain Lower Bound    :  5.38462E-01
          Domain Upper Bound    :  1.53846E+00

 -- Grid initialized.

 -- Initalizing Reference State...
 ---- Specified parameters:
 ---- Reference type           :  Boussinesq (Non-dimensional)
 ---- Rayleigh Number          :  1.00000E+05
 ---- Ekman Number             :  1.00000E-03
 ---- Prandtl Number           :  1.00000E+00
 ---- Magnetic Prandtl Number  :  5.00000E+00
 -- Reference State initialized.

 -- Initializing Fields...
 ---- Specified parameters:
 ---- Hydro Init Type    : Benchmark (Christensen et al. 2001)
 ---- Magnetic Init Type : Benchmark (Christensen et al. 2001)
 -- Fields initialized.

 Initialization Complete.
 //////////////////////////////////////

 Timestep has changed from  0.00000E+00 to  1.00000E-04.
 Iteration:  00000001   DeltaT:  1.000E-04   Iter/sec:  0.000E+00
 Timestep has changed from  1.00000E-04 to  1.02211E-05.
 Iteration:  00000002   DeltaT:  1.022E-05   Iter/sec:  2.609E-01
 Iteration:  00000003   DeltaT:  1.022E-05   Iter/sec:  6.524E+00
 Iteration:  00000004   DeltaT:  1.022E-05   Iter/sec:  7.226E+00
 Iteration:  00000005   DeltaT:  1.022E-05   Iter/sec:  7.089E+00
 Iteration:  00000006   DeltaT:  1.022E-05   Iter/sec:  7.162E+00
 Iteration:  00000007   DeltaT:  1.022E-05   Iter/sec:  7.268E+00
 Iteration:  00000008   DeltaT:  1.022E-05   Iter/sec:  7.191E+00
 Iteration:  00000009   DeltaT:  1.022E-05   Iter/sec:  7.268E+00
 Iteration:  00000010   DeltaT:  1.022E-05   Iter/sec:  7.166E+00
 Iteration:  00000011   DeltaT:  1.022E-05   Iter/sec:  7.261E+00
 Iteration:  00000012   DeltaT:  1.022E-05   Iter/sec:  7.207E+00
 Iteration:  00000013   DeltaT:  1.022E-05   Iter/sec:  7.147E+00
 Iteration:  00000014   DeltaT:  1.022E-05   Iter/sec:  7.282E+00
 Iteration:  00000015   DeltaT:  1.022E-05   Iter/sec:  7.307E+00
 Iteration:  00000016   DeltaT:  1.022E-05   Iter/sec:  7.280E+00
 Iteration:  00000017   DeltaT:  1.022E-05   Iter/sec:  7.326E+00
 Iteration:  00000018   DeltaT:  1.022E-05   Iter/sec:  7.317E+00
 Iteration:  00000019   DeltaT:  1.022E-05   Iter/sec:  7.330E+00
 Iteration:  00000020   DeltaT:  1.022E-05   Iter/sec:  7.280E+00
 Iteration:  00000021   DeltaT:  1.022E-05   Iter/sec:  7.387E+00
 Iteration:  00000022   DeltaT:  1.022E-05   Iter/sec:  7.383E+00
 Iteration:  00000023   DeltaT:  1.022E-05   Iter/sec:  7.288E+00
 Iteration:  00000024   DeltaT:  1.022E-05   Iter/sec:  7.345E+00
 Iteration:  00000025   DeltaT:  1.022E-05   Iter/sec:  7.450E+00
 Iteration:  00000026   DeltaT:  1.022E-05   Iter/sec:  7.539E+00
 Iteration:  00000027   DeltaT:  1.022E-05   Iter/sec:  7.412E+00
 Iteration:  00000028   DeltaT:  1.022E-05   Iter/sec:  7.355E+00
 Iteration:  00000029   DeltaT:  1.022E-05   Iter/sec:  7.491E+00
 Iteration:  00000030   DeltaT:  1.022E-05   Iter/sec:  7.378E+00
 Iteration:  00000031   DeltaT:  1.022E-05   Iter/sec:  7.362E+00
 Iteration:  00000032   DeltaT:  1.022E-05   Iter/sec:  7.473E+00
 Iteration:  00000033   DeltaT:  1.022E-05   Iter/sec:  7.472E+00
 Iteration:  00000034   DeltaT:  1.022E-05   Iter/sec:  7.706E+00
 Iteration:  00000035   DeltaT:  1.022E-05   Iter/sec:  7.391E+00
 Iteration:  00000036   DeltaT:  1.022E-05   Iter/sec:  7.441E+00
 Iteration:  00000037   DeltaT:  1.022E-05   Iter/sec:  7.599E+00
 Iteration:  00000038   DeltaT:  1.022E-05   Iter/sec:  7.456E+00
 Iteration:  00000039   DeltaT:  1.022E-05   Iter/sec:  7.376E+00
 Iteration:  00000040   DeltaT:  1.022E-05   Iter/sec:  7.626E+00
 Iteration:  00000041   DeltaT:  1.022E-05   Iter/sec:  7.357E+00
 Iteration:  00000042   DeltaT:  1.022E-05   Iter/sec:  7.610E+00
 Iteration:  00000043   DeltaT:  1.022E-05   Iter/sec:  7.480E+00
 Iteration:  00000044   DeltaT:  1.022E-05   Iter/sec:  7.421E+00
 Iteration:  00000045   DeltaT:  1.022E-05   Iter/sec:  7.520E+00
 Iteration:  00000046   DeltaT:  1.022E-05   Iter/sec:  7.482E+00
 Iteration:  00000047   DeltaT:  1.022E-05   Iter/sec:  7.444E+00
 Iteration:  00000048   DeltaT:  1.022E-05   Iter/sec:  7.475E+00
 Iteration:  00000049   DeltaT:  1.022E-05   Iter/sec:  7.397E+00
 Iteration:  00000050   DeltaT:  1.022E-05   Iter/sec:  7.731E+00


//////////////////////////////////////////////
   Measured Timings for Process 0  (seconds)

 Elapsed time:         8.0621
  Column time:         1.2427
     Row time:         1.9453
Legendre time:         1.1631
     FFT time:         0.4804
   Solve time:         0.1537
    rlma time:         0.0894
    rlmb time:         0.0370
  pspace time:         0.9665
  psolve time:         0.5978
    dphi time:         0.0688
captured time:         6.7449

     iter/sec:         6.0778
//////////////////////////////////////////////
