 //////////////////////////////////////
 Initializating Rayleigh...

 -- Initalizing MPI...
 ---- Specified parameters:
 ---- NCPU  :     32
 ---- NPROW :      8
 ---- NPCOL :      4
 -- MPI initialized.


 -- Initalizing Grid...
 ---- Specified parameters ----
 ---- N_R                 :     64
 ---- N_THETA             :    384
 ---- Ell_MAX             :    255
 ---- R_MIN               :  5.38462E-01
 ---- R_MAX               :  1.53846E+00
 ---- Chebyshev Domains   :      1

        Domain 1
          Grid points           :  64
          Dealiased Polynomials :  42
          Domain Lower Bound    :  5.38462E-01
          Domain Upper Bound    :  1.53846E+00

 -- Grid initialized.

 -- Initalizing Reference State...
 ---- Specified parameters:
 ---- Reference type           :  Boussinesq (Non-dimensional)
 ---- Rayleigh Number          :  1.00000E+05
 ---- Ekman Number             :  1.00000E-03
 ---- Prandtl Number           :  1.00000E+00
 ---- Magnetic Prandtl Number  :  5.00000E+00
 -- Reference State initialized.

 -- Initializing Fields...
 ---- Specified parameters:
 ---- Hydro Init Type    : Benchmark (Christensen et al. 2001)
 ---- Magnetic Init Type : Benchmark (Christensen et al. 2001)
 -- Fields initialized.

 Initialization Complete.
 //////////////////////////////////////

 Timestep has changed from  0.00000E+00 to  1.00000E-04.
 Iteration:  00000001   DeltaT:  1.000E-04   Iter/sec:  0.000E+00
 Timestep has changed from  1.00000E-04 to  1.02211E-05.
 Iteration:  00000002   DeltaT:  1.022E-05   Iter/sec:  1.825E-01
 Iteration:  00000003   DeltaT:  1.022E-05   Iter/sec:  8.482E-01
 Iteration:  00000004   DeltaT:  1.022E-05   Iter/sec:  8.762E-01
 Iteration:  00000005   DeltaT:  1.022E-05   Iter/sec:  9.001E-01
 Iteration:  00000006   DeltaT:  1.022E-05   Iter/sec:  8.920E-01
 Iteration:  00000007   DeltaT:  1.022E-05   Iter/sec:  8.952E-01
 Iteration:  00000008   DeltaT:  1.022E-05   Iter/sec:  8.953E-01
 Iteration:  00000009   DeltaT:  1.022E-05   Iter/sec:  9.008E-01
 Iteration:  00000010   DeltaT:  1.022E-05   Iter/sec:  8.896E-01
 Iteration:  00000011   DeltaT:  1.022E-05   Iter/sec:  8.986E-01
 Iteration:  00000012   DeltaT:  1.022E-05   Iter/sec:  8.986E-01
 Iteration:  00000013   DeltaT:  1.022E-05   Iter/sec:  8.965E-01
 Iteration:  00000014   DeltaT:  1.022E-05   Iter/sec:  8.861E-01
 Iteration:  00000015   DeltaT:  1.022E-05   Iter/sec:  8.890E-01
 Iteration:  00000016   DeltaT:  1.022E-05   Iter/sec:  8.970E-01
 Iteration:  00000017   DeltaT:  1.022E-05   Iter/sec:  8.968E-01
 Iteration:  00000018   DeltaT:  1.022E-05   Iter/sec:  8.878E-01
 Iteration:  00000019   DeltaT:  1.022E-05   Iter/sec:  8.977E-01
 Iteration:  00000020   DeltaT:  1.022E-05   Iter/sec:  8.950E-01
 Iteration:  00000021   DeltaT:  1.022E-05   Iter/sec:  8.942E-01
 Iteration:  00000022   DeltaT:  1.022E-05   Iter/sec:  8.985E-01
 Iteration:  00000023   DeltaT:  1.022E-05   Iter/sec:  8.953E-01
 Iteration:  00000024   DeltaT:  1.022E-05   Iter/sec:  8.917E-01
 Iteration:  00000025   DeltaT:  1.022E-05   Iter/sec:  8.892E-01
 Iteration:  00000026   DeltaT:  1.022E-05   Iter/sec:  8.928E-01
 Iteration:  00000027   DeltaT:  1.022E-05   Iter/sec:  9.037E-01
 Iteration:  00000028   DeltaT:  1.022E-05   Iter/sec:  8.892E-01
 Iteration:  00000029   DeltaT:  1.022E-05   Iter/sec:  8.914E-01
 Iteration:  00000030   DeltaT:  1.022E-05   Iter/sec:  8.982E-01
 Iteration:  00000031   DeltaT:  1.022E-05   Iter/sec:  8.979E-01
 Iteration:  00000032   DeltaT:  1.022E-05   Iter/sec:  8.941E-01
 Iteration:  00000033   DeltaT:  1.022E-05   Iter/sec:  8.951E-01
 Iteration:  00000034   DeltaT:  1.022E-05   Iter/sec:  8.889E-01
 Iteration:  00000035   DeltaT:  1.022E-05   Iter/sec:  8.914E-01
 Iteration:  00000036   DeltaT:  1.022E-05   Iter/sec:  8.930E-01
 Iteration:  00000037   DeltaT:  1.022E-05   Iter/sec:  8.958E-01
 Iteration:  00000038   DeltaT:  1.022E-05   Iter/sec:  9.010E-01
 Iteration:  00000039   DeltaT:  1.022E-05   Iter/sec:  8.986E-01
 Iteration:  00000040   DeltaT:  1.022E-05   Iter/sec:  8.931E-01
 Iteration:  00000041   DeltaT:  1.022E-05   Iter/sec:  8.942E-01
 Iteration:  00000042   DeltaT:  1.022E-05   Iter/sec:  8.871E-01
 Iteration:  00000043   DeltaT:  1.022E-05   Iter/sec:  8.925E-01
 Iteration:  00000044   DeltaT:  1.022E-05   Iter/sec:  8.971E-01
 Iteration:  00000045   DeltaT:  1.022E-05   Iter/sec:  8.958E-01
 Iteration:  00000046   DeltaT:  1.022E-05   Iter/sec:  8.951E-01
 Iteration:  00000047   DeltaT:  1.022E-05   Iter/sec:  8.975E-01
 Iteration:  00000048   DeltaT:  1.022E-05   Iter/sec:  9.002E-01
 Iteration:  00000049   DeltaT:  1.022E-05   Iter/sec:  8.905E-01
 Iteration:  00000050   DeltaT:  1.022E-05   Iter/sec:  8.910E-01


//////////////////////////////////////////////
   Measured Timings for Process 0  (seconds)

 Elapsed time:        56.7015
  Column time:         4.1100
     Row time:        20.1883
Legendre time:         9.8820
     FFT time:         3.9967
   Solve time:         0.7342
    rlma time:         1.0179
    rlmb time:         0.4239
  pspace time:         7.9165
  psolve time:         6.6563
    dphi time:         0.2999
captured time:        55.2256

     iter/sec:         0.8642
//////////////////////////////////////////////
