 //////////////////////////////////////
 Initializating Rayleigh...

 -- Initalizing MPI...
 ---- Specified parameters:
 ---- NCPU  :   1024
 ---- NPROW :     32
 ---- NPCOL :     32
 -- MPI initialized.


 -- Initalizing Grid...
 ---- Specified parameters ----
 ---- N_R                 :    128
 ---- N_THETA             :    384
 ---- Ell_MAX             :    255
 ---- R_MIN               :  5.38462E-01
 ---- R_MAX               :  1.53846E+00
 ---- Chebyshev Domains   :      1

        Domain 1
          Grid points           :  128
          Dealiased Polynomials :  85
          Domain Lower Bound    :  5.38462E-01
          Domain Upper Bound    :  1.53846E+00

 -- Grid initialized.

 -- Initalizing Reference State...
 ---- Specified parameters:
 ---- Reference type           :  Boussinesq (Non-dimensional)
 ---- Rayleigh Number          :  1.00000E+05
 ---- Ekman Number             :  1.00000E-03
 ---- Prandtl Number           :  1.00000E+00
 ---- Magnetic Prandtl Number  :  5.00000E+00
 -- Reference State initialized.

 -- Initializing Fields...
 ---- Specified parameters:
 ---- Hydro Init Type    : Benchmark (Christensen et al. 2001)
 ---- Magnetic Init Type : Benchmark (Christensen et al. 2001)
 -- Fields initialized.

 Initialization Complete.
 //////////////////////////////////////

 Timestep has changed from  0.00000E+00 to  1.00000E-04.
 Iteration:  00000001   DeltaT:  1.000E-04   Iter/sec:  0.000E+00
 Timestep has changed from  1.00000E-04 to  2.55566E-06.
 Iteration:  00000002   DeltaT:  2.556E-06   Iter/sec:  2.626E-01
 Iteration:  00000003   DeltaT:  2.556E-06   Iter/sec:  7.822E+00
 Iteration:  00000004   DeltaT:  2.556E-06   Iter/sec:  1.106E+01
 Iteration:  00000005   DeltaT:  2.556E-06   Iter/sec:  1.208E+01
 Iteration:  00000006   DeltaT:  2.556E-06   Iter/sec:  1.215E+01
 Iteration:  00000007   DeltaT:  2.556E-06   Iter/sec:  1.176E+01
 Iteration:  00000008   DeltaT:  2.556E-06   Iter/sec:  1.214E+01
 Iteration:  00000009   DeltaT:  2.556E-06   Iter/sec:  1.190E+01
 Iteration:  00000010   DeltaT:  2.556E-06   Iter/sec:  1.211E+01
 Iteration:  00000011   DeltaT:  2.556E-06   Iter/sec:  1.224E+01
 Iteration:  00000012   DeltaT:  2.556E-06   Iter/sec:  1.183E+01
 Iteration:  00000013   DeltaT:  2.556E-06   Iter/sec:  1.209E+01
 Iteration:  00000014   DeltaT:  2.556E-06   Iter/sec:  1.193E+01
 Iteration:  00000015   DeltaT:  2.556E-06   Iter/sec:  1.201E+01
 Iteration:  00000016   DeltaT:  2.556E-06   Iter/sec:  1.211E+01
 Iteration:  00000017   DeltaT:  2.556E-06   Iter/sec:  1.192E+01
 Iteration:  00000018   DeltaT:  2.556E-06   Iter/sec:  1.170E+01
 Iteration:  00000019   DeltaT:  2.556E-06   Iter/sec:  1.192E+01
 Iteration:  00000020   DeltaT:  2.556E-06   Iter/sec:  1.218E+01
 Iteration:  00000021   DeltaT:  2.556E-06   Iter/sec:  1.218E+01
 Iteration:  00000022   DeltaT:  2.556E-06   Iter/sec:  1.127E+01
 Iteration:  00000023   DeltaT:  2.556E-06   Iter/sec:  1.214E+01
 Iteration:  00000024   DeltaT:  2.556E-06   Iter/sec:  1.267E+01
 Iteration:  00000025   DeltaT:  2.556E-06   Iter/sec:  1.211E+01
 Iteration:  00000026   DeltaT:  2.556E-06   Iter/sec:  1.190E+01
 Iteration:  00000027   DeltaT:  2.556E-06   Iter/sec:  1.189E+01
 Iteration:  00000028   DeltaT:  2.556E-06   Iter/sec:  1.190E+01
 Iteration:  00000029   DeltaT:  2.556E-06   Iter/sec:  1.234E+01
 Iteration:  00000030   DeltaT:  2.556E-06   Iter/sec:  1.187E+01
 Iteration:  00000031   DeltaT:  2.556E-06   Iter/sec:  1.183E+01
 Iteration:  00000032   DeltaT:  2.556E-06   Iter/sec:  1.101E+01
 Iteration:  00000033   DeltaT:  2.556E-06   Iter/sec:  1.221E+01
 Iteration:  00000034   DeltaT:  2.556E-06   Iter/sec:  1.215E+01
 Iteration:  00000035   DeltaT:  2.556E-06   Iter/sec:  1.201E+01
 Iteration:  00000036   DeltaT:  2.556E-06   Iter/sec:  1.198E+01
 Iteration:  00000037   DeltaT:  2.556E-06   Iter/sec:  1.194E+01
 Iteration:  00000038   DeltaT:  2.556E-06   Iter/sec:  1.225E+01
 Iteration:  00000039   DeltaT:  2.556E-06   Iter/sec:  1.236E+01
 Iteration:  00000040   DeltaT:  2.556E-06   Iter/sec:  1.176E+01
 Iteration:  00000041   DeltaT:  2.556E-06   Iter/sec:  1.208E+01
 Iteration:  00000042   DeltaT:  2.556E-06   Iter/sec:  1.192E+01
 Iteration:  00000043   DeltaT:  2.556E-06   Iter/sec:  1.199E+01
 Iteration:  00000044   DeltaT:  2.556E-06   Iter/sec:  1.221E+01
 Iteration:  00000045   DeltaT:  2.556E-06   Iter/sec:  1.207E+01
 Iteration:  00000046   DeltaT:  2.556E-06   Iter/sec:  1.218E+01
 Iteration:  00000047   DeltaT:  2.556E-06   Iter/sec:  1.217E+01
 Iteration:  00000048   DeltaT:  2.556E-06   Iter/sec:  1.224E+01
 Iteration:  00000049   DeltaT:  2.556E-06   Iter/sec:  1.175E+01
 Iteration:  00000050   DeltaT:  2.556E-06   Iter/sec:  1.136E+01


//////////////////////////////////////////////
   Measured Timings for Process 0  (seconds)

 Elapsed time:         5.0569
  Column time:         1.5945
     Row time:         0.9546
Legendre time:         0.5324
     FFT time:         0.2555
   Solve time:         0.2352
    rlma time:         0.0420
    rlmb time:         0.0176
  pspace time:         0.3087
  psolve time:         0.2807
    dphi time:         0.0204
captured time:         4.2416

     iter/sec:         9.6897
//////////////////////////////////////////////
