 //////////////////////////////////////
 Initializating Rayleigh...

 -- Initalizing MPI...
 ---- Specified parameters:
 ---- NCPU  :    128
 ---- NPROW :     16
 ---- NPCOL :      8
 -- MPI initialized.


 -- Initalizing Grid...
 ---- Specified parameters ----
 ---- N_R                 :     64
 ---- N_THETA             :    768
 ---- Ell_MAX             :    511
 ---- R_MIN               :  5.38462E-01
 ---- R_MAX               :  1.53846E+00
 ---- Chebyshev Domains   :      1

        Domain 1
          Grid points           :  64
          Dealiased Polynomials :  42
          Domain Lower Bound    :  5.38462E-01
          Domain Upper Bound    :  1.53846E+00

 -- Grid initialized.

 -- Initalizing Reference State...
 ---- Specified parameters:
 ---- Reference type           :  Boussinesq (Non-dimensional)
 ---- Rayleigh Number          :  1.00000E+05
 ---- Ekman Number             :  1.00000E-03
 ---- Prandtl Number           :  1.00000E+00
 ---- Magnetic Prandtl Number  :  5.00000E+00
 -- Reference State initialized.

 -- Initializing Fields...
 ---- Specified parameters:
 ---- Hydro Init Type    : Benchmark (Christensen et al. 2001)
 ---- Magnetic Init Type : Benchmark (Christensen et al. 2001)
 -- Fields initialized.

 Initialization Complete.
 //////////////////////////////////////

 Timestep has changed from  0.00000E+00 to  1.00000E-04.
 Iteration:  00000001   DeltaT:  1.000E-04   Iter/sec:  0.000E+00
MPT ERROR: Rank 71(g:71) received signal SIGSEGV(11).
	Process ID: 60440, Host: r3i4n0, Program: /home1/rorvedah/Programs/Rayleigh-Fork/bin/Rayleigh.SHTns.opt
	MPT Version: HPE MPT 2.23  09/13/20 02:52:52

MPT: --------stack traceback-------
MPT ERROR: Rank 7(g:7) received signal SIGSEGV(11).
	Process ID: 72181, Host: r1i7n1, Program: /home1/rorvedah/Programs/Rayleigh-Fork/bin/Rayleigh.SHTns.opt
	MPT Version: HPE MPT 2.23  09/13/20 02:52:52

MPT: --------stack traceback-------
MPT: Attaching to program: /proc/60440/exe, process 60440
MPT: (No debugging symbols found in /nasa/intel/Compiler/2020.4.304/compilers_and_libraries_2020.4.304/linux/mkl/lib/intel64_lin/libmkl_intel_lp64.so)
MPT: (No debugging symbols found in /nasa/intel/Compiler/2020.4.304/compilers_and_libraries_2020.4.304/linux/mkl/lib/intel64_lin/libmkl_intel_thread.so)
MPT: (No debugging symbols found in /usr/lib64/libstdc++.so.6)
MPT: (No debugging symbols found in /nasa/intel/Compiler/2020.4.304/compilers_and_libraries_2020.4.304/linux/compiler/lib/intel64_lin/libimf.so)
MPT: (No debugging symbols found in /lib64/libm.so.6)
MPT: (No debugging symbols found in /lib64/libpthread.so.0)
MPT: [Thread debugging using libthread_db enabled]
MPT: Using host libthread_db library "/lib64/libthread_db.so.1".
MPT: (No debugging symbols found in /nasa/hpe/mpt/2.23/usr/lib64/libcpuset.so.1)
MPT: (No debugging symbols found in /nasa/hpe/mpt/2.23/usr/lib64/libbitmask.so.1)
MPT: (No debugging symbols found in /nasa/intel/Compiler/2020.4.304/compilers_and_libraries_2020.4.304/linux/compiler/lib/intel64_lin/libifport.so.5)
MPT: (No debugging symbols found in /nasa/intel/Compiler/2020.4.304/compilers_and_libraries_2020.4.304/linux/compiler/lib/intel64_lin/libifcoremt.so.5)
MPT: (No debugging symbols found in /nasa/intel/Compiler/2020.4.304/compilers_and_libraries_2020.4.304/linux/compiler/lib/intel64_lin/libsvml.so)
MPT: (No debugging symbols found in /nasa/intel/Compiler/2020.4.304/compilers_and_libraries_2020.4.304/linux/compiler/lib/intel64_lin/libintlc.so.5)
MPT: (No debugging symbols found in /lib64/libc.so.6)
MPT: (No debugging symbols found in /lib64/libgcc_s.so.1)
MPT: (No debugging symbols found in /lib64/libdl.so.2)
MPT: (No debugging symbols found in /lib64/ld-linux-x86-64.so.2)
MPT: (No debugging symbols found in /lib64/librt.so.1)
MPT: (No debugging symbols found in /usr/lib64/libibverbs.so.1)
MPT: (No debugging symbols found in /usr/lib64/libnl-route-3.so.200)
MPT: (No debugging symbols found in /usr/lib64/libnl-3.so.200)
MPT: (No debugging symbols found in /usr/lib64/libmthca-rdmav2.so)
MPT: (No debugging symbols found in /usr/lib64/libmlx5-rdmav2.so)
MPT: (No debugging symbols found in /usr/lib64/libmlx4-rdmav2.so)
MPT: (No debugging symbols found in /usr/lib64/libcxgb3-rdmav2.so)
MPT: (No debugging symbols found in /nasa/intel/Compiler/2020.4.304/compilers_and_libraries_2020.4.304/linux/mkl/lib/intel64_lin/libmkl_avx2.so)
MPT: (No debugging symbols found in /nasa/intel/Compiler/2020.4.304/compilers_and_libraries_2020.4.304/linux/mkl/lib/intel64_lin/libmkl_vml_avx2.so)
MPT: 0x00002aaab4a937da in waitpid () from /lib64/libpthread.so.0
MPT: Missing separate debuginfos, use: zypper install glibc-debuginfo-2.22-109.2.x86_64 libcxgb3-rdmav2-debuginfo-1.3.1-6.2.x86_64 libgcc_s1-debuginfo-9.3.1+git1296-1.7.2.x86_64 libibverbs-debuginfo-41mlnx1-OFED.4.9.0.0.7.49017.x86_64 libmlx4-debuginfo-41mlnx1-OFED.4.7.3.0.3.49017.x86_64 libmlx5-debuginfo-41mlnx1-OFED.4.9.0.1.2.49017.x86_64 libmthca-rdmav2-debuginfo-1.0.6-5.2.x86_64 libstdc++6-debuginfo-9.3.1+git1296-1.7.2.x86_64
MPT: (gdb) #0  0x00002aaab4a937da in waitpid () from /lib64/libpthread.so.0
MPT: #1  0x00002aaab51ee0e6 in mpi_sgi_system (
MPT: #2  MPI_SGI_stacktraceback (
MPT:     header=header@entry=0x7fffffff9650 "MPT ERROR: Rank 71(g:71) received signal SIGSEGV(11).\n\tProcess ID: 60440, Host: r3i4n0, Program: /home1/rorvedah/Programs/Rayleigh-Fork/bin/Rayleigh.SHTns.opt\n\tMPT Version: HPE MPT 2.23  09/13/20 02:5"...) at sig.c:340
MPT: #3  0x00002aaab51ee2e6 in first_arriver_handler (signo=signo@entry=11, 
MPT:     stack_trace_sem=stack_trace_sem@entry=0x2aaabfdc0080) at sig.c:489
MPT: #4  0x00002aaab51ee573 in slave_sig_handler (signo=11, 
MPT:     siginfo=<optimized out>, extra=<optimized out>) at sig.c:565
MPT: #5  <signal handler called>
MPT: #6  rml::internal::LocalLOCImpl<8, 32>::put (this=<optimized out>, 
MPT:     object=0x2ae1f52fe040, 
MPT:     extMemPool=0x2aaab3cff910 <rml::internal::defaultMemPool_space+16>)
MPT:     at ../../src/tbbmalloc/frontend.cpp:2201
MPT: #7  rml::internal::MemoryPool::putToLLOCache (
MPT:     this=0x2aaab3cff910 <rml::internal::defaultMemPool_space+16>, 
MPT:     tls=0x2ae1e7933c80, object=0xc) at ../../src/tbbmalloc/frontend.cpp:2327
MPT: #8  0x00002aaaaab9986d in for_deallocate ()
MPT:    from /nasa/intel/Compiler/2020.4.304/compilers_and_libraries_2020.4.304/linux/compiler/lib/intel64_lin/libifcoremt.so.5
MPT: #9  0x0000000000419081 in spherical_buffer_mp_deallocate_spherical_buffer_ ()
MPT: #10 0x00000000008a69e2 in sphere_hybrid_space_mp_rlm_spacea_ ()
MPT: #11 0x000000000090ea87 in sphere_driver_mp_main_loop_sphere_ ()
MPT: #12 0x0000000000938d2e in MAIN__ ()
MPT: #13 0x00000000004043d2 in main ()
MPT: (gdb) A debugging session is active.
MPT: 
MPT: 	Inferior 1 [process 60440] will be detached.
MPT: 
MPT: Quit anyway? (y or n) [answered Y; input not from terminal]
MPT: Detaching from program: /proc/60440/exe, process 60440
MPT: [Inferior 1 (process 60440) detached]

MPT: -----stack traceback ends-----
MPT: On host r3i4n0, Program /home1/rorvedah/Programs/Rayleigh-Fork/bin/Rayleigh.SHTns.opt, Rank 71, Process 60440: Dumping core on signal SIGSEGV(11) into directory /nobackupp8/rorvedah/SHTns-vs-Rayleigh/Scaling/interactive-new
MPT ERROR: MPI_COMM_WORLD rank 71 has terminated without calling MPI_Finalize()
	aborting job
MPT: Received signal 11
