 //////////////////////////////////////
 Initializating Rayleigh...

 -- Initalizing MPI...
 ---- Specified parameters:
 ---- NCPU  :     16
 ---- NPROW :      4
 ---- NPCOL :      4
 -- MPI initialized.


 -- Initalizing Grid...
 ---- Specified parameters ----
 ---- N_R                 :    128
 ---- N_THETA             :    384
 ---- Ell_MAX             :    255
 ---- R_MIN               :  5.38462E-01
 ---- R_MAX               :  1.53846E+00
 ---- Chebyshev Domains   :      1

        Domain 1
          Grid points           :  128
          Dealiased Polynomials :  85
          Domain Lower Bound    :  5.38462E-01
          Domain Upper Bound    :  1.53846E+00

 -- Grid initialized.

 -- Initalizing Reference State...
 ---- Specified parameters:
 ---- Reference type           :  Boussinesq (Non-dimensional)
 ---- Rayleigh Number          :  1.00000E+05
 ---- Ekman Number             :  1.00000E-03
 ---- Prandtl Number           :  1.00000E+00
 ---- Magnetic Prandtl Number  :  5.00000E+00
 -- Reference State initialized.

 -- Initializing Fields...
 ---- Specified parameters:
 ---- Hydro Init Type    : Benchmark (Christensen et al. 2001)
 ---- Magnetic Init Type : Benchmark (Christensen et al. 2001)
 -- Fields initialized.

 Initialization Complete.
 //////////////////////////////////////

 Timestep has changed from  0.00000E+00 to  1.00000E-04.
 Iteration:  00000001   DeltaT:  1.000E-04   Iter/sec:  0.000E+00
 Timestep has changed from  1.00000E-04 to  2.55566E-06.
 Iteration:  00000002   DeltaT:  2.556E-06   Iter/sec:  1.042E-01
 Iteration:  00000003   DeltaT:  2.556E-06   Iter/sec:  1.865E-01
 Iteration:  00000004   DeltaT:  2.556E-06   Iter/sec:  1.974E-01
 Iteration:  00000005   DeltaT:  2.556E-06   Iter/sec:  1.956E-01
 Iteration:  00000006   DeltaT:  2.556E-06   Iter/sec:  1.963E-01
 Iteration:  00000007   DeltaT:  2.556E-06   Iter/sec:  1.985E-01
 Iteration:  00000008   DeltaT:  2.556E-06   Iter/sec:  1.961E-01
 Iteration:  00000009   DeltaT:  2.556E-06   Iter/sec:  1.952E-01
 Iteration:  00000010   DeltaT:  2.556E-06   Iter/sec:  1.968E-01
 Iteration:  00000011   DeltaT:  2.556E-06   Iter/sec:  1.959E-01
 Iteration:  00000012   DeltaT:  2.556E-06   Iter/sec:  1.958E-01
 Iteration:  00000013   DeltaT:  2.556E-06   Iter/sec:  1.961E-01
 Iteration:  00000014   DeltaT:  2.556E-06   Iter/sec:  1.958E-01
 Iteration:  00000015   DeltaT:  2.556E-06   Iter/sec:  1.961E-01
 Iteration:  00000016   DeltaT:  2.556E-06   Iter/sec:  1.975E-01
 Iteration:  00000017   DeltaT:  2.556E-06   Iter/sec:  1.957E-01
 Iteration:  00000018   DeltaT:  2.556E-06   Iter/sec:  1.972E-01
 Iteration:  00000019   DeltaT:  2.556E-06   Iter/sec:  1.962E-01
 Iteration:  00000020   DeltaT:  2.556E-06   Iter/sec:  1.961E-01
 Iteration:  00000021   DeltaT:  2.556E-06   Iter/sec:  1.978E-01
 Iteration:  00000022   DeltaT:  2.556E-06   Iter/sec:  1.962E-01
 Iteration:  00000023   DeltaT:  2.556E-06   Iter/sec:  1.960E-01
 Iteration:  00000024   DeltaT:  2.556E-06   Iter/sec:  1.957E-01
 Iteration:  00000025   DeltaT:  2.556E-06   Iter/sec:  1.963E-01
 Iteration:  00000026   DeltaT:  2.556E-06   Iter/sec:  1.957E-01
 Iteration:  00000027   DeltaT:  2.556E-06   Iter/sec:  1.963E-01
 Iteration:  00000028   DeltaT:  2.556E-06   Iter/sec:  2.001E-01
 Iteration:  00000029   DeltaT:  2.556E-06   Iter/sec:  1.955E-01
 Iteration:  00000030   DeltaT:  2.556E-06   Iter/sec:  1.964E-01
 Iteration:  00000031   DeltaT:  2.556E-06   Iter/sec:  1.958E-01
 Iteration:  00000032   DeltaT:  2.556E-06   Iter/sec:  1.962E-01
 Iteration:  00000033   DeltaT:  2.556E-06   Iter/sec:  1.966E-01
 Iteration:  00000034   DeltaT:  2.556E-06   Iter/sec:  1.952E-01
 Iteration:  00000035   DeltaT:  2.556E-06   Iter/sec:  1.960E-01
 Iteration:  00000036   DeltaT:  2.556E-06   Iter/sec:  1.982E-01
 Iteration:  00000037   DeltaT:  2.556E-06   Iter/sec:  1.963E-01
 Iteration:  00000038   DeltaT:  2.556E-06   Iter/sec:  1.954E-01
 Iteration:  00000039   DeltaT:  2.556E-06   Iter/sec:  1.952E-01
 Iteration:  00000040   DeltaT:  2.556E-06   Iter/sec:  1.959E-01
 Iteration:  00000041   DeltaT:  2.556E-06   Iter/sec:  1.993E-01
 Iteration:  00000042   DeltaT:  2.556E-06   Iter/sec:  1.964E-01
 Iteration:  00000043   DeltaT:  2.556E-06   Iter/sec:  1.960E-01
 Iteration:  00000044   DeltaT:  2.556E-06   Iter/sec:  1.952E-01
 Iteration:  00000045   DeltaT:  2.556E-06   Iter/sec:  1.964E-01
 Iteration:  00000046   DeltaT:  2.556E-06   Iter/sec:  1.962E-01
 Iteration:  00000047   DeltaT:  2.556E-06   Iter/sec:  1.964E-01
 Iteration:  00000048   DeltaT:  2.556E-06   Iter/sec:  1.963E-01
 Iteration:  00000049   DeltaT:  2.556E-06   Iter/sec:  1.962E-01
 Iteration:  00000050   DeltaT:  2.556E-06   Iter/sec:  1.967E-01


//////////////////////////////////////////////
   Measured Timings for Process 0  (seconds)

 Elapsed time:       261.9336
  Column time:        15.6951
     Row time:       100.1085
Legendre time:        39.2174
     FFT time:        15.3928
   Solve time:         4.0758
    rlma time:         7.4935
    rlmb time:         3.0251
  pspace time:        36.2337
  psolve time:        27.4015
    dphi time:         2.1492
captured time:       250.7926

     iter/sec:         0.1871
//////////////////////////////////////////////
