 //////////////////////////////////////
 Initializating Rayleigh...

 -- Initalizing MPI...
 ---- Specified parameters:
 ---- NCPU  :   1024
 ---- NPROW :     32
 ---- NPCOL :     32
 -- MPI initialized.


 -- Initalizing Grid...
 ---- Specified parameters ----
 ---- N_R                 :    128
 ---- N_THETA             :    192
 ---- Ell_MAX             :    127
 ---- R_MIN               :  5.38462E-01
 ---- R_MAX               :  1.53846E+00
 ---- Chebyshev Domains   :      1

        Domain 1
          Grid points           :  128
          Dealiased Polynomials :  85
          Domain Lower Bound    :  5.38462E-01
          Domain Upper Bound    :  1.53846E+00

 -- Grid initialized.

 -- Initalizing Reference State...
 ---- Specified parameters:
 ---- Reference type           :  Boussinesq (Non-dimensional)
 ---- Rayleigh Number          :  1.00000E+05
 ---- Ekman Number             :  1.00000E-03
 ---- Prandtl Number           :  1.00000E+00
 ---- Magnetic Prandtl Number  :  5.00000E+00
 -- Reference State initialized.

 -- Initializing Fields...
 ---- Specified parameters:
 ---- Hydro Init Type    : Benchmark (Christensen et al. 2001)
 ---- Magnetic Init Type : Benchmark (Christensen et al. 2001)
 -- Fields initialized.

 Initialization Complete.
 //////////////////////////////////////

 Timestep has changed from  0.00000E+00 to  1.00000E-04.
 Iteration:  00000001   DeltaT:  1.000E-04   Iter/sec:  0.000E+00
 Timestep has changed from  1.00000E-04 to  2.55581E-06.
 Iteration:  00000002   DeltaT:  2.556E-06   Iter/sec:  1.908E-01
 Iteration:  00000003   DeltaT:  2.556E-06   Iter/sec:  2.381E+00
 Iteration:  00000004   DeltaT:  2.556E-06   Iter/sec:  8.734E+00
 Iteration:  00000005   DeltaT:  2.556E-06   Iter/sec:  8.991E+00
 Iteration:  00000006   DeltaT:  2.556E-06   Iter/sec:  9.426E+00
 Iteration:  00000007   DeltaT:  2.556E-06   Iter/sec:  7.922E+00
 Iteration:  00000008   DeltaT:  2.556E-06   Iter/sec:  9.471E+00
 Iteration:  00000009   DeltaT:  2.556E-06   Iter/sec:  9.440E+00
 Iteration:  00000010   DeltaT:  2.556E-06   Iter/sec:  8.636E+00
 Iteration:  00000011   DeltaT:  2.556E-06   Iter/sec:  9.518E+00
 Iteration:  00000012   DeltaT:  2.556E-06   Iter/sec:  9.469E+00
 Iteration:  00000013   DeltaT:  2.556E-06   Iter/sec:  9.444E+00
 Iteration:  00000014   DeltaT:  2.556E-06   Iter/sec:  9.101E+00
 Iteration:  00000015   DeltaT:  2.556E-06   Iter/sec:  9.535E+00
 Iteration:  00000016   DeltaT:  2.556E-06   Iter/sec:  7.249E+00
 Iteration:  00000017   DeltaT:  2.556E-06   Iter/sec:  9.410E+00
 Iteration:  00000018   DeltaT:  2.556E-06   Iter/sec:  9.451E+00
 Iteration:  00000019   DeltaT:  2.556E-06   Iter/sec:  9.473E+00
 Iteration:  00000020   DeltaT:  2.556E-06   Iter/sec:  9.407E+00
 Iteration:  00000021   DeltaT:  2.556E-06   Iter/sec:  9.441E+00
 Iteration:  00000022   DeltaT:  2.556E-06   Iter/sec:  8.199E+00
 Iteration:  00000023   DeltaT:  2.556E-06   Iter/sec:  9.274E+00
 Iteration:  00000024   DeltaT:  2.556E-06   Iter/sec:  8.173E+00
 Iteration:  00000025   DeltaT:  2.556E-06   Iter/sec:  8.181E+00
 Iteration:  00000026   DeltaT:  2.556E-06   Iter/sec:  9.481E+00
 Iteration:  00000027   DeltaT:  2.556E-06   Iter/sec:  9.423E+00
 Iteration:  00000028   DeltaT:  2.556E-06   Iter/sec:  8.622E+00
 Iteration:  00000029   DeltaT:  2.556E-06   Iter/sec:  9.467E+00
 Iteration:  00000030   DeltaT:  2.556E-06   Iter/sec:  9.457E+00
 Iteration:  00000031   DeltaT:  2.556E-06   Iter/sec:  9.348E+00
 Iteration:  00000032   DeltaT:  2.556E-06   Iter/sec:  9.476E+00
 Iteration:  00000033   DeltaT:  2.556E-06   Iter/sec:  9.360E+00
 Iteration:  00000034   DeltaT:  2.556E-06   Iter/sec:  9.370E+00
 Iteration:  00000035   DeltaT:  2.556E-06   Iter/sec:  9.468E+00
 Iteration:  00000036   DeltaT:  2.556E-06   Iter/sec:  9.439E+00
 Iteration:  00000037   DeltaT:  2.556E-06   Iter/sec:  9.448E+00
 Iteration:  00000038   DeltaT:  2.556E-06   Iter/sec:  9.462E+00
 Iteration:  00000039   DeltaT:  2.556E-06   Iter/sec:  9.457E+00
 Iteration:  00000040   DeltaT:  2.556E-06   Iter/sec:  8.219E+00
 Iteration:  00000041   DeltaT:  2.556E-06   Iter/sec:  8.981E+00
 Iteration:  00000042   DeltaT:  2.556E-06   Iter/sec:  9.011E+00
 Iteration:  00000043   DeltaT:  2.556E-06   Iter/sec:  7.355E+00
 Iteration:  00000044   DeltaT:  2.556E-06   Iter/sec:  9.220E+00
 Iteration:  00000045   DeltaT:  2.556E-06   Iter/sec:  9.413E+00
 Iteration:  00000046   DeltaT:  2.556E-06   Iter/sec:  9.505E+00
 Iteration:  00000047   DeltaT:  2.556E-06   Iter/sec:  9.079E+00
 Iteration:  00000048   DeltaT:  2.556E-06   Iter/sec:  9.480E+00
 Iteration:  00000049   DeltaT:  2.556E-06   Iter/sec:  9.292E+00
 Iteration:  00000050   DeltaT:  2.556E-06   Iter/sec:  9.501E+00


//////////////////////////////////////////////
   Measured Timings for Process 0  (seconds)

 Elapsed time:         7.0775
  Column time:         0.6138
     Row time:         1.0334
Legendre time:         0.8159
     FFT time:         0.0381
   Solve time:         0.1084
    rlma time:         0.4956
    rlmb time:         0.1829
  pspace time:         1.5015
  psolve time:         1.0995
    dphi time:         0.0395
captured time:         5.9285

     iter/sec:         6.9234
//////////////////////////////////////////////
