 //////////////////////////////////////
 Initializating Rayleigh...

 -- Initalizing MPI...
 ---- Specified parameters:
 ---- NCPU  :     64
 ---- NPROW :      8
 ---- NPCOL :      8
 -- MPI initialized.


 -- Initalizing Grid...
 ---- Specified parameters ----
 ---- N_R                 :     64
 ---- N_THETA             :    192
 ---- Ell_MAX             :    127
 ---- R_MIN               :  5.38462E-01
 ---- R_MAX               :  1.53846E+00
 ---- Chebyshev Domains   :      1

        Domain 1
          Grid points           :  64
          Dealiased Polynomials :  42
          Domain Lower Bound    :  5.38462E-01
          Domain Upper Bound    :  1.53846E+00

 -- Grid initialized.

 -- Initalizing Reference State...
 ---- Specified parameters:
 ---- Reference type           :  Boussinesq (Non-dimensional)
 ---- Rayleigh Number          :  1.00000E+05
 ---- Ekman Number             :  1.00000E-03
 ---- Prandtl Number           :  1.00000E+00
 ---- Magnetic Prandtl Number  :  5.00000E+00
 -- Reference State initialized.

 -- Initializing Fields...
 ---- Specified parameters:
 ---- Hydro Init Type    : Benchmark (Christensen et al. 2001)
 ---- Magnetic Init Type : Benchmark (Christensen et al. 2001)
 -- Fields initialized.

 Initialization Complete.
 //////////////////////////////////////

 Timestep has changed from  0.00000E+00 to  1.00000E-04.
 Iteration:  00000001   DeltaT:  1.000E-04   Iter/sec:  0.000E+00
 Timestep has changed from  1.00000E-04 to  1.02217E-05.
 Iteration:  00000002   DeltaT:  1.022E-05   Iter/sec:  1.995E-01
 Iteration:  00000003   DeltaT:  1.022E-05   Iter/sec:  9.039E-01
 Iteration:  00000004   DeltaT:  1.022E-05   Iter/sec:  1.193E+00
 Iteration:  00000005   DeltaT:  1.022E-05   Iter/sec:  1.202E+00
 Iteration:  00000006   DeltaT:  1.022E-05   Iter/sec:  1.205E+00
 Iteration:  00000007   DeltaT:  1.022E-05   Iter/sec:  1.210E+00
 Iteration:  00000008   DeltaT:  1.022E-05   Iter/sec:  1.198E+00
 Iteration:  00000009   DeltaT:  1.022E-05   Iter/sec:  1.228E+00
 Iteration:  00000010   DeltaT:  1.022E-05   Iter/sec:  1.213E+00
 Iteration:  00000011   DeltaT:  1.022E-05   Iter/sec:  1.156E+00
 Iteration:  00000012   DeltaT:  1.022E-05   Iter/sec:  1.211E+00
 Iteration:  00000013   DeltaT:  1.022E-05   Iter/sec:  1.225E+00
 Iteration:  00000014   DeltaT:  1.022E-05   Iter/sec:  1.200E+00
 Iteration:  00000015   DeltaT:  1.022E-05   Iter/sec:  1.230E+00
 Iteration:  00000016   DeltaT:  1.022E-05   Iter/sec:  1.169E+00
 Iteration:  00000017   DeltaT:  1.022E-05   Iter/sec:  1.232E+00
 Iteration:  00000018   DeltaT:  1.022E-05   Iter/sec:  1.230E+00
 Iteration:  00000019   DeltaT:  1.022E-05   Iter/sec:  1.224E+00
 Iteration:  00000020   DeltaT:  1.022E-05   Iter/sec:  1.236E+00
 Iteration:  00000021   DeltaT:  1.022E-05   Iter/sec:  1.233E+00
 Iteration:  00000022   DeltaT:  1.022E-05   Iter/sec:  1.190E+00
 Iteration:  00000023   DeltaT:  1.022E-05   Iter/sec:  1.231E+00
 Iteration:  00000024   DeltaT:  1.022E-05   Iter/sec:  1.224E+00
 Iteration:  00000025   DeltaT:  1.022E-05   Iter/sec:  1.227E+00
 Iteration:  00000026   DeltaT:  1.022E-05   Iter/sec:  1.233E+00
 Iteration:  00000027   DeltaT:  1.022E-05   Iter/sec:  1.220E+00
 Iteration:  00000028   DeltaT:  1.022E-05   Iter/sec:  1.210E+00
 Iteration:  00000029   DeltaT:  1.022E-05   Iter/sec:  1.212E+00
 Iteration:  00000030   DeltaT:  1.022E-05   Iter/sec:  1.230E+00
 Iteration:  00000031   DeltaT:  1.022E-05   Iter/sec:  1.226E+00
 Iteration:  00000032   DeltaT:  1.022E-05   Iter/sec:  1.242E+00
 Iteration:  00000033   DeltaT:  1.022E-05   Iter/sec:  1.230E+00
 Iteration:  00000034   DeltaT:  1.022E-05   Iter/sec:  1.234E+00
 Iteration:  00000035   DeltaT:  1.022E-05   Iter/sec:  1.238E+00
 Iteration:  00000036   DeltaT:  1.022E-05   Iter/sec:  1.229E+00
 Iteration:  00000037   DeltaT:  1.022E-05   Iter/sec:  1.241E+00
 Iteration:  00000038   DeltaT:  1.022E-05   Iter/sec:  1.217E+00
 Iteration:  00000039   DeltaT:  1.022E-05   Iter/sec:  1.214E+00
 Iteration:  00000040   DeltaT:  1.022E-05   Iter/sec:  1.246E+00
 Iteration:  00000041   DeltaT:  1.022E-05   Iter/sec:  1.234E+00
 Iteration:  00000042   DeltaT:  1.022E-05   Iter/sec:  1.226E+00
 Iteration:  00000043   DeltaT:  1.022E-05   Iter/sec:  1.243E+00
 Iteration:  00000044   DeltaT:  1.022E-05   Iter/sec:  1.234E+00
 Iteration:  00000045   DeltaT:  1.022E-05   Iter/sec:  1.248E+00
 Iteration:  00000046   DeltaT:  1.022E-05   Iter/sec:  1.232E+00
 Iteration:  00000047   DeltaT:  1.022E-05   Iter/sec:  1.240E+00
 Iteration:  00000048   DeltaT:  1.022E-05   Iter/sec:  1.205E+00
 Iteration:  00000049   DeltaT:  1.022E-05   Iter/sec:  1.231E+00
 Iteration:  00000050   DeltaT:  1.022E-05   Iter/sec:  1.226E+00


//////////////////////////////////////////////
   Measured Timings for Process 0  (seconds)

 Elapsed time:        42.5036
  Column time:         2.7274
     Row time:         7.4681
Legendre time:         7.4199
     FFT time:         0.4235
   Solve time:         0.1419
    rlma time:         3.8350
    rlmb time:         1.4044
  pspace time:        11.9428
  psolve time:         4.8743
    dphi time:         0.3103
captured time:        40.5476

     iter/sec:         1.1528
//////////////////////////////////////////////
