 //////////////////////////////////////
 Initializating Rayleigh...

 -- Initalizing MPI...
 ---- Specified parameters:
 ---- NCPU  :    256
 ---- NPROW :     16
 ---- NPCOL :     16
 -- MPI initialized.


 -- Initalizing Grid...
 ---- Specified parameters ----
 ---- N_R                 :     64
 ---- N_THETA             :    192
 ---- Ell_MAX             :    127
 ---- R_MIN               :  5.38462E-01
 ---- R_MAX               :  1.53846E+00
 ---- Chebyshev Domains   :      1

        Domain 1
          Grid points           :  64
          Dealiased Polynomials :  42
          Domain Lower Bound    :  5.38462E-01
          Domain Upper Bound    :  1.53846E+00

 -- Grid initialized.

 -- Initalizing Reference State...
 ---- Specified parameters:
 ---- Reference type           :  Boussinesq (Non-dimensional)
 ---- Rayleigh Number          :  1.00000E+05
 ---- Ekman Number             :  1.00000E-03
 ---- Prandtl Number           :  1.00000E+00
 ---- Magnetic Prandtl Number  :  5.00000E+00
 -- Reference State initialized.

 -- Initializing Fields...
 ---- Specified parameters:
 ---- Hydro Init Type    : Benchmark (Christensen et al. 2001)
 ---- Magnetic Init Type : Benchmark (Christensen et al. 2001)
 -- Fields initialized.

 Initialization Complete.
 //////////////////////////////////////

 Timestep has changed from  0.00000E+00 to  1.00000E-04.
 Iteration:  00000001   DeltaT:  1.000E-04   Iter/sec:  0.000E+00
 Timestep has changed from  1.00000E-04 to  1.02217E-05.
 Iteration:  00000002   DeltaT:  1.022E-05   Iter/sec:  2.379E-01
 Iteration:  00000003   DeltaT:  1.022E-05   Iter/sec:  2.858E+00
 Iteration:  00000004   DeltaT:  1.022E-05   Iter/sec:  4.949E+00
 Iteration:  00000005   DeltaT:  1.022E-05   Iter/sec:  4.746E+00
 Iteration:  00000006   DeltaT:  1.022E-05   Iter/sec:  4.949E+00
 Iteration:  00000007   DeltaT:  1.022E-05   Iter/sec:  4.871E+00
 Iteration:  00000008   DeltaT:  1.022E-05   Iter/sec:  3.492E+00
 Iteration:  00000009   DeltaT:  1.022E-05   Iter/sec:  3.747E+00
 Iteration:  00000010   DeltaT:  1.022E-05   Iter/sec:  4.961E+00
 Iteration:  00000011   DeltaT:  1.022E-05   Iter/sec:  4.960E+00
 Iteration:  00000012   DeltaT:  1.022E-05   Iter/sec:  4.979E+00
 Iteration:  00000013   DeltaT:  1.022E-05   Iter/sec:  4.964E+00
 Iteration:  00000014   DeltaT:  1.022E-05   Iter/sec:  4.727E+00
 Iteration:  00000015   DeltaT:  1.022E-05   Iter/sec:  4.961E+00
 Iteration:  00000016   DeltaT:  1.022E-05   Iter/sec:  4.964E+00
 Iteration:  00000017   DeltaT:  1.022E-05   Iter/sec:  4.963E+00
 Iteration:  00000018   DeltaT:  1.022E-05   Iter/sec:  4.966E+00
 Iteration:  00000019   DeltaT:  1.022E-05   Iter/sec:  4.971E+00
 Iteration:  00000020   DeltaT:  1.022E-05   Iter/sec:  4.975E+00
 Iteration:  00000021   DeltaT:  1.022E-05   Iter/sec:  4.973E+00
 Iteration:  00000022   DeltaT:  1.022E-05   Iter/sec:  4.967E+00
 Iteration:  00000023   DeltaT:  1.022E-05   Iter/sec:  4.955E+00
 Iteration:  00000024   DeltaT:  1.022E-05   Iter/sec:  4.735E+00
 Iteration:  00000025   DeltaT:  1.022E-05   Iter/sec:  4.971E+00
 Iteration:  00000026   DeltaT:  1.022E-05   Iter/sec:  4.961E+00
 Iteration:  00000027   DeltaT:  1.022E-05   Iter/sec:  4.964E+00
 Iteration:  00000028   DeltaT:  1.022E-05   Iter/sec:  4.979E+00
 Iteration:  00000029   DeltaT:  1.022E-05   Iter/sec:  4.962E+00
 Iteration:  00000030   DeltaT:  1.022E-05   Iter/sec:  4.966E+00
 Iteration:  00000031   DeltaT:  1.022E-05   Iter/sec:  4.955E+00
 Iteration:  00000032   DeltaT:  1.022E-05   Iter/sec:  4.970E+00
 Iteration:  00000033   DeltaT:  1.022E-05   Iter/sec:  4.966E+00
 Iteration:  00000034   DeltaT:  1.022E-05   Iter/sec:  4.745E+00
 Iteration:  00000035   DeltaT:  1.022E-05   Iter/sec:  4.964E+00
 Iteration:  00000036   DeltaT:  1.022E-05   Iter/sec:  4.968E+00
 Iteration:  00000037   DeltaT:  1.022E-05   Iter/sec:  4.960E+00
 Iteration:  00000038   DeltaT:  1.022E-05   Iter/sec:  4.914E+00
 Iteration:  00000039   DeltaT:  1.022E-05   Iter/sec:  4.983E+00
 Iteration:  00000040   DeltaT:  1.022E-05   Iter/sec:  4.968E+00
 Iteration:  00000041   DeltaT:  1.022E-05   Iter/sec:  4.962E+00
 Iteration:  00000042   DeltaT:  1.022E-05   Iter/sec:  4.972E+00
 Iteration:  00000043   DeltaT:  1.022E-05   Iter/sec:  4.967E+00
 Iteration:  00000044   DeltaT:  1.022E-05   Iter/sec:  4.733E+00
 Iteration:  00000045   DeltaT:  1.022E-05   Iter/sec:  4.970E+00
 Iteration:  00000046   DeltaT:  1.022E-05   Iter/sec:  4.971E+00
 Iteration:  00000047   DeltaT:  1.022E-05   Iter/sec:  4.963E+00
 Iteration:  00000048   DeltaT:  1.022E-05   Iter/sec:  4.928E+00
 Iteration:  00000049   DeltaT:  1.022E-05   Iter/sec:  4.991E+00
 Iteration:  00000050   DeltaT:  1.022E-05   Iter/sec:  4.965E+00


//////////////////////////////////////////////
   Measured Timings for Process 0  (seconds)

 Elapsed time:        11.2990
  Column time:         0.7506
     Row time:         1.8050
Legendre time:         1.7672
     FFT time:         0.0968
   Solve time:         0.0740
    rlma time:         0.9841
    rlmb time:         0.3620
  pspace time:         3.0017
  psolve time:         1.3797
    dphi time:         0.0775
captured time:        10.2986

     iter/sec:         4.3367
//////////////////////////////////////////////
