 //////////////////////////////////////
 Initializating Rayleigh...

 -- Initalizing MPI...
 ---- Specified parameters:
 ---- NCPU  :     64
 ---- NPROW :      8
 ---- NPCOL :      8
 -- MPI initialized.


 -- Initalizing Grid...
 ---- Specified parameters ----
 ---- N_R                 :    128
 ---- N_THETA             :    384
 ---- Ell_MAX             :    255
 ---- R_MIN               :  5.38462E-01
 ---- R_MAX               :  1.53846E+00
 ---- Chebyshev Domains   :      1

        Domain 1
          Grid points           :  128
          Dealiased Polynomials :  85
          Domain Lower Bound    :  5.38462E-01
          Domain Upper Bound    :  1.53846E+00

 -- Grid initialized.

 -- Initalizing Reference State...
 ---- Specified parameters:
 ---- Reference type           :  Boussinesq (Non-dimensional)
 ---- Rayleigh Number          :  1.00000E+05
 ---- Ekman Number             :  1.00000E-03
 ---- Prandtl Number           :  1.00000E+00
 ---- Magnetic Prandtl Number  :  5.00000E+00
 -- Reference State initialized.

 -- Initializing Fields...
 ---- Specified parameters:
 ---- Hydro Init Type    : Benchmark (Christensen et al. 2001)
 ---- Magnetic Init Type : Benchmark (Christensen et al. 2001)
 -- Fields initialized.

 Initialization Complete.
 //////////////////////////////////////

 Timestep has changed from  0.00000E+00 to  1.00000E-04.
 Iteration:  00000001   DeltaT:  1.000E-04   Iter/sec:  0.000E+00
 Timestep has changed from  1.00000E-04 to  2.55566E-06.
 Iteration:  00000002   DeltaT:  2.556E-06   Iter/sec:  4.864E-02
 Iteration:  00000003   DeltaT:  2.556E-06   Iter/sec:  1.026E-01
 Iteration:  00000004   DeltaT:  2.556E-06   Iter/sec:  1.344E-01
 Iteration:  00000005   DeltaT:  2.556E-06   Iter/sec:  1.341E-01
 Iteration:  00000006   DeltaT:  2.556E-06   Iter/sec:  1.345E-01
 Iteration:  00000007   DeltaT:  2.556E-06   Iter/sec:  1.334E-01
 Iteration:  00000008   DeltaT:  2.556E-06   Iter/sec:  1.346E-01
 Iteration:  00000009   DeltaT:  2.556E-06   Iter/sec:  1.339E-01
 Iteration:  00000010   DeltaT:  2.556E-06   Iter/sec:  1.343E-01
 Iteration:  00000011   DeltaT:  2.556E-06   Iter/sec:  1.337E-01
 Iteration:  00000012   DeltaT:  2.556E-06   Iter/sec:  1.337E-01
 Iteration:  00000013   DeltaT:  2.556E-06   Iter/sec:  1.329E-01
 Iteration:  00000014   DeltaT:  2.556E-06   Iter/sec:  1.326E-01
 Iteration:  00000015   DeltaT:  2.556E-06   Iter/sec:  1.336E-01
 Iteration:  00000016   DeltaT:  2.556E-06   Iter/sec:  1.343E-01
 Iteration:  00000017   DeltaT:  2.556E-06   Iter/sec:  1.340E-01
 Iteration:  00000018   DeltaT:  2.556E-06   Iter/sec:  1.335E-01
 Iteration:  00000019   DeltaT:  2.556E-06   Iter/sec:  1.334E-01
 Iteration:  00000020   DeltaT:  2.556E-06   Iter/sec:  1.339E-01
 Iteration:  00000021   DeltaT:  2.556E-06   Iter/sec:  1.344E-01
 Iteration:  00000022   DeltaT:  2.556E-06   Iter/sec:  1.343E-01
 Iteration:  00000023   DeltaT:  2.556E-06   Iter/sec:  1.339E-01
 Iteration:  00000024   DeltaT:  2.556E-06   Iter/sec:  1.342E-01
 Iteration:  00000025   DeltaT:  2.556E-06   Iter/sec:  1.340E-01
 Iteration:  00000026   DeltaT:  2.556E-06   Iter/sec:  1.344E-01
 Iteration:  00000027   DeltaT:  2.556E-06   Iter/sec:  1.340E-01
 Iteration:  00000028   DeltaT:  2.556E-06   Iter/sec:  1.341E-01
 Iteration:  00000029   DeltaT:  2.556E-06   Iter/sec:  1.341E-01
 Iteration:  00000030   DeltaT:  2.556E-06   Iter/sec:  1.341E-01
 Iteration:  00000031   DeltaT:  2.556E-06   Iter/sec:  1.346E-01
 Iteration:  00000032   DeltaT:  2.556E-06   Iter/sec:  1.338E-01
 Iteration:  00000033   DeltaT:  2.556E-06   Iter/sec:  1.342E-01
 Iteration:  00000034   DeltaT:  2.556E-06   Iter/sec:  1.344E-01
 Iteration:  00000035   DeltaT:  2.556E-06   Iter/sec:  1.325E-01
 Iteration:  00000036   DeltaT:  2.556E-06   Iter/sec:  1.343E-01
 Iteration:  00000037   DeltaT:  2.556E-06   Iter/sec:  1.340E-01
 Iteration:  00000038   DeltaT:  2.556E-06   Iter/sec:  1.339E-01
 Iteration:  00000039   DeltaT:  2.556E-06   Iter/sec:  1.341E-01
 Iteration:  00000040   DeltaT:  2.556E-06   Iter/sec:  1.341E-01
 Iteration:  00000041   DeltaT:  2.556E-06   Iter/sec:  1.336E-01
 Iteration:  00000042   DeltaT:  2.556E-06   Iter/sec:  1.343E-01
 Iteration:  00000043   DeltaT:  2.556E-06   Iter/sec:  1.343E-01
 Iteration:  00000044   DeltaT:  2.556E-06   Iter/sec:  1.339E-01
 Iteration:  00000045   DeltaT:  2.556E-06   Iter/sec:  1.341E-01
 Iteration:  00000046   DeltaT:  2.556E-06   Iter/sec:  1.339E-01
 Iteration:  00000047   DeltaT:  2.556E-06   Iter/sec:  1.343E-01
 Iteration:  00000048   DeltaT:  2.556E-06   Iter/sec:  1.342E-01
 Iteration:  00000049   DeltaT:  2.556E-06   Iter/sec:  1.338E-01
 Iteration:  00000050   DeltaT:  2.556E-06   Iter/sec:  1.337E-01


//////////////////////////////////////////////
   Measured Timings for Process 0  (seconds)

 Elapsed time:       383.8701
  Column time:        21.3817
     Row time:        64.3637
Legendre time:        98.9595
     FFT time:         3.5879
   Solve time:         1.2804
    rlma time:        30.3116
    rlmb time:        11.1005
  pspace time:        96.4143
  psolve time:        40.1702
    dphi time:         2.4699
captured time:       370.0396

     iter/sec:         0.1276
//////////////////////////////////////////////
