 //////////////////////////////////////
 Initializating Rayleigh...

 -- Initalizing MPI...
 ---- Specified parameters:
 ---- NCPU  :    128
 ---- NPROW :     16
 ---- NPCOL :      8
 -- MPI initialized.


 -- Initalizing Grid...
 ---- Specified parameters ----
 ---- N_R                 :     64
 ---- N_THETA             :    384
 ---- Ell_MAX             :    255
 ---- R_MIN               :  5.38462E-01
 ---- R_MAX               :  1.53846E+00
 ---- Chebyshev Domains   :      1

        Domain 1
          Grid points           :  64
          Dealiased Polynomials :  42
          Domain Lower Bound    :  5.38462E-01
          Domain Upper Bound    :  1.53846E+00

 -- Grid initialized.

 -- Initalizing Reference State...
 ---- Specified parameters:
 ---- Reference type           :  Boussinesq (Non-dimensional)
 ---- Rayleigh Number          :  1.00000E+05
 ---- Ekman Number             :  1.00000E-03
 ---- Prandtl Number           :  1.00000E+00
 ---- Magnetic Prandtl Number  :  5.00000E+00
 -- Reference State initialized.

 -- Initializing Fields...
 ---- Specified parameters:
 ---- Hydro Init Type    : Benchmark (Christensen et al. 2001)
 ---- Magnetic Init Type : Benchmark (Christensen et al. 2001)
 -- Fields initialized.

 Initialization Complete.
 //////////////////////////////////////

 Timestep has changed from  0.00000E+00 to  1.00000E-04.
 Iteration:  00000001   DeltaT:  1.000E-04   Iter/sec:  0.000E+00
 Timestep has changed from  1.00000E-04 to  1.02211E-05.
 Iteration:  00000002   DeltaT:  1.022E-05   Iter/sec:  1.371E-01
 Iteration:  00000003   DeltaT:  1.022E-05   Iter/sec:  4.188E-01
 Iteration:  00000004   DeltaT:  1.022E-05   Iter/sec:  5.337E-01
 Iteration:  00000005   DeltaT:  1.022E-05   Iter/sec:  5.377E-01
 Iteration:  00000006   DeltaT:  1.022E-05   Iter/sec:  5.341E-01
 Iteration:  00000007   DeltaT:  1.022E-05   Iter/sec:  5.365E-01
 Iteration:  00000008   DeltaT:  1.022E-05   Iter/sec:  5.343E-01
 Iteration:  00000009   DeltaT:  1.022E-05   Iter/sec:  5.298E-01
 Iteration:  00000010   DeltaT:  1.022E-05   Iter/sec:  5.369E-01
 Iteration:  00000011   DeltaT:  1.022E-05   Iter/sec:  5.321E-01
 Iteration:  00000012   DeltaT:  1.022E-05   Iter/sec:  5.351E-01
 Iteration:  00000013   DeltaT:  1.022E-05   Iter/sec:  5.355E-01
 Iteration:  00000014   DeltaT:  1.022E-05   Iter/sec:  5.355E-01
 Iteration:  00000015   DeltaT:  1.022E-05   Iter/sec:  5.338E-01
 Iteration:  00000016   DeltaT:  1.022E-05   Iter/sec:  5.362E-01
 Iteration:  00000017   DeltaT:  1.022E-05   Iter/sec:  5.335E-01
 Iteration:  00000018   DeltaT:  1.022E-05   Iter/sec:  5.351E-01
 Iteration:  00000019   DeltaT:  1.022E-05   Iter/sec:  5.348E-01
 Iteration:  00000020   DeltaT:  1.022E-05   Iter/sec:  5.365E-01
 Iteration:  00000021   DeltaT:  1.022E-05   Iter/sec:  5.339E-01
 Iteration:  00000022   DeltaT:  1.022E-05   Iter/sec:  5.375E-01
 Iteration:  00000023   DeltaT:  1.022E-05   Iter/sec:  5.317E-01
 Iteration:  00000024   DeltaT:  1.022E-05   Iter/sec:  5.348E-01
 Iteration:  00000025   DeltaT:  1.022E-05   Iter/sec:  5.341E-01
 Iteration:  00000026   DeltaT:  1.022E-05   Iter/sec:  5.365E-01
 Iteration:  00000027   DeltaT:  1.022E-05   Iter/sec:  5.335E-01
 Iteration:  00000028   DeltaT:  1.022E-05   Iter/sec:  5.342E-01
 Iteration:  00000029   DeltaT:  1.022E-05   Iter/sec:  5.343E-01
 Iteration:  00000030   DeltaT:  1.022E-05   Iter/sec:  5.341E-01
 Iteration:  00000031   DeltaT:  1.022E-05   Iter/sec:  5.344E-01
 Iteration:  00000032   DeltaT:  1.022E-05   Iter/sec:  5.351E-01
 Iteration:  00000033   DeltaT:  1.022E-05   Iter/sec:  5.365E-01
 Iteration:  00000034   DeltaT:  1.022E-05   Iter/sec:  5.337E-01
 Iteration:  00000035   DeltaT:  1.022E-05   Iter/sec:  5.366E-01
 Iteration:  00000036   DeltaT:  1.022E-05   Iter/sec:  5.325E-01
 Iteration:  00000037   DeltaT:  1.022E-05   Iter/sec:  5.351E-01
 Iteration:  00000038   DeltaT:  1.022E-05   Iter/sec:  5.342E-01
 Iteration:  00000039   DeltaT:  1.022E-05   Iter/sec:  5.333E-01
 Iteration:  00000040   DeltaT:  1.022E-05   Iter/sec:  5.343E-01
 Iteration:  00000041   DeltaT:  1.022E-05   Iter/sec:  5.355E-01
 Iteration:  00000042   DeltaT:  1.022E-05   Iter/sec:  5.341E-01
 Iteration:  00000043   DeltaT:  1.022E-05   Iter/sec:  5.340E-01
 Iteration:  00000044   DeltaT:  1.022E-05   Iter/sec:  5.342E-01
 Iteration:  00000045   DeltaT:  1.022E-05   Iter/sec:  5.353E-01
 Iteration:  00000046   DeltaT:  1.022E-05   Iter/sec:  5.336E-01
 Iteration:  00000047   DeltaT:  1.022E-05   Iter/sec:  5.369E-01
 Iteration:  00000048   DeltaT:  1.022E-05   Iter/sec:  5.333E-01
 Iteration:  00000049   DeltaT:  1.022E-05   Iter/sec:  5.356E-01
 Iteration:  00000050   DeltaT:  1.022E-05   Iter/sec:  5.341E-01


//////////////////////////////////////////////
   Measured Timings for Process 0  (seconds)

 Elapsed time:        98.1433
  Column time:         5.1747
     Row time:        16.9426
Legendre time:        24.1878
     FFT time:         0.9223
   Solve time:         0.2477
    rlma time:         7.6363
    rlmb time:         2.7971
  pspace time:        24.1901
  psolve time:         9.8766
    dphi time:         0.6172
captured time:        92.5923

     iter/sec:         0.4993
//////////////////////////////////////////////
