 //////////////////////////////////////
 Initializating Rayleigh...

 -- Initalizing MPI...
 ---- Specified parameters:
 ---- NCPU  :    512
 ---- NPROW :     32
 ---- NPCOL :     16
 -- MPI initialized.


 -- Initalizing Grid...
 ---- Specified parameters ----
 ---- N_R                 :    128
 ---- N_THETA             :    192
 ---- Ell_MAX             :    127
 ---- R_MIN               :  5.38462E-01
 ---- R_MAX               :  1.53846E+00
 ---- Chebyshev Domains   :      1

        Domain 1
          Grid points           :  128
          Dealiased Polynomials :  85
          Domain Lower Bound    :  5.38462E-01
          Domain Upper Bound    :  1.53846E+00

 -- Grid initialized.

 -- Initalizing Reference State...
 ---- Specified parameters:
 ---- Reference type           :  Boussinesq (Non-dimensional)
 ---- Rayleigh Number          :  1.00000E+05
 ---- Ekman Number             :  1.00000E-03
 ---- Prandtl Number           :  1.00000E+00
 ---- Magnetic Prandtl Number  :  5.00000E+00
 -- Reference State initialized.

 -- Initializing Fields...
 ---- Specified parameters:
 ---- Hydro Init Type    : Benchmark (Christensen et al. 2001)
 ---- Magnetic Init Type : Benchmark (Christensen et al. 2001)
 -- Fields initialized.

 Initialization Complete.
 //////////////////////////////////////

 Timestep has changed from  0.00000E+00 to  1.00000E-04.
 Iteration:  00000001   DeltaT:  1.000E-04   Iter/sec:  0.000E+00
 Timestep has changed from  1.00000E-04 to  2.55581E-06.
 Iteration:  00000002   DeltaT:  2.556E-06   Iter/sec:  1.800E-01
 Iteration:  00000003   DeltaT:  2.556E-06   Iter/sec:  1.358E+00
 Iteration:  00000004   DeltaT:  2.556E-06   Iter/sec:  4.644E+00
 Iteration:  00000005   DeltaT:  2.556E-06   Iter/sec:  4.776E+00
 Iteration:  00000006   DeltaT:  2.556E-06   Iter/sec:  4.811E+00
 Iteration:  00000007   DeltaT:  2.556E-06   Iter/sec:  4.789E+00
 Iteration:  00000008   DeltaT:  2.556E-06   Iter/sec:  4.768E+00
 Iteration:  00000009   DeltaT:  2.556E-06   Iter/sec:  4.793E+00
 Iteration:  00000010   DeltaT:  2.556E-06   Iter/sec:  4.781E+00
 Iteration:  00000011   DeltaT:  2.556E-06   Iter/sec:  4.798E+00
 Iteration:  00000012   DeltaT:  2.556E-06   Iter/sec:  4.783E+00
 Iteration:  00000013   DeltaT:  2.556E-06   Iter/sec:  4.814E+00
 Iteration:  00000014   DeltaT:  2.556E-06   Iter/sec:  4.593E+00
 Iteration:  00000015   DeltaT:  2.556E-06   Iter/sec:  4.792E+00
 Iteration:  00000016   DeltaT:  2.556E-06   Iter/sec:  4.775E+00
 Iteration:  00000017   DeltaT:  2.556E-06   Iter/sec:  4.785E+00
 Iteration:  00000018   DeltaT:  2.556E-06   Iter/sec:  4.776E+00
 Iteration:  00000019   DeltaT:  2.556E-06   Iter/sec:  4.712E+00
 Iteration:  00000020   DeltaT:  2.556E-06   Iter/sec:  4.803E+00
 Iteration:  00000021   DeltaT:  2.556E-06   Iter/sec:  4.791E+00
 Iteration:  00000022   DeltaT:  2.556E-06   Iter/sec:  4.805E+00
 Iteration:  00000023   DeltaT:  2.556E-06   Iter/sec:  4.786E+00
 Iteration:  00000024   DeltaT:  2.556E-06   Iter/sec:  4.722E+00
 Iteration:  00000025   DeltaT:  2.556E-06   Iter/sec:  4.767E+00
 Iteration:  00000026   DeltaT:  2.556E-06   Iter/sec:  4.796E+00
 Iteration:  00000027   DeltaT:  2.556E-06   Iter/sec:  4.770E+00
 Iteration:  00000028   DeltaT:  2.556E-06   Iter/sec:  4.817E+00
 Iteration:  00000029   DeltaT:  2.556E-06   Iter/sec:  4.741E+00
 Iteration:  00000030   DeltaT:  2.556E-06   Iter/sec:  4.786E+00
 Iteration:  00000031   DeltaT:  2.556E-06   Iter/sec:  4.817E+00
 Iteration:  00000032   DeltaT:  2.556E-06   Iter/sec:  4.797E+00
 Iteration:  00000033   DeltaT:  2.556E-06   Iter/sec:  4.651E+00
 Iteration:  00000034   DeltaT:  2.556E-06   Iter/sec:  4.784E+00
 Iteration:  00000035   DeltaT:  2.556E-06   Iter/sec:  4.810E+00
 Iteration:  00000036   DeltaT:  2.556E-06   Iter/sec:  4.801E+00
 Iteration:  00000037   DeltaT:  2.556E-06   Iter/sec:  4.691E+00
 Iteration:  00000038   DeltaT:  2.556E-06   Iter/sec:  4.441E+00
 Iteration:  00000039   DeltaT:  2.556E-06   Iter/sec:  4.736E+00
 Iteration:  00000040   DeltaT:  2.556E-06   Iter/sec:  4.616E+00
 Iteration:  00000041   DeltaT:  2.556E-06   Iter/sec:  4.785E+00
 Iteration:  00000042   DeltaT:  2.556E-06   Iter/sec:  4.423E+00
 Iteration:  00000043   DeltaT:  2.556E-06   Iter/sec:  4.749E+00
 Iteration:  00000044   DeltaT:  2.556E-06   Iter/sec:  4.431E+00
 Iteration:  00000045   DeltaT:  2.556E-06   Iter/sec:  4.767E+00
 Iteration:  00000046   DeltaT:  2.556E-06   Iter/sec:  4.387E+00
 Iteration:  00000047   DeltaT:  2.556E-06   Iter/sec:  4.563E+00
 Iteration:  00000048   DeltaT:  2.556E-06   Iter/sec:  4.739E+00
 Iteration:  00000049   DeltaT:  2.556E-06   Iter/sec:  4.661E+00
 Iteration:  00000050   DeltaT:  2.556E-06   Iter/sec:  4.739E+00


//////////////////////////////////////////////
   Measured Timings for Process 0  (seconds)

 Elapsed time:        13.7635
  Column time:         0.9855
     Row time:         2.0896
Legendre time:         1.6190
     FFT time:         0.0870
   Solve time:         0.1907
    rlma time:         0.9615
    rlmb time:         0.3529
  pspace time:         2.9638
  psolve time:         2.0607
    dphi time:         0.0773
captured time:        11.3879

     iter/sec:         3.5601
//////////////////////////////////////////////
