 //////////////////////////////////////
 Initializating Rayleigh...

 -- Initalizing MPI...
 ---- Specified parameters:
 ---- NCPU  :     16
 ---- NPROW :      4
 ---- NPCOL :      4
 -- MPI initialized.


 -- Initalizing Grid...
 ---- Specified parameters ----
 ---- N_R                 :    128
 ---- N_THETA             :    192
 ---- Ell_MAX             :    127
 ---- R_MIN               :  5.38462E-01
 ---- R_MAX               :  1.53846E+00
 ---- Chebyshev Domains   :      1

        Domain 1
          Grid points           :  128
          Dealiased Polynomials :  85
          Domain Lower Bound    :  5.38462E-01
          Domain Upper Bound    :  1.53846E+00

 -- Grid initialized.

 -- Initalizing Reference State...
 ---- Specified parameters:
 ---- Reference type           :  Boussinesq (Non-dimensional)
 ---- Rayleigh Number          :  1.00000E+05
 ---- Ekman Number             :  1.00000E-03
 ---- Prandtl Number           :  1.00000E+00
 ---- Magnetic Prandtl Number  :  5.00000E+00
 -- Reference State initialized.

 -- Initializing Fields...
 ---- Specified parameters:
 ---- Hydro Init Type    : Benchmark (Christensen et al. 2001)
 ---- Magnetic Init Type : Benchmark (Christensen et al. 2001)
 -- Fields initialized.

 Initialization Complete.
 //////////////////////////////////////

 Timestep has changed from  0.00000E+00 to  1.00000E-04.
 Iteration:  00000001   DeltaT:  1.000E-04   Iter/sec:  0.000E+00
 Timestep has changed from  1.00000E-04 to  2.55581E-06.
 Iteration:  00000002   DeltaT:  2.556E-06   Iter/sec:  7.133E-02
 Iteration:  00000003   DeltaT:  2.556E-06   Iter/sec:  1.108E-01
 Iteration:  00000004   DeltaT:  2.556E-06   Iter/sec:  1.499E-01
 Iteration:  00000005   DeltaT:  2.556E-06   Iter/sec:  1.498E-01
 Iteration:  00000006   DeltaT:  2.556E-06   Iter/sec:  1.498E-01
 Iteration:  00000007   DeltaT:  2.556E-06   Iter/sec:  1.498E-01
 Iteration:  00000008   DeltaT:  2.556E-06   Iter/sec:  1.499E-01
 Iteration:  00000009   DeltaT:  2.556E-06   Iter/sec:  1.498E-01
 Iteration:  00000010   DeltaT:  2.556E-06   Iter/sec:  1.500E-01
 Iteration:  00000011   DeltaT:  2.556E-06   Iter/sec:  1.499E-01
 Iteration:  00000012   DeltaT:  2.556E-06   Iter/sec:  1.495E-01
 Iteration:  00000013   DeltaT:  2.556E-06   Iter/sec:  1.498E-01
 Iteration:  00000014   DeltaT:  2.556E-06   Iter/sec:  1.497E-01
 Iteration:  00000015   DeltaT:  2.556E-06   Iter/sec:  1.497E-01
 Iteration:  00000016   DeltaT:  2.556E-06   Iter/sec:  1.498E-01
 Iteration:  00000017   DeltaT:  2.556E-06   Iter/sec:  1.498E-01
 Iteration:  00000018   DeltaT:  2.556E-06   Iter/sec:  1.498E-01
 Iteration:  00000019   DeltaT:  2.556E-06   Iter/sec:  1.497E-01
 Iteration:  00000020   DeltaT:  2.556E-06   Iter/sec:  1.499E-01
 Iteration:  00000021   DeltaT:  2.556E-06   Iter/sec:  1.497E-01
 Iteration:  00000022   DeltaT:  2.556E-06   Iter/sec:  1.494E-01
 Iteration:  00000023   DeltaT:  2.556E-06   Iter/sec:  1.503E-01
 Iteration:  00000024   DeltaT:  2.556E-06   Iter/sec:  1.499E-01
 Iteration:  00000025   DeltaT:  2.556E-06   Iter/sec:  1.499E-01
 Iteration:  00000026   DeltaT:  2.556E-06   Iter/sec:  1.497E-01
 Iteration:  00000027   DeltaT:  2.556E-06   Iter/sec:  1.497E-01
 Iteration:  00000028   DeltaT:  2.556E-06   Iter/sec:  1.499E-01
 Iteration:  00000029   DeltaT:  2.556E-06   Iter/sec:  1.499E-01
 Iteration:  00000030   DeltaT:  2.556E-06   Iter/sec:  1.498E-01
 Iteration:  00000031   DeltaT:  2.556E-06   Iter/sec:  1.500E-01
 Iteration:  00000032   DeltaT:  2.556E-06   Iter/sec:  1.498E-01
 Iteration:  00000033   DeltaT:  2.556E-06   Iter/sec:  1.497E-01
 Iteration:  00000034   DeltaT:  2.556E-06   Iter/sec:  1.499E-01
 Iteration:  00000035   DeltaT:  2.556E-06   Iter/sec:  1.499E-01
 Iteration:  00000036   DeltaT:  2.556E-06   Iter/sec:  1.499E-01
 Iteration:  00000037   DeltaT:  2.556E-06   Iter/sec:  1.499E-01
 Iteration:  00000038   DeltaT:  2.556E-06   Iter/sec:  1.498E-01
 Iteration:  00000039   DeltaT:  2.556E-06   Iter/sec:  1.498E-01
 Iteration:  00000040   DeltaT:  2.556E-06   Iter/sec:  1.501E-01
 Iteration:  00000041   DeltaT:  2.556E-06   Iter/sec:  1.498E-01
 Iteration:  00000042   DeltaT:  2.556E-06   Iter/sec:  1.499E-01
 Iteration:  00000043   DeltaT:  2.556E-06   Iter/sec:  1.496E-01
 Iteration:  00000044   DeltaT:  2.556E-06   Iter/sec:  1.500E-01
 Iteration:  00000045   DeltaT:  2.556E-06   Iter/sec:  1.498E-01
 Iteration:  00000046   DeltaT:  2.556E-06   Iter/sec:  1.500E-01
 Iteration:  00000047   DeltaT:  2.556E-06   Iter/sec:  1.497E-01
 Iteration:  00000048   DeltaT:  2.556E-06   Iter/sec:  1.498E-01
 Iteration:  00000049   DeltaT:  2.556E-06   Iter/sec:  1.498E-01
 Iteration:  00000050   DeltaT:  2.556E-06   Iter/sec:  1.497E-01


//////////////////////////////////////////////
   Measured Timings for Process 0  (seconds)

 Elapsed time:       341.7744
  Column time:        17.7640
     Row time:        66.3715
Legendre time:        61.6246
     FFT time:         3.5309
   Solve time:         1.2744
    rlma time:        30.1353
    rlmb time:        11.0198
  pspace time:        96.2080
  psolve time:        40.2826
    dphi time:         2.4795
captured time:       330.6905

     iter/sec:         0.1434
//////////////////////////////////////////////
