 //////////////////////////////////////
 Initializating Rayleigh...

 -- Initalizing MPI...
 ---- Specified parameters:
 ---- NCPU  :   1024
 ---- NPROW :     32
 ---- NPCOL :     32
 -- MPI initialized.


 -- Initalizing Grid...
 ---- Specified parameters ----
 ---- N_R                 :    128
 ---- N_THETA             :    384
 ---- Ell_MAX             :    255
 ---- R_MIN               :  5.38462E-01
 ---- R_MAX               :  1.53846E+00
 ---- Chebyshev Domains   :      1

        Domain 1
          Grid points           :  128
          Dealiased Polynomials :  85
          Domain Lower Bound    :  5.38462E-01
          Domain Upper Bound    :  1.53846E+00

 -- Grid initialized.

 -- Initalizing Reference State...
 ---- Specified parameters:
 ---- Reference type           :  Boussinesq (Non-dimensional)
 ---- Rayleigh Number          :  1.00000E+05
 ---- Ekman Number             :  1.00000E-03
 ---- Prandtl Number           :  1.00000E+00
 ---- Magnetic Prandtl Number  :  5.00000E+00
 -- Reference State initialized.

 -- Initializing Fields...
 ---- Specified parameters:
 ---- Hydro Init Type    : Benchmark (Christensen et al. 2001)
 ---- Magnetic Init Type : Benchmark (Christensen et al. 2001)
 -- Fields initialized.

 Initialization Complete.
 //////////////////////////////////////

 Timestep has changed from  0.00000E+00 to  1.00000E-04.
 Iteration:  00000001   DeltaT:  1.000E-04   Iter/sec:  0.000E+00
 Timestep has changed from  1.00000E-04 to  2.55566E-06.
 Iteration:  00000002   DeltaT:  2.556E-06   Iter/sec:  1.492E-01
 Iteration:  00000003   DeltaT:  2.556E-06   Iter/sec:  9.456E-01
 Iteration:  00000004   DeltaT:  2.556E-06   Iter/sec:  2.107E+00
 Iteration:  00000005   DeltaT:  2.556E-06   Iter/sec:  2.122E+00
 Iteration:  00000006   DeltaT:  2.556E-06   Iter/sec:  2.111E+00
 Iteration:  00000007   DeltaT:  2.556E-06   Iter/sec:  2.113E+00
 Iteration:  00000008   DeltaT:  2.556E-06   Iter/sec:  2.115E+00
 Iteration:  00000009   DeltaT:  2.556E-06   Iter/sec:  2.121E+00
 Iteration:  00000010   DeltaT:  2.556E-06   Iter/sec:  2.117E+00
 Iteration:  00000011   DeltaT:  2.556E-06   Iter/sec:  2.111E+00
 Iteration:  00000012   DeltaT:  2.556E-06   Iter/sec:  2.031E+00
 Iteration:  00000013   DeltaT:  2.556E-06   Iter/sec:  2.119E+00
 Iteration:  00000014   DeltaT:  2.556E-06   Iter/sec:  2.115E+00
 Iteration:  00000015   DeltaT:  2.556E-06   Iter/sec:  2.120E+00
 Iteration:  00000016   DeltaT:  2.556E-06   Iter/sec:  2.076E+00
 Iteration:  00000017   DeltaT:  2.556E-06   Iter/sec:  2.110E+00
 Iteration:  00000018   DeltaT:  2.556E-06   Iter/sec:  2.092E+00
 Iteration:  00000019   DeltaT:  2.556E-06   Iter/sec:  2.122E+00
 Iteration:  00000020   DeltaT:  2.556E-06   Iter/sec:  2.087E+00
 Iteration:  00000021   DeltaT:  2.556E-06   Iter/sec:  2.119E+00
 Iteration:  00000022   DeltaT:  2.556E-06   Iter/sec:  2.116E+00
 Iteration:  00000023   DeltaT:  2.556E-06   Iter/sec:  2.112E+00
 Iteration:  00000024   DeltaT:  2.556E-06   Iter/sec:  2.126E+00
 Iteration:  00000025   DeltaT:  2.556E-06   Iter/sec:  2.077E+00
 Iteration:  00000026   DeltaT:  2.556E-06   Iter/sec:  2.091E+00
 Iteration:  00000027   DeltaT:  2.556E-06   Iter/sec:  2.123E+00
 Iteration:  00000028   DeltaT:  2.556E-06   Iter/sec:  2.117E+00
 Iteration:  00000029   DeltaT:  2.556E-06   Iter/sec:  2.095E+00
 Iteration:  00000030   DeltaT:  2.556E-06   Iter/sec:  2.119E+00
 Iteration:  00000031   DeltaT:  2.556E-06   Iter/sec:  2.115E+00
 Iteration:  00000032   DeltaT:  2.556E-06   Iter/sec:  2.120E+00
 Iteration:  00000033   DeltaT:  2.556E-06   Iter/sec:  1.652E+00
 Iteration:  00000034   DeltaT:  2.556E-06   Iter/sec:  2.277E+00
 Iteration:  00000035   DeltaT:  2.556E-06   Iter/sec:  2.088E+00
 Iteration:  00000036   DeltaT:  2.556E-06   Iter/sec:  2.119E+00
 Iteration:  00000037   DeltaT:  2.556E-06   Iter/sec:  2.091E+00
 Iteration:  00000038   DeltaT:  2.556E-06   Iter/sec:  2.120E+00
 Iteration:  00000039   DeltaT:  2.556E-06   Iter/sec:  2.108E+00
 Iteration:  00000040   DeltaT:  2.556E-06   Iter/sec:  2.116E+00
 Iteration:  00000041   DeltaT:  2.556E-06   Iter/sec:  2.116E+00
 Iteration:  00000042   DeltaT:  2.556E-06   Iter/sec:  2.084E+00
 Iteration:  00000043   DeltaT:  2.556E-06   Iter/sec:  2.118E+00
 Iteration:  00000044   DeltaT:  2.556E-06   Iter/sec:  2.121E+00
 Iteration:  00000045   DeltaT:  2.556E-06   Iter/sec:  2.120E+00
 Iteration:  00000046   DeltaT:  2.556E-06   Iter/sec:  2.109E+00
 Iteration:  00000047   DeltaT:  2.556E-06   Iter/sec:  2.126E+00
 Iteration:  00000048   DeltaT:  2.556E-06   Iter/sec:  2.112E+00
 Iteration:  00000049   DeltaT:  2.556E-06   Iter/sec:  2.103E+00
 Iteration:  00000050   DeltaT:  2.556E-06   Iter/sec:  2.100E+00


//////////////////////////////////////////////
   Measured Timings for Process 0  (seconds)

 Elapsed time:        26.8478
  Column time:         1.9497
     Row time:         4.1534
Legendre time:         5.7352
     FFT time:         0.1931
   Solve time:         0.2081
    rlma time:         1.9469
    rlmb time:         0.7231
  pspace time:         6.0894
  psolve time:         3.2740
    dphi time:         0.1559
captured time:        24.4289

     iter/sec:         1.8251
//////////////////////////////////////////////
