 //////////////////////////////////////
 Initializating Rayleigh...

 -- Initalizing MPI...
 ---- Specified parameters:
 ---- NCPU  :    128
 ---- NPROW :     16
 ---- NPCOL :      8
 -- MPI initialized.


 -- Initalizing Grid...
 ---- Specified parameters ----
 ---- N_R                 :    128
 ---- N_THETA             :    768
 ---- Ell_MAX             :    511
 ---- R_MIN               :  5.38462E-01
 ---- R_MAX               :  1.53846E+00
 ---- Chebyshev Domains   :      1

        Domain 1
          Grid points           :  128
          Dealiased Polynomials :  85
          Domain Lower Bound    :  5.38462E-01
          Domain Upper Bound    :  1.53846E+00

 -- Grid initialized.

 -- Initalizing Reference State...
 ---- Specified parameters:
 ---- Reference type           :  Boussinesq (Non-dimensional)
 ---- Rayleigh Number          :  1.00000E+05
 ---- Ekman Number             :  1.00000E-03
 ---- Prandtl Number           :  1.00000E+00
 ---- Magnetic Prandtl Number  :  5.00000E+00
 -- Reference State initialized.

 -- Initializing Fields...
 ---- Specified parameters:
 ---- Hydro Init Type    : Benchmark (Christensen et al. 2001)
 ---- Magnetic Init Type : Benchmark (Christensen et al. 2001)
 -- Fields initialized.

 Initialization Complete.
 //////////////////////////////////////

 Timestep has changed from  0.00000E+00 to  1.00000E-04.
 Iteration:  00000001   DeltaT:  1.000E-04   Iter/sec:  0.000E+00
 Timestep has changed from  1.00000E-04 to  2.55562E-06.
 Iteration:  00000002   DeltaT:  2.556E-06   Iter/sec:  2.900E-02
 Iteration:  00000003   DeltaT:  2.556E-06   Iter/sec:  4.507E-02
 Iteration:  00000004   DeltaT:  2.556E-06   Iter/sec:  5.538E-02
MPT ERROR: Rank 48(g:48) received signal SIGSEGV(11).
	Process ID: 50202, Host: r617i7n12, Program: /home1/rorvedah/Programs/Rayleigh-Fork/bin/Rayleigh.SHTns.dbg
	MPT Version: HPE MPT 2.23  09/13/20 02:52:52

MPT: --------stack traceback-------
MPT ERROR: Rank 80(g:80) received signal SIGSEGV(11).
	Process ID: 64094, Host: r617i7n15, Program: /home1/rorvedah/Programs/Rayleigh-Fork/bin/Rayleigh.SHTns.dbg
	MPT Version: HPE MPT 2.23  09/13/20 02:52:52

MPT: --------stack traceback-------
MPT ERROR: Rank 96(g:96) received signal SIGSEGV(11).
	Process ID: 66816, Host: r617i7n17, Program: /home1/rorvedah/Programs/Rayleigh-Fork/bin/Rayleigh.SHTns.dbg
	MPT Version: HPE MPT 2.23  09/13/20 02:52:52

MPT: --------stack traceback-------

MPT: -----stack traceback ends-----
MPT: On host r617i7n12, Program /home1/rorvedah/Programs/Rayleigh-Fork/bin/Rayleigh.SHTns.dbg, Rank 48, Process 50202: Dumping core on signal SIGSEGV(11) into directory /nobackupp8/rorvedah/SHTns-vs-Rayleigh/Scaling/128-cores

MPT: -----stack traceback ends-----
MPT: On host r617i7n15, Program /home1/rorvedah/Programs/Rayleigh-Fork/bin/Rayleigh.SHTns.dbg, Rank 80, Process 64094: Dumping core on signal SIGSEGV(11) into directory /nobackupp8/rorvedah/SHTns-vs-Rayleigh/Scaling/128-cores
MPT ERROR: MPI_COMM_WORLD rank 48 has terminated without calling MPI_Finalize()
	aborting job
MPT: Received signal 11
