 //////////////////////////////////////
 Initializating Rayleigh...

 -- Initalizing MPI...
 ---- Specified parameters:
 ---- NCPU  :    512
 ---- NPROW :     32
 ---- NPCOL :     16
 -- MPI initialized.


 -- Initalizing Grid...
 ---- Specified parameters ----
 ---- N_R                 :    128
 ---- N_THETA             :    384
 ---- Ell_MAX             :    255
 ---- R_MIN               :  5.38462E-01
 ---- R_MAX               :  1.53846E+00
 ---- Chebyshev Domains   :      1

        Domain 1
          Grid points           :  128
          Dealiased Polynomials :  85
          Domain Lower Bound    :  5.38462E-01
          Domain Upper Bound    :  1.53846E+00

 -- Grid initialized.

 -- Initalizing Reference State...
 ---- Specified parameters:
 ---- Reference type           :  Boussinesq (Non-dimensional)
 ---- Rayleigh Number          :  1.00000E+05
 ---- Ekman Number             :  1.00000E-03
 ---- Prandtl Number           :  1.00000E+00
 ---- Magnetic Prandtl Number  :  5.00000E+00
 -- Reference State initialized.

 -- Initializing Fields...
 ---- Specified parameters:
 ---- Hydro Init Type    : Benchmark (Christensen et al. 2001)
 ---- Magnetic Init Type : Benchmark (Christensen et al. 2001)
 -- Fields initialized.

 Initialization Complete.
 //////////////////////////////////////

 Timestep has changed from  0.00000E+00 to  1.00000E-04.
 Iteration:  00000001   DeltaT:  1.000E-04   Iter/sec:  0.000E+00
 Timestep has changed from  1.00000E-04 to  2.55566E-06.
 Iteration:  00000002   DeltaT:  2.556E-06   Iter/sec:  8.358E-02
 Iteration:  00000003   DeltaT:  2.556E-06   Iter/sec:  4.982E-01
 Iteration:  00000004   DeltaT:  2.556E-06   Iter/sec:  1.029E+00
 Iteration:  00000005   DeltaT:  2.556E-06   Iter/sec:  1.008E+00
 Iteration:  00000006   DeltaT:  2.556E-06   Iter/sec:  1.009E+00
 Iteration:  00000007   DeltaT:  2.556E-06   Iter/sec:  1.025E+00
 Iteration:  00000008   DeltaT:  2.556E-06   Iter/sec:  1.053E+00
 Iteration:  00000009   DeltaT:  2.556E-06   Iter/sec:  1.059E+00
 Iteration:  00000010   DeltaT:  2.556E-06   Iter/sec:  1.067E+00
 Iteration:  00000011   DeltaT:  2.556E-06   Iter/sec:  1.060E+00
 Iteration:  00000012   DeltaT:  2.556E-06   Iter/sec:  1.066E+00
 Iteration:  00000013   DeltaT:  2.556E-06   Iter/sec:  1.012E+00
 Iteration:  00000014   DeltaT:  2.556E-06   Iter/sec:  7.048E-01
 Iteration:  00000015   DeltaT:  2.556E-06   Iter/sec:  8.059E-01
 Iteration:  00000016   DeltaT:  2.556E-06   Iter/sec:  1.064E+00
 Iteration:  00000017   DeltaT:  2.556E-06   Iter/sec:  1.065E+00
 Iteration:  00000018   DeltaT:  2.556E-06   Iter/sec:  1.062E+00
 Iteration:  00000019   DeltaT:  2.556E-06   Iter/sec:  1.026E+00
 Iteration:  00000020   DeltaT:  2.556E-06   Iter/sec:  1.053E+00
 Iteration:  00000021   DeltaT:  2.556E-06   Iter/sec:  9.894E-01
 Iteration:  00000022   DeltaT:  2.556E-06   Iter/sec:  1.033E+00
 Iteration:  00000023   DeltaT:  2.556E-06   Iter/sec:  1.070E+00
 Iteration:  00000024   DeltaT:  2.556E-06   Iter/sec:  1.056E+00
 Iteration:  00000025   DeltaT:  2.556E-06   Iter/sec:  1.068E+00
 Iteration:  00000026   DeltaT:  2.556E-06   Iter/sec:  1.072E+00
 Iteration:  00000027   DeltaT:  2.556E-06   Iter/sec:  1.067E+00
 Iteration:  00000028   DeltaT:  2.556E-06   Iter/sec:  1.070E+00
 Iteration:  00000029   DeltaT:  2.556E-06   Iter/sec:  1.066E+00
 Iteration:  00000030   DeltaT:  2.556E-06   Iter/sec:  9.780E-01
 Iteration:  00000031   DeltaT:  2.556E-06   Iter/sec:  1.069E+00
 Iteration:  00000032   DeltaT:  2.556E-06   Iter/sec:  1.066E+00
 Iteration:  00000033   DeltaT:  2.556E-06   Iter/sec:  1.027E+00
 Iteration:  00000034   DeltaT:  2.556E-06   Iter/sec:  1.067E+00
 Iteration:  00000035   DeltaT:  2.556E-06   Iter/sec:  1.024E+00
 Iteration:  00000036   DeltaT:  2.556E-06   Iter/sec:  1.063E+00
 Iteration:  00000037   DeltaT:  2.556E-06   Iter/sec:  1.027E+00
 Iteration:  00000038   DeltaT:  2.556E-06   Iter/sec:  1.035E+00
 Iteration:  00000039   DeltaT:  2.556E-06   Iter/sec:  1.055E+00
 Iteration:  00000040   DeltaT:  2.556E-06   Iter/sec:  1.067E+00
 Iteration:  00000041   DeltaT:  2.556E-06   Iter/sec:  1.065E+00
 Iteration:  00000042   DeltaT:  2.556E-06   Iter/sec:  1.076E+00
 Iteration:  00000043   DeltaT:  2.556E-06   Iter/sec:  1.067E+00
 Iteration:  00000044   DeltaT:  2.556E-06   Iter/sec:  1.061E+00
 Iteration:  00000045   DeltaT:  2.556E-06   Iter/sec:  1.066E+00
 Iteration:  00000046   DeltaT:  2.556E-06   Iter/sec:  1.064E+00
 Iteration:  00000047   DeltaT:  2.556E-06   Iter/sec:  1.076E+00
 Iteration:  00000048   DeltaT:  2.556E-06   Iter/sec:  1.063E+00
 Iteration:  00000049   DeltaT:  2.556E-06   Iter/sec:  1.074E+00
 Iteration:  00000050   DeltaT:  2.556E-06   Iter/sec:  1.048E+00


//////////////////////////////////////////////
   Measured Timings for Process 0  (seconds)

 Elapsed time:        57.0440
  Column time:         3.9251
     Row time:         9.4953
Legendre time:        11.4368
     FFT time:         0.4284
   Solve time:         0.3639
    rlma time:         3.8152
    rlmb time:         1.3998
  pspace time:        11.9166
  psolve time:         6.2890
    dphi time:         0.3081
captured time:        49.3782

     iter/sec:         0.8590
//////////////////////////////////////////////
