 //////////////////////////////////////
 Initializating Rayleigh...

 -- Initalizing MPI...
 ---- Specified parameters:
 ---- NCPU  :    256
 ---- NPROW :     16
 ---- NPCOL :     16
 -- MPI initialized.


 -- Initalizing Grid...
 ---- Specified parameters ----
 ---- N_R                 :    128
 ---- N_THETA             :    384
 ---- Ell_MAX             :    255
 ---- R_MIN               :  5.38462E-01
 ---- R_MAX               :  1.53846E+00
 ---- Chebyshev Domains   :      1

        Domain 1
          Grid points           :  128
          Dealiased Polynomials :  85
          Domain Lower Bound    :  5.38462E-01
          Domain Upper Bound    :  1.53846E+00

 -- Grid initialized.

 -- Initalizing Reference State...
 ---- Specified parameters:
 ---- Reference type           :  Boussinesq (Non-dimensional)
 ---- Rayleigh Number          :  1.00000E+05
 ---- Ekman Number             :  1.00000E-03
 ---- Prandtl Number           :  1.00000E+00
 ---- Magnetic Prandtl Number  :  5.00000E+00
 -- Reference State initialized.

 -- Initializing Fields...
 ---- Specified parameters:
 ---- Hydro Init Type    : Benchmark (Christensen et al. 2001)
 ---- Magnetic Init Type : Benchmark (Christensen et al. 2001)
 -- Fields initialized.

 Initialization Complete.
 //////////////////////////////////////

 Timestep has changed from  0.00000E+00 to  1.00000E-04.
 Iteration:  00000001   DeltaT:  1.000E-04   Iter/sec:  0.000E+00
 Timestep has changed from  1.00000E-04 to  2.55566E-06.
 Iteration:  00000002   DeltaT:  2.556E-06   Iter/sec:  1.127E-01
 Iteration:  00000003   DeltaT:  2.556E-06   Iter/sec:  3.310E-01
 Iteration:  00000004   DeltaT:  2.556E-06   Iter/sec:  5.244E-01
 Iteration:  00000005   DeltaT:  2.556E-06   Iter/sec:  5.322E-01
 Iteration:  00000006   DeltaT:  2.556E-06   Iter/sec:  5.300E-01
 Iteration:  00000007   DeltaT:  2.556E-06   Iter/sec:  5.311E-01
 Iteration:  00000008   DeltaT:  2.556E-06   Iter/sec:  5.317E-01
 Iteration:  00000009   DeltaT:  2.556E-06   Iter/sec:  5.313E-01
 Iteration:  00000010   DeltaT:  2.556E-06   Iter/sec:  5.320E-01
 Iteration:  00000011   DeltaT:  2.556E-06   Iter/sec:  5.319E-01
 Iteration:  00000012   DeltaT:  2.556E-06   Iter/sec:  5.320E-01
 Iteration:  00000013   DeltaT:  2.556E-06   Iter/sec:  5.316E-01
 Iteration:  00000014   DeltaT:  2.556E-06   Iter/sec:  5.308E-01
 Iteration:  00000015   DeltaT:  2.556E-06   Iter/sec:  5.308E-01
 Iteration:  00000016   DeltaT:  2.556E-06   Iter/sec:  5.318E-01
 Iteration:  00000017   DeltaT:  2.556E-06   Iter/sec:  5.302E-01
 Iteration:  00000018   DeltaT:  2.556E-06   Iter/sec:  5.321E-01
 Iteration:  00000019   DeltaT:  2.556E-06   Iter/sec:  5.313E-01
 Iteration:  00000020   DeltaT:  2.556E-06   Iter/sec:  5.313E-01
 Iteration:  00000021   DeltaT:  2.556E-06   Iter/sec:  5.310E-01
 Iteration:  00000022   DeltaT:  2.556E-06   Iter/sec:  5.311E-01
 Iteration:  00000023   DeltaT:  2.556E-06   Iter/sec:  5.310E-01
 Iteration:  00000024   DeltaT:  2.556E-06   Iter/sec:  5.301E-01
 Iteration:  00000025   DeltaT:  2.556E-06   Iter/sec:  5.343E-01
 Iteration:  00000026   DeltaT:  2.556E-06   Iter/sec:  5.320E-01
 Iteration:  00000027   DeltaT:  2.556E-06   Iter/sec:  5.316E-01
 Iteration:  00000028   DeltaT:  2.556E-06   Iter/sec:  5.308E-01
 Iteration:  00000029   DeltaT:  2.556E-06   Iter/sec:  5.325E-01
 Iteration:  00000030   DeltaT:  2.556E-06   Iter/sec:  5.310E-01
 Iteration:  00000031   DeltaT:  2.556E-06   Iter/sec:  5.317E-01
 Iteration:  00000032   DeltaT:  2.556E-06   Iter/sec:  5.315E-01
 Iteration:  00000033   DeltaT:  2.556E-06   Iter/sec:  5.305E-01
 Iteration:  00000034   DeltaT:  2.556E-06   Iter/sec:  5.315E-01
 Iteration:  00000035   DeltaT:  2.556E-06   Iter/sec:  5.319E-01
 Iteration:  00000036   DeltaT:  2.556E-06   Iter/sec:  5.317E-01
 Iteration:  00000037   DeltaT:  2.556E-06   Iter/sec:  5.298E-01
 Iteration:  00000038   DeltaT:  2.556E-06   Iter/sec:  5.311E-01
 Iteration:  00000039   DeltaT:  2.556E-06   Iter/sec:  5.326E-01
 Iteration:  00000040   DeltaT:  2.556E-06   Iter/sec:  5.313E-01
 Iteration:  00000041   DeltaT:  2.556E-06   Iter/sec:  5.319E-01
 Iteration:  00000042   DeltaT:  2.556E-06   Iter/sec:  5.316E-01
 Iteration:  00000043   DeltaT:  2.556E-06   Iter/sec:  5.300E-01
 Iteration:  00000044   DeltaT:  2.556E-06   Iter/sec:  5.319E-01
 Iteration:  00000045   DeltaT:  2.556E-06   Iter/sec:  5.317E-01
 Iteration:  00000046   DeltaT:  2.556E-06   Iter/sec:  5.318E-01
 Iteration:  00000047   DeltaT:  2.556E-06   Iter/sec:  5.311E-01
 Iteration:  00000048   DeltaT:  2.556E-06   Iter/sec:  5.319E-01
 Iteration:  00000049   DeltaT:  2.556E-06   Iter/sec:  5.323E-01
 Iteration:  00000050   DeltaT:  2.556E-06   Iter/sec:  5.300E-01


//////////////////////////////////////////////
   Measured Timings for Process 0  (seconds)

 Elapsed time:        99.9572
  Column time:         5.8462
     Row time:        16.4026
Legendre time:        24.2404
     FFT time:         0.9269
   Solve time:         0.4961
    rlma time:         7.6684
    rlmb time:         2.8062
  pspace time:        24.2875
  psolve time:        11.0692
    dphi time:         0.6297
captured time:        94.3731

     iter/sec:         0.4902
//////////////////////////////////////////////
