 //////////////////////////////////////
 Initializating Rayleigh...

 -- Initalizing MPI...
 ---- Specified parameters:
 ---- NCPU  :   1024
 ---- NPROW :     32
 ---- NPCOL :     32
 -- MPI initialized.


 -- Initalizing Grid...
 ---- Specified parameters ----
 ---- N_R                 :    128
 ---- N_THETA             :   1536
 ---- Ell_MAX             :   1023
 ---- R_MIN               :  5.38462E-01
 ---- R_MAX               :  1.53846E+00
 ---- Chebyshev Domains   :      1

        Domain 1
          Grid points           :  128
          Dealiased Polynomials :  85
          Domain Lower Bound    :  5.38462E-01
          Domain Upper Bound    :  1.53846E+00

 -- Grid initialized.

 -- Initalizing Reference State...
 ---- Specified parameters:
 ---- Reference type           :  Boussinesq (Non-dimensional)
 ---- Rayleigh Number          :  1.00000E+05
 ---- Ekman Number             :  1.00000E-03
 ---- Prandtl Number           :  1.00000E+00
 ---- Magnetic Prandtl Number  :  5.00000E+00
 -- Reference State initialized.

 -- Initializing Fields...
 ---- Specified parameters:
 ---- Hydro Init Type    : Benchmark (Christensen et al. 2001)
 ---- Magnetic Init Type : Benchmark (Christensen et al. 2001)
 -- Fields initialized.

 Initialization Complete.
 //////////////////////////////////////

 Timestep has changed from  0.00000E+00 to  1.00000E-04.
 Iteration:  00000001   DeltaT:  1.000E-04   Iter/sec:  0.000E+00
MPT ERROR: Rank 31(g:31) received signal SIGSEGV(11).
	Process ID: 96878, Host: r601i4n16, Program: /home1/rorvedah/Programs/Rayleigh-Fork/bin/Rayleigh.SHTns.opt
	MPT Version: HPE MPT 2.23  09/13/20 02:52:52

MPT: --------stack traceback-------

MPT: -----stack traceback ends-----
MPT: On host r601i4n16, Program /home1/rorvedah/Programs/Rayleigh-Fork/bin/Rayleigh.SHTns.opt, Rank 31, Process 96878: Dumping core on signal SIGSEGV(11) into directory /nobackupp8/rorvedah/SHTns-vs-Rayleigh/Scaling/1024-cores
MPT ERROR: MPI_COMM_WORLD rank 31 has terminated without calling MPI_Finalize()
	aborting job
MPT: Received signal 11
