 //////////////////////////////////////
 Initializating Rayleigh...

 -- Initalizing MPI...
 ---- Specified parameters:
 ---- NCPU  :     16
 ---- NPROW :      4
 ---- NPCOL :      4
 -- MPI initialized.


 -- Initalizing Grid...
 ---- Specified parameters ----
 ---- N_R                 :    128
 ---- N_THETA             :    192
 ---- Ell_MAX             :    127
 ---- R_MIN               :  5.38462E-01
 ---- R_MAX               :  1.53846E+00
 ---- Chebyshev Domains   :      1

        Domain 1
          Grid points           :  128
          Dealiased Polynomials :  85
          Domain Lower Bound    :  5.38462E-01
          Domain Upper Bound    :  1.53846E+00

 -- Grid initialized.

 -- Initalizing Reference State...
 ---- Specified parameters:
 ---- Reference type           :  Boussinesq (Non-dimensional)
 ---- Rayleigh Number          :  1.00000E+05
 ---- Ekman Number             :  1.00000E-03
 ---- Prandtl Number           :  1.00000E+00
 ---- Magnetic Prandtl Number  :  5.00000E+00
 -- Reference State initialized.

 -- Initializing Fields...
 ---- Specified parameters:
 ---- Hydro Init Type    : Benchmark (Christensen et al. 2001)
 ---- Magnetic Init Type : Benchmark (Christensen et al. 2001)
 -- Fields initialized.

 Initialization Complete.
 //////////////////////////////////////

 Timestep has changed from  0.00000E+00 to  1.00000E-04.
 Iteration:  00000001   DeltaT:  1.000E-04   Iter/sec:  0.000E+00
 Timestep has changed from  1.00000E-04 to  2.55581E-06.
 Iteration:  00000002   DeltaT:  2.556E-06   Iter/sec:  2.672E-01
 Iteration:  00000003   DeltaT:  2.556E-06   Iter/sec:  7.678E-01
 Iteration:  00000004   DeltaT:  2.556E-06   Iter/sec:  8.661E-01
 Iteration:  00000005   DeltaT:  2.556E-06   Iter/sec:  8.704E-01
 Iteration:  00000006   DeltaT:  2.556E-06   Iter/sec:  8.671E-01
 Iteration:  00000007   DeltaT:  2.556E-06   Iter/sec:  8.706E-01
 Iteration:  00000008   DeltaT:  2.556E-06   Iter/sec:  8.734E-01
 Iteration:  00000009   DeltaT:  2.556E-06   Iter/sec:  8.690E-01
 Iteration:  00000010   DeltaT:  2.556E-06   Iter/sec:  8.706E-01
 Iteration:  00000011   DeltaT:  2.556E-06   Iter/sec:  8.700E-01
 Iteration:  00000012   DeltaT:  2.556E-06   Iter/sec:  8.641E-01
 Iteration:  00000013   DeltaT:  2.556E-06   Iter/sec:  8.684E-01
 Iteration:  00000014   DeltaT:  2.556E-06   Iter/sec:  8.673E-01
 Iteration:  00000015   DeltaT:  2.556E-06   Iter/sec:  8.703E-01
 Iteration:  00000016   DeltaT:  2.556E-06   Iter/sec:  8.668E-01
 Iteration:  00000017   DeltaT:  2.556E-06   Iter/sec:  8.764E-01
 Iteration:  00000018   DeltaT:  2.556E-06   Iter/sec:  8.688E-01
 Iteration:  00000019   DeltaT:  2.556E-06   Iter/sec:  8.684E-01
 Iteration:  00000020   DeltaT:  2.556E-06   Iter/sec:  8.687E-01
 Iteration:  00000021   DeltaT:  2.556E-06   Iter/sec:  8.774E-01
 Iteration:  00000022   DeltaT:  2.556E-06   Iter/sec:  8.677E-01
 Iteration:  00000023   DeltaT:  2.556E-06   Iter/sec:  8.719E-01
 Iteration:  00000024   DeltaT:  2.556E-06   Iter/sec:  8.791E-01
 Iteration:  00000025   DeltaT:  2.556E-06   Iter/sec:  8.675E-01
 Iteration:  00000026   DeltaT:  2.556E-06   Iter/sec:  8.694E-01
 Iteration:  00000027   DeltaT:  2.556E-06   Iter/sec:  8.719E-01
 Iteration:  00000028   DeltaT:  2.556E-06   Iter/sec:  8.670E-01
 Iteration:  00000029   DeltaT:  2.556E-06   Iter/sec:  8.697E-01
 Iteration:  00000030   DeltaT:  2.556E-06   Iter/sec:  8.640E-01
 Iteration:  00000031   DeltaT:  2.556E-06   Iter/sec:  8.730E-01
 Iteration:  00000032   DeltaT:  2.556E-06   Iter/sec:  8.645E-01
 Iteration:  00000033   DeltaT:  2.556E-06   Iter/sec:  8.668E-01
 Iteration:  00000034   DeltaT:  2.556E-06   Iter/sec:  8.726E-01
 Iteration:  00000035   DeltaT:  2.556E-06   Iter/sec:  8.670E-01
 Iteration:  00000036   DeltaT:  2.556E-06   Iter/sec:  8.673E-01
 Iteration:  00000037   DeltaT:  2.556E-06   Iter/sec:  8.753E-01
 Iteration:  00000038   DeltaT:  2.556E-06   Iter/sec:  8.748E-01
 Iteration:  00000039   DeltaT:  2.556E-06   Iter/sec:  8.696E-01
 Iteration:  00000040   DeltaT:  2.556E-06   Iter/sec:  8.729E-01
 Iteration:  00000041   DeltaT:  2.556E-06   Iter/sec:  8.697E-01
 Iteration:  00000042   DeltaT:  2.556E-06   Iter/sec:  8.690E-01
 Iteration:  00000043   DeltaT:  2.556E-06   Iter/sec:  8.722E-01
 Iteration:  00000044   DeltaT:  2.556E-06   Iter/sec:  8.669E-01
 Iteration:  00000045   DeltaT:  2.556E-06   Iter/sec:  8.684E-01
 Iteration:  00000046   DeltaT:  2.556E-06   Iter/sec:  8.716E-01
 Iteration:  00000047   DeltaT:  2.556E-06   Iter/sec:  8.738E-01
 Iteration:  00000048   DeltaT:  2.556E-06   Iter/sec:  8.638E-01
 Iteration:  00000049   DeltaT:  2.556E-06   Iter/sec:  8.700E-01
 Iteration:  00000050   DeltaT:  2.556E-06   Iter/sec:  8.671E-01


//////////////////////////////////////////////
   Measured Timings for Process 0  (seconds)

 Elapsed time:        58.2984
  Column time:         3.0601
     Row time:        23.9659
Legendre time:         6.4501
     FFT time:         3.8944
   Solve time:         1.4132
    rlma time:         1.1663
    rlmb time:         0.3777
  pspace time:         9.1551
  psolve time:         6.9008
    dphi time:         0.4777
captured time:        56.8616

     iter/sec:         0.8405
//////////////////////////////////////////////
