 //////////////////////////////////////
 Initializating Rayleigh...

 -- Initalizing MPI...
 ---- Specified parameters:
 ---- NCPU  :     32
 ---- NPROW :      8
 ---- NPCOL :      4
 -- MPI initialized.


 -- Initalizing Grid...
 ---- Specified parameters ----
 ---- N_R                 :     64
 ---- N_THETA             :    384
 ---- Ell_MAX             :    255
 ---- R_MIN               :  5.38462E-01
 ---- R_MAX               :  1.53846E+00
 ---- Chebyshev Domains   :      1

        Domain 1
          Grid points           :  64
          Dealiased Polynomials :  42
          Domain Lower Bound    :  5.38462E-01
          Domain Upper Bound    :  1.53846E+00

 -- Grid initialized.

 -- Initalizing Reference State...
 ---- Specified parameters:
 ---- Reference type           :  Boussinesq (Non-dimensional)
 ---- Rayleigh Number          :  1.00000E+05
 ---- Ekman Number             :  1.00000E-03
 ---- Prandtl Number           :  1.00000E+00
 ---- Magnetic Prandtl Number  :  5.00000E+00
 -- Reference State initialized.

 -- Initializing Fields...
 ---- Specified parameters:
 ---- Hydro Init Type    : Benchmark (Christensen et al. 2001)
 ---- Magnetic Init Type : Benchmark (Christensen et al. 2001)
 -- Fields initialized.

 Initialization Complete.
 //////////////////////////////////////

 Timestep has changed from  0.00000E+00 to  1.00000E-04.
 Iteration:  00000001   DeltaT:  1.000E-04   Iter/sec:  0.000E+00
 Timestep has changed from  1.00000E-04 to  1.02211E-05.
 Iteration:  00000002   DeltaT:  1.022E-05   Iter/sec:  1.979E-01
 Iteration:  00000003   DeltaT:  1.022E-05   Iter/sec:  8.281E-01
 Iteration:  00000004   DeltaT:  1.022E-05   Iter/sec:  8.880E-01
 Iteration:  00000005   DeltaT:  1.022E-05   Iter/sec:  8.833E-01
 Iteration:  00000006   DeltaT:  1.022E-05   Iter/sec:  8.843E-01
 Iteration:  00000007   DeltaT:  1.022E-05   Iter/sec:  8.784E-01
 Iteration:  00000008   DeltaT:  1.022E-05   Iter/sec:  8.796E-01
 Iteration:  00000009   DeltaT:  1.022E-05   Iter/sec:  8.844E-01
 Iteration:  00000010   DeltaT:  1.022E-05   Iter/sec:  8.863E-01
 Iteration:  00000011   DeltaT:  1.022E-05   Iter/sec:  8.819E-01
 Iteration:  00000012   DeltaT:  1.022E-05   Iter/sec:  8.859E-01
 Iteration:  00000013   DeltaT:  1.022E-05   Iter/sec:  8.753E-01
 Iteration:  00000014   DeltaT:  1.022E-05   Iter/sec:  8.751E-01
 Iteration:  00000015   DeltaT:  1.022E-05   Iter/sec:  8.773E-01
 Iteration:  00000016   DeltaT:  1.022E-05   Iter/sec:  8.885E-01
 Iteration:  00000017   DeltaT:  1.022E-05   Iter/sec:  8.721E-01
 Iteration:  00000018   DeltaT:  1.022E-05   Iter/sec:  8.802E-01
 Iteration:  00000019   DeltaT:  1.022E-05   Iter/sec:  8.768E-01
 Iteration:  00000020   DeltaT:  1.022E-05   Iter/sec:  8.878E-01
 Iteration:  00000021   DeltaT:  1.022E-05   Iter/sec:  8.746E-01
 Iteration:  00000022   DeltaT:  1.022E-05   Iter/sec:  8.869E-01
 Iteration:  00000023   DeltaT:  1.022E-05   Iter/sec:  8.752E-01
 Iteration:  00000024   DeltaT:  1.022E-05   Iter/sec:  8.778E-01
 Iteration:  00000025   DeltaT:  1.022E-05   Iter/sec:  8.743E-01
 Iteration:  00000026   DeltaT:  1.022E-05   Iter/sec:  8.874E-01
 Iteration:  00000027   DeltaT:  1.022E-05   Iter/sec:  8.839E-01
 Iteration:  00000028   DeltaT:  1.022E-05   Iter/sec:  8.804E-01
 Iteration:  00000029   DeltaT:  1.022E-05   Iter/sec:  8.812E-01
 Iteration:  00000030   DeltaT:  1.022E-05   Iter/sec:  8.510E-01
 Iteration:  00000031   DeltaT:  1.022E-05   Iter/sec:  8.854E-01
 Iteration:  00000032   DeltaT:  1.022E-05   Iter/sec:  8.708E-01
 Iteration:  00000033   DeltaT:  1.022E-05   Iter/sec:  8.851E-01
 Iteration:  00000034   DeltaT:  1.022E-05   Iter/sec:  8.771E-01
 Iteration:  00000035   DeltaT:  1.022E-05   Iter/sec:  8.903E-01
 Iteration:  00000036   DeltaT:  1.022E-05   Iter/sec:  8.805E-01
 Iteration:  00000037   DeltaT:  1.022E-05   Iter/sec:  8.732E-01
 Iteration:  00000038   DeltaT:  1.022E-05   Iter/sec:  8.828E-01
 Iteration:  00000039   DeltaT:  1.022E-05   Iter/sec:  8.799E-01
 Iteration:  00000040   DeltaT:  1.022E-05   Iter/sec:  8.784E-01
 Iteration:  00000041   DeltaT:  1.022E-05   Iter/sec:  8.747E-01
 Iteration:  00000042   DeltaT:  1.022E-05   Iter/sec:  8.761E-01
 Iteration:  00000043   DeltaT:  1.022E-05   Iter/sec:  8.791E-01
 Iteration:  00000044   DeltaT:  1.022E-05   Iter/sec:  8.737E-01
 Iteration:  00000045   DeltaT:  1.022E-05   Iter/sec:  8.819E-01
 Iteration:  00000046   DeltaT:  1.022E-05   Iter/sec:  8.797E-01
 Iteration:  00000047   DeltaT:  1.022E-05   Iter/sec:  8.781E-01
 Iteration:  00000048   DeltaT:  1.022E-05   Iter/sec:  8.829E-01
 Iteration:  00000049   DeltaT:  1.022E-05   Iter/sec:  8.728E-01
 Iteration:  00000050   DeltaT:  1.022E-05   Iter/sec:  8.780E-01


//////////////////////////////////////////////
   Measured Timings for Process 0  (seconds)

 Elapsed time:        57.7431
  Column time:         4.1353
     Row time:        20.1964
Legendre time:        10.6829
     FFT time:         4.0157
   Solve time:         0.7333
    rlma time:         1.0286
    rlmb time:         0.4505
  pspace time:         7.9283
  psolve time:         6.6638
    dphi time:         0.3020
captured time:        56.1368

     iter/sec:         0.8486
//////////////////////////////////////////////
