 //////////////////////////////////////
 Initializating Rayleigh...

 -- Initalizing MPI...
 ---- Specified parameters:
 ---- NCPU  :     16
 ---- NPROW :      4
 ---- NPCOL :      4
 -- MPI initialized.


 -- Initalizing Grid...
 ---- Specified parameters ----
 ---- N_R                 :     64
 ---- N_THETA             :    192
 ---- Ell_MAX             :    127
 ---- R_MIN               :  5.38462E-01
 ---- R_MAX               :  1.53846E+00
 ---- Chebyshev Domains   :      1

        Domain 1
          Grid points           :  64
          Dealiased Polynomials :  42
          Domain Lower Bound    :  5.38462E-01
          Domain Upper Bound    :  1.53846E+00

 -- Grid initialized.

 -- Initalizing Reference State...
 ---- Specified parameters:
 ---- Reference type           :  Boussinesq (Non-dimensional)
 ---- Rayleigh Number          :  1.00000E+05
 ---- Ekman Number             :  1.00000E-03
 ---- Prandtl Number           :  1.00000E+00
 ---- Magnetic Prandtl Number  :  5.00000E+00
 -- Reference State initialized.

 -- Initializing Fields...
 ---- Specified parameters:
 ---- Hydro Init Type    : Benchmark (Christensen et al. 2001)
 ---- Magnetic Init Type : Benchmark (Christensen et al. 2001)
 -- Fields initialized.

 Initialization Complete.
 //////////////////////////////////////

 Timestep has changed from  0.00000E+00 to  1.00000E-04.
 Iteration:  00000001   DeltaT:  1.000E-04   Iter/sec:  0.000E+00
 Timestep has changed from  1.00000E-04 to  1.02217E-05.
 Iteration:  00000002   DeltaT:  1.022E-05   Iter/sec:  3.412E-01
 Iteration:  00000003   DeltaT:  1.022E-05   Iter/sec:  1.863E+00
 Iteration:  00000004   DeltaT:  1.022E-05   Iter/sec:  1.949E+00
 Iteration:  00000005   DeltaT:  1.022E-05   Iter/sec:  1.884E+00
 Iteration:  00000006   DeltaT:  1.022E-05   Iter/sec:  1.977E+00
 Iteration:  00000007   DeltaT:  1.022E-05   Iter/sec:  1.991E+00
 Iteration:  00000008   DeltaT:  1.022E-05   Iter/sec:  1.949E+00
 Iteration:  00000009   DeltaT:  1.022E-05   Iter/sec:  1.936E+00
 Iteration:  00000010   DeltaT:  1.022E-05   Iter/sec:  1.944E+00
 Iteration:  00000011   DeltaT:  1.022E-05   Iter/sec:  1.955E+00
 Iteration:  00000012   DeltaT:  1.022E-05   Iter/sec:  1.966E+00
 Iteration:  00000013   DeltaT:  1.022E-05   Iter/sec:  1.948E+00
 Iteration:  00000014   DeltaT:  1.022E-05   Iter/sec:  1.955E+00
 Iteration:  00000015   DeltaT:  1.022E-05   Iter/sec:  1.958E+00
 Iteration:  00000016   DeltaT:  1.022E-05   Iter/sec:  1.967E+00
 Iteration:  00000017   DeltaT:  1.022E-05   Iter/sec:  1.952E+00
 Iteration:  00000018   DeltaT:  1.022E-05   Iter/sec:  1.950E+00
 Iteration:  00000019   DeltaT:  1.022E-05   Iter/sec:  1.938E+00
 Iteration:  00000020   DeltaT:  1.022E-05   Iter/sec:  1.949E+00
 Iteration:  00000021   DeltaT:  1.022E-05   Iter/sec:  1.951E+00
 Iteration:  00000022   DeltaT:  1.022E-05   Iter/sec:  1.943E+00
 Iteration:  00000023   DeltaT:  1.022E-05   Iter/sec:  1.955E+00
 Iteration:  00000024   DeltaT:  1.022E-05   Iter/sec:  1.960E+00
 Iteration:  00000025   DeltaT:  1.022E-05   Iter/sec:  1.976E+00
 Iteration:  00000026   DeltaT:  1.022E-05   Iter/sec:  1.977E+00
 Iteration:  00000027   DeltaT:  1.022E-05   Iter/sec:  1.955E+00
 Iteration:  00000028   DeltaT:  1.022E-05   Iter/sec:  1.961E+00
 Iteration:  00000029   DeltaT:  1.022E-05   Iter/sec:  1.955E+00
 Iteration:  00000030   DeltaT:  1.022E-05   Iter/sec:  1.965E+00
 Iteration:  00000031   DeltaT:  1.022E-05   Iter/sec:  1.952E+00
 Iteration:  00000032   DeltaT:  1.022E-05   Iter/sec:  1.953E+00
 Iteration:  00000033   DeltaT:  1.022E-05   Iter/sec:  1.962E+00
 Iteration:  00000034   DeltaT:  1.022E-05   Iter/sec:  1.951E+00
 Iteration:  00000035   DeltaT:  1.022E-05   Iter/sec:  1.944E+00
 Iteration:  00000036   DeltaT:  1.022E-05   Iter/sec:  1.967E+00
 Iteration:  00000037   DeltaT:  1.022E-05   Iter/sec:  1.977E+00
 Iteration:  00000038   DeltaT:  1.022E-05   Iter/sec:  1.976E+00
 Iteration:  00000039   DeltaT:  1.022E-05   Iter/sec:  1.948E+00
 Iteration:  00000040   DeltaT:  1.022E-05   Iter/sec:  1.965E+00
 Iteration:  00000041   DeltaT:  1.022E-05   Iter/sec:  1.969E+00
 Iteration:  00000042   DeltaT:  1.022E-05   Iter/sec:  1.978E+00
 Iteration:  00000043   DeltaT:  1.022E-05   Iter/sec:  1.955E+00
 Iteration:  00000044   DeltaT:  1.022E-05   Iter/sec:  1.929E+00
 Iteration:  00000045   DeltaT:  1.022E-05   Iter/sec:  1.970E+00
 Iteration:  00000046   DeltaT:  1.022E-05   Iter/sec:  1.956E+00
 Iteration:  00000047   DeltaT:  1.022E-05   Iter/sec:  1.959E+00
 Iteration:  00000048   DeltaT:  1.022E-05   Iter/sec:  1.964E+00
 Iteration:  00000049   DeltaT:  1.022E-05   Iter/sec:  1.952E+00
 Iteration:  00000050   DeltaT:  1.022E-05   Iter/sec:  1.951E+00


//////////////////////////////////////////////
   Measured Timings for Process 0  (seconds)

 Elapsed time:        25.9459
  Column time:         1.6701
     Row time:        10.1146
Legendre time:         3.2256
     FFT time:         2.0502
   Solve time:         0.3976
    rlma time:         0.4419
    rlmb time:         0.1704
  pspace time:         3.7299
  psolve time:         3.2727
    dphi time:         0.1561
captured time:        25.2289

     iter/sec:         1.8885
//////////////////////////////////////////////
