 //////////////////////////////////////
 Initializating Rayleigh...

 -- Initalizing MPI...
 ---- Specified parameters:
 ---- NCPU  :   1024
 ---- NPROW :     32
 ---- NPCOL :     32
 -- MPI initialized.


 -- Initalizing Grid...
 ---- Specified parameters ----
 ---- N_R                 :     64
 ---- N_THETA             :    192
 ---- Ell_MAX             :    127
 ---- R_MIN               :  5.38462E-01
 ---- R_MAX               :  1.53846E+00
 ---- Chebyshev Domains   :      1

        Domain 1
          Grid points           :  64
          Dealiased Polynomials :  42
          Domain Lower Bound    :  5.38462E-01
          Domain Upper Bound    :  1.53846E+00

 -- Grid initialized.

 -- Initalizing Reference State...
 ---- Specified parameters:
 ---- Reference type           :  Boussinesq (Non-dimensional)
 ---- Rayleigh Number          :  1.00000E+05
 ---- Ekman Number             :  1.00000E-03
 ---- Prandtl Number           :  1.00000E+00
 ---- Magnetic Prandtl Number  :  5.00000E+00
 -- Reference State initialized.

 -- Initializing Fields...
 ---- Specified parameters:
 ---- Hydro Init Type    : Benchmark (Christensen et al. 2001)
 ---- Magnetic Init Type : Benchmark (Christensen et al. 2001)
 -- Fields initialized.

 Initialization Complete.
 //////////////////////////////////////

 Timestep has changed from  0.00000E+00 to  1.00000E-04.
 Iteration:  00000001   DeltaT:  1.000E-04   Iter/sec:  0.000E+00
 Timestep has changed from  1.00000E-04 to  1.02217E-05.
 Iteration:  00000002   DeltaT:  1.022E-05   Iter/sec:  4.163E-01
 Iteration:  00000003   DeltaT:  1.022E-05   Iter/sec:  8.428E+01
 Iteration:  00000004   DeltaT:  1.022E-05   Iter/sec:  1.340E+02
 Iteration:  00000005   DeltaT:  1.022E-05   Iter/sec:  1.187E+02
 Iteration:  00000006   DeltaT:  1.022E-05   Iter/sec:  1.236E+02
 Iteration:  00000007   DeltaT:  1.022E-05   Iter/sec:  1.471E+02
 Iteration:  00000008   DeltaT:  1.022E-05   Iter/sec:  9.037E+01
 Iteration:  00000009   DeltaT:  1.022E-05   Iter/sec:  9.875E+01
 Iteration:  00000010   DeltaT:  1.022E-05   Iter/sec:  1.357E+02
 Iteration:  00000011   DeltaT:  1.022E-05   Iter/sec:  8.728E+01
 Iteration:  00000012   DeltaT:  1.022E-05   Iter/sec:  1.285E+02
 Iteration:  00000013   DeltaT:  1.022E-05   Iter/sec:  1.311E+02
 Iteration:  00000014   DeltaT:  1.022E-05   Iter/sec:  9.817E+01
 Iteration:  00000015   DeltaT:  1.022E-05   Iter/sec:  1.358E+02
 Iteration:  00000016   DeltaT:  1.022E-05   Iter/sec:  1.264E+02
 Iteration:  00000017   DeltaT:  1.022E-05   Iter/sec:  1.376E+02
 Iteration:  00000018   DeltaT:  1.022E-05   Iter/sec:  1.347E+02
 Iteration:  00000019   DeltaT:  1.022E-05   Iter/sec:  1.464E+02
 Iteration:  00000020   DeltaT:  1.022E-05   Iter/sec:  1.386E+02
 Iteration:  00000021   DeltaT:  1.022E-05   Iter/sec:  1.377E+02
 Iteration:  00000022   DeltaT:  1.022E-05   Iter/sec:  1.380E+02
 Iteration:  00000023   DeltaT:  1.022E-05   Iter/sec:  1.336E+02
 Iteration:  00000024   DeltaT:  1.022E-05   Iter/sec:  1.158E+02
 Iteration:  00000025   DeltaT:  1.022E-05   Iter/sec:  8.353E+01
 Iteration:  00000026   DeltaT:  1.022E-05   Iter/sec:  3.007E+01
 Iteration:  00000027   DeltaT:  1.022E-05   Iter/sec:  7.164E+01
 Iteration:  00000028   DeltaT:  1.022E-05   Iter/sec:  9.625E+01
 Iteration:  00000029   DeltaT:  1.022E-05   Iter/sec:  6.862E+01
 Iteration:  00000030   DeltaT:  1.022E-05   Iter/sec:  1.017E+02
 Iteration:  00000031   DeltaT:  1.022E-05   Iter/sec:  1.279E+02
 Iteration:  00000032   DeltaT:  1.022E-05   Iter/sec:  1.303E+02
 Iteration:  00000033   DeltaT:  1.022E-05   Iter/sec:  6.307E+01
 Iteration:  00000034   DeltaT:  1.022E-05   Iter/sec:  4.421E+01
 Iteration:  00000035   DeltaT:  1.022E-05   Iter/sec:  1.366E+02
 Iteration:  00000036   DeltaT:  1.022E-05   Iter/sec:  1.035E+02
 Iteration:  00000037   DeltaT:  1.022E-05   Iter/sec:  1.029E+02
 Iteration:  00000038   DeltaT:  1.022E-05   Iter/sec:  1.097E+02
 Iteration:  00000039   DeltaT:  1.022E-05   Iter/sec:  1.283E+02
 Iteration:  00000040   DeltaT:  1.022E-05   Iter/sec:  1.495E+02
 Iteration:  00000041   DeltaT:  1.022E-05   Iter/sec:  1.276E+02
 Iteration:  00000042   DeltaT:  1.022E-05   Iter/sec:  1.249E+02
 Iteration:  00000043   DeltaT:  1.022E-05   Iter/sec:  1.298E+02
 Iteration:  00000044   DeltaT:  1.022E-05   Iter/sec:  1.411E+02
 Iteration:  00000045   DeltaT:  1.022E-05   Iter/sec:  1.339E+02
 Iteration:  00000046   DeltaT:  1.022E-05   Iter/sec:  1.427E+02
 Iteration:  00000047   DeltaT:  1.022E-05   Iter/sec:  1.327E+02
 Iteration:  00000048   DeltaT:  1.022E-05   Iter/sec:  1.260E+02
 Iteration:  00000049   DeltaT:  1.022E-05   Iter/sec:  1.329E+02
 Iteration:  00000050   DeltaT:  1.022E-05   Iter/sec:  1.199E+02


//////////////////////////////////////////////
   Measured Timings for Process 0  (seconds)

 Elapsed time:         1.2388
  Column time:         0.2086
     Row time:         0.1281
Legendre time:         0.0377
     FFT time:         0.0180
   Solve time:         0.0328
    rlma time:         0.0085
    rlmb time:         0.0033
  pspace time:         0.0104
  psolve time:         0.0318
    dphi time:         0.0011
captured time:         0.4804

     iter/sec:        39.5547
//////////////////////////////////////////////
