 //////////////////////////////////////
 Initializating Rayleigh...

 -- Initalizing MPI...
 ---- Specified parameters:
 ---- NCPU  :     64
 ---- NPROW :      8
 ---- NPCOL :      8
 -- MPI initialized.


 -- Initalizing Grid...
 ---- Specified parameters ----
 ---- N_R                 :    128
 ---- N_THETA             :    192
 ---- Ell_MAX             :    127
 ---- R_MIN               :  5.38462E-01
 ---- R_MAX               :  1.53846E+00
 ---- Chebyshev Domains   :      1

        Domain 1
          Grid points           :  128
          Dealiased Polynomials :  85
          Domain Lower Bound    :  5.38462E-01
          Domain Upper Bound    :  1.53846E+00

 -- Grid initialized.

 -- Initalizing Reference State...
 ---- Specified parameters:
 ---- Reference type           :  Boussinesq (Non-dimensional)
 ---- Rayleigh Number          :  1.00000E+05
 ---- Ekman Number             :  1.00000E-03
 ---- Prandtl Number           :  1.00000E+00
 ---- Magnetic Prandtl Number  :  5.00000E+00
 -- Reference State initialized.

 -- Initializing Fields...
 ---- Specified parameters:
 ---- Hydro Init Type    : Benchmark (Christensen et al. 2001)
 ---- Magnetic Init Type : Benchmark (Christensen et al. 2001)
 -- Fields initialized.

 Initialization Complete.
 //////////////////////////////////////

 Timestep has changed from  0.00000E+00 to  1.00000E-04.
 Iteration:  00000001   DeltaT:  1.000E-04   Iter/sec:  0.000E+00
 Timestep has changed from  1.00000E-04 to  2.55581E-06.
 Iteration:  00000002   DeltaT:  2.556E-06   Iter/sec:  2.035E-01
 Iteration:  00000003   DeltaT:  2.556E-06   Iter/sec:  2.833E+00
 Iteration:  00000004   DeltaT:  2.556E-06   Iter/sec:  3.902E+00
 Iteration:  00000005   DeltaT:  2.556E-06   Iter/sec:  3.261E+00
 Iteration:  00000006   DeltaT:  2.556E-06   Iter/sec:  3.843E+00
 Iteration:  00000007   DeltaT:  2.556E-06   Iter/sec:  3.954E+00
 Iteration:  00000008   DeltaT:  2.556E-06   Iter/sec:  3.664E+00
 Iteration:  00000009   DeltaT:  2.556E-06   Iter/sec:  3.739E+00
 Iteration:  00000010   DeltaT:  2.556E-06   Iter/sec:  4.010E+00
 Iteration:  00000011   DeltaT:  2.556E-06   Iter/sec:  3.944E+00
 Iteration:  00000012   DeltaT:  2.556E-06   Iter/sec:  3.783E+00
 Iteration:  00000013   DeltaT:  2.556E-06   Iter/sec:  3.585E+00
 Iteration:  00000014   DeltaT:  2.556E-06   Iter/sec:  3.483E+00
 Iteration:  00000015   DeltaT:  2.556E-06   Iter/sec:  3.639E+00
 Iteration:  00000016   DeltaT:  2.556E-06   Iter/sec:  3.944E+00
 Iteration:  00000017   DeltaT:  2.556E-06   Iter/sec:  3.913E+00
 Iteration:  00000018   DeltaT:  2.556E-06   Iter/sec:  3.884E+00
 Iteration:  00000019   DeltaT:  2.556E-06   Iter/sec:  3.679E+00
 Iteration:  00000020   DeltaT:  2.556E-06   Iter/sec:  3.874E+00
 Iteration:  00000021   DeltaT:  2.556E-06   Iter/sec:  3.854E+00
 Iteration:  00000022   DeltaT:  2.556E-06   Iter/sec:  3.766E+00
 Iteration:  00000023   DeltaT:  2.556E-06   Iter/sec:  3.635E+00
 Iteration:  00000024   DeltaT:  2.556E-06   Iter/sec:  3.977E+00
 Iteration:  00000025   DeltaT:  2.556E-06   Iter/sec:  3.873E+00
 Iteration:  00000026   DeltaT:  2.556E-06   Iter/sec:  3.367E+00
 Iteration:  00000027   DeltaT:  2.556E-06   Iter/sec:  3.611E+00
 Iteration:  00000028   DeltaT:  2.556E-06   Iter/sec:  3.952E+00
 Iteration:  00000029   DeltaT:  2.556E-06   Iter/sec:  3.837E+00
 Iteration:  00000030   DeltaT:  2.556E-06   Iter/sec:  3.819E+00
 Iteration:  00000031   DeltaT:  2.556E-06   Iter/sec:  3.357E+00
 Iteration:  00000032   DeltaT:  2.556E-06   Iter/sec:  3.958E+00
 Iteration:  00000033   DeltaT:  2.556E-06   Iter/sec:  3.533E+00
 Iteration:  00000034   DeltaT:  2.556E-06   Iter/sec:  3.829E+00
 Iteration:  00000035   DeltaT:  2.556E-06   Iter/sec:  3.611E+00
 Iteration:  00000036   DeltaT:  2.556E-06   Iter/sec:  4.034E+00
 Iteration:  00000037   DeltaT:  2.556E-06   Iter/sec:  3.651E+00
 Iteration:  00000038   DeltaT:  2.556E-06   Iter/sec:  4.021E+00
 Iteration:  00000039   DeltaT:  2.556E-06   Iter/sec:  3.629E+00
 Iteration:  00000040   DeltaT:  2.556E-06   Iter/sec:  3.750E+00
 Iteration:  00000041   DeltaT:  2.556E-06   Iter/sec:  3.583E+00
 Iteration:  00000042   DeltaT:  2.556E-06   Iter/sec:  3.810E+00
 Iteration:  00000043   DeltaT:  2.556E-06   Iter/sec:  3.835E+00
 Iteration:  00000044   DeltaT:  2.556E-06   Iter/sec:  3.820E+00
 Iteration:  00000045   DeltaT:  2.556E-06   Iter/sec:  3.469E+00
 Iteration:  00000046   DeltaT:  2.556E-06   Iter/sec:  4.037E+00
 Iteration:  00000047   DeltaT:  2.556E-06   Iter/sec:  3.902E+00
 Iteration:  00000048   DeltaT:  2.556E-06   Iter/sec:  3.729E+00
 Iteration:  00000049   DeltaT:  2.556E-06   Iter/sec:  3.862E+00
 Iteration:  00000050   DeltaT:  2.556E-06   Iter/sec:  3.825E+00


//////////////////////////////////////////////
   Measured Timings for Process 0  (seconds)

 Elapsed time:        14.4083
  Column time:         1.5157
     Row time:         4.4758
Legendre time:         1.6191
     FFT time:         1.0043
   Solve time:         0.5355
    rlma time:         0.1854
    rlmb time:         0.0709
  pspace time:         2.1295
  psolve time:         1.6420
    dphi time:         0.1117
captured time:        13.2899

     iter/sec:         3.4008
//////////////////////////////////////////////
