 //////////////////////////////////////
 Initializating Rayleigh...

 -- Initalizing MPI...
 ---- Specified parameters:
 ---- NCPU  :    128
 ---- NPROW :     16
 ---- NPCOL :      8
 -- MPI initialized.


 -- Initalizing Grid...
 ---- Specified parameters ----
 ---- N_R                 :    128
 ---- N_THETA             :    192
 ---- Ell_MAX             :    127
 ---- R_MIN               :  5.38462E-01
 ---- R_MAX               :  1.53846E+00
 ---- Chebyshev Domains   :      1

        Domain 1
          Grid points           :  128
          Dealiased Polynomials :  85
          Domain Lower Bound    :  5.38462E-01
          Domain Upper Bound    :  1.53846E+00

 -- Grid initialized.

 -- Initalizing Reference State...
 ---- Specified parameters:
 ---- Reference type           :  Boussinesq (Non-dimensional)
 ---- Rayleigh Number          :  1.00000E+05
 ---- Ekman Number             :  1.00000E-03
 ---- Prandtl Number           :  1.00000E+00
 ---- Magnetic Prandtl Number  :  5.00000E+00
 -- Reference State initialized.

 -- Initializing Fields...
 ---- Specified parameters:
 ---- Hydro Init Type    : Benchmark (Christensen et al. 2001)
 ---- Magnetic Init Type : Benchmark (Christensen et al. 2001)
 -- Fields initialized.

 Initialization Complete.
 //////////////////////////////////////

 Timestep has changed from  0.00000E+00 to  1.00000E-04.
 Iteration:  00000001   DeltaT:  1.000E-04   Iter/sec:  0.000E+00
 Timestep has changed from  1.00000E-04 to  2.55581E-06.
 Iteration:  00000002   DeltaT:  2.556E-06   Iter/sec:  1.978E-01
 Iteration:  00000003   DeltaT:  2.556E-06   Iter/sec:  4.534E+00
 Iteration:  00000004   DeltaT:  2.556E-06   Iter/sec:  8.095E+00
 Iteration:  00000005   DeltaT:  2.556E-06   Iter/sec:  8.029E+00
 Iteration:  00000006   DeltaT:  2.556E-06   Iter/sec:  8.197E+00
 Iteration:  00000007   DeltaT:  2.556E-06   Iter/sec:  7.964E+00
 Iteration:  00000008   DeltaT:  2.556E-06   Iter/sec:  8.012E+00
 Iteration:  00000009   DeltaT:  2.556E-06   Iter/sec:  8.005E+00
 Iteration:  00000010   DeltaT:  2.556E-06   Iter/sec:  8.243E+00
 Iteration:  00000011   DeltaT:  2.556E-06   Iter/sec:  8.171E+00
 Iteration:  00000012   DeltaT:  2.556E-06   Iter/sec:  7.990E+00
 Iteration:  00000013   DeltaT:  2.556E-06   Iter/sec:  8.195E+00
 Iteration:  00000014   DeltaT:  2.556E-06   Iter/sec:  8.130E+00
 Iteration:  00000015   DeltaT:  2.556E-06   Iter/sec:  8.134E+00
 Iteration:  00000016   DeltaT:  2.556E-06   Iter/sec:  8.131E+00
 Iteration:  00000017   DeltaT:  2.556E-06   Iter/sec:  8.029E+00
 Iteration:  00000018   DeltaT:  2.556E-06   Iter/sec:  8.177E+00
 Iteration:  00000019   DeltaT:  2.556E-06   Iter/sec:  8.013E+00
 Iteration:  00000020   DeltaT:  2.556E-06   Iter/sec:  8.150E+00
 Iteration:  00000021   DeltaT:  2.556E-06   Iter/sec:  8.187E+00
 Iteration:  00000022   DeltaT:  2.556E-06   Iter/sec:  8.080E+00
 Iteration:  00000023   DeltaT:  2.556E-06   Iter/sec:  8.172E+00
 Iteration:  00000024   DeltaT:  2.556E-06   Iter/sec:  8.104E+00
 Iteration:  00000025   DeltaT:  2.556E-06   Iter/sec:  8.151E+00
 Iteration:  00000026   DeltaT:  2.556E-06   Iter/sec:  8.188E+00
 Iteration:  00000027   DeltaT:  2.556E-06   Iter/sec:  8.120E+00
 Iteration:  00000028   DeltaT:  2.556E-06   Iter/sec:  8.259E+00
 Iteration:  00000029   DeltaT:  2.556E-06   Iter/sec:  8.128E+00
 Iteration:  00000030   DeltaT:  2.556E-06   Iter/sec:  8.458E+00
 Iteration:  00000031   DeltaT:  2.556E-06   Iter/sec:  8.102E+00
 Iteration:  00000032   DeltaT:  2.556E-06   Iter/sec:  8.224E+00
 Iteration:  00000033   DeltaT:  2.556E-06   Iter/sec:  8.279E+00
 Iteration:  00000034   DeltaT:  2.556E-06   Iter/sec:  8.220E+00
 Iteration:  00000035   DeltaT:  2.556E-06   Iter/sec:  8.146E+00
 Iteration:  00000036   DeltaT:  2.556E-06   Iter/sec:  8.193E+00
 Iteration:  00000037   DeltaT:  2.556E-06   Iter/sec:  8.326E+00
 Iteration:  00000038   DeltaT:  2.556E-06   Iter/sec:  8.206E+00
 Iteration:  00000039   DeltaT:  2.556E-06   Iter/sec:  8.082E+00
 Iteration:  00000040   DeltaT:  2.556E-06   Iter/sec:  8.407E+00
 Iteration:  00000041   DeltaT:  2.556E-06   Iter/sec:  8.138E+00
 Iteration:  00000042   DeltaT:  2.556E-06   Iter/sec:  8.226E+00
 Iteration:  00000043   DeltaT:  2.556E-06   Iter/sec:  8.079E+00
 Iteration:  00000044   DeltaT:  2.556E-06   Iter/sec:  8.273E+00
 Iteration:  00000045   DeltaT:  2.556E-06   Iter/sec:  8.135E+00
 Iteration:  00000046   DeltaT:  2.556E-06   Iter/sec:  7.555E+00
 Iteration:  00000047   DeltaT:  2.556E-06   Iter/sec:  8.246E+00
 Iteration:  00000048   DeltaT:  2.556E-06   Iter/sec:  8.361E+00
 Iteration:  00000049   DeltaT:  2.556E-06   Iter/sec:  8.197E+00
 Iteration:  00000050   DeltaT:  2.556E-06   Iter/sec:  8.120E+00


//////////////////////////////////////////////
   Measured Timings for Process 0  (seconds)

 Elapsed time:         7.1073
  Column time:         0.6742
     Row time:         2.1835
Legendre time:         0.6463
     FFT time:         0.4832
   Solve time:         0.4273
    rlma time:         0.0790
    rlmb time:         0.0333
  pspace time:         0.9794
  psolve time:         0.6908
    dphi time:         0.0689
captured time:         6.2658

     iter/sec:         6.8943
//////////////////////////////////////////////
