 //////////////////////////////////////
 Initializating Rayleigh...

 -- Initalizing MPI...
 ---- Specified parameters:
 ---- NCPU  :   1024
 ---- NPROW :     32
 ---- NPCOL :     32
 -- MPI initialized.


 -- Initalizing Grid...
 ---- Specified parameters ----
 ---- N_R                 :    128
 ---- N_THETA             :    384
 ---- Ell_MAX             :    255
 ---- R_MIN               :  5.38462E-01
 ---- R_MAX               :  1.53846E+00
 ---- Chebyshev Domains   :      1

        Domain 1
          Grid points           :  128
          Dealiased Polynomials :  85
          Domain Lower Bound    :  5.38462E-01
          Domain Upper Bound    :  1.53846E+00

 -- Grid initialized.

 -- Initalizing Reference State...
 ---- Specified parameters:
 ---- Reference type           :  Boussinesq (Non-dimensional)
 ---- Rayleigh Number          :  1.00000E+05
 ---- Ekman Number             :  1.00000E-03
 ---- Prandtl Number           :  1.00000E+00
 ---- Magnetic Prandtl Number  :  5.00000E+00
 -- Reference State initialized.

 -- Initializing Fields...
 ---- Specified parameters:
 ---- Hydro Init Type    : Benchmark (Christensen et al. 2001)
 ---- Magnetic Init Type : Benchmark (Christensen et al. 2001)
 -- Fields initialized.

 Initialization Complete.
 //////////////////////////////////////

 Timestep has changed from  0.00000E+00 to  1.00000E-04.
 Iteration:  00000001   DeltaT:  1.000E-04   Iter/sec:  0.000E+00
 Timestep has changed from  1.00000E-04 to  2.55566E-06.
 Iteration:  00000002   DeltaT:  2.556E-06   Iter/sec:  2.327E-01
 Iteration:  00000003   DeltaT:  2.556E-06   Iter/sec:  6.806E+00
 Iteration:  00000004   DeltaT:  2.556E-06   Iter/sec:  1.142E+01
 Iteration:  00000005   DeltaT:  2.556E-06   Iter/sec:  1.308E+01
 Iteration:  00000006   DeltaT:  2.556E-06   Iter/sec:  1.236E+01
 Iteration:  00000007   DeltaT:  2.556E-06   Iter/sec:  1.249E+01
 Iteration:  00000008   DeltaT:  2.556E-06   Iter/sec:  1.184E+01
 Iteration:  00000009   DeltaT:  2.556E-06   Iter/sec:  1.265E+01
 Iteration:  00000010   DeltaT:  2.556E-06   Iter/sec:  1.263E+01
 Iteration:  00000011   DeltaT:  2.556E-06   Iter/sec:  1.263E+01
 Iteration:  00000012   DeltaT:  2.556E-06   Iter/sec:  1.086E+01
 Iteration:  00000013   DeltaT:  2.556E-06   Iter/sec:  1.278E+01
 Iteration:  00000014   DeltaT:  2.556E-06   Iter/sec:  1.270E+01
 Iteration:  00000015   DeltaT:  2.556E-06   Iter/sec:  9.467E+00
 Iteration:  00000016   DeltaT:  2.556E-06   Iter/sec:  1.076E+01
 Iteration:  00000017   DeltaT:  2.556E-06   Iter/sec:  1.262E+01
 Iteration:  00000018   DeltaT:  2.556E-06   Iter/sec:  1.307E+01
 Iteration:  00000019   DeltaT:  2.556E-06   Iter/sec:  1.298E+01
 Iteration:  00000020   DeltaT:  2.556E-06   Iter/sec:  1.265E+01
 Iteration:  00000021   DeltaT:  2.556E-06   Iter/sec:  1.271E+01
 Iteration:  00000022   DeltaT:  2.556E-06   Iter/sec:  1.298E+01
 Iteration:  00000023   DeltaT:  2.556E-06   Iter/sec:  1.270E+01
 Iteration:  00000024   DeltaT:  2.556E-06   Iter/sec:  1.170E+01
 Iteration:  00000025   DeltaT:  2.556E-06   Iter/sec:  1.272E+01
 Iteration:  00000026   DeltaT:  2.556E-06   Iter/sec:  1.251E+01
 Iteration:  00000027   DeltaT:  2.556E-06   Iter/sec:  1.237E+01
 Iteration:  00000028   DeltaT:  2.556E-06   Iter/sec:  1.340E+01
 Iteration:  00000029   DeltaT:  2.556E-06   Iter/sec:  9.839E+00
 Iteration:  00000030   DeltaT:  2.556E-06   Iter/sec:  1.305E+01
 Iteration:  00000031   DeltaT:  2.556E-06   Iter/sec:  1.297E+01
 Iteration:  00000032   DeltaT:  2.556E-06   Iter/sec:  1.243E+01
 Iteration:  00000033   DeltaT:  2.556E-06   Iter/sec:  1.281E+01
 Iteration:  00000034   DeltaT:  2.556E-06   Iter/sec:  1.059E+01
 Iteration:  00000035   DeltaT:  2.556E-06   Iter/sec:  1.268E+01
 Iteration:  00000036   DeltaT:  2.556E-06   Iter/sec:  1.288E+01
 Iteration:  00000037   DeltaT:  2.556E-06   Iter/sec:  1.056E+01
 Iteration:  00000038   DeltaT:  2.556E-06   Iter/sec:  1.282E+01
 Iteration:  00000039   DeltaT:  2.556E-06   Iter/sec:  1.252E+01
 Iteration:  00000040   DeltaT:  2.556E-06   Iter/sec:  1.278E+01
 Iteration:  00000041   DeltaT:  2.556E-06   Iter/sec:  1.254E+01
 Iteration:  00000042   DeltaT:  2.556E-06   Iter/sec:  1.094E+01
 Iteration:  00000043   DeltaT:  2.556E-06   Iter/sec:  9.714E+00
 Iteration:  00000044   DeltaT:  2.556E-06   Iter/sec:  1.283E+01
 Iteration:  00000045   DeltaT:  2.556E-06   Iter/sec:  1.262E+01
 Iteration:  00000046   DeltaT:  2.556E-06   Iter/sec:  1.263E+01
 Iteration:  00000047   DeltaT:  2.556E-06   Iter/sec:  1.284E+01
 Iteration:  00000048   DeltaT:  2.556E-06   Iter/sec:  1.250E+01
 Iteration:  00000049   DeltaT:  2.556E-06   Iter/sec:  1.271E+01
 Iteration:  00000050   DeltaT:  2.556E-06   Iter/sec:  1.118E+01


//////////////////////////////////////////////
   Measured Timings for Process 0  (seconds)

 Elapsed time:         5.4797
  Column time:         1.5504
     Row time:         0.9047
Legendre time:         0.5743
     FFT time:         0.2542
   Solve time:         0.2285
    rlma time:         0.0428
    rlmb time:         0.0176
  pspace time:         0.3164
  psolve time:         0.2740
    dphi time:         0.0239
captured time:         4.1868

     iter/sec:         8.9421
//////////////////////////////////////////////
