 //////////////////////////////////////
 Initializating Rayleigh...

 -- Initalizing MPI...
 ---- Specified parameters:
 ---- NCPU  :     32
 ---- NPROW :      8
 ---- NPCOL :      4
 -- MPI initialized.


 -- Initalizing Grid...
 ---- Specified parameters ----
 ---- N_R                 :    128
 ---- N_THETA             :    192
 ---- Ell_MAX             :    127
 ---- R_MIN               :  5.38462E-01
 ---- R_MAX               :  1.53846E+00
 ---- Chebyshev Domains   :      1

        Domain 1
          Grid points           :  128
          Dealiased Polynomials :  85
          Domain Lower Bound    :  5.38462E-01
          Domain Upper Bound    :  1.53846E+00

 -- Grid initialized.

 -- Initalizing Reference State...
 ---- Specified parameters:
 ---- Reference type           :  Boussinesq (Non-dimensional)
 ---- Rayleigh Number          :  1.00000E+05
 ---- Ekman Number             :  1.00000E-03
 ---- Prandtl Number           :  1.00000E+00
 ---- Magnetic Prandtl Number  :  5.00000E+00
 -- Reference State initialized.

 -- Initializing Fields...
 ---- Specified parameters:
 ---- Hydro Init Type    : Benchmark (Christensen et al. 2001)
 ---- Magnetic Init Type : Benchmark (Christensen et al. 2001)
 -- Fields initialized.

 Initialization Complete.
 //////////////////////////////////////

 Timestep has changed from  0.00000E+00 to  1.00000E-04.
 Iteration:  00000001   DeltaT:  1.000E-04   Iter/sec:  0.000E+00
 Timestep has changed from  1.00000E-04 to  2.55581E-06.
 Iteration:  00000002   DeltaT:  2.556E-06   Iter/sec:  3.281E-01
 Iteration:  00000003   DeltaT:  2.556E-06   Iter/sec:  1.455E+00
 Iteration:  00000004   DeltaT:  2.556E-06   Iter/sec:  1.886E+00
 Iteration:  00000005   DeltaT:  2.556E-06   Iter/sec:  1.904E+00
 Iteration:  00000006   DeltaT:  2.556E-06   Iter/sec:  1.904E+00
 Iteration:  00000007   DeltaT:  2.556E-06   Iter/sec:  1.908E+00
 Iteration:  00000008   DeltaT:  2.556E-06   Iter/sec:  1.891E+00
 Iteration:  00000009   DeltaT:  2.556E-06   Iter/sec:  1.885E+00
 Iteration:  00000010   DeltaT:  2.556E-06   Iter/sec:  1.906E+00
 Iteration:  00000011   DeltaT:  2.556E-06   Iter/sec:  1.889E+00
 Iteration:  00000012   DeltaT:  2.556E-06   Iter/sec:  1.891E+00
 Iteration:  00000013   DeltaT:  2.556E-06   Iter/sec:  1.917E+00
 Iteration:  00000014   DeltaT:  2.556E-06   Iter/sec:  1.895E+00
 Iteration:  00000015   DeltaT:  2.556E-06   Iter/sec:  1.896E+00
 Iteration:  00000016   DeltaT:  2.556E-06   Iter/sec:  1.909E+00
 Iteration:  00000017   DeltaT:  2.556E-06   Iter/sec:  1.913E+00
 Iteration:  00000018   DeltaT:  2.556E-06   Iter/sec:  1.894E+00
 Iteration:  00000019   DeltaT:  2.556E-06   Iter/sec:  1.887E+00
 Iteration:  00000020   DeltaT:  2.556E-06   Iter/sec:  1.921E+00
 Iteration:  00000021   DeltaT:  2.556E-06   Iter/sec:  1.908E+00
 Iteration:  00000022   DeltaT:  2.556E-06   Iter/sec:  1.881E+00
 Iteration:  00000023   DeltaT:  2.556E-06   Iter/sec:  1.896E+00
 Iteration:  00000024   DeltaT:  2.556E-06   Iter/sec:  1.899E+00
 Iteration:  00000025   DeltaT:  2.556E-06   Iter/sec:  1.898E+00
 Iteration:  00000026   DeltaT:  2.556E-06   Iter/sec:  1.888E+00
 Iteration:  00000027   DeltaT:  2.556E-06   Iter/sec:  1.886E+00
 Iteration:  00000028   DeltaT:  2.556E-06   Iter/sec:  1.905E+00
 Iteration:  00000029   DeltaT:  2.556E-06   Iter/sec:  1.899E+00
 Iteration:  00000030   DeltaT:  2.556E-06   Iter/sec:  1.894E+00
 Iteration:  00000031   DeltaT:  2.556E-06   Iter/sec:  1.906E+00
 Iteration:  00000032   DeltaT:  2.556E-06   Iter/sec:  1.915E+00
 Iteration:  00000033   DeltaT:  2.556E-06   Iter/sec:  1.913E+00
 Iteration:  00000034   DeltaT:  2.556E-06   Iter/sec:  1.875E+00
 Iteration:  00000035   DeltaT:  2.556E-06   Iter/sec:  1.903E+00
 Iteration:  00000036   DeltaT:  2.556E-06   Iter/sec:  1.900E+00
 Iteration:  00000037   DeltaT:  2.556E-06   Iter/sec:  1.905E+00
 Iteration:  00000038   DeltaT:  2.556E-06   Iter/sec:  1.897E+00
 Iteration:  00000039   DeltaT:  2.556E-06   Iter/sec:  1.894E+00
 Iteration:  00000040   DeltaT:  2.556E-06   Iter/sec:  1.903E+00
 Iteration:  00000041   DeltaT:  2.556E-06   Iter/sec:  1.909E+00
 Iteration:  00000042   DeltaT:  2.556E-06   Iter/sec:  1.900E+00
 Iteration:  00000043   DeltaT:  2.556E-06   Iter/sec:  1.904E+00
 Iteration:  00000044   DeltaT:  2.556E-06   Iter/sec:  1.912E+00
 Iteration:  00000045   DeltaT:  2.556E-06   Iter/sec:  1.899E+00
 Iteration:  00000046   DeltaT:  2.556E-06   Iter/sec:  1.906E+00
 Iteration:  00000047   DeltaT:  2.556E-06   Iter/sec:  1.911E+00
 Iteration:  00000048   DeltaT:  2.556E-06   Iter/sec:  1.895E+00
 Iteration:  00000049   DeltaT:  2.556E-06   Iter/sec:  1.889E+00
 Iteration:  00000050   DeltaT:  2.556E-06   Iter/sec:  1.907E+00


//////////////////////////////////////////////
   Measured Timings for Process 0  (seconds)

 Elapsed time:        27.1028
  Column time:         1.8378
     Row time:        10.2056
Legendre time:         3.2223
     FFT time:         2.0330
   Solve time:         0.9743
    rlma time:         0.4059
    rlmb time:         0.1458
  pspace time:         3.7207
  psolve time:         3.5819
    dphi time:         0.1438
captured time:        26.2712

     iter/sec:         1.8079
//////////////////////////////////////////////
