 //////////////////////////////////////
 Initializating Rayleigh...

 -- Initalizing MPI...
 ---- Specified parameters:
 ---- NCPU  :    128
 ---- NPROW :     16
 ---- NPCOL :      8
 -- MPI initialized.


 -- Initalizing Grid...
 ---- Specified parameters ----
 ---- N_R                 :     64
 ---- N_THETA             :    384
 ---- Ell_MAX             :    255
 ---- R_MIN               :  5.38462E-01
 ---- R_MAX               :  1.53846E+00
 ---- Chebyshev Domains   :      1

        Domain 1
          Grid points           :  64
          Dealiased Polynomials :  42
          Domain Lower Bound    :  5.38462E-01
          Domain Upper Bound    :  1.53846E+00

 -- Grid initialized.

 -- Initalizing Reference State...
 ---- Specified parameters:
 ---- Reference type           :  Boussinesq (Non-dimensional)
 ---- Rayleigh Number          :  1.00000E+05
 ---- Ekman Number             :  1.00000E-03
 ---- Prandtl Number           :  1.00000E+00
 ---- Magnetic Prandtl Number  :  5.00000E+00
 -- Reference State initialized.

 -- Initializing Fields...
 ---- Specified parameters:
 ---- Hydro Init Type    : Benchmark (Christensen et al. 2001)
 ---- Magnetic Init Type : Benchmark (Christensen et al. 2001)
 -- Fields initialized.

 Initialization Complete.
 //////////////////////////////////////

 Timestep has changed from  0.00000E+00 to  1.00000E-04.
 Iteration:  00000001   DeltaT:  1.000E-04   Iter/sec:  0.000E+00
 Timestep has changed from  1.00000E-04 to  1.02211E-05.
 Iteration:  00000002   DeltaT:  1.022E-05   Iter/sec:  2.476E-01
 Iteration:  00000003   DeltaT:  1.022E-05   Iter/sec:  3.167E+00
 Iteration:  00000004   DeltaT:  1.022E-05   Iter/sec:  3.450E+00
 Iteration:  00000005   DeltaT:  1.022E-05   Iter/sec:  3.463E+00
 Iteration:  00000006   DeltaT:  1.022E-05   Iter/sec:  3.445E+00
 Iteration:  00000007   DeltaT:  1.022E-05   Iter/sec:  3.473E+00
 Iteration:  00000008   DeltaT:  1.022E-05   Iter/sec:  3.488E+00
 Iteration:  00000009   DeltaT:  1.022E-05   Iter/sec:  3.415E+00
 Iteration:  00000010   DeltaT:  1.022E-05   Iter/sec:  3.484E+00
 Iteration:  00000011   DeltaT:  1.022E-05   Iter/sec:  3.460E+00
 Iteration:  00000012   DeltaT:  1.022E-05   Iter/sec:  3.421E+00
 Iteration:  00000013   DeltaT:  1.022E-05   Iter/sec:  3.420E+00
 Iteration:  00000014   DeltaT:  1.022E-05   Iter/sec:  3.510E+00
 Iteration:  00000015   DeltaT:  1.022E-05   Iter/sec:  3.441E+00
 Iteration:  00000016   DeltaT:  1.022E-05   Iter/sec:  3.489E+00
 Iteration:  00000017   DeltaT:  1.022E-05   Iter/sec:  3.461E+00
 Iteration:  00000018   DeltaT:  1.022E-05   Iter/sec:  3.475E+00
 Iteration:  00000019   DeltaT:  1.022E-05   Iter/sec:  3.444E+00
 Iteration:  00000020   DeltaT:  1.022E-05   Iter/sec:  3.474E+00
 Iteration:  00000021   DeltaT:  1.022E-05   Iter/sec:  3.486E+00
 Iteration:  00000022   DeltaT:  1.022E-05   Iter/sec:  3.431E+00
 Iteration:  00000023   DeltaT:  1.022E-05   Iter/sec:  3.478E+00
 Iteration:  00000024   DeltaT:  1.022E-05   Iter/sec:  3.465E+00
 Iteration:  00000025   DeltaT:  1.022E-05   Iter/sec:  3.458E+00
 Iteration:  00000026   DeltaT:  1.022E-05   Iter/sec:  3.475E+00
 Iteration:  00000027   DeltaT:  1.022E-05   Iter/sec:  3.473E+00
 Iteration:  00000028   DeltaT:  1.022E-05   Iter/sec:  3.505E+00
 Iteration:  00000029   DeltaT:  1.022E-05   Iter/sec:  3.520E+00
 Iteration:  00000030   DeltaT:  1.022E-05   Iter/sec:  3.476E+00
 Iteration:  00000031   DeltaT:  1.022E-05   Iter/sec:  3.513E+00
 Iteration:  00000032   DeltaT:  1.022E-05   Iter/sec:  3.492E+00
 Iteration:  00000033   DeltaT:  1.022E-05   Iter/sec:  3.544E+00
 Iteration:  00000034   DeltaT:  1.022E-05   Iter/sec:  3.474E+00
 Iteration:  00000035   DeltaT:  1.022E-05   Iter/sec:  3.488E+00
 Iteration:  00000036   DeltaT:  1.022E-05   Iter/sec:  3.359E+00
 Iteration:  00000037   DeltaT:  1.022E-05   Iter/sec:  3.512E+00
 Iteration:  00000038   DeltaT:  1.022E-05   Iter/sec:  3.484E+00
 Iteration:  00000039   DeltaT:  1.022E-05   Iter/sec:  3.452E+00
 Iteration:  00000040   DeltaT:  1.022E-05   Iter/sec:  3.481E+00
 Iteration:  00000041   DeltaT:  1.022E-05   Iter/sec:  3.498E+00
 Iteration:  00000042   DeltaT:  1.022E-05   Iter/sec:  3.446E+00
 Iteration:  00000043   DeltaT:  1.022E-05   Iter/sec:  3.508E+00
 Iteration:  00000044   DeltaT:  1.022E-05   Iter/sec:  3.498E+00
 Iteration:  00000045   DeltaT:  1.022E-05   Iter/sec:  3.499E+00
 Iteration:  00000046   DeltaT:  1.022E-05   Iter/sec:  3.505E+00
 Iteration:  00000047   DeltaT:  1.022E-05   Iter/sec:  3.459E+00
 Iteration:  00000048   DeltaT:  1.022E-05   Iter/sec:  3.497E+00
 Iteration:  00000049   DeltaT:  1.022E-05   Iter/sec:  3.451E+00
 Iteration:  00000050   DeltaT:  1.022E-05   Iter/sec:  3.436E+00


//////////////////////////////////////////////
   Measured Timings for Process 0  (seconds)

 Elapsed time:        14.9138
  Column time:         1.6427
     Row time:         4.5961
Legendre time:         2.6836
     FFT time:         0.9771
   Solve time:         0.2834
    rlma time:         0.2043
    rlmb time:         0.0745
  pspace time:         2.1788
  psolve time:         1.5033
    dphi time:         0.1351
captured time:        14.2790

     iter/sec:         3.2856
//////////////////////////////////////////////
