 //////////////////////////////////////
 Initializating Rayleigh...

 -- Initalizing MPI...
 ---- Specified parameters:
 ---- NCPU  :    256
 ---- NPROW :     32
 ---- NPCOL :      8
 -- MPI initialized.


 -- Initalizing Grid...
 ---- Specified parameters ----
 ---- N_R                 :    128
 ---- N_THETA             :    768
 ---- Ell_MAX             :    511
 ---- R_MIN               :  5.38462E-01
 ---- R_MAX               :  1.53846E+00
 ---- Chebyshev Domains   :      1

        Domain 1
          Grid points           :  128
          Dealiased Polynomials :  85
          Domain Lower Bound    :  5.38462E-01
          Domain Upper Bound    :  1.53846E+00

 -- Grid initialized.

[SHTns 3.4.5] built Apr 30 2021, 15:49:24, id: avx2,ishioka
        Lmax=511, Mmax*Mres=511, Mres=1, Nlm=131328  [1 threads, orthonormalized]
        => using FFTW : Mmax=511, Nphi=1536, Nlat=768  (data layout : phi_inc=768, theta_inc=1, phi_embed=1536)
        => using Gauss nodes
        + polar optimization threshold = 1.0e-08
        finding optimal algorithm.....
        + SHT accuracy = 3.37e-13
        => SHTns is ready.
 -- Initalizing Reference State...
 ---- Specified parameters:
 ---- Reference type           :  Boussinesq (Non-dimensional)
 ---- Rayleigh Number          :  1.00000E+05
 ---- Ekman Number             :  1.00000E-03
 ---- Prandtl Number           :  1.00000E+00
 ---- Magnetic Prandtl Number  :  5.00000E+00
 -- Reference State initialized.

 -- Initializing Fields...
 ---- Specified parameters:
 ---- Hydro Init Type    : Benchmark (Christensen et al. 2001)
 ---- Magnetic Init Type : Benchmark (Christensen et al. 2001)
 -- Fields initialized.

 Initialization Complete.
 //////////////////////////////////////

 Timestep has changed from  0.00000E+00 to  1.00000E-04.
 Iteration:  00000001   DeltaT:  1.000E-04   Iter/sec:  0.000E+00
 Timestep has changed from  1.00000E-04 to  2.55562E-06.
 Iteration:  00000002   DeltaT:  2.556E-06   Iter/sec:  1.085E-01
 Iteration:  00000003   DeltaT:  2.556E-06   Iter/sec:  6.268E-01
 Iteration:  00000004   DeltaT:  2.556E-06   Iter/sec:  7.787E-01
 Iteration:  00000005   DeltaT:  2.556E-06   Iter/sec:  7.260E-01
 Iteration:  00000006   DeltaT:  2.556E-06   Iter/sec:  7.449E-01
 Iteration:  00000007   DeltaT:  2.556E-06   Iter/sec:  7.528E-01
 Iteration:  00000008   DeltaT:  2.556E-06   Iter/sec:  7.559E-01
 Iteration:  00000009   DeltaT:  2.556E-06   Iter/sec:  7.244E-01
 Iteration:  00000010   DeltaT:  2.556E-06   Iter/sec:  7.582E-01
 Iteration:  00000011   DeltaT:  2.556E-06   Iter/sec:  7.600E-01
 Iteration:  00000012   DeltaT:  2.556E-06   Iter/sec:  7.531E-01
 Iteration:  00000013   DeltaT:  2.556E-06   Iter/sec:  7.778E-01
 Iteration:  00000014   DeltaT:  2.556E-06   Iter/sec:  7.080E-01
 Iteration:  00000015   DeltaT:  2.556E-06   Iter/sec:  7.457E-01
 Iteration:  00000016   DeltaT:  2.556E-06   Iter/sec:  7.653E-01
 Iteration:  00000017   DeltaT:  2.556E-06   Iter/sec:  7.645E-01
 Iteration:  00000018   DeltaT:  2.556E-06   Iter/sec:  7.283E-01
 Iteration:  00000019   DeltaT:  2.556E-06   Iter/sec:  7.252E-01
 Iteration:  00000020   DeltaT:  2.556E-06   Iter/sec:  7.400E-01
 Iteration:  00000021   DeltaT:  2.556E-06   Iter/sec:  7.326E-01
 Iteration:  00000022   DeltaT:  2.556E-06   Iter/sec:  7.297E-01
 Iteration:  00000023   DeltaT:  2.556E-06   Iter/sec:  7.565E-01
 Iteration:  00000024   DeltaT:  2.556E-06   Iter/sec:  7.681E-01
 Iteration:  00000025   DeltaT:  2.556E-06   Iter/sec:  7.548E-01
 Iteration:  00000026   DeltaT:  2.556E-06   Iter/sec:  7.615E-01
 Iteration:  00000027   DeltaT:  2.556E-06   Iter/sec:  7.341E-01
 Iteration:  00000028   DeltaT:  2.556E-06   Iter/sec:  7.500E-01
 Iteration:  00000029   DeltaT:  2.556E-06   Iter/sec:  7.432E-01
 Iteration:  00000030   DeltaT:  2.556E-06   Iter/sec:  7.278E-01
 Iteration:  00000031   DeltaT:  2.556E-06   Iter/sec:  7.421E-01
 Iteration:  00000032   DeltaT:  2.556E-06   Iter/sec:  7.439E-01
 Iteration:  00000033   DeltaT:  2.556E-06   Iter/sec:  7.666E-01
 Iteration:  00000034   DeltaT:  2.556E-06   Iter/sec:  7.428E-01
 Iteration:  00000035   DeltaT:  2.556E-06   Iter/sec:  7.295E-01
 Iteration:  00000036   DeltaT:  2.556E-06   Iter/sec:  7.469E-01
 Iteration:  00000037   DeltaT:  2.556E-06   Iter/sec:  7.643E-01
 Iteration:  00000038   DeltaT:  2.556E-06   Iter/sec:  7.546E-01
 Iteration:  00000039   DeltaT:  2.556E-06   Iter/sec:  7.132E-01
 Iteration:  00000040   DeltaT:  2.556E-06   Iter/sec:  7.490E-01
 Iteration:  00000041   DeltaT:  2.556E-06   Iter/sec:  7.406E-01
 Iteration:  00000042   DeltaT:  2.556E-06   Iter/sec:  7.373E-01
 Iteration:  00000043   DeltaT:  2.556E-06   Iter/sec:  7.563E-01
 Iteration:  00000044   DeltaT:  2.556E-06   Iter/sec:  7.274E-01
 Iteration:  00000045   DeltaT:  2.556E-06   Iter/sec:  7.799E-01
 Iteration:  00000046   DeltaT:  2.556E-06   Iter/sec:  7.083E-01
 Iteration:  00000047   DeltaT:  2.556E-06   Iter/sec:  7.424E-01
 Iteration:  00000048   DeltaT:  2.556E-06   Iter/sec:  7.647E-01
 Iteration:  00000049   DeltaT:  2.556E-06   Iter/sec:  7.196E-01
 Iteration:  00000050   DeltaT:  2.556E-06   Iter/sec:  7.369E-01


//////////////////////////////////////////////
   Measured Timings for Process 0  (seconds)

 Elapsed time:        67.5983
  Column time:        14.3177
     Row time:        21.8019
Legendre time:         7.7556
     FFT time:         3.8609
   Solve time:         1.8980
    rlma time:         1.2971
    rlmb time:         0.7077
  pspace time:         7.8009
  psolve time:         6.9029
    dphi time:         0.2968
captured time:        66.6396

     iter/sec:         0.7397
//////////////////////////////////////////////
