 //////////////////////////////////////
 Initializating Rayleigh...

 -- Initalizing MPI...
 ---- Specified parameters:
 ---- NCPU  :     64
 ---- NPROW :      4
 ---- NPCOL :     16
 -- MPI initialized.


 -- Initalizing Grid...
 ---- Specified parameters ----
 ---- N_R                 :     64
 ---- N_THETA             :    192
 ---- Ell_MAX             :    127
 ---- R_MIN               :  5.38462E-01
 ---- R_MAX               :  1.53846E+00
 ---- Chebyshev Domains   :      1

        Domain 1
          Grid points           :  64
          Dealiased Polynomials :  42
          Domain Lower Bound    :  5.38462E-01
          Domain Upper Bound    :  1.53846E+00

 -- Grid initialized.

[SHTns 3.4.5] built Apr 30 2021, 15:49:24, id: avx2,ishioka
        Lmax=127, Mmax*Mres=127, Mres=1, Nlm=8256  [1 threads, orthonormalized]
        => using FFTW : Mmax=127, Nphi=384, Nlat=192  (data layout : phi_inc=192, theta_inc=1, phi_embed=384)
        => using Gauss nodes
        + polar optimization threshold = 1.0e-08
        finding optimal algorithm........
        + SHT accuracy = 5.36e-14
        => SHTns is ready.
 -- Initalizing Reference State...
 ---- Specified parameters:
 ---- Reference type           :  Boussinesq (Non-dimensional)
 ---- Rayleigh Number          :  1.00000E+05
 ---- Ekman Number             :  1.00000E-03
 ---- Prandtl Number           :  1.00000E+00
 ---- Magnetic Prandtl Number  :  5.00000E+00
 -- Reference State initialized.

 -- Initializing Fields...
 ---- Specified parameters:
 ---- Hydro Init Type    : Benchmark (Christensen et al. 2001)
 ---- Magnetic Init Type : Benchmark (Christensen et al. 2001)
 -- Fields initialized.

 Initialization Complete.
 //////////////////////////////////////

 Timestep has changed from  0.00000E+00 to  1.00000E-04.
 Iteration:  00000001   DeltaT:  1.000E-04   Iter/sec:  0.000E+00
 Timestep has changed from  1.00000E-04 to  1.02217E-05.
 Iteration:  00000002   DeltaT:  1.022E-05   Iter/sec:  2.428E-01
 Iteration:  00000003   DeltaT:  1.022E-05   Iter/sec:  8.382E+00
 Iteration:  00000004   DeltaT:  1.022E-05   Iter/sec:  8.844E+00
 Iteration:  00000005   DeltaT:  1.022E-05   Iter/sec:  8.724E+00
 Iteration:  00000006   DeltaT:  1.022E-05   Iter/sec:  7.606E+00
 Iteration:  00000007   DeltaT:  1.022E-05   Iter/sec:  9.007E+00
 Iteration:  00000008   DeltaT:  1.022E-05   Iter/sec:  9.249E+00
 Iteration:  00000009   DeltaT:  1.022E-05   Iter/sec:  9.360E+00
 Iteration:  00000010   DeltaT:  1.022E-05   Iter/sec:  8.430E+00
 Iteration:  00000011   DeltaT:  1.022E-05   Iter/sec:  8.300E+00
 Iteration:  00000012   DeltaT:  1.022E-05   Iter/sec:  9.309E+00
 Iteration:  00000013   DeltaT:  1.022E-05   Iter/sec:  8.980E+00
 Iteration:  00000014   DeltaT:  1.022E-05   Iter/sec:  9.047E+00
 Iteration:  00000015   DeltaT:  1.022E-05   Iter/sec:  8.815E+00
 Iteration:  00000016   DeltaT:  1.022E-05   Iter/sec:  8.762E+00
 Iteration:  00000017   DeltaT:  1.022E-05   Iter/sec:  8.773E+00
 Iteration:  00000018   DeltaT:  1.022E-05   Iter/sec:  9.228E+00
 Iteration:  00000019   DeltaT:  1.022E-05   Iter/sec:  8.929E+00
 Iteration:  00000020   DeltaT:  1.022E-05   Iter/sec:  9.092E+00
 Iteration:  00000021   DeltaT:  1.022E-05   Iter/sec:  9.293E+00
 Iteration:  00000022   DeltaT:  1.022E-05   Iter/sec:  8.966E+00
 Iteration:  00000023   DeltaT:  1.022E-05   Iter/sec:  8.790E+00
 Iteration:  00000024   DeltaT:  1.022E-05   Iter/sec:  9.103E+00
 Iteration:  00000025   DeltaT:  1.022E-05   Iter/sec:  8.963E+00
 Iteration:  00000026   DeltaT:  1.022E-05   Iter/sec:  9.187E+00
 Iteration:  00000027   DeltaT:  1.022E-05   Iter/sec:  9.153E+00
 Iteration:  00000028   DeltaT:  1.022E-05   Iter/sec:  8.540E+00
 Iteration:  00000029   DeltaT:  1.022E-05   Iter/sec:  7.334E+00
 Iteration:  00000030   DeltaT:  1.022E-05   Iter/sec:  9.239E+00
 Iteration:  00000031   DeltaT:  1.022E-05   Iter/sec:  8.981E+00
 Iteration:  00000032   DeltaT:  1.022E-05   Iter/sec:  9.248E+00
 Iteration:  00000033   DeltaT:  1.022E-05   Iter/sec:  8.858E+00
 Iteration:  00000034   DeltaT:  1.022E-05   Iter/sec:  8.363E+00
 Iteration:  00000035   DeltaT:  1.022E-05   Iter/sec:  8.963E+00
 Iteration:  00000036   DeltaT:  1.022E-05   Iter/sec:  9.065E+00
 Iteration:  00000037   DeltaT:  1.022E-05   Iter/sec:  9.238E+00
 Iteration:  00000038   DeltaT:  1.022E-05   Iter/sec:  8.681E+00
 Iteration:  00000039   DeltaT:  1.022E-05   Iter/sec:  9.082E+00
 Iteration:  00000040   DeltaT:  1.022E-05   Iter/sec:  9.196E+00
 Iteration:  00000041   DeltaT:  1.022E-05   Iter/sec:  9.025E+00
 Iteration:  00000042   DeltaT:  1.022E-05   Iter/sec:  9.018E+00
 Iteration:  00000043   DeltaT:  1.022E-05   Iter/sec:  9.231E+00
 Iteration:  00000044   DeltaT:  1.022E-05   Iter/sec:  9.221E+00
 Iteration:  00000045   DeltaT:  1.022E-05   Iter/sec:  9.235E+00
 Iteration:  00000046   DeltaT:  1.022E-05   Iter/sec:  9.048E+00
 Iteration:  00000047   DeltaT:  1.022E-05   Iter/sec:  9.245E+00
 Iteration:  00000048   DeltaT:  1.022E-05   Iter/sec:  8.933E+00
 Iteration:  00000049   DeltaT:  1.022E-05   Iter/sec:  9.739E+00
 Iteration:  00000050   DeltaT:  1.022E-05   Iter/sec:  8.993E+00


//////////////////////////////////////////////
   Measured Timings for Process 0  (seconds)

 Elapsed time:         5.6172
  Column time:         1.1519
     Row time:         1.8598
Legendre time:         0.3749
     FFT time:         0.4654
   Solve time:         0.1334
    rlma time:         0.0992
    rlmb time:         0.0458
  pspace time:         0.7881
  psolve time:         0.5867
    dphi time:         0.0472
captured time:         5.5526

     iter/sec:         8.9012
//////////////////////////////////////////////
