MPT: Launch to r605i4n4 failed (2098945), retrying...
 //////////////////////////////////////
 Initializating Rayleigh...

 -- Initalizing MPI...
 ---- Specified parameters:
 ---- NCPU  :    512
 ---- NPROW :     16
 ---- NPCOL :     32
 -- MPI initialized.


 -- Initalizing Grid...
 ---- Specified parameters ----
 ---- N_R                 :    128
 ---- N_THETA             :    192
 ---- Ell_MAX             :    127
 ---- R_MIN               :  5.38462E-01
 ---- R_MAX               :  1.53846E+00
 ---- Chebyshev Domains   :      1

        Domain 1
          Grid points           :  128
          Dealiased Polynomials :  85
          Domain Lower Bound    :  5.38462E-01
          Domain Upper Bound    :  1.53846E+00

 -- Grid initialized.

[SHTns 3.4.5] built Apr 30 2021, 15:49:24, id: avx2,ishioka
        Lmax=127, Mmax*Mres=127, Mres=1, Nlm=8256  [1 threads, orthonormalized]
        => using FFTW : Mmax=127, Nphi=384, Nlat=192  (data layout : phi_inc=192, theta_inc=1, phi_embed=384)
        => using Gauss nodes
        + polar optimization threshold = 1.0e-08
        finding optimal algorithm........
        + SHT accuracy = 3.67e-14
        => SHTns is ready.
 -- Initalizing Reference State...
 ---- Specified parameters:
 ---- Reference type           :  Boussinesq (Non-dimensional)
 ---- Rayleigh Number          :  1.00000E+05
 ---- Ekman Number             :  1.00000E-03
 ---- Prandtl Number           :  1.00000E+00
 ---- Magnetic Prandtl Number  :  5.00000E+00
 -- Reference State initialized.

 -- Initializing Fields...
 ---- Specified parameters:
 ---- Hydro Init Type    : Benchmark (Christensen et al. 2001)
 ---- Magnetic Init Type : Benchmark (Christensen et al. 2001)
 -- Fields initialized.

 Initialization Complete.
 //////////////////////////////////////

 Timestep has changed from  0.00000E+00 to  1.00000E-04.
 Iteration:  00000001   DeltaT:  1.000E-04   Iter/sec:  0.000E+00
 Timestep has changed from  1.00000E-04 to  2.55581E-06.
 Iteration:  00000002   DeltaT:  2.556E-06   Iter/sec:  2.459E-01
 Iteration:  00000003   DeltaT:  2.556E-06   Iter/sec:  1.699E+01
 Iteration:  00000004   DeltaT:  2.556E-06   Iter/sec:  3.888E+01
 Iteration:  00000005   DeltaT:  2.556E-06   Iter/sec:  3.633E+01
 Iteration:  00000006   DeltaT:  2.556E-06   Iter/sec:  3.055E+01
 Iteration:  00000007   DeltaT:  2.556E-06   Iter/sec:  3.467E+01
 Iteration:  00000008   DeltaT:  2.556E-06   Iter/sec:  3.903E+01
 Iteration:  00000009   DeltaT:  2.556E-06   Iter/sec:  3.759E+01
 Iteration:  00000010   DeltaT:  2.556E-06   Iter/sec:  3.930E+01
 Iteration:  00000011   DeltaT:  2.556E-06   Iter/sec:  3.697E+01
 Iteration:  00000012   DeltaT:  2.556E-06   Iter/sec:  3.977E+01
 Iteration:  00000013   DeltaT:  2.556E-06   Iter/sec:  3.424E+01
 Iteration:  00000014   DeltaT:  2.556E-06   Iter/sec:  3.966E+01
 Iteration:  00000015   DeltaT:  2.556E-06   Iter/sec:  3.866E+01
 Iteration:  00000016   DeltaT:  2.556E-06   Iter/sec:  3.719E+01
 Iteration:  00000017   DeltaT:  2.556E-06   Iter/sec:  3.599E+01
 Iteration:  00000018   DeltaT:  2.556E-06   Iter/sec:  4.283E+01
 Iteration:  00000019   DeltaT:  2.556E-06   Iter/sec:  3.839E+01
 Iteration:  00000020   DeltaT:  2.556E-06   Iter/sec:  3.903E+01
 Iteration:  00000021   DeltaT:  2.556E-06   Iter/sec:  3.830E+01
 Iteration:  00000022   DeltaT:  2.556E-06   Iter/sec:  3.186E+01
 Iteration:  00000023   DeltaT:  2.556E-06   Iter/sec:  3.952E+01
 Iteration:  00000024   DeltaT:  2.556E-06   Iter/sec:  4.042E+01
 Iteration:  00000025   DeltaT:  2.556E-06   Iter/sec:  3.908E+01
 Iteration:  00000026   DeltaT:  2.556E-06   Iter/sec:  4.018E+01
 Iteration:  00000027   DeltaT:  2.556E-06   Iter/sec:  4.082E+01
 Iteration:  00000028   DeltaT:  2.556E-06   Iter/sec:  3.755E+01
 Iteration:  00000029   DeltaT:  2.556E-06   Iter/sec:  4.023E+01
 Iteration:  00000030   DeltaT:  2.556E-06   Iter/sec:  4.042E+01
 Iteration:  00000031   DeltaT:  2.556E-06   Iter/sec:  4.062E+01
 Iteration:  00000032   DeltaT:  2.556E-06   Iter/sec:  3.908E+01
 Iteration:  00000033   DeltaT:  2.556E-06   Iter/sec:  4.033E+01
 Iteration:  00000034   DeltaT:  2.556E-06   Iter/sec:  3.899E+01
 Iteration:  00000035   DeltaT:  2.556E-06   Iter/sec:  3.942E+01
 Iteration:  00000036   DeltaT:  2.556E-06   Iter/sec:  3.944E+01
 Iteration:  00000037   DeltaT:  2.556E-06   Iter/sec:  3.015E+01
 Iteration:  00000038   DeltaT:  2.556E-06   Iter/sec:  3.862E+01
 Iteration:  00000039   DeltaT:  2.556E-06   Iter/sec:  3.934E+01
 Iteration:  00000040   DeltaT:  2.556E-06   Iter/sec:  3.933E+01
 Iteration:  00000041   DeltaT:  2.556E-06   Iter/sec:  4.050E+01
 Iteration:  00000042   DeltaT:  2.556E-06   Iter/sec:  3.914E+01
 Iteration:  00000043   DeltaT:  2.556E-06   Iter/sec:  4.009E+01
 Iteration:  00000044   DeltaT:  2.556E-06   Iter/sec:  3.666E+01
 Iteration:  00000045   DeltaT:  2.556E-06   Iter/sec:  4.223E+01
 Iteration:  00000046   DeltaT:  2.556E-06   Iter/sec:  3.905E+01
 Iteration:  00000047   DeltaT:  2.556E-06   Iter/sec:  4.142E+01
 Iteration:  00000048   DeltaT:  2.556E-06   Iter/sec:  3.768E+01
 Iteration:  00000049   DeltaT:  2.556E-06   Iter/sec:  3.993E+01
 Iteration:  00000050   DeltaT:  2.556E-06   Iter/sec:  4.026E+01


//////////////////////////////////////////////
   Measured Timings for Process 0  (seconds)

 Elapsed time:         1.3683
  Column time:         0.3342
     Row time:         0.3881
Legendre time:         0.0825
     FFT time:         0.0934
   Solve time:         0.1434
    rlma time:         0.0242
    rlmb time:         0.0098
  pspace time:         0.1108
  psolve time:         0.1469
    dphi time:         0.0142
captured time:         1.3474

     iter/sec:        36.5411
//////////////////////////////////////////////
