 //////////////////////////////////////
 Initializating Rayleigh...

 -- Initalizing MPI...
 ---- Specified parameters:
 ---- NCPU  :    512
 ---- NPROW :     16
 ---- NPCOL :     32
 -- MPI initialized.


 -- Initalizing Grid...
 ---- Specified parameters ----
 ---- N_R                 :     64
 ---- N_THETA             :    768
 ---- Ell_MAX             :    511
 ---- R_MIN               :  5.38462E-01
 ---- R_MAX               :  1.53846E+00
 ---- Chebyshev Domains   :      1

        Domain 1
          Grid points           :  64
          Dealiased Polynomials :  42
          Domain Lower Bound    :  5.38462E-01
          Domain Upper Bound    :  1.53846E+00

 -- Grid initialized.

[SHTns 3.4.5] built Apr 30 2021, 15:49:24, id: avx2,ishioka
        Lmax=511, Mmax*Mres=511, Mres=1, Nlm=131328  [1 threads, orthonormalized]
        => using FFTW : Mmax=511, Nphi=1536, Nlat=768  (data layout : phi_inc=768, theta_inc=1, phi_embed=1536)
        => using Gauss nodes
        + polar optimization threshold = 1.0e-08
        finding optimal algorithm.......
        + SHT accuracy = 3.06e-13
        => SHTns is ready.
 -- Initalizing Reference State...
 ---- Specified parameters:
 ---- Reference type           :  Boussinesq (Non-dimensional)
 ---- Rayleigh Number          :  1.00000E+05
 ---- Ekman Number             :  1.00000E-03
 ---- Prandtl Number           :  1.00000E+00
 ---- Magnetic Prandtl Number  :  5.00000E+00
 -- Reference State initialized.

 -- Initializing Fields...
 ---- Specified parameters:
 ---- Hydro Init Type    : Benchmark (Christensen et al. 2001)
 ---- Magnetic Init Type : Benchmark (Christensen et al. 2001)
 -- Fields initialized.

 Initialization Complete.
 //////////////////////////////////////

 Timestep has changed from  0.00000E+00 to  1.00000E-04.
 Iteration:  00000001   DeltaT:  1.000E-04   Iter/sec:  0.000E+00
 Timestep has changed from  1.00000E-04 to  8.93257E-06.
 Iteration:  00000002   DeltaT:  8.933E-06   Iter/sec:  1.268E-01
 Iteration:  00000003   DeltaT:  8.933E-06   Iter/sec:  3.057E+00
 Iteration:  00000004   DeltaT:  8.933E-06   Iter/sec:  3.155E+00
 Iteration:  00000005   DeltaT:  8.933E-06   Iter/sec:  3.151E+00
 Iteration:  00000006   DeltaT:  8.933E-06   Iter/sec:  3.116E+00
 Iteration:  00000007   DeltaT:  8.933E-06   Iter/sec:  3.102E+00
 Iteration:  00000008   DeltaT:  8.933E-06   Iter/sec:  3.112E+00
 Iteration:  00000009   DeltaT:  8.933E-06   Iter/sec:  3.102E+00
 Iteration:  00000010   DeltaT:  8.933E-06   Iter/sec:  3.165E+00
 Iteration:  00000011   DeltaT:  8.933E-06   Iter/sec:  3.169E+00
 Iteration:  00000012   DeltaT:  8.933E-06   Iter/sec:  3.165E+00
 Iteration:  00000013   DeltaT:  8.933E-06   Iter/sec:  3.085E+00
 Iteration:  00000014   DeltaT:  8.933E-06   Iter/sec:  3.132E+00
 Iteration:  00000015   DeltaT:  8.933E-06   Iter/sec:  3.116E+00
 Iteration:  00000016   DeltaT:  8.933E-06   Iter/sec:  3.166E+00
 Iteration:  00000017   DeltaT:  8.933E-06   Iter/sec:  3.166E+00
 Iteration:  00000018   DeltaT:  8.933E-06   Iter/sec:  3.127E+00
 Iteration:  00000019   DeltaT:  8.933E-06   Iter/sec:  3.091E+00
 Iteration:  00000020   DeltaT:  8.933E-06   Iter/sec:  3.083E+00
 Iteration:  00000021   DeltaT:  8.933E-06   Iter/sec:  3.212E+00
 Iteration:  00000022   DeltaT:  8.933E-06   Iter/sec:  3.146E+00
 Iteration:  00000023   DeltaT:  8.933E-06   Iter/sec:  3.068E+00
 Iteration:  00000024   DeltaT:  8.933E-06   Iter/sec:  3.139E+00
 Iteration:  00000025   DeltaT:  8.933E-06   Iter/sec:  3.126E+00
 Iteration:  00000026   DeltaT:  8.933E-06   Iter/sec:  3.113E+00
 Iteration:  00000027   DeltaT:  8.933E-06   Iter/sec:  3.107E+00
 Iteration:  00000028   DeltaT:  8.933E-06   Iter/sec:  3.149E+00
 Iteration:  00000029   DeltaT:  8.933E-06   Iter/sec:  3.216E+00
 Iteration:  00000030   DeltaT:  8.933E-06   Iter/sec:  3.085E+00
 Iteration:  00000031   DeltaT:  8.933E-06   Iter/sec:  3.022E+00
 Iteration:  00000032   DeltaT:  8.933E-06   Iter/sec:  3.077E+00
 Iteration:  00000033   DeltaT:  8.933E-06   Iter/sec:  3.156E+00
 Iteration:  00000034   DeltaT:  8.933E-06   Iter/sec:  3.193E+00
 Iteration:  00000035   DeltaT:  8.933E-06   Iter/sec:  3.199E+00
 Iteration:  00000036   DeltaT:  8.933E-06   Iter/sec:  3.114E+00
 Iteration:  00000037   DeltaT:  8.933E-06   Iter/sec:  3.112E+00
 Iteration:  00000038   DeltaT:  8.933E-06   Iter/sec:  3.099E+00
 Iteration:  00000039   DeltaT:  8.933E-06   Iter/sec:  3.093E+00
 Iteration:  00000040   DeltaT:  8.933E-06   Iter/sec:  3.154E+00
 Iteration:  00000041   DeltaT:  8.933E-06   Iter/sec:  3.164E+00
 Iteration:  00000042   DeltaT:  8.933E-06   Iter/sec:  3.155E+00
 Iteration:  00000043   DeltaT:  8.933E-06   Iter/sec:  3.102E+00
 Iteration:  00000044   DeltaT:  8.933E-06   Iter/sec:  3.084E+00
 Iteration:  00000045   DeltaT:  8.933E-06   Iter/sec:  3.053E+00
 Iteration:  00000046   DeltaT:  8.933E-06   Iter/sec:  3.142E+00
 Iteration:  00000047   DeltaT:  8.933E-06   Iter/sec:  3.194E+00
 Iteration:  00000048   DeltaT:  8.933E-06   Iter/sec:  3.105E+00
 Iteration:  00000049   DeltaT:  8.933E-06   Iter/sec:  3.152E+00
 Iteration:  00000050   DeltaT:  8.933E-06   Iter/sec:  3.186E+00


//////////////////////////////////////////////
   Measured Timings for Process 0  (seconds)

 Elapsed time:        15.9944
  Column time:         3.9133
     Row time:         4.7003
Legendre time:         1.9158
     FFT time:         0.9499
   Solve time:         0.2164
    rlma time:         0.2162
    rlmb time:         0.0967
  pspace time:         2.2487
  psolve time:         1.4551
    dphi time:         0.1396
captured time:        15.8519

     iter/sec:         3.1261
//////////////////////////////////////////////
