 //////////////////////////////////////
 Initializating Rayleigh...

 -- Initalizing MPI...
 ---- Specified parameters:
 ---- NCPU  :    512
 ---- NPROW :     16
 ---- NPCOL :     32
 -- MPI initialized.


 -- Initalizing Grid...
 ---- Specified parameters ----
 ---- N_R                 :     64
 ---- N_THETA             :    192
 ---- Ell_MAX             :    127
 ---- R_MIN               :  5.38462E-01
 ---- R_MAX               :  1.53846E+00
 ---- Chebyshev Domains   :      1

        Domain 1
          Grid points           :  64
          Dealiased Polynomials :  42
          Domain Lower Bound    :  5.38462E-01
          Domain Upper Bound    :  1.53846E+00

 -- Grid initialized.

[SHTns 3.4.5] built Apr 30 2021, 15:49:24, id: avx2,ishioka
        Lmax=127, Mmax*Mres=127, Mres=1, Nlm=8256  [1 threads, orthonormalized]
        => using FFTW : Mmax=127, Nphi=384, Nlat=192  (data layout : phi_inc=192, theta_inc=1, phi_embed=384)
        => using Gauss nodes
        + polar optimization threshold = 1.0e-08
        finding optimal algorithm........
        + SHT accuracy = 5.9e-14
        => SHTns is ready.
 -- Initalizing Reference State...
 ---- Specified parameters:
 ---- Reference type           :  Boussinesq (Non-dimensional)
 ---- Rayleigh Number          :  1.00000E+05
 ---- Ekman Number             :  1.00000E-03
 ---- Prandtl Number           :  1.00000E+00
 ---- Magnetic Prandtl Number  :  5.00000E+00
 -- Reference State initialized.

 -- Initializing Fields...
 ---- Specified parameters:
 ---- Hydro Init Type    : Benchmark (Christensen et al. 2001)
 ---- Magnetic Init Type : Benchmark (Christensen et al. 2001)
 -- Fields initialized.

 Initialization Complete.
 //////////////////////////////////////

 Timestep has changed from  0.00000E+00 to  1.00000E-04.
 Iteration:  00000001   DeltaT:  1.000E-04   Iter/sec:  0.000E+00
 Timestep has changed from  1.00000E-04 to  1.02217E-05.
 Iteration:  00000002   DeltaT:  1.022E-05   Iter/sec:  2.487E-01
 Iteration:  00000003   DeltaT:  1.022E-05   Iter/sec:  5.806E+01
 Iteration:  00000004   DeltaT:  1.022E-05   Iter/sec:  8.363E+01
 Iteration:  00000005   DeltaT:  1.022E-05   Iter/sec:  8.464E+01
 Iteration:  00000006   DeltaT:  1.022E-05   Iter/sec:  8.676E+01
 Iteration:  00000007   DeltaT:  1.022E-05   Iter/sec:  8.829E+01
 Iteration:  00000008   DeltaT:  1.022E-05   Iter/sec:  8.788E+01
 Iteration:  00000009   DeltaT:  1.022E-05   Iter/sec:  8.689E+01
 Iteration:  00000010   DeltaT:  1.022E-05   Iter/sec:  6.560E+01
 Iteration:  00000011   DeltaT:  1.022E-05   Iter/sec:  7.317E+01
 Iteration:  00000012   DeltaT:  1.022E-05   Iter/sec:  8.473E+01
 Iteration:  00000013   DeltaT:  1.022E-05   Iter/sec:  8.781E+01
 Iteration:  00000014   DeltaT:  1.022E-05   Iter/sec:  8.615E+01
 Iteration:  00000015   DeltaT:  1.022E-05   Iter/sec:  9.114E+01
 Iteration:  00000016   DeltaT:  1.022E-05   Iter/sec:  6.632E+01
 Iteration:  00000017   DeltaT:  1.022E-05   Iter/sec:  7.004E+01
 Iteration:  00000018   DeltaT:  1.022E-05   Iter/sec:  8.836E+01
 Iteration:  00000019   DeltaT:  1.022E-05   Iter/sec:  5.525E+01
 Iteration:  00000020   DeltaT:  1.022E-05   Iter/sec:  8.495E+01
 Iteration:  00000021   DeltaT:  1.022E-05   Iter/sec:  9.041E+01
 Iteration:  00000022   DeltaT:  1.022E-05   Iter/sec:  9.009E+01
 Iteration:  00000023   DeltaT:  1.022E-05   Iter/sec:  9.057E+01
 Iteration:  00000024   DeltaT:  1.022E-05   Iter/sec:  8.920E+01
 Iteration:  00000025   DeltaT:  1.022E-05   Iter/sec:  8.407E+01
 Iteration:  00000026   DeltaT:  1.022E-05   Iter/sec:  8.872E+01
 Iteration:  00000027   DeltaT:  1.022E-05   Iter/sec:  9.603E+01
 Iteration:  00000028   DeltaT:  1.022E-05   Iter/sec:  8.248E+01
 Iteration:  00000029   DeltaT:  1.022E-05   Iter/sec:  8.044E+01
 Iteration:  00000030   DeltaT:  1.022E-05   Iter/sec:  8.764E+01
 Iteration:  00000031   DeltaT:  1.022E-05   Iter/sec:  8.946E+01
 Iteration:  00000032   DeltaT:  1.022E-05   Iter/sec:  7.123E+01
 Iteration:  00000033   DeltaT:  1.022E-05   Iter/sec:  8.630E+01
 Iteration:  00000034   DeltaT:  1.022E-05   Iter/sec:  8.620E+01
 Iteration:  00000035   DeltaT:  1.022E-05   Iter/sec:  8.883E+01
 Iteration:  00000036   DeltaT:  1.022E-05   Iter/sec:  9.064E+01
 Iteration:  00000037   DeltaT:  1.022E-05   Iter/sec:  8.911E+01
 Iteration:  00000038   DeltaT:  1.022E-05   Iter/sec:  8.607E+01
 Iteration:  00000039   DeltaT:  1.022E-05   Iter/sec:  8.740E+01
 Iteration:  00000040   DeltaT:  1.022E-05   Iter/sec:  8.923E+01
 Iteration:  00000041   DeltaT:  1.022E-05   Iter/sec:  8.133E+01
 Iteration:  00000042   DeltaT:  1.022E-05   Iter/sec:  8.480E+01
 Iteration:  00000043   DeltaT:  1.022E-05   Iter/sec:  9.021E+01
 Iteration:  00000044   DeltaT:  1.022E-05   Iter/sec:  8.572E+01
 Iteration:  00000045   DeltaT:  1.022E-05   Iter/sec:  8.654E+01
 Iteration:  00000046   DeltaT:  1.022E-05   Iter/sec:  9.264E+01
 Iteration:  00000047   DeltaT:  1.022E-05   Iter/sec:  8.920E+01
 Iteration:  00000048   DeltaT:  1.022E-05   Iter/sec:  9.119E+01
 Iteration:  00000049   DeltaT:  1.022E-05   Iter/sec:  8.948E+01
 Iteration:  00000050   DeltaT:  1.022E-05   Iter/sec:  9.015E+01


//////////////////////////////////////////////
   Measured Timings for Process 0  (seconds)

 Elapsed time:         0.6096
  Column time:         0.2017
     Row time:         0.1707
Legendre time:         0.0412
     FFT time:         0.0369
   Solve time:         0.0441
    rlma time:         0.0153
    rlmb time:         0.0060
  pspace time:         0.0248
  psolve time:         0.0536
    dphi time:         0.0027
captured time:         0.5972

     iter/sec:        82.0262
//////////////////////////////////////////////
