 //////////////////////////////////////
 Initializating Rayleigh...

 -- Initalizing MPI...
 ---- Specified parameters:
 ---- NCPU  :    128
 ---- NPROW :     16
 ---- NPCOL :      8
 -- MPI initialized.


 -- Initalizing Grid...
 ---- Specified parameters ----
 ---- N_R                 :     64
 ---- N_THETA             :    384
 ---- Ell_MAX             :    255
 ---- R_MIN               :  5.38462E-01
 ---- R_MAX               :  1.53846E+00
 ---- Chebyshev Domains   :      1

        Domain 1
          Grid points           :  64
          Dealiased Polynomials :  42
          Domain Lower Bound    :  5.38462E-01
          Domain Upper Bound    :  1.53846E+00

 -- Grid initialized.

[SHTns 3.4.5] built Apr 30 2021, 15:49:24, id: avx2,ishioka
        Lmax=255, Mmax*Mres=255, Mres=1, Nlm=32896  [1 threads, orthonormalized]
        => using FFTW : Mmax=255, Nphi=768, Nlat=384  (data layout : phi_inc=384, theta_inc=1, phi_embed=768)
        => using Gauss nodes
        + polar optimization threshold = 1.0e-08
        finding optimal algorithm..........
        + SHT accuracy = 1.12e-12
        => SHTns is ready.
 -- Initalizing Reference State...
 ---- Specified parameters:
 ---- Reference type           :  Boussinesq (Non-dimensional)
 ---- Rayleigh Number          :  1.00000E+05
 ---- Ekman Number             :  1.00000E-03
 ---- Prandtl Number           :  1.00000E+00
 ---- Magnetic Prandtl Number  :  5.00000E+00
 -- Reference State initialized.

 -- Initializing Fields...
 ---- Specified parameters:
 ---- Hydro Init Type    : Benchmark (Christensen et al. 2001)
 ---- Magnetic Init Type : Benchmark (Christensen et al. 2001)
 -- Fields initialized.

 Initialization Complete.
 //////////////////////////////////////

 Timestep has changed from  0.00000E+00 to  1.00000E-04.
 Iteration:  00000001   DeltaT:  1.000E-04   Iter/sec:  0.000E+00
 Timestep has changed from  1.00000E-04 to  1.02211E-05.
 Iteration:  00000002   DeltaT:  1.022E-05   Iter/sec:  1.064E-01
 Iteration:  00000003   DeltaT:  1.022E-05   Iter/sec:  3.433E+00
 Iteration:  00000004   DeltaT:  1.022E-05   Iter/sec:  3.782E+00
 Iteration:  00000005   DeltaT:  1.022E-05   Iter/sec:  3.101E+00
 Iteration:  00000006   DeltaT:  1.022E-05   Iter/sec:  3.716E+00
 Iteration:  00000007   DeltaT:  1.022E-05   Iter/sec:  3.912E+00
 Iteration:  00000008   DeltaT:  1.022E-05   Iter/sec:  3.787E+00
 Iteration:  00000009   DeltaT:  1.022E-05   Iter/sec:  3.438E+00
 Iteration:  00000010   DeltaT:  1.022E-05   Iter/sec:  3.742E+00
 Iteration:  00000011   DeltaT:  1.022E-05   Iter/sec:  3.807E+00
 Iteration:  00000012   DeltaT:  1.022E-05   Iter/sec:  2.985E+00
 Iteration:  00000013   DeltaT:  1.022E-05   Iter/sec:  3.670E+00
 Iteration:  00000014   DeltaT:  1.022E-05   Iter/sec:  3.834E+00
 Iteration:  00000015   DeltaT:  1.022E-05   Iter/sec:  3.794E+00
 Iteration:  00000016   DeltaT:  1.022E-05   Iter/sec:  3.529E+00
 Iteration:  00000017   DeltaT:  1.022E-05   Iter/sec:  3.732E+00
 Iteration:  00000018   DeltaT:  1.022E-05   Iter/sec:  3.786E+00
 Iteration:  00000019   DeltaT:  1.022E-05   Iter/sec:  2.978E+00
 Iteration:  00000020   DeltaT:  1.022E-05   Iter/sec:  3.728E+00
 Iteration:  00000021   DeltaT:  1.022E-05   Iter/sec:  3.739E+00
 Iteration:  00000022   DeltaT:  1.022E-05   Iter/sec:  3.791E+00
 Iteration:  00000023   DeltaT:  1.022E-05   Iter/sec:  3.681E+00
 Iteration:  00000024   DeltaT:  1.022E-05   Iter/sec:  3.797E+00
 Iteration:  00000025   DeltaT:  1.022E-05   Iter/sec:  3.814E+00
 Iteration:  00000026   DeltaT:  1.022E-05   Iter/sec:  3.137E+00
 Iteration:  00000027   DeltaT:  1.022E-05   Iter/sec:  3.561E+00
 Iteration:  00000028   DeltaT:  1.022E-05   Iter/sec:  3.883E+00
 Iteration:  00000029   DeltaT:  1.022E-05   Iter/sec:  3.757E+00
 Iteration:  00000030   DeltaT:  1.022E-05   Iter/sec:  3.514E+00
 Iteration:  00000031   DeltaT:  1.022E-05   Iter/sec:  3.804E+00
 Iteration:  00000032   DeltaT:  1.022E-05   Iter/sec:  3.836E+00
 Iteration:  00000033   DeltaT:  1.022E-05   Iter/sec:  3.044E+00
 Iteration:  00000034   DeltaT:  1.022E-05   Iter/sec:  3.651E+00
 Iteration:  00000035   DeltaT:  1.022E-05   Iter/sec:  3.658E+00
 Iteration:  00000036   DeltaT:  1.022E-05   Iter/sec:  3.803E+00
 Iteration:  00000037   DeltaT:  1.022E-05   Iter/sec:  3.628E+00
 Iteration:  00000038   DeltaT:  1.022E-05   Iter/sec:  3.652E+00
 Iteration:  00000039   DeltaT:  1.022E-05   Iter/sec:  3.809E+00
 Iteration:  00000040   DeltaT:  1.022E-05   Iter/sec:  3.117E+00
 Iteration:  00000041   DeltaT:  1.022E-05   Iter/sec:  3.624E+00
 Iteration:  00000042   DeltaT:  1.022E-05   Iter/sec:  3.648E+00
 Iteration:  00000043   DeltaT:  1.022E-05   Iter/sec:  3.780E+00
 Iteration:  00000044   DeltaT:  1.022E-05   Iter/sec:  3.652E+00
 Iteration:  00000045   DeltaT:  1.022E-05   Iter/sec:  3.746E+00
 Iteration:  00000046   DeltaT:  1.022E-05   Iter/sec:  3.851E+00
 Iteration:  00000047   DeltaT:  1.022E-05   Iter/sec:  3.037E+00
 Iteration:  00000048   DeltaT:  1.022E-05   Iter/sec:  3.653E+00
 Iteration:  00000049   DeltaT:  1.022E-05   Iter/sec:  3.738E+00
 Iteration:  00000050   DeltaT:  1.022E-05   Iter/sec:  3.815E+00


//////////////////////////////////////////////
   Measured Timings for Process 0  (seconds)

 Elapsed time:        13.9281
  Column time:         2.3498
     Row time:         4.7718
Legendre time:         1.2976
     FFT time:         0.9546
   Solve time:         0.2739
    rlma time:         0.1928
    rlmb time:         0.0761
  pspace time:         2.2128
  psolve time:         1.4893
    dphi time:         0.1347
captured time:        13.7534

     iter/sec:         3.5899
//////////////////////////////////////////////
