 //////////////////////////////////////
 Initializating Rayleigh...

 -- Initalizing MPI...
 ---- Specified parameters:
 ---- NCPU  :    128
 ---- NPROW :      8
 ---- NPCOL :     16
 -- MPI initialized.


 -- Initalizing Grid...
 ---- Specified parameters ----
 ---- N_R                 :    128
 ---- N_THETA             :    768
 ---- Ell_MAX             :    511
 ---- R_MIN               :  5.38462E-01
 ---- R_MAX               :  1.53846E+00
 ---- Chebyshev Domains   :      1

        Domain 1
          Grid points           :  128
          Dealiased Polynomials :  85
          Domain Lower Bound    :  5.38462E-01
          Domain Upper Bound    :  1.53846E+00

 -- Grid initialized.

[SHTns 3.4.5] built Apr 30 2021, 15:49:24, id: avx2,ishioka
        Lmax=511, Mmax*Mres=511, Mres=1, Nlm=131328  [1 threads, orthonormalized]
        => using FFTW : Mmax=511, Nphi=1536, Nlat=768  (data layout : phi_inc=768, theta_inc=1, phi_embed=1536)
        => using Gauss nodes
        + polar optimization threshold = 1.0e-08
        finding optimal algorithm........
        + SHT accuracy = 4.44e-13
        => SHTns is ready.
 -- Initalizing Reference State...
 ---- Specified parameters:
 ---- Reference type           :  Boussinesq (Non-dimensional)
 ---- Rayleigh Number          :  1.00000E+05
 ---- Ekman Number             :  1.00000E-03
 ---- Prandtl Number           :  1.00000E+00
 ---- Magnetic Prandtl Number  :  5.00000E+00
 -- Reference State initialized.

 -- Initializing Fields...
 ---- Specified parameters:
 ---- Hydro Init Type    : Benchmark (Christensen et al. 2001)
 ---- Magnetic Init Type : Benchmark (Christensen et al. 2001)
 -- Fields initialized.

 Initialization Complete.
 //////////////////////////////////////

 Timestep has changed from  0.00000E+00 to  1.00000E-04.
 Iteration:  00000001   DeltaT:  1.000E-04   Iter/sec:  0.000E+00
 Timestep has changed from  1.00000E-04 to  2.55562E-06.
 Iteration:  00000002   DeltaT:  2.556E-06   Iter/sec:  9.333E-02
 Iteration:  00000003   DeltaT:  2.556E-06   Iter/sec:  3.902E-01
 Iteration:  00000004   DeltaT:  2.556E-06   Iter/sec:  3.924E-01
 Iteration:  00000005   DeltaT:  2.556E-06   Iter/sec:  4.068E-01
 Iteration:  00000006   DeltaT:  2.556E-06   Iter/sec:  4.145E-01
 Iteration:  00000007   DeltaT:  2.556E-06   Iter/sec:  4.161E-01
 Iteration:  00000008   DeltaT:  2.556E-06   Iter/sec:  4.139E-01
 Iteration:  00000009   DeltaT:  2.556E-06   Iter/sec:  4.156E-01
 Iteration:  00000010   DeltaT:  2.556E-06   Iter/sec:  4.205E-01
 Iteration:  00000011   DeltaT:  2.556E-06   Iter/sec:  3.957E-01
 Iteration:  00000012   DeltaT:  2.556E-06   Iter/sec:  3.936E-01
 Iteration:  00000013   DeltaT:  2.556E-06   Iter/sec:  4.123E-01
 Iteration:  00000014   DeltaT:  2.556E-06   Iter/sec:  4.262E-01
 Iteration:  00000015   DeltaT:  2.556E-06   Iter/sec:  4.161E-01
 Iteration:  00000016   DeltaT:  2.556E-06   Iter/sec:  3.980E-01
 Iteration:  00000017   DeltaT:  2.556E-06   Iter/sec:  4.018E-01
 Iteration:  00000018   DeltaT:  2.556E-06   Iter/sec:  3.947E-01
 Iteration:  00000019   DeltaT:  2.556E-06   Iter/sec:  4.165E-01
 Iteration:  00000020   DeltaT:  2.556E-06   Iter/sec:  4.140E-01
 Iteration:  00000021   DeltaT:  2.556E-06   Iter/sec:  4.048E-01
 Iteration:  00000022   DeltaT:  2.556E-06   Iter/sec:  4.071E-01
 Iteration:  00000023   DeltaT:  2.556E-06   Iter/sec:  4.114E-01
 Iteration:  00000024   DeltaT:  2.556E-06   Iter/sec:  4.170E-01
 Iteration:  00000025   DeltaT:  2.556E-06   Iter/sec:  4.158E-01
 Iteration:  00000026   DeltaT:  2.556E-06   Iter/sec:  4.059E-01
 Iteration:  00000027   DeltaT:  2.556E-06   Iter/sec:  4.095E-01
 Iteration:  00000028   DeltaT:  2.556E-06   Iter/sec:  4.157E-01
 Iteration:  00000029   DeltaT:  2.556E-06   Iter/sec:  4.109E-01
 Iteration:  00000030   DeltaT:  2.556E-06   Iter/sec:  3.938E-01
 Iteration:  00000031   DeltaT:  2.556E-06   Iter/sec:  3.902E-01
 Iteration:  00000032   DeltaT:  2.556E-06   Iter/sec:  4.036E-01
 Iteration:  00000033   DeltaT:  2.556E-06   Iter/sec:  4.182E-01
 Iteration:  00000034   DeltaT:  2.556E-06   Iter/sec:  4.187E-01
 Iteration:  00000035   DeltaT:  2.556E-06   Iter/sec:  4.011E-01
 Iteration:  00000036   DeltaT:  2.556E-06   Iter/sec:  4.142E-01
 Iteration:  00000037   DeltaT:  2.556E-06   Iter/sec:  4.163E-01
 Iteration:  00000038   DeltaT:  2.556E-06   Iter/sec:  4.162E-01
 Iteration:  00000039   DeltaT:  2.556E-06   Iter/sec:  3.998E-01
 Iteration:  00000040   DeltaT:  2.556E-06   Iter/sec:  4.209E-01
 Iteration:  00000041   DeltaT:  2.556E-06   Iter/sec:  4.005E-01
 Iteration:  00000042   DeltaT:  2.556E-06   Iter/sec:  4.091E-01
 Iteration:  00000043   DeltaT:  2.556E-06   Iter/sec:  4.109E-01
 Iteration:  00000044   DeltaT:  2.556E-06   Iter/sec:  3.950E-01
 Iteration:  00000045   DeltaT:  2.556E-06   Iter/sec:  4.098E-01
 Iteration:  00000046   DeltaT:  2.556E-06   Iter/sec:  4.213E-01
 Iteration:  00000047   DeltaT:  2.556E-06   Iter/sec:  4.167E-01
 Iteration:  00000048   DeltaT:  2.556E-06   Iter/sec:  3.956E-01
 Iteration:  00000049   DeltaT:  2.556E-06   Iter/sec:  4.110E-01
 Iteration:  00000050   DeltaT:  2.556E-06   Iter/sec:  4.138E-01


//////////////////////////////////////////////
   Measured Timings for Process 0  (seconds)

 Elapsed time:       122.5724
  Column time:        19.2382
     Row time:        42.1289
Legendre time:        15.4358
     FFT time:         7.7387
   Solve time:         2.2106
    rlma time:         2.2990
    rlmb time:         1.1009
  pspace time:        16.1423
  psolve time:        13.5270
    dphi time:         0.7013
captured time:       120.5229

     iter/sec:         0.4079
//////////////////////////////////////////////
