 //////////////////////////////////////
 Initializating Rayleigh...

 -- Initalizing MPI...
 ---- Specified parameters:
 ---- NCPU  :    128
 ---- NPROW :      8
 ---- NPCOL :     16
 -- MPI initialized.


 -- Initalizing Grid...
 ---- Specified parameters ----
 ---- N_R                 :     64
 ---- N_THETA             :    768
 ---- Ell_MAX             :    511
 ---- R_MIN               :  5.38462E-01
 ---- R_MAX               :  1.53846E+00
 ---- Chebyshev Domains   :      1

        Domain 1
          Grid points           :  64
          Dealiased Polynomials :  42
          Domain Lower Bound    :  5.38462E-01
          Domain Upper Bound    :  1.53846E+00

 -- Grid initialized.

[SHTns 3.4.5] built Apr 30 2021, 15:49:24, id: avx2,ishioka
        Lmax=511, Mmax*Mres=511, Mres=1, Nlm=131328  [1 threads, orthonormalized]
        => using FFTW : Mmax=511, Nphi=1536, Nlat=768  (data layout : phi_inc=768, theta_inc=1, phi_embed=1536)
        => using Gauss nodes
        + polar optimization threshold = 1.0e-08
        finding optimal algorithm........
        + SHT accuracy = 4.89e-13
        => SHTns is ready.
 -- Initalizing Reference State...
 ---- Specified parameters:
 ---- Reference type           :  Boussinesq (Non-dimensional)
 ---- Rayleigh Number          :  1.00000E+05
 ---- Ekman Number             :  1.00000E-03
 ---- Prandtl Number           :  1.00000E+00
 ---- Magnetic Prandtl Number  :  5.00000E+00
 -- Reference State initialized.

 -- Initializing Fields...
 ---- Specified parameters:
 ---- Hydro Init Type    : Benchmark (Christensen et al. 2001)
 ---- Magnetic Init Type : Benchmark (Christensen et al. 2001)
 -- Fields initialized.

 Initialization Complete.
 //////////////////////////////////////

 Timestep has changed from  0.00000E+00 to  1.00000E-04.
 Iteration:  00000001   DeltaT:  1.000E-04   Iter/sec:  0.000E+00
 Timestep has changed from  1.00000E-04 to  8.93257E-06.
 Iteration:  00000002   DeltaT:  8.933E-06   Iter/sec:  1.075E-01
 Iteration:  00000003   DeltaT:  8.933E-06   Iter/sec:  8.684E-01
 Iteration:  00000004   DeltaT:  8.933E-06   Iter/sec:  8.432E-01
 Iteration:  00000005   DeltaT:  8.933E-06   Iter/sec:  8.765E-01
 Iteration:  00000006   DeltaT:  8.933E-06   Iter/sec:  8.347E-01
 Iteration:  00000007   DeltaT:  8.933E-06   Iter/sec:  8.728E-01
 Iteration:  00000008   DeltaT:  8.933E-06   Iter/sec:  8.948E-01
 Iteration:  00000009   DeltaT:  8.933E-06   Iter/sec:  8.602E-01
 Iteration:  00000010   DeltaT:  8.933E-06   Iter/sec:  8.716E-01
 Iteration:  00000011   DeltaT:  8.933E-06   Iter/sec:  8.747E-01
 Iteration:  00000012   DeltaT:  8.933E-06   Iter/sec:  8.858E-01
 Iteration:  00000013   DeltaT:  8.933E-06   Iter/sec:  8.556E-01
 Iteration:  00000014   DeltaT:  8.933E-06   Iter/sec:  8.642E-01
 Iteration:  00000015   DeltaT:  8.933E-06   Iter/sec:  8.746E-01
 Iteration:  00000016   DeltaT:  8.933E-06   Iter/sec:  9.092E-01
 Iteration:  00000017   DeltaT:  8.933E-06   Iter/sec:  8.504E-01
 Iteration:  00000018   DeltaT:  8.933E-06   Iter/sec:  8.975E-01
 Iteration:  00000019   DeltaT:  8.933E-06   Iter/sec:  8.699E-01
 Iteration:  00000020   DeltaT:  8.933E-06   Iter/sec:  8.739E-01
 Iteration:  00000021   DeltaT:  8.933E-06   Iter/sec:  8.786E-01
 Iteration:  00000022   DeltaT:  8.933E-06   Iter/sec:  8.347E-01
 Iteration:  00000023   DeltaT:  8.933E-06   Iter/sec:  8.758E-01
 Iteration:  00000024   DeltaT:  8.933E-06   Iter/sec:  8.972E-01
 Iteration:  00000025   DeltaT:  8.933E-06   Iter/sec:  8.826E-01
 Iteration:  00000026   DeltaT:  8.933E-06   Iter/sec:  8.500E-01
 Iteration:  00000027   DeltaT:  8.933E-06   Iter/sec:  8.865E-01
 Iteration:  00000028   DeltaT:  8.933E-06   Iter/sec:  8.512E-01
 Iteration:  00000029   DeltaT:  8.933E-06   Iter/sec:  8.823E-01
 Iteration:  00000030   DeltaT:  8.933E-06   Iter/sec:  8.902E-01
 Iteration:  00000031   DeltaT:  8.933E-06   Iter/sec:  8.131E-01
 Iteration:  00000032   DeltaT:  8.933E-06   Iter/sec:  8.801E-01
 Iteration:  00000033   DeltaT:  8.933E-06   Iter/sec:  8.762E-01
 Iteration:  00000034   DeltaT:  8.933E-06   Iter/sec:  8.580E-01
 Iteration:  00000035   DeltaT:  8.933E-06   Iter/sec:  8.613E-01
 Iteration:  00000036   DeltaT:  8.933E-06   Iter/sec:  8.569E-01
 Iteration:  00000037   DeltaT:  8.933E-06   Iter/sec:  8.755E-01
 Iteration:  00000038   DeltaT:  8.933E-06   Iter/sec:  8.593E-01
 Iteration:  00000039   DeltaT:  8.933E-06   Iter/sec:  8.913E-01
 Iteration:  00000040   DeltaT:  8.933E-06   Iter/sec:  8.525E-01
 Iteration:  00000041   DeltaT:  8.933E-06   Iter/sec:  8.774E-01
 Iteration:  00000042   DeltaT:  8.933E-06   Iter/sec:  8.725E-01
 Iteration:  00000043   DeltaT:  8.933E-06   Iter/sec:  8.818E-01
 Iteration:  00000044   DeltaT:  8.933E-06   Iter/sec:  8.525E-01
 Iteration:  00000045   DeltaT:  8.933E-06   Iter/sec:  8.935E-01
 Iteration:  00000046   DeltaT:  8.933E-06   Iter/sec:  8.426E-01
 Iteration:  00000047   DeltaT:  8.933E-06   Iter/sec:  8.724E-01
 Iteration:  00000048   DeltaT:  8.933E-06   Iter/sec:  8.872E-01
 Iteration:  00000049   DeltaT:  8.933E-06   Iter/sec:  8.467E-01
 Iteration:  00000050   DeltaT:  8.933E-06   Iter/sec:  8.969E-01


//////////////////////////////////////////////
   Measured Timings for Process 0  (seconds)

 Elapsed time:        57.5931
  Column time:        10.7849
     Row time:        17.2657
Legendre time:         7.6576
     FFT time:         3.7852
   Solve time:         0.6466
    rlma time:         0.9523
    rlmb time:         0.4726
  pspace time:         8.6610
  psolve time:         6.2512
    dphi time:         0.3718
captured time:        56.8489

     iter/sec:         0.8682
//////////////////////////////////////////////
