 //////////////////////////////////////
 Initializating Rayleigh...

 -- Initalizing MPI...
 ---- Specified parameters:
 ---- NCPU  :     64
 ---- NPROW :     16
 ---- NPCOL :      4
 -- MPI initialized.


 -- Initalizing Grid...
 ---- Specified parameters ----
 ---- N_R                 :    128
 ---- N_THETA             :    192
 ---- Ell_MAX             :    127
 ---- R_MIN               :  5.38462E-01
 ---- R_MAX               :  1.53846E+00
 ---- Chebyshev Domains   :      1

        Domain 1
          Grid points           :  128
          Dealiased Polynomials :  85
          Domain Lower Bound    :  5.38462E-01
          Domain Upper Bound    :  1.53846E+00

 -- Grid initialized.

[SHTns 3.4.5] built Apr 30 2021, 15:49:24, id: avx2,ishioka
        Lmax=127, Mmax*Mres=127, Mres=1, Nlm=8256  [1 threads, orthonormalized]
        => using FFTW : Mmax=127, Nphi=384, Nlat=192  (data layout : phi_inc=192, theta_inc=1, phi_embed=384)
        => using Gauss nodes
        + polar optimization threshold = 1.0e-08
        finding optimal algorithm........
        + SHT accuracy = 7.26e-14
        => SHTns is ready.
 -- Initalizing Reference State...
 ---- Specified parameters:
 ---- Reference type           :  Boussinesq (Non-dimensional)
 ---- Rayleigh Number          :  1.00000E+05
 ---- Ekman Number             :  1.00000E-03
 ---- Prandtl Number           :  1.00000E+00
 ---- Magnetic Prandtl Number  :  5.00000E+00
 -- Reference State initialized.

 -- Initializing Fields...
 ---- Specified parameters:
 ---- Hydro Init Type    : Benchmark (Christensen et al. 2001)
 ---- Magnetic Init Type : Benchmark (Christensen et al. 2001)
 -- Fields initialized.

 Initialization Complete.
 //////////////////////////////////////

 Timestep has changed from  0.00000E+00 to  1.00000E-04.
 Iteration:  00000001   DeltaT:  1.000E-04   Iter/sec:  0.000E+00
 Timestep has changed from  1.00000E-04 to  2.55581E-06.
 Iteration:  00000002   DeltaT:  2.556E-06   Iter/sec:  2.286E-01
 Iteration:  00000003   DeltaT:  2.556E-06   Iter/sec:  2.456E+00
 Iteration:  00000004   DeltaT:  2.556E-06   Iter/sec:  3.905E+00
 Iteration:  00000005   DeltaT:  2.556E-06   Iter/sec:  3.952E+00
 Iteration:  00000006   DeltaT:  2.556E-06   Iter/sec:  4.058E+00
 Iteration:  00000007   DeltaT:  2.556E-06   Iter/sec:  3.950E+00
 Iteration:  00000008   DeltaT:  2.556E-06   Iter/sec:  3.488E+00
 Iteration:  00000009   DeltaT:  2.556E-06   Iter/sec:  4.048E+00
 Iteration:  00000010   DeltaT:  2.556E-06   Iter/sec:  3.959E+00
 Iteration:  00000011   DeltaT:  2.556E-06   Iter/sec:  4.043E+00
 Iteration:  00000012   DeltaT:  2.556E-06   Iter/sec:  3.868E+00
 Iteration:  00000013   DeltaT:  2.556E-06   Iter/sec:  3.415E+00
 Iteration:  00000014   DeltaT:  2.556E-06   Iter/sec:  4.039E+00
 Iteration:  00000015   DeltaT:  2.556E-06   Iter/sec:  3.862E+00
 Iteration:  00000016   DeltaT:  2.556E-06   Iter/sec:  4.049E+00
 Iteration:  00000017   DeltaT:  2.556E-06   Iter/sec:  3.966E+00
 Iteration:  00000018   DeltaT:  2.556E-06   Iter/sec:  3.769E+00
 Iteration:  00000019   DeltaT:  2.556E-06   Iter/sec:  3.935E+00
 Iteration:  00000020   DeltaT:  2.556E-06   Iter/sec:  3.946E+00
 Iteration:  00000021   DeltaT:  2.556E-06   Iter/sec:  3.981E+00
 Iteration:  00000022   DeltaT:  2.556E-06   Iter/sec:  3.908E+00
 Iteration:  00000023   DeltaT:  2.556E-06   Iter/sec:  4.050E+00
 Iteration:  00000024   DeltaT:  2.556E-06   Iter/sec:  4.002E+00
 Iteration:  00000025   DeltaT:  2.556E-06   Iter/sec:  4.025E+00
 Iteration:  00000026   DeltaT:  2.556E-06   Iter/sec:  3.952E+00
 Iteration:  00000027   DeltaT:  2.556E-06   Iter/sec:  4.057E+00
 Iteration:  00000028   DeltaT:  2.556E-06   Iter/sec:  3.845E+00
 Iteration:  00000029   DeltaT:  2.556E-06   Iter/sec:  3.889E+00
 Iteration:  00000030   DeltaT:  2.556E-06   Iter/sec:  3.667E+00
 Iteration:  00000031   DeltaT:  2.556E-06   Iter/sec:  4.003E+00
 Iteration:  00000032   DeltaT:  2.556E-06   Iter/sec:  4.025E+00
 Iteration:  00000033   DeltaT:  2.556E-06   Iter/sec:  3.849E+00
 Iteration:  00000034   DeltaT:  2.556E-06   Iter/sec:  3.925E+00
 Iteration:  00000035   DeltaT:  2.556E-06   Iter/sec:  4.037E+00
 Iteration:  00000036   DeltaT:  2.556E-06   Iter/sec:  3.566E+00
 Iteration:  00000037   DeltaT:  2.556E-06   Iter/sec:  4.005E+00
 Iteration:  00000038   DeltaT:  2.556E-06   Iter/sec:  4.051E+00
 Iteration:  00000039   DeltaT:  2.556E-06   Iter/sec:  3.837E+00
 Iteration:  00000040   DeltaT:  2.556E-06   Iter/sec:  3.508E+00
 Iteration:  00000041   DeltaT:  2.556E-06   Iter/sec:  4.056E+00
 Iteration:  00000042   DeltaT:  2.556E-06   Iter/sec:  3.985E+00
 Iteration:  00000043   DeltaT:  2.556E-06   Iter/sec:  4.063E+00
 Iteration:  00000044   DeltaT:  2.556E-06   Iter/sec:  3.865E+00
 Iteration:  00000045   DeltaT:  2.556E-06   Iter/sec:  3.996E+00
 Iteration:  00000046   DeltaT:  2.556E-06   Iter/sec:  3.994E+00
 Iteration:  00000047   DeltaT:  2.556E-06   Iter/sec:  3.958E+00
 Iteration:  00000048   DeltaT:  2.556E-06   Iter/sec:  3.900E+00
 Iteration:  00000049   DeltaT:  2.556E-06   Iter/sec:  3.978E+00
 Iteration:  00000050   DeltaT:  2.556E-06   Iter/sec:  3.787E+00


//////////////////////////////////////////////
   Measured Timings for Process 0  (seconds)

 Elapsed time:        13.1164
  Column time:         1.2968
     Row time:         4.6718
Legendre time:         0.9481
     FFT time:         0.9724
   Solve time:         0.7925
    rlma time:         0.1803
    rlmb time:         0.0703
  pspace time:         2.2179
  psolve time:         1.6768
    dphi time:         0.1368
captured time:        12.9637

     iter/sec:         3.8120
//////////////////////////////////////////////
