 //////////////////////////////////////
 Initializating Rayleigh...

 -- Initalizing MPI...
 ---- Specified parameters:
 ---- NCPU  :   1024
 ---- NPROW :     16
 ---- NPCOL :     64
 -- MPI initialized.


 -- Initalizing Grid...
 ---- Specified parameters ----
 ---- N_R                 :    128
 ---- N_THETA             :    768
 ---- Ell_MAX             :    511
 ---- R_MIN               :  5.38462E-01
 ---- R_MAX               :  1.53846E+00
 ---- Chebyshev Domains   :      1

        Domain 1
          Grid points           :  128
          Dealiased Polynomials :  85
          Domain Lower Bound    :  5.38462E-01
          Domain Upper Bound    :  1.53846E+00

 -- Grid initialized.

[SHTns 3.4.5] built Apr 30 2021, 15:49:24, id: avx2,ishioka
        Lmax=511, Mmax*Mres=511, Mres=1, Nlm=131328  [1 threads, orthonormalized]
        => using FFTW : Mmax=511, Nphi=1536, Nlat=768  (data layout : phi_inc=768, theta_inc=1, phi_embed=1536)
        => using Gauss nodes
        + polar optimization threshold = 1.0e-08
        finding optimal algorithm........
        + SHT accuracy = 3.83e-13
        => SHTns is ready.
 -- Initalizing Reference State...
 ---- Specified parameters:
 ---- Reference type           :  Boussinesq (Non-dimensional)
 ---- Rayleigh Number          :  1.00000E+05
 ---- Ekman Number             :  1.00000E-03
 ---- Prandtl Number           :  1.00000E+00
 ---- Magnetic Prandtl Number  :  5.00000E+00
 -- Reference State initialized.

 -- Initializing Fields...
 ---- Specified parameters:
 ---- Hydro Init Type    : Benchmark (Christensen et al. 2001)
 ---- Magnetic Init Type : Benchmark (Christensen et al. 2001)
 -- Fields initialized.

 Initialization Complete.
 //////////////////////////////////////

 Timestep has changed from  0.00000E+00 to  1.00000E-04.
 Iteration:  00000001   DeltaT:  1.000E-04   Iter/sec:  0.000E+00
 Timestep has changed from  1.00000E-04 to  2.55562E-06.
 Iteration:  00000002   DeltaT:  2.556E-06   Iter/sec:  1.249E-01
 Iteration:  00000003   DeltaT:  2.556E-06   Iter/sec:  2.620E+00
 Iteration:  00000004   DeltaT:  2.556E-06   Iter/sec:  2.866E+00
 Iteration:  00000005   DeltaT:  2.556E-06   Iter/sec:  2.750E+00
 Iteration:  00000006   DeltaT:  2.556E-06   Iter/sec:  2.912E+00
 Iteration:  00000007   DeltaT:  2.556E-06   Iter/sec:  2.896E+00
 Iteration:  00000008   DeltaT:  2.556E-06   Iter/sec:  2.908E+00
 Iteration:  00000009   DeltaT:  2.556E-06   Iter/sec:  2.872E+00
 Iteration:  00000010   DeltaT:  2.556E-06   Iter/sec:  2.880E+00
 Iteration:  00000011   DeltaT:  2.556E-06   Iter/sec:  2.878E+00
 Iteration:  00000012   DeltaT:  2.556E-06   Iter/sec:  2.847E+00
 Iteration:  00000013   DeltaT:  2.556E-06   Iter/sec:  2.818E+00
 Iteration:  00000014   DeltaT:  2.556E-06   Iter/sec:  2.886E+00
 Iteration:  00000015   DeltaT:  2.556E-06   Iter/sec:  2.887E+00
 Iteration:  00000016   DeltaT:  2.556E-06   Iter/sec:  2.984E+00
 Iteration:  00000017   DeltaT:  2.556E-06   Iter/sec:  2.886E+00
 Iteration:  00000018   DeltaT:  2.556E-06   Iter/sec:  2.716E+00
 Iteration:  00000019   DeltaT:  2.556E-06   Iter/sec:  2.995E+00
 Iteration:  00000020   DeltaT:  2.556E-06   Iter/sec:  2.843E+00
 Iteration:  00000021   DeltaT:  2.556E-06   Iter/sec:  2.940E+00
 Iteration:  00000022   DeltaT:  2.556E-06   Iter/sec:  2.769E+00
 Iteration:  00000023   DeltaT:  2.556E-06   Iter/sec:  2.941E+00
 Iteration:  00000024   DeltaT:  2.556E-06   Iter/sec:  2.755E+00
 Iteration:  00000025   DeltaT:  2.556E-06   Iter/sec:  3.170E+00
 Iteration:  00000026   DeltaT:  2.556E-06   Iter/sec:  2.816E+00
 Iteration:  00000027   DeltaT:  2.556E-06   Iter/sec:  2.889E+00
 Iteration:  00000028   DeltaT:  2.556E-06   Iter/sec:  2.939E+00
 Iteration:  00000029   DeltaT:  2.556E-06   Iter/sec:  2.896E+00
 Iteration:  00000030   DeltaT:  2.556E-06   Iter/sec:  2.970E+00
 Iteration:  00000031   DeltaT:  2.556E-06   Iter/sec:  2.867E+00
 Iteration:  00000032   DeltaT:  2.556E-06   Iter/sec:  2.843E+00
 Iteration:  00000033   DeltaT:  2.556E-06   Iter/sec:  2.868E+00
 Iteration:  00000034   DeltaT:  2.556E-06   Iter/sec:  2.904E+00
 Iteration:  00000035   DeltaT:  2.556E-06   Iter/sec:  2.889E+00
 Iteration:  00000036   DeltaT:  2.556E-06   Iter/sec:  2.702E+00
 Iteration:  00000037   DeltaT:  2.556E-06   Iter/sec:  2.932E+00
 Iteration:  00000038   DeltaT:  2.556E-06   Iter/sec:  2.875E+00
 Iteration:  00000039   DeltaT:  2.556E-06   Iter/sec:  2.922E+00
 Iteration:  00000040   DeltaT:  2.556E-06   Iter/sec:  2.934E+00
 Iteration:  00000041   DeltaT:  2.556E-06   Iter/sec:  2.847E+00
 Iteration:  00000042   DeltaT:  2.556E-06   Iter/sec:  2.890E+00
 Iteration:  00000043   DeltaT:  2.556E-06   Iter/sec:  2.829E+00
 Iteration:  00000044   DeltaT:  2.556E-06   Iter/sec:  2.895E+00
 Iteration:  00000045   DeltaT:  2.556E-06   Iter/sec:  2.918E+00
 Iteration:  00000046   DeltaT:  2.556E-06   Iter/sec:  2.891E+00
 Iteration:  00000047   DeltaT:  2.556E-06   Iter/sec:  2.771E+00
 Iteration:  00000048   DeltaT:  2.556E-06   Iter/sec:  3.104E+00
 Iteration:  00000049   DeltaT:  2.556E-06   Iter/sec:  2.887E+00
 Iteration:  00000050   DeltaT:  2.556E-06   Iter/sec:  2.875E+00


//////////////////////////////////////////////
   Measured Timings for Process 0  (seconds)

 Elapsed time:        17.4189
  Column time:         4.9895
     Row time:         4.6997
Legendre time:         1.9095
     FFT time:         0.9754
   Solve time:         0.4626
    rlma time:         0.2163
    rlmb time:         0.0987
  pspace time:         2.2157
  psolve time:         1.5715
    dphi time:         0.1338
captured time:        17.2726

     iter/sec:         2.8705
//////////////////////////////////////////////
