 //////////////////////////////////////
 Initializating Rayleigh...

 -- Initalizing MPI...
 ---- Specified parameters:
 ---- NCPU  :    128
 ---- NPROW :      8
 ---- NPCOL :     16
 -- MPI initialized.


 -- Initalizing Grid...
 ---- Specified parameters ----
 ---- N_R                 :    128
 ---- N_THETA             :   1536
 ---- Ell_MAX             :   1023
 ---- R_MIN               :  5.38462E-01
 ---- R_MAX               :  1.53846E+00
 ---- Chebyshev Domains   :      1

        Domain 1
          Grid points           :  128
          Dealiased Polynomials :  85
          Domain Lower Bound    :  5.38462E-01
          Domain Upper Bound    :  1.53846E+00

 -- Grid initialized.

[SHTns 3.4.5] built Apr 30 2021, 15:49:24, id: avx2,ishioka
        Lmax=1023, Mmax*Mres=1023, Mres=1, Nlm=524800  [1 threads, orthonormalized]
        => using FFTW : Mmax=1023, Nphi=3072, Nlat=1536  (data layout : phi_inc=1536, theta_inc=1, phi_embed=3072)
        => using Gauss nodes
        + polar optimization threshold = 1.0e-08
        finding optimal algorithm...
        + SHT accuracy = 1.12e-12
        => SHTns is ready.
 -- Initalizing Reference State...
 ---- Specified parameters:
 ---- Reference type           :  Boussinesq (Non-dimensional)
 ---- Rayleigh Number          :  1.00000E+05
 ---- Ekman Number             :  1.00000E-03
 ---- Prandtl Number           :  1.00000E+00
 ---- Magnetic Prandtl Number  :  5.00000E+00
 -- Reference State initialized.

 -- Initializing Fields...
 ---- Specified parameters:
 ---- Hydro Init Type    : Benchmark (Christensen et al. 2001)
 ---- Magnetic Init Type : Benchmark (Christensen et al. 2001)
 -- Fields initialized.

 Initialization Complete.
 //////////////////////////////////////

 Timestep has changed from  0.00000E+00 to  1.00000E-04.
 Iteration:  00000001   DeltaT:  1.000E-04   Iter/sec:  0.000E+00
 Timestep has changed from  1.00000E-04 to  2.55561E-06.
 Iteration:  00000002   DeltaT:  2.556E-06   Iter/sec:  3.374E-02
 Iteration:  00000003   DeltaT:  2.556E-06   Iter/sec:  8.719E-02
 Iteration:  00000004   DeltaT:  2.556E-06   Iter/sec:  8.836E-02
 Iteration:  00000005   DeltaT:  2.556E-06   Iter/sec:  8.890E-02
 Iteration:  00000006   DeltaT:  2.556E-06   Iter/sec:  8.926E-02
 Iteration:  00000007   DeltaT:  2.556E-06   Iter/sec:  8.913E-02
 Iteration:  00000008   DeltaT:  2.556E-06   Iter/sec:  8.901E-02
 Iteration:  00000009   DeltaT:  2.556E-06   Iter/sec:  8.872E-02
 Iteration:  00000010   DeltaT:  2.556E-06   Iter/sec:  8.878E-02
 Iteration:  00000011   DeltaT:  2.556E-06   Iter/sec:  8.854E-02
 Iteration:  00000012   DeltaT:  2.556E-06   Iter/sec:  8.848E-02
 Iteration:  00000013   DeltaT:  2.556E-06   Iter/sec:  8.881E-02
 Iteration:  00000014   DeltaT:  2.556E-06   Iter/sec:  8.911E-02
 Iteration:  00000015   DeltaT:  2.556E-06   Iter/sec:  8.831E-02
 Iteration:  00000016   DeltaT:  2.556E-06   Iter/sec:  8.979E-02
 Iteration:  00000017   DeltaT:  2.556E-06   Iter/sec:  8.842E-02
 Iteration:  00000018   DeltaT:  2.556E-06   Iter/sec:  8.918E-02
 Iteration:  00000019   DeltaT:  2.556E-06   Iter/sec:  8.883E-02
 Iteration:  00000020   DeltaT:  2.556E-06   Iter/sec:  8.978E-02
 Iteration:  00000021   DeltaT:  2.556E-06   Iter/sec:  8.879E-02
 Iteration:  00000022   DeltaT:  2.556E-06   Iter/sec:  9.002E-02
 Iteration:  00000023   DeltaT:  2.556E-06   Iter/sec:  8.850E-02
 Iteration:  00000024   DeltaT:  2.556E-06   Iter/sec:  8.922E-02
 Iteration:  00000025   DeltaT:  2.556E-06   Iter/sec:  8.892E-02
 Iteration:  00000026   DeltaT:  2.556E-06   Iter/sec:  8.948E-02
 Iteration:  00000027   DeltaT:  2.556E-06   Iter/sec:  8.906E-02
 Iteration:  00000028   DeltaT:  2.556E-06   Iter/sec:  8.890E-02
 Iteration:  00000029   DeltaT:  2.556E-06   Iter/sec:  8.890E-02
 Iteration:  00000030   DeltaT:  2.556E-06   Iter/sec:  8.911E-02
 Iteration:  00000031   DeltaT:  2.556E-06   Iter/sec:  8.971E-02
 Iteration:  00000032   DeltaT:  2.556E-06   Iter/sec:  8.918E-02
 Iteration:  00000033   DeltaT:  2.556E-06   Iter/sec:  8.818E-02
 Iteration:  00000034   DeltaT:  2.556E-06   Iter/sec:  8.982E-02
 Iteration:  00000035   DeltaT:  2.556E-06   Iter/sec:  8.823E-02
 Iteration:  00000036   DeltaT:  2.556E-06   Iter/sec:  8.981E-02
 Iteration:  00000037   DeltaT:  2.556E-06   Iter/sec:  8.841E-02
 Iteration:  00000038   DeltaT:  2.556E-06   Iter/sec:  8.908E-02
 Iteration:  00000039   DeltaT:  2.556E-06   Iter/sec:  8.811E-02
 Iteration:  00000040   DeltaT:  2.556E-06   Iter/sec:  8.920E-02
 Iteration:  00000041   DeltaT:  2.556E-06   Iter/sec:  8.833E-02
 Iteration:  00000042   DeltaT:  2.556E-06   Iter/sec:  8.831E-02
 Iteration:  00000043   DeltaT:  2.556E-06   Iter/sec:  8.805E-02
 Iteration:  00000044   DeltaT:  2.556E-06   Iter/sec:  8.874E-02
 Iteration:  00000045   DeltaT:  2.556E-06   Iter/sec:  8.858E-02
 Iteration:  00000046   DeltaT:  2.556E-06   Iter/sec:  8.922E-02
 Iteration:  00000047   DeltaT:  2.556E-06   Iter/sec:  8.861E-02
 Iteration:  00000048   DeltaT:  2.556E-06   Iter/sec:  8.837E-02
 Iteration:  00000049   DeltaT:  2.556E-06   Iter/sec:  8.876E-02
 Iteration:  00000050   DeltaT:  2.556E-06   Iter/sec:  8.974E-02


//////////////////////////////////////////////
   Measured Timings for Process 0  (seconds)

 Elapsed time:       563.2277
  Column time:        66.6014
     Row time:       200.1863
Legendre time:       101.9179
     FFT time:        33.9312
   Solve time:         6.9928
    rlma time:        13.4629
    rlmb time:         4.7093
  pspace time:        69.1932
  psolve time:        54.6410
    dphi time:         3.2882
captured time:       554.9243

     iter/sec:         0.0888
//////////////////////////////////////////////
