 //////////////////////////////////////
 Initializating Rayleigh...

 -- Initalizing MPI...
 ---- Specified parameters:
 ---- NCPU  :   1024
 ---- NPROW :     32
 ---- NPCOL :     32
 -- MPI initialized.


 -- Initalizing Grid...
 ---- Specified parameters ----
 ---- N_R                 :    128
 ---- N_THETA             :   1536
 ---- Ell_MAX             :   1023
 ---- R_MIN               :  5.38462E-01
 ---- R_MAX               :  1.53846E+00
 ---- Chebyshev Domains   :      1

        Domain 1
          Grid points           :  128
          Dealiased Polynomials :  85
          Domain Lower Bound    :  5.38462E-01
          Domain Upper Bound    :  1.53846E+00

 -- Grid initialized.

[SHTns 3.4.5] built Apr 30 2021, 15:49:24, id: avx2,ishioka
        Lmax=1023, Mmax*Mres=1023, Mres=1, Nlm=524800  [1 threads, orthonormalized]
        => using FFTW : Mmax=1023, Nphi=3072, Nlat=1536  (data layout : phi_inc=1536, theta_inc=1, phi_embed=3072)
        => using Gauss nodes
        + polar optimization threshold = 1.0e-08
        finding optimal algorithm...
        + SHT accuracy = 1.04e-12
        => SHTns is ready.
 -- Initalizing Reference State...
 ---- Specified parameters:
 ---- Reference type           :  Boussinesq (Non-dimensional)
 ---- Rayleigh Number          :  1.00000E+05
 ---- Ekman Number             :  1.00000E-03
 ---- Prandtl Number           :  1.00000E+00
 ---- Magnetic Prandtl Number  :  5.00000E+00
 -- Reference State initialized.

 -- Initializing Fields...
 ---- Specified parameters:
 ---- Hydro Init Type    : Benchmark (Christensen et al. 2001)
 ---- Magnetic Init Type : Benchmark (Christensen et al. 2001)
 -- Fields initialized.

 Initialization Complete.
 //////////////////////////////////////

 Timestep has changed from  0.00000E+00 to  1.00000E-04.
 Iteration:  00000001   DeltaT:  1.000E-04   Iter/sec:  0.000E+00
 Timestep has changed from  1.00000E-04 to  2.55561E-06.
 Iteration:  00000002   DeltaT:  2.556E-06   Iter/sec:  9.556E-02
 Iteration:  00000003   DeltaT:  2.556E-06   Iter/sec:  5.970E-01
 Iteration:  00000004   DeltaT:  2.556E-06   Iter/sec:  6.413E-01
 Iteration:  00000005   DeltaT:  2.556E-06   Iter/sec:  6.313E-01
 Iteration:  00000006   DeltaT:  2.556E-06   Iter/sec:  6.323E-01
 Iteration:  00000007   DeltaT:  2.556E-06   Iter/sec:  6.331E-01
 Iteration:  00000008   DeltaT:  2.556E-06   Iter/sec:  6.307E-01
 Iteration:  00000009   DeltaT:  2.556E-06   Iter/sec:  6.294E-01
 Iteration:  00000010   DeltaT:  2.556E-06   Iter/sec:  6.320E-01
 Iteration:  00000011   DeltaT:  2.556E-06   Iter/sec:  6.287E-01
 Iteration:  00000012   DeltaT:  2.556E-06   Iter/sec:  6.363E-01
 Iteration:  00000013   DeltaT:  2.556E-06   Iter/sec:  6.339E-01
 Iteration:  00000014   DeltaT:  2.556E-06   Iter/sec:  6.344E-01
 Iteration:  00000015   DeltaT:  2.556E-06   Iter/sec:  6.289E-01
 Iteration:  00000016   DeltaT:  2.556E-06   Iter/sec:  6.248E-01
 Iteration:  00000017   DeltaT:  2.556E-06   Iter/sec:  6.263E-01
 Iteration:  00000018   DeltaT:  2.556E-06   Iter/sec:  6.420E-01
 Iteration:  00000019   DeltaT:  2.556E-06   Iter/sec:  6.376E-01
 Iteration:  00000020   DeltaT:  2.556E-06   Iter/sec:  6.314E-01
 Iteration:  00000021   DeltaT:  2.556E-06   Iter/sec:  6.267E-01
 Iteration:  00000022   DeltaT:  2.556E-06   Iter/sec:  6.305E-01
 Iteration:  00000023   DeltaT:  2.556E-06   Iter/sec:  6.329E-01
 Iteration:  00000024   DeltaT:  2.556E-06   Iter/sec:  6.426E-01
 Iteration:  00000025   DeltaT:  2.556E-06   Iter/sec:  6.271E-01
 Iteration:  00000026   DeltaT:  2.556E-06   Iter/sec:  6.326E-01
 Iteration:  00000027   DeltaT:  2.556E-06   Iter/sec:  6.315E-01
 Iteration:  00000028   DeltaT:  2.556E-06   Iter/sec:  6.389E-01
 Iteration:  00000029   DeltaT:  2.556E-06   Iter/sec:  6.313E-01
 Iteration:  00000030   DeltaT:  2.556E-06   Iter/sec:  6.259E-01
 Iteration:  00000031   DeltaT:  2.556E-06   Iter/sec:  6.389E-01
 Iteration:  00000032   DeltaT:  2.556E-06   Iter/sec:  6.399E-01
 Iteration:  00000033   DeltaT:  2.556E-06   Iter/sec:  6.324E-01
 Iteration:  00000034   DeltaT:  2.556E-06   Iter/sec:  6.435E-01
 Iteration:  00000035   DeltaT:  2.556E-06   Iter/sec:  6.263E-01
 Iteration:  00000036   DeltaT:  2.556E-06   Iter/sec:  6.314E-01
 Iteration:  00000037   DeltaT:  2.556E-06   Iter/sec:  6.465E-01
 Iteration:  00000038   DeltaT:  2.556E-06   Iter/sec:  6.259E-01
 Iteration:  00000039   DeltaT:  2.556E-06   Iter/sec:  6.378E-01
 Iteration:  00000040   DeltaT:  2.556E-06   Iter/sec:  6.332E-01
 Iteration:  00000041   DeltaT:  2.556E-06   Iter/sec:  6.351E-01
 Iteration:  00000042   DeltaT:  2.556E-06   Iter/sec:  6.466E-01
 Iteration:  00000043   DeltaT:  2.556E-06   Iter/sec:  6.234E-01
 Iteration:  00000044   DeltaT:  2.556E-06   Iter/sec:  6.364E-01
 Iteration:  00000045   DeltaT:  2.556E-06   Iter/sec:  6.349E-01
 Iteration:  00000046   DeltaT:  2.556E-06   Iter/sec:  6.131E-01
 Iteration:  00000047   DeltaT:  2.556E-06   Iter/sec:  6.484E-01
 Iteration:  00000048   DeltaT:  2.556E-06   Iter/sec:  6.360E-01
 Iteration:  00000049   DeltaT:  2.556E-06   Iter/sec:  6.313E-01
 Iteration:  00000050   DeltaT:  2.556E-06   Iter/sec:  6.198E-01


//////////////////////////////////////////////
   Measured Timings for Process 0  (seconds)

 Elapsed time:        79.2348
  Column time:        23.6516
     Row time:        19.4320
Legendre time:        12.7881
     FFT time:         4.2656
   Solve time:         1.3889
    rlma time:         0.8787
    rlmb time:         0.4161
  pspace time:         8.6717
  psolve time:         6.5904
    dphi time:         0.3969
captured time:        78.4801

     iter/sec:         0.6310
//////////////////////////////////////////////
