 //////////////////////////////////////
 Initializating Rayleigh...

 -- Initalizing MPI...
 ---- Specified parameters:
 ---- NCPU  :   1024
 ---- NPROW :     16
 ---- NPCOL :     64
 -- MPI initialized.


 -- Initalizing Grid...
 ---- Specified parameters ----
 ---- N_R                 :     64
 ---- N_THETA             :    768
 ---- Ell_MAX             :    511
 ---- R_MIN               :  5.38462E-01
 ---- R_MAX               :  1.53846E+00
 ---- Chebyshev Domains   :      1

        Domain 1
          Grid points           :  64
          Dealiased Polynomials :  42
          Domain Lower Bound    :  5.38462E-01
          Domain Upper Bound    :  1.53846E+00

 -- Grid initialized.

[SHTns 3.4.5] built Apr 30 2021, 15:49:24, id: avx2,ishioka
        Lmax=511, Mmax*Mres=511, Mres=1, Nlm=131328  [1 threads, orthonormalized]
        => using FFTW : Mmax=511, Nphi=1536, Nlat=768  (data layout : phi_inc=768, theta_inc=1, phi_embed=1536)
        => using Gauss nodes
        + polar optimization threshold = 1.0e-08
        finding optimal algorithm........
        + SHT accuracy = 4.96e-13
        => SHTns is ready.
 -- Initalizing Reference State...
 ---- Specified parameters:
 ---- Reference type           :  Boussinesq (Non-dimensional)
 ---- Rayleigh Number          :  1.00000E+05
 ---- Ekman Number             :  1.00000E-03
 ---- Prandtl Number           :  1.00000E+00
 ---- Magnetic Prandtl Number  :  5.00000E+00
 -- Reference State initialized.

 -- Initializing Fields...
 ---- Specified parameters:
 ---- Hydro Init Type    : Benchmark (Christensen et al. 2001)
 ---- Magnetic Init Type : Benchmark (Christensen et al. 2001)
 -- Fields initialized.

 Initialization Complete.
 //////////////////////////////////////

 Timestep has changed from  0.00000E+00 to  1.00000E-04.
 Iteration:  00000001   DeltaT:  1.000E-04   Iter/sec:  0.000E+00
 Timestep has changed from  1.00000E-04 to  8.93257E-06.
 Iteration:  00000002   DeltaT:  8.933E-06   Iter/sec:  1.269E-01
 Iteration:  00000003   DeltaT:  8.933E-06   Iter/sec:  5.948E+00
 Iteration:  00000004   DeltaT:  8.933E-06   Iter/sec:  5.983E+00
 Iteration:  00000005   DeltaT:  8.933E-06   Iter/sec:  6.304E+00
 Iteration:  00000006   DeltaT:  8.933E-06   Iter/sec:  6.373E+00
 Iteration:  00000007   DeltaT:  8.933E-06   Iter/sec:  6.313E+00
 Iteration:  00000008   DeltaT:  8.933E-06   Iter/sec:  6.443E+00
 Iteration:  00000009   DeltaT:  8.933E-06   Iter/sec:  6.153E+00
 Iteration:  00000010   DeltaT:  8.933E-06   Iter/sec:  6.625E+00
 Iteration:  00000011   DeltaT:  8.933E-06   Iter/sec:  6.519E+00
 Iteration:  00000012   DeltaT:  8.933E-06   Iter/sec:  6.360E+00
 Iteration:  00000013   DeltaT:  8.933E-06   Iter/sec:  6.113E+00
 Iteration:  00000014   DeltaT:  8.933E-06   Iter/sec:  6.575E+00
 Iteration:  00000015   DeltaT:  8.933E-06   Iter/sec:  6.457E+00
 Iteration:  00000016   DeltaT:  8.933E-06   Iter/sec:  6.295E+00
 Iteration:  00000017   DeltaT:  8.933E-06   Iter/sec:  6.613E+00
 Iteration:  00000018   DeltaT:  8.933E-06   Iter/sec:  6.364E+00
 Iteration:  00000019   DeltaT:  8.933E-06   Iter/sec:  6.422E+00
 Iteration:  00000020   DeltaT:  8.933E-06   Iter/sec:  6.705E+00
 Iteration:  00000021   DeltaT:  8.933E-06   Iter/sec:  6.416E+00
 Iteration:  00000022   DeltaT:  8.933E-06   Iter/sec:  6.358E+00
 Iteration:  00000023   DeltaT:  8.933E-06   Iter/sec:  6.433E+00
 Iteration:  00000024   DeltaT:  8.933E-06   Iter/sec:  6.614E+00
 Iteration:  00000025   DeltaT:  8.933E-06   Iter/sec:  6.405E+00
 Iteration:  00000026   DeltaT:  8.933E-06   Iter/sec:  6.239E+00
 Iteration:  00000027   DeltaT:  8.933E-06   Iter/sec:  6.378E+00
 Iteration:  00000028   DeltaT:  8.933E-06   Iter/sec:  6.421E+00
 Iteration:  00000029   DeltaT:  8.933E-06   Iter/sec:  6.580E+00
 Iteration:  00000030   DeltaT:  8.933E-06   Iter/sec:  6.395E+00
 Iteration:  00000031   DeltaT:  8.933E-06   Iter/sec:  6.553E+00
 Iteration:  00000032   DeltaT:  8.933E-06   Iter/sec:  6.380E+00
 Iteration:  00000033   DeltaT:  8.933E-06   Iter/sec:  6.479E+00
 Iteration:  00000034   DeltaT:  8.933E-06   Iter/sec:  6.654E+00
 Iteration:  00000035   DeltaT:  8.933E-06   Iter/sec:  6.562E+00
 Iteration:  00000036   DeltaT:  8.933E-06   Iter/sec:  6.640E+00
 Iteration:  00000037   DeltaT:  8.933E-06   Iter/sec:  6.142E+00
 Iteration:  00000038   DeltaT:  8.933E-06   Iter/sec:  6.552E+00
 Iteration:  00000039   DeltaT:  8.933E-06   Iter/sec:  6.491E+00
 Iteration:  00000040   DeltaT:  8.933E-06   Iter/sec:  6.640E+00
 Iteration:  00000041   DeltaT:  8.933E-06   Iter/sec:  6.674E+00
 Iteration:  00000042   DeltaT:  8.933E-06   Iter/sec:  6.547E+00
 Iteration:  00000043   DeltaT:  8.933E-06   Iter/sec:  6.654E+00
 Iteration:  00000044   DeltaT:  8.933E-06   Iter/sec:  6.748E+00
 Iteration:  00000045   DeltaT:  8.933E-06   Iter/sec:  6.556E+00
 Iteration:  00000046   DeltaT:  8.933E-06   Iter/sec:  6.505E+00
 Iteration:  00000047   DeltaT:  8.933E-06   Iter/sec:  6.716E+00
 Iteration:  00000048   DeltaT:  8.933E-06   Iter/sec:  6.553E+00
 Iteration:  00000049   DeltaT:  8.933E-06   Iter/sec:  6.590E+00
 Iteration:  00000050   DeltaT:  8.933E-06   Iter/sec:  6.675E+00


//////////////////////////////////////////////
   Measured Timings for Process 0  (seconds)

 Elapsed time:         7.7513
  Column time:         2.3669
     Row time:         2.1029
Legendre time:         0.8713
     FFT time:         0.4818
   Solve time:         0.1281
    rlma time:         0.1279
    rlmb time:         0.0536
  pspace time:         0.9555
  psolve time:         0.5362
    dphi time:         0.0687
captured time:         7.6932

     iter/sec:         6.4505
//////////////////////////////////////////////
