 //////////////////////////////////////
 Initializating Rayleigh...

 -- Initalizing MPI...
 ---- Specified parameters:
 ---- NCPU  :    256
 ---- NPROW :     16
 ---- NPCOL :     16
 -- MPI initialized.


 -- Initalizing Grid...
 ---- Specified parameters ----
 ---- N_R                 :    128
 ---- N_THETA             :    768
 ---- Ell_MAX             :    511
 ---- R_MIN               :  5.38462E-01
 ---- R_MAX               :  1.53846E+00
 ---- Chebyshev Domains   :      1

        Domain 1
          Grid points           :  128
          Dealiased Polynomials :  85
          Domain Lower Bound    :  5.38462E-01
          Domain Upper Bound    :  1.53846E+00

 -- Grid initialized.

[SHTns 3.4.5] built Apr 30 2021, 15:49:24, id: avx2,ishioka
        Lmax=511, Mmax*Mres=511, Mres=1, Nlm=131328  [1 threads, orthonormalized]
        => using FFTW : Mmax=511, Nphi=1536, Nlat=768  (data layout : phi_inc=768, theta_inc=1, phi_embed=1536)
        => using Gauss nodes
        + polar optimization threshold = 1.0e-08
        finding optimal algorithm......
        + SHT accuracy = 3.99e-13
        => SHTns is ready.
 -- Initalizing Reference State...
 ---- Specified parameters:
 ---- Reference type           :  Boussinesq (Non-dimensional)
 ---- Rayleigh Number          :  1.00000E+05
 ---- Ekman Number             :  1.00000E-03
 ---- Prandtl Number           :  1.00000E+00
 ---- Magnetic Prandtl Number  :  5.00000E+00
 -- Reference State initialized.

 -- Initializing Fields...
 ---- Specified parameters:
 ---- Hydro Init Type    : Benchmark (Christensen et al. 2001)
 ---- Magnetic Init Type : Benchmark (Christensen et al. 2001)
 -- Fields initialized.

 Initialization Complete.
 //////////////////////////////////////

 Timestep has changed from  0.00000E+00 to  1.00000E-04.
 Iteration:  00000001   DeltaT:  1.000E-04   Iter/sec:  0.000E+00
 Timestep has changed from  1.00000E-04 to  2.55562E-06.
 Iteration:  00000002   DeltaT:  2.556E-06   Iter/sec:  1.103E-01
 Iteration:  00000003   DeltaT:  2.556E-06   Iter/sec:  7.532E-01
 Iteration:  00000004   DeltaT:  2.556E-06   Iter/sec:  8.339E-01
 Iteration:  00000005   DeltaT:  2.556E-06   Iter/sec:  8.265E-01
 Iteration:  00000006   DeltaT:  2.556E-06   Iter/sec:  8.286E-01
 Iteration:  00000007   DeltaT:  2.556E-06   Iter/sec:  8.329E-01
 Iteration:  00000008   DeltaT:  2.556E-06   Iter/sec:  8.314E-01
 Iteration:  00000009   DeltaT:  2.556E-06   Iter/sec:  8.328E-01
 Iteration:  00000010   DeltaT:  2.556E-06   Iter/sec:  8.217E-01
 Iteration:  00000011   DeltaT:  2.556E-06   Iter/sec:  8.281E-01
 Iteration:  00000012   DeltaT:  2.556E-06   Iter/sec:  8.351E-01
 Iteration:  00000013   DeltaT:  2.556E-06   Iter/sec:  8.265E-01
 Iteration:  00000014   DeltaT:  2.556E-06   Iter/sec:  8.257E-01
 Iteration:  00000015   DeltaT:  2.556E-06   Iter/sec:  8.253E-01
 Iteration:  00000016   DeltaT:  2.556E-06   Iter/sec:  8.223E-01
 Iteration:  00000017   DeltaT:  2.556E-06   Iter/sec:  8.233E-01
 Iteration:  00000018   DeltaT:  2.556E-06   Iter/sec:  8.281E-01
 Iteration:  00000019   DeltaT:  2.556E-06   Iter/sec:  8.347E-01
 Iteration:  00000020   DeltaT:  2.556E-06   Iter/sec:  8.232E-01
 Iteration:  00000021   DeltaT:  2.556E-06   Iter/sec:  8.322E-01
 Iteration:  00000022   DeltaT:  2.556E-06   Iter/sec:  8.271E-01
 Iteration:  00000023   DeltaT:  2.556E-06   Iter/sec:  8.343E-01
 Iteration:  00000024   DeltaT:  2.556E-06   Iter/sec:  8.341E-01
 Iteration:  00000025   DeltaT:  2.556E-06   Iter/sec:  8.353E-01
 Iteration:  00000026   DeltaT:  2.556E-06   Iter/sec:  8.268E-01
 Iteration:  00000027   DeltaT:  2.556E-06   Iter/sec:  8.216E-01
 Iteration:  00000028   DeltaT:  2.556E-06   Iter/sec:  8.353E-01
 Iteration:  00000029   DeltaT:  2.556E-06   Iter/sec:  8.264E-01
 Iteration:  00000030   DeltaT:  2.556E-06   Iter/sec:  8.297E-01
 Iteration:  00000031   DeltaT:  2.556E-06   Iter/sec:  8.281E-01
 Iteration:  00000032   DeltaT:  2.556E-06   Iter/sec:  8.219E-01
 Iteration:  00000033   DeltaT:  2.556E-06   Iter/sec:  8.309E-01
 Iteration:  00000034   DeltaT:  2.556E-06   Iter/sec:  8.315E-01
 Iteration:  00000035   DeltaT:  2.556E-06   Iter/sec:  8.242E-01
 Iteration:  00000036   DeltaT:  2.556E-06   Iter/sec:  8.327E-01
 Iteration:  00000037   DeltaT:  2.556E-06   Iter/sec:  8.159E-01
 Iteration:  00000038   DeltaT:  2.556E-06   Iter/sec:  8.333E-01
 Iteration:  00000039   DeltaT:  2.556E-06   Iter/sec:  8.303E-01
 Iteration:  00000040   DeltaT:  2.556E-06   Iter/sec:  8.260E-01
 Iteration:  00000041   DeltaT:  2.556E-06   Iter/sec:  8.266E-01
 Iteration:  00000042   DeltaT:  2.556E-06   Iter/sec:  8.276E-01
 Iteration:  00000043   DeltaT:  2.556E-06   Iter/sec:  8.267E-01
 Iteration:  00000044   DeltaT:  2.556E-06   Iter/sec:  8.250E-01
 Iteration:  00000045   DeltaT:  2.556E-06   Iter/sec:  8.338E-01
 Iteration:  00000046   DeltaT:  2.556E-06   Iter/sec:  8.244E-01
 Iteration:  00000047   DeltaT:  2.556E-06   Iter/sec:  8.282E-01
 Iteration:  00000048   DeltaT:  2.556E-06   Iter/sec:  8.249E-01
 Iteration:  00000049   DeltaT:  2.556E-06   Iter/sec:  8.283E-01
 Iteration:  00000050   DeltaT:  2.556E-06   Iter/sec:  8.141E-01


//////////////////////////////////////////////
   Measured Timings for Process 0  (seconds)

 Elapsed time:        60.6447
  Column time:        11.0018
     Row time:        18.3113
Legendre time:         7.7592
     FFT time:         3.9865
   Solve time:         1.3898
    rlma time:         0.9230
    rlmb time:         0.4588
  pspace time:         8.5024
  psolve time:         7.0186
    dphi time:         0.4207
captured time:        59.7722

     iter/sec:         0.8245
//////////////////////////////////////////////
