 //////////////////////////////////////
 Initializating Rayleigh...

 -- Initalizing MPI...
 ---- Specified parameters:
 ---- NCPU  :   2048
 ---- NPROW :     32
 ---- NPCOL :     64
 -- MPI initialized.


 -- Initalizing Grid...
 ---- Specified parameters ----
 ---- N_R                 :     64
 ---- N_THETA             :    768
 ---- Ell_MAX             :    511
 ---- R_MIN               :  5.38462E-01
 ---- R_MAX               :  1.53846E+00
 ---- Chebyshev Domains   :      1

        Domain 1
          Grid points           :  64
          Dealiased Polynomials :  42
          Domain Lower Bound    :  5.38462E-01
          Domain Upper Bound    :  1.53846E+00

 -- Grid initialized.

[SHTns 3.4.5] built Apr 30 2021, 15:49:24, id: avx2,ishioka
        Lmax=511, Mmax*Mres=511, Mres=1, Nlm=131328  [1 threads, orthonormalized]
        => using FFTW : Mmax=511, Nphi=1536, Nlat=768  (data layout : phi_inc=768, theta_inc=1, phi_embed=1536)
        => using Gauss nodes
        + polar optimization threshold = 1.0e-08
        finding optimal algorithm........
        + SHT accuracy = 4.02e-13
        => SHTns is ready.
 -- Initalizing Reference State...
 ---- Specified parameters:
 ---- Reference type           :  Boussinesq (Non-dimensional)
 ---- Rayleigh Number          :  1.00000E+05
 ---- Ekman Number             :  1.00000E-03
 ---- Prandtl Number           :  1.00000E+00
 ---- Magnetic Prandtl Number  :  5.00000E+00
 -- Reference State initialized.

 -- Initializing Fields...
 ---- Specified parameters:
 ---- Hydro Init Type    : Benchmark (Christensen et al. 2001)
 ---- Magnetic Init Type : Benchmark (Christensen et al. 2001)
 -- Fields initialized.

 Initialization Complete.
 //////////////////////////////////////

 Timestep has changed from  0.00000E+00 to  1.00000E-04.
 Iteration:  00000001   DeltaT:  1.000E-04   Iter/sec:  0.000E+00
 Timestep has changed from  1.00000E-04 to  8.93257E-06.
 Iteration:  00000002   DeltaT:  8.933E-06   Iter/sec:  1.313E-01
 Iteration:  00000003   DeltaT:  8.933E-06   Iter/sec:  8.942E+00
 Iteration:  00000004   DeltaT:  8.933E-06   Iter/sec:  1.248E+01
 Iteration:  00000005   DeltaT:  8.933E-06   Iter/sec:  1.265E+01
 Iteration:  00000006   DeltaT:  8.933E-06   Iter/sec:  1.270E+01
 Iteration:  00000007   DeltaT:  8.933E-06   Iter/sec:  1.219E+01
 Iteration:  00000008   DeltaT:  8.933E-06   Iter/sec:  1.265E+01
 Iteration:  00000009   DeltaT:  8.933E-06   Iter/sec:  1.152E+01
 Iteration:  00000010   DeltaT:  8.933E-06   Iter/sec:  1.231E+01
 Iteration:  00000011   DeltaT:  8.933E-06   Iter/sec:  1.253E+01
 Iteration:  00000012   DeltaT:  8.933E-06   Iter/sec:  1.025E+01
 Iteration:  00000013   DeltaT:  8.933E-06   Iter/sec:  1.252E+01
 Iteration:  00000014   DeltaT:  8.933E-06   Iter/sec:  1.310E+01
 Iteration:  00000015   DeltaT:  8.933E-06   Iter/sec:  1.229E+01
 Iteration:  00000016   DeltaT:  8.933E-06   Iter/sec:  1.238E+01
 Iteration:  00000017   DeltaT:  8.933E-06   Iter/sec:  1.136E+01
 Iteration:  00000018   DeltaT:  8.933E-06   Iter/sec:  1.213E+01
 Iteration:  00000019   DeltaT:  8.933E-06   Iter/sec:  7.452E+00
 Iteration:  00000020   DeltaT:  8.933E-06   Iter/sec:  1.450E+01
 Iteration:  00000021   DeltaT:  8.933E-06   Iter/sec:  1.221E+01
 Iteration:  00000022   DeltaT:  8.933E-06   Iter/sec:  1.245E+01
 Iteration:  00000023   DeltaT:  8.933E-06   Iter/sec:  1.270E+01
 Iteration:  00000024   DeltaT:  8.933E-06   Iter/sec:  1.211E+01
 Iteration:  00000025   DeltaT:  8.933E-06   Iter/sec:  1.176E+01
 Iteration:  00000026   DeltaT:  8.933E-06   Iter/sec:  1.081E+01
 Iteration:  00000027   DeltaT:  8.933E-06   Iter/sec:  7.687E+00
 Iteration:  00000028   DeltaT:  8.933E-06   Iter/sec:  1.207E+01
 Iteration:  00000029   DeltaT:  8.933E-06   Iter/sec:  1.246E+01
 Iteration:  00000030   DeltaT:  8.933E-06   Iter/sec:  1.278E+01
 Iteration:  00000031   DeltaT:  8.933E-06   Iter/sec:  1.231E+01
 Iteration:  00000032   DeltaT:  8.933E-06   Iter/sec:  1.156E+01
 Iteration:  00000033   DeltaT:  8.933E-06   Iter/sec:  1.292E+01
 Iteration:  00000034   DeltaT:  8.933E-06   Iter/sec:  8.950E+00
 Iteration:  00000035   DeltaT:  8.933E-06   Iter/sec:  1.315E+01
 Iteration:  00000036   DeltaT:  8.933E-06   Iter/sec:  1.268E+01
 Iteration:  00000037   DeltaT:  8.933E-06   Iter/sec:  1.308E+01
 Iteration:  00000038   DeltaT:  8.933E-06   Iter/sec:  1.301E+01
 Iteration:  00000039   DeltaT:  8.933E-06   Iter/sec:  1.243E+01
 Iteration:  00000040   DeltaT:  8.933E-06   Iter/sec:  1.188E+01
 Iteration:  00000041   DeltaT:  8.933E-06   Iter/sec:  1.081E+01
 Iteration:  00000042   DeltaT:  8.933E-06   Iter/sec:  1.027E+01
 Iteration:  00000043   DeltaT:  8.933E-06   Iter/sec:  1.266E+01
 Iteration:  00000044   DeltaT:  8.933E-06   Iter/sec:  1.260E+01
 Iteration:  00000045   DeltaT:  8.933E-06   Iter/sec:  1.236E+01
 Iteration:  00000046   DeltaT:  8.933E-06   Iter/sec:  1.174E+01
 Iteration:  00000047   DeltaT:  8.933E-06   Iter/sec:  1.130E+01
 Iteration:  00000048   DeltaT:  8.933E-06   Iter/sec:  1.269E+01
 Iteration:  00000049   DeltaT:  8.933E-06   Iter/sec:  7.717E+00
 Iteration:  00000050   DeltaT:  8.933E-06   Iter/sec:  1.296E+01


//////////////////////////////////////////////
   Measured Timings for Process 0  (seconds)

 Elapsed time:         4.4254
  Column time:         1.8877
     Row time:         1.1863
Legendre time:         0.4142
     FFT time:         0.3065
   Solve time:         0.0805
    rlma time:         0.0627
    rlmb time:         0.0260
  pspace time:         0.2194
  psolve time:         0.1885
    dphi time:         0.0250
captured time:         4.3969

     iter/sec:        11.2984
//////////////////////////////////////////////
