 //////////////////////////////////////
 Initializating Rayleigh...

 -- Initalizing MPI...
 ---- Specified parameters:
 ---- NCPU  :   2048
 ---- NPROW :     64
 ---- NPCOL :     32
 -- MPI initialized.


 -- Initalizing Grid...
 ---- Specified parameters ----
 ---- N_R                 :    128
 ---- N_THETA             :    384
 ---- Ell_MAX             :    255
 ---- R_MIN               :  5.38462E-01
 ---- R_MAX               :  1.53846E+00
 ---- Chebyshev Domains   :      1

        Domain 1
          Grid points           :  128
          Dealiased Polynomials :  85
          Domain Lower Bound    :  5.38462E-01
          Domain Upper Bound    :  1.53846E+00

 -- Grid initialized.

[SHTns 3.4.5] built Apr 30 2021, 15:49:24, id: avx2,ishioka
        Lmax=255, Mmax*Mres=255, Mres=1, Nlm=32896  [1 threads, orthonormalized]
        => using FFTW : Mmax=255, Nphi=768, Nlat=384  (data layout : phi_inc=384, theta_inc=1, phi_embed=768)
        => using Gauss nodes
        + polar optimization threshold = 1.0e-08
        finding optimal algorithm.......
        + SHT accuracy = 1.52e-12
        => SHTns is ready.
 -- Initalizing Reference State...
 ---- Specified parameters:
 ---- Reference type           :  Boussinesq (Non-dimensional)
 ---- Rayleigh Number          :  1.00000E+05
 ---- Ekman Number             :  1.00000E-03
 ---- Prandtl Number           :  1.00000E+00
 ---- Magnetic Prandtl Number  :  5.00000E+00
 -- Reference State initialized.

 -- Initializing Fields...
 ---- Specified parameters:
 ---- Hydro Init Type    : Benchmark (Christensen et al. 2001)
 ---- Magnetic Init Type : Benchmark (Christensen et al. 2001)
 -- Fields initialized.

 Initialization Complete.
 //////////////////////////////////////

 Timestep has changed from  0.00000E+00 to  1.00000E-04.
 Iteration:  00000001   DeltaT:  1.000E-04   Iter/sec:  0.000E+00
 Timestep has changed from  1.00000E-04 to  2.55566E-06.
 Iteration:  00000002   DeltaT:  2.556E-06   Iter/sec:  1.147E-01
 Iteration:  00000003   DeltaT:  2.556E-06   Iter/sec:  1.220E+01
 Iteration:  00000004   DeltaT:  2.556E-06   Iter/sec:  2.419E+01
 Iteration:  00000005   DeltaT:  2.556E-06   Iter/sec:  2.499E+01
 Iteration:  00000006   DeltaT:  2.556E-06   Iter/sec:  2.469E+01
 Iteration:  00000007   DeltaT:  2.556E-06   Iter/sec:  2.524E+01
 Iteration:  00000008   DeltaT:  2.556E-06   Iter/sec:  2.367E+01
 Iteration:  00000009   DeltaT:  2.556E-06   Iter/sec:  2.371E+01
 Iteration:  00000010   DeltaT:  2.556E-06   Iter/sec:  2.565E+01
 Iteration:  00000011   DeltaT:  2.556E-06   Iter/sec:  2.415E+01
 Iteration:  00000012   DeltaT:  2.556E-06   Iter/sec:  2.136E+01
 Iteration:  00000013   DeltaT:  2.556E-06   Iter/sec:  2.633E+01
 Iteration:  00000014   DeltaT:  2.556E-06   Iter/sec:  2.117E+01
 Iteration:  00000015   DeltaT:  2.556E-06   Iter/sec:  8.979E+00
 Iteration:  00000016   DeltaT:  2.556E-06   Iter/sec:  2.980E+01
 Iteration:  00000017   DeltaT:  2.556E-06   Iter/sec:  2.565E+01
 Iteration:  00000018   DeltaT:  2.556E-06   Iter/sec:  2.529E+01
 Iteration:  00000019   DeltaT:  2.556E-06   Iter/sec:  1.951E+01
 Iteration:  00000020   DeltaT:  2.556E-06   Iter/sec:  2.578E+01
 Iteration:  00000021   DeltaT:  2.556E-06   Iter/sec:  2.537E+01
 Iteration:  00000022   DeltaT:  2.556E-06   Iter/sec:  1.889E+01
 Iteration:  00000023   DeltaT:  2.556E-06   Iter/sec:  2.022E+01
 Iteration:  00000024   DeltaT:  2.556E-06   Iter/sec:  2.406E+01
 Iteration:  00000025   DeltaT:  2.556E-06   Iter/sec:  1.491E+01
 Iteration:  00000026   DeltaT:  2.556E-06   Iter/sec:  2.270E+01
 Iteration:  00000027   DeltaT:  2.556E-06   Iter/sec:  1.761E+01
 Iteration:  00000028   DeltaT:  2.556E-06   Iter/sec:  1.223E+01
 Iteration:  00000029   DeltaT:  2.556E-06   Iter/sec:  3.125E+01
 Iteration:  00000030   DeltaT:  2.556E-06   Iter/sec:  1.873E+01
 Iteration:  00000031   DeltaT:  2.556E-06   Iter/sec:  2.593E+01
 Iteration:  00000032   DeltaT:  2.556E-06   Iter/sec:  2.376E+01
 Iteration:  00000033   DeltaT:  2.556E-06   Iter/sec:  2.492E+01
 Iteration:  00000034   DeltaT:  2.556E-06   Iter/sec:  2.564E+01
 Iteration:  00000035   DeltaT:  2.556E-06   Iter/sec:  2.508E+01
 Iteration:  00000036   DeltaT:  2.556E-06   Iter/sec:  1.876E+01
 Iteration:  00000037   DeltaT:  2.556E-06   Iter/sec:  2.244E+01
 Iteration:  00000038   DeltaT:  2.556E-06   Iter/sec:  2.316E+01
 Iteration:  00000039   DeltaT:  2.556E-06   Iter/sec:  1.731E+01
 Iteration:  00000040   DeltaT:  2.556E-06   Iter/sec:  2.705E+01
 Iteration:  00000041   DeltaT:  2.556E-06   Iter/sec:  1.145E+01
 Iteration:  00000042   DeltaT:  2.556E-06   Iter/sec:  1.495E+01
 Iteration:  00000043   DeltaT:  2.556E-06   Iter/sec:  2.552E+01
 Iteration:  00000044   DeltaT:  2.556E-06   Iter/sec:  2.544E+01
 Iteration:  00000045   DeltaT:  2.556E-06   Iter/sec:  2.530E+01
 Iteration:  00000046   DeltaT:  2.556E-06   Iter/sec:  2.583E+01
 Iteration:  00000047   DeltaT:  2.556E-06   Iter/sec:  2.547E+01
 Iteration:  00000048   DeltaT:  2.556E-06   Iter/sec:  2.128E+01
 Iteration:  00000049   DeltaT:  2.556E-06   Iter/sec:  2.029E+01
 Iteration:  00000050   DeltaT:  2.556E-06   Iter/sec:  2.612E+01


//////////////////////////////////////////////
   Measured Timings for Process 0  (seconds)

 Elapsed time:         2.5069
  Column time:         0.8994
     Row time:         0.8801
Legendre time:         0.1147
     FFT time:         0.0999
   Solve time:         0.1946
    rlma time:         0.0215
    rlmb time:         0.0089
  pspace time:         0.0811
  psolve time:         0.1799
    dphi time:         0.0076
captured time:         2.4876

     iter/sec:        19.9449
//////////////////////////////////////////////
