 //////////////////////////////////////
 Initializating Rayleigh...

 -- Initalizing MPI...
 ---- Specified parameters:
 ---- NCPU  :   2048
 ---- NPROW :     64
 ---- NPCOL :     32
 -- MPI initialized.


 -- Initalizing Grid...
 ---- Specified parameters ----
 ---- N_R                 :     64
 ---- N_THETA             :   1536
 ---- Ell_MAX             :   1023
 ---- R_MIN               :  5.38462E-01
 ---- R_MAX               :  1.53846E+00
 ---- Chebyshev Domains   :      1

        Domain 1
          Grid points           :  64
          Dealiased Polynomials :  42
          Domain Lower Bound    :  5.38462E-01
          Domain Upper Bound    :  1.53846E+00

 -- Grid initialized.

[SHTns 3.4.5] built Apr 30 2021, 15:49:24, id: avx2,ishioka
        Lmax=1023, Mmax*Mres=1023, Mres=1, Nlm=524800  [1 threads, orthonormalized]
        => using FFTW : Mmax=1023, Nphi=3072, Nlat=1536  (data layout : phi_inc=1536, theta_inc=1, phi_embed=3072)
        => using Gauss nodes
        + polar optimization threshold = 1.0e-08
        finding optimal algorithm...
        + SHT accuracy = 1.18e-12
        => SHTns is ready.
 -- Initalizing Reference State...
 ---- Specified parameters:
 ---- Reference type           :  Boussinesq (Non-dimensional)
 ---- Rayleigh Number          :  1.00000E+05
 ---- Ekman Number             :  1.00000E-03
 ---- Prandtl Number           :  1.00000E+00
 ---- Magnetic Prandtl Number  :  5.00000E+00
 -- Reference State initialized.

 -- Initializing Fields...
 ---- Specified parameters:
 ---- Hydro Init Type    : Benchmark (Christensen et al. 2001)
 ---- Magnetic Init Type : Benchmark (Christensen et al. 2001)
 -- Fields initialized.

 Initialization Complete.
 //////////////////////////////////////

 Timestep has changed from  0.00000E+00 to  1.00000E-04.
 Iteration:  00000001   DeltaT:  1.000E-04   Iter/sec:  0.000E+00
 Timestep has changed from  1.00000E-04 to  4.46409E-06.
 Iteration:  00000002   DeltaT:  4.464E-06   Iter/sec:  1.299E-01
 Iteration:  00000003   DeltaT:  4.464E-06   Iter/sec:  2.146E+00
 Iteration:  00000004   DeltaT:  4.464E-06   Iter/sec:  2.043E+00
 Iteration:  00000005   DeltaT:  4.464E-06   Iter/sec:  2.060E+00
 Iteration:  00000006   DeltaT:  4.464E-06   Iter/sec:  2.203E+00
 Iteration:  00000007   DeltaT:  4.464E-06   Iter/sec:  2.084E+00
 Iteration:  00000008   DeltaT:  4.464E-06   Iter/sec:  2.042E+00
 Iteration:  00000009   DeltaT:  4.464E-06   Iter/sec:  1.923E+00
 Iteration:  00000010   DeltaT:  4.464E-06   Iter/sec:  2.240E+00
 Iteration:  00000011   DeltaT:  4.464E-06   Iter/sec:  2.203E+00
 Iteration:  00000012   DeltaT:  4.464E-06   Iter/sec:  1.985E+00
 Iteration:  00000013   DeltaT:  4.464E-06   Iter/sec:  2.009E+00
 Iteration:  00000014   DeltaT:  4.464E-06   Iter/sec:  2.113E+00
 Iteration:  00000015   DeltaT:  4.464E-06   Iter/sec:  2.215E+00
 Iteration:  00000016   DeltaT:  4.464E-06   Iter/sec:  2.102E+00
 Iteration:  00000017   DeltaT:  4.464E-06   Iter/sec:  2.150E+00
 Iteration:  00000018   DeltaT:  4.464E-06   Iter/sec:  2.135E+00
 Iteration:  00000019   DeltaT:  4.464E-06   Iter/sec:  2.151E+00
 Iteration:  00000020   DeltaT:  4.464E-06   Iter/sec:  2.082E+00
 Iteration:  00000021   DeltaT:  4.464E-06   Iter/sec:  2.096E+00
 Iteration:  00000022   DeltaT:  4.464E-06   Iter/sec:  2.151E+00
 Iteration:  00000023   DeltaT:  4.464E-06   Iter/sec:  2.111E+00
 Iteration:  00000024   DeltaT:  4.464E-06   Iter/sec:  2.053E+00
 Iteration:  00000025   DeltaT:  4.464E-06   Iter/sec:  2.269E+00
 Iteration:  00000026   DeltaT:  4.464E-06   Iter/sec:  2.004E+00
 Iteration:  00000027   DeltaT:  4.464E-06   Iter/sec:  2.155E+00
 Iteration:  00000028   DeltaT:  4.464E-06   Iter/sec:  2.165E+00
 Iteration:  00000029   DeltaT:  4.464E-06   Iter/sec:  2.123E+00
 Iteration:  00000030   DeltaT:  4.464E-06   Iter/sec:  2.129E+00
 Iteration:  00000031   DeltaT:  4.464E-06   Iter/sec:  2.092E+00
 Iteration:  00000032   DeltaT:  4.464E-06   Iter/sec:  2.167E+00
 Iteration:  00000033   DeltaT:  4.464E-06   Iter/sec:  2.132E+00
 Iteration:  00000034   DeltaT:  4.464E-06   Iter/sec:  2.064E+00
 Iteration:  00000035   DeltaT:  4.464E-06   Iter/sec:  2.066E+00
 Iteration:  00000036   DeltaT:  4.464E-06   Iter/sec:  2.212E+00
 Iteration:  00000037   DeltaT:  4.464E-06   Iter/sec:  2.155E+00
 Iteration:  00000038   DeltaT:  4.464E-06   Iter/sec:  2.010E+00
 Iteration:  00000039   DeltaT:  4.464E-06   Iter/sec:  2.049E+00
 Iteration:  00000040   DeltaT:  4.464E-06   Iter/sec:  2.255E+00
 Iteration:  00000041   DeltaT:  4.464E-06   Iter/sec:  1.996E+00
 Iteration:  00000042   DeltaT:  4.464E-06   Iter/sec:  2.191E+00
 Iteration:  00000043   DeltaT:  4.464E-06   Iter/sec:  2.160E+00
 Iteration:  00000044   DeltaT:  4.464E-06   Iter/sec:  2.118E+00
 Iteration:  00000045   DeltaT:  4.464E-06   Iter/sec:  2.064E+00
 Iteration:  00000046   DeltaT:  4.464E-06   Iter/sec:  2.096E+00
 Iteration:  00000047   DeltaT:  4.464E-06   Iter/sec:  2.046E+00
 Iteration:  00000048   DeltaT:  4.464E-06   Iter/sec:  2.212E+00
 Iteration:  00000049   DeltaT:  4.464E-06   Iter/sec:  1.929E+00
 Iteration:  00000050   DeltaT:  4.464E-06   Iter/sec:  2.116E+00


//////////////////////////////////////////////
   Measured Timings for Process 0  (seconds)

 Elapsed time:        23.7404
  Column time:         7.6826
     Row time:         7.7535
Legendre time:         3.2372
     FFT time:         1.0901
   Solve time:         0.2638
    rlma time:         0.2006
    rlmb time:         0.0864
  pspace time:         1.9655
  psolve time:         1.2426
    dphi time:         0.1018
captured time:        23.6240

     iter/sec:         2.1061
//////////////////////////////////////////////
