 //////////////////////////////////////
 Initializating Rayleigh...

 -- Initalizing MPI...
 ---- Specified parameters:
 ---- NCPU  :   2048
 ---- NPROW :     64
 ---- NPCOL :     32
 -- MPI initialized.


 -- Initalizing Grid...
 ---- Specified parameters ----
 ---- N_R                 :     64
 ---- N_THETA             :    384
 ---- Ell_MAX             :    255
 ---- R_MIN               :  5.38462E-01
 ---- R_MAX               :  1.53846E+00
 ---- Chebyshev Domains   :      1

        Domain 1
          Grid points           :  64
          Dealiased Polynomials :  42
          Domain Lower Bound    :  5.38462E-01
          Domain Upper Bound    :  1.53846E+00

 -- Grid initialized.

[SHTns 3.4.5] built Apr 30 2021, 15:49:24, id: avx2,ishioka
        Lmax=255, Mmax*Mres=255, Mres=1, Nlm=32896  [1 threads, orthonormalized]
        => using FFTW : Mmax=255, Nphi=768, Nlat=384  (data layout : phi_inc=384, theta_inc=1, phi_embed=768)
        => using Gauss nodes
        + polar optimization threshold = 1.0e-08
        finding optimal algorithm..........
        + SHT accuracy = 1.29e-12
        => SHTns is ready.
 -- Initalizing Reference State...
 ---- Specified parameters:
 ---- Reference type           :  Boussinesq (Non-dimensional)
 ---- Rayleigh Number          :  1.00000E+05
 ---- Ekman Number             :  1.00000E-03
 ---- Prandtl Number           :  1.00000E+00
 ---- Magnetic Prandtl Number  :  5.00000E+00
 -- Reference State initialized.

 -- Initializing Fields...
 ---- Specified parameters:
 ---- Hydro Init Type    : Benchmark (Christensen et al. 2001)
 ---- Magnetic Init Type : Benchmark (Christensen et al. 2001)
 -- Fields initialized.

 Initialization Complete.
 //////////////////////////////////////

 Timestep has changed from  0.00000E+00 to  1.00000E-04.
 Iteration:  00000001   DeltaT:  1.000E-04   Iter/sec:  0.000E+00
 Timestep has changed from  1.00000E-04 to  1.02211E-05.
 Iteration:  00000002   DeltaT:  1.022E-05   Iter/sec:  1.150E-01
 Iteration:  00000003   DeltaT:  1.022E-05   Iter/sec:  3.115E+01
 Iteration:  00000004   DeltaT:  1.022E-05   Iter/sec:  4.200E+01
 Iteration:  00000005   DeltaT:  1.022E-05   Iter/sec:  5.590E+01
 Iteration:  00000006   DeltaT:  1.022E-05   Iter/sec:  5.486E+01
 Iteration:  00000007   DeltaT:  1.022E-05   Iter/sec:  5.848E+01
 Iteration:  00000008   DeltaT:  1.022E-05   Iter/sec:  3.670E+01
 Iteration:  00000009   DeltaT:  1.022E-05   Iter/sec:  1.449E+01
 Iteration:  00000010   DeltaT:  1.022E-05   Iter/sec:  3.749E+01
 Iteration:  00000011   DeltaT:  1.022E-05   Iter/sec:  5.278E+01
 Iteration:  00000012   DeltaT:  1.022E-05   Iter/sec:  6.107E+01
 Iteration:  00000013   DeltaT:  1.022E-05   Iter/sec:  5.734E+01
 Iteration:  00000014   DeltaT:  1.022E-05   Iter/sec:  5.331E+01
 Iteration:  00000015   DeltaT:  1.022E-05   Iter/sec:  5.726E+01
 Iteration:  00000016   DeltaT:  1.022E-05   Iter/sec:  5.776E+01
 Iteration:  00000017   DeltaT:  1.022E-05   Iter/sec:  6.016E+01
 Iteration:  00000018   DeltaT:  1.022E-05   Iter/sec:  5.281E+01
 Iteration:  00000019   DeltaT:  1.022E-05   Iter/sec:  5.643E+01
 Iteration:  00000020   DeltaT:  1.022E-05   Iter/sec:  4.466E+01
 Iteration:  00000021   DeltaT:  1.022E-05   Iter/sec:  2.218E+01
 Iteration:  00000022   DeltaT:  1.022E-05   Iter/sec:  5.547E+01
 Iteration:  00000023   DeltaT:  1.022E-05   Iter/sec:  5.638E+01
 Iteration:  00000024   DeltaT:  1.022E-05   Iter/sec:  4.849E+01
 Iteration:  00000025   DeltaT:  1.022E-05   Iter/sec:  6.101E+01
 Iteration:  00000026   DeltaT:  1.022E-05   Iter/sec:  5.761E+01
 Iteration:  00000027   DeltaT:  1.022E-05   Iter/sec:  5.863E+01
 Iteration:  00000028   DeltaT:  1.022E-05   Iter/sec:  5.646E+01
 Iteration:  00000029   DeltaT:  1.022E-05   Iter/sec:  5.712E+01
 Iteration:  00000030   DeltaT:  1.022E-05   Iter/sec:  5.747E+01
 Iteration:  00000031   DeltaT:  1.022E-05   Iter/sec:  5.171E+01
 Iteration:  00000032   DeltaT:  1.022E-05   Iter/sec:  3.807E+01
 Iteration:  00000033   DeltaT:  1.022E-05   Iter/sec:  2.949E+01
 Iteration:  00000034   DeltaT:  1.022E-05   Iter/sec:  5.571E+01
 Iteration:  00000035   DeltaT:  1.022E-05   Iter/sec:  5.836E+01
 Iteration:  00000036   DeltaT:  1.022E-05   Iter/sec:  5.797E+01
 Iteration:  00000037   DeltaT:  1.022E-05   Iter/sec:  5.915E+01
 Iteration:  00000038   DeltaT:  1.022E-05   Iter/sec:  2.394E+01
 Iteration:  00000039   DeltaT:  1.022E-05   Iter/sec:  1.617E+01
 Iteration:  00000040   DeltaT:  1.022E-05   Iter/sec:  4.883E+01
 Iteration:  00000041   DeltaT:  1.022E-05   Iter/sec:  5.753E+01
 Iteration:  00000042   DeltaT:  1.022E-05   Iter/sec:  5.149E+01
 Iteration:  00000043   DeltaT:  1.022E-05   Iter/sec:  5.956E+01
 Iteration:  00000044   DeltaT:  1.022E-05   Iter/sec:  5.974E+01
 Iteration:  00000045   DeltaT:  1.022E-05   Iter/sec:  5.772E+01
 Iteration:  00000046   DeltaT:  1.022E-05   Iter/sec:  5.741E+01
 Iteration:  00000047   DeltaT:  1.022E-05   Iter/sec:  5.666E+01
 Iteration:  00000048   DeltaT:  1.022E-05   Iter/sec:  5.365E+01
 Iteration:  00000049   DeltaT:  1.022E-05   Iter/sec:  5.675E+01
 Iteration:  00000050   DeltaT:  1.022E-05   Iter/sec:  4.336E+01


//////////////////////////////////////////////
   Measured Timings for Process 0  (seconds)

 Elapsed time:         1.2423
  Column time:         0.4508
     Row time:         0.5228
Legendre time:         0.0594
     FFT time:         0.0393
   Solve time:         0.0586
    rlma time:         0.0131
    rlmb time:         0.0058
  pspace time:         0.0221
  psolve time:         0.0562
    dphi time:         0.0029
captured time:         1.2311

     iter/sec:        40.2466
//////////////////////////////////////////////
