 //////////////////////////////////////
 Initializating Rayleigh...

 -- Initalizing MPI...
 ---- Specified parameters:
 ---- NCPU  :    128
 ---- NPROW :      8
 ---- NPCOL :     16
 -- MPI initialized.


 -- Initalizing Grid...
 ---- Specified parameters ----
 ---- N_R                 :     64
 ---- N_THETA             :    192
 ---- Ell_MAX             :    127
 ---- R_MIN               :  5.38462E-01
 ---- R_MAX               :  1.53846E+00
 ---- Chebyshev Domains   :      1

        Domain 1
          Grid points           :  64
          Dealiased Polynomials :  42
          Domain Lower Bound    :  5.38462E-01
          Domain Upper Bound    :  1.53846E+00

 -- Grid initialized.

[SHTns 3.4.5] built Apr 30 2021, 15:49:24, id: avx2,ishioka
        Lmax=127, Mmax*Mres=127, Mres=1, Nlm=8256  [1 threads, orthonormalized]
        => using FFTW : Mmax=127, Nphi=384, Nlat=192  (data layout : phi_inc=192, theta_inc=1, phi_embed=384)
        => using Gauss nodes
        + polar optimization threshold = 1.0e-08
        finding optimal algorithm........
        + SHT accuracy = 3.64e-14
        => SHTns is ready.
 -- Initalizing Reference State...
 ---- Specified parameters:
 ---- Reference type           :  Boussinesq (Non-dimensional)
 ---- Rayleigh Number          :  1.00000E+05
 ---- Ekman Number             :  1.00000E-03
 ---- Prandtl Number           :  1.00000E+00
 ---- Magnetic Prandtl Number  :  5.00000E+00
 -- Reference State initialized.

 -- Initializing Fields...
 ---- Specified parameters:
 ---- Hydro Init Type    : Benchmark (Christensen et al. 2001)
 ---- Magnetic Init Type : Benchmark (Christensen et al. 2001)
 -- Fields initialized.

 Initialization Complete.
 //////////////////////////////////////

 Timestep has changed from  0.00000E+00 to  1.00000E-04.
 Iteration:  00000001   DeltaT:  1.000E-04   Iter/sec:  0.000E+00
 Timestep has changed from  1.00000E-04 to  1.02217E-05.
 Iteration:  00000002   DeltaT:  1.022E-05   Iter/sec:  2.463E-01
 Iteration:  00000003   DeltaT:  1.022E-05   Iter/sec:  1.648E+01
 Iteration:  00000004   DeltaT:  1.022E-05   Iter/sec:  2.022E+01
 Iteration:  00000005   DeltaT:  1.022E-05   Iter/sec:  2.025E+01
 Iteration:  00000006   DeltaT:  1.022E-05   Iter/sec:  2.053E+01
 Iteration:  00000007   DeltaT:  1.022E-05   Iter/sec:  2.023E+01
 Iteration:  00000008   DeltaT:  1.022E-05   Iter/sec:  2.044E+01
 Iteration:  00000009   DeltaT:  1.022E-05   Iter/sec:  1.448E+01
 Iteration:  00000010   DeltaT:  1.022E-05   Iter/sec:  1.912E+01
 Iteration:  00000011   DeltaT:  1.022E-05   Iter/sec:  1.477E+01
 Iteration:  00000012   DeltaT:  1.022E-05   Iter/sec:  1.323E+01
 Iteration:  00000013   DeltaT:  1.022E-05   Iter/sec:  2.054E+01
 Iteration:  00000014   DeltaT:  1.022E-05   Iter/sec:  2.053E+01
 Iteration:  00000015   DeltaT:  1.022E-05   Iter/sec:  2.066E+01
 Iteration:  00000016   DeltaT:  1.022E-05   Iter/sec:  2.040E+01
 Iteration:  00000017   DeltaT:  1.022E-05   Iter/sec:  2.029E+01
 Iteration:  00000018   DeltaT:  1.022E-05   Iter/sec:  2.067E+01
 Iteration:  00000019   DeltaT:  1.022E-05   Iter/sec:  2.035E+01
 Iteration:  00000020   DeltaT:  1.022E-05   Iter/sec:  2.004E+01
 Iteration:  00000021   DeltaT:  1.022E-05   Iter/sec:  1.840E+01
 Iteration:  00000022   DeltaT:  1.022E-05   Iter/sec:  1.741E+01
 Iteration:  00000023   DeltaT:  1.022E-05   Iter/sec:  1.392E+01
 Iteration:  00000024   DeltaT:  1.022E-05   Iter/sec:  1.132E+01
 Iteration:  00000025   DeltaT:  1.022E-05   Iter/sec:  1.945E+01
 Iteration:  00000026   DeltaT:  1.022E-05   Iter/sec:  2.076E+01
 Iteration:  00000027   DeltaT:  1.022E-05   Iter/sec:  2.027E+01
 Iteration:  00000028   DeltaT:  1.022E-05   Iter/sec:  2.016E+01
 Iteration:  00000029   DeltaT:  1.022E-05   Iter/sec:  2.075E+01
 Iteration:  00000030   DeltaT:  1.022E-05   Iter/sec:  2.013E+01
 Iteration:  00000031   DeltaT:  1.022E-05   Iter/sec:  2.029E+01
 Iteration:  00000032   DeltaT:  1.022E-05   Iter/sec:  2.045E+01
 Iteration:  00000033   DeltaT:  1.022E-05   Iter/sec:  1.334E+01
 Iteration:  00000034   DeltaT:  1.022E-05   Iter/sec:  2.003E+01
 Iteration:  00000035   DeltaT:  1.022E-05   Iter/sec:  1.038E+01
 Iteration:  00000036   DeltaT:  1.022E-05   Iter/sec:  1.789E+01
 Iteration:  00000037   DeltaT:  1.022E-05   Iter/sec:  2.075E+01
 Iteration:  00000038   DeltaT:  1.022E-05   Iter/sec:  2.017E+01
 Iteration:  00000039   DeltaT:  1.022E-05   Iter/sec:  2.053E+01
 Iteration:  00000040   DeltaT:  1.022E-05   Iter/sec:  2.028E+01
 Iteration:  00000041   DeltaT:  1.022E-05   Iter/sec:  2.044E+01
 Iteration:  00000042   DeltaT:  1.022E-05   Iter/sec:  2.056E+01
 Iteration:  00000043   DeltaT:  1.022E-05   Iter/sec:  2.064E+01
 Iteration:  00000044   DeltaT:  1.022E-05   Iter/sec:  1.583E+01
 Iteration:  00000045   DeltaT:  1.022E-05   Iter/sec:  1.822E+01
 Iteration:  00000046   DeltaT:  1.022E-05   Iter/sec:  1.410E+01
 Iteration:  00000047   DeltaT:  1.022E-05   Iter/sec:  1.289E+01
 Iteration:  00000048   DeltaT:  1.022E-05   Iter/sec:  2.090E+01
 Iteration:  00000049   DeltaT:  1.022E-05   Iter/sec:  2.035E+01
 Iteration:  00000050   DeltaT:  1.022E-05   Iter/sec:  2.073E+01


//////////////////////////////////////////////
   Measured Timings for Process 0  (seconds)

 Elapsed time:         2.7725
  Column time:         0.7999
     Row time:         0.8043
Legendre time:         0.1759
     FFT time:         0.2350
   Solve time:         0.0884
    rlma time:         0.0446
    rlmb time:         0.0193
  pspace time:         0.3345
  psolve time:         0.2132
    dphi time:         0.0247
captured time:         2.7398

     iter/sec:        18.0342
//////////////////////////////////////////////
