 //////////////////////////////////////
 Initializating Rayleigh...

 -- Initalizing MPI...
 ---- Specified parameters:
 ---- NCPU  :     64
 ---- NPROW :     16
 ---- NPCOL :      4
 -- MPI initialized.


 -- Initalizing Grid...
 ---- Specified parameters ----
 ---- N_R                 :    128
 ---- N_THETA             :    384
 ---- Ell_MAX             :    255
 ---- R_MIN               :  5.38462E-01
 ---- R_MAX               :  1.53846E+00
 ---- Chebyshev Domains   :      1

        Domain 1
          Grid points           :  128
          Dealiased Polynomials :  85
          Domain Lower Bound    :  5.38462E-01
          Domain Upper Bound    :  1.53846E+00

 -- Grid initialized.

[SHTns 3.4.5] built Apr 30 2021, 15:49:24, id: avx2,ishioka
        Lmax=255, Mmax*Mres=255, Mres=1, Nlm=32896  [1 threads, orthonormalized]
        => using FFTW : Mmax=255, Nphi=768, Nlat=384  (data layout : phi_inc=384, theta_inc=1, phi_embed=768)
        => using Gauss nodes
        + polar optimization threshold = 1.0e-08
        finding optimal algorithm..........
        + SHT accuracy = 1.86e-12
        => SHTns is ready.
 -- Initalizing Reference State...
 ---- Specified parameters:
 ---- Reference type           :  Boussinesq (Non-dimensional)
 ---- Rayleigh Number          :  1.00000E+05
 ---- Ekman Number             :  1.00000E-03
 ---- Prandtl Number           :  1.00000E+00
 ---- Magnetic Prandtl Number  :  5.00000E+00
 -- Reference State initialized.

 -- Initializing Fields...
 ---- Specified parameters:
 ---- Hydro Init Type    : Benchmark (Christensen et al. 2001)
 ---- Magnetic Init Type : Benchmark (Christensen et al. 2001)
 -- Fields initialized.

 Initialization Complete.
 //////////////////////////////////////

 Timestep has changed from  0.00000E+00 to  1.00000E-04.
 Iteration:  00000001   DeltaT:  1.000E-04   Iter/sec:  0.000E+00
 Timestep has changed from  1.00000E-04 to  2.55566E-06.
 Iteration:  00000002   DeltaT:  2.556E-06   Iter/sec:  9.422E-02
 Iteration:  00000003   DeltaT:  2.556E-06   Iter/sec:  6.792E-01
 Iteration:  00000004   DeltaT:  2.556E-06   Iter/sec:  8.762E-01
 Iteration:  00000005   DeltaT:  2.556E-06   Iter/sec:  8.697E-01
 Iteration:  00000006   DeltaT:  2.556E-06   Iter/sec:  8.925E-01
 Iteration:  00000007   DeltaT:  2.556E-06   Iter/sec:  8.774E-01
 Iteration:  00000008   DeltaT:  2.556E-06   Iter/sec:  8.820E-01
 Iteration:  00000009   DeltaT:  2.556E-06   Iter/sec:  8.794E-01
 Iteration:  00000010   DeltaT:  2.556E-06   Iter/sec:  8.966E-01
 Iteration:  00000011   DeltaT:  2.556E-06   Iter/sec:  8.749E-01
 Iteration:  00000012   DeltaT:  2.556E-06   Iter/sec:  8.746E-01
 Iteration:  00000013   DeltaT:  2.556E-06   Iter/sec:  8.844E-01
 Iteration:  00000014   DeltaT:  2.556E-06   Iter/sec:  8.848E-01
 Iteration:  00000015   DeltaT:  2.556E-06   Iter/sec:  8.759E-01
 Iteration:  00000016   DeltaT:  2.556E-06   Iter/sec:  9.033E-01
 Iteration:  00000017   DeltaT:  2.556E-06   Iter/sec:  8.877E-01
 Iteration:  00000018   DeltaT:  2.556E-06   Iter/sec:  8.688E-01
 Iteration:  00000019   DeltaT:  2.556E-06   Iter/sec:  8.709E-01
 Iteration:  00000020   DeltaT:  2.556E-06   Iter/sec:  9.016E-01
 Iteration:  00000021   DeltaT:  2.556E-06   Iter/sec:  8.868E-01
 Iteration:  00000022   DeltaT:  2.556E-06   Iter/sec:  8.918E-01
 Iteration:  00000023   DeltaT:  2.556E-06   Iter/sec:  8.641E-01
 Iteration:  00000024   DeltaT:  2.556E-06   Iter/sec:  8.791E-01
 Iteration:  00000025   DeltaT:  2.556E-06   Iter/sec:  8.827E-01
 Iteration:  00000026   DeltaT:  2.556E-06   Iter/sec:  8.978E-01
 Iteration:  00000027   DeltaT:  2.556E-06   Iter/sec:  9.004E-01
 Iteration:  00000028   DeltaT:  2.556E-06   Iter/sec:  8.981E-01
 Iteration:  00000029   DeltaT:  2.556E-06   Iter/sec:  8.845E-01
 Iteration:  00000030   DeltaT:  2.556E-06   Iter/sec:  8.867E-01
 Iteration:  00000031   DeltaT:  2.556E-06   Iter/sec:  8.883E-01
 Iteration:  00000032   DeltaT:  2.556E-06   Iter/sec:  8.917E-01
 Iteration:  00000033   DeltaT:  2.556E-06   Iter/sec:  9.058E-01
 Iteration:  00000034   DeltaT:  2.556E-06   Iter/sec:  8.871E-01
 Iteration:  00000035   DeltaT:  2.556E-06   Iter/sec:  8.661E-01
 Iteration:  00000036   DeltaT:  2.556E-06   Iter/sec:  8.920E-01
 Iteration:  00000037   DeltaT:  2.556E-06   Iter/sec:  8.957E-01
 Iteration:  00000038   DeltaT:  2.556E-06   Iter/sec:  8.839E-01
 Iteration:  00000039   DeltaT:  2.556E-06   Iter/sec:  8.758E-01
 Iteration:  00000040   DeltaT:  2.556E-06   Iter/sec:  9.052E-01
 Iteration:  00000041   DeltaT:  2.556E-06   Iter/sec:  8.882E-01
 Iteration:  00000042   DeltaT:  2.556E-06   Iter/sec:  8.759E-01
 Iteration:  00000043   DeltaT:  2.556E-06   Iter/sec:  8.794E-01
 Iteration:  00000044   DeltaT:  2.556E-06   Iter/sec:  8.935E-01
 Iteration:  00000045   DeltaT:  2.556E-06   Iter/sec:  8.935E-01
 Iteration:  00000046   DeltaT:  2.556E-06   Iter/sec:  8.437E-01
 Iteration:  00000047   DeltaT:  2.556E-06   Iter/sec:  8.803E-01
 Iteration:  00000048   DeltaT:  2.556E-06   Iter/sec:  9.006E-01
 Iteration:  00000049   DeltaT:  2.556E-06   Iter/sec:  8.942E-01
 Iteration:  00000050   DeltaT:  2.556E-06   Iter/sec:  8.531E-01


//////////////////////////////////////////////
   Measured Timings for Process 0  (seconds)

 Elapsed time:        57.2475
  Column time:         6.5643
     Row time:        21.3826
Legendre time:         5.0905
     FFT time:         3.9670
   Solve time:         1.8646
    rlma time:         1.3299
    rlmb time:         0.7262
  pspace time:         7.9698
  psolve time:         7.2085
    dphi time:         0.3018
captured time:        56.4052

     iter/sec:         0.8734
//////////////////////////////////////////////
