 //////////////////////////////////////
 Initializating Rayleigh...

 -- Initalizing MPI...
 ---- Specified parameters:
 ---- NCPU  :   1024
 ---- NPROW :     64
 ---- NPCOL :     16
 -- MPI initialized.


 -- Initalizing Grid...
 ---- Specified parameters ----
 ---- N_R                 :    128
 ---- N_THETA             :   1536
 ---- Ell_MAX             :   1023
 ---- R_MIN               :  5.38462E-01
 ---- R_MAX               :  1.53846E+00
 ---- Chebyshev Domains   :      1

        Domain 1
          Grid points           :  128
          Dealiased Polynomials :  85
          Domain Lower Bound    :  5.38462E-01
          Domain Upper Bound    :  1.53846E+00

 -- Grid initialized.

[SHTns 3.4.5] built Apr 30 2021, 15:49:24, id: avx2,ishioka
        Lmax=1023, Mmax*Mres=1023, Mres=1, Nlm=524800  [1 threads, orthonormalized]
        => using FFTW : Mmax=1023, Nphi=3072, Nlat=1536  (data layout : phi_inc=1536, theta_inc=1, phi_embed=3072)
        => using Gauss nodes
        + polar optimization threshold = 1.0e-08
        finding optimal algorithm...
        + SHT accuracy = 1.39e-12
        => SHTns is ready.
 -- Initalizing Reference State...
 ---- Specified parameters:
 ---- Reference type           :  Boussinesq (Non-dimensional)
 ---- Rayleigh Number          :  1.00000E+05
 ---- Ekman Number             :  1.00000E-03
 ---- Prandtl Number           :  1.00000E+00
 ---- Magnetic Prandtl Number  :  5.00000E+00
 -- Reference State initialized.

 -- Initializing Fields...
 ---- Specified parameters:
 ---- Hydro Init Type    : Benchmark (Christensen et al. 2001)
 ---- Magnetic Init Type : Benchmark (Christensen et al. 2001)
 -- Fields initialized.

 Initialization Complete.
 //////////////////////////////////////

 Timestep has changed from  0.00000E+00 to  1.00000E-04.
 Iteration:  00000001   DeltaT:  1.000E-04   Iter/sec:  0.000E+00
 Timestep has changed from  1.00000E-04 to  2.55561E-06.
 Iteration:  00000002   DeltaT:  2.556E-06   Iter/sec:  9.883E-02
 Iteration:  00000003   DeltaT:  2.556E-06   Iter/sec:  5.087E-01
 Iteration:  00000004   DeltaT:  2.556E-06   Iter/sec:  5.873E-01
 Iteration:  00000005   DeltaT:  2.556E-06   Iter/sec:  5.853E-01
 Iteration:  00000006   DeltaT:  2.556E-06   Iter/sec:  5.871E-01
 Iteration:  00000007   DeltaT:  2.556E-06   Iter/sec:  5.930E-01
 Iteration:  00000008   DeltaT:  2.556E-06   Iter/sec:  5.886E-01
 Iteration:  00000009   DeltaT:  2.556E-06   Iter/sec:  5.888E-01
 Iteration:  00000010   DeltaT:  2.556E-06   Iter/sec:  5.973E-01
 Iteration:  00000011   DeltaT:  2.556E-06   Iter/sec:  5.932E-01
 Iteration:  00000012   DeltaT:  2.556E-06   Iter/sec:  5.918E-01
 Iteration:  00000013   DeltaT:  2.556E-06   Iter/sec:  5.906E-01
 Iteration:  00000014   DeltaT:  2.556E-06   Iter/sec:  5.911E-01
 Iteration:  00000015   DeltaT:  2.556E-06   Iter/sec:  5.879E-01
 Iteration:  00000016   DeltaT:  2.556E-06   Iter/sec:  5.818E-01
 Iteration:  00000017   DeltaT:  2.556E-06   Iter/sec:  5.944E-01
 Iteration:  00000018   DeltaT:  2.556E-06   Iter/sec:  5.896E-01
 Iteration:  00000019   DeltaT:  2.556E-06   Iter/sec:  5.864E-01
 Iteration:  00000020   DeltaT:  2.556E-06   Iter/sec:  5.857E-01
 Iteration:  00000021   DeltaT:  2.556E-06   Iter/sec:  5.810E-01
 Iteration:  00000022   DeltaT:  2.556E-06   Iter/sec:  5.971E-01
 Iteration:  00000023   DeltaT:  2.556E-06   Iter/sec:  5.927E-01
 Iteration:  00000024   DeltaT:  2.556E-06   Iter/sec:  5.845E-01
 Iteration:  00000025   DeltaT:  2.556E-06   Iter/sec:  5.801E-01
 Iteration:  00000026   DeltaT:  2.556E-06   Iter/sec:  5.814E-01
 Iteration:  00000027   DeltaT:  2.556E-06   Iter/sec:  5.772E-01
 Iteration:  00000028   DeltaT:  2.556E-06   Iter/sec:  5.942E-01
 Iteration:  00000029   DeltaT:  2.556E-06   Iter/sec:  5.959E-01
 Iteration:  00000030   DeltaT:  2.556E-06   Iter/sec:  5.904E-01
 Iteration:  00000031   DeltaT:  2.556E-06   Iter/sec:  5.810E-01
 Iteration:  00000032   DeltaT:  2.556E-06   Iter/sec:  5.897E-01
 Iteration:  00000033   DeltaT:  2.556E-06   Iter/sec:  5.952E-01
 Iteration:  00000034   DeltaT:  2.556E-06   Iter/sec:  5.931E-01
 Iteration:  00000035   DeltaT:  2.556E-06   Iter/sec:  5.865E-01
 Iteration:  00000036   DeltaT:  2.556E-06   Iter/sec:  5.871E-01
 Iteration:  00000037   DeltaT:  2.556E-06   Iter/sec:  5.947E-01
 Iteration:  00000038   DeltaT:  2.556E-06   Iter/sec:  5.886E-01
 Iteration:  00000039   DeltaT:  2.556E-06   Iter/sec:  5.827E-01
 Iteration:  00000040   DeltaT:  2.556E-06   Iter/sec:  5.851E-01
 Iteration:  00000041   DeltaT:  2.556E-06   Iter/sec:  5.866E-01
 Iteration:  00000042   DeltaT:  2.556E-06   Iter/sec:  5.971E-01
 Iteration:  00000043   DeltaT:  2.556E-06   Iter/sec:  5.791E-01
 Iteration:  00000044   DeltaT:  2.556E-06   Iter/sec:  5.740E-01
 Iteration:  00000045   DeltaT:  2.556E-06   Iter/sec:  6.038E-01
 Iteration:  00000046   DeltaT:  2.556E-06   Iter/sec:  5.724E-01
 Iteration:  00000047   DeltaT:  2.556E-06   Iter/sec:  5.873E-01
 Iteration:  00000048   DeltaT:  2.556E-06   Iter/sec:  5.938E-01
 Iteration:  00000049   DeltaT:  2.556E-06   Iter/sec:  5.878E-01
 Iteration:  00000050   DeltaT:  2.556E-06   Iter/sec:  5.859E-01


//////////////////////////////////////////////
   Measured Timings for Process 0  (seconds)

 Elapsed time:        85.3927
  Column time:        18.8454
     Row time:        29.5131
Legendre time:        12.6300
     FFT time:         4.2430
   Solve time:         1.9079
    rlma time:         1.1343
    rlmb time:         0.4820
  pspace time:         8.7027
  psolve time:         6.7335
    dphi time:         0.4560
captured time:        84.6478

     iter/sec:         0.5855
//////////////////////////////////////////////
