 //////////////////////////////////////
 Initializating Rayleigh...

 -- Initalizing MPI...
 ---- Specified parameters:
 ---- NCPU  :   2048
 ---- NPROW :     32
 ---- NPCOL :     64
 -- MPI initialized.


 -- Initalizing Grid...
 ---- Specified parameters ----
 ---- N_R                 :    128
 ---- N_THETA             :    384
 ---- Ell_MAX             :    255
 ---- R_MIN               :  5.38462E-01
 ---- R_MAX               :  1.53846E+00
 ---- Chebyshev Domains   :      1

        Domain 1
          Grid points           :  128
          Dealiased Polynomials :  85
          Domain Lower Bound    :  5.38462E-01
          Domain Upper Bound    :  1.53846E+00

 -- Grid initialized.

[SHTns 3.4.5] built Apr 30 2021, 15:49:24, id: avx2,ishioka
        Lmax=255, Mmax*Mres=255, Mres=1, Nlm=32896  [1 threads, orthonormalized]
        => using FFTW : Mmax=255, Nphi=768, Nlat=384  (data layout : phi_inc=384, theta_inc=1, phi_embed=768)
        => using Gauss nodes
        + polar optimization threshold = 1.0e-08
        finding optimal algorithm..........
        + SHT accuracy = 1.2e-12
        => SHTns is ready.
 -- Initalizing Reference State...
 ---- Specified parameters:
 ---- Reference type           :  Boussinesq (Non-dimensional)
 ---- Rayleigh Number          :  1.00000E+05
 ---- Ekman Number             :  1.00000E-03
 ---- Prandtl Number           :  1.00000E+00
 ---- Magnetic Prandtl Number  :  5.00000E+00
 -- Reference State initialized.

 -- Initializing Fields...
 ---- Specified parameters:
 ---- Hydro Init Type    : Benchmark (Christensen et al. 2001)
 ---- Magnetic Init Type : Benchmark (Christensen et al. 2001)
 -- Fields initialized.

 Initialization Complete.
 //////////////////////////////////////

 Timestep has changed from  0.00000E+00 to  1.00000E-04.
 Iteration:  00000001   DeltaT:  1.000E-04   Iter/sec:  0.000E+00
 Timestep has changed from  1.00000E-04 to  2.55566E-06.
 Iteration:  00000002   DeltaT:  2.556E-06   Iter/sec:  1.119E-01
 Iteration:  00000003   DeltaT:  2.556E-06   Iter/sec:  1.553E+01
 Iteration:  00000004   DeltaT:  2.556E-06   Iter/sec:  2.358E+01
 Iteration:  00000005   DeltaT:  2.556E-06   Iter/sec:  2.596E+01
 Iteration:  00000006   DeltaT:  2.556E-06   Iter/sec:  1.693E+01
 Iteration:  00000007   DeltaT:  2.556E-06   Iter/sec:  2.811E+01
 Iteration:  00000008   DeltaT:  2.556E-06   Iter/sec:  2.605E+01
 Iteration:  00000009   DeltaT:  2.556E-06   Iter/sec:  1.170E+01
 Iteration:  00000010   DeltaT:  2.556E-06   Iter/sec:  1.677E+01
 Iteration:  00000011   DeltaT:  2.556E-06   Iter/sec:  2.653E+01
 Iteration:  00000012   DeltaT:  2.556E-06   Iter/sec:  2.563E+01
 Iteration:  00000013   DeltaT:  2.556E-06   Iter/sec:  2.706E+01
 Iteration:  00000014   DeltaT:  2.556E-06   Iter/sec:  2.697E+01
 Iteration:  00000015   DeltaT:  2.556E-06   Iter/sec:  2.561E+01
 Iteration:  00000016   DeltaT:  2.556E-06   Iter/sec:  2.868E+01
 Iteration:  00000017   DeltaT:  2.556E-06   Iter/sec:  2.506E+01
 Iteration:  00000018   DeltaT:  2.556E-06   Iter/sec:  2.716E+01
 Iteration:  00000019   DeltaT:  2.556E-06   Iter/sec:  2.576E+01
 Iteration:  00000020   DeltaT:  2.556E-06   Iter/sec:  2.153E+01
 Iteration:  00000021   DeltaT:  2.556E-06   Iter/sec:  2.297E+01
 Iteration:  00000022   DeltaT:  2.556E-06   Iter/sec:  2.794E+01
 Iteration:  00000023   DeltaT:  2.556E-06   Iter/sec:  2.103E+01
 Iteration:  00000024   DeltaT:  2.556E-06   Iter/sec:  1.736E+01
 Iteration:  00000025   DeltaT:  2.556E-06   Iter/sec:  1.540E+01
 Iteration:  00000026   DeltaT:  2.556E-06   Iter/sec:  2.841E+01
 Iteration:  00000027   DeltaT:  2.556E-06   Iter/sec:  2.654E+01
 Iteration:  00000028   DeltaT:  2.556E-06   Iter/sec:  2.786E+01
 Iteration:  00000029   DeltaT:  2.556E-06   Iter/sec:  2.593E+01
 Iteration:  00000030   DeltaT:  2.556E-06   Iter/sec:  2.804E+01
 Iteration:  00000031   DeltaT:  2.556E-06   Iter/sec:  2.187E+01
 Iteration:  00000032   DeltaT:  2.556E-06   Iter/sec:  2.547E+01
 Iteration:  00000033   DeltaT:  2.556E-06   Iter/sec:  2.666E+01
 Iteration:  00000034   DeltaT:  2.556E-06   Iter/sec:  2.407E+01
 Iteration:  00000035   DeltaT:  2.556E-06   Iter/sec:  2.762E+01
 Iteration:  00000036   DeltaT:  2.556E-06   Iter/sec:  1.729E+01
 Iteration:  00000037   DeltaT:  2.556E-06   Iter/sec:  1.871E+01
 Iteration:  00000038   DeltaT:  2.556E-06   Iter/sec:  2.424E+01
 Iteration:  00000039   DeltaT:  2.556E-06   Iter/sec:  1.235E+01
 Iteration:  00000040   DeltaT:  2.556E-06   Iter/sec:  1.940E+01
 Iteration:  00000041   DeltaT:  2.556E-06   Iter/sec:  2.466E+01
 Iteration:  00000042   DeltaT:  2.556E-06   Iter/sec:  2.765E+01
 Iteration:  00000043   DeltaT:  2.556E-06   Iter/sec:  2.680E+01
 Iteration:  00000044   DeltaT:  2.556E-06   Iter/sec:  2.666E+01
 Iteration:  00000045   DeltaT:  2.556E-06   Iter/sec:  2.556E+01
 Iteration:  00000046   DeltaT:  2.556E-06   Iter/sec:  2.657E+01
 Iteration:  00000047   DeltaT:  2.556E-06   Iter/sec:  2.709E+01
 Iteration:  00000048   DeltaT:  2.556E-06   Iter/sec:  2.599E+01
 Iteration:  00000049   DeltaT:  2.556E-06   Iter/sec:  2.430E+01
 Iteration:  00000050   DeltaT:  2.556E-06   Iter/sec:  2.642E+01


//////////////////////////////////////////////
   Measured Timings for Process 0  (seconds)

 Elapsed time:         2.3504
  Column time:         1.0222
     Row time:         0.6416
Legendre time:         0.1226
     FFT time:         0.1035
   Solve time:         0.1378
    rlma time:         0.0256
    rlmb time:         0.0106
  pspace time:         0.1020
  psolve time:         0.1556
    dphi time:         0.0096
captured time:         2.3311

     iter/sec:        21.2732
//////////////////////////////////////////////
