 //////////////////////////////////////
 Initializating Rayleigh...

 -- Initalizing MPI...
 ---- Specified parameters:
 ---- NCPU  :   2048
 ---- NPROW :     32
 ---- NPCOL :     64
 -- MPI initialized.


 -- Initalizing Grid...
 ---- Specified parameters ----
 ---- N_R                 :    128
 ---- N_THETA             :    768
 ---- Ell_MAX             :    511
 ---- R_MIN               :  5.38462E-01
 ---- R_MAX               :  1.53846E+00
 ---- Chebyshev Domains   :      1

        Domain 1
          Grid points           :  128
          Dealiased Polynomials :  85
          Domain Lower Bound    :  5.38462E-01
          Domain Upper Bound    :  1.53846E+00

 -- Grid initialized.

[SHTns 3.4.5] built Apr 30 2021, 15:49:24, id: avx2,ishioka
        Lmax=511, Mmax*Mres=511, Mres=1, Nlm=131328  [1 threads, orthonormalized]
        => using FFTW : Mmax=511, Nphi=1536, Nlat=768  (data layout : phi_inc=768, theta_inc=1, phi_embed=1536)
        => using Gauss nodes
        + polar optimization threshold = 1.0e-08
        finding optimal algorithm........
        + SHT accuracy = 4.31e-13
        => SHTns is ready.
 -- Initalizing Reference State...
 ---- Specified parameters:
 ---- Reference type           :  Boussinesq (Non-dimensional)
 ---- Rayleigh Number          :  1.00000E+05
 ---- Ekman Number             :  1.00000E-03
 ---- Prandtl Number           :  1.00000E+00
 ---- Magnetic Prandtl Number  :  5.00000E+00
 -- Reference State initialized.

 -- Initializing Fields...
 ---- Specified parameters:
 ---- Hydro Init Type    : Benchmark (Christensen et al. 2001)
 ---- Magnetic Init Type : Benchmark (Christensen et al. 2001)
 -- Fields initialized.

 Initialization Complete.
 //////////////////////////////////////

 Timestep has changed from  0.00000E+00 to  1.00000E-04.
 Iteration:  00000001   DeltaT:  1.000E-04   Iter/sec:  0.000E+00
 Timestep has changed from  1.00000E-04 to  2.55562E-06.
 Iteration:  00000002   DeltaT:  2.556E-06   Iter/sec:  1.290E-01
 Iteration:  00000003   DeltaT:  2.556E-06   Iter/sec:  4.509E+00
 Iteration:  00000004   DeltaT:  2.556E-06   Iter/sec:  4.776E+00
 Iteration:  00000005   DeltaT:  2.556E-06   Iter/sec:  5.204E+00
 Iteration:  00000006   DeltaT:  2.556E-06   Iter/sec:  5.407E+00
 Iteration:  00000007   DeltaT:  2.556E-06   Iter/sec:  5.401E+00
 Iteration:  00000008   DeltaT:  2.556E-06   Iter/sec:  5.381E+00
 Iteration:  00000009   DeltaT:  2.556E-06   Iter/sec:  5.140E+00
 Iteration:  00000010   DeltaT:  2.556E-06   Iter/sec:  5.473E+00
 Iteration:  00000011   DeltaT:  2.556E-06   Iter/sec:  5.293E+00
 Iteration:  00000012   DeltaT:  2.556E-06   Iter/sec:  5.095E+00
 Iteration:  00000013   DeltaT:  2.556E-06   Iter/sec:  5.548E+00
 Iteration:  00000014   DeltaT:  2.556E-06   Iter/sec:  5.421E+00
 Iteration:  00000015   DeltaT:  2.556E-06   Iter/sec:  5.086E+00
 Iteration:  00000016   DeltaT:  2.556E-06   Iter/sec:  5.507E+00
 Iteration:  00000017   DeltaT:  2.556E-06   Iter/sec:  5.596E+00
 Iteration:  00000018   DeltaT:  2.556E-06   Iter/sec:  4.729E+00
 Iteration:  00000019   DeltaT:  2.556E-06   Iter/sec:  6.174E+00
 Iteration:  00000020   DeltaT:  2.556E-06   Iter/sec:  5.472E+00
 Iteration:  00000021   DeltaT:  2.556E-06   Iter/sec:  5.599E+00
 Iteration:  00000022   DeltaT:  2.556E-06   Iter/sec:  5.178E+00
 Iteration:  00000023   DeltaT:  2.556E-06   Iter/sec:  5.392E+00
 Iteration:  00000024   DeltaT:  2.556E-06   Iter/sec:  5.941E+00
 Iteration:  00000025   DeltaT:  2.556E-06   Iter/sec:  5.072E+00
 Iteration:  00000026   DeltaT:  2.556E-06   Iter/sec:  4.975E+00
 Iteration:  00000027   DeltaT:  2.556E-06   Iter/sec:  5.710E+00
 Iteration:  00000028   DeltaT:  2.556E-06   Iter/sec:  5.682E+00
 Iteration:  00000029   DeltaT:  2.556E-06   Iter/sec:  5.524E+00
 Iteration:  00000030   DeltaT:  2.556E-06   Iter/sec:  5.486E+00
 Iteration:  00000031   DeltaT:  2.556E-06   Iter/sec:  5.442E+00
 Iteration:  00000032   DeltaT:  2.556E-06   Iter/sec:  4.931E+00
 Iteration:  00000033   DeltaT:  2.556E-06   Iter/sec:  5.196E+00
 Iteration:  00000034   DeltaT:  2.556E-06   Iter/sec:  5.350E+00
 Iteration:  00000035   DeltaT:  2.556E-06   Iter/sec:  5.621E+00
 Iteration:  00000036   DeltaT:  2.556E-06   Iter/sec:  5.291E+00
 Iteration:  00000037   DeltaT:  2.556E-06   Iter/sec:  5.336E+00
 Iteration:  00000038   DeltaT:  2.556E-06   Iter/sec:  5.648E+00
 Iteration:  00000039   DeltaT:  2.556E-06   Iter/sec:  5.321E+00
 Iteration:  00000040   DeltaT:  2.556E-06   Iter/sec:  5.448E+00
 Iteration:  00000041   DeltaT:  2.556E-06   Iter/sec:  5.460E+00
 Iteration:  00000042   DeltaT:  2.556E-06   Iter/sec:  5.318E+00
 Iteration:  00000043   DeltaT:  2.556E-06   Iter/sec:  5.085E+00
 Iteration:  00000044   DeltaT:  2.556E-06   Iter/sec:  5.470E+00
 Iteration:  00000045   DeltaT:  2.556E-06   Iter/sec:  5.468E+00
 Iteration:  00000046   DeltaT:  2.556E-06   Iter/sec:  4.963E+00
 Iteration:  00000047   DeltaT:  2.556E-06   Iter/sec:  6.107E+00
 Iteration:  00000048   DeltaT:  2.556E-06   Iter/sec:  5.682E+00
 Iteration:  00000049   DeltaT:  2.556E-06   Iter/sec:  5.454E+00
 Iteration:  00000050   DeltaT:  2.556E-06   Iter/sec:  4.933E+00


//////////////////////////////////////////////
   Measured Timings for Process 0  (seconds)

 Elapsed time:         9.4880
  Column time:         3.6944
     Row time:         2.4649
Legendre time:         0.8280
     FFT time:         0.4858
   Solve time:         0.2928
    rlma time:         0.0965
    rlmb time:         0.0409
  pspace time:         0.8801
  psolve time:         0.5980
    dphi time:         0.0482
captured time:         9.4296

     iter/sec:         5.2698
//////////////////////////////////////////////
