 //////////////////////////////////////
 Initializating Rayleigh...

 -- Initalizing MPI...
 ---- Specified parameters:
 ---- NCPU  :    512
 ---- NPROW :     32
 ---- NPCOL :     16
 -- MPI initialized.


 -- Initalizing Grid...
 ---- Specified parameters ----
 ---- N_R                 :     64
 ---- N_THETA             :   1536
 ---- Ell_MAX             :   1023
 ---- R_MIN               :  5.38462E-01
 ---- R_MAX               :  1.53846E+00
 ---- Chebyshev Domains   :      1

        Domain 1
          Grid points           :  64
          Dealiased Polynomials :  42
          Domain Lower Bound    :  5.38462E-01
          Domain Upper Bound    :  1.53846E+00

 -- Grid initialized.

[SHTns 3.4.5] built Apr 30 2021, 15:49:24, id: avx2,ishioka
        Lmax=1023, Mmax*Mres=1023, Mres=1, Nlm=524800  [1 threads, orthonormalized]
        => using FFTW : Mmax=1023, Nphi=3072, Nlat=1536  (data layout : phi_inc=1536, theta_inc=1, phi_embed=3072)
        => using Gauss nodes
        + polar optimization threshold = 1.0e-08
        finding optimal algorithm...
        + SHT accuracy = 9.16e-13
        => SHTns is ready.
 -- Initalizing Reference State...
 ---- Specified parameters:
 ---- Reference type           :  Boussinesq (Non-dimensional)
 ---- Rayleigh Number          :  1.00000E+05
 ---- Ekman Number             :  1.00000E-03
 ---- Prandtl Number           :  1.00000E+00
 ---- Magnetic Prandtl Number  :  5.00000E+00
 -- Reference State initialized.

 -- Initializing Fields...
 ---- Specified parameters:
 ---- Hydro Init Type    : Benchmark (Christensen et al. 2001)
 ---- Magnetic Init Type : Benchmark (Christensen et al. 2001)
 -- Fields initialized.

 Initialization Complete.
 //////////////////////////////////////

 Timestep has changed from  0.00000E+00 to  1.00000E-04.
 Iteration:  00000001   DeltaT:  1.000E-04   Iter/sec:  0.000E+00
 Timestep has changed from  1.00000E-04 to  4.46409E-06.
 Iteration:  00000002   DeltaT:  4.464E-06   Iter/sec:  9.800E-02
 Iteration:  00000003   DeltaT:  4.464E-06   Iter/sec:  6.617E-01
 Iteration:  00000004   DeltaT:  4.464E-06   Iter/sec:  6.778E-01
 Iteration:  00000005   DeltaT:  4.464E-06   Iter/sec:  6.846E-01
 Iteration:  00000006   DeltaT:  4.464E-06   Iter/sec:  6.668E-01
 Iteration:  00000007   DeltaT:  4.464E-06   Iter/sec:  6.773E-01
 Iteration:  00000008   DeltaT:  4.464E-06   Iter/sec:  6.769E-01
 Iteration:  00000009   DeltaT:  4.464E-06   Iter/sec:  6.904E-01
 Iteration:  00000010   DeltaT:  4.464E-06   Iter/sec:  6.638E-01
 Iteration:  00000011   DeltaT:  4.464E-06   Iter/sec:  6.850E-01
 Iteration:  00000012   DeltaT:  4.464E-06   Iter/sec:  6.570E-01
 Iteration:  00000013   DeltaT:  4.464E-06   Iter/sec:  6.750E-01
 Iteration:  00000014   DeltaT:  4.464E-06   Iter/sec:  6.785E-01
 Iteration:  00000015   DeltaT:  4.464E-06   Iter/sec:  6.727E-01
 Iteration:  00000016   DeltaT:  4.464E-06   Iter/sec:  6.879E-01
 Iteration:  00000017   DeltaT:  4.464E-06   Iter/sec:  6.759E-01
 Iteration:  00000018   DeltaT:  4.464E-06   Iter/sec:  6.791E-01
 Iteration:  00000019   DeltaT:  4.464E-06   Iter/sec:  6.677E-01
 Iteration:  00000020   DeltaT:  4.464E-06   Iter/sec:  6.858E-01
 Iteration:  00000021   DeltaT:  4.464E-06   Iter/sec:  6.663E-01
 Iteration:  00000022   DeltaT:  4.464E-06   Iter/sec:  6.725E-01
 Iteration:  00000023   DeltaT:  4.464E-06   Iter/sec:  6.756E-01
 Iteration:  00000024   DeltaT:  4.464E-06   Iter/sec:  6.748E-01
 Iteration:  00000025   DeltaT:  4.464E-06   Iter/sec:  6.872E-01
 Iteration:  00000026   DeltaT:  4.464E-06   Iter/sec:  6.730E-01
 Iteration:  00000027   DeltaT:  4.464E-06   Iter/sec:  6.832E-01
 Iteration:  00000028   DeltaT:  4.464E-06   Iter/sec:  6.680E-01
 Iteration:  00000029   DeltaT:  4.464E-06   Iter/sec:  6.777E-01
 Iteration:  00000030   DeltaT:  4.464E-06   Iter/sec:  6.822E-01
 Iteration:  00000031   DeltaT:  4.464E-06   Iter/sec:  6.609E-01
 Iteration:  00000032   DeltaT:  4.464E-06   Iter/sec:  6.800E-01
 Iteration:  00000033   DeltaT:  4.464E-06   Iter/sec:  6.930E-01
 Iteration:  00000034   DeltaT:  4.464E-06   Iter/sec:  6.677E-01
 Iteration:  00000035   DeltaT:  4.464E-06   Iter/sec:  6.657E-01
 Iteration:  00000036   DeltaT:  4.464E-06   Iter/sec:  6.926E-01
 Iteration:  00000037   DeltaT:  4.464E-06   Iter/sec:  6.778E-01
 Iteration:  00000038   DeltaT:  4.464E-06   Iter/sec:  6.622E-01
 Iteration:  00000039   DeltaT:  4.464E-06   Iter/sec:  6.626E-01
 Iteration:  00000040   DeltaT:  4.464E-06   Iter/sec:  6.757E-01
 Iteration:  00000041   DeltaT:  4.464E-06   Iter/sec:  6.890E-01
 Iteration:  00000042   DeltaT:  4.464E-06   Iter/sec:  6.690E-01
 Iteration:  00000043   DeltaT:  4.464E-06   Iter/sec:  6.774E-01
 Iteration:  00000044   DeltaT:  4.464E-06   Iter/sec:  6.727E-01
 Iteration:  00000045   DeltaT:  4.464E-06   Iter/sec:  6.825E-01
 Iteration:  00000046   DeltaT:  4.464E-06   Iter/sec:  6.686E-01
 Iteration:  00000047   DeltaT:  4.464E-06   Iter/sec:  6.821E-01
 Iteration:  00000048   DeltaT:  4.464E-06   Iter/sec:  6.717E-01
 Iteration:  00000049   DeltaT:  4.464E-06   Iter/sec:  6.810E-01
 Iteration:  00000050   DeltaT:  4.464E-06   Iter/sec:  6.795E-01


//////////////////////////////////////////////
   Measured Timings for Process 0  (seconds)

 Elapsed time:        74.1416
  Column time:        19.3764
     Row time:        19.8706
Legendre time:        12.8358
     FFT time:         4.2630
   Solve time:         0.7455
    rlma time:         0.9403
    rlmb time:         0.4198
  pspace time:         8.1774
  psolve time:         6.2691
    dphi time:         0.3466
captured time:        73.2446

     iter/sec:         0.6744
//////////////////////////////////////////////
