 //////////////////////////////////////
 Initializating Rayleigh...

 -- Initalizing MPI...
 ---- Specified parameters:
 ---- NCPU  :    256
 ---- NPROW :      8
 ---- NPCOL :     32
 -- MPI initialized.


 -- Initalizing Grid...
 ---- Specified parameters ----
 ---- N_R                 :    128
 ---- N_THETA             :    768
 ---- Ell_MAX             :    511
 ---- R_MIN               :  5.38462E-01
 ---- R_MAX               :  1.53846E+00
 ---- Chebyshev Domains   :      1

        Domain 1
          Grid points           :  128
          Dealiased Polynomials :  85
          Domain Lower Bound    :  5.38462E-01
          Domain Upper Bound    :  1.53846E+00

 -- Grid initialized.

[SHTns 3.4.5] built Apr 30 2021, 15:49:24, id: avx2,ishioka
        Lmax=511, Mmax*Mres=511, Mres=1, Nlm=131328  [1 threads, orthonormalized]
        => using FFTW : Mmax=511, Nphi=1536, Nlat=768  (data layout : phi_inc=768, theta_inc=1, phi_embed=1536)
        => using Gauss nodes
        + polar optimization threshold = 1.0e-08
        finding optimal algorithm........
        + SHT accuracy = 5.82e-13
        => SHTns is ready.
 -- Initalizing Reference State...
 ---- Specified parameters:
 ---- Reference type           :  Boussinesq (Non-dimensional)
 ---- Rayleigh Number          :  1.00000E+05
 ---- Ekman Number             :  1.00000E-03
 ---- Prandtl Number           :  1.00000E+00
 ---- Magnetic Prandtl Number  :  5.00000E+00
 -- Reference State initialized.

 -- Initializing Fields...
 ---- Specified parameters:
 ---- Hydro Init Type    : Benchmark (Christensen et al. 2001)
 ---- Magnetic Init Type : Benchmark (Christensen et al. 2001)
 -- Fields initialized.

 Initialization Complete.
 //////////////////////////////////////

 Timestep has changed from  0.00000E+00 to  1.00000E-04.
 Iteration:  00000001   DeltaT:  1.000E-04   Iter/sec:  0.000E+00
 Timestep has changed from  1.00000E-04 to  2.55562E-06.
 Iteration:  00000002   DeltaT:  2.556E-06   Iter/sec:  1.059E-01
 Iteration:  00000003   DeltaT:  2.556E-06   Iter/sec:  7.964E-01
 Iteration:  00000004   DeltaT:  2.556E-06   Iter/sec:  8.459E-01
 Iteration:  00000005   DeltaT:  2.556E-06   Iter/sec:  8.441E-01
 Iteration:  00000006   DeltaT:  2.556E-06   Iter/sec:  8.413E-01
 Iteration:  00000007   DeltaT:  2.556E-06   Iter/sec:  8.396E-01
 Iteration:  00000008   DeltaT:  2.556E-06   Iter/sec:  8.420E-01
 Iteration:  00000009   DeltaT:  2.556E-06   Iter/sec:  8.331E-01
 Iteration:  00000010   DeltaT:  2.556E-06   Iter/sec:  8.374E-01
 Iteration:  00000011   DeltaT:  2.556E-06   Iter/sec:  8.488E-01
 Iteration:  00000012   DeltaT:  2.556E-06   Iter/sec:  8.413E-01
 Iteration:  00000013   DeltaT:  2.556E-06   Iter/sec:  8.361E-01
 Iteration:  00000014   DeltaT:  2.556E-06   Iter/sec:  8.356E-01
 Iteration:  00000015   DeltaT:  2.556E-06   Iter/sec:  8.451E-01
 Iteration:  00000016   DeltaT:  2.556E-06   Iter/sec:  8.417E-01
 Iteration:  00000017   DeltaT:  2.556E-06   Iter/sec:  8.337E-01
 Iteration:  00000018   DeltaT:  2.556E-06   Iter/sec:  8.397E-01
 Iteration:  00000019   DeltaT:  2.556E-06   Iter/sec:  8.408E-01
 Iteration:  00000020   DeltaT:  2.556E-06   Iter/sec:  8.263E-01
 Iteration:  00000021   DeltaT:  2.556E-06   Iter/sec:  8.531E-01
 Iteration:  00000022   DeltaT:  2.556E-06   Iter/sec:  8.452E-01
 Iteration:  00000023   DeltaT:  2.556E-06   Iter/sec:  8.390E-01
 Iteration:  00000024   DeltaT:  2.556E-06   Iter/sec:  8.350E-01
 Iteration:  00000025   DeltaT:  2.556E-06   Iter/sec:  8.496E-01
 Iteration:  00000026   DeltaT:  2.556E-06   Iter/sec:  8.429E-01
 Iteration:  00000027   DeltaT:  2.556E-06   Iter/sec:  8.234E-01
 Iteration:  00000028   DeltaT:  2.556E-06   Iter/sec:  8.545E-01
 Iteration:  00000029   DeltaT:  2.556E-06   Iter/sec:  8.366E-01
 Iteration:  00000030   DeltaT:  2.556E-06   Iter/sec:  8.473E-01
 Iteration:  00000031   DeltaT:  2.556E-06   Iter/sec:  8.387E-01
 Iteration:  00000032   DeltaT:  2.556E-06   Iter/sec:  8.460E-01
 Iteration:  00000033   DeltaT:  2.556E-06   Iter/sec:  8.388E-01
 Iteration:  00000034   DeltaT:  2.556E-06   Iter/sec:  8.507E-01
 Iteration:  00000035   DeltaT:  2.556E-06   Iter/sec:  8.451E-01
 Iteration:  00000036   DeltaT:  2.556E-06   Iter/sec:  8.375E-01
 Iteration:  00000037   DeltaT:  2.556E-06   Iter/sec:  8.441E-01
 Iteration:  00000038   DeltaT:  2.556E-06   Iter/sec:  8.470E-01
 Iteration:  00000039   DeltaT:  2.556E-06   Iter/sec:  8.510E-01
 Iteration:  00000040   DeltaT:  2.556E-06   Iter/sec:  8.314E-01
 Iteration:  00000041   DeltaT:  2.556E-06   Iter/sec:  8.444E-01
 Iteration:  00000042   DeltaT:  2.556E-06   Iter/sec:  8.364E-01
 Iteration:  00000043   DeltaT:  2.556E-06   Iter/sec:  8.398E-01
 Iteration:  00000044   DeltaT:  2.556E-06   Iter/sec:  8.396E-01
 Iteration:  00000045   DeltaT:  2.556E-06   Iter/sec:  8.339E-01
 Iteration:  00000046   DeltaT:  2.556E-06   Iter/sec:  8.542E-01
 Iteration:  00000047   DeltaT:  2.556E-06   Iter/sec:  8.461E-01
 Iteration:  00000048   DeltaT:  2.556E-06   Iter/sec:  8.426E-01
 Iteration:  00000049   DeltaT:  2.556E-06   Iter/sec:  8.397E-01
 Iteration:  00000050   DeltaT:  2.556E-06   Iter/sec:  8.451E-01


//////////////////////////////////////////////
   Measured Timings for Process 0  (seconds)

 Elapsed time:        59.5465
  Column time:        12.3240
     Row time:        17.4382
Legendre time:         7.7177
     FFT time:         3.9890
   Solve time:         1.2932
    rlma time:         0.8528
    rlmb time:         0.4414
  pspace time:         8.1111
  psolve time:         6.3719
    dphi time:         0.3092
captured time:        58.8486

     iter/sec:         0.8397
//////////////////////////////////////////////
