 //////////////////////////////////////
 Initializating Rayleigh...

 -- Initalizing MPI...
 ---- Specified parameters:
 ---- NCPU  :   2048
 ---- NPROW :     32
 ---- NPCOL :     64
 -- MPI initialized.


 -- Initalizing Grid...
 ---- Specified parameters ----
 ---- N_R                 :     64
 ---- N_THETA             :   1536
 ---- Ell_MAX             :   1023
 ---- R_MIN               :  5.38462E-01
 ---- R_MAX               :  1.53846E+00
 ---- Chebyshev Domains   :      1

        Domain 1
          Grid points           :  64
          Dealiased Polynomials :  42
          Domain Lower Bound    :  5.38462E-01
          Domain Upper Bound    :  1.53846E+00

 -- Grid initialized.

[SHTns 3.4.5] built Apr 30 2021, 15:49:24, id: avx2,ishioka
        Lmax=1023, Mmax*Mres=1023, Mres=1, Nlm=524800  [1 threads, orthonormalized]
        => using FFTW : Mmax=1023, Nphi=3072, Nlat=1536  (data layout : phi_inc=1536, theta_inc=1, phi_embed=3072)
        => using Gauss nodes
        + polar optimization threshold = 1.0e-08
        finding optimal algorithm...
        + SHT accuracy = 1.02e-12
        => SHTns is ready.
 -- Initalizing Reference State...
 ---- Specified parameters:
 ---- Reference type           :  Boussinesq (Non-dimensional)
 ---- Rayleigh Number          :  1.00000E+05
 ---- Ekman Number             :  1.00000E-03
 ---- Prandtl Number           :  1.00000E+00
 ---- Magnetic Prandtl Number  :  5.00000E+00
 -- Reference State initialized.

 -- Initializing Fields...
 ---- Specified parameters:
 ---- Hydro Init Type    : Benchmark (Christensen et al. 2001)
 ---- Magnetic Init Type : Benchmark (Christensen et al. 2001)
 -- Fields initialized.

 Initialization Complete.
 //////////////////////////////////////

 Timestep has changed from  0.00000E+00 to  1.00000E-04.
 Iteration:  00000001   DeltaT:  1.000E-04   Iter/sec:  0.000E+00
 Timestep has changed from  1.00000E-04 to  4.46409E-06.
 Iteration:  00000002   DeltaT:  4.464E-06   Iter/sec:  1.092E-01
 Iteration:  00000003   DeltaT:  4.464E-06   Iter/sec:  2.175E+00
 Iteration:  00000004   DeltaT:  4.464E-06   Iter/sec:  2.006E+00
 Iteration:  00000005   DeltaT:  4.464E-06   Iter/sec:  2.465E+00
 Iteration:  00000006   DeltaT:  4.464E-06   Iter/sec:  2.094E+00
 Iteration:  00000007   DeltaT:  4.464E-06   Iter/sec:  2.228E+00
 Iteration:  00000008   DeltaT:  4.464E-06   Iter/sec:  2.289E+00
 Iteration:  00000009   DeltaT:  4.464E-06   Iter/sec:  2.198E+00
 Iteration:  00000010   DeltaT:  4.464E-06   Iter/sec:  2.214E+00
 Iteration:  00000011   DeltaT:  4.464E-06   Iter/sec:  2.192E+00
 Iteration:  00000012   DeltaT:  4.464E-06   Iter/sec:  2.212E+00
 Iteration:  00000013   DeltaT:  4.464E-06   Iter/sec:  2.189E+00
 Iteration:  00000014   DeltaT:  4.464E-06   Iter/sec:  2.009E+00
 Iteration:  00000015   DeltaT:  4.464E-06   Iter/sec:  2.453E+00
 Iteration:  00000016   DeltaT:  4.464E-06   Iter/sec:  2.201E+00
 Iteration:  00000017   DeltaT:  4.464E-06   Iter/sec:  2.201E+00
 Iteration:  00000018   DeltaT:  4.464E-06   Iter/sec:  2.259E+00
 Iteration:  00000019   DeltaT:  4.464E-06   Iter/sec:  2.211E+00
 Iteration:  00000020   DeltaT:  4.464E-06   Iter/sec:  2.258E+00
 Iteration:  00000021   DeltaT:  4.464E-06   Iter/sec:  2.262E+00
 Iteration:  00000022   DeltaT:  4.464E-06   Iter/sec:  2.122E+00
 Iteration:  00000023   DeltaT:  4.464E-06   Iter/sec:  2.117E+00
 Iteration:  00000024   DeltaT:  4.464E-06   Iter/sec:  2.065E+00
 Iteration:  00000025   DeltaT:  4.464E-06   Iter/sec:  2.468E+00
 Iteration:  00000026   DeltaT:  4.464E-06   Iter/sec:  2.180E+00
 Iteration:  00000027   DeltaT:  4.464E-06   Iter/sec:  2.207E+00
 Iteration:  00000028   DeltaT:  4.464E-06   Iter/sec:  2.104E+00
 Iteration:  00000029   DeltaT:  4.464E-06   Iter/sec:  2.251E+00
 Iteration:  00000030   DeltaT:  4.464E-06   Iter/sec:  2.278E+00
 Iteration:  00000031   DeltaT:  4.464E-06   Iter/sec:  2.215E+00
 Iteration:  00000032   DeltaT:  4.464E-06   Iter/sec:  2.118E+00
 Iteration:  00000033   DeltaT:  4.464E-06   Iter/sec:  2.287E+00
 Iteration:  00000034   DeltaT:  4.464E-06   Iter/sec:  2.000E+00
 Iteration:  00000035   DeltaT:  4.464E-06   Iter/sec:  2.408E+00
 Iteration:  00000036   DeltaT:  4.464E-06   Iter/sec:  2.295E+00
 Iteration:  00000037   DeltaT:  4.464E-06   Iter/sec:  2.134E+00
 Iteration:  00000038   DeltaT:  4.464E-06   Iter/sec:  2.218E+00
 Iteration:  00000039   DeltaT:  4.464E-06   Iter/sec:  2.159E+00
 Iteration:  00000040   DeltaT:  4.464E-06   Iter/sec:  2.259E+00
 Iteration:  00000041   DeltaT:  4.464E-06   Iter/sec:  2.133E+00
 Iteration:  00000042   DeltaT:  4.464E-06   Iter/sec:  2.299E+00
 Iteration:  00000043   DeltaT:  4.464E-06   Iter/sec:  2.152E+00
 Iteration:  00000044   DeltaT:  4.464E-06   Iter/sec:  2.059E+00
 Iteration:  00000045   DeltaT:  4.464E-06   Iter/sec:  2.413E+00
 Iteration:  00000046   DeltaT:  4.464E-06   Iter/sec:  2.235E+00
 Iteration:  00000047   DeltaT:  4.464E-06   Iter/sec:  2.191E+00
 Iteration:  00000048   DeltaT:  4.464E-06   Iter/sec:  2.257E+00
 Iteration:  00000049   DeltaT:  4.464E-06   Iter/sec:  2.260E+00
 Iteration:  00000050   DeltaT:  4.464E-06   Iter/sec:  2.229E+00


//////////////////////////////////////////////
   Measured Timings for Process 0  (seconds)

 Elapsed time:        22.7023
  Column time:         9.3662
     Row time:         4.9697
Legendre time:         3.3020
     FFT time:         1.1357
   Solve time:         0.2152
    rlma time:         0.2672
    rlmb time:         0.1202
  pspace time:         1.7745
  psolve time:         1.3380
    dphi time:         0.0836
captured time:        22.5722

     iter/sec:         2.2024
//////////////////////////////////////////////
