 //////////////////////////////////////
 Initializating Rayleigh...

 -- Initalizing MPI...
 ---- Specified parameters:
 ---- NCPU  :    512
 ---- NPROW :     32
 ---- NPCOL :     16
 -- MPI initialized.


 -- Initalizing Grid...
 ---- Specified parameters ----
 ---- N_R                 :     64
 ---- N_THETA             :    768
 ---- Ell_MAX             :    511
 ---- R_MIN               :  5.38462E-01
 ---- R_MAX               :  1.53846E+00
 ---- Chebyshev Domains   :      1

        Domain 1
          Grid points           :  64
          Dealiased Polynomials :  42
          Domain Lower Bound    :  5.38462E-01
          Domain Upper Bound    :  1.53846E+00

 -- Grid initialized.

[SHTns 3.4.5] built Apr 30 2021, 15:49:24, id: avx2,ishioka
        Lmax=511, Mmax*Mres=511, Mres=1, Nlm=131328  [1 threads, orthonormalized]
        => using FFTW : Mmax=511, Nphi=1536, Nlat=768  (data layout : phi_inc=768, theta_inc=1, phi_embed=1536)
        => using Gauss nodes
        + polar optimization threshold = 1.0e-08
        finding optimal algorithm........
        + SHT accuracy = 5.6e-13
        => SHTns is ready.
 -- Initalizing Reference State...
 ---- Specified parameters:
 ---- Reference type           :  Boussinesq (Non-dimensional)
 ---- Rayleigh Number          :  1.00000E+05
 ---- Ekman Number             :  1.00000E-03
 ---- Prandtl Number           :  1.00000E+00
 ---- Magnetic Prandtl Number  :  5.00000E+00
 -- Reference State initialized.

 -- Initializing Fields...
 ---- Specified parameters:
 ---- Hydro Init Type    : Benchmark (Christensen et al. 2001)
 ---- Magnetic Init Type : Benchmark (Christensen et al. 2001)
 -- Fields initialized.

 Initialization Complete.
 //////////////////////////////////////

 Timestep has changed from  0.00000E+00 to  1.00000E-04.
 Iteration:  00000001   DeltaT:  1.000E-04   Iter/sec:  0.000E+00
 Timestep has changed from  1.00000E-04 to  8.93257E-06.
 Iteration:  00000002   DeltaT:  8.933E-06   Iter/sec:  1.154E-01
 Iteration:  00000003   DeltaT:  8.933E-06   Iter/sec:  2.823E+00
 Iteration:  00000004   DeltaT:  8.933E-06   Iter/sec:  2.965E+00
 Iteration:  00000005   DeltaT:  8.933E-06   Iter/sec:  3.049E+00
 Iteration:  00000006   DeltaT:  8.933E-06   Iter/sec:  2.953E+00
 Iteration:  00000007   DeltaT:  8.933E-06   Iter/sec:  3.057E+00
 Iteration:  00000008   DeltaT:  8.933E-06   Iter/sec:  2.885E+00
 Iteration:  00000009   DeltaT:  8.933E-06   Iter/sec:  2.987E+00
 Iteration:  00000010   DeltaT:  8.933E-06   Iter/sec:  2.884E+00
 Iteration:  00000011   DeltaT:  8.933E-06   Iter/sec:  3.066E+00
 Iteration:  00000012   DeltaT:  8.933E-06   Iter/sec:  2.923E+00
 Iteration:  00000013   DeltaT:  8.933E-06   Iter/sec:  2.959E+00
 Iteration:  00000014   DeltaT:  8.933E-06   Iter/sec:  2.939E+00
 Iteration:  00000015   DeltaT:  8.933E-06   Iter/sec:  3.093E+00
 Iteration:  00000016   DeltaT:  8.933E-06   Iter/sec:  2.829E+00
 Iteration:  00000017   DeltaT:  8.933E-06   Iter/sec:  3.076E+00
 Iteration:  00000018   DeltaT:  8.933E-06   Iter/sec:  3.080E+00
 Iteration:  00000019   DeltaT:  8.933E-06   Iter/sec:  2.872E+00
 Iteration:  00000020   DeltaT:  8.933E-06   Iter/sec:  3.036E+00
 Iteration:  00000021   DeltaT:  8.933E-06   Iter/sec:  2.973E+00
 Iteration:  00000022   DeltaT:  8.933E-06   Iter/sec:  2.905E+00
 Iteration:  00000023   DeltaT:  8.933E-06   Iter/sec:  3.097E+00
 Iteration:  00000024   DeltaT:  8.933E-06   Iter/sec:  2.932E+00
 Iteration:  00000025   DeltaT:  8.933E-06   Iter/sec:  2.931E+00
 Iteration:  00000026   DeltaT:  8.933E-06   Iter/sec:  2.932E+00
 Iteration:  00000027   DeltaT:  8.933E-06   Iter/sec:  2.943E+00
 Iteration:  00000028   DeltaT:  8.933E-06   Iter/sec:  3.041E+00
 Iteration:  00000029   DeltaT:  8.933E-06   Iter/sec:  3.073E+00
 Iteration:  00000030   DeltaT:  8.933E-06   Iter/sec:  2.990E+00
 Iteration:  00000031   DeltaT:  8.933E-06   Iter/sec:  2.949E+00
 Iteration:  00000032   DeltaT:  8.933E-06   Iter/sec:  2.925E+00
 Iteration:  00000033   DeltaT:  8.933E-06   Iter/sec:  2.830E+00
 Iteration:  00000034   DeltaT:  8.933E-06   Iter/sec:  2.960E+00
 Iteration:  00000035   DeltaT:  8.933E-06   Iter/sec:  3.096E+00
 Iteration:  00000036   DeltaT:  8.933E-06   Iter/sec:  3.033E+00
 Iteration:  00000037   DeltaT:  8.933E-06   Iter/sec:  2.861E+00
 Iteration:  00000038   DeltaT:  8.933E-06   Iter/sec:  2.904E+00
 Iteration:  00000039   DeltaT:  8.933E-06   Iter/sec:  2.905E+00
 Iteration:  00000040   DeltaT:  8.933E-06   Iter/sec:  2.983E+00
 Iteration:  00000041   DeltaT:  8.933E-06   Iter/sec:  3.074E+00
 Iteration:  00000042   DeltaT:  8.933E-06   Iter/sec:  3.043E+00
 Iteration:  00000043   DeltaT:  8.933E-06   Iter/sec:  3.019E+00
 Iteration:  00000044   DeltaT:  8.933E-06   Iter/sec:  3.104E+00
 Iteration:  00000045   DeltaT:  8.933E-06   Iter/sec:  2.910E+00
 Iteration:  00000046   DeltaT:  8.933E-06   Iter/sec:  3.013E+00
 Iteration:  00000047   DeltaT:  8.933E-06   Iter/sec:  2.974E+00
 Iteration:  00000048   DeltaT:  8.933E-06   Iter/sec:  3.056E+00
 Iteration:  00000049   DeltaT:  8.933E-06   Iter/sec:  2.907E+00
 Iteration:  00000050   DeltaT:  8.933E-06   Iter/sec:  2.937E+00


//////////////////////////////////////////////
   Measured Timings for Process 0  (seconds)

 Elapsed time:        16.7975
  Column time:         4.7333
     Row time:         5.5029
Legendre time:         1.8998
     FFT time:         0.9347
   Solve time:         0.2550
    rlma time:         0.1829
    rlmb time:         0.0768
  pspace time:         1.7499
  psolve time:         1.2747
    dphi time:         0.0665
captured time:        16.6766

     iter/sec:         2.9766
//////////////////////////////////////////////
