 //////////////////////////////////////
 Initializating Rayleigh...

 -- Initalizing MPI...
 ---- Specified parameters:
 ---- NCPU  :    256
 ---- NPROW :     32
 ---- NPCOL :      8
 -- MPI initialized.


 -- Initalizing Grid...
 ---- Specified parameters ----
 ---- N_R                 :     64
 ---- N_THETA             :    384
 ---- Ell_MAX             :    255
 ---- R_MIN               :  5.38462E-01
 ---- R_MAX               :  1.53846E+00
 ---- Chebyshev Domains   :      1

        Domain 1
          Grid points           :  64
          Dealiased Polynomials :  42
          Domain Lower Bound    :  5.38462E-01
          Domain Upper Bound    :  1.53846E+00

 -- Grid initialized.

[SHTns 3.4.5] built Apr 30 2021, 15:49:24, id: avx2,ishioka
        Lmax=255, Mmax*Mres=255, Mres=1, Nlm=32896  [1 threads, orthonormalized]
        => using FFTW : Mmax=255, Nphi=768, Nlat=384  (data layout : phi_inc=384, theta_inc=1, phi_embed=768)
        => using Gauss nodes
        + polar optimization threshold = 1.0e-08
        finding optimal algorithm........
        + SHT accuracy = 2.03e-12
        => SHTns is ready.
 -- Initalizing Reference State...
 ---- Specified parameters:
 ---- Reference type           :  Boussinesq (Non-dimensional)
 ---- Rayleigh Number          :  1.00000E+05
 ---- Ekman Number             :  1.00000E-03
 ---- Prandtl Number           :  1.00000E+00
 ---- Magnetic Prandtl Number  :  5.00000E+00
 -- Reference State initialized.

 -- Initializing Fields...
 ---- Specified parameters:
 ---- Hydro Init Type    : Benchmark (Christensen et al. 2001)
 ---- Magnetic Init Type : Benchmark (Christensen et al. 2001)
 -- Fields initialized.

 Initialization Complete.
 //////////////////////////////////////

 Timestep has changed from  0.00000E+00 to  1.00000E-04.
 Iteration:  00000001   DeltaT:  1.000E-04   Iter/sec:  0.000E+00
 Timestep has changed from  1.00000E-04 to  1.02211E-05.
 Iteration:  00000002   DeltaT:  1.022E-05   Iter/sec:  1.124E-01
 Iteration:  00000003   DeltaT:  1.022E-05   Iter/sec:  5.885E+00
 Iteration:  00000004   DeltaT:  1.022E-05   Iter/sec:  7.143E+00
 Iteration:  00000005   DeltaT:  1.022E-05   Iter/sec:  7.477E+00
 Iteration:  00000006   DeltaT:  1.022E-05   Iter/sec:  7.186E+00
 Iteration:  00000007   DeltaT:  1.022E-05   Iter/sec:  7.415E+00
 Iteration:  00000008   DeltaT:  1.022E-05   Iter/sec:  7.542E+00
 Iteration:  00000009   DeltaT:  1.022E-05   Iter/sec:  7.253E+00
 Iteration:  00000010   DeltaT:  1.022E-05   Iter/sec:  7.557E+00
 Iteration:  00000011   DeltaT:  1.022E-05   Iter/sec:  7.527E+00
 Iteration:  00000012   DeltaT:  1.022E-05   Iter/sec:  7.690E+00
 Iteration:  00000013   DeltaT:  1.022E-05   Iter/sec:  7.421E+00
 Iteration:  00000014   DeltaT:  1.022E-05   Iter/sec:  7.183E+00
 Iteration:  00000015   DeltaT:  1.022E-05   Iter/sec:  7.541E+00
 Iteration:  00000016   DeltaT:  1.022E-05   Iter/sec:  7.441E+00
 Iteration:  00000017   DeltaT:  1.022E-05   Iter/sec:  7.855E+00
 Iteration:  00000018   DeltaT:  1.022E-05   Iter/sec:  7.627E+00
 Iteration:  00000019   DeltaT:  1.022E-05   Iter/sec:  7.665E+00
 Iteration:  00000020   DeltaT:  1.022E-05   Iter/sec:  7.581E+00
 Iteration:  00000021   DeltaT:  1.022E-05   Iter/sec:  7.696E+00
 Iteration:  00000022   DeltaT:  1.022E-05   Iter/sec:  7.768E+00
 Iteration:  00000023   DeltaT:  1.022E-05   Iter/sec:  7.687E+00
 Iteration:  00000024   DeltaT:  1.022E-05   Iter/sec:  7.738E+00
 Iteration:  00000025   DeltaT:  1.022E-05   Iter/sec:  7.420E+00
 Iteration:  00000026   DeltaT:  1.022E-05   Iter/sec:  7.914E+00
 Iteration:  00000027   DeltaT:  1.022E-05   Iter/sec:  7.651E+00
 Iteration:  00000028   DeltaT:  1.022E-05   Iter/sec:  7.672E+00
 Iteration:  00000029   DeltaT:  1.022E-05   Iter/sec:  7.748E+00
 Iteration:  00000030   DeltaT:  1.022E-05   Iter/sec:  7.626E+00
 Iteration:  00000031   DeltaT:  1.022E-05   Iter/sec:  7.671E+00
 Iteration:  00000032   DeltaT:  1.022E-05   Iter/sec:  7.410E+00
 Iteration:  00000033   DeltaT:  1.022E-05   Iter/sec:  7.953E+00
 Iteration:  00000034   DeltaT:  1.022E-05   Iter/sec:  7.684E+00
 Iteration:  00000035   DeltaT:  1.022E-05   Iter/sec:  7.400E+00
 Iteration:  00000036   DeltaT:  1.022E-05   Iter/sec:  7.825E+00
 Iteration:  00000037   DeltaT:  1.022E-05   Iter/sec:  7.388E+00
 Iteration:  00000038   DeltaT:  1.022E-05   Iter/sec:  7.738E+00
 Iteration:  00000039   DeltaT:  1.022E-05   Iter/sec:  7.710E+00
 Iteration:  00000040   DeltaT:  1.022E-05   Iter/sec:  7.586E+00
 Iteration:  00000041   DeltaT:  1.022E-05   Iter/sec:  7.524E+00
 Iteration:  00000042   DeltaT:  1.022E-05   Iter/sec:  7.607E+00
 Iteration:  00000043   DeltaT:  1.022E-05   Iter/sec:  7.629E+00
 Iteration:  00000044   DeltaT:  1.022E-05   Iter/sec:  7.556E+00
 Iteration:  00000045   DeltaT:  1.022E-05   Iter/sec:  7.653E+00
 Iteration:  00000046   DeltaT:  1.022E-05   Iter/sec:  7.654E+00
 Iteration:  00000047   DeltaT:  1.022E-05   Iter/sec:  7.966E+00
 Iteration:  00000048   DeltaT:  1.022E-05   Iter/sec:  7.409E+00
 Iteration:  00000049   DeltaT:  1.022E-05   Iter/sec:  7.569E+00
 Iteration:  00000050   DeltaT:  1.022E-05   Iter/sec:  7.721E+00


//////////////////////////////////////////////
   Measured Timings for Process 0  (seconds)

 Elapsed time:         6.6780
  Column time:         1.6608
     Row time:         2.2180
Legendre time:         0.4882
     FFT time:         0.4907
   Solve time:         0.2185
    rlma time:         0.0825
    rlmb time:         0.0337
  pspace time:         0.8634
  psolve time:         0.5256
    dphi time:         0.0471
captured time:         6.6286

     iter/sec:         7.4872
//////////////////////////////////////////////
