 //////////////////////////////////////
 Initializating Rayleigh...

 -- Initalizing MPI...
 ---- Specified parameters:
 ---- NCPU  :    512
 ---- NPROW :     16
 ---- NPCOL :     32
 -- MPI initialized.


 -- Initalizing Grid...
 ---- Specified parameters ----
 ---- N_R                 :     64
 ---- N_THETA             :   1536
 ---- Ell_MAX             :   1023
 ---- R_MIN               :  5.38462E-01
 ---- R_MAX               :  1.53846E+00
 ---- Chebyshev Domains   :      1

        Domain 1
          Grid points           :  64
          Dealiased Polynomials :  42
          Domain Lower Bound    :  5.38462E-01
          Domain Upper Bound    :  1.53846E+00

 -- Grid initialized.

[SHTns 3.4.5] built Apr 30 2021, 15:49:24, id: avx2,ishioka
        Lmax=1023, Mmax*Mres=1023, Mres=1, Nlm=524800  [1 threads, orthonormalized]
        => using FFTW : Mmax=1023, Nphi=3072, Nlat=1536  (data layout : phi_inc=1536, theta_inc=1, phi_embed=3072)
        => using Gauss nodes
        + polar optimization threshold = 1.0e-08
        finding optimal algorithm...
        + SHT accuracy = 1.42e-12
        => SHTns is ready.
 -- Initalizing Reference State...
 ---- Specified parameters:
 ---- Reference type           :  Boussinesq (Non-dimensional)
 ---- Rayleigh Number          :  1.00000E+05
 ---- Ekman Number             :  1.00000E-03
 ---- Prandtl Number           :  1.00000E+00
 ---- Magnetic Prandtl Number  :  5.00000E+00
 -- Reference State initialized.

 -- Initializing Fields...
 ---- Specified parameters:
 ---- Hydro Init Type    : Benchmark (Christensen et al. 2001)
 ---- Magnetic Init Type : Benchmark (Christensen et al. 2001)
 -- Fields initialized.

 Initialization Complete.
 //////////////////////////////////////

 Timestep has changed from  0.00000E+00 to  1.00000E-04.
 Iteration:  00000001   DeltaT:  1.000E-04   Iter/sec:  0.000E+00
 Timestep has changed from  1.00000E-04 to  4.46409E-06.
 Iteration:  00000002   DeltaT:  4.464E-06   Iter/sec:  7.645E-02
 Iteration:  00000003   DeltaT:  4.464E-06   Iter/sec:  6.993E-01
 Iteration:  00000004   DeltaT:  4.464E-06   Iter/sec:  6.877E-01
 Iteration:  00000005   DeltaT:  4.464E-06   Iter/sec:  6.997E-01
 Iteration:  00000006   DeltaT:  4.464E-06   Iter/sec:  7.142E-01
 Iteration:  00000007   DeltaT:  4.464E-06   Iter/sec:  7.099E-01
 Iteration:  00000008   DeltaT:  4.464E-06   Iter/sec:  7.040E-01
 Iteration:  00000009   DeltaT:  4.464E-06   Iter/sec:  6.887E-01
 Iteration:  00000010   DeltaT:  4.464E-06   Iter/sec:  7.142E-01
 Iteration:  00000011   DeltaT:  4.464E-06   Iter/sec:  7.028E-01
 Iteration:  00000012   DeltaT:  4.464E-06   Iter/sec:  7.075E-01
 Iteration:  00000013   DeltaT:  4.464E-06   Iter/sec:  6.925E-01
 Iteration:  00000014   DeltaT:  4.464E-06   Iter/sec:  6.989E-01
 Iteration:  00000015   DeltaT:  4.464E-06   Iter/sec:  7.270E-01
 Iteration:  00000016   DeltaT:  4.464E-06   Iter/sec:  6.916E-01
 Iteration:  00000017   DeltaT:  4.464E-06   Iter/sec:  7.157E-01
 Iteration:  00000018   DeltaT:  4.464E-06   Iter/sec:  7.010E-01
 Iteration:  00000019   DeltaT:  4.464E-06   Iter/sec:  7.093E-01
 Iteration:  00000020   DeltaT:  4.464E-06   Iter/sec:  7.055E-01
 Iteration:  00000021   DeltaT:  4.464E-06   Iter/sec:  7.105E-01
 Iteration:  00000022   DeltaT:  4.464E-06   Iter/sec:  7.056E-01
 Iteration:  00000023   DeltaT:  4.464E-06   Iter/sec:  6.992E-01
 Iteration:  00000024   DeltaT:  4.464E-06   Iter/sec:  7.146E-01
 Iteration:  00000025   DeltaT:  4.464E-06   Iter/sec:  7.038E-01
 Iteration:  00000026   DeltaT:  4.464E-06   Iter/sec:  6.930E-01
 Iteration:  00000027   DeltaT:  4.464E-06   Iter/sec:  7.163E-01
 Iteration:  00000028   DeltaT:  4.464E-06   Iter/sec:  7.044E-01
 Iteration:  00000029   DeltaT:  4.464E-06   Iter/sec:  7.150E-01
 Iteration:  00000030   DeltaT:  4.464E-06   Iter/sec:  6.968E-01
 Iteration:  00000031   DeltaT:  4.464E-06   Iter/sec:  7.141E-01
 Iteration:  00000032   DeltaT:  4.464E-06   Iter/sec:  6.899E-01
 Iteration:  00000033   DeltaT:  4.464E-06   Iter/sec:  7.247E-01
 Iteration:  00000034   DeltaT:  4.464E-06   Iter/sec:  7.098E-01
 Iteration:  00000035   DeltaT:  4.464E-06   Iter/sec:  6.921E-01
 Iteration:  00000036   DeltaT:  4.464E-06   Iter/sec:  7.247E-01
 Iteration:  00000037   DeltaT:  4.464E-06   Iter/sec:  6.983E-01
 Iteration:  00000038   DeltaT:  4.464E-06   Iter/sec:  7.131E-01
 Iteration:  00000039   DeltaT:  4.464E-06   Iter/sec:  7.021E-01
 Iteration:  00000040   DeltaT:  4.464E-06   Iter/sec:  6.999E-01
 Iteration:  00000041   DeltaT:  4.464E-06   Iter/sec:  7.244E-01
 Iteration:  00000042   DeltaT:  4.464E-06   Iter/sec:  7.033E-01
 Iteration:  00000043   DeltaT:  4.464E-06   Iter/sec:  7.107E-01
 Iteration:  00000044   DeltaT:  4.464E-06   Iter/sec:  6.917E-01
 Iteration:  00000045   DeltaT:  4.464E-06   Iter/sec:  7.082E-01
 Iteration:  00000046   DeltaT:  4.464E-06   Iter/sec:  6.960E-01
 Iteration:  00000047   DeltaT:  4.464E-06   Iter/sec:  7.165E-01
 Iteration:  00000048   DeltaT:  4.464E-06   Iter/sec:  7.112E-01
 Iteration:  00000049   DeltaT:  4.464E-06   Iter/sec:  6.987E-01
 Iteration:  00000050   DeltaT:  4.464E-06   Iter/sec:  7.129E-01


//////////////////////////////////////////////
   Measured Timings for Process 0  (seconds)

 Elapsed time:        70.9431
  Column time:        16.3115
     Row time:        18.7989
Legendre time:        12.8787
     FFT time:         4.1737
   Solve time:         0.6381
    rlma time:         1.0660
    rlmb time:         0.4317
  pspace time:         9.3136
  psolve time:         6.1533
    dphi time:         0.5546
captured time:        70.3201

     iter/sec:         0.7048
//////////////////////////////////////////////
