 //////////////////////////////////////
 Initializating Rayleigh...

 -- Initalizing MPI...
 ---- Specified parameters:
 ---- NCPU  :   2048
 ---- NPROW :     64
 ---- NPCOL :     32
 -- MPI initialized.


 -- Initalizing Grid...
 ---- Specified parameters ----
 ---- N_R                 :     64
 ---- N_THETA             :    768
 ---- Ell_MAX             :    511
 ---- R_MIN               :  5.38462E-01
 ---- R_MAX               :  1.53846E+00
 ---- Chebyshev Domains   :      1

        Domain 1
          Grid points           :  64
          Dealiased Polynomials :  42
          Domain Lower Bound    :  5.38462E-01
          Domain Upper Bound    :  1.53846E+00

 -- Grid initialized.

[SHTns 3.4.5] built Apr 30 2021, 15:49:24, id: avx2,ishioka
        Lmax=511, Mmax*Mres=511, Mres=1, Nlm=131328  [1 threads, orthonormalized]
        => using FFTW : Mmax=511, Nphi=1536, Nlat=768  (data layout : phi_inc=768, theta_inc=1, phi_embed=1536)
        => using Gauss nodes
        + polar optimization threshold = 1.0e-08
        finding optimal algorithm........
        + SHT accuracy = 4.91e-13
        => SHTns is ready.
 -- Initalizing Reference State...
 ---- Specified parameters:
 ---- Reference type           :  Boussinesq (Non-dimensional)
 ---- Rayleigh Number          :  1.00000E+05
 ---- Ekman Number             :  1.00000E-03
 ---- Prandtl Number           :  1.00000E+00
 ---- Magnetic Prandtl Number  :  5.00000E+00
 -- Reference State initialized.

 -- Initializing Fields...
 ---- Specified parameters:
 ---- Hydro Init Type    : Benchmark (Christensen et al. 2001)
 ---- Magnetic Init Type : Benchmark (Christensen et al. 2001)
 -- Fields initialized.

 Initialization Complete.
 //////////////////////////////////////

 Timestep has changed from  0.00000E+00 to  1.00000E-04.
 Iteration:  00000001   DeltaT:  1.000E-04   Iter/sec:  0.000E+00
 Timestep has changed from  1.00000E-04 to  8.93257E-06.
 Iteration:  00000002   DeltaT:  8.933E-06   Iter/sec:  1.360E-01
 Iteration:  00000003   DeltaT:  8.933E-06   Iter/sec:  9.310E+00
 Iteration:  00000004   DeltaT:  8.933E-06   Iter/sec:  8.928E+00
 Iteration:  00000005   DeltaT:  8.933E-06   Iter/sec:  7.297E+00
 Iteration:  00000006   DeltaT:  8.933E-06   Iter/sec:  1.064E+01
 Iteration:  00000007   DeltaT:  8.933E-06   Iter/sec:  1.032E+01
 Iteration:  00000008   DeltaT:  8.933E-06   Iter/sec:  1.051E+01
 Iteration:  00000009   DeltaT:  8.933E-06   Iter/sec:  1.009E+01
 Iteration:  00000010   DeltaT:  8.933E-06   Iter/sec:  8.307E+00
 Iteration:  00000011   DeltaT:  8.933E-06   Iter/sec:  7.311E+00
 Iteration:  00000012   DeltaT:  8.933E-06   Iter/sec:  1.256E+01
 Iteration:  00000013   DeltaT:  8.933E-06   Iter/sec:  1.067E+01
 Iteration:  00000014   DeltaT:  8.933E-06   Iter/sec:  1.038E+01
 Iteration:  00000015   DeltaT:  8.933E-06   Iter/sec:  1.072E+01
 Iteration:  00000016   DeltaT:  8.933E-06   Iter/sec:  9.446E+00
 Iteration:  00000017   DeltaT:  8.933E-06   Iter/sec:  9.964E+00
 Iteration:  00000018   DeltaT:  8.933E-06   Iter/sec:  9.521E+00
 Iteration:  00000019   DeltaT:  8.933E-06   Iter/sec:  1.023E+01
 Iteration:  00000020   DeltaT:  8.933E-06   Iter/sec:  1.054E+01
 Iteration:  00000021   DeltaT:  8.933E-06   Iter/sec:  1.007E+01
 Iteration:  00000022   DeltaT:  8.933E-06   Iter/sec:  1.080E+01
 Iteration:  00000023   DeltaT:  8.933E-06   Iter/sec:  9.689E+00
 Iteration:  00000024   DeltaT:  8.933E-06   Iter/sec:  7.641E+00
 Iteration:  00000025   DeltaT:  8.933E-06   Iter/sec:  1.061E+01
 Iteration:  00000026   DeltaT:  8.933E-06   Iter/sec:  1.169E+01
 Iteration:  00000027   DeltaT:  8.933E-06   Iter/sec:  1.062E+01
 Iteration:  00000028   DeltaT:  8.933E-06   Iter/sec:  1.076E+01
 Iteration:  00000029   DeltaT:  8.933E-06   Iter/sec:  9.484E+00
 Iteration:  00000030   DeltaT:  8.933E-06   Iter/sec:  1.085E+01
 Iteration:  00000031   DeltaT:  8.933E-06   Iter/sec:  8.889E+00
 Iteration:  00000032   DeltaT:  8.933E-06   Iter/sec:  1.097E+01
 Iteration:  00000033   DeltaT:  8.933E-06   Iter/sec:  1.071E+01
 Iteration:  00000034   DeltaT:  8.933E-06   Iter/sec:  1.170E+01
 Iteration:  00000035   DeltaT:  8.933E-06   Iter/sec:  1.089E+01
 Iteration:  00000036   DeltaT:  8.933E-06   Iter/sec:  9.955E+00
 Iteration:  00000037   DeltaT:  8.933E-06   Iter/sec:  1.031E+01
 Iteration:  00000038   DeltaT:  8.933E-06   Iter/sec:  8.451E+00
 Iteration:  00000039   DeltaT:  8.933E-06   Iter/sec:  1.065E+01
 Iteration:  00000040   DeltaT:  8.933E-06   Iter/sec:  1.126E+01
 Iteration:  00000041   DeltaT:  8.933E-06   Iter/sec:  1.068E+01
 Iteration:  00000042   DeltaT:  8.933E-06   Iter/sec:  1.113E+01
 Iteration:  00000043   DeltaT:  8.933E-06   Iter/sec:  1.088E+01
 Iteration:  00000044   DeltaT:  8.933E-06   Iter/sec:  6.516E+00
 Iteration:  00000045   DeltaT:  8.933E-06   Iter/sec:  1.401E+01
 Iteration:  00000046   DeltaT:  8.933E-06   Iter/sec:  1.116E+01
 Iteration:  00000047   DeltaT:  8.933E-06   Iter/sec:  1.093E+01
 Iteration:  00000048   DeltaT:  8.933E-06   Iter/sec:  1.118E+01
 Iteration:  00000049   DeltaT:  8.933E-06   Iter/sec:  1.086E+01
 Iteration:  00000050   DeltaT:  8.933E-06   Iter/sec:  9.984E+00


//////////////////////////////////////////////
   Measured Timings for Process 0  (seconds)

 Elapsed time:         5.0984
  Column time:         1.8486
     Row time:         1.8633
Legendre time:         0.4002
     FFT time:         0.2736
   Solve time:         0.1097
    rlma time:         0.0473
    rlmb time:         0.0204
  pspace time:         0.2843
  psolve time:         0.2007
    dphi time:         0.0230
captured time:         5.0711

     iter/sec:         9.8071
//////////////////////////////////////////////
