 //////////////////////////////////////
 Initializating Rayleigh...

 -- Initalizing MPI...
 ---- Specified parameters:
 ---- NCPU  :    512
 ---- NPROW :     32
 ---- NPCOL :     16
 -- MPI initialized.


 -- Initalizing Grid...
 ---- Specified parameters ----
 ---- N_R                 :    128
 ---- N_THETA             :    384
 ---- Ell_MAX             :    255
 ---- R_MIN               :  5.38462E-01
 ---- R_MAX               :  1.53846E+00
 ---- Chebyshev Domains   :      1

        Domain 1
          Grid points           :  128
          Dealiased Polynomials :  85
          Domain Lower Bound    :  5.38462E-01
          Domain Upper Bound    :  1.53846E+00

 -- Grid initialized.

[SHTns 3.4.5] built Apr 30 2021, 15:49:24, id: avx2,ishioka
        Lmax=255, Mmax*Mres=255, Mres=1, Nlm=32896  [1 threads, orthonormalized]
        => using FFTW : Mmax=255, Nphi=768, Nlat=384  (data layout : phi_inc=384, theta_inc=1, phi_embed=768)
        => using Gauss nodes
        + polar optimization threshold = 1.0e-08
        finding optimal algorithm..........
        + SHT accuracy = 1.79e-12
        => SHTns is ready.
 -- Initalizing Reference State...
 ---- Specified parameters:
 ---- Reference type           :  Boussinesq (Non-dimensional)
 ---- Rayleigh Number          :  1.00000E+05
 ---- Ekman Number             :  1.00000E-03
 ---- Prandtl Number           :  1.00000E+00
 ---- Magnetic Prandtl Number  :  5.00000E+00
 -- Reference State initialized.

 -- Initializing Fields...
 ---- Specified parameters:
 ---- Hydro Init Type    : Benchmark (Christensen et al. 2001)
 ---- Magnetic Init Type : Benchmark (Christensen et al. 2001)
 -- Fields initialized.

 Initialization Complete.
 //////////////////////////////////////

 Timestep has changed from  0.00000E+00 to  1.00000E-04.
 Iteration:  00000001   DeltaT:  1.000E-04   Iter/sec:  0.000E+00
 Timestep has changed from  1.00000E-04 to  2.55566E-06.
 Iteration:  00000002   DeltaT:  2.556E-06   Iter/sec:  1.141E-01
 Iteration:  00000003   DeltaT:  2.556E-06   Iter/sec:  4.165E+00
 Iteration:  00000004   DeltaT:  2.556E-06   Iter/sec:  6.219E+00
 Iteration:  00000005   DeltaT:  2.556E-06   Iter/sec:  6.736E+00
 Iteration:  00000006   DeltaT:  2.556E-06   Iter/sec:  6.940E+00
 Iteration:  00000007   DeltaT:  2.556E-06   Iter/sec:  6.644E+00
 Iteration:  00000008   DeltaT:  2.556E-06   Iter/sec:  6.585E+00
 Iteration:  00000009   DeltaT:  2.556E-06   Iter/sec:  6.701E+00
 Iteration:  00000010   DeltaT:  2.556E-06   Iter/sec:  6.792E+00
 Iteration:  00000011   DeltaT:  2.556E-06   Iter/sec:  6.823E+00
 Iteration:  00000012   DeltaT:  2.556E-06   Iter/sec:  6.458E+00
 Iteration:  00000013   DeltaT:  2.556E-06   Iter/sec:  6.821E+00
 Iteration:  00000014   DeltaT:  2.556E-06   Iter/sec:  6.677E+00
 Iteration:  00000015   DeltaT:  2.556E-06   Iter/sec:  6.551E+00
 Iteration:  00000016   DeltaT:  2.556E-06   Iter/sec:  7.206E+00
 Iteration:  00000017   DeltaT:  2.556E-06   Iter/sec:  6.636E+00
 Iteration:  00000018   DeltaT:  2.556E-06   Iter/sec:  6.762E+00
 Iteration:  00000019   DeltaT:  2.556E-06   Iter/sec:  6.924E+00
 Iteration:  00000020   DeltaT:  2.556E-06   Iter/sec:  6.578E+00
 Iteration:  00000021   DeltaT:  2.556E-06   Iter/sec:  6.986E+00
 Iteration:  00000022   DeltaT:  2.556E-06   Iter/sec:  6.645E+00
 Iteration:  00000023   DeltaT:  2.556E-06   Iter/sec:  6.679E+00
 Iteration:  00000024   DeltaT:  2.556E-06   Iter/sec:  6.539E+00
 Iteration:  00000025   DeltaT:  2.556E-06   Iter/sec:  6.908E+00
 Iteration:  00000026   DeltaT:  2.556E-06   Iter/sec:  6.221E+00
 Iteration:  00000027   DeltaT:  2.556E-06   Iter/sec:  6.810E+00
 Iteration:  00000028   DeltaT:  2.556E-06   Iter/sec:  6.646E+00
 Iteration:  00000029   DeltaT:  2.556E-06   Iter/sec:  7.099E+00
 Iteration:  00000030   DeltaT:  2.556E-06   Iter/sec:  6.741E+00
 Iteration:  00000031   DeltaT:  2.556E-06   Iter/sec:  6.613E+00
 Iteration:  00000032   DeltaT:  2.556E-06   Iter/sec:  6.913E+00
 Iteration:  00000033   DeltaT:  2.556E-06   Iter/sec:  6.813E+00
 Iteration:  00000034   DeltaT:  2.556E-06   Iter/sec:  6.795E+00
 Iteration:  00000035   DeltaT:  2.556E-06   Iter/sec:  6.511E+00
 Iteration:  00000036   DeltaT:  2.556E-06   Iter/sec:  6.796E+00
 Iteration:  00000037   DeltaT:  2.556E-06   Iter/sec:  6.965E+00
 Iteration:  00000038   DeltaT:  2.556E-06   Iter/sec:  6.664E+00
 Iteration:  00000039   DeltaT:  2.556E-06   Iter/sec:  6.674E+00
 Iteration:  00000040   DeltaT:  2.556E-06   Iter/sec:  6.931E+00
 Iteration:  00000041   DeltaT:  2.556E-06   Iter/sec:  6.702E+00
 Iteration:  00000042   DeltaT:  2.556E-06   Iter/sec:  6.914E+00
 Iteration:  00000043   DeltaT:  2.556E-06   Iter/sec:  6.626E+00
 Iteration:  00000044   DeltaT:  2.556E-06   Iter/sec:  7.013E+00
 Iteration:  00000045   DeltaT:  2.556E-06   Iter/sec:  6.939E+00
 Iteration:  00000046   DeltaT:  2.556E-06   Iter/sec:  7.071E+00
 Iteration:  00000047   DeltaT:  2.556E-06   Iter/sec:  6.709E+00
 Iteration:  00000048   DeltaT:  2.556E-06   Iter/sec:  7.024E+00
 Iteration:  00000049   DeltaT:  2.556E-06   Iter/sec:  6.940E+00
 Iteration:  00000050   DeltaT:  2.556E-06   Iter/sec:  6.716E+00


//////////////////////////////////////////////
   Measured Timings for Process 0  (seconds)

 Elapsed time:         7.5942
  Column time:         2.1754
     Row time:         2.1887
Legendre time:         0.5413
     FFT time:         0.4872
   Solve time:         0.4130
    rlma time:         0.0830
    rlmb time:         0.0367
  pspace time:         0.8672
  psolve time:         0.6926
    dphi time:         0.0450
captured time:         7.5300

     iter/sec:         6.5840
//////////////////////////////////////////////
