 //////////////////////////////////////
 Initializating Rayleigh...

 -- Initalizing MPI...
 ---- Specified parameters:
 ---- NCPU  :     16
 ---- NPROW :      4
 ---- NPCOL :      4
 -- MPI initialized.


 -- Initalizing Grid...
 ---- Specified parameters ----
 ---- N_R                 :    128
 ---- N_THETA             :    192
 ---- Ell_MAX             :    127
 ---- R_MIN               :  5.38462E-01
 ---- R_MAX               :  1.53846E+00
 ---- Chebyshev Domains   :      1

        Domain 1
          Grid points           :  128
          Dealiased Polynomials :  85
          Domain Lower Bound    :  5.38462E-01
          Domain Upper Bound    :  1.53846E+00

 -- Grid initialized.

[SHTns 3.4.5] built Apr 30 2021, 15:49:24, id: avx2,ishioka
        Lmax=127, Mmax*Mres=127, Mres=1, Nlm=8256  [1 threads, orthonormalized]
        => using FFTW : Mmax=127, Nphi=384, Nlat=192  (data layout : phi_inc=192, theta_inc=1, phi_embed=384)
        => using Gauss nodes
        + polar optimization threshold = 1.0e-08
        finding optimal algorithm........
        + SHT accuracy = 5.82e-14
        => SHTns is ready.
 -- Initalizing Reference State...
 ---- Specified parameters:
 ---- Reference type           :  Boussinesq (Non-dimensional)
 ---- Rayleigh Number          :  1.00000E+05
 ---- Ekman Number             :  1.00000E-03
 ---- Prandtl Number           :  1.00000E+00
 ---- Magnetic Prandtl Number  :  5.00000E+00
 -- Reference State initialized.

 -- Initializing Fields...
 ---- Specified parameters:
 ---- Hydro Init Type    : Benchmark (Christensen et al. 2001)
 ---- Magnetic Init Type : Benchmark (Christensen et al. 2001)
 -- Fields initialized.

 Initialization Complete.
 //////////////////////////////////////

 Timestep has changed from  0.00000E+00 to  1.00000E-04.
 Iteration:  00000001   DeltaT:  1.000E-04   Iter/sec:  0.000E+00
 Timestep has changed from  1.00000E-04 to  2.55581E-06.
 Iteration:  00000002   DeltaT:  2.556E-06   Iter/sec:  1.764E-01
 Iteration:  00000003   DeltaT:  2.556E-06   Iter/sec:  8.210E-01
 Iteration:  00000004   DeltaT:  2.556E-06   Iter/sec:  9.494E-01
 Iteration:  00000005   DeltaT:  2.556E-06   Iter/sec:  9.551E-01
 Iteration:  00000006   DeltaT:  2.556E-06   Iter/sec:  9.528E-01
 Iteration:  00000007   DeltaT:  2.556E-06   Iter/sec:  9.543E-01
 Iteration:  00000008   DeltaT:  2.556E-06   Iter/sec:  9.547E-01
 Iteration:  00000009   DeltaT:  2.556E-06   Iter/sec:  9.528E-01
 Iteration:  00000010   DeltaT:  2.556E-06   Iter/sec:  9.527E-01
 Iteration:  00000011   DeltaT:  2.556E-06   Iter/sec:  9.549E-01
 Iteration:  00000012   DeltaT:  2.556E-06   Iter/sec:  9.488E-01
 Iteration:  00000013   DeltaT:  2.556E-06   Iter/sec:  9.541E-01
 Iteration:  00000014   DeltaT:  2.556E-06   Iter/sec:  9.547E-01
 Iteration:  00000015   DeltaT:  2.556E-06   Iter/sec:  9.435E-01
 Iteration:  00000016   DeltaT:  2.556E-06   Iter/sec:  9.534E-01
 Iteration:  00000017   DeltaT:  2.556E-06   Iter/sec:  9.574E-01
 Iteration:  00000018   DeltaT:  2.556E-06   Iter/sec:  9.497E-01
 Iteration:  00000019   DeltaT:  2.556E-06   Iter/sec:  9.585E-01
 Iteration:  00000020   DeltaT:  2.556E-06   Iter/sec:  9.573E-01
 Iteration:  00000021   DeltaT:  2.556E-06   Iter/sec:  9.517E-01
 Iteration:  00000022   DeltaT:  2.556E-06   Iter/sec:  9.499E-01
 Iteration:  00000023   DeltaT:  2.556E-06   Iter/sec:  9.558E-01
 Iteration:  00000024   DeltaT:  2.556E-06   Iter/sec:  9.522E-01
 Iteration:  00000025   DeltaT:  2.556E-06   Iter/sec:  9.486E-01
 Iteration:  00000026   DeltaT:  2.556E-06   Iter/sec:  9.513E-01
 Iteration:  00000027   DeltaT:  2.556E-06   Iter/sec:  9.527E-01
 Iteration:  00000028   DeltaT:  2.556E-06   Iter/sec:  9.518E-01
 Iteration:  00000029   DeltaT:  2.556E-06   Iter/sec:  9.555E-01
 Iteration:  00000030   DeltaT:  2.556E-06   Iter/sec:  9.512E-01
 Iteration:  00000031   DeltaT:  2.556E-06   Iter/sec:  9.506E-01
 Iteration:  00000032   DeltaT:  2.556E-06   Iter/sec:  9.567E-01
 Iteration:  00000033   DeltaT:  2.556E-06   Iter/sec:  9.547E-01
 Iteration:  00000034   DeltaT:  2.556E-06   Iter/sec:  9.536E-01
 Iteration:  00000035   DeltaT:  2.556E-06   Iter/sec:  9.585E-01
 Iteration:  00000036   DeltaT:  2.556E-06   Iter/sec:  9.517E-01
 Iteration:  00000037   DeltaT:  2.556E-06   Iter/sec:  9.578E-01
 Iteration:  00000038   DeltaT:  2.556E-06   Iter/sec:  9.527E-01
 Iteration:  00000039   DeltaT:  2.556E-06   Iter/sec:  9.421E-01
 Iteration:  00000040   DeltaT:  2.556E-06   Iter/sec:  9.554E-01
 Iteration:  00000041   DeltaT:  2.556E-06   Iter/sec:  9.513E-01
 Iteration:  00000042   DeltaT:  2.556E-06   Iter/sec:  9.566E-01
 Iteration:  00000043   DeltaT:  2.556E-06   Iter/sec:  9.593E-01
 Iteration:  00000044   DeltaT:  2.556E-06   Iter/sec:  9.499E-01
 Iteration:  00000045   DeltaT:  2.556E-06   Iter/sec:  9.548E-01
 Iteration:  00000046   DeltaT:  2.556E-06   Iter/sec:  9.526E-01
 Iteration:  00000047   DeltaT:  2.556E-06   Iter/sec:  9.523E-01
 Iteration:  00000048   DeltaT:  2.556E-06   Iter/sec:  9.486E-01
 Iteration:  00000049   DeltaT:  2.556E-06   Iter/sec:  9.552E-01
 Iteration:  00000050   DeltaT:  2.556E-06   Iter/sec:  9.503E-01


//////////////////////////////////////////////
   Measured Timings for Process 0  (seconds)

 Elapsed time:        52.8164
  Column time:         4.0056
     Row time:        22.6963
Legendre time:         3.7477
     FFT time:         3.9844
   Solve time:         1.3436
    rlma time:         1.1046
    rlmb time:         0.4828
  pspace time:         7.6413
  psolve time:         6.6107
    dphi time:         0.3205
captured time:        51.9375

     iter/sec:         0.9467
//////////////////////////////////////////////
