 //////////////////////////////////////
 Initializating Rayleigh...

 -- Initalizing MPI...
 ---- Specified parameters:
 ---- NCPU  :     32
 ---- NPROW :      4
 ---- NPCOL :      8
 -- MPI initialized.


 -- Initalizing Grid...
 ---- Specified parameters ----
 ---- N_R                 :     64
 ---- N_THETA             :    192
 ---- Ell_MAX             :    127
 ---- R_MIN               :  5.38462E-01
 ---- R_MAX               :  1.53846E+00
 ---- Chebyshev Domains   :      1

        Domain 1
          Grid points           :  64
          Dealiased Polynomials :  42
          Domain Lower Bound    :  5.38462E-01
          Domain Upper Bound    :  1.53846E+00

 -- Grid initialized.

[SHTns 3.4.5] built Apr 30 2021, 15:49:24, id: avx2,ishioka
        Lmax=127, Mmax*Mres=127, Mres=1, Nlm=8256  [1 threads, orthonormalized]
        => using FFTW : Mmax=127, Nphi=384, Nlat=192  (data layout : phi_inc=192, theta_inc=1, phi_embed=384)
        => using Gauss nodes
        + polar optimization threshold = 1.0e-08
        finding optimal algorithm........
        + SHT accuracy = 7.45e-14
        => SHTns is ready.
 -- Initalizing Reference State...
 ---- Specified parameters:
 ---- Reference type           :  Boussinesq (Non-dimensional)
 ---- Rayleigh Number          :  1.00000E+05
 ---- Ekman Number             :  1.00000E-03
 ---- Prandtl Number           :  1.00000E+00
 ---- Magnetic Prandtl Number  :  5.00000E+00
 -- Reference State initialized.

 -- Initializing Fields...
 ---- Specified parameters:
 ---- Hydro Init Type    : Benchmark (Christensen et al. 2001)
 ---- Magnetic Init Type : Benchmark (Christensen et al. 2001)
 -- Fields initialized.

 Initialization Complete.
 //////////////////////////////////////

 Timestep has changed from  0.00000E+00 to  1.00000E-04.
 Iteration:  00000001   DeltaT:  1.000E-04   Iter/sec:  0.000E+00
 Timestep has changed from  1.00000E-04 to  1.02217E-05.
 Iteration:  00000002   DeltaT:  1.022E-05   Iter/sec:  2.299E-01
 Iteration:  00000003   DeltaT:  1.022E-05   Iter/sec:  4.243E+00
 Iteration:  00000004   DeltaT:  1.022E-05   Iter/sec:  4.604E+00
 Iteration:  00000005   DeltaT:  1.022E-05   Iter/sec:  4.493E+00
 Iteration:  00000006   DeltaT:  1.022E-05   Iter/sec:  4.576E+00
 Iteration:  00000007   DeltaT:  1.022E-05   Iter/sec:  4.386E+00
 Iteration:  00000008   DeltaT:  1.022E-05   Iter/sec:  4.545E+00
 Iteration:  00000009   DeltaT:  1.022E-05   Iter/sec:  4.619E+00
 Iteration:  00000010   DeltaT:  1.022E-05   Iter/sec:  4.569E+00
 Iteration:  00000011   DeltaT:  1.022E-05   Iter/sec:  4.532E+00
 Iteration:  00000012   DeltaT:  1.022E-05   Iter/sec:  4.506E+00
 Iteration:  00000013   DeltaT:  1.022E-05   Iter/sec:  4.525E+00
 Iteration:  00000014   DeltaT:  1.022E-05   Iter/sec:  4.564E+00
 Iteration:  00000015   DeltaT:  1.022E-05   Iter/sec:  4.461E+00
 Iteration:  00000016   DeltaT:  1.022E-05   Iter/sec:  4.441E+00
 Iteration:  00000017   DeltaT:  1.022E-05   Iter/sec:  4.552E+00
 Iteration:  00000018   DeltaT:  1.022E-05   Iter/sec:  4.569E+00
 Iteration:  00000019   DeltaT:  1.022E-05   Iter/sec:  4.497E+00
 Iteration:  00000020   DeltaT:  1.022E-05   Iter/sec:  4.586E+00
 Iteration:  00000021   DeltaT:  1.022E-05   Iter/sec:  4.452E+00
 Iteration:  00000022   DeltaT:  1.022E-05   Iter/sec:  4.567E+00
 Iteration:  00000023   DeltaT:  1.022E-05   Iter/sec:  4.557E+00
 Iteration:  00000024   DeltaT:  1.022E-05   Iter/sec:  4.539E+00
 Iteration:  00000025   DeltaT:  1.022E-05   Iter/sec:  4.538E+00
 Iteration:  00000026   DeltaT:  1.022E-05   Iter/sec:  4.492E+00
 Iteration:  00000027   DeltaT:  1.022E-05   Iter/sec:  4.580E+00
 Iteration:  00000028   DeltaT:  1.022E-05   Iter/sec:  4.497E+00
 Iteration:  00000029   DeltaT:  1.022E-05   Iter/sec:  4.555E+00
 Iteration:  00000030   DeltaT:  1.022E-05   Iter/sec:  4.514E+00
 Iteration:  00000031   DeltaT:  1.022E-05   Iter/sec:  4.515E+00
 Iteration:  00000032   DeltaT:  1.022E-05   Iter/sec:  4.565E+00
 Iteration:  00000033   DeltaT:  1.022E-05   Iter/sec:  4.651E+00
 Iteration:  00000034   DeltaT:  1.022E-05   Iter/sec:  4.571E+00
 Iteration:  00000035   DeltaT:  1.022E-05   Iter/sec:  4.553E+00
 Iteration:  00000036   DeltaT:  1.022E-05   Iter/sec:  4.576E+00
 Iteration:  00000037   DeltaT:  1.022E-05   Iter/sec:  4.612E+00
 Iteration:  00000038   DeltaT:  1.022E-05   Iter/sec:  4.559E+00
 Iteration:  00000039   DeltaT:  1.022E-05   Iter/sec:  4.538E+00
 Iteration:  00000040   DeltaT:  1.022E-05   Iter/sec:  4.497E+00
 Iteration:  00000041   DeltaT:  1.022E-05   Iter/sec:  4.496E+00
 Iteration:  00000042   DeltaT:  1.022E-05   Iter/sec:  4.616E+00
 Iteration:  00000043   DeltaT:  1.022E-05   Iter/sec:  4.574E+00
 Iteration:  00000044   DeltaT:  1.022E-05   Iter/sec:  4.503E+00
 Iteration:  00000045   DeltaT:  1.022E-05   Iter/sec:  4.552E+00
 Iteration:  00000046   DeltaT:  1.022E-05   Iter/sec:  4.501E+00
 Iteration:  00000047   DeltaT:  1.022E-05   Iter/sec:  4.591E+00
 Iteration:  00000048   DeltaT:  1.022E-05   Iter/sec:  4.452E+00
 Iteration:  00000049   DeltaT:  1.022E-05   Iter/sec:  4.334E+00
 Iteration:  00000050   DeltaT:  1.022E-05   Iter/sec:  4.590E+00


//////////////////////////////////////////////
   Measured Timings for Process 0  (seconds)

 Elapsed time:        11.0542
  Column time:         0.8416
     Row time:         4.2415
Legendre time:         0.9385
     FFT time:         0.9732
   Solve time:         0.2148
    rlma time:         0.2014
    rlmb time:         0.0882
  pspace time:         1.9416
  psolve time:         1.3712
    dphi time:         0.1018
captured time:        10.9139

     iter/sec:         4.5231
//////////////////////////////////////////////
