 //////////////////////////////////////
 Initializating Rayleigh...

 -- Initalizing MPI...
 ---- Specified parameters:
 ---- NCPU  :    512
 ---- NPROW :     32
 ---- NPCOL :     16
 -- MPI initialized.


 -- Initalizing Grid...
 ---- Specified parameters ----
 ---- N_R                 :     64
 ---- N_THETA             :   1536
 ---- Ell_MAX             :   1023
 ---- R_MIN               :  5.38462E-01
 ---- R_MAX               :  1.53846E+00
 ---- Chebyshev Domains   :      1

        Domain 1
          Grid points           :  64
          Dealiased Polynomials :  42
          Domain Lower Bound    :  5.38462E-01
          Domain Upper Bound    :  1.53846E+00

 -- Grid initialized.

[SHTns 3.4.5] built Apr 30 2021, 15:49:24, id: avx2,ishioka
        Lmax=1023, Mmax*Mres=1023, Mres=1, Nlm=524800  [1 threads, orthonormalized]
        => using FFTW : Mmax=1023, Nphi=3072, Nlat=1536  (data layout : phi_inc=1536, theta_inc=1, phi_embed=3072)
        => using Gauss nodes
        + polar optimization threshold = 1.0e-08
        finding optimal algorithm...
        + SHT accuracy = 1.18e-12
        => SHTns is ready.
 -- Initalizing Reference State...
 ---- Specified parameters:
 ---- Reference type           :  Boussinesq (Non-dimensional)
 ---- Rayleigh Number          :  1.00000E+05
 ---- Ekman Number             :  1.00000E-03
 ---- Prandtl Number           :  1.00000E+00
 ---- Magnetic Prandtl Number  :  5.00000E+00
 -- Reference State initialized.

 -- Initializing Fields...
 ---- Specified parameters:
 ---- Hydro Init Type    : Benchmark (Christensen et al. 2001)
 ---- Magnetic Init Type : Benchmark (Christensen et al. 2001)
 -- Fields initialized.

 Initialization Complete.
 //////////////////////////////////////

 Timestep has changed from  0.00000E+00 to  1.00000E-04.
 Iteration:  00000001   DeltaT:  1.000E-04   Iter/sec:  0.000E+00
 Timestep has changed from  1.00000E-04 to  4.46409E-06.
 Iteration:  00000002   DeltaT:  4.464E-06   Iter/sec:  9.404E-02
 Iteration:  00000003   DeltaT:  4.464E-06   Iter/sec:  6.864E-01
 Iteration:  00000004   DeltaT:  4.464E-06   Iter/sec:  7.170E-01
 Iteration:  00000005   DeltaT:  4.464E-06   Iter/sec:  7.158E-01
 Iteration:  00000006   DeltaT:  4.464E-06   Iter/sec:  7.264E-01
 Iteration:  00000007   DeltaT:  4.464E-06   Iter/sec:  7.087E-01
 Iteration:  00000008   DeltaT:  4.464E-06   Iter/sec:  7.256E-01
 Iteration:  00000009   DeltaT:  4.464E-06   Iter/sec:  7.123E-01
 Iteration:  00000010   DeltaT:  4.464E-06   Iter/sec:  7.199E-01
 Iteration:  00000011   DeltaT:  4.464E-06   Iter/sec:  7.259E-01
 Iteration:  00000012   DeltaT:  4.464E-06   Iter/sec:  6.964E-01
 Iteration:  00000013   DeltaT:  4.464E-06   Iter/sec:  7.236E-01
 Iteration:  00000014   DeltaT:  4.464E-06   Iter/sec:  7.115E-01
 Iteration:  00000015   DeltaT:  4.464E-06   Iter/sec:  7.124E-01
 Iteration:  00000016   DeltaT:  4.464E-06   Iter/sec:  7.213E-01
 Iteration:  00000017   DeltaT:  4.464E-06   Iter/sec:  7.113E-01
 Iteration:  00000018   DeltaT:  4.464E-06   Iter/sec:  7.191E-01
 Iteration:  00000019   DeltaT:  4.464E-06   Iter/sec:  7.139E-01
 Iteration:  00000020   DeltaT:  4.464E-06   Iter/sec:  7.202E-01
 Iteration:  00000021   DeltaT:  4.464E-06   Iter/sec:  7.187E-01
 Iteration:  00000022   DeltaT:  4.464E-06   Iter/sec:  7.086E-01
 Iteration:  00000023   DeltaT:  4.464E-06   Iter/sec:  7.189E-01
 Iteration:  00000024   DeltaT:  4.464E-06   Iter/sec:  6.978E-01
 Iteration:  00000025   DeltaT:  4.464E-06   Iter/sec:  7.190E-01
 Iteration:  00000026   DeltaT:  4.464E-06   Iter/sec:  7.133E-01
 Iteration:  00000027   DeltaT:  4.464E-06   Iter/sec:  7.024E-01
 Iteration:  00000028   DeltaT:  4.464E-06   Iter/sec:  7.299E-01
 Iteration:  00000029   DeltaT:  4.464E-06   Iter/sec:  7.104E-01
 Iteration:  00000030   DeltaT:  4.464E-06   Iter/sec:  7.198E-01
 Iteration:  00000031   DeltaT:  4.464E-06   Iter/sec:  7.184E-01
 Iteration:  00000032   DeltaT:  4.464E-06   Iter/sec:  7.143E-01
 Iteration:  00000033   DeltaT:  4.464E-06   Iter/sec:  7.151E-01
 Iteration:  00000034   DeltaT:  4.464E-06   Iter/sec:  7.135E-01
 Iteration:  00000035   DeltaT:  4.464E-06   Iter/sec:  7.093E-01
 Iteration:  00000036   DeltaT:  4.464E-06   Iter/sec:  7.211E-01
 Iteration:  00000037   DeltaT:  4.464E-06   Iter/sec:  7.106E-01
 Iteration:  00000038   DeltaT:  4.464E-06   Iter/sec:  7.144E-01
 Iteration:  00000039   DeltaT:  4.464E-06   Iter/sec:  7.097E-01
 Iteration:  00000040   DeltaT:  4.464E-06   Iter/sec:  7.188E-01
 Iteration:  00000041   DeltaT:  4.464E-06   Iter/sec:  7.163E-01
 Iteration:  00000042   DeltaT:  4.464E-06   Iter/sec:  7.263E-01
 Iteration:  00000043   DeltaT:  4.464E-06   Iter/sec:  7.087E-01
 Iteration:  00000044   DeltaT:  4.464E-06   Iter/sec:  7.034E-01
 Iteration:  00000045   DeltaT:  4.464E-06   Iter/sec:  7.234E-01
 Iteration:  00000046   DeltaT:  4.464E-06   Iter/sec:  7.268E-01
 Iteration:  00000047   DeltaT:  4.464E-06   Iter/sec:  7.065E-01
 Iteration:  00000048   DeltaT:  4.464E-06   Iter/sec:  7.124E-01
 Iteration:  00000049   DeltaT:  4.464E-06   Iter/sec:  7.208E-01
 Iteration:  00000050   DeltaT:  4.464E-06   Iter/sec:  7.171E-01


//////////////////////////////////////////////
   Measured Timings for Process 0  (seconds)

 Elapsed time:        70.1030
  Column time:        12.9302
     Row time:        23.0514
Legendre time:        13.1671
     FFT time:         4.0756
   Solve time:         0.7281
    rlma time:         1.0049
    rlmb time:         0.4289
  pspace time:         7.4577
  psolve time:         6.0858
    dphi time:         0.3138
captured time:        69.2434

     iter/sec:         0.7132
//////////////////////////////////////////////
