 //////////////////////////////////////
 Initializating Rayleigh...

 -- Initalizing MPI...
 ---- Specified parameters:
 ---- NCPU  :    512
 ---- NPROW :     16
 ---- NPCOL :     32
 -- MPI initialized.


 -- Initalizing Grid...
 ---- Specified parameters ----
 ---- N_R                 :     64
 ---- N_THETA             :   1536
 ---- Ell_MAX             :   1023
 ---- R_MIN               :  5.38462E-01
 ---- R_MAX               :  1.53846E+00
 ---- Chebyshev Domains   :      1

        Domain 1
          Grid points           :  64
          Dealiased Polynomials :  42
          Domain Lower Bound    :  5.38462E-01
          Domain Upper Bound    :  1.53846E+00

 -- Grid initialized.

[SHTns 3.4.5] built Apr 30 2021, 15:49:24, id: avx2,ishioka
        Lmax=1023, Mmax*Mres=1023, Mres=1, Nlm=524800  [1 threads, orthonormalized]
        => using FFTW : Mmax=1023, Nphi=3072, Nlat=1536  (data layout : phi_inc=1536, theta_inc=1, phi_embed=3072)
        => using Gauss nodes
        + polar optimization threshold = 1.0e-08
        finding optimal algorithm...
        + SHT accuracy = 1.04e-12
        => SHTns is ready.
 -- Initalizing Reference State...
 ---- Specified parameters:
 ---- Reference type           :  Boussinesq (Non-dimensional)
 ---- Rayleigh Number          :  1.00000E+05
 ---- Ekman Number             :  1.00000E-03
 ---- Prandtl Number           :  1.00000E+00
 ---- Magnetic Prandtl Number  :  5.00000E+00
 -- Reference State initialized.

 -- Initializing Fields...
 ---- Specified parameters:
 ---- Hydro Init Type    : Benchmark (Christensen et al. 2001)
 ---- Magnetic Init Type : Benchmark (Christensen et al. 2001)
 -- Fields initialized.

 Initialization Complete.
 //////////////////////////////////////

 Timestep has changed from  0.00000E+00 to  1.00000E-04.
 Iteration:  00000001   DeltaT:  1.000E-04   Iter/sec:  0.000E+00
 Timestep has changed from  1.00000E-04 to  4.46409E-06.
 Iteration:  00000002   DeltaT:  4.464E-06   Iter/sec:  7.342E-02
 Iteration:  00000003   DeltaT:  4.464E-06   Iter/sec:  7.418E-01
 Iteration:  00000004   DeltaT:  4.464E-06   Iter/sec:  7.494E-01
 Iteration:  00000005   DeltaT:  4.464E-06   Iter/sec:  7.390E-01
 Iteration:  00000006   DeltaT:  4.464E-06   Iter/sec:  7.523E-01
 Iteration:  00000007   DeltaT:  4.464E-06   Iter/sec:  7.463E-01
 Iteration:  00000008   DeltaT:  4.464E-06   Iter/sec:  7.478E-01
 Iteration:  00000009   DeltaT:  4.464E-06   Iter/sec:  7.546E-01
 Iteration:  00000010   DeltaT:  4.464E-06   Iter/sec:  7.435E-01
 Iteration:  00000011   DeltaT:  4.464E-06   Iter/sec:  7.461E-01
 Iteration:  00000012   DeltaT:  4.464E-06   Iter/sec:  7.450E-01
 Iteration:  00000013   DeltaT:  4.464E-06   Iter/sec:  7.515E-01
 Iteration:  00000014   DeltaT:  4.464E-06   Iter/sec:  7.443E-01
 Iteration:  00000015   DeltaT:  4.464E-06   Iter/sec:  7.499E-01
 Iteration:  00000016   DeltaT:  4.464E-06   Iter/sec:  7.576E-01
 Iteration:  00000017   DeltaT:  4.464E-06   Iter/sec:  7.403E-01
 Iteration:  00000018   DeltaT:  4.464E-06   Iter/sec:  7.463E-01
 Iteration:  00000019   DeltaT:  4.464E-06   Iter/sec:  7.479E-01
 Iteration:  00000020   DeltaT:  4.464E-06   Iter/sec:  7.560E-01
 Iteration:  00000021   DeltaT:  4.464E-06   Iter/sec:  7.222E-01
 Iteration:  00000022   DeltaT:  4.464E-06   Iter/sec:  7.459E-01
 Iteration:  00000023   DeltaT:  4.464E-06   Iter/sec:  7.507E-01
 Iteration:  00000024   DeltaT:  4.464E-06   Iter/sec:  7.480E-01
 Iteration:  00000025   DeltaT:  4.464E-06   Iter/sec:  7.554E-01
 Iteration:  00000026   DeltaT:  4.464E-06   Iter/sec:  7.407E-01
 Iteration:  00000027   DeltaT:  4.464E-06   Iter/sec:  7.642E-01
 Iteration:  00000028   DeltaT:  4.464E-06   Iter/sec:  7.298E-01
 Iteration:  00000029   DeltaT:  4.464E-06   Iter/sec:  7.528E-01
 Iteration:  00000030   DeltaT:  4.464E-06   Iter/sec:  7.512E-01
 Iteration:  00000031   DeltaT:  4.464E-06   Iter/sec:  7.499E-01
 Iteration:  00000032   DeltaT:  4.464E-06   Iter/sec:  7.461E-01
 Iteration:  00000033   DeltaT:  4.464E-06   Iter/sec:  7.431E-01
 Iteration:  00000034   DeltaT:  4.464E-06   Iter/sec:  7.459E-01
 Iteration:  00000035   DeltaT:  4.464E-06   Iter/sec:  7.427E-01
 Iteration:  00000036   DeltaT:  4.464E-06   Iter/sec:  7.466E-01
 Iteration:  00000037   DeltaT:  4.464E-06   Iter/sec:  7.575E-01
 Iteration:  00000038   DeltaT:  4.464E-06   Iter/sec:  7.344E-01
 Iteration:  00000039   DeltaT:  4.464E-06   Iter/sec:  7.487E-01
 Iteration:  00000040   DeltaT:  4.464E-06   Iter/sec:  7.449E-01
 Iteration:  00000041   DeltaT:  4.464E-06   Iter/sec:  7.674E-01
 Iteration:  00000042   DeltaT:  4.464E-06   Iter/sec:  7.345E-01
 Iteration:  00000043   DeltaT:  4.464E-06   Iter/sec:  7.477E-01
 Iteration:  00000044   DeltaT:  4.464E-06   Iter/sec:  7.599E-01
 Iteration:  00000045   DeltaT:  4.464E-06   Iter/sec:  7.419E-01
 Iteration:  00000046   DeltaT:  4.464E-06   Iter/sec:  7.551E-01
 Iteration:  00000047   DeltaT:  4.464E-06   Iter/sec:  7.372E-01
 Iteration:  00000048   DeltaT:  4.464E-06   Iter/sec:  7.470E-01
 Iteration:  00000049   DeltaT:  4.464E-06   Iter/sec:  7.301E-01
 Iteration:  00000050   DeltaT:  4.464E-06   Iter/sec:  7.484E-01


//////////////////////////////////////////////
   Measured Timings for Process 0  (seconds)

 Elapsed time:        66.9773
  Column time:        13.7494
     Row time:        19.2109
Legendre time:        13.0788
     FFT time:         4.0426
   Solve time:         0.6007
    rlma time:         0.9288
    rlmb time:         0.4630
  pspace time:         7.9966
  psolve time:         5.8278
    dphi time:         0.4163
captured time:        66.3149

     iter/sec:         0.7465
//////////////////////////////////////////////
