 //////////////////////////////////////
 Initializating Rayleigh...

 -- Initalizing MPI...
 ---- Specified parameters:
 ---- NCPU  :   1024
 ---- NPROW :     16
 ---- NPCOL :     64
 -- MPI initialized.


 -- Initalizing Grid...
 ---- Specified parameters ----
 ---- N_R                 :     64
 ---- N_THETA             :    768
 ---- Ell_MAX             :    511
 ---- R_MIN               :  5.38462E-01
 ---- R_MAX               :  1.53846E+00
 ---- Chebyshev Domains   :      1

        Domain 1
          Grid points           :  64
          Dealiased Polynomials :  42
          Domain Lower Bound    :  5.38462E-01
          Domain Upper Bound    :  1.53846E+00

 -- Grid initialized.

[SHTns 3.4.5] built Apr 30 2021, 15:49:24, id: avx2,ishioka
        Lmax=511, Mmax*Mres=511, Mres=1, Nlm=131328  [1 threads, orthonormalized]
        => using FFTW : Mmax=511, Nphi=1536, Nlat=768  (data layout : phi_inc=768, theta_inc=1, phi_embed=1536)
        => using Gauss nodes
        + polar optimization threshold = 1.0e-08
        finding optimal algorithm......
        + SHT accuracy = 3.96e-13
        => SHTns is ready.
 -- Initalizing Reference State...
 ---- Specified parameters:
 ---- Reference type           :  Boussinesq (Non-dimensional)
 ---- Rayleigh Number          :  1.00000E+05
 ---- Ekman Number             :  1.00000E-03
 ---- Prandtl Number           :  1.00000E+00
 ---- Magnetic Prandtl Number  :  5.00000E+00
 -- Reference State initialized.

 -- Initializing Fields...
 ---- Specified parameters:
 ---- Hydro Init Type    : Benchmark (Christensen et al. 2001)
 ---- Magnetic Init Type : Benchmark (Christensen et al. 2001)
 -- Fields initialized.

 Initialization Complete.
 //////////////////////////////////////

 Timestep has changed from  0.00000E+00 to  1.00000E-04.
 Iteration:  00000001   DeltaT:  1.000E-04   Iter/sec:  0.000E+00
 Timestep has changed from  1.00000E-04 to  8.93257E-06.
 Iteration:  00000002   DeltaT:  8.933E-06   Iter/sec:  1.146E-01
 Iteration:  00000003   DeltaT:  8.933E-06   Iter/sec:  6.177E+00
 Iteration:  00000004   DeltaT:  8.933E-06   Iter/sec:  6.767E+00
 Iteration:  00000005   DeltaT:  8.933E-06   Iter/sec:  6.517E+00
 Iteration:  00000006   DeltaT:  8.933E-06   Iter/sec:  6.490E+00
 Iteration:  00000007   DeltaT:  8.933E-06   Iter/sec:  6.713E+00
 Iteration:  00000008   DeltaT:  8.933E-06   Iter/sec:  6.694E+00
 Iteration:  00000009   DeltaT:  8.933E-06   Iter/sec:  6.410E+00
 Iteration:  00000010   DeltaT:  8.933E-06   Iter/sec:  6.581E+00
 Iteration:  00000011   DeltaT:  8.933E-06   Iter/sec:  6.091E+00
 Iteration:  00000012   DeltaT:  8.933E-06   Iter/sec:  6.632E+00
 Iteration:  00000013   DeltaT:  8.933E-06   Iter/sec:  6.561E+00
 Iteration:  00000014   DeltaT:  8.933E-06   Iter/sec:  6.583E+00
 Iteration:  00000015   DeltaT:  8.933E-06   Iter/sec:  6.530E+00
 Iteration:  00000016   DeltaT:  8.933E-06   Iter/sec:  6.672E+00
 Iteration:  00000017   DeltaT:  8.933E-06   Iter/sec:  6.719E+00
 Iteration:  00000018   DeltaT:  8.933E-06   Iter/sec:  5.833E+00
 Iteration:  00000019   DeltaT:  8.933E-06   Iter/sec:  6.295E+00
 Iteration:  00000020   DeltaT:  8.933E-06   Iter/sec:  5.658E+00
 Iteration:  00000021   DeltaT:  8.933E-06   Iter/sec:  6.753E+00
 Iteration:  00000022   DeltaT:  8.933E-06   Iter/sec:  6.494E+00
 Iteration:  00000023   DeltaT:  8.933E-06   Iter/sec:  6.555E+00
 Iteration:  00000024   DeltaT:  8.933E-06   Iter/sec:  6.772E+00
 Iteration:  00000025   DeltaT:  8.933E-06   Iter/sec:  6.661E+00
 Iteration:  00000026   DeltaT:  8.933E-06   Iter/sec:  6.650E+00
 Iteration:  00000027   DeltaT:  8.933E-06   Iter/sec:  6.687E+00
 Iteration:  00000028   DeltaT:  8.933E-06   Iter/sec:  6.566E+00
 Iteration:  00000029   DeltaT:  8.933E-06   Iter/sec:  6.704E+00
 Iteration:  00000030   DeltaT:  8.933E-06   Iter/sec:  6.754E+00
 Iteration:  00000031   DeltaT:  8.933E-06   Iter/sec:  6.606E+00
 Iteration:  00000032   DeltaT:  8.933E-06   Iter/sec:  6.738E+00
 Iteration:  00000033   DeltaT:  8.933E-06   Iter/sec:  6.576E+00
 Iteration:  00000034   DeltaT:  8.933E-06   Iter/sec:  6.723E+00
 Iteration:  00000035   DeltaT:  8.933E-06   Iter/sec:  6.503E+00
 Iteration:  00000036   DeltaT:  8.933E-06   Iter/sec:  6.730E+00
 Iteration:  00000037   DeltaT:  8.933E-06   Iter/sec:  6.921E+00
 Iteration:  00000038   DeltaT:  8.933E-06   Iter/sec:  6.595E+00
 Iteration:  00000039   DeltaT:  8.933E-06   Iter/sec:  6.614E+00
 Iteration:  00000040   DeltaT:  8.933E-06   Iter/sec:  6.739E+00
 Iteration:  00000041   DeltaT:  8.933E-06   Iter/sec:  6.873E+00
 Iteration:  00000042   DeltaT:  8.933E-06   Iter/sec:  6.684E+00
 Iteration:  00000043   DeltaT:  8.933E-06   Iter/sec:  5.445E+00
 Iteration:  00000044   DeltaT:  8.933E-06   Iter/sec:  6.688E+00
 Iteration:  00000045   DeltaT:  8.933E-06   Iter/sec:  7.007E+00
 Iteration:  00000046   DeltaT:  8.933E-06   Iter/sec:  7.030E+00
 Iteration:  00000047   DeltaT:  8.933E-06   Iter/sec:  6.973E+00
 Iteration:  00000048   DeltaT:  8.933E-06   Iter/sec:  6.851E+00
 Iteration:  00000049   DeltaT:  8.933E-06   Iter/sec:  6.875E+00
 Iteration:  00000050   DeltaT:  8.933E-06   Iter/sec:  6.591E+00


//////////////////////////////////////////////
   Measured Timings for Process 0  (seconds)

 Elapsed time:         7.6179
  Column time:         2.2549
     Row time:         2.2303
Legendre time:         0.8907
     FFT time:         0.4647
   Solve time:         0.1233
    rlma time:         0.1299
    rlmb time:         0.0565
  pspace time:         0.8224
  psolve time:         0.5291
    dphi time:         0.0604
captured time:         7.5623

     iter/sec:         6.5635
//////////////////////////////////////////////
