 //////////////////////////////////////
 Initializating Rayleigh...

 -- Initalizing MPI...
 ---- Specified parameters:
 ---- NCPU  :    256
 ---- NPROW :      8
 ---- NPCOL :     32
 -- MPI initialized.


 -- Initalizing Grid...
 ---- Specified parameters ----
 ---- N_R                 :     64
 ---- N_THETA             :   1536
 ---- Ell_MAX             :   1023
 ---- R_MIN               :  5.38462E-01
 ---- R_MAX               :  1.53846E+00
 ---- Chebyshev Domains   :      1

        Domain 1
          Grid points           :  64
          Dealiased Polynomials :  42
          Domain Lower Bound    :  5.38462E-01
          Domain Upper Bound    :  1.53846E+00

 -- Grid initialized.

[SHTns 3.4.5] built Apr 30 2021, 15:49:24, id: avx2,ishioka
        Lmax=1023, Mmax*Mres=1023, Mres=1, Nlm=524800  [1 threads, orthonormalized]
        => using FFTW : Mmax=1023, Nphi=3072, Nlat=1536  (data layout : phi_inc=1536, theta_inc=1, phi_embed=3072)
        => using Gauss nodes
        + polar optimization threshold = 1.0e-08
        finding optimal algorithm...
        + SHT accuracy = 1.16e-12
        => SHTns is ready.
 -- Initalizing Reference State...
 ---- Specified parameters:
 ---- Reference type           :  Boussinesq (Non-dimensional)
 ---- Rayleigh Number          :  1.00000E+05
 ---- Ekman Number             :  1.00000E-03
 ---- Prandtl Number           :  1.00000E+00
 ---- Magnetic Prandtl Number  :  5.00000E+00
 -- Reference State initialized.

 -- Initializing Fields...
 ---- Specified parameters:
 ---- Hydro Init Type    : Benchmark (Christensen et al. 2001)
 ---- Magnetic Init Type : Benchmark (Christensen et al. 2001)
 -- Fields initialized.

 Initialization Complete.
 //////////////////////////////////////

 Timestep has changed from  0.00000E+00 to  1.00000E-04.
 Iteration:  00000001   DeltaT:  1.000E-04   Iter/sec:  0.000E+00
 Timestep has changed from  1.00000E-04 to  4.46409E-06.
 Iteration:  00000002   DeltaT:  4.464E-06   Iter/sec:  4.742E-02
 Iteration:  00000003   DeltaT:  4.464E-06   Iter/sec:  3.883E-01
 Iteration:  00000004   DeltaT:  4.464E-06   Iter/sec:  3.824E-01
 Iteration:  00000005   DeltaT:  4.464E-06   Iter/sec:  3.859E-01
 Iteration:  00000006   DeltaT:  4.464E-06   Iter/sec:  3.815E-01
 Iteration:  00000007   DeltaT:  4.464E-06   Iter/sec:  3.879E-01
 Iteration:  00000008   DeltaT:  4.464E-06   Iter/sec:  3.677E-01
 Iteration:  00000009   DeltaT:  4.464E-06   Iter/sec:  3.884E-01
 Iteration:  00000010   DeltaT:  4.464E-06   Iter/sec:  3.836E-01
 Iteration:  00000011   DeltaT:  4.464E-06   Iter/sec:  3.884E-01
 Iteration:  00000012   DeltaT:  4.464E-06   Iter/sec:  3.866E-01
 Iteration:  00000013   DeltaT:  4.464E-06   Iter/sec:  3.826E-01
 Iteration:  00000014   DeltaT:  4.464E-06   Iter/sec:  3.865E-01
 Iteration:  00000015   DeltaT:  4.464E-06   Iter/sec:  3.905E-01
 Iteration:  00000016   DeltaT:  4.464E-06   Iter/sec:  3.851E-01
 Iteration:  00000017   DeltaT:  4.464E-06   Iter/sec:  3.853E-01
 Iteration:  00000018   DeltaT:  4.464E-06   Iter/sec:  3.825E-01
 Iteration:  00000019   DeltaT:  4.464E-06   Iter/sec:  3.893E-01
 Iteration:  00000020   DeltaT:  4.464E-06   Iter/sec:  3.795E-01
 Iteration:  00000021   DeltaT:  4.464E-06   Iter/sec:  3.886E-01
 Iteration:  00000022   DeltaT:  4.464E-06   Iter/sec:  3.809E-01
 Iteration:  00000023   DeltaT:  4.464E-06   Iter/sec:  3.861E-01
 Iteration:  00000024   DeltaT:  4.464E-06   Iter/sec:  3.830E-01
 Iteration:  00000025   DeltaT:  4.464E-06   Iter/sec:  3.892E-01
 Iteration:  00000026   DeltaT:  4.464E-06   Iter/sec:  3.854E-01
 Iteration:  00000027   DeltaT:  4.464E-06   Iter/sec:  3.798E-01
 Iteration:  00000028   DeltaT:  4.464E-06   Iter/sec:  3.871E-01
 Iteration:  00000029   DeltaT:  4.464E-06   Iter/sec:  3.817E-01
 Iteration:  00000030   DeltaT:  4.464E-06   Iter/sec:  3.823E-01
 Iteration:  00000031   DeltaT:  4.464E-06   Iter/sec:  3.898E-01
 Iteration:  00000032   DeltaT:  4.464E-06   Iter/sec:  3.765E-01
 Iteration:  00000033   DeltaT:  4.464E-06   Iter/sec:  3.884E-01
 Iteration:  00000034   DeltaT:  4.464E-06   Iter/sec:  3.819E-01
 Iteration:  00000035   DeltaT:  4.464E-06   Iter/sec:  3.735E-01
 Iteration:  00000036   DeltaT:  4.464E-06   Iter/sec:  3.852E-01
 Iteration:  00000037   DeltaT:  4.464E-06   Iter/sec:  3.796E-01
 Iteration:  00000038   DeltaT:  4.464E-06   Iter/sec:  3.823E-01
 Iteration:  00000039   DeltaT:  4.464E-06   Iter/sec:  3.891E-01
 Iteration:  00000040   DeltaT:  4.464E-06   Iter/sec:  3.729E-01
 Iteration:  00000041   DeltaT:  4.464E-06   Iter/sec:  3.873E-01
 Iteration:  00000042   DeltaT:  4.464E-06   Iter/sec:  3.831E-01
 Iteration:  00000043   DeltaT:  4.464E-06   Iter/sec:  3.897E-01
 Iteration:  00000044   DeltaT:  4.464E-06   Iter/sec:  3.850E-01
 Iteration:  00000045   DeltaT:  4.464E-06   Iter/sec:  3.848E-01
 Iteration:  00000046   DeltaT:  4.464E-06   Iter/sec:  3.803E-01
 Iteration:  00000047   DeltaT:  4.464E-06   Iter/sec:  3.801E-01
 Iteration:  00000048   DeltaT:  4.464E-06   Iter/sec:  3.927E-01
 Iteration:  00000049   DeltaT:  4.464E-06   Iter/sec:  3.863E-01
 Iteration:  00000050   DeltaT:  4.464E-06   Iter/sec:  3.835E-01


//////////////////////////////////////////////
   Measured Timings for Process 0  (seconds)

 Elapsed time:       130.1866
  Column time:        25.0598
     Row time:        36.7367
Legendre time:        25.7293
     FFT time:         8.1866
   Solve time:         1.1744
    rlma time:         2.4478
    rlmb time:         0.9726
  pspace time:        15.5028
  psolve time:        12.0042
    dphi time:         0.8104
captured time:       128.6244

     iter/sec:         0.3841
//////////////////////////////////////////////
