 //////////////////////////////////////
 Initializating Rayleigh...

 -- Initalizing MPI...
 ---- Specified parameters:
 ---- NCPU  :   1024
 ---- NPROW :     64
 ---- NPCOL :     16
 -- MPI initialized.


 -- Initalizing Grid...
 ---- Specified parameters ----
 ---- N_R                 :     64
 ---- N_THETA             :    768
 ---- Ell_MAX             :    511
 ---- R_MIN               :  5.38462E-01
 ---- R_MAX               :  1.53846E+00
 ---- Chebyshev Domains   :      1

        Domain 1
          Grid points           :  64
          Dealiased Polynomials :  42
          Domain Lower Bound    :  5.38462E-01
          Domain Upper Bound    :  1.53846E+00

 -- Grid initialized.

[SHTns 3.4.5] built Apr 30 2021, 15:49:24, id: avx2,ishioka
        Lmax=511, Mmax*Mres=511, Mres=1, Nlm=131328  [1 threads, orthonormalized]
        => using FFTW : Mmax=511, Nphi=1536, Nlat=768  (data layout : phi_inc=768, theta_inc=1, phi_embed=1536)
        => using Gauss nodes
        + polar optimization threshold = 1.0e-08
        finding optimal algorithm........
        + SHT accuracy = 3.49e-13
        => SHTns is ready.
 -- Initalizing Reference State...
 ---- Specified parameters:
 ---- Reference type           :  Boussinesq (Non-dimensional)
 ---- Rayleigh Number          :  1.00000E+05
 ---- Ekman Number             :  1.00000E-03
 ---- Prandtl Number           :  1.00000E+00
 ---- Magnetic Prandtl Number  :  5.00000E+00
 -- Reference State initialized.

 -- Initializing Fields...
 ---- Specified parameters:
 ---- Hydro Init Type    : Benchmark (Christensen et al. 2001)
 ---- Magnetic Init Type : Benchmark (Christensen et al. 2001)
 -- Fields initialized.

 Initialization Complete.
 //////////////////////////////////////

 Timestep has changed from  0.00000E+00 to  1.00000E-04.
 Iteration:  00000001   DeltaT:  1.000E-04   Iter/sec:  0.000E+00
 Timestep has changed from  1.00000E-04 to  8.93257E-06.
 Iteration:  00000002   DeltaT:  8.933E-06   Iter/sec:  1.266E-01
 Iteration:  00000003   DeltaT:  8.933E-06   Iter/sec:  4.815E+00
 Iteration:  00000004   DeltaT:  8.933E-06   Iter/sec:  5.123E+00
 Iteration:  00000005   DeltaT:  8.933E-06   Iter/sec:  4.861E+00
 Iteration:  00000006   DeltaT:  8.933E-06   Iter/sec:  3.909E+00
 Iteration:  00000007   DeltaT:  8.933E-06   Iter/sec:  5.682E+00
 Iteration:  00000008   DeltaT:  8.933E-06   Iter/sec:  5.803E+00
 Iteration:  00000009   DeltaT:  8.933E-06   Iter/sec:  5.485E+00
 Iteration:  00000010   DeltaT:  8.933E-06   Iter/sec:  5.684E+00
 Iteration:  00000011   DeltaT:  8.933E-06   Iter/sec:  5.729E+00
 Iteration:  00000012   DeltaT:  8.933E-06   Iter/sec:  5.750E+00
 Iteration:  00000013   DeltaT:  8.933E-06   Iter/sec:  5.800E+00
 Iteration:  00000014   DeltaT:  8.933E-06   Iter/sec:  5.772E+00
 Iteration:  00000015   DeltaT:  8.933E-06   Iter/sec:  5.959E+00
 Iteration:  00000016   DeltaT:  8.933E-06   Iter/sec:  5.624E+00
 Iteration:  00000017   DeltaT:  8.933E-06   Iter/sec:  5.821E+00
 Iteration:  00000018   DeltaT:  8.933E-06   Iter/sec:  5.885E+00
 Iteration:  00000019   DeltaT:  8.933E-06   Iter/sec:  5.665E+00
 Iteration:  00000020   DeltaT:  8.933E-06   Iter/sec:  5.744E+00
 Iteration:  00000021   DeltaT:  8.933E-06   Iter/sec:  5.957E+00
 Iteration:  00000022   DeltaT:  8.933E-06   Iter/sec:  5.717E+00
 Iteration:  00000023   DeltaT:  8.933E-06   Iter/sec:  5.764E+00
 Iteration:  00000024   DeltaT:  8.933E-06   Iter/sec:  5.976E+00
 Iteration:  00000025   DeltaT:  8.933E-06   Iter/sec:  3.743E+00
 Iteration:  00000026   DeltaT:  8.933E-06   Iter/sec:  5.889E+00
 Iteration:  00000027   DeltaT:  8.933E-06   Iter/sec:  5.931E+00
 Iteration:  00000028   DeltaT:  8.933E-06   Iter/sec:  5.849E+00
 Iteration:  00000029   DeltaT:  8.933E-06   Iter/sec:  5.937E+00
 Iteration:  00000030   DeltaT:  8.933E-06   Iter/sec:  5.488E+00
 Iteration:  00000031   DeltaT:  8.933E-06   Iter/sec:  3.366E+00
 Iteration:  00000032   DeltaT:  8.933E-06   Iter/sec:  6.569E+00
 Iteration:  00000033   DeltaT:  8.933E-06   Iter/sec:  5.958E+00
 Iteration:  00000034   DeltaT:  8.933E-06   Iter/sec:  5.774E+00
 Iteration:  00000035   DeltaT:  8.933E-06   Iter/sec:  5.862E+00
 Iteration:  00000036   DeltaT:  8.933E-06   Iter/sec:  5.859E+00
 Iteration:  00000037   DeltaT:  8.933E-06   Iter/sec:  6.044E+00
 Iteration:  00000038   DeltaT:  8.933E-06   Iter/sec:  5.627E+00
 Iteration:  00000039   DeltaT:  8.933E-06   Iter/sec:  5.784E+00
 Iteration:  00000040   DeltaT:  8.933E-06   Iter/sec:  5.849E+00
 Iteration:  00000041   DeltaT:  8.933E-06   Iter/sec:  5.987E+00
 Iteration:  00000042   DeltaT:  8.933E-06   Iter/sec:  5.711E+00
 Iteration:  00000043   DeltaT:  8.933E-06   Iter/sec:  5.853E+00
 Iteration:  00000044   DeltaT:  8.933E-06   Iter/sec:  5.809E+00
 Iteration:  00000045   DeltaT:  8.933E-06   Iter/sec:  5.923E+00
 Iteration:  00000046   DeltaT:  8.933E-06   Iter/sec:  5.779E+00
 Iteration:  00000047   DeltaT:  8.933E-06   Iter/sec:  5.739E+00
 Iteration:  00000048   DeltaT:  8.933E-06   Iter/sec:  5.831E+00
 Iteration:  00000049   DeltaT:  8.933E-06   Iter/sec:  5.865E+00
 Iteration:  00000050   DeltaT:  8.933E-06   Iter/sec:  3.657E+00


//////////////////////////////////////////////
   Measured Timings for Process 0  (seconds)

 Elapsed time:         9.1326
  Column time:         2.2079
     Row time:         3.9553
Legendre time:         0.8214
     FFT time:         0.4643
   Solve time:         0.2043
    rlma time:         0.0849
    rlmb time:         0.0377
  pspace time:         0.7339
  psolve time:         0.5380
    dphi time:         0.0365
captured time:         9.0842

     iter/sec:         5.4749
//////////////////////////////////////////////
