 //////////////////////////////////////
 Initializating Rayleigh...

 -- Initalizing MPI...
 ---- Specified parameters:
 ---- NCPU  :    256
 ---- NPROW :     32
 ---- NPCOL :      8
 -- MPI initialized.


 -- Initalizing Grid...
 ---- Specified parameters ----
 ---- N_R                 :     64
 ---- N_THETA             :   1536
 ---- Ell_MAX             :   1023
 ---- R_MIN               :  5.38462E-01
 ---- R_MAX               :  1.53846E+00
 ---- Chebyshev Domains   :      1

        Domain 1
          Grid points           :  64
          Dealiased Polynomials :  42
          Domain Lower Bound    :  5.38462E-01
          Domain Upper Bound    :  1.53846E+00

 -- Grid initialized.

[SHTns 3.4.5] built Apr 30 2021, 15:49:24, id: avx2,ishioka
        Lmax=1023, Mmax*Mres=1023, Mres=1, Nlm=524800  [1 threads, orthonormalized]
        => using FFTW : Mmax=1023, Nphi=3072, Nlat=1536  (data layout : phi_inc=1536, theta_inc=1, phi_embed=3072)
        => using Gauss nodes
        + polar optimization threshold = 1.0e-08
        finding optimal algorithm...
        + SHT accuracy = 1.38e-12
        => SHTns is ready.
 -- Initalizing Reference State...
 ---- Specified parameters:
 ---- Reference type           :  Boussinesq (Non-dimensional)
 ---- Rayleigh Number          :  1.00000E+05
 ---- Ekman Number             :  1.00000E-03
 ---- Prandtl Number           :  1.00000E+00
 ---- Magnetic Prandtl Number  :  5.00000E+00
 -- Reference State initialized.

 -- Initializing Fields...
 ---- Specified parameters:
 ---- Hydro Init Type    : Benchmark (Christensen et al. 2001)
 ---- Magnetic Init Type : Benchmark (Christensen et al. 2001)
 -- Fields initialized.

 Initialization Complete.
 //////////////////////////////////////

 Timestep has changed from  0.00000E+00 to  1.00000E-04.
 Iteration:  00000001   DeltaT:  1.000E-04   Iter/sec:  0.000E+00
 Timestep has changed from  1.00000E-04 to  4.46409E-06.
 Iteration:  00000002   DeltaT:  4.464E-06   Iter/sec:  8.207E-02
 Iteration:  00000003   DeltaT:  4.464E-06   Iter/sec:  3.581E-01
 Iteration:  00000004   DeltaT:  4.464E-06   Iter/sec:  3.579E-01
 Iteration:  00000005   DeltaT:  4.464E-06   Iter/sec:  3.752E-01
 Iteration:  00000006   DeltaT:  4.464E-06   Iter/sec:  3.749E-01
 Iteration:  00000007   DeltaT:  4.464E-06   Iter/sec:  3.728E-01
 Iteration:  00000008   DeltaT:  4.464E-06   Iter/sec:  3.682E-01
 Iteration:  00000009   DeltaT:  4.464E-06   Iter/sec:  3.738E-01
 Iteration:  00000010   DeltaT:  4.464E-06   Iter/sec:  3.454E-01
 Iteration:  00000011   DeltaT:  4.464E-06   Iter/sec:  3.728E-01
 Iteration:  00000012   DeltaT:  4.464E-06   Iter/sec:  3.646E-01
 Iteration:  00000013   DeltaT:  4.464E-06   Iter/sec:  3.410E-01
 Iteration:  00000014   DeltaT:  4.464E-06   Iter/sec:  3.757E-01
 Iteration:  00000015   DeltaT:  4.464E-06   Iter/sec:  3.709E-01
 Iteration:  00000016   DeltaT:  4.464E-06   Iter/sec:  3.726E-01
 Iteration:  00000017   DeltaT:  4.464E-06   Iter/sec:  3.422E-01
 Iteration:  00000018   DeltaT:  4.464E-06   Iter/sec:  3.687E-01
 Iteration:  00000019   DeltaT:  4.464E-06   Iter/sec:  3.690E-01
 Iteration:  00000020   DeltaT:  4.464E-06   Iter/sec:  3.395E-01
 Iteration:  00000021   DeltaT:  4.464E-06   Iter/sec:  3.720E-01
 Iteration:  00000022   DeltaT:  4.464E-06   Iter/sec:  3.649E-01
 Iteration:  00000023   DeltaT:  4.464E-06   Iter/sec:  3.697E-01
 Iteration:  00000024   DeltaT:  4.464E-06   Iter/sec:  3.699E-01
 Iteration:  00000025   DeltaT:  4.464E-06   Iter/sec:  3.651E-01
 Iteration:  00000026   DeltaT:  4.464E-06   Iter/sec:  3.660E-01
 Iteration:  00000027   DeltaT:  4.464E-06   Iter/sec:  3.760E-01
 Iteration:  00000028   DeltaT:  4.464E-06   Iter/sec:  3.660E-01
 Iteration:  00000029   DeltaT:  4.464E-06   Iter/sec:  3.470E-01
 Iteration:  00000030   DeltaT:  4.464E-06   Iter/sec:  3.797E-01
 Iteration:  00000031   DeltaT:  4.464E-06   Iter/sec:  3.663E-01
 Iteration:  00000032   DeltaT:  4.464E-06   Iter/sec:  3.723E-01
 Iteration:  00000033   DeltaT:  4.464E-06   Iter/sec:  3.337E-01
 Iteration:  00000034   DeltaT:  4.464E-06   Iter/sec:  3.799E-01
 Iteration:  00000035   DeltaT:  4.464E-06   Iter/sec:  3.670E-01
 Iteration:  00000036   DeltaT:  4.464E-06   Iter/sec:  3.724E-01
 Iteration:  00000037   DeltaT:  4.464E-06   Iter/sec:  3.594E-01
 Iteration:  00000038   DeltaT:  4.464E-06   Iter/sec:  3.330E-01
 Iteration:  00000039   DeltaT:  4.464E-06   Iter/sec:  3.778E-01
 Iteration:  00000040   DeltaT:  4.464E-06   Iter/sec:  3.630E-01
 Iteration:  00000041   DeltaT:  4.464E-06   Iter/sec:  3.627E-01
 Iteration:  00000042   DeltaT:  4.464E-06   Iter/sec:  3.762E-01
 Iteration:  00000043   DeltaT:  4.464E-06   Iter/sec:  3.618E-01
 Iteration:  00000044   DeltaT:  4.464E-06   Iter/sec:  3.734E-01
 Iteration:  00000045   DeltaT:  4.464E-06   Iter/sec:  3.705E-01
 Iteration:  00000046   DeltaT:  4.464E-06   Iter/sec:  3.727E-01
 Iteration:  00000047   DeltaT:  4.464E-06   Iter/sec:  3.631E-01
 Iteration:  00000048   DeltaT:  4.464E-06   Iter/sec:  3.784E-01
 Iteration:  00000049   DeltaT:  4.464E-06   Iter/sec:  3.398E-01
 Iteration:  00000050   DeltaT:  4.464E-06   Iter/sec:  3.714E-01


//////////////////////////////////////////////
   Measured Timings for Process 0  (seconds)

 Elapsed time:       137.3133
  Column time:        17.6575
     Row time:        52.3566
Legendre time:        26.1914
     FFT time:         7.6631
   Solve time:         1.4060
    rlma time:         2.7536
    rlmb time:         1.0154
  pspace time:        13.0623
  psolve time:        12.6445
    dphi time:         0.4494
captured time:       135.1998

     iter/sec:         0.3641
//////////////////////////////////////////////
