 //////////////////////////////////////
 Initializating Rayleigh...

 -- Initalizing MPI...
 ---- Specified parameters:
 ---- NCPU  :   1024
 ---- NPROW :     16
 ---- NPCOL :     64
 -- MPI initialized.


 -- Initalizing Grid...
 ---- Specified parameters ----
 ---- N_R                 :     64
 ---- N_THETA             :   1536
 ---- Ell_MAX             :   1023
 ---- R_MIN               :  5.38462E-01
 ---- R_MAX               :  1.53846E+00
 ---- Chebyshev Domains   :      1

        Domain 1
          Grid points           :  64
          Dealiased Polynomials :  42
          Domain Lower Bound    :  5.38462E-01
          Domain Upper Bound    :  1.53846E+00

 -- Grid initialized.

[SHTns 3.4.5] built Apr 30 2021, 15:49:24, id: avx2,ishioka
        Lmax=1023, Mmax*Mres=1023, Mres=1, Nlm=524800  [1 threads, orthonormalized]
        => using FFTW : Mmax=1023, Nphi=3072, Nlat=1536  (data layout : phi_inc=1536, theta_inc=1, phi_embed=3072)
        => using Gauss nodes
        + polar optimization threshold = 1.0e-08
        finding optimal algorithm...
        + SHT accuracy = 1.04e-12
        => SHTns is ready.
 -- Initalizing Reference State...
 ---- Specified parameters:
 ---- Reference type           :  Boussinesq (Non-dimensional)
 ---- Rayleigh Number          :  1.00000E+05
 ---- Ekman Number             :  1.00000E-03
 ---- Prandtl Number           :  1.00000E+00
 ---- Magnetic Prandtl Number  :  5.00000E+00
 -- Reference State initialized.

 -- Initializing Fields...
 ---- Specified parameters:
 ---- Hydro Init Type    : Benchmark (Christensen et al. 2001)
 ---- Magnetic Init Type : Benchmark (Christensen et al. 2001)
 -- Fields initialized.

 Initialization Complete.
 //////////////////////////////////////

 Timestep has changed from  0.00000E+00 to  1.00000E-04.
 Iteration:  00000001   DeltaT:  1.000E-04   Iter/sec:  0.000E+00
 Timestep has changed from  1.00000E-04 to  4.46409E-06.
 Iteration:  00000002   DeltaT:  4.464E-06   Iter/sec:  7.664E-02
 Iteration:  00000003   DeltaT:  4.464E-06   Iter/sec:  1.293E+00
 Iteration:  00000004   DeltaT:  4.464E-06   Iter/sec:  1.336E+00
 Iteration:  00000005   DeltaT:  4.464E-06   Iter/sec:  1.281E+00
 Iteration:  00000006   DeltaT:  4.464E-06   Iter/sec:  1.311E+00
 Iteration:  00000007   DeltaT:  4.464E-06   Iter/sec:  1.338E+00
 Iteration:  00000008   DeltaT:  4.464E-06   Iter/sec:  1.333E+00
 Iteration:  00000009   DeltaT:  4.464E-06   Iter/sec:  1.331E+00
 Iteration:  00000010   DeltaT:  4.464E-06   Iter/sec:  1.345E+00
 Iteration:  00000011   DeltaT:  4.464E-06   Iter/sec:  1.335E+00
 Iteration:  00000012   DeltaT:  4.464E-06   Iter/sec:  1.337E+00
 Iteration:  00000013   DeltaT:  4.464E-06   Iter/sec:  1.337E+00
 Iteration:  00000014   DeltaT:  4.464E-06   Iter/sec:  1.323E+00
 Iteration:  00000015   DeltaT:  4.464E-06   Iter/sec:  1.343E+00
 Iteration:  00000016   DeltaT:  4.464E-06   Iter/sec:  1.334E+00
 Iteration:  00000017   DeltaT:  4.464E-06   Iter/sec:  1.343E+00
 Iteration:  00000018   DeltaT:  4.464E-06   Iter/sec:  1.332E+00
 Iteration:  00000019   DeltaT:  4.464E-06   Iter/sec:  1.340E+00
 Iteration:  00000020   DeltaT:  4.464E-06   Iter/sec:  1.335E+00
 Iteration:  00000021   DeltaT:  4.464E-06   Iter/sec:  1.329E+00
 Iteration:  00000022   DeltaT:  4.464E-06   Iter/sec:  1.347E+00
 Iteration:  00000023   DeltaT:  4.464E-06   Iter/sec:  1.341E+00
 Iteration:  00000024   DeltaT:  4.464E-06   Iter/sec:  1.330E+00
 Iteration:  00000025   DeltaT:  4.464E-06   Iter/sec:  1.251E+00
 Iteration:  00000026   DeltaT:  4.464E-06   Iter/sec:  1.373E+00
 Iteration:  00000027   DeltaT:  4.464E-06   Iter/sec:  1.320E+00
 Iteration:  00000028   DeltaT:  4.464E-06   Iter/sec:  1.324E+00
 Iteration:  00000029   DeltaT:  4.464E-06   Iter/sec:  1.339E+00
 Iteration:  00000030   DeltaT:  4.464E-06   Iter/sec:  1.301E+00
 Iteration:  00000031   DeltaT:  4.464E-06   Iter/sec:  1.362E+00
 Iteration:  00000032   DeltaT:  4.464E-06   Iter/sec:  1.337E+00
 Iteration:  00000033   DeltaT:  4.464E-06   Iter/sec:  1.335E+00
 Iteration:  00000034   DeltaT:  4.464E-06   Iter/sec:  1.337E+00
 Iteration:  00000035   DeltaT:  4.464E-06   Iter/sec:  1.336E+00
 Iteration:  00000036   DeltaT:  4.464E-06   Iter/sec:  1.346E+00
 Iteration:  00000037   DeltaT:  4.464E-06   Iter/sec:  1.317E+00
 Iteration:  00000038   DeltaT:  4.464E-06   Iter/sec:  1.347E+00
 Iteration:  00000039   DeltaT:  4.464E-06   Iter/sec:  1.293E+00
 Iteration:  00000040   DeltaT:  4.464E-06   Iter/sec:  1.326E+00
 Iteration:  00000041   DeltaT:  4.464E-06   Iter/sec:  1.351E+00
 Iteration:  00000042   DeltaT:  4.464E-06   Iter/sec:  1.342E+00
 Iteration:  00000043   DeltaT:  4.464E-06   Iter/sec:  1.350E+00
 Iteration:  00000044   DeltaT:  4.464E-06   Iter/sec:  1.332E+00
 Iteration:  00000045   DeltaT:  4.464E-06   Iter/sec:  1.239E+00
 Iteration:  00000046   DeltaT:  4.464E-06   Iter/sec:  1.371E+00
 Iteration:  00000047   DeltaT:  4.464E-06   Iter/sec:  1.340E+00
 Iteration:  00000048   DeltaT:  4.464E-06   Iter/sec:  1.336E+00
 Iteration:  00000049   DeltaT:  4.464E-06   Iter/sec:  1.327E+00
 Iteration:  00000050   DeltaT:  4.464E-06   Iter/sec:  1.348E+00


//////////////////////////////////////////////
   Measured Timings for Process 0  (seconds)

 Elapsed time:        37.6444
  Column time:        11.0725
     Row time:         9.4522
Legendre time:         6.5236
     FFT time:         2.0521
   Solve time:         0.3544
    rlma time:         0.5497
    rlmb time:         0.2643
  pspace time:         3.8816
  psolve time:         2.9967
    dphi time:         0.1974
captured time:        37.3446

     iter/sec:         1.3282
//////////////////////////////////////////////
