 //////////////////////////////////////
 Initializating Rayleigh...

 -- Initalizing MPI...
 ---- Specified parameters:
 ---- NCPU  :    512
 ---- NPROW :     16
 ---- NPCOL :     32
 -- MPI initialized.


 -- Initalizing Grid...
 ---- Specified parameters ----
 ---- N_R                 :     64
 ---- N_THETA             :    192
 ---- Ell_MAX             :    127
 ---- R_MIN               :  5.38462E-01
 ---- R_MAX               :  1.53846E+00
 ---- Chebyshev Domains   :      1

        Domain 1
          Grid points           :  64
          Dealiased Polynomials :  42
          Domain Lower Bound    :  5.38462E-01
          Domain Upper Bound    :  1.53846E+00

 -- Grid initialized.

[SHTns 3.4.5] built Apr 30 2021, 15:49:24, id: avx2,ishioka
        Lmax=127, Mmax*Mres=127, Mres=1, Nlm=8256  [1 threads, orthonormalized]
        => using FFTW : Mmax=127, Nphi=384, Nlat=192  (data layout : phi_inc=192, theta_inc=1, phi_embed=384)
        => using Gauss nodes
        + polar optimization threshold = 1.0e-08
        finding optimal algorithm........
        + SHT accuracy = 6.71e-14
        => SHTns is ready.
 -- Initalizing Reference State...
 ---- Specified parameters:
 ---- Reference type           :  Boussinesq (Non-dimensional)
 ---- Rayleigh Number          :  1.00000E+05
 ---- Ekman Number             :  1.00000E-03
 ---- Prandtl Number           :  1.00000E+00
 ---- Magnetic Prandtl Number  :  5.00000E+00
 -- Reference State initialized.

 -- Initializing Fields...
 ---- Specified parameters:
 ---- Hydro Init Type    : Benchmark (Christensen et al. 2001)
 ---- Magnetic Init Type : Benchmark (Christensen et al. 2001)
 -- Fields initialized.

 Initialization Complete.
 //////////////////////////////////////

 Timestep has changed from  0.00000E+00 to  1.00000E-04.
 Iteration:  00000001   DeltaT:  1.000E-04   Iter/sec:  0.000E+00
 Timestep has changed from  1.00000E-04 to  1.02217E-05.
 Iteration:  00000002   DeltaT:  1.022E-05   Iter/sec:  2.365E-01
 Iteration:  00000003   DeltaT:  1.022E-05   Iter/sec:  6.398E+01
 Iteration:  00000004   DeltaT:  1.022E-05   Iter/sec:  9.760E+01
 Iteration:  00000005   DeltaT:  1.022E-05   Iter/sec:  9.494E+01
 Iteration:  00000006   DeltaT:  1.022E-05   Iter/sec:  9.510E+01
 Iteration:  00000007   DeltaT:  1.022E-05   Iter/sec:  8.609E+01
 Iteration:  00000008   DeltaT:  1.022E-05   Iter/sec:  9.727E+01
 Iteration:  00000009   DeltaT:  1.022E-05   Iter/sec:  9.730E+01
 Iteration:  00000010   DeltaT:  1.022E-05   Iter/sec:  9.635E+01
 Iteration:  00000011   DeltaT:  1.022E-05   Iter/sec:  9.878E+01
 Iteration:  00000012   DeltaT:  1.022E-05   Iter/sec:  8.879E+01
 Iteration:  00000013   DeltaT:  1.022E-05   Iter/sec:  9.821E+01
 Iteration:  00000014   DeltaT:  1.022E-05   Iter/sec:  9.394E+01
 Iteration:  00000015   DeltaT:  1.022E-05   Iter/sec:  9.635E+01
 Iteration:  00000016   DeltaT:  1.022E-05   Iter/sec:  9.534E+01
 Iteration:  00000017   DeltaT:  1.022E-05   Iter/sec:  9.687E+01
 Iteration:  00000018   DeltaT:  1.022E-05   Iter/sec:  9.650E+01
 Iteration:  00000019   DeltaT:  1.022E-05   Iter/sec:  9.666E+01
 Iteration:  00000020   DeltaT:  1.022E-05   Iter/sec:  9.349E+01
 Iteration:  00000021   DeltaT:  1.022E-05   Iter/sec:  9.633E+01
 Iteration:  00000022   DeltaT:  1.022E-05   Iter/sec:  9.133E+01
 Iteration:  00000023   DeltaT:  1.022E-05   Iter/sec:  9.781E+01
 Iteration:  00000024   DeltaT:  1.022E-05   Iter/sec:  9.687E+01
 Iteration:  00000025   DeltaT:  1.022E-05   Iter/sec:  1.011E+02
 Iteration:  00000026   DeltaT:  1.022E-05   Iter/sec:  9.748E+01
 Iteration:  00000027   DeltaT:  1.022E-05   Iter/sec:  9.814E+01
 Iteration:  00000028   DeltaT:  1.022E-05   Iter/sec:  9.600E+01
 Iteration:  00000029   DeltaT:  1.022E-05   Iter/sec:  9.889E+01
 Iteration:  00000030   DeltaT:  1.022E-05   Iter/sec:  9.310E+01
 Iteration:  00000031   DeltaT:  1.022E-05   Iter/sec:  8.763E+01
 Iteration:  00000032   DeltaT:  1.022E-05   Iter/sec:  7.368E+01
 Iteration:  00000033   DeltaT:  1.022E-05   Iter/sec:  9.785E+01
 Iteration:  00000034   DeltaT:  1.022E-05   Iter/sec:  9.820E+01
 Iteration:  00000035   DeltaT:  1.022E-05   Iter/sec:  9.937E+01
 Iteration:  00000036   DeltaT:  1.022E-05   Iter/sec:  9.848E+01
 Iteration:  00000037   DeltaT:  1.022E-05   Iter/sec:  9.540E+01
 Iteration:  00000038   DeltaT:  1.022E-05   Iter/sec:  9.953E+01
 Iteration:  00000039   DeltaT:  1.022E-05   Iter/sec:  9.861E+01
 Iteration:  00000040   DeltaT:  1.022E-05   Iter/sec:  9.464E+01
 Iteration:  00000041   DeltaT:  1.022E-05   Iter/sec:  9.097E+01
 Iteration:  00000042   DeltaT:  1.022E-05   Iter/sec:  8.977E+01
 Iteration:  00000043   DeltaT:  1.022E-05   Iter/sec:  9.584E+01
 Iteration:  00000044   DeltaT:  1.022E-05   Iter/sec:  9.802E+01
 Iteration:  00000045   DeltaT:  1.022E-05   Iter/sec:  9.581E+01
 Iteration:  00000046   DeltaT:  1.022E-05   Iter/sec:  9.744E+01
 Iteration:  00000047   DeltaT:  1.022E-05   Iter/sec:  9.809E+01
 Iteration:  00000048   DeltaT:  1.022E-05   Iter/sec:  9.747E+01
 Iteration:  00000049   DeltaT:  1.022E-05   Iter/sec:  9.566E+01
 Iteration:  00000050   DeltaT:  1.022E-05   Iter/sec:  9.887E+01


//////////////////////////////////////////////
   Measured Timings for Process 0  (seconds)

 Elapsed time:         0.5359
  Column time:         0.1435
     Row time:         0.1688
Legendre time:         0.0399
     FFT time:         0.0349
   Solve time:         0.0438
    rlma time:         0.0143
    rlmb time:         0.0061
  pspace time:         0.0210
  psolve time:         0.0492
    dphi time:         0.0025
captured time:         0.5241

     iter/sec:        93.3005
//////////////////////////////////////////////
