 //////////////////////////////////////
 Initializating Rayleigh...

 -- Initalizing MPI...
 ---- Specified parameters:
 ---- NCPU  :   2048
 ---- NPROW :     32
 ---- NPCOL :     64
 -- MPI initialized.


 -- Initalizing Grid...
 ---- Specified parameters ----
 ---- N_R                 :    128
 ---- N_THETA             :    768
 ---- Ell_MAX             :    511
 ---- R_MIN               :  5.38462E-01
 ---- R_MAX               :  1.53846E+00
 ---- Chebyshev Domains   :      1

        Domain 1
          Grid points           :  128
          Dealiased Polynomials :  85
          Domain Lower Bound    :  5.38462E-01
          Domain Upper Bound    :  1.53846E+00

 -- Grid initialized.

[SHTns 3.4.5] built Apr 30 2021, 15:49:24, id: avx2,ishioka
        Lmax=511, Mmax*Mres=511, Mres=1, Nlm=131328  [1 threads, orthonormalized]
        => using FFTW : Mmax=511, Nphi=1536, Nlat=768  (data layout : phi_inc=768, theta_inc=1, phi_embed=1536)
        => using Gauss nodes
        + polar optimization threshold = 1.0e-08
        finding optimal algorithm........
        + SHT accuracy = 5.58e-13
        => SHTns is ready.
 -- Initalizing Reference State...
 ---- Specified parameters:
 ---- Reference type           :  Boussinesq (Non-dimensional)
 ---- Rayleigh Number          :  1.00000E+05
 ---- Ekman Number             :  1.00000E-03
 ---- Prandtl Number           :  1.00000E+00
 ---- Magnetic Prandtl Number  :  5.00000E+00
 -- Reference State initialized.

 -- Initializing Fields...
 ---- Specified parameters:
 ---- Hydro Init Type    : Benchmark (Christensen et al. 2001)
 ---- Magnetic Init Type : Benchmark (Christensen et al. 2001)
 -- Fields initialized.

 Initialization Complete.
 //////////////////////////////////////

 Timestep has changed from  0.00000E+00 to  1.00000E-04.
 Iteration:  00000001   DeltaT:  1.000E-04   Iter/sec:  0.000E+00
 Timestep has changed from  1.00000E-04 to  2.55562E-06.
 Iteration:  00000002   DeltaT:  2.556E-06   Iter/sec:  1.182E-01
 Iteration:  00000003   DeltaT:  2.556E-06   Iter/sec:  4.452E+00
 Iteration:  00000004   DeltaT:  2.556E-06   Iter/sec:  4.921E+00
 Iteration:  00000005   DeltaT:  2.556E-06   Iter/sec:  5.323E+00
 Iteration:  00000006   DeltaT:  2.556E-06   Iter/sec:  5.604E+00
 Iteration:  00000007   DeltaT:  2.556E-06   Iter/sec:  5.481E+00
 Iteration:  00000008   DeltaT:  2.556E-06   Iter/sec:  5.294E+00
 Iteration:  00000009   DeltaT:  2.556E-06   Iter/sec:  5.371E+00
 Iteration:  00000010   DeltaT:  2.556E-06   Iter/sec:  5.467E+00
 Iteration:  00000011   DeltaT:  2.556E-06   Iter/sec:  5.468E+00
 Iteration:  00000012   DeltaT:  2.556E-06   Iter/sec:  5.484E+00
 Iteration:  00000013   DeltaT:  2.556E-06   Iter/sec:  5.233E+00
 Iteration:  00000014   DeltaT:  2.556E-06   Iter/sec:  5.848E+00
 Iteration:  00000015   DeltaT:  2.556E-06   Iter/sec:  5.627E+00
 Iteration:  00000016   DeltaT:  2.556E-06   Iter/sec:  5.268E+00
 Iteration:  00000017   DeltaT:  2.556E-06   Iter/sec:  5.434E+00
 Iteration:  00000018   DeltaT:  2.556E-06   Iter/sec:  5.636E+00
 Iteration:  00000019   DeltaT:  2.556E-06   Iter/sec:  5.550E+00
 Iteration:  00000020   DeltaT:  2.556E-06   Iter/sec:  5.497E+00
 Iteration:  00000021   DeltaT:  2.556E-06   Iter/sec:  5.553E+00
 Iteration:  00000022   DeltaT:  2.556E-06   Iter/sec:  5.515E+00
 Iteration:  00000023   DeltaT:  2.556E-06   Iter/sec:  5.004E+00
 Iteration:  00000024   DeltaT:  2.556E-06   Iter/sec:  5.485E+00
 Iteration:  00000025   DeltaT:  2.556E-06   Iter/sec:  5.745E+00
 Iteration:  00000026   DeltaT:  2.556E-06   Iter/sec:  5.556E+00
 Iteration:  00000027   DeltaT:  2.556E-06   Iter/sec:  5.730E+00
 Iteration:  00000028   DeltaT:  2.556E-06   Iter/sec:  5.631E+00
 Iteration:  00000029   DeltaT:  2.556E-06   Iter/sec:  5.512E+00
 Iteration:  00000030   DeltaT:  2.556E-06   Iter/sec:  4.705E+00
 Iteration:  00000031   DeltaT:  2.556E-06   Iter/sec:  5.591E+00
 Iteration:  00000032   DeltaT:  2.556E-06   Iter/sec:  5.333E+00
 Iteration:  00000033   DeltaT:  2.556E-06   Iter/sec:  5.497E+00
 Iteration:  00000034   DeltaT:  2.556E-06   Iter/sec:  5.702E+00
 Iteration:  00000035   DeltaT:  2.556E-06   Iter/sec:  5.517E+00
 Iteration:  00000036   DeltaT:  2.556E-06   Iter/sec:  5.003E+00
 Iteration:  00000037   DeltaT:  2.556E-06   Iter/sec:  5.461E+00
 Iteration:  00000038   DeltaT:  2.556E-06   Iter/sec:  5.688E+00
 Iteration:  00000039   DeltaT:  2.556E-06   Iter/sec:  5.696E+00
 Iteration:  00000040   DeltaT:  2.556E-06   Iter/sec:  5.507E+00
 Iteration:  00000041   DeltaT:  2.556E-06   Iter/sec:  5.631E+00
 Iteration:  00000042   DeltaT:  2.556E-06   Iter/sec:  5.507E+00
 Iteration:  00000043   DeltaT:  2.556E-06   Iter/sec:  4.946E+00
 Iteration:  00000044   DeltaT:  2.556E-06   Iter/sec:  5.556E+00
 Iteration:  00000045   DeltaT:  2.556E-06   Iter/sec:  5.538E+00
 Iteration:  00000046   DeltaT:  2.556E-06   Iter/sec:  5.453E+00
 Iteration:  00000047   DeltaT:  2.556E-06   Iter/sec:  5.494E+00
 Iteration:  00000048   DeltaT:  2.556E-06   Iter/sec:  5.705E+00
 Iteration:  00000049   DeltaT:  2.556E-06   Iter/sec:  4.923E+00
 Iteration:  00000050   DeltaT:  2.556E-06   Iter/sec:  5.586E+00


//////////////////////////////////////////////
   Measured Timings for Process 0  (seconds)

 Elapsed time:         9.3654
  Column time:         3.2421
     Row time:         3.1598
Legendre time:         0.8175
     FFT time:         0.4242
   Solve time:         0.2803
    rlma time:         0.0954
    rlmb time:         0.0422
  pspace time:         0.6582
  psolve time:         0.5600
    dphi time:         0.0312
captured time:         9.3111

     iter/sec:         5.3388
//////////////////////////////////////////////
