 //////////////////////////////////////
 Initializating Rayleigh...

 -- Initalizing MPI...
 ---- Specified parameters:
 ---- NCPU  :    256
 ---- NPROW :     32
 ---- NPCOL :      8
 -- MPI initialized.


 -- Initalizing Grid...
 ---- Specified parameters ----
 ---- N_R                 :     64
 ---- N_THETA             :    384
 ---- Ell_MAX             :    255
 ---- R_MIN               :  5.38462E-01
 ---- R_MAX               :  1.53846E+00
 ---- Chebyshev Domains   :      1

        Domain 1
          Grid points           :  64
          Dealiased Polynomials :  42
          Domain Lower Bound    :  5.38462E-01
          Domain Upper Bound    :  1.53846E+00

 -- Grid initialized.

[SHTns 3.4.5] built Apr 30 2021, 15:49:24, id: avx2,ishioka
        Lmax=255, Mmax*Mres=255, Mres=1, Nlm=32896  [1 threads, orthonormalized]
        => using FFTW : Mmax=255, Nphi=768, Nlat=384  (data layout : phi_inc=384, theta_inc=1, phi_embed=768)
        => using Gauss nodes
        + polar optimization threshold = 1.0e-08
        finding optimal algorithm..........
        + SHT accuracy = 1.54e-12
        => SHTns is ready.
 -- Initalizing Reference State...
 ---- Specified parameters:
 ---- Reference type           :  Boussinesq (Non-dimensional)
 ---- Rayleigh Number          :  1.00000E+05
 ---- Ekman Number             :  1.00000E-03
 ---- Prandtl Number           :  1.00000E+00
 ---- Magnetic Prandtl Number  :  5.00000E+00
 -- Reference State initialized.

 -- Initializing Fields...
 ---- Specified parameters:
 ---- Hydro Init Type    : Benchmark (Christensen et al. 2001)
 ---- Magnetic Init Type : Benchmark (Christensen et al. 2001)
 -- Fields initialized.

 Initialization Complete.
 //////////////////////////////////////

 Timestep has changed from  0.00000E+00 to  1.00000E-04.
 Iteration:  00000001   DeltaT:  1.000E-04   Iter/sec:  0.000E+00
 Timestep has changed from  1.00000E-04 to  1.02211E-05.
 Iteration:  00000002   DeltaT:  1.022E-05   Iter/sec:  9.458E-02
 Iteration:  00000003   DeltaT:  1.022E-05   Iter/sec:  6.303E+00
 Iteration:  00000004   DeltaT:  1.022E-05   Iter/sec:  7.631E+00
 Iteration:  00000005   DeltaT:  1.022E-05   Iter/sec:  8.149E+00
 Iteration:  00000006   DeltaT:  1.022E-05   Iter/sec:  7.854E+00
 Iteration:  00000007   DeltaT:  1.022E-05   Iter/sec:  7.786E+00
 Iteration:  00000008   DeltaT:  1.022E-05   Iter/sec:  8.268E+00
 Iteration:  00000009   DeltaT:  1.022E-05   Iter/sec:  8.140E+00
 Iteration:  00000010   DeltaT:  1.022E-05   Iter/sec:  8.090E+00
 Iteration:  00000011   DeltaT:  1.022E-05   Iter/sec:  8.069E+00
 Iteration:  00000012   DeltaT:  1.022E-05   Iter/sec:  8.178E+00
 Iteration:  00000013   DeltaT:  1.022E-05   Iter/sec:  8.136E+00
 Iteration:  00000014   DeltaT:  1.022E-05   Iter/sec:  8.092E+00
 Iteration:  00000015   DeltaT:  1.022E-05   Iter/sec:  8.063E+00
 Iteration:  00000016   DeltaT:  1.022E-05   Iter/sec:  8.077E+00
 Iteration:  00000017   DeltaT:  1.022E-05   Iter/sec:  7.967E+00
 Iteration:  00000018   DeltaT:  1.022E-05   Iter/sec:  8.395E+00
 Iteration:  00000019   DeltaT:  1.022E-05   Iter/sec:  8.335E+00
 Iteration:  00000020   DeltaT:  1.022E-05   Iter/sec:  8.105E+00
 Iteration:  00000021   DeltaT:  1.022E-05   Iter/sec:  8.326E+00
 Iteration:  00000022   DeltaT:  1.022E-05   Iter/sec:  8.016E+00
 Iteration:  00000023   DeltaT:  1.022E-05   Iter/sec:  8.282E+00
 Iteration:  00000024   DeltaT:  1.022E-05   Iter/sec:  8.192E+00
 Iteration:  00000025   DeltaT:  1.022E-05   Iter/sec:  8.494E+00
 Iteration:  00000026   DeltaT:  1.022E-05   Iter/sec:  7.555E+00
 Iteration:  00000027   DeltaT:  1.022E-05   Iter/sec:  7.666E+00
 Iteration:  00000028   DeltaT:  1.022E-05   Iter/sec:  8.603E+00
 Iteration:  00000029   DeltaT:  1.022E-05   Iter/sec:  8.400E+00
 Iteration:  00000030   DeltaT:  1.022E-05   Iter/sec:  8.328E+00
 Iteration:  00000031   DeltaT:  1.022E-05   Iter/sec:  8.364E+00
 Iteration:  00000032   DeltaT:  1.022E-05   Iter/sec:  8.189E+00
 Iteration:  00000033   DeltaT:  1.022E-05   Iter/sec:  8.403E+00
 Iteration:  00000034   DeltaT:  1.022E-05   Iter/sec:  8.424E+00
 Iteration:  00000035   DeltaT:  1.022E-05   Iter/sec:  8.095E+00
 Iteration:  00000036   DeltaT:  1.022E-05   Iter/sec:  8.402E+00
 Iteration:  00000037   DeltaT:  1.022E-05   Iter/sec:  8.106E+00
 Iteration:  00000038   DeltaT:  1.022E-05   Iter/sec:  8.425E+00
 Iteration:  00000039   DeltaT:  1.022E-05   Iter/sec:  8.230E+00
 Iteration:  00000040   DeltaT:  1.022E-05   Iter/sec:  8.314E+00
 Iteration:  00000041   DeltaT:  1.022E-05   Iter/sec:  8.161E+00
 Iteration:  00000042   DeltaT:  1.022E-05   Iter/sec:  8.225E+00
 Iteration:  00000043   DeltaT:  1.022E-05   Iter/sec:  8.493E+00
 Iteration:  00000044   DeltaT:  1.022E-05   Iter/sec:  8.163E+00
 Iteration:  00000045   DeltaT:  1.022E-05   Iter/sec:  8.309E+00
 Iteration:  00000046   DeltaT:  1.022E-05   Iter/sec:  8.134E+00
 Iteration:  00000047   DeltaT:  1.022E-05   Iter/sec:  8.389E+00
 Iteration:  00000048   DeltaT:  1.022E-05   Iter/sec:  8.453E+00
 Iteration:  00000049   DeltaT:  1.022E-05   Iter/sec:  8.157E+00
 Iteration:  00000050   DeltaT:  1.022E-05   Iter/sec:  8.369E+00


//////////////////////////////////////////////
   Measured Timings for Process 0  (seconds)

 Elapsed time:         6.1924
  Column time:         1.0651
     Row time:         2.5675
Legendre time:         0.4815
     FFT time:         0.4542
   Solve time:         0.2119
    rlma time:         0.0796
    rlmb time:         0.0335
  pspace time:         0.6804
  psolve time:         0.5368
    dphi time:         0.0321
captured time:         6.1425

     iter/sec:         8.0744
//////////////////////////////////////////////
