 //////////////////////////////////////
 Initializating Rayleigh...

 -- Initalizing MPI...
 ---- Specified parameters:
 ---- NCPU  :    256
 ---- NPROW :     32
 ---- NPCOL :      8
 -- MPI initialized.


 -- Initalizing Grid...
 ---- Specified parameters ----
 ---- N_R                 :    128
 ---- N_THETA             :    192
 ---- Ell_MAX             :    127
 ---- R_MIN               :  5.38462E-01
 ---- R_MAX               :  1.53846E+00
 ---- Chebyshev Domains   :      1

        Domain 1
          Grid points           :  128
          Dealiased Polynomials :  85
          Domain Lower Bound    :  5.38462E-01
          Domain Upper Bound    :  1.53846E+00

 -- Grid initialized.

[SHTns 3.4.5] built Apr 30 2021, 15:49:24, id: avx2,ishioka
        Lmax=127, Mmax*Mres=127, Mres=1, Nlm=8256  [1 threads, orthonormalized]
        => using FFTW : Mmax=127, Nphi=384, Nlat=192  (data layout : phi_inc=192, theta_inc=1, phi_embed=384)
        => using Gauss nodes
        + polar optimization threshold = 1.0e-08
        finding optimal algorithm........
        + SHT accuracy = 5.59e-14
        => SHTns is ready.
 -- Initalizing Reference State...
 ---- Specified parameters:
 ---- Reference type           :  Boussinesq (Non-dimensional)
 ---- Rayleigh Number          :  1.00000E+05
 ---- Ekman Number             :  1.00000E-03
 ---- Prandtl Number           :  1.00000E+00
 ---- Magnetic Prandtl Number  :  5.00000E+00
 -- Reference State initialized.

 -- Initializing Fields...
 ---- Specified parameters:
 ---- Hydro Init Type    : Benchmark (Christensen et al. 2001)
 ---- Magnetic Init Type : Benchmark (Christensen et al. 2001)
 -- Fields initialized.

 Initialization Complete.
 //////////////////////////////////////

 Timestep has changed from  0.00000E+00 to  1.00000E-04.
 Iteration:  00000001   DeltaT:  1.000E-04   Iter/sec:  0.000E+00
 Timestep has changed from  1.00000E-04 to  2.55581E-06.
 Iteration:  00000002   DeltaT:  2.556E-06   Iter/sec:  2.339E-01
 Iteration:  00000003   DeltaT:  2.556E-06   Iter/sec:  6.670E+00
 Iteration:  00000004   DeltaT:  2.556E-06   Iter/sec:  1.705E+01
 Iteration:  00000005   DeltaT:  2.556E-06   Iter/sec:  1.675E+01
 Iteration:  00000006   DeltaT:  2.556E-06   Iter/sec:  1.695E+01
 Iteration:  00000007   DeltaT:  2.556E-06   Iter/sec:  1.704E+01
 Iteration:  00000008   DeltaT:  2.556E-06   Iter/sec:  1.751E+01
 Iteration:  00000009   DeltaT:  2.556E-06   Iter/sec:  1.717E+01
 Iteration:  00000010   DeltaT:  2.556E-06   Iter/sec:  1.751E+01
 Iteration:  00000011   DeltaT:  2.556E-06   Iter/sec:  1.716E+01
 Iteration:  00000012   DeltaT:  2.556E-06   Iter/sec:  1.728E+01
 Iteration:  00000013   DeltaT:  2.556E-06   Iter/sec:  1.681E+01
 Iteration:  00000014   DeltaT:  2.556E-06   Iter/sec:  1.728E+01
 Iteration:  00000015   DeltaT:  2.556E-06   Iter/sec:  1.740E+01
 Iteration:  00000016   DeltaT:  2.556E-06   Iter/sec:  1.731E+01
 Iteration:  00000017   DeltaT:  2.556E-06   Iter/sec:  1.716E+01
 Iteration:  00000018   DeltaT:  2.556E-06   Iter/sec:  1.738E+01
 Iteration:  00000019   DeltaT:  2.556E-06   Iter/sec:  1.709E+01
 Iteration:  00000020   DeltaT:  2.556E-06   Iter/sec:  1.657E+01
 Iteration:  00000021   DeltaT:  2.556E-06   Iter/sec:  1.742E+01
 Iteration:  00000022   DeltaT:  2.556E-06   Iter/sec:  1.692E+01
 Iteration:  00000023   DeltaT:  2.556E-06   Iter/sec:  1.717E+01
 Iteration:  00000024   DeltaT:  2.556E-06   Iter/sec:  1.706E+01
 Iteration:  00000025   DeltaT:  2.556E-06   Iter/sec:  1.727E+01
 Iteration:  00000026   DeltaT:  2.556E-06   Iter/sec:  1.760E+01
 Iteration:  00000027   DeltaT:  2.556E-06   Iter/sec:  1.672E+01
 Iteration:  00000028   DeltaT:  2.556E-06   Iter/sec:  1.767E+01
 Iteration:  00000029   DeltaT:  2.556E-06   Iter/sec:  1.642E+01
 Iteration:  00000030   DeltaT:  2.556E-06   Iter/sec:  1.698E+01
 Iteration:  00000031   DeltaT:  2.556E-06   Iter/sec:  1.719E+01
 Iteration:  00000032   DeltaT:  2.556E-06   Iter/sec:  1.669E+01
 Iteration:  00000033   DeltaT:  2.556E-06   Iter/sec:  1.729E+01
 Iteration:  00000034   DeltaT:  2.556E-06   Iter/sec:  1.711E+01
 Iteration:  00000035   DeltaT:  2.556E-06   Iter/sec:  1.709E+01
 Iteration:  00000036   DeltaT:  2.556E-06   Iter/sec:  1.746E+01
 Iteration:  00000037   DeltaT:  2.556E-06   Iter/sec:  1.699E+01
 Iteration:  00000038   DeltaT:  2.556E-06   Iter/sec:  1.709E+01
 Iteration:  00000039   DeltaT:  2.556E-06   Iter/sec:  1.721E+01
 Iteration:  00000040   DeltaT:  2.556E-06   Iter/sec:  1.712E+01
 Iteration:  00000041   DeltaT:  2.556E-06   Iter/sec:  1.724E+01
 Iteration:  00000042   DeltaT:  2.556E-06   Iter/sec:  1.716E+01
 Iteration:  00000043   DeltaT:  2.556E-06   Iter/sec:  1.734E+01
 Iteration:  00000044   DeltaT:  2.556E-06   Iter/sec:  1.726E+01
 Iteration:  00000045   DeltaT:  2.556E-06   Iter/sec:  1.710E+01
 Iteration:  00000046   DeltaT:  2.556E-06   Iter/sec:  1.725E+01
 Iteration:  00000047   DeltaT:  2.556E-06   Iter/sec:  1.739E+01
 Iteration:  00000048   DeltaT:  2.556E-06   Iter/sec:  1.679E+01
 Iteration:  00000049   DeltaT:  2.556E-06   Iter/sec:  1.753E+01
 Iteration:  00000050   DeltaT:  2.556E-06   Iter/sec:  1.695E+01


//////////////////////////////////////////////
   Measured Timings for Process 0  (seconds)

 Elapsed time:         3.1017
  Column time:         0.4361
     Row time:         1.2455
Legendre time:         0.1564
     FFT time:         0.2270
   Solve time:         0.3389
    rlma time:         0.0388
    rlmb time:         0.0160
  pspace time:         0.2238
  psolve time:         0.3698
    dphi time:         0.0163
captured time:         3.0686

     iter/sec:        16.1203
//////////////////////////////////////////////
