 //////////////////////////////////////
 Initializating Rayleigh...

 -- Initalizing MPI...
 ---- Specified parameters:
 ---- NCPU  :   1024
 ---- NPROW :     16
 ---- NPCOL :     64
 -- MPI initialized.


 -- Initalizing Grid...
 ---- Specified parameters ----
 ---- N_R                 :     64
 ---- N_THETA             :    384
 ---- Ell_MAX             :    255
 ---- R_MIN               :  5.38462E-01
 ---- R_MAX               :  1.53846E+00
 ---- Chebyshev Domains   :      1

        Domain 1
          Grid points           :  64
          Dealiased Polynomials :  42
          Domain Lower Bound    :  5.38462E-01
          Domain Upper Bound    :  1.53846E+00

 -- Grid initialized.

[SHTns 3.4.5] built Apr 30 2021, 15:49:24, id: avx2,ishioka
        Lmax=255, Mmax*Mres=255, Mres=1, Nlm=32896  [1 threads, orthonormalized]
        => using FFTW : Mmax=255, Nphi=768, Nlat=384  (data layout : phi_inc=384, theta_inc=1, phi_embed=768)
        => using Gauss nodes
        + polar optimization threshold = 1.0e-08
        finding optimal algorithm..........
        + SHT accuracy = 1.74e-12
        => SHTns is ready.
 -- Initalizing Reference State...
 ---- Specified parameters:
 ---- Reference type           :  Boussinesq (Non-dimensional)
 ---- Rayleigh Number          :  1.00000E+05
 ---- Ekman Number             :  1.00000E-03
 ---- Prandtl Number           :  1.00000E+00
 ---- Magnetic Prandtl Number  :  5.00000E+00
 -- Reference State initialized.

 -- Initializing Fields...
 ---- Specified parameters:
 ---- Hydro Init Type    : Benchmark (Christensen et al. 2001)
 ---- Magnetic Init Type : Benchmark (Christensen et al. 2001)
 -- Fields initialized.

 Initialization Complete.
 //////////////////////////////////////

 Timestep has changed from  0.00000E+00 to  1.00000E-04.
 Iteration:  00000001   DeltaT:  1.000E-04   Iter/sec:  0.000E+00
 Timestep has changed from  1.00000E-04 to  1.02211E-05.
 Iteration:  00000002   DeltaT:  1.022E-05   Iter/sec:  9.488E-02
 Iteration:  00000003   DeltaT:  1.022E-05   Iter/sec:  2.911E+01
 Iteration:  00000004   DeltaT:  1.022E-05   Iter/sec:  3.442E+01
 Iteration:  00000005   DeltaT:  1.022E-05   Iter/sec:  3.502E+01
 Iteration:  00000006   DeltaT:  1.022E-05   Iter/sec:  3.444E+01
 Iteration:  00000007   DeltaT:  1.022E-05   Iter/sec:  1.430E+01
 Iteration:  00000008   DeltaT:  1.022E-05   Iter/sec:  2.716E+01
 Iteration:  00000009   DeltaT:  1.022E-05   Iter/sec:  3.088E+01
 Iteration:  00000010   DeltaT:  1.022E-05   Iter/sec:  3.191E+01
 Iteration:  00000011   DeltaT:  1.022E-05   Iter/sec:  2.564E+01
 Iteration:  00000012   DeltaT:  1.022E-05   Iter/sec:  3.474E+01
 Iteration:  00000013   DeltaT:  1.022E-05   Iter/sec:  3.522E+01
 Iteration:  00000014   DeltaT:  1.022E-05   Iter/sec:  3.501E+01
 Iteration:  00000015   DeltaT:  1.022E-05   Iter/sec:  3.504E+01
 Iteration:  00000016   DeltaT:  1.022E-05   Iter/sec:  3.504E+01
 Iteration:  00000017   DeltaT:  1.022E-05   Iter/sec:  3.505E+01
 Iteration:  00000018   DeltaT:  1.022E-05   Iter/sec:  3.279E+01
 Iteration:  00000019   DeltaT:  1.022E-05   Iter/sec:  2.966E+01
 Iteration:  00000020   DeltaT:  1.022E-05   Iter/sec:  3.055E+01
 Iteration:  00000021   DeltaT:  1.022E-05   Iter/sec:  3.370E+01
 Iteration:  00000022   DeltaT:  1.022E-05   Iter/sec:  3.174E+01
 Iteration:  00000023   DeltaT:  1.022E-05   Iter/sec:  3.527E+01
 Iteration:  00000024   DeltaT:  1.022E-05   Iter/sec:  3.461E+01
 Iteration:  00000025   DeltaT:  1.022E-05   Iter/sec:  3.424E+01
 Iteration:  00000026   DeltaT:  1.022E-05   Iter/sec:  3.510E+01
 Iteration:  00000027   DeltaT:  1.022E-05   Iter/sec:  3.461E+01
 Iteration:  00000028   DeltaT:  1.022E-05   Iter/sec:  3.470E+01
 Iteration:  00000029   DeltaT:  1.022E-05   Iter/sec:  3.527E+01
 Iteration:  00000030   DeltaT:  1.022E-05   Iter/sec:  3.427E+01
 Iteration:  00000031   DeltaT:  1.022E-05   Iter/sec:  3.412E+01
 Iteration:  00000032   DeltaT:  1.022E-05   Iter/sec:  3.538E+01
 Iteration:  00000033   DeltaT:  1.022E-05   Iter/sec:  3.519E+01
 Iteration:  00000034   DeltaT:  1.022E-05   Iter/sec:  3.475E+01
 Iteration:  00000035   DeltaT:  1.022E-05   Iter/sec:  3.209E+01
 Iteration:  00000036   DeltaT:  1.022E-05   Iter/sec:  3.438E+01
 Iteration:  00000037   DeltaT:  1.022E-05   Iter/sec:  3.467E+01
 Iteration:  00000038   DeltaT:  1.022E-05   Iter/sec:  3.384E+01
 Iteration:  00000039   DeltaT:  1.022E-05   Iter/sec:  3.317E+01
 Iteration:  00000040   DeltaT:  1.022E-05   Iter/sec:  3.462E+01
 Iteration:  00000041   DeltaT:  1.022E-05   Iter/sec:  1.875E+01
 Iteration:  00000042   DeltaT:  1.022E-05   Iter/sec:  3.677E+01
 Iteration:  00000043   DeltaT:  1.022E-05   Iter/sec:  3.389E+01
 Iteration:  00000044   DeltaT:  1.022E-05   Iter/sec:  3.445E+01
 Iteration:  00000045   DeltaT:  1.022E-05   Iter/sec:  1.486E+01
 Iteration:  00000046   DeltaT:  1.022E-05   Iter/sec:  3.953E+01
 Iteration:  00000047   DeltaT:  1.022E-05   Iter/sec:  3.620E+01
 Iteration:  00000048   DeltaT:  1.022E-05   Iter/sec:  1.817E+01
 Iteration:  00000049   DeltaT:  1.022E-05   Iter/sec:  2.459E+01
 Iteration:  00000050   DeltaT:  1.022E-05   Iter/sec:  3.043E+01


//////////////////////////////////////////////
   Measured Timings for Process 0  (seconds)

 Elapsed time:         1.6366
  Column time:         0.6616
     Row time:         0.4355
Legendre time:         0.1229
     FFT time:         0.0970
   Solve time:         0.0549
    rlma time:         0.0342
    rlmb time:         0.0140
  pspace time:         0.1010
  psolve time:         0.0884
    dphi time:         0.0097
captured time:         1.6193

     iter/sec:        30.5513
//////////////////////////////////////////////
