 //////////////////////////////////////
 Initializating Rayleigh...

 -- Initalizing MPI...
 ---- Specified parameters:
 ---- NCPU  :    512
 ---- NPROW :     32
 ---- NPCOL :     16
 -- MPI initialized.


 -- Initalizing Grid...
 ---- Specified parameters ----
 ---- N_R                 :    128
 ---- N_THETA             :    192
 ---- Ell_MAX             :    127
 ---- R_MIN               :  5.38462E-01
 ---- R_MAX               :  1.53846E+00
 ---- Chebyshev Domains   :      1

        Domain 1
          Grid points           :  128
          Dealiased Polynomials :  85
          Domain Lower Bound    :  5.38462E-01
          Domain Upper Bound    :  1.53846E+00

 -- Grid initialized.

[SHTns 3.4.5] built Apr 30 2021, 15:49:24, id: avx2,ishioka
        Lmax=127, Mmax*Mres=127, Mres=1, Nlm=8256  [1 threads, orthonormalized]
        => using FFTW : Mmax=127, Nphi=384, Nlat=192  (data layout : phi_inc=192, theta_inc=1, phi_embed=384)
        => using Gauss nodes
        + polar optimization threshold = 1.0e-08
        finding optimal algorithm........
        + SHT accuracy = 5.42e-14
        => SHTns is ready.
 -- Initalizing Reference State...
 ---- Specified parameters:
 ---- Reference type           :  Boussinesq (Non-dimensional)
 ---- Rayleigh Number          :  1.00000E+05
 ---- Ekman Number             :  1.00000E-03
 ---- Prandtl Number           :  1.00000E+00
 ---- Magnetic Prandtl Number  :  5.00000E+00
 -- Reference State initialized.

 -- Initializing Fields...
 ---- Specified parameters:
 ---- Hydro Init Type    : Benchmark (Christensen et al. 2001)
 ---- Magnetic Init Type : Benchmark (Christensen et al. 2001)
 -- Fields initialized.

 Initialization Complete.
 //////////////////////////////////////

 Timestep has changed from  0.00000E+00 to  1.00000E-04.
 Iteration:  00000001   DeltaT:  1.000E-04   Iter/sec:  0.000E+00
 Timestep has changed from  1.00000E-04 to  2.55581E-06.
 Iteration:  00000002   DeltaT:  2.556E-06   Iter/sec:  2.366E-01
 Iteration:  00000003   DeltaT:  2.556E-06   Iter/sec:  1.307E+01
 Iteration:  00000004   DeltaT:  2.556E-06   Iter/sec:  3.279E+01
 Iteration:  00000005   DeltaT:  2.556E-06   Iter/sec:  3.630E+01
 Iteration:  00000006   DeltaT:  2.556E-06   Iter/sec:  3.226E+01
 Iteration:  00000007   DeltaT:  2.556E-06   Iter/sec:  3.428E+01
 Iteration:  00000008   DeltaT:  2.556E-06   Iter/sec:  3.530E+01
 Iteration:  00000009   DeltaT:  2.556E-06   Iter/sec:  3.330E+01
 Iteration:  00000010   DeltaT:  2.556E-06   Iter/sec:  3.369E+01
 Iteration:  00000011   DeltaT:  2.556E-06   Iter/sec:  3.400E+01
 Iteration:  00000012   DeltaT:  2.556E-06   Iter/sec:  3.603E+01
 Iteration:  00000013   DeltaT:  2.556E-06   Iter/sec:  3.165E+01
 Iteration:  00000014   DeltaT:  2.556E-06   Iter/sec:  3.492E+01
 Iteration:  00000015   DeltaT:  2.556E-06   Iter/sec:  3.564E+01
 Iteration:  00000016   DeltaT:  2.556E-06   Iter/sec:  3.478E+01
 Iteration:  00000017   DeltaT:  2.556E-06   Iter/sec:  3.358E+01
 Iteration:  00000018   DeltaT:  2.556E-06   Iter/sec:  3.533E+01
 Iteration:  00000019   DeltaT:  2.556E-06   Iter/sec:  3.294E+01
 Iteration:  00000020   DeltaT:  2.556E-06   Iter/sec:  3.457E+01
 Iteration:  00000021   DeltaT:  2.556E-06   Iter/sec:  3.444E+01
 Iteration:  00000022   DeltaT:  2.556E-06   Iter/sec:  3.489E+01
 Iteration:  00000023   DeltaT:  2.556E-06   Iter/sec:  3.464E+01
 Iteration:  00000024   DeltaT:  2.556E-06   Iter/sec:  3.562E+01
 Iteration:  00000025   DeltaT:  2.556E-06   Iter/sec:  3.528E+01
 Iteration:  00000026   DeltaT:  2.556E-06   Iter/sec:  3.315E+01
 Iteration:  00000027   DeltaT:  2.556E-06   Iter/sec:  3.599E+01
 Iteration:  00000028   DeltaT:  2.556E-06   Iter/sec:  3.533E+01
 Iteration:  00000029   DeltaT:  2.556E-06   Iter/sec:  3.636E+01
 Iteration:  00000030   DeltaT:  2.556E-06   Iter/sec:  3.431E+01
 Iteration:  00000031   DeltaT:  2.556E-06   Iter/sec:  3.503E+01
 Iteration:  00000032   DeltaT:  2.556E-06   Iter/sec:  3.392E+01
 Iteration:  00000033   DeltaT:  2.556E-06   Iter/sec:  3.583E+01
 Iteration:  00000034   DeltaT:  2.556E-06   Iter/sec:  3.424E+01
 Iteration:  00000035   DeltaT:  2.556E-06   Iter/sec:  3.317E+01
 Iteration:  00000036   DeltaT:  2.556E-06   Iter/sec:  3.448E+01
 Iteration:  00000037   DeltaT:  2.556E-06   Iter/sec:  3.408E+01
 Iteration:  00000038   DeltaT:  2.556E-06   Iter/sec:  3.553E+01
 Iteration:  00000039   DeltaT:  2.556E-06   Iter/sec:  3.395E+01
 Iteration:  00000040   DeltaT:  2.556E-06   Iter/sec:  3.464E+01
 Iteration:  00000041   DeltaT:  2.556E-06   Iter/sec:  3.413E+01
 Iteration:  00000042   DeltaT:  2.556E-06   Iter/sec:  3.547E+01
 Iteration:  00000043   DeltaT:  2.556E-06   Iter/sec:  3.471E+01
 Iteration:  00000044   DeltaT:  2.556E-06   Iter/sec:  3.366E+01
 Iteration:  00000045   DeltaT:  2.556E-06   Iter/sec:  3.403E+01
 Iteration:  00000046   DeltaT:  2.556E-06   Iter/sec:  3.591E+01
 Iteration:  00000047   DeltaT:  2.556E-06   Iter/sec:  3.498E+01
 Iteration:  00000048   DeltaT:  2.556E-06   Iter/sec:  3.480E+01
 Iteration:  00000049   DeltaT:  2.556E-06   Iter/sec:  3.608E+01
 Iteration:  00000050   DeltaT:  2.556E-06   Iter/sec:  3.461E+01


//////////////////////////////////////////////
   Measured Timings for Process 0  (seconds)

 Elapsed time:         1.5405
  Column time:         0.2752
     Row time:         0.6362
Legendre time:         0.0757
     FFT time:         0.0825
   Solve time:         0.1885
    rlma time:         0.0219
    rlmb time:         0.0086
  pspace time:         0.0594
  psolve time:         0.1674
    dphi time:         0.0050
captured time:         1.5203

     iter/sec:        32.4573
//////////////////////////////////////////////
