 //////////////////////////////////////
 Initializating Rayleigh...

 -- Initalizing MPI...
 ---- Specified parameters:
 ---- NCPU  :   1024
 ---- NPROW :     32
 ---- NPCOL :     32
 -- MPI initialized.


 -- Initalizing Grid...
 ---- Specified parameters ----
 ---- N_R                 :     64
 ---- N_THETA             :    768
 ---- Ell_MAX             :    511
 ---- R_MIN               :  5.38462E-01
 ---- R_MAX               :  1.53846E+00
 ---- Chebyshev Domains   :      1

        Domain 1
          Grid points           :  64
          Dealiased Polynomials :  42
          Domain Lower Bound    :  5.38462E-01
          Domain Upper Bound    :  1.53846E+00

 -- Grid initialized.

[SHTns 3.4.5] built Apr 30 2021, 15:49:24, id: avx2,ishioka
        Lmax=511, Mmax*Mres=511, Mres=1, Nlm=131328  [1 threads, orthonormalized]
        => using FFTW : Mmax=511, Nphi=1536, Nlat=768  (data layout : phi_inc=768, theta_inc=1, phi_embed=1536)
        => using Gauss nodes
        + polar optimization threshold = 1.0e-08
        finding optimal algorithm........
        + SHT accuracy = 5.25e-13
        => SHTns is ready.
 -- Initalizing Reference State...
 ---- Specified parameters:
 ---- Reference type           :  Boussinesq (Non-dimensional)
 ---- Rayleigh Number          :  1.00000E+05
 ---- Ekman Number             :  1.00000E-03
 ---- Prandtl Number           :  1.00000E+00
 ---- Magnetic Prandtl Number  :  5.00000E+00
 -- Reference State initialized.

 -- Initializing Fields...
 ---- Specified parameters:
 ---- Hydro Init Type    : Benchmark (Christensen et al. 2001)
 ---- Magnetic Init Type : Benchmark (Christensen et al. 2001)
 -- Fields initialized.

 Initialization Complete.
 //////////////////////////////////////

 Timestep has changed from  0.00000E+00 to  1.00000E-04.
 Iteration:  00000001   DeltaT:  1.000E-04   Iter/sec:  0.000E+00
 Timestep has changed from  1.00000E-04 to  8.93257E-06.
 Iteration:  00000002   DeltaT:  8.933E-06   Iter/sec:  1.178E-01
 Iteration:  00000003   DeltaT:  8.933E-06   Iter/sec:  5.374E+00
 Iteration:  00000004   DeltaT:  8.933E-06   Iter/sec:  4.864E+00
 Iteration:  00000005   DeltaT:  8.933E-06   Iter/sec:  5.776E+00
 Iteration:  00000006   DeltaT:  8.933E-06   Iter/sec:  6.078E+00
 Iteration:  00000007   DeltaT:  8.933E-06   Iter/sec:  5.884E+00
 Iteration:  00000008   DeltaT:  8.933E-06   Iter/sec:  6.062E+00
 Iteration:  00000009   DeltaT:  8.933E-06   Iter/sec:  6.178E+00
 Iteration:  00000010   DeltaT:  8.933E-06   Iter/sec:  5.171E+00
 Iteration:  00000011   DeltaT:  8.933E-06   Iter/sec:  4.292E+00
 Iteration:  00000012   DeltaT:  8.933E-06   Iter/sec:  6.142E+00
 Iteration:  00000013   DeltaT:  8.933E-06   Iter/sec:  5.971E+00
 Iteration:  00000014   DeltaT:  8.933E-06   Iter/sec:  5.765E+00
 Iteration:  00000015   DeltaT:  8.933E-06   Iter/sec:  6.166E+00
 Iteration:  00000016   DeltaT:  8.933E-06   Iter/sec:  6.067E+00
 Iteration:  00000017   DeltaT:  8.933E-06   Iter/sec:  6.325E+00
 Iteration:  00000018   DeltaT:  8.933E-06   Iter/sec:  5.775E+00
 Iteration:  00000019   DeltaT:  8.933E-06   Iter/sec:  6.424E+00
 Iteration:  00000020   DeltaT:  8.933E-06   Iter/sec:  6.092E+00
 Iteration:  00000021   DeltaT:  8.933E-06   Iter/sec:  5.996E+00
 Iteration:  00000022   DeltaT:  8.933E-06   Iter/sec:  5.947E+00
 Iteration:  00000023   DeltaT:  8.933E-06   Iter/sec:  6.193E+00
 Iteration:  00000024   DeltaT:  8.933E-06   Iter/sec:  6.005E+00
 Iteration:  00000025   DeltaT:  8.933E-06   Iter/sec:  6.355E+00
 Iteration:  00000026   DeltaT:  8.933E-06   Iter/sec:  6.115E+00
 Iteration:  00000027   DeltaT:  8.933E-06   Iter/sec:  6.320E+00
 Iteration:  00000028   DeltaT:  8.933E-06   Iter/sec:  6.040E+00
 Iteration:  00000029   DeltaT:  8.933E-06   Iter/sec:  6.507E+00
 Iteration:  00000030   DeltaT:  8.933E-06   Iter/sec:  5.799E+00
 Iteration:  00000031   DeltaT:  8.933E-06   Iter/sec:  4.290E+00
 Iteration:  00000032   DeltaT:  8.933E-06   Iter/sec:  6.056E+00
 Iteration:  00000033   DeltaT:  8.933E-06   Iter/sec:  6.930E+00
 Iteration:  00000034   DeltaT:  8.933E-06   Iter/sec:  5.688E+00
 Iteration:  00000035   DeltaT:  8.933E-06   Iter/sec:  6.535E+00
 Iteration:  00000036   DeltaT:  8.933E-06   Iter/sec:  4.789E+00
 Iteration:  00000037   DeltaT:  8.933E-06   Iter/sec:  7.207E+00
 Iteration:  00000038   DeltaT:  8.933E-06   Iter/sec:  4.170E+00
 Iteration:  00000039   DeltaT:  8.933E-06   Iter/sec:  6.673E+00
 Iteration:  00000040   DeltaT:  8.933E-06   Iter/sec:  5.829E+00
 Iteration:  00000041   DeltaT:  8.933E-06   Iter/sec:  6.121E+00
 Iteration:  00000042   DeltaT:  8.933E-06   Iter/sec:  6.176E+00
 Iteration:  00000043   DeltaT:  8.933E-06   Iter/sec:  6.747E+00
 Iteration:  00000044   DeltaT:  8.933E-06   Iter/sec:  5.894E+00
 Iteration:  00000045   DeltaT:  8.933E-06   Iter/sec:  6.322E+00
 Iteration:  00000046   DeltaT:  8.933E-06   Iter/sec:  5.957E+00
 Iteration:  00000047   DeltaT:  8.933E-06   Iter/sec:  6.137E+00
 Iteration:  00000048   DeltaT:  8.933E-06   Iter/sec:  6.062E+00
 Iteration:  00000049   DeltaT:  8.933E-06   Iter/sec:  6.325E+00
 Iteration:  00000050   DeltaT:  8.933E-06   Iter/sec:  6.382E+00


//////////////////////////////////////////////
   Measured Timings for Process 0  (seconds)

 Elapsed time:         8.5118
  Column time:         2.8183
     Row time:         2.9249
Legendre time:         0.8219
     FFT time:         0.4337
   Solve time:         0.1375
    rlma time:         0.0967
    rlmb time:         0.0441
  pspace time:         0.6916
  psolve time:         0.4616
    dphi time:         0.0340
captured time:         8.4643

     iter/sec:         5.8742
//////////////////////////////////////////////
