 //////////////////////////////////////
 Initializating Rayleigh...

 -- Initalizing MPI...
 ---- Specified parameters:
 ---- NCPU  :    128
 ---- NPROW :     16
 ---- NPCOL :      8
 -- MPI initialized.


 -- Initalizing Grid...
 ---- Specified parameters ----
 ---- N_R                 :     64
 ---- N_THETA             :    384
 ---- Ell_MAX             :    255
 ---- R_MIN               :  5.38462E-01
 ---- R_MAX               :  1.53846E+00
 ---- Chebyshev Domains   :      1

        Domain 1
          Grid points           :  64
          Dealiased Polynomials :  42
          Domain Lower Bound    :  5.38462E-01
          Domain Upper Bound    :  1.53846E+00

 -- Grid initialized.

[SHTns 3.4.5] built Apr 30 2021, 15:49:24, id: avx2,ishioka
        Lmax=255, Mmax*Mres=255, Mres=1, Nlm=32896  [1 threads, orthonormalized]
        => using FFTW : Mmax=255, Nphi=768, Nlat=384  (data layout : phi_inc=384, theta_inc=1, phi_embed=768)
        => using Gauss nodes
        + polar optimization threshold = 1.0e-08
        finding optimal algorithm..........
        + SHT accuracy = 1.32e-12
        => SHTns is ready.
 -- Initalizing Reference State...
 ---- Specified parameters:
 ---- Reference type           :  Boussinesq (Non-dimensional)
 ---- Rayleigh Number          :  1.00000E+05
 ---- Ekman Number             :  1.00000E-03
 ---- Prandtl Number           :  1.00000E+00
 ---- Magnetic Prandtl Number  :  5.00000E+00
 -- Reference State initialized.

 -- Initializing Fields...
 ---- Specified parameters:
 ---- Hydro Init Type    : Benchmark (Christensen et al. 2001)
 ---- Magnetic Init Type : Benchmark (Christensen et al. 2001)
 -- Fields initialized.

 Initialization Complete.
 //////////////////////////////////////

 Timestep has changed from  0.00000E+00 to  1.00000E-04.
 Iteration:  00000001   DeltaT:  1.000E-04   Iter/sec:  0.000E+00
 Timestep has changed from  1.00000E-04 to  1.02211E-05.
 Iteration:  00000002   DeltaT:  1.022E-05   Iter/sec:  1.001E-01
 Iteration:  00000003   DeltaT:  1.022E-05   Iter/sec:  3.565E+00
 Iteration:  00000004   DeltaT:  1.022E-05   Iter/sec:  3.955E+00
 Iteration:  00000005   DeltaT:  1.022E-05   Iter/sec:  3.837E+00
 Iteration:  00000006   DeltaT:  1.022E-05   Iter/sec:  3.812E+00
 Iteration:  00000007   DeltaT:  1.022E-05   Iter/sec:  3.768E+00
 Iteration:  00000008   DeltaT:  1.022E-05   Iter/sec:  3.536E+00
 Iteration:  00000009   DeltaT:  1.022E-05   Iter/sec:  3.741E+00
 Iteration:  00000010   DeltaT:  1.022E-05   Iter/sec:  3.892E+00
 Iteration:  00000011   DeltaT:  1.022E-05   Iter/sec:  3.848E+00
 Iteration:  00000012   DeltaT:  1.022E-05   Iter/sec:  3.966E+00
 Iteration:  00000013   DeltaT:  1.022E-05   Iter/sec:  3.888E+00
 Iteration:  00000014   DeltaT:  1.022E-05   Iter/sec:  4.011E+00
 Iteration:  00000015   DeltaT:  1.022E-05   Iter/sec:  3.895E+00
 Iteration:  00000016   DeltaT:  1.022E-05   Iter/sec:  3.864E+00
 Iteration:  00000017   DeltaT:  1.022E-05   Iter/sec:  4.003E+00
 Iteration:  00000018   DeltaT:  1.022E-05   Iter/sec:  3.976E+00
 Iteration:  00000019   DeltaT:  1.022E-05   Iter/sec:  3.901E+00
 Iteration:  00000020   DeltaT:  1.022E-05   Iter/sec:  3.904E+00
 Iteration:  00000021   DeltaT:  1.022E-05   Iter/sec:  3.898E+00
 Iteration:  00000022   DeltaT:  1.022E-05   Iter/sec:  3.887E+00
 Iteration:  00000023   DeltaT:  1.022E-05   Iter/sec:  3.743E+00
 Iteration:  00000024   DeltaT:  1.022E-05   Iter/sec:  3.819E+00
 Iteration:  00000025   DeltaT:  1.022E-05   Iter/sec:  3.912E+00
 Iteration:  00000026   DeltaT:  1.022E-05   Iter/sec:  3.979E+00
 Iteration:  00000027   DeltaT:  1.022E-05   Iter/sec:  3.946E+00
 Iteration:  00000028   DeltaT:  1.022E-05   Iter/sec:  3.910E+00
 Iteration:  00000029   DeltaT:  1.022E-05   Iter/sec:  3.976E+00
 Iteration:  00000030   DeltaT:  1.022E-05   Iter/sec:  3.768E+00
 Iteration:  00000031   DeltaT:  1.022E-05   Iter/sec:  3.901E+00
 Iteration:  00000032   DeltaT:  1.022E-05   Iter/sec:  3.937E+00
 Iteration:  00000033   DeltaT:  1.022E-05   Iter/sec:  3.894E+00
 Iteration:  00000034   DeltaT:  1.022E-05   Iter/sec:  3.918E+00
 Iteration:  00000035   DeltaT:  1.022E-05   Iter/sec:  3.968E+00
 Iteration:  00000036   DeltaT:  1.022E-05   Iter/sec:  3.922E+00
 Iteration:  00000037   DeltaT:  1.022E-05   Iter/sec:  3.874E+00
 Iteration:  00000038   DeltaT:  1.022E-05   Iter/sec:  3.923E+00
 Iteration:  00000039   DeltaT:  1.022E-05   Iter/sec:  3.821E+00
 Iteration:  00000040   DeltaT:  1.022E-05   Iter/sec:  3.877E+00
 Iteration:  00000041   DeltaT:  1.022E-05   Iter/sec:  3.980E+00
 Iteration:  00000042   DeltaT:  1.022E-05   Iter/sec:  3.992E+00
 Iteration:  00000043   DeltaT:  1.022E-05   Iter/sec:  3.951E+00
 Iteration:  00000044   DeltaT:  1.022E-05   Iter/sec:  3.990E+00
 Iteration:  00000045   DeltaT:  1.022E-05   Iter/sec:  3.763E+00
 Iteration:  00000046   DeltaT:  1.022E-05   Iter/sec:  3.950E+00
 Iteration:  00000047   DeltaT:  1.022E-05   Iter/sec:  3.719E+00
 Iteration:  00000048   DeltaT:  1.022E-05   Iter/sec:  4.024E+00
 Iteration:  00000049   DeltaT:  1.022E-05   Iter/sec:  3.984E+00
 Iteration:  00000050   DeltaT:  1.022E-05   Iter/sec:  3.932E+00


//////////////////////////////////////////////
   Measured Timings for Process 0  (seconds)

 Elapsed time:        12.9029
  Column time:         1.9093
     Row time:         4.5792
Legendre time:         1.2559
     FFT time:         0.9564
   Solve time:         0.2615
    rlma time:         0.1900
    rlmb time:         0.0772
  pspace time:         1.9148
  psolve time:         1.4517
    dphi time:         0.1098
captured time:        12.7059

     iter/sec:         3.8751
//////////////////////////////////////////////
