 //////////////////////////////////////
 Initializating Rayleigh...

 -- Initalizing MPI...
 ---- Specified parameters:
 ---- NCPU  :    256
 ---- NPROW :      8
 ---- NPCOL :     32
 -- MPI initialized.


 -- Initalizing Grid...
 ---- Specified parameters ----
 ---- N_R                 :    128
 ---- N_THETA             :    384
 ---- Ell_MAX             :    255
 ---- R_MIN               :  5.38462E-01
 ---- R_MAX               :  1.53846E+00
 ---- Chebyshev Domains   :      1

        Domain 1
          Grid points           :  128
          Dealiased Polynomials :  85
          Domain Lower Bound    :  5.38462E-01
          Domain Upper Bound    :  1.53846E+00

 -- Grid initialized.

[SHTns 3.4.5] built Apr 30 2021, 15:49:24, id: avx2,ishioka
        Lmax=255, Mmax*Mres=255, Mres=1, Nlm=32896  [1 threads, orthonormalized]
        => using FFTW : Mmax=255, Nphi=768, Nlat=384  (data layout : phi_inc=384, theta_inc=1, phi_embed=768)
        => using Gauss nodes
        + polar optimization threshold = 1.0e-08
        finding optimal algorithm..........
        + SHT accuracy = 1.17e-12
        => SHTns is ready.
 -- Initalizing Reference State...
 ---- Specified parameters:
 ---- Reference type           :  Boussinesq (Non-dimensional)
 ---- Rayleigh Number          :  1.00000E+05
 ---- Ekman Number             :  1.00000E-03
 ---- Prandtl Number           :  1.00000E+00
 ---- Magnetic Prandtl Number  :  5.00000E+00
 -- Reference State initialized.

 -- Initializing Fields...
 ---- Specified parameters:
 ---- Hydro Init Type    : Benchmark (Christensen et al. 2001)
 ---- Magnetic Init Type : Benchmark (Christensen et al. 2001)
 -- Fields initialized.

 Initialization Complete.
 //////////////////////////////////////

 Timestep has changed from  0.00000E+00 to  1.00000E-04.
 Iteration:  00000001   DeltaT:  1.000E-04   Iter/sec:  0.000E+00
 Timestep has changed from  1.00000E-04 to  2.55566E-06.
 Iteration:  00000002   DeltaT:  2.556E-06   Iter/sec:  9.163E-02
 Iteration:  00000003   DeltaT:  2.556E-06   Iter/sec:  3.112E+00
 Iteration:  00000004   DeltaT:  2.556E-06   Iter/sec:  3.868E+00
 Iteration:  00000005   DeltaT:  2.556E-06   Iter/sec:  3.836E+00
 Iteration:  00000006   DeltaT:  2.556E-06   Iter/sec:  3.901E+00
 Iteration:  00000007   DeltaT:  2.556E-06   Iter/sec:  3.864E+00
 Iteration:  00000008   DeltaT:  2.556E-06   Iter/sec:  3.871E+00
 Iteration:  00000009   DeltaT:  2.556E-06   Iter/sec:  3.789E+00
 Iteration:  00000010   DeltaT:  2.556E-06   Iter/sec:  3.878E+00
 Iteration:  00000011   DeltaT:  2.556E-06   Iter/sec:  3.902E+00
 Iteration:  00000012   DeltaT:  2.556E-06   Iter/sec:  3.845E+00
 Iteration:  00000013   DeltaT:  2.556E-06   Iter/sec:  3.871E+00
 Iteration:  00000014   DeltaT:  2.556E-06   Iter/sec:  3.784E+00
 Iteration:  00000015   DeltaT:  2.556E-06   Iter/sec:  3.716E+00
 Iteration:  00000016   DeltaT:  2.556E-06   Iter/sec:  3.856E+00
 Iteration:  00000017   DeltaT:  2.556E-06   Iter/sec:  3.730E+00
 Iteration:  00000018   DeltaT:  2.556E-06   Iter/sec:  3.849E+00
 Iteration:  00000019   DeltaT:  2.556E-06   Iter/sec:  3.857E+00
 Iteration:  00000020   DeltaT:  2.556E-06   Iter/sec:  3.765E+00
 Iteration:  00000021   DeltaT:  2.556E-06   Iter/sec:  3.872E+00
 Iteration:  00000022   DeltaT:  2.556E-06   Iter/sec:  3.801E+00
 Iteration:  00000023   DeltaT:  2.556E-06   Iter/sec:  3.916E+00
 Iteration:  00000024   DeltaT:  2.556E-06   Iter/sec:  3.825E+00
 Iteration:  00000025   DeltaT:  2.556E-06   Iter/sec:  3.844E+00
 Iteration:  00000026   DeltaT:  2.556E-06   Iter/sec:  3.903E+00
 Iteration:  00000027   DeltaT:  2.556E-06   Iter/sec:  3.776E+00
 Iteration:  00000028   DeltaT:  2.556E-06   Iter/sec:  3.830E+00
 Iteration:  00000029   DeltaT:  2.556E-06   Iter/sec:  3.889E+00
 Iteration:  00000030   DeltaT:  2.556E-06   Iter/sec:  3.897E+00
 Iteration:  00000031   DeltaT:  2.556E-06   Iter/sec:  3.860E+00
 Iteration:  00000032   DeltaT:  2.556E-06   Iter/sec:  3.884E+00
 Iteration:  00000033   DeltaT:  2.556E-06   Iter/sec:  3.838E+00
 Iteration:  00000034   DeltaT:  2.556E-06   Iter/sec:  3.797E+00
 Iteration:  00000035   DeltaT:  2.556E-06   Iter/sec:  3.883E+00
 Iteration:  00000036   DeltaT:  2.556E-06   Iter/sec:  3.858E+00
 Iteration:  00000037   DeltaT:  2.556E-06   Iter/sec:  3.890E+00
 Iteration:  00000038   DeltaT:  2.556E-06   Iter/sec:  3.881E+00
 Iteration:  00000039   DeltaT:  2.556E-06   Iter/sec:  3.839E+00
 Iteration:  00000040   DeltaT:  2.556E-06   Iter/sec:  3.879E+00
 Iteration:  00000041   DeltaT:  2.556E-06   Iter/sec:  3.851E+00
 Iteration:  00000042   DeltaT:  2.556E-06   Iter/sec:  3.910E+00
 Iteration:  00000043   DeltaT:  2.556E-06   Iter/sec:  3.820E+00
 Iteration:  00000044   DeltaT:  2.556E-06   Iter/sec:  3.813E+00
 Iteration:  00000045   DeltaT:  2.556E-06   Iter/sec:  3.866E+00
 Iteration:  00000046   DeltaT:  2.556E-06   Iter/sec:  3.856E+00
 Iteration:  00000047   DeltaT:  2.556E-06   Iter/sec:  3.859E+00
 Iteration:  00000048   DeltaT:  2.556E-06   Iter/sec:  3.863E+00
 Iteration:  00000049   DeltaT:  2.556E-06   Iter/sec:  3.854E+00
 Iteration:  00000050   DeltaT:  2.556E-06   Iter/sec:  3.828E+00


//////////////////////////////////////////////
   Measured Timings for Process 0  (seconds)

 Elapsed time:        13.1154
  Column time:         2.2749
     Row time:         4.3158
Legendre time:         1.2566
     FFT time:         0.9563
   Solve time:         0.4391
    rlma time:         0.2075
    rlmb time:         0.0888
  pspace time:         1.8493
  psolve time:         1.4842
    dphi time:         0.1012
captured time:        12.9738

     iter/sec:         3.8123
//////////////////////////////////////////////
