 //////////////////////////////////////
 Initializating Rayleigh...

 -- Initalizing MPI...
 ---- Specified parameters:
 ---- NCPU  :     32
 ---- NPROW :      4
 ---- NPCOL :      8
 -- MPI initialized.


 -- Initalizing Grid...
 ---- Specified parameters ----
 ---- N_R                 :    128
 ---- N_THETA             :    192
 ---- Ell_MAX             :    127
 ---- R_MIN               :  5.38462E-01
 ---- R_MAX               :  1.53846E+00
 ---- Chebyshev Domains   :      1

        Domain 1
          Grid points           :  128
          Dealiased Polynomials :  85
          Domain Lower Bound    :  5.38462E-01
          Domain Upper Bound    :  1.53846E+00

 -- Grid initialized.

[SHTns 3.4.5] built Apr 30 2021, 15:49:24, id: avx2,ishioka
        Lmax=127, Mmax*Mres=127, Mres=1, Nlm=8256  [1 threads, orthonormalized]
        => using FFTW : Mmax=127, Nphi=384, Nlat=192  (data layout : phi_inc=192, theta_inc=1, phi_embed=384)
        => using Gauss nodes
        + polar optimization threshold = 1.0e-08
        finding optimal algorithm........
        + SHT accuracy = 4.04e-14
        => SHTns is ready.
 -- Initalizing Reference State...
 ---- Specified parameters:
 ---- Reference type           :  Boussinesq (Non-dimensional)
 ---- Rayleigh Number          :  1.00000E+05
 ---- Ekman Number             :  1.00000E-03
 ---- Prandtl Number           :  1.00000E+00
 ---- Magnetic Prandtl Number  :  5.00000E+00
 -- Reference State initialized.

 -- Initializing Fields...
 ---- Specified parameters:
 ---- Hydro Init Type    : Benchmark (Christensen et al. 2001)
 ---- Magnetic Init Type : Benchmark (Christensen et al. 2001)
 -- Fields initialized.

 Initialization Complete.
 //////////////////////////////////////

 Timestep has changed from  0.00000E+00 to  1.00000E-04.
 Iteration:  00000001   DeltaT:  1.000E-04   Iter/sec:  0.000E+00
 Timestep has changed from  1.00000E-04 to  2.55581E-06.
 Iteration:  00000002   DeltaT:  2.556E-06   Iter/sec:  2.125E-01
 Iteration:  00000003   DeltaT:  2.556E-06   Iter/sec:  1.766E+00
 Iteration:  00000004   DeltaT:  2.556E-06   Iter/sec:  2.123E+00
 Iteration:  00000005   DeltaT:  2.556E-06   Iter/sec:  2.089E+00
 Iteration:  00000006   DeltaT:  2.556E-06   Iter/sec:  2.128E+00
 Iteration:  00000007   DeltaT:  2.556E-06   Iter/sec:  2.109E+00
 Iteration:  00000008   DeltaT:  2.556E-06   Iter/sec:  2.099E+00
 Iteration:  00000009   DeltaT:  2.556E-06   Iter/sec:  2.097E+00
 Iteration:  00000010   DeltaT:  2.556E-06   Iter/sec:  2.102E+00
 Iteration:  00000011   DeltaT:  2.556E-06   Iter/sec:  2.094E+00
 Iteration:  00000012   DeltaT:  2.556E-06   Iter/sec:  2.107E+00
 Iteration:  00000013   DeltaT:  2.556E-06   Iter/sec:  2.099E+00
 Iteration:  00000014   DeltaT:  2.556E-06   Iter/sec:  2.095E+00
 Iteration:  00000015   DeltaT:  2.556E-06   Iter/sec:  2.102E+00
 Iteration:  00000016   DeltaT:  2.556E-06   Iter/sec:  2.083E+00
 Iteration:  00000017   DeltaT:  2.556E-06   Iter/sec:  2.093E+00
 Iteration:  00000018   DeltaT:  2.556E-06   Iter/sec:  2.127E+00
 Iteration:  00000019   DeltaT:  2.556E-06   Iter/sec:  2.082E+00
 Iteration:  00000020   DeltaT:  2.556E-06   Iter/sec:  2.075E+00
 Iteration:  00000021   DeltaT:  2.556E-06   Iter/sec:  2.096E+00
 Iteration:  00000022   DeltaT:  2.556E-06   Iter/sec:  2.109E+00
 Iteration:  00000023   DeltaT:  2.556E-06   Iter/sec:  2.084E+00
 Iteration:  00000024   DeltaT:  2.556E-06   Iter/sec:  2.096E+00
 Iteration:  00000025   DeltaT:  2.556E-06   Iter/sec:  2.072E+00
 Iteration:  00000026   DeltaT:  2.556E-06   Iter/sec:  2.134E+00
 Iteration:  00000027   DeltaT:  2.556E-06   Iter/sec:  2.091E+00
 Iteration:  00000028   DeltaT:  2.556E-06   Iter/sec:  2.097E+00
 Iteration:  00000029   DeltaT:  2.556E-06   Iter/sec:  2.061E+00
 Iteration:  00000030   DeltaT:  2.556E-06   Iter/sec:  2.089E+00
 Iteration:  00000031   DeltaT:  2.556E-06   Iter/sec:  2.128E+00
 Iteration:  00000032   DeltaT:  2.556E-06   Iter/sec:  2.117E+00
 Iteration:  00000033   DeltaT:  2.556E-06   Iter/sec:  2.104E+00
 Iteration:  00000034   DeltaT:  2.556E-06   Iter/sec:  2.079E+00
 Iteration:  00000035   DeltaT:  2.556E-06   Iter/sec:  2.106E+00
 Iteration:  00000036   DeltaT:  2.556E-06   Iter/sec:  2.116E+00
 Iteration:  00000037   DeltaT:  2.556E-06   Iter/sec:  2.057E+00
 Iteration:  00000038   DeltaT:  2.556E-06   Iter/sec:  2.136E+00
 Iteration:  00000039   DeltaT:  2.556E-06   Iter/sec:  2.140E+00
 Iteration:  00000040   DeltaT:  2.556E-06   Iter/sec:  2.124E+00
 Iteration:  00000041   DeltaT:  2.556E-06   Iter/sec:  2.098E+00
 Iteration:  00000042   DeltaT:  2.556E-06   Iter/sec:  2.112E+00
 Iteration:  00000043   DeltaT:  2.556E-06   Iter/sec:  2.077E+00
 Iteration:  00000044   DeltaT:  2.556E-06   Iter/sec:  2.046E+00
 Iteration:  00000045   DeltaT:  2.556E-06   Iter/sec:  2.125E+00
 Iteration:  00000046   DeltaT:  2.556E-06   Iter/sec:  2.067E+00
 Iteration:  00000047   DeltaT:  2.556E-06   Iter/sec:  2.122E+00
 Iteration:  00000048   DeltaT:  2.556E-06   Iter/sec:  2.062E+00
 Iteration:  00000049   DeltaT:  2.556E-06   Iter/sec:  2.114E+00
 Iteration:  00000050   DeltaT:  2.556E-06   Iter/sec:  2.105E+00


//////////////////////////////////////////////
   Measured Timings for Process 0  (seconds)

 Elapsed time:        24.0140
  Column time:         1.8114
     Row time:         9.7929
Legendre time:         1.8690
     FFT time:         2.0350
   Solve time:         0.7565
    rlma time:         0.4238
    rlmb time:         0.1790
  pspace time:         3.3662
  psolve time:         3.2635
    dphi time:         0.1424
captured time:        23.6398

     iter/sec:         2.0821
//////////////////////////////////////////////
