 //////////////////////////////////////
 Initializating Rayleigh...

 -- Initalizing MPI...
 ---- Specified parameters:
 ---- NCPU  :   2048
 ---- NPROW :     32
 ---- NPCOL :     64
 -- MPI initialized.


 -- Initalizing Grid...
 ---- Specified parameters ----
 ---- N_R                 :     64
 ---- N_THETA             :   1536
 ---- Ell_MAX             :   1023
 ---- R_MIN               :  5.38462E-01
 ---- R_MAX               :  1.53846E+00
 ---- Chebyshev Domains   :      1

        Domain 1
          Grid points           :  64
          Dealiased Polynomials :  42
          Domain Lower Bound    :  5.38462E-01
          Domain Upper Bound    :  1.53846E+00

 -- Grid initialized.

[SHTns 3.4.5] built Apr 30 2021, 15:49:24, id: avx2,ishioka
        Lmax=1023, Mmax*Mres=1023, Mres=1, Nlm=524800  [1 threads, orthonormalized]
        => using FFTW : Mmax=1023, Nphi=3072, Nlat=1536  (data layout : phi_inc=1536, theta_inc=1, phi_embed=3072)
        => using Gauss nodes
        + polar optimization threshold = 1.0e-08
        finding optimal algorithm...
        + SHT accuracy = 1.05e-12
        => SHTns is ready.
 -- Initalizing Reference State...
 ---- Specified parameters:
 ---- Reference type           :  Boussinesq (Non-dimensional)
 ---- Rayleigh Number          :  1.00000E+05
 ---- Ekman Number             :  1.00000E-03
 ---- Prandtl Number           :  1.00000E+00
 ---- Magnetic Prandtl Number  :  5.00000E+00
 -- Reference State initialized.

 -- Initializing Fields...
 ---- Specified parameters:
 ---- Hydro Init Type    : Benchmark (Christensen et al. 2001)
 ---- Magnetic Init Type : Benchmark (Christensen et al. 2001)
 -- Fields initialized.

 Initialization Complete.
 //////////////////////////////////////

 Timestep has changed from  0.00000E+00 to  1.00000E-04.
 Iteration:  00000001   DeltaT:  1.000E-04   Iter/sec:  0.000E+00
 Timestep has changed from  1.00000E-04 to  4.46409E-06.
 Iteration:  00000002   DeltaT:  4.464E-06   Iter/sec:  1.032E-01
 Iteration:  00000003   DeltaT:  4.464E-06   Iter/sec:  2.192E+00
 Iteration:  00000004   DeltaT:  4.464E-06   Iter/sec:  2.300E+00
 Iteration:  00000005   DeltaT:  4.464E-06   Iter/sec:  2.280E+00
 Iteration:  00000006   DeltaT:  4.464E-06   Iter/sec:  2.226E+00
 Iteration:  00000007   DeltaT:  4.464E-06   Iter/sec:  2.412E+00
 Iteration:  00000008   DeltaT:  4.464E-06   Iter/sec:  2.250E+00
 Iteration:  00000009   DeltaT:  4.464E-06   Iter/sec:  2.327E+00
 Iteration:  00000010   DeltaT:  4.464E-06   Iter/sec:  2.298E+00
 Iteration:  00000011   DeltaT:  4.464E-06   Iter/sec:  2.260E+00
 Iteration:  00000012   DeltaT:  4.464E-06   Iter/sec:  2.289E+00
 Iteration:  00000013   DeltaT:  4.464E-06   Iter/sec:  2.278E+00
 Iteration:  00000014   DeltaT:  4.464E-06   Iter/sec:  2.164E+00
 Iteration:  00000015   DeltaT:  4.464E-06   Iter/sec:  2.397E+00
 Iteration:  00000016   DeltaT:  4.464E-06   Iter/sec:  2.268E+00
 Iteration:  00000017   DeltaT:  4.464E-06   Iter/sec:  2.286E+00
 Iteration:  00000018   DeltaT:  4.464E-06   Iter/sec:  2.294E+00
 Iteration:  00000019   DeltaT:  4.464E-06   Iter/sec:  2.286E+00
 Iteration:  00000020   DeltaT:  4.464E-06   Iter/sec:  2.318E+00
 Iteration:  00000021   DeltaT:  4.464E-06   Iter/sec:  2.248E+00
 Iteration:  00000022   DeltaT:  4.464E-06   Iter/sec:  2.303E+00
 Iteration:  00000023   DeltaT:  4.464E-06   Iter/sec:  2.178E+00
 Iteration:  00000024   DeltaT:  4.464E-06   Iter/sec:  2.296E+00
 Iteration:  00000025   DeltaT:  4.464E-06   Iter/sec:  2.306E+00
 Iteration:  00000026   DeltaT:  4.464E-06   Iter/sec:  2.307E+00
 Iteration:  00000027   DeltaT:  4.464E-06   Iter/sec:  2.330E+00
 Iteration:  00000028   DeltaT:  4.464E-06   Iter/sec:  2.198E+00
 Iteration:  00000029   DeltaT:  4.464E-06   Iter/sec:  2.342E+00
 Iteration:  00000030   DeltaT:  4.464E-06   Iter/sec:  2.274E+00
 Iteration:  00000031   DeltaT:  4.464E-06   Iter/sec:  2.311E+00
 Iteration:  00000032   DeltaT:  4.464E-06   Iter/sec:  2.286E+00
 Iteration:  00000033   DeltaT:  4.464E-06   Iter/sec:  2.258E+00
 Iteration:  00000034   DeltaT:  4.464E-06   Iter/sec:  2.303E+00
 Iteration:  00000035   DeltaT:  4.464E-06   Iter/sec:  2.264E+00
 Iteration:  00000036   DeltaT:  4.464E-06   Iter/sec:  2.199E+00
 Iteration:  00000037   DeltaT:  4.464E-06   Iter/sec:  2.302E+00
 Iteration:  00000038   DeltaT:  4.464E-06   Iter/sec:  2.299E+00
 Iteration:  00000039   DeltaT:  4.464E-06   Iter/sec:  2.288E+00
 Iteration:  00000040   DeltaT:  4.464E-06   Iter/sec:  2.276E+00
 Iteration:  00000041   DeltaT:  4.464E-06   Iter/sec:  2.308E+00
 Iteration:  00000042   DeltaT:  4.464E-06   Iter/sec:  2.245E+00
 Iteration:  00000043   DeltaT:  4.464E-06   Iter/sec:  2.278E+00
 Iteration:  00000044   DeltaT:  4.464E-06   Iter/sec:  2.324E+00
 Iteration:  00000045   DeltaT:  4.464E-06   Iter/sec:  2.208E+00
 Iteration:  00000046   DeltaT:  4.464E-06   Iter/sec:  2.336E+00
 Iteration:  00000047   DeltaT:  4.464E-06   Iter/sec:  2.299E+00
 Iteration:  00000048   DeltaT:  4.464E-06   Iter/sec:  2.264E+00
 Iteration:  00000049   DeltaT:  4.464E-06   Iter/sec:  2.281E+00
 Iteration:  00000050   DeltaT:  4.464E-06   Iter/sec:  2.292E+00


//////////////////////////////////////////////
   Measured Timings for Process 0  (seconds)

 Elapsed time:        21.9499
  Column time:         8.2162
     Row time:         5.6568
Legendre time:         3.2424
     FFT time:         1.0527
   Solve time:         0.2083
    rlma time:         0.2642
    rlmb time:         0.1212
  pspace time:         1.6150
  psolve time:         1.3578
    dphi time:         0.0865
captured time:        21.8211

     iter/sec:         2.2779
//////////////////////////////////////////////
