 //////////////////////////////////////
 Initializating Rayleigh...

 -- Initalizing MPI...
 ---- Specified parameters:
 ---- NCPU  :    512
 ---- NPROW :     16
 ---- NPCOL :     32
 -- MPI initialized.


 -- Initalizing Grid...
 ---- Specified parameters ----
 ---- N_R                 :    128
 ---- N_THETA             :    384
 ---- Ell_MAX             :    255
 ---- R_MIN               :  5.38462E-01
 ---- R_MAX               :  1.53846E+00
 ---- Chebyshev Domains   :      1

        Domain 1
          Grid points           :  128
          Dealiased Polynomials :  85
          Domain Lower Bound    :  5.38462E-01
          Domain Upper Bound    :  1.53846E+00

 -- Grid initialized.

[SHTns 3.4.5] built Apr 30 2021, 15:49:24, id: avx2,ishioka
        Lmax=255, Mmax*Mres=255, Mres=1, Nlm=32896  [1 threads, orthonormalized]
        => using FFTW : Mmax=255, Nphi=768, Nlat=384  (data layout : phi_inc=384, theta_inc=1, phi_embed=768)
        => using Gauss nodes
        + polar optimization threshold = 1.0e-08
        finding optimal algorithm..........
        + SHT accuracy = 1.53e-12
        => SHTns is ready.
 -- Initalizing Reference State...
 ---- Specified parameters:
 ---- Reference type           :  Boussinesq (Non-dimensional)
 ---- Rayleigh Number          :  1.00000E+05
 ---- Ekman Number             :  1.00000E-03
 ---- Prandtl Number           :  1.00000E+00
 ---- Magnetic Prandtl Number  :  5.00000E+00
 -- Reference State initialized.

 -- Initializing Fields...
 ---- Specified parameters:
 ---- Hydro Init Type    : Benchmark (Christensen et al. 2001)
 ---- Magnetic Init Type : Benchmark (Christensen et al. 2001)
 -- Fields initialized.

 Initialization Complete.
 //////////////////////////////////////

 Timestep has changed from  0.00000E+00 to  1.00000E-04.
 Iteration:  00000001   DeltaT:  1.000E-04   Iter/sec:  0.000E+00
 Timestep has changed from  1.00000E-04 to  2.55566E-06.
 Iteration:  00000002   DeltaT:  2.556E-06   Iter/sec:  9.370E-02
 Iteration:  00000003   DeltaT:  2.556E-06   Iter/sec:  5.419E+00
 Iteration:  00000004   DeltaT:  2.556E-06   Iter/sec:  7.554E+00
 Iteration:  00000005   DeltaT:  2.556E-06   Iter/sec:  7.547E+00
 Iteration:  00000006   DeltaT:  2.556E-06   Iter/sec:  7.535E+00
 Iteration:  00000007   DeltaT:  2.556E-06   Iter/sec:  7.594E+00
 Iteration:  00000008   DeltaT:  2.556E-06   Iter/sec:  7.606E+00
 Iteration:  00000009   DeltaT:  2.556E-06   Iter/sec:  7.517E+00
 Iteration:  00000010   DeltaT:  2.556E-06   Iter/sec:  7.771E+00
 Iteration:  00000011   DeltaT:  2.556E-06   Iter/sec:  7.678E+00
 Iteration:  00000012   DeltaT:  2.556E-06   Iter/sec:  7.506E+00
 Iteration:  00000013   DeltaT:  2.556E-06   Iter/sec:  7.754E+00
 Iteration:  00000014   DeltaT:  2.556E-06   Iter/sec:  7.518E+00
 Iteration:  00000015   DeltaT:  2.556E-06   Iter/sec:  7.548E+00
 Iteration:  00000016   DeltaT:  2.556E-06   Iter/sec:  7.609E+00
 Iteration:  00000017   DeltaT:  2.556E-06   Iter/sec:  7.509E+00
 Iteration:  00000018   DeltaT:  2.556E-06   Iter/sec:  7.828E+00
 Iteration:  00000019   DeltaT:  2.556E-06   Iter/sec:  7.691E+00
 Iteration:  00000020   DeltaT:  2.556E-06   Iter/sec:  7.582E+00
 Iteration:  00000021   DeltaT:  2.556E-06   Iter/sec:  7.556E+00
 Iteration:  00000022   DeltaT:  2.556E-06   Iter/sec:  7.537E+00
 Iteration:  00000023   DeltaT:  2.556E-06   Iter/sec:  7.681E+00
 Iteration:  00000024   DeltaT:  2.556E-06   Iter/sec:  7.593E+00
 Iteration:  00000025   DeltaT:  2.556E-06   Iter/sec:  7.783E+00
 Iteration:  00000026   DeltaT:  2.556E-06   Iter/sec:  7.413E+00
 Iteration:  00000027   DeltaT:  2.556E-06   Iter/sec:  7.779E+00
 Iteration:  00000028   DeltaT:  2.556E-06   Iter/sec:  7.643E+00
 Iteration:  00000029   DeltaT:  2.556E-06   Iter/sec:  7.706E+00
 Iteration:  00000030   DeltaT:  2.556E-06   Iter/sec:  7.862E+00
 Iteration:  00000031   DeltaT:  2.556E-06   Iter/sec:  7.712E+00
 Iteration:  00000032   DeltaT:  2.556E-06   Iter/sec:  7.683E+00
 Iteration:  00000033   DeltaT:  2.556E-06   Iter/sec:  7.571E+00
 Iteration:  00000034   DeltaT:  2.556E-06   Iter/sec:  8.074E+00
 Iteration:  00000035   DeltaT:  2.556E-06   Iter/sec:  7.135E+00
 Iteration:  00000036   DeltaT:  2.556E-06   Iter/sec:  6.981E+00
 Iteration:  00000037   DeltaT:  2.556E-06   Iter/sec:  7.643E+00
 Iteration:  00000038   DeltaT:  2.556E-06   Iter/sec:  7.899E+00
 Iteration:  00000039   DeltaT:  2.556E-06   Iter/sec:  7.847E+00
 Iteration:  00000040   DeltaT:  2.556E-06   Iter/sec:  7.869E+00
 Iteration:  00000041   DeltaT:  2.556E-06   Iter/sec:  7.597E+00
 Iteration:  00000042   DeltaT:  2.556E-06   Iter/sec:  7.982E+00
 Iteration:  00000043   DeltaT:  2.556E-06   Iter/sec:  7.909E+00
 Iteration:  00000044   DeltaT:  2.556E-06   Iter/sec:  7.738E+00
 Iteration:  00000045   DeltaT:  2.556E-06   Iter/sec:  7.618E+00
 Iteration:  00000046   DeltaT:  2.556E-06   Iter/sec:  7.783E+00
 Iteration:  00000047   DeltaT:  2.556E-06   Iter/sec:  7.847E+00
 Iteration:  00000048   DeltaT:  2.556E-06   Iter/sec:  7.670E+00
 Iteration:  00000049   DeltaT:  2.556E-06   Iter/sec:  7.689E+00
 Iteration:  00000050   DeltaT:  2.556E-06   Iter/sec:  7.938E+00


//////////////////////////////////////////////
   Measured Timings for Process 0  (seconds)

 Elapsed time:         6.6304
  Column time:         1.4532
     Row time:         2.1616
Legendre time:         0.4885
     FFT time:         0.4682
   Solve time:         0.2918
    rlma time:         0.0904
    rlmb time:         0.0387
  pspace time:         0.8361
  psolve time:         0.6786
    dphi time:         0.0567
captured time:         6.5637

     iter/sec:         7.5410
//////////////////////////////////////////////
