 //////////////////////////////////////
 Initializating Rayleigh...

 -- Initalizing MPI...
 ---- Specified parameters:
 ---- NCPU  :    512
 ---- NPROW :     16
 ---- NPCOL :     32
 -- MPI initialized.


 -- Initalizing Grid...
 ---- Specified parameters ----
 ---- N_R                 :     64
 ---- N_THETA             :    768
 ---- Ell_MAX             :    511
 ---- R_MIN               :  5.38462E-01
 ---- R_MAX               :  1.53846E+00
 ---- Chebyshev Domains   :      1

        Domain 1
          Grid points           :  64
          Dealiased Polynomials :  42
          Domain Lower Bound    :  5.38462E-01
          Domain Upper Bound    :  1.53846E+00

 -- Grid initialized.

[SHTns 3.4.5] built Apr 30 2021, 15:49:24, id: avx2,ishioka
        Lmax=511, Mmax*Mres=511, Mres=1, Nlm=131328  [1 threads, orthonormalized]
        => using FFTW : Mmax=511, Nphi=1536, Nlat=768  (data layout : phi_inc=768, theta_inc=1, phi_embed=1536)
        => using Gauss nodes
        + polar optimization threshold = 1.0e-08
        finding optimal algorithm........
        + SHT accuracy = 6.21e-13
        => SHTns is ready.
 -- Initalizing Reference State...
 ---- Specified parameters:
 ---- Reference type           :  Boussinesq (Non-dimensional)
 ---- Rayleigh Number          :  1.00000E+05
 ---- Ekman Number             :  1.00000E-03
 ---- Prandtl Number           :  1.00000E+00
 ---- Magnetic Prandtl Number  :  5.00000E+00
 -- Reference State initialized.

 -- Initializing Fields...
 ---- Specified parameters:
 ---- Hydro Init Type    : Benchmark (Christensen et al. 2001)
 ---- Magnetic Init Type : Benchmark (Christensen et al. 2001)
 -- Fields initialized.

 Initialization Complete.
 //////////////////////////////////////

 Timestep has changed from  0.00000E+00 to  1.00000E-04.
 Iteration:  00000001   DeltaT:  1.000E-04   Iter/sec:  0.000E+00
 Timestep has changed from  1.00000E-04 to  8.93257E-06.
 Iteration:  00000002   DeltaT:  8.933E-06   Iter/sec:  1.137E-01
 Iteration:  00000003   DeltaT:  8.933E-06   Iter/sec:  3.306E+00
 Iteration:  00000004   DeltaT:  8.933E-06   Iter/sec:  3.379E+00
 Iteration:  00000005   DeltaT:  8.933E-06   Iter/sec:  3.415E+00
 Iteration:  00000006   DeltaT:  8.933E-06   Iter/sec:  3.457E+00
 Iteration:  00000007   DeltaT:  8.933E-06   Iter/sec:  3.206E+00
 Iteration:  00000008   DeltaT:  8.933E-06   Iter/sec:  3.308E+00
 Iteration:  00000009   DeltaT:  8.933E-06   Iter/sec:  3.482E+00
 Iteration:  00000010   DeltaT:  8.933E-06   Iter/sec:  3.412E+00
 Iteration:  00000011   DeltaT:  8.933E-06   Iter/sec:  3.428E+00
 Iteration:  00000012   DeltaT:  8.933E-06   Iter/sec:  3.376E+00
 Iteration:  00000013   DeltaT:  8.933E-06   Iter/sec:  3.392E+00
 Iteration:  00000014   DeltaT:  8.933E-06   Iter/sec:  3.399E+00
 Iteration:  00000015   DeltaT:  8.933E-06   Iter/sec:  3.375E+00
 Iteration:  00000016   DeltaT:  8.933E-06   Iter/sec:  3.425E+00
 Iteration:  00000017   DeltaT:  8.933E-06   Iter/sec:  3.287E+00
 Iteration:  00000018   DeltaT:  8.933E-06   Iter/sec:  3.391E+00
 Iteration:  00000019   DeltaT:  8.933E-06   Iter/sec:  3.377E+00
 Iteration:  00000020   DeltaT:  8.933E-06   Iter/sec:  3.398E+00
 Iteration:  00000021   DeltaT:  8.933E-06   Iter/sec:  3.395E+00
 Iteration:  00000022   DeltaT:  8.933E-06   Iter/sec:  3.427E+00
 Iteration:  00000023   DeltaT:  8.933E-06   Iter/sec:  3.367E+00
 Iteration:  00000024   DeltaT:  8.933E-06   Iter/sec:  3.416E+00
 Iteration:  00000025   DeltaT:  8.933E-06   Iter/sec:  3.414E+00
 Iteration:  00000026   DeltaT:  8.933E-06   Iter/sec:  3.345E+00
 Iteration:  00000027   DeltaT:  8.933E-06   Iter/sec:  3.188E+00
 Iteration:  00000028   DeltaT:  8.933E-06   Iter/sec:  3.284E+00
 Iteration:  00000029   DeltaT:  8.933E-06   Iter/sec:  3.371E+00
 Iteration:  00000030   DeltaT:  8.933E-06   Iter/sec:  3.402E+00
 Iteration:  00000031   DeltaT:  8.933E-06   Iter/sec:  3.428E+00
 Iteration:  00000032   DeltaT:  8.933E-06   Iter/sec:  3.394E+00
 Iteration:  00000033   DeltaT:  8.933E-06   Iter/sec:  3.406E+00
 Iteration:  00000034   DeltaT:  8.933E-06   Iter/sec:  3.395E+00
 Iteration:  00000035   DeltaT:  8.933E-06   Iter/sec:  3.381E+00
 Iteration:  00000036   DeltaT:  8.933E-06   Iter/sec:  3.402E+00
 Iteration:  00000037   DeltaT:  8.933E-06   Iter/sec:  3.377E+00
 Iteration:  00000038   DeltaT:  8.933E-06   Iter/sec:  3.338E+00
 Iteration:  00000039   DeltaT:  8.933E-06   Iter/sec:  3.409E+00
 Iteration:  00000040   DeltaT:  8.933E-06   Iter/sec:  3.284E+00
 Iteration:  00000041   DeltaT:  8.933E-06   Iter/sec:  3.360E+00
 Iteration:  00000042   DeltaT:  8.933E-06   Iter/sec:  3.333E+00
 Iteration:  00000043   DeltaT:  8.933E-06   Iter/sec:  3.283E+00
 Iteration:  00000044   DeltaT:  8.933E-06   Iter/sec:  3.324E+00
 Iteration:  00000045   DeltaT:  8.933E-06   Iter/sec:  3.344E+00
 Iteration:  00000046   DeltaT:  8.933E-06   Iter/sec:  3.390E+00
 Iteration:  00000047   DeltaT:  8.933E-06   Iter/sec:  3.408E+00
 Iteration:  00000048   DeltaT:  8.933E-06   Iter/sec:  3.441E+00
 Iteration:  00000049   DeltaT:  8.933E-06   Iter/sec:  3.381E+00
 Iteration:  00000050   DeltaT:  8.933E-06   Iter/sec:  3.365E+00


//////////////////////////////////////////////
   Measured Timings for Process 0  (seconds)

 Elapsed time:        14.8408
  Column time:         3.1583
     Row time:         4.8157
Legendre time:         1.9013
     FFT time:         0.9206
   Solve time:         0.2103
    rlma time:         0.2149
    rlmb time:         0.0965
  pspace time:         1.8685
  psolve time:         1.4108
    dphi time:         0.1081
captured time:        14.7052

     iter/sec:         3.3691
//////////////////////////////////////////////
