 //////////////////////////////////////
 Initializating Rayleigh...

 -- Initalizing MPI...
 ---- Specified parameters:
 ---- NCPU  :    256
 ---- NPROW :     16
 ---- NPCOL :     16
 -- MPI initialized.


 -- Initalizing Grid...
 ---- Specified parameters ----
 ---- N_R                 :    128
 ---- N_THETA             :    384
 ---- Ell_MAX             :    255
 ---- R_MIN               :  5.38462E-01
 ---- R_MAX               :  1.53846E+00
 ---- Chebyshev Domains   :      1

        Domain 1
          Grid points           :  128
          Dealiased Polynomials :  85
          Domain Lower Bound    :  5.38462E-01
          Domain Upper Bound    :  1.53846E+00

 -- Grid initialized.

[SHTns 3.4.5] built Apr 30 2021, 15:49:24, id: avx2,ishioka
        Lmax=255, Mmax*Mres=255, Mres=1, Nlm=32896  [1 threads, orthonormalized]
        => using FFTW : Mmax=255, Nphi=768, Nlat=384  (data layout : phi_inc=384, theta_inc=1, phi_embed=768)
        => using Gauss nodes
        + polar optimization threshold = 1.0e-08
        finding optimal algorithm..........
        + SHT accuracy = 2.03e-12
        => SHTns is ready.
 -- Initalizing Reference State...
 ---- Specified parameters:
 ---- Reference type           :  Boussinesq (Non-dimensional)
 ---- Rayleigh Number          :  1.00000E+05
 ---- Ekman Number             :  1.00000E-03
 ---- Prandtl Number           :  1.00000E+00
 ---- Magnetic Prandtl Number  :  5.00000E+00
 -- Reference State initialized.

 -- Initializing Fields...
 ---- Specified parameters:
 ---- Hydro Init Type    : Benchmark (Christensen et al. 2001)
 ---- Magnetic Init Type : Benchmark (Christensen et al. 2001)
 -- Fields initialized.

 Initialization Complete.
 //////////////////////////////////////

 Timestep has changed from  0.00000E+00 to  1.00000E-04.
 Iteration:  00000001   DeltaT:  1.000E-04   Iter/sec:  0.000E+00
 Timestep has changed from  1.00000E-04 to  2.55566E-06.
 Iteration:  00000002   DeltaT:  2.556E-06   Iter/sec:  9.227E-02
 Iteration:  00000003   DeltaT:  2.556E-06   Iter/sec:  2.886E+00
 Iteration:  00000004   DeltaT:  2.556E-06   Iter/sec:  3.872E+00
 Iteration:  00000005   DeltaT:  2.556E-06   Iter/sec:  3.841E+00
 Iteration:  00000006   DeltaT:  2.556E-06   Iter/sec:  3.839E+00
 Iteration:  00000007   DeltaT:  2.556E-06   Iter/sec:  3.877E+00
 Iteration:  00000008   DeltaT:  2.556E-06   Iter/sec:  3.886E+00
 Iteration:  00000009   DeltaT:  2.556E-06   Iter/sec:  3.804E+00
 Iteration:  00000010   DeltaT:  2.556E-06   Iter/sec:  3.858E+00
 Iteration:  00000011   DeltaT:  2.556E-06   Iter/sec:  3.813E+00
 Iteration:  00000012   DeltaT:  2.556E-06   Iter/sec:  3.825E+00
 Iteration:  00000013   DeltaT:  2.556E-06   Iter/sec:  3.867E+00
 Iteration:  00000014   DeltaT:  2.556E-06   Iter/sec:  3.877E+00
 Iteration:  00000015   DeltaT:  2.556E-06   Iter/sec:  3.799E+00
 Iteration:  00000016   DeltaT:  2.556E-06   Iter/sec:  3.912E+00
 Iteration:  00000017   DeltaT:  2.556E-06   Iter/sec:  3.779E+00
 Iteration:  00000018   DeltaT:  2.556E-06   Iter/sec:  3.837E+00
 Iteration:  00000019   DeltaT:  2.556E-06   Iter/sec:  3.828E+00
 Iteration:  00000020   DeltaT:  2.556E-06   Iter/sec:  3.891E+00
 Iteration:  00000021   DeltaT:  2.556E-06   Iter/sec:  3.857E+00
 Iteration:  00000022   DeltaT:  2.556E-06   Iter/sec:  3.850E+00
 Iteration:  00000023   DeltaT:  2.556E-06   Iter/sec:  3.864E+00
 Iteration:  00000024   DeltaT:  2.556E-06   Iter/sec:  3.843E+00
 Iteration:  00000025   DeltaT:  2.556E-06   Iter/sec:  3.867E+00
 Iteration:  00000026   DeltaT:  2.556E-06   Iter/sec:  3.820E+00
 Iteration:  00000027   DeltaT:  2.556E-06   Iter/sec:  3.869E+00
 Iteration:  00000028   DeltaT:  2.556E-06   Iter/sec:  3.868E+00
 Iteration:  00000029   DeltaT:  2.556E-06   Iter/sec:  3.860E+00
 Iteration:  00000030   DeltaT:  2.556E-06   Iter/sec:  3.831E+00
 Iteration:  00000031   DeltaT:  2.556E-06   Iter/sec:  3.850E+00
 Iteration:  00000032   DeltaT:  2.556E-06   Iter/sec:  3.840E+00
 Iteration:  00000033   DeltaT:  2.556E-06   Iter/sec:  3.867E+00
 Iteration:  00000034   DeltaT:  2.556E-06   Iter/sec:  3.821E+00
 Iteration:  00000035   DeltaT:  2.556E-06   Iter/sec:  3.867E+00
 Iteration:  00000036   DeltaT:  2.556E-06   Iter/sec:  3.887E+00
 Iteration:  00000037   DeltaT:  2.556E-06   Iter/sec:  3.862E+00
 Iteration:  00000038   DeltaT:  2.556E-06   Iter/sec:  3.877E+00
 Iteration:  00000039   DeltaT:  2.556E-06   Iter/sec:  3.861E+00
 Iteration:  00000040   DeltaT:  2.556E-06   Iter/sec:  3.809E+00
 Iteration:  00000041   DeltaT:  2.556E-06   Iter/sec:  3.836E+00
 Iteration:  00000042   DeltaT:  2.556E-06   Iter/sec:  3.883E+00
 Iteration:  00000043   DeltaT:  2.556E-06   Iter/sec:  3.854E+00
 Iteration:  00000044   DeltaT:  2.556E-06   Iter/sec:  3.842E+00
 Iteration:  00000045   DeltaT:  2.556E-06   Iter/sec:  3.863E+00
 Iteration:  00000046   DeltaT:  2.556E-06   Iter/sec:  3.894E+00
 Iteration:  00000047   DeltaT:  2.556E-06   Iter/sec:  3.839E+00
 Iteration:  00000048   DeltaT:  2.556E-06   Iter/sec:  3.834E+00
 Iteration:  00000049   DeltaT:  2.556E-06   Iter/sec:  3.844E+00
 Iteration:  00000050   DeltaT:  2.556E-06   Iter/sec:  3.800E+00


//////////////////////////////////////////////
   Measured Timings for Process 0  (seconds)

 Elapsed time:        13.1556
  Column time:         1.9426
     Row time:         4.6497
Legendre time:         1.2469
     FFT time:         0.9521
   Solve time:         0.5024
    rlma time:         0.1801
    rlmb time:         0.0777
  pspace time:         1.8864
  psolve time:         1.4652
    dphi time:         0.1097
captured time:        13.0127

     iter/sec:         3.8007
//////////////////////////////////////////////
