 //////////////////////////////////////
 Initializating Rayleigh...

 -- Initalizing MPI...
 ---- Specified parameters:
 ---- NCPU  :    256
 ---- NPROW :     32
 ---- NPCOL :      8
 -- MPI initialized.


 -- Initalizing Grid...
 ---- Specified parameters ----
 ---- N_R                 :    128
 ---- N_THETA             :    384
 ---- Ell_MAX             :    255
 ---- R_MIN               :  5.38462E-01
 ---- R_MAX               :  1.53846E+00
 ---- Chebyshev Domains   :      1

        Domain 1
          Grid points           :  128
          Dealiased Polynomials :  85
          Domain Lower Bound    :  5.38462E-01
          Domain Upper Bound    :  1.53846E+00

 -- Grid initialized.

[SHTns 3.4.5] built Apr 30 2021, 15:49:24, id: avx2,ishioka
        Lmax=255, Mmax*Mres=255, Mres=1, Nlm=32896  [1 threads, orthonormalized]
        => using FFTW : Mmax=255, Nphi=768, Nlat=384  (data layout : phi_inc=384, theta_inc=1, phi_embed=768)
        => using Gauss nodes
        + polar optimization threshold = 1.0e-08
        finding optimal algorithm..........
        + SHT accuracy = 1.56e-12
        => SHTns is ready.
 -- Initalizing Reference State...
 ---- Specified parameters:
 ---- Reference type           :  Boussinesq (Non-dimensional)
 ---- Rayleigh Number          :  1.00000E+05
 ---- Ekman Number             :  1.00000E-03
 ---- Prandtl Number           :  1.00000E+00
 ---- Magnetic Prandtl Number  :  5.00000E+00
 -- Reference State initialized.

 -- Initializing Fields...
 ---- Specified parameters:
 ---- Hydro Init Type    : Benchmark (Christensen et al. 2001)
 ---- Magnetic Init Type : Benchmark (Christensen et al. 2001)
 -- Fields initialized.

 Initialization Complete.
 //////////////////////////////////////

 Timestep has changed from  0.00000E+00 to  1.00000E-04.
 Iteration:  00000001   DeltaT:  1.000E-04   Iter/sec:  0.000E+00
 Timestep has changed from  1.00000E-04 to  2.55566E-06.
 Iteration:  00000002   DeltaT:  2.556E-06   Iter/sec:  9.167E-02
 Iteration:  00000003   DeltaT:  2.556E-06   Iter/sec:  2.248E+00
 Iteration:  00000004   DeltaT:  2.556E-06   Iter/sec:  3.510E+00
 Iteration:  00000005   DeltaT:  2.556E-06   Iter/sec:  3.494E+00
 Iteration:  00000006   DeltaT:  2.556E-06   Iter/sec:  3.482E+00
 Iteration:  00000007   DeltaT:  2.556E-06   Iter/sec:  3.413E+00
 Iteration:  00000008   DeltaT:  2.556E-06   Iter/sec:  3.499E+00
 Iteration:  00000009   DeltaT:  2.556E-06   Iter/sec:  3.494E+00
 Iteration:  00000010   DeltaT:  2.556E-06   Iter/sec:  3.468E+00
 Iteration:  00000011   DeltaT:  2.556E-06   Iter/sec:  3.429E+00
 Iteration:  00000012   DeltaT:  2.556E-06   Iter/sec:  3.548E+00
 Iteration:  00000013   DeltaT:  2.556E-06   Iter/sec:  3.405E+00
 Iteration:  00000014   DeltaT:  2.556E-06   Iter/sec:  3.492E+00
 Iteration:  00000015   DeltaT:  2.556E-06   Iter/sec:  3.468E+00
 Iteration:  00000016   DeltaT:  2.556E-06   Iter/sec:  3.452E+00
 Iteration:  00000017   DeltaT:  2.556E-06   Iter/sec:  3.443E+00
 Iteration:  00000018   DeltaT:  2.556E-06   Iter/sec:  3.421E+00
 Iteration:  00000019   DeltaT:  2.556E-06   Iter/sec:  3.505E+00
 Iteration:  00000020   DeltaT:  2.556E-06   Iter/sec:  3.448E+00
 Iteration:  00000021   DeltaT:  2.556E-06   Iter/sec:  3.547E+00
 Iteration:  00000022   DeltaT:  2.556E-06   Iter/sec:  3.399E+00
 Iteration:  00000023   DeltaT:  2.556E-06   Iter/sec:  3.479E+00
 Iteration:  00000024   DeltaT:  2.556E-06   Iter/sec:  3.523E+00
 Iteration:  00000025   DeltaT:  2.556E-06   Iter/sec:  3.396E+00
 Iteration:  00000026   DeltaT:  2.556E-06   Iter/sec:  3.550E+00
 Iteration:  00000027   DeltaT:  2.556E-06   Iter/sec:  3.389E+00
 Iteration:  00000028   DeltaT:  2.556E-06   Iter/sec:  3.399E+00
 Iteration:  00000029   DeltaT:  2.556E-06   Iter/sec:  3.497E+00
 Iteration:  00000030   DeltaT:  2.556E-06   Iter/sec:  3.531E+00
 Iteration:  00000031   DeltaT:  2.556E-06   Iter/sec:  3.423E+00
 Iteration:  00000032   DeltaT:  2.556E-06   Iter/sec:  3.522E+00
 Iteration:  00000033   DeltaT:  2.556E-06   Iter/sec:  3.454E+00
 Iteration:  00000034   DeltaT:  2.556E-06   Iter/sec:  3.495E+00
 Iteration:  00000035   DeltaT:  2.556E-06   Iter/sec:  3.451E+00
 Iteration:  00000036   DeltaT:  2.556E-06   Iter/sec:  3.417E+00
 Iteration:  00000037   DeltaT:  2.556E-06   Iter/sec:  3.517E+00
 Iteration:  00000038   DeltaT:  2.556E-06   Iter/sec:  3.508E+00
 Iteration:  00000039   DeltaT:  2.556E-06   Iter/sec:  3.430E+00
 Iteration:  00000040   DeltaT:  2.556E-06   Iter/sec:  3.462E+00
 Iteration:  00000041   DeltaT:  2.556E-06   Iter/sec:  3.434E+00
 Iteration:  00000042   DeltaT:  2.556E-06   Iter/sec:  3.486E+00
 Iteration:  00000043   DeltaT:  2.556E-06   Iter/sec:  3.498E+00
 Iteration:  00000044   DeltaT:  2.556E-06   Iter/sec:  3.409E+00
 Iteration:  00000045   DeltaT:  2.556E-06   Iter/sec:  3.454E+00
 Iteration:  00000046   DeltaT:  2.556E-06   Iter/sec:  3.470E+00
 Iteration:  00000047   DeltaT:  2.556E-06   Iter/sec:  3.504E+00
 Iteration:  00000048   DeltaT:  2.556E-06   Iter/sec:  3.455E+00
 Iteration:  00000049   DeltaT:  2.556E-06   Iter/sec:  3.477E+00
 Iteration:  00000050   DeltaT:  2.556E-06   Iter/sec:  3.368E+00


//////////////////////////////////////////////
   Measured Timings for Process 0  (seconds)

 Elapsed time:        14.7586
  Column time:         2.0821
     Row time:         6.0991
Legendre time:         1.2315
     FFT time:         0.9100
   Solve time:         0.7375
    rlma time:         0.1973
    rlmb time:         0.0729
  pspace time:         1.5054
  psolve time:         1.6820
    dphi time:         0.0635
captured time:        14.5813

     iter/sec:         3.3879
//////////////////////////////////////////////
