 //////////////////////////////////////
 Initializating Rayleigh...

 -- Initalizing MPI...
 ---- Specified parameters:
 ---- NCPU  :    128
 ---- NPROW :      8
 ---- NPCOL :     16
 -- MPI initialized.


 -- Initalizing Grid...
 ---- Specified parameters ----
 ---- N_R                 :     64
 ---- N_THETA             :    768
 ---- Ell_MAX             :    511
 ---- R_MIN               :  5.38462E-01
 ---- R_MAX               :  1.53846E+00
 ---- Chebyshev Domains   :      1

        Domain 1
          Grid points           :  64
          Dealiased Polynomials :  42
          Domain Lower Bound    :  5.38462E-01
          Domain Upper Bound    :  1.53846E+00

 -- Grid initialized.

[SHTns 3.4.5] built Apr 30 2021, 15:49:24, id: avx2,ishioka
        Lmax=511, Mmax*Mres=511, Mres=1, Nlm=131328  [1 threads, orthonormalized]
        => using FFTW : Mmax=511, Nphi=1536, Nlat=768  (data layout : phi_inc=768, theta_inc=1, phi_embed=1536)
        => using Gauss nodes
        + polar optimization threshold = 1.0e-08
        finding optimal algorithm........
        + SHT accuracy = 4.02e-13
        => SHTns is ready.
 -- Initalizing Reference State...
 ---- Specified parameters:
 ---- Reference type           :  Boussinesq (Non-dimensional)
 ---- Rayleigh Number          :  1.00000E+05
 ---- Ekman Number             :  1.00000E-03
 ---- Prandtl Number           :  1.00000E+00
 ---- Magnetic Prandtl Number  :  5.00000E+00
 -- Reference State initialized.

 -- Initializing Fields...
 ---- Specified parameters:
 ---- Hydro Init Type    : Benchmark (Christensen et al. 2001)
 ---- Magnetic Init Type : Benchmark (Christensen et al. 2001)
 -- Fields initialized.

 Initialization Complete.
 //////////////////////////////////////

 Timestep has changed from  0.00000E+00 to  1.00000E-04.
 Iteration:  00000001   DeltaT:  1.000E-04   Iter/sec:  0.000E+00
 Timestep has changed from  1.00000E-04 to  8.93257E-06.
 Iteration:  00000002   DeltaT:  8.933E-06   Iter/sec:  9.247E-02
 Iteration:  00000003   DeltaT:  8.933E-06   Iter/sec:  8.839E-01
 Iteration:  00000004   DeltaT:  8.933E-06   Iter/sec:  9.133E-01
 Iteration:  00000005   DeltaT:  8.933E-06   Iter/sec:  9.014E-01
 Iteration:  00000006   DeltaT:  8.933E-06   Iter/sec:  9.132E-01
 Iteration:  00000007   DeltaT:  8.933E-06   Iter/sec:  9.095E-01
 Iteration:  00000008   DeltaT:  8.933E-06   Iter/sec:  9.058E-01
 Iteration:  00000009   DeltaT:  8.933E-06   Iter/sec:  9.060E-01
 Iteration:  00000010   DeltaT:  8.933E-06   Iter/sec:  9.030E-01
 Iteration:  00000011   DeltaT:  8.933E-06   Iter/sec:  9.033E-01
 Iteration:  00000012   DeltaT:  8.933E-06   Iter/sec:  8.961E-01
 Iteration:  00000013   DeltaT:  8.933E-06   Iter/sec:  8.971E-01
 Iteration:  00000014   DeltaT:  8.933E-06   Iter/sec:  8.817E-01
 Iteration:  00000015   DeltaT:  8.933E-06   Iter/sec:  9.171E-01
 Iteration:  00000016   DeltaT:  8.933E-06   Iter/sec:  8.897E-01
 Iteration:  00000017   DeltaT:  8.933E-06   Iter/sec:  9.106E-01
 Iteration:  00000018   DeltaT:  8.933E-06   Iter/sec:  9.090E-01
 Iteration:  00000019   DeltaT:  8.933E-06   Iter/sec:  9.024E-01
 Iteration:  00000020   DeltaT:  8.933E-06   Iter/sec:  9.078E-01
 Iteration:  00000021   DeltaT:  8.933E-06   Iter/sec:  9.182E-01
 Iteration:  00000022   DeltaT:  8.933E-06   Iter/sec:  9.070E-01
 Iteration:  00000023   DeltaT:  8.933E-06   Iter/sec:  9.211E-01
 Iteration:  00000024   DeltaT:  8.933E-06   Iter/sec:  8.970E-01
 Iteration:  00000025   DeltaT:  8.933E-06   Iter/sec:  9.178E-01
 Iteration:  00000026   DeltaT:  8.933E-06   Iter/sec:  9.104E-01
 Iteration:  00000027   DeltaT:  8.933E-06   Iter/sec:  9.055E-01
 Iteration:  00000028   DeltaT:  8.933E-06   Iter/sec:  8.976E-01
 Iteration:  00000029   DeltaT:  8.933E-06   Iter/sec:  9.130E-01
 Iteration:  00000030   DeltaT:  8.933E-06   Iter/sec:  9.112E-01
 Iteration:  00000031   DeltaT:  8.933E-06   Iter/sec:  9.111E-01
 Iteration:  00000032   DeltaT:  8.933E-06   Iter/sec:  9.158E-01
 Iteration:  00000033   DeltaT:  8.933E-06   Iter/sec:  9.017E-01
 Iteration:  00000034   DeltaT:  8.933E-06   Iter/sec:  9.010E-01
 Iteration:  00000035   DeltaT:  8.933E-06   Iter/sec:  9.183E-01
 Iteration:  00000036   DeltaT:  8.933E-06   Iter/sec:  9.157E-01
 Iteration:  00000037   DeltaT:  8.933E-06   Iter/sec:  8.843E-01
 Iteration:  00000038   DeltaT:  8.933E-06   Iter/sec:  8.998E-01
 Iteration:  00000039   DeltaT:  8.933E-06   Iter/sec:  9.052E-01
 Iteration:  00000040   DeltaT:  8.933E-06   Iter/sec:  9.071E-01
 Iteration:  00000041   DeltaT:  8.933E-06   Iter/sec:  8.964E-01
 Iteration:  00000042   DeltaT:  8.933E-06   Iter/sec:  9.120E-01
 Iteration:  00000043   DeltaT:  8.933E-06   Iter/sec:  9.081E-01
 Iteration:  00000044   DeltaT:  8.933E-06   Iter/sec:  9.079E-01
 Iteration:  00000045   DeltaT:  8.933E-06   Iter/sec:  9.128E-01
 Iteration:  00000046   DeltaT:  8.933E-06   Iter/sec:  9.060E-01
 Iteration:  00000047   DeltaT:  8.933E-06   Iter/sec:  9.083E-01
 Iteration:  00000048   DeltaT:  8.933E-06   Iter/sec:  9.069E-01
 Iteration:  00000049   DeltaT:  8.933E-06   Iter/sec:  9.082E-01
 Iteration:  00000050   DeltaT:  8.933E-06   Iter/sec:  8.843E-01


//////////////////////////////////////////////
   Measured Timings for Process 0  (seconds)

 Elapsed time:        55.1633
  Column time:         9.7522
     Row time:        17.0304
Legendre time:         7.6045
     FFT time:         3.7653
   Solve time:         0.6245
    rlma time:         0.9644
    rlmb time:         0.5221
  pspace time:         7.8017
  psolve time:         6.0110
    dphi time:         0.3257
captured time:        54.4018

     iter/sec:         0.9064
//////////////////////////////////////////////
