 //////////////////////////////////////
 Initializating Rayleigh...

 -- Initalizing MPI...
 ---- Specified parameters:
 ---- NCPU  :    256
 ---- NPROW :     16
 ---- NPCOL :     16
 -- MPI initialized.


 -- Initalizing Grid...
 ---- Specified parameters ----
 ---- N_R                 :    128
 ---- N_THETA             :    768
 ---- Ell_MAX             :    511
 ---- R_MIN               :  5.38462E-01
 ---- R_MAX               :  1.53846E+00
 ---- Chebyshev Domains   :      1

        Domain 1
          Grid points           :  128
          Dealiased Polynomials :  85
          Domain Lower Bound    :  5.38462E-01
          Domain Upper Bound    :  1.53846E+00

 -- Grid initialized.

[SHTns 3.4.5] built Apr 30 2021, 15:49:24, id: avx2,ishioka
        Lmax=511, Mmax*Mres=511, Mres=1, Nlm=131328  [1 threads, orthonormalized]
        => using FFTW : Mmax=511, Nphi=1536, Nlat=768  (data layout : phi_inc=768, theta_inc=1, phi_embed=1536)
        => using Gauss nodes
        + polar optimization threshold = 1.0e-08
        finding optimal algorithm........
        + SHT accuracy = 4.97e-13
        => SHTns is ready.
 -- Initalizing Reference State...
 ---- Specified parameters:
 ---- Reference type           :  Boussinesq (Non-dimensional)
 ---- Rayleigh Number          :  1.00000E+05
 ---- Ekman Number             :  1.00000E-03
 ---- Prandtl Number           :  1.00000E+00
 ---- Magnetic Prandtl Number  :  5.00000E+00
 -- Reference State initialized.

 -- Initializing Fields...
 ---- Specified parameters:
 ---- Hydro Init Type    : Benchmark (Christensen et al. 2001)
 ---- Magnetic Init Type : Benchmark (Christensen et al. 2001)
 -- Fields initialized.

 Initialization Complete.
 //////////////////////////////////////

 Timestep has changed from  0.00000E+00 to  1.00000E-04.
 Iteration:  00000001   DeltaT:  1.000E-04   Iter/sec:  0.000E+00
 Timestep has changed from  1.00000E-04 to  2.55562E-06.
 Iteration:  00000002   DeltaT:  2.556E-06   Iter/sec:  1.023E-01
 Iteration:  00000003   DeltaT:  2.556E-06   Iter/sec:  7.800E-01
 Iteration:  00000004   DeltaT:  2.556E-06   Iter/sec:  8.808E-01
 Iteration:  00000005   DeltaT:  2.556E-06   Iter/sec:  8.848E-01
 Iteration:  00000006   DeltaT:  2.556E-06   Iter/sec:  8.840E-01
 Iteration:  00000007   DeltaT:  2.556E-06   Iter/sec:  8.883E-01
 Iteration:  00000008   DeltaT:  2.556E-06   Iter/sec:  8.868E-01
 Iteration:  00000009   DeltaT:  2.556E-06   Iter/sec:  8.861E-01
 Iteration:  00000010   DeltaT:  2.556E-06   Iter/sec:  8.848E-01
 Iteration:  00000011   DeltaT:  2.556E-06   Iter/sec:  8.853E-01
 Iteration:  00000012   DeltaT:  2.556E-06   Iter/sec:  8.880E-01
 Iteration:  00000013   DeltaT:  2.556E-06   Iter/sec:  8.863E-01
 Iteration:  00000014   DeltaT:  2.556E-06   Iter/sec:  8.826E-01
 Iteration:  00000015   DeltaT:  2.556E-06   Iter/sec:  8.871E-01
 Iteration:  00000016   DeltaT:  2.556E-06   Iter/sec:  8.852E-01
 Iteration:  00000017   DeltaT:  2.556E-06   Iter/sec:  8.800E-01
 Iteration:  00000018   DeltaT:  2.556E-06   Iter/sec:  8.870E-01
 Iteration:  00000019   DeltaT:  2.556E-06   Iter/sec:  8.825E-01
 Iteration:  00000020   DeltaT:  2.556E-06   Iter/sec:  8.813E-01
 Iteration:  00000021   DeltaT:  2.556E-06   Iter/sec:  8.826E-01
 Iteration:  00000022   DeltaT:  2.556E-06   Iter/sec:  8.816E-01
 Iteration:  00000023   DeltaT:  2.556E-06   Iter/sec:  8.885E-01
 Iteration:  00000024   DeltaT:  2.556E-06   Iter/sec:  8.810E-01
 Iteration:  00000025   DeltaT:  2.556E-06   Iter/sec:  8.816E-01
 Iteration:  00000026   DeltaT:  2.556E-06   Iter/sec:  8.871E-01
 Iteration:  00000027   DeltaT:  2.556E-06   Iter/sec:  8.874E-01
 Iteration:  00000028   DeltaT:  2.556E-06   Iter/sec:  8.824E-01
 Iteration:  00000029   DeltaT:  2.556E-06   Iter/sec:  8.811E-01
 Iteration:  00000030   DeltaT:  2.556E-06   Iter/sec:  8.888E-01
 Iteration:  00000031   DeltaT:  2.556E-06   Iter/sec:  8.858E-01
 Iteration:  00000032   DeltaT:  2.556E-06   Iter/sec:  7.998E-01
 Iteration:  00000033   DeltaT:  2.556E-06   Iter/sec:  8.310E-01
 Iteration:  00000034   DeltaT:  2.556E-06   Iter/sec:  9.092E-01
 Iteration:  00000035   DeltaT:  2.556E-06   Iter/sec:  8.830E-01
 Iteration:  00000036   DeltaT:  2.556E-06   Iter/sec:  8.853E-01
 Iteration:  00000037   DeltaT:  2.556E-06   Iter/sec:  8.844E-01
 Iteration:  00000038   DeltaT:  2.556E-06   Iter/sec:  8.799E-01
 Iteration:  00000039   DeltaT:  2.556E-06   Iter/sec:  8.864E-01
 Iteration:  00000040   DeltaT:  2.556E-06   Iter/sec:  8.836E-01
 Iteration:  00000041   DeltaT:  2.556E-06   Iter/sec:  8.791E-01
 Iteration:  00000042   DeltaT:  2.556E-06   Iter/sec:  8.818E-01
 Iteration:  00000043   DeltaT:  2.556E-06   Iter/sec:  8.777E-01
 Iteration:  00000044   DeltaT:  2.556E-06   Iter/sec:  8.897E-01
 Iteration:  00000045   DeltaT:  2.556E-06   Iter/sec:  8.811E-01
 Iteration:  00000046   DeltaT:  2.556E-06   Iter/sec:  8.895E-01
 Iteration:  00000047   DeltaT:  2.556E-06   Iter/sec:  8.628E-01
 Iteration:  00000048   DeltaT:  2.556E-06   Iter/sec:  9.016E-01
 Iteration:  00000049   DeltaT:  2.556E-06   Iter/sec:  8.761E-01
 Iteration:  00000050   DeltaT:  2.556E-06   Iter/sec:  8.844E-01


//////////////////////////////////////////////
   Measured Timings for Process 0  (seconds)

 Elapsed time:        57.0418
  Column time:         8.6628
     Row time:        18.1389
Legendre time:         7.6485
     FFT time:         3.7306
   Solve time:         1.2835
    rlma time:         1.0636
    rlmb time:         0.5053
  pspace time:         8.0191
  psolve time:         6.7187
    dphi time:         0.3581
captured time:        56.1291

     iter/sec:         0.8766
//////////////////////////////////////////////
