 //////////////////////////////////////
 Initializating Rayleigh...

 -- Initalizing MPI...
 ---- Specified parameters:
 ---- NCPU  :    512
 ---- NPROW :     16
 ---- NPCOL :     32
 -- MPI initialized.


 -- Initalizing Grid...
 ---- Specified parameters ----
 ---- N_R                 :    128
 ---- N_THETA             :    192
 ---- Ell_MAX             :    127
 ---- R_MIN               :  5.38462E-01
 ---- R_MAX               :  1.53846E+00
 ---- Chebyshev Domains   :      1

        Domain 1
          Grid points           :  128
          Dealiased Polynomials :  85
          Domain Lower Bound    :  5.38462E-01
          Domain Upper Bound    :  1.53846E+00

 -- Grid initialized.

[SHTns 3.4.5] built Apr 30 2021, 15:49:24, id: avx2,ishioka
        Lmax=127, Mmax*Mres=127, Mres=1, Nlm=8256  [1 threads, orthonormalized]
        => using FFTW : Mmax=127, Nphi=384, Nlat=192  (data layout : phi_inc=192, theta_inc=1, phi_embed=384)
        => using Gauss nodes
        + polar optimization threshold = 1.0e-08
        finding optimal algorithm........
        + SHT accuracy = 3.46e-14
        => SHTns is ready.
 -- Initalizing Reference State...
 ---- Specified parameters:
 ---- Reference type           :  Boussinesq (Non-dimensional)
 ---- Rayleigh Number          :  1.00000E+05
 ---- Ekman Number             :  1.00000E-03
 ---- Prandtl Number           :  1.00000E+00
 ---- Magnetic Prandtl Number  :  5.00000E+00
 -- Reference State initialized.

 -- Initializing Fields...
 ---- Specified parameters:
 ---- Hydro Init Type    : Benchmark (Christensen et al. 2001)
 ---- Magnetic Init Type : Benchmark (Christensen et al. 2001)
 -- Fields initialized.

 Initialization Complete.
 //////////////////////////////////////

 Timestep has changed from  0.00000E+00 to  1.00000E-04.
 Iteration:  00000001   DeltaT:  1.000E-04   Iter/sec:  0.000E+00
 Timestep has changed from  1.00000E-04 to  2.55581E-06.
 Iteration:  00000002   DeltaT:  2.556E-06   Iter/sec:  2.408E-01
 Iteration:  00000003   DeltaT:  2.556E-06   Iter/sec:  1.809E+01
 Iteration:  00000004   DeltaT:  2.556E-06   Iter/sec:  4.132E+01
 Iteration:  00000005   DeltaT:  2.556E-06   Iter/sec:  4.393E+01
 Iteration:  00000006   DeltaT:  2.556E-06   Iter/sec:  4.223E+01
 Iteration:  00000007   DeltaT:  2.556E-06   Iter/sec:  4.140E+01
 Iteration:  00000008   DeltaT:  2.556E-06   Iter/sec:  4.350E+01
 Iteration:  00000009   DeltaT:  2.556E-06   Iter/sec:  4.252E+01
 Iteration:  00000010   DeltaT:  2.556E-06   Iter/sec:  4.197E+01
 Iteration:  00000011   DeltaT:  2.556E-06   Iter/sec:  4.302E+01
 Iteration:  00000012   DeltaT:  2.556E-06   Iter/sec:  4.207E+01
 Iteration:  00000013   DeltaT:  2.556E-06   Iter/sec:  4.328E+01
 Iteration:  00000014   DeltaT:  2.556E-06   Iter/sec:  4.166E+01
 Iteration:  00000015   DeltaT:  2.556E-06   Iter/sec:  4.281E+01
 Iteration:  00000016   DeltaT:  2.556E-06   Iter/sec:  4.196E+01
 Iteration:  00000017   DeltaT:  2.556E-06   Iter/sec:  3.977E+01
 Iteration:  00000018   DeltaT:  2.556E-06   Iter/sec:  4.051E+01
 Iteration:  00000019   DeltaT:  2.556E-06   Iter/sec:  4.041E+01
 Iteration:  00000020   DeltaT:  2.556E-06   Iter/sec:  4.248E+01
 Iteration:  00000021   DeltaT:  2.556E-06   Iter/sec:  4.251E+01
 Iteration:  00000022   DeltaT:  2.556E-06   Iter/sec:  4.245E+01
 Iteration:  00000023   DeltaT:  2.556E-06   Iter/sec:  4.234E+01
 Iteration:  00000024   DeltaT:  2.556E-06   Iter/sec:  4.255E+01
 Iteration:  00000025   DeltaT:  2.556E-06   Iter/sec:  4.263E+01
 Iteration:  00000026   DeltaT:  2.556E-06   Iter/sec:  4.264E+01
 Iteration:  00000027   DeltaT:  2.556E-06   Iter/sec:  4.170E+01
 Iteration:  00000028   DeltaT:  2.556E-06   Iter/sec:  4.083E+01
 Iteration:  00000029   DeltaT:  2.556E-06   Iter/sec:  3.805E+01
 Iteration:  00000030   DeltaT:  2.556E-06   Iter/sec:  4.331E+01
 Iteration:  00000031   DeltaT:  2.556E-06   Iter/sec:  4.262E+01
 Iteration:  00000032   DeltaT:  2.556E-06   Iter/sec:  4.191E+01
 Iteration:  00000033   DeltaT:  2.556E-06   Iter/sec:  4.052E+01
 Iteration:  00000034   DeltaT:  2.556E-06   Iter/sec:  4.254E+01
 Iteration:  00000035   DeltaT:  2.556E-06   Iter/sec:  4.011E+01
 Iteration:  00000036   DeltaT:  2.556E-06   Iter/sec:  4.308E+01
 Iteration:  00000037   DeltaT:  2.556E-06   Iter/sec:  4.272E+01
 Iteration:  00000038   DeltaT:  2.556E-06   Iter/sec:  4.235E+01
 Iteration:  00000039   DeltaT:  2.556E-06   Iter/sec:  4.258E+01
 Iteration:  00000040   DeltaT:  2.556E-06   Iter/sec:  4.185E+01
 Iteration:  00000041   DeltaT:  2.556E-06   Iter/sec:  4.322E+01
 Iteration:  00000042   DeltaT:  2.556E-06   Iter/sec:  4.304E+01
 Iteration:  00000043   DeltaT:  2.556E-06   Iter/sec:  4.263E+01
 Iteration:  00000044   DeltaT:  2.556E-06   Iter/sec:  4.188E+01
 Iteration:  00000045   DeltaT:  2.556E-06   Iter/sec:  4.172E+01
 Iteration:  00000046   DeltaT:  2.556E-06   Iter/sec:  4.336E+01
 Iteration:  00000047   DeltaT:  2.556E-06   Iter/sec:  4.240E+01
 Iteration:  00000048   DeltaT:  2.556E-06   Iter/sec:  4.221E+01
 Iteration:  00000049   DeltaT:  2.556E-06   Iter/sec:  4.164E+01
 Iteration:  00000050   DeltaT:  2.556E-06   Iter/sec:  4.289E+01


//////////////////////////////////////////////
   Measured Timings for Process 0  (seconds)

 Elapsed time:         1.2483
  Column time:         0.2233
     Row time:         0.3931
Legendre time:         0.0816
     FFT time:         0.0942
   Solve time:         0.1398
    rlma time:         0.0234
    rlmb time:         0.0099
  pspace time:         0.1092
  psolve time:         0.1409
    dphi time:         0.0119
captured time:         1.2274

     iter/sec:        40.0548
//////////////////////////////////////////////
