 //////////////////////////////////////
 Initializating Rayleigh...

 -- Initalizing MPI...
 ---- Specified parameters:
 ---- NCPU  :   1024
 ---- NPROW :     32
 ---- NPCOL :     32
 -- MPI initialized.


 -- Initalizing Grid...
 ---- Specified parameters ----
 ---- N_R                 :     64
 ---- N_THETA             :    384
 ---- Ell_MAX             :    255
 ---- R_MIN               :  5.38462E-01
 ---- R_MAX               :  1.53846E+00
 ---- Chebyshev Domains   :      1

        Domain 1
          Grid points           :  64
          Dealiased Polynomials :  42
          Domain Lower Bound    :  5.38462E-01
          Domain Upper Bound    :  1.53846E+00

 -- Grid initialized.

[SHTns 3.4.5] built Apr 30 2021, 15:49:24, id: avx2,ishioka
        Lmax=255, Mmax*Mres=255, Mres=1, Nlm=32896  [1 threads, orthonormalized]
        => using FFTW : Mmax=255, Nphi=768, Nlat=384  (data layout : phi_inc=384, theta_inc=1, phi_embed=768)
        => using Gauss nodes
        + polar optimization threshold = 1.0e-08
        finding optimal algorithm..........
        + SHT accuracy = 1.54e-12
        => SHTns is ready.
 -- Initalizing Reference State...
 ---- Specified parameters:
 ---- Reference type           :  Boussinesq (Non-dimensional)
 ---- Rayleigh Number          :  1.00000E+05
 ---- Ekman Number             :  1.00000E-03
 ---- Prandtl Number           :  1.00000E+00
 ---- Magnetic Prandtl Number  :  5.00000E+00
 -- Reference State initialized.

 -- Initializing Fields...
 ---- Specified parameters:
 ---- Hydro Init Type    : Benchmark (Christensen et al. 2001)
 ---- Magnetic Init Type : Benchmark (Christensen et al. 2001)
 -- Fields initialized.

 Initialization Complete.
 //////////////////////////////////////

 Timestep has changed from  0.00000E+00 to  1.00000E-04.
 Iteration:  00000001   DeltaT:  1.000E-04   Iter/sec:  0.000E+00
 Timestep has changed from  1.00000E-04 to  1.02211E-05.
 Iteration:  00000002   DeltaT:  1.022E-05   Iter/sec:  9.524E-02
 Iteration:  00000003   DeltaT:  1.022E-05   Iter/sec:  2.560E+01
 Iteration:  00000004   DeltaT:  1.022E-05   Iter/sec:  3.046E+01
 Iteration:  00000005   DeltaT:  1.022E-05   Iter/sec:  3.261E+01
 Iteration:  00000006   DeltaT:  1.022E-05   Iter/sec:  3.198E+01
 Iteration:  00000007   DeltaT:  1.022E-05   Iter/sec:  3.329E+01
 Iteration:  00000008   DeltaT:  1.022E-05   Iter/sec:  3.323E+01
 Iteration:  00000009   DeltaT:  1.022E-05   Iter/sec:  3.313E+01
 Iteration:  00000010   DeltaT:  1.022E-05   Iter/sec:  3.284E+01
 Iteration:  00000011   DeltaT:  1.022E-05   Iter/sec:  3.035E+01
 Iteration:  00000012   DeltaT:  1.022E-05   Iter/sec:  3.228E+01
 Iteration:  00000013   DeltaT:  1.022E-05   Iter/sec:  3.085E+01
 Iteration:  00000014   DeltaT:  1.022E-05   Iter/sec:  3.324E+01
 Iteration:  00000015   DeltaT:  1.022E-05   Iter/sec:  3.372E+01
 Iteration:  00000016   DeltaT:  1.022E-05   Iter/sec:  3.345E+01
 Iteration:  00000017   DeltaT:  1.022E-05   Iter/sec:  3.195E+01
 Iteration:  00000018   DeltaT:  1.022E-05   Iter/sec:  3.323E+01
 Iteration:  00000019   DeltaT:  1.022E-05   Iter/sec:  3.344E+01
 Iteration:  00000020   DeltaT:  1.022E-05   Iter/sec:  3.309E+01
 Iteration:  00000021   DeltaT:  1.022E-05   Iter/sec:  3.248E+01
 Iteration:  00000022   DeltaT:  1.022E-05   Iter/sec:  3.329E+01
 Iteration:  00000023   DeltaT:  1.022E-05   Iter/sec:  3.202E+01
 Iteration:  00000024   DeltaT:  1.022E-05   Iter/sec:  3.154E+01
 Iteration:  00000025   DeltaT:  1.022E-05   Iter/sec:  3.264E+01
 Iteration:  00000026   DeltaT:  1.022E-05   Iter/sec:  3.279E+01
 Iteration:  00000027   DeltaT:  1.022E-05   Iter/sec:  2.870E+01
 Iteration:  00000028   DeltaT:  1.022E-05   Iter/sec:  3.288E+01
 Iteration:  00000029   DeltaT:  1.022E-05   Iter/sec:  3.222E+01
 Iteration:  00000030   DeltaT:  1.022E-05   Iter/sec:  3.088E+01
 Iteration:  00000031   DeltaT:  1.022E-05   Iter/sec:  3.261E+01
 Iteration:  00000032   DeltaT:  1.022E-05   Iter/sec:  3.216E+01
 Iteration:  00000033   DeltaT:  1.022E-05   Iter/sec:  3.329E+01
 Iteration:  00000034   DeltaT:  1.022E-05   Iter/sec:  3.213E+01
 Iteration:  00000035   DeltaT:  1.022E-05   Iter/sec:  3.382E+01
 Iteration:  00000036   DeltaT:  1.022E-05   Iter/sec:  3.333E+01
 Iteration:  00000037   DeltaT:  1.022E-05   Iter/sec:  3.115E+01
 Iteration:  00000038   DeltaT:  1.022E-05   Iter/sec:  3.280E+01
 Iteration:  00000039   DeltaT:  1.022E-05   Iter/sec:  3.240E+01
 Iteration:  00000040   DeltaT:  1.022E-05   Iter/sec:  3.237E+01
 Iteration:  00000041   DeltaT:  1.022E-05   Iter/sec:  3.270E+01
 Iteration:  00000042   DeltaT:  1.022E-05   Iter/sec:  3.122E+01
 Iteration:  00000043   DeltaT:  1.022E-05   Iter/sec:  3.279E+01
 Iteration:  00000044   DeltaT:  1.022E-05   Iter/sec:  3.315E+01
 Iteration:  00000045   DeltaT:  1.022E-05   Iter/sec:  3.348E+01
 Iteration:  00000046   DeltaT:  1.022E-05   Iter/sec:  3.307E+01
 Iteration:  00000047   DeltaT:  1.022E-05   Iter/sec:  3.166E+01
 Iteration:  00000048   DeltaT:  1.022E-05   Iter/sec:  3.229E+01
 Iteration:  00000049   DeltaT:  1.022E-05   Iter/sec:  3.267E+01
 Iteration:  00000050   DeltaT:  1.022E-05   Iter/sec:  3.329E+01


//////////////////////////////////////////////
   Measured Timings for Process 0  (seconds)

 Elapsed time:         1.5742
  Column time:         0.5108
     Row time:         0.5670
Legendre time:         0.1180
     FFT time:         0.0924
   Solve time:         0.0665
    rlma time:         0.0265
    rlmb time:         0.0107
  pspace time:         0.0686
  psolve time:         0.0906
    dphi time:         0.0068
captured time:         1.5581

     iter/sec:        31.7629
//////////////////////////////////////////////
