 //////////////////////////////////////
 Initializating Rayleigh...

 -- Initalizing MPI...
 ---- Specified parameters:
 ---- NCPU  :    256
 ---- NPROW :      8
 ---- NPCOL :     32
 -- MPI initialized.


 -- Initalizing Grid...
 ---- Specified parameters ----
 ---- N_R                 :     64
 ---- N_THETA             :    192
 ---- Ell_MAX             :    127
 ---- R_MIN               :  5.38462E-01
 ---- R_MAX               :  1.53846E+00
 ---- Chebyshev Domains   :      1

        Domain 1
          Grid points           :  64
          Dealiased Polynomials :  42
          Domain Lower Bound    :  5.38462E-01
          Domain Upper Bound    :  1.53846E+00

 -- Grid initialized.

[SHTns 3.4.5] built Apr 30 2021, 15:49:24, id: avx2,ishioka
        Lmax=127, Mmax*Mres=127, Mres=1, Nlm=8256  [1 threads, orthonormalized]
        => using FFTW : Mmax=127, Nphi=384, Nlat=192  (data layout : phi_inc=192, theta_inc=1, phi_embed=384)
        => using Gauss nodes
        + polar optimization threshold = 1.0e-08
        finding optimal algorithm........
        + SHT accuracy = 5.55e-14
        => SHTns is ready.
 -- Initalizing Reference State...
 ---- Specified parameters:
 ---- Reference type           :  Boussinesq (Non-dimensional)
 ---- Rayleigh Number          :  1.00000E+05
 ---- Ekman Number             :  1.00000E-03
 ---- Prandtl Number           :  1.00000E+00
 ---- Magnetic Prandtl Number  :  5.00000E+00
 -- Reference State initialized.

 -- Initializing Fields...
 ---- Specified parameters:
 ---- Hydro Init Type    : Benchmark (Christensen et al. 2001)
 ---- Magnetic Init Type : Benchmark (Christensen et al. 2001)
 -- Fields initialized.

 Initialization Complete.
 //////////////////////////////////////

 Timestep has changed from  0.00000E+00 to  1.00000E-04.
 Iteration:  00000001   DeltaT:  1.000E-04   Iter/sec:  0.000E+00
 Timestep has changed from  1.00000E-04 to  1.02217E-05.
 Iteration:  00000002   DeltaT:  1.022E-05   Iter/sec:  2.341E-01
 Iteration:  00000003   DeltaT:  1.022E-05   Iter/sec:  3.507E+01
 Iteration:  00000004   DeltaT:  1.022E-05   Iter/sec:  4.503E+01
 Iteration:  00000005   DeltaT:  1.022E-05   Iter/sec:  4.694E+01
 Iteration:  00000006   DeltaT:  1.022E-05   Iter/sec:  4.521E+01
 Iteration:  00000007   DeltaT:  1.022E-05   Iter/sec:  4.586E+01
 Iteration:  00000008   DeltaT:  1.022E-05   Iter/sec:  4.620E+01
 Iteration:  00000009   DeltaT:  1.022E-05   Iter/sec:  4.606E+01
 Iteration:  00000010   DeltaT:  1.022E-05   Iter/sec:  4.577E+01
 Iteration:  00000011   DeltaT:  1.022E-05   Iter/sec:  4.620E+01
 Iteration:  00000012   DeltaT:  1.022E-05   Iter/sec:  4.582E+01
 Iteration:  00000013   DeltaT:  1.022E-05   Iter/sec:  4.586E+01
 Iteration:  00000014   DeltaT:  1.022E-05   Iter/sec:  4.531E+01
 Iteration:  00000015   DeltaT:  1.022E-05   Iter/sec:  4.595E+01
 Iteration:  00000016   DeltaT:  1.022E-05   Iter/sec:  4.554E+01
 Iteration:  00000017   DeltaT:  1.022E-05   Iter/sec:  4.671E+01
 Iteration:  00000018   DeltaT:  1.022E-05   Iter/sec:  4.558E+01
 Iteration:  00000019   DeltaT:  1.022E-05   Iter/sec:  4.684E+01
 Iteration:  00000020   DeltaT:  1.022E-05   Iter/sec:  4.577E+01
 Iteration:  00000021   DeltaT:  1.022E-05   Iter/sec:  4.593E+01
 Iteration:  00000022   DeltaT:  1.022E-05   Iter/sec:  4.669E+01
 Iteration:  00000023   DeltaT:  1.022E-05   Iter/sec:  4.586E+01
 Iteration:  00000024   DeltaT:  1.022E-05   Iter/sec:  4.520E+01
 Iteration:  00000025   DeltaT:  1.022E-05   Iter/sec:  4.676E+01
 Iteration:  00000026   DeltaT:  1.022E-05   Iter/sec:  4.649E+01
 Iteration:  00000027   DeltaT:  1.022E-05   Iter/sec:  4.582E+01
 Iteration:  00000028   DeltaT:  1.022E-05   Iter/sec:  4.634E+01
 Iteration:  00000029   DeltaT:  1.022E-05   Iter/sec:  4.570E+01
 Iteration:  00000030   DeltaT:  1.022E-05   Iter/sec:  4.572E+01
 Iteration:  00000031   DeltaT:  1.022E-05   Iter/sec:  4.581E+01
 Iteration:  00000032   DeltaT:  1.022E-05   Iter/sec:  4.648E+01
 Iteration:  00000033   DeltaT:  1.022E-05   Iter/sec:  4.622E+01
 Iteration:  00000034   DeltaT:  1.022E-05   Iter/sec:  4.649E+01
 Iteration:  00000035   DeltaT:  1.022E-05   Iter/sec:  4.427E+01
 Iteration:  00000036   DeltaT:  1.022E-05   Iter/sec:  4.438E+01
 Iteration:  00000037   DeltaT:  1.022E-05   Iter/sec:  4.661E+01
 Iteration:  00000038   DeltaT:  1.022E-05   Iter/sec:  4.560E+01
 Iteration:  00000039   DeltaT:  1.022E-05   Iter/sec:  4.699E+01
 Iteration:  00000040   DeltaT:  1.022E-05   Iter/sec:  4.577E+01
 Iteration:  00000041   DeltaT:  1.022E-05   Iter/sec:  4.640E+01
 Iteration:  00000042   DeltaT:  1.022E-05   Iter/sec:  4.482E+01
 Iteration:  00000043   DeltaT:  1.022E-05   Iter/sec:  4.667E+01
 Iteration:  00000044   DeltaT:  1.022E-05   Iter/sec:  4.386E+01
 Iteration:  00000045   DeltaT:  1.022E-05   Iter/sec:  4.662E+01
 Iteration:  00000046   DeltaT:  1.022E-05   Iter/sec:  4.573E+01
 Iteration:  00000047   DeltaT:  1.022E-05   Iter/sec:  4.545E+01
 Iteration:  00000048   DeltaT:  1.022E-05   Iter/sec:  4.611E+01
 Iteration:  00000049   DeltaT:  1.022E-05   Iter/sec:  4.581E+01
 Iteration:  00000050   DeltaT:  1.022E-05   Iter/sec:  4.408E+01


//////////////////////////////////////////////
   Measured Timings for Process 0  (seconds)

 Elapsed time:         1.1084
  Column time:         0.2288
     Row time:         0.3685
Legendre time:         0.0874
     FFT time:         0.0946
   Solve time:         0.0615
    rlma time:         0.0270
    rlmb time:         0.0119
  pspace time:         0.1075
  psolve time:         0.0926
    dphi time:         0.0099
captured time:         1.0897

     iter/sec:        45.1081
//////////////////////////////////////////////
