 //////////////////////////////////////
 Initializating Rayleigh...

 -- Initalizing MPI...
 ---- Specified parameters:
 ---- NCPU  :   1024
 ---- NPROW :     16
 ---- NPCOL :     64
 -- MPI initialized.


 -- Initalizing Grid...
 ---- Specified parameters ----
 ---- N_R                 :    128
 ---- N_THETA             :    768
 ---- Ell_MAX             :    511
 ---- R_MIN               :  5.38462E-01
 ---- R_MAX               :  1.53846E+00
 ---- Chebyshev Domains   :      1

        Domain 1
          Grid points           :  128
          Dealiased Polynomials :  85
          Domain Lower Bound    :  5.38462E-01
          Domain Upper Bound    :  1.53846E+00

 -- Grid initialized.

[SHTns 3.4.5] built Apr 30 2021, 15:49:24, id: avx2,ishioka
        Lmax=511, Mmax*Mres=511, Mres=1, Nlm=131328  [1 threads, orthonormalized]
        => using FFTW : Mmax=511, Nphi=1536, Nlat=768  (data layout : phi_inc=768, theta_inc=1, phi_embed=1536)
        => using Gauss nodes
        + polar optimization threshold = 1.0e-08
        finding optimal algorithm......
        + SHT accuracy = 3.4e-13
        => SHTns is ready.
 -- Initalizing Reference State...
 ---- Specified parameters:
 ---- Reference type           :  Boussinesq (Non-dimensional)
 ---- Rayleigh Number          :  1.00000E+05
 ---- Ekman Number             :  1.00000E-03
 ---- Prandtl Number           :  1.00000E+00
 ---- Magnetic Prandtl Number  :  5.00000E+00
 -- Reference State initialized.

 -- Initializing Fields...
 ---- Specified parameters:
 ---- Hydro Init Type    : Benchmark (Christensen et al. 2001)
 ---- Magnetic Init Type : Benchmark (Christensen et al. 2001)
 -- Fields initialized.

 Initialization Complete.
 //////////////////////////////////////

 Timestep has changed from  0.00000E+00 to  1.00000E-04.
 Iteration:  00000001   DeltaT:  1.000E-04   Iter/sec:  0.000E+00
 Timestep has changed from  1.00000E-04 to  2.55562E-06.
 Iteration:  00000002   DeltaT:  2.556E-06   Iter/sec:  1.118E-01
 Iteration:  00000003   DeltaT:  2.556E-06   Iter/sec:  2.663E+00
 Iteration:  00000004   DeltaT:  2.556E-06   Iter/sec:  2.937E+00
 Iteration:  00000005   DeltaT:  2.556E-06   Iter/sec:  3.006E+00
 Iteration:  00000006   DeltaT:  2.556E-06   Iter/sec:  2.698E+00
 Iteration:  00000007   DeltaT:  2.556E-06   Iter/sec:  3.053E+00
 Iteration:  00000008   DeltaT:  2.556E-06   Iter/sec:  2.892E+00
 Iteration:  00000009   DeltaT:  2.556E-06   Iter/sec:  2.927E+00
 Iteration:  00000010   DeltaT:  2.556E-06   Iter/sec:  2.972E+00
 Iteration:  00000011   DeltaT:  2.556E-06   Iter/sec:  2.953E+00
 Iteration:  00000012   DeltaT:  2.556E-06   Iter/sec:  2.978E+00
 Iteration:  00000013   DeltaT:  2.556E-06   Iter/sec:  2.944E+00
 Iteration:  00000014   DeltaT:  2.556E-06   Iter/sec:  2.964E+00
 Iteration:  00000015   DeltaT:  2.556E-06   Iter/sec:  2.947E+00
 Iteration:  00000016   DeltaT:  2.556E-06   Iter/sec:  2.948E+00
 Iteration:  00000017   DeltaT:  2.556E-06   Iter/sec:  2.828E+00
 Iteration:  00000018   DeltaT:  2.556E-06   Iter/sec:  2.768E+00
 Iteration:  00000019   DeltaT:  2.556E-06   Iter/sec:  2.557E+00
 Iteration:  00000020   DeltaT:  2.556E-06   Iter/sec:  3.075E+00
 Iteration:  00000021   DeltaT:  2.556E-06   Iter/sec:  2.895E+00
 Iteration:  00000022   DeltaT:  2.556E-06   Iter/sec:  2.975E+00
 Iteration:  00000023   DeltaT:  2.556E-06   Iter/sec:  2.914E+00
 Iteration:  00000024   DeltaT:  2.556E-06   Iter/sec:  2.884E+00
 Iteration:  00000025   DeltaT:  2.556E-06   Iter/sec:  2.948E+00
 Iteration:  00000026   DeltaT:  2.556E-06   Iter/sec:  2.959E+00
 Iteration:  00000027   DeltaT:  2.556E-06   Iter/sec:  2.921E+00
 Iteration:  00000028   DeltaT:  2.556E-06   Iter/sec:  2.957E+00
 Iteration:  00000029   DeltaT:  2.556E-06   Iter/sec:  2.942E+00
 Iteration:  00000030   DeltaT:  2.556E-06   Iter/sec:  3.019E+00
 Iteration:  00000031   DeltaT:  2.556E-06   Iter/sec:  2.991E+00
 Iteration:  00000032   DeltaT:  2.556E-06   Iter/sec:  2.595E+00
 Iteration:  00000033   DeltaT:  2.556E-06   Iter/sec:  2.619E+00
 Iteration:  00000034   DeltaT:  2.556E-06   Iter/sec:  3.101E+00
 Iteration:  00000035   DeltaT:  2.556E-06   Iter/sec:  2.986E+00
 Iteration:  00000036   DeltaT:  2.556E-06   Iter/sec:  2.957E+00
 Iteration:  00000037   DeltaT:  2.556E-06   Iter/sec:  2.851E+00
 Iteration:  00000038   DeltaT:  2.556E-06   Iter/sec:  3.005E+00
 Iteration:  00000039   DeltaT:  2.556E-06   Iter/sec:  2.941E+00
 Iteration:  00000040   DeltaT:  2.556E-06   Iter/sec:  2.947E+00
 Iteration:  00000041   DeltaT:  2.556E-06   Iter/sec:  2.937E+00
 Iteration:  00000042   DeltaT:  2.556E-06   Iter/sec:  2.893E+00
 Iteration:  00000043   DeltaT:  2.556E-06   Iter/sec:  2.924E+00
 Iteration:  00000044   DeltaT:  2.556E-06   Iter/sec:  2.648E+00
 Iteration:  00000045   DeltaT:  2.556E-06   Iter/sec:  2.989E+00
 Iteration:  00000046   DeltaT:  2.556E-06   Iter/sec:  2.958E+00
 Iteration:  00000047   DeltaT:  2.556E-06   Iter/sec:  2.891E+00
 Iteration:  00000048   DeltaT:  2.556E-06   Iter/sec:  2.745E+00
 Iteration:  00000049   DeltaT:  2.556E-06   Iter/sec:  2.918E+00
 Iteration:  00000050   DeltaT:  2.556E-06   Iter/sec:  2.982E+00


//////////////////////////////////////////////
   Measured Timings for Process 0  (seconds)

 Elapsed time:        17.2804
  Column time:         5.2464
     Row time:         4.7812
Legendre time:         1.9376
     FFT time:         0.9265
   Solve time:         0.4394
    rlma time:         0.2139
    rlmb time:         0.1018
  pspace time:         1.8822
  psolve time:         1.5065
    dphi time:         0.1072
captured time:        17.1426

     iter/sec:         2.8935
//////////////////////////////////////////////
