 //////////////////////////////////////
 Initializating Rayleigh...

 -- Initalizing MPI...
 ---- Specified parameters:
 ---- NCPU  :     16
 ---- NPROW :      4
 ---- NPCOL :      4
 -- MPI initialized.


 -- Initalizing Grid...
 ---- Specified parameters ----
 ---- N_R                 :     64
 ---- N_THETA             :    384
 ---- Ell_MAX             :    255
 ---- R_MIN               :  5.38462E-01
 ---- R_MAX               :  1.53846E+00
 ---- Chebyshev Domains   :      1

        Domain 1
          Grid points           :  64
          Dealiased Polynomials :  42
          Domain Lower Bound    :  5.38462E-01
          Domain Upper Bound    :  1.53846E+00

 -- Grid initialized.

[SHTns 3.4.5] built Apr 30 2021, 15:49:24, id: avx2,ishioka
        Lmax=255, Mmax*Mres=255, Mres=1, Nlm=32896  [1 threads, orthonormalized]
        => using FFTW : Mmax=255, Nphi=768, Nlat=384  (data layout : phi_inc=384, theta_inc=1, phi_embed=768)
        => using Gauss nodes
        + polar optimization threshold = 1.0e-08
        finding optimal algorithm.........
        + SHT accuracy = 1.76e-12
        => SHTns is ready.
 -- Initalizing Reference State...
 ---- Specified parameters:
 ---- Reference type           :  Boussinesq (Non-dimensional)
 ---- Rayleigh Number          :  1.00000E+05
 ---- Ekman Number             :  1.00000E-03
 ---- Prandtl Number           :  1.00000E+00
 ---- Magnetic Prandtl Number  :  5.00000E+00
 -- Reference State initialized.

 -- Initializing Fields...
 ---- Specified parameters:
 ---- Hydro Init Type    : Benchmark (Christensen et al. 2001)
 ---- Magnetic Init Type : Benchmark (Christensen et al. 2001)
 -- Fields initialized.

 Initialization Complete.
 //////////////////////////////////////

 Timestep has changed from  0.00000E+00 to  1.00000E-04.
 Iteration:  00000001   DeltaT:  1.000E-04   Iter/sec:  0.000E+00
 Timestep has changed from  1.00000E-04 to  1.02211E-05.
 Iteration:  00000002   DeltaT:  1.022E-05   Iter/sec:  7.744E-02
 Iteration:  00000003   DeltaT:  1.022E-05   Iter/sec:  4.454E-01
 Iteration:  00000004   DeltaT:  1.022E-05   Iter/sec:  4.599E-01
 Iteration:  00000005   DeltaT:  1.022E-05   Iter/sec:  4.578E-01
 Iteration:  00000006   DeltaT:  1.022E-05   Iter/sec:  4.601E-01
 Iteration:  00000007   DeltaT:  1.022E-05   Iter/sec:  4.658E-01
 Iteration:  00000008   DeltaT:  1.022E-05   Iter/sec:  4.594E-01
 Iteration:  00000009   DeltaT:  1.022E-05   Iter/sec:  4.596E-01
 Iteration:  00000010   DeltaT:  1.022E-05   Iter/sec:  4.581E-01
 Iteration:  00000011   DeltaT:  1.022E-05   Iter/sec:  4.613E-01
 Iteration:  00000012   DeltaT:  1.022E-05   Iter/sec:  4.570E-01
 Iteration:  00000013   DeltaT:  1.022E-05   Iter/sec:  4.600E-01
 Iteration:  00000014   DeltaT:  1.022E-05   Iter/sec:  4.603E-01
 Iteration:  00000015   DeltaT:  1.022E-05   Iter/sec:  4.578E-01
 Iteration:  00000016   DeltaT:  1.022E-05   Iter/sec:  4.580E-01
 Iteration:  00000017   DeltaT:  1.022E-05   Iter/sec:  4.596E-01
 Iteration:  00000018   DeltaT:  1.022E-05   Iter/sec:  4.595E-01
 Iteration:  00000019   DeltaT:  1.022E-05   Iter/sec:  4.587E-01
 Iteration:  00000020   DeltaT:  1.022E-05   Iter/sec:  4.608E-01
 Iteration:  00000021   DeltaT:  1.022E-05   Iter/sec:  4.624E-01
 Iteration:  00000022   DeltaT:  1.022E-05   Iter/sec:  4.639E-01
 Iteration:  00000023   DeltaT:  1.022E-05   Iter/sec:  4.580E-01
 Iteration:  00000024   DeltaT:  1.022E-05   Iter/sec:  4.600E-01
 Iteration:  00000025   DeltaT:  1.022E-05   Iter/sec:  4.600E-01
 Iteration:  00000026   DeltaT:  1.022E-05   Iter/sec:  4.585E-01
 Iteration:  00000027   DeltaT:  1.022E-05   Iter/sec:  4.592E-01
 Iteration:  00000028   DeltaT:  1.022E-05   Iter/sec:  4.596E-01
 Iteration:  00000029   DeltaT:  1.022E-05   Iter/sec:  4.592E-01
 Iteration:  00000030   DeltaT:  1.022E-05   Iter/sec:  4.598E-01
 Iteration:  00000031   DeltaT:  1.022E-05   Iter/sec:  4.614E-01
 Iteration:  00000032   DeltaT:  1.022E-05   Iter/sec:  4.597E-01
 Iteration:  00000033   DeltaT:  1.022E-05   Iter/sec:  4.603E-01
 Iteration:  00000034   DeltaT:  1.022E-05   Iter/sec:  4.598E-01
 Iteration:  00000035   DeltaT:  1.022E-05   Iter/sec:  4.592E-01
 Iteration:  00000036   DeltaT:  1.022E-05   Iter/sec:  4.631E-01
 Iteration:  00000037   DeltaT:  1.022E-05   Iter/sec:  4.596E-01
 Iteration:  00000038   DeltaT:  1.022E-05   Iter/sec:  4.627E-01
 Iteration:  00000039   DeltaT:  1.022E-05   Iter/sec:  4.600E-01
 Iteration:  00000040   DeltaT:  1.022E-05   Iter/sec:  4.611E-01
 Iteration:  00000041   DeltaT:  1.022E-05   Iter/sec:  4.605E-01
 Iteration:  00000042   DeltaT:  1.022E-05   Iter/sec:  4.588E-01
 Iteration:  00000043   DeltaT:  1.022E-05   Iter/sec:  4.633E-01
 Iteration:  00000044   DeltaT:  1.022E-05   Iter/sec:  4.587E-01
 Iteration:  00000045   DeltaT:  1.022E-05   Iter/sec:  4.589E-01
 Iteration:  00000046   DeltaT:  1.022E-05   Iter/sec:  4.609E-01
 Iteration:  00000047   DeltaT:  1.022E-05   Iter/sec:  4.592E-01
 Iteration:  00000048   DeltaT:  1.022E-05   Iter/sec:  4.586E-01
 Iteration:  00000049   DeltaT:  1.022E-05   Iter/sec:  4.610E-01
 Iteration:  00000050   DeltaT:  1.022E-05   Iter/sec:  4.588E-01


//////////////////////////////////////////////
   Measured Timings for Process 0  (seconds)

 Elapsed time:       108.8441
  Column time:         9.1744
     Row time:        45.1112
Legendre time:        10.0717
     FFT time:         7.8029
   Solve time:         1.1497
    rlma time:         2.7555
    rlmb time:         1.1117
  pspace time:        15.7477
  psolve time:        13.0415
    dphi time:         0.7947
captured time:       106.7610

     iter/sec:         0.4594
//////////////////////////////////////////////
