 //////////////////////////////////////
 Initializating Rayleigh...

 -- Initalizing MPI...
 ---- Specified parameters:
 ---- NCPU  :    128
 ---- NPROW :      8
 ---- NPCOL :     16
 -- MPI initialized.


 -- Initalizing Grid...
 ---- Specified parameters ----
 ---- N_R                 :    128
 ---- N_THETA             :   1536
 ---- Ell_MAX             :   1023
 ---- R_MIN               :  5.38462E-01
 ---- R_MAX               :  1.53846E+00
 ---- Chebyshev Domains   :      1

        Domain 1
          Grid points           :  128
          Dealiased Polynomials :  85
          Domain Lower Bound    :  5.38462E-01
          Domain Upper Bound    :  1.53846E+00

 -- Grid initialized.

[SHTns 3.4.5] built Apr 30 2021, 15:49:24, id: avx2,ishioka
        Lmax=1023, Mmax*Mres=1023, Mres=1, Nlm=524800  [1 threads, orthonormalized]
        => using FFTW : Mmax=1023, Nphi=3072, Nlat=1536  (data layout : phi_inc=1536, theta_inc=1, phi_embed=3072)
        => using Gauss nodes
        + polar optimization threshold = 1.0e-08
        finding optimal algorithm...
        + SHT accuracy = 8.45e-13
        => SHTns is ready.
 -- Initalizing Reference State...
 ---- Specified parameters:
 ---- Reference type           :  Boussinesq (Non-dimensional)
 ---- Rayleigh Number          :  1.00000E+05
 ---- Ekman Number             :  1.00000E-03
 ---- Prandtl Number           :  1.00000E+00
 ---- Magnetic Prandtl Number  :  5.00000E+00
 -- Reference State initialized.

 -- Initializing Fields...
 ---- Specified parameters:
 ---- Hydro Init Type    : Benchmark (Christensen et al. 2001)
 ---- Magnetic Init Type : Benchmark (Christensen et al. 2001)
 -- Fields initialized.

 Initialization Complete.
 //////////////////////////////////////

 Timestep has changed from  0.00000E+00 to  1.00000E-04.
 Iteration:  00000001   DeltaT:  1.000E-04   Iter/sec:  0.000E+00
 Timestep has changed from  1.00000E-04 to  2.55561E-06.
 Iteration:  00000002   DeltaT:  2.556E-06   Iter/sec:  3.306E-02
 Iteration:  00000003   DeltaT:  2.556E-06   Iter/sec:  8.806E-02
 Iteration:  00000004   DeltaT:  2.556E-06   Iter/sec:  9.096E-02
 Iteration:  00000005   DeltaT:  2.556E-06   Iter/sec:  9.033E-02
 Iteration:  00000006   DeltaT:  2.556E-06   Iter/sec:  9.087E-02
 Iteration:  00000007   DeltaT:  2.556E-06   Iter/sec:  9.071E-02
 Iteration:  00000008   DeltaT:  2.556E-06   Iter/sec:  9.019E-02
 Iteration:  00000009   DeltaT:  2.556E-06   Iter/sec:  9.019E-02
 Iteration:  00000010   DeltaT:  2.556E-06   Iter/sec:  9.061E-02
 Iteration:  00000011   DeltaT:  2.556E-06   Iter/sec:  9.007E-02
 Iteration:  00000012   DeltaT:  2.556E-06   Iter/sec:  9.007E-02
 Iteration:  00000013   DeltaT:  2.556E-06   Iter/sec:  9.080E-02
 Iteration:  00000014   DeltaT:  2.556E-06   Iter/sec:  9.023E-02
 Iteration:  00000015   DeltaT:  2.556E-06   Iter/sec:  9.033E-02
 Iteration:  00000016   DeltaT:  2.556E-06   Iter/sec:  9.082E-02
 Iteration:  00000017   DeltaT:  2.556E-06   Iter/sec:  8.995E-02
 Iteration:  00000018   DeltaT:  2.556E-06   Iter/sec:  9.061E-02
 Iteration:  00000019   DeltaT:  2.556E-06   Iter/sec:  9.006E-02
 Iteration:  00000020   DeltaT:  2.556E-06   Iter/sec:  9.019E-02
 Iteration:  00000021   DeltaT:  2.556E-06   Iter/sec:  9.074E-02
 Iteration:  00000022   DeltaT:  2.556E-06   Iter/sec:  9.043E-02
 Iteration:  00000023   DeltaT:  2.556E-06   Iter/sec:  9.017E-02
 Iteration:  00000024   DeltaT:  2.556E-06   Iter/sec:  9.062E-02
 Iteration:  00000025   DeltaT:  2.556E-06   Iter/sec:  8.981E-02
 Iteration:  00000026   DeltaT:  2.556E-06   Iter/sec:  9.020E-02
 Iteration:  00000027   DeltaT:  2.556E-06   Iter/sec:  9.076E-02
 Iteration:  00000028   DeltaT:  2.556E-06   Iter/sec:  9.057E-02
 Iteration:  00000029   DeltaT:  2.556E-06   Iter/sec:  9.021E-02
 Iteration:  00000030   DeltaT:  2.556E-06   Iter/sec:  9.040E-02
 Iteration:  00000031   DeltaT:  2.556E-06   Iter/sec:  9.038E-02
 Iteration:  00000032   DeltaT:  2.556E-06   Iter/sec:  8.984E-02
 Iteration:  00000033   DeltaT:  2.556E-06   Iter/sec:  9.049E-02
 Iteration:  00000034   DeltaT:  2.556E-06   Iter/sec:  9.015E-02
 Iteration:  00000035   DeltaT:  2.556E-06   Iter/sec:  9.026E-02
 Iteration:  00000036   DeltaT:  2.556E-06   Iter/sec:  9.031E-02
 Iteration:  00000037   DeltaT:  2.556E-06   Iter/sec:  9.035E-02
 Iteration:  00000038   DeltaT:  2.556E-06   Iter/sec:  9.033E-02
 Iteration:  00000039   DeltaT:  2.556E-06   Iter/sec:  9.068E-02
 Iteration:  00000040   DeltaT:  2.556E-06   Iter/sec:  8.971E-02
 Iteration:  00000041   DeltaT:  2.556E-06   Iter/sec:  9.053E-02
 Iteration:  00000042   DeltaT:  2.556E-06   Iter/sec:  9.053E-02
 Iteration:  00000043   DeltaT:  2.556E-06   Iter/sec:  9.033E-02
 Iteration:  00000044   DeltaT:  2.556E-06   Iter/sec:  9.029E-02
 Iteration:  00000045   DeltaT:  2.556E-06   Iter/sec:  9.048E-02
 Iteration:  00000046   DeltaT:  2.556E-06   Iter/sec:  9.049E-02
 Iteration:  00000047   DeltaT:  2.556E-06   Iter/sec:  9.057E-02
 Iteration:  00000048   DeltaT:  2.556E-06   Iter/sec:  9.029E-02
 Iteration:  00000049   DeltaT:  2.556E-06   Iter/sec:  9.020E-02
 Iteration:  00000050   DeltaT:  2.556E-06   Iter/sec:  9.069E-02


//////////////////////////////////////////////
   Measured Timings for Process 0  (seconds)

 Elapsed time:       553.9969
  Column time:        69.2585
     Row time:       198.2031
Legendre time:       104.2698
     FFT time:        32.8547
   Solve time:         6.8996
    rlma time:        13.4407
    rlmb time:         4.3450
  pspace time:        62.2516
  psolve time:        51.9183
    dphi time:         2.8329
captured time:       546.2742

     iter/sec:         0.0903
//////////////////////////////////////////////
