 //////////////////////////////////////
 Initializating Rayleigh...

 -- Initalizing MPI...
 ---- Specified parameters:
 ---- NCPU  :     64
 ---- NPROW :      4
 ---- NPCOL :     16
 -- MPI initialized.


 -- Initalizing Grid...
 ---- Specified parameters ----
 ---- N_R                 :     64
 ---- N_THETA             :    192
 ---- Ell_MAX             :    127
 ---- R_MIN               :  5.38462E-01
 ---- R_MAX               :  1.53846E+00
 ---- Chebyshev Domains   :      1

        Domain 1
          Grid points           :  64
          Dealiased Polynomials :  42
          Domain Lower Bound    :  5.38462E-01
          Domain Upper Bound    :  1.53846E+00

 -- Grid initialized.

[SHTns 3.4.5] built Apr 30 2021, 15:49:24, id: avx2,ishioka
        Lmax=127, Mmax*Mres=127, Mres=1, Nlm=8256  [1 threads, orthonormalized]
        => using FFTW : Mmax=127, Nphi=384, Nlat=192  (data layout : phi_inc=192, theta_inc=1, phi_embed=384)
        => using Gauss nodes
        + polar optimization threshold = 1.0e-08
        finding optimal algorithm........
        + SHT accuracy = 5.04e-14
        => SHTns is ready.
 -- Initalizing Reference State...
 ---- Specified parameters:
 ---- Reference type           :  Boussinesq (Non-dimensional)
 ---- Rayleigh Number          :  1.00000E+05
 ---- Ekman Number             :  1.00000E-03
 ---- Prandtl Number           :  1.00000E+00
 ---- Magnetic Prandtl Number  :  5.00000E+00
 -- Reference State initialized.

 -- Initializing Fields...
 ---- Specified parameters:
 ---- Hydro Init Type    : Benchmark (Christensen et al. 2001)
 ---- Magnetic Init Type : Benchmark (Christensen et al. 2001)
 -- Fields initialized.

 Initialization Complete.
 //////////////////////////////////////

 Timestep has changed from  0.00000E+00 to  1.00000E-04.
 Iteration:  00000001   DeltaT:  1.000E-04   Iter/sec:  0.000E+00
 Timestep has changed from  1.00000E-04 to  1.02217E-05.
 Iteration:  00000002   DeltaT:  1.022E-05   Iter/sec:  2.375E-01
 Iteration:  00000003   DeltaT:  1.022E-05   Iter/sec:  8.522E+00
 Iteration:  00000004   DeltaT:  1.022E-05   Iter/sec:  9.116E+00
 Iteration:  00000005   DeltaT:  1.022E-05   Iter/sec:  9.754E+00
 Iteration:  00000006   DeltaT:  1.022E-05   Iter/sec:  9.104E+00
 Iteration:  00000007   DeltaT:  1.022E-05   Iter/sec:  9.557E+00
 Iteration:  00000008   DeltaT:  1.022E-05   Iter/sec:  9.584E+00
 Iteration:  00000009   DeltaT:  1.022E-05   Iter/sec:  9.676E+00
 Iteration:  00000010   DeltaT:  1.022E-05   Iter/sec:  9.439E+00
 Iteration:  00000011   DeltaT:  1.022E-05   Iter/sec:  9.134E+00
 Iteration:  00000012   DeltaT:  1.022E-05   Iter/sec:  9.678E+00
 Iteration:  00000013   DeltaT:  1.022E-05   Iter/sec:  9.022E+00
 Iteration:  00000014   DeltaT:  1.022E-05   Iter/sec:  9.119E+00
 Iteration:  00000015   DeltaT:  1.022E-05   Iter/sec:  8.903E+00
 Iteration:  00000016   DeltaT:  1.022E-05   Iter/sec:  9.534E+00
 Iteration:  00000017   DeltaT:  1.022E-05   Iter/sec:  9.320E+00
 Iteration:  00000018   DeltaT:  1.022E-05   Iter/sec:  9.608E+00
 Iteration:  00000019   DeltaT:  1.022E-05   Iter/sec:  9.181E+00
 Iteration:  00000020   DeltaT:  1.022E-05   Iter/sec:  9.545E+00
 Iteration:  00000021   DeltaT:  1.022E-05   Iter/sec:  9.272E+00
 Iteration:  00000022   DeltaT:  1.022E-05   Iter/sec:  9.239E+00
 Iteration:  00000023   DeltaT:  1.022E-05   Iter/sec:  9.528E+00
 Iteration:  00000024   DeltaT:  1.022E-05   Iter/sec:  9.295E+00
 Iteration:  00000025   DeltaT:  1.022E-05   Iter/sec:  9.148E+00
 Iteration:  00000026   DeltaT:  1.022E-05   Iter/sec:  9.450E+00
 Iteration:  00000027   DeltaT:  1.022E-05   Iter/sec:  9.253E+00
 Iteration:  00000028   DeltaT:  1.022E-05   Iter/sec:  9.317E+00
 Iteration:  00000029   DeltaT:  1.022E-05   Iter/sec:  9.628E+00
 Iteration:  00000030   DeltaT:  1.022E-05   Iter/sec:  9.276E+00
 Iteration:  00000031   DeltaT:  1.022E-05   Iter/sec:  9.189E+00
 Iteration:  00000032   DeltaT:  1.022E-05   Iter/sec:  9.620E+00
 Iteration:  00000033   DeltaT:  1.022E-05   Iter/sec:  9.195E+00
 Iteration:  00000034   DeltaT:  1.022E-05   Iter/sec:  9.447E+00
 Iteration:  00000035   DeltaT:  1.022E-05   Iter/sec:  8.706E+00
 Iteration:  00000036   DeltaT:  1.022E-05   Iter/sec:  9.466E+00
 Iteration:  00000037   DeltaT:  1.022E-05   Iter/sec:  9.361E+00
 Iteration:  00000038   DeltaT:  1.022E-05   Iter/sec:  9.284E+00
 Iteration:  00000039   DeltaT:  1.022E-05   Iter/sec:  9.472E+00
 Iteration:  00000040   DeltaT:  1.022E-05   Iter/sec:  8.812E+00
 Iteration:  00000041   DeltaT:  1.022E-05   Iter/sec:  9.468E+00
 Iteration:  00000042   DeltaT:  1.022E-05   Iter/sec:  9.140E+00
 Iteration:  00000043   DeltaT:  1.022E-05   Iter/sec:  9.325E+00
 Iteration:  00000044   DeltaT:  1.022E-05   Iter/sec:  9.584E+00
 Iteration:  00000045   DeltaT:  1.022E-05   Iter/sec:  8.711E+00
 Iteration:  00000046   DeltaT:  1.022E-05   Iter/sec:  9.890E+00
 Iteration:  00000047   DeltaT:  1.022E-05   Iter/sec:  9.711E+00
 Iteration:  00000048   DeltaT:  1.022E-05   Iter/sec:  9.252E+00
 Iteration:  00000049   DeltaT:  1.022E-05   Iter/sec:  9.805E+00
 Iteration:  00000050   DeltaT:  1.022E-05   Iter/sec:  9.163E+00


//////////////////////////////////////////////
   Measured Timings for Process 0  (seconds)

 Elapsed time:         5.3757
  Column time:         1.0323
     Row time:         1.7989
Legendre time:         0.3681
     FFT time:         0.4521
   Solve time:         0.1302
    rlma time:         0.0978
    rlmb time:         0.0420
  pspace time:         0.7767
  psolve time:         0.5674
    dphi time:         0.0541
captured time:         5.3194

     iter/sec:         9.3011
//////////////////////////////////////////////
