 //////////////////////////////////////
 Initializating Rayleigh...

 -- Initalizing MPI...
 ---- Specified parameters:
 ---- NCPU  :     32
 ---- NPROW :      8
 ---- NPCOL :      4
 -- MPI initialized.


 -- Initalizing Grid...
 ---- Specified parameters ----
 ---- N_R                 :    128
 ---- N_THETA             :    384
 ---- Ell_MAX             :    255
 ---- R_MIN               :  5.38462E-01
 ---- R_MAX               :  1.53846E+00
 ---- Chebyshev Domains   :      1

        Domain 1
          Grid points           :  128
          Dealiased Polynomials :  85
          Domain Lower Bound    :  5.38462E-01
          Domain Upper Bound    :  1.53846E+00

 -- Grid initialized.

[SHTns 3.4.5] built Apr 30 2021, 15:49:24, id: avx2,ishioka
        Lmax=255, Mmax*Mres=255, Mres=1, Nlm=32896  [1 threads, orthonormalized]
        => using FFTW : Mmax=255, Nphi=768, Nlat=384  (data layout : phi_inc=384, theta_inc=1, phi_embed=768)
        => using Gauss nodes
        + polar optimization threshold = 1.0e-08
        finding optimal algorithm..........
        + SHT accuracy = 1.8e-12
        => SHTns is ready.
 -- Initalizing Reference State...
 ---- Specified parameters:
 ---- Reference type           :  Boussinesq (Non-dimensional)
 ---- Rayleigh Number          :  1.00000E+05
 ---- Ekman Number             :  1.00000E-03
 ---- Prandtl Number           :  1.00000E+00
 ---- Magnetic Prandtl Number  :  5.00000E+00
 -- Reference State initialized.

 -- Initializing Fields...
 ---- Specified parameters:
 ---- Hydro Init Type    : Benchmark (Christensen et al. 2001)
 ---- Magnetic Init Type : Benchmark (Christensen et al. 2001)
 -- Fields initialized.

 Initialization Complete.
 //////////////////////////////////////

 Timestep has changed from  0.00000E+00 to  1.00000E-04.
 Iteration:  00000001   DeltaT:  1.000E-04   Iter/sec:  0.000E+00
 Timestep has changed from  1.00000E-04 to  2.55566E-06.
 Iteration:  00000002   DeltaT:  2.556E-06   Iter/sec:  7.715E-02
 Iteration:  00000003   DeltaT:  2.556E-06   Iter/sec:  3.922E-01
 Iteration:  00000004   DeltaT:  2.556E-06   Iter/sec:  4.555E-01
 Iteration:  00000005   DeltaT:  2.556E-06   Iter/sec:  4.536E-01
 Iteration:  00000006   DeltaT:  2.556E-06   Iter/sec:  4.537E-01
 Iteration:  00000007   DeltaT:  2.556E-06   Iter/sec:  4.511E-01
 Iteration:  00000008   DeltaT:  2.556E-06   Iter/sec:  4.543E-01
 Iteration:  00000009   DeltaT:  2.556E-06   Iter/sec:  4.519E-01
 Iteration:  00000010   DeltaT:  2.556E-06   Iter/sec:  4.530E-01
 Iteration:  00000011   DeltaT:  2.556E-06   Iter/sec:  4.527E-01
 Iteration:  00000012   DeltaT:  2.556E-06   Iter/sec:  4.527E-01
 Iteration:  00000013   DeltaT:  2.556E-06   Iter/sec:  4.571E-01
 Iteration:  00000014   DeltaT:  2.556E-06   Iter/sec:  4.539E-01
 Iteration:  00000015   DeltaT:  2.556E-06   Iter/sec:  4.539E-01
 Iteration:  00000016   DeltaT:  2.556E-06   Iter/sec:  4.540E-01
 Iteration:  00000017   DeltaT:  2.556E-06   Iter/sec:  4.540E-01
 Iteration:  00000018   DeltaT:  2.556E-06   Iter/sec:  4.532E-01
 Iteration:  00000019   DeltaT:  2.556E-06   Iter/sec:  4.504E-01
 Iteration:  00000020   DeltaT:  2.556E-06   Iter/sec:  4.536E-01
 Iteration:  00000021   DeltaT:  2.556E-06   Iter/sec:  4.525E-01
 Iteration:  00000022   DeltaT:  2.556E-06   Iter/sec:  4.484E-01
 Iteration:  00000023   DeltaT:  2.556E-06   Iter/sec:  4.544E-01
 Iteration:  00000024   DeltaT:  2.556E-06   Iter/sec:  4.521E-01
 Iteration:  00000025   DeltaT:  2.556E-06   Iter/sec:  4.536E-01
 Iteration:  00000026   DeltaT:  2.556E-06   Iter/sec:  4.543E-01
 Iteration:  00000027   DeltaT:  2.556E-06   Iter/sec:  4.526E-01
 Iteration:  00000028   DeltaT:  2.556E-06   Iter/sec:  4.543E-01
 Iteration:  00000029   DeltaT:  2.556E-06   Iter/sec:  4.513E-01
 Iteration:  00000030   DeltaT:  2.556E-06   Iter/sec:  4.529E-01
 Iteration:  00000031   DeltaT:  2.556E-06   Iter/sec:  4.532E-01
 Iteration:  00000032   DeltaT:  2.556E-06   Iter/sec:  4.515E-01
 Iteration:  00000033   DeltaT:  2.556E-06   Iter/sec:  4.578E-01
 Iteration:  00000034   DeltaT:  2.556E-06   Iter/sec:  4.503E-01
 Iteration:  00000035   DeltaT:  2.556E-06   Iter/sec:  4.518E-01
 Iteration:  00000036   DeltaT:  2.556E-06   Iter/sec:  4.530E-01
 Iteration:  00000037   DeltaT:  2.556E-06   Iter/sec:  4.531E-01
 Iteration:  00000038   DeltaT:  2.556E-06   Iter/sec:  4.523E-01
 Iteration:  00000039   DeltaT:  2.556E-06   Iter/sec:  4.509E-01
 Iteration:  00000040   DeltaT:  2.556E-06   Iter/sec:  4.512E-01
 Iteration:  00000041   DeltaT:  2.556E-06   Iter/sec:  4.515E-01
 Iteration:  00000042   DeltaT:  2.556E-06   Iter/sec:  4.535E-01
 Iteration:  00000043   DeltaT:  2.556E-06   Iter/sec:  4.507E-01
 Iteration:  00000044   DeltaT:  2.556E-06   Iter/sec:  4.512E-01
 Iteration:  00000045   DeltaT:  2.556E-06   Iter/sec:  4.555E-01
 Iteration:  00000046   DeltaT:  2.556E-06   Iter/sec:  4.532E-01
 Iteration:  00000047   DeltaT:  2.556E-06   Iter/sec:  4.526E-01
 Iteration:  00000048   DeltaT:  2.556E-06   Iter/sec:  4.528E-01
 Iteration:  00000049   DeltaT:  2.556E-06   Iter/sec:  4.526E-01
 Iteration:  00000050   DeltaT:  2.556E-06   Iter/sec:  4.531E-01


//////////////////////////////////////////////
   Measured Timings for Process 0  (seconds)

 Elapsed time:       111.0899
  Column time:         6.3405
     Row time:        47.0748
Legendre time:        10.1775
     FFT time:         7.6904
   Solve time:         2.5591
    rlma time:         3.0924
    rlmb time:         1.5133
  pspace time:        16.1992
  psolve time:        13.4968
    dphi time:         0.8118
captured time:       108.9558

     iter/sec:         0.4501
//////////////////////////////////////////////
