 //////////////////////////////////////
 Initializating Rayleigh...

 -- Initalizing MPI...
 ---- Specified parameters:
 ---- NCPU  :     64
 ---- NPROW :     16
 ---- NPCOL :      4
 -- MPI initialized.


 -- Initalizing Grid...
 ---- Specified parameters ----
 ---- N_R                 :     64
 ---- N_THETA             :    192
 ---- Ell_MAX             :    127
 ---- R_MIN               :  5.38462E-01
 ---- R_MAX               :  1.53846E+00
 ---- Chebyshev Domains   :      1

        Domain 1
          Grid points           :  64
          Dealiased Polynomials :  42
          Domain Lower Bound    :  5.38462E-01
          Domain Upper Bound    :  1.53846E+00

 -- Grid initialized.

[SHTns 3.4.5] built Apr 30 2021, 15:49:24, id: avx2,ishioka
        Lmax=127, Mmax*Mres=127, Mres=1, Nlm=8256  [1 threads, orthonormalized]
        => using FFTW : Mmax=127, Nphi=384, Nlat=192  (data layout : phi_inc=192, theta_inc=1, phi_embed=384)
        => using Gauss nodes
        + polar optimization threshold = 1.0e-08
        finding optimal algorithm........
        + SHT accuracy = 5.49e-14
        => SHTns is ready.
 -- Initalizing Reference State...
 ---- Specified parameters:
 ---- Reference type           :  Boussinesq (Non-dimensional)
 ---- Rayleigh Number          :  1.00000E+05
 ---- Ekman Number             :  1.00000E-03
 ---- Prandtl Number           :  1.00000E+00
 ---- Magnetic Prandtl Number  :  5.00000E+00
 -- Reference State initialized.

 -- Initializing Fields...
 ---- Specified parameters:
 ---- Hydro Init Type    : Benchmark (Christensen et al. 2001)
 ---- Magnetic Init Type : Benchmark (Christensen et al. 2001)
 -- Fields initialized.

 Initialization Complete.
 //////////////////////////////////////

 Timestep has changed from  0.00000E+00 to  1.00000E-04.
 Iteration:  00000001   DeltaT:  1.000E-04   Iter/sec:  0.000E+00
 Timestep has changed from  1.00000E-04 to  1.02217E-05.
 Iteration:  00000002   DeltaT:  1.022E-05   Iter/sec:  2.208E-01
 Iteration:  00000003   DeltaT:  1.022E-05   Iter/sec:  7.106E+00
 Iteration:  00000004   DeltaT:  1.022E-05   Iter/sec:  9.281E+00
 Iteration:  00000005   DeltaT:  1.022E-05   Iter/sec:  9.211E+00
 Iteration:  00000006   DeltaT:  1.022E-05   Iter/sec:  8.810E+00
 Iteration:  00000007   DeltaT:  1.022E-05   Iter/sec:  9.397E+00
 Iteration:  00000008   DeltaT:  1.022E-05   Iter/sec:  9.124E+00
 Iteration:  00000009   DeltaT:  1.022E-05   Iter/sec:  8.848E+00
 Iteration:  00000010   DeltaT:  1.022E-05   Iter/sec:  9.349E+00
 Iteration:  00000011   DeltaT:  1.022E-05   Iter/sec:  9.229E+00
 Iteration:  00000012   DeltaT:  1.022E-05   Iter/sec:  9.249E+00
 Iteration:  00000013   DeltaT:  1.022E-05   Iter/sec:  9.312E+00
 Iteration:  00000014   DeltaT:  1.022E-05   Iter/sec:  8.520E+00
 Iteration:  00000015   DeltaT:  1.022E-05   Iter/sec:  9.433E+00
 Iteration:  00000016   DeltaT:  1.022E-05   Iter/sec:  9.218E+00
 Iteration:  00000017   DeltaT:  1.022E-05   Iter/sec:  9.288E+00
 Iteration:  00000018   DeltaT:  1.022E-05   Iter/sec:  8.923E+00
 Iteration:  00000019   DeltaT:  1.022E-05   Iter/sec:  9.371E+00
 Iteration:  00000020   DeltaT:  1.022E-05   Iter/sec:  9.063E+00
 Iteration:  00000021   DeltaT:  1.022E-05   Iter/sec:  8.925E+00
 Iteration:  00000022   DeltaT:  1.022E-05   Iter/sec:  9.235E+00
 Iteration:  00000023   DeltaT:  1.022E-05   Iter/sec:  9.347E+00
 Iteration:  00000024   DeltaT:  1.022E-05   Iter/sec:  9.123E+00
 Iteration:  00000025   DeltaT:  1.022E-05   Iter/sec:  9.692E+00
 Iteration:  00000026   DeltaT:  1.022E-05   Iter/sec:  9.067E+00
 Iteration:  00000027   DeltaT:  1.022E-05   Iter/sec:  9.461E+00
 Iteration:  00000028   DeltaT:  1.022E-05   Iter/sec:  9.543E+00
 Iteration:  00000029   DeltaT:  1.022E-05   Iter/sec:  9.337E+00
 Iteration:  00000030   DeltaT:  1.022E-05   Iter/sec:  9.682E+00
 Iteration:  00000031   DeltaT:  1.022E-05   Iter/sec:  9.043E+00
 Iteration:  00000032   DeltaT:  1.022E-05   Iter/sec:  9.168E+00
 Iteration:  00000033   DeltaT:  1.022E-05   Iter/sec:  9.202E+00
 Iteration:  00000034   DeltaT:  1.022E-05   Iter/sec:  9.240E+00
 Iteration:  00000035   DeltaT:  1.022E-05   Iter/sec:  9.392E+00
 Iteration:  00000036   DeltaT:  1.022E-05   Iter/sec:  9.340E+00
 Iteration:  00000037   DeltaT:  1.022E-05   Iter/sec:  9.297E+00
 Iteration:  00000038   DeltaT:  1.022E-05   Iter/sec:  9.195E+00
 Iteration:  00000039   DeltaT:  1.022E-05   Iter/sec:  9.042E+00
 Iteration:  00000040   DeltaT:  1.022E-05   Iter/sec:  9.288E+00
 Iteration:  00000041   DeltaT:  1.022E-05   Iter/sec:  8.860E+00
 Iteration:  00000042   DeltaT:  1.022E-05   Iter/sec:  9.532E+00
 Iteration:  00000043   DeltaT:  1.022E-05   Iter/sec:  8.727E+00
 Iteration:  00000044   DeltaT:  1.022E-05   Iter/sec:  9.270E+00
 Iteration:  00000045   DeltaT:  1.022E-05   Iter/sec:  9.683E+00
 Iteration:  00000046   DeltaT:  1.022E-05   Iter/sec:  9.507E+00
 Iteration:  00000047   DeltaT:  1.022E-05   Iter/sec:  9.358E+00
 Iteration:  00000048   DeltaT:  1.022E-05   Iter/sec:  9.460E+00
 Iteration:  00000049   DeltaT:  1.022E-05   Iter/sec:  9.420E+00
 Iteration:  00000050   DeltaT:  1.022E-05   Iter/sec:  9.616E+00


//////////////////////////////////////////////
   Measured Timings for Process 0  (seconds)

 Elapsed time:         5.4833
  Column time:         0.5819
     Row time:         2.1291
Legendre time:         0.3867
     FFT time:         0.4645
   Solve time:         0.2122
    rlma time:         0.0788
    rlmb time:         0.0353
  pspace time:         0.8460
  psolve time:         0.6306
    dphi time:         0.0581
captured time:         5.4233

     iter/sec:         9.1186
//////////////////////////////////////////////
