 //////////////////////////////////////
 Initializating Rayleigh...

 -- Initalizing MPI...
 ---- Specified parameters:
 ---- NCPU  :     64
 ---- NPROW :      8
 ---- NPCOL :      8
 -- MPI initialized.


 -- Initalizing Grid...
 ---- Specified parameters ----
 ---- N_R                 :     64
 ---- N_THETA             :    192
 ---- Ell_MAX             :    127
 ---- R_MIN               :  5.38462E-01
 ---- R_MAX               :  1.53846E+00
 ---- Chebyshev Domains   :      1

        Domain 1
          Grid points           :  64
          Dealiased Polynomials :  42
          Domain Lower Bound    :  5.38462E-01
          Domain Upper Bound    :  1.53846E+00

 -- Grid initialized.

[SHTns 3.4.5] built Apr 30 2021, 15:49:24, id: avx2,ishioka
        Lmax=127, Mmax*Mres=127, Mres=1, Nlm=8256  [1 threads, orthonormalized]
        => using FFTW : Mmax=127, Nphi=384, Nlat=192  (data layout : phi_inc=192, theta_inc=1, phi_embed=384)
        => using Gauss nodes
        + polar optimization threshold = 1.0e-08
        finding optimal algorithm........
        + SHT accuracy = 3.87e-14
        => SHTns is ready.
 -- Initalizing Reference State...
 ---- Specified parameters:
 ---- Reference type           :  Boussinesq (Non-dimensional)
 ---- Rayleigh Number          :  1.00000E+05
 ---- Ekman Number             :  1.00000E-03
 ---- Prandtl Number           :  1.00000E+00
 ---- Magnetic Prandtl Number  :  5.00000E+00
 -- Reference State initialized.

 -- Initializing Fields...
 ---- Specified parameters:
 ---- Hydro Init Type    : Benchmark (Christensen et al. 2001)
 ---- Magnetic Init Type : Benchmark (Christensen et al. 2001)
 -- Fields initialized.

 Initialization Complete.
 //////////////////////////////////////

 Timestep has changed from  0.00000E+00 to  1.00000E-04.
 Iteration:  00000001   DeltaT:  1.000E-04   Iter/sec:  0.000E+00
 Timestep has changed from  1.00000E-04 to  1.02217E-05.
 Iteration:  00000002   DeltaT:  1.022E-05   Iter/sec:  2.382E-01
 Iteration:  00000003   DeltaT:  1.022E-05   Iter/sec:  8.024E+00
 Iteration:  00000004   DeltaT:  1.022E-05   Iter/sec:  9.389E+00
 Iteration:  00000005   DeltaT:  1.022E-05   Iter/sec:  9.459E+00
 Iteration:  00000006   DeltaT:  1.022E-05   Iter/sec:  8.978E+00
 Iteration:  00000007   DeltaT:  1.022E-05   Iter/sec:  9.351E+00
 Iteration:  00000008   DeltaT:  1.022E-05   Iter/sec:  9.473E+00
 Iteration:  00000009   DeltaT:  1.022E-05   Iter/sec:  9.387E+00
 Iteration:  00000010   DeltaT:  1.022E-05   Iter/sec:  8.845E+00
 Iteration:  00000011   DeltaT:  1.022E-05   Iter/sec:  9.501E+00
 Iteration:  00000012   DeltaT:  1.022E-05   Iter/sec:  9.049E+00
 Iteration:  00000013   DeltaT:  1.022E-05   Iter/sec:  9.211E+00
 Iteration:  00000014   DeltaT:  1.022E-05   Iter/sec:  9.522E+00
 Iteration:  00000015   DeltaT:  1.022E-05   Iter/sec:  9.138E+00
 Iteration:  00000016   DeltaT:  1.022E-05   Iter/sec:  9.511E+00
 Iteration:  00000017   DeltaT:  1.022E-05   Iter/sec:  9.601E+00
 Iteration:  00000018   DeltaT:  1.022E-05   Iter/sec:  9.719E+00
 Iteration:  00000019   DeltaT:  1.022E-05   Iter/sec:  9.832E+00
 Iteration:  00000020   DeltaT:  1.022E-05   Iter/sec:  9.739E+00
 Iteration:  00000021   DeltaT:  1.022E-05   Iter/sec:  9.671E+00
 Iteration:  00000022   DeltaT:  1.022E-05   Iter/sec:  9.652E+00
 Iteration:  00000023   DeltaT:  1.022E-05   Iter/sec:  9.790E+00
 Iteration:  00000024   DeltaT:  1.022E-05   Iter/sec:  9.432E+00
 Iteration:  00000025   DeltaT:  1.022E-05   Iter/sec:  9.721E+00
 Iteration:  00000026   DeltaT:  1.022E-05   Iter/sec:  9.547E+00
 Iteration:  00000027   DeltaT:  1.022E-05   Iter/sec:  9.683E+00
 Iteration:  00000028   DeltaT:  1.022E-05   Iter/sec:  9.945E+00
 Iteration:  00000029   DeltaT:  1.022E-05   Iter/sec:  9.480E+00
 Iteration:  00000030   DeltaT:  1.022E-05   Iter/sec:  9.419E+00
 Iteration:  00000031   DeltaT:  1.022E-05   Iter/sec:  9.517E+00
 Iteration:  00000032   DeltaT:  1.022E-05   Iter/sec:  9.836E+00
 Iteration:  00000033   DeltaT:  1.022E-05   Iter/sec:  9.672E+00
 Iteration:  00000034   DeltaT:  1.022E-05   Iter/sec:  9.452E+00
 Iteration:  00000035   DeltaT:  1.022E-05   Iter/sec:  1.001E+01
 Iteration:  00000036   DeltaT:  1.022E-05   Iter/sec:  9.775E+00
 Iteration:  00000037   DeltaT:  1.022E-05   Iter/sec:  9.771E+00
 Iteration:  00000038   DeltaT:  1.022E-05   Iter/sec:  9.850E+00
 Iteration:  00000039   DeltaT:  1.022E-05   Iter/sec:  9.214E+00
 Iteration:  00000040   DeltaT:  1.022E-05   Iter/sec:  9.749E+00
 Iteration:  00000041   DeltaT:  1.022E-05   Iter/sec:  9.798E+00
 Iteration:  00000042   DeltaT:  1.022E-05   Iter/sec:  9.324E+00
 Iteration:  00000043   DeltaT:  1.022E-05   Iter/sec:  9.907E+00
 Iteration:  00000044   DeltaT:  1.022E-05   Iter/sec:  9.434E+00
 Iteration:  00000045   DeltaT:  1.022E-05   Iter/sec:  9.714E+00
 Iteration:  00000046   DeltaT:  1.022E-05   Iter/sec:  9.292E+00
 Iteration:  00000047   DeltaT:  1.022E-05   Iter/sec:  9.827E+00
 Iteration:  00000048   DeltaT:  1.022E-05   Iter/sec:  9.832E+00
 Iteration:  00000049   DeltaT:  1.022E-05   Iter/sec:  9.119E+00
 Iteration:  00000050   DeltaT:  1.022E-05   Iter/sec:  9.757E+00


//////////////////////////////////////////////
   Measured Timings for Process 0  (seconds)

 Elapsed time:         5.2772
  Column time:         0.6431
     Row time:         1.9772
Legendre time:         0.3629
     FFT time:         0.4662
   Solve time:         0.1461
    rlma time:         0.0841
    rlmb time:         0.0366
  pspace time:         0.8316
  psolve time:         0.6167
    dphi time:         0.0517
captured time:         5.2161

     iter/sec:         9.4748
//////////////////////////////////////////////
