 //////////////////////////////////////
 Initializating Rayleigh...

 -- Initalizing MPI...
 ---- Specified parameters:
 ---- NCPU  :     16
 ---- NPROW :      4
 ---- NPCOL :      4
 -- MPI initialized.


 -- Initalizing Grid...
 ---- Specified parameters ----
 ---- N_R                 :     64
 ---- N_THETA             :    384
 ---- Ell_MAX             :    255
 ---- R_MIN               :  5.38462E-01
 ---- R_MAX               :  1.53846E+00
 ---- Chebyshev Domains   :      1

        Domain 1
          Grid points           :  64
          Dealiased Polynomials :  42
          Domain Lower Bound    :  5.38462E-01
          Domain Upper Bound    :  1.53846E+00

 -- Grid initialized.

[SHTns 3.4.5] built Apr 21 2021, 11:07:12, id: sse2,ishioka
        Lmax=255, Mmax*Mres=255, Mres=1, Nlm=32896  [1 threads, orthonormalized]
        => using FFTW : Mmax=255, Nphi=768, Nlat=384  (data layout : phi_inc=384, theta_inc=1, phi_embed=768)
        => using Gauss nodes
        + polar optimization threshold = 1.0e-08
        finding optimal algorithm....
        + SHT accuracy = 1.33e-12
        => SHTns is ready.
 -- Initalizing Reference State...
 ---- Specified parameters:
 ---- Reference type           :  Boussinesq (Non-dimensional)
 ---- Rayleigh Number          :  1.00000E+05
 ---- Ekman Number             :  1.00000E-03
 ---- Prandtl Number           :  1.00000E+00
 ---- Magnetic Prandtl Number  :  5.00000E+00
 -- Reference State initialized.

 -- Initializing Fields...
 ---- Specified parameters:
 ---- Hydro Init Type    : Benchmark (Christensen et al. 2001)
 ---- Magnetic Init Type : Benchmark (Christensen et al. 2001)
 -- Fields initialized.

 Initialization Complete.
 //////////////////////////////////////

 Timestep has changed from  0.00000E+00 to  1.00000E-04.
 Iteration:  00000001   DeltaT:  1.000E-04   Iter/sec:  0.000E+00
 Timestep has changed from  1.00000E-04 to  1.02211E-05.
 Iteration:  00000002   DeltaT:  1.022E-05   Iter/sec:  1.139E-01
 Iteration:  00000003   DeltaT:  1.022E-05   Iter/sec:  1.840E-01
 Iteration:  00000004   DeltaT:  1.022E-05   Iter/sec:  1.863E-01
 Iteration:  00000005   DeltaT:  1.022E-05   Iter/sec:  1.854E-01
 Iteration:  00000006   DeltaT:  1.022E-05   Iter/sec:  1.860E-01
 Iteration:  00000007   DeltaT:  1.022E-05   Iter/sec:  1.858E-01
 Iteration:  00000008   DeltaT:  1.022E-05   Iter/sec:  1.838E-01
 Iteration:  00000009   DeltaT:  1.022E-05   Iter/sec:  1.863E-01
 Iteration:  00000010   DeltaT:  1.022E-05   Iter/sec:  1.851E-01
 Iteration:  00000011   DeltaT:  1.022E-05   Iter/sec:  1.849E-01
 Iteration:  00000012   DeltaT:  1.022E-05   Iter/sec:  1.857E-01
 Iteration:  00000013   DeltaT:  1.022E-05   Iter/sec:  1.855E-01
 Iteration:  00000014   DeltaT:  1.022E-05   Iter/sec:  1.853E-01
 Iteration:  00000015   DeltaT:  1.022E-05   Iter/sec:  1.857E-01
 Iteration:  00000016   DeltaT:  1.022E-05   Iter/sec:  1.857E-01
 Iteration:  00000017   DeltaT:  1.022E-05   Iter/sec:  1.853E-01
 Iteration:  00000018   DeltaT:  1.022E-05   Iter/sec:  1.858E-01
 Iteration:  00000019   DeltaT:  1.022E-05   Iter/sec:  1.852E-01
 Iteration:  00000020   DeltaT:  1.022E-05   Iter/sec:  1.855E-01
 Iteration:  00000021   DeltaT:  1.022E-05   Iter/sec:  1.860E-01
 Iteration:  00000022   DeltaT:  1.022E-05   Iter/sec:  1.856E-01
 Iteration:  00000023   DeltaT:  1.022E-05   Iter/sec:  1.833E-01
 Iteration:  00000024   DeltaT:  1.022E-05   Iter/sec:  1.873E-01
 Iteration:  00000025   DeltaT:  1.022E-05   Iter/sec:  1.856E-01
 Iteration:  00000026   DeltaT:  1.022E-05   Iter/sec:  1.855E-01
 Iteration:  00000027   DeltaT:  1.022E-05   Iter/sec:  1.857E-01
 Iteration:  00000028   DeltaT:  1.022E-05   Iter/sec:  1.849E-01
 Iteration:  00000029   DeltaT:  1.022E-05   Iter/sec:  1.853E-01
 Iteration:  00000030   DeltaT:  1.022E-05   Iter/sec:  1.860E-01
 Iteration:  00000031   DeltaT:  1.022E-05   Iter/sec:  1.854E-01
 Iteration:  00000032   DeltaT:  1.022E-05   Iter/sec:  1.853E-01
 Iteration:  00000033   DeltaT:  1.022E-05   Iter/sec:  1.864E-01
 Iteration:  00000034   DeltaT:  1.022E-05   Iter/sec:  1.853E-01
 Iteration:  00000035   DeltaT:  1.022E-05   Iter/sec:  1.854E-01
 Iteration:  00000036   DeltaT:  1.022E-05   Iter/sec:  1.859E-01
 Iteration:  00000037   DeltaT:  1.022E-05   Iter/sec:  1.852E-01
 Iteration:  00000038   DeltaT:  1.022E-05   Iter/sec:  1.855E-01
 Iteration:  00000039   DeltaT:  1.022E-05   Iter/sec:  1.857E-01
 Iteration:  00000040   DeltaT:  1.022E-05   Iter/sec:  1.844E-01
 Iteration:  00000041   DeltaT:  1.022E-05   Iter/sec:  1.854E-01
 Iteration:  00000042   DeltaT:  1.022E-05   Iter/sec:  1.857E-01
 Iteration:  00000043   DeltaT:  1.022E-05   Iter/sec:  1.848E-01
 Iteration:  00000044   DeltaT:  1.022E-05   Iter/sec:  1.850E-01
 Iteration:  00000045   DeltaT:  1.022E-05   Iter/sec:  1.864E-01
 Iteration:  00000046   DeltaT:  1.022E-05   Iter/sec:  1.855E-01
 Iteration:  00000047   DeltaT:  1.022E-05   Iter/sec:  1.856E-01
 Iteration:  00000048   DeltaT:  1.022E-05   Iter/sec:  1.855E-01
 Iteration:  00000049   DeltaT:  1.022E-05   Iter/sec:  1.858E-01
 Iteration:  00000050   DeltaT:  1.022E-05   Iter/sec:  1.851E-01


//////////////////////////////////////////////
   Measured Timings for Process 0  (seconds)

 Elapsed time:       270.5250
  Column time:         7.9502
     Row time:        49.1185
Legendre time:       165.7724
     FFT time:         7.7213
   Solve time:         1.1847
    rlma time:         2.9363
    rlmb time:         1.1176
  pspace time:        17.0398
  psolve time:        13.7710
    dphi time:         0.8094
captured time:       267.4212

     iter/sec:         0.1848
//////////////////////////////////////////////
