 //////////////////////////////////////
 Initializating Rayleigh...

 -- Initalizing MPI...
 ---- Specified parameters:
 ---- NCPU  :    128
 ---- NPROW :     16
 ---- NPCOL :      8
 -- MPI initialized.


 -- Initalizing Grid...
 ---- Specified parameters ----
 ---- N_R                 :     64
 ---- N_THETA             :    384
 ---- Ell_MAX             :    255
 ---- R_MIN               :  5.38462E-01
 ---- R_MAX               :  1.53846E+00
 ---- Chebyshev Domains   :      1

        Domain 1
          Grid points           :  64
          Dealiased Polynomials :  42
          Domain Lower Bound    :  5.38462E-01
          Domain Upper Bound    :  1.53846E+00

 -- Grid initialized.

[SHTns 3.4.5] built Apr 21 2021, 11:07:12, id: sse2,ishioka
        Lmax=255, Mmax*Mres=255, Mres=1, Nlm=32896  [1 threads, orthonormalized]
        => using FFTW : Mmax=255, Nphi=768, Nlat=384  (data layout : phi_inc=384, theta_inc=1, phi_embed=768)
        => using Gauss nodes
        + polar optimization threshold = 1.0e-08
        finding optimal algorithm....
        + SHT accuracy = 7.4e-13
        => SHTns is ready.
 -- Initalizing Reference State...
 ---- Specified parameters:
 ---- Reference type           :  Boussinesq (Non-dimensional)
 ---- Rayleigh Number          :  1.00000E+05
 ---- Ekman Number             :  1.00000E-03
 ---- Prandtl Number           :  1.00000E+00
 ---- Magnetic Prandtl Number  :  5.00000E+00
 -- Reference State initialized.

 -- Initializing Fields...
 ---- Specified parameters:
 ---- Hydro Init Type    : Benchmark (Christensen et al. 2001)
 ---- Magnetic Init Type : Benchmark (Christensen et al. 2001)
 -- Fields initialized.

 Initialization Complete.
 //////////////////////////////////////

 Timestep has changed from  0.00000E+00 to  1.00000E-04.
 Iteration:  00000001   DeltaT:  1.000E-04   Iter/sec:  0.000E+00
 Timestep has changed from  1.00000E-04 to  1.02211E-05.
 Iteration:  00000002   DeltaT:  1.022E-05   Iter/sec:  2.718E-01
 Iteration:  00000003   DeltaT:  1.022E-05   Iter/sec:  1.487E+00
 Iteration:  00000004   DeltaT:  1.022E-05   Iter/sec:  1.537E+00
 Iteration:  00000005   DeltaT:  1.022E-05   Iter/sec:  1.505E+00
 Iteration:  00000006   DeltaT:  1.022E-05   Iter/sec:  1.544E+00
 Iteration:  00000007   DeltaT:  1.022E-05   Iter/sec:  1.533E+00
 Iteration:  00000008   DeltaT:  1.022E-05   Iter/sec:  1.501E+00
 Iteration:  00000009   DeltaT:  1.022E-05   Iter/sec:  1.549E+00
 Iteration:  00000010   DeltaT:  1.022E-05   Iter/sec:  1.518E+00
 Iteration:  00000011   DeltaT:  1.022E-05   Iter/sec:  1.511E+00
 Iteration:  00000012   DeltaT:  1.022E-05   Iter/sec:  1.541E+00
 Iteration:  00000013   DeltaT:  1.022E-05   Iter/sec:  1.534E+00
 Iteration:  00000014   DeltaT:  1.022E-05   Iter/sec:  1.504E+00
 Iteration:  00000015   DeltaT:  1.022E-05   Iter/sec:  1.526E+00
 Iteration:  00000016   DeltaT:  1.022E-05   Iter/sec:  1.543E+00
 Iteration:  00000017   DeltaT:  1.022E-05   Iter/sec:  1.525E+00
 Iteration:  00000018   DeltaT:  1.022E-05   Iter/sec:  1.523E+00
 Iteration:  00000019   DeltaT:  1.022E-05   Iter/sec:  1.548E+00
 Iteration:  00000020   DeltaT:  1.022E-05   Iter/sec:  1.510E+00
 Iteration:  00000021   DeltaT:  1.022E-05   Iter/sec:  1.543E+00
 Iteration:  00000022   DeltaT:  1.022E-05   Iter/sec:  1.537E+00
 Iteration:  00000023   DeltaT:  1.022E-05   Iter/sec:  1.535E+00
 Iteration:  00000024   DeltaT:  1.022E-05   Iter/sec:  1.523E+00
 Iteration:  00000025   DeltaT:  1.022E-05   Iter/sec:  1.538E+00
 Iteration:  00000026   DeltaT:  1.022E-05   Iter/sec:  1.512E+00
 Iteration:  00000027   DeltaT:  1.022E-05   Iter/sec:  1.546E+00
 Iteration:  00000028   DeltaT:  1.022E-05   Iter/sec:  1.512E+00
 Iteration:  00000029   DeltaT:  1.022E-05   Iter/sec:  1.537E+00
 Iteration:  00000030   DeltaT:  1.022E-05   Iter/sec:  1.530E+00
 Iteration:  00000031   DeltaT:  1.022E-05   Iter/sec:  1.517E+00
 Iteration:  00000032   DeltaT:  1.022E-05   Iter/sec:  1.523E+00
 Iteration:  00000033   DeltaT:  1.022E-05   Iter/sec:  1.535E+00
 Iteration:  00000034   DeltaT:  1.022E-05   Iter/sec:  1.520E+00
 Iteration:  00000035   DeltaT:  1.022E-05   Iter/sec:  1.541E+00
 Iteration:  00000036   DeltaT:  1.022E-05   Iter/sec:  1.516E+00
 Iteration:  00000037   DeltaT:  1.022E-05   Iter/sec:  1.534E+00
 Iteration:  00000038   DeltaT:  1.022E-05   Iter/sec:  1.518E+00
 Iteration:  00000039   DeltaT:  1.022E-05   Iter/sec:  1.530E+00
 Iteration:  00000040   DeltaT:  1.022E-05   Iter/sec:  1.548E+00
 Iteration:  00000041   DeltaT:  1.022E-05   Iter/sec:  1.519E+00
 Iteration:  00000042   DeltaT:  1.022E-05   Iter/sec:  1.521E+00
 Iteration:  00000043   DeltaT:  1.022E-05   Iter/sec:  1.528E+00
 Iteration:  00000044   DeltaT:  1.022E-05   Iter/sec:  1.533E+00
 Iteration:  00000045   DeltaT:  1.022E-05   Iter/sec:  1.533E+00
 Iteration:  00000046   DeltaT:  1.022E-05   Iter/sec:  1.520E+00
 Iteration:  00000047   DeltaT:  1.022E-05   Iter/sec:  1.532E+00
 Iteration:  00000048   DeltaT:  1.022E-05   Iter/sec:  1.493E+00
 Iteration:  00000049   DeltaT:  1.022E-05   Iter/sec:  1.530E+00
 Iteration:  00000050   DeltaT:  1.022E-05   Iter/sec:  1.546E+00


//////////////////////////////////////////////
   Measured Timings for Process 0  (seconds)

 Elapsed time:        33.7606
  Column time:         1.4013
     Row time:         6.0061
Legendre time:        20.1310
     FFT time:         0.9549
   Solve time:         0.2724
    rlma time:         0.1916
    rlmb time:         0.0702
  pspace time:         2.2141
  psolve time:         1.2513
    dphi time:         0.1353
captured time:        32.6284

     iter/sec:         1.4810
//////////////////////////////////////////////
