 //////////////////////////////////////
 Initializating Rayleigh...

 -- Initalizing MPI...
 ---- Specified parameters:
 ---- NCPU  :    128
 ---- NPROW :     16
 ---- NPCOL :      8
 -- MPI initialized.


 -- Initalizing Grid...
 ---- Specified parameters ----
 ---- N_R                 :    128
 ---- N_THETA             :    384
 ---- Ell_MAX             :    255
 ---- R_MIN               :  5.38462E-01
 ---- R_MAX               :  1.53846E+00
 ---- Chebyshev Domains   :      1

        Domain 1
          Grid points           :  128
          Dealiased Polynomials :  85
          Domain Lower Bound    :  5.38462E-01
          Domain Upper Bound    :  1.53846E+00

 -- Grid initialized.

[SHTns 3.4.5] built Apr 21 2021, 11:07:12, id: sse2,ishioka
        Lmax=255, Mmax*Mres=255, Mres=1, Nlm=32896  [1 threads, orthonormalized]
        => using FFTW : Mmax=255, Nphi=768, Nlat=384  (data layout : phi_inc=384, theta_inc=1, phi_embed=768)
        => using Gauss nodes
        + polar optimization threshold = 1.0e-08
        finding optimal algorithm....
        + SHT accuracy = 2.12e-12
        => SHTns is ready.
 -- Initalizing Reference State...
 ---- Specified parameters:
 ---- Reference type           :  Boussinesq (Non-dimensional)
 ---- Rayleigh Number          :  1.00000E+05
 ---- Ekman Number             :  1.00000E-03
 ---- Prandtl Number           :  1.00000E+00
 ---- Magnetic Prandtl Number  :  5.00000E+00
 -- Reference State initialized.

 -- Initializing Fields...
 ---- Specified parameters:
 ---- Hydro Init Type    : Benchmark (Christensen et al. 2001)
 ---- Magnetic Init Type : Benchmark (Christensen et al. 2001)
 -- Fields initialized.

 Initialization Complete.
 //////////////////////////////////////

 Timestep has changed from  0.00000E+00 to  1.00000E-04.
 Iteration:  00000001   DeltaT:  1.000E-04   Iter/sec:  0.000E+00
 Timestep has changed from  1.00000E-04 to  2.55566E-06.
 Iteration:  00000002   DeltaT:  2.556E-06   Iter/sec:  2.214E-01
 Iteration:  00000003   DeltaT:  2.556E-06   Iter/sec:  6.695E-01
 Iteration:  00000004   DeltaT:  2.556E-06   Iter/sec:  7.543E-01
 Iteration:  00000005   DeltaT:  2.556E-06   Iter/sec:  7.649E-01
 Iteration:  00000006   DeltaT:  2.556E-06   Iter/sec:  7.510E-01
 Iteration:  00000007   DeltaT:  2.556E-06   Iter/sec:  7.589E-01
 Iteration:  00000008   DeltaT:  2.556E-06   Iter/sec:  7.550E-01
 Iteration:  00000009   DeltaT:  2.556E-06   Iter/sec:  7.500E-01
 Iteration:  00000010   DeltaT:  2.556E-06   Iter/sec:  7.543E-01
 Iteration:  00000011   DeltaT:  2.556E-06   Iter/sec:  7.488E-01
 Iteration:  00000012   DeltaT:  2.556E-06   Iter/sec:  7.560E-01
 Iteration:  00000013   DeltaT:  2.556E-06   Iter/sec:  7.500E-01
 Iteration:  00000014   DeltaT:  2.556E-06   Iter/sec:  7.619E-01
 Iteration:  00000015   DeltaT:  2.556E-06   Iter/sec:  7.510E-01
 Iteration:  00000016   DeltaT:  2.556E-06   Iter/sec:  7.515E-01
 Iteration:  00000017   DeltaT:  2.556E-06   Iter/sec:  7.547E-01
 Iteration:  00000018   DeltaT:  2.556E-06   Iter/sec:  7.453E-01
 Iteration:  00000019   DeltaT:  2.556E-06   Iter/sec:  7.552E-01
 Iteration:  00000020   DeltaT:  2.556E-06   Iter/sec:  7.518E-01
 Iteration:  00000021   DeltaT:  2.556E-06   Iter/sec:  7.597E-01
 Iteration:  00000022   DeltaT:  2.556E-06   Iter/sec:  7.471E-01
 Iteration:  00000023   DeltaT:  2.556E-06   Iter/sec:  7.549E-01
 Iteration:  00000024   DeltaT:  2.556E-06   Iter/sec:  7.606E-01
 Iteration:  00000025   DeltaT:  2.556E-06   Iter/sec:  7.428E-01
 Iteration:  00000026   DeltaT:  2.556E-06   Iter/sec:  7.555E-01
 Iteration:  00000027   DeltaT:  2.556E-06   Iter/sec:  7.598E-01
 Iteration:  00000028   DeltaT:  2.556E-06   Iter/sec:  7.476E-01
 Iteration:  00000029   DeltaT:  2.556E-06   Iter/sec:  7.135E-01
 Iteration:  00000030   DeltaT:  2.556E-06   Iter/sec:  7.651E-01
 Iteration:  00000031   DeltaT:  2.556E-06   Iter/sec:  7.473E-01
 Iteration:  00000032   DeltaT:  2.556E-06   Iter/sec:  7.582E-01
 Iteration:  00000033   DeltaT:  2.556E-06   Iter/sec:  7.505E-01
 Iteration:  00000034   DeltaT:  2.556E-06   Iter/sec:  7.631E-01
 Iteration:  00000035   DeltaT:  2.556E-06   Iter/sec:  7.461E-01
 Iteration:  00000036   DeltaT:  2.556E-06   Iter/sec:  7.469E-01
 Iteration:  00000037   DeltaT:  2.556E-06   Iter/sec:  7.551E-01
 Iteration:  00000038   DeltaT:  2.556E-06   Iter/sec:  7.515E-01
 Iteration:  00000039   DeltaT:  2.556E-06   Iter/sec:  7.528E-01
 Iteration:  00000040   DeltaT:  2.556E-06   Iter/sec:  7.509E-01
 Iteration:  00000041   DeltaT:  2.556E-06   Iter/sec:  7.540E-01
 Iteration:  00000042   DeltaT:  2.556E-06   Iter/sec:  7.602E-01
 Iteration:  00000043   DeltaT:  2.556E-06   Iter/sec:  7.475E-01
 Iteration:  00000044   DeltaT:  2.556E-06   Iter/sec:  7.531E-01
 Iteration:  00000045   DeltaT:  2.556E-06   Iter/sec:  7.543E-01
 Iteration:  00000046   DeltaT:  2.556E-06   Iter/sec:  7.520E-01
 Iteration:  00000047   DeltaT:  2.556E-06   Iter/sec:  7.531E-01
 Iteration:  00000048   DeltaT:  2.556E-06   Iter/sec:  7.553E-01
 Iteration:  00000049   DeltaT:  2.556E-06   Iter/sec:  7.481E-01
 Iteration:  00000050   DeltaT:  2.556E-06   Iter/sec:  7.512E-01


//////////////////////////////////////////////
   Measured Timings for Process 0  (seconds)

 Elapsed time:        67.7630
  Column time:         2.9653
     Row time:        11.6634
Legendre time:        40.2317
     FFT time:         1.9287
   Solve time:         1.0071
    rlma time:         0.4798
    rlmb time:         0.1414
  pspace time:         4.4492
  psolve time:         3.2827
    dphi time:         0.2274
captured time:        66.3766

     iter/sec:         0.7379
//////////////////////////////////////////////
