 //////////////////////////////////////
 Initializating Rayleigh...

 -- Initalizing MPI...
 ---- Specified parameters:
 ---- NCPU  :     64
 ---- NPROW :      8
 ---- NPCOL :      8
 -- MPI initialized.


 -- Initalizing Grid...
 ---- Specified parameters ----
 ---- N_R                 :     64
 ---- N_THETA             :    384
 ---- Ell_MAX             :    255
 ---- R_MIN               :  5.38462E-01
 ---- R_MAX               :  1.53846E+00
 ---- Chebyshev Domains   :      1

        Domain 1
          Grid points           :  64
          Dealiased Polynomials :  42
          Domain Lower Bound    :  5.38462E-01
          Domain Upper Bound    :  1.53846E+00

 -- Grid initialized.

[SHTns 3.4.5] built Apr 21 2021, 11:07:12, id: sse2,ishioka
        Lmax=255, Mmax*Mres=255, Mres=1, Nlm=32896  [1 threads, orthonormalized]
        => using FFTW : Mmax=255, Nphi=768, Nlat=384  (data layout : phi_inc=384, theta_inc=1, phi_embed=768)
        => using Gauss nodes
        + polar optimization threshold = 1.0e-08
        finding optimal algorithm....
        + SHT accuracy = 1.38e-12
        => SHTns is ready.
 -- Initalizing Reference State...
 ---- Specified parameters:
 ---- Reference type           :  Boussinesq (Non-dimensional)
 ---- Rayleigh Number          :  1.00000E+05
 ---- Ekman Number             :  1.00000E-03
 ---- Prandtl Number           :  1.00000E+00
 ---- Magnetic Prandtl Number  :  5.00000E+00
 -- Reference State initialized.

 -- Initializing Fields...
 ---- Specified parameters:
 ---- Hydro Init Type    : Benchmark (Christensen et al. 2001)
 ---- Magnetic Init Type : Benchmark (Christensen et al. 2001)
 -- Fields initialized.

 Initialization Complete.
 //////////////////////////////////////

 Timestep has changed from  0.00000E+00 to  1.00000E-04.
 Iteration:  00000001   DeltaT:  1.000E-04   Iter/sec:  0.000E+00
 Timestep has changed from  1.00000E-04 to  1.02211E-05.
 Iteration:  00000002   DeltaT:  1.022E-05   Iter/sec:  2.283E-01
 Iteration:  00000003   DeltaT:  1.022E-05   Iter/sec:  7.662E-01
 Iteration:  00000004   DeltaT:  1.022E-05   Iter/sec:  7.768E-01
 Iteration:  00000005   DeltaT:  1.022E-05   Iter/sec:  7.776E-01
 Iteration:  00000006   DeltaT:  1.022E-05   Iter/sec:  7.675E-01
 Iteration:  00000007   DeltaT:  1.022E-05   Iter/sec:  7.787E-01
 Iteration:  00000008   DeltaT:  1.022E-05   Iter/sec:  7.700E-01
 Iteration:  00000009   DeltaT:  1.022E-05   Iter/sec:  7.760E-01
 Iteration:  00000010   DeltaT:  1.022E-05   Iter/sec:  7.707E-01
 Iteration:  00000011   DeltaT:  1.022E-05   Iter/sec:  7.762E-01
 Iteration:  00000012   DeltaT:  1.022E-05   Iter/sec:  7.810E-01
 Iteration:  00000013   DeltaT:  1.022E-05   Iter/sec:  7.729E-01
 Iteration:  00000014   DeltaT:  1.022E-05   Iter/sec:  7.747E-01
 Iteration:  00000015   DeltaT:  1.022E-05   Iter/sec:  7.704E-01
 Iteration:  00000016   DeltaT:  1.022E-05   Iter/sec:  7.762E-01
 Iteration:  00000017   DeltaT:  1.022E-05   Iter/sec:  7.737E-01
 Iteration:  00000018   DeltaT:  1.022E-05   Iter/sec:  7.738E-01
 Iteration:  00000019   DeltaT:  1.022E-05   Iter/sec:  7.756E-01
 Iteration:  00000020   DeltaT:  1.022E-05   Iter/sec:  7.673E-01
 Iteration:  00000021   DeltaT:  1.022E-05   Iter/sec:  7.762E-01
 Iteration:  00000022   DeltaT:  1.022E-05   Iter/sec:  7.730E-01
 Iteration:  00000023   DeltaT:  1.022E-05   Iter/sec:  7.809E-01
 Iteration:  00000024   DeltaT:  1.022E-05   Iter/sec:  7.725E-01
 Iteration:  00000025   DeltaT:  1.022E-05   Iter/sec:  7.732E-01
 Iteration:  00000026   DeltaT:  1.022E-05   Iter/sec:  7.795E-01
 Iteration:  00000027   DeltaT:  1.022E-05   Iter/sec:  7.757E-01
 Iteration:  00000028   DeltaT:  1.022E-05   Iter/sec:  7.757E-01
 Iteration:  00000029   DeltaT:  1.022E-05   Iter/sec:  7.735E-01
 Iteration:  00000030   DeltaT:  1.022E-05   Iter/sec:  7.762E-01
 Iteration:  00000031   DeltaT:  1.022E-05   Iter/sec:  7.803E-01
 Iteration:  00000032   DeltaT:  1.022E-05   Iter/sec:  7.715E-01
 Iteration:  00000033   DeltaT:  1.022E-05   Iter/sec:  7.717E-01
 Iteration:  00000034   DeltaT:  1.022E-05   Iter/sec:  7.758E-01
 Iteration:  00000035   DeltaT:  1.022E-05   Iter/sec:  7.752E-01
 Iteration:  00000036   DeltaT:  1.022E-05   Iter/sec:  7.762E-01
 Iteration:  00000037   DeltaT:  1.022E-05   Iter/sec:  7.742E-01
 Iteration:  00000038   DeltaT:  1.022E-05   Iter/sec:  7.716E-01
 Iteration:  00000039   DeltaT:  1.022E-05   Iter/sec:  7.748E-01
 Iteration:  00000040   DeltaT:  1.022E-05   Iter/sec:  7.773E-01
 Iteration:  00000041   DeltaT:  1.022E-05   Iter/sec:  7.679E-01
 Iteration:  00000042   DeltaT:  1.022E-05   Iter/sec:  6.698E-01
 Iteration:  00000043   DeltaT:  1.022E-05   Iter/sec:  7.761E-01
 Iteration:  00000044   DeltaT:  1.022E-05   Iter/sec:  7.796E-01
 Iteration:  00000045   DeltaT:  1.022E-05   Iter/sec:  7.760E-01
 Iteration:  00000046   DeltaT:  1.022E-05   Iter/sec:  7.727E-01
 Iteration:  00000047   DeltaT:  1.022E-05   Iter/sec:  7.753E-01
 Iteration:  00000048   DeltaT:  1.022E-05   Iter/sec:  7.665E-01
 Iteration:  00000049   DeltaT:  1.022E-05   Iter/sec:  7.821E-01
 Iteration:  00000050   DeltaT:  1.022E-05   Iter/sec:  7.748E-01


//////////////////////////////////////////////
   Measured Timings for Process 0  (seconds)

 Elapsed time:        65.5324
  Column time:         2.6327
     Row time:        10.6193
Legendre time:        41.0798
     FFT time:         1.9256
   Solve time:         0.4107
    rlma time:         0.3779
    rlmb time:         0.1637
  pspace time:         4.3767
  psolve time:         2.7008
    dphi time:         0.2019
captured time:        64.4892

     iter/sec:         0.7630
//////////////////////////////////////////////
