 //////////////////////////////////////
 Initializating Rayleigh...

 -- Initalizing MPI...
 ---- Specified parameters:
 ---- NCPU  :    128
 ---- NPROW :     16
 ---- NPCOL :      8
 -- MPI initialized.


 -- Initalizing Grid...
 ---- Specified parameters ----
 ---- N_R                 :     64
 ---- N_THETA             :    192
 ---- Ell_MAX             :    127
 ---- R_MIN               :  5.38462E-01
 ---- R_MAX               :  1.53846E+00
 ---- Chebyshev Domains   :      1

        Domain 1
          Grid points           :  64
          Dealiased Polynomials :  42
          Domain Lower Bound    :  5.38462E-01
          Domain Upper Bound    :  1.53846E+00

 -- Grid initialized.

[SHTns 3.4.5] built Apr 21 2021, 11:07:12, id: sse2,ishioka
        Lmax=127, Mmax*Mres=127, Mres=1, Nlm=8256  [1 threads, orthonormalized]
        => using FFTW : Mmax=127, Nphi=384, Nlat=192  (data layout : phi_inc=192, theta_inc=1, phi_embed=384)
        => using Gauss nodes
        + polar optimization threshold = 1.0e-08
        finding optimal algorithm......
        + SHT accuracy = 5.79e-14
        => SHTns is ready.
 -- Initalizing Reference State...
 ---- Specified parameters:
 ---- Reference type           :  Boussinesq (Non-dimensional)
 ---- Rayleigh Number          :  1.00000E+05
 ---- Ekman Number             :  1.00000E-03
 ---- Prandtl Number           :  1.00000E+00
 ---- Magnetic Prandtl Number  :  5.00000E+00
 -- Reference State initialized.

 -- Initializing Fields...
 ---- Specified parameters:
 ---- Hydro Init Type    : Benchmark (Christensen et al. 2001)
 ---- Magnetic Init Type : Benchmark (Christensen et al. 2001)
 -- Fields initialized.

 Initialization Complete.
 //////////////////////////////////////

 Timestep has changed from  0.00000E+00 to  1.00000E-04.
 Iteration:  00000001   DeltaT:  1.000E-04   Iter/sec:  0.000E+00
 Timestep has changed from  1.00000E-04 to  1.02217E-05.
 Iteration:  00000002   DeltaT:  1.022E-05   Iter/sec:  2.435E-01
 Iteration:  00000003   DeltaT:  1.022E-05   Iter/sec:  7.449E+00
 Iteration:  00000004   DeltaT:  1.022E-05   Iter/sec:  9.407E+00
 Iteration:  00000005   DeltaT:  1.022E-05   Iter/sec:  9.607E+00
 Iteration:  00000006   DeltaT:  1.022E-05   Iter/sec:  9.596E+00
 Iteration:  00000007   DeltaT:  1.022E-05   Iter/sec:  1.054E+01
 Iteration:  00000008   DeltaT:  1.022E-05   Iter/sec:  9.913E+00
 Iteration:  00000009   DeltaT:  1.022E-05   Iter/sec:  9.991E+00
 Iteration:  00000010   DeltaT:  1.022E-05   Iter/sec:  9.969E+00
 Iteration:  00000011   DeltaT:  1.022E-05   Iter/sec:  1.002E+01
 Iteration:  00000012   DeltaT:  1.022E-05   Iter/sec:  9.925E+00
 Iteration:  00000013   DeltaT:  1.022E-05   Iter/sec:  1.005E+01
 Iteration:  00000014   DeltaT:  1.022E-05   Iter/sec:  1.002E+01
 Iteration:  00000015   DeltaT:  1.022E-05   Iter/sec:  9.996E+00
 Iteration:  00000016   DeltaT:  1.022E-05   Iter/sec:  9.940E+00
 Iteration:  00000017   DeltaT:  1.022E-05   Iter/sec:  1.004E+01
 Iteration:  00000018   DeltaT:  1.022E-05   Iter/sec:  9.978E+00
 Iteration:  00000019   DeltaT:  1.022E-05   Iter/sec:  9.966E+00
 Iteration:  00000020   DeltaT:  1.022E-05   Iter/sec:  9.982E+00
 Iteration:  00000021   DeltaT:  1.022E-05   Iter/sec:  1.002E+01
 Iteration:  00000022   DeltaT:  1.022E-05   Iter/sec:  9.971E+00
 Iteration:  00000023   DeltaT:  1.022E-05   Iter/sec:  9.948E+00
 Iteration:  00000024   DeltaT:  1.022E-05   Iter/sec:  1.007E+01
 Iteration:  00000025   DeltaT:  1.022E-05   Iter/sec:  1.000E+01
 Iteration:  00000026   DeltaT:  1.022E-05   Iter/sec:  9.968E+00
 Iteration:  00000027   DeltaT:  1.022E-05   Iter/sec:  1.007E+01
 Iteration:  00000028   DeltaT:  1.022E-05   Iter/sec:  9.909E+00
 Iteration:  00000029   DeltaT:  1.022E-05   Iter/sec:  1.002E+01
 Iteration:  00000030   DeltaT:  1.022E-05   Iter/sec:  1.007E+01
 Iteration:  00000031   DeltaT:  1.022E-05   Iter/sec:  9.944E+00
 Iteration:  00000032   DeltaT:  1.022E-05   Iter/sec:  9.970E+00
 Iteration:  00000033   DeltaT:  1.022E-05   Iter/sec:  9.976E+00
 Iteration:  00000034   DeltaT:  1.022E-05   Iter/sec:  9.957E+00
 Iteration:  00000035   DeltaT:  1.022E-05   Iter/sec:  9.960E+00
 Iteration:  00000036   DeltaT:  1.022E-05   Iter/sec:  9.979E+00
 Iteration:  00000037   DeltaT:  1.022E-05   Iter/sec:  1.009E+01
 Iteration:  00000038   DeltaT:  1.022E-05   Iter/sec:  1.002E+01
 Iteration:  00000039   DeltaT:  1.022E-05   Iter/sec:  9.920E+00
 Iteration:  00000040   DeltaT:  1.022E-05   Iter/sec:  1.004E+01
 Iteration:  00000041   DeltaT:  1.022E-05   Iter/sec:  1.010E+01
 Iteration:  00000042   DeltaT:  1.022E-05   Iter/sec:  9.893E+00
 Iteration:  00000043   DeltaT:  1.022E-05   Iter/sec:  1.001E+01
 Iteration:  00000044   DeltaT:  1.022E-05   Iter/sec:  9.929E+00
 Iteration:  00000045   DeltaT:  1.022E-05   Iter/sec:  1.002E+01
 Iteration:  00000046   DeltaT:  1.022E-05   Iter/sec:  9.963E+00
 Iteration:  00000047   DeltaT:  1.022E-05   Iter/sec:  9.993E+00
 Iteration:  00000048   DeltaT:  1.022E-05   Iter/sec:  1.001E+01
 Iteration:  00000049   DeltaT:  1.022E-05   Iter/sec:  9.969E+00
 Iteration:  00000050   DeltaT:  1.022E-05   Iter/sec:  9.979E+00


//////////////////////////////////////////////
   Measured Timings for Process 0  (seconds)

 Elapsed time:         5.6804
  Column time:         0.3889
     Row time:         1.1227
Legendre time:         2.5609
     FFT time:         0.2607
   Solve time:         0.1292
    rlma time:         0.0411
    rlmb time:         0.0163
  pspace time:         0.3183
  psolve time:         0.2176
    dphi time:         0.0295
captured time:         5.0851

     iter/sec:         8.8022
//////////////////////////////////////////////
