 //////////////////////////////////////
 Initializating Rayleigh...

 -- Initalizing MPI...
 ---- Specified parameters:
 ---- NCPU  :    512
 ---- NPROW :     32
 ---- NPCOL :     16
 -- MPI initialized.


 -- Initalizing Grid...
 ---- Specified parameters ----
 ---- N_R                 :    128
 ---- N_THETA             :    192
 ---- Ell_MAX             :    127
 ---- R_MIN               :  5.38462E-01
 ---- R_MAX               :  1.53846E+00
 ---- Chebyshev Domains   :      1

        Domain 1
          Grid points           :  128
          Dealiased Polynomials :  85
          Domain Lower Bound    :  5.38462E-01
          Domain Upper Bound    :  1.53846E+00

 -- Grid initialized.

[SHTns 3.4.5] built Apr 21 2021, 11:07:12, id: sse2,ishioka
        Lmax=127, Mmax*Mres=127, Mres=1, Nlm=8256  [1 threads, orthonormalized]
        => using FFTW : Mmax=127, Nphi=384, Nlat=192  (data layout : phi_inc=192, theta_inc=1, phi_embed=384)
        => using Gauss nodes
        + polar optimization threshold = 1.0e-08
        finding optimal algorithm......
        + SHT accuracy = 4.94e-14
        => SHTns is ready.
 -- Initalizing Reference State...
 ---- Specified parameters:
 ---- Reference type           :  Boussinesq (Non-dimensional)
 ---- Rayleigh Number          :  1.00000E+05
 ---- Ekman Number             :  1.00000E-03
 ---- Prandtl Number           :  1.00000E+00
 ---- Magnetic Prandtl Number  :  5.00000E+00
 -- Reference State initialized.

 -- Initializing Fields...
 ---- Specified parameters:
 ---- Hydro Init Type    : Benchmark (Christensen et al. 2001)
 ---- Magnetic Init Type : Benchmark (Christensen et al. 2001)
 -- Fields initialized.

 Initialization Complete.
 //////////////////////////////////////

 Timestep has changed from  0.00000E+00 to  1.00000E-04.
 Iteration:  00000001   DeltaT:  1.000E-04   Iter/sec:  0.000E+00
 Timestep has changed from  1.00000E-04 to  2.55581E-06.
 Iteration:  00000002   DeltaT:  2.556E-06   Iter/sec:  2.618E-01
 Iteration:  00000003   DeltaT:  2.556E-06   Iter/sec:  9.638E+00
 Iteration:  00000004   DeltaT:  2.556E-06   Iter/sec:  1.720E+01
 Iteration:  00000005   DeltaT:  2.556E-06   Iter/sec:  1.817E+01
 Iteration:  00000006   DeltaT:  2.556E-06   Iter/sec:  1.751E+01
 Iteration:  00000007   DeltaT:  2.556E-06   Iter/sec:  1.765E+01
 Iteration:  00000008   DeltaT:  2.556E-06   Iter/sec:  1.773E+01
 Iteration:  00000009   DeltaT:  2.556E-06   Iter/sec:  1.777E+01
 Iteration:  00000010   DeltaT:  2.556E-06   Iter/sec:  1.766E+01
 Iteration:  00000011   DeltaT:  2.556E-06   Iter/sec:  1.777E+01
 Iteration:  00000012   DeltaT:  2.556E-06   Iter/sec:  1.795E+01
 Iteration:  00000013   DeltaT:  2.556E-06   Iter/sec:  1.669E+01
 Iteration:  00000014   DeltaT:  2.556E-06   Iter/sec:  1.792E+01
 Iteration:  00000015   DeltaT:  2.556E-06   Iter/sec:  1.773E+01
 Iteration:  00000016   DeltaT:  2.556E-06   Iter/sec:  1.803E+01
 Iteration:  00000017   DeltaT:  2.556E-06   Iter/sec:  1.754E+01
 Iteration:  00000018   DeltaT:  2.556E-06   Iter/sec:  1.788E+01
 Iteration:  00000019   DeltaT:  2.556E-06   Iter/sec:  1.757E+01
 Iteration:  00000020   DeltaT:  2.556E-06   Iter/sec:  1.779E+01
 Iteration:  00000021   DeltaT:  2.556E-06   Iter/sec:  1.782E+01
 Iteration:  00000022   DeltaT:  2.556E-06   Iter/sec:  1.764E+01
 Iteration:  00000023   DeltaT:  2.556E-06   Iter/sec:  1.792E+01
 Iteration:  00000024   DeltaT:  2.556E-06   Iter/sec:  1.743E+01
 Iteration:  00000025   DeltaT:  2.556E-06   Iter/sec:  1.808E+01
 Iteration:  00000026   DeltaT:  2.556E-06   Iter/sec:  1.777E+01
 Iteration:  00000027   DeltaT:  2.556E-06   Iter/sec:  1.788E+01
 Iteration:  00000028   DeltaT:  2.556E-06   Iter/sec:  1.760E+01
 Iteration:  00000029   DeltaT:  2.556E-06   Iter/sec:  1.772E+01
 Iteration:  00000030   DeltaT:  2.556E-06   Iter/sec:  1.810E+01
 Iteration:  00000031   DeltaT:  2.556E-06   Iter/sec:  1.754E+01
 Iteration:  00000032   DeltaT:  2.556E-06   Iter/sec:  1.784E+01
 Iteration:  00000033   DeltaT:  2.556E-06   Iter/sec:  1.779E+01
 Iteration:  00000034   DeltaT:  2.556E-06   Iter/sec:  1.765E+01
 Iteration:  00000035   DeltaT:  2.556E-06   Iter/sec:  1.776E+01
 Iteration:  00000036   DeltaT:  2.556E-06   Iter/sec:  1.755E+01
 Iteration:  00000037   DeltaT:  2.556E-06   Iter/sec:  1.764E+01
 Iteration:  00000038   DeltaT:  2.556E-06   Iter/sec:  1.778E+01
 Iteration:  00000039   DeltaT:  2.556E-06   Iter/sec:  1.772E+01
 Iteration:  00000040   DeltaT:  2.556E-06   Iter/sec:  1.785E+01
 Iteration:  00000041   DeltaT:  2.556E-06   Iter/sec:  1.768E+01
 Iteration:  00000042   DeltaT:  2.556E-06   Iter/sec:  1.793E+01
 Iteration:  00000043   DeltaT:  2.556E-06   Iter/sec:  1.760E+01
 Iteration:  00000044   DeltaT:  2.556E-06   Iter/sec:  1.796E+01
 Iteration:  00000045   DeltaT:  2.556E-06   Iter/sec:  1.774E+01
 Iteration:  00000046   DeltaT:  2.556E-06   Iter/sec:  1.792E+01
 Iteration:  00000047   DeltaT:  2.556E-06   Iter/sec:  1.781E+01
 Iteration:  00000048   DeltaT:  2.556E-06   Iter/sec:  1.780E+01
 Iteration:  00000049   DeltaT:  2.556E-06   Iter/sec:  1.711E+01
 Iteration:  00000050   DeltaT:  2.556E-06   Iter/sec:  1.794E+01


//////////////////////////////////////////////
   Measured Timings for Process 0  (seconds)

 Elapsed time:         3.2454
  Column time:         0.4594
     Row time:         0.6396
Legendre time:         1.1729
     FFT time:         0.1039
   Solve time:         0.2057
    rlma time:         0.0209
    rlmb time:         0.0082
  pspace time:         0.0941
  psolve time:         0.1767
    dphi time:         0.0114
captured time:         2.8928

     iter/sec:        15.4067
//////////////////////////////////////////////
