 //////////////////////////////////////
 Initializating Rayleigh...

 -- Initalizing MPI...
 ---- Specified parameters:
 ---- NCPU  :    512
 ---- NPROW :     32
 ---- NPCOL :     16
 -- MPI initialized.


 -- Initalizing Grid...
 ---- Specified parameters ----
 ---- N_R                 :    128
 ---- N_THETA             :    384
 ---- Ell_MAX             :    255
 ---- R_MIN               :  5.38462E-01
 ---- R_MAX               :  1.53846E+00
 ---- Chebyshev Domains   :      1

        Domain 1
          Grid points           :  128
          Dealiased Polynomials :  85
          Domain Lower Bound    :  5.38462E-01
          Domain Upper Bound    :  1.53846E+00

 -- Grid initialized.

[SHTns 3.4.5] built Apr 21 2021, 11:07:12, id: sse2,ishioka
        Lmax=255, Mmax*Mres=255, Mres=1, Nlm=32896  [1 threads, orthonormalized]
        => using FFTW : Mmax=255, Nphi=768, Nlat=384  (data layout : phi_inc=384, theta_inc=1, phi_embed=768)
        => using Gauss nodes
        + polar optimization threshold = 1.0e-08
        finding optimal algorithm....
        + SHT accuracy = 1.89e-12
        => SHTns is ready.
 -- Initalizing Reference State...
 ---- Specified parameters:
 ---- Reference type           :  Boussinesq (Non-dimensional)
 ---- Rayleigh Number          :  1.00000E+05
 ---- Ekman Number             :  1.00000E-03
 ---- Prandtl Number           :  1.00000E+00
 ---- Magnetic Prandtl Number  :  5.00000E+00
 -- Reference State initialized.

 -- Initializing Fields...
 ---- Specified parameters:
 ---- Hydro Init Type    : Benchmark (Christensen et al. 2001)
 ---- Magnetic Init Type : Benchmark (Christensen et al. 2001)
 -- Fields initialized.

 Initialization Complete.
 //////////////////////////////////////

 Timestep has changed from  0.00000E+00 to  1.00000E-04.
 Iteration:  00000001   DeltaT:  1.000E-04   Iter/sec:  0.000E+00
 Timestep has changed from  1.00000E-04 to  2.55566E-06.
 Iteration:  00000002   DeltaT:  2.556E-06   Iter/sec:  2.952E-01
 Iteration:  00000003   DeltaT:  2.556E-06   Iter/sec:  2.319E+00
 Iteration:  00000004   DeltaT:  2.556E-06   Iter/sec:  2.853E+00
 Iteration:  00000005   DeltaT:  2.556E-06   Iter/sec:  2.899E+00
 Iteration:  00000006   DeltaT:  2.556E-06   Iter/sec:  2.916E+00
 Iteration:  00000007   DeltaT:  2.556E-06   Iter/sec:  2.906E+00
 Iteration:  00000008   DeltaT:  2.556E-06   Iter/sec:  2.936E+00
 Iteration:  00000009   DeltaT:  2.556E-06   Iter/sec:  2.903E+00
 Iteration:  00000010   DeltaT:  2.556E-06   Iter/sec:  2.940E+00
 Iteration:  00000011   DeltaT:  2.556E-06   Iter/sec:  2.946E+00
 Iteration:  00000012   DeltaT:  2.556E-06   Iter/sec:  2.958E+00
 Iteration:  00000013   DeltaT:  2.556E-06   Iter/sec:  2.981E+00
 Iteration:  00000014   DeltaT:  2.556E-06   Iter/sec:  2.929E+00
 Iteration:  00000015   DeltaT:  2.556E-06   Iter/sec:  2.923E+00
 Iteration:  00000016   DeltaT:  2.556E-06   Iter/sec:  2.984E+00
 Iteration:  00000017   DeltaT:  2.556E-06   Iter/sec:  2.925E+00
 Iteration:  00000018   DeltaT:  2.556E-06   Iter/sec:  2.945E+00
 Iteration:  00000019   DeltaT:  2.556E-06   Iter/sec:  2.952E+00
 Iteration:  00000020   DeltaT:  2.556E-06   Iter/sec:  2.956E+00
 Iteration:  00000021   DeltaT:  2.556E-06   Iter/sec:  2.948E+00
 Iteration:  00000022   DeltaT:  2.556E-06   Iter/sec:  2.980E+00
 Iteration:  00000023   DeltaT:  2.556E-06   Iter/sec:  2.947E+00
 Iteration:  00000024   DeltaT:  2.556E-06   Iter/sec:  2.947E+00
 Iteration:  00000025   DeltaT:  2.556E-06   Iter/sec:  2.914E+00
 Iteration:  00000026   DeltaT:  2.556E-06   Iter/sec:  3.029E+00
 Iteration:  00000027   DeltaT:  2.556E-06   Iter/sec:  2.941E+00
 Iteration:  00000028   DeltaT:  2.556E-06   Iter/sec:  2.958E+00
 Iteration:  00000029   DeltaT:  2.556E-06   Iter/sec:  2.947E+00
 Iteration:  00000030   DeltaT:  2.556E-06   Iter/sec:  2.974E+00
 Iteration:  00000031   DeltaT:  2.556E-06   Iter/sec:  2.964E+00
 Iteration:  00000032   DeltaT:  2.556E-06   Iter/sec:  2.950E+00
 Iteration:  00000033   DeltaT:  2.556E-06   Iter/sec:  2.994E+00
 Iteration:  00000034   DeltaT:  2.556E-06   Iter/sec:  2.928E+00
 Iteration:  00000035   DeltaT:  2.556E-06   Iter/sec:  2.927E+00
 Iteration:  00000036   DeltaT:  2.556E-06   Iter/sec:  2.981E+00
 Iteration:  00000037   DeltaT:  2.556E-06   Iter/sec:  2.952E+00
 Iteration:  00000038   DeltaT:  2.556E-06   Iter/sec:  2.978E+00
 Iteration:  00000039   DeltaT:  2.556E-06   Iter/sec:  2.899E+00
 Iteration:  00000040   DeltaT:  2.556E-06   Iter/sec:  2.935E+00
 Iteration:  00000041   DeltaT:  2.556E-06   Iter/sec:  2.961E+00
 Iteration:  00000042   DeltaT:  2.556E-06   Iter/sec:  2.939E+00
 Iteration:  00000043   DeltaT:  2.556E-06   Iter/sec:  2.990E+00
 Iteration:  00000044   DeltaT:  2.556E-06   Iter/sec:  2.950E+00
 Iteration:  00000045   DeltaT:  2.556E-06   Iter/sec:  2.979E+00
 Iteration:  00000046   DeltaT:  2.556E-06   Iter/sec:  2.922E+00
 Iteration:  00000047   DeltaT:  2.556E-06   Iter/sec:  2.967E+00
 Iteration:  00000048   DeltaT:  2.556E-06   Iter/sec:  2.958E+00
 Iteration:  00000049   DeltaT:  2.556E-06   Iter/sec:  2.970E+00
 Iteration:  00000050   DeltaT:  2.556E-06   Iter/sec:  2.959E+00


//////////////////////////////////////////////
   Measured Timings for Process 0  (seconds)

 Elapsed time:        17.7385
  Column time:         1.9516
     Row time:         3.1179
Legendre time:         9.5213
     FFT time:         0.4790
   Solve time:         0.3784
    rlma time:         0.0821
    rlmb time:         0.0350
  pspace time:         0.8842
  psolve time:         0.5931
    dphi time:         0.0483
captured time:        17.0908

     iter/sec:         2.8187
//////////////////////////////////////////////
