 //////////////////////////////////////
 Initializating Rayleigh...

 -- Initalizing MPI...
 ---- Specified parameters:
 ---- NCPU  :     32
 ---- NPROW :      8
 ---- NPCOL :      4
 -- MPI initialized.


 -- Initalizing Grid...
 ---- Specified parameters ----
 ---- N_R                 :    128
 ---- N_THETA             :    384
 ---- Ell_MAX             :    255
 ---- R_MIN               :  5.38462E-01
 ---- R_MAX               :  1.53846E+00
 ---- Chebyshev Domains   :      1

        Domain 1
          Grid points           :  128
          Dealiased Polynomials :  85
          Domain Lower Bound    :  5.38462E-01
          Domain Upper Bound    :  1.53846E+00

 -- Grid initialized.

[SHTns 3.4.5] built Apr 21 2021, 11:07:12, id: sse2,ishioka
        Lmax=255, Mmax*Mres=255, Mres=1, Nlm=32896  [1 threads, orthonormalized]
        => using FFTW : Mmax=255, Nphi=768, Nlat=384  (data layout : phi_inc=384, theta_inc=1, phi_embed=768)
        => using Gauss nodes
        + polar optimization threshold = 1.0e-08
        finding optimal algorithm....
        + SHT accuracy = 1.78e-12
        => SHTns is ready.
 -- Initalizing Reference State...
 ---- Specified parameters:
 ---- Reference type           :  Boussinesq (Non-dimensional)
 ---- Rayleigh Number          :  1.00000E+05
 ---- Ekman Number             :  1.00000E-03
 ---- Prandtl Number           :  1.00000E+00
 ---- Magnetic Prandtl Number  :  5.00000E+00
 -- Reference State initialized.

 -- Initializing Fields...
 ---- Specified parameters:
 ---- Hydro Init Type    : Benchmark (Christensen et al. 2001)
 ---- Magnetic Init Type : Benchmark (Christensen et al. 2001)
 -- Fields initialized.

 Initialization Complete.
 //////////////////////////////////////

 Timestep has changed from  0.00000E+00 to  1.00000E-04.
 Iteration:  00000001   DeltaT:  1.000E-04   Iter/sec:  0.000E+00
 Timestep has changed from  1.00000E-04 to  2.55566E-06.
 Iteration:  00000002   DeltaT:  2.556E-06   Iter/sec:  1.120E-01
 Iteration:  00000003   DeltaT:  2.556E-06   Iter/sec:  1.730E-01
 Iteration:  00000004   DeltaT:  2.556E-06   Iter/sec:  1.846E-01
 Iteration:  00000005   DeltaT:  2.556E-06   Iter/sec:  1.838E-01
 Iteration:  00000006   DeltaT:  2.556E-06   Iter/sec:  1.840E-01
 Iteration:  00000007   DeltaT:  2.556E-06   Iter/sec:  1.844E-01
 Iteration:  00000008   DeltaT:  2.556E-06   Iter/sec:  1.841E-01
 Iteration:  00000009   DeltaT:  2.556E-06   Iter/sec:  1.841E-01
 Iteration:  00000010   DeltaT:  2.556E-06   Iter/sec:  1.847E-01
 Iteration:  00000011   DeltaT:  2.556E-06   Iter/sec:  1.839E-01
 Iteration:  00000012   DeltaT:  2.556E-06   Iter/sec:  1.832E-01
 Iteration:  00000013   DeltaT:  2.556E-06   Iter/sec:  1.846E-01
 Iteration:  00000014   DeltaT:  2.556E-06   Iter/sec:  1.842E-01
 Iteration:  00000015   DeltaT:  2.556E-06   Iter/sec:  1.835E-01
 Iteration:  00000016   DeltaT:  2.556E-06   Iter/sec:  1.837E-01
 Iteration:  00000017   DeltaT:  2.556E-06   Iter/sec:  1.839E-01
 Iteration:  00000018   DeltaT:  2.556E-06   Iter/sec:  1.838E-01
 Iteration:  00000019   DeltaT:  2.556E-06   Iter/sec:  1.835E-01
 Iteration:  00000020   DeltaT:  2.556E-06   Iter/sec:  1.838E-01
 Iteration:  00000021   DeltaT:  2.556E-06   Iter/sec:  1.838E-01
 Iteration:  00000022   DeltaT:  2.556E-06   Iter/sec:  1.838E-01
 Iteration:  00000023   DeltaT:  2.556E-06   Iter/sec:  1.840E-01
 Iteration:  00000024   DeltaT:  2.556E-06   Iter/sec:  1.833E-01
 Iteration:  00000025   DeltaT:  2.556E-06   Iter/sec:  1.836E-01
 Iteration:  00000026   DeltaT:  2.556E-06   Iter/sec:  1.842E-01
 Iteration:  00000027   DeltaT:  2.556E-06   Iter/sec:  1.836E-01
 Iteration:  00000028   DeltaT:  2.556E-06   Iter/sec:  1.833E-01
 Iteration:  00000029   DeltaT:  2.556E-06   Iter/sec:  1.845E-01
 Iteration:  00000030   DeltaT:  2.556E-06   Iter/sec:  1.836E-01
 Iteration:  00000031   DeltaT:  2.556E-06   Iter/sec:  1.830E-01
 Iteration:  00000032   DeltaT:  2.556E-06   Iter/sec:  1.833E-01
 Iteration:  00000033   DeltaT:  2.556E-06   Iter/sec:  1.846E-01
 Iteration:  00000034   DeltaT:  2.556E-06   Iter/sec:  1.839E-01
 Iteration:  00000035   DeltaT:  2.556E-06   Iter/sec:  1.834E-01
 Iteration:  00000036   DeltaT:  2.556E-06   Iter/sec:  1.843E-01
 Iteration:  00000037   DeltaT:  2.556E-06   Iter/sec:  1.833E-01
 Iteration:  00000038   DeltaT:  2.556E-06   Iter/sec:  1.836E-01
 Iteration:  00000039   DeltaT:  2.556E-06   Iter/sec:  1.838E-01
 Iteration:  00000040   DeltaT:  2.556E-06   Iter/sec:  1.837E-01
 Iteration:  00000041   DeltaT:  2.556E-06   Iter/sec:  1.837E-01
 Iteration:  00000042   DeltaT:  2.556E-06   Iter/sec:  1.845E-01
 Iteration:  00000043   DeltaT:  2.556E-06   Iter/sec:  1.839E-01
 Iteration:  00000044   DeltaT:  2.556E-06   Iter/sec:  1.843E-01
 Iteration:  00000045   DeltaT:  2.556E-06   Iter/sec:  1.846E-01
 Iteration:  00000046   DeltaT:  2.556E-06   Iter/sec:  1.843E-01
 Iteration:  00000047   DeltaT:  2.556E-06   Iter/sec:  1.841E-01
 Iteration:  00000048   DeltaT:  2.556E-06   Iter/sec:  1.844E-01
 Iteration:  00000049   DeltaT:  2.556E-06   Iter/sec:  1.839E-01
 Iteration:  00000050   DeltaT:  2.556E-06   Iter/sec:  1.839E-01


//////////////////////////////////////////////
   Measured Timings for Process 0  (seconds)

 Elapsed time:       273.8240
  Column time:         7.6045
     Row time:        52.4582
Legendre time:       164.0002
     FFT time:         7.8311
   Solve time:         2.6787
    rlma time:         3.1880
    rlmb time:         1.0037
  pspace time:        16.9583
  psolve time:        13.7703
    dphi time:         0.7427
captured time:       270.2357

     iter/sec:         0.1826
//////////////////////////////////////////////
