 //////////////////////////////////////
 Initializating Rayleigh...

 -- Initalizing MPI...
 ---- Specified parameters:
 ---- NCPU  :   2048
 ---- NPROW :     32
 ---- NPCOL :     64
 -- MPI initialized.


 -- Initalizing Grid...
 ---- Specified parameters ----
 ---- N_R                 :    512
 ---- N_THETA             :   1536
 ---- Ell_MAX             :   1023
 ---- R_MIN               :  5.38462E-01
 ---- R_MAX               :  1.53846E+00
 ---- Chebyshev Domains   :      1

        Domain 1
          Grid points           :  512
          Dealiased Polynomials :  341
          Domain Lower Bound    :  5.38462E-01
          Domain Upper Bound    :  1.53846E+00

 -- Grid initialized.

[SHTns 3.4.5] built Apr 30 2021, 15:49:24, id: avx2,ishioka
        Lmax=1023, Mmax*Mres=1023, Mres=1, Nlm=524800  [1 threads, orthonormalized]
        => using FFTW : Mmax=1023, Nphi=3072, Nlat=1536  (data layout : phi_inc=1536, theta_inc=1, phi_embed=3072)
        => using Gauss nodes
        + polar optimization threshold = 1.0e-08
        finding optimal algorithm...
        + SHT accuracy = 1.13e-12
        => SHTns is ready.
 -- Initalizing Reference State...
 ---- Specified parameters:
 ---- Reference type           :  Boussinesq (Non-dimensional)
 ---- Rayleigh Number          :  1.00000E+05
 ---- Ekman Number             :  1.00000E-03
 ---- Prandtl Number           :  1.00000E+00
 ---- Magnetic Prandtl Number  :  5.00000E+00
 -- Reference State initialized.

 -- Initializing Fields...
 ---- Specified parameters:
 ---- Hydro Init Type    : Benchmark (Christensen et al. 2001)
 ---- Magnetic Init Type : Benchmark (Christensen et al. 2001)
 -- Fields initialized.

 Initialization Complete.
 //////////////////////////////////////

 Timestep has changed from  0.00000E+00 to  1.00000E-04.
 Iteration:  00000001   DeltaT:  1.000E-04   Iter/sec:  0.000E+00
 Timestep has changed from  1.00000E-04 to  1.59733E-07.
 Iteration:  00000002   DeltaT:  1.597E-07   Iter/sec:  5.734E-02
 Iteration:  00000003   DeltaT:  1.597E-07   Iter/sec:  1.191E-01
 Iteration:  00000004   DeltaT:  1.597E-07   Iter/sec:  2.954E-01
 Iteration:  00000005   DeltaT:  1.597E-07   Iter/sec:  2.851E-01
 Iteration:  00000006   DeltaT:  1.597E-07   Iter/sec:  2.888E-01
 Iteration:  00000007   DeltaT:  1.597E-07   Iter/sec:  2.895E-01
 Iteration:  00000008   DeltaT:  1.597E-07   Iter/sec:  2.891E-01
 Iteration:  00000009   DeltaT:  1.597E-07   Iter/sec:  2.870E-01
 Iteration:  00000010   DeltaT:  1.597E-07   Iter/sec:  2.935E-01
 Iteration:  00000011   DeltaT:  1.597E-07   Iter/sec:  2.945E-01
 Iteration:  00000012   DeltaT:  1.597E-07   Iter/sec:  2.881E-01
 Iteration:  00000013   DeltaT:  1.597E-07   Iter/sec:  2.925E-01
 Iteration:  00000014   DeltaT:  1.597E-07   Iter/sec:  2.924E-01
 Iteration:  00000015   DeltaT:  1.597E-07   Iter/sec:  2.787E-01
 Iteration:  00000016   DeltaT:  1.597E-07   Iter/sec:  2.907E-01
 Iteration:  00000017   DeltaT:  1.597E-07   Iter/sec:  2.845E-01
 Iteration:  00000018   DeltaT:  1.597E-07   Iter/sec:  2.904E-01
 Iteration:  00000019   DeltaT:  1.597E-07   Iter/sec:  2.839E-01
 Iteration:  00000020   DeltaT:  1.597E-07   Iter/sec:  2.890E-01
 Iteration:  00000021   DeltaT:  1.597E-07   Iter/sec:  2.882E-01
 Iteration:  00000022   DeltaT:  1.597E-07   Iter/sec:  2.989E-01
 Iteration:  00000023   DeltaT:  1.597E-07   Iter/sec:  2.889E-01
 Iteration:  00000024   DeltaT:  1.597E-07   Iter/sec:  2.941E-01
 Iteration:  00000025   DeltaT:  1.597E-07   Iter/sec:  2.843E-01
 Iteration:  00000026   DeltaT:  1.597E-07   Iter/sec:  2.946E-01
 Iteration:  00000027   DeltaT:  1.597E-07   Iter/sec:  2.898E-01
 Iteration:  00000028   DeltaT:  1.597E-07   Iter/sec:  2.919E-01
 Iteration:  00000029   DeltaT:  1.597E-07   Iter/sec:  2.869E-01
 Iteration:  00000030   DeltaT:  1.597E-07   Iter/sec:  2.869E-01
 Iteration:  00000031   DeltaT:  1.597E-07   Iter/sec:  2.855E-01
 Iteration:  00000032   DeltaT:  1.597E-07   Iter/sec:  2.957E-01
 Iteration:  00000033   DeltaT:  1.597E-07   Iter/sec:  2.885E-01
 Iteration:  00000034   DeltaT:  1.597E-07   Iter/sec:  2.945E-01
 Iteration:  00000035   DeltaT:  1.597E-07   Iter/sec:  2.884E-01
 Iteration:  00000036   DeltaT:  1.597E-07   Iter/sec:  2.989E-01
 Iteration:  00000037   DeltaT:  1.597E-07   Iter/sec:  2.878E-01
 Iteration:  00000038   DeltaT:  1.597E-07   Iter/sec:  2.836E-01
 Iteration:  00000039   DeltaT:  1.597E-07   Iter/sec:  2.886E-01
 Iteration:  00000040   DeltaT:  1.597E-07   Iter/sec:  2.934E-01
 Iteration:  00000041   DeltaT:  1.597E-07   Iter/sec:  2.917E-01
 Iteration:  00000042   DeltaT:  1.597E-07   Iter/sec:  2.935E-01
 Iteration:  00000043   DeltaT:  1.597E-07   Iter/sec:  2.869E-01
 Iteration:  00000044   DeltaT:  1.597E-07   Iter/sec:  2.959E-01
 Iteration:  00000045   DeltaT:  1.597E-07   Iter/sec:  2.894E-01
 Iteration:  00000046   DeltaT:  1.597E-07   Iter/sec:  3.032E-01
 Iteration:  00000047   DeltaT:  1.597E-07   Iter/sec:  2.818E-01
 Iteration:  00000048   DeltaT:  1.597E-07   Iter/sec:  2.993E-01
 Iteration:  00000049   DeltaT:  1.597E-07   Iter/sec:  2.864E-01
 Iteration:  00000050   DeltaT:  1.597E-07   Iter/sec:  2.938E-01


//////////////////////////////////////////////
   Measured Timings for Process 0  (seconds)

 Elapsed time:       182.2002
  Column time:        50.1044
     Row time:        40.3532
Legendre time:        25.7501
     FFT time:         8.3629
   Solve time:        10.8044
    rlma time:         2.7552
    rlmb time:         1.3136
  pspace time:        15.3231
  psolve time:        24.5569
    dphi time:         0.5248
captured time:       179.8488

     iter/sec:         0.2744
//////////////////////////////////////////////
