 //////////////////////////////////////
 Initializating Rayleigh...

 -- Initalizing MPI...
 ---- Specified parameters:
 ---- NCPU  :    256
 ---- NPROW :      8
 ---- NPCOL :     32
 -- MPI initialized.


 -- Initalizing Grid...
 ---- Specified parameters ----
 ---- N_R                 :    256
 ---- N_THETA             :    768
 ---- Ell_MAX             :    511
 ---- R_MIN               :  5.38462E-01
 ---- R_MAX               :  1.53846E+00
 ---- Chebyshev Domains   :      1

        Domain 1
          Grid points           :  256
          Dealiased Polynomials :  170
          Domain Lower Bound    :  5.38462E-01
          Domain Upper Bound    :  1.53846E+00

 -- Grid initialized.

[SHTns 3.4.5] built Apr 30 2021, 15:49:24, id: avx2,ishioka
        Lmax=511, Mmax*Mres=511, Mres=1, Nlm=131328  [1 threads, orthonormalized]
        => using FFTW : Mmax=511, Nphi=1536, Nlat=768  (data layout : phi_inc=768, theta_inc=1, phi_embed=1536)
        => using Gauss nodes
        + polar optimization threshold = 1.0e-08
        finding optimal algorithm........
        + SHT accuracy = 3.73e-13
        => SHTns is ready.
 -- Initalizing Reference State...
 ---- Specified parameters:
 ---- Reference type           :  Boussinesq (Non-dimensional)
 ---- Rayleigh Number          :  1.00000E+05
 ---- Ekman Number             :  1.00000E-03
 ---- Prandtl Number           :  1.00000E+00
 ---- Magnetic Prandtl Number  :  5.00000E+00
 -- Reference State initialized.

 -- Initializing Fields...
 ---- Specified parameters:
 ---- Hydro Init Type    : Benchmark (Christensen et al. 2001)
 ---- Magnetic Init Type : Benchmark (Christensen et al. 2001)
 -- Fields initialized.

 Initialization Complete.
 //////////////////////////////////////

 Timestep has changed from  0.00000E+00 to  1.00000E-04.
 Iteration:  00000001   DeltaT:  1.000E-04   Iter/sec:  0.000E+00
 Timestep has changed from  1.00000E-04 to  6.38929E-07.
 Iteration:  00000002   DeltaT:  6.389E-07   Iter/sec:  8.459E-02
 Iteration:  00000003   DeltaT:  6.389E-07   Iter/sec:  2.900E-01
 Iteration:  00000004   DeltaT:  6.389E-07   Iter/sec:  3.951E-01
 Iteration:  00000005   DeltaT:  6.389E-07   Iter/sec:  3.946E-01
 Iteration:  00000006   DeltaT:  6.389E-07   Iter/sec:  3.968E-01
 Iteration:  00000007   DeltaT:  6.389E-07   Iter/sec:  3.976E-01
 Iteration:  00000008   DeltaT:  6.389E-07   Iter/sec:  3.968E-01
 Iteration:  00000009   DeltaT:  6.389E-07   Iter/sec:  3.979E-01
 Iteration:  00000010   DeltaT:  6.389E-07   Iter/sec:  3.963E-01
 Iteration:  00000011   DeltaT:  6.389E-07   Iter/sec:  3.967E-01
 Iteration:  00000012   DeltaT:  6.389E-07   Iter/sec:  3.947E-01
 Iteration:  00000013   DeltaT:  6.389E-07   Iter/sec:  3.976E-01
 Iteration:  00000014   DeltaT:  6.389E-07   Iter/sec:  3.975E-01
 Iteration:  00000015   DeltaT:  6.389E-07   Iter/sec:  3.959E-01
 Iteration:  00000016   DeltaT:  6.389E-07   Iter/sec:  3.975E-01
 Iteration:  00000017   DeltaT:  6.389E-07   Iter/sec:  3.965E-01
 Iteration:  00000018   DeltaT:  6.389E-07   Iter/sec:  3.962E-01
 Iteration:  00000019   DeltaT:  6.389E-07   Iter/sec:  3.967E-01
 Iteration:  00000020   DeltaT:  6.389E-07   Iter/sec:  3.963E-01
 Iteration:  00000021   DeltaT:  6.389E-07   Iter/sec:  3.953E-01
 Iteration:  00000022   DeltaT:  6.389E-07   Iter/sec:  3.949E-01
 Iteration:  00000023   DeltaT:  6.389E-07   Iter/sec:  3.946E-01
 Iteration:  00000024   DeltaT:  6.389E-07   Iter/sec:  3.952E-01
 Iteration:  00000025   DeltaT:  6.389E-07   Iter/sec:  3.964E-01
 Iteration:  00000026   DeltaT:  6.389E-07   Iter/sec:  3.947E-01
 Iteration:  00000027   DeltaT:  6.389E-07   Iter/sec:  3.952E-01
 Iteration:  00000028   DeltaT:  6.389E-07   Iter/sec:  3.972E-01
 Iteration:  00000029   DeltaT:  6.389E-07   Iter/sec:  3.966E-01
 Iteration:  00000030   DeltaT:  6.389E-07   Iter/sec:  3.953E-01
 Iteration:  00000031   DeltaT:  6.389E-07   Iter/sec:  3.969E-01
 Iteration:  00000032   DeltaT:  6.389E-07   Iter/sec:  3.979E-01
 Iteration:  00000033   DeltaT:  6.389E-07   Iter/sec:  3.985E-01
 Iteration:  00000034   DeltaT:  6.389E-07   Iter/sec:  3.972E-01
 Iteration:  00000035   DeltaT:  6.389E-07   Iter/sec:  3.977E-01
 Iteration:  00000036   DeltaT:  6.389E-07   Iter/sec:  3.954E-01
 Iteration:  00000037   DeltaT:  6.389E-07   Iter/sec:  3.977E-01
 Iteration:  00000038   DeltaT:  6.389E-07   Iter/sec:  3.970E-01
 Iteration:  00000039   DeltaT:  6.389E-07   Iter/sec:  3.973E-01
 Iteration:  00000040   DeltaT:  6.389E-07   Iter/sec:  3.974E-01
 Iteration:  00000041   DeltaT:  6.389E-07   Iter/sec:  3.985E-01
 Iteration:  00000042   DeltaT:  6.389E-07   Iter/sec:  3.957E-01
 Iteration:  00000043   DeltaT:  6.389E-07   Iter/sec:  3.971E-01
 Iteration:  00000044   DeltaT:  6.389E-07   Iter/sec:  3.957E-01
 Iteration:  00000045   DeltaT:  6.389E-07   Iter/sec:  4.020E-01
 Iteration:  00000046   DeltaT:  6.389E-07   Iter/sec:  3.979E-01
 Iteration:  00000047   DeltaT:  6.389E-07   Iter/sec:  3.980E-01
 Iteration:  00000048   DeltaT:  6.389E-07   Iter/sec:  3.966E-01
 Iteration:  00000049   DeltaT:  6.389E-07   Iter/sec:  3.984E-01
 Iteration:  00000050   DeltaT:  6.389E-07   Iter/sec:  3.980E-01


//////////////////////////////////////////////
   Measured Timings for Process 0  (seconds)

 Elapsed time:       127.9122
  Column time:        20.2410
     Row time:        41.6695
Legendre time:        15.2700
     FFT time:         7.7621
   Solve time:         4.5726
    rlma time:         2.6442
    rlmb time:         1.1441
  pspace time:        16.1905
  psolve time:        15.4961
    dphi time:         0.7131
captured time:       125.7032

     iter/sec:         0.3909
//////////////////////////////////////////////
