 //////////////////////////////////////
 Initializating Rayleigh...

 -- Initalizing MPI...
 ---- Specified parameters:
 ---- NCPU  :   1024
 ---- NPROW :     16
 ---- NPCOL :     64
 -- MPI initialized.


 -- Initalizing Grid...
 ---- Specified parameters ----
 ---- N_R                 :    256
 ---- N_THETA             :    768
 ---- Ell_MAX             :    511
 ---- R_MIN               :  5.38462E-01
 ---- R_MAX               :  1.53846E+00
 ---- Chebyshev Domains   :      1

        Domain 1
          Grid points           :  256
          Dealiased Polynomials :  170
          Domain Lower Bound    :  5.38462E-01
          Domain Upper Bound    :  1.53846E+00

 -- Grid initialized.

[SHTns 3.4.5] built Apr 30 2021, 15:49:24, id: avx2,ishioka
        Lmax=511, Mmax*Mres=511, Mres=1, Nlm=131328  [1 threads, orthonormalized]
        => using FFTW : Mmax=511, Nphi=1536, Nlat=768  (data layout : phi_inc=768, theta_inc=1, phi_embed=1536)
        => using Gauss nodes
        + polar optimization threshold = 1.0e-08
        finding optimal algorithm........
        + SHT accuracy = 4e-13
        => SHTns is ready.
 -- Initalizing Reference State...
 ---- Specified parameters:
 ---- Reference type           :  Boussinesq (Non-dimensional)
 ---- Rayleigh Number          :  1.00000E+05
 ---- Ekman Number             :  1.00000E-03
 ---- Prandtl Number           :  1.00000E+00
 ---- Magnetic Prandtl Number  :  5.00000E+00
 -- Reference State initialized.

 -- Initializing Fields...
 ---- Specified parameters:
 ---- Hydro Init Type    : Benchmark (Christensen et al. 2001)
 ---- Magnetic Init Type : Benchmark (Christensen et al. 2001)
 -- Fields initialized.

 Initialization Complete.
 //////////////////////////////////////

 Timestep has changed from  0.00000E+00 to  1.00000E-04.
 Iteration:  00000001   DeltaT:  1.000E-04   Iter/sec:  0.000E+00
 Timestep has changed from  1.00000E-04 to  6.38929E-07.
 Iteration:  00000002   DeltaT:  6.389E-07   Iter/sec:  1.112E-01
 Iteration:  00000003   DeltaT:  6.389E-07   Iter/sec:  7.955E-01
 Iteration:  00000004   DeltaT:  6.389E-07   Iter/sec:  1.441E+00
 Iteration:  00000005   DeltaT:  6.389E-07   Iter/sec:  1.491E+00
 Iteration:  00000006   DeltaT:  6.389E-07   Iter/sec:  1.497E+00
 Iteration:  00000007   DeltaT:  6.389E-07   Iter/sec:  1.461E+00
 Iteration:  00000008   DeltaT:  6.389E-07   Iter/sec:  1.463E+00
 Iteration:  00000009   DeltaT:  6.389E-07   Iter/sec:  1.449E+00
 Iteration:  00000010   DeltaT:  6.389E-07   Iter/sec:  1.350E+00
 Iteration:  00000011   DeltaT:  6.389E-07   Iter/sec:  1.502E+00
 Iteration:  00000012   DeltaT:  6.389E-07   Iter/sec:  1.415E+00
 Iteration:  00000013   DeltaT:  6.389E-07   Iter/sec:  1.405E+00
 Iteration:  00000014   DeltaT:  6.389E-07   Iter/sec:  1.475E+00
 Iteration:  00000015   DeltaT:  6.389E-07   Iter/sec:  1.476E+00
 Iteration:  00000016   DeltaT:  6.389E-07   Iter/sec:  1.460E+00
 Iteration:  00000017   DeltaT:  6.389E-07   Iter/sec:  1.460E+00
 Iteration:  00000018   DeltaT:  6.389E-07   Iter/sec:  1.465E+00
 Iteration:  00000019   DeltaT:  6.389E-07   Iter/sec:  1.447E+00
 Iteration:  00000020   DeltaT:  6.389E-07   Iter/sec:  1.460E+00
 Iteration:  00000021   DeltaT:  6.389E-07   Iter/sec:  1.477E+00
 Iteration:  00000022   DeltaT:  6.389E-07   Iter/sec:  1.458E+00
 Iteration:  00000023   DeltaT:  6.389E-07   Iter/sec:  1.478E+00
 Iteration:  00000024   DeltaT:  6.389E-07   Iter/sec:  1.461E+00
 Iteration:  00000025   DeltaT:  6.389E-07   Iter/sec:  1.476E+00
 Iteration:  00000026   DeltaT:  6.389E-07   Iter/sec:  1.422E+00
 Iteration:  00000027   DeltaT:  6.389E-07   Iter/sec:  1.389E+00
 Iteration:  00000028   DeltaT:  6.389E-07   Iter/sec:  1.484E+00
 Iteration:  00000029   DeltaT:  6.389E-07   Iter/sec:  1.342E+00
 Iteration:  00000030   DeltaT:  6.389E-07   Iter/sec:  1.473E+00
 Iteration:  00000031   DeltaT:  6.389E-07   Iter/sec:  1.450E+00
 Iteration:  00000032   DeltaT:  6.389E-07   Iter/sec:  1.462E+00
 Iteration:  00000033   DeltaT:  6.389E-07   Iter/sec:  1.477E+00
 Iteration:  00000034   DeltaT:  6.389E-07   Iter/sec:  1.478E+00
 Iteration:  00000035   DeltaT:  6.389E-07   Iter/sec:  1.463E+00
 Iteration:  00000036   DeltaT:  6.389E-07   Iter/sec:  1.466E+00
 Iteration:  00000037   DeltaT:  6.389E-07   Iter/sec:  1.430E+00
 Iteration:  00000038   DeltaT:  6.389E-07   Iter/sec:  1.482E+00
 Iteration:  00000039   DeltaT:  6.389E-07   Iter/sec:  1.469E+00
 Iteration:  00000040   DeltaT:  6.389E-07   Iter/sec:  1.395E+00
 Iteration:  00000041   DeltaT:  6.389E-07   Iter/sec:  1.448E+00
 Iteration:  00000042   DeltaT:  6.389E-07   Iter/sec:  1.436E+00
 Iteration:  00000043   DeltaT:  6.389E-07   Iter/sec:  1.361E+00
 Iteration:  00000044   DeltaT:  6.389E-07   Iter/sec:  1.476E+00
 Iteration:  00000045   DeltaT:  6.389E-07   Iter/sec:  1.388E+00
 Iteration:  00000046   DeltaT:  6.389E-07   Iter/sec:  1.418E+00
 Iteration:  00000047   DeltaT:  6.389E-07   Iter/sec:  1.428E+00
 Iteration:  00000048   DeltaT:  6.389E-07   Iter/sec:  1.435E+00
 Iteration:  00000049   DeltaT:  6.389E-07   Iter/sec:  1.480E+00
 Iteration:  00000050   DeltaT:  6.389E-07   Iter/sec:  1.449E+00


//////////////////////////////////////////////
   Measured Timings for Process 0  (seconds)

 Elapsed time:        35.6413
  Column time:         9.0599
     Row time:         8.8568
Legendre time:         3.8343
     FFT time:         1.9411
   Solve time:         1.7264
    rlma time:         0.4056
    rlmb time:         0.1951
  pspace time:         4.4401
  psolve time:         4.5226
    dphi time:         0.2601
captured time:        35.2420

     iter/sec:         1.4029
//////////////////////////////////////////////
