 //////////////////////////////////////
 Initializating Rayleigh...

 -- Initalizing MPI...
 ---- Specified parameters:
 ---- NCPU  :     64
 ---- NPROW :      8
 ---- NPCOL :      8
 -- MPI initialized.


 -- Initalizing Grid...
 ---- Specified parameters ----
 ---- N_R                 :     64
 ---- N_THETA             :    192
 ---- Ell_MAX             :    127
 ---- R_MIN               :  5.38462E-01
 ---- R_MAX               :  1.53846E+00
 ---- Chebyshev Domains   :      1

        Domain 1
          Grid points           :  64
          Dealiased Polynomials :  42
          Domain Lower Bound    :  5.38462E-01
          Domain Upper Bound    :  1.53846E+00

 -- Grid initialized.

[SHTns 3.4.5] built Apr 30 2021, 15:49:24, id: avx2,ishioka
        Lmax=127, Mmax*Mres=127, Mres=1, Nlm=8256  [1 threads, orthonormalized]
        => using FFTW : Mmax=127, Nphi=384, Nlat=192  (data layout : phi_inc=192, theta_inc=1, phi_embed=384)
        => using Gauss nodes
        + polar optimization threshold = 1.0e-08
        finding optimal algorithm........
        + SHT accuracy = 6.76e-14
        => SHTns is ready.
 -- Initalizing Reference State...
 ---- Specified parameters:
 ---- Reference type           :  Boussinesq (Non-dimensional)
 ---- Rayleigh Number          :  1.00000E+05
 ---- Ekman Number             :  1.00000E-03
 ---- Prandtl Number           :  1.00000E+00
 ---- Magnetic Prandtl Number  :  5.00000E+00
 -- Reference State initialized.

 -- Initializing Fields...
 ---- Specified parameters:
 ---- Hydro Init Type    : Benchmark (Christensen et al. 2001)
 ---- Magnetic Init Type : Benchmark (Christensen et al. 2001)
 -- Fields initialized.

 Initialization Complete.
 //////////////////////////////////////

 Timestep has changed from  0.00000E+00 to  1.00000E-04.
 Iteration:  00000001   DeltaT:  1.000E-04   Iter/sec:  0.000E+00
 Timestep has changed from  1.00000E-04 to  1.02217E-05.
 Iteration:  00000002   DeltaT:  1.022E-05   Iter/sec:  2.437E-01
 Iteration:  00000003   DeltaT:  1.022E-05   Iter/sec:  8.046E+00
 Iteration:  00000004   DeltaT:  1.022E-05   Iter/sec:  9.169E+00
 Iteration:  00000005   DeltaT:  1.022E-05   Iter/sec:  9.101E+00
 Iteration:  00000006   DeltaT:  1.022E-05   Iter/sec:  9.138E+00
 Iteration:  00000007   DeltaT:  1.022E-05   Iter/sec:  9.416E+00
 Iteration:  00000008   DeltaT:  1.022E-05   Iter/sec:  9.071E+00
 Iteration:  00000009   DeltaT:  1.022E-05   Iter/sec:  9.246E+00
 Iteration:  00000010   DeltaT:  1.022E-05   Iter/sec:  9.229E+00
 Iteration:  00000011   DeltaT:  1.022E-05   Iter/sec:  9.220E+00
 Iteration:  00000012   DeltaT:  1.022E-05   Iter/sec:  9.383E+00
 Iteration:  00000013   DeltaT:  1.022E-05   Iter/sec:  9.277E+00
 Iteration:  00000014   DeltaT:  1.022E-05   Iter/sec:  9.342E+00
 Iteration:  00000015   DeltaT:  1.022E-05   Iter/sec:  9.272E+00
 Iteration:  00000016   DeltaT:  1.022E-05   Iter/sec:  9.357E+00
 Iteration:  00000017   DeltaT:  1.022E-05   Iter/sec:  9.571E+00
 Iteration:  00000018   DeltaT:  1.022E-05   Iter/sec:  9.575E+00
 Iteration:  00000019   DeltaT:  1.022E-05   Iter/sec:  9.641E+00
 Iteration:  00000020   DeltaT:  1.022E-05   Iter/sec:  9.626E+00
 Iteration:  00000021   DeltaT:  1.022E-05   Iter/sec:  9.656E+00
 Iteration:  00000022   DeltaT:  1.022E-05   Iter/sec:  9.595E+00
 Iteration:  00000023   DeltaT:  1.022E-05   Iter/sec:  9.553E+00
 Iteration:  00000024   DeltaT:  1.022E-05   Iter/sec:  9.601E+00
 Iteration:  00000025   DeltaT:  1.022E-05   Iter/sec:  9.551E+00
 Iteration:  00000026   DeltaT:  1.022E-05   Iter/sec:  9.593E+00
 Iteration:  00000027   DeltaT:  1.022E-05   Iter/sec:  9.626E+00
 Iteration:  00000028   DeltaT:  1.022E-05   Iter/sec:  9.698E+00
 Iteration:  00000029   DeltaT:  1.022E-05   Iter/sec:  9.591E+00
 Iteration:  00000030   DeltaT:  1.022E-05   Iter/sec:  9.615E+00
 Iteration:  00000031   DeltaT:  1.022E-05   Iter/sec:  9.589E+00
 Iteration:  00000032   DeltaT:  1.022E-05   Iter/sec:  9.817E+00
 Iteration:  00000033   DeltaT:  1.022E-05   Iter/sec:  9.610E+00
 Iteration:  00000034   DeltaT:  1.022E-05   Iter/sec:  9.664E+00
 Iteration:  00000035   DeltaT:  1.022E-05   Iter/sec:  9.721E+00
 Iteration:  00000036   DeltaT:  1.022E-05   Iter/sec:  9.670E+00
 Iteration:  00000037   DeltaT:  1.022E-05   Iter/sec:  9.677E+00
 Iteration:  00000038   DeltaT:  1.022E-05   Iter/sec:  9.767E+00
 Iteration:  00000039   DeltaT:  1.022E-05   Iter/sec:  9.746E+00
 Iteration:  00000040   DeltaT:  1.022E-05   Iter/sec:  9.777E+00
 Iteration:  00000041   DeltaT:  1.022E-05   Iter/sec:  9.692E+00
 Iteration:  00000042   DeltaT:  1.022E-05   Iter/sec:  9.710E+00
 Iteration:  00000043   DeltaT:  1.022E-05   Iter/sec:  9.820E+00
 Iteration:  00000044   DeltaT:  1.022E-05   Iter/sec:  9.755E+00
 Iteration:  00000045   DeltaT:  1.022E-05   Iter/sec:  9.717E+00
 Iteration:  00000046   DeltaT:  1.022E-05   Iter/sec:  9.781E+00
 Iteration:  00000047   DeltaT:  1.022E-05   Iter/sec:  9.683E+00
 Iteration:  00000048   DeltaT:  1.022E-05   Iter/sec:  9.801E+00
 Iteration:  00000049   DeltaT:  1.022E-05   Iter/sec:  9.731E+00
 Iteration:  00000050   DeltaT:  1.022E-05   Iter/sec:  9.708E+00


//////////////////////////////////////////////
   Measured Timings for Process 0  (seconds)

 Elapsed time:         5.2746
  Column time:         0.5147
     Row time:         2.0031
Legendre time:         0.3685
     FFT time:         0.5013
   Solve time:         0.1568
    rlma time:         0.0868
    rlmb time:         0.0359
  pspace time:         0.8606
  psolve time:         0.6266
    dphi time:         0.0607
captured time:         5.2150

     iter/sec:         9.4793
//////////////////////////////////////////////
