 //////////////////////////////////////
 Initializating Rayleigh...

 -- Initalizing MPI...
 ---- Specified parameters:
 ---- NCPU  :    512
 ---- NPROW :     32
 ---- NPCOL :     16
 -- MPI initialized.


 -- Initalizing Grid...
 ---- Specified parameters ----
 ---- N_R                 :    128
 ---- N_THETA             :    384
 ---- Ell_MAX             :    255
 ---- R_MIN               :  5.38462E-01
 ---- R_MAX               :  1.53846E+00
 ---- Chebyshev Domains   :      1

        Domain 1
          Grid points           :  128
          Dealiased Polynomials :  85
          Domain Lower Bound    :  5.38462E-01
          Domain Upper Bound    :  1.53846E+00

 -- Grid initialized.

[SHTns 3.4.5] built Apr 30 2021, 15:49:24, id: avx2,ishioka
        Lmax=255, Mmax*Mres=255, Mres=1, Nlm=32896  [1 threads, orthonormalized]
        => using FFTW : Mmax=255, Nphi=768, Nlat=384  (data layout : phi_inc=384, theta_inc=1, phi_embed=768)
        => using Gauss nodes
        + polar optimization threshold = 1.0e-08
        finding optimal algorithm..........
        + SHT accuracy = 8.76e-13
        => SHTns is ready.
 -- Initalizing Reference State...
 ---- Specified parameters:
 ---- Reference type           :  Boussinesq (Non-dimensional)
 ---- Rayleigh Number          :  1.00000E+05
 ---- Ekman Number             :  1.00000E-03
 ---- Prandtl Number           :  1.00000E+00
 ---- Magnetic Prandtl Number  :  5.00000E+00
 -- Reference State initialized.

 -- Initializing Fields...
 ---- Specified parameters:
 ---- Hydro Init Type    : Benchmark (Christensen et al. 2001)
 ---- Magnetic Init Type : Benchmark (Christensen et al. 2001)
 -- Fields initialized.

 Initialization Complete.
 //////////////////////////////////////

 Timestep has changed from  0.00000E+00 to  1.00000E-04.
 Iteration:  00000001   DeltaT:  1.000E-04   Iter/sec:  0.000E+00
 Timestep has changed from  1.00000E-04 to  2.55566E-06.
 Iteration:  00000002   DeltaT:  2.556E-06   Iter/sec:  1.151E-01
 Iteration:  00000003   DeltaT:  2.556E-06   Iter/sec:  4.150E+00
 Iteration:  00000004   DeltaT:  2.556E-06   Iter/sec:  5.739E+00
 Iteration:  00000005   DeltaT:  2.556E-06   Iter/sec:  6.002E+00
 Iteration:  00000006   DeltaT:  2.556E-06   Iter/sec:  6.112E+00
 Iteration:  00000007   DeltaT:  2.556E-06   Iter/sec:  6.006E+00
 Iteration:  00000008   DeltaT:  2.556E-06   Iter/sec:  5.914E+00
 Iteration:  00000009   DeltaT:  2.556E-06   Iter/sec:  6.224E+00
 Iteration:  00000010   DeltaT:  2.556E-06   Iter/sec:  6.002E+00
 Iteration:  00000011   DeltaT:  2.556E-06   Iter/sec:  6.328E+00
 Iteration:  00000012   DeltaT:  2.556E-06   Iter/sec:  6.077E+00
 Iteration:  00000013   DeltaT:  2.556E-06   Iter/sec:  6.073E+00
 Iteration:  00000014   DeltaT:  2.556E-06   Iter/sec:  6.085E+00
 Iteration:  00000015   DeltaT:  2.556E-06   Iter/sec:  6.126E+00
 Iteration:  00000016   DeltaT:  2.556E-06   Iter/sec:  6.199E+00
 Iteration:  00000017   DeltaT:  2.556E-06   Iter/sec:  6.348E+00
 Iteration:  00000018   DeltaT:  2.556E-06   Iter/sec:  6.071E+00
 Iteration:  00000019   DeltaT:  2.556E-06   Iter/sec:  6.239E+00
 Iteration:  00000020   DeltaT:  2.556E-06   Iter/sec:  6.134E+00
 Iteration:  00000021   DeltaT:  2.556E-06   Iter/sec:  6.575E+00
 Iteration:  00000022   DeltaT:  2.556E-06   Iter/sec:  6.189E+00
 Iteration:  00000023   DeltaT:  2.556E-06   Iter/sec:  6.282E+00
 Iteration:  00000024   DeltaT:  2.556E-06   Iter/sec:  6.242E+00
 Iteration:  00000025   DeltaT:  2.556E-06   Iter/sec:  6.395E+00
 Iteration:  00000026   DeltaT:  2.556E-06   Iter/sec:  6.268E+00
 Iteration:  00000027   DeltaT:  2.556E-06   Iter/sec:  6.220E+00
 Iteration:  00000028   DeltaT:  2.556E-06   Iter/sec:  6.282E+00
 Iteration:  00000029   DeltaT:  2.556E-06   Iter/sec:  6.202E+00
 Iteration:  00000030   DeltaT:  2.556E-06   Iter/sec:  6.105E+00
 Iteration:  00000031   DeltaT:  2.556E-06   Iter/sec:  5.610E+00
 Iteration:  00000032   DeltaT:  2.556E-06   Iter/sec:  6.447E+00
 Iteration:  00000033   DeltaT:  2.556E-06   Iter/sec:  6.327E+00
 Iteration:  00000034   DeltaT:  2.556E-06   Iter/sec:  6.340E+00
 Iteration:  00000035   DeltaT:  2.556E-06   Iter/sec:  5.916E+00
 Iteration:  00000036   DeltaT:  2.556E-06   Iter/sec:  5.461E+00
 Iteration:  00000037   DeltaT:  2.556E-06   Iter/sec:  6.434E+00
 Iteration:  00000038   DeltaT:  2.556E-06   Iter/sec:  6.139E+00
 Iteration:  00000039   DeltaT:  2.556E-06   Iter/sec:  6.207E+00
 Iteration:  00000040   DeltaT:  2.556E-06   Iter/sec:  5.692E+00
 Iteration:  00000041   DeltaT:  2.556E-06   Iter/sec:  4.846E+00
 Iteration:  00000042   DeltaT:  2.556E-06   Iter/sec:  6.656E+00
 Iteration:  00000043   DeltaT:  2.556E-06   Iter/sec:  6.139E+00
 Iteration:  00000044   DeltaT:  2.556E-06   Iter/sec:  5.779E+00
 Iteration:  00000045   DeltaT:  2.556E-06   Iter/sec:  6.623E+00
 Iteration:  00000046   DeltaT:  2.556E-06   Iter/sec:  4.607E+00
 Iteration:  00000047   DeltaT:  2.556E-06   Iter/sec:  6.549E+00
 Iteration:  00000048   DeltaT:  2.556E-06   Iter/sec:  6.174E+00
 Iteration:  00000049   DeltaT:  2.556E-06   Iter/sec:  5.947E+00
 Iteration:  00000050   DeltaT:  2.556E-06   Iter/sec:  5.647E+00


//////////////////////////////////////////////
   Measured Timings for Process 0  (seconds)

 Elapsed time:         8.4072
  Column time:         2.9810
     Row time:         2.2053
Legendre time:         0.5437
     FFT time:         0.4891
   Solve time:         0.4127
    rlma time:         0.0823
    rlmb time:         0.0369
  pspace time:         0.8583
  psolve time:         0.6893
    dphi time:         0.0443
captured time:         8.3430

     iter/sec:         5.9473
//////////////////////////////////////////////
