 //////////////////////////////////////
 Initializating Rayleigh...

 -- Initalizing MPI...
 ---- Specified parameters:
 ---- NCPU  :    512
 ---- NPROW :     32
 ---- NPCOL :     16
 -- MPI initialized.


 -- Initalizing Grid...
 ---- Specified parameters ----
 ---- N_R                 :    512
 ---- N_THETA             :   1536
 ---- Ell_MAX             :   1023
 ---- R_MIN               :  5.38462E-01
 ---- R_MAX               :  1.53846E+00
 ---- Chebyshev Domains   :      1

        Domain 1
          Grid points           :  512
          Dealiased Polynomials :  341
          Domain Lower Bound    :  5.38462E-01
          Domain Upper Bound    :  1.53846E+00

 -- Grid initialized.

[SHTns 3.4.5] built Apr 30 2021, 15:49:24, id: avx2,ishioka
        Lmax=1023, Mmax*Mres=1023, Mres=1, Nlm=524800  [1 threads, orthonormalized]
        => using FFTW : Mmax=1023, Nphi=3072, Nlat=1536  (data layout : phi_inc=1536, theta_inc=1, phi_embed=3072)
        => using Gauss nodes
        + polar optimization threshold = 1.0e-08
        finding optimal algorithm...
        + SHT accuracy = 9.7e-13
        => SHTns is ready.
 -- Initalizing Reference State...
 ---- Specified parameters:
 ---- Reference type           :  Boussinesq (Non-dimensional)
 ---- Rayleigh Number          :  1.00000E+05
 ---- Ekman Number             :  1.00000E-03
 ---- Prandtl Number           :  1.00000E+00
 ---- Magnetic Prandtl Number  :  5.00000E+00
 -- Reference State initialized.

 -- Initializing Fields...
 ---- Specified parameters:
 ---- Hydro Init Type    : Benchmark (Christensen et al. 2001)
 ---- Magnetic Init Type : Benchmark (Christensen et al. 2001)
 -- Fields initialized.

 Initialization Complete.
 //////////////////////////////////////

 Timestep has changed from  0.00000E+00 to  1.00000E-04.
 Iteration:  00000001   DeltaT:  1.000E-04   Iter/sec:  0.000E+00
 Timestep has changed from  1.00000E-04 to  1.59733E-07.
 Iteration:  00000002   DeltaT:  1.597E-07   Iter/sec:  2.591E-02
 Iteration:  00000003   DeltaT:  1.597E-07   Iter/sec:  3.404E-02
 Iteration:  00000004   DeltaT:  1.597E-07   Iter/sec:  6.959E-02
 Iteration:  00000005   DeltaT:  1.597E-07   Iter/sec:  7.068E-02
 Iteration:  00000006   DeltaT:  1.597E-07   Iter/sec:  6.899E-02
 Iteration:  00000007   DeltaT:  1.597E-07   Iter/sec:  6.968E-02
 Iteration:  00000008   DeltaT:  1.597E-07   Iter/sec:  6.908E-02
 Iteration:  00000009   DeltaT:  1.597E-07   Iter/sec:  6.873E-02
 Iteration:  00000010   DeltaT:  1.597E-07   Iter/sec:  6.959E-02
 Iteration:  00000011   DeltaT:  1.597E-07   Iter/sec:  6.894E-02
 Iteration:  00000012   DeltaT:  1.597E-07   Iter/sec:  6.938E-02
 Iteration:  00000013   DeltaT:  1.597E-07   Iter/sec:  6.921E-02
 Iteration:  00000014   DeltaT:  1.597E-07   Iter/sec:  6.852E-02
 Iteration:  00000015   DeltaT:  1.597E-07   Iter/sec:  6.900E-02
 Iteration:  00000016   DeltaT:  1.597E-07   Iter/sec:  6.926E-02
 Iteration:  00000017   DeltaT:  1.597E-07   Iter/sec:  6.919E-02
 Iteration:  00000018   DeltaT:  1.597E-07   Iter/sec:  6.997E-02
 Iteration:  00000019   DeltaT:  1.597E-07   Iter/sec:  6.894E-02
 Iteration:  00000020   DeltaT:  1.597E-07   Iter/sec:  6.932E-02
 Iteration:  00000021   DeltaT:  1.597E-07   Iter/sec:  6.922E-02
 Iteration:  00000022   DeltaT:  1.597E-07   Iter/sec:  6.964E-02
 Iteration:  00000023   DeltaT:  1.597E-07   Iter/sec:  6.931E-02
 Iteration:  00000024   DeltaT:  1.597E-07   Iter/sec:  6.946E-02
 Iteration:  00000025   DeltaT:  1.597E-07   Iter/sec:  6.956E-02
 Iteration:  00000026   DeltaT:  1.597E-07   Iter/sec:  6.940E-02
 Iteration:  00000027   DeltaT:  1.597E-07   Iter/sec:  6.911E-02
 Iteration:  00000028   DeltaT:  1.597E-07   Iter/sec:  7.020E-02
 Iteration:  00000029   DeltaT:  1.597E-07   Iter/sec:  6.953E-02
 Iteration:  00000030   DeltaT:  1.597E-07   Iter/sec:  6.976E-02
 Iteration:  00000031   DeltaT:  1.597E-07   Iter/sec:  6.911E-02
 Iteration:  00000032   DeltaT:  1.597E-07   Iter/sec:  6.990E-02
 Iteration:  00000033   DeltaT:  1.597E-07   Iter/sec:  6.926E-02
 Iteration:  00000034   DeltaT:  1.597E-07   Iter/sec:  6.940E-02
 Iteration:  00000035   DeltaT:  1.597E-07   Iter/sec:  6.951E-02
 Iteration:  00000036   DeltaT:  1.597E-07   Iter/sec:  6.940E-02
 Iteration:  00000037   DeltaT:  1.597E-07   Iter/sec:  6.891E-02
 Iteration:  00000038   DeltaT:  1.597E-07   Iter/sec:  6.893E-02
 Iteration:  00000039   DeltaT:  1.597E-07   Iter/sec:  6.901E-02
 Iteration:  00000040   DeltaT:  1.597E-07   Iter/sec:  7.045E-02
 Iteration:  00000041   DeltaT:  1.597E-07   Iter/sec:  6.911E-02
 Iteration:  00000042   DeltaT:  1.597E-07   Iter/sec:  7.058E-02
 Iteration:  00000043   DeltaT:  1.597E-07   Iter/sec:  6.843E-02
 Iteration:  00000044   DeltaT:  1.597E-07   Iter/sec:  6.852E-02
 Iteration:  00000045   DeltaT:  1.597E-07   Iter/sec:  6.917E-02
 Iteration:  00000046   DeltaT:  1.597E-07   Iter/sec:  6.935E-02
 Iteration:  00000047   DeltaT:  1.597E-07   Iter/sec:  6.886E-02
 Iteration:  00000048   DeltaT:  1.597E-07   Iter/sec:  6.965E-02
 Iteration:  00000049   DeltaT:  1.597E-07   Iter/sec:  6.867E-02
 Iteration:  00000050   DeltaT:  1.597E-07   Iter/sec:  6.872E-02


//////////////////////////////////////////////
   Measured Timings for Process 0  (seconds)

 Elapsed time:       751.0863
  Column time:       172.3380
     Row time:       220.8741
Legendre time:       102.2791
     FFT time:        33.4303
   Solve time:        36.3528
    rlma time:        14.9399
    rlmb time:         6.3990
  pspace time:        62.1266
  psolve time:        90.7269
    dphi time:         2.1330
captured time:       741.5998

     iter/sec:         0.0666
//////////////////////////////////////////////
