 //////////////////////////////////////
 Initializating Rayleigh...

 -- Initalizing MPI...
 ---- Specified parameters:
 ---- NCPU  :   1024
 ---- NPROW :     64
 ---- NPCOL :     16
 -- MPI initialized.


 -- Initalizing Grid...
 ---- Specified parameters ----
 ---- N_R                 :    256
 ---- N_THETA             :    768
 ---- Ell_MAX             :    511
 ---- R_MIN               :  5.38462E-01
 ---- R_MAX               :  1.53846E+00
 ---- Chebyshev Domains   :      1

        Domain 1
          Grid points           :  256
          Dealiased Polynomials :  170
          Domain Lower Bound    :  5.38462E-01
          Domain Upper Bound    :  1.53846E+00

 -- Grid initialized.

[SHTns 3.4.5] built Apr 30 2021, 15:49:24, id: avx2,ishioka
        Lmax=511, Mmax*Mres=511, Mres=1, Nlm=131328  [1 threads, orthonormalized]
        => using FFTW : Mmax=511, Nphi=1536, Nlat=768  (data layout : phi_inc=768, theta_inc=1, phi_embed=1536)
        => using Gauss nodes
        + polar optimization threshold = 1.0e-08
        finding optimal algorithm........
        + SHT accuracy = 3.88e-13
        => SHTns is ready.
 -- Initalizing Reference State...
 ---- Specified parameters:
 ---- Reference type           :  Boussinesq (Non-dimensional)
 ---- Rayleigh Number          :  1.00000E+05
 ---- Ekman Number             :  1.00000E-03
 ---- Prandtl Number           :  1.00000E+00
 ---- Magnetic Prandtl Number  :  5.00000E+00
 -- Reference State initialized.

 -- Initializing Fields...
 ---- Specified parameters:
 ---- Hydro Init Type    : Benchmark (Christensen et al. 2001)
 ---- Magnetic Init Type : Benchmark (Christensen et al. 2001)
 -- Fields initialized.

 Initialization Complete.
 //////////////////////////////////////

 Timestep has changed from  0.00000E+00 to  1.00000E-04.
 Iteration:  00000001   DeltaT:  1.000E-04   Iter/sec:  0.000E+00
 Timestep has changed from  1.00000E-04 to  6.38929E-07.
 Iteration:  00000002   DeltaT:  6.389E-07   Iter/sec:  1.065E-01
 Iteration:  00000003   DeltaT:  6.389E-07   Iter/sec:  4.659E-01
 Iteration:  00000004   DeltaT:  6.389E-07   Iter/sec:  1.272E+00
 Iteration:  00000005   DeltaT:  6.389E-07   Iter/sec:  1.185E+00
 Iteration:  00000006   DeltaT:  6.389E-07   Iter/sec:  1.250E+00
 Iteration:  00000007   DeltaT:  6.389E-07   Iter/sec:  1.175E+00
 Iteration:  00000008   DeltaT:  6.389E-07   Iter/sec:  1.184E+00
 Iteration:  00000009   DeltaT:  6.389E-07   Iter/sec:  1.205E+00
 Iteration:  00000010   DeltaT:  6.389E-07   Iter/sec:  1.235E+00
 Iteration:  00000011   DeltaT:  6.389E-07   Iter/sec:  1.208E+00
 Iteration:  00000012   DeltaT:  6.389E-07   Iter/sec:  1.233E+00
 Iteration:  00000013   DeltaT:  6.389E-07   Iter/sec:  1.184E+00
 Iteration:  00000014   DeltaT:  6.389E-07   Iter/sec:  1.207E+00
 Iteration:  00000015   DeltaT:  6.389E-07   Iter/sec:  1.181E+00
 Iteration:  00000016   DeltaT:  6.389E-07   Iter/sec:  1.232E+00
 Iteration:  00000017   DeltaT:  6.389E-07   Iter/sec:  1.192E+00
 Iteration:  00000018   DeltaT:  6.389E-07   Iter/sec:  1.245E+00
 Iteration:  00000019   DeltaT:  6.389E-07   Iter/sec:  1.224E+00
 Iteration:  00000020   DeltaT:  6.389E-07   Iter/sec:  1.234E+00
 Iteration:  00000021   DeltaT:  6.389E-07   Iter/sec:  1.184E+00
 Iteration:  00000022   DeltaT:  6.389E-07   Iter/sec:  1.229E+00
 Iteration:  00000023   DeltaT:  6.389E-07   Iter/sec:  1.217E+00
 Iteration:  00000024   DeltaT:  6.389E-07   Iter/sec:  1.215E+00
 Iteration:  00000025   DeltaT:  6.389E-07   Iter/sec:  1.213E+00
 Iteration:  00000026   DeltaT:  6.389E-07   Iter/sec:  1.147E+00
 Iteration:  00000027   DeltaT:  6.389E-07   Iter/sec:  1.219E+00
 Iteration:  00000028   DeltaT:  6.389E-07   Iter/sec:  1.145E+00
 Iteration:  00000029   DeltaT:  6.389E-07   Iter/sec:  1.167E+00
 Iteration:  00000030   DeltaT:  6.389E-07   Iter/sec:  1.258E+00
 Iteration:  00000031   DeltaT:  6.389E-07   Iter/sec:  1.168E+00
 Iteration:  00000032   DeltaT:  6.389E-07   Iter/sec:  1.236E+00
 Iteration:  00000033   DeltaT:  6.389E-07   Iter/sec:  1.188E+00
 Iteration:  00000034   DeltaT:  6.389E-07   Iter/sec:  1.239E+00
 Iteration:  00000035   DeltaT:  6.389E-07   Iter/sec:  1.207E+00
 Iteration:  00000036   DeltaT:  6.389E-07   Iter/sec:  1.256E+00
 Iteration:  00000037   DeltaT:  6.389E-07   Iter/sec:  1.176E+00
 Iteration:  00000038   DeltaT:  6.389E-07   Iter/sec:  1.201E+00
 Iteration:  00000039   DeltaT:  6.389E-07   Iter/sec:  1.231E+00
 Iteration:  00000040   DeltaT:  6.389E-07   Iter/sec:  1.192E+00
 Iteration:  00000041   DeltaT:  6.389E-07   Iter/sec:  1.233E+00
 Iteration:  00000042   DeltaT:  6.389E-07   Iter/sec:  1.229E+00
 Iteration:  00000043   DeltaT:  6.389E-07   Iter/sec:  1.254E+00
 Iteration:  00000044   DeltaT:  6.389E-07   Iter/sec:  1.180E+00
 Iteration:  00000045   DeltaT:  6.389E-07   Iter/sec:  1.217E+00
 Iteration:  00000046   DeltaT:  6.389E-07   Iter/sec:  1.211E+00
 Iteration:  00000047   DeltaT:  6.389E-07   Iter/sec:  1.252E+00
 Iteration:  00000048   DeltaT:  6.389E-07   Iter/sec:  1.217E+00
 Iteration:  00000049   DeltaT:  6.389E-07   Iter/sec:  1.200E+00
 Iteration:  00000050   DeltaT:  6.389E-07   Iter/sec:  1.223E+00


//////////////////////////////////////////////
   Measured Timings for Process 0  (seconds)

 Elapsed time:        43.8904
  Column time:         8.8236
     Row time:        15.0744
Legendre time:         3.6987
     FFT time:         1.9193
   Solve time:         3.0970
    rlma time:         0.5696
    rlmb time:         0.1959
  pspace time:         4.2784
  psolve time:         5.6801
    dphi time:         0.2192
captured time:        43.5560

     iter/sec:         1.1392
//////////////////////////////////////////////
