 //////////////////////////////////////
 Initializating Rayleigh...

 -- Initalizing MPI...
 ---- Specified parameters:
 ---- NCPU  :     64
 ---- NPROW :      4
 ---- NPCOL :     16
 -- MPI initialized.


 -- Initalizing Grid...
 ---- Specified parameters ----
 ---- N_R                 :    128
 ---- N_THETA             :    384
 ---- Ell_MAX             :    255
 ---- R_MIN               :  5.38462E-01
 ---- R_MAX               :  1.53846E+00
 ---- Chebyshev Domains   :      1

        Domain 1
          Grid points           :  128
          Dealiased Polynomials :  85
          Domain Lower Bound    :  5.38462E-01
          Domain Upper Bound    :  1.53846E+00

 -- Grid initialized.

[SHTns 3.4.5] built Apr 30 2021, 15:49:24, id: avx2,ishioka
        Lmax=255, Mmax*Mres=255, Mres=1, Nlm=32896  [1 threads, orthonormalized]
        => using FFTW : Mmax=255, Nphi=768, Nlat=384  (data layout : phi_inc=384, theta_inc=1, phi_embed=768)
        => using Gauss nodes
        + polar optimization threshold = 1.0e-08
        finding optimal algorithm..........
        + SHT accuracy = 1.99e-12
        => SHTns is ready.
 -- Initalizing Reference State...
 ---- Specified parameters:
 ---- Reference type           :  Boussinesq (Non-dimensional)
 ---- Rayleigh Number          :  1.00000E+05
 ---- Ekman Number             :  1.00000E-03
 ---- Prandtl Number           :  1.00000E+00
 ---- Magnetic Prandtl Number  :  5.00000E+00
 -- Reference State initialized.

 -- Initializing Fields...
 ---- Specified parameters:
 ---- Hydro Init Type    : Benchmark (Christensen et al. 2001)
 ---- Magnetic Init Type : Benchmark (Christensen et al. 2001)
 -- Fields initialized.

 Initialization Complete.
 //////////////////////////////////////

 Timestep has changed from  0.00000E+00 to  1.00000E-04.
 Iteration:  00000001   DeltaT:  1.000E-04   Iter/sec:  0.000E+00
 Timestep has changed from  1.00000E-04 to  2.55566E-06.
 Iteration:  00000002   DeltaT:  2.556E-06   Iter/sec:  9.517E-02
 Iteration:  00000003   DeltaT:  2.556E-06   Iter/sec:  8.459E-01
 Iteration:  00000004   DeltaT:  2.556E-06   Iter/sec:  9.286E-01
 Iteration:  00000005   DeltaT:  2.556E-06   Iter/sec:  9.366E-01
 Iteration:  00000006   DeltaT:  2.556E-06   Iter/sec:  9.246E-01
 Iteration:  00000007   DeltaT:  2.556E-06   Iter/sec:  9.370E-01
 Iteration:  00000008   DeltaT:  2.556E-06   Iter/sec:  9.314E-01
 Iteration:  00000009   DeltaT:  2.556E-06   Iter/sec:  9.448E-01
 Iteration:  00000010   DeltaT:  2.556E-06   Iter/sec:  9.308E-01
 Iteration:  00000011   DeltaT:  2.556E-06   Iter/sec:  9.405E-01
 Iteration:  00000012   DeltaT:  2.556E-06   Iter/sec:  9.347E-01
 Iteration:  00000013   DeltaT:  2.556E-06   Iter/sec:  9.369E-01
 Iteration:  00000014   DeltaT:  2.556E-06   Iter/sec:  9.400E-01
 Iteration:  00000015   DeltaT:  2.556E-06   Iter/sec:  9.351E-01
 Iteration:  00000016   DeltaT:  2.556E-06   Iter/sec:  9.465E-01
 Iteration:  00000017   DeltaT:  2.556E-06   Iter/sec:  9.405E-01
 Iteration:  00000018   DeltaT:  2.556E-06   Iter/sec:  9.348E-01
 Iteration:  00000019   DeltaT:  2.556E-06   Iter/sec:  9.363E-01
 Iteration:  00000020   DeltaT:  2.556E-06   Iter/sec:  9.459E-01
 Iteration:  00000021   DeltaT:  2.556E-06   Iter/sec:  9.311E-01
 Iteration:  00000022   DeltaT:  2.556E-06   Iter/sec:  9.370E-01
 Iteration:  00000023   DeltaT:  2.556E-06   Iter/sec:  9.330E-01
 Iteration:  00000024   DeltaT:  2.556E-06   Iter/sec:  9.343E-01
 Iteration:  00000025   DeltaT:  2.556E-06   Iter/sec:  9.353E-01
 Iteration:  00000026   DeltaT:  2.556E-06   Iter/sec:  9.389E-01
 Iteration:  00000027   DeltaT:  2.556E-06   Iter/sec:  9.335E-01
 Iteration:  00000028   DeltaT:  2.556E-06   Iter/sec:  9.350E-01
 Iteration:  00000029   DeltaT:  2.556E-06   Iter/sec:  9.444E-01
 Iteration:  00000030   DeltaT:  2.556E-06   Iter/sec:  9.402E-01
 Iteration:  00000031   DeltaT:  2.556E-06   Iter/sec:  9.395E-01
 Iteration:  00000032   DeltaT:  2.556E-06   Iter/sec:  9.167E-01
 Iteration:  00000033   DeltaT:  2.556E-06   Iter/sec:  9.369E-01
 Iteration:  00000034   DeltaT:  2.556E-06   Iter/sec:  9.393E-01
 Iteration:  00000035   DeltaT:  2.556E-06   Iter/sec:  9.318E-01
 Iteration:  00000036   DeltaT:  2.556E-06   Iter/sec:  9.231E-01
 Iteration:  00000037   DeltaT:  2.556E-06   Iter/sec:  9.409E-01
 Iteration:  00000038   DeltaT:  2.556E-06   Iter/sec:  9.375E-01
 Iteration:  00000039   DeltaT:  2.556E-06   Iter/sec:  9.449E-01
 Iteration:  00000040   DeltaT:  2.556E-06   Iter/sec:  9.371E-01
 Iteration:  00000041   DeltaT:  2.556E-06   Iter/sec:  9.341E-01
 Iteration:  00000042   DeltaT:  2.556E-06   Iter/sec:  9.301E-01
 Iteration:  00000043   DeltaT:  2.556E-06   Iter/sec:  9.427E-01
 Iteration:  00000044   DeltaT:  2.556E-06   Iter/sec:  9.332E-01
 Iteration:  00000045   DeltaT:  2.556E-06   Iter/sec:  9.295E-01
 Iteration:  00000046   DeltaT:  2.556E-06   Iter/sec:  9.232E-01
 Iteration:  00000047   DeltaT:  2.556E-06   Iter/sec:  9.388E-01
 Iteration:  00000048   DeltaT:  2.556E-06   Iter/sec:  9.210E-01
 Iteration:  00000049   DeltaT:  2.556E-06   Iter/sec:  9.353E-01
 Iteration:  00000050   DeltaT:  2.556E-06   Iter/sec:  9.296E-01


//////////////////////////////////////////////
   Measured Timings for Process 0  (seconds)

 Elapsed time:        53.6731
  Column time:         6.2118
     Row time:        19.8004
Legendre time:         5.1058
     FFT time:         4.0512
   Solve time:         1.2476
    rlma time:         1.1249
    rlmb time:         0.4975
  pspace time:         7.8009
  psolve time:         6.6277
    dphi time:         0.2999
captured time:        52.7677

     iter/sec:         0.9316
//////////////////////////////////////////////
