 //////////////////////////////////////
 Initializating Rayleigh...

 -- Initalizing MPI...
 ---- Specified parameters:
 ---- NCPU  :   2048
 ---- NPROW :     32
 ---- NPCOL :     64
 -- MPI initialized.


 -- Initalizing Grid...
 ---- Specified parameters ----
 ---- N_R                 :    256
 ---- N_THETA             :    768
 ---- Ell_MAX             :    511
 ---- R_MIN               :  5.38462E-01
 ---- R_MAX               :  1.53846E+00
 ---- Chebyshev Domains   :      1

        Domain 1
          Grid points           :  256
          Dealiased Polynomials :  170
          Domain Lower Bound    :  5.38462E-01
          Domain Upper Bound    :  1.53846E+00

 -- Grid initialized.

[SHTns 3.4.5] built Apr 30 2021, 15:49:24, id: avx2,ishioka
        Lmax=511, Mmax*Mres=511, Mres=1, Nlm=131328  [1 threads, orthonormalized]
        => using FFTW : Mmax=511, Nphi=1536, Nlat=768  (data layout : phi_inc=768, theta_inc=1, phi_embed=1536)
        => using Gauss nodes
        + polar optimization threshold = 1.0e-08
        finding optimal algorithm........
        + SHT accuracy = 5.24e-13
        => SHTns is ready.
 -- Initalizing Reference State...
 ---- Specified parameters:
 ---- Reference type           :  Boussinesq (Non-dimensional)
 ---- Rayleigh Number          :  1.00000E+05
 ---- Ekman Number             :  1.00000E-03
 ---- Prandtl Number           :  1.00000E+00
 ---- Magnetic Prandtl Number  :  5.00000E+00
 -- Reference State initialized.

 -- Initializing Fields...
 ---- Specified parameters:
 ---- Hydro Init Type    : Benchmark (Christensen et al. 2001)
 ---- Magnetic Init Type : Benchmark (Christensen et al. 2001)
 -- Fields initialized.

 Initialization Complete.
 //////////////////////////////////////

 Timestep has changed from  0.00000E+00 to  1.00000E-04.
 Iteration:  00000001   DeltaT:  1.000E-04   Iter/sec:  0.000E+00
 Timestep has changed from  1.00000E-04 to  6.38929E-07.
 Iteration:  00000002   DeltaT:  6.389E-07   Iter/sec:  1.162E-01
 Iteration:  00000003   DeltaT:  6.389E-07   Iter/sec:  1.159E+00
 Iteration:  00000004   DeltaT:  6.389E-07   Iter/sec:  2.461E+00
 Iteration:  00000005   DeltaT:  6.389E-07   Iter/sec:  2.291E+00
 Iteration:  00000006   DeltaT:  6.389E-07   Iter/sec:  2.380E+00
 Iteration:  00000007   DeltaT:  6.389E-07   Iter/sec:  2.395E+00
 Iteration:  00000008   DeltaT:  6.389E-07   Iter/sec:  2.255E+00
 Iteration:  00000009   DeltaT:  6.389E-07   Iter/sec:  2.576E+00
 Iteration:  00000010   DeltaT:  6.389E-07   Iter/sec:  2.350E+00
 Iteration:  00000011   DeltaT:  6.389E-07   Iter/sec:  1.829E+00
 Iteration:  00000012   DeltaT:  6.389E-07   Iter/sec:  2.235E+00
 Iteration:  00000013   DeltaT:  6.389E-07   Iter/sec:  2.361E+00
 Iteration:  00000014   DeltaT:  6.389E-07   Iter/sec:  2.529E+00
 Iteration:  00000015   DeltaT:  6.389E-07   Iter/sec:  2.369E+00
 Iteration:  00000016   DeltaT:  6.389E-07   Iter/sec:  2.391E+00
 Iteration:  00000017   DeltaT:  6.389E-07   Iter/sec:  2.481E+00
 Iteration:  00000018   DeltaT:  6.389E-07   Iter/sec:  2.134E+00
 Iteration:  00000019   DeltaT:  6.389E-07   Iter/sec:  2.443E+00
 Iteration:  00000020   DeltaT:  6.389E-07   Iter/sec:  2.285E+00
 Iteration:  00000021   DeltaT:  6.389E-07   Iter/sec:  2.410E+00
 Iteration:  00000022   DeltaT:  6.389E-07   Iter/sec:  2.463E+00
 Iteration:  00000023   DeltaT:  6.389E-07   Iter/sec:  2.228E+00
 Iteration:  00000024   DeltaT:  6.389E-07   Iter/sec:  2.267E+00
 Iteration:  00000025   DeltaT:  6.389E-07   Iter/sec:  2.465E+00
 Iteration:  00000026   DeltaT:  6.389E-07   Iter/sec:  2.317E+00
 Iteration:  00000027   DeltaT:  6.389E-07   Iter/sec:  2.595E+00
 Iteration:  00000028   DeltaT:  6.389E-07   Iter/sec:  2.152E+00
 Iteration:  00000029   DeltaT:  6.389E-07   Iter/sec:  2.394E+00
 Iteration:  00000030   DeltaT:  6.389E-07   Iter/sec:  2.230E+00
 Iteration:  00000031   DeltaT:  6.389E-07   Iter/sec:  2.107E+00
 Iteration:  00000032   DeltaT:  6.389E-07   Iter/sec:  2.460E+00
 Iteration:  00000033   DeltaT:  6.389E-07   Iter/sec:  2.264E+00
 Iteration:  00000034   DeltaT:  6.389E-07   Iter/sec:  2.370E+00
 Iteration:  00000035   DeltaT:  6.389E-07   Iter/sec:  2.147E+00
 Iteration:  00000036   DeltaT:  6.389E-07   Iter/sec:  2.279E+00
 Iteration:  00000037   DeltaT:  6.389E-07   Iter/sec:  1.981E+00
 Iteration:  00000038   DeltaT:  6.389E-07   Iter/sec:  2.319E+00
 Iteration:  00000039   DeltaT:  6.389E-07   Iter/sec:  2.289E+00
 Iteration:  00000040   DeltaT:  6.389E-07   Iter/sec:  2.568E+00
 Iteration:  00000041   DeltaT:  6.389E-07   Iter/sec:  2.219E+00
 Iteration:  00000042   DeltaT:  6.389E-07   Iter/sec:  2.462E+00
 Iteration:  00000043   DeltaT:  6.389E-07   Iter/sec:  2.025E+00
 Iteration:  00000044   DeltaT:  6.389E-07   Iter/sec:  2.106E+00
 Iteration:  00000045   DeltaT:  6.389E-07   Iter/sec:  2.309E+00
 Iteration:  00000046   DeltaT:  6.389E-07   Iter/sec:  2.100E+00
 Iteration:  00000047   DeltaT:  6.389E-07   Iter/sec:  2.368E+00
 Iteration:  00000048   DeltaT:  6.389E-07   Iter/sec:  2.230E+00
 Iteration:  00000049   DeltaT:  6.389E-07   Iter/sec:  2.382E+00
 Iteration:  00000050   DeltaT:  6.389E-07   Iter/sec:  2.092E+00


//////////////////////////////////////////////
   Measured Timings for Process 0  (seconds)

 Elapsed time:        22.6403
  Column time:         8.4050
     Row time:         5.6332
Legendre time:         1.9064
     FFT time:         0.9446
   Solve time:         1.1179
    rlma time:         0.1770
    rlmb time:         0.0818
  pspace time:         1.7934
  psolve time:         2.3487
    dphi time:         0.0727
captured time:        22.4808

     iter/sec:         2.2085
//////////////////////////////////////////////
