 //////////////////////////////////////
 Initializating Rayleigh...

 -- Initalizing MPI...
 ---- Specified parameters:
 ---- NCPU  :   2048
 ---- NPROW :     64
 ---- NPCOL :     32
 -- MPI initialized.


 -- Initalizing Grid...
 ---- Specified parameters ----
 ---- N_R                 :    512
 ---- N_THETA             :   1536
 ---- Ell_MAX             :   1023
 ---- R_MIN               :  5.38462E-01
 ---- R_MAX               :  1.53846E+00
 ---- Chebyshev Domains   :      1

        Domain 1
          Grid points           :  512
          Dealiased Polynomials :  341
          Domain Lower Bound    :  5.38462E-01
          Domain Upper Bound    :  1.53846E+00

 -- Grid initialized.

[SHTns 3.4.5] built Apr 30 2021, 15:49:24, id: avx2,ishioka
        Lmax=1023, Mmax*Mres=1023, Mres=1, Nlm=524800  [1 threads, orthonormalized]
        => using FFTW : Mmax=1023, Nphi=3072, Nlat=1536  (data layout : phi_inc=1536, theta_inc=1, phi_embed=3072)
        => using Gauss nodes
        + polar optimization threshold = 1.0e-08
        finding optimal algorithm...
        + SHT accuracy = 1.13e-12
        => SHTns is ready.
 -- Initalizing Reference State...
 ---- Specified parameters:
 ---- Reference type           :  Boussinesq (Non-dimensional)
 ---- Rayleigh Number          :  1.00000E+05
 ---- Ekman Number             :  1.00000E-03
 ---- Prandtl Number           :  1.00000E+00
 ---- Magnetic Prandtl Number  :  5.00000E+00
 -- Reference State initialized.

 -- Initializing Fields...
 ---- Specified parameters:
 ---- Hydro Init Type    : Benchmark (Christensen et al. 2001)
 ---- Magnetic Init Type : Benchmark (Christensen et al. 2001)
 -- Fields initialized.

 Initialization Complete.
 //////////////////////////////////////

 Timestep has changed from  0.00000E+00 to  1.00000E-04.
 Iteration:  00000001   DeltaT:  1.000E-04   Iter/sec:  0.000E+00
 Timestep has changed from  1.00000E-04 to  1.59733E-07.
 Iteration:  00000002   DeltaT:  1.597E-07   Iter/sec:  4.911E-02
 Iteration:  00000003   DeltaT:  1.597E-07   Iter/sec:  8.741E-02
 Iteration:  00000004   DeltaT:  1.597E-07   Iter/sec:  2.537E-01
 Iteration:  00000005   DeltaT:  1.597E-07   Iter/sec:  2.523E-01
 Iteration:  00000006   DeltaT:  1.597E-07   Iter/sec:  2.579E-01
 Iteration:  00000007   DeltaT:  1.597E-07   Iter/sec:  2.562E-01
 Iteration:  00000008   DeltaT:  1.597E-07   Iter/sec:  2.594E-01
 Iteration:  00000009   DeltaT:  1.597E-07   Iter/sec:  2.597E-01
 Iteration:  00000010   DeltaT:  1.597E-07   Iter/sec:  2.541E-01
 Iteration:  00000011   DeltaT:  1.597E-07   Iter/sec:  2.509E-01
 Iteration:  00000012   DeltaT:  1.597E-07   Iter/sec:  2.605E-01
 Iteration:  00000013   DeltaT:  1.597E-07   Iter/sec:  2.550E-01
 Iteration:  00000014   DeltaT:  1.597E-07   Iter/sec:  2.618E-01
 Iteration:  00000015   DeltaT:  1.597E-07   Iter/sec:  2.519E-01
 Iteration:  00000016   DeltaT:  1.597E-07   Iter/sec:  2.559E-01
 Iteration:  00000017   DeltaT:  1.597E-07   Iter/sec:  2.621E-01
 Iteration:  00000018   DeltaT:  1.597E-07   Iter/sec:  2.574E-01
 Iteration:  00000019   DeltaT:  1.597E-07   Iter/sec:  2.505E-01
 Iteration:  00000020   DeltaT:  1.597E-07   Iter/sec:  2.622E-01
 Iteration:  00000021   DeltaT:  1.597E-07   Iter/sec:  2.512E-01
 Iteration:  00000022   DeltaT:  1.597E-07   Iter/sec:  2.536E-01
 Iteration:  00000023   DeltaT:  1.597E-07   Iter/sec:  2.614E-01
 Iteration:  00000024   DeltaT:  1.597E-07   Iter/sec:  2.551E-01
 Iteration:  00000025   DeltaT:  1.597E-07   Iter/sec:  2.525E-01
 Iteration:  00000026   DeltaT:  1.597E-07   Iter/sec:  2.598E-01
 Iteration:  00000027   DeltaT:  1.597E-07   Iter/sec:  2.559E-01
 Iteration:  00000028   DeltaT:  1.597E-07   Iter/sec:  2.559E-01
 Iteration:  00000029   DeltaT:  1.597E-07   Iter/sec:  2.549E-01
 Iteration:  00000030   DeltaT:  1.597E-07   Iter/sec:  2.586E-01
 Iteration:  00000031   DeltaT:  1.597E-07   Iter/sec:  2.572E-01
 Iteration:  00000032   DeltaT:  1.597E-07   Iter/sec:  2.595E-01
 Iteration:  00000033   DeltaT:  1.597E-07   Iter/sec:  2.552E-01
 Iteration:  00000034   DeltaT:  1.597E-07   Iter/sec:  2.597E-01
 Iteration:  00000035   DeltaT:  1.597E-07   Iter/sec:  2.609E-01
 Iteration:  00000036   DeltaT:  1.597E-07   Iter/sec:  2.566E-01
 Iteration:  00000037   DeltaT:  1.597E-07   Iter/sec:  2.577E-01
 Iteration:  00000038   DeltaT:  1.597E-07   Iter/sec:  2.564E-01
 Iteration:  00000039   DeltaT:  1.597E-07   Iter/sec:  2.548E-01
 Iteration:  00000040   DeltaT:  1.597E-07   Iter/sec:  2.577E-01
 Iteration:  00000041   DeltaT:  1.597E-07   Iter/sec:  2.557E-01
 Iteration:  00000042   DeltaT:  1.597E-07   Iter/sec:  2.564E-01
 Iteration:  00000043   DeltaT:  1.597E-07   Iter/sec:  2.564E-01
 Iteration:  00000044   DeltaT:  1.597E-07   Iter/sec:  2.583E-01
 Iteration:  00000045   DeltaT:  1.597E-07   Iter/sec:  2.550E-01
 Iteration:  00000046   DeltaT:  1.597E-07   Iter/sec:  2.507E-01
 Iteration:  00000047   DeltaT:  1.597E-07   Iter/sec:  2.596E-01
 Iteration:  00000048   DeltaT:  1.597E-07   Iter/sec:  2.470E-01
 Iteration:  00000049   DeltaT:  1.597E-07   Iter/sec:  2.564E-01
 Iteration:  00000050   DeltaT:  1.597E-07   Iter/sec:  2.596E-01


//////////////////////////////////////////////
   Measured Timings for Process 0  (seconds)

 Elapsed time:       210.2638
  Column time:        50.5092
     Row time:        59.7532
Legendre time:        25.4751
     FFT time:         8.2918
   Solve time:        14.3952
    rlma time:         2.9367
    rlmb time:         1.1490
  pspace time:        15.2100
  psolve time:        29.9974
    dphi time:         0.5145
captured time:       208.2321

     iter/sec:         0.2378
//////////////////////////////////////////////
