 //////////////////////////////////////
 Initializating Rayleigh...

 -- Initalizing MPI...
 ---- Specified parameters:
 ---- NCPU  :    256
 ---- NPROW :     32
 ---- NPCOL :      8
 -- MPI initialized.


 -- Initalizing Grid...
 ---- Specified parameters ----
 ---- N_R                 :    256
 ---- N_THETA             :    768
 ---- Ell_MAX             :    511
 ---- R_MIN               :  5.38462E-01
 ---- R_MAX               :  1.53846E+00
 ---- Chebyshev Domains   :      1

        Domain 1
          Grid points           :  256
          Dealiased Polynomials :  170
          Domain Lower Bound    :  5.38462E-01
          Domain Upper Bound    :  1.53846E+00

 -- Grid initialized.

[SHTns 3.4.5] built Apr 30 2021, 15:49:24, id: avx2,ishioka
        Lmax=511, Mmax*Mres=511, Mres=1, Nlm=131328  [1 threads, orthonormalized]
        => using FFTW : Mmax=511, Nphi=1536, Nlat=768  (data layout : phi_inc=768, theta_inc=1, phi_embed=1536)
        => using Gauss nodes
        + polar optimization threshold = 1.0e-08
        finding optimal algorithm........
        + SHT accuracy = 3.78e-13
        => SHTns is ready.
 -- Initalizing Reference State...
 ---- Specified parameters:
 ---- Reference type           :  Boussinesq (Non-dimensional)
 ---- Rayleigh Number          :  1.00000E+05
 ---- Ekman Number             :  1.00000E-03
 ---- Prandtl Number           :  1.00000E+00
 ---- Magnetic Prandtl Number  :  5.00000E+00
 -- Reference State initialized.

 -- Initializing Fields...
 ---- Specified parameters:
 ---- Hydro Init Type    : Benchmark (Christensen et al. 2001)
 ---- Magnetic Init Type : Benchmark (Christensen et al. 2001)
 -- Fields initialized.

 Initialization Complete.
 //////////////////////////////////////

 Timestep has changed from  0.00000E+00 to  1.00000E-04.
 Iteration:  00000001   DeltaT:  1.000E-04   Iter/sec:  0.000E+00
 Timestep has changed from  1.00000E-04 to  6.38929E-07.
 Iteration:  00000002   DeltaT:  6.389E-07   Iter/sec:  7.087E-02
 Iteration:  00000003   DeltaT:  6.389E-07   Iter/sec:  1.829E-01
 Iteration:  00000004   DeltaT:  6.389E-07   Iter/sec:  3.609E-01
 Iteration:  00000005   DeltaT:  6.389E-07   Iter/sec:  3.544E-01
 Iteration:  00000006   DeltaT:  6.389E-07   Iter/sec:  3.526E-01
 Iteration:  00000007   DeltaT:  6.389E-07   Iter/sec:  3.664E-01
 Iteration:  00000008   DeltaT:  6.389E-07   Iter/sec:  3.535E-01
 Iteration:  00000009   DeltaT:  6.389E-07   Iter/sec:  3.543E-01
 Iteration:  00000010   DeltaT:  6.389E-07   Iter/sec:  3.654E-01
 Iteration:  00000011   DeltaT:  6.389E-07   Iter/sec:  3.454E-01
 Iteration:  00000012   DeltaT:  6.389E-07   Iter/sec:  3.549E-01
 Iteration:  00000013   DeltaT:  6.389E-07   Iter/sec:  3.553E-01
 Iteration:  00000014   DeltaT:  6.389E-07   Iter/sec:  3.558E-01
 Iteration:  00000015   DeltaT:  6.389E-07   Iter/sec:  3.476E-01
 Iteration:  00000016   DeltaT:  6.389E-07   Iter/sec:  3.642E-01
 Iteration:  00000017   DeltaT:  6.389E-07   Iter/sec:  3.636E-01
 Iteration:  00000018   DeltaT:  6.389E-07   Iter/sec:  3.467E-01
 Iteration:  00000019   DeltaT:  6.389E-07   Iter/sec:  3.546E-01
 Iteration:  00000020   DeltaT:  6.389E-07   Iter/sec:  3.555E-01
 Iteration:  00000021   DeltaT:  6.389E-07   Iter/sec:  3.614E-01
 Iteration:  00000022   DeltaT:  6.389E-07   Iter/sec:  3.550E-01
 Iteration:  00000023   DeltaT:  6.389E-07   Iter/sec:  3.509E-01
 Iteration:  00000024   DeltaT:  6.389E-07   Iter/sec:  3.517E-01
 Iteration:  00000025   DeltaT:  6.389E-07   Iter/sec:  3.509E-01
 Iteration:  00000026   DeltaT:  6.389E-07   Iter/sec:  3.579E-01
 Iteration:  00000027   DeltaT:  6.389E-07   Iter/sec:  3.588E-01
 Iteration:  00000028   DeltaT:  6.389E-07   Iter/sec:  3.535E-01
 Iteration:  00000029   DeltaT:  6.389E-07   Iter/sec:  3.505E-01
 Iteration:  00000030   DeltaT:  6.389E-07   Iter/sec:  3.518E-01
 Iteration:  00000031   DeltaT:  6.389E-07   Iter/sec:  3.554E-01
 Iteration:  00000032   DeltaT:  6.389E-07   Iter/sec:  3.530E-01
 Iteration:  00000033   DeltaT:  6.389E-07   Iter/sec:  3.517E-01
 Iteration:  00000034   DeltaT:  6.389E-07   Iter/sec:  3.542E-01
 Iteration:  00000035   DeltaT:  6.389E-07   Iter/sec:  3.647E-01
 Iteration:  00000036   DeltaT:  6.389E-07   Iter/sec:  3.469E-01
 Iteration:  00000037   DeltaT:  6.389E-07   Iter/sec:  3.489E-01
 Iteration:  00000038   DeltaT:  6.389E-07   Iter/sec:  3.615E-01
 Iteration:  00000039   DeltaT:  6.389E-07   Iter/sec:  3.531E-01
 Iteration:  00000040   DeltaT:  6.389E-07   Iter/sec:  3.643E-01
 Iteration:  00000041   DeltaT:  6.389E-07   Iter/sec:  3.480E-01
 Iteration:  00000042   DeltaT:  6.389E-07   Iter/sec:  3.597E-01
 Iteration:  00000043   DeltaT:  6.389E-07   Iter/sec:  3.479E-01
 Iteration:  00000044   DeltaT:  6.389E-07   Iter/sec:  3.595E-01
 Iteration:  00000045   DeltaT:  6.389E-07   Iter/sec:  3.612E-01
 Iteration:  00000046   DeltaT:  6.389E-07   Iter/sec:  3.551E-01
 Iteration:  00000047   DeltaT:  6.389E-07   Iter/sec:  3.528E-01
 Iteration:  00000048   DeltaT:  6.389E-07   Iter/sec:  3.495E-01
 Iteration:  00000049   DeltaT:  6.389E-07   Iter/sec:  3.550E-01
 Iteration:  00000050   DeltaT:  6.389E-07   Iter/sec:  3.531E-01


//////////////////////////////////////////////
   Measured Timings for Process 0  (seconds)

 Elapsed time:       146.2242
  Column time:        23.0339
     Row time:        54.7920
Legendre time:        15.1186
     FFT time:         6.5884
   Solve time:         7.4485
    rlma time:         2.9580
    rlmb time:         1.5861
  pspace time:        14.1881
  psolve time:        18.4117
    dphi time:         0.4756
captured time:       144.6008

     iter/sec:         0.3419
//////////////////////////////////////////////
