 //////////////////////////////////////
 Initializating Rayleigh...

 -- Initalizing MPI...
 ---- Specified parameters:
 ---- NCPU  :    128
 ---- NPROW :     16
 ---- NPCOL :      8
 -- MPI initialized.


 -- Initalizing Grid...
 ---- Specified parameters ----
 ---- N_R                 :    128
 ---- N_THETA             :    192
 ---- Ell_MAX             :    127
 ---- R_MIN               :  5.38462E-01
 ---- R_MAX               :  1.53846E+00
 ---- Chebyshev Domains   :      1

        Domain 1
          Grid points           :  128
          Dealiased Polynomials :  85
          Domain Lower Bound    :  5.38462E-01
          Domain Upper Bound    :  1.53846E+00

 -- Grid initialized.

 -- Initalizing Reference State...
 ---- Specified parameters:
 ---- Reference type           :  Boussinesq (Non-dimensional)
 ---- Rayleigh Number          :  1.00000E+05
 ---- Ekman Number             :  1.00000E-03
 ---- Prandtl Number           :  1.00000E+00
 ---- Magnetic Prandtl Number  :  5.00000E+00
 -- Reference State initialized.

 -- Initializing Fields...
 ---- Specified parameters:
 ---- Hydro Init Type    : Benchmark (Christensen et al. 2001)
 ---- Magnetic Init Type : Benchmark (Christensen et al. 2001)
 -- Fields initialized.

 Initialization Complete.
 //////////////////////////////////////

 Timestep has changed from  0.00000E+00 to  1.00000E-04.
 Iteration:  00000001   DeltaT:  1.000E-04   Iter/sec:  0.000E+00
 Timestep has changed from  1.00000E-04 to  2.55581E-06.
 Iteration:  00000002   DeltaT:  2.556E-06   Iter/sec:  3.565E+00
 Iteration:  00000003   DeltaT:  2.556E-06   Iter/sec:  4.583E+00
 Iteration:  00000004   DeltaT:  2.556E-06   Iter/sec:  7.845E+00
 Iteration:  00000005   DeltaT:  2.556E-06   Iter/sec:  7.824E+00
 Iteration:  00000006   DeltaT:  2.556E-06   Iter/sec:  7.960E+00
 Iteration:  00000007   DeltaT:  2.556E-06   Iter/sec:  7.510E+00
 Iteration:  00000008   DeltaT:  2.556E-06   Iter/sec:  8.224E+00
 Iteration:  00000009   DeltaT:  2.556E-06   Iter/sec:  8.363E+00
 Iteration:  00000010   DeltaT:  2.556E-06   Iter/sec:  8.365E+00
 Iteration:  00000011   DeltaT:  2.556E-06   Iter/sec:  8.102E+00
 Iteration:  00000012   DeltaT:  2.556E-06   Iter/sec:  7.794E+00
 Iteration:  00000013   DeltaT:  2.556E-06   Iter/sec:  8.507E+00
 Iteration:  00000014   DeltaT:  2.556E-06   Iter/sec:  8.480E+00
 Iteration:  00000015   DeltaT:  2.556E-06   Iter/sec:  7.887E+00
 Iteration:  00000016   DeltaT:  2.556E-06   Iter/sec:  8.163E+00
 Iteration:  00000017   DeltaT:  2.556E-06   Iter/sec:  8.316E+00
 Iteration:  00000018   DeltaT:  2.556E-06   Iter/sec:  8.517E+00
 Iteration:  00000019   DeltaT:  2.556E-06   Iter/sec:  8.306E+00
 Iteration:  00000020   DeltaT:  2.556E-06   Iter/sec:  8.366E+00
 Iteration:  00000021   DeltaT:  2.556E-06   Iter/sec:  8.256E+00
 Iteration:  00000022   DeltaT:  2.556E-06   Iter/sec:  8.383E+00
 Iteration:  00000023   DeltaT:  2.556E-06   Iter/sec:  8.540E+00
 Iteration:  00000024   DeltaT:  2.556E-06   Iter/sec:  8.239E+00
 Iteration:  00000025   DeltaT:  2.556E-06   Iter/sec:  8.444E+00
 Iteration:  00000026   DeltaT:  2.556E-06   Iter/sec:  8.440E+00
 Iteration:  00000027   DeltaT:  2.556E-06   Iter/sec:  8.314E+00
 Iteration:  00000028   DeltaT:  2.556E-06   Iter/sec:  8.197E+00
 Iteration:  00000029   DeltaT:  2.556E-06   Iter/sec:  8.079E+00
 Iteration:  00000030   DeltaT:  2.556E-06   Iter/sec:  8.569E+00
 Iteration:  00000031   DeltaT:  2.556E-06   Iter/sec:  8.653E+00
 Iteration:  00000032   DeltaT:  2.556E-06   Iter/sec:  8.206E+00
 Iteration:  00000033   DeltaT:  2.556E-06   Iter/sec:  7.687E+00
 Iteration:  00000034   DeltaT:  2.556E-06   Iter/sec:  7.981E+00
 Iteration:  00000035   DeltaT:  2.556E-06   Iter/sec:  7.809E+00
 Iteration:  00000036   DeltaT:  2.556E-06   Iter/sec:  7.928E+00
 Iteration:  00000037   DeltaT:  2.556E-06   Iter/sec:  8.208E+00
 Iteration:  00000038   DeltaT:  2.556E-06   Iter/sec:  8.469E+00
 Iteration:  00000039   DeltaT:  2.556E-06   Iter/sec:  8.467E+00
 Iteration:  00000040   DeltaT:  2.556E-06   Iter/sec:  8.517E+00
 Iteration:  00000041   DeltaT:  2.556E-06   Iter/sec:  8.190E+00
 Iteration:  00000042   DeltaT:  2.556E-06   Iter/sec:  8.460E+00
 Iteration:  00000043   DeltaT:  2.556E-06   Iter/sec:  8.690E+00
 Iteration:  00000044   DeltaT:  2.556E-06   Iter/sec:  8.003E+00
 Iteration:  00000045   DeltaT:  2.556E-06   Iter/sec:  8.309E+00
 Iteration:  00000046   DeltaT:  2.556E-06   Iter/sec:  8.558E+00
 Iteration:  00000047   DeltaT:  2.556E-06   Iter/sec:  8.527E+00
 Iteration:  00000048   DeltaT:  2.556E-06   Iter/sec:  8.198E+00
 Iteration:  00000049   DeltaT:  2.556E-06   Iter/sec:  7.678E+00
 Iteration:  00000050   DeltaT:  2.556E-06   Iter/sec:  7.780E+00


//////////////////////////////////////////////
   Measured Timings for Process 0  (seconds)

 Elapsed time:         6.2886
  Column time:         0.7229
     Row time:         2.1152
Legendre time:         0.7244
     FFT time:         0.4608
   Solve time:         0.3891
    rlma time:         0.0835
    rlmb time:         0.0322
  pspace time:         0.8443
  psolve time:         0.7677
    dphi time:         0.0576
captured time:         6.1977

     iter/sec:         7.9510
//////////////////////////////////////////////
