 //////////////////////////////////////
 Initializating Rayleigh...

 -- Initalizing MPI...
 ---- Specified parameters:
 ---- NCPU  :   2048
 ---- NPROW :     64
 ---- NPCOL :     32
 -- MPI initialized.


 -- Initalizing Grid...
 ---- Specified parameters ----
 ---- N_R                 :     64
 ---- N_THETA             :    384
 ---- Ell_MAX             :    255
 ---- R_MIN               :  5.38462E-01
 ---- R_MAX               :  1.53846E+00
 ---- Chebyshev Domains   :      1

        Domain 1
          Grid points           :  64
          Dealiased Polynomials :  42
          Domain Lower Bound    :  5.38462E-01
          Domain Upper Bound    :  1.53846E+00

 -- Grid initialized.

 -- Initalizing Reference State...
 ---- Specified parameters:
 ---- Reference type           :  Boussinesq (Non-dimensional)
 ---- Rayleigh Number          :  1.00000E+05
 ---- Ekman Number             :  1.00000E-03
 ---- Prandtl Number           :  1.00000E+00
 ---- Magnetic Prandtl Number  :  5.00000E+00
 -- Reference State initialized.

 -- Initializing Fields...
 ---- Specified parameters:
 ---- Hydro Init Type    : Benchmark (Christensen et al. 2001)
 ---- Magnetic Init Type : Benchmark (Christensen et al. 2001)
 -- Fields initialized.

 Initialization Complete.
 //////////////////////////////////////

 Timestep has changed from  0.00000E+00 to  1.00000E-04.
 Iteration:  00000001   DeltaT:  1.000E-04   Iter/sec:  0.000E+00
 Timestep has changed from  1.00000E-04 to  1.02211E-05.
 Iteration:  00000002   DeltaT:  1.022E-05   Iter/sec:  3.681E+00
 Iteration:  00000003   DeltaT:  1.022E-05   Iter/sec:  4.075E+01
 Iteration:  00000004   DeltaT:  1.022E-05   Iter/sec:  4.521E+01
 Iteration:  00000005   DeltaT:  1.022E-05   Iter/sec:  5.310E+01
 Iteration:  00000006   DeltaT:  1.022E-05   Iter/sec:  5.164E+01
 Iteration:  00000007   DeltaT:  1.022E-05   Iter/sec:  5.450E+01
 Iteration:  00000008   DeltaT:  1.022E-05   Iter/sec:  5.301E+01
 Iteration:  00000009   DeltaT:  1.022E-05   Iter/sec:  5.464E+01
 Iteration:  00000010   DeltaT:  1.022E-05   Iter/sec:  5.201E+01
 Iteration:  00000011   DeltaT:  1.022E-05   Iter/sec:  5.256E+01
 Iteration:  00000012   DeltaT:  1.022E-05   Iter/sec:  5.421E+01
 Iteration:  00000013   DeltaT:  1.022E-05   Iter/sec:  5.189E+01
 Iteration:  00000014   DeltaT:  1.022E-05   Iter/sec:  4.215E+01
 Iteration:  00000015   DeltaT:  1.022E-05   Iter/sec:  5.413E+01
 Iteration:  00000016   DeltaT:  1.022E-05   Iter/sec:  4.540E+01
 Iteration:  00000017   DeltaT:  1.022E-05   Iter/sec:  4.187E+01
 Iteration:  00000018   DeltaT:  1.022E-05   Iter/sec:  3.013E+01
 Iteration:  00000019   DeltaT:  1.022E-05   Iter/sec:  4.792E+01
 Iteration:  00000020   DeltaT:  1.022E-05   Iter/sec:  5.447E+01
 Iteration:  00000021   DeltaT:  1.022E-05   Iter/sec:  5.400E+01
 Iteration:  00000022   DeltaT:  1.022E-05   Iter/sec:  5.341E+01
 Iteration:  00000023   DeltaT:  1.022E-05   Iter/sec:  5.253E+01
 Iteration:  00000024   DeltaT:  1.022E-05   Iter/sec:  5.382E+01
 Iteration:  00000025   DeltaT:  1.022E-05   Iter/sec:  5.206E+01
 Iteration:  00000026   DeltaT:  1.022E-05   Iter/sec:  5.338E+01
 Iteration:  00000027   DeltaT:  1.022E-05   Iter/sec:  5.379E+01
 Iteration:  00000028   DeltaT:  1.022E-05   Iter/sec:  5.359E+01
 Iteration:  00000029   DeltaT:  1.022E-05   Iter/sec:  5.301E+01
 Iteration:  00000030   DeltaT:  1.022E-05   Iter/sec:  5.399E+01
 Iteration:  00000031   DeltaT:  1.022E-05   Iter/sec:  5.434E+01
 Iteration:  00000032   DeltaT:  1.022E-05   Iter/sec:  5.342E+01
 Iteration:  00000033   DeltaT:  1.022E-05   Iter/sec:  5.213E+01
 Iteration:  00000034   DeltaT:  1.022E-05   Iter/sec:  5.458E+01
 Iteration:  00000035   DeltaT:  1.022E-05   Iter/sec:  5.149E+01
 Iteration:  00000036   DeltaT:  1.022E-05   Iter/sec:  5.507E+01
 Iteration:  00000037   DeltaT:  1.022E-05   Iter/sec:  5.118E+01
 Iteration:  00000038   DeltaT:  1.022E-05   Iter/sec:  5.344E+01
 Iteration:  00000039   DeltaT:  1.022E-05   Iter/sec:  5.448E+01
 Iteration:  00000040   DeltaT:  1.022E-05   Iter/sec:  5.388E+01
 Iteration:  00000041   DeltaT:  1.022E-05   Iter/sec:  5.206E+01
 Iteration:  00000042   DeltaT:  1.022E-05   Iter/sec:  5.120E+01
 Iteration:  00000043   DeltaT:  1.022E-05   Iter/sec:  5.743E+01
 Iteration:  00000044   DeltaT:  1.022E-05   Iter/sec:  5.312E+01
 Iteration:  00000045   DeltaT:  1.022E-05   Iter/sec:  4.927E+01
 Iteration:  00000046   DeltaT:  1.022E-05   Iter/sec:  5.263E+01
 Iteration:  00000047   DeltaT:  1.022E-05   Iter/sec:  5.014E+01
 Iteration:  00000048   DeltaT:  1.022E-05   Iter/sec:  5.313E+01
 Iteration:  00000049   DeltaT:  1.022E-05   Iter/sec:  5.030E+01
 Iteration:  00000050   DeltaT:  1.022E-05   Iter/sec:  5.562E+01


//////////////////////////////////////////////
   Measured Timings for Process 0  (seconds)

 Elapsed time:         1.0841
  Column time:         0.3803
     Row time:         0.4246
Legendre time:         0.0716
     FFT time:         0.0407
   Solve time:         0.0579
    rlma time:         0.0133
    rlmb time:         0.0059
  pspace time:         0.0207
  psolve time:         0.0551
    dphi time:         0.0029
captured time:         1.0732

     iter/sec:        46.1222
//////////////////////////////////////////////
