 //////////////////////////////////////
 Initializating Rayleigh...

 -- Initalizing MPI...
 ---- Specified parameters:
 ---- NCPU  :    128
 ---- NPROW :      8
 ---- NPCOL :     16
 -- MPI initialized.


 -- Initalizing Grid...
 ---- Specified parameters ----
 ---- N_R                 :     64
 ---- N_THETA             :    384
 ---- Ell_MAX             :    255
 ---- R_MIN               :  5.38462E-01
 ---- R_MAX               :  1.53846E+00
 ---- Chebyshev Domains   :      1

        Domain 1
          Grid points           :  64
          Dealiased Polynomials :  42
          Domain Lower Bound    :  5.38462E-01
          Domain Upper Bound    :  1.53846E+00

 -- Grid initialized.

 -- Initalizing Reference State...
 ---- Specified parameters:
 ---- Reference type           :  Boussinesq (Non-dimensional)
 ---- Rayleigh Number          :  1.00000E+05
 ---- Ekman Number             :  1.00000E-03
 ---- Prandtl Number           :  1.00000E+00
 ---- Magnetic Prandtl Number  :  5.00000E+00
 -- Reference State initialized.

 -- Initializing Fields...
 ---- Specified parameters:
 ---- Hydro Init Type    : Benchmark (Christensen et al. 2001)
 ---- Magnetic Init Type : Benchmark (Christensen et al. 2001)
 -- Fields initialized.

 Initialization Complete.
 //////////////////////////////////////

 Timestep has changed from  0.00000E+00 to  1.00000E-04.
 Iteration:  00000001   DeltaT:  1.000E-04   Iter/sec:  0.000E+00
 Timestep has changed from  1.00000E-04 to  1.02211E-05.
 Iteration:  00000002   DeltaT:  1.022E-05   Iter/sec:  5.414E-01
 Iteration:  00000003   DeltaT:  1.022E-05   Iter/sec:  3.749E+00
 Iteration:  00000004   DeltaT:  1.022E-05   Iter/sec:  3.876E+00
 Iteration:  00000005   DeltaT:  1.022E-05   Iter/sec:  3.888E+00
 Iteration:  00000006   DeltaT:  1.022E-05   Iter/sec:  3.785E+00
 Iteration:  00000007   DeltaT:  1.022E-05   Iter/sec:  3.688E+00
 Iteration:  00000008   DeltaT:  1.022E-05   Iter/sec:  3.742E+00
 Iteration:  00000009   DeltaT:  1.022E-05   Iter/sec:  3.906E+00
 Iteration:  00000010   DeltaT:  1.022E-05   Iter/sec:  3.906E+00
 Iteration:  00000011   DeltaT:  1.022E-05   Iter/sec:  3.899E+00
 Iteration:  00000012   DeltaT:  1.022E-05   Iter/sec:  3.927E+00
 Iteration:  00000013   DeltaT:  1.022E-05   Iter/sec:  3.781E+00
 Iteration:  00000014   DeltaT:  1.022E-05   Iter/sec:  3.910E+00
 Iteration:  00000015   DeltaT:  1.022E-05   Iter/sec:  3.808E+00
 Iteration:  00000016   DeltaT:  1.022E-05   Iter/sec:  3.793E+00
 Iteration:  00000017   DeltaT:  1.022E-05   Iter/sec:  3.922E+00
 Iteration:  00000018   DeltaT:  1.022E-05   Iter/sec:  3.877E+00
 Iteration:  00000019   DeltaT:  1.022E-05   Iter/sec:  3.910E+00
 Iteration:  00000020   DeltaT:  1.022E-05   Iter/sec:  3.929E+00
 Iteration:  00000021   DeltaT:  1.022E-05   Iter/sec:  3.961E+00
 Iteration:  00000022   DeltaT:  1.022E-05   Iter/sec:  3.731E+00
 Iteration:  00000023   DeltaT:  1.022E-05   Iter/sec:  3.855E+00
 Iteration:  00000024   DeltaT:  1.022E-05   Iter/sec:  3.905E+00
 Iteration:  00000025   DeltaT:  1.022E-05   Iter/sec:  3.868E+00
 Iteration:  00000026   DeltaT:  1.022E-05   Iter/sec:  3.810E+00
 Iteration:  00000027   DeltaT:  1.022E-05   Iter/sec:  3.891E+00
 Iteration:  00000028   DeltaT:  1.022E-05   Iter/sec:  3.808E+00
 Iteration:  00000029   DeltaT:  1.022E-05   Iter/sec:  3.828E+00
 Iteration:  00000030   DeltaT:  1.022E-05   Iter/sec:  3.949E+00
 Iteration:  00000031   DeltaT:  1.022E-05   Iter/sec:  3.829E+00
 Iteration:  00000032   DeltaT:  1.022E-05   Iter/sec:  3.804E+00
 Iteration:  00000033   DeltaT:  1.022E-05   Iter/sec:  3.724E+00
 Iteration:  00000034   DeltaT:  1.022E-05   Iter/sec:  3.820E+00
 Iteration:  00000035   DeltaT:  1.022E-05   Iter/sec:  3.845E+00
 Iteration:  00000036   DeltaT:  1.022E-05   Iter/sec:  3.825E+00
 Iteration:  00000037   DeltaT:  1.022E-05   Iter/sec:  3.891E+00
 Iteration:  00000038   DeltaT:  1.022E-05   Iter/sec:  3.904E+00
 Iteration:  00000039   DeltaT:  1.022E-05   Iter/sec:  3.834E+00
 Iteration:  00000040   DeltaT:  1.022E-05   Iter/sec:  3.824E+00
 Iteration:  00000041   DeltaT:  1.022E-05   Iter/sec:  3.883E+00
 Iteration:  00000042   DeltaT:  1.022E-05   Iter/sec:  3.650E+00
 Iteration:  00000043   DeltaT:  1.022E-05   Iter/sec:  3.889E+00
 Iteration:  00000044   DeltaT:  1.022E-05   Iter/sec:  3.880E+00
 Iteration:  00000045   DeltaT:  1.022E-05   Iter/sec:  3.702E+00
 Iteration:  00000046   DeltaT:  1.022E-05   Iter/sec:  3.761E+00
 Iteration:  00000047   DeltaT:  1.022E-05   Iter/sec:  3.841E+00
 Iteration:  00000048   DeltaT:  1.022E-05   Iter/sec:  3.720E+00
 Iteration:  00000049   DeltaT:  1.022E-05   Iter/sec:  3.804E+00
 Iteration:  00000050   DeltaT:  1.022E-05   Iter/sec:  3.805E+00


//////////////////////////////////////////////
   Measured Timings for Process 0  (seconds)

 Elapsed time:        13.0215
  Column time:         2.0865
     Row time:         4.4327
Legendre time:         1.5759
     FFT time:         0.9598
   Solve time:         0.2170
    rlma time:         0.2041
    rlmb time:         0.0863
  pspace time:         1.8706
  psolve time:         1.3595
    dphi time:         0.1063
captured time:        12.8988

     iter/sec:         3.8398
//////////////////////////////////////////////
