 //////////////////////////////////////
 Initializating Rayleigh...

 -- Initalizing MPI...
 ---- Specified parameters:
 ---- NCPU  :    128
 ---- NPROW :      8
 ---- NPCOL :     16
 -- MPI initialized.


 -- Initalizing Grid...
 ---- Specified parameters ----
 ---- N_R                 :     64
 ---- N_THETA             :    768
 ---- Ell_MAX             :    511
 ---- R_MIN               :  5.38462E-01
 ---- R_MAX               :  1.53846E+00
 ---- Chebyshev Domains   :      1

        Domain 1
          Grid points           :  64
          Dealiased Polynomials :  42
          Domain Lower Bound    :  5.38462E-01
          Domain Upper Bound    :  1.53846E+00

 -- Grid initialized.

 -- Initalizing Reference State...
 ---- Specified parameters:
 ---- Reference type           :  Boussinesq (Non-dimensional)
 ---- Rayleigh Number          :  1.00000E+05
 ---- Ekman Number             :  1.00000E-03
 ---- Prandtl Number           :  1.00000E+00
 ---- Magnetic Prandtl Number  :  5.00000E+00
 -- Reference State initialized.

 -- Initializing Fields...
 ---- Specified parameters:
 ---- Hydro Init Type    : Benchmark (Christensen et al. 2001)
 ---- Magnetic Init Type : Benchmark (Christensen et al. 2001)
 -- Fields initialized.

 Initialization Complete.
 //////////////////////////////////////

 Timestep has changed from  0.00000E+00 to  1.00000E-04.
 Iteration:  00000001   DeltaT:  1.000E-04   Iter/sec:  0.000E+00
 Timestep has changed from  1.00000E-04 to  8.93257E-06.
 Iteration:  00000002   DeltaT:  8.933E-06   Iter/sec:  3.241E-01
 Iteration:  00000003   DeltaT:  8.933E-06   Iter/sec:  8.596E-01
 Iteration:  00000004   DeltaT:  8.933E-06   Iter/sec:  9.002E-01
 Iteration:  00000005   DeltaT:  8.933E-06   Iter/sec:  8.871E-01
 Iteration:  00000006   DeltaT:  8.933E-06   Iter/sec:  8.951E-01
 Iteration:  00000007   DeltaT:  8.933E-06   Iter/sec:  8.947E-01
 Iteration:  00000008   DeltaT:  8.933E-06   Iter/sec:  9.028E-01
 Iteration:  00000009   DeltaT:  8.933E-06   Iter/sec:  8.725E-01
 Iteration:  00000010   DeltaT:  8.933E-06   Iter/sec:  8.785E-01
 Iteration:  00000011   DeltaT:  8.933E-06   Iter/sec:  9.038E-01
 Iteration:  00000012   DeltaT:  8.933E-06   Iter/sec:  8.964E-01
 Iteration:  00000013   DeltaT:  8.933E-06   Iter/sec:  8.762E-01
 Iteration:  00000014   DeltaT:  8.933E-06   Iter/sec:  8.917E-01
 Iteration:  00000015   DeltaT:  8.933E-06   Iter/sec:  8.969E-01
 Iteration:  00000016   DeltaT:  8.933E-06   Iter/sec:  8.783E-01
 Iteration:  00000017   DeltaT:  8.933E-06   Iter/sec:  8.958E-01
 Iteration:  00000018   DeltaT:  8.933E-06   Iter/sec:  9.002E-01
 Iteration:  00000019   DeltaT:  8.933E-06   Iter/sec:  8.693E-01
 Iteration:  00000020   DeltaT:  8.933E-06   Iter/sec:  8.998E-01
 Iteration:  00000021   DeltaT:  8.933E-06   Iter/sec:  8.927E-01
 Iteration:  00000022   DeltaT:  8.933E-06   Iter/sec:  8.802E-01
 Iteration:  00000023   DeltaT:  8.933E-06   Iter/sec:  8.809E-01
 Iteration:  00000024   DeltaT:  8.933E-06   Iter/sec:  8.801E-01
 Iteration:  00000025   DeltaT:  8.933E-06   Iter/sec:  8.885E-01
 Iteration:  00000026   DeltaT:  8.933E-06   Iter/sec:  9.034E-01
 Iteration:  00000027   DeltaT:  8.933E-06   Iter/sec:  8.861E-01
 Iteration:  00000028   DeltaT:  8.933E-06   Iter/sec:  8.958E-01
 Iteration:  00000029   DeltaT:  8.933E-06   Iter/sec:  8.846E-01
 Iteration:  00000030   DeltaT:  8.933E-06   Iter/sec:  8.914E-01
 Iteration:  00000031   DeltaT:  8.933E-06   Iter/sec:  8.879E-01
 Iteration:  00000032   DeltaT:  8.933E-06   Iter/sec:  8.719E-01
 Iteration:  00000033   DeltaT:  8.933E-06   Iter/sec:  8.872E-01
 Iteration:  00000034   DeltaT:  8.933E-06   Iter/sec:  9.178E-01
 Iteration:  00000035   DeltaT:  8.933E-06   Iter/sec:  8.730E-01
 Iteration:  00000036   DeltaT:  8.933E-06   Iter/sec:  8.898E-01
 Iteration:  00000037   DeltaT:  8.933E-06   Iter/sec:  8.945E-01
 Iteration:  00000038   DeltaT:  8.933E-06   Iter/sec:  8.717E-01
 Iteration:  00000039   DeltaT:  8.933E-06   Iter/sec:  9.058E-01
 Iteration:  00000040   DeltaT:  8.933E-06   Iter/sec:  8.875E-01
 Iteration:  00000041   DeltaT:  8.933E-06   Iter/sec:  8.624E-01
 Iteration:  00000042   DeltaT:  8.933E-06   Iter/sec:  8.837E-01
 Iteration:  00000043   DeltaT:  8.933E-06   Iter/sec:  8.665E-01
 Iteration:  00000044   DeltaT:  8.933E-06   Iter/sec:  8.999E-01
 Iteration:  00000045   DeltaT:  8.933E-06   Iter/sec:  8.700E-01
 Iteration:  00000046   DeltaT:  8.933E-06   Iter/sec:  8.760E-01
 Iteration:  00000047   DeltaT:  8.933E-06   Iter/sec:  8.711E-01
 Iteration:  00000048   DeltaT:  8.933E-06   Iter/sec:  8.893E-01
 Iteration:  00000049   DeltaT:  8.933E-06   Iter/sec:  8.921E-01
 Iteration:  00000050   DeltaT:  8.933E-06   Iter/sec:  8.967E-01


//////////////////////////////////////////////
   Measured Timings for Process 0  (seconds)

 Elapsed time:        56.4083
  Column time:         9.3485
     Row time:        18.2286
Legendre time:         8.4290
     FFT time:         3.7872
   Solve time:         0.6462
    rlma time:         0.8982
    rlmb time:         0.5119
  pspace time:         7.7452
  psolve time:         5.8470
    dphi time:         0.3194
captured time:        55.7612

     iter/sec:         0.8864
//////////////////////////////////////////////
