 //////////////////////////////////////
 Initializating Rayleigh...

 -- Initalizing MPI...
 ---- Specified parameters:
 ---- NCPU  :   2048
 ---- NPROW :     64
 ---- NPCOL :     32
 -- MPI initialized.


 -- Initalizing Grid...
 ---- Specified parameters ----
 ---- N_R                 :     64
 ---- N_THETA             :   1536
 ---- Ell_MAX             :   1023
 ---- R_MIN               :  5.38462E-01
 ---- R_MAX               :  1.53846E+00
 ---- Chebyshev Domains   :      1

        Domain 1
          Grid points           :  64
          Dealiased Polynomials :  42
          Domain Lower Bound    :  5.38462E-01
          Domain Upper Bound    :  1.53846E+00

 -- Grid initialized.

 -- Initalizing Reference State...
 ---- Specified parameters:
 ---- Reference type           :  Boussinesq (Non-dimensional)
 ---- Rayleigh Number          :  1.00000E+05
 ---- Ekman Number             :  1.00000E-03
 ---- Prandtl Number           :  1.00000E+00
 ---- Magnetic Prandtl Number  :  5.00000E+00
 -- Reference State initialized.

 -- Initializing Fields...
 ---- Specified parameters:
 ---- Hydro Init Type    : Benchmark (Christensen et al. 2001)
 ---- Magnetic Init Type : Benchmark (Christensen et al. 2001)
 -- Fields initialized.

 Initialization Complete.
 //////////////////////////////////////

 Timestep has changed from  0.00000E+00 to  1.00000E-04.
 Iteration:  00000001   DeltaT:  1.000E-04   Iter/sec:  0.000E+00
 Timestep has changed from  1.00000E-04 to  4.46409E-06.
 Iteration:  00000002   DeltaT:  4.464E-06   Iter/sec:  3.590E-01
 Iteration:  00000003   DeltaT:  4.464E-06   Iter/sec:  2.051E+00
 Iteration:  00000004   DeltaT:  4.464E-06   Iter/sec:  2.072E+00
 Iteration:  00000005   DeltaT:  4.464E-06   Iter/sec:  2.130E+00
 Iteration:  00000006   DeltaT:  4.464E-06   Iter/sec:  2.122E+00
 Iteration:  00000007   DeltaT:  4.464E-06   Iter/sec:  2.085E+00
 Iteration:  00000008   DeltaT:  4.464E-06   Iter/sec:  2.119E+00
 Iteration:  00000009   DeltaT:  4.464E-06   Iter/sec:  2.093E+00
 Iteration:  00000010   DeltaT:  4.464E-06   Iter/sec:  2.137E+00
 Iteration:  00000011   DeltaT:  4.464E-06   Iter/sec:  2.076E+00
 Iteration:  00000012   DeltaT:  4.464E-06   Iter/sec:  2.080E+00
 Iteration:  00000013   DeltaT:  4.464E-06   Iter/sec:  2.121E+00
 Iteration:  00000014   DeltaT:  4.464E-06   Iter/sec:  2.128E+00
 Iteration:  00000015   DeltaT:  4.464E-06   Iter/sec:  2.109E+00
 Iteration:  00000016   DeltaT:  4.464E-06   Iter/sec:  1.970E+00
 Iteration:  00000017   DeltaT:  4.464E-06   Iter/sec:  2.177E+00
 Iteration:  00000018   DeltaT:  4.464E-06   Iter/sec:  2.118E+00
 Iteration:  00000019   DeltaT:  4.464E-06   Iter/sec:  2.059E+00
 Iteration:  00000020   DeltaT:  4.464E-06   Iter/sec:  2.105E+00
 Iteration:  00000021   DeltaT:  4.464E-06   Iter/sec:  2.108E+00
 Iteration:  00000022   DeltaT:  4.464E-06   Iter/sec:  2.099E+00
 Iteration:  00000023   DeltaT:  4.464E-06   Iter/sec:  2.078E+00
 Iteration:  00000024   DeltaT:  4.464E-06   Iter/sec:  2.053E+00
 Iteration:  00000025   DeltaT:  4.464E-06   Iter/sec:  2.143E+00
 Iteration:  00000026   DeltaT:  4.464E-06   Iter/sec:  2.081E+00
 Iteration:  00000027   DeltaT:  4.464E-06   Iter/sec:  2.104E+00
 Iteration:  00000028   DeltaT:  4.464E-06   Iter/sec:  2.056E+00
 Iteration:  00000029   DeltaT:  4.464E-06   Iter/sec:  2.187E+00
 Iteration:  00000030   DeltaT:  4.464E-06   Iter/sec:  2.107E+00
 Iteration:  00000031   DeltaT:  4.464E-06   Iter/sec:  2.075E+00
 Iteration:  00000032   DeltaT:  4.464E-06   Iter/sec:  2.133E+00
 Iteration:  00000033   DeltaT:  4.464E-06   Iter/sec:  2.019E+00
 Iteration:  00000034   DeltaT:  4.464E-06   Iter/sec:  2.195E+00
 Iteration:  00000035   DeltaT:  4.464E-06   Iter/sec:  2.074E+00
 Iteration:  00000036   DeltaT:  4.464E-06   Iter/sec:  2.135E+00
 Iteration:  00000037   DeltaT:  4.464E-06   Iter/sec:  2.082E+00
 Iteration:  00000038   DeltaT:  4.464E-06   Iter/sec:  2.119E+00
 Iteration:  00000039   DeltaT:  4.464E-06   Iter/sec:  2.096E+00
 Iteration:  00000040   DeltaT:  4.464E-06   Iter/sec:  2.127E+00
 Iteration:  00000041   DeltaT:  4.464E-06   Iter/sec:  2.017E+00
 Iteration:  00000042   DeltaT:  4.464E-06   Iter/sec:  2.094E+00
 Iteration:  00000043   DeltaT:  4.464E-06   Iter/sec:  2.096E+00
 Iteration:  00000044   DeltaT:  4.464E-06   Iter/sec:  2.114E+00
 Iteration:  00000045   DeltaT:  4.464E-06   Iter/sec:  2.083E+00
 Iteration:  00000046   DeltaT:  4.464E-06   Iter/sec:  2.122E+00
 Iteration:  00000047   DeltaT:  4.464E-06   Iter/sec:  2.100E+00
 Iteration:  00000048   DeltaT:  4.464E-06   Iter/sec:  2.094E+00
 Iteration:  00000049   DeltaT:  4.464E-06   Iter/sec:  2.100E+00
 Iteration:  00000050   DeltaT:  4.464E-06   Iter/sec:  2.123E+00


//////////////////////////////////////////////
   Measured Timings for Process 0  (seconds)

 Elapsed time:        23.8646
  Column time:         7.4639
     Row time:         8.4382
Legendre time:         3.3072
     FFT time:         0.9263
   Solve time:         0.2600
    rlma time:         0.2047
    rlmb time:         0.0890
  pspace time:         1.6443
  psolve time:         1.3382
    dphi time:         0.0666
captured time:        23.7386

     iter/sec:         2.0952
//////////////////////////////////////////////
