 //////////////////////////////////////
 Initializating Rayleigh...

 -- Initalizing MPI...
 ---- Specified parameters:
 ---- NCPU  :    256
 ---- NPROW :      8
 ---- NPCOL :     32
 -- MPI initialized.


 -- Initalizing Grid...
 ---- Specified parameters ----
 ---- N_R                 :     64
 ---- N_THETA             :    384
 ---- Ell_MAX             :    255
 ---- R_MIN               :  5.38462E-01
 ---- R_MAX               :  1.53846E+00
 ---- Chebyshev Domains   :      1

        Domain 1
          Grid points           :  64
          Dealiased Polynomials :  42
          Domain Lower Bound    :  5.38462E-01
          Domain Upper Bound    :  1.53846E+00

 -- Grid initialized.

 -- Initalizing Reference State...
 ---- Specified parameters:
 ---- Reference type           :  Boussinesq (Non-dimensional)
 ---- Rayleigh Number          :  1.00000E+05
 ---- Ekman Number             :  1.00000E-03
 ---- Prandtl Number           :  1.00000E+00
 ---- Magnetic Prandtl Number  :  5.00000E+00
 -- Reference State initialized.

 -- Initializing Fields...
 ---- Specified parameters:
 ---- Hydro Init Type    : Benchmark (Christensen et al. 2001)
 ---- Magnetic Init Type : Benchmark (Christensen et al. 2001)
 -- Fields initialized.

 Initialization Complete.
 //////////////////////////////////////

 Timestep has changed from  0.00000E+00 to  1.00000E-04.
 Iteration:  00000001   DeltaT:  1.000E-04   Iter/sec:  0.000E+00
 Timestep has changed from  1.00000E-04 to  1.02211E-05.
 Iteration:  00000002   DeltaT:  1.022E-05   Iter/sec:  2.375E+00
 Iteration:  00000003   DeltaT:  1.022E-05   Iter/sec:  7.425E+00
 Iteration:  00000004   DeltaT:  1.022E-05   Iter/sec:  7.605E+00
 Iteration:  00000005   DeltaT:  1.022E-05   Iter/sec:  5.117E+00
 Iteration:  00000006   DeltaT:  1.022E-05   Iter/sec:  7.953E+00
 Iteration:  00000007   DeltaT:  1.022E-05   Iter/sec:  7.662E+00
 Iteration:  00000008   DeltaT:  1.022E-05   Iter/sec:  7.953E+00
 Iteration:  00000009   DeltaT:  1.022E-05   Iter/sec:  7.736E+00
 Iteration:  00000010   DeltaT:  1.022E-05   Iter/sec:  7.624E+00
 Iteration:  00000011   DeltaT:  1.022E-05   Iter/sec:  7.755E+00
 Iteration:  00000012   DeltaT:  1.022E-05   Iter/sec:  7.841E+00
 Iteration:  00000013   DeltaT:  1.022E-05   Iter/sec:  7.755E+00
 Iteration:  00000014   DeltaT:  1.022E-05   Iter/sec:  7.641E+00
 Iteration:  00000015   DeltaT:  1.022E-05   Iter/sec:  7.604E+00
 Iteration:  00000016   DeltaT:  1.022E-05   Iter/sec:  7.679E+00
 Iteration:  00000017   DeltaT:  1.022E-05   Iter/sec:  7.626E+00
 Iteration:  00000018   DeltaT:  1.022E-05   Iter/sec:  7.823E+00
 Iteration:  00000019   DeltaT:  1.022E-05   Iter/sec:  7.690E+00
 Iteration:  00000020   DeltaT:  1.022E-05   Iter/sec:  7.767E+00
 Iteration:  00000021   DeltaT:  1.022E-05   Iter/sec:  7.680E+00
 Iteration:  00000022   DeltaT:  1.022E-05   Iter/sec:  7.738E+00
 Iteration:  00000023   DeltaT:  1.022E-05   Iter/sec:  7.686E+00
 Iteration:  00000024   DeltaT:  1.022E-05   Iter/sec:  7.611E+00
 Iteration:  00000025   DeltaT:  1.022E-05   Iter/sec:  7.939E+00
 Iteration:  00000026   DeltaT:  1.022E-05   Iter/sec:  7.594E+00
 Iteration:  00000027   DeltaT:  1.022E-05   Iter/sec:  7.687E+00
 Iteration:  00000028   DeltaT:  1.022E-05   Iter/sec:  7.921E+00
 Iteration:  00000029   DeltaT:  1.022E-05   Iter/sec:  7.603E+00
 Iteration:  00000030   DeltaT:  1.022E-05   Iter/sec:  7.842E+00
 Iteration:  00000031   DeltaT:  1.022E-05   Iter/sec:  6.555E+00
 Iteration:  00000032   DeltaT:  1.022E-05   Iter/sec:  7.545E+00
 Iteration:  00000033   DeltaT:  1.022E-05   Iter/sec:  7.798E+00
 Iteration:  00000034   DeltaT:  1.022E-05   Iter/sec:  7.764E+00
 Iteration:  00000035   DeltaT:  1.022E-05   Iter/sec:  7.951E+00
 Iteration:  00000036   DeltaT:  1.022E-05   Iter/sec:  7.518E+00
 Iteration:  00000037   DeltaT:  1.022E-05   Iter/sec:  7.061E+00
 Iteration:  00000038   DeltaT:  1.022E-05   Iter/sec:  7.947E+00
 Iteration:  00000039   DeltaT:  1.022E-05   Iter/sec:  6.538E+00
 Iteration:  00000040   DeltaT:  1.022E-05   Iter/sec:  5.654E+00
 Iteration:  00000041   DeltaT:  1.022E-05   Iter/sec:  7.662E+00
 Iteration:  00000042   DeltaT:  1.022E-05   Iter/sec:  7.826E+00
 Iteration:  00000043   DeltaT:  1.022E-05   Iter/sec:  7.845E+00
 Iteration:  00000044   DeltaT:  1.022E-05   Iter/sec:  7.712E+00
 Iteration:  00000045   DeltaT:  1.022E-05   Iter/sec:  7.756E+00
 Iteration:  00000046   DeltaT:  1.022E-05   Iter/sec:  7.812E+00
 Iteration:  00000047   DeltaT:  1.022E-05   Iter/sec:  7.694E+00
 Iteration:  00000048   DeltaT:  1.022E-05   Iter/sec:  7.880E+00
 Iteration:  00000049   DeltaT:  1.022E-05   Iter/sec:  7.690E+00
 Iteration:  00000050   DeltaT:  1.022E-05   Iter/sec:  7.665E+00


//////////////////////////////////////////////
   Measured Timings for Process 0  (seconds)

 Elapsed time:         6.6509
  Column time:         1.4771
     Row time:         2.3287
Legendre time:         0.6384
     FFT time:         0.4800
   Solve time:         0.1297
    rlma time:         0.1060
    rlmb time:         0.0481
  pspace time:         0.8342
  psolve time:         0.5022
    dphi time:         0.0517
captured time:         6.5962

     iter/sec:         7.5178
//////////////////////////////////////////////
