 //////////////////////////////////////
 Initializating Rayleigh...

 -- Initalizing MPI...
 ---- Specified parameters:
 ---- NCPU  :    128
 ---- NPROW :     16
 ---- NPCOL :      8
 -- MPI initialized.


 -- Initalizing Grid...
 ---- Specified parameters ----
 ---- N_R                 :    128
 ---- N_THETA             :    768
 ---- Ell_MAX             :    511
 ---- R_MIN               :  5.38462E-01
 ---- R_MAX               :  1.53846E+00
 ---- Chebyshev Domains   :      1

        Domain 1
          Grid points           :  128
          Dealiased Polynomials :  85
          Domain Lower Bound    :  5.38462E-01
          Domain Upper Bound    :  1.53846E+00

 -- Grid initialized.

 -- Initalizing Reference State...
 ---- Specified parameters:
 ---- Reference type           :  Boussinesq (Non-dimensional)
 ---- Rayleigh Number          :  1.00000E+05
 ---- Ekman Number             :  1.00000E-03
 ---- Prandtl Number           :  1.00000E+00
 ---- Magnetic Prandtl Number  :  5.00000E+00
 -- Reference State initialized.

 -- Initializing Fields...
 ---- Specified parameters:
 ---- Hydro Init Type    : Benchmark (Christensen et al. 2001)
 ---- Magnetic Init Type : Benchmark (Christensen et al. 2001)
 -- Fields initialized.

 Initialization Complete.
 //////////////////////////////////////

 Timestep has changed from  0.00000E+00 to  1.00000E-04.
 Iteration:  00000001   DeltaT:  1.000E-04   Iter/sec:  0.000E+00
 Timestep has changed from  1.00000E-04 to  2.55562E-06.
 Iteration:  00000002   DeltaT:  2.556E-06   Iter/sec:  2.560E-01
 Iteration:  00000003   DeltaT:  2.556E-06   Iter/sec:  3.613E-01
 Iteration:  00000004   DeltaT:  2.556E-06   Iter/sec:  3.982E-01
 Iteration:  00000005   DeltaT:  2.556E-06   Iter/sec:  3.971E-01
 Iteration:  00000006   DeltaT:  2.556E-06   Iter/sec:  3.973E-01
 Iteration:  00000007   DeltaT:  2.556E-06   Iter/sec:  4.042E-01
 Iteration:  00000008   DeltaT:  2.556E-06   Iter/sec:  4.045E-01
 Iteration:  00000009   DeltaT:  2.556E-06   Iter/sec:  4.001E-01
 Iteration:  00000010   DeltaT:  2.556E-06   Iter/sec:  4.049E-01
 Iteration:  00000011   DeltaT:  2.556E-06   Iter/sec:  4.047E-01
 Iteration:  00000012   DeltaT:  2.556E-06   Iter/sec:  3.961E-01
 Iteration:  00000013   DeltaT:  2.556E-06   Iter/sec:  3.970E-01
 Iteration:  00000014   DeltaT:  2.556E-06   Iter/sec:  4.001E-01
 Iteration:  00000015   DeltaT:  2.556E-06   Iter/sec:  3.940E-01
 Iteration:  00000016   DeltaT:  2.556E-06   Iter/sec:  4.027E-01
 Iteration:  00000017   DeltaT:  2.556E-06   Iter/sec:  3.981E-01
 Iteration:  00000018   DeltaT:  2.556E-06   Iter/sec:  4.062E-01
 Iteration:  00000019   DeltaT:  2.556E-06   Iter/sec:  3.992E-01
 Iteration:  00000020   DeltaT:  2.556E-06   Iter/sec:  4.007E-01
 Iteration:  00000021   DeltaT:  2.556E-06   Iter/sec:  3.975E-01
 Iteration:  00000022   DeltaT:  2.556E-06   Iter/sec:  3.991E-01
 Iteration:  00000023   DeltaT:  2.556E-06   Iter/sec:  4.045E-01
 Iteration:  00000024   DeltaT:  2.556E-06   Iter/sec:  4.011E-01
 Iteration:  00000025   DeltaT:  2.556E-06   Iter/sec:  3.980E-01
 Iteration:  00000026   DeltaT:  2.556E-06   Iter/sec:  3.998E-01
 Iteration:  00000027   DeltaT:  2.556E-06   Iter/sec:  3.959E-01
 Iteration:  00000028   DeltaT:  2.556E-06   Iter/sec:  4.005E-01
 Iteration:  00000029   DeltaT:  2.556E-06   Iter/sec:  3.980E-01
 Iteration:  00000030   DeltaT:  2.556E-06   Iter/sec:  4.029E-01
 Iteration:  00000031   DeltaT:  2.556E-06   Iter/sec:  3.970E-01
 Iteration:  00000032   DeltaT:  2.556E-06   Iter/sec:  4.015E-01
 Iteration:  00000033   DeltaT:  2.556E-06   Iter/sec:  4.054E-01
 Iteration:  00000034   DeltaT:  2.556E-06   Iter/sec:  4.006E-01
 Iteration:  00000035   DeltaT:  2.556E-06   Iter/sec:  4.005E-01
 Iteration:  00000036   DeltaT:  2.556E-06   Iter/sec:  4.004E-01
 Iteration:  00000037   DeltaT:  2.556E-06   Iter/sec:  3.957E-01
 Iteration:  00000038   DeltaT:  2.556E-06   Iter/sec:  4.026E-01
 Iteration:  00000039   DeltaT:  2.556E-06   Iter/sec:  4.026E-01
 Iteration:  00000040   DeltaT:  2.556E-06   Iter/sec:  4.016E-01
 Iteration:  00000041   DeltaT:  2.556E-06   Iter/sec:  3.972E-01
 Iteration:  00000042   DeltaT:  2.556E-06   Iter/sec:  3.982E-01
 Iteration:  00000043   DeltaT:  2.556E-06   Iter/sec:  4.012E-01
 Iteration:  00000044   DeltaT:  2.556E-06   Iter/sec:  4.055E-01
 Iteration:  00000045   DeltaT:  2.556E-06   Iter/sec:  3.980E-01
 Iteration:  00000046   DeltaT:  2.556E-06   Iter/sec:  4.021E-01
 Iteration:  00000047   DeltaT:  2.556E-06   Iter/sec:  4.020E-01
 Iteration:  00000048   DeltaT:  2.556E-06   Iter/sec:  4.024E-01
 Iteration:  00000049   DeltaT:  2.556E-06   Iter/sec:  3.951E-01
 Iteration:  00000050   DeltaT:  2.556E-06   Iter/sec:  4.014E-01


//////////////////////////////////////////////
   Measured Timings for Process 0  (seconds)

 Elapsed time:       125.5293
  Column time:        15.2427
     Row time:        46.4105
Legendre time:        19.7051
     FFT time:         7.5766
   Solve time:         2.7064
    rlma time:         2.8310
    rlmb time:         1.5256
  pspace time:        14.7467
  psolve time:        12.4889
    dphi time:         0.5807
captured time:       123.8143

     iter/sec:         0.3983
//////////////////////////////////////////////
