 //////////////////////////////////////
 Initializating Rayleigh...

 -- Initalizing MPI...
 ---- Specified parameters:
 ---- NCPU  :     32
 ---- NPROW :      8
 ---- NPCOL :      4
 -- MPI initialized.


 -- Initalizing Grid...
 ---- Specified parameters ----
 ---- N_R                 :     64
 ---- N_THETA             :    384
 ---- Ell_MAX             :    255
 ---- R_MIN               :  5.38462E-01
 ---- R_MAX               :  1.53846E+00
 ---- Chebyshev Domains   :      1

        Domain 1
          Grid points           :  64
          Dealiased Polynomials :  42
          Domain Lower Bound    :  5.38462E-01
          Domain Upper Bound    :  1.53846E+00

 -- Grid initialized.

 -- Initalizing Reference State...
 ---- Specified parameters:
 ---- Reference type           :  Boussinesq (Non-dimensional)
 ---- Rayleigh Number          :  1.00000E+05
 ---- Ekman Number             :  1.00000E-03
 ---- Prandtl Number           :  1.00000E+00
 ---- Magnetic Prandtl Number  :  5.00000E+00
 -- Reference State initialized.

 -- Initializing Fields...
 ---- Specified parameters:
 ---- Hydro Init Type    : Benchmark (Christensen et al. 2001)
 ---- Magnetic Init Type : Benchmark (Christensen et al. 2001)
 -- Fields initialized.

 Initialization Complete.
 //////////////////////////////////////

 Timestep has changed from  0.00000E+00 to  1.00000E-04.
 Iteration:  00000001   DeltaT:  1.000E-04   Iter/sec:  0.000E+00
 Timestep has changed from  1.00000E-04 to  1.02211E-05.
 Iteration:  00000002   DeltaT:  1.022E-05   Iter/sec:  7.091E-01
 Iteration:  00000003   DeltaT:  1.022E-05   Iter/sec:  9.003E-01
 Iteration:  00000004   DeltaT:  1.022E-05   Iter/sec:  9.338E-01
 Iteration:  00000005   DeltaT:  1.022E-05   Iter/sec:  9.502E-01
 Iteration:  00000006   DeltaT:  1.022E-05   Iter/sec:  9.458E-01
 Iteration:  00000007   DeltaT:  1.022E-05   Iter/sec:  9.375E-01
 Iteration:  00000008   DeltaT:  1.022E-05   Iter/sec:  9.538E-01
 Iteration:  00000009   DeltaT:  1.022E-05   Iter/sec:  9.349E-01
 Iteration:  00000010   DeltaT:  1.022E-05   Iter/sec:  9.491E-01
 Iteration:  00000011   DeltaT:  1.022E-05   Iter/sec:  9.525E-01
 Iteration:  00000012   DeltaT:  1.022E-05   Iter/sec:  9.482E-01
 Iteration:  00000013   DeltaT:  1.022E-05   Iter/sec:  9.551E-01
 Iteration:  00000014   DeltaT:  1.022E-05   Iter/sec:  9.506E-01
 Iteration:  00000015   DeltaT:  1.022E-05   Iter/sec:  9.517E-01
 Iteration:  00000016   DeltaT:  1.022E-05   Iter/sec:  9.447E-01
 Iteration:  00000017   DeltaT:  1.022E-05   Iter/sec:  9.328E-01
 Iteration:  00000018   DeltaT:  1.022E-05   Iter/sec:  9.721E-01
 Iteration:  00000019   DeltaT:  1.022E-05   Iter/sec:  9.404E-01
 Iteration:  00000020   DeltaT:  1.022E-05   Iter/sec:  9.686E-01
 Iteration:  00000021   DeltaT:  1.022E-05   Iter/sec:  9.415E-01
 Iteration:  00000022   DeltaT:  1.022E-05   Iter/sec:  9.406E-01
 Iteration:  00000023   DeltaT:  1.022E-05   Iter/sec:  9.511E-01
 Iteration:  00000024   DeltaT:  1.022E-05   Iter/sec:  9.539E-01
 Iteration:  00000025   DeltaT:  1.022E-05   Iter/sec:  9.532E-01
 Iteration:  00000026   DeltaT:  1.022E-05   Iter/sec:  9.619E-01
 Iteration:  00000027   DeltaT:  1.022E-05   Iter/sec:  9.409E-01
 Iteration:  00000028   DeltaT:  1.022E-05   Iter/sec:  9.407E-01
 Iteration:  00000029   DeltaT:  1.022E-05   Iter/sec:  9.481E-01
 Iteration:  00000030   DeltaT:  1.022E-05   Iter/sec:  9.568E-01
 Iteration:  00000031   DeltaT:  1.022E-05   Iter/sec:  9.411E-01
 Iteration:  00000032   DeltaT:  1.022E-05   Iter/sec:  9.600E-01
 Iteration:  00000033   DeltaT:  1.022E-05   Iter/sec:  9.506E-01
 Iteration:  00000034   DeltaT:  1.022E-05   Iter/sec:  9.401E-01
 Iteration:  00000035   DeltaT:  1.022E-05   Iter/sec:  9.591E-01
 Iteration:  00000036   DeltaT:  1.022E-05   Iter/sec:  9.354E-01
 Iteration:  00000037   DeltaT:  1.022E-05   Iter/sec:  9.626E-01
 Iteration:  00000038   DeltaT:  1.022E-05   Iter/sec:  9.406E-01
 Iteration:  00000039   DeltaT:  1.022E-05   Iter/sec:  9.401E-01
 Iteration:  00000040   DeltaT:  1.022E-05   Iter/sec:  9.442E-01
 Iteration:  00000041   DeltaT:  1.022E-05   Iter/sec:  9.507E-01
 Iteration:  00000042   DeltaT:  1.022E-05   Iter/sec:  9.543E-01
 Iteration:  00000043   DeltaT:  1.022E-05   Iter/sec:  9.489E-01
 Iteration:  00000044   DeltaT:  1.022E-05   Iter/sec:  9.468E-01
 Iteration:  00000045   DeltaT:  1.022E-05   Iter/sec:  9.456E-01
 Iteration:  00000046   DeltaT:  1.022E-05   Iter/sec:  9.478E-01
 Iteration:  00000047   DeltaT:  1.022E-05   Iter/sec:  9.506E-01
 Iteration:  00000048   DeltaT:  1.022E-05   Iter/sec:  9.559E-01
 Iteration:  00000049   DeltaT:  1.022E-05   Iter/sec:  9.460E-01
 Iteration:  00000050   DeltaT:  1.022E-05   Iter/sec:  9.548E-01


//////////////////////////////////////////////
   Measured Timings for Process 0  (seconds)

 Elapsed time:        52.8172
  Column time:         4.3305
     Row time:        19.4137
Legendre time:         7.5724
     FFT time:         3.9156
   Solve time:         0.7424
    rlma time:         1.1441
    rlmb time:         0.5656
  pspace time:         7.4990
  psolve time:         6.4531
    dphi time:         0.2837
captured time:        51.9203

     iter/sec:         0.9467
//////////////////////////////////////////////
