 //////////////////////////////////////
 Initializating Rayleigh...

 -- Initalizing MPI...
 ---- Specified parameters:
 ---- NCPU  :   1024
 ---- NPROW :     16
 ---- NPCOL :     64
 -- MPI initialized.


 -- Initalizing Grid...
 ---- Specified parameters ----
 ---- N_R                 :     64
 ---- N_THETA             :   1536
 ---- Ell_MAX             :   1023
 ---- R_MIN               :  5.38462E-01
 ---- R_MAX               :  1.53846E+00
 ---- Chebyshev Domains   :      1

        Domain 1
          Grid points           :  64
          Dealiased Polynomials :  42
          Domain Lower Bound    :  5.38462E-01
          Domain Upper Bound    :  1.53846E+00

 -- Grid initialized.

 -- Initalizing Reference State...
 ---- Specified parameters:
 ---- Reference type           :  Boussinesq (Non-dimensional)
 ---- Rayleigh Number          :  1.00000E+05
 ---- Ekman Number             :  1.00000E-03
 ---- Prandtl Number           :  1.00000E+00
 ---- Magnetic Prandtl Number  :  5.00000E+00
 -- Reference State initialized.

 -- Initializing Fields...
 ---- Specified parameters:
 ---- Hydro Init Type    : Benchmark (Christensen et al. 2001)
 ---- Magnetic Init Type : Benchmark (Christensen et al. 2001)
 -- Fields initialized.

 Initialization Complete.
 //////////////////////////////////////

 Timestep has changed from  0.00000E+00 to  1.00000E-04.
 Iteration:  00000001   DeltaT:  1.000E-04   Iter/sec:  0.000E+00
 Timestep has changed from  1.00000E-04 to  4.46409E-06.
 Iteration:  00000002   DeltaT:  4.464E-06   Iter/sec:  1.281E-01
 Iteration:  00000003   DeltaT:  4.464E-06   Iter/sec:  1.167E+00
 Iteration:  00000004   DeltaT:  4.464E-06   Iter/sec:  1.275E+00
 Iteration:  00000005   DeltaT:  4.464E-06   Iter/sec:  1.241E+00
 Iteration:  00000006   DeltaT:  4.464E-06   Iter/sec:  1.238E+00
 Iteration:  00000007   DeltaT:  4.464E-06   Iter/sec:  1.244E+00
 Iteration:  00000008   DeltaT:  4.464E-06   Iter/sec:  1.248E+00
 Iteration:  00000009   DeltaT:  4.464E-06   Iter/sec:  1.221E+00
 Iteration:  00000010   DeltaT:  4.464E-06   Iter/sec:  1.209E+00
 Iteration:  00000011   DeltaT:  4.464E-06   Iter/sec:  1.258E+00
 Iteration:  00000012   DeltaT:  4.464E-06   Iter/sec:  1.239E+00
 Iteration:  00000013   DeltaT:  4.464E-06   Iter/sec:  1.242E+00
 Iteration:  00000014   DeltaT:  4.464E-06   Iter/sec:  1.247E+00
 Iteration:  00000015   DeltaT:  4.464E-06   Iter/sec:  1.235E+00
 Iteration:  00000016   DeltaT:  4.464E-06   Iter/sec:  1.263E+00
 Iteration:  00000017   DeltaT:  4.464E-06   Iter/sec:  1.235E+00
 Iteration:  00000018   DeltaT:  4.464E-06   Iter/sec:  1.235E+00
 Iteration:  00000019   DeltaT:  4.464E-06   Iter/sec:  1.254E+00
 Iteration:  00000020   DeltaT:  4.464E-06   Iter/sec:  1.253E+00
 Iteration:  00000021   DeltaT:  4.464E-06   Iter/sec:  1.253E+00
 Iteration:  00000022   DeltaT:  4.464E-06   Iter/sec:  1.245E+00
 Iteration:  00000023   DeltaT:  4.464E-06   Iter/sec:  1.237E+00
 Iteration:  00000024   DeltaT:  4.464E-06   Iter/sec:  1.239E+00
 Iteration:  00000025   DeltaT:  4.464E-06   Iter/sec:  1.246E+00
 Iteration:  00000026   DeltaT:  4.464E-06   Iter/sec:  1.241E+00
 Iteration:  00000027   DeltaT:  4.464E-06   Iter/sec:  1.259E+00
 Iteration:  00000028   DeltaT:  4.464E-06   Iter/sec:  1.245E+00
 Iteration:  00000029   DeltaT:  4.464E-06   Iter/sec:  1.248E+00
 Iteration:  00000030   DeltaT:  4.464E-06   Iter/sec:  1.258E+00
 Iteration:  00000031   DeltaT:  4.464E-06   Iter/sec:  1.250E+00
 Iteration:  00000032   DeltaT:  4.464E-06   Iter/sec:  1.249E+00
 Iteration:  00000033   DeltaT:  4.464E-06   Iter/sec:  1.227E+00
 Iteration:  00000034   DeltaT:  4.464E-06   Iter/sec:  1.258E+00
 Iteration:  00000035   DeltaT:  4.464E-06   Iter/sec:  1.234E+00
 Iteration:  00000036   DeltaT:  4.464E-06   Iter/sec:  1.268E+00
 Iteration:  00000037   DeltaT:  4.464E-06   Iter/sec:  1.240E+00
 Iteration:  00000038   DeltaT:  4.464E-06   Iter/sec:  1.203E+00
 Iteration:  00000039   DeltaT:  4.464E-06   Iter/sec:  1.240E+00
 Iteration:  00000040   DeltaT:  4.464E-06   Iter/sec:  1.219E+00
 Iteration:  00000041   DeltaT:  4.464E-06   Iter/sec:  1.242E+00
 Iteration:  00000042   DeltaT:  4.464E-06   Iter/sec:  1.236E+00
 Iteration:  00000043   DeltaT:  4.464E-06   Iter/sec:  1.218E+00
 Iteration:  00000044   DeltaT:  4.464E-06   Iter/sec:  1.236E+00
 Iteration:  00000045   DeltaT:  4.464E-06   Iter/sec:  1.240E+00
 Iteration:  00000046   DeltaT:  4.464E-06   Iter/sec:  1.235E+00
 Iteration:  00000047   DeltaT:  4.464E-06   Iter/sec:  1.247E+00
 Iteration:  00000048   DeltaT:  4.464E-06   Iter/sec:  1.238E+00
 Iteration:  00000049   DeltaT:  4.464E-06   Iter/sec:  1.259E+00
 Iteration:  00000050   DeltaT:  4.464E-06   Iter/sec:  1.240E+00


//////////////////////////////////////////////
   Measured Timings for Process 0  (seconds)

 Elapsed time:        40.3243
  Column time:        11.0867
     Row time:        10.0364
Legendre time:         8.5803
     FFT time:         2.0788
   Solve time:         0.3454
    rlma time:         0.5584
    rlmb time:         0.2673
  pspace time:         3.8648
  psolve time:         2.9832
    dphi time:         0.1989
captured time:        40.0002

     iter/sec:         1.2399
//////////////////////////////////////////////
