 //////////////////////////////////////
 Initializating Rayleigh...

 -- Initalizing MPI...
 ---- Specified parameters:
 ---- NCPU  :    512
 ---- NPROW :     32
 ---- NPCOL :     16
 -- MPI initialized.


 -- Initalizing Grid...
 ---- Specified parameters ----
 ---- N_R                 :     64
 ---- N_THETA             :   1536
 ---- Ell_MAX             :   1023
 ---- R_MIN               :  5.38462E-01
 ---- R_MAX               :  1.53846E+00
 ---- Chebyshev Domains   :      1

        Domain 1
          Grid points           :  64
          Dealiased Polynomials :  42
          Domain Lower Bound    :  5.38462E-01
          Domain Upper Bound    :  1.53846E+00

 -- Grid initialized.

 -- Initalizing Reference State...
 ---- Specified parameters:
 ---- Reference type           :  Boussinesq (Non-dimensional)
 ---- Rayleigh Number          :  1.00000E+05
 ---- Ekman Number             :  1.00000E-03
 ---- Prandtl Number           :  1.00000E+00
 ---- Magnetic Prandtl Number  :  5.00000E+00
 -- Reference State initialized.

 -- Initializing Fields...
 ---- Specified parameters:
 ---- Hydro Init Type    : Benchmark (Christensen et al. 2001)
 ---- Magnetic Init Type : Benchmark (Christensen et al. 2001)
 -- Fields initialized.

 Initialization Complete.
 //////////////////////////////////////

 Timestep has changed from  0.00000E+00 to  1.00000E-04.
 Iteration:  00000001   DeltaT:  1.000E-04   Iter/sec:  0.000E+00
 Timestep has changed from  1.00000E-04 to  4.46409E-06.
 Iteration:  00000002   DeltaT:  4.464E-06   Iter/sec:  1.864E-01
 Iteration:  00000003   DeltaT:  4.464E-06   Iter/sec:  6.872E-01
 Iteration:  00000004   DeltaT:  4.464E-06   Iter/sec:  6.884E-01
 Iteration:  00000005   DeltaT:  4.464E-06   Iter/sec:  7.002E-01
 Iteration:  00000006   DeltaT:  4.464E-06   Iter/sec:  6.971E-01
 Iteration:  00000007   DeltaT:  4.464E-06   Iter/sec:  6.895E-01
 Iteration:  00000008   DeltaT:  4.464E-06   Iter/sec:  6.970E-01
 Iteration:  00000009   DeltaT:  4.464E-06   Iter/sec:  6.968E-01
 Iteration:  00000010   DeltaT:  4.464E-06   Iter/sec:  6.929E-01
 Iteration:  00000011   DeltaT:  4.464E-06   Iter/sec:  7.018E-01
 Iteration:  00000012   DeltaT:  4.464E-06   Iter/sec:  6.873E-01
 Iteration:  00000013   DeltaT:  4.464E-06   Iter/sec:  7.026E-01
 Iteration:  00000014   DeltaT:  4.464E-06   Iter/sec:  6.780E-01
 Iteration:  00000015   DeltaT:  4.464E-06   Iter/sec:  6.875E-01
 Iteration:  00000016   DeltaT:  4.464E-06   Iter/sec:  7.014E-01
 Iteration:  00000017   DeltaT:  4.464E-06   Iter/sec:  6.983E-01
 Iteration:  00000018   DeltaT:  4.464E-06   Iter/sec:  6.759E-01
 Iteration:  00000019   DeltaT:  4.464E-06   Iter/sec:  6.942E-01
 Iteration:  00000020   DeltaT:  4.464E-06   Iter/sec:  6.968E-01
 Iteration:  00000021   DeltaT:  4.464E-06   Iter/sec:  7.044E-01
 Iteration:  00000022   DeltaT:  4.464E-06   Iter/sec:  6.896E-01
 Iteration:  00000023   DeltaT:  4.464E-06   Iter/sec:  6.949E-01
 Iteration:  00000024   DeltaT:  4.464E-06   Iter/sec:  6.779E-01
 Iteration:  00000025   DeltaT:  4.464E-06   Iter/sec:  6.877E-01
 Iteration:  00000026   DeltaT:  4.464E-06   Iter/sec:  7.075E-01
 Iteration:  00000027   DeltaT:  4.464E-06   Iter/sec:  6.832E-01
 Iteration:  00000028   DeltaT:  4.464E-06   Iter/sec:  6.919E-01
 Iteration:  00000029   DeltaT:  4.464E-06   Iter/sec:  6.872E-01
 Iteration:  00000030   DeltaT:  4.464E-06   Iter/sec:  6.955E-01
 Iteration:  00000031   DeltaT:  4.464E-06   Iter/sec:  7.100E-01
 Iteration:  00000032   DeltaT:  4.464E-06   Iter/sec:  6.818E-01
 Iteration:  00000033   DeltaT:  4.464E-06   Iter/sec:  6.872E-01
 Iteration:  00000034   DeltaT:  4.464E-06   Iter/sec:  6.966E-01
 Iteration:  00000035   DeltaT:  4.464E-06   Iter/sec:  6.913E-01
 Iteration:  00000036   DeltaT:  4.464E-06   Iter/sec:  6.857E-01
 Iteration:  00000037   DeltaT:  4.464E-06   Iter/sec:  6.951E-01
 Iteration:  00000038   DeltaT:  4.464E-06   Iter/sec:  6.839E-01
 Iteration:  00000039   DeltaT:  4.464E-06   Iter/sec:  6.874E-01
 Iteration:  00000040   DeltaT:  4.464E-06   Iter/sec:  6.906E-01
 Iteration:  00000041   DeltaT:  4.464E-06   Iter/sec:  6.994E-01
 Iteration:  00000042   DeltaT:  4.464E-06   Iter/sec:  6.893E-01
 Iteration:  00000043   DeltaT:  4.464E-06   Iter/sec:  6.895E-01
 Iteration:  00000044   DeltaT:  4.464E-06   Iter/sec:  6.925E-01
 Iteration:  00000045   DeltaT:  4.464E-06   Iter/sec:  6.903E-01
 Iteration:  00000046   DeltaT:  4.464E-06   Iter/sec:  6.853E-01
 Iteration:  00000047   DeltaT:  4.464E-06   Iter/sec:  6.962E-01
 Iteration:  00000048   DeltaT:  4.464E-06   Iter/sec:  6.869E-01
 Iteration:  00000049   DeltaT:  4.464E-06   Iter/sec:  7.015E-01
 Iteration:  00000050   DeltaT:  4.464E-06   Iter/sec:  6.651E-01


//////////////////////////////////////////////
   Measured Timings for Process 0  (seconds)

 Elapsed time:        72.3649
  Column time:        14.1211
     Row time:        26.1324
Legendre time:        12.6727
     FFT time:         3.8330
   Solve time:         0.7197
    rlma time:         0.8865
    rlmb time:         0.4325
  pspace time:         6.7766
  psolve time:         5.8072
    dphi time:         0.2402
captured time:        71.6219

     iter/sec:         0.6909
//////////////////////////////////////////////
