 //////////////////////////////////////
 Initializating Rayleigh...

 -- Initalizing MPI...
 ---- Specified parameters:
 ---- NCPU  :     32
 ---- NPROW :      4
 ---- NPCOL :      8
 -- MPI initialized.


 -- Initalizing Grid...
 ---- Specified parameters ----
 ---- N_R                 :     64
 ---- N_THETA             :    384
 ---- Ell_MAX             :    255
 ---- R_MIN               :  5.38462E-01
 ---- R_MAX               :  1.53846E+00
 ---- Chebyshev Domains   :      1

        Domain 1
          Grid points           :  64
          Dealiased Polynomials :  42
          Domain Lower Bound    :  5.38462E-01
          Domain Upper Bound    :  1.53846E+00

 -- Grid initialized.

 -- Initalizing Reference State...
 ---- Specified parameters:
 ---- Reference type           :  Boussinesq (Non-dimensional)
 ---- Rayleigh Number          :  1.00000E+05
 ---- Ekman Number             :  1.00000E-03
 ---- Prandtl Number           :  1.00000E+00
 ---- Magnetic Prandtl Number  :  5.00000E+00
 -- Reference State initialized.

 -- Initializing Fields...
 ---- Specified parameters:
 ---- Hydro Init Type    : Benchmark (Christensen et al. 2001)
 ---- Magnetic Init Type : Benchmark (Christensen et al. 2001)
 -- Fields initialized.

 Initialization Complete.
 //////////////////////////////////////

 Timestep has changed from  0.00000E+00 to  1.00000E-04.
 Iteration:  00000001   DeltaT:  1.000E-04   Iter/sec:  0.000E+00
 Timestep has changed from  1.00000E-04 to  1.02211E-05.
 Iteration:  00000002   DeltaT:  1.022E-05   Iter/sec:  6.373E-01
 Iteration:  00000003   DeltaT:  1.022E-05   Iter/sec:  9.446E-01
 Iteration:  00000004   DeltaT:  1.022E-05   Iter/sec:  9.728E-01
 Iteration:  00000005   DeltaT:  1.022E-05   Iter/sec:  9.649E-01
 Iteration:  00000006   DeltaT:  1.022E-05   Iter/sec:  9.542E-01
 Iteration:  00000007   DeltaT:  1.022E-05   Iter/sec:  9.768E-01
 Iteration:  00000008   DeltaT:  1.022E-05   Iter/sec:  9.842E-01
 Iteration:  00000009   DeltaT:  1.022E-05   Iter/sec:  9.839E-01
 Iteration:  00000010   DeltaT:  1.022E-05   Iter/sec:  9.794E-01
 Iteration:  00000011   DeltaT:  1.022E-05   Iter/sec:  9.693E-01
 Iteration:  00000012   DeltaT:  1.022E-05   Iter/sec:  9.938E-01
 Iteration:  00000013   DeltaT:  1.022E-05   Iter/sec:  9.787E-01
 Iteration:  00000014   DeltaT:  1.022E-05   Iter/sec:  9.668E-01
 Iteration:  00000015   DeltaT:  1.022E-05   Iter/sec:  9.716E-01
 Iteration:  00000016   DeltaT:  1.022E-05   Iter/sec:  9.562E-01
 Iteration:  00000017   DeltaT:  1.022E-05   Iter/sec:  9.685E-01
 Iteration:  00000018   DeltaT:  1.022E-05   Iter/sec:  9.806E-01
 Iteration:  00000019   DeltaT:  1.022E-05   Iter/sec:  9.658E-01
 Iteration:  00000020   DeltaT:  1.022E-05   Iter/sec:  9.744E-01
 Iteration:  00000021   DeltaT:  1.022E-05   Iter/sec:  9.646E-01
 Iteration:  00000022   DeltaT:  1.022E-05   Iter/sec:  9.490E-01
 Iteration:  00000023   DeltaT:  1.022E-05   Iter/sec:  9.732E-01
 Iteration:  00000024   DeltaT:  1.022E-05   Iter/sec:  9.673E-01
 Iteration:  00000025   DeltaT:  1.022E-05   Iter/sec:  9.691E-01
 Iteration:  00000026   DeltaT:  1.022E-05   Iter/sec:  9.712E-01
 Iteration:  00000027   DeltaT:  1.022E-05   Iter/sec:  9.781E-01
 Iteration:  00000028   DeltaT:  1.022E-05   Iter/sec:  9.713E-01
 Iteration:  00000029   DeltaT:  1.022E-05   Iter/sec:  9.655E-01
 Iteration:  00000030   DeltaT:  1.022E-05   Iter/sec:  9.664E-01
 Iteration:  00000031   DeltaT:  1.022E-05   Iter/sec:  9.679E-01
 Iteration:  00000032   DeltaT:  1.022E-05   Iter/sec:  9.583E-01
 Iteration:  00000033   DeltaT:  1.022E-05   Iter/sec:  9.601E-01
 Iteration:  00000034   DeltaT:  1.022E-05   Iter/sec:  9.810E-01
 Iteration:  00000035   DeltaT:  1.022E-05   Iter/sec:  9.585E-01
 Iteration:  00000036   DeltaT:  1.022E-05   Iter/sec:  9.693E-01
 Iteration:  00000037   DeltaT:  1.022E-05   Iter/sec:  9.749E-01
 Iteration:  00000038   DeltaT:  1.022E-05   Iter/sec:  9.583E-01
 Iteration:  00000039   DeltaT:  1.022E-05   Iter/sec:  9.651E-01
 Iteration:  00000040   DeltaT:  1.022E-05   Iter/sec:  9.940E-01
 Iteration:  00000041   DeltaT:  1.022E-05   Iter/sec:  9.717E-01
 Iteration:  00000042   DeltaT:  1.022E-05   Iter/sec:  9.786E-01
 Iteration:  00000043   DeltaT:  1.022E-05   Iter/sec:  9.747E-01
 Iteration:  00000044   DeltaT:  1.022E-05   Iter/sec:  9.648E-01
 Iteration:  00000045   DeltaT:  1.022E-05   Iter/sec:  9.647E-01
 Iteration:  00000046   DeltaT:  1.022E-05   Iter/sec:  9.661E-01
 Iteration:  00000047   DeltaT:  1.022E-05   Iter/sec:  9.623E-01
 Iteration:  00000048   DeltaT:  1.022E-05   Iter/sec:  9.784E-01
 Iteration:  00000049   DeltaT:  1.022E-05   Iter/sec:  9.794E-01
 Iteration:  00000050   DeltaT:  1.022E-05   Iter/sec:  9.484E-01


//////////////////////////////////////////////
   Measured Timings for Process 0  (seconds)

 Elapsed time:        51.6144
  Column time:         4.3690
     Row time:        19.4626
Legendre time:         6.5132
     FFT time:         3.9434
   Solve time:         0.6392
    rlma time:         1.1037
    rlmb time:         0.5139
  pspace time:         7.4835
  psolve time:         6.3937
    dphi time:         0.2940
captured time:        50.7162

     iter/sec:         0.9687
//////////////////////////////////////////////
