 //////////////////////////////////////
 Initializating Rayleigh...

 -- Initalizing MPI...
 ---- Specified parameters:
 ---- NCPU  :    256
 ---- NPROW :      8
 ---- NPCOL :     32
 -- MPI initialized.


 -- Initalizing Grid...
 ---- Specified parameters ----
 ---- N_R                 :    128
 ---- N_THETA             :   1536
 ---- Ell_MAX             :   1023
 ---- R_MIN               :  5.38462E-01
 ---- R_MAX               :  1.53846E+00
 ---- Chebyshev Domains   :      1

        Domain 1
          Grid points           :  128
          Dealiased Polynomials :  85
          Domain Lower Bound    :  5.38462E-01
          Domain Upper Bound    :  1.53846E+00

 -- Grid initialized.

 -- Initalizing Reference State...
 ---- Specified parameters:
 ---- Reference type           :  Boussinesq (Non-dimensional)
 ---- Rayleigh Number          :  1.00000E+05
 ---- Ekman Number             :  1.00000E-03
 ---- Prandtl Number           :  1.00000E+00
 ---- Magnetic Prandtl Number  :  5.00000E+00
 -- Reference State initialized.

 -- Initializing Fields...
 ---- Specified parameters:
 ---- Hydro Init Type    : Benchmark (Christensen et al. 2001)
 ---- Magnetic Init Type : Benchmark (Christensen et al. 2001)
 -- Fields initialized.

 Initialization Complete.
 //////////////////////////////////////

 Timestep has changed from  0.00000E+00 to  1.00000E-04.
 Iteration:  00000001   DeltaT:  1.000E-04   Iter/sec:  0.000E+00
 Timestep has changed from  1.00000E-04 to  2.55561E-06.
 Iteration:  00000002   DeltaT:  2.556E-06   Iter/sec:  5.266E-02
 Iteration:  00000003   DeltaT:  2.556E-06   Iter/sec:  1.802E-01
 Iteration:  00000004   DeltaT:  2.556E-06   Iter/sec:  1.819E-01
 Iteration:  00000005   DeltaT:  2.556E-06   Iter/sec:  1.807E-01
 Iteration:  00000006   DeltaT:  2.556E-06   Iter/sec:  1.819E-01
 Iteration:  00000007   DeltaT:  2.556E-06   Iter/sec:  1.799E-01
 Iteration:  00000008   DeltaT:  2.556E-06   Iter/sec:  1.840E-01
 Iteration:  00000009   DeltaT:  2.556E-06   Iter/sec:  1.811E-01
 Iteration:  00000010   DeltaT:  2.556E-06   Iter/sec:  1.825E-01
 Iteration:  00000011   DeltaT:  2.556E-06   Iter/sec:  1.808E-01
 Iteration:  00000012   DeltaT:  2.556E-06   Iter/sec:  1.807E-01
 Iteration:  00000013   DeltaT:  2.556E-06   Iter/sec:  1.817E-01
 Iteration:  00000014   DeltaT:  2.556E-06   Iter/sec:  1.810E-01
 Iteration:  00000015   DeltaT:  2.556E-06   Iter/sec:  1.793E-01
 Iteration:  00000016   DeltaT:  2.556E-06   Iter/sec:  1.794E-01
 Iteration:  00000017   DeltaT:  2.556E-06   Iter/sec:  1.755E-01
 Iteration:  00000018   DeltaT:  2.556E-06   Iter/sec:  1.840E-01
 Iteration:  00000019   DeltaT:  2.556E-06   Iter/sec:  1.814E-01
 Iteration:  00000020   DeltaT:  2.556E-06   Iter/sec:  1.817E-01
 Iteration:  00000021   DeltaT:  2.556E-06   Iter/sec:  1.809E-01
 Iteration:  00000022   DeltaT:  2.556E-06   Iter/sec:  1.816E-01
 Iteration:  00000023   DeltaT:  2.556E-06   Iter/sec:  1.810E-01
 Iteration:  00000024   DeltaT:  2.556E-06   Iter/sec:  1.815E-01
 Iteration:  00000025   DeltaT:  2.556E-06   Iter/sec:  1.757E-01
 Iteration:  00000026   DeltaT:  2.556E-06   Iter/sec:  1.838E-01
 Iteration:  00000027   DeltaT:  2.556E-06   Iter/sec:  1.808E-01
 Iteration:  00000028   DeltaT:  2.556E-06   Iter/sec:  1.819E-01
 Iteration:  00000029   DeltaT:  2.556E-06   Iter/sec:  1.808E-01
 Iteration:  00000030   DeltaT:  2.556E-06   Iter/sec:  1.814E-01
 Iteration:  00000031   DeltaT:  2.556E-06   Iter/sec:  1.802E-01
 Iteration:  00000032   DeltaT:  2.556E-06   Iter/sec:  1.793E-01
 Iteration:  00000033   DeltaT:  2.556E-06   Iter/sec:  1.818E-01
 Iteration:  00000034   DeltaT:  2.556E-06   Iter/sec:  1.818E-01
 Iteration:  00000035   DeltaT:  2.556E-06   Iter/sec:  1.832E-01
 Iteration:  00000036   DeltaT:  2.556E-06   Iter/sec:  1.802E-01
 Iteration:  00000037   DeltaT:  2.556E-06   Iter/sec:  1.827E-01
 Iteration:  00000038   DeltaT:  2.556E-06   Iter/sec:  1.807E-01
 Iteration:  00000039   DeltaT:  2.556E-06   Iter/sec:  1.795E-01
 Iteration:  00000040   DeltaT:  2.556E-06   Iter/sec:  1.802E-01
 Iteration:  00000041   DeltaT:  2.556E-06   Iter/sec:  1.810E-01
 Iteration:  00000042   DeltaT:  2.556E-06   Iter/sec:  1.806E-01
 Iteration:  00000043   DeltaT:  2.556E-06   Iter/sec:  1.818E-01
 Iteration:  00000044   DeltaT:  2.556E-06   Iter/sec:  1.808E-01
 Iteration:  00000045   DeltaT:  2.556E-06   Iter/sec:  1.825E-01
 Iteration:  00000046   DeltaT:  2.556E-06   Iter/sec:  1.801E-01
 Iteration:  00000047   DeltaT:  2.556E-06   Iter/sec:  1.818E-01
 Iteration:  00000048   DeltaT:  2.556E-06   Iter/sec:  1.779E-01
 Iteration:  00000049   DeltaT:  2.556E-06   Iter/sec:  1.823E-01
 Iteration:  00000050   DeltaT:  2.556E-06   Iter/sec:  1.827E-01


//////////////////////////////////////////////
   Measured Timings for Process 0  (seconds)

 Elapsed time:       276.4201
  Column time:        44.8957
     Row time:        90.4881
Legendre time:        51.0955
     FFT time:        16.3608
   Solve time:         3.6770
    rlma time:         5.2780
    rlmb time:         2.1277
  pspace time:        31.0056
  psolve time:        25.8526
    dphi time:         1.3650
captured time:       272.1460

     iter/sec:         0.1809
//////////////////////////////////////////////
