 //////////////////////////////////////
 Initializating Rayleigh...

 -- Initalizing MPI...
 ---- Specified parameters:
 ---- NCPU  :   1024
 ---- NPROW :     64
 ---- NPCOL :     16
 -- MPI initialized.


 -- Initalizing Grid...
 ---- Specified parameters ----
 ---- N_R                 :    128
 ---- N_THETA             :   1536
 ---- Ell_MAX             :   1023
 ---- R_MIN               :  5.38462E-01
 ---- R_MAX               :  1.53846E+00
 ---- Chebyshev Domains   :      1

        Domain 1
          Grid points           :  128
          Dealiased Polynomials :  85
          Domain Lower Bound    :  5.38462E-01
          Domain Upper Bound    :  1.53846E+00

 -- Grid initialized.

 -- Initalizing Reference State...
 ---- Specified parameters:
 ---- Reference type           :  Boussinesq (Non-dimensional)
 ---- Rayleigh Number          :  1.00000E+05
 ---- Ekman Number             :  1.00000E-03
 ---- Prandtl Number           :  1.00000E+00
 ---- Magnetic Prandtl Number  :  5.00000E+00
 -- Reference State initialized.

 -- Initializing Fields...
 ---- Specified parameters:
 ---- Hydro Init Type    : Benchmark (Christensen et al. 2001)
 ---- Magnetic Init Type : Benchmark (Christensen et al. 2001)
 -- Fields initialized.

 Initialization Complete.
 //////////////////////////////////////

 Timestep has changed from  0.00000E+00 to  1.00000E-04.
 Iteration:  00000001   DeltaT:  1.000E-04   Iter/sec:  0.000E+00
 Timestep has changed from  1.00000E-04 to  2.55561E-06.
 Iteration:  00000002   DeltaT:  2.556E-06   Iter/sec:  2.249E-01
 Iteration:  00000003   DeltaT:  2.556E-06   Iter/sec:  4.969E-01
 Iteration:  00000004   DeltaT:  2.556E-06   Iter/sec:  5.847E-01
 Iteration:  00000005   DeltaT:  2.556E-06   Iter/sec:  5.744E-01
 Iteration:  00000006   DeltaT:  2.556E-06   Iter/sec:  5.747E-01
 Iteration:  00000007   DeltaT:  2.556E-06   Iter/sec:  5.763E-01
 Iteration:  00000008   DeltaT:  2.556E-06   Iter/sec:  5.274E-01
 Iteration:  00000009   DeltaT:  2.556E-06   Iter/sec:  5.910E-01
 Iteration:  00000010   DeltaT:  2.556E-06   Iter/sec:  5.658E-01
 Iteration:  00000011   DeltaT:  2.556E-06   Iter/sec:  5.431E-01
 Iteration:  00000012   DeltaT:  2.556E-06   Iter/sec:  5.773E-01
 Iteration:  00000013   DeltaT:  2.556E-06   Iter/sec:  5.737E-01
 Iteration:  00000014   DeltaT:  2.556E-06   Iter/sec:  5.638E-01
 Iteration:  00000015   DeltaT:  2.556E-06   Iter/sec:  5.673E-01
 Iteration:  00000016   DeltaT:  2.556E-06   Iter/sec:  5.738E-01
 Iteration:  00000017   DeltaT:  2.556E-06   Iter/sec:  5.711E-01
 Iteration:  00000018   DeltaT:  2.556E-06   Iter/sec:  5.758E-01
 Iteration:  00000019   DeltaT:  2.556E-06   Iter/sec:  5.400E-01
 Iteration:  00000020   DeltaT:  2.556E-06   Iter/sec:  5.829E-01
 Iteration:  00000021   DeltaT:  2.556E-06   Iter/sec:  5.641E-01
 Iteration:  00000022   DeltaT:  2.556E-06   Iter/sec:  5.496E-01
 Iteration:  00000023   DeltaT:  2.556E-06   Iter/sec:  5.842E-01
 Iteration:  00000024   DeltaT:  2.556E-06   Iter/sec:  5.695E-01
 Iteration:  00000025   DeltaT:  2.556E-06   Iter/sec:  5.757E-01
 Iteration:  00000026   DeltaT:  2.556E-06   Iter/sec:  5.706E-01
 Iteration:  00000027   DeltaT:  2.556E-06   Iter/sec:  5.757E-01
 Iteration:  00000028   DeltaT:  2.556E-06   Iter/sec:  5.798E-01
 Iteration:  00000029   DeltaT:  2.556E-06   Iter/sec:  5.626E-01
 Iteration:  00000030   DeltaT:  2.556E-06   Iter/sec:  5.334E-01
 Iteration:  00000031   DeltaT:  2.556E-06   Iter/sec:  5.949E-01
 Iteration:  00000032   DeltaT:  2.556E-06   Iter/sec:  5.540E-01
 Iteration:  00000033   DeltaT:  2.556E-06   Iter/sec:  5.441E-01
 Iteration:  00000034   DeltaT:  2.556E-06   Iter/sec:  5.856E-01
 Iteration:  00000035   DeltaT:  2.556E-06   Iter/sec:  5.633E-01
 Iteration:  00000036   DeltaT:  2.556E-06   Iter/sec:  5.718E-01
 Iteration:  00000037   DeltaT:  2.556E-06   Iter/sec:  5.769E-01
 Iteration:  00000038   DeltaT:  2.556E-06   Iter/sec:  5.684E-01
 Iteration:  00000039   DeltaT:  2.556E-06   Iter/sec:  5.764E-01
 Iteration:  00000040   DeltaT:  2.556E-06   Iter/sec:  5.784E-01
 Iteration:  00000041   DeltaT:  2.556E-06   Iter/sec:  5.442E-01
 Iteration:  00000042   DeltaT:  2.556E-06   Iter/sec:  5.912E-01
 Iteration:  00000043   DeltaT:  2.556E-06   Iter/sec:  5.627E-01
 Iteration:  00000044   DeltaT:  2.556E-06   Iter/sec:  5.525E-01
 Iteration:  00000045   DeltaT:  2.556E-06   Iter/sec:  5.739E-01
 Iteration:  00000046   DeltaT:  2.556E-06   Iter/sec:  5.781E-01
 Iteration:  00000047   DeltaT:  2.556E-06   Iter/sec:  5.738E-01
 Iteration:  00000048   DeltaT:  2.556E-06   Iter/sec:  5.795E-01
 Iteration:  00000049   DeltaT:  2.556E-06   Iter/sec:  5.692E-01
 Iteration:  00000050   DeltaT:  2.556E-06   Iter/sec:  5.814E-01


//////////////////////////////////////////////
   Measured Timings for Process 0  (seconds)

 Elapsed time:        88.5045
  Column time:        15.4517
     Row time:        37.3133
Legendre time:        13.3414
     FFT time:         4.0638
   Solve time:         1.7375
    rlma time:         1.1489
    rlmb time:         0.4886
  pspace time:         7.3173
  psolve time:         6.5201
    dphi time:         0.2933
captured time:        87.6759

     iter/sec:         0.5649
//////////////////////////////////////////////
