 //////////////////////////////////////
 Initializating Rayleigh...

 -- Initalizing MPI...
 ---- Specified parameters:
 ---- NCPU  :    256
 ---- NPROW :     32
 ---- NPCOL :      8
 -- MPI initialized.


 -- Initalizing Grid...
 ---- Specified parameters ----
 ---- N_R                 :     64
 ---- N_THETA             :    192
 ---- Ell_MAX             :    127
 ---- R_MIN               :  5.38462E-01
 ---- R_MAX               :  1.53846E+00
 ---- Chebyshev Domains   :      1

        Domain 1
          Grid points           :  64
          Dealiased Polynomials :  42
          Domain Lower Bound    :  5.38462E-01
          Domain Upper Bound    :  1.53846E+00

 -- Grid initialized.

 -- Initalizing Reference State...
 ---- Specified parameters:
 ---- Reference type           :  Boussinesq (Non-dimensional)
 ---- Rayleigh Number          :  1.00000E+05
 ---- Ekman Number             :  1.00000E-03
 ---- Prandtl Number           :  1.00000E+00
 ---- Magnetic Prandtl Number  :  5.00000E+00
 -- Reference State initialized.

 -- Initializing Fields...
 ---- Specified parameters:
 ---- Hydro Init Type    : Benchmark (Christensen et al. 2001)
 ---- Magnetic Init Type : Benchmark (Christensen et al. 2001)
 -- Fields initialized.

 Initialization Complete.
 //////////////////////////////////////

 Timestep has changed from  0.00000E+00 to  1.00000E-04.
 Iteration:  00000001   DeltaT:  1.000E-04   Iter/sec:  0.000E+00
 Timestep has changed from  1.00000E-04 to  1.02217E-05.
 Iteration:  00000002   DeltaT:  1.022E-05   Iter/sec:  8.472E+00
 Iteration:  00000003   DeltaT:  1.022E-05   Iter/sec:  2.297E+01
 Iteration:  00000004   DeltaT:  1.022E-05   Iter/sec:  3.679E+01
 Iteration:  00000005   DeltaT:  1.022E-05   Iter/sec:  3.940E+01
 Iteration:  00000006   DeltaT:  1.022E-05   Iter/sec:  3.883E+01
 Iteration:  00000007   DeltaT:  1.022E-05   Iter/sec:  4.076E+01
 Iteration:  00000008   DeltaT:  1.022E-05   Iter/sec:  3.967E+01
 Iteration:  00000009   DeltaT:  1.022E-05   Iter/sec:  9.620E+00
 Iteration:  00000010   DeltaT:  1.022E-05   Iter/sec:  2.083E+01
 Iteration:  00000011   DeltaT:  1.022E-05   Iter/sec:  2.415E+01
 Iteration:  00000012   DeltaT:  1.022E-05   Iter/sec:  3.982E+01
 Iteration:  00000013   DeltaT:  1.022E-05   Iter/sec:  3.298E+01
 Iteration:  00000014   DeltaT:  1.022E-05   Iter/sec:  3.982E+01
 Iteration:  00000015   DeltaT:  1.022E-05   Iter/sec:  3.963E+01
 Iteration:  00000016   DeltaT:  1.022E-05   Iter/sec:  3.820E+01
 Iteration:  00000017   DeltaT:  1.022E-05   Iter/sec:  3.995E+01
 Iteration:  00000018   DeltaT:  1.022E-05   Iter/sec:  3.960E+01
 Iteration:  00000019   DeltaT:  1.022E-05   Iter/sec:  4.005E+01
 Iteration:  00000020   DeltaT:  1.022E-05   Iter/sec:  4.046E+01
 Iteration:  00000021   DeltaT:  1.022E-05   Iter/sec:  3.908E+01
 Iteration:  00000022   DeltaT:  1.022E-05   Iter/sec:  3.832E+01
 Iteration:  00000023   DeltaT:  1.022E-05   Iter/sec:  3.888E+01
 Iteration:  00000024   DeltaT:  1.022E-05   Iter/sec:  4.087E+01
 Iteration:  00000025   DeltaT:  1.022E-05   Iter/sec:  3.998E+01
 Iteration:  00000026   DeltaT:  1.022E-05   Iter/sec:  3.900E+01
 Iteration:  00000027   DeltaT:  1.022E-05   Iter/sec:  3.924E+01
 Iteration:  00000028   DeltaT:  1.022E-05   Iter/sec:  3.913E+01
 Iteration:  00000029   DeltaT:  1.022E-05   Iter/sec:  3.940E+01
 Iteration:  00000030   DeltaT:  1.022E-05   Iter/sec:  3.784E+01
 Iteration:  00000031   DeltaT:  1.022E-05   Iter/sec:  4.021E+01
 Iteration:  00000032   DeltaT:  1.022E-05   Iter/sec:  4.052E+01
 Iteration:  00000033   DeltaT:  1.022E-05   Iter/sec:  4.014E+01
 Iteration:  00000034   DeltaT:  1.022E-05   Iter/sec:  3.881E+01
 Iteration:  00000035   DeltaT:  1.022E-05   Iter/sec:  3.831E+01
 Iteration:  00000036   DeltaT:  1.022E-05   Iter/sec:  4.003E+01
 Iteration:  00000037   DeltaT:  1.022E-05   Iter/sec:  3.988E+01
 Iteration:  00000038   DeltaT:  1.022E-05   Iter/sec:  3.911E+01
 Iteration:  00000039   DeltaT:  1.022E-05   Iter/sec:  3.860E+01
 Iteration:  00000040   DeltaT:  1.022E-05   Iter/sec:  3.968E+01
 Iteration:  00000041   DeltaT:  1.022E-05   Iter/sec:  3.886E+01
 Iteration:  00000042   DeltaT:  1.022E-05   Iter/sec:  3.939E+01
 Iteration:  00000043   DeltaT:  1.022E-05   Iter/sec:  3.997E+01
 Iteration:  00000044   DeltaT:  1.022E-05   Iter/sec:  4.014E+01
 Iteration:  00000045   DeltaT:  1.022E-05   Iter/sec:  2.405E+01
 Iteration:  00000046   DeltaT:  1.022E-05   Iter/sec:  2.004E+01
 Iteration:  00000047   DeltaT:  1.022E-05   Iter/sec:  3.925E+01
 Iteration:  00000048   DeltaT:  1.022E-05   Iter/sec:  3.913E+01
 Iteration:  00000049   DeltaT:  1.022E-05   Iter/sec:  1.206E+01
 Iteration:  00000050   DeltaT:  1.022E-05   Iter/sec:  3.325E+01


//////////////////////////////////////////////
   Measured Timings for Process 0  (seconds)

 Elapsed time:         1.6279
  Column time:         0.2970
     Row time:         0.8071
Legendre time:         0.1051
     FFT time:         0.0886
   Solve time:         0.1058
    rlma time:         0.0225
    rlmb time:         0.0088
  pspace time:         0.0626
  psolve time:         0.1068
    dphi time:         0.0068
captured time:         1.6110

     iter/sec:        30.7150
//////////////////////////////////////////////
