 //////////////////////////////////////
 Initializating Rayleigh...

 -- Initalizing MPI...
 ---- Specified parameters:
 ---- NCPU  :    512
 ---- NPROW :     16
 ---- NPCOL :     32
 -- MPI initialized.


 -- Initalizing Grid...
 ---- Specified parameters ----
 ---- N_R                 :    128
 ---- N_THETA             :    768
 ---- Ell_MAX             :    511
 ---- R_MIN               :  5.38462E-01
 ---- R_MAX               :  1.53846E+00
 ---- Chebyshev Domains   :      1

        Domain 1
          Grid points           :  128
          Dealiased Polynomials :  85
          Domain Lower Bound    :  5.38462E-01
          Domain Upper Bound    :  1.53846E+00

 -- Grid initialized.

 -- Initalizing Reference State...
 ---- Specified parameters:
 ---- Reference type           :  Boussinesq (Non-dimensional)
 ---- Rayleigh Number          :  1.00000E+05
 ---- Ekman Number             :  1.00000E-03
 ---- Prandtl Number           :  1.00000E+00
 ---- Magnetic Prandtl Number  :  5.00000E+00
 -- Reference State initialized.

 -- Initializing Fields...
 ---- Specified parameters:
 ---- Hydro Init Type    : Benchmark (Christensen et al. 2001)
 ---- Magnetic Init Type : Benchmark (Christensen et al. 2001)
 -- Fields initialized.

 Initialization Complete.
 //////////////////////////////////////

 Timestep has changed from  0.00000E+00 to  1.00000E-04.
 Iteration:  00000001   DeltaT:  1.000E-04   Iter/sec:  0.000E+00
 Timestep has changed from  1.00000E-04 to  2.55562E-06.
 Iteration:  00000002   DeltaT:  2.556E-06   Iter/sec:  5.920E-01
 Iteration:  00000003   DeltaT:  2.556E-06   Iter/sec:  1.492E+00
 Iteration:  00000004   DeltaT:  2.556E-06   Iter/sec:  1.651E+00
 Iteration:  00000005   DeltaT:  2.556E-06   Iter/sec:  1.663E+00
 Iteration:  00000006   DeltaT:  2.556E-06   Iter/sec:  1.663E+00
 Iteration:  00000007   DeltaT:  2.556E-06   Iter/sec:  1.660E+00
 Iteration:  00000008   DeltaT:  2.556E-06   Iter/sec:  1.679E+00
 Iteration:  00000009   DeltaT:  2.556E-06   Iter/sec:  1.667E+00
 Iteration:  00000010   DeltaT:  2.556E-06   Iter/sec:  1.674E+00
 Iteration:  00000011   DeltaT:  2.556E-06   Iter/sec:  1.670E+00
 Iteration:  00000012   DeltaT:  2.556E-06   Iter/sec:  1.654E+00
 Iteration:  00000013   DeltaT:  2.556E-06   Iter/sec:  1.681E+00
 Iteration:  00000014   DeltaT:  2.556E-06   Iter/sec:  1.655E+00
 Iteration:  00000015   DeltaT:  2.556E-06   Iter/sec:  1.646E+00
 Iteration:  00000016   DeltaT:  2.556E-06   Iter/sec:  1.686E+00
 Iteration:  00000017   DeltaT:  2.556E-06   Iter/sec:  1.681E+00
 Iteration:  00000018   DeltaT:  2.556E-06   Iter/sec:  1.644E+00
 Iteration:  00000019   DeltaT:  2.556E-06   Iter/sec:  1.671E+00
 Iteration:  00000020   DeltaT:  2.556E-06   Iter/sec:  1.652E+00
 Iteration:  00000021   DeltaT:  2.556E-06   Iter/sec:  1.678E+00
 Iteration:  00000022   DeltaT:  2.556E-06   Iter/sec:  1.666E+00
 Iteration:  00000023   DeltaT:  2.556E-06   Iter/sec:  1.661E+00
 Iteration:  00000024   DeltaT:  2.556E-06   Iter/sec:  1.668E+00
 Iteration:  00000025   DeltaT:  2.556E-06   Iter/sec:  1.663E+00
 Iteration:  00000026   DeltaT:  2.556E-06   Iter/sec:  1.689E+00
 Iteration:  00000027   DeltaT:  2.556E-06   Iter/sec:  1.651E+00
 Iteration:  00000028   DeltaT:  2.556E-06   Iter/sec:  1.664E+00
 Iteration:  00000029   DeltaT:  2.556E-06   Iter/sec:  1.647E+00
 Iteration:  00000030   DeltaT:  2.556E-06   Iter/sec:  1.668E+00
 Iteration:  00000031   DeltaT:  2.556E-06   Iter/sec:  1.675E+00
 Iteration:  00000032   DeltaT:  2.556E-06   Iter/sec:  1.681E+00
 Iteration:  00000033   DeltaT:  2.556E-06   Iter/sec:  1.655E+00
 Iteration:  00000034   DeltaT:  2.556E-06   Iter/sec:  1.665E+00
 Iteration:  00000035   DeltaT:  2.556E-06   Iter/sec:  1.670E+00
 Iteration:  00000036   DeltaT:  2.556E-06   Iter/sec:  1.657E+00
 Iteration:  00000037   DeltaT:  2.556E-06   Iter/sec:  1.679E+00
 Iteration:  00000038   DeltaT:  2.556E-06   Iter/sec:  1.656E+00
 Iteration:  00000039   DeltaT:  2.556E-06   Iter/sec:  1.653E+00
 Iteration:  00000040   DeltaT:  2.556E-06   Iter/sec:  1.669E+00
 Iteration:  00000041   DeltaT:  2.556E-06   Iter/sec:  1.657E+00
 Iteration:  00000042   DeltaT:  2.556E-06   Iter/sec:  1.667E+00
 Iteration:  00000043   DeltaT:  2.556E-06   Iter/sec:  1.661E+00
 Iteration:  00000044   DeltaT:  2.556E-06   Iter/sec:  1.682E+00
 Iteration:  00000045   DeltaT:  2.556E-06   Iter/sec:  1.648E+00
 Iteration:  00000046   DeltaT:  2.556E-06   Iter/sec:  1.672E+00
 Iteration:  00000047   DeltaT:  2.556E-06   Iter/sec:  1.658E+00
 Iteration:  00000048   DeltaT:  2.556E-06   Iter/sec:  1.663E+00
 Iteration:  00000049   DeltaT:  2.556E-06   Iter/sec:  1.672E+00
 Iteration:  00000050   DeltaT:  2.556E-06   Iter/sec:  1.669E+00


//////////////////////////////////////////////
   Measured Timings for Process 0  (seconds)

 Elapsed time:        30.1649
  Column time:         5.9405
     Row time:         9.4146
Legendre time:         4.2355
     FFT time:         1.8521
   Solve time:         0.7376
    rlma time:         0.3852
    rlmb time:         0.1883
  pspace time:         3.9396
  psolve time:         2.9752
    dphi time:         0.2120
captured time:        29.8806

     iter/sec:         1.6576
//////////////////////////////////////////////
