 //////////////////////////////////////
 Initializating Rayleigh...

 -- Initalizing MPI...
 ---- Specified parameters:
 ---- NCPU  :    512
 ---- NPROW :     32
 ---- NPCOL :     16
 -- MPI initialized.


 -- Initalizing Grid...
 ---- Specified parameters ----
 ---- N_R                 :    128
 ---- N_THETA             :   1536
 ---- Ell_MAX             :   1023
 ---- R_MIN               :  5.38462E-01
 ---- R_MAX               :  1.53846E+00
 ---- Chebyshev Domains   :      1

        Domain 1
          Grid points           :  128
          Dealiased Polynomials :  85
          Domain Lower Bound    :  5.38462E-01
          Domain Upper Bound    :  1.53846E+00

 -- Grid initialized.

 -- Initalizing Reference State...
 ---- Specified parameters:
 ---- Reference type           :  Boussinesq (Non-dimensional)
 ---- Rayleigh Number          :  1.00000E+05
 ---- Ekman Number             :  1.00000E-03
 ---- Prandtl Number           :  1.00000E+00
 ---- Magnetic Prandtl Number  :  5.00000E+00
 -- Reference State initialized.

 -- Initializing Fields...
 ---- Specified parameters:
 ---- Hydro Init Type    : Benchmark (Christensen et al. 2001)
 ---- Magnetic Init Type : Benchmark (Christensen et al. 2001)
 -- Fields initialized.

 Initialization Complete.
 //////////////////////////////////////

 Timestep has changed from  0.00000E+00 to  1.00000E-04.
 Iteration:  00000001   DeltaT:  1.000E-04   Iter/sec:  0.000E+00
 Timestep has changed from  1.00000E-04 to  2.55561E-06.
 Iteration:  00000002   DeltaT:  2.556E-06   Iter/sec:  1.050E-01
 Iteration:  00000003   DeltaT:  2.556E-06   Iter/sec:  3.093E-01
 Iteration:  00000004   DeltaT:  2.556E-06   Iter/sec:  3.371E-01
 Iteration:  00000005   DeltaT:  2.556E-06   Iter/sec:  3.350E-01
 Iteration:  00000006   DeltaT:  2.556E-06   Iter/sec:  3.363E-01
 Iteration:  00000007   DeltaT:  2.556E-06   Iter/sec:  3.348E-01
 Iteration:  00000008   DeltaT:  2.556E-06   Iter/sec:  3.380E-01
 Iteration:  00000009   DeltaT:  2.556E-06   Iter/sec:  3.356E-01
 Iteration:  00000010   DeltaT:  2.556E-06   Iter/sec:  3.406E-01
 Iteration:  00000011   DeltaT:  2.556E-06   Iter/sec:  3.308E-01
 Iteration:  00000012   DeltaT:  2.556E-06   Iter/sec:  3.421E-01
 Iteration:  00000013   DeltaT:  2.556E-06   Iter/sec:  3.317E-01
 Iteration:  00000014   DeltaT:  2.556E-06   Iter/sec:  3.419E-01
 Iteration:  00000015   DeltaT:  2.556E-06   Iter/sec:  3.331E-01
 Iteration:  00000016   DeltaT:  2.556E-06   Iter/sec:  3.414E-01
 Iteration:  00000017   DeltaT:  2.556E-06   Iter/sec:  3.355E-01
 Iteration:  00000018   DeltaT:  2.556E-06   Iter/sec:  3.399E-01
 Iteration:  00000019   DeltaT:  2.556E-06   Iter/sec:  3.343E-01
 Iteration:  00000020   DeltaT:  2.556E-06   Iter/sec:  3.453E-01
 Iteration:  00000021   DeltaT:  2.556E-06   Iter/sec:  3.326E-01
 Iteration:  00000022   DeltaT:  2.556E-06   Iter/sec:  3.441E-01
 Iteration:  00000023   DeltaT:  2.556E-06   Iter/sec:  3.306E-01
 Iteration:  00000024   DeltaT:  2.556E-06   Iter/sec:  3.401E-01
 Iteration:  00000025   DeltaT:  2.556E-06   Iter/sec:  3.337E-01
 Iteration:  00000026   DeltaT:  2.556E-06   Iter/sec:  3.452E-01
 Iteration:  00000027   DeltaT:  2.556E-06   Iter/sec:  3.287E-01
 Iteration:  00000028   DeltaT:  2.556E-06   Iter/sec:  3.401E-01
 Iteration:  00000029   DeltaT:  2.556E-06   Iter/sec:  3.329E-01
 Iteration:  00000030   DeltaT:  2.556E-06   Iter/sec:  3.414E-01
 Iteration:  00000031   DeltaT:  2.556E-06   Iter/sec:  3.355E-01
 Iteration:  00000032   DeltaT:  2.556E-06   Iter/sec:  3.414E-01
 Iteration:  00000033   DeltaT:  2.556E-06   Iter/sec:  3.328E-01
 Iteration:  00000034   DeltaT:  2.556E-06   Iter/sec:  3.395E-01
 Iteration:  00000035   DeltaT:  2.556E-06   Iter/sec:  3.353E-01
 Iteration:  00000036   DeltaT:  2.556E-06   Iter/sec:  3.402E-01
 Iteration:  00000037   DeltaT:  2.556E-06   Iter/sec:  3.340E-01
 Iteration:  00000038   DeltaT:  2.556E-06   Iter/sec:  3.383E-01
 Iteration:  00000039   DeltaT:  2.556E-06   Iter/sec:  3.317E-01
 Iteration:  00000040   DeltaT:  2.556E-06   Iter/sec:  3.373E-01
 Iteration:  00000041   DeltaT:  2.556E-06   Iter/sec:  3.308E-01
 Iteration:  00000042   DeltaT:  2.556E-06   Iter/sec:  3.370E-01
 Iteration:  00000043   DeltaT:  2.556E-06   Iter/sec:  3.333E-01
 Iteration:  00000044   DeltaT:  2.556E-06   Iter/sec:  3.437E-01
 Iteration:  00000045   DeltaT:  2.556E-06   Iter/sec:  3.326E-01
 Iteration:  00000046   DeltaT:  2.556E-06   Iter/sec:  3.398E-01
 Iteration:  00000047   DeltaT:  2.556E-06   Iter/sec:  3.375E-01
 Iteration:  00000048   DeltaT:  2.556E-06   Iter/sec:  3.421E-01
 Iteration:  00000049   DeltaT:  2.556E-06   Iter/sec:  3.297E-01
 Iteration:  00000050   DeltaT:  2.556E-06   Iter/sec:  3.382E-01


//////////////////////////////////////////////
   Measured Timings for Process 0  (seconds)

 Elapsed time:       148.6872
  Column time:        25.9027
     Row time:        53.6564
Legendre time:        27.4384
     FFT time:         7.4422
   Solve time:         2.5101
    rlma time:         2.8127
    rlmb time:         1.2120
  pspace time:        12.2805
  psolve time:        13.0126
    dphi time:         0.4486
captured time:       146.7162

     iter/sec:         0.3363
//////////////////////////////////////////////
