 //////////////////////////////////////
 Initializating Rayleigh...

 -- Initalizing MPI...
 ---- Specified parameters:
 ---- NCPU  :   1024
 ---- NPROW :     64
 ---- NPCOL :     16
 -- MPI initialized.


 -- Initalizing Grid...
 ---- Specified parameters ----
 ---- N_R                 :     64
 ---- N_THETA             :    384
 ---- Ell_MAX             :    255
 ---- R_MIN               :  5.38462E-01
 ---- R_MAX               :  1.53846E+00
 ---- Chebyshev Domains   :      1

        Domain 1
          Grid points           :  64
          Dealiased Polynomials :  42
          Domain Lower Bound    :  5.38462E-01
          Domain Upper Bound    :  1.53846E+00

 -- Grid initialized.

 -- Initalizing Reference State...
 ---- Specified parameters:
 ---- Reference type           :  Boussinesq (Non-dimensional)
 ---- Rayleigh Number          :  1.00000E+05
 ---- Ekman Number             :  1.00000E-03
 ---- Prandtl Number           :  1.00000E+00
 ---- Magnetic Prandtl Number  :  5.00000E+00
 -- Reference State initialized.

 -- Initializing Fields...
 ---- Specified parameters:
 ---- Hydro Init Type    : Benchmark (Christensen et al. 2001)
 ---- Magnetic Init Type : Benchmark (Christensen et al. 2001)
 -- Fields initialized.

 Initialization Complete.
 //////////////////////////////////////

 Timestep has changed from  0.00000E+00 to  1.00000E-04.
 Iteration:  00000001   DeltaT:  1.000E-04   Iter/sec:  0.000E+00
 Timestep has changed from  1.00000E-04 to  1.02211E-05.
 Iteration:  00000002   DeltaT:  1.022E-05   Iter/sec:  3.298E+00
 Iteration:  00000003   DeltaT:  1.022E-05   Iter/sec:  1.937E+01
 Iteration:  00000004   DeltaT:  1.022E-05   Iter/sec:  2.655E+01
 Iteration:  00000005   DeltaT:  1.022E-05   Iter/sec:  2.645E+01
 Iteration:  00000006   DeltaT:  1.022E-05   Iter/sec:  2.710E+01
 Iteration:  00000007   DeltaT:  1.022E-05   Iter/sec:  2.627E+01
 Iteration:  00000008   DeltaT:  1.022E-05   Iter/sec:  2.673E+01
 Iteration:  00000009   DeltaT:  1.022E-05   Iter/sec:  2.656E+01
 Iteration:  00000010   DeltaT:  1.022E-05   Iter/sec:  2.582E+01
 Iteration:  00000011   DeltaT:  1.022E-05   Iter/sec:  2.695E+01
 Iteration:  00000012   DeltaT:  1.022E-05   Iter/sec:  2.722E+01
 Iteration:  00000013   DeltaT:  1.022E-05   Iter/sec:  2.697E+01
 Iteration:  00000014   DeltaT:  1.022E-05   Iter/sec:  2.669E+01
 Iteration:  00000015   DeltaT:  1.022E-05   Iter/sec:  2.700E+01
 Iteration:  00000016   DeltaT:  1.022E-05   Iter/sec:  2.741E+01
 Iteration:  00000017   DeltaT:  1.022E-05   Iter/sec:  2.706E+01
 Iteration:  00000018   DeltaT:  1.022E-05   Iter/sec:  2.750E+01
 Iteration:  00000019   DeltaT:  1.022E-05   Iter/sec:  2.713E+01
 Iteration:  00000020   DeltaT:  1.022E-05   Iter/sec:  2.654E+01
 Iteration:  00000021   DeltaT:  1.022E-05   Iter/sec:  2.692E+01
 Iteration:  00000022   DeltaT:  1.022E-05   Iter/sec:  2.737E+01
 Iteration:  00000023   DeltaT:  1.022E-05   Iter/sec:  2.671E+01
 Iteration:  00000024   DeltaT:  1.022E-05   Iter/sec:  2.734E+01
 Iteration:  00000025   DeltaT:  1.022E-05   Iter/sec:  2.080E+01
 Iteration:  00000026   DeltaT:  1.022E-05   Iter/sec:  2.578E+01
 Iteration:  00000027   DeltaT:  1.022E-05   Iter/sec:  2.193E+01
 Iteration:  00000028   DeltaT:  1.022E-05   Iter/sec:  2.662E+01
 Iteration:  00000029   DeltaT:  1.022E-05   Iter/sec:  2.590E+01
 Iteration:  00000030   DeltaT:  1.022E-05   Iter/sec:  2.689E+01
 Iteration:  00000031   DeltaT:  1.022E-05   Iter/sec:  2.528E+01
 Iteration:  00000032   DeltaT:  1.022E-05   Iter/sec:  2.854E+01
 Iteration:  00000033   DeltaT:  1.022E-05   Iter/sec:  2.751E+01
 Iteration:  00000034   DeltaT:  1.022E-05   Iter/sec:  2.642E+01
 Iteration:  00000035   DeltaT:  1.022E-05   Iter/sec:  2.734E+01
 Iteration:  00000036   DeltaT:  1.022E-05   Iter/sec:  2.696E+01
 Iteration:  00000037   DeltaT:  1.022E-05   Iter/sec:  2.724E+01
 Iteration:  00000038   DeltaT:  1.022E-05   Iter/sec:  2.665E+01
 Iteration:  00000039   DeltaT:  1.022E-05   Iter/sec:  2.766E+01
 Iteration:  00000040   DeltaT:  1.022E-05   Iter/sec:  2.664E+01
 Iteration:  00000041   DeltaT:  1.022E-05   Iter/sec:  2.727E+01
 Iteration:  00000042   DeltaT:  1.022E-05   Iter/sec:  2.695E+01
 Iteration:  00000043   DeltaT:  1.022E-05   Iter/sec:  2.733E+01
 Iteration:  00000044   DeltaT:  1.022E-05   Iter/sec:  2.692E+01
 Iteration:  00000045   DeltaT:  1.022E-05   Iter/sec:  2.706E+01
 Iteration:  00000046   DeltaT:  1.022E-05   Iter/sec:  2.740E+01
 Iteration:  00000047   DeltaT:  1.022E-05   Iter/sec:  2.624E+01
 Iteration:  00000048   DeltaT:  1.022E-05   Iter/sec:  2.771E+01
 Iteration:  00000049   DeltaT:  1.022E-05   Iter/sec:  2.689E+01
 Iteration:  00000050   DeltaT:  1.022E-05   Iter/sec:  2.712E+01


//////////////////////////////////////////////
   Measured Timings for Process 0  (seconds)

 Elapsed time:         1.9183
  Column time:         0.5242
     Row time:         0.7870
Legendre time:         0.1401
     FFT time:         0.0999
   Solve time:         0.1031
    rlma time:         0.0220
    rlmb time:         0.0094
  pspace time:         0.0993
  psolve time:         0.1076
    dphi time:         0.0095
captured time:         1.9022

     iter/sec:        26.0647
//////////////////////////////////////////////
