 //////////////////////////////////////
 Initializating Rayleigh...

 -- Initalizing MPI...
 ---- Specified parameters:
 ---- NCPU  :    128
 ---- NPROW :      8
 ---- NPCOL :     16
 -- MPI initialized.


 -- Initalizing Grid...
 ---- Specified parameters ----
 ---- N_R                 :    128
 ---- N_THETA             :   1536
 ---- Ell_MAX             :   1023
 ---- R_MIN               :  5.38462E-01
 ---- R_MAX               :  1.53846E+00
 ---- Chebyshev Domains   :      1

        Domain 1
          Grid points           :  128
          Dealiased Polynomials :  85
          Domain Lower Bound    :  5.38462E-01
          Domain Upper Bound    :  1.53846E+00

 -- Grid initialized.

 -- Initalizing Reference State...
 ---- Specified parameters:
 ---- Reference type           :  Boussinesq (Non-dimensional)
 ---- Rayleigh Number          :  1.00000E+05
 ---- Ekman Number             :  1.00000E-03
 ---- Prandtl Number           :  1.00000E+00
 ---- Magnetic Prandtl Number  :  5.00000E+00
 -- Reference State initialized.

 -- Initializing Fields...
 ---- Specified parameters:
 ---- Hydro Init Type    : Benchmark (Christensen et al. 2001)
 ---- Magnetic Init Type : Benchmark (Christensen et al. 2001)
 -- Fields initialized.

 Initialization Complete.
 //////////////////////////////////////

 Timestep has changed from  0.00000E+00 to  1.00000E-04.
 Iteration:  00000001   DeltaT:  1.000E-04   Iter/sec:  0.000E+00
 Timestep has changed from  1.00000E-04 to  2.55561E-06.
 Iteration:  00000002   DeltaT:  2.556E-06   Iter/sec:  3.985E-02
 Iteration:  00000003   DeltaT:  2.556E-06   Iter/sec:  8.548E-02
 Iteration:  00000004   DeltaT:  2.556E-06   Iter/sec:  8.700E-02
 Iteration:  00000005   DeltaT:  2.556E-06   Iter/sec:  8.748E-02
 Iteration:  00000006   DeltaT:  2.556E-06   Iter/sec:  8.707E-02
 Iteration:  00000007   DeltaT:  2.556E-06   Iter/sec:  8.775E-02
 Iteration:  00000008   DeltaT:  2.556E-06   Iter/sec:  8.754E-02
 Iteration:  00000009   DeltaT:  2.556E-06   Iter/sec:  8.759E-02
 Iteration:  00000010   DeltaT:  2.556E-06   Iter/sec:  8.693E-02
 Iteration:  00000011   DeltaT:  2.556E-06   Iter/sec:  8.761E-02
 Iteration:  00000012   DeltaT:  2.556E-06   Iter/sec:  8.723E-02
 Iteration:  00000013   DeltaT:  2.556E-06   Iter/sec:  8.729E-02
 Iteration:  00000014   DeltaT:  2.556E-06   Iter/sec:  8.712E-02
 Iteration:  00000015   DeltaT:  2.556E-06   Iter/sec:  8.717E-02
 Iteration:  00000016   DeltaT:  2.556E-06   Iter/sec:  8.730E-02
 Iteration:  00000017   DeltaT:  2.556E-06   Iter/sec:  8.765E-02
 Iteration:  00000018   DeltaT:  2.556E-06   Iter/sec:  8.753E-02
 Iteration:  00000019   DeltaT:  2.556E-06   Iter/sec:  8.741E-02
 Iteration:  00000020   DeltaT:  2.556E-06   Iter/sec:  8.730E-02
 Iteration:  00000021   DeltaT:  2.556E-06   Iter/sec:  8.680E-02
 Iteration:  00000022   DeltaT:  2.556E-06   Iter/sec:  8.732E-02
 Iteration:  00000023   DeltaT:  2.556E-06   Iter/sec:  8.727E-02
 Iteration:  00000024   DeltaT:  2.556E-06   Iter/sec:  8.731E-02
 Iteration:  00000025   DeltaT:  2.556E-06   Iter/sec:  8.777E-02
 Iteration:  00000026   DeltaT:  2.556E-06   Iter/sec:  8.698E-02
 Iteration:  00000027   DeltaT:  2.556E-06   Iter/sec:  8.795E-02
 Iteration:  00000028   DeltaT:  2.556E-06   Iter/sec:  8.724E-02
 Iteration:  00000029   DeltaT:  2.556E-06   Iter/sec:  8.757E-02
 Iteration:  00000030   DeltaT:  2.556E-06   Iter/sec:  8.717E-02
 Iteration:  00000031   DeltaT:  2.556E-06   Iter/sec:  8.701E-02
 Iteration:  00000032   DeltaT:  2.556E-06   Iter/sec:  8.716E-02
 Iteration:  00000033   DeltaT:  2.556E-06   Iter/sec:  8.709E-02
 Iteration:  00000034   DeltaT:  2.556E-06   Iter/sec:  8.716E-02
 Iteration:  00000035   DeltaT:  2.556E-06   Iter/sec:  8.719E-02
 Iteration:  00000036   DeltaT:  2.556E-06   Iter/sec:  8.712E-02
 Iteration:  00000037   DeltaT:  2.556E-06   Iter/sec:  8.736E-02
 Iteration:  00000038   DeltaT:  2.556E-06   Iter/sec:  8.733E-02
 Iteration:  00000039   DeltaT:  2.556E-06   Iter/sec:  8.712E-02
 Iteration:  00000040   DeltaT:  2.556E-06   Iter/sec:  8.721E-02
 Iteration:  00000041   DeltaT:  2.556E-06   Iter/sec:  8.735E-02
 Iteration:  00000042   DeltaT:  2.556E-06   Iter/sec:  8.710E-02
 Iteration:  00000043   DeltaT:  2.556E-06   Iter/sec:  8.753E-02
 Iteration:  00000044   DeltaT:  2.556E-06   Iter/sec:  8.705E-02
 Iteration:  00000045   DeltaT:  2.556E-06   Iter/sec:  8.725E-02
 Iteration:  00000046   DeltaT:  2.556E-06   Iter/sec:  8.746E-02
 Iteration:  00000047   DeltaT:  2.556E-06   Iter/sec:  8.735E-02
 Iteration:  00000048   DeltaT:  2.556E-06   Iter/sec:  8.728E-02
 Iteration:  00000049   DeltaT:  2.556E-06   Iter/sec:  8.761E-02
 Iteration:  00000050   DeltaT:  2.556E-06   Iter/sec:  8.730E-02


//////////////////////////////////////////////
   Measured Timings for Process 0  (seconds)

 Elapsed time:       573.1447
  Column time:        74.5388
     Row time:       205.0954
Legendre time:       110.5012
     FFT time:        32.9545
   Solve time:         6.9853
    rlma time:        13.4923
    rlmb time:         6.0023
  pspace time:        62.1836
  psolve time:        50.6253
    dphi time:         2.7949
captured time:       565.1735

     iter/sec:         0.0872
//////////////////////////////////////////////
