 //////////////////////////////////////
 Initializating Rayleigh...

 -- Initalizing MPI...
 ---- Specified parameters:
 ---- NCPU  :     64
 ---- NPROW :     16
 ---- NPCOL :      4
 -- MPI initialized.


 -- Initalizing Grid...
 ---- Specified parameters ----
 ---- N_R                 :     64
 ---- N_THETA             :    192
 ---- Ell_MAX             :    127
 ---- R_MIN               :  5.38462E-01
 ---- R_MAX               :  1.53846E+00
 ---- Chebyshev Domains   :      1

        Domain 1
          Grid points           :  64
          Dealiased Polynomials :  42
          Domain Lower Bound    :  5.38462E-01
          Domain Upper Bound    :  1.53846E+00

 -- Grid initialized.

 -- Initalizing Reference State...
 ---- Specified parameters:
 ---- Reference type           :  Boussinesq (Non-dimensional)
 ---- Rayleigh Number          :  1.00000E+05
 ---- Ekman Number             :  1.00000E-03
 ---- Prandtl Number           :  1.00000E+00
 ---- Magnetic Prandtl Number  :  5.00000E+00
 -- Reference State initialized.

 -- Initializing Fields...
 ---- Specified parameters:
 ---- Hydro Init Type    : Benchmark (Christensen et al. 2001)
 ---- Magnetic Init Type : Benchmark (Christensen et al. 2001)
 -- Fields initialized.

 Initialization Complete.
 //////////////////////////////////////

 Timestep has changed from  0.00000E+00 to  1.00000E-04.
 Iteration:  00000001   DeltaT:  1.000E-04   Iter/sec:  0.000E+00
 Timestep has changed from  1.00000E-04 to  1.02217E-05.
 Iteration:  00000002   DeltaT:  1.022E-05   Iter/sec:  4.654E+00
 Iteration:  00000003   DeltaT:  1.022E-05   Iter/sec:  6.939E+00
 Iteration:  00000004   DeltaT:  1.022E-05   Iter/sec:  8.878E+00
 Iteration:  00000005   DeltaT:  1.022E-05   Iter/sec:  8.749E+00
 Iteration:  00000006   DeltaT:  1.022E-05   Iter/sec:  8.848E+00
 Iteration:  00000007   DeltaT:  1.022E-05   Iter/sec:  8.728E+00
 Iteration:  00000008   DeltaT:  1.022E-05   Iter/sec:  8.623E+00
 Iteration:  00000009   DeltaT:  1.022E-05   Iter/sec:  8.770E+00
 Iteration:  00000010   DeltaT:  1.022E-05   Iter/sec:  8.133E+00
 Iteration:  00000011   DeltaT:  1.022E-05   Iter/sec:  8.898E+00
 Iteration:  00000012   DeltaT:  1.022E-05   Iter/sec:  8.246E+00
 Iteration:  00000013   DeltaT:  1.022E-05   Iter/sec:  8.810E+00
 Iteration:  00000014   DeltaT:  1.022E-05   Iter/sec:  8.649E+00
 Iteration:  00000015   DeltaT:  1.022E-05   Iter/sec:  9.027E+00
 Iteration:  00000016   DeltaT:  1.022E-05   Iter/sec:  8.286E+00
 Iteration:  00000017   DeltaT:  1.022E-05   Iter/sec:  8.597E+00
 Iteration:  00000018   DeltaT:  1.022E-05   Iter/sec:  8.860E+00
 Iteration:  00000019   DeltaT:  1.022E-05   Iter/sec:  8.457E+00
 Iteration:  00000020   DeltaT:  1.022E-05   Iter/sec:  8.848E+00
 Iteration:  00000021   DeltaT:  1.022E-05   Iter/sec:  8.376E+00
 Iteration:  00000022   DeltaT:  1.022E-05   Iter/sec:  9.046E+00
 Iteration:  00000023   DeltaT:  1.022E-05   Iter/sec:  8.262E+00
 Iteration:  00000024   DeltaT:  1.022E-05   Iter/sec:  8.975E+00
 Iteration:  00000025   DeltaT:  1.022E-05   Iter/sec:  8.419E+00
 Iteration:  00000026   DeltaT:  1.022E-05   Iter/sec:  9.034E+00
 Iteration:  00000027   DeltaT:  1.022E-05   Iter/sec:  8.604E+00
 Iteration:  00000028   DeltaT:  1.022E-05   Iter/sec:  8.981E+00
 Iteration:  00000029   DeltaT:  1.022E-05   Iter/sec:  8.607E+00
 Iteration:  00000030   DeltaT:  1.022E-05   Iter/sec:  8.795E+00
 Iteration:  00000031   DeltaT:  1.022E-05   Iter/sec:  8.304E+00
 Iteration:  00000032   DeltaT:  1.022E-05   Iter/sec:  8.791E+00
 Iteration:  00000033   DeltaT:  1.022E-05   Iter/sec:  8.799E+00
 Iteration:  00000034   DeltaT:  1.022E-05   Iter/sec:  8.333E+00
 Iteration:  00000035   DeltaT:  1.022E-05   Iter/sec:  9.219E+00
 Iteration:  00000036   DeltaT:  1.022E-05   Iter/sec:  8.341E+00
 Iteration:  00000037   DeltaT:  1.022E-05   Iter/sec:  9.058E+00
 Iteration:  00000038   DeltaT:  1.022E-05   Iter/sec:  8.914E+00
 Iteration:  00000039   DeltaT:  1.022E-05   Iter/sec:  8.902E+00
 Iteration:  00000040   DeltaT:  1.022E-05   Iter/sec:  8.998E+00
 Iteration:  00000041   DeltaT:  1.022E-05   Iter/sec:  8.738E+00
 Iteration:  00000042   DeltaT:  1.022E-05   Iter/sec:  8.656E+00
 Iteration:  00000043   DeltaT:  1.022E-05   Iter/sec:  8.885E+00
 Iteration:  00000044   DeltaT:  1.022E-05   Iter/sec:  8.233E+00
 Iteration:  00000045   DeltaT:  1.022E-05   Iter/sec:  9.063E+00
 Iteration:  00000046   DeltaT:  1.022E-05   Iter/sec:  8.699E+00
 Iteration:  00000047   DeltaT:  1.022E-05   Iter/sec:  8.827E+00
 Iteration:  00000048   DeltaT:  1.022E-05   Iter/sec:  8.772E+00
 Iteration:  00000049   DeltaT:  1.022E-05   Iter/sec:  9.093E+00
 Iteration:  00000050   DeltaT:  1.022E-05   Iter/sec:  8.730E+00


//////////////////////////////////////////////
   Measured Timings for Process 0  (seconds)

 Elapsed time:         5.7987
  Column time:         0.5392
     Row time:         2.1837
Legendre time:         0.6748
     FFT time:         0.4598
   Solve time:         0.2116
    rlma time:         0.0927
    rlmb time:         0.0333
  pspace time:         0.8442
  psolve time:         0.6409
    dphi time:         0.0583
captured time:         5.7385

     iter/sec:         8.6227
//////////////////////////////////////////////
