 //////////////////////////////////////
 Initializating Rayleigh...

 -- Initalizing MPI...
 ---- Specified parameters:
 ---- NCPU  :    256
 ---- NPROW :     16
 ---- NPCOL :     16
 -- MPI initialized.


 -- Initalizing Grid...
 ---- Specified parameters ----
 ---- N_R                 :    128
 ---- N_THETA             :    384
 ---- Ell_MAX             :    255
 ---- R_MIN               :  5.38462E-01
 ---- R_MAX               :  1.53846E+00
 ---- Chebyshev Domains   :      1

        Domain 1
          Grid points           :  128
          Dealiased Polynomials :  85
          Domain Lower Bound    :  5.38462E-01
          Domain Upper Bound    :  1.53846E+00

 -- Grid initialized.

 -- Initalizing Reference State...
 ---- Specified parameters:
 ---- Reference type           :  Boussinesq (Non-dimensional)
 ---- Rayleigh Number          :  1.00000E+05
 ---- Ekman Number             :  1.00000E-03
 ---- Prandtl Number           :  1.00000E+00
 ---- Magnetic Prandtl Number  :  5.00000E+00
 -- Reference State initialized.

 -- Initializing Fields...
 ---- Specified parameters:
 ---- Hydro Init Type    : Benchmark (Christensen et al. 2001)
 ---- Magnetic Init Type : Benchmark (Christensen et al. 2001)
 -- Fields initialized.

 Initialization Complete.
 //////////////////////////////////////

 Timestep has changed from  0.00000E+00 to  1.00000E-04.
 Iteration:  00000001   DeltaT:  1.000E-04   Iter/sec:  0.000E+00
 Timestep has changed from  1.00000E-04 to  2.55566E-06.
 Iteration:  00000002   DeltaT:  2.556E-06   Iter/sec:  1.736E+00
 Iteration:  00000003   DeltaT:  2.556E-06   Iter/sec:  2.784E+00
 Iteration:  00000004   DeltaT:  2.556E-06   Iter/sec:  3.742E+00
 Iteration:  00000005   DeltaT:  2.556E-06   Iter/sec:  3.710E+00
 Iteration:  00000006   DeltaT:  2.556E-06   Iter/sec:  3.629E+00
 Iteration:  00000007   DeltaT:  2.556E-06   Iter/sec:  2.980E+00
 Iteration:  00000008   DeltaT:  2.556E-06   Iter/sec:  3.769E+00
 Iteration:  00000009   DeltaT:  2.556E-06   Iter/sec:  3.644E+00
 Iteration:  00000010   DeltaT:  2.556E-06   Iter/sec:  3.739E+00
 Iteration:  00000011   DeltaT:  2.556E-06   Iter/sec:  3.651E+00
 Iteration:  00000012   DeltaT:  2.556E-06   Iter/sec:  3.688E+00
 Iteration:  00000013   DeltaT:  2.556E-06   Iter/sec:  3.738E+00
 Iteration:  00000014   DeltaT:  2.556E-06   Iter/sec:  3.665E+00
 Iteration:  00000015   DeltaT:  2.556E-06   Iter/sec:  3.678E+00
 Iteration:  00000016   DeltaT:  2.556E-06   Iter/sec:  3.738E+00
 Iteration:  00000017   DeltaT:  2.556E-06   Iter/sec:  3.741E+00
 Iteration:  00000018   DeltaT:  2.556E-06   Iter/sec:  3.453E+00
 Iteration:  00000019   DeltaT:  2.556E-06   Iter/sec:  3.374E+00
 Iteration:  00000020   DeltaT:  2.556E-06   Iter/sec:  3.559E+00
 Iteration:  00000021   DeltaT:  2.556E-06   Iter/sec:  3.735E+00
 Iteration:  00000022   DeltaT:  2.556E-06   Iter/sec:  3.669E+00
 Iteration:  00000023   DeltaT:  2.556E-06   Iter/sec:  3.547E+00
 Iteration:  00000024   DeltaT:  2.556E-06   Iter/sec:  3.041E+00
 Iteration:  00000025   DeltaT:  2.556E-06   Iter/sec:  3.760E+00
 Iteration:  00000026   DeltaT:  2.556E-06   Iter/sec:  3.696E+00
 Iteration:  00000027   DeltaT:  2.556E-06   Iter/sec:  3.669E+00
 Iteration:  00000028   DeltaT:  2.556E-06   Iter/sec:  3.750E+00
 Iteration:  00000029   DeltaT:  2.556E-06   Iter/sec:  3.690E+00
 Iteration:  00000030   DeltaT:  2.556E-06   Iter/sec:  3.702E+00
 Iteration:  00000031   DeltaT:  2.556E-06   Iter/sec:  3.710E+00
 Iteration:  00000032   DeltaT:  2.556E-06   Iter/sec:  3.695E+00
 Iteration:  00000033   DeltaT:  2.556E-06   Iter/sec:  3.738E+00
 Iteration:  00000034   DeltaT:  2.556E-06   Iter/sec:  3.681E+00
 Iteration:  00000035   DeltaT:  2.556E-06   Iter/sec:  3.722E+00
 Iteration:  00000036   DeltaT:  2.556E-06   Iter/sec:  3.101E+00
 Iteration:  00000037   DeltaT:  2.556E-06   Iter/sec:  3.689E+00
 Iteration:  00000038   DeltaT:  2.556E-06   Iter/sec:  3.729E+00
 Iteration:  00000039   DeltaT:  2.556E-06   Iter/sec:  3.664E+00
 Iteration:  00000040   DeltaT:  2.556E-06   Iter/sec:  3.710E+00
 Iteration:  00000041   DeltaT:  2.556E-06   Iter/sec:  2.958E+00
 Iteration:  00000042   DeltaT:  2.556E-06   Iter/sec:  3.711E+00
 Iteration:  00000043   DeltaT:  2.556E-06   Iter/sec:  3.725E+00
 Iteration:  00000044   DeltaT:  2.556E-06   Iter/sec:  3.701E+00
 Iteration:  00000045   DeltaT:  2.556E-06   Iter/sec:  3.729E+00
 Iteration:  00000046   DeltaT:  2.556E-06   Iter/sec:  3.757E+00
 Iteration:  00000047   DeltaT:  2.556E-06   Iter/sec:  3.696E+00
 Iteration:  00000048   DeltaT:  2.556E-06   Iter/sec:  3.715E+00
 Iteration:  00000049   DeltaT:  2.556E-06   Iter/sec:  3.647E+00
 Iteration:  00000050   DeltaT:  2.556E-06   Iter/sec:  3.793E+00


//////////////////////////////////////////////
   Measured Timings for Process 0  (seconds)

 Elapsed time:        14.0012
  Column time:         2.2041
     Row time:         4.7427
Legendre time:         1.6364
     FFT time:         0.9529
   Solve time:         0.4989
    rlma time:         0.1886
    rlmb time:         0.0706
  pspace time:         1.8996
  psolve time:         1.5628
    dphi time:         0.1073
captured time:        13.8639

     iter/sec:         3.5711
//////////////////////////////////////////////
