 //////////////////////////////////////
 Initializating Rayleigh...

 -- Initalizing MPI...
 ---- Specified parameters:
 ---- NCPU  :    512
 ---- NPROW :     32
 ---- NPCOL :     16
 -- MPI initialized.


 -- Initalizing Grid...
 ---- Specified parameters ----
 ---- N_R                 :     64
 ---- N_THETA             :    768
 ---- Ell_MAX             :    511
 ---- R_MIN               :  5.38462E-01
 ---- R_MAX               :  1.53846E+00
 ---- Chebyshev Domains   :      1

        Domain 1
          Grid points           :  64
          Dealiased Polynomials :  42
          Domain Lower Bound    :  5.38462E-01
          Domain Upper Bound    :  1.53846E+00

 -- Grid initialized.

 -- Initalizing Reference State...
 ---- Specified parameters:
 ---- Reference type           :  Boussinesq (Non-dimensional)
 ---- Rayleigh Number          :  1.00000E+05
 ---- Ekman Number             :  1.00000E-03
 ---- Prandtl Number           :  1.00000E+00
 ---- Magnetic Prandtl Number  :  5.00000E+00
 -- Reference State initialized.

 -- Initializing Fields...
 ---- Specified parameters:
 ---- Hydro Init Type    : Benchmark (Christensen et al. 2001)
 ---- Magnetic Init Type : Benchmark (Christensen et al. 2001)
 -- Fields initialized.

 Initialization Complete.
 //////////////////////////////////////

 Timestep has changed from  0.00000E+00 to  1.00000E-04.
 Iteration:  00000001   DeltaT:  1.000E-04   Iter/sec:  0.000E+00
 Timestep has changed from  1.00000E-04 to  8.93257E-06.
 Iteration:  00000002   DeltaT:  8.933E-06   Iter/sec:  1.041E+00
 Iteration:  00000003   DeltaT:  8.933E-06   Iter/sec:  2.927E+00
 Iteration:  00000004   DeltaT:  8.933E-06   Iter/sec:  3.196E+00
 Iteration:  00000005   DeltaT:  8.933E-06   Iter/sec:  3.240E+00
 Iteration:  00000006   DeltaT:  8.933E-06   Iter/sec:  3.190E+00
 Iteration:  00000007   DeltaT:  8.933E-06   Iter/sec:  3.186E+00
 Iteration:  00000008   DeltaT:  8.933E-06   Iter/sec:  3.133E+00
 Iteration:  00000009   DeltaT:  8.933E-06   Iter/sec:  3.203E+00
 Iteration:  00000010   DeltaT:  8.933E-06   Iter/sec:  3.195E+00
 Iteration:  00000011   DeltaT:  8.933E-06   Iter/sec:  3.229E+00
 Iteration:  00000012   DeltaT:  8.933E-06   Iter/sec:  3.145E+00
 Iteration:  00000013   DeltaT:  8.933E-06   Iter/sec:  3.131E+00
 Iteration:  00000014   DeltaT:  8.933E-06   Iter/sec:  3.163E+00
 Iteration:  00000015   DeltaT:  8.933E-06   Iter/sec:  3.211E+00
 Iteration:  00000016   DeltaT:  8.933E-06   Iter/sec:  3.174E+00
 Iteration:  00000017   DeltaT:  8.933E-06   Iter/sec:  3.208E+00
 Iteration:  00000018   DeltaT:  8.933E-06   Iter/sec:  3.166E+00
 Iteration:  00000019   DeltaT:  8.933E-06   Iter/sec:  3.153E+00
 Iteration:  00000020   DeltaT:  8.933E-06   Iter/sec:  3.154E+00
 Iteration:  00000021   DeltaT:  8.933E-06   Iter/sec:  3.173E+00
 Iteration:  00000022   DeltaT:  8.933E-06   Iter/sec:  3.110E+00
 Iteration:  00000023   DeltaT:  8.933E-06   Iter/sec:  3.196E+00
 Iteration:  00000024   DeltaT:  8.933E-06   Iter/sec:  3.213E+00
 Iteration:  00000025   DeltaT:  8.933E-06   Iter/sec:  3.196E+00
 Iteration:  00000026   DeltaT:  8.933E-06   Iter/sec:  3.096E+00
 Iteration:  00000027   DeltaT:  8.933E-06   Iter/sec:  3.212E+00
 Iteration:  00000028   DeltaT:  8.933E-06   Iter/sec:  3.171E+00
 Iteration:  00000029   DeltaT:  8.933E-06   Iter/sec:  3.243E+00
 Iteration:  00000030   DeltaT:  8.933E-06   Iter/sec:  3.171E+00
 Iteration:  00000031   DeltaT:  8.933E-06   Iter/sec:  3.144E+00
 Iteration:  00000032   DeltaT:  8.933E-06   Iter/sec:  3.206E+00
 Iteration:  00000033   DeltaT:  8.933E-06   Iter/sec:  3.176E+00
 Iteration:  00000034   DeltaT:  8.933E-06   Iter/sec:  3.092E+00
 Iteration:  00000035   DeltaT:  8.933E-06   Iter/sec:  3.147E+00
 Iteration:  00000036   DeltaT:  8.933E-06   Iter/sec:  3.139E+00
 Iteration:  00000037   DeltaT:  8.933E-06   Iter/sec:  3.129E+00
 Iteration:  00000038   DeltaT:  8.933E-06   Iter/sec:  3.237E+00
 Iteration:  00000039   DeltaT:  8.933E-06   Iter/sec:  3.150E+00
 Iteration:  00000040   DeltaT:  8.933E-06   Iter/sec:  3.145E+00
 Iteration:  00000041   DeltaT:  8.933E-06   Iter/sec:  3.170E+00
 Iteration:  00000042   DeltaT:  8.933E-06   Iter/sec:  3.206E+00
 Iteration:  00000043   DeltaT:  8.933E-06   Iter/sec:  3.136E+00
 Iteration:  00000044   DeltaT:  8.933E-06   Iter/sec:  3.146E+00
 Iteration:  00000045   DeltaT:  8.933E-06   Iter/sec:  3.266E+00
 Iteration:  00000046   DeltaT:  8.933E-06   Iter/sec:  3.072E+00
 Iteration:  00000047   DeltaT:  8.933E-06   Iter/sec:  3.146E+00
 Iteration:  00000048   DeltaT:  8.933E-06   Iter/sec:  3.229E+00
 Iteration:  00000049   DeltaT:  8.933E-06   Iter/sec:  3.151E+00
 Iteration:  00000050   DeltaT:  8.933E-06   Iter/sec:  3.149E+00


//////////////////////////////////////////////
   Measured Timings for Process 0  (seconds)

 Elapsed time:        15.8194
  Column time:         3.0867
     Row time:         6.3458
Legendre time:         2.0139
     FFT time:         0.8323
   Solve time:         0.2516
    rlma time:         0.1767
    rlmb time:         0.0805
  pspace time:         1.5730
  psolve time:         1.2742
    dphi time:         0.0608
captured time:        15.6953

     iter/sec:         3.1607
//////////////////////////////////////////////
