 //////////////////////////////////////
 Initializating Rayleigh...

 -- Initalizing MPI...
 ---- Specified parameters:
 ---- NCPU  :    256
 ---- NPROW :     32
 ---- NPCOL :      8
 -- MPI initialized.


 -- Initalizing Grid...
 ---- Specified parameters ----
 ---- N_R                 :    128
 ---- N_THETA             :    768
 ---- Ell_MAX             :    511
 ---- R_MIN               :  5.38462E-01
 ---- R_MAX               :  1.53846E+00
 ---- Chebyshev Domains   :      1

        Domain 1
          Grid points           :  128
          Dealiased Polynomials :  85
          Domain Lower Bound    :  5.38462E-01
          Domain Upper Bound    :  1.53846E+00

 -- Grid initialized.

 -- Initalizing Reference State...
 ---- Specified parameters:
 ---- Reference type           :  Boussinesq (Non-dimensional)
 ---- Rayleigh Number          :  1.00000E+05
 ---- Ekman Number             :  1.00000E-03
 ---- Prandtl Number           :  1.00000E+00
 ---- Magnetic Prandtl Number  :  5.00000E+00
 -- Reference State initialized.

 -- Initializing Fields...
 ---- Specified parameters:
 ---- Hydro Init Type    : Benchmark (Christensen et al. 2001)
 ---- Magnetic Init Type : Benchmark (Christensen et al. 2001)
 -- Fields initialized.

 Initialization Complete.
 //////////////////////////////////////

 Timestep has changed from  0.00000E+00 to  1.00000E-04.
 Iteration:  00000001   DeltaT:  1.000E-04   Iter/sec:  0.000E+00
 Timestep has changed from  1.00000E-04 to  2.55562E-06.
 Iteration:  00000002   DeltaT:  2.556E-06   Iter/sec:  4.098E-01
 Iteration:  00000003   DeltaT:  2.556E-06   Iter/sec:  6.351E-01
 Iteration:  00000004   DeltaT:  2.556E-06   Iter/sec:  7.781E-01
 Iteration:  00000005   DeltaT:  2.556E-06   Iter/sec:  7.609E-01
 Iteration:  00000006   DeltaT:  2.556E-06   Iter/sec:  7.676E-01
 Iteration:  00000007   DeltaT:  2.556E-06   Iter/sec:  7.455E-01
 Iteration:  00000008   DeltaT:  2.556E-06   Iter/sec:  7.716E-01
 Iteration:  00000009   DeltaT:  2.556E-06   Iter/sec:  7.071E-01
 Iteration:  00000010   DeltaT:  2.556E-06   Iter/sec:  7.889E-01
 Iteration:  00000011   DeltaT:  2.556E-06   Iter/sec:  7.744E-01
 Iteration:  00000012   DeltaT:  2.556E-06   Iter/sec:  7.383E-01
 Iteration:  00000013   DeltaT:  2.556E-06   Iter/sec:  7.652E-01
 Iteration:  00000014   DeltaT:  2.556E-06   Iter/sec:  7.540E-01
 Iteration:  00000015   DeltaT:  2.556E-06   Iter/sec:  7.468E-01
 Iteration:  00000016   DeltaT:  2.556E-06   Iter/sec:  6.926E-01
 Iteration:  00000017   DeltaT:  2.556E-06   Iter/sec:  7.850E-01
 Iteration:  00000018   DeltaT:  2.556E-06   Iter/sec:  7.741E-01
 Iteration:  00000019   DeltaT:  2.556E-06   Iter/sec:  7.011E-01
 Iteration:  00000020   DeltaT:  2.556E-06   Iter/sec:  7.857E-01
 Iteration:  00000021   DeltaT:  2.556E-06   Iter/sec:  7.777E-01
 Iteration:  00000022   DeltaT:  2.556E-06   Iter/sec:  7.531E-01
 Iteration:  00000023   DeltaT:  2.556E-06   Iter/sec:  7.419E-01
 Iteration:  00000024   DeltaT:  2.556E-06   Iter/sec:  7.467E-01
 Iteration:  00000025   DeltaT:  2.556E-06   Iter/sec:  7.680E-01
 Iteration:  00000026   DeltaT:  2.556E-06   Iter/sec:  7.569E-01
 Iteration:  00000027   DeltaT:  2.556E-06   Iter/sec:  7.579E-01
 Iteration:  00000028   DeltaT:  2.556E-06   Iter/sec:  7.841E-01
 Iteration:  00000029   DeltaT:  2.556E-06   Iter/sec:  7.444E-01
 Iteration:  00000030   DeltaT:  2.556E-06   Iter/sec:  7.666E-01
 Iteration:  00000031   DeltaT:  2.556E-06   Iter/sec:  6.467E-01
 Iteration:  00000032   DeltaT:  2.556E-06   Iter/sec:  7.784E-01
 Iteration:  00000033   DeltaT:  2.556E-06   Iter/sec:  7.696E-01
 Iteration:  00000034   DeltaT:  2.556E-06   Iter/sec:  7.651E-01
 Iteration:  00000035   DeltaT:  2.556E-06   Iter/sec:  7.652E-01
 Iteration:  00000036   DeltaT:  2.556E-06   Iter/sec:  7.612E-01
 Iteration:  00000037   DeltaT:  2.556E-06   Iter/sec:  7.420E-01
 Iteration:  00000038   DeltaT:  2.556E-06   Iter/sec:  6.572E-01
 Iteration:  00000039   DeltaT:  2.556E-06   Iter/sec:  7.952E-01
 Iteration:  00000040   DeltaT:  2.556E-06   Iter/sec:  7.612E-01
 Iteration:  00000041   DeltaT:  2.556E-06   Iter/sec:  7.660E-01
 Iteration:  00000042   DeltaT:  2.556E-06   Iter/sec:  6.544E-01
 Iteration:  00000043   DeltaT:  2.556E-06   Iter/sec:  7.760E-01
 Iteration:  00000044   DeltaT:  2.556E-06   Iter/sec:  7.550E-01
 Iteration:  00000045   DeltaT:  2.556E-06   Iter/sec:  7.235E-01
 Iteration:  00000046   DeltaT:  2.556E-06   Iter/sec:  7.760E-01
 Iteration:  00000047   DeltaT:  2.556E-06   Iter/sec:  7.757E-01
 Iteration:  00000048   DeltaT:  2.556E-06   Iter/sec:  7.604E-01
 Iteration:  00000049   DeltaT:  2.556E-06   Iter/sec:  6.664E-01
 Iteration:  00000050   DeltaT:  2.556E-06   Iter/sec:  7.690E-01


//////////////////////////////////////////////
   Measured Timings for Process 0  (seconds)

 Elapsed time:        67.4040
  Column time:         9.2149
     Row time:        26.9527
Legendre time:         9.7182
     FFT time:         3.4232
   Solve time:         1.7841
    rlma time:         1.3306
    rlmb time:         0.6269
  pspace time:         6.6554
  psolve time:         6.6037
    dphi time:         0.2457
captured time:        66.5554

     iter/sec:         0.7418
//////////////////////////////////////////////
