 //////////////////////////////////////
 Initializating Rayleigh...

 -- Initalizing MPI...
 ---- Specified parameters:
 ---- NCPU  :    512
 ---- NPROW :     16
 ---- NPCOL :     32
 -- MPI initialized.


 -- Initalizing Grid...
 ---- Specified parameters ----
 ---- N_R                 :     64
 ---- N_THETA             :   1536
 ---- Ell_MAX             :   1023
 ---- R_MIN               :  5.38462E-01
 ---- R_MAX               :  1.53846E+00
 ---- Chebyshev Domains   :      1

        Domain 1
          Grid points           :  64
          Dealiased Polynomials :  42
          Domain Lower Bound    :  5.38462E-01
          Domain Upper Bound    :  1.53846E+00

 -- Grid initialized.

 -- Initalizing Reference State...
 ---- Specified parameters:
 ---- Reference type           :  Boussinesq (Non-dimensional)
 ---- Rayleigh Number          :  1.00000E+05
 ---- Ekman Number             :  1.00000E-03
 ---- Prandtl Number           :  1.00000E+00
 ---- Magnetic Prandtl Number  :  5.00000E+00
 -- Reference State initialized.

 -- Initializing Fields...
 ---- Specified parameters:
 ---- Hydro Init Type    : Benchmark (Christensen et al. 2001)
 ---- Magnetic Init Type : Benchmark (Christensen et al. 2001)
 -- Fields initialized.

 Initialization Complete.
 //////////////////////////////////////

 Timestep has changed from  0.00000E+00 to  1.00000E-04.
 Iteration:  00000001   DeltaT:  1.000E-04   Iter/sec:  0.000E+00
 Timestep has changed from  1.00000E-04 to  4.46409E-06.
 Iteration:  00000002   DeltaT:  4.464E-06   Iter/sec:  1.192E-01
 Iteration:  00000003   DeltaT:  4.464E-06   Iter/sec:  7.283E-01
 Iteration:  00000004   DeltaT:  4.464E-06   Iter/sec:  6.976E-01
 Iteration:  00000005   DeltaT:  4.464E-06   Iter/sec:  7.336E-01
 Iteration:  00000006   DeltaT:  4.464E-06   Iter/sec:  7.039E-01
 Iteration:  00000007   DeltaT:  4.464E-06   Iter/sec:  7.294E-01
 Iteration:  00000008   DeltaT:  4.464E-06   Iter/sec:  7.156E-01
 Iteration:  00000009   DeltaT:  4.464E-06   Iter/sec:  6.995E-01
 Iteration:  00000010   DeltaT:  4.464E-06   Iter/sec:  7.203E-01
 Iteration:  00000011   DeltaT:  4.464E-06   Iter/sec:  7.154E-01
 Iteration:  00000012   DeltaT:  4.464E-06   Iter/sec:  7.289E-01
 Iteration:  00000013   DeltaT:  4.464E-06   Iter/sec:  7.192E-01
 Iteration:  00000014   DeltaT:  4.464E-06   Iter/sec:  7.157E-01
 Iteration:  00000015   DeltaT:  4.464E-06   Iter/sec:  7.128E-01
 Iteration:  00000016   DeltaT:  4.464E-06   Iter/sec:  7.182E-01
 Iteration:  00000017   DeltaT:  4.464E-06   Iter/sec:  7.208E-01
 Iteration:  00000018   DeltaT:  4.464E-06   Iter/sec:  7.060E-01
 Iteration:  00000019   DeltaT:  4.464E-06   Iter/sec:  7.301E-01
 Iteration:  00000020   DeltaT:  4.464E-06   Iter/sec:  7.141E-01
 Iteration:  00000021   DeltaT:  4.464E-06   Iter/sec:  7.156E-01
 Iteration:  00000022   DeltaT:  4.464E-06   Iter/sec:  7.219E-01
 Iteration:  00000023   DeltaT:  4.464E-06   Iter/sec:  7.083E-01
 Iteration:  00000024   DeltaT:  4.464E-06   Iter/sec:  7.247E-01
 Iteration:  00000025   DeltaT:  4.464E-06   Iter/sec:  7.102E-01
 Iteration:  00000026   DeltaT:  4.464E-06   Iter/sec:  7.259E-01
 Iteration:  00000027   DeltaT:  4.464E-06   Iter/sec:  7.091E-01
 Iteration:  00000028   DeltaT:  4.464E-06   Iter/sec:  7.173E-01
 Iteration:  00000029   DeltaT:  4.464E-06   Iter/sec:  7.118E-01
 Iteration:  00000030   DeltaT:  4.464E-06   Iter/sec:  7.128E-01
 Iteration:  00000031   DeltaT:  4.464E-06   Iter/sec:  7.178E-01
 Iteration:  00000032   DeltaT:  4.464E-06   Iter/sec:  7.132E-01
 Iteration:  00000033   DeltaT:  4.464E-06   Iter/sec:  7.232E-01
 Iteration:  00000034   DeltaT:  4.464E-06   Iter/sec:  7.156E-01
 Iteration:  00000035   DeltaT:  4.464E-06   Iter/sec:  7.203E-01
 Iteration:  00000036   DeltaT:  4.464E-06   Iter/sec:  7.148E-01
 Iteration:  00000037   DeltaT:  4.464E-06   Iter/sec:  7.060E-01
 Iteration:  00000038   DeltaT:  4.464E-06   Iter/sec:  7.191E-01
 Iteration:  00000039   DeltaT:  4.464E-06   Iter/sec:  7.282E-01
 Iteration:  00000040   DeltaT:  4.464E-06   Iter/sec:  6.968E-01
 Iteration:  00000041   DeltaT:  4.464E-06   Iter/sec:  7.325E-01
 Iteration:  00000042   DeltaT:  4.464E-06   Iter/sec:  7.150E-01
 Iteration:  00000043   DeltaT:  4.464E-06   Iter/sec:  7.111E-01
 Iteration:  00000044   DeltaT:  4.464E-06   Iter/sec:  7.266E-01
 Iteration:  00000045   DeltaT:  4.464E-06   Iter/sec:  7.207E-01
 Iteration:  00000046   DeltaT:  4.464E-06   Iter/sec:  6.978E-01
 Iteration:  00000047   DeltaT:  4.464E-06   Iter/sec:  7.172E-01
 Iteration:  00000048   DeltaT:  4.464E-06   Iter/sec:  7.291E-01
 Iteration:  00000049   DeltaT:  4.464E-06   Iter/sec:  7.182E-01
 Iteration:  00000050   DeltaT:  4.464E-06   Iter/sec:  7.122E-01


//////////////////////////////////////////////
   Measured Timings for Process 0  (seconds)

 Elapsed time:        69.8010
  Column time:        14.0984
     Row time:        21.2576
Legendre time:        13.6969
     FFT time:         4.0698
   Solve time:         0.6196
    rlma time:         0.8948
    rlmb time:         0.5488
  pspace time:         8.0023
  psolve time:         5.6591
    dphi time:         0.4132
captured time:        69.2608

     iter/sec:         0.7163
//////////////////////////////////////////////
