 //////////////////////////////////////
 Initializating Rayleigh...

 -- Initalizing MPI...
 ---- Specified parameters:
 ---- NCPU  :     64
 ---- NPROW :     16
 ---- NPCOL :      4
 -- MPI initialized.


 -- Initalizing Grid...
 ---- Specified parameters ----
 ---- N_R                 :    128
 ---- N_THETA             :    192
 ---- Ell_MAX             :    127
 ---- R_MIN               :  5.38462E-01
 ---- R_MAX               :  1.53846E+00
 ---- Chebyshev Domains   :      1

        Domain 1
          Grid points           :  128
          Dealiased Polynomials :  85
          Domain Lower Bound    :  5.38462E-01
          Domain Upper Bound    :  1.53846E+00

 -- Grid initialized.

 -- Initalizing Reference State...
 ---- Specified parameters:
 ---- Reference type           :  Boussinesq (Non-dimensional)
 ---- Rayleigh Number          :  1.00000E+05
 ---- Ekman Number             :  1.00000E-03
 ---- Prandtl Number           :  1.00000E+00
 ---- Magnetic Prandtl Number  :  5.00000E+00
 -- Reference State initialized.

 -- Initializing Fields...
 ---- Specified parameters:
 ---- Hydro Init Type    : Benchmark (Christensen et al. 2001)
 ---- Magnetic Init Type : Benchmark (Christensen et al. 2001)
 -- Fields initialized.

 Initialization Complete.
 //////////////////////////////////////

 Timestep has changed from  0.00000E+00 to  1.00000E-04.
 Iteration:  00000001   DeltaT:  1.000E-04   Iter/sec:  0.000E+00
 Timestep has changed from  1.00000E-04 to  2.55581E-06.
 Iteration:  00000002   DeltaT:  2.556E-06   Iter/sec:  2.009E+00
 Iteration:  00000003   DeltaT:  2.556E-06   Iter/sec:  2.339E+00
 Iteration:  00000004   DeltaT:  2.556E-06   Iter/sec:  3.859E+00
 Iteration:  00000005   DeltaT:  2.556E-06   Iter/sec:  3.817E+00
 Iteration:  00000006   DeltaT:  2.556E-06   Iter/sec:  3.855E+00
 Iteration:  00000007   DeltaT:  2.556E-06   Iter/sec:  3.672E+00
 Iteration:  00000008   DeltaT:  2.556E-06   Iter/sec:  3.957E+00
 Iteration:  00000009   DeltaT:  2.556E-06   Iter/sec:  3.743E+00
 Iteration:  00000010   DeltaT:  2.556E-06   Iter/sec:  3.889E+00
 Iteration:  00000011   DeltaT:  2.556E-06   Iter/sec:  3.794E+00
 Iteration:  00000012   DeltaT:  2.556E-06   Iter/sec:  3.917E+00
 Iteration:  00000013   DeltaT:  2.556E-06   Iter/sec:  3.799E+00
 Iteration:  00000014   DeltaT:  2.556E-06   Iter/sec:  3.728E+00
 Iteration:  00000015   DeltaT:  2.556E-06   Iter/sec:  3.674E+00
 Iteration:  00000016   DeltaT:  2.556E-06   Iter/sec:  3.641E+00
 Iteration:  00000017   DeltaT:  2.556E-06   Iter/sec:  3.824E+00
 Iteration:  00000018   DeltaT:  2.556E-06   Iter/sec:  3.751E+00
 Iteration:  00000019   DeltaT:  2.556E-06   Iter/sec:  3.931E+00
 Iteration:  00000020   DeltaT:  2.556E-06   Iter/sec:  3.839E+00
 Iteration:  00000021   DeltaT:  2.556E-06   Iter/sec:  3.913E+00
 Iteration:  00000022   DeltaT:  2.556E-06   Iter/sec:  3.874E+00
 Iteration:  00000023   DeltaT:  2.556E-06   Iter/sec:  3.842E+00
 Iteration:  00000024   DeltaT:  2.556E-06   Iter/sec:  3.840E+00
 Iteration:  00000025   DeltaT:  2.556E-06   Iter/sec:  3.838E+00
 Iteration:  00000026   DeltaT:  2.556E-06   Iter/sec:  3.836E+00
 Iteration:  00000027   DeltaT:  2.556E-06   Iter/sec:  3.791E+00
 Iteration:  00000028   DeltaT:  2.556E-06   Iter/sec:  3.741E+00
 Iteration:  00000029   DeltaT:  2.556E-06   Iter/sec:  3.714E+00
 Iteration:  00000030   DeltaT:  2.556E-06   Iter/sec:  3.811E+00
 Iteration:  00000031   DeltaT:  2.556E-06   Iter/sec:  3.823E+00
 Iteration:  00000032   DeltaT:  2.556E-06   Iter/sec:  3.878E+00
 Iteration:  00000033   DeltaT:  2.556E-06   Iter/sec:  3.763E+00
 Iteration:  00000034   DeltaT:  2.556E-06   Iter/sec:  3.723E+00
 Iteration:  00000035   DeltaT:  2.556E-06   Iter/sec:  3.834E+00
 Iteration:  00000036   DeltaT:  2.556E-06   Iter/sec:  3.846E+00
 Iteration:  00000037   DeltaT:  2.556E-06   Iter/sec:  3.833E+00
 Iteration:  00000038   DeltaT:  2.556E-06   Iter/sec:  3.847E+00
 Iteration:  00000039   DeltaT:  2.556E-06   Iter/sec:  3.847E+00
 Iteration:  00000040   DeltaT:  2.556E-06   Iter/sec:  3.696E+00
 Iteration:  00000041   DeltaT:  2.556E-06   Iter/sec:  3.830E+00
 Iteration:  00000042   DeltaT:  2.556E-06   Iter/sec:  3.882E+00
 Iteration:  00000043   DeltaT:  2.556E-06   Iter/sec:  3.866E+00
 Iteration:  00000044   DeltaT:  2.556E-06   Iter/sec:  3.748E+00
 Iteration:  00000045   DeltaT:  2.556E-06   Iter/sec:  3.931E+00
 Iteration:  00000046   DeltaT:  2.556E-06   Iter/sec:  3.813E+00
 Iteration:  00000047   DeltaT:  2.556E-06   Iter/sec:  3.795E+00
 Iteration:  00000048   DeltaT:  2.556E-06   Iter/sec:  3.829E+00
 Iteration:  00000049   DeltaT:  2.556E-06   Iter/sec:  3.765E+00
 Iteration:  00000050   DeltaT:  2.556E-06   Iter/sec:  3.796E+00


//////////////////////////////////////////////
   Measured Timings for Process 0  (seconds)

 Elapsed time:        13.4441
  Column time:         1.1791
     Row time:         4.8032
Legendre time:         1.6503
     FFT time:         0.9475
   Solve time:         0.7261
    rlma time:         0.1831
    rlmb time:         0.0691
  pspace time:         1.9155
  psolve time:         1.7191
    dphi time:         0.1072
captured time:        13.3002

     iter/sec:         3.7191
//////////////////////////////////////////////
