 //////////////////////////////////////
 Initializating Rayleigh...

 -- Initalizing MPI...
 ---- Specified parameters:
 ---- NCPU  :   2048
 ---- NPROW :     64
 ---- NPCOL :     32
 -- MPI initialized.


 -- Initalizing Grid...
 ---- Specified parameters ----
 ---- N_R                 :     64
 ---- N_THETA             :    768
 ---- Ell_MAX             :    511
 ---- R_MIN               :  5.38462E-01
 ---- R_MAX               :  1.53846E+00
 ---- Chebyshev Domains   :      1

        Domain 1
          Grid points           :  64
          Dealiased Polynomials :  42
          Domain Lower Bound    :  5.38462E-01
          Domain Upper Bound    :  1.53846E+00

 -- Grid initialized.

 -- Initalizing Reference State...
 ---- Specified parameters:
 ---- Reference type           :  Boussinesq (Non-dimensional)
 ---- Rayleigh Number          :  1.00000E+05
 ---- Ekman Number             :  1.00000E-03
 ---- Prandtl Number           :  1.00000E+00
 ---- Magnetic Prandtl Number  :  5.00000E+00
 -- Reference State initialized.

 -- Initializing Fields...
 ---- Specified parameters:
 ---- Hydro Init Type    : Benchmark (Christensen et al. 2001)
 ---- Magnetic Init Type : Benchmark (Christensen et al. 2001)
 -- Fields initialized.

 Initialization Complete.
 //////////////////////////////////////

 Timestep has changed from  0.00000E+00 to  1.00000E-04.
 Iteration:  00000001   DeltaT:  1.000E-04   Iter/sec:  0.000E+00
 Timestep has changed from  1.00000E-04 to  8.93257E-06.
 Iteration:  00000002   DeltaT:  8.933E-06   Iter/sec:  1.166E+00
 Iteration:  00000003   DeltaT:  8.933E-06   Iter/sec:  9.050E+00
 Iteration:  00000004   DeltaT:  8.933E-06   Iter/sec:  1.092E+01
 Iteration:  00000005   DeltaT:  8.933E-06   Iter/sec:  9.861E+00
 Iteration:  00000006   DeltaT:  8.933E-06   Iter/sec:  1.126E+01
 Iteration:  00000007   DeltaT:  8.933E-06   Iter/sec:  1.029E+01
 Iteration:  00000008   DeltaT:  8.933E-06   Iter/sec:  1.067E+01
 Iteration:  00000009   DeltaT:  8.933E-06   Iter/sec:  9.932E+00
 Iteration:  00000010   DeltaT:  8.933E-06   Iter/sec:  1.122E+01
 Iteration:  00000011   DeltaT:  8.933E-06   Iter/sec:  1.029E+01
 Iteration:  00000012   DeltaT:  8.933E-06   Iter/sec:  1.066E+01
 Iteration:  00000013   DeltaT:  8.933E-06   Iter/sec:  9.973E+00
 Iteration:  00000014   DeltaT:  8.933E-06   Iter/sec:  1.094E+01
 Iteration:  00000015   DeltaT:  8.933E-06   Iter/sec:  1.051E+01
 Iteration:  00000016   DeltaT:  8.933E-06   Iter/sec:  1.058E+01
 Iteration:  00000017   DeltaT:  8.933E-06   Iter/sec:  9.907E+00
 Iteration:  00000018   DeltaT:  8.933E-06   Iter/sec:  1.058E+01
 Iteration:  00000019   DeltaT:  8.933E-06   Iter/sec:  1.091E+01
 Iteration:  00000020   DeltaT:  8.933E-06   Iter/sec:  1.032E+01
 Iteration:  00000021   DeltaT:  8.933E-06   Iter/sec:  9.974E+00
 Iteration:  00000022   DeltaT:  8.933E-06   Iter/sec:  1.102E+01
 Iteration:  00000023   DeltaT:  8.933E-06   Iter/sec:  1.028E+01
 Iteration:  00000024   DeltaT:  8.933E-06   Iter/sec:  1.004E+01
 Iteration:  00000025   DeltaT:  8.933E-06   Iter/sec:  1.031E+01
 Iteration:  00000026   DeltaT:  8.933E-06   Iter/sec:  9.998E+00
 Iteration:  00000027   DeltaT:  8.933E-06   Iter/sec:  1.056E+01
 Iteration:  00000028   DeltaT:  8.933E-06   Iter/sec:  1.048E+01
 Iteration:  00000029   DeltaT:  8.933E-06   Iter/sec:  1.029E+01
 Iteration:  00000030   DeltaT:  8.933E-06   Iter/sec:  1.041E+01
 Iteration:  00000031   DeltaT:  8.933E-06   Iter/sec:  1.066E+01
 Iteration:  00000032   DeltaT:  8.933E-06   Iter/sec:  9.838E+00
 Iteration:  00000033   DeltaT:  8.933E-06   Iter/sec:  1.096E+01
 Iteration:  00000034   DeltaT:  8.933E-06   Iter/sec:  1.025E+01
 Iteration:  00000035   DeltaT:  8.933E-06   Iter/sec:  1.088E+01
 Iteration:  00000036   DeltaT:  8.933E-06   Iter/sec:  9.814E+00
 Iteration:  00000037   DeltaT:  8.933E-06   Iter/sec:  1.123E+01
 Iteration:  00000038   DeltaT:  8.933E-06   Iter/sec:  7.937E+00
 Iteration:  00000039   DeltaT:  8.933E-06   Iter/sec:  1.247E+01
 Iteration:  00000040   DeltaT:  8.933E-06   Iter/sec:  1.045E+01
 Iteration:  00000041   DeltaT:  8.933E-06   Iter/sec:  1.032E+01
 Iteration:  00000042   DeltaT:  8.933E-06   Iter/sec:  1.077E+01
 Iteration:  00000043   DeltaT:  8.933E-06   Iter/sec:  1.050E+01
 Iteration:  00000044   DeltaT:  8.933E-06   Iter/sec:  1.058E+01
 Iteration:  00000045   DeltaT:  8.933E-06   Iter/sec:  9.706E+00
 Iteration:  00000046   DeltaT:  8.933E-06   Iter/sec:  1.142E+01
 Iteration:  00000047   DeltaT:  8.933E-06   Iter/sec:  1.027E+01
 Iteration:  00000048   DeltaT:  8.933E-06   Iter/sec:  9.999E+00
 Iteration:  00000049   DeltaT:  8.933E-06   Iter/sec:  1.119E+01
 Iteration:  00000050   DeltaT:  8.933E-06   Iter/sec:  9.882E+00


//////////////////////////////////////////////
   Measured Timings for Process 0  (seconds)

 Elapsed time:         4.8926
  Column time:         1.5155
     Row time:         2.0732
Legendre time:         0.4391
     FFT time:         0.2075
   Solve time:         0.1057
    rlma time:         0.0486
    rlmb time:         0.0216
  pspace time:         0.2421
  psolve time:         0.1965
    dphi time:         0.0164
captured time:         4.8661

     iter/sec:        10.2194
//////////////////////////////////////////////
