 //////////////////////////////////////
 Initializating Rayleigh...

 -- Initalizing MPI...
 ---- Specified parameters:
 ---- NCPU  :   1024
 ---- NPROW :     16
 ---- NPCOL :     64
 -- MPI initialized.


 -- Initalizing Grid...
 ---- Specified parameters ----
 ---- N_R                 :     64
 ---- N_THETA             :    384
 ---- Ell_MAX             :    255
 ---- R_MIN               :  5.38462E-01
 ---- R_MAX               :  1.53846E+00
 ---- Chebyshev Domains   :      1

        Domain 1
          Grid points           :  64
          Dealiased Polynomials :  42
          Domain Lower Bound    :  5.38462E-01
          Domain Upper Bound    :  1.53846E+00

 -- Grid initialized.

 -- Initalizing Reference State...
 ---- Specified parameters:
 ---- Reference type           :  Boussinesq (Non-dimensional)
 ---- Rayleigh Number          :  1.00000E+05
 ---- Ekman Number             :  1.00000E-03
 ---- Prandtl Number           :  1.00000E+00
 ---- Magnetic Prandtl Number  :  5.00000E+00
 -- Reference State initialized.

 -- Initializing Fields...
 ---- Specified parameters:
 ---- Hydro Init Type    : Benchmark (Christensen et al. 2001)
 ---- Magnetic Init Type : Benchmark (Christensen et al. 2001)
 -- Fields initialized.

 Initialization Complete.
 //////////////////////////////////////

 Timestep has changed from  0.00000E+00 to  1.00000E-04.
 Iteration:  00000001   DeltaT:  1.000E-04   Iter/sec:  0.000E+00
 Timestep has changed from  1.00000E-04 to  1.02211E-05.
 Iteration:  00000002   DeltaT:  1.022E-05   Iter/sec:  4.160E+00
 Iteration:  00000003   DeltaT:  1.022E-05   Iter/sec:  2.805E+01
 Iteration:  00000004   DeltaT:  1.022E-05   Iter/sec:  3.102E+01
 Iteration:  00000005   DeltaT:  1.022E-05   Iter/sec:  3.314E+01
 Iteration:  00000006   DeltaT:  1.022E-05   Iter/sec:  3.296E+01
 Iteration:  00000007   DeltaT:  1.022E-05   Iter/sec:  3.295E+01
 Iteration:  00000008   DeltaT:  1.022E-05   Iter/sec:  3.204E+01
 Iteration:  00000009   DeltaT:  1.022E-05   Iter/sec:  3.264E+01
 Iteration:  00000010   DeltaT:  1.022E-05   Iter/sec:  3.307E+01
 Iteration:  00000011   DeltaT:  1.022E-05   Iter/sec:  3.309E+01
 Iteration:  00000012   DeltaT:  1.022E-05   Iter/sec:  3.296E+01
 Iteration:  00000013   DeltaT:  1.022E-05   Iter/sec:  3.314E+01
 Iteration:  00000014   DeltaT:  1.022E-05   Iter/sec:  3.256E+01
 Iteration:  00000015   DeltaT:  1.022E-05   Iter/sec:  3.285E+01
 Iteration:  00000016   DeltaT:  1.022E-05   Iter/sec:  3.240E+01
 Iteration:  00000017   DeltaT:  1.022E-05   Iter/sec:  3.212E+01
 Iteration:  00000018   DeltaT:  1.022E-05   Iter/sec:  3.252E+01
 Iteration:  00000019   DeltaT:  1.022E-05   Iter/sec:  3.346E+01
 Iteration:  00000020   DeltaT:  1.022E-05   Iter/sec:  3.334E+01
 Iteration:  00000021   DeltaT:  1.022E-05   Iter/sec:  3.262E+01
 Iteration:  00000022   DeltaT:  1.022E-05   Iter/sec:  3.313E+01
 Iteration:  00000023   DeltaT:  1.022E-05   Iter/sec:  3.259E+01
 Iteration:  00000024   DeltaT:  1.022E-05   Iter/sec:  3.228E+01
 Iteration:  00000025   DeltaT:  1.022E-05   Iter/sec:  3.324E+01
 Iteration:  00000026   DeltaT:  1.022E-05   Iter/sec:  3.200E+01
 Iteration:  00000027   DeltaT:  1.022E-05   Iter/sec:  3.151E+01
 Iteration:  00000028   DeltaT:  1.022E-05   Iter/sec:  3.272E+01
 Iteration:  00000029   DeltaT:  1.022E-05   Iter/sec:  3.236E+01
 Iteration:  00000030   DeltaT:  1.022E-05   Iter/sec:  3.283E+01
 Iteration:  00000031   DeltaT:  1.022E-05   Iter/sec:  3.235E+01
 Iteration:  00000032   DeltaT:  1.022E-05   Iter/sec:  3.329E+01
 Iteration:  00000033   DeltaT:  1.022E-05   Iter/sec:  3.303E+01
 Iteration:  00000034   DeltaT:  1.022E-05   Iter/sec:  3.265E+01
 Iteration:  00000035   DeltaT:  1.022E-05   Iter/sec:  3.301E+01
 Iteration:  00000036   DeltaT:  1.022E-05   Iter/sec:  3.237E+01
 Iteration:  00000037   DeltaT:  1.022E-05   Iter/sec:  3.242E+01
 Iteration:  00000038   DeltaT:  1.022E-05   Iter/sec:  3.260E+01
 Iteration:  00000039   DeltaT:  1.022E-05   Iter/sec:  3.317E+01
 Iteration:  00000040   DeltaT:  1.022E-05   Iter/sec:  3.320E+01
 Iteration:  00000041   DeltaT:  1.022E-05   Iter/sec:  3.274E+01
 Iteration:  00000042   DeltaT:  1.022E-05   Iter/sec:  3.223E+01
 Iteration:  00000043   DeltaT:  1.022E-05   Iter/sec:  3.259E+01
 Iteration:  00000044   DeltaT:  1.022E-05   Iter/sec:  2.900E+01
 Iteration:  00000045   DeltaT:  1.022E-05   Iter/sec:  3.064E+01
 Iteration:  00000046   DeltaT:  1.022E-05   Iter/sec:  3.099E+01
 Iteration:  00000047   DeltaT:  1.022E-05   Iter/sec:  3.167E+01
 Iteration:  00000048   DeltaT:  1.022E-05   Iter/sec:  3.210E+01
 Iteration:  00000049   DeltaT:  1.022E-05   Iter/sec:  3.200E+01
 Iteration:  00000050   DeltaT:  1.022E-05   Iter/sec:  3.153E+01


//////////////////////////////////////////////
   Measured Timings for Process 0  (seconds)

 Elapsed time:         1.5518
  Column time:         0.5222
     Row time:         0.4181
Legendre time:         0.1917
     FFT time:         0.0977
   Solve time:         0.0552
    rlma time:         0.0342
    rlmb time:         0.0148
  pspace time:         0.1012
  psolve time:         0.0896
    dphi time:         0.0107
captured time:         1.5354

     iter/sec:        32.2205
//////////////////////////////////////////////
