 //////////////////////////////////////
 Initializating Rayleigh...

 -- Initalizing MPI...
 ---- Specified parameters:
 ---- NCPU  :    512
 ---- NPROW :     16
 ---- NPCOL :     32
 -- MPI initialized.


 -- Initalizing Grid...
 ---- Specified parameters ----
 ---- N_R                 :    128
 ---- N_THETA             :    192
 ---- Ell_MAX             :    127
 ---- R_MIN               :  5.38462E-01
 ---- R_MAX               :  1.53846E+00
 ---- Chebyshev Domains   :      1

        Domain 1
          Grid points           :  128
          Dealiased Polynomials :  85
          Domain Lower Bound    :  5.38462E-01
          Domain Upper Bound    :  1.53846E+00

 -- Grid initialized.

 -- Initalizing Reference State...
 ---- Specified parameters:
 ---- Reference type           :  Boussinesq (Non-dimensional)
 ---- Rayleigh Number          :  1.00000E+05
 ---- Ekman Number             :  1.00000E-03
 ---- Prandtl Number           :  1.00000E+00
 ---- Magnetic Prandtl Number  :  5.00000E+00
 -- Reference State initialized.

 -- Initializing Fields...
 ---- Specified parameters:
 ---- Hydro Init Type    : Benchmark (Christensen et al. 2001)
 ---- Magnetic Init Type : Benchmark (Christensen et al. 2001)
 -- Fields initialized.

 Initialization Complete.
 //////////////////////////////////////

 Timestep has changed from  0.00000E+00 to  1.00000E-04.
 Iteration:  00000001   DeltaT:  1.000E-04   Iter/sec:  0.000E+00
 Timestep has changed from  1.00000E-04 to  2.55581E-06.
 Iteration:  00000002   DeltaT:  2.556E-06   Iter/sec:  5.215E+00
 Iteration:  00000003   DeltaT:  2.556E-06   Iter/sec:  1.830E+01
 Iteration:  00000004   DeltaT:  2.556E-06   Iter/sec:  3.888E+01
 Iteration:  00000005   DeltaT:  2.556E-06   Iter/sec:  3.842E+01
 Iteration:  00000006   DeltaT:  2.556E-06   Iter/sec:  4.016E+01
 Iteration:  00000007   DeltaT:  2.556E-06   Iter/sec:  4.123E+01
 Iteration:  00000008   DeltaT:  2.556E-06   Iter/sec:  4.120E+01
 Iteration:  00000009   DeltaT:  2.556E-06   Iter/sec:  4.190E+01
 Iteration:  00000010   DeltaT:  2.556E-06   Iter/sec:  4.082E+01
 Iteration:  00000011   DeltaT:  2.556E-06   Iter/sec:  4.186E+01
 Iteration:  00000012   DeltaT:  2.556E-06   Iter/sec:  4.028E+01
 Iteration:  00000013   DeltaT:  2.556E-06   Iter/sec:  3.800E+01
 Iteration:  00000014   DeltaT:  2.556E-06   Iter/sec:  3.898E+01
 Iteration:  00000015   DeltaT:  2.556E-06   Iter/sec:  4.060E+01
 Iteration:  00000016   DeltaT:  2.556E-06   Iter/sec:  4.125E+01
 Iteration:  00000017   DeltaT:  2.556E-06   Iter/sec:  4.051E+01
 Iteration:  00000018   DeltaT:  2.556E-06   Iter/sec:  4.111E+01
 Iteration:  00000019   DeltaT:  2.556E-06   Iter/sec:  4.141E+01
 Iteration:  00000020   DeltaT:  2.556E-06   Iter/sec:  4.132E+01
 Iteration:  00000021   DeltaT:  2.556E-06   Iter/sec:  4.094E+01
 Iteration:  00000022   DeltaT:  2.556E-06   Iter/sec:  4.153E+01
 Iteration:  00000023   DeltaT:  2.556E-06   Iter/sec:  4.203E+01
 Iteration:  00000024   DeltaT:  2.556E-06   Iter/sec:  3.982E+01
 Iteration:  00000025   DeltaT:  2.556E-06   Iter/sec:  4.083E+01
 Iteration:  00000026   DeltaT:  2.556E-06   Iter/sec:  4.174E+01
 Iteration:  00000027   DeltaT:  2.556E-06   Iter/sec:  4.136E+01
 Iteration:  00000028   DeltaT:  2.556E-06   Iter/sec:  4.106E+01
 Iteration:  00000029   DeltaT:  2.556E-06   Iter/sec:  4.109E+01
 Iteration:  00000030   DeltaT:  2.556E-06   Iter/sec:  4.136E+01
 Iteration:  00000031   DeltaT:  2.556E-06   Iter/sec:  4.193E+01
 Iteration:  00000032   DeltaT:  2.556E-06   Iter/sec:  4.118E+01
 Iteration:  00000033   DeltaT:  2.556E-06   Iter/sec:  3.741E+01
 Iteration:  00000034   DeltaT:  2.556E-06   Iter/sec:  4.354E+01
 Iteration:  00000035   DeltaT:  2.556E-06   Iter/sec:  3.883E+01
 Iteration:  00000036   DeltaT:  2.556E-06   Iter/sec:  3.754E+01
 Iteration:  00000037   DeltaT:  2.556E-06   Iter/sec:  4.262E+01
 Iteration:  00000038   DeltaT:  2.556E-06   Iter/sec:  3.553E+01
 Iteration:  00000039   DeltaT:  2.556E-06   Iter/sec:  4.177E+01
 Iteration:  00000040   DeltaT:  2.556E-06   Iter/sec:  4.077E+01
 Iteration:  00000041   DeltaT:  2.556E-06   Iter/sec:  4.160E+01
 Iteration:  00000042   DeltaT:  2.556E-06   Iter/sec:  4.017E+01
 Iteration:  00000043   DeltaT:  2.556E-06   Iter/sec:  4.126E+01
 Iteration:  00000044   DeltaT:  2.556E-06   Iter/sec:  4.041E+01
 Iteration:  00000045   DeltaT:  2.556E-06   Iter/sec:  4.175E+01
 Iteration:  00000046   DeltaT:  2.556E-06   Iter/sec:  4.095E+01
 Iteration:  00000047   DeltaT:  2.556E-06   Iter/sec:  4.147E+01
 Iteration:  00000048   DeltaT:  2.556E-06   Iter/sec:  4.070E+01
 Iteration:  00000049   DeltaT:  2.556E-06   Iter/sec:  4.141E+01
 Iteration:  00000050   DeltaT:  2.556E-06   Iter/sec:  4.105E+01


//////////////////////////////////////////////
   Measured Timings for Process 0  (seconds)

 Elapsed time:         1.2898
  Column time:         0.2294
     Row time:         0.3959
Legendre time:         0.1185
     FFT time:         0.0944
   Solve time:         0.1376
    rlma time:         0.0266
    rlmb time:         0.0101
  pspace time:         0.1038
  psolve time:         0.1410
    dphi time:         0.0115
captured time:         1.2689

     iter/sec:        38.7649
//////////////////////////////////////////////
