 //////////////////////////////////////
 Initializating Rayleigh...

 -- Initalizing MPI...
 ---- Specified parameters:
 ---- NCPU  :    128
 ---- NPROW :      8
 ---- NPCOL :     16
 -- MPI initialized.


 -- Initalizing Grid...
 ---- Specified parameters ----
 ---- N_R                 :     64
 ---- N_THETA             :    192
 ---- Ell_MAX             :    127
 ---- R_MIN               :  5.38462E-01
 ---- R_MAX               :  1.53846E+00
 ---- Chebyshev Domains   :      1

        Domain 1
          Grid points           :  64
          Dealiased Polynomials :  42
          Domain Lower Bound    :  5.38462E-01
          Domain Upper Bound    :  1.53846E+00

 -- Grid initialized.

 -- Initalizing Reference State...
 ---- Specified parameters:
 ---- Reference type           :  Boussinesq (Non-dimensional)
 ---- Rayleigh Number          :  1.00000E+05
 ---- Ekman Number             :  1.00000E-03
 ---- Prandtl Number           :  1.00000E+00
 ---- Magnetic Prandtl Number  :  5.00000E+00
 -- Reference State initialized.

 -- Initializing Fields...
 ---- Specified parameters:
 ---- Hydro Init Type    : Benchmark (Christensen et al. 2001)
 ---- Magnetic Init Type : Benchmark (Christensen et al. 2001)
 -- Fields initialized.

 Initialization Complete.
 //////////////////////////////////////

 Timestep has changed from  0.00000E+00 to  1.00000E-04.
 Iteration:  00000001   DeltaT:  1.000E-04   Iter/sec:  0.000E+00
 Timestep has changed from  1.00000E-04 to  1.02217E-05.
 Iteration:  00000002   DeltaT:  1.022E-05   Iter/sec:  7.402E+00
 Iteration:  00000003   DeltaT:  1.022E-05   Iter/sec:  1.622E+01
 Iteration:  00000004   DeltaT:  1.022E-05   Iter/sec:  2.013E+01
 Iteration:  00000005   DeltaT:  1.022E-05   Iter/sec:  2.028E+01
 Iteration:  00000006   DeltaT:  1.022E-05   Iter/sec:  1.998E+01
 Iteration:  00000007   DeltaT:  1.022E-05   Iter/sec:  2.005E+01
 Iteration:  00000008   DeltaT:  1.022E-05   Iter/sec:  1.973E+01
 Iteration:  00000009   DeltaT:  1.022E-05   Iter/sec:  1.912E+01
 Iteration:  00000010   DeltaT:  1.022E-05   Iter/sec:  1.964E+01
 Iteration:  00000011   DeltaT:  1.022E-05   Iter/sec:  2.016E+01
 Iteration:  00000012   DeltaT:  1.022E-05   Iter/sec:  2.017E+01
 Iteration:  00000013   DeltaT:  1.022E-05   Iter/sec:  1.779E+01
 Iteration:  00000014   DeltaT:  1.022E-05   Iter/sec:  2.009E+01
 Iteration:  00000015   DeltaT:  1.022E-05   Iter/sec:  2.015E+01
 Iteration:  00000016   DeltaT:  1.022E-05   Iter/sec:  1.975E+01
 Iteration:  00000017   DeltaT:  1.022E-05   Iter/sec:  2.033E+01
 Iteration:  00000018   DeltaT:  1.022E-05   Iter/sec:  1.842E+01
 Iteration:  00000019   DeltaT:  1.022E-05   Iter/sec:  2.001E+01
 Iteration:  00000020   DeltaT:  1.022E-05   Iter/sec:  2.021E+01
 Iteration:  00000021   DeltaT:  1.022E-05   Iter/sec:  2.012E+01
 Iteration:  00000022   DeltaT:  1.022E-05   Iter/sec:  1.946E+01
 Iteration:  00000023   DeltaT:  1.022E-05   Iter/sec:  1.779E+01
 Iteration:  00000024   DeltaT:  1.022E-05   Iter/sec:  1.994E+01
 Iteration:  00000025   DeltaT:  1.022E-05   Iter/sec:  1.997E+01
 Iteration:  00000026   DeltaT:  1.022E-05   Iter/sec:  2.010E+01
 Iteration:  00000027   DeltaT:  1.022E-05   Iter/sec:  1.999E+01
 Iteration:  00000028   DeltaT:  1.022E-05   Iter/sec:  1.836E+01
 Iteration:  00000029   DeltaT:  1.022E-05   Iter/sec:  2.023E+01
 Iteration:  00000030   DeltaT:  1.022E-05   Iter/sec:  1.827E+01
 Iteration:  00000031   DeltaT:  1.022E-05   Iter/sec:  1.984E+01
 Iteration:  00000032   DeltaT:  1.022E-05   Iter/sec:  1.996E+01
 Iteration:  00000033   DeltaT:  1.022E-05   Iter/sec:  1.983E+01
 Iteration:  00000034   DeltaT:  1.022E-05   Iter/sec:  1.934E+01
 Iteration:  00000035   DeltaT:  1.022E-05   Iter/sec:  1.925E+01
 Iteration:  00000036   DeltaT:  1.022E-05   Iter/sec:  1.682E+01
 Iteration:  00000037   DeltaT:  1.022E-05   Iter/sec:  1.763E+01
 Iteration:  00000038   DeltaT:  1.022E-05   Iter/sec:  1.992E+01
 Iteration:  00000039   DeltaT:  1.022E-05   Iter/sec:  1.986E+01
 Iteration:  00000040   DeltaT:  1.022E-05   Iter/sec:  1.911E+01
 Iteration:  00000041   DeltaT:  1.022E-05   Iter/sec:  1.943E+01
 Iteration:  00000042   DeltaT:  1.022E-05   Iter/sec:  2.032E+01
 Iteration:  00000043   DeltaT:  1.022E-05   Iter/sec:  1.936E+01
 Iteration:  00000044   DeltaT:  1.022E-05   Iter/sec:  1.954E+01
 Iteration:  00000045   DeltaT:  1.022E-05   Iter/sec:  1.733E+01
 Iteration:  00000046   DeltaT:  1.022E-05   Iter/sec:  1.848E+01
 Iteration:  00000047   DeltaT:  1.022E-05   Iter/sec:  2.019E+01
 Iteration:  00000048   DeltaT:  1.022E-05   Iter/sec:  1.973E+01
 Iteration:  00000049   DeltaT:  1.022E-05   Iter/sec:  1.979E+01
 Iteration:  00000050   DeltaT:  1.022E-05   Iter/sec:  2.023E+01


//////////////////////////////////////////////
   Measured Timings for Process 0  (seconds)

 Elapsed time:         2.5887
  Column time:         0.5080
     Row time:         0.8004
Legendre time:         0.2892
     FFT time:         0.2220
   Solve time:         0.0884
    rlma time:         0.0493
    rlmb time:         0.0192
  pspace time:         0.3369
  psolve time:         0.2158
    dphi time:         0.0281
captured time:         2.5573

     iter/sec:        19.3150
//////////////////////////////////////////////
