 //////////////////////////////////////
 Initializating Rayleigh...

 -- Initalizing MPI...
 ---- Specified parameters:
 ---- NCPU  :    128
 ---- NPROW :     16
 ---- NPCOL :      8
 -- MPI initialized.


 -- Initalizing Grid...
 ---- Specified parameters ----
 ---- N_R                 :    128
 ---- N_THETA             :   1536
 ---- Ell_MAX             :   1023
 ---- R_MIN               :  5.38462E-01
 ---- R_MAX               :  1.53846E+00
 ---- Chebyshev Domains   :      1

        Domain 1
          Grid points           :  128
          Dealiased Polynomials :  85
          Domain Lower Bound    :  5.38462E-01
          Domain Upper Bound    :  1.53846E+00

 -- Grid initialized.

 -- Initalizing Reference State...
 ---- Specified parameters:
 ---- Reference type           :  Boussinesq (Non-dimensional)
 ---- Rayleigh Number          :  1.00000E+05
 ---- Ekman Number             :  1.00000E-03
 ---- Prandtl Number           :  1.00000E+00
 ---- Magnetic Prandtl Number  :  5.00000E+00
 -- Reference State initialized.

 -- Initializing Fields...
 ---- Specified parameters:
 ---- Hydro Init Type    : Benchmark (Christensen et al. 2001)
 ---- Magnetic Init Type : Benchmark (Christensen et al. 2001)
 -- Fields initialized.

 Initialization Complete.
 //////////////////////////////////////

 Timestep has changed from  0.00000E+00 to  1.00000E-04.
 Iteration:  00000001   DeltaT:  1.000E-04   Iter/sec:  0.000E+00
 Timestep has changed from  1.00000E-04 to  2.55561E-06.
 Iteration:  00000002   DeltaT:  2.556E-06   Iter/sec:  5.214E-02
 Iteration:  00000003   DeltaT:  2.556E-06   Iter/sec:  8.324E-02
 Iteration:  00000004   DeltaT:  2.556E-06   Iter/sec:  8.652E-02
 Iteration:  00000005   DeltaT:  2.556E-06   Iter/sec:  8.647E-02
 Iteration:  00000006   DeltaT:  2.556E-06   Iter/sec:  8.764E-02
 Iteration:  00000007   DeltaT:  2.556E-06   Iter/sec:  8.670E-02
 Iteration:  00000008   DeltaT:  2.556E-06   Iter/sec:  8.667E-02
 Iteration:  00000009   DeltaT:  2.556E-06   Iter/sec:  8.639E-02
 Iteration:  00000010   DeltaT:  2.556E-06   Iter/sec:  8.632E-02
 Iteration:  00000011   DeltaT:  2.556E-06   Iter/sec:  8.716E-02
 Iteration:  00000012   DeltaT:  2.556E-06   Iter/sec:  8.663E-02
 Iteration:  00000013   DeltaT:  2.556E-06   Iter/sec:  8.689E-02
 Iteration:  00000014   DeltaT:  2.556E-06   Iter/sec:  8.737E-02
 Iteration:  00000015   DeltaT:  2.556E-06   Iter/sec:  8.680E-02
 Iteration:  00000016   DeltaT:  2.556E-06   Iter/sec:  8.709E-02
 Iteration:  00000017   DeltaT:  2.556E-06   Iter/sec:  8.751E-02
 Iteration:  00000018   DeltaT:  2.556E-06   Iter/sec:  8.580E-02
 Iteration:  00000019   DeltaT:  2.556E-06   Iter/sec:  8.732E-02
 Iteration:  00000020   DeltaT:  2.556E-06   Iter/sec:  8.679E-02
 Iteration:  00000021   DeltaT:  2.556E-06   Iter/sec:  8.661E-02
 Iteration:  00000022   DeltaT:  2.556E-06   Iter/sec:  8.670E-02
 Iteration:  00000023   DeltaT:  2.556E-06   Iter/sec:  8.645E-02
 Iteration:  00000024   DeltaT:  2.556E-06   Iter/sec:  8.632E-02
 Iteration:  00000025   DeltaT:  2.556E-06   Iter/sec:  8.785E-02
 Iteration:  00000026   DeltaT:  2.556E-06   Iter/sec:  8.706E-02
 Iteration:  00000027   DeltaT:  2.556E-06   Iter/sec:  8.681E-02
 Iteration:  00000028   DeltaT:  2.556E-06   Iter/sec:  8.623E-02
 Iteration:  00000029   DeltaT:  2.556E-06   Iter/sec:  8.665E-02
 Iteration:  00000030   DeltaT:  2.556E-06   Iter/sec:  8.707E-02
 Iteration:  00000031   DeltaT:  2.556E-06   Iter/sec:  8.715E-02
 Iteration:  00000032   DeltaT:  2.556E-06   Iter/sec:  8.619E-02
 Iteration:  00000033   DeltaT:  2.556E-06   Iter/sec:  8.696E-02
 Iteration:  00000034   DeltaT:  2.556E-06   Iter/sec:  8.719E-02
 Iteration:  00000035   DeltaT:  2.556E-06   Iter/sec:  8.753E-02
 Iteration:  00000036   DeltaT:  2.556E-06   Iter/sec:  8.635E-02
 Iteration:  00000037   DeltaT:  2.556E-06   Iter/sec:  8.609E-02
 Iteration:  00000038   DeltaT:  2.556E-06   Iter/sec:  8.660E-02
 Iteration:  00000039   DeltaT:  2.556E-06   Iter/sec:  8.629E-02
 Iteration:  00000040   DeltaT:  2.556E-06   Iter/sec:  8.744E-02
 Iteration:  00000041   DeltaT:  2.556E-06   Iter/sec:  8.652E-02
 Iteration:  00000042   DeltaT:  2.556E-06   Iter/sec:  8.723E-02
 Iteration:  00000043   DeltaT:  2.556E-06   Iter/sec:  8.599E-02
 Iteration:  00000044   DeltaT:  2.556E-06   Iter/sec:  8.772E-02
 Iteration:  00000045   DeltaT:  2.556E-06   Iter/sec:  8.626E-02
 Iteration:  00000046   DeltaT:  2.556E-06   Iter/sec:  8.681E-02
 Iteration:  00000047   DeltaT:  2.556E-06   Iter/sec:  8.626E-02
 Iteration:  00000048   DeltaT:  2.556E-06   Iter/sec:  8.628E-02
 Iteration:  00000049   DeltaT:  2.556E-06   Iter/sec:  8.860E-02
 Iteration:  00000050   DeltaT:  2.556E-06   Iter/sec:  8.620E-02


//////////////////////////////////////////////
   Measured Timings for Process 0  (seconds)

 Elapsed time:       577.0738
  Column time:        71.7789
     Row time:       210.7973
Legendre time:       109.6767
     FFT time:        32.4143
   Solve time:         8.2645
    rlma time:        13.2768
    rlmb time:         6.0192
  pspace time:        64.2137
  psolve time:        49.3522
    dphi time:         3.7282
captured time:       569.5216

     iter/sec:         0.0866
//////////////////////////////////////////////
