 //////////////////////////////////////
 Initializating Rayleigh...

 -- Initalizing MPI...
 ---- Specified parameters:
 ---- NCPU  :   1024
 ---- NPROW :     32
 ---- NPCOL :     32
 -- MPI initialized.


 -- Initalizing Grid...
 ---- Specified parameters ----
 ---- N_R                 :    128
 ---- N_THETA             :    768
 ---- Ell_MAX             :    511
 ---- R_MIN               :  5.38462E-01
 ---- R_MAX               :  1.53846E+00
 ---- Chebyshev Domains   :      1

        Domain 1
          Grid points           :  128
          Dealiased Polynomials :  85
          Domain Lower Bound    :  5.38462E-01
          Domain Upper Bound    :  1.53846E+00

 -- Grid initialized.

 -- Initalizing Reference State...
 ---- Specified parameters:
 ---- Reference type           :  Boussinesq (Non-dimensional)
 ---- Rayleigh Number          :  1.00000E+05
 ---- Ekman Number             :  1.00000E-03
 ---- Prandtl Number           :  1.00000E+00
 ---- Magnetic Prandtl Number  :  5.00000E+00
 -- Reference State initialized.

 -- Initializing Fields...
 ---- Specified parameters:
 ---- Hydro Init Type    : Benchmark (Christensen et al. 2001)
 ---- Magnetic Init Type : Benchmark (Christensen et al. 2001)
 -- Fields initialized.

 Initialization Complete.
 //////////////////////////////////////

 Timestep has changed from  0.00000E+00 to  1.00000E-04.
 Iteration:  00000001   DeltaT:  1.000E-04   Iter/sec:  0.000E+00
 Timestep has changed from  1.00000E-04 to  2.55562E-06.
 Iteration:  00000002   DeltaT:  2.556E-06   Iter/sec:  6.955E-01
 Iteration:  00000003   DeltaT:  2.556E-06   Iter/sec:  2.326E+00
 Iteration:  00000004   DeltaT:  2.556E-06   Iter/sec:  2.764E+00
 Iteration:  00000005   DeltaT:  2.556E-06   Iter/sec:  2.801E+00
 Iteration:  00000006   DeltaT:  2.556E-06   Iter/sec:  2.478E+00
 Iteration:  00000007   DeltaT:  2.556E-06   Iter/sec:  2.807E+00
 Iteration:  00000008   DeltaT:  2.556E-06   Iter/sec:  2.633E+00
 Iteration:  00000009   DeltaT:  2.556E-06   Iter/sec:  2.488E+00
 Iteration:  00000010   DeltaT:  2.556E-06   Iter/sec:  2.803E+00
 Iteration:  00000011   DeltaT:  2.556E-06   Iter/sec:  2.788E+00
 Iteration:  00000012   DeltaT:  2.556E-06   Iter/sec:  2.762E+00
 Iteration:  00000013   DeltaT:  2.556E-06   Iter/sec:  2.739E+00
 Iteration:  00000014   DeltaT:  2.556E-06   Iter/sec:  2.791E+00
 Iteration:  00000015   DeltaT:  2.556E-06   Iter/sec:  2.747E+00
 Iteration:  00000016   DeltaT:  2.556E-06   Iter/sec:  2.815E+00
 Iteration:  00000017   DeltaT:  2.556E-06   Iter/sec:  2.709E+00
 Iteration:  00000018   DeltaT:  2.556E-06   Iter/sec:  2.832E+00
 Iteration:  00000019   DeltaT:  2.556E-06   Iter/sec:  2.421E+00
 Iteration:  00000020   DeltaT:  2.556E-06   Iter/sec:  2.928E+00
 Iteration:  00000021   DeltaT:  2.556E-06   Iter/sec:  2.782E+00
 Iteration:  00000022   DeltaT:  2.556E-06   Iter/sec:  2.791E+00
 Iteration:  00000023   DeltaT:  2.556E-06   Iter/sec:  2.284E+00
 Iteration:  00000024   DeltaT:  2.556E-06   Iter/sec:  2.802E+00
 Iteration:  00000025   DeltaT:  2.556E-06   Iter/sec:  2.750E+00
 Iteration:  00000026   DeltaT:  2.556E-06   Iter/sec:  2.792E+00
 Iteration:  00000027   DeltaT:  2.556E-06   Iter/sec:  2.787E+00
 Iteration:  00000028   DeltaT:  2.556E-06   Iter/sec:  2.722E+00
 Iteration:  00000029   DeltaT:  2.556E-06   Iter/sec:  2.742E+00
 Iteration:  00000030   DeltaT:  2.556E-06   Iter/sec:  2.774E+00
 Iteration:  00000031   DeltaT:  2.556E-06   Iter/sec:  2.760E+00
 Iteration:  00000032   DeltaT:  2.556E-06   Iter/sec:  2.795E+00
 Iteration:  00000033   DeltaT:  2.556E-06   Iter/sec:  2.402E+00
 Iteration:  00000034   DeltaT:  2.556E-06   Iter/sec:  2.788E+00
 Iteration:  00000035   DeltaT:  2.556E-06   Iter/sec:  2.785E+00
 Iteration:  00000036   DeltaT:  2.556E-06   Iter/sec:  2.184E+00
 Iteration:  00000037   DeltaT:  2.556E-06   Iter/sec:  2.822E+00
 Iteration:  00000038   DeltaT:  2.556E-06   Iter/sec:  2.756E+00
 Iteration:  00000039   DeltaT:  2.556E-06   Iter/sec:  2.819E+00
 Iteration:  00000040   DeltaT:  2.556E-06   Iter/sec:  2.785E+00
 Iteration:  00000041   DeltaT:  2.556E-06   Iter/sec:  2.778E+00
 Iteration:  00000042   DeltaT:  2.556E-06   Iter/sec:  2.820E+00
 Iteration:  00000043   DeltaT:  2.556E-06   Iter/sec:  2.777E+00
 Iteration:  00000044   DeltaT:  2.556E-06   Iter/sec:  2.752E+00
 Iteration:  00000045   DeltaT:  2.556E-06   Iter/sec:  2.782E+00
 Iteration:  00000046   DeltaT:  2.556E-06   Iter/sec:  2.451E+00
 Iteration:  00000047   DeltaT:  2.556E-06   Iter/sec:  2.818E+00
 Iteration:  00000048   DeltaT:  2.556E-06   Iter/sec:  2.761E+00
 Iteration:  00000049   DeltaT:  2.556E-06   Iter/sec:  2.270E+00
 Iteration:  00000050   DeltaT:  2.556E-06   Iter/sec:  2.790E+00


//////////////////////////////////////////////
   Measured Timings for Process 0  (seconds)

 Elapsed time:        18.6397
  Column time:         5.5354
     Row time:         6.1299
Legendre time:         2.0507
     FFT time:         0.8658
   Solve time:         0.4900
    rlma time:         0.1828
    rlmb time:         0.0820
  pspace time:         1.5592
  psolve time:         1.5356
    dphi time:         0.0679
captured time:        18.4992

     iter/sec:         2.6824
//////////////////////////////////////////////
