 //////////////////////////////////////
 Initializating Rayleigh...

 -- Initalizing MPI...
 ---- Specified parameters:
 ---- NCPU  :    512
 ---- NPROW :     16
 ---- NPCOL :     32
 -- MPI initialized.


 -- Initalizing Grid...
 ---- Specified parameters ----
 ---- N_R                 :     64
 ---- N_THETA             :    768
 ---- Ell_MAX             :    511
 ---- R_MIN               :  5.38462E-01
 ---- R_MAX               :  1.53846E+00
 ---- Chebyshev Domains   :      1

        Domain 1
          Grid points           :  64
          Dealiased Polynomials :  42
          Domain Lower Bound    :  5.38462E-01
          Domain Upper Bound    :  1.53846E+00

 -- Grid initialized.

 -- Initalizing Reference State...
 ---- Specified parameters:
 ---- Reference type           :  Boussinesq (Non-dimensional)
 ---- Rayleigh Number          :  1.00000E+05
 ---- Ekman Number             :  1.00000E-03
 ---- Prandtl Number           :  1.00000E+00
 ---- Magnetic Prandtl Number  :  5.00000E+00
 -- Reference State initialized.

 -- Initializing Fields...
 ---- Specified parameters:
 ---- Hydro Init Type    : Benchmark (Christensen et al. 2001)
 ---- Magnetic Init Type : Benchmark (Christensen et al. 2001)
 -- Fields initialized.

 Initialization Complete.
 //////////////////////////////////////

 Timestep has changed from  0.00000E+00 to  1.00000E-04.
 Iteration:  00000001   DeltaT:  1.000E-04   Iter/sec:  0.000E+00
 Timestep has changed from  1.00000E-04 to  8.93257E-06.
 Iteration:  00000002   DeltaT:  8.933E-06   Iter/sec:  7.697E-01
 Iteration:  00000003   DeltaT:  8.933E-06   Iter/sec:  3.145E+00
 Iteration:  00000004   DeltaT:  8.933E-06   Iter/sec:  3.328E+00
 Iteration:  00000005   DeltaT:  8.933E-06   Iter/sec:  3.293E+00
 Iteration:  00000006   DeltaT:  8.933E-06   Iter/sec:  3.361E+00
 Iteration:  00000007   DeltaT:  8.933E-06   Iter/sec:  3.270E+00
 Iteration:  00000008   DeltaT:  8.933E-06   Iter/sec:  3.285E+00
 Iteration:  00000009   DeltaT:  8.933E-06   Iter/sec:  3.264E+00
 Iteration:  00000010   DeltaT:  8.933E-06   Iter/sec:  3.390E+00
 Iteration:  00000011   DeltaT:  8.933E-06   Iter/sec:  3.280E+00
 Iteration:  00000012   DeltaT:  8.933E-06   Iter/sec:  3.303E+00
 Iteration:  00000013   DeltaT:  8.933E-06   Iter/sec:  3.302E+00
 Iteration:  00000014   DeltaT:  8.933E-06   Iter/sec:  3.298E+00
 Iteration:  00000015   DeltaT:  8.933E-06   Iter/sec:  3.294E+00
 Iteration:  00000016   DeltaT:  8.933E-06   Iter/sec:  3.280E+00
 Iteration:  00000017   DeltaT:  8.933E-06   Iter/sec:  3.334E+00
 Iteration:  00000018   DeltaT:  8.933E-06   Iter/sec:  3.267E+00
 Iteration:  00000019   DeltaT:  8.933E-06   Iter/sec:  3.293E+00
 Iteration:  00000020   DeltaT:  8.933E-06   Iter/sec:  3.243E+00
 Iteration:  00000021   DeltaT:  8.933E-06   Iter/sec:  3.346E+00
 Iteration:  00000022   DeltaT:  8.933E-06   Iter/sec:  3.273E+00
 Iteration:  00000023   DeltaT:  8.933E-06   Iter/sec:  3.296E+00
 Iteration:  00000024   DeltaT:  8.933E-06   Iter/sec:  3.298E+00
 Iteration:  00000025   DeltaT:  8.933E-06   Iter/sec:  3.268E+00
 Iteration:  00000026   DeltaT:  8.933E-06   Iter/sec:  3.271E+00
 Iteration:  00000027   DeltaT:  8.933E-06   Iter/sec:  3.331E+00
 Iteration:  00000028   DeltaT:  8.933E-06   Iter/sec:  3.291E+00
 Iteration:  00000029   DeltaT:  8.933E-06   Iter/sec:  3.261E+00
 Iteration:  00000030   DeltaT:  8.933E-06   Iter/sec:  3.310E+00
 Iteration:  00000031   DeltaT:  8.933E-06   Iter/sec:  3.292E+00
 Iteration:  00000032   DeltaT:  8.933E-06   Iter/sec:  3.246E+00
 Iteration:  00000033   DeltaT:  8.933E-06   Iter/sec:  3.327E+00
 Iteration:  00000034   DeltaT:  8.933E-06   Iter/sec:  3.315E+00
 Iteration:  00000035   DeltaT:  8.933E-06   Iter/sec:  3.265E+00
 Iteration:  00000036   DeltaT:  8.933E-06   Iter/sec:  3.311E+00
 Iteration:  00000037   DeltaT:  8.933E-06   Iter/sec:  3.296E+00
 Iteration:  00000038   DeltaT:  8.933E-06   Iter/sec:  3.328E+00
 Iteration:  00000039   DeltaT:  8.933E-06   Iter/sec:  3.284E+00
 Iteration:  00000040   DeltaT:  8.933E-06   Iter/sec:  3.323E+00
 Iteration:  00000041   DeltaT:  8.933E-06   Iter/sec:  3.282E+00
 Iteration:  00000042   DeltaT:  8.933E-06   Iter/sec:  3.327E+00
 Iteration:  00000043   DeltaT:  8.933E-06   Iter/sec:  3.293E+00
 Iteration:  00000044   DeltaT:  8.933E-06   Iter/sec:  3.306E+00
 Iteration:  00000045   DeltaT:  8.933E-06   Iter/sec:  3.295E+00
 Iteration:  00000046   DeltaT:  8.933E-06   Iter/sec:  3.330E+00
 Iteration:  00000047   DeltaT:  8.933E-06   Iter/sec:  3.277E+00
 Iteration:  00000048   DeltaT:  8.933E-06   Iter/sec:  3.296E+00
 Iteration:  00000049   DeltaT:  8.933E-06   Iter/sec:  3.147E+00
 Iteration:  00000050   DeltaT:  8.933E-06   Iter/sec:  3.364E+00


//////////////////////////////////////////////
   Measured Timings for Process 0  (seconds)

 Elapsed time:        15.1897
  Column time:         3.2051
     Row time:         5.0016
Legendre time:         2.1487
     FFT time:         0.9229
   Solve time:         0.2094
    rlma time:         0.2103
    rlmb time:         0.0965
  pspace time:         1.8718
  psolve time:         1.2966
    dphi time:         0.1060
captured time:        15.0689

     iter/sec:         3.2917
//////////////////////////////////////////////
