 //////////////////////////////////////
 Initializating Rayleigh...

 -- Initalizing MPI...
 ---- Specified parameters:
 ---- NCPU  :   2048
 ---- NPROW :     64
 ---- NPCOL :     32
 -- MPI initialized.


 -- Initalizing Grid...
 ---- Specified parameters ----
 ---- N_R                 :    128
 ---- N_THETA             :    768
 ---- Ell_MAX             :    511
 ---- R_MIN               :  5.38462E-01
 ---- R_MAX               :  1.53846E+00
 ---- Chebyshev Domains   :      1

        Domain 1
          Grid points           :  128
          Dealiased Polynomials :  85
          Domain Lower Bound    :  5.38462E-01
          Domain Upper Bound    :  1.53846E+00

 -- Grid initialized.

 -- Initalizing Reference State...
 ---- Specified parameters:
 ---- Reference type           :  Boussinesq (Non-dimensional)
 ---- Rayleigh Number          :  1.00000E+05
 ---- Ekman Number             :  1.00000E-03
 ---- Prandtl Number           :  1.00000E+00
 ---- Magnetic Prandtl Number  :  5.00000E+00
 -- Reference State initialized.

 -- Initializing Fields...
 ---- Specified parameters:
 ---- Hydro Init Type    : Benchmark (Christensen et al. 2001)
 ---- Magnetic Init Type : Benchmark (Christensen et al. 2001)
 -- Fields initialized.

 Initialization Complete.
 //////////////////////////////////////

 Timestep has changed from  0.00000E+00 to  1.00000E-04.
 Iteration:  00000001   DeltaT:  1.000E-04   Iter/sec:  0.000E+00
 Timestep has changed from  1.00000E-04 to  2.55562E-06.
 Iteration:  00000002   DeltaT:  2.556E-06   Iter/sec:  1.267E+00
 Iteration:  00000003   DeltaT:  2.556E-06   Iter/sec:  3.366E+00
 Iteration:  00000004   DeltaT:  2.556E-06   Iter/sec:  4.661E+00
 Iteration:  00000005   DeltaT:  2.556E-06   Iter/sec:  4.740E+00
 Iteration:  00000006   DeltaT:  2.556E-06   Iter/sec:  5.021E+00
 Iteration:  00000007   DeltaT:  2.556E-06   Iter/sec:  5.193E+00
 Iteration:  00000008   DeltaT:  2.556E-06   Iter/sec:  4.595E+00
 Iteration:  00000009   DeltaT:  2.556E-06   Iter/sec:  4.482E+00
 Iteration:  00000010   DeltaT:  2.556E-06   Iter/sec:  4.699E+00
 Iteration:  00000011   DeltaT:  2.556E-06   Iter/sec:  5.114E+00
 Iteration:  00000012   DeltaT:  2.556E-06   Iter/sec:  4.894E+00
 Iteration:  00000013   DeltaT:  2.556E-06   Iter/sec:  4.605E+00
 Iteration:  00000014   DeltaT:  2.556E-06   Iter/sec:  4.738E+00
 Iteration:  00000015   DeltaT:  2.556E-06   Iter/sec:  4.780E+00
 Iteration:  00000016   DeltaT:  2.556E-06   Iter/sec:  4.918E+00
 Iteration:  00000017   DeltaT:  2.556E-06   Iter/sec:  4.709E+00
 Iteration:  00000018   DeltaT:  2.556E-06   Iter/sec:  5.022E+00
 Iteration:  00000019   DeltaT:  2.556E-06   Iter/sec:  4.919E+00
 Iteration:  00000020   DeltaT:  2.556E-06   Iter/sec:  4.826E+00
 Iteration:  00000021   DeltaT:  2.556E-06   Iter/sec:  3.949E+00
 Iteration:  00000022   DeltaT:  2.556E-06   Iter/sec:  5.009E+00
 Iteration:  00000023   DeltaT:  2.556E-06   Iter/sec:  4.850E+00
 Iteration:  00000024   DeltaT:  2.556E-06   Iter/sec:  4.939E+00
 Iteration:  00000025   DeltaT:  2.556E-06   Iter/sec:  4.772E+00
 Iteration:  00000026   DeltaT:  2.556E-06   Iter/sec:  4.608E+00
 Iteration:  00000027   DeltaT:  2.556E-06   Iter/sec:  4.916E+00
 Iteration:  00000028   DeltaT:  2.556E-06   Iter/sec:  4.728E+00
 Iteration:  00000029   DeltaT:  2.556E-06   Iter/sec:  4.999E+00
 Iteration:  00000030   DeltaT:  2.556E-06   Iter/sec:  4.934E+00
 Iteration:  00000031   DeltaT:  2.556E-06   Iter/sec:  4.928E+00
 Iteration:  00000032   DeltaT:  2.556E-06   Iter/sec:  4.681E+00
 Iteration:  00000033   DeltaT:  2.556E-06   Iter/sec:  5.084E+00
 Iteration:  00000034   DeltaT:  2.556E-06   Iter/sec:  4.895E+00
 Iteration:  00000035   DeltaT:  2.556E-06   Iter/sec:  4.942E+00
 Iteration:  00000036   DeltaT:  2.556E-06   Iter/sec:  4.875E+00
 Iteration:  00000037   DeltaT:  2.556E-06   Iter/sec:  4.890E+00
 Iteration:  00000038   DeltaT:  2.556E-06   Iter/sec:  4.441E+00
 Iteration:  00000039   DeltaT:  2.556E-06   Iter/sec:  5.131E+00
 Iteration:  00000040   DeltaT:  2.556E-06   Iter/sec:  4.547E+00
 Iteration:  00000041   DeltaT:  2.556E-06   Iter/sec:  5.297E+00
 Iteration:  00000042   DeltaT:  2.556E-06   Iter/sec:  4.944E+00
 Iteration:  00000043   DeltaT:  2.556E-06   Iter/sec:  4.868E+00
 Iteration:  00000044   DeltaT:  2.556E-06   Iter/sec:  4.894E+00
 Iteration:  00000045   DeltaT:  2.556E-06   Iter/sec:  4.567E+00
 Iteration:  00000046   DeltaT:  2.556E-06   Iter/sec:  4.951E+00
 Iteration:  00000047   DeltaT:  2.556E-06   Iter/sec:  4.846E+00
 Iteration:  00000048   DeltaT:  2.556E-06   Iter/sec:  4.925E+00
 Iteration:  00000049   DeltaT:  2.556E-06   Iter/sec:  4.797E+00
 Iteration:  00000050   DeltaT:  2.556E-06   Iter/sec:  4.887E+00


//////////////////////////////////////////////
   Measured Timings for Process 0  (seconds)

 Elapsed time:        10.5294
  Column time:         3.5996
     Row time:         3.6805
Legendre time:         0.9135
     FFT time:         0.4266
   Solve time:         0.3812
    rlma time:         0.0902
    rlmb time:         0.0399
  pspace time:         0.6438
  psolve time:         0.6601
    dphi time:         0.0339
captured time:        10.4693

     iter/sec:         4.7486
//////////////////////////////////////////////
