 //////////////////////////////////////
 Initializating Rayleigh...

 -- Initalizing MPI...
 ---- Specified parameters:
 ---- NCPU  :     64
 ---- NPROW :     16
 ---- NPCOL :      4
 -- MPI initialized.


 -- Initalizing Grid...
 ---- Specified parameters ----
 ---- N_R                 :    128
 ---- N_THETA             :    384
 ---- Ell_MAX             :    255
 ---- R_MIN               :  5.38462E-01
 ---- R_MAX               :  1.53846E+00
 ---- Chebyshev Domains   :      1

        Domain 1
          Grid points           :  128
          Dealiased Polynomials :  85
          Domain Lower Bound    :  5.38462E-01
          Domain Upper Bound    :  1.53846E+00

 -- Grid initialized.

 -- Initalizing Reference State...
 ---- Specified parameters:
 ---- Reference type           :  Boussinesq (Non-dimensional)
 ---- Rayleigh Number          :  1.00000E+05
 ---- Ekman Number             :  1.00000E-03
 ---- Prandtl Number           :  1.00000E+00
 ---- Magnetic Prandtl Number  :  5.00000E+00
 -- Reference State initialized.

 -- Initializing Fields...
 ---- Specified parameters:
 ---- Hydro Init Type    : Benchmark (Christensen et al. 2001)
 ---- Magnetic Init Type : Benchmark (Christensen et al. 2001)
 -- Fields initialized.

 Initialization Complete.
 //////////////////////////////////////

 Timestep has changed from  0.00000E+00 to  1.00000E-04.
 Iteration:  00000001   DeltaT:  1.000E-04   Iter/sec:  0.000E+00
 Timestep has changed from  1.00000E-04 to  2.55566E-06.
 Iteration:  00000002   DeltaT:  2.556E-06   Iter/sec:  5.779E-01
 Iteration:  00000003   DeltaT:  2.556E-06   Iter/sec:  6.692E-01
 Iteration:  00000004   DeltaT:  2.556E-06   Iter/sec:  8.386E-01
 Iteration:  00000005   DeltaT:  2.556E-06   Iter/sec:  8.420E-01
 Iteration:  00000006   DeltaT:  2.556E-06   Iter/sec:  8.643E-01
 Iteration:  00000007   DeltaT:  2.556E-06   Iter/sec:  8.519E-01
 Iteration:  00000008   DeltaT:  2.556E-06   Iter/sec:  8.521E-01
 Iteration:  00000009   DeltaT:  2.556E-06   Iter/sec:  8.528E-01
 Iteration:  00000010   DeltaT:  2.556E-06   Iter/sec:  8.506E-01
 Iteration:  00000011   DeltaT:  2.556E-06   Iter/sec:  8.557E-01
 Iteration:  00000012   DeltaT:  2.556E-06   Iter/sec:  8.608E-01
 Iteration:  00000013   DeltaT:  2.556E-06   Iter/sec:  8.619E-01
 Iteration:  00000014   DeltaT:  2.556E-06   Iter/sec:  8.557E-01
 Iteration:  00000015   DeltaT:  2.556E-06   Iter/sec:  8.581E-01
 Iteration:  00000016   DeltaT:  2.556E-06   Iter/sec:  8.624E-01
 Iteration:  00000017   DeltaT:  2.556E-06   Iter/sec:  8.576E-01
 Iteration:  00000018   DeltaT:  2.556E-06   Iter/sec:  8.472E-01
 Iteration:  00000019   DeltaT:  2.556E-06   Iter/sec:  8.649E-01
 Iteration:  00000020   DeltaT:  2.556E-06   Iter/sec:  8.491E-01
 Iteration:  00000021   DeltaT:  2.556E-06   Iter/sec:  8.638E-01
 Iteration:  00000022   DeltaT:  2.556E-06   Iter/sec:  8.581E-01
 Iteration:  00000023   DeltaT:  2.556E-06   Iter/sec:  8.500E-01
 Iteration:  00000024   DeltaT:  2.556E-06   Iter/sec:  8.562E-01
 Iteration:  00000025   DeltaT:  2.556E-06   Iter/sec:  8.577E-01
 Iteration:  00000026   DeltaT:  2.556E-06   Iter/sec:  8.569E-01
 Iteration:  00000027   DeltaT:  2.556E-06   Iter/sec:  8.650E-01
 Iteration:  00000028   DeltaT:  2.556E-06   Iter/sec:  8.614E-01
 Iteration:  00000029   DeltaT:  2.556E-06   Iter/sec:  8.495E-01
 Iteration:  00000030   DeltaT:  2.556E-06   Iter/sec:  8.637E-01
 Iteration:  00000031   DeltaT:  2.556E-06   Iter/sec:  8.437E-01
 Iteration:  00000032   DeltaT:  2.556E-06   Iter/sec:  8.437E-01
 Iteration:  00000033   DeltaT:  2.556E-06   Iter/sec:  8.334E-01
 Iteration:  00000034   DeltaT:  2.556E-06   Iter/sec:  8.764E-01
 Iteration:  00000035   DeltaT:  2.556E-06   Iter/sec:  8.395E-01
 Iteration:  00000036   DeltaT:  2.556E-06   Iter/sec:  8.425E-01
 Iteration:  00000037   DeltaT:  2.556E-06   Iter/sec:  8.368E-01
 Iteration:  00000038   DeltaT:  2.556E-06   Iter/sec:  8.336E-01
 Iteration:  00000039   DeltaT:  2.556E-06   Iter/sec:  8.511E-01
 Iteration:  00000040   DeltaT:  2.556E-06   Iter/sec:  8.545E-01
 Iteration:  00000041   DeltaT:  2.556E-06   Iter/sec:  8.481E-01
 Iteration:  00000042   DeltaT:  2.556E-06   Iter/sec:  8.414E-01
 Iteration:  00000043   DeltaT:  2.556E-06   Iter/sec:  8.446E-01
 Iteration:  00000044   DeltaT:  2.556E-06   Iter/sec:  8.481E-01
 Iteration:  00000045   DeltaT:  2.556E-06   Iter/sec:  8.505E-01
 Iteration:  00000046   DeltaT:  2.556E-06   Iter/sec:  8.408E-01
 Iteration:  00000047   DeltaT:  2.556E-06   Iter/sec:  8.457E-01
 Iteration:  00000048   DeltaT:  2.556E-06   Iter/sec:  8.357E-01
 Iteration:  00000049   DeltaT:  2.556E-06   Iter/sec:  8.361E-01
 Iteration:  00000050   DeltaT:  2.556E-06   Iter/sec:  8.454E-01


//////////////////////////////////////////////
   Measured Timings for Process 0  (seconds)

 Elapsed time:        59.4003
  Column time:         5.4394
     Row time:        22.3842
Legendre time:         8.8719
     FFT time:         3.9107
   Solve time:         1.8598
    rlma time:         1.3207
    rlmb time:         0.6614
  pspace time:         7.0517
  psolve time:         6.8050
    dphi time:         0.2677
captured time:        58.5725

     iter/sec:         0.8417
//////////////////////////////////////////////
