 //////////////////////////////////////
 Initializating Rayleigh...

 -- Initalizing MPI...
 ---- Specified parameters:
 ---- NCPU  :    512
 ---- NPROW :     16
 ---- NPCOL :     32
 -- MPI initialized.


 -- Initalizing Grid...
 ---- Specified parameters ----
 ---- N_R                 :     64
 ---- N_THETA             :    192
 ---- Ell_MAX             :    127
 ---- R_MIN               :  5.38462E-01
 ---- R_MAX               :  1.53846E+00
 ---- Chebyshev Domains   :      1

        Domain 1
          Grid points           :  64
          Dealiased Polynomials :  42
          Domain Lower Bound    :  5.38462E-01
          Domain Upper Bound    :  1.53846E+00

 -- Grid initialized.

 -- Initalizing Reference State...
 ---- Specified parameters:
 ---- Reference type           :  Boussinesq (Non-dimensional)
 ---- Rayleigh Number          :  1.00000E+05
 ---- Ekman Number             :  1.00000E-03
 ---- Prandtl Number           :  1.00000E+00
 ---- Magnetic Prandtl Number  :  5.00000E+00
 -- Reference State initialized.

 -- Initializing Fields...
 ---- Specified parameters:
 ---- Hydro Init Type    : Benchmark (Christensen et al. 2001)
 ---- Magnetic Init Type : Benchmark (Christensen et al. 2001)
 -- Fields initialized.

 Initialization Complete.
 //////////////////////////////////////

 Timestep has changed from  0.00000E+00 to  1.00000E-04.
 Iteration:  00000001   DeltaT:  1.000E-04   Iter/sec:  0.000E+00
 Timestep has changed from  1.00000E-04 to  1.02217E-05.
 Iteration:  00000002   DeltaT:  1.022E-05   Iter/sec:  6.947E+00
 Iteration:  00000003   DeltaT:  1.022E-05   Iter/sec:  6.331E+01
 Iteration:  00000004   DeltaT:  1.022E-05   Iter/sec:  9.695E+01
 Iteration:  00000005   DeltaT:  1.022E-05   Iter/sec:  9.449E+01
 Iteration:  00000006   DeltaT:  1.022E-05   Iter/sec:  9.419E+01
 Iteration:  00000007   DeltaT:  1.022E-05   Iter/sec:  9.699E+01
 Iteration:  00000008   DeltaT:  1.022E-05   Iter/sec:  9.185E+01
 Iteration:  00000009   DeltaT:  1.022E-05   Iter/sec:  9.335E+01
 Iteration:  00000010   DeltaT:  1.022E-05   Iter/sec:  9.907E+01
 Iteration:  00000011   DeltaT:  1.022E-05   Iter/sec:  9.075E+01
 Iteration:  00000012   DeltaT:  1.022E-05   Iter/sec:  9.717E+01
 Iteration:  00000013   DeltaT:  1.022E-05   Iter/sec:  9.571E+01
 Iteration:  00000014   DeltaT:  1.022E-05   Iter/sec:  9.624E+01
 Iteration:  00000015   DeltaT:  1.022E-05   Iter/sec:  9.166E+01
 Iteration:  00000016   DeltaT:  1.022E-05   Iter/sec:  9.719E+01
 Iteration:  00000017   DeltaT:  1.022E-05   Iter/sec:  9.352E+01
 Iteration:  00000018   DeltaT:  1.022E-05   Iter/sec:  9.785E+01
 Iteration:  00000019   DeltaT:  1.022E-05   Iter/sec:  9.845E+01
 Iteration:  00000020   DeltaT:  1.022E-05   Iter/sec:  9.524E+01
 Iteration:  00000021   DeltaT:  1.022E-05   Iter/sec:  8.620E+01
 Iteration:  00000022   DeltaT:  1.022E-05   Iter/sec:  1.005E+02
 Iteration:  00000023   DeltaT:  1.022E-05   Iter/sec:  9.679E+01
 Iteration:  00000024   DeltaT:  1.022E-05   Iter/sec:  9.455E+01
 Iteration:  00000025   DeltaT:  1.022E-05   Iter/sec:  9.696E+01
 Iteration:  00000026   DeltaT:  1.022E-05   Iter/sec:  9.707E+01
 Iteration:  00000027   DeltaT:  1.022E-05   Iter/sec:  9.578E+01
 Iteration:  00000028   DeltaT:  1.022E-05   Iter/sec:  9.533E+01
 Iteration:  00000029   DeltaT:  1.022E-05   Iter/sec:  9.717E+01
 Iteration:  00000030   DeltaT:  1.022E-05   Iter/sec:  9.603E+01
 Iteration:  00000031   DeltaT:  1.022E-05   Iter/sec:  8.989E+01
 Iteration:  00000032   DeltaT:  1.022E-05   Iter/sec:  8.613E+01
 Iteration:  00000033   DeltaT:  1.022E-05   Iter/sec:  8.819E+01
 Iteration:  00000034   DeltaT:  1.022E-05   Iter/sec:  8.219E+01
 Iteration:  00000035   DeltaT:  1.022E-05   Iter/sec:  8.884E+01
 Iteration:  00000036   DeltaT:  1.022E-05   Iter/sec:  9.389E+01
 Iteration:  00000037   DeltaT:  1.022E-05   Iter/sec:  8.971E+01
 Iteration:  00000038   DeltaT:  1.022E-05   Iter/sec:  9.525E+01
 Iteration:  00000039   DeltaT:  1.022E-05   Iter/sec:  9.745E+01
 Iteration:  00000040   DeltaT:  1.022E-05   Iter/sec:  9.226E+01
 Iteration:  00000041   DeltaT:  1.022E-05   Iter/sec:  9.932E+01
 Iteration:  00000042   DeltaT:  1.022E-05   Iter/sec:  9.693E+01
 Iteration:  00000043   DeltaT:  1.022E-05   Iter/sec:  9.829E+01
 Iteration:  00000044   DeltaT:  1.022E-05   Iter/sec:  9.627E+01
 Iteration:  00000045   DeltaT:  1.022E-05   Iter/sec:  9.546E+01
 Iteration:  00000046   DeltaT:  1.022E-05   Iter/sec:  9.656E+01
 Iteration:  00000047   DeltaT:  1.022E-05   Iter/sec:  9.759E+01
 Iteration:  00000048   DeltaT:  1.022E-05   Iter/sec:  9.714E+01
 Iteration:  00000049   DeltaT:  1.022E-05   Iter/sec:  9.820E+01
 Iteration:  00000050   DeltaT:  1.022E-05   Iter/sec:  9.622E+01


//////////////////////////////////////////////
   Measured Timings for Process 0  (seconds)

 Elapsed time:         0.5396
  Column time:         0.1340
     Row time:         0.1660
Legendre time:         0.0547
     FFT time:         0.0350
   Solve time:         0.0430
    rlma time:         0.0155
    rlmb time:         0.0063
  pspace time:         0.0216
  psolve time:         0.0501
    dphi time:         0.0022
captured time:         0.5284

     iter/sec:        92.6640
//////////////////////////////////////////////
