 //////////////////////////////////////
 Initializating Rayleigh...

 -- Initalizing MPI...
 ---- Specified parameters:
 ---- NCPU  :     64
 ---- NPROW :     16
 ---- NPCOL :      4
 -- MPI initialized.


 -- Initalizing Grid...
 ---- Specified parameters ----
 ---- N_R                 :     64
 ---- N_THETA             :    384
 ---- Ell_MAX             :    255
 ---- R_MIN               :  5.38462E-01
 ---- R_MAX               :  1.53846E+00
 ---- Chebyshev Domains   :      1

        Domain 1
          Grid points           :  64
          Dealiased Polynomials :  42
          Domain Lower Bound    :  5.38462E-01
          Domain Upper Bound    :  1.53846E+00

 -- Grid initialized.

 -- Initalizing Reference State...
 ---- Specified parameters:
 ---- Reference type           :  Boussinesq (Non-dimensional)
 ---- Rayleigh Number          :  1.00000E+05
 ---- Ekman Number             :  1.00000E-03
 ---- Prandtl Number           :  1.00000E+00
 ---- Magnetic Prandtl Number  :  5.00000E+00
 -- Reference State initialized.

 -- Initializing Fields...
 ---- Specified parameters:
 ---- Hydro Init Type    : Benchmark (Christensen et al. 2001)
 ---- Magnetic Init Type : Benchmark (Christensen et al. 2001)
 -- Fields initialized.

 Initialization Complete.
 //////////////////////////////////////

 Timestep has changed from  0.00000E+00 to  1.00000E-04.
 Iteration:  00000001   DeltaT:  1.000E-04   Iter/sec:  0.000E+00
 Timestep has changed from  1.00000E-04 to  1.02211E-05.
 Iteration:  00000002   DeltaT:  1.022E-05   Iter/sec:  1.264E+00
 Iteration:  00000003   DeltaT:  1.022E-05   Iter/sec:  1.733E+00
 Iteration:  00000004   DeltaT:  1.022E-05   Iter/sec:  1.927E+00
 Iteration:  00000005   DeltaT:  1.022E-05   Iter/sec:  1.907E+00
 Iteration:  00000006   DeltaT:  1.022E-05   Iter/sec:  1.929E+00
 Iteration:  00000007   DeltaT:  1.022E-05   Iter/sec:  1.903E+00
 Iteration:  00000008   DeltaT:  1.022E-05   Iter/sec:  1.890E+00
 Iteration:  00000009   DeltaT:  1.022E-05   Iter/sec:  1.902E+00
 Iteration:  00000010   DeltaT:  1.022E-05   Iter/sec:  1.915E+00
 Iteration:  00000011   DeltaT:  1.022E-05   Iter/sec:  1.891E+00
 Iteration:  00000012   DeltaT:  1.022E-05   Iter/sec:  1.866E+00
 Iteration:  00000013   DeltaT:  1.022E-05   Iter/sec:  1.879E+00
 Iteration:  00000014   DeltaT:  1.022E-05   Iter/sec:  1.842E+00
 Iteration:  00000015   DeltaT:  1.022E-05   Iter/sec:  1.835E+00
 Iteration:  00000016   DeltaT:  1.022E-05   Iter/sec:  1.867E+00
 Iteration:  00000017   DeltaT:  1.022E-05   Iter/sec:  1.843E+00
 Iteration:  00000018   DeltaT:  1.022E-05   Iter/sec:  1.849E+00
 Iteration:  00000019   DeltaT:  1.022E-05   Iter/sec:  1.880E+00
 Iteration:  00000020   DeltaT:  1.022E-05   Iter/sec:  1.893E+00
 Iteration:  00000021   DeltaT:  1.022E-05   Iter/sec:  1.882E+00
 Iteration:  00000022   DeltaT:  1.022E-05   Iter/sec:  1.885E+00
 Iteration:  00000023   DeltaT:  1.022E-05   Iter/sec:  1.825E+00
 Iteration:  00000024   DeltaT:  1.022E-05   Iter/sec:  1.853E+00
 Iteration:  00000025   DeltaT:  1.022E-05   Iter/sec:  1.882E+00
 Iteration:  00000026   DeltaT:  1.022E-05   Iter/sec:  1.890E+00
 Iteration:  00000027   DeltaT:  1.022E-05   Iter/sec:  1.874E+00
 Iteration:  00000028   DeltaT:  1.022E-05   Iter/sec:  1.883E+00
 Iteration:  00000029   DeltaT:  1.022E-05   Iter/sec:  1.890E+00
 Iteration:  00000030   DeltaT:  1.022E-05   Iter/sec:  1.826E+00
 Iteration:  00000031   DeltaT:  1.022E-05   Iter/sec:  1.884E+00
 Iteration:  00000032   DeltaT:  1.022E-05   Iter/sec:  1.910E+00
 Iteration:  00000033   DeltaT:  1.022E-05   Iter/sec:  1.901E+00
 Iteration:  00000034   DeltaT:  1.022E-05   Iter/sec:  1.863E+00
 Iteration:  00000035   DeltaT:  1.022E-05   Iter/sec:  1.872E+00
 Iteration:  00000036   DeltaT:  1.022E-05   Iter/sec:  1.884E+00
 Iteration:  00000037   DeltaT:  1.022E-05   Iter/sec:  1.851E+00
 Iteration:  00000038   DeltaT:  1.022E-05   Iter/sec:  1.842E+00
 Iteration:  00000039   DeltaT:  1.022E-05   Iter/sec:  1.858E+00
 Iteration:  00000040   DeltaT:  1.022E-05   Iter/sec:  1.895E+00
 Iteration:  00000041   DeltaT:  1.022E-05   Iter/sec:  1.856E+00
 Iteration:  00000042   DeltaT:  1.022E-05   Iter/sec:  1.886E+00
 Iteration:  00000043   DeltaT:  1.022E-05   Iter/sec:  1.879E+00
 Iteration:  00000044   DeltaT:  1.022E-05   Iter/sec:  1.871E+00
 Iteration:  00000045   DeltaT:  1.022E-05   Iter/sec:  1.893E+00
 Iteration:  00000046   DeltaT:  1.022E-05   Iter/sec:  1.890E+00
 Iteration:  00000047   DeltaT:  1.022E-05   Iter/sec:  1.890E+00
 Iteration:  00000048   DeltaT:  1.022E-05   Iter/sec:  1.858E+00
 Iteration:  00000049   DeltaT:  1.022E-05   Iter/sec:  1.878E+00
 Iteration:  00000050   DeltaT:  1.022E-05   Iter/sec:  1.875E+00


//////////////////////////////////////////////
   Measured Timings for Process 0  (seconds)

 Elapsed time:        26.7443
  Column time:         2.5686
     Row time:        10.1717
Legendre time:         3.5725
     FFT time:         1.9407
   Solve time:         0.5198
    rlma time:         0.4139
    rlmb time:         0.1889
  pspace time:         3.8976
  psolve time:         3.0014
    dphi time:         0.1831
captured time:        26.4583

     iter/sec:         1.8696
//////////////////////////////////////////////
