 //////////////////////////////////////
 Initializating Rayleigh...

 -- Initalizing MPI...
 ---- Specified parameters:
 ---- NCPU  :   2048
 ---- NPROW :     32
 ---- NPCOL :     64
 -- MPI initialized.


 -- Initalizing Grid...
 ---- Specified parameters ----
 ---- N_R                 :     64
 ---- N_THETA             :    384
 ---- Ell_MAX             :    255
 ---- R_MIN               :  5.38462E-01
 ---- R_MAX               :  1.53846E+00
 ---- Chebyshev Domains   :      1

        Domain 1
          Grid points           :  64
          Dealiased Polynomials :  42
          Domain Lower Bound    :  5.38462E-01
          Domain Upper Bound    :  1.53846E+00

 -- Grid initialized.

 -- Initalizing Reference State...
 ---- Specified parameters:
 ---- Reference type           :  Boussinesq (Non-dimensional)
 ---- Rayleigh Number          :  1.00000E+05
 ---- Ekman Number             :  1.00000E-03
 ---- Prandtl Number           :  1.00000E+00
 ---- Magnetic Prandtl Number  :  5.00000E+00
 -- Reference State initialized.

 -- Initializing Fields...
 ---- Specified parameters:
 ---- Hydro Init Type    : Benchmark (Christensen et al. 2001)
 ---- Magnetic Init Type : Benchmark (Christensen et al. 2001)
 -- Fields initialized.

 Initialization Complete.
 //////////////////////////////////////

 Timestep has changed from  0.00000E+00 to  1.00000E-04.
 Iteration:  00000001   DeltaT:  1.000E-04   Iter/sec:  0.000E+00
 Timestep has changed from  1.00000E-04 to  1.02211E-05.
 Iteration:  00000002   DeltaT:  1.022E-05   Iter/sec:  1.617E+00
 Iteration:  00000003   DeltaT:  1.022E-05   Iter/sec:  4.280E+01
 Iteration:  00000004   DeltaT:  1.022E-05   Iter/sec:  5.105E+01
 Iteration:  00000005   DeltaT:  1.022E-05   Iter/sec:  5.829E+01
 Iteration:  00000006   DeltaT:  1.022E-05   Iter/sec:  5.908E+01
 Iteration:  00000007   DeltaT:  1.022E-05   Iter/sec:  5.644E+01
 Iteration:  00000008   DeltaT:  1.022E-05   Iter/sec:  5.479E+01
 Iteration:  00000009   DeltaT:  1.022E-05   Iter/sec:  5.886E+01
 Iteration:  00000010   DeltaT:  1.022E-05   Iter/sec:  5.465E+01
 Iteration:  00000011   DeltaT:  1.022E-05   Iter/sec:  5.341E+01
 Iteration:  00000012   DeltaT:  1.022E-05   Iter/sec:  5.236E+01
 Iteration:  00000013   DeltaT:  1.022E-05   Iter/sec:  5.659E+01
 Iteration:  00000014   DeltaT:  1.022E-05   Iter/sec:  5.676E+01
 Iteration:  00000015   DeltaT:  1.022E-05   Iter/sec:  5.754E+01
 Iteration:  00000016   DeltaT:  1.022E-05   Iter/sec:  5.853E+01
 Iteration:  00000017   DeltaT:  1.022E-05   Iter/sec:  5.549E+01
 Iteration:  00000018   DeltaT:  1.022E-05   Iter/sec:  5.824E+01
 Iteration:  00000019   DeltaT:  1.022E-05   Iter/sec:  4.754E+01
 Iteration:  00000020   DeltaT:  1.022E-05   Iter/sec:  5.989E+01
 Iteration:  00000021   DeltaT:  1.022E-05   Iter/sec:  5.580E+01
 Iteration:  00000022   DeltaT:  1.022E-05   Iter/sec:  5.733E+01
 Iteration:  00000023   DeltaT:  1.022E-05   Iter/sec:  5.562E+01
 Iteration:  00000024   DeltaT:  1.022E-05   Iter/sec:  5.843E+01
 Iteration:  00000025   DeltaT:  1.022E-05   Iter/sec:  5.428E+01
 Iteration:  00000026   DeltaT:  1.022E-05   Iter/sec:  5.096E+01
 Iteration:  00000027   DeltaT:  1.022E-05   Iter/sec:  4.768E+01
 Iteration:  00000028   DeltaT:  1.022E-05   Iter/sec:  5.329E+01
 Iteration:  00000029   DeltaT:  1.022E-05   Iter/sec:  4.863E+01
 Iteration:  00000030   DeltaT:  1.022E-05   Iter/sec:  5.662E+01
 Iteration:  00000031   DeltaT:  1.022E-05   Iter/sec:  5.712E+01
 Iteration:  00000032   DeltaT:  1.022E-05   Iter/sec:  5.601E+01
 Iteration:  00000033   DeltaT:  1.022E-05   Iter/sec:  5.522E+01
 Iteration:  00000034   DeltaT:  1.022E-05   Iter/sec:  5.819E+01
 Iteration:  00000035   DeltaT:  1.022E-05   Iter/sec:  5.378E+01
 Iteration:  00000036   DeltaT:  1.022E-05   Iter/sec:  5.797E+01
 Iteration:  00000037   DeltaT:  1.022E-05   Iter/sec:  5.611E+01
 Iteration:  00000038   DeltaT:  1.022E-05   Iter/sec:  5.854E+01
 Iteration:  00000039   DeltaT:  1.022E-05   Iter/sec:  5.316E+01
 Iteration:  00000040   DeltaT:  1.022E-05   Iter/sec:  5.905E+01
 Iteration:  00000041   DeltaT:  1.022E-05   Iter/sec:  3.698E+01
 Iteration:  00000042   DeltaT:  1.022E-05   Iter/sec:  5.764E+01
 Iteration:  00000043   DeltaT:  1.022E-05   Iter/sec:  5.908E+01
 Iteration:  00000044   DeltaT:  1.022E-05   Iter/sec:  5.691E+01
 Iteration:  00000045   DeltaT:  1.022E-05   Iter/sec:  5.435E+01
 Iteration:  00000046   DeltaT:  1.022E-05   Iter/sec:  5.426E+01
 Iteration:  00000047   DeltaT:  1.022E-05   Iter/sec:  5.842E+01
 Iteration:  00000048   DeltaT:  1.022E-05   Iter/sec:  4.052E+01
 Iteration:  00000049   DeltaT:  1.022E-05   Iter/sec:  4.098E+01
 Iteration:  00000050   DeltaT:  1.022E-05   Iter/sec:  4.871E+01


//////////////////////////////////////////////
   Measured Timings for Process 0  (seconds)

 Elapsed time:         0.9493
  Column time:         0.3801
     Row time:         0.3097
Legendre time:         0.0848
     FFT time:         0.0372
   Solve time:         0.0340
    rlma time:         0.0167
    rlmb time:         0.0074
  pspace time:         0.0188
  psolve time:         0.0480
    dphi time:         0.0023
captured time:         0.9390

     iter/sec:        52.6678
//////////////////////////////////////////////
