 //////////////////////////////////////
 Initializating Rayleigh...

 -- Initalizing MPI...
 ---- Specified parameters:
 ---- NCPU  :    512
 ---- NPROW :     16
 ---- NPCOL :     32
 -- MPI initialized.


 -- Initalizing Grid...
 ---- Specified parameters ----
 ---- N_R                 :    128
 ---- N_THETA             :   1536
 ---- Ell_MAX             :   1023
 ---- R_MIN               :  5.38462E-01
 ---- R_MAX               :  1.53846E+00
 ---- Chebyshev Domains   :      1

        Domain 1
          Grid points           :  128
          Dealiased Polynomials :  85
          Domain Lower Bound    :  5.38462E-01
          Domain Upper Bound    :  1.53846E+00

 -- Grid initialized.

 -- Initalizing Reference State...
 ---- Specified parameters:
 ---- Reference type           :  Boussinesq (Non-dimensional)
 ---- Rayleigh Number          :  1.00000E+05
 ---- Ekman Number             :  1.00000E-03
 ---- Prandtl Number           :  1.00000E+00
 ---- Magnetic Prandtl Number  :  5.00000E+00
 -- Reference State initialized.

 -- Initializing Fields...
 ---- Specified parameters:
 ---- Hydro Init Type    : Benchmark (Christensen et al. 2001)
 ---- Magnetic Init Type : Benchmark (Christensen et al. 2001)
 -- Fields initialized.

 Initialization Complete.
 //////////////////////////////////////

 Timestep has changed from  0.00000E+00 to  1.00000E-04.
 Iteration:  00000001   DeltaT:  1.000E-04   Iter/sec:  0.000E+00
 Timestep has changed from  1.00000E-04 to  2.55561E-06.
 Iteration:  00000002   DeltaT:  2.556E-06   Iter/sec:  1.013E-01
 Iteration:  00000003   DeltaT:  2.556E-06   Iter/sec:  3.510E-01
 Iteration:  00000004   DeltaT:  2.556E-06   Iter/sec:  3.685E-01
 Iteration:  00000005   DeltaT:  2.556E-06   Iter/sec:  3.648E-01
 Iteration:  00000006   DeltaT:  2.556E-06   Iter/sec:  3.686E-01
 Iteration:  00000007   DeltaT:  2.556E-06   Iter/sec:  3.743E-01
 Iteration:  00000008   DeltaT:  2.556E-06   Iter/sec:  3.687E-01
 Iteration:  00000009   DeltaT:  2.556E-06   Iter/sec:  3.681E-01
 Iteration:  00000010   DeltaT:  2.556E-06   Iter/sec:  3.722E-01
 Iteration:  00000011   DeltaT:  2.556E-06   Iter/sec:  3.655E-01
 Iteration:  00000012   DeltaT:  2.556E-06   Iter/sec:  3.710E-01
 Iteration:  00000013   DeltaT:  2.556E-06   Iter/sec:  3.670E-01
 Iteration:  00000014   DeltaT:  2.556E-06   Iter/sec:  3.741E-01
 Iteration:  00000015   DeltaT:  2.556E-06   Iter/sec:  3.640E-01
 Iteration:  00000016   DeltaT:  2.556E-06   Iter/sec:  3.733E-01
 Iteration:  00000017   DeltaT:  2.556E-06   Iter/sec:  3.669E-01
 Iteration:  00000018   DeltaT:  2.556E-06   Iter/sec:  3.727E-01
 Iteration:  00000019   DeltaT:  2.556E-06   Iter/sec:  3.672E-01
 Iteration:  00000020   DeltaT:  2.556E-06   Iter/sec:  3.691E-01
 Iteration:  00000021   DeltaT:  2.556E-06   Iter/sec:  3.682E-01
 Iteration:  00000022   DeltaT:  2.556E-06   Iter/sec:  3.690E-01
 Iteration:  00000023   DeltaT:  2.556E-06   Iter/sec:  3.674E-01
 Iteration:  00000024   DeltaT:  2.556E-06   Iter/sec:  3.719E-01
 Iteration:  00000025   DeltaT:  2.556E-06   Iter/sec:  3.682E-01
 Iteration:  00000026   DeltaT:  2.556E-06   Iter/sec:  3.726E-01
 Iteration:  00000027   DeltaT:  2.556E-06   Iter/sec:  3.709E-01
 Iteration:  00000028   DeltaT:  2.556E-06   Iter/sec:  3.670E-01
 Iteration:  00000029   DeltaT:  2.556E-06   Iter/sec:  3.718E-01
 Iteration:  00000030   DeltaT:  2.556E-06   Iter/sec:  3.698E-01
 Iteration:  00000031   DeltaT:  2.556E-06   Iter/sec:  3.682E-01
 Iteration:  00000032   DeltaT:  2.556E-06   Iter/sec:  3.705E-01
 Iteration:  00000033   DeltaT:  2.556E-06   Iter/sec:  3.661E-01
 Iteration:  00000034   DeltaT:  2.556E-06   Iter/sec:  3.679E-01
 Iteration:  00000035   DeltaT:  2.556E-06   Iter/sec:  3.635E-01
 Iteration:  00000036   DeltaT:  2.556E-06   Iter/sec:  3.738E-01
 Iteration:  00000037   DeltaT:  2.556E-06   Iter/sec:  3.674E-01
 Iteration:  00000038   DeltaT:  2.556E-06   Iter/sec:  3.701E-01
 Iteration:  00000039   DeltaT:  2.556E-06   Iter/sec:  3.704E-01
 Iteration:  00000040   DeltaT:  2.556E-06   Iter/sec:  3.721E-01
 Iteration:  00000041   DeltaT:  2.556E-06   Iter/sec:  3.699E-01
 Iteration:  00000042   DeltaT:  2.556E-06   Iter/sec:  3.721E-01
 Iteration:  00000043   DeltaT:  2.556E-06   Iter/sec:  3.675E-01
 Iteration:  00000044   DeltaT:  2.556E-06   Iter/sec:  3.774E-01
 Iteration:  00000045   DeltaT:  2.556E-06   Iter/sec:  3.613E-01
 Iteration:  00000046   DeltaT:  2.556E-06   Iter/sec:  3.711E-01
 Iteration:  00000047   DeltaT:  2.556E-06   Iter/sec:  3.662E-01
 Iteration:  00000048   DeltaT:  2.556E-06   Iter/sec:  3.710E-01
 Iteration:  00000049   DeltaT:  2.556E-06   Iter/sec:  3.663E-01
 Iteration:  00000050   DeltaT:  2.556E-06   Iter/sec:  3.717E-01


//////////////////////////////////////////////
   Measured Timings for Process 0  (seconds)

 Elapsed time:       135.7002
  Column time:        26.4997
     Row time:        38.0578
Legendre time:        26.8596
     FFT time:         8.1239
   Solve time:         2.2781
    rlma time:         2.3600
    rlmb time:         1.1554
  pspace time:        15.7980
  psolve time:        12.1582
    dphi time:         0.8929
captured time:       134.1836

     iter/sec:         0.3685
//////////////////////////////////////////////
