 //////////////////////////////////////
 Initializating Rayleigh...

 -- Initalizing MPI...
 ---- Specified parameters:
 ---- NCPU  :   1024
 ---- NPROW :     32
 ---- NPCOL :     32
 -- MPI initialized.


 -- Initalizing Grid...
 ---- Specified parameters ----
 ---- N_R                 :     64
 ---- N_THETA             :    384
 ---- Ell_MAX             :    255
 ---- R_MIN               :  5.38462E-01
 ---- R_MAX               :  1.53846E+00
 ---- Chebyshev Domains   :      1

        Domain 1
          Grid points           :  64
          Dealiased Polynomials :  42
          Domain Lower Bound    :  5.38462E-01
          Domain Upper Bound    :  1.53846E+00

 -- Grid initialized.

 -- Initalizing Reference State...
 ---- Specified parameters:
 ---- Reference type           :  Boussinesq (Non-dimensional)
 ---- Rayleigh Number          :  1.00000E+05
 ---- Ekman Number             :  1.00000E-03
 ---- Prandtl Number           :  1.00000E+00
 ---- Magnetic Prandtl Number  :  5.00000E+00
 -- Reference State initialized.

 -- Initializing Fields...
 ---- Specified parameters:
 ---- Hydro Init Type    : Benchmark (Christensen et al. 2001)
 ---- Magnetic Init Type : Benchmark (Christensen et al. 2001)
 -- Fields initialized.

 Initialization Complete.
 //////////////////////////////////////

 Timestep has changed from  0.00000E+00 to  1.00000E-04.
 Iteration:  00000001   DeltaT:  1.000E-04   Iter/sec:  0.000E+00
 Timestep has changed from  1.00000E-04 to  1.02211E-05.
 Iteration:  00000002   DeltaT:  1.022E-05   Iter/sec:  5.075E+00
 Iteration:  00000003   DeltaT:  1.022E-05   Iter/sec:  2.525E+01
 Iteration:  00000004   DeltaT:  1.022E-05   Iter/sec:  3.109E+01
 Iteration:  00000005   DeltaT:  1.022E-05   Iter/sec:  3.177E+01
 Iteration:  00000006   DeltaT:  1.022E-05   Iter/sec:  3.044E+01
 Iteration:  00000007   DeltaT:  1.022E-05   Iter/sec:  3.237E+01
 Iteration:  00000008   DeltaT:  1.022E-05   Iter/sec:  3.254E+01
 Iteration:  00000009   DeltaT:  1.022E-05   Iter/sec:  3.287E+01
 Iteration:  00000010   DeltaT:  1.022E-05   Iter/sec:  3.036E+01
 Iteration:  00000011   DeltaT:  1.022E-05   Iter/sec:  3.216E+01
 Iteration:  00000012   DeltaT:  1.022E-05   Iter/sec:  3.193E+01
 Iteration:  00000013   DeltaT:  1.022E-05   Iter/sec:  3.295E+01
 Iteration:  00000014   DeltaT:  1.022E-05   Iter/sec:  3.177E+01
 Iteration:  00000015   DeltaT:  1.022E-05   Iter/sec:  3.237E+01
 Iteration:  00000016   DeltaT:  1.022E-05   Iter/sec:  3.234E+01
 Iteration:  00000017   DeltaT:  1.022E-05   Iter/sec:  3.182E+01
 Iteration:  00000018   DeltaT:  1.022E-05   Iter/sec:  3.039E+01
 Iteration:  00000019   DeltaT:  1.022E-05   Iter/sec:  3.212E+01
 Iteration:  00000020   DeltaT:  1.022E-05   Iter/sec:  3.271E+01
 Iteration:  00000021   DeltaT:  1.022E-05   Iter/sec:  3.326E+01
 Iteration:  00000022   DeltaT:  1.022E-05   Iter/sec:  3.201E+01
 Iteration:  00000023   DeltaT:  1.022E-05   Iter/sec:  3.045E+01
 Iteration:  00000024   DeltaT:  1.022E-05   Iter/sec:  3.312E+01
 Iteration:  00000025   DeltaT:  1.022E-05   Iter/sec:  3.133E+01
 Iteration:  00000026   DeltaT:  1.022E-05   Iter/sec:  3.347E+01
 Iteration:  00000027   DeltaT:  1.022E-05   Iter/sec:  3.199E+01
 Iteration:  00000028   DeltaT:  1.022E-05   Iter/sec:  3.080E+01
 Iteration:  00000029   DeltaT:  1.022E-05   Iter/sec:  3.220E+01
 Iteration:  00000030   DeltaT:  1.022E-05   Iter/sec:  3.184E+01
 Iteration:  00000031   DeltaT:  1.022E-05   Iter/sec:  9.231E+00
 Iteration:  00000032   DeltaT:  1.022E-05   Iter/sec:  2.599E+01
 Iteration:  00000033   DeltaT:  1.022E-05   Iter/sec:  2.817E+01
 Iteration:  00000034   DeltaT:  1.022E-05   Iter/sec:  2.442E+01
 Iteration:  00000035   DeltaT:  1.022E-05   Iter/sec:  3.332E+01
 Iteration:  00000036   DeltaT:  1.022E-05   Iter/sec:  3.268E+01
 Iteration:  00000037   DeltaT:  1.022E-05   Iter/sec:  3.313E+01
 Iteration:  00000038   DeltaT:  1.022E-05   Iter/sec:  3.279E+01
 Iteration:  00000039   DeltaT:  1.022E-05   Iter/sec:  3.280E+01
 Iteration:  00000040   DeltaT:  1.022E-05   Iter/sec:  3.258E+01
 Iteration:  00000041   DeltaT:  1.022E-05   Iter/sec:  3.172E+01
 Iteration:  00000042   DeltaT:  1.022E-05   Iter/sec:  3.293E+01
 Iteration:  00000043   DeltaT:  1.022E-05   Iter/sec:  3.139E+01
 Iteration:  00000044   DeltaT:  1.022E-05   Iter/sec:  3.258E+01
 Iteration:  00000045   DeltaT:  1.022E-05   Iter/sec:  3.357E+01
 Iteration:  00000046   DeltaT:  1.022E-05   Iter/sec:  3.221E+01
 Iteration:  00000047   DeltaT:  1.022E-05   Iter/sec:  3.257E+01
 Iteration:  00000048   DeltaT:  1.022E-05   Iter/sec:  3.175E+01
 Iteration:  00000049   DeltaT:  1.022E-05   Iter/sec:  3.291E+01
 Iteration:  00000050   DeltaT:  1.022E-05   Iter/sec:  3.249E+01


//////////////////////////////////////////////
   Measured Timings for Process 0  (seconds)

 Elapsed time:         1.6800
  Column time:         0.5159
     Row time:         0.6434
Legendre time:         0.1435
     FFT time:         0.0935
   Solve time:         0.0632
    rlma time:         0.0272
    rlmb time:         0.0115
  pspace time:         0.0667
  psolve time:         0.0924
    dphi time:         0.0073
captured time:         1.6646

     iter/sec:        29.7619
//////////////////////////////////////////////
