 //////////////////////////////////////
 Initializating Rayleigh...

 -- Initalizing MPI...
 ---- Specified parameters:
 ---- NCPU  :    256
 ---- NPROW :     16
 ---- NPCOL :     16
 -- MPI initialized.


 -- Initalizing Grid...
 ---- Specified parameters ----
 ---- N_R                 :     64
 ---- N_THETA             :   1536
 ---- Ell_MAX             :   1023
 ---- R_MIN               :  5.38462E-01
 ---- R_MAX               :  1.53846E+00
 ---- Chebyshev Domains   :      1

        Domain 1
          Grid points           :  64
          Dealiased Polynomials :  42
          Domain Lower Bound    :  5.38462E-01
          Domain Upper Bound    :  1.53846E+00

 -- Grid initialized.

 -- Initalizing Reference State...
 ---- Specified parameters:
 ---- Reference type           :  Boussinesq (Non-dimensional)
 ---- Rayleigh Number          :  1.00000E+05
 ---- Ekman Number             :  1.00000E-03
 ---- Prandtl Number           :  1.00000E+00
 ---- Magnetic Prandtl Number  :  5.00000E+00
 -- Reference State initialized.

 -- Initializing Fields...
 ---- Specified parameters:
 ---- Hydro Init Type    : Benchmark (Christensen et al. 2001)
 ---- Magnetic Init Type : Benchmark (Christensen et al. 2001)
 -- Fields initialized.

 Initialization Complete.
 //////////////////////////////////////

 Timestep has changed from  0.00000E+00 to  1.00000E-04.
 Iteration:  00000001   DeltaT:  1.000E-04   Iter/sec:  0.000E+00
 Timestep has changed from  1.00000E-04 to  4.46409E-06.
 Iteration:  00000002   DeltaT:  4.464E-06   Iter/sec:  1.038E-01
 Iteration:  00000003   DeltaT:  4.464E-06   Iter/sec:  3.821E-01
 Iteration:  00000004   DeltaT:  4.464E-06   Iter/sec:  3.956E-01
 Iteration:  00000005   DeltaT:  4.464E-06   Iter/sec:  3.881E-01
 Iteration:  00000006   DeltaT:  4.464E-06   Iter/sec:  3.809E-01
 Iteration:  00000007   DeltaT:  4.464E-06   Iter/sec:  3.933E-01
 Iteration:  00000008   DeltaT:  4.464E-06   Iter/sec:  3.811E-01
 Iteration:  00000009   DeltaT:  4.464E-06   Iter/sec:  3.920E-01
 Iteration:  00000010   DeltaT:  4.464E-06   Iter/sec:  3.855E-01
 Iteration:  00000011   DeltaT:  4.464E-06   Iter/sec:  3.817E-01
 Iteration:  00000012   DeltaT:  4.464E-06   Iter/sec:  3.975E-01
 Iteration:  00000013   DeltaT:  4.464E-06   Iter/sec:  3.850E-01
 Iteration:  00000014   DeltaT:  4.464E-06   Iter/sec:  3.761E-01
 Iteration:  00000015   DeltaT:  4.464E-06   Iter/sec:  3.860E-01
 Iteration:  00000016   DeltaT:  4.464E-06   Iter/sec:  3.900E-01
 Iteration:  00000017   DeltaT:  4.464E-06   Iter/sec:  3.713E-01
 Iteration:  00000018   DeltaT:  4.464E-06   Iter/sec:  3.871E-01
 Iteration:  00000019   DeltaT:  4.464E-06   Iter/sec:  3.933E-01
 Iteration:  00000020   DeltaT:  4.464E-06   Iter/sec:  3.845E-01
 Iteration:  00000021   DeltaT:  4.464E-06   Iter/sec:  3.835E-01
 Iteration:  00000022   DeltaT:  4.464E-06   Iter/sec:  3.744E-01
 Iteration:  00000023   DeltaT:  4.464E-06   Iter/sec:  3.847E-01
 Iteration:  00000024   DeltaT:  4.464E-06   Iter/sec:  3.923E-01
 Iteration:  00000025   DeltaT:  4.464E-06   Iter/sec:  3.852E-01
 Iteration:  00000026   DeltaT:  4.464E-06   Iter/sec:  3.880E-01
 Iteration:  00000027   DeltaT:  4.464E-06   Iter/sec:  3.747E-01
 Iteration:  00000028   DeltaT:  4.464E-06   Iter/sec:  3.904E-01
 Iteration:  00000029   DeltaT:  4.464E-06   Iter/sec:  3.693E-01
 Iteration:  00000030   DeltaT:  4.464E-06   Iter/sec:  3.795E-01
 Iteration:  00000031   DeltaT:  4.464E-06   Iter/sec:  3.906E-01
 Iteration:  00000032   DeltaT:  4.464E-06   Iter/sec:  3.791E-01
 Iteration:  00000033   DeltaT:  4.464E-06   Iter/sec:  3.874E-01
 Iteration:  00000034   DeltaT:  4.464E-06   Iter/sec:  3.872E-01
 Iteration:  00000035   DeltaT:  4.464E-06   Iter/sec:  3.873E-01
 Iteration:  00000036   DeltaT:  4.464E-06   Iter/sec:  3.779E-01
 Iteration:  00000037   DeltaT:  4.464E-06   Iter/sec:  3.843E-01
 Iteration:  00000038   DeltaT:  4.464E-06   Iter/sec:  3.866E-01
 Iteration:  00000039   DeltaT:  4.464E-06   Iter/sec:  3.906E-01
 Iteration:  00000040   DeltaT:  4.464E-06   Iter/sec:  3.824E-01
 Iteration:  00000041   DeltaT:  4.464E-06   Iter/sec:  3.944E-01
 Iteration:  00000042   DeltaT:  4.464E-06   Iter/sec:  3.831E-01
 Iteration:  00000043   DeltaT:  4.464E-06   Iter/sec:  3.944E-01
 Iteration:  00000044   DeltaT:  4.464E-06   Iter/sec:  3.777E-01
 Iteration:  00000045   DeltaT:  4.464E-06   Iter/sec:  3.919E-01
 Iteration:  00000046   DeltaT:  4.464E-06   Iter/sec:  3.853E-01
 Iteration:  00000047   DeltaT:  4.464E-06   Iter/sec:  3.827E-01
 Iteration:  00000048   DeltaT:  4.464E-06   Iter/sec:  3.927E-01
 Iteration:  00000049   DeltaT:  4.464E-06   Iter/sec:  3.747E-01
 Iteration:  00000050   DeltaT:  4.464E-06   Iter/sec:  3.914E-01


//////////////////////////////////////////////
   Measured Timings for Process 0  (seconds)

 Elapsed time:       129.8074
  Column time:        20.6737
     Row time:        40.5198
Legendre time:        25.3155
     FFT time:         8.1103
   Solve time:         1.2124
    rlma time:         2.0078
    rlmb time:         1.1279
  pspace time:        15.8949
  psolve time:        12.2753
    dphi time:         0.8760
captured time:       128.0137

     iter/sec:         0.3852
//////////////////////////////////////////////
