 //////////////////////////////////////
 Initializating Rayleigh...

 -- Initalizing MPI...
 ---- Specified parameters:
 ---- NCPU  :   1024
 ---- NPROW :     16
 ---- NPCOL :     64
 -- MPI initialized.


 -- Initalizing Grid...
 ---- Specified parameters ----
 ---- N_R                 :    128
 ---- N_THETA             :   1536
 ---- Ell_MAX             :   1023
 ---- R_MIN               :  5.38462E-01
 ---- R_MAX               :  1.53846E+00
 ---- Chebyshev Domains   :      1

        Domain 1
          Grid points           :  128
          Dealiased Polynomials :  85
          Domain Lower Bound    :  5.38462E-01
          Domain Upper Bound    :  1.53846E+00

 -- Grid initialized.

 -- Initalizing Reference State...
 ---- Specified parameters:
 ---- Reference type           :  Boussinesq (Non-dimensional)
 ---- Rayleigh Number          :  1.00000E+05
 ---- Ekman Number             :  1.00000E-03
 ---- Prandtl Number           :  1.00000E+00
 ---- Magnetic Prandtl Number  :  5.00000E+00
 -- Reference State initialized.

 -- Initializing Fields...
 ---- Specified parameters:
 ---- Hydro Init Type    : Benchmark (Christensen et al. 2001)
 ---- Magnetic Init Type : Benchmark (Christensen et al. 2001)
 -- Fields initialized.

 Initialization Complete.
 //////////////////////////////////////

 Timestep has changed from  0.00000E+00 to  1.00000E-04.
 Iteration:  00000001   DeltaT:  1.000E-04   Iter/sec:  0.000E+00
 Timestep has changed from  1.00000E-04 to  2.55561E-06.
 Iteration:  00000002   DeltaT:  2.556E-06   Iter/sec:  1.156E-01
 Iteration:  00000003   DeltaT:  2.556E-06   Iter/sec:  6.115E-01
 Iteration:  00000004   DeltaT:  2.556E-06   Iter/sec:  6.580E-01
 Iteration:  00000005   DeltaT:  2.556E-06   Iter/sec:  6.524E-01
 Iteration:  00000006   DeltaT:  2.556E-06   Iter/sec:  6.543E-01
 Iteration:  00000007   DeltaT:  2.556E-06   Iter/sec:  6.503E-01
 Iteration:  00000008   DeltaT:  2.556E-06   Iter/sec:  6.521E-01
 Iteration:  00000009   DeltaT:  2.556E-06   Iter/sec:  6.368E-01
 Iteration:  00000010   DeltaT:  2.556E-06   Iter/sec:  6.499E-01
 Iteration:  00000011   DeltaT:  2.556E-06   Iter/sec:  6.500E-01
 Iteration:  00000012   DeltaT:  2.556E-06   Iter/sec:  6.580E-01
 Iteration:  00000013   DeltaT:  2.556E-06   Iter/sec:  6.505E-01
 Iteration:  00000014   DeltaT:  2.556E-06   Iter/sec:  6.541E-01
 Iteration:  00000015   DeltaT:  2.556E-06   Iter/sec:  6.486E-01
 Iteration:  00000016   DeltaT:  2.556E-06   Iter/sec:  6.515E-01
 Iteration:  00000017   DeltaT:  2.556E-06   Iter/sec:  6.467E-01
 Iteration:  00000018   DeltaT:  2.556E-06   Iter/sec:  6.479E-01
 Iteration:  00000019   DeltaT:  2.556E-06   Iter/sec:  6.491E-01
 Iteration:  00000020   DeltaT:  2.556E-06   Iter/sec:  6.493E-01
 Iteration:  00000021   DeltaT:  2.556E-06   Iter/sec:  6.442E-01
 Iteration:  00000022   DeltaT:  2.556E-06   Iter/sec:  6.486E-01
 Iteration:  00000023   DeltaT:  2.556E-06   Iter/sec:  6.377E-01
 Iteration:  00000024   DeltaT:  2.556E-06   Iter/sec:  6.469E-01
 Iteration:  00000025   DeltaT:  2.556E-06   Iter/sec:  6.530E-01
 Iteration:  00000026   DeltaT:  2.556E-06   Iter/sec:  6.549E-01
 Iteration:  00000027   DeltaT:  2.556E-06   Iter/sec:  6.438E-01
 Iteration:  00000028   DeltaT:  2.556E-06   Iter/sec:  6.515E-01
 Iteration:  00000029   DeltaT:  2.556E-06   Iter/sec:  6.487E-01
 Iteration:  00000030   DeltaT:  2.556E-06   Iter/sec:  6.418E-01
 Iteration:  00000031   DeltaT:  2.556E-06   Iter/sec:  6.547E-01
 Iteration:  00000032   DeltaT:  2.556E-06   Iter/sec:  6.515E-01
 Iteration:  00000033   DeltaT:  2.556E-06   Iter/sec:  6.461E-01
 Iteration:  00000034   DeltaT:  2.556E-06   Iter/sec:  6.508E-01
 Iteration:  00000035   DeltaT:  2.556E-06   Iter/sec:  6.275E-01
 Iteration:  00000036   DeltaT:  2.556E-06   Iter/sec:  6.565E-01
 Iteration:  00000037   DeltaT:  2.556E-06   Iter/sec:  6.572E-01
 Iteration:  00000038   DeltaT:  2.556E-06   Iter/sec:  6.377E-01
 Iteration:  00000039   DeltaT:  2.556E-06   Iter/sec:  6.485E-01
 Iteration:  00000040   DeltaT:  2.556E-06   Iter/sec:  6.594E-01
 Iteration:  00000041   DeltaT:  2.556E-06   Iter/sec:  6.392E-01
 Iteration:  00000042   DeltaT:  2.556E-06   Iter/sec:  6.543E-01
 Iteration:  00000043   DeltaT:  2.556E-06   Iter/sec:  6.486E-01
 Iteration:  00000044   DeltaT:  2.556E-06   Iter/sec:  6.392E-01
 Iteration:  00000045   DeltaT:  2.556E-06   Iter/sec:  6.522E-01
 Iteration:  00000046   DeltaT:  2.556E-06   Iter/sec:  6.463E-01
 Iteration:  00000047   DeltaT:  2.556E-06   Iter/sec:  6.483E-01
 Iteration:  00000048   DeltaT:  2.556E-06   Iter/sec:  6.528E-01
 Iteration:  00000049   DeltaT:  2.556E-06   Iter/sec:  6.413E-01
 Iteration:  00000050   DeltaT:  2.556E-06   Iter/sec:  6.480E-01


//////////////////////////////////////////////
   Measured Timings for Process 0  (seconds)

 Elapsed time:        77.2063
  Column time:        21.1498
     Row time:        20.3033
Legendre time:        13.7584
     FFT time:         4.0600
   Solve time:         1.1824
    rlma time:         0.9818
    rlmb time:         0.5522
  pspace time:         7.9785
  psolve time:         6.1710
    dphi time:         0.4137
captured time:        76.5511

     iter/sec:         0.6476
//////////////////////////////////////////////
