 //////////////////////////////////////
 Initializating Rayleigh...

 -- Initalizing MPI...
 ---- Specified parameters:
 ---- NCPU  :     32
 ---- NPROW :      8
 ---- NPCOL :      4
 -- MPI initialized.


 -- Initalizing Grid...
 ---- Specified parameters ----
 ---- N_R                 :     64
 ---- N_THETA             :    192
 ---- Ell_MAX             :    127
 ---- R_MIN               :  5.38462E-01
 ---- R_MAX               :  1.53846E+00
 ---- Chebyshev Domains   :      1

        Domain 1
          Grid points           :  64
          Dealiased Polynomials :  42
          Domain Lower Bound    :  5.38462E-01
          Domain Upper Bound    :  1.53846E+00

 -- Grid initialized.

 -- Initalizing Reference State...
 ---- Specified parameters:
 ---- Reference type           :  Boussinesq (Non-dimensional)
 ---- Rayleigh Number          :  1.00000E+05
 ---- Ekman Number             :  1.00000E-03
 ---- Prandtl Number           :  1.00000E+00
 ---- Magnetic Prandtl Number  :  5.00000E+00
 -- Reference State initialized.

 -- Initializing Fields...
 ---- Specified parameters:
 ---- Hydro Init Type    : Benchmark (Christensen et al. 2001)
 ---- Magnetic Init Type : Benchmark (Christensen et al. 2001)
 -- Fields initialized.

 Initialization Complete.
 //////////////////////////////////////

 Timestep has changed from  0.00000E+00 to  1.00000E-04.
 Iteration:  00000001   DeltaT:  1.000E-04   Iter/sec:  0.000E+00
 Timestep has changed from  1.00000E-04 to  1.02217E-05.
 Iteration:  00000002   DeltaT:  1.022E-05   Iter/sec:  2.594E+00
 Iteration:  00000003   DeltaT:  1.022E-05   Iter/sec:  3.824E+00
 Iteration:  00000004   DeltaT:  1.022E-05   Iter/sec:  4.313E+00
 Iteration:  00000005   DeltaT:  1.022E-05   Iter/sec:  4.329E+00
 Iteration:  00000006   DeltaT:  1.022E-05   Iter/sec:  4.254E+00
 Iteration:  00000007   DeltaT:  1.022E-05   Iter/sec:  4.401E+00
 Iteration:  00000008   DeltaT:  1.022E-05   Iter/sec:  4.320E+00
 Iteration:  00000009   DeltaT:  1.022E-05   Iter/sec:  4.327E+00
 Iteration:  00000010   DeltaT:  1.022E-05   Iter/sec:  4.358E+00
 Iteration:  00000011   DeltaT:  1.022E-05   Iter/sec:  4.384E+00
 Iteration:  00000012   DeltaT:  1.022E-05   Iter/sec:  4.397E+00
 Iteration:  00000013   DeltaT:  1.022E-05   Iter/sec:  4.334E+00
 Iteration:  00000014   DeltaT:  1.022E-05   Iter/sec:  4.327E+00
 Iteration:  00000015   DeltaT:  1.022E-05   Iter/sec:  4.388E+00
 Iteration:  00000016   DeltaT:  1.022E-05   Iter/sec:  4.403E+00
 Iteration:  00000017   DeltaT:  1.022E-05   Iter/sec:  4.364E+00
 Iteration:  00000018   DeltaT:  1.022E-05   Iter/sec:  4.177E+00
 Iteration:  00000019   DeltaT:  1.022E-05   Iter/sec:  4.298E+00
 Iteration:  00000020   DeltaT:  1.022E-05   Iter/sec:  4.380E+00
 Iteration:  00000021   DeltaT:  1.022E-05   Iter/sec:  4.265E+00
 Iteration:  00000022   DeltaT:  1.022E-05   Iter/sec:  4.362E+00
 Iteration:  00000023   DeltaT:  1.022E-05   Iter/sec:  4.345E+00
 Iteration:  00000024   DeltaT:  1.022E-05   Iter/sec:  4.322E+00
 Iteration:  00000025   DeltaT:  1.022E-05   Iter/sec:  4.373E+00
 Iteration:  00000026   DeltaT:  1.022E-05   Iter/sec:  4.402E+00
 Iteration:  00000027   DeltaT:  1.022E-05   Iter/sec:  4.400E+00
 Iteration:  00000028   DeltaT:  1.022E-05   Iter/sec:  4.349E+00
 Iteration:  00000029   DeltaT:  1.022E-05   Iter/sec:  4.357E+00
 Iteration:  00000030   DeltaT:  1.022E-05   Iter/sec:  4.347E+00
 Iteration:  00000031   DeltaT:  1.022E-05   Iter/sec:  4.335E+00
 Iteration:  00000032   DeltaT:  1.022E-05   Iter/sec:  4.225E+00
 Iteration:  00000033   DeltaT:  1.022E-05   Iter/sec:  4.341E+00
 Iteration:  00000034   DeltaT:  1.022E-05   Iter/sec:  4.354E+00
 Iteration:  00000035   DeltaT:  1.022E-05   Iter/sec:  4.390E+00
 Iteration:  00000036   DeltaT:  1.022E-05   Iter/sec:  4.341E+00
 Iteration:  00000037   DeltaT:  1.022E-05   Iter/sec:  4.382E+00
 Iteration:  00000038   DeltaT:  1.022E-05   Iter/sec:  4.331E+00
 Iteration:  00000039   DeltaT:  1.022E-05   Iter/sec:  4.184E+00
 Iteration:  00000040   DeltaT:  1.022E-05   Iter/sec:  4.330E+00
 Iteration:  00000041   DeltaT:  1.022E-05   Iter/sec:  4.344E+00
 Iteration:  00000042   DeltaT:  1.022E-05   Iter/sec:  4.390E+00
 Iteration:  00000043   DeltaT:  1.022E-05   Iter/sec:  4.346E+00
 Iteration:  00000044   DeltaT:  1.022E-05   Iter/sec:  4.251E+00
 Iteration:  00000045   DeltaT:  1.022E-05   Iter/sec:  4.317E+00
 Iteration:  00000046   DeltaT:  1.022E-05   Iter/sec:  4.308E+00
 Iteration:  00000047   DeltaT:  1.022E-05   Iter/sec:  4.406E+00
 Iteration:  00000048   DeltaT:  1.022E-05   Iter/sec:  4.313E+00
 Iteration:  00000049   DeltaT:  1.022E-05   Iter/sec:  4.392E+00
 Iteration:  00000050   DeltaT:  1.022E-05   Iter/sec:  4.220E+00


//////////////////////////////////////////////
   Measured Timings for Process 0  (seconds)

 Elapsed time:        11.5830
  Column time:         0.7648
     Row time:         4.2134
Legendre time:         1.4298
     FFT time:         0.9693
   Solve time:         0.2685
    rlma time:         0.1890
    rlmb time:         0.0749
  pspace time:         1.9338
  psolve time:         1.5094
    dphi time:         0.0890
captured time:        11.4418

     iter/sec:         4.3167
//////////////////////////////////////////////
