 //////////////////////////////////////
 Initializating Rayleigh...

 -- Initalizing MPI...
 ---- Specified parameters:
 ---- NCPU  :    128
 ---- NPROW :      8
 ---- NPCOL :     16
 -- MPI initialized.


 -- Initalizing Grid...
 ---- Specified parameters ----
 ---- N_R                 :    128
 ---- N_THETA             :    192
 ---- Ell_MAX             :    127
 ---- R_MIN               :  5.38462E-01
 ---- R_MAX               :  1.53846E+00
 ---- Chebyshev Domains   :      1

        Domain 1
          Grid points           :  128
          Dealiased Polynomials :  85
          Domain Lower Bound    :  5.38462E-01
          Domain Upper Bound    :  1.53846E+00

 -- Grid initialized.

 -- Initalizing Reference State...
 ---- Specified parameters:
 ---- Reference type           :  Boussinesq (Non-dimensional)
 ---- Rayleigh Number          :  1.00000E+05
 ---- Ekman Number             :  1.00000E-03
 ---- Prandtl Number           :  1.00000E+00
 ---- Magnetic Prandtl Number  :  5.00000E+00
 -- Reference State initialized.

 -- Initializing Fields...
 ---- Specified parameters:
 ---- Hydro Init Type    : Benchmark (Christensen et al. 2001)
 ---- Magnetic Init Type : Benchmark (Christensen et al. 2001)
 -- Fields initialized.

 Initialization Complete.
 //////////////////////////////////////

 Timestep has changed from  0.00000E+00 to  1.00000E-04.
 Iteration:  00000001   DeltaT:  1.000E-04   Iter/sec:  0.000E+00
 Timestep has changed from  1.00000E-04 to  2.55581E-06.
 Iteration:  00000002   DeltaT:  2.556E-06   Iter/sec:  3.642E+00
 Iteration:  00000003   DeltaT:  2.556E-06   Iter/sec:  5.770E+00
 Iteration:  00000004   DeltaT:  2.556E-06   Iter/sec:  8.322E+00
 Iteration:  00000005   DeltaT:  2.556E-06   Iter/sec:  8.171E+00
 Iteration:  00000006   DeltaT:  2.556E-06   Iter/sec:  7.894E+00
 Iteration:  00000007   DeltaT:  2.556E-06   Iter/sec:  7.916E+00
 Iteration:  00000008   DeltaT:  2.556E-06   Iter/sec:  7.990E+00
 Iteration:  00000009   DeltaT:  2.556E-06   Iter/sec:  8.398E+00
 Iteration:  00000010   DeltaT:  2.556E-06   Iter/sec:  8.512E+00
 Iteration:  00000011   DeltaT:  2.556E-06   Iter/sec:  8.150E+00
 Iteration:  00000012   DeltaT:  2.556E-06   Iter/sec:  8.182E+00
 Iteration:  00000013   DeltaT:  2.556E-06   Iter/sec:  7.767E+00
 Iteration:  00000014   DeltaT:  2.556E-06   Iter/sec:  7.805E+00
 Iteration:  00000015   DeltaT:  2.556E-06   Iter/sec:  7.878E+00
 Iteration:  00000016   DeltaT:  2.556E-06   Iter/sec:  7.771E+00
 Iteration:  00000017   DeltaT:  2.556E-06   Iter/sec:  7.793E+00
 Iteration:  00000018   DeltaT:  2.556E-06   Iter/sec:  7.919E+00
 Iteration:  00000019   DeltaT:  2.556E-06   Iter/sec:  7.779E+00
 Iteration:  00000020   DeltaT:  2.556E-06   Iter/sec:  7.872E+00
 Iteration:  00000021   DeltaT:  2.556E-06   Iter/sec:  8.538E+00
 Iteration:  00000022   DeltaT:  2.556E-06   Iter/sec:  8.460E+00
 Iteration:  00000023   DeltaT:  2.556E-06   Iter/sec:  8.240E+00
 Iteration:  00000024   DeltaT:  2.556E-06   Iter/sec:  8.347E+00
 Iteration:  00000025   DeltaT:  2.556E-06   Iter/sec:  8.545E+00
 Iteration:  00000026   DeltaT:  2.556E-06   Iter/sec:  8.086E+00
 Iteration:  00000027   DeltaT:  2.556E-06   Iter/sec:  8.718E+00
 Iteration:  00000028   DeltaT:  2.556E-06   Iter/sec:  8.550E+00
 Iteration:  00000029   DeltaT:  2.556E-06   Iter/sec:  7.698E+00
 Iteration:  00000030   DeltaT:  2.556E-06   Iter/sec:  8.508E+00
 Iteration:  00000031   DeltaT:  2.556E-06   Iter/sec:  8.441E+00
 Iteration:  00000032   DeltaT:  2.556E-06   Iter/sec:  8.521E+00
 Iteration:  00000033   DeltaT:  2.556E-06   Iter/sec:  8.437E+00
 Iteration:  00000034   DeltaT:  2.556E-06   Iter/sec:  8.471E+00
 Iteration:  00000035   DeltaT:  2.556E-06   Iter/sec:  8.189E+00
 Iteration:  00000036   DeltaT:  2.556E-06   Iter/sec:  7.921E+00
 Iteration:  00000037   DeltaT:  2.556E-06   Iter/sec:  8.066E+00
 Iteration:  00000038   DeltaT:  2.556E-06   Iter/sec:  8.829E+00
 Iteration:  00000039   DeltaT:  2.556E-06   Iter/sec:  8.423E+00
 Iteration:  00000040   DeltaT:  2.556E-06   Iter/sec:  8.507E+00
 Iteration:  00000041   DeltaT:  2.556E-06   Iter/sec:  8.381E+00
 Iteration:  00000042   DeltaT:  2.556E-06   Iter/sec:  8.188E+00
 Iteration:  00000043   DeltaT:  2.556E-06   Iter/sec:  8.599E+00
 Iteration:  00000044   DeltaT:  2.556E-06   Iter/sec:  8.711E+00
 Iteration:  00000045   DeltaT:  2.556E-06   Iter/sec:  8.464E+00
 Iteration:  00000046   DeltaT:  2.556E-06   Iter/sec:  7.983E+00
 Iteration:  00000047   DeltaT:  2.556E-06   Iter/sec:  8.041E+00
 Iteration:  00000048   DeltaT:  2.556E-06   Iter/sec:  8.642E+00
 Iteration:  00000049   DeltaT:  2.556E-06   Iter/sec:  8.839E+00
 Iteration:  00000050   DeltaT:  2.556E-06   Iter/sec:  8.558E+00


//////////////////////////////////////////////
   Measured Timings for Process 0  (seconds)

 Elapsed time:         6.1695
  Column time:         1.1135
     Row time:         1.8747
Legendre time:         0.6539
     FFT time:         0.4661
   Solve time:         0.2899
    rlma time:         0.0898
    rlmb time:         0.0349
  pspace time:         0.8417
  psolve time:         0.6871
    dphi time:         0.0525
captured time:         6.1042

     iter/sec:         8.1044
//////////////////////////////////////////////
