 //////////////////////////////////////
 Initializating Rayleigh...

 -- Initalizing MPI...
 ---- Specified parameters:
 ---- NCPU  :    256
 ---- NPROW :     16
 ---- NPCOL :     16
 -- MPI initialized.


 -- Initalizing Grid...
 ---- Specified parameters ----
 ---- N_R                 :     64
 ---- N_THETA             :    768
 ---- Ell_MAX             :    511
 ---- R_MIN               :  5.38462E-01
 ---- R_MAX               :  1.53846E+00
 ---- Chebyshev Domains   :      1

        Domain 1
          Grid points           :  64
          Dealiased Polynomials :  42
          Domain Lower Bound    :  5.38462E-01
          Domain Upper Bound    :  1.53846E+00

 -- Grid initialized.

 -- Initalizing Reference State...
 ---- Specified parameters:
 ---- Reference type           :  Boussinesq (Non-dimensional)
 ---- Rayleigh Number          :  1.00000E+05
 ---- Ekman Number             :  1.00000E-03
 ---- Prandtl Number           :  1.00000E+00
 ---- Magnetic Prandtl Number  :  5.00000E+00
 -- Reference State initialized.

 -- Initializing Fields...
 ---- Specified parameters:
 ---- Hydro Init Type    : Benchmark (Christensen et al. 2001)
 ---- Magnetic Init Type : Benchmark (Christensen et al. 2001)
 -- Fields initialized.

 Initialization Complete.
 //////////////////////////////////////

 Timestep has changed from  0.00000E+00 to  1.00000E-04.
 Iteration:  00000001   DeltaT:  1.000E-04   Iter/sec:  0.000E+00
 Timestep has changed from  1.00000E-04 to  8.93257E-06.
 Iteration:  00000002   DeltaT:  8.933E-06   Iter/sec:  5.950E-01
 Iteration:  00000003   DeltaT:  8.933E-06   Iter/sec:  1.710E+00
 Iteration:  00000004   DeltaT:  8.933E-06   Iter/sec:  1.774E+00
 Iteration:  00000005   DeltaT:  8.933E-06   Iter/sec:  1.753E+00
 Iteration:  00000006   DeltaT:  8.933E-06   Iter/sec:  1.721E+00
 Iteration:  00000007   DeltaT:  8.933E-06   Iter/sec:  1.621E+00
 Iteration:  00000008   DeltaT:  8.933E-06   Iter/sec:  1.767E+00
 Iteration:  00000009   DeltaT:  8.933E-06   Iter/sec:  1.780E+00
 Iteration:  00000010   DeltaT:  8.933E-06   Iter/sec:  1.807E+00
 Iteration:  00000011   DeltaT:  8.933E-06   Iter/sec:  1.738E+00
 Iteration:  00000012   DeltaT:  8.933E-06   Iter/sec:  1.769E+00
 Iteration:  00000013   DeltaT:  8.933E-06   Iter/sec:  1.704E+00
 Iteration:  00000014   DeltaT:  8.933E-06   Iter/sec:  1.765E+00
 Iteration:  00000015   DeltaT:  8.933E-06   Iter/sec:  1.787E+00
 Iteration:  00000016   DeltaT:  8.933E-06   Iter/sec:  1.790E+00
 Iteration:  00000017   DeltaT:  8.933E-06   Iter/sec:  1.743E+00
 Iteration:  00000018   DeltaT:  8.933E-06   Iter/sec:  1.793E+00
 Iteration:  00000019   DeltaT:  8.933E-06   Iter/sec:  1.748E+00
 Iteration:  00000020   DeltaT:  8.933E-06   Iter/sec:  1.825E+00
 Iteration:  00000021   DeltaT:  8.933E-06   Iter/sec:  1.743E+00
 Iteration:  00000022   DeltaT:  8.933E-06   Iter/sec:  1.678E+00
 Iteration:  00000023   DeltaT:  8.933E-06   Iter/sec:  1.744E+00
 Iteration:  00000024   DeltaT:  8.933E-06   Iter/sec:  1.812E+00
 Iteration:  00000025   DeltaT:  8.933E-06   Iter/sec:  1.802E+00
 Iteration:  00000026   DeltaT:  8.933E-06   Iter/sec:  1.746E+00
 Iteration:  00000027   DeltaT:  8.933E-06   Iter/sec:  1.767E+00
 Iteration:  00000028   DeltaT:  8.933E-06   Iter/sec:  1.806E+00
 Iteration:  00000029   DeltaT:  8.933E-06   Iter/sec:  1.754E+00
 Iteration:  00000030   DeltaT:  8.933E-06   Iter/sec:  1.801E+00
 Iteration:  00000031   DeltaT:  8.933E-06   Iter/sec:  1.580E+00
 Iteration:  00000032   DeltaT:  8.933E-06   Iter/sec:  1.750E+00
 Iteration:  00000033   DeltaT:  8.933E-06   Iter/sec:  1.677E+00
 Iteration:  00000034   DeltaT:  8.933E-06   Iter/sec:  1.812E+00
 Iteration:  00000035   DeltaT:  8.933E-06   Iter/sec:  1.748E+00
 Iteration:  00000036   DeltaT:  8.933E-06   Iter/sec:  1.801E+00
 Iteration:  00000037   DeltaT:  8.933E-06   Iter/sec:  1.748E+00
 Iteration:  00000038   DeltaT:  8.933E-06   Iter/sec:  1.808E+00
 Iteration:  00000039   DeltaT:  8.933E-06   Iter/sec:  1.608E+00
 Iteration:  00000040   DeltaT:  8.933E-06   Iter/sec:  1.766E+00
 Iteration:  00000041   DeltaT:  8.933E-06   Iter/sec:  1.720E+00
 Iteration:  00000042   DeltaT:  8.933E-06   Iter/sec:  1.792E+00
 Iteration:  00000043   DeltaT:  8.933E-06   Iter/sec:  1.800E+00
 Iteration:  00000044   DeltaT:  8.933E-06   Iter/sec:  1.767E+00
 Iteration:  00000045   DeltaT:  8.933E-06   Iter/sec:  1.756E+00
 Iteration:  00000046   DeltaT:  8.933E-06   Iter/sec:  1.767E+00
 Iteration:  00000047   DeltaT:  8.933E-06   Iter/sec:  1.637E+00
 Iteration:  00000048   DeltaT:  8.933E-06   Iter/sec:  1.796E+00
 Iteration:  00000049   DeltaT:  8.933E-06   Iter/sec:  1.663E+00
 Iteration:  00000050   DeltaT:  8.933E-06   Iter/sec:  1.796E+00


//////////////////////////////////////////////
   Measured Timings for Process 0  (seconds)

 Elapsed time:        28.5609
  Column time:         4.7517
     Row time:         9.7102
Legendre time:         4.1848
     FFT time:         1.8360
   Solve time:         0.3756
    rlma time:         0.3801
    rlmb time:         0.1901
  pspace time:         3.9592
  psolve time:         2.6815
    dphi time:         0.2177
captured time:        28.2868

     iter/sec:         1.7506
//////////////////////////////////////////////
