 //////////////////////////////////////
 Initializating Rayleigh...

 -- Initalizing MPI...
 ---- Specified parameters:
 ---- NCPU  :   2048
 ---- NPROW :     32
 ---- NPCOL :     64
 -- MPI initialized.


 -- Initalizing Grid...
 ---- Specified parameters ----
 ---- N_R                 :    128
 ---- N_THETA             :    768
 ---- Ell_MAX             :    511
 ---- R_MIN               :  5.38462E-01
 ---- R_MAX               :  1.53846E+00
 ---- Chebyshev Domains   :      1

        Domain 1
          Grid points           :  128
          Dealiased Polynomials :  85
          Domain Lower Bound    :  5.38462E-01
          Domain Upper Bound    :  1.53846E+00

 -- Grid initialized.

 -- Initalizing Reference State...
 ---- Specified parameters:
 ---- Reference type           :  Boussinesq (Non-dimensional)
 ---- Rayleigh Number          :  1.00000E+05
 ---- Ekman Number             :  1.00000E-03
 ---- Prandtl Number           :  1.00000E+00
 ---- Magnetic Prandtl Number  :  5.00000E+00
 -- Reference State initialized.

 -- Initializing Fields...
 ---- Specified parameters:
 ---- Hydro Init Type    : Benchmark (Christensen et al. 2001)
 ---- Magnetic Init Type : Benchmark (Christensen et al. 2001)
 -- Fields initialized.

 Initialization Complete.
 //////////////////////////////////////

 Timestep has changed from  0.00000E+00 to  1.00000E-04.
 Iteration:  00000001   DeltaT:  1.000E-04   Iter/sec:  0.000E+00
 Timestep has changed from  1.00000E-04 to  2.55562E-06.
 Iteration:  00000002   DeltaT:  2.556E-06   Iter/sec:  7.452E-01
 Iteration:  00000003   DeltaT:  2.556E-06   Iter/sec:  4.409E+00
 Iteration:  00000004   DeltaT:  2.556E-06   Iter/sec:  5.113E+00
 Iteration:  00000005   DeltaT:  2.556E-06   Iter/sec:  5.362E+00
 Iteration:  00000006   DeltaT:  2.556E-06   Iter/sec:  5.228E+00
 Iteration:  00000007   DeltaT:  2.556E-06   Iter/sec:  5.276E+00
 Iteration:  00000008   DeltaT:  2.556E-06   Iter/sec:  5.342E+00
 Iteration:  00000009   DeltaT:  2.556E-06   Iter/sec:  5.321E+00
 Iteration:  00000010   DeltaT:  2.556E-06   Iter/sec:  5.379E+00
 Iteration:  00000011   DeltaT:  2.556E-06   Iter/sec:  5.424E+00
 Iteration:  00000012   DeltaT:  2.556E-06   Iter/sec:  5.315E+00
 Iteration:  00000013   DeltaT:  2.556E-06   Iter/sec:  5.536E+00
 Iteration:  00000014   DeltaT:  2.556E-06   Iter/sec:  5.370E+00
 Iteration:  00000015   DeltaT:  2.556E-06   Iter/sec:  5.302E+00
 Iteration:  00000016   DeltaT:  2.556E-06   Iter/sec:  5.417E+00
 Iteration:  00000017   DeltaT:  2.556E-06   Iter/sec:  5.367E+00
 Iteration:  00000018   DeltaT:  2.556E-06   Iter/sec:  5.484E+00
 Iteration:  00000019   DeltaT:  2.556E-06   Iter/sec:  5.521E+00
 Iteration:  00000020   DeltaT:  2.556E-06   Iter/sec:  5.434E+00
 Iteration:  00000021   DeltaT:  2.556E-06   Iter/sec:  5.366E+00
 Iteration:  00000022   DeltaT:  2.556E-06   Iter/sec:  5.336E+00
 Iteration:  00000023   DeltaT:  2.556E-06   Iter/sec:  5.413E+00
 Iteration:  00000024   DeltaT:  2.556E-06   Iter/sec:  5.514E+00
 Iteration:  00000025   DeltaT:  2.556E-06   Iter/sec:  5.537E+00
 Iteration:  00000026   DeltaT:  2.556E-06   Iter/sec:  5.374E+00
 Iteration:  00000027   DeltaT:  2.556E-06   Iter/sec:  5.251E+00
 Iteration:  00000028   DeltaT:  2.556E-06   Iter/sec:  5.452E+00
 Iteration:  00000029   DeltaT:  2.556E-06   Iter/sec:  5.478E+00
 Iteration:  00000030   DeltaT:  2.556E-06   Iter/sec:  5.348E+00
 Iteration:  00000031   DeltaT:  2.556E-06   Iter/sec:  5.624E+00
 Iteration:  00000032   DeltaT:  2.556E-06   Iter/sec:  5.501E+00
 Iteration:  00000033   DeltaT:  2.556E-06   Iter/sec:  5.391E+00
 Iteration:  00000034   DeltaT:  2.556E-06   Iter/sec:  5.417E+00
 Iteration:  00000035   DeltaT:  2.556E-06   Iter/sec:  5.571E+00
 Iteration:  00000036   DeltaT:  2.556E-06   Iter/sec:  5.343E+00
 Iteration:  00000037   DeltaT:  2.556E-06   Iter/sec:  5.728E+00
 Iteration:  00000038   DeltaT:  2.556E-06   Iter/sec:  5.361E+00
 Iteration:  00000039   DeltaT:  2.556E-06   Iter/sec:  5.516E+00
 Iteration:  00000040   DeltaT:  2.556E-06   Iter/sec:  5.131E+00
 Iteration:  00000041   DeltaT:  2.556E-06   Iter/sec:  5.500E+00
 Iteration:  00000042   DeltaT:  2.556E-06   Iter/sec:  5.530E+00
 Iteration:  00000043   DeltaT:  2.556E-06   Iter/sec:  5.340E+00
 Iteration:  00000044   DeltaT:  2.556E-06   Iter/sec:  5.592E+00
 Iteration:  00000045   DeltaT:  2.556E-06   Iter/sec:  5.492E+00
 Iteration:  00000046   DeltaT:  2.556E-06   Iter/sec:  5.005E+00
 Iteration:  00000047   DeltaT:  2.556E-06   Iter/sec:  5.549E+00
 Iteration:  00000048   DeltaT:  2.556E-06   Iter/sec:  5.563E+00
 Iteration:  00000049   DeltaT:  2.556E-06   Iter/sec:  5.227E+00
 Iteration:  00000050   DeltaT:  2.556E-06   Iter/sec:  5.712E+00


//////////////////////////////////////////////
   Measured Timings for Process 0  (seconds)

 Elapsed time:         9.4364
  Column time:         3.2729
     Row time:         2.8640
Legendre time:         1.0134
     FFT time:         0.4576
   Solve time:         0.2837
    rlma time:         0.1044
    rlmb time:         0.0456
  pspace time:         0.6833
  psolve time:         0.6154
    dphi time:         0.0357
captured time:         9.3761

     iter/sec:         5.2986
//////////////////////////////////////////////
