 //////////////////////////////////////
 Initializating Rayleigh...

 -- Initalizing MPI...
 ---- Specified parameters:
 ---- NCPU  :     64
 ---- NPROW :      4
 ---- NPCOL :     16
 -- MPI initialized.


 -- Initalizing Grid...
 ---- Specified parameters ----
 ---- N_R                 :    128
 ---- N_THETA             :    384
 ---- Ell_MAX             :    255
 ---- R_MIN               :  5.38462E-01
 ---- R_MAX               :  1.53846E+00
 ---- Chebyshev Domains   :      1

        Domain 1
          Grid points           :  128
          Dealiased Polynomials :  85
          Domain Lower Bound    :  5.38462E-01
          Domain Upper Bound    :  1.53846E+00

 -- Grid initialized.

 -- Initalizing Reference State...
 ---- Specified parameters:
 ---- Reference type           :  Boussinesq (Non-dimensional)
 ---- Rayleigh Number          :  1.00000E+05
 ---- Ekman Number             :  1.00000E-03
 ---- Prandtl Number           :  1.00000E+00
 ---- Magnetic Prandtl Number  :  5.00000E+00
 -- Reference State initialized.

 -- Initializing Fields...
 ---- Specified parameters:
 ---- Hydro Init Type    : Benchmark (Christensen et al. 2001)
 ---- Magnetic Init Type : Benchmark (Christensen et al. 2001)
 -- Fields initialized.

 Initialization Complete.
 //////////////////////////////////////

 Timestep has changed from  0.00000E+00 to  1.00000E-04.
 Iteration:  00000001   DeltaT:  1.000E-04   Iter/sec:  0.000E+00
 Timestep has changed from  1.00000E-04 to  2.55566E-06.
 Iteration:  00000002   DeltaT:  2.556E-06   Iter/sec:  5.902E-01
 Iteration:  00000003   DeltaT:  2.556E-06   Iter/sec:  8.562E-01
 Iteration:  00000004   DeltaT:  2.556E-06   Iter/sec:  9.146E-01
 Iteration:  00000005   DeltaT:  2.556E-06   Iter/sec:  9.260E-01
 Iteration:  00000006   DeltaT:  2.556E-06   Iter/sec:  9.174E-01
 Iteration:  00000007   DeltaT:  2.556E-06   Iter/sec:  9.244E-01
 Iteration:  00000008   DeltaT:  2.556E-06   Iter/sec:  9.172E-01
 Iteration:  00000009   DeltaT:  2.556E-06   Iter/sec:  9.158E-01
 Iteration:  00000010   DeltaT:  2.556E-06   Iter/sec:  9.021E-01
 Iteration:  00000011   DeltaT:  2.556E-06   Iter/sec:  9.063E-01
 Iteration:  00000012   DeltaT:  2.556E-06   Iter/sec:  9.265E-01
 Iteration:  00000013   DeltaT:  2.556E-06   Iter/sec:  9.192E-01
 Iteration:  00000014   DeltaT:  2.556E-06   Iter/sec:  9.321E-01
 Iteration:  00000015   DeltaT:  2.556E-06   Iter/sec:  9.108E-01
 Iteration:  00000016   DeltaT:  2.556E-06   Iter/sec:  9.112E-01
 Iteration:  00000017   DeltaT:  2.556E-06   Iter/sec:  9.283E-01
 Iteration:  00000018   DeltaT:  2.556E-06   Iter/sec:  9.278E-01
 Iteration:  00000019   DeltaT:  2.556E-06   Iter/sec:  9.158E-01
 Iteration:  00000020   DeltaT:  2.556E-06   Iter/sec:  8.953E-01
 Iteration:  00000021   DeltaT:  2.556E-06   Iter/sec:  9.381E-01
 Iteration:  00000022   DeltaT:  2.556E-06   Iter/sec:  9.221E-01
 Iteration:  00000023   DeltaT:  2.556E-06   Iter/sec:  9.158E-01
 Iteration:  00000024   DeltaT:  2.556E-06   Iter/sec:  9.298E-01
 Iteration:  00000025   DeltaT:  2.556E-06   Iter/sec:  9.324E-01
 Iteration:  00000026   DeltaT:  2.556E-06   Iter/sec:  9.098E-01
 Iteration:  00000027   DeltaT:  2.556E-06   Iter/sec:  9.259E-01
 Iteration:  00000028   DeltaT:  2.556E-06   Iter/sec:  9.149E-01
 Iteration:  00000029   DeltaT:  2.556E-06   Iter/sec:  9.101E-01
 Iteration:  00000030   DeltaT:  2.556E-06   Iter/sec:  9.104E-01
 Iteration:  00000031   DeltaT:  2.556E-06   Iter/sec:  9.208E-01
 Iteration:  00000032   DeltaT:  2.556E-06   Iter/sec:  9.186E-01
 Iteration:  00000033   DeltaT:  2.556E-06   Iter/sec:  9.309E-01
 Iteration:  00000034   DeltaT:  2.556E-06   Iter/sec:  9.146E-01
 Iteration:  00000035   DeltaT:  2.556E-06   Iter/sec:  9.181E-01
 Iteration:  00000036   DeltaT:  2.556E-06   Iter/sec:  9.125E-01
 Iteration:  00000037   DeltaT:  2.556E-06   Iter/sec:  9.169E-01
 Iteration:  00000038   DeltaT:  2.556E-06   Iter/sec:  9.183E-01
 Iteration:  00000039   DeltaT:  2.556E-06   Iter/sec:  9.287E-01
 Iteration:  00000040   DeltaT:  2.556E-06   Iter/sec:  9.345E-01
 Iteration:  00000041   DeltaT:  2.556E-06   Iter/sec:  9.189E-01
 Iteration:  00000042   DeltaT:  2.556E-06   Iter/sec:  9.162E-01
 Iteration:  00000043   DeltaT:  2.556E-06   Iter/sec:  9.041E-01
 Iteration:  00000044   DeltaT:  2.556E-06   Iter/sec:  9.120E-01
 Iteration:  00000045   DeltaT:  2.556E-06   Iter/sec:  9.150E-01
 Iteration:  00000046   DeltaT:  2.556E-06   Iter/sec:  9.132E-01
 Iteration:  00000047   DeltaT:  2.556E-06   Iter/sec:  9.100E-01
 Iteration:  00000048   DeltaT:  2.556E-06   Iter/sec:  9.148E-01
 Iteration:  00000049   DeltaT:  2.556E-06   Iter/sec:  8.990E-01
 Iteration:  00000050   DeltaT:  2.556E-06   Iter/sec:  9.213E-01


//////////////////////////////////////////////
   Measured Timings for Process 0  (seconds)

 Elapsed time:        54.6478
  Column time:         7.4518
     Row time:        19.3965
Legendre time:         6.5275
     FFT time:         3.9381
   Solve time:         1.2053
    rlma time:         1.1181
    rlmb time:         0.5619
  pspace time:         6.9724
  psolve time:         6.3956
    dphi time:         0.2598
captured time:        53.8269

     iter/sec:         0.9149
//////////////////////////////////////////////
