 //////////////////////////////////////
 Initializating Rayleigh...

 -- Initalizing MPI...
 ---- Specified parameters:
 ---- NCPU  :     64
 ---- NPROW :      8
 ---- NPCOL :      8
 -- MPI initialized.


 -- Initalizing Grid...
 ---- Specified parameters ----
 ---- N_R                 :     64
 ---- N_THETA             :    384
 ---- Ell_MAX             :    255
 ---- R_MIN               :  5.38462E-01
 ---- R_MAX               :  1.53846E+00
 ---- Chebyshev Domains   :      1

        Domain 1
          Grid points           :  64
          Dealiased Polynomials :  42
          Domain Lower Bound    :  5.38462E-01
          Domain Upper Bound    :  1.53846E+00

 -- Grid initialized.

 -- Initalizing Reference State...
 ---- Specified parameters:
 ---- Reference type           :  Boussinesq (Non-dimensional)
 ---- Rayleigh Number          :  1.00000E+05
 ---- Ekman Number             :  1.00000E-03
 ---- Prandtl Number           :  1.00000E+00
 ---- Magnetic Prandtl Number  :  5.00000E+00
 -- Reference State initialized.

 -- Initializing Fields...
 ---- Specified parameters:
 ---- Hydro Init Type    : Benchmark (Christensen et al. 2001)
 ---- Magnetic Init Type : Benchmark (Christensen et al. 2001)
 -- Fields initialized.

 Initialization Complete.
 //////////////////////////////////////

 Timestep has changed from  0.00000E+00 to  1.00000E-04.
 Iteration:  00000001   DeltaT:  1.000E-04   Iter/sec:  0.000E+00
 Timestep has changed from  1.00000E-04 to  1.02211E-05.
 Iteration:  00000002   DeltaT:  1.022E-05   Iter/sec:  1.084E+00
 Iteration:  00000003   DeltaT:  1.022E-05   Iter/sec:  1.787E+00
 Iteration:  00000004   DeltaT:  1.022E-05   Iter/sec:  1.882E+00
 Iteration:  00000005   DeltaT:  1.022E-05   Iter/sec:  1.912E+00
 Iteration:  00000006   DeltaT:  1.022E-05   Iter/sec:  1.869E+00
 Iteration:  00000007   DeltaT:  1.022E-05   Iter/sec:  1.905E+00
 Iteration:  00000008   DeltaT:  1.022E-05   Iter/sec:  1.974E+00
 Iteration:  00000009   DeltaT:  1.022E-05   Iter/sec:  1.981E+00
 Iteration:  00000010   DeltaT:  1.022E-05   Iter/sec:  1.970E+00
 Iteration:  00000011   DeltaT:  1.022E-05   Iter/sec:  1.896E+00
 Iteration:  00000012   DeltaT:  1.022E-05   Iter/sec:  1.925E+00
 Iteration:  00000013   DeltaT:  1.022E-05   Iter/sec:  1.953E+00
 Iteration:  00000014   DeltaT:  1.022E-05   Iter/sec:  1.855E+00
 Iteration:  00000015   DeltaT:  1.022E-05   Iter/sec:  1.904E+00
 Iteration:  00000016   DeltaT:  1.022E-05   Iter/sec:  1.898E+00
 Iteration:  00000017   DeltaT:  1.022E-05   Iter/sec:  1.931E+00
 Iteration:  00000018   DeltaT:  1.022E-05   Iter/sec:  1.960E+00
 Iteration:  00000019   DeltaT:  1.022E-05   Iter/sec:  1.993E+00
 Iteration:  00000020   DeltaT:  1.022E-05   Iter/sec:  1.966E+00
 Iteration:  00000021   DeltaT:  1.022E-05   Iter/sec:  1.901E+00
 Iteration:  00000022   DeltaT:  1.022E-05   Iter/sec:  1.904E+00
 Iteration:  00000023   DeltaT:  1.022E-05   Iter/sec:  1.964E+00
 Iteration:  00000024   DeltaT:  1.022E-05   Iter/sec:  1.921E+00
 Iteration:  00000025   DeltaT:  1.022E-05   Iter/sec:  1.923E+00
 Iteration:  00000026   DeltaT:  1.022E-05   Iter/sec:  1.916E+00
 Iteration:  00000027   DeltaT:  1.022E-05   Iter/sec:  1.927E+00
 Iteration:  00000028   DeltaT:  1.022E-05   Iter/sec:  1.898E+00
 Iteration:  00000029   DeltaT:  1.022E-05   Iter/sec:  1.883E+00
 Iteration:  00000030   DeltaT:  1.022E-05   Iter/sec:  2.009E+00
 Iteration:  00000031   DeltaT:  1.022E-05   Iter/sec:  1.942E+00
 Iteration:  00000032   DeltaT:  1.022E-05   Iter/sec:  1.916E+00
 Iteration:  00000033   DeltaT:  1.022E-05   Iter/sec:  1.954E+00
 Iteration:  00000034   DeltaT:  1.022E-05   Iter/sec:  1.919E+00
 Iteration:  00000035   DeltaT:  1.022E-05   Iter/sec:  1.942E+00
 Iteration:  00000036   DeltaT:  1.022E-05   Iter/sec:  1.941E+00
 Iteration:  00000037   DeltaT:  1.022E-05   Iter/sec:  1.920E+00
 Iteration:  00000038   DeltaT:  1.022E-05   Iter/sec:  1.956E+00
 Iteration:  00000039   DeltaT:  1.022E-05   Iter/sec:  1.869E+00
 Iteration:  00000040   DeltaT:  1.022E-05   Iter/sec:  1.887E+00
 Iteration:  00000041   DeltaT:  1.022E-05   Iter/sec:  1.938E+00
 Iteration:  00000042   DeltaT:  1.022E-05   Iter/sec:  1.999E+00
 Iteration:  00000043   DeltaT:  1.022E-05   Iter/sec:  1.970E+00
 Iteration:  00000044   DeltaT:  1.022E-05   Iter/sec:  1.963E+00
 Iteration:  00000045   DeltaT:  1.022E-05   Iter/sec:  1.908E+00
 Iteration:  00000046   DeltaT:  1.022E-05   Iter/sec:  1.951E+00
 Iteration:  00000047   DeltaT:  1.022E-05   Iter/sec:  1.931E+00
 Iteration:  00000048   DeltaT:  1.022E-05   Iter/sec:  1.965E+00
 Iteration:  00000049   DeltaT:  1.022E-05   Iter/sec:  1.992E+00
 Iteration:  00000050   DeltaT:  1.022E-05   Iter/sec:  1.972E+00


//////////////////////////////////////////////
   Measured Timings for Process 0  (seconds)

 Elapsed time:        25.9094
  Column time:         3.3573
     Row time:         9.3113
Legendre time:         3.1977
     FFT time:         1.9558
   Solve time:         0.3918
    rlma time:         0.3993
    rlmb time:         0.1760
  pspace time:         3.8015
  psolve time:         2.8256
    dphi time:         0.1701
captured time:        25.5864

     iter/sec:         1.9298
//////////////////////////////////////////////
