 //////////////////////////////////////
 Initializating Rayleigh...

 -- Initalizing MPI...
 ---- Specified parameters:
 ---- NCPU  :    512
 ---- NPROW :     32
 ---- NPCOL :     16
 -- MPI initialized.


 -- Initalizing Grid...
 ---- Specified parameters ----
 ---- N_R                 :    128
 ---- N_THETA             :    192
 ---- Ell_MAX             :    127
 ---- R_MIN               :  5.38462E-01
 ---- R_MAX               :  1.53846E+00
 ---- Chebyshev Domains   :      1

        Domain 1
          Grid points           :  128
          Dealiased Polynomials :  85
          Domain Lower Bound    :  5.38462E-01
          Domain Upper Bound    :  1.53846E+00

 -- Grid initialized.

 -- Initalizing Reference State...
 ---- Specified parameters:
 ---- Reference type           :  Boussinesq (Non-dimensional)
 ---- Rayleigh Number          :  1.00000E+05
 ---- Ekman Number             :  1.00000E-03
 ---- Prandtl Number           :  1.00000E+00
 ---- Magnetic Prandtl Number  :  5.00000E+00
 -- Reference State initialized.

 -- Initializing Fields...
 ---- Specified parameters:
 ---- Hydro Init Type    : Benchmark (Christensen et al. 2001)
 ---- Magnetic Init Type : Benchmark (Christensen et al. 2001)
 -- Fields initialized.

 Initialization Complete.
 //////////////////////////////////////

 Timestep has changed from  0.00000E+00 to  1.00000E-04.
 Iteration:  00000001   DeltaT:  1.000E-04   Iter/sec:  0.000E+00
 Timestep has changed from  1.00000E-04 to  2.55581E-06.
 Iteration:  00000002   DeltaT:  2.556E-06   Iter/sec:  5.304E+00
 Iteration:  00000003   DeltaT:  2.556E-06   Iter/sec:  1.286E+01
 Iteration:  00000004   DeltaT:  2.556E-06   Iter/sec:  3.161E+01
 Iteration:  00000005   DeltaT:  2.556E-06   Iter/sec:  3.424E+01
 Iteration:  00000006   DeltaT:  2.556E-06   Iter/sec:  3.397E+01
 Iteration:  00000007   DeltaT:  2.556E-06   Iter/sec:  3.515E+01
 Iteration:  00000008   DeltaT:  2.556E-06   Iter/sec:  3.453E+01
 Iteration:  00000009   DeltaT:  2.556E-06   Iter/sec:  3.288E+01
 Iteration:  00000010   DeltaT:  2.556E-06   Iter/sec:  3.538E+01
 Iteration:  00000011   DeltaT:  2.556E-06   Iter/sec:  3.393E+01
 Iteration:  00000012   DeltaT:  2.556E-06   Iter/sec:  3.372E+01
 Iteration:  00000013   DeltaT:  2.556E-06   Iter/sec:  3.396E+01
 Iteration:  00000014   DeltaT:  2.556E-06   Iter/sec:  3.422E+01
 Iteration:  00000015   DeltaT:  2.556E-06   Iter/sec:  3.455E+01
 Iteration:  00000016   DeltaT:  2.556E-06   Iter/sec:  3.308E+01
 Iteration:  00000017   DeltaT:  2.556E-06   Iter/sec:  3.406E+01
 Iteration:  00000018   DeltaT:  2.556E-06   Iter/sec:  3.421E+01
 Iteration:  00000019   DeltaT:  2.556E-06   Iter/sec:  3.501E+01
 Iteration:  00000020   DeltaT:  2.556E-06   Iter/sec:  3.479E+01
 Iteration:  00000021   DeltaT:  2.556E-06   Iter/sec:  3.415E+01
 Iteration:  00000022   DeltaT:  2.556E-06   Iter/sec:  3.506E+01
 Iteration:  00000023   DeltaT:  2.556E-06   Iter/sec:  3.393E+01
 Iteration:  00000024   DeltaT:  2.556E-06   Iter/sec:  3.443E+01
 Iteration:  00000025   DeltaT:  2.556E-06   Iter/sec:  3.398E+01
 Iteration:  00000026   DeltaT:  2.556E-06   Iter/sec:  3.378E+01
 Iteration:  00000027   DeltaT:  2.556E-06   Iter/sec:  3.476E+01
 Iteration:  00000028   DeltaT:  2.556E-06   Iter/sec:  3.407E+01
 Iteration:  00000029   DeltaT:  2.556E-06   Iter/sec:  3.532E+01
 Iteration:  00000030   DeltaT:  2.556E-06   Iter/sec:  3.433E+01
 Iteration:  00000031   DeltaT:  2.556E-06   Iter/sec:  3.310E+01
 Iteration:  00000032   DeltaT:  2.556E-06   Iter/sec:  3.440E+01
 Iteration:  00000033   DeltaT:  2.556E-06   Iter/sec:  3.416E+01
 Iteration:  00000034   DeltaT:  2.556E-06   Iter/sec:  3.344E+01
 Iteration:  00000035   DeltaT:  2.556E-06   Iter/sec:  3.498E+01
 Iteration:  00000036   DeltaT:  2.556E-06   Iter/sec:  3.403E+01
 Iteration:  00000037   DeltaT:  2.556E-06   Iter/sec:  3.412E+01
 Iteration:  00000038   DeltaT:  2.556E-06   Iter/sec:  3.465E+01
 Iteration:  00000039   DeltaT:  2.556E-06   Iter/sec:  3.395E+01
 Iteration:  00000040   DeltaT:  2.556E-06   Iter/sec:  3.299E+01
 Iteration:  00000041   DeltaT:  2.556E-06   Iter/sec:  3.456E+01
 Iteration:  00000042   DeltaT:  2.556E-06   Iter/sec:  3.400E+01
 Iteration:  00000043   DeltaT:  2.556E-06   Iter/sec:  3.490E+01
 Iteration:  00000044   DeltaT:  2.556E-06   Iter/sec:  3.513E+01
 Iteration:  00000045   DeltaT:  2.556E-06   Iter/sec:  3.317E+01
 Iteration:  00000046   DeltaT:  2.556E-06   Iter/sec:  3.287E+01
 Iteration:  00000047   DeltaT:  2.556E-06   Iter/sec:  3.513E+01
 Iteration:  00000048   DeltaT:  2.556E-06   Iter/sec:  3.422E+01
 Iteration:  00000049   DeltaT:  2.556E-06   Iter/sec:  3.333E+01
 Iteration:  00000050   DeltaT:  2.556E-06   Iter/sec:  3.488E+01


//////////////////////////////////////////////
   Measured Timings for Process 0  (seconds)

 Elapsed time:         1.5577
  Column time:         0.2821
     Row time:         0.6202
Legendre time:         0.0955
     FFT time:         0.0860
   Solve time:         0.1871
    rlma time:         0.0219
    rlmb time:         0.0088
  pspace time:         0.0630
  psolve time:         0.1688
    dphi time:         0.0057
captured time:         1.5392

     iter/sec:        32.0984
//////////////////////////////////////////////
