 //////////////////////////////////////
 Initializating Rayleigh...

 -- Initalizing MPI...
 ---- Specified parameters:
 ---- NCPU  :    256
 ---- NPROW :     32
 ---- NPCOL :      8
 -- MPI initialized.


 -- Initalizing Grid...
 ---- Specified parameters ----
 ---- N_R                 :     64
 ---- N_THETA             :   1536
 ---- Ell_MAX             :   1023
 ---- R_MIN               :  5.38462E-01
 ---- R_MAX               :  1.53846E+00
 ---- Chebyshev Domains   :      1

        Domain 1
          Grid points           :  64
          Dealiased Polynomials :  42
          Domain Lower Bound    :  5.38462E-01
          Domain Upper Bound    :  1.53846E+00

 -- Grid initialized.

 -- Initalizing Reference State...
 ---- Specified parameters:
 ---- Reference type           :  Boussinesq (Non-dimensional)
 ---- Rayleigh Number          :  1.00000E+05
 ---- Ekman Number             :  1.00000E-03
 ---- Prandtl Number           :  1.00000E+00
 ---- Magnetic Prandtl Number  :  5.00000E+00
 -- Reference State initialized.

 -- Initializing Fields...
 ---- Specified parameters:
 ---- Hydro Init Type    : Benchmark (Christensen et al. 2001)
 ---- Magnetic Init Type : Benchmark (Christensen et al. 2001)
 -- Fields initialized.

 Initialization Complete.
 //////////////////////////////////////

 Timestep has changed from  0.00000E+00 to  1.00000E-04.
 Iteration:  00000001   DeltaT:  1.000E-04   Iter/sec:  0.000E+00
 Timestep has changed from  1.00000E-04 to  4.46409E-06.
 Iteration:  00000002   DeltaT:  4.464E-06   Iter/sec:  1.459E-01
 Iteration:  00000003   DeltaT:  4.464E-06   Iter/sec:  3.472E-01
 Iteration:  00000004   DeltaT:  4.464E-06   Iter/sec:  3.335E-01
 Iteration:  00000005   DeltaT:  4.464E-06   Iter/sec:  3.634E-01
 Iteration:  00000006   DeltaT:  4.464E-06   Iter/sec:  3.208E-01
 Iteration:  00000007   DeltaT:  4.464E-06   Iter/sec:  3.591E-01
 Iteration:  00000008   DeltaT:  4.464E-06   Iter/sec:  3.610E-01
 Iteration:  00000009   DeltaT:  4.464E-06   Iter/sec:  3.325E-01
 Iteration:  00000010   DeltaT:  4.464E-06   Iter/sec:  3.709E-01
 Iteration:  00000011   DeltaT:  4.464E-06   Iter/sec:  3.455E-01
 Iteration:  00000012   DeltaT:  4.464E-06   Iter/sec:  3.523E-01
 Iteration:  00000013   DeltaT:  4.464E-06   Iter/sec:  3.445E-01
 Iteration:  00000014   DeltaT:  4.464E-06   Iter/sec:  3.571E-01
 Iteration:  00000015   DeltaT:  4.464E-06   Iter/sec:  3.523E-01
 Iteration:  00000016   DeltaT:  4.464E-06   Iter/sec:  3.510E-01
 Iteration:  00000017   DeltaT:  4.464E-06   Iter/sec:  3.543E-01
 Iteration:  00000018   DeltaT:  4.464E-06   Iter/sec:  3.239E-01
 Iteration:  00000019   DeltaT:  4.464E-06   Iter/sec:  3.588E-01
 Iteration:  00000020   DeltaT:  4.464E-06   Iter/sec:  3.523E-01
 Iteration:  00000021   DeltaT:  4.464E-06   Iter/sec:  3.166E-01
 Iteration:  00000022   DeltaT:  4.464E-06   Iter/sec:  3.650E-01
 Iteration:  00000023   DeltaT:  4.464E-06   Iter/sec:  3.312E-01
 Iteration:  00000024   DeltaT:  4.464E-06   Iter/sec:  3.499E-01
 Iteration:  00000025   DeltaT:  4.464E-06   Iter/sec:  3.588E-01
 Iteration:  00000026   DeltaT:  4.464E-06   Iter/sec:  3.550E-01
 Iteration:  00000027   DeltaT:  4.464E-06   Iter/sec:  3.556E-01
 Iteration:  00000028   DeltaT:  4.464E-06   Iter/sec:  3.557E-01
 Iteration:  00000029   DeltaT:  4.464E-06   Iter/sec:  3.494E-01
 Iteration:  00000030   DeltaT:  4.464E-06   Iter/sec:  3.540E-01
 Iteration:  00000031   DeltaT:  4.464E-06   Iter/sec:  3.517E-01
 Iteration:  00000032   DeltaT:  4.464E-06   Iter/sec:  3.626E-01
 Iteration:  00000033   DeltaT:  4.464E-06   Iter/sec:  3.426E-01
 Iteration:  00000034   DeltaT:  4.464E-06   Iter/sec:  3.546E-01
 Iteration:  00000035   DeltaT:  4.464E-06   Iter/sec:  3.524E-01
 Iteration:  00000036   DeltaT:  4.464E-06   Iter/sec:  3.412E-01
 Iteration:  00000037   DeltaT:  4.464E-06   Iter/sec:  3.561E-01
 Iteration:  00000038   DeltaT:  4.464E-06   Iter/sec:  3.626E-01
 Iteration:  00000039   DeltaT:  4.464E-06   Iter/sec:  3.429E-01
 Iteration:  00000040   DeltaT:  4.464E-06   Iter/sec:  3.312E-01
 Iteration:  00000041   DeltaT:  4.464E-06   Iter/sec:  3.572E-01
 Iteration:  00000042   DeltaT:  4.464E-06   Iter/sec:  3.265E-01
 Iteration:  00000043   DeltaT:  4.464E-06   Iter/sec:  3.624E-01
 Iteration:  00000044   DeltaT:  4.464E-06   Iter/sec:  3.619E-01
 Iteration:  00000045   DeltaT:  4.464E-06   Iter/sec:  3.082E-01
 Iteration:  00000046   DeltaT:  4.464E-06   Iter/sec:  3.691E-01
 Iteration:  00000047   DeltaT:  4.464E-06   Iter/sec:  3.485E-01
 Iteration:  00000048   DeltaT:  4.464E-06   Iter/sec:  3.400E-01
 Iteration:  00000049   DeltaT:  4.464E-06   Iter/sec:  3.569E-01
 Iteration:  00000050   DeltaT:  4.464E-06   Iter/sec:  3.143E-01


//////////////////////////////////////////////
   Measured Timings for Process 0  (seconds)

 Elapsed time:       143.8385
  Column time:        18.5855
     Row time:        59.0622
Legendre time:        26.8752
     FFT time:         7.4650
   Solve time:         1.4636
    rlma time:         2.6514
    rlmb time:         1.2281
  pspace time:        12.0896
  psolve time:        12.1540
    dphi time:         0.4618
captured time:       142.0363

     iter/sec:         0.3476
//////////////////////////////////////////////
