 //////////////////////////////////////
 Initializating Rayleigh...

 -- Initalizing MPI...
 ---- Specified parameters:
 ---- NCPU  :    256
 ---- NPROW :     16
 ---- NPCOL :     16
 -- MPI initialized.


 -- Initalizing Grid...
 ---- Specified parameters ----
 ---- N_R                 :     64
 ---- N_THETA             :    192
 ---- Ell_MAX             :    127
 ---- R_MIN               :  5.38462E-01
 ---- R_MAX               :  1.53846E+00
 ---- Chebyshev Domains   :      1

        Domain 1
          Grid points           :  64
          Dealiased Polynomials :  42
          Domain Lower Bound    :  5.38462E-01
          Domain Upper Bound    :  1.53846E+00

 -- Grid initialized.

 -- Initalizing Reference State...
 ---- Specified parameters:
 ---- Reference type           :  Boussinesq (Non-dimensional)
 ---- Rayleigh Number          :  1.00000E+05
 ---- Ekman Number             :  1.00000E-03
 ---- Prandtl Number           :  1.00000E+00
 ---- Magnetic Prandtl Number  :  5.00000E+00
 -- Reference State initialized.

 -- Initializing Fields...
 ---- Specified parameters:
 ---- Hydro Init Type    : Benchmark (Christensen et al. 2001)
 ---- Magnetic Init Type : Benchmark (Christensen et al. 2001)
 -- Fields initialized.

 Initialization Complete.
 //////////////////////////////////////

 Timestep has changed from  0.00000E+00 to  1.00000E-04.
 Iteration:  00000001   DeltaT:  1.000E-04   Iter/sec:  0.000E+00
 Timestep has changed from  1.00000E-04 to  1.02217E-05.
 Iteration:  00000002   DeltaT:  1.022E-05   Iter/sec:  2.215E+00
 Iteration:  00000003   DeltaT:  1.022E-05   Iter/sec:  2.839E+01
 Iteration:  00000004   DeltaT:  1.022E-05   Iter/sec:  3.896E+01
 Iteration:  00000005   DeltaT:  1.022E-05   Iter/sec:  3.937E+01
 Iteration:  00000006   DeltaT:  1.022E-05   Iter/sec:  4.103E+01
 Iteration:  00000007   DeltaT:  1.022E-05   Iter/sec:  4.132E+01
 Iteration:  00000008   DeltaT:  1.022E-05   Iter/sec:  4.030E+01
 Iteration:  00000009   DeltaT:  1.022E-05   Iter/sec:  4.014E+01
 Iteration:  00000010   DeltaT:  1.022E-05   Iter/sec:  4.036E+01
 Iteration:  00000011   DeltaT:  1.022E-05   Iter/sec:  3.935E+01
 Iteration:  00000012   DeltaT:  1.022E-05   Iter/sec:  3.085E+01
 Iteration:  00000013   DeltaT:  1.022E-05   Iter/sec:  4.128E+01
 Iteration:  00000014   DeltaT:  1.022E-05   Iter/sec:  4.014E+01
 Iteration:  00000015   DeltaT:  1.022E-05   Iter/sec:  4.020E+01
 Iteration:  00000016   DeltaT:  1.022E-05   Iter/sec:  3.931E+01
 Iteration:  00000017   DeltaT:  1.022E-05   Iter/sec:  4.077E+01
 Iteration:  00000018   DeltaT:  1.022E-05   Iter/sec:  4.126E+01
 Iteration:  00000019   DeltaT:  1.022E-05   Iter/sec:  2.231E+01
 Iteration:  00000020   DeltaT:  1.022E-05   Iter/sec:  1.841E+01
 Iteration:  00000021   DeltaT:  1.022E-05   Iter/sec:  2.482E+01
 Iteration:  00000022   DeltaT:  1.022E-05   Iter/sec:  4.197E+01
 Iteration:  00000023   DeltaT:  1.022E-05   Iter/sec:  4.135E+01
 Iteration:  00000024   DeltaT:  1.022E-05   Iter/sec:  4.056E+01
 Iteration:  00000025   DeltaT:  1.022E-05   Iter/sec:  4.070E+01
 Iteration:  00000026   DeltaT:  1.022E-05   Iter/sec:  4.110E+01
 Iteration:  00000027   DeltaT:  1.022E-05   Iter/sec:  4.100E+01
 Iteration:  00000028   DeltaT:  1.022E-05   Iter/sec:  4.125E+01
 Iteration:  00000029   DeltaT:  1.022E-05   Iter/sec:  3.879E+01
 Iteration:  00000030   DeltaT:  1.022E-05   Iter/sec:  4.165E+01
 Iteration:  00000031   DeltaT:  1.022E-05   Iter/sec:  4.166E+01
 Iteration:  00000032   DeltaT:  1.022E-05   Iter/sec:  3.519E+01
 Iteration:  00000033   DeltaT:  1.022E-05   Iter/sec:  4.271E+01
 Iteration:  00000034   DeltaT:  1.022E-05   Iter/sec:  4.212E+01
 Iteration:  00000035   DeltaT:  1.022E-05   Iter/sec:  4.159E+01
 Iteration:  00000036   DeltaT:  1.022E-05   Iter/sec:  4.044E+01
 Iteration:  00000037   DeltaT:  1.022E-05   Iter/sec:  4.176E+01
 Iteration:  00000038   DeltaT:  1.022E-05   Iter/sec:  4.093E+01
 Iteration:  00000039   DeltaT:  1.022E-05   Iter/sec:  4.076E+01
 Iteration:  00000040   DeltaT:  1.022E-05   Iter/sec:  3.294E+01
 Iteration:  00000041   DeltaT:  1.022E-05   Iter/sec:  3.535E+01
 Iteration:  00000042   DeltaT:  1.022E-05   Iter/sec:  4.039E+01
 Iteration:  00000043   DeltaT:  1.022E-05   Iter/sec:  3.960E+01
 Iteration:  00000044   DeltaT:  1.022E-05   Iter/sec:  3.968E+01
 Iteration:  00000045   DeltaT:  1.022E-05   Iter/sec:  4.184E+01
 Iteration:  00000046   DeltaT:  1.022E-05   Iter/sec:  4.070E+01
 Iteration:  00000047   DeltaT:  1.022E-05   Iter/sec:  4.029E+01
 Iteration:  00000048   DeltaT:  1.022E-05   Iter/sec:  1.858E+01
 Iteration:  00000049   DeltaT:  1.022E-05   Iter/sec:  2.530E+01
 Iteration:  00000050   DeltaT:  1.022E-05   Iter/sec:  2.440E+01


//////////////////////////////////////////////
   Measured Timings for Process 0  (seconds)

 Elapsed time:         3.5001
  Column time:         0.6323
     Row time:         0.3592
Legendre time:         0.1148
     FFT time:         0.0980
   Solve time:         0.0712
    rlma time:         0.0255
    rlmb time:         0.0095
  pspace time:         0.1170
  psolve time:         0.0957
    dphi time:         0.0101
captured time:         1.5334

     iter/sec:        13.9997
//////////////////////////////////////////////
