 //////////////////////////////////////
 Initializating Rayleigh...

 -- Initalizing MPI...
 ---- Specified parameters:
 ---- NCPU  :    512
 ---- NPROW :     32
 ---- NPCOL :     16
 -- MPI initialized.


 -- Initalizing Grid...
 ---- Specified parameters ----
 ---- N_R                 :     64
 ---- N_THETA             :   1536
 ---- Ell_MAX             :   1023
 ---- R_MIN               :  5.38462E-01
 ---- R_MAX               :  1.53846E+00
 ---- Chebyshev Domains   :      1

        Domain 1
          Grid points           :  64
          Dealiased Polynomials :  42
          Domain Lower Bound    :  5.38462E-01
          Domain Upper Bound    :  1.53846E+00

 -- Grid initialized.

 -- Initalizing Reference State...
 ---- Specified parameters:
 ---- Reference type           :  Boussinesq (Non-dimensional)
 ---- Rayleigh Number          :  1.00000E+05
 ---- Ekman Number             :  1.00000E-03
 ---- Prandtl Number           :  1.00000E+00
 ---- Magnetic Prandtl Number  :  5.00000E+00
 -- Reference State initialized.

 -- Initializing Fields...
 ---- Specified parameters:
 ---- Hydro Init Type    : Benchmark (Christensen et al. 2001)
 ---- Magnetic Init Type : Benchmark (Christensen et al. 2001)
 -- Fields initialized.

 Initialization Complete.
 //////////////////////////////////////

 Timestep has changed from  0.00000E+00 to  1.00000E-04.
 Iteration:  00000001   DeltaT:  1.000E-04   Iter/sec:  0.000E+00
 Timestep has changed from  1.00000E-04 to  4.46409E-06.
 Iteration:  00000002   DeltaT:  4.464E-06   Iter/sec:  1.835E-01
 Iteration:  00000003   DeltaT:  4.464E-06   Iter/sec:  6.232E-01
 Iteration:  00000004   DeltaT:  4.464E-06   Iter/sec:  6.427E-01
 Iteration:  00000005   DeltaT:  4.464E-06   Iter/sec:  6.293E-01
 Iteration:  00000006   DeltaT:  4.464E-06   Iter/sec:  6.465E-01
 Iteration:  00000007   DeltaT:  4.464E-06   Iter/sec:  6.385E-01
 Iteration:  00000008   DeltaT:  4.464E-06   Iter/sec:  6.164E-01
 Iteration:  00000009   DeltaT:  4.464E-06   Iter/sec:  6.377E-01
 Iteration:  00000010   DeltaT:  4.464E-06   Iter/sec:  6.374E-01
 Iteration:  00000011   DeltaT:  4.464E-06   Iter/sec:  6.206E-01
 Iteration:  00000012   DeltaT:  4.464E-06   Iter/sec:  6.562E-01
 Iteration:  00000013   DeltaT:  4.464E-06   Iter/sec:  6.445E-01
 Iteration:  00000014   DeltaT:  4.464E-06   Iter/sec:  6.332E-01
 Iteration:  00000015   DeltaT:  4.464E-06   Iter/sec:  6.777E-01
 Iteration:  00000016   DeltaT:  4.464E-06   Iter/sec:  6.268E-01
 Iteration:  00000017   DeltaT:  4.464E-06   Iter/sec:  6.382E-01
 Iteration:  00000018   DeltaT:  4.464E-06   Iter/sec:  6.464E-01
 Iteration:  00000019   DeltaT:  4.464E-06   Iter/sec:  6.232E-01
 Iteration:  00000020   DeltaT:  4.464E-06   Iter/sec:  6.460E-01
 Iteration:  00000021   DeltaT:  4.464E-06   Iter/sec:  6.587E-01
 Iteration:  00000022   DeltaT:  4.464E-06   Iter/sec:  6.593E-01
 Iteration:  00000023   DeltaT:  4.464E-06   Iter/sec:  6.323E-01
 Iteration:  00000024   DeltaT:  4.464E-06   Iter/sec:  6.496E-01
 Iteration:  00000025   DeltaT:  4.464E-06   Iter/sec:  6.182E-01
 Iteration:  00000026   DeltaT:  4.464E-06   Iter/sec:  6.327E-01
 Iteration:  00000027   DeltaT:  4.464E-06   Iter/sec:  6.480E-01
 Iteration:  00000028   DeltaT:  4.464E-06   Iter/sec:  6.655E-01
 Iteration:  00000029   DeltaT:  4.464E-06   Iter/sec:  6.347E-01
 Iteration:  00000030   DeltaT:  4.464E-06   Iter/sec:  6.303E-01
 Iteration:  00000031   DeltaT:  4.464E-06   Iter/sec:  6.594E-01
 Iteration:  00000032   DeltaT:  4.464E-06   Iter/sec:  6.301E-01
 Iteration:  00000033   DeltaT:  4.464E-06   Iter/sec:  5.968E-01
 Iteration:  00000034   DeltaT:  4.464E-06   Iter/sec:  6.507E-01
 Iteration:  00000035   DeltaT:  4.464E-06   Iter/sec:  6.167E-01
 Iteration:  00000036   DeltaT:  4.464E-06   Iter/sec:  6.909E-01
 Iteration:  00000037   DeltaT:  4.464E-06   Iter/sec:  6.405E-01
 Iteration:  00000038   DeltaT:  4.464E-06   Iter/sec:  6.549E-01
 Iteration:  00000039   DeltaT:  4.464E-06   Iter/sec:  6.358E-01
 Iteration:  00000040   DeltaT:  4.464E-06   Iter/sec:  6.148E-01
 Iteration:  00000041   DeltaT:  4.464E-06   Iter/sec:  6.472E-01
 Iteration:  00000042   DeltaT:  4.464E-06   Iter/sec:  6.433E-01
 Iteration:  00000043   DeltaT:  4.464E-06   Iter/sec:  6.359E-01
 Iteration:  00000044   DeltaT:  4.464E-06   Iter/sec:  6.463E-01
 Iteration:  00000045   DeltaT:  4.464E-06   Iter/sec:  6.671E-01
 Iteration:  00000046   DeltaT:  4.464E-06   Iter/sec:  6.357E-01
 Iteration:  00000047   DeltaT:  4.464E-06   Iter/sec:  6.802E-01
 Iteration:  00000048   DeltaT:  4.464E-06   Iter/sec:  6.504E-01
 Iteration:  00000049   DeltaT:  4.464E-06   Iter/sec:  6.203E-01
 Iteration:  00000050   DeltaT:  4.464E-06   Iter/sec:  6.663E-01


//////////////////////////////////////////////
   Measured Timings for Process 0  (seconds)

 Elapsed time:        96.1923
  Column time:        20.5377
     Row time:        24.0309
Legendre time:        12.3499
     FFT time:         4.1639
   Solve time:         0.7114
    rlma time:         0.7951
    rlmb time:         0.4569
  pspace time:         8.3699
  psolve time:         5.7020
    dphi time:         0.3536
captured time:        77.4713

     iter/sec:         0.5094
//////////////////////////////////////////////
