 //////////////////////////////////////
 Initializating Rayleigh...

 -- Initalizing MPI...
 ---- Specified parameters:
 ---- NCPU  :   1024
 ---- NPROW :     32
 ---- NPCOL :     32
 -- MPI initialized.


 -- Initalizing Grid...
 ---- Specified parameters ----
 ---- N_R                 :    128
 ---- N_THETA             :   1536
 ---- Ell_MAX             :   1023
 ---- R_MIN               :  5.38462E-01
 ---- R_MAX               :  1.53846E+00
 ---- Chebyshev Domains   :      1

        Domain 1
          Grid points           :  128
          Dealiased Polynomials :  85
          Domain Lower Bound    :  5.38462E-01
          Domain Upper Bound    :  1.53846E+00

 -- Grid initialized.

 -- Initalizing Reference State...
 ---- Specified parameters:
 ---- Reference type           :  Boussinesq (Non-dimensional)
 ---- Rayleigh Number          :  1.00000E+05
 ---- Ekman Number             :  1.00000E-03
 ---- Prandtl Number           :  1.00000E+00
 ---- Magnetic Prandtl Number  :  5.00000E+00
 -- Reference State initialized.

 -- Initializing Fields...
 ---- Specified parameters:
 ---- Hydro Init Type    : Benchmark (Christensen et al. 2001)
 ---- Magnetic Init Type : Benchmark (Christensen et al. 2001)
 -- Fields initialized.

 Initialization Complete.
 //////////////////////////////////////

 Timestep has changed from  0.00000E+00 to  1.00000E-04.
 Iteration:  00000001   DeltaT:  1.000E-04   Iter/sec:  0.000E+00
 Timestep has changed from  1.00000E-04 to  2.55561E-06.
 Iteration:  00000002   DeltaT:  2.556E-06   Iter/sec:  1.725E-01
 Iteration:  00000003   DeltaT:  2.556E-06   Iter/sec:  5.371E-01
 Iteration:  00000004   DeltaT:  2.556E-06   Iter/sec:  5.500E-01
 Iteration:  00000005   DeltaT:  2.556E-06   Iter/sec:  5.357E-01
 Iteration:  00000006   DeltaT:  2.556E-06   Iter/sec:  5.467E-01
 Iteration:  00000007   DeltaT:  2.556E-06   Iter/sec:  5.356E-01
 Iteration:  00000008   DeltaT:  2.556E-06   Iter/sec:  5.539E-01
 Iteration:  00000009   DeltaT:  2.556E-06   Iter/sec:  5.585E-01
 Iteration:  00000010   DeltaT:  2.556E-06   Iter/sec:  5.495E-01
 Iteration:  00000011   DeltaT:  2.556E-06   Iter/sec:  5.549E-01
 Iteration:  00000012   DeltaT:  2.556E-06   Iter/sec:  5.546E-01
 Iteration:  00000013   DeltaT:  2.556E-06   Iter/sec:  5.342E-01
 Iteration:  00000014   DeltaT:  2.556E-06   Iter/sec:  5.197E-01
 Iteration:  00000015   DeltaT:  2.556E-06   Iter/sec:  5.530E-01
 Iteration:  00000016   DeltaT:  2.556E-06   Iter/sec:  5.518E-01
 Iteration:  00000017   DeltaT:  2.556E-06   Iter/sec:  5.539E-01
 Iteration:  00000018   DeltaT:  2.556E-06   Iter/sec:  5.535E-01
 Iteration:  00000019   DeltaT:  2.556E-06   Iter/sec:  5.573E-01
 Iteration:  00000020   DeltaT:  2.556E-06   Iter/sec:  5.444E-01
 Iteration:  00000021   DeltaT:  2.556E-06   Iter/sec:  5.551E-01
 Iteration:  00000022   DeltaT:  2.556E-06   Iter/sec:  5.264E-01
 Iteration:  00000023   DeltaT:  2.556E-06   Iter/sec:  5.563E-01
 Iteration:  00000024   DeltaT:  2.556E-06   Iter/sec:  5.519E-01
 Iteration:  00000025   DeltaT:  2.556E-06   Iter/sec:  5.552E-01
 Iteration:  00000026   DeltaT:  2.556E-06   Iter/sec:  5.647E-01
 Iteration:  00000027   DeltaT:  2.556E-06   Iter/sec:  5.470E-01
 Iteration:  00000028   DeltaT:  2.556E-06   Iter/sec:  5.345E-01
 Iteration:  00000029   DeltaT:  2.556E-06   Iter/sec:  5.555E-01
 Iteration:  00000030   DeltaT:  2.556E-06   Iter/sec:  5.488E-01
 Iteration:  00000031   DeltaT:  2.556E-06   Iter/sec:  5.522E-01
 Iteration:  00000032   DeltaT:  2.556E-06   Iter/sec:  5.498E-01
 Iteration:  00000033   DeltaT:  2.556E-06   Iter/sec:  5.531E-01
 Iteration:  00000034   DeltaT:  2.556E-06   Iter/sec:  5.522E-01
 Iteration:  00000035   DeltaT:  2.556E-06   Iter/sec:  5.390E-01
 Iteration:  00000036   DeltaT:  2.556E-06   Iter/sec:  5.425E-01
 Iteration:  00000037   DeltaT:  2.556E-06   Iter/sec:  5.554E-01
 Iteration:  00000038   DeltaT:  2.556E-06   Iter/sec:  5.561E-01
 Iteration:  00000039   DeltaT:  2.556E-06   Iter/sec:  5.521E-01
 Iteration:  00000040   DeltaT:  2.556E-06   Iter/sec:  5.461E-01
 Iteration:  00000041   DeltaT:  2.556E-06   Iter/sec:  5.449E-01
 Iteration:  00000042   DeltaT:  2.556E-06   Iter/sec:  5.402E-01
 Iteration:  00000043   DeltaT:  2.556E-06   Iter/sec:  5.527E-01
 Iteration:  00000044   DeltaT:  2.556E-06   Iter/sec:  5.312E-01
 Iteration:  00000045   DeltaT:  2.556E-06   Iter/sec:  5.508E-01
 Iteration:  00000046   DeltaT:  2.556E-06   Iter/sec:  5.568E-01
 Iteration:  00000047   DeltaT:  2.556E-06   Iter/sec:  5.568E-01
 Iteration:  00000048   DeltaT:  2.556E-06   Iter/sec:  5.562E-01
 Iteration:  00000049   DeltaT:  2.556E-06   Iter/sec:  5.485E-01
 Iteration:  00000050   DeltaT:  2.556E-06   Iter/sec:  5.428E-01


//////////////////////////////////////////////
   Measured Timings for Process 0  (seconds)

 Elapsed time:       111.8634
  Column time:        33.8600
     Row time:        20.8781
Legendre time:        12.6895
     FFT time:         4.2071
   Solve time:         1.3794
    rlma time:         0.8069
    rlmb time:         0.4528
  pspace time:         9.3763
  psolve time:         6.5399
    dphi time:         0.4692
captured time:        90.6592

     iter/sec:         0.4380
//////////////////////////////////////////////
