 //////////////////////////////////////
 Initializating Rayleigh...

 -- Initalizing MPI...
 ---- Specified parameters:
 ---- NCPU  :    512
 ---- NPROW :     32
 ---- NPCOL :     16
 -- MPI initialized.


 -- Initalizing Grid...
 ---- Specified parameters ----
 ---- N_R                 :    128
 ---- N_THETA             :    192
 ---- Ell_MAX             :    127
 ---- R_MIN               :  5.38462E-01
 ---- R_MAX               :  1.53846E+00
 ---- Chebyshev Domains   :      1

        Domain 1
          Grid points           :  128
          Dealiased Polynomials :  85
          Domain Lower Bound    :  5.38462E-01
          Domain Upper Bound    :  1.53846E+00

 -- Grid initialized.

 -- Initalizing Reference State...
 ---- Specified parameters:
 ---- Reference type           :  Boussinesq (Non-dimensional)
 ---- Rayleigh Number          :  1.00000E+05
 ---- Ekman Number             :  1.00000E-03
 ---- Prandtl Number           :  1.00000E+00
 ---- Magnetic Prandtl Number  :  5.00000E+00
 -- Reference State initialized.

 -- Initializing Fields...
 ---- Specified parameters:
 ---- Hydro Init Type    : Benchmark (Christensen et al. 2001)
 ---- Magnetic Init Type : Benchmark (Christensen et al. 2001)
 -- Fields initialized.

 Initialization Complete.
 //////////////////////////////////////

 Timestep has changed from  0.00000E+00 to  1.00000E-04.
 Iteration:  00000001   DeltaT:  1.000E-04   Iter/sec:  0.000E+00
 Timestep has changed from  1.00000E-04 to  2.55581E-06.
 Iteration:  00000002   DeltaT:  2.556E-06   Iter/sec:  6.545E+00
 Iteration:  00000003   DeltaT:  2.556E-06   Iter/sec:  1.246E+01
 Iteration:  00000004   DeltaT:  2.556E-06   Iter/sec:  2.971E+01
 Iteration:  00000005   DeltaT:  2.556E-06   Iter/sec:  2.354E+01
 Iteration:  00000006   DeltaT:  2.556E-06   Iter/sec:  3.072E+01
 Iteration:  00000007   DeltaT:  2.556E-06   Iter/sec:  2.950E+01
 Iteration:  00000008   DeltaT:  2.556E-06   Iter/sec:  2.894E+01
 Iteration:  00000009   DeltaT:  2.556E-06   Iter/sec:  3.174E+01
 Iteration:  00000010   DeltaT:  2.556E-06   Iter/sec:  2.737E+01
 Iteration:  00000011   DeltaT:  2.556E-06   Iter/sec:  1.457E+01
 Iteration:  00000012   DeltaT:  2.556E-06   Iter/sec:  2.363E+01
 Iteration:  00000013   DeltaT:  2.556E-06   Iter/sec:  2.519E+01
 Iteration:  00000014   DeltaT:  2.556E-06   Iter/sec:  3.095E+01
 Iteration:  00000015   DeltaT:  2.556E-06   Iter/sec:  3.118E+01
 Iteration:  00000016   DeltaT:  2.556E-06   Iter/sec:  3.010E+01
 Iteration:  00000017   DeltaT:  2.556E-06   Iter/sec:  2.992E+01
 Iteration:  00000018   DeltaT:  2.556E-06   Iter/sec:  3.049E+01
 Iteration:  00000019   DeltaT:  2.556E-06   Iter/sec:  3.206E+01
 Iteration:  00000020   DeltaT:  2.556E-06   Iter/sec:  3.159E+01
 Iteration:  00000021   DeltaT:  2.556E-06   Iter/sec:  3.013E+01
 Iteration:  00000022   DeltaT:  2.556E-06   Iter/sec:  2.985E+01
 Iteration:  00000023   DeltaT:  2.556E-06   Iter/sec:  2.993E+01
 Iteration:  00000024   DeltaT:  2.556E-06   Iter/sec:  3.023E+01
 Iteration:  00000025   DeltaT:  2.556E-06   Iter/sec:  3.011E+01
 Iteration:  00000026   DeltaT:  2.556E-06   Iter/sec:  3.137E+01
 Iteration:  00000027   DeltaT:  2.556E-06   Iter/sec:  2.999E+01
 Iteration:  00000028   DeltaT:  2.556E-06   Iter/sec:  3.021E+01
 Iteration:  00000029   DeltaT:  2.556E-06   Iter/sec:  3.149E+01
 Iteration:  00000030   DeltaT:  2.556E-06   Iter/sec:  3.019E+01
 Iteration:  00000031   DeltaT:  2.556E-06   Iter/sec:  3.025E+01
 Iteration:  00000032   DeltaT:  2.556E-06   Iter/sec:  2.926E+01
 Iteration:  00000033   DeltaT:  2.556E-06   Iter/sec:  3.038E+01
 Iteration:  00000034   DeltaT:  2.556E-06   Iter/sec:  2.878E+01
 Iteration:  00000035   DeltaT:  2.556E-06   Iter/sec:  2.976E+01
 Iteration:  00000036   DeltaT:  2.556E-06   Iter/sec:  3.173E+01
 Iteration:  00000037   DeltaT:  2.556E-06   Iter/sec:  2.972E+01
 Iteration:  00000038   DeltaT:  2.556E-06   Iter/sec:  3.042E+01
 Iteration:  00000039   DeltaT:  2.556E-06   Iter/sec:  2.886E+01
 Iteration:  00000040   DeltaT:  2.556E-06   Iter/sec:  3.022E+01
 Iteration:  00000041   DeltaT:  2.556E-06   Iter/sec:  3.115E+01
 Iteration:  00000042   DeltaT:  2.556E-06   Iter/sec:  3.110E+01
 Iteration:  00000043   DeltaT:  2.556E-06   Iter/sec:  3.057E+01
 Iteration:  00000044   DeltaT:  2.556E-06   Iter/sec:  3.237E+01
 Iteration:  00000045   DeltaT:  2.556E-06   Iter/sec:  2.965E+01
 Iteration:  00000046   DeltaT:  2.556E-06   Iter/sec:  3.040E+01
 Iteration:  00000047   DeltaT:  2.556E-06   Iter/sec:  3.095E+01
 Iteration:  00000048   DeltaT:  2.556E-06   Iter/sec:  3.058E+01
 Iteration:  00000049   DeltaT:  2.556E-06   Iter/sec:  3.216E+01
 Iteration:  00000050   DeltaT:  2.556E-06   Iter/sec:  3.097E+01


//////////////////////////////////////////////
   Measured Timings for Process 0  (seconds)

 Elapsed time:         2.2628
  Column time:         0.6438
     Row time:         0.4167
Legendre time:         0.1097
     FFT time:         0.1055
   Solve time:         0.2027
    rlma time:         0.0210
    rlmb time:         0.0084
  pspace time:         0.0960
  psolve time:         0.1739
    dphi time:         0.0110
captured time:         1.7886

     iter/sec:        21.6550
//////////////////////////////////////////////
