 //////////////////////////////////////
 Initializating Rayleigh...

 -- Initalizing MPI...
 ---- Specified parameters:
 ---- NCPU  :    128
 ---- NPROW :     16
 ---- NPCOL :      8
 -- MPI initialized.


 -- Initalizing Grid...
 ---- Specified parameters ----
 ---- N_R                 :    128
 ---- N_THETA             :    192
 ---- Ell_MAX             :    127
 ---- R_MIN               :  5.38462E-01
 ---- R_MAX               :  1.53846E+00
 ---- Chebyshev Domains   :      1

        Domain 1
          Grid points           :  128
          Dealiased Polynomials :  85
          Domain Lower Bound    :  5.38462E-01
          Domain Upper Bound    :  1.53846E+00

 -- Grid initialized.

 -- Initalizing Reference State...
 ---- Specified parameters:
 ---- Reference type           :  Boussinesq (Non-dimensional)
 ---- Rayleigh Number          :  1.00000E+05
 ---- Ekman Number             :  1.00000E-03
 ---- Prandtl Number           :  1.00000E+00
 ---- Magnetic Prandtl Number  :  5.00000E+00
 -- Reference State initialized.

 -- Initializing Fields...
 ---- Specified parameters:
 ---- Hydro Init Type    : Benchmark (Christensen et al. 2001)
 ---- Magnetic Init Type : Benchmark (Christensen et al. 2001)
 -- Fields initialized.

 Initialization Complete.
 //////////////////////////////////////

 Timestep has changed from  0.00000E+00 to  1.00000E-04.
 Iteration:  00000001   DeltaT:  1.000E-04   Iter/sec:  0.000E+00
 Timestep has changed from  1.00000E-04 to  2.55581E-06.
 Iteration:  00000002   DeltaT:  2.556E-06   Iter/sec:  3.499E+00
 Iteration:  00000003   DeltaT:  2.556E-06   Iter/sec:  4.342E+00
 Iteration:  00000004   DeltaT:  2.556E-06   Iter/sec:  7.900E+00
 Iteration:  00000005   DeltaT:  2.556E-06   Iter/sec:  8.098E+00
 Iteration:  00000006   DeltaT:  2.556E-06   Iter/sec:  7.952E+00
 Iteration:  00000007   DeltaT:  2.556E-06   Iter/sec:  7.748E+00
 Iteration:  00000008   DeltaT:  2.556E-06   Iter/sec:  7.161E+00
 Iteration:  00000009   DeltaT:  2.556E-06   Iter/sec:  7.091E+00
 Iteration:  00000010   DeltaT:  2.556E-06   Iter/sec:  8.079E+00
 Iteration:  00000011   DeltaT:  2.556E-06   Iter/sec:  8.141E+00
 Iteration:  00000012   DeltaT:  2.556E-06   Iter/sec:  7.976E+00
 Iteration:  00000013   DeltaT:  2.556E-06   Iter/sec:  7.755E+00
 Iteration:  00000014   DeltaT:  2.556E-06   Iter/sec:  7.292E+00
 Iteration:  00000015   DeltaT:  2.556E-06   Iter/sec:  8.295E+00
 Iteration:  00000016   DeltaT:  2.556E-06   Iter/sec:  7.950E+00
 Iteration:  00000017   DeltaT:  2.556E-06   Iter/sec:  8.124E+00
 Iteration:  00000018   DeltaT:  2.556E-06   Iter/sec:  8.079E+00
 Iteration:  00000019   DeltaT:  2.556E-06   Iter/sec:  8.058E+00
 Iteration:  00000020   DeltaT:  2.556E-06   Iter/sec:  7.732E+00
 Iteration:  00000021   DeltaT:  2.556E-06   Iter/sec:  8.166E+00
 Iteration:  00000022   DeltaT:  2.556E-06   Iter/sec:  7.985E+00
 Iteration:  00000023   DeltaT:  2.556E-06   Iter/sec:  8.225E+00
 Iteration:  00000024   DeltaT:  2.556E-06   Iter/sec:  7.907E+00
 Iteration:  00000025   DeltaT:  2.556E-06   Iter/sec:  8.085E+00
 Iteration:  00000026   DeltaT:  2.556E-06   Iter/sec:  8.024E+00
 Iteration:  00000027   DeltaT:  2.556E-06   Iter/sec:  7.621E+00
 Iteration:  00000028   DeltaT:  2.556E-06   Iter/sec:  7.992E+00
 Iteration:  00000029   DeltaT:  2.556E-06   Iter/sec:  7.511E+00
 Iteration:  00000030   DeltaT:  2.556E-06   Iter/sec:  8.186E+00
 Iteration:  00000031   DeltaT:  2.556E-06   Iter/sec:  8.234E+00
 Iteration:  00000032   DeltaT:  2.556E-06   Iter/sec:  8.169E+00
 Iteration:  00000033   DeltaT:  2.556E-06   Iter/sec:  8.280E+00
 Iteration:  00000034   DeltaT:  2.556E-06   Iter/sec:  8.249E+00
 Iteration:  00000035   DeltaT:  2.556E-06   Iter/sec:  8.076E+00
 Iteration:  00000036   DeltaT:  2.556E-06   Iter/sec:  8.192E+00
 Iteration:  00000037   DeltaT:  2.556E-06   Iter/sec:  7.258E+00
 Iteration:  00000038   DeltaT:  2.556E-06   Iter/sec:  8.187E+00
 Iteration:  00000039   DeltaT:  2.556E-06   Iter/sec:  8.172E+00
 Iteration:  00000040   DeltaT:  2.556E-06   Iter/sec:  8.152E+00
 Iteration:  00000041   DeltaT:  2.556E-06   Iter/sec:  7.195E+00
 Iteration:  00000042   DeltaT:  2.556E-06   Iter/sec:  7.769E+00
 Iteration:  00000043   DeltaT:  2.556E-06   Iter/sec:  7.310E+00
 Iteration:  00000044   DeltaT:  2.556E-06   Iter/sec:  8.103E+00
 Iteration:  00000045   DeltaT:  2.556E-06   Iter/sec:  8.222E+00
 Iteration:  00000046   DeltaT:  2.556E-06   Iter/sec:  8.063E+00
 Iteration:  00000047   DeltaT:  2.556E-06   Iter/sec:  8.108E+00
 Iteration:  00000048   DeltaT:  2.556E-06   Iter/sec:  8.416E+00
 Iteration:  00000049   DeltaT:  2.556E-06   Iter/sec:  8.148E+00
 Iteration:  00000050   DeltaT:  2.556E-06   Iter/sec:  8.266E+00


//////////////////////////////////////////////
   Measured Timings for Process 0  (seconds)

 Elapsed time:         7.3153
  Column time:         0.7280
     Row time:         2.0335
Legendre time:         0.7717
     FFT time:         0.4904
   Solve time:         0.4191
    rlma time:         0.0862
    rlmb time:         0.0327
  pspace time:         0.9812
  psolve time:         0.7900
    dphi time:         0.0691
captured time:         6.4018

     iter/sec:         6.6983
//////////////////////////////////////////////
