 //////////////////////////////////////
 Initializating Rayleigh...

 -- Initalizing MPI...
 ---- Specified parameters:
 ---- NCPU  :    256
 ---- NPROW :     16
 ---- NPCOL :     16
 -- MPI initialized.


 -- Initalizing Grid...
 ---- Specified parameters ----
 ---- N_R                 :     64
 ---- N_THETA             :   1536
 ---- Ell_MAX             :   1023
 ---- R_MIN               :  5.38462E-01
 ---- R_MAX               :  1.53846E+00
 ---- Chebyshev Domains   :      1

        Domain 1
          Grid points           :  64
          Dealiased Polynomials :  42
          Domain Lower Bound    :  5.38462E-01
          Domain Upper Bound    :  1.53846E+00

 -- Grid initialized.

 -- Initalizing Reference State...
 ---- Specified parameters:
 ---- Reference type           :  Boussinesq (Non-dimensional)
 ---- Rayleigh Number          :  1.00000E+05
 ---- Ekman Number             :  1.00000E-03
 ---- Prandtl Number           :  1.00000E+00
 ---- Magnetic Prandtl Number  :  5.00000E+00
 -- Reference State initialized.

 -- Initializing Fields...
 ---- Specified parameters:
 ---- Hydro Init Type    : Benchmark (Christensen et al. 2001)
 ---- Magnetic Init Type : Benchmark (Christensen et al. 2001)
 -- Fields initialized.

 Initialization Complete.
 //////////////////////////////////////

 Timestep has changed from  0.00000E+00 to  1.00000E-04.
 Iteration:  00000001   DeltaT:  1.000E-04   Iter/sec:  0.000E+00
 Timestep has changed from  1.00000E-04 to  4.46409E-06.
 Iteration:  00000002   DeltaT:  4.464E-06   Iter/sec:  1.036E-01
 Iteration:  00000003   DeltaT:  4.464E-06   Iter/sec:  3.632E-01
 Iteration:  00000004   DeltaT:  4.464E-06   Iter/sec:  3.622E-01
 Iteration:  00000005   DeltaT:  4.464E-06   Iter/sec:  3.767E-01
 Iteration:  00000006   DeltaT:  4.464E-06   Iter/sec:  3.591E-01
 Iteration:  00000007   DeltaT:  4.464E-06   Iter/sec:  3.759E-01
 Iteration:  00000008   DeltaT:  4.464E-06   Iter/sec:  3.709E-01
 Iteration:  00000009   DeltaT:  4.464E-06   Iter/sec:  3.657E-01
 Iteration:  00000010   DeltaT:  4.464E-06   Iter/sec:  3.671E-01
 Iteration:  00000011   DeltaT:  4.464E-06   Iter/sec:  3.702E-01
 Iteration:  00000012   DeltaT:  4.464E-06   Iter/sec:  3.636E-01
 Iteration:  00000013   DeltaT:  4.464E-06   Iter/sec:  3.739E-01
 Iteration:  00000014   DeltaT:  4.464E-06   Iter/sec:  3.657E-01
 Iteration:  00000015   DeltaT:  4.464E-06   Iter/sec:  3.730E-01
 Iteration:  00000016   DeltaT:  4.464E-06   Iter/sec:  3.670E-01
 Iteration:  00000017   DeltaT:  4.464E-06   Iter/sec:  3.691E-01
 Iteration:  00000018   DeltaT:  4.464E-06   Iter/sec:  3.654E-01
 Iteration:  00000019   DeltaT:  4.464E-06   Iter/sec:  3.699E-01
 Iteration:  00000020   DeltaT:  4.464E-06   Iter/sec:  3.694E-01
 Iteration:  00000021   DeltaT:  4.464E-06   Iter/sec:  3.687E-01
 Iteration:  00000022   DeltaT:  4.464E-06   Iter/sec:  3.689E-01
 Iteration:  00000023   DeltaT:  4.464E-06   Iter/sec:  3.683E-01
 Iteration:  00000024   DeltaT:  4.464E-06   Iter/sec:  3.674E-01
 Iteration:  00000025   DeltaT:  4.464E-06   Iter/sec:  3.667E-01
 Iteration:  00000026   DeltaT:  4.464E-06   Iter/sec:  3.671E-01
 Iteration:  00000027   DeltaT:  4.464E-06   Iter/sec:  3.673E-01
 Iteration:  00000028   DeltaT:  4.464E-06   Iter/sec:  3.643E-01
 Iteration:  00000029   DeltaT:  4.464E-06   Iter/sec:  3.691E-01
 Iteration:  00000030   DeltaT:  4.464E-06   Iter/sec:  3.698E-01
 Iteration:  00000031   DeltaT:  4.464E-06   Iter/sec:  3.601E-01
 Iteration:  00000032   DeltaT:  4.464E-06   Iter/sec:  3.729E-01
 Iteration:  00000033   DeltaT:  4.464E-06   Iter/sec:  3.637E-01
 Iteration:  00000034   DeltaT:  4.464E-06   Iter/sec:  3.640E-01
 Iteration:  00000035   DeltaT:  4.464E-06   Iter/sec:  3.735E-01
 Iteration:  00000036   DeltaT:  4.464E-06   Iter/sec:  3.521E-01
 Iteration:  00000037   DeltaT:  4.464E-06   Iter/sec:  3.775E-01
 Iteration:  00000038   DeltaT:  4.464E-06   Iter/sec:  3.628E-01
 Iteration:  00000039   DeltaT:  4.464E-06   Iter/sec:  3.773E-01
 Iteration:  00000040   DeltaT:  4.464E-06   Iter/sec:  3.671E-01
 Iteration:  00000041   DeltaT:  4.464E-06   Iter/sec:  3.707E-01
 Iteration:  00000042   DeltaT:  4.464E-06   Iter/sec:  3.606E-01
 Iteration:  00000043   DeltaT:  4.464E-06   Iter/sec:  3.711E-01
 Iteration:  00000044   DeltaT:  4.464E-06   Iter/sec:  3.674E-01
 Iteration:  00000045   DeltaT:  4.464E-06   Iter/sec:  3.673E-01
 Iteration:  00000046   DeltaT:  4.464E-06   Iter/sec:  3.699E-01
 Iteration:  00000047   DeltaT:  4.464E-06   Iter/sec:  3.652E-01
 Iteration:  00000048   DeltaT:  4.464E-06   Iter/sec:  3.702E-01
 Iteration:  00000049   DeltaT:  4.464E-06   Iter/sec:  3.724E-01
 Iteration:  00000050   DeltaT:  4.464E-06   Iter/sec:  3.630E-01


//////////////////////////////////////////////
   Measured Timings for Process 0  (seconds)

 Elapsed time:       147.4529
  Column time:        25.7579
     Row time:        38.9186
Legendre time:        25.7493
     FFT time:         8.4459
   Solve time:         1.3125
    rlma time:         2.2030
    rlmb time:         1.1174
  pspace time:        17.7390
  psolve time:        12.2679
    dphi time:         1.1049
captured time:       134.6165

     iter/sec:         0.3323
//////////////////////////////////////////////
