 //////////////////////////////////////
 Initializating Rayleigh...

 -- Initalizing MPI...
 ---- Specified parameters:
 ---- NCPU  :   1024
 ---- NPROW :     32
 ---- NPCOL :     32
 -- MPI initialized.


 -- Initalizing Grid...
 ---- Specified parameters ----
 ---- N_R                 :     64
 ---- N_THETA             :    192
 ---- Ell_MAX             :    127
 ---- R_MIN               :  5.38462E-01
 ---- R_MAX               :  1.53846E+00
 ---- Chebyshev Domains   :      1

        Domain 1
          Grid points           :  64
          Dealiased Polynomials :  42
          Domain Lower Bound    :  5.38462E-01
          Domain Upper Bound    :  1.53846E+00

 -- Grid initialized.

 -- Initalizing Reference State...
 ---- Specified parameters:
 ---- Reference type           :  Boussinesq (Non-dimensional)
 ---- Rayleigh Number          :  1.00000E+05
 ---- Ekman Number             :  1.00000E-03
 ---- Prandtl Number           :  1.00000E+00
 ---- Magnetic Prandtl Number  :  5.00000E+00
 -- Reference State initialized.

 -- Initializing Fields...
 ---- Specified parameters:
 ---- Hydro Init Type    : Benchmark (Christensen et al. 2001)
 ---- Magnetic Init Type : Benchmark (Christensen et al. 2001)
 -- Fields initialized.

 Initialization Complete.
 //////////////////////////////////////

 Timestep has changed from  0.00000E+00 to  1.00000E-04.
 Iteration:  00000001   DeltaT:  1.000E-04   Iter/sec:  0.000E+00
 Timestep has changed from  1.00000E-04 to  1.02217E-05.
 Iteration:  00000002   DeltaT:  1.022E-05   Iter/sec:  1.465E+00
 Iteration:  00000003   DeltaT:  1.022E-05   Iter/sec:  7.454E+01
 Iteration:  00000004   DeltaT:  1.022E-05   Iter/sec:  1.114E+02
 Iteration:  00000005   DeltaT:  1.022E-05   Iter/sec:  7.029E+01
 Iteration:  00000006   DeltaT:  1.022E-05   Iter/sec:  1.113E+02
 Iteration:  00000007   DeltaT:  1.022E-05   Iter/sec:  1.070E+02
 Iteration:  00000008   DeltaT:  1.022E-05   Iter/sec:  1.153E+02
 Iteration:  00000009   DeltaT:  1.022E-05   Iter/sec:  1.118E+02
 Iteration:  00000010   DeltaT:  1.022E-05   Iter/sec:  1.009E+02
 Iteration:  00000011   DeltaT:  1.022E-05   Iter/sec:  1.003E+02
 Iteration:  00000012   DeltaT:  1.022E-05   Iter/sec:  1.101E+02
 Iteration:  00000013   DeltaT:  1.022E-05   Iter/sec:  1.076E+02
 Iteration:  00000014   DeltaT:  1.022E-05   Iter/sec:  1.133E+02
 Iteration:  00000015   DeltaT:  1.022E-05   Iter/sec:  1.081E+02
 Iteration:  00000016   DeltaT:  1.022E-05   Iter/sec:  1.167E+02
 Iteration:  00000017   DeltaT:  1.022E-05   Iter/sec:  1.044E+02
 Iteration:  00000018   DeltaT:  1.022E-05   Iter/sec:  1.163E+02
 Iteration:  00000019   DeltaT:  1.022E-05   Iter/sec:  1.076E+02
 Iteration:  00000020   DeltaT:  1.022E-05   Iter/sec:  1.084E+02
 Iteration:  00000021   DeltaT:  1.022E-05   Iter/sec:  1.187E+02
 Iteration:  00000022   DeltaT:  1.022E-05   Iter/sec:  1.114E+02
 Iteration:  00000023   DeltaT:  1.022E-05   Iter/sec:  8.213E+01
 Iteration:  00000024   DeltaT:  1.022E-05   Iter/sec:  1.058E+02
 Iteration:  00000025   DeltaT:  1.022E-05   Iter/sec:  1.044E+02
 Iteration:  00000026   DeltaT:  1.022E-05   Iter/sec:  1.128E+02
 Iteration:  00000027   DeltaT:  1.022E-05   Iter/sec:  1.137E+02
 Iteration:  00000028   DeltaT:  1.022E-05   Iter/sec:  1.145E+02
 Iteration:  00000029   DeltaT:  1.022E-05   Iter/sec:  1.091E+02
 Iteration:  00000030   DeltaT:  1.022E-05   Iter/sec:  1.121E+02
 Iteration:  00000031   DeltaT:  1.022E-05   Iter/sec:  1.064E+02
 Iteration:  00000032   DeltaT:  1.022E-05   Iter/sec:  1.108E+02
 Iteration:  00000033   DeltaT:  1.022E-05   Iter/sec:  1.196E+02
 Iteration:  00000034   DeltaT:  1.022E-05   Iter/sec:  1.112E+02
 Iteration:  00000035   DeltaT:  1.022E-05   Iter/sec:  1.047E+02
 Iteration:  00000036   DeltaT:  1.022E-05   Iter/sec:  1.138E+02
 Iteration:  00000037   DeltaT:  1.022E-05   Iter/sec:  1.134E+02
 Iteration:  00000038   DeltaT:  1.022E-05   Iter/sec:  1.079E+02
 Iteration:  00000039   DeltaT:  1.022E-05   Iter/sec:  1.079E+02
 Iteration:  00000040   DeltaT:  1.022E-05   Iter/sec:  9.414E+01
 Iteration:  00000041   DeltaT:  1.022E-05   Iter/sec:  8.195E+01
 Iteration:  00000042   DeltaT:  1.022E-05   Iter/sec:  1.130E+02
 Iteration:  00000043   DeltaT:  1.022E-05   Iter/sec:  1.056E+02
 Iteration:  00000044   DeltaT:  1.022E-05   Iter/sec:  1.156E+02
 Iteration:  00000045   DeltaT:  1.022E-05   Iter/sec:  1.155E+02
 Iteration:  00000046   DeltaT:  1.022E-05   Iter/sec:  1.083E+02
 Iteration:  00000047   DeltaT:  1.022E-05   Iter/sec:  1.143E+02
 Iteration:  00000048   DeltaT:  1.022E-05   Iter/sec:  1.090E+02
 Iteration:  00000049   DeltaT:  1.022E-05   Iter/sec:  1.180E+02
 Iteration:  00000050   DeltaT:  1.022E-05   Iter/sec:  9.554E+01


//////////////////////////////////////////////
   Measured Timings for Process 0  (seconds)

 Elapsed time:         1.9101
  Column time:         0.5686
     Row time:         0.0979
Legendre time:         0.0258
     FFT time:         0.0170
   Solve time:         0.0346
    rlma time:         0.0081
    rlmb time:         0.0034
  pspace time:         0.0104
  psolve time:         0.0306
    dphi time:         0.0011
captured time:         0.7976

     iter/sec:        25.6531
//////////////////////////////////////////////
