 //////////////////////////////////////
 Initializating Rayleigh...

 -- Initalizing MPI...
 ---- Specified parameters:
 ---- NCPU  :    512
 ---- NPROW :     32
 ---- NPCOL :     16
 -- MPI initialized.


 -- Initalizing Grid...
 ---- Specified parameters ----
 ---- N_R                 :     64
 ---- N_THETA             :    768
 ---- Ell_MAX             :    511
 ---- R_MIN               :  5.38462E-01
 ---- R_MAX               :  1.53846E+00
 ---- Chebyshev Domains   :      1

        Domain 1
          Grid points           :  64
          Dealiased Polynomials :  42
          Domain Lower Bound    :  5.38462E-01
          Domain Upper Bound    :  1.53846E+00

 -- Grid initialized.

 -- Initalizing Reference State...
 ---- Specified parameters:
 ---- Reference type           :  Boussinesq (Non-dimensional)
 ---- Rayleigh Number          :  1.00000E+05
 ---- Ekman Number             :  1.00000E-03
 ---- Prandtl Number           :  1.00000E+00
 ---- Magnetic Prandtl Number  :  5.00000E+00
 -- Reference State initialized.

 -- Initializing Fields...
 ---- Specified parameters:
 ---- Hydro Init Type    : Benchmark (Christensen et al. 2001)
 ---- Magnetic Init Type : Benchmark (Christensen et al. 2001)
 -- Fields initialized.

 Initialization Complete.
 //////////////////////////////////////

 Timestep has changed from  0.00000E+00 to  1.00000E-04.
 Iteration:  00000001   DeltaT:  1.000E-04   Iter/sec:  0.000E+00
 Timestep has changed from  1.00000E-04 to  8.93257E-06.
 Iteration:  00000002   DeltaT:  8.933E-06   Iter/sec:  1.005E+00
 Iteration:  00000003   DeltaT:  8.933E-06   Iter/sec:  2.679E+00
 Iteration:  00000004   DeltaT:  8.933E-06   Iter/sec:  2.871E+00
 Iteration:  00000005   DeltaT:  8.933E-06   Iter/sec:  2.867E+00
 Iteration:  00000006   DeltaT:  8.933E-06   Iter/sec:  2.909E+00
 Iteration:  00000007   DeltaT:  8.933E-06   Iter/sec:  2.911E+00
 Iteration:  00000008   DeltaT:  8.933E-06   Iter/sec:  2.816E+00
 Iteration:  00000009   DeltaT:  8.933E-06   Iter/sec:  2.825E+00
 Iteration:  00000010   DeltaT:  8.933E-06   Iter/sec:  2.841E+00
 Iteration:  00000011   DeltaT:  8.933E-06   Iter/sec:  2.842E+00
 Iteration:  00000012   DeltaT:  8.933E-06   Iter/sec:  2.886E+00
 Iteration:  00000013   DeltaT:  8.933E-06   Iter/sec:  2.739E+00
 Iteration:  00000014   DeltaT:  8.933E-06   Iter/sec:  2.812E+00
 Iteration:  00000015   DeltaT:  8.933E-06   Iter/sec:  2.857E+00
 Iteration:  00000016   DeltaT:  8.933E-06   Iter/sec:  2.815E+00
 Iteration:  00000017   DeltaT:  8.933E-06   Iter/sec:  2.860E+00
 Iteration:  00000018   DeltaT:  8.933E-06   Iter/sec:  2.798E+00
 Iteration:  00000019   DeltaT:  8.933E-06   Iter/sec:  2.868E+00
 Iteration:  00000020   DeltaT:  8.933E-06   Iter/sec:  2.835E+00
 Iteration:  00000021   DeltaT:  8.933E-06   Iter/sec:  2.861E+00
 Iteration:  00000022   DeltaT:  8.933E-06   Iter/sec:  2.802E+00
 Iteration:  00000023   DeltaT:  8.933E-06   Iter/sec:  2.828E+00
 Iteration:  00000024   DeltaT:  8.933E-06   Iter/sec:  2.770E+00
 Iteration:  00000025   DeltaT:  8.933E-06   Iter/sec:  2.752E+00
 Iteration:  00000026   DeltaT:  8.933E-06   Iter/sec:  2.815E+00
 Iteration:  00000027   DeltaT:  8.933E-06   Iter/sec:  2.552E+00
 Iteration:  00000028   DeltaT:  8.933E-06   Iter/sec:  2.878E+00
 Iteration:  00000029   DeltaT:  8.933E-06   Iter/sec:  2.790E+00
 Iteration:  00000030   DeltaT:  8.933E-06   Iter/sec:  2.559E+00
 Iteration:  00000031   DeltaT:  8.933E-06   Iter/sec:  2.874E+00
 Iteration:  00000032   DeltaT:  8.933E-06   Iter/sec:  2.648E+00
 Iteration:  00000033   DeltaT:  8.933E-06   Iter/sec:  2.851E+00
 Iteration:  00000034   DeltaT:  8.933E-06   Iter/sec:  2.877E+00
 Iteration:  00000035   DeltaT:  8.933E-06   Iter/sec:  2.881E+00
 Iteration:  00000036   DeltaT:  8.933E-06   Iter/sec:  2.780E+00
 Iteration:  00000037   DeltaT:  8.933E-06   Iter/sec:  2.820E+00
 Iteration:  00000038   DeltaT:  8.933E-06   Iter/sec:  2.786E+00
 Iteration:  00000039   DeltaT:  8.933E-06   Iter/sec:  2.879E+00
 Iteration:  00000040   DeltaT:  8.933E-06   Iter/sec:  2.802E+00
 Iteration:  00000041   DeltaT:  8.933E-06   Iter/sec:  2.790E+00
 Iteration:  00000042   DeltaT:  8.933E-06   Iter/sec:  2.849E+00
 Iteration:  00000043   DeltaT:  8.933E-06   Iter/sec:  2.790E+00
 Iteration:  00000044   DeltaT:  8.933E-06   Iter/sec:  2.808E+00
 Iteration:  00000045   DeltaT:  8.933E-06   Iter/sec:  2.831E+00
 Iteration:  00000046   DeltaT:  8.933E-06   Iter/sec:  2.745E+00
 Iteration:  00000047   DeltaT:  8.933E-06   Iter/sec:  2.870E+00
 Iteration:  00000048   DeltaT:  8.933E-06   Iter/sec:  2.830E+00
 Iteration:  00000049   DeltaT:  8.933E-06   Iter/sec:  2.847E+00
 Iteration:  00000050   DeltaT:  8.933E-06   Iter/sec:  2.930E+00


//////////////////////////////////////////////
   Measured Timings for Process 0  (seconds)

 Elapsed time:        19.7010
  Column time:         5.4215
     Row time:         5.4167
Legendre time:         2.1064
     FFT time:         0.9349
   Solve time:         0.2641
    rlma time:         0.1836
    rlmb time:         0.0809
  pspace time:         1.8814
  psolve time:         1.2991
    dphi time:         0.0785
captured time:        17.6673

     iter/sec:         2.4872
//////////////////////////////////////////////
