 //////////////////////////////////////
 Initializating Rayleigh...

 -- Initalizing MPI...
 ---- Specified parameters:
 ---- NCPU  :    128
 ---- NPROW :     16
 ---- NPCOL :      8
 -- MPI initialized.


 -- Initalizing Grid...
 ---- Specified parameters ----
 ---- N_R                 :    128
 ---- N_THETA             :    768
 ---- Ell_MAX             :    511
 ---- R_MIN               :  5.38462E-01
 ---- R_MAX               :  1.53846E+00
 ---- Chebyshev Domains   :      1

        Domain 1
          Grid points           :  128
          Dealiased Polynomials :  85
          Domain Lower Bound    :  5.38462E-01
          Domain Upper Bound    :  1.53846E+00

 -- Grid initialized.

 -- Initalizing Reference State...
 ---- Specified parameters:
 ---- Reference type           :  Boussinesq (Non-dimensional)
 ---- Rayleigh Number          :  1.00000E+05
 ---- Ekman Number             :  1.00000E-03
 ---- Prandtl Number           :  1.00000E+00
 ---- Magnetic Prandtl Number  :  5.00000E+00
 -- Reference State initialized.

 -- Initializing Fields...
 ---- Specified parameters:
 ---- Hydro Init Type    : Benchmark (Christensen et al. 2001)
 ---- Magnetic Init Type : Benchmark (Christensen et al. 2001)
 -- Fields initialized.

 Initialization Complete.
 //////////////////////////////////////

 Timestep has changed from  0.00000E+00 to  1.00000E-04.
 Iteration:  00000001   DeltaT:  1.000E-04   Iter/sec:  0.000E+00
 Timestep has changed from  1.00000E-04 to  2.55562E-06.
 Iteration:  00000002   DeltaT:  2.556E-06   Iter/sec:  2.495E-01
 Iteration:  00000003   DeltaT:  2.556E-06   Iter/sec:  3.457E-01
 Iteration:  00000004   DeltaT:  2.556E-06   Iter/sec:  3.866E-01
 Iteration:  00000005   DeltaT:  2.556E-06   Iter/sec:  3.765E-01
 Iteration:  00000006   DeltaT:  2.556E-06   Iter/sec:  3.722E-01
 Iteration:  00000007   DeltaT:  2.556E-06   Iter/sec:  3.981E-01
 Iteration:  00000008   DeltaT:  2.556E-06   Iter/sec:  3.820E-01
 Iteration:  00000009   DeltaT:  2.556E-06   Iter/sec:  3.826E-01
 Iteration:  00000010   DeltaT:  2.556E-06   Iter/sec:  3.725E-01
 Iteration:  00000011   DeltaT:  2.556E-06   Iter/sec:  3.781E-01
 Iteration:  00000012   DeltaT:  2.556E-06   Iter/sec:  3.831E-01
 Iteration:  00000013   DeltaT:  2.556E-06   Iter/sec:  3.968E-01
 Iteration:  00000014   DeltaT:  2.556E-06   Iter/sec:  3.704E-01
 Iteration:  00000015   DeltaT:  2.556E-06   Iter/sec:  3.857E-01
 Iteration:  00000016   DeltaT:  2.556E-06   Iter/sec:  3.858E-01
 Iteration:  00000017   DeltaT:  2.556E-06   Iter/sec:  3.822E-01
 Iteration:  00000018   DeltaT:  2.556E-06   Iter/sec:  3.844E-01
 Iteration:  00000019   DeltaT:  2.556E-06   Iter/sec:  3.862E-01
 Iteration:  00000020   DeltaT:  2.556E-06   Iter/sec:  3.766E-01
 Iteration:  00000021   DeltaT:  2.556E-06   Iter/sec:  3.883E-01
 Iteration:  00000022   DeltaT:  2.556E-06   Iter/sec:  3.796E-01
 Iteration:  00000023   DeltaT:  2.556E-06   Iter/sec:  3.832E-01
 Iteration:  00000024   DeltaT:  2.556E-06   Iter/sec:  3.810E-01
 Iteration:  00000025   DeltaT:  2.556E-06   Iter/sec:  3.824E-01
 Iteration:  00000026   DeltaT:  2.556E-06   Iter/sec:  3.801E-01
 Iteration:  00000027   DeltaT:  2.556E-06   Iter/sec:  3.702E-01
 Iteration:  00000028   DeltaT:  2.556E-06   Iter/sec:  3.922E-01
 Iteration:  00000029   DeltaT:  2.556E-06   Iter/sec:  3.776E-01
 Iteration:  00000030   DeltaT:  2.556E-06   Iter/sec:  3.734E-01
 Iteration:  00000031   DeltaT:  2.556E-06   Iter/sec:  3.766E-01
 Iteration:  00000032   DeltaT:  2.556E-06   Iter/sec:  3.814E-01
 Iteration:  00000033   DeltaT:  2.556E-06   Iter/sec:  3.749E-01
 Iteration:  00000034   DeltaT:  2.556E-06   Iter/sec:  3.917E-01
 Iteration:  00000035   DeltaT:  2.556E-06   Iter/sec:  3.843E-01
 Iteration:  00000036   DeltaT:  2.556E-06   Iter/sec:  3.746E-01
 Iteration:  00000037   DeltaT:  2.556E-06   Iter/sec:  3.777E-01
 Iteration:  00000038   DeltaT:  2.556E-06   Iter/sec:  3.890E-01
 Iteration:  00000039   DeltaT:  2.556E-06   Iter/sec:  3.809E-01
 Iteration:  00000040   DeltaT:  2.556E-06   Iter/sec:  3.883E-01
 Iteration:  00000041   DeltaT:  2.556E-06   Iter/sec:  3.743E-01
 Iteration:  00000042   DeltaT:  2.556E-06   Iter/sec:  3.825E-01
 Iteration:  00000043   DeltaT:  2.556E-06   Iter/sec:  3.900E-01
 Iteration:  00000044   DeltaT:  2.556E-06   Iter/sec:  3.755E-01
 Iteration:  00000045   DeltaT:  2.556E-06   Iter/sec:  3.882E-01
 Iteration:  00000046   DeltaT:  2.556E-06   Iter/sec:  3.807E-01
 Iteration:  00000047   DeltaT:  2.556E-06   Iter/sec:  3.882E-01
 Iteration:  00000048   DeltaT:  2.556E-06   Iter/sec:  3.808E-01
 Iteration:  00000049   DeltaT:  2.556E-06   Iter/sec:  3.904E-01
 Iteration:  00000050   DeltaT:  2.556E-06   Iter/sec:  3.741E-01


//////////////////////////////////////////////
   Measured Timings for Process 0  (seconds)

 Elapsed time:       138.4048
  Column time:        18.5575
     Row time:        44.2588
Legendre time:        20.7655
     FFT time:         7.7558
   Solve time:         2.6903
    rlma time:         3.2448
    rlmb time:         1.5934
  pspace time:        16.4658
  psolve time:        13.4458
    dphi time:         0.7547
captured time:       129.5325

     iter/sec:         0.3540
//////////////////////////////////////////////
