 //////////////////////////////////////
 Initializating Rayleigh...

 -- Initalizing MPI...
 ---- Specified parameters:
 ---- NCPU  :    512
 ---- NPROW :     32
 ---- NPCOL :     16
 -- MPI initialized.


 -- Initalizing Grid...
 ---- Specified parameters ----
 ---- N_R                 :    128
 ---- N_THETA             :    768
 ---- Ell_MAX             :    511
 ---- R_MIN               :  5.38462E-01
 ---- R_MAX               :  1.53846E+00
 ---- Chebyshev Domains   :      1

        Domain 1
          Grid points           :  128
          Dealiased Polynomials :  85
          Domain Lower Bound    :  5.38462E-01
          Domain Upper Bound    :  1.53846E+00

 -- Grid initialized.

 -- Initalizing Reference State...
 ---- Specified parameters:
 ---- Reference type           :  Boussinesq (Non-dimensional)
 ---- Rayleigh Number          :  1.00000E+05
 ---- Ekman Number             :  1.00000E-03
 ---- Prandtl Number           :  1.00000E+00
 ---- Magnetic Prandtl Number  :  5.00000E+00
 -- Reference State initialized.

 -- Initializing Fields...
 ---- Specified parameters:
 ---- Hydro Init Type    : Benchmark (Christensen et al. 2001)
 ---- Magnetic Init Type : Benchmark (Christensen et al. 2001)
 -- Fields initialized.

 Initialization Complete.
 //////////////////////////////////////

 Timestep has changed from  0.00000E+00 to  1.00000E-04.
 Iteration:  00000001   DeltaT:  1.000E-04   Iter/sec:  0.000E+00
 Timestep has changed from  1.00000E-04 to  2.55562E-06.
 Iteration:  00000002   DeltaT:  2.556E-06   Iter/sec:  6.461E-01
 Iteration:  00000003   DeltaT:  2.556E-06   Iter/sec:  1.169E+00
 Iteration:  00000004   DeltaT:  2.556E-06   Iter/sec:  1.328E+00
 Iteration:  00000005   DeltaT:  2.556E-06   Iter/sec:  1.364E+00
 Iteration:  00000006   DeltaT:  2.556E-06   Iter/sec:  1.354E+00
 Iteration:  00000007   DeltaT:  2.556E-06   Iter/sec:  1.341E+00
 Iteration:  00000008   DeltaT:  2.556E-06   Iter/sec:  1.324E+00
 Iteration:  00000009   DeltaT:  2.556E-06   Iter/sec:  1.344E+00
 Iteration:  00000010   DeltaT:  2.556E-06   Iter/sec:  1.335E+00
 Iteration:  00000011   DeltaT:  2.556E-06   Iter/sec:  1.304E+00
 Iteration:  00000012   DeltaT:  2.556E-06   Iter/sec:  1.342E+00
 Iteration:  00000013   DeltaT:  2.556E-06   Iter/sec:  1.345E+00
 Iteration:  00000014   DeltaT:  2.556E-06   Iter/sec:  1.368E+00
 Iteration:  00000015   DeltaT:  2.556E-06   Iter/sec:  1.348E+00
 Iteration:  00000016   DeltaT:  2.556E-06   Iter/sec:  1.356E+00
 Iteration:  00000017   DeltaT:  2.556E-06   Iter/sec:  1.393E+00
 Iteration:  00000018   DeltaT:  2.556E-06   Iter/sec:  1.343E+00
 Iteration:  00000019   DeltaT:  2.556E-06   Iter/sec:  1.354E+00
 Iteration:  00000020   DeltaT:  2.556E-06   Iter/sec:  1.344E+00
 Iteration:  00000021   DeltaT:  2.556E-06   Iter/sec:  1.346E+00
 Iteration:  00000022   DeltaT:  2.556E-06   Iter/sec:  1.356E+00
 Iteration:  00000023   DeltaT:  2.556E-06   Iter/sec:  1.364E+00
 Iteration:  00000024   DeltaT:  2.556E-06   Iter/sec:  1.322E+00
 Iteration:  00000025   DeltaT:  2.556E-06   Iter/sec:  1.361E+00
 Iteration:  00000026   DeltaT:  2.556E-06   Iter/sec:  1.385E+00
 Iteration:  00000027   DeltaT:  2.556E-06   Iter/sec:  1.334E+00
 Iteration:  00000028   DeltaT:  2.556E-06   Iter/sec:  1.365E+00
 Iteration:  00000029   DeltaT:  2.556E-06   Iter/sec:  1.294E+00
 Iteration:  00000030   DeltaT:  2.556E-06   Iter/sec:  1.295E+00
 Iteration:  00000031   DeltaT:  2.556E-06   Iter/sec:  1.315E+00
 Iteration:  00000032   DeltaT:  2.556E-06   Iter/sec:  1.308E+00
 Iteration:  00000033   DeltaT:  2.556E-06   Iter/sec:  1.326E+00
 Iteration:  00000034   DeltaT:  2.556E-06   Iter/sec:  1.339E+00
 Iteration:  00000035   DeltaT:  2.556E-06   Iter/sec:  1.401E+00
 Iteration:  00000036   DeltaT:  2.556E-06   Iter/sec:  1.338E+00
 Iteration:  00000037   DeltaT:  2.556E-06   Iter/sec:  1.327E+00
 Iteration:  00000038   DeltaT:  2.556E-06   Iter/sec:  1.349E+00
 Iteration:  00000039   DeltaT:  2.556E-06   Iter/sec:  1.371E+00
 Iteration:  00000040   DeltaT:  2.556E-06   Iter/sec:  1.321E+00
 Iteration:  00000041   DeltaT:  2.556E-06   Iter/sec:  1.355E+00
 Iteration:  00000042   DeltaT:  2.556E-06   Iter/sec:  1.351E+00
 Iteration:  00000043   DeltaT:  2.556E-06   Iter/sec:  1.332E+00
 Iteration:  00000044   DeltaT:  2.556E-06   Iter/sec:  1.344E+00
 Iteration:  00000045   DeltaT:  2.556E-06   Iter/sec:  1.310E+00
 Iteration:  00000046   DeltaT:  2.556E-06   Iter/sec:  1.340E+00
 Iteration:  00000047   DeltaT:  2.556E-06   Iter/sec:  1.297E+00
 Iteration:  00000048   DeltaT:  2.556E-06   Iter/sec:  1.254E+00
 Iteration:  00000049   DeltaT:  2.556E-06   Iter/sec:  1.404E+00
 Iteration:  00000050   DeltaT:  2.556E-06   Iter/sec:  1.366E+00


//////////////////////////////////////////////
   Measured Timings for Process 0  (seconds)

 Elapsed time:        40.5936
  Column time:        10.6920
     Row time:        10.8945
Legendre time:         4.7761
     FFT time:         1.8703
   Solve time:         0.9736
    rlma time:         0.3802
    rlmb time:         0.1806
  pspace time:         4.1105
  psolve time:         3.2423
    dphi time:         0.1793
captured time:        37.2994

     iter/sec:         1.2071
//////////////////////////////////////////////
