 //////////////////////////////////////
 Initializating Rayleigh...

 -- Initalizing MPI...
 ---- Specified parameters:
 ---- NCPU  :    512
 ---- NPROW :     32
 ---- NPCOL :     16
 -- MPI initialized.


 -- Initalizing Grid...
 ---- Specified parameters ----
 ---- N_R                 :    128
 ---- N_THETA             :   1536
 ---- Ell_MAX             :   1023
 ---- R_MIN               :  5.38462E-01
 ---- R_MAX               :  1.53846E+00
 ---- Chebyshev Domains   :      1

        Domain 1
          Grid points           :  128
          Dealiased Polynomials :  85
          Domain Lower Bound    :  5.38462E-01
          Domain Upper Bound    :  1.53846E+00

 -- Grid initialized.

 -- Initalizing Reference State...
 ---- Specified parameters:
 ---- Reference type           :  Boussinesq (Non-dimensional)
 ---- Rayleigh Number          :  1.00000E+05
 ---- Ekman Number             :  1.00000E-03
 ---- Prandtl Number           :  1.00000E+00
 ---- Magnetic Prandtl Number  :  5.00000E+00
 -- Reference State initialized.

 -- Initializing Fields...
 ---- Specified parameters:
 ---- Hydro Init Type    : Benchmark (Christensen et al. 2001)
 ---- Magnetic Init Type : Benchmark (Christensen et al. 2001)
 -- Fields initialized.

 Initialization Complete.
 //////////////////////////////////////

 Timestep has changed from  0.00000E+00 to  1.00000E-04.
 Iteration:  00000001   DeltaT:  1.000E-04   Iter/sec:  0.000E+00
 Timestep has changed from  1.00000E-04 to  2.55561E-06.
 Iteration:  00000002   DeltaT:  2.556E-06   Iter/sec:  1.372E-01
 Iteration:  00000003   DeltaT:  2.556E-06   Iter/sec:  2.916E-01
 Iteration:  00000004   DeltaT:  2.556E-06   Iter/sec:  3.255E-01
 Iteration:  00000005   DeltaT:  2.556E-06   Iter/sec:  3.166E-01
 Iteration:  00000006   DeltaT:  2.556E-06   Iter/sec:  3.202E-01
 Iteration:  00000007   DeltaT:  2.556E-06   Iter/sec:  3.112E-01
 Iteration:  00000008   DeltaT:  2.556E-06   Iter/sec:  3.240E-01
 Iteration:  00000009   DeltaT:  2.556E-06   Iter/sec:  3.165E-01
 Iteration:  00000010   DeltaT:  2.556E-06   Iter/sec:  3.189E-01
 Iteration:  00000011   DeltaT:  2.556E-06   Iter/sec:  3.100E-01
 Iteration:  00000012   DeltaT:  2.556E-06   Iter/sec:  3.156E-01
 Iteration:  00000013   DeltaT:  2.556E-06   Iter/sec:  3.146E-01
 Iteration:  00000014   DeltaT:  2.556E-06   Iter/sec:  3.189E-01
 Iteration:  00000015   DeltaT:  2.556E-06   Iter/sec:  3.141E-01
 Iteration:  00000016   DeltaT:  2.556E-06   Iter/sec:  3.196E-01
 Iteration:  00000017   DeltaT:  2.556E-06   Iter/sec:  3.133E-01
 Iteration:  00000018   DeltaT:  2.556E-06   Iter/sec:  3.165E-01
 Iteration:  00000019   DeltaT:  2.556E-06   Iter/sec:  3.149E-01
 Iteration:  00000020   DeltaT:  2.556E-06   Iter/sec:  3.207E-01
 Iteration:  00000021   DeltaT:  2.556E-06   Iter/sec:  3.162E-01
 Iteration:  00000022   DeltaT:  2.556E-06   Iter/sec:  3.191E-01
 Iteration:  00000023   DeltaT:  2.556E-06   Iter/sec:  3.147E-01
 Iteration:  00000024   DeltaT:  2.556E-06   Iter/sec:  3.150E-01
 Iteration:  00000025   DeltaT:  2.556E-06   Iter/sec:  3.140E-01
 Iteration:  00000026   DeltaT:  2.556E-06   Iter/sec:  3.131E-01
 Iteration:  00000027   DeltaT:  2.556E-06   Iter/sec:  3.111E-01
 Iteration:  00000028   DeltaT:  2.556E-06   Iter/sec:  3.201E-01
 Iteration:  00000029   DeltaT:  2.556E-06   Iter/sec:  3.171E-01
 Iteration:  00000030   DeltaT:  2.556E-06   Iter/sec:  3.206E-01
 Iteration:  00000031   DeltaT:  2.556E-06   Iter/sec:  3.113E-01
 Iteration:  00000032   DeltaT:  2.556E-06   Iter/sec:  3.175E-01
 Iteration:  00000033   DeltaT:  2.556E-06   Iter/sec:  3.134E-01
 Iteration:  00000034   DeltaT:  2.556E-06   Iter/sec:  3.169E-01
 Iteration:  00000035   DeltaT:  2.556E-06   Iter/sec:  3.132E-01
 Iteration:  00000036   DeltaT:  2.556E-06   Iter/sec:  3.213E-01
 Iteration:  00000037   DeltaT:  2.556E-06   Iter/sec:  3.131E-01
 Iteration:  00000038   DeltaT:  2.556E-06   Iter/sec:  3.177E-01
 Iteration:  00000039   DeltaT:  2.556E-06   Iter/sec:  3.128E-01
 Iteration:  00000040   DeltaT:  2.556E-06   Iter/sec:  3.192E-01
 Iteration:  00000041   DeltaT:  2.556E-06   Iter/sec:  3.140E-01
 Iteration:  00000042   DeltaT:  2.556E-06   Iter/sec:  3.169E-01
 Iteration:  00000043   DeltaT:  2.556E-06   Iter/sec:  3.140E-01
 Iteration:  00000044   DeltaT:  2.556E-06   Iter/sec:  3.210E-01
 Iteration:  00000045   DeltaT:  2.556E-06   Iter/sec:  3.145E-01
 Iteration:  00000046   DeltaT:  2.556E-06   Iter/sec:  3.159E-01
 Iteration:  00000047   DeltaT:  2.556E-06   Iter/sec:  3.078E-01
 Iteration:  00000048   DeltaT:  2.556E-06   Iter/sec:  3.191E-01
 Iteration:  00000049   DeltaT:  2.556E-06   Iter/sec:  3.147E-01
 Iteration:  00000050   DeltaT:  2.556E-06   Iter/sec:  3.188E-01


//////////////////////////////////////////////
   Measured Timings for Process 0  (seconds)

 Elapsed time:       179.0747
  Column time:        40.0380
     Row time:        45.0260
Legendre time:        27.6693
     FFT time:         7.9913
   Solve time:         2.5664
    rlma time:         3.0586
    rlmb time:         1.4306
  pspace time:        14.5663
  psolve time:        13.7522
    dphi time:         0.4654
captured time:       156.5642

     iter/sec:         0.2736
//////////////////////////////////////////////
