 //////////////////////////////////////
 Initializating Rayleigh...

 -- Initalizing MPI...
 ---- Specified parameters:
 ---- NCPU  :     64
 ---- NPROW :      8
 ---- NPCOL :      8
 -- MPI initialized.


 -- Initalizing Grid...
 ---- Specified parameters ----
 ---- N_R                 :    128
 ---- N_THETA             :    384
 ---- Ell_MAX             :    255
 ---- R_MIN               :  5.38462E-01
 ---- R_MAX               :  1.53846E+00
 ---- Chebyshev Domains   :      1

        Domain 1
          Grid points           :  128
          Dealiased Polynomials :  85
          Domain Lower Bound    :  5.38462E-01
          Domain Upper Bound    :  1.53846E+00

 -- Grid initialized.

 -- Initalizing Reference State...
 ---- Specified parameters:
 ---- Reference type           :  Boussinesq (Non-dimensional)
 ---- Rayleigh Number          :  1.00000E+05
 ---- Ekman Number             :  1.00000E-03
 ---- Prandtl Number           :  1.00000E+00
 ---- Magnetic Prandtl Number  :  5.00000E+00
 -- Reference State initialized.

 -- Initializing Fields...
 ---- Specified parameters:
 ---- Hydro Init Type    : Benchmark (Christensen et al. 2001)
 ---- Magnetic Init Type : Benchmark (Christensen et al. 2001)
 -- Fields initialized.

 Initialization Complete.
 //////////////////////////////////////

 Timestep has changed from  0.00000E+00 to  1.00000E-04.
 Iteration:  00000001   DeltaT:  1.000E-04   Iter/sec:  0.000E+00
 Timestep has changed from  1.00000E-04 to  2.55566E-06.
 Iteration:  00000002   DeltaT:  2.556E-06   Iter/sec:  6.250E-01
 Iteration:  00000003   DeltaT:  2.556E-06   Iter/sec:  7.703E-01
 Iteration:  00000004   DeltaT:  2.556E-06   Iter/sec:  8.859E-01
 Iteration:  00000005   DeltaT:  2.556E-06   Iter/sec:  8.820E-01
 Iteration:  00000006   DeltaT:  2.556E-06   Iter/sec:  8.956E-01
 Iteration:  00000007   DeltaT:  2.556E-06   Iter/sec:  8.779E-01
 Iteration:  00000008   DeltaT:  2.556E-06   Iter/sec:  8.672E-01
 Iteration:  00000009   DeltaT:  2.556E-06   Iter/sec:  8.723E-01
 Iteration:  00000010   DeltaT:  2.556E-06   Iter/sec:  8.836E-01
 Iteration:  00000011   DeltaT:  2.556E-06   Iter/sec:  8.805E-01
 Iteration:  00000012   DeltaT:  2.556E-06   Iter/sec:  8.626E-01
 Iteration:  00000013   DeltaT:  2.556E-06   Iter/sec:  8.869E-01
 Iteration:  00000014   DeltaT:  2.556E-06   Iter/sec:  9.002E-01
 Iteration:  00000015   DeltaT:  2.556E-06   Iter/sec:  8.737E-01
 Iteration:  00000016   DeltaT:  2.556E-06   Iter/sec:  8.770E-01
 Iteration:  00000017   DeltaT:  2.556E-06   Iter/sec:  8.799E-01
 Iteration:  00000018   DeltaT:  2.556E-06   Iter/sec:  8.774E-01
 Iteration:  00000019   DeltaT:  2.556E-06   Iter/sec:  8.801E-01
 Iteration:  00000020   DeltaT:  2.556E-06   Iter/sec:  8.855E-01
 Iteration:  00000021   DeltaT:  2.556E-06   Iter/sec:  8.846E-01
 Iteration:  00000022   DeltaT:  2.556E-06   Iter/sec:  8.877E-01
 Iteration:  00000023   DeltaT:  2.556E-06   Iter/sec:  8.723E-01
 Iteration:  00000024   DeltaT:  2.556E-06   Iter/sec:  8.885E-01
 Iteration:  00000025   DeltaT:  2.556E-06   Iter/sec:  8.782E-01
 Iteration:  00000026   DeltaT:  2.556E-06   Iter/sec:  8.953E-01
 Iteration:  00000027   DeltaT:  2.556E-06   Iter/sec:  8.752E-01
 Iteration:  00000028   DeltaT:  2.556E-06   Iter/sec:  8.737E-01
 Iteration:  00000029   DeltaT:  2.556E-06   Iter/sec:  8.667E-01
 Iteration:  00000030   DeltaT:  2.556E-06   Iter/sec:  8.694E-01
 Iteration:  00000031   DeltaT:  2.556E-06   Iter/sec:  8.837E-01
 Iteration:  00000032   DeltaT:  2.556E-06   Iter/sec:  8.762E-01
 Iteration:  00000033   DeltaT:  2.556E-06   Iter/sec:  8.867E-01
 Iteration:  00000034   DeltaT:  2.556E-06   Iter/sec:  8.764E-01
 Iteration:  00000035   DeltaT:  2.556E-06   Iter/sec:  8.771E-01
 Iteration:  00000036   DeltaT:  2.556E-06   Iter/sec:  8.861E-01
 Iteration:  00000037   DeltaT:  2.556E-06   Iter/sec:  8.738E-01
 Iteration:  00000038   DeltaT:  2.556E-06   Iter/sec:  8.926E-01
 Iteration:  00000039   DeltaT:  2.556E-06   Iter/sec:  8.680E-01
 Iteration:  00000040   DeltaT:  2.556E-06   Iter/sec:  8.796E-01
 Iteration:  00000041   DeltaT:  2.556E-06   Iter/sec:  8.405E-01
 Iteration:  00000042   DeltaT:  2.556E-06   Iter/sec:  8.159E-01
 Iteration:  00000043   DeltaT:  2.556E-06   Iter/sec:  8.874E-01
 Iteration:  00000044   DeltaT:  2.556E-06   Iter/sec:  8.784E-01
 Iteration:  00000045   DeltaT:  2.556E-06   Iter/sec:  8.836E-01
 Iteration:  00000046   DeltaT:  2.556E-06   Iter/sec:  8.775E-01
 Iteration:  00000047   DeltaT:  2.556E-06   Iter/sec:  8.766E-01
 Iteration:  00000048   DeltaT:  2.556E-06   Iter/sec:  8.892E-01
 Iteration:  00000049   DeltaT:  2.556E-06   Iter/sec:  8.804E-01
 Iteration:  00000050   DeltaT:  2.556E-06   Iter/sec:  8.421E-01


//////////////////////////////////////////////
   Measured Timings for Process 0  (seconds)

 Elapsed time:        59.4934
  Column time:         5.8285
     Row time:        20.5781
Legendre time:         7.8576
     FFT time:         4.0333
   Solve time:         1.4363
    rlma time:         1.2723
    rlmb time:         0.5660
  pspace time:         7.8307
  psolve time:         6.6857
    dphi time:         0.3062
captured time:        56.3947

     iter/sec:         0.8236
//////////////////////////////////////////////
