 //////////////////////////////////////
 Initializating Rayleigh...

 -- Initalizing MPI...
 ---- Specified parameters:
 ---- NCPU  :    256
 ---- NPROW :     16
 ---- NPCOL :     16
 -- MPI initialized.


 -- Initalizing Grid...
 ---- Specified parameters ----
 ---- N_R                 :    128
 ---- N_THETA             :    768
 ---- Ell_MAX             :    511
 ---- R_MIN               :  5.38462E-01
 ---- R_MAX               :  1.53846E+00
 ---- Chebyshev Domains   :      1

        Domain 1
          Grid points           :  128
          Dealiased Polynomials :  85
          Domain Lower Bound    :  5.38462E-01
          Domain Upper Bound    :  1.53846E+00

 -- Grid initialized.

 -- Initalizing Reference State...
 ---- Specified parameters:
 ---- Reference type           :  Boussinesq (Non-dimensional)
 ---- Rayleigh Number          :  1.00000E+05
 ---- Ekman Number             :  1.00000E-03
 ---- Prandtl Number           :  1.00000E+00
 ---- Magnetic Prandtl Number  :  5.00000E+00
 -- Reference State initialized.

 -- Initializing Fields...
 ---- Specified parameters:
 ---- Hydro Init Type    : Benchmark (Christensen et al. 2001)
 ---- Magnetic Init Type : Benchmark (Christensen et al. 2001)
 -- Fields initialized.

 Initialization Complete.
 //////////////////////////////////////

 Timestep has changed from  0.00000E+00 to  1.00000E-04.
 Iteration:  00000001   DeltaT:  1.000E-04   Iter/sec:  0.000E+00
 Timestep has changed from  1.00000E-04 to  2.55562E-06.
 Iteration:  00000002   DeltaT:  2.556E-06   Iter/sec:  4.092E-01
 Iteration:  00000003   DeltaT:  2.556E-06   Iter/sec:  7.073E-01
 Iteration:  00000004   DeltaT:  2.556E-06   Iter/sec:  8.121E-01
 Iteration:  00000005   DeltaT:  2.556E-06   Iter/sec:  7.746E-01
 Iteration:  00000006   DeltaT:  2.556E-06   Iter/sec:  7.993E-01
 Iteration:  00000007   DeltaT:  2.556E-06   Iter/sec:  7.597E-01
 Iteration:  00000008   DeltaT:  2.556E-06   Iter/sec:  7.866E-01
 Iteration:  00000009   DeltaT:  2.556E-06   Iter/sec:  8.070E-01
 Iteration:  00000010   DeltaT:  2.556E-06   Iter/sec:  7.855E-01
 Iteration:  00000011   DeltaT:  2.556E-06   Iter/sec:  8.258E-01
 Iteration:  00000012   DeltaT:  2.556E-06   Iter/sec:  8.004E-01
 Iteration:  00000013   DeltaT:  2.556E-06   Iter/sec:  8.160E-01
 Iteration:  00000014   DeltaT:  2.556E-06   Iter/sec:  7.929E-01
 Iteration:  00000015   DeltaT:  2.556E-06   Iter/sec:  7.858E-01
 Iteration:  00000016   DeltaT:  2.556E-06   Iter/sec:  7.839E-01
 Iteration:  00000017   DeltaT:  2.556E-06   Iter/sec:  7.446E-01
 Iteration:  00000018   DeltaT:  2.556E-06   Iter/sec:  8.092E-01
 Iteration:  00000019   DeltaT:  2.556E-06   Iter/sec:  7.935E-01
 Iteration:  00000020   DeltaT:  2.556E-06   Iter/sec:  7.728E-01
 Iteration:  00000021   DeltaT:  2.556E-06   Iter/sec:  8.039E-01
 Iteration:  00000022   DeltaT:  2.556E-06   Iter/sec:  7.580E-01
 Iteration:  00000023   DeltaT:  2.556E-06   Iter/sec:  8.081E-01
 Iteration:  00000024   DeltaT:  2.556E-06   Iter/sec:  7.763E-01
 Iteration:  00000025   DeltaT:  2.556E-06   Iter/sec:  8.176E-01
 Iteration:  00000026   DeltaT:  2.556E-06   Iter/sec:  8.070E-01
 Iteration:  00000027   DeltaT:  2.556E-06   Iter/sec:  7.765E-01
 Iteration:  00000028   DeltaT:  2.556E-06   Iter/sec:  7.904E-01
 Iteration:  00000029   DeltaT:  2.556E-06   Iter/sec:  7.649E-01
 Iteration:  00000030   DeltaT:  2.556E-06   Iter/sec:  7.980E-01
 Iteration:  00000031   DeltaT:  2.556E-06   Iter/sec:  7.935E-01
 Iteration:  00000032   DeltaT:  2.556E-06   Iter/sec:  7.901E-01
 Iteration:  00000033   DeltaT:  2.556E-06   Iter/sec:  7.874E-01
 Iteration:  00000034   DeltaT:  2.556E-06   Iter/sec:  8.161E-01
 Iteration:  00000035   DeltaT:  2.556E-06   Iter/sec:  8.072E-01
 Iteration:  00000036   DeltaT:  2.556E-06   Iter/sec:  7.843E-01
 Iteration:  00000037   DeltaT:  2.556E-06   Iter/sec:  7.872E-01
 Iteration:  00000038   DeltaT:  2.556E-06   Iter/sec:  7.985E-01
 Iteration:  00000039   DeltaT:  2.556E-06   Iter/sec:  7.673E-01
 Iteration:  00000040   DeltaT:  2.556E-06   Iter/sec:  7.971E-01
 Iteration:  00000041   DeltaT:  2.556E-06   Iter/sec:  7.690E-01
 Iteration:  00000042   DeltaT:  2.556E-06   Iter/sec:  8.149E-01
 Iteration:  00000043   DeltaT:  2.556E-06   Iter/sec:  7.666E-01
 Iteration:  00000044   DeltaT:  2.556E-06   Iter/sec:  8.027E-01
 Iteration:  00000045   DeltaT:  2.556E-06   Iter/sec:  7.920E-01
 Iteration:  00000046   DeltaT:  2.556E-06   Iter/sec:  7.984E-01
 Iteration:  00000047   DeltaT:  2.556E-06   Iter/sec:  8.058E-01
 Iteration:  00000048   DeltaT:  2.556E-06   Iter/sec:  7.891E-01
 Iteration:  00000049   DeltaT:  2.556E-06   Iter/sec:  8.062E-01
 Iteration:  00000050   DeltaT:  2.556E-06   Iter/sec:  7.960E-01


//////////////////////////////////////////////
   Measured Timings for Process 0  (seconds)

 Elapsed time:        68.0914
  Column time:        11.3913
     Row time:        19.7683
Legendre time:         9.4107
     FFT time:         3.8079
   Solve time:         1.4128
    rlma time:         0.8856
    rlmb time:         0.4974
  pspace time:         8.9502
  psolve time:         6.3070
    dphi time:         0.4237
captured time:        62.8550

     iter/sec:         0.7196
//////////////////////////////////////////////
