 //////////////////////////////////////
 Initializating Rayleigh...

 -- Initalizing MPI...
 ---- Specified parameters:
 ---- NCPU  :     16
 ---- NPROW :      4
 ---- NPCOL :      4
 -- MPI initialized.


 -- Initalizing Grid...
 ---- Specified parameters ----
 ---- N_R                 :    128
 ---- N_THETA             :    192
 ---- Ell_MAX             :    127
 ---- R_MIN               :  5.38462E-01
 ---- R_MAX               :  1.53846E+00
 ---- Chebyshev Domains   :      1

        Domain 1
          Grid points           :  128
          Dealiased Polynomials :  85
          Domain Lower Bound    :  5.38462E-01
          Domain Upper Bound    :  1.53846E+00

 -- Grid initialized.

 -- Initalizing Reference State...
 ---- Specified parameters:
 ---- Reference type           :  Boussinesq (Non-dimensional)
 ---- Rayleigh Number          :  1.00000E+05
 ---- Ekman Number             :  1.00000E-03
 ---- Prandtl Number           :  1.00000E+00
 ---- Magnetic Prandtl Number  :  5.00000E+00
 -- Reference State initialized.

 -- Initializing Fields...
 ---- Specified parameters:
 ---- Hydro Init Type    : Benchmark (Christensen et al. 2001)
 ---- Magnetic Init Type : Benchmark (Christensen et al. 2001)
 -- Fields initialized.

 Initialization Complete.
 //////////////////////////////////////

 Timestep has changed from  0.00000E+00 to  1.00000E-04.
 Iteration:  00000001   DeltaT:  1.000E-04   Iter/sec:  0.000E+00
 Timestep has changed from  1.00000E-04 to  2.55581E-06.
 Iteration:  00000002   DeltaT:  2.556E-06   Iter/sec:  6.770E-01
 Iteration:  00000003   DeltaT:  2.556E-06   Iter/sec:  7.540E-01
 Iteration:  00000004   DeltaT:  2.556E-06   Iter/sec:  8.381E-01
 Iteration:  00000005   DeltaT:  2.556E-06   Iter/sec:  8.421E-01
 Iteration:  00000006   DeltaT:  2.556E-06   Iter/sec:  8.430E-01
 Iteration:  00000007   DeltaT:  2.556E-06   Iter/sec:  8.481E-01
 Iteration:  00000008   DeltaT:  2.556E-06   Iter/sec:  8.470E-01
 Iteration:  00000009   DeltaT:  2.556E-06   Iter/sec:  8.502E-01
 Iteration:  00000010   DeltaT:  2.556E-06   Iter/sec:  8.349E-01
 Iteration:  00000011   DeltaT:  2.556E-06   Iter/sec:  8.439E-01
 Iteration:  00000012   DeltaT:  2.556E-06   Iter/sec:  8.361E-01
 Iteration:  00000013   DeltaT:  2.556E-06   Iter/sec:  8.446E-01
 Iteration:  00000014   DeltaT:  2.556E-06   Iter/sec:  8.412E-01
 Iteration:  00000015   DeltaT:  2.556E-06   Iter/sec:  8.417E-01
 Iteration:  00000016   DeltaT:  2.556E-06   Iter/sec:  8.403E-01
 Iteration:  00000017   DeltaT:  2.556E-06   Iter/sec:  8.404E-01
 Iteration:  00000018   DeltaT:  2.556E-06   Iter/sec:  8.377E-01
 Iteration:  00000019   DeltaT:  2.556E-06   Iter/sec:  8.419E-01
 Iteration:  00000020   DeltaT:  2.556E-06   Iter/sec:  8.424E-01
 Iteration:  00000021   DeltaT:  2.556E-06   Iter/sec:  8.388E-01
 Iteration:  00000022   DeltaT:  2.556E-06   Iter/sec:  8.372E-01
 Iteration:  00000023   DeltaT:  2.556E-06   Iter/sec:  8.380E-01
 Iteration:  00000024   DeltaT:  2.556E-06   Iter/sec:  8.528E-01
 Iteration:  00000025   DeltaT:  2.556E-06   Iter/sec:  8.472E-01
 Iteration:  00000026   DeltaT:  2.556E-06   Iter/sec:  8.394E-01
 Iteration:  00000027   DeltaT:  2.556E-06   Iter/sec:  8.409E-01
 Iteration:  00000028   DeltaT:  2.556E-06   Iter/sec:  8.458E-01
 Iteration:  00000029   DeltaT:  2.556E-06   Iter/sec:  8.446E-01
 Iteration:  00000030   DeltaT:  2.556E-06   Iter/sec:  8.420E-01
 Iteration:  00000031   DeltaT:  2.556E-06   Iter/sec:  8.435E-01
 Iteration:  00000032   DeltaT:  2.556E-06   Iter/sec:  8.437E-01
 Iteration:  00000033   DeltaT:  2.556E-06   Iter/sec:  8.509E-01
 Iteration:  00000034   DeltaT:  2.556E-06   Iter/sec:  8.423E-01
 Iteration:  00000035   DeltaT:  2.556E-06   Iter/sec:  8.408E-01
 Iteration:  00000036   DeltaT:  2.556E-06   Iter/sec:  8.437E-01
 Iteration:  00000037   DeltaT:  2.556E-06   Iter/sec:  8.440E-01
 Iteration:  00000038   DeltaT:  2.556E-06   Iter/sec:  8.472E-01
 Iteration:  00000039   DeltaT:  2.556E-06   Iter/sec:  8.394E-01
 Iteration:  00000040   DeltaT:  2.556E-06   Iter/sec:  8.465E-01
 Iteration:  00000041   DeltaT:  2.556E-06   Iter/sec:  8.381E-01
 Iteration:  00000042   DeltaT:  2.556E-06   Iter/sec:  8.481E-01
 Iteration:  00000043   DeltaT:  2.556E-06   Iter/sec:  8.369E-01
 Iteration:  00000044   DeltaT:  2.556E-06   Iter/sec:  8.448E-01
 Iteration:  00000045   DeltaT:  2.556E-06   Iter/sec:  8.421E-01
 Iteration:  00000046   DeltaT:  2.556E-06   Iter/sec:  8.351E-01
 Iteration:  00000047   DeltaT:  2.556E-06   Iter/sec:  8.515E-01
 Iteration:  00000048   DeltaT:  2.556E-06   Iter/sec:  8.393E-01
 Iteration:  00000049   DeltaT:  2.556E-06   Iter/sec:  8.431E-01
 Iteration:  00000050   DeltaT:  2.556E-06   Iter/sec:  8.408E-01


//////////////////////////////////////////////
   Measured Timings for Process 0  (seconds)

 Elapsed time:        60.2626
  Column time:         3.1456
     Row time:        24.3399
Legendre time:         7.6872
     FFT time:         3.9132
   Solve time:         1.3928
    rlma time:         1.1704
    rlmb time:         0.4646
  pspace time:         9.1763
  psolve time:         6.9244
    dphi time:         0.4698
captured time:        58.6841

     iter/sec:         0.8131
//////////////////////////////////////////////
