 //////////////////////////////////////
 Initializating Rayleigh...

 -- Initalizing MPI...
 ---- Specified parameters:
 ---- NCPU  :     64
 ---- NPROW :     16
 ---- NPCOL :      4
 -- MPI initialized.


 -- Initalizing Grid...
 ---- Specified parameters ----
 ---- N_R                 :     64
 ---- N_THETA             :    192
 ---- Ell_MAX             :    127
 ---- R_MIN               :  5.38462E-01
 ---- R_MAX               :  1.53846E+00
 ---- Chebyshev Domains   :      1

        Domain 1
          Grid points           :  64
          Dealiased Polynomials :  42
          Domain Lower Bound    :  5.38462E-01
          Domain Upper Bound    :  1.53846E+00

 -- Grid initialized.

 -- Initalizing Reference State...
 ---- Specified parameters:
 ---- Reference type           :  Boussinesq (Non-dimensional)
 ---- Rayleigh Number          :  1.00000E+05
 ---- Ekman Number             :  1.00000E-03
 ---- Prandtl Number           :  1.00000E+00
 ---- Magnetic Prandtl Number  :  5.00000E+00
 -- Reference State initialized.

 -- Initializing Fields...
 ---- Specified parameters:
 ---- Hydro Init Type    : Benchmark (Christensen et al. 2001)
 ---- Magnetic Init Type : Benchmark (Christensen et al. 2001)
 -- Fields initialized.

 Initialization Complete.
 //////////////////////////////////////

 Timestep has changed from  0.00000E+00 to  1.00000E-04.
 Iteration:  00000001   DeltaT:  1.000E-04   Iter/sec:  0.000E+00
 Timestep has changed from  1.00000E-04 to  1.02217E-05.
 Iteration:  00000002   DeltaT:  1.022E-05   Iter/sec:  4.418E+00
 Iteration:  00000003   DeltaT:  1.022E-05   Iter/sec:  6.778E+00
 Iteration:  00000004   DeltaT:  1.022E-05   Iter/sec:  8.470E+00
 Iteration:  00000005   DeltaT:  1.022E-05   Iter/sec:  8.777E+00
 Iteration:  00000006   DeltaT:  1.022E-05   Iter/sec:  8.762E+00
 Iteration:  00000007   DeltaT:  1.022E-05   Iter/sec:  8.766E+00
 Iteration:  00000008   DeltaT:  1.022E-05   Iter/sec:  8.668E+00
 Iteration:  00000009   DeltaT:  1.022E-05   Iter/sec:  8.738E+00
 Iteration:  00000010   DeltaT:  1.022E-05   Iter/sec:  8.728E+00
 Iteration:  00000011   DeltaT:  1.022E-05   Iter/sec:  8.752E+00
 Iteration:  00000012   DeltaT:  1.022E-05   Iter/sec:  8.722E+00
 Iteration:  00000013   DeltaT:  1.022E-05   Iter/sec:  8.633E+00
 Iteration:  00000014   DeltaT:  1.022E-05   Iter/sec:  8.794E+00
 Iteration:  00000015   DeltaT:  1.022E-05   Iter/sec:  8.651E+00
 Iteration:  00000016   DeltaT:  1.022E-05   Iter/sec:  8.613E+00
 Iteration:  00000017   DeltaT:  1.022E-05   Iter/sec:  8.761E+00
 Iteration:  00000018   DeltaT:  1.022E-05   Iter/sec:  8.666E+00
 Iteration:  00000019   DeltaT:  1.022E-05   Iter/sec:  8.731E+00
 Iteration:  00000020   DeltaT:  1.022E-05   Iter/sec:  8.673E+00
 Iteration:  00000021   DeltaT:  1.022E-05   Iter/sec:  8.675E+00
 Iteration:  00000022   DeltaT:  1.022E-05   Iter/sec:  8.787E+00
 Iteration:  00000023   DeltaT:  1.022E-05   Iter/sec:  8.731E+00
 Iteration:  00000024   DeltaT:  1.022E-05   Iter/sec:  8.662E+00
 Iteration:  00000025   DeltaT:  1.022E-05   Iter/sec:  8.704E+00
 Iteration:  00000026   DeltaT:  1.022E-05   Iter/sec:  8.719E+00
 Iteration:  00000027   DeltaT:  1.022E-05   Iter/sec:  8.624E+00
 Iteration:  00000028   DeltaT:  1.022E-05   Iter/sec:  8.712E+00
 Iteration:  00000029   DeltaT:  1.022E-05   Iter/sec:  8.603E+00
 Iteration:  00000030   DeltaT:  1.022E-05   Iter/sec:  8.645E+00
 Iteration:  00000031   DeltaT:  1.022E-05   Iter/sec:  8.653E+00
 Iteration:  00000032   DeltaT:  1.022E-05   Iter/sec:  8.672E+00
 Iteration:  00000033   DeltaT:  1.022E-05   Iter/sec:  8.638E+00
 Iteration:  00000034   DeltaT:  1.022E-05   Iter/sec:  8.735E+00
 Iteration:  00000035   DeltaT:  1.022E-05   Iter/sec:  8.645E+00
 Iteration:  00000036   DeltaT:  1.022E-05   Iter/sec:  8.699E+00
 Iteration:  00000037   DeltaT:  1.022E-05   Iter/sec:  8.733E+00
 Iteration:  00000038   DeltaT:  1.022E-05   Iter/sec:  8.720E+00
 Iteration:  00000039   DeltaT:  1.022E-05   Iter/sec:  8.718E+00
 Iteration:  00000040   DeltaT:  1.022E-05   Iter/sec:  8.796E+00
 Iteration:  00000041   DeltaT:  1.022E-05   Iter/sec:  8.685E+00
 Iteration:  00000042   DeltaT:  1.022E-05   Iter/sec:  9.027E+00
 Iteration:  00000043   DeltaT:  1.022E-05   Iter/sec:  8.787E+00
 Iteration:  00000044   DeltaT:  1.022E-05   Iter/sec:  8.642E+00
 Iteration:  00000045   DeltaT:  1.022E-05   Iter/sec:  9.103E+00
 Iteration:  00000046   DeltaT:  1.022E-05   Iter/sec:  8.797E+00
 Iteration:  00000047   DeltaT:  1.022E-05   Iter/sec:  9.042E+00
 Iteration:  00000048   DeltaT:  1.022E-05   Iter/sec:  8.658E+00
 Iteration:  00000049   DeltaT:  1.022E-05   Iter/sec:  8.972E+00
 Iteration:  00000050   DeltaT:  1.022E-05   Iter/sec:  8.719E+00


//////////////////////////////////////////////
   Measured Timings for Process 0  (seconds)

 Elapsed time:         5.8003
  Column time:         0.3925
     Row time:         2.0652
Legendre time:         0.7186
     FFT time:         0.4837
   Solve time:         0.2217
    rlma time:         0.0979
    rlmb time:         0.0335
  pspace time:         0.9725
  psolve time:         0.6783
    dphi time:         0.0685
captured time:         5.7324

     iter/sec:         8.6203
//////////////////////////////////////////////
