 //////////////////////////////////////
 Initializating Rayleigh...

 -- Initalizing MPI...
 ---- Specified parameters:
 ---- NCPU  :   4096
 ---- NPROW :     32
 ---- NPCOL :    128
 -- MPI initialized.


 -- Initalizing Grid...
 ---- Specified parameters ----
 ---- N_R                 :    256
 ---- N_THETA             :    768
 ---- Ell_MAX             :    511
 ---- R_MIN               :  5.38462E-01
 ---- R_MAX               :  1.53846E+00
 ---- Chebyshev Domains   :      1

        Domain 1
          Grid points           :  256
          Dealiased Polynomials :  170
          Domain Lower Bound    :  5.38462E-01
          Domain Upper Bound    :  1.53846E+00

 -- Grid initialized.

 -- Initalizing Reference State...
 ---- Specified parameters:
 ---- Reference type           :  Boussinesq (Non-dimensional)
 ---- Rayleigh Number          :  1.00000E+05
 ---- Ekman Number             :  1.00000E-03
 ---- Prandtl Number           :  1.00000E+00
 ---- Magnetic Prandtl Number  :  5.00000E+00
 -- Reference State initialized.

 -- Initializing Fields...
 ---- Specified parameters:
 ---- Hydro Init Type    : Benchmark (Christensen et al. 2001)
 ---- Magnetic Init Type : Benchmark (Christensen et al. 2001)
 -- Fields initialized.

 Initialization Complete.
 //////////////////////////////////////

 Timestep has changed from  0.00000E+00 to  1.00000E-04.
 Iteration:  00000001   DeltaT:  1.000E-04   Iter/sec:  0.000E+00
 Timestep has changed from  1.00000E-04 to  6.38929E-07.
 Iteration:  00000002   DeltaT:  6.389E-07   Iter/sec:  5.759E-01
 Iteration:  00000003   DeltaT:  6.389E-07   Iter/sec:  1.963E+00
 Iteration:  00000004   DeltaT:  6.389E-07   Iter/sec:  4.420E+00
 Iteration:  00000005   DeltaT:  6.389E-07   Iter/sec:  4.757E+00
 Iteration:  00000006   DeltaT:  6.389E-07   Iter/sec:  3.990E+00
 Iteration:  00000007   DeltaT:  6.389E-07   Iter/sec:  4.703E+00
 Iteration:  00000008   DeltaT:  6.389E-07   Iter/sec:  3.869E+00
 Iteration:  00000009   DeltaT:  6.389E-07   Iter/sec:  4.944E+00
 Iteration:  00000010   DeltaT:  6.389E-07   Iter/sec:  4.735E+00
 Iteration:  00000011   DeltaT:  6.389E-07   Iter/sec:  4.576E+00
 Iteration:  00000012   DeltaT:  6.389E-07   Iter/sec:  4.384E+00
 Iteration:  00000013   DeltaT:  6.389E-07   Iter/sec:  4.573E+00
 Iteration:  00000014   DeltaT:  6.389E-07   Iter/sec:  4.467E+00
 Iteration:  00000015   DeltaT:  6.389E-07   Iter/sec:  3.730E+00
 Iteration:  00000016   DeltaT:  6.389E-07   Iter/sec:  4.661E+00
 Iteration:  00000017   DeltaT:  6.389E-07   Iter/sec:  4.464E+00
 Iteration:  00000018   DeltaT:  6.389E-07   Iter/sec:  3.661E+00
 Iteration:  00000019   DeltaT:  6.389E-07   Iter/sec:  4.599E+00
 Iteration:  00000020   DeltaT:  6.389E-07   Iter/sec:  4.549E+00
 Iteration:  00000021   DeltaT:  6.389E-07   Iter/sec:  3.764E+00
 Iteration:  00000022   DeltaT:  6.389E-07   Iter/sec:  4.694E+00
 Iteration:  00000023   DeltaT:  6.389E-07   Iter/sec:  4.588E+00
 Iteration:  00000024   DeltaT:  6.389E-07   Iter/sec:  4.134E+00
 Iteration:  00000025   DeltaT:  6.389E-07   Iter/sec:  4.653E+00
 Iteration:  00000026   DeltaT:  6.389E-07   Iter/sec:  4.687E+00
 Iteration:  00000027   DeltaT:  6.389E-07   Iter/sec:  3.596E+00
 Iteration:  00000028   DeltaT:  6.389E-07   Iter/sec:  4.667E+00
 Iteration:  00000029   DeltaT:  6.389E-07   Iter/sec:  4.837E+00
 Iteration:  00000030   DeltaT:  6.389E-07   Iter/sec:  4.324E+00
 Iteration:  00000031   DeltaT:  6.389E-07   Iter/sec:  4.739E+00
 Iteration:  00000032   DeltaT:  6.389E-07   Iter/sec:  4.414E+00
 Iteration:  00000033   DeltaT:  6.389E-07   Iter/sec:  3.964E+00
 Iteration:  00000034   DeltaT:  6.389E-07   Iter/sec:  4.813E+00
 Iteration:  00000035   DeltaT:  6.389E-07   Iter/sec:  4.748E+00
 Iteration:  00000036   DeltaT:  6.389E-07   Iter/sec:  3.861E+00
 Iteration:  00000037   DeltaT:  6.389E-07   Iter/sec:  5.016E+00
 Iteration:  00000038   DeltaT:  6.389E-07   Iter/sec:  4.439E+00
 Iteration:  00000039   DeltaT:  6.389E-07   Iter/sec:  4.204E+00
 Iteration:  00000040   DeltaT:  6.389E-07   Iter/sec:  4.199E+00
 Iteration:  00000041   DeltaT:  6.389E-07   Iter/sec:  4.492E+00
 Iteration:  00000042   DeltaT:  6.389E-07   Iter/sec:  4.331E+00
 Iteration:  00000043   DeltaT:  6.389E-07   Iter/sec:  4.759E+00
 Iteration:  00000044   DeltaT:  6.389E-07   Iter/sec:  4.885E+00
 Iteration:  00000045   DeltaT:  6.389E-07   Iter/sec:  3.133E+00
 Iteration:  00000046   DeltaT:  6.389E-07   Iter/sec:  6.599E+00
 Iteration:  00000047   DeltaT:  6.389E-07   Iter/sec:  4.662E+00
 Iteration:  00000048   DeltaT:  6.389E-07   Iter/sec:  4.116E+00
 Iteration:  00000049   DeltaT:  6.389E-07   Iter/sec:  4.538E+00
 Iteration:  00000050   DeltaT:  6.389E-07   Iter/sec:  4.782E+00


//////////////////////////////////////////////
   Measured Timings for Process 0  (seconds)

 Elapsed time:        12.0452
  Column time:         4.4807
     Row time:         3.0620
Legendre time:         0.9880
     FFT time:         0.4848
   Solve time:         0.7060
    rlma time:         0.0997
    rlmb time:         0.0459
  pspace time:         0.9183
  psolve time:         1.1345
    dphi time:         0.0551
captured time:        11.9750

     iter/sec:         4.1510
//////////////////////////////////////////////
