 //////////////////////////////////////
 Initializating Rayleigh...

 -- Initalizing MPI...
 ---- Specified parameters:
 ---- NCPU  :    512
 ---- NPROW :     16
 ---- NPCOL :     32
 -- MPI initialized.


 -- Initalizing Grid...
 ---- Specified parameters ----
 ---- N_R                 :     64
 ---- N_THETA             :    192
 ---- Ell_MAX             :    127
 ---- R_MIN               :  5.38462E-01
 ---- R_MAX               :  1.53846E+00
 ---- Chebyshev Domains   :      1

        Domain 1
          Grid points           :  64
          Dealiased Polynomials :  42
          Domain Lower Bound    :  5.38462E-01
          Domain Upper Bound    :  1.53846E+00

 -- Grid initialized.

 -- Initalizing Reference State...
 ---- Specified parameters:
 ---- Reference type           :  Boussinesq (Non-dimensional)
 ---- Rayleigh Number          :  1.00000E+05
 ---- Ekman Number             :  1.00000E-03
 ---- Prandtl Number           :  1.00000E+00
 ---- Magnetic Prandtl Number  :  5.00000E+00
 -- Reference State initialized.

 -- Initializing Fields...
 ---- Specified parameters:
 ---- Hydro Init Type    : Benchmark (Christensen et al. 2001)
 ---- Magnetic Init Type : Benchmark (Christensen et al. 2001)
 -- Fields initialized.

 Initialization Complete.
 //////////////////////////////////////

 Timestep has changed from  0.00000E+00 to  1.00000E-04.
 Iteration:  00000001   DeltaT:  1.000E-04   Iter/sec:  0.000E+00
 Timestep has changed from  1.00000E-04 to  1.02217E-05.
 Iteration:  00000002   DeltaT:  1.022E-05   Iter/sec:  9.907E+00
 Iteration:  00000003   DeltaT:  1.022E-05   Iter/sec:  5.802E+01
 Iteration:  00000004   DeltaT:  1.022E-05   Iter/sec:  9.441E+01
 Iteration:  00000005   DeltaT:  1.022E-05   Iter/sec:  9.093E+01
 Iteration:  00000006   DeltaT:  1.022E-05   Iter/sec:  9.116E+01
 Iteration:  00000007   DeltaT:  1.022E-05   Iter/sec:  8.959E+01
 Iteration:  00000008   DeltaT:  1.022E-05   Iter/sec:  8.891E+01
 Iteration:  00000009   DeltaT:  1.022E-05   Iter/sec:  8.797E+01
 Iteration:  00000010   DeltaT:  1.022E-05   Iter/sec:  9.449E+01
 Iteration:  00000011   DeltaT:  1.022E-05   Iter/sec:  9.091E+01
 Iteration:  00000012   DeltaT:  1.022E-05   Iter/sec:  9.343E+01
 Iteration:  00000013   DeltaT:  1.022E-05   Iter/sec:  9.170E+01
 Iteration:  00000014   DeltaT:  1.022E-05   Iter/sec:  9.143E+01
 Iteration:  00000015   DeltaT:  1.022E-05   Iter/sec:  9.319E+01
 Iteration:  00000016   DeltaT:  1.022E-05   Iter/sec:  9.258E+01
 Iteration:  00000017   DeltaT:  1.022E-05   Iter/sec:  9.296E+01
 Iteration:  00000018   DeltaT:  1.022E-05   Iter/sec:  9.167E+01
 Iteration:  00000019   DeltaT:  1.022E-05   Iter/sec:  8.912E+01
 Iteration:  00000020   DeltaT:  1.022E-05   Iter/sec:  7.502E+01
 Iteration:  00000021   DeltaT:  1.022E-05   Iter/sec:  8.727E+01
 Iteration:  00000022   DeltaT:  1.022E-05   Iter/sec:  9.079E+01
 Iteration:  00000023   DeltaT:  1.022E-05   Iter/sec:  8.151E+01
 Iteration:  00000024   DeltaT:  1.022E-05   Iter/sec:  8.732E+01
 Iteration:  00000025   DeltaT:  1.022E-05   Iter/sec:  9.551E+01
 Iteration:  00000026   DeltaT:  1.022E-05   Iter/sec:  8.190E+01
 Iteration:  00000027   DeltaT:  1.022E-05   Iter/sec:  8.992E+01
 Iteration:  00000028   DeltaT:  1.022E-05   Iter/sec:  8.735E+01
 Iteration:  00000029   DeltaT:  1.022E-05   Iter/sec:  8.618E+01
 Iteration:  00000030   DeltaT:  1.022E-05   Iter/sec:  8.684E+01
 Iteration:  00000031   DeltaT:  1.022E-05   Iter/sec:  8.611E+01
 Iteration:  00000032   DeltaT:  1.022E-05   Iter/sec:  8.098E+01
 Iteration:  00000033   DeltaT:  1.022E-05   Iter/sec:  9.002E+01
 Iteration:  00000034   DeltaT:  1.022E-05   Iter/sec:  8.748E+01
 Iteration:  00000035   DeltaT:  1.022E-05   Iter/sec:  9.360E+01
 Iteration:  00000036   DeltaT:  1.022E-05   Iter/sec:  8.835E+01
 Iteration:  00000037   DeltaT:  1.022E-05   Iter/sec:  9.251E+01
 Iteration:  00000038   DeltaT:  1.022E-05   Iter/sec:  9.387E+01
 Iteration:  00000039   DeltaT:  1.022E-05   Iter/sec:  7.875E+01
 Iteration:  00000040   DeltaT:  1.022E-05   Iter/sec:  9.640E+01
 Iteration:  00000041   DeltaT:  1.022E-05   Iter/sec:  8.326E+01
 Iteration:  00000042   DeltaT:  1.022E-05   Iter/sec:  9.202E+01
 Iteration:  00000043   DeltaT:  1.022E-05   Iter/sec:  7.819E+01
 Iteration:  00000044   DeltaT:  1.022E-05   Iter/sec:  1.007E+02
 Iteration:  00000045   DeltaT:  1.022E-05   Iter/sec:  8.400E+01
 Iteration:  00000046   DeltaT:  1.022E-05   Iter/sec:  8.859E+01
 Iteration:  00000047   DeltaT:  1.022E-05   Iter/sec:  8.401E+01
 Iteration:  00000048   DeltaT:  1.022E-05   Iter/sec:  8.008E+01
 Iteration:  00000049   DeltaT:  1.022E-05   Iter/sec:  1.005E+02
 Iteration:  00000050   DeltaT:  1.022E-05   Iter/sec:  9.154E+01


//////////////////////////////////////////////
   Measured Timings for Process 0  (seconds)

 Elapsed time:         0.5797
  Column time:         0.1635
     Row time:         0.1620
Legendre time:         0.0566
     FFT time:         0.0365
   Solve time:         0.0440
    rlma time:         0.0164
    rlmb time:         0.0062
  pspace time:         0.0243
  psolve time:         0.0556
    dphi time:         0.0024
captured time:         0.5676

     iter/sec:        86.2490
//////////////////////////////////////////////
