 //////////////////////////////////////
 Initializating Rayleigh...

 -- Initalizing MPI...
 ---- Specified parameters:
 ---- NCPU  :   2048
 ---- NPROW :     64
 ---- NPCOL :     32
 -- MPI initialized.


 -- Initalizing Grid...
 ---- Specified parameters ----
 ---- N_R                 :    512
 ---- N_THETA             :   1536
 ---- Ell_MAX             :   1023
 ---- R_MIN               :  5.38462E-01
 ---- R_MAX               :  1.53846E+00
 ---- Chebyshev Domains   :      1

        Domain 1
          Grid points           :  512
          Dealiased Polynomials :  341
          Domain Lower Bound    :  5.38462E-01
          Domain Upper Bound    :  1.53846E+00

 -- Grid initialized.

 -- Initalizing Reference State...
 ---- Specified parameters:
 ---- Reference type           :  Boussinesq (Non-dimensional)
 ---- Rayleigh Number          :  1.00000E+05
 ---- Ekman Number             :  1.00000E-03
 ---- Prandtl Number           :  1.00000E+00
 ---- Magnetic Prandtl Number  :  5.00000E+00
 -- Reference State initialized.

 -- Initializing Fields...
 ---- Specified parameters:
 ---- Hydro Init Type    : Benchmark (Christensen et al. 2001)
 ---- Magnetic Init Type : Benchmark (Christensen et al. 2001)
 -- Fields initialized.

 Initialization Complete.
 //////////////////////////////////////

 Timestep has changed from  0.00000E+00 to  1.00000E-04.
 Iteration:  00000001   DeltaT:  1.000E-04   Iter/sec:  0.000E+00
 Timestep has changed from  1.00000E-04 to  1.59733E-07.
 Iteration:  00000002   DeltaT:  1.597E-07   Iter/sec:  6.064E-02
 Iteration:  00000003   DeltaT:  1.597E-07   Iter/sec:  8.532E-02
 Iteration:  00000004   DeltaT:  1.597E-07   Iter/sec:  2.393E-01
 Iteration:  00000005   DeltaT:  1.597E-07   Iter/sec:  2.228E-01
 Iteration:  00000006   DeltaT:  1.597E-07   Iter/sec:  2.384E-01
 Iteration:  00000007   DeltaT:  1.597E-07   Iter/sec:  2.424E-01
 Iteration:  00000008   DeltaT:  1.597E-07   Iter/sec:  2.314E-01
 Iteration:  00000009   DeltaT:  1.597E-07   Iter/sec:  2.362E-01
 Iteration:  00000010   DeltaT:  1.597E-07   Iter/sec:  2.280E-01
 Iteration:  00000011   DeltaT:  1.597E-07   Iter/sec:  2.280E-01
 Iteration:  00000012   DeltaT:  1.597E-07   Iter/sec:  2.410E-01
 Iteration:  00000013   DeltaT:  1.597E-07   Iter/sec:  2.320E-01
 Iteration:  00000014   DeltaT:  1.597E-07   Iter/sec:  2.416E-01
 Iteration:  00000015   DeltaT:  1.597E-07   Iter/sec:  2.364E-01
 Iteration:  00000016   DeltaT:  1.597E-07   Iter/sec:  2.275E-01
 Iteration:  00000017   DeltaT:  1.597E-07   Iter/sec:  2.458E-01
 Iteration:  00000018   DeltaT:  1.597E-07   Iter/sec:  2.336E-01
 Iteration:  00000019   DeltaT:  1.597E-07   Iter/sec:  2.287E-01
 Iteration:  00000020   DeltaT:  1.597E-07   Iter/sec:  2.407E-01
 Iteration:  00000021   DeltaT:  1.597E-07   Iter/sec:  2.330E-01
 Iteration:  00000022   DeltaT:  1.597E-07   Iter/sec:  2.391E-01
 Iteration:  00000023   DeltaT:  1.597E-07   Iter/sec:  2.240E-01
 Iteration:  00000024   DeltaT:  1.597E-07   Iter/sec:  2.378E-01
 Iteration:  00000025   DeltaT:  1.597E-07   Iter/sec:  2.264E-01
 Iteration:  00000026   DeltaT:  1.597E-07   Iter/sec:  2.489E-01
 Iteration:  00000027   DeltaT:  1.597E-07   Iter/sec:  2.347E-01
 Iteration:  00000028   DeltaT:  1.597E-07   Iter/sec:  2.402E-01
 Iteration:  00000029   DeltaT:  1.597E-07   Iter/sec:  2.280E-01
 Iteration:  00000030   DeltaT:  1.597E-07   Iter/sec:  2.279E-01
 Iteration:  00000031   DeltaT:  1.597E-07   Iter/sec:  2.342E-01
 Iteration:  00000032   DeltaT:  1.597E-07   Iter/sec:  2.428E-01
 Iteration:  00000033   DeltaT:  1.597E-07   Iter/sec:  2.276E-01
 Iteration:  00000034   DeltaT:  1.597E-07   Iter/sec:  2.334E-01
 Iteration:  00000035   DeltaT:  1.597E-07   Iter/sec:  2.405E-01
 Iteration:  00000036   DeltaT:  1.597E-07   Iter/sec:  2.199E-01
 Iteration:  00000037   DeltaT:  1.597E-07   Iter/sec:  2.374E-01
 Iteration:  00000038   DeltaT:  1.597E-07   Iter/sec:  2.251E-01
 Iteration:  00000039   DeltaT:  1.597E-07   Iter/sec:  2.405E-01
 Iteration:  00000040   DeltaT:  1.597E-07   Iter/sec:  2.324E-01
 Iteration:  00000041   DeltaT:  1.597E-07   Iter/sec:  2.309E-01
 Iteration:  00000042   DeltaT:  1.597E-07   Iter/sec:  2.315E-01
 Iteration:  00000043   DeltaT:  1.597E-07   Iter/sec:  2.373E-01
 Iteration:  00000044   DeltaT:  1.597E-07   Iter/sec:  2.241E-01
 Iteration:  00000045   DeltaT:  1.597E-07   Iter/sec:  2.368E-01
 Iteration:  00000046   DeltaT:  1.597E-07   Iter/sec:  2.341E-01
 Iteration:  00000047   DeltaT:  1.597E-07   Iter/sec:  2.306E-01
 Iteration:  00000048   DeltaT:  1.597E-07   Iter/sec:  2.383E-01
 Iteration:  00000049   DeltaT:  1.597E-07   Iter/sec:  2.359E-01
 Iteration:  00000050   DeltaT:  1.597E-07   Iter/sec:  2.285E-01


//////////////////////////////////////////////
   Measured Timings for Process 0  (seconds)

 Elapsed time:       228.1954
  Column time:        66.4986
     Row time:        59.0923
Legendre time:        27.5265
     FFT time:         8.3047
   Solve time:        14.5990
    rlma time:         3.1487
    rlmb time:         1.5060
  pspace time:        15.8707
  psolve time:        29.1620
    dphi time:         0.6084
captured time:       226.3169

     iter/sec:         0.2191
//////////////////////////////////////////////
