 //////////////////////////////////////
 Initializating Rayleigh...

 -- Initalizing MPI...
 ---- Specified parameters:
 ---- NCPU  :     64
 ---- NPROW :      8
 ---- NPCOL :      8
 -- MPI initialized.


 -- Initalizing Grid...
 ---- Specified parameters ----
 ---- N_R                 :    128
 ---- N_THETA             :    384
 ---- Ell_MAX             :    255
 ---- R_MIN               :  5.38462E-01
 ---- R_MAX               :  1.53846E+00
 ---- Chebyshev Domains   :      1

        Domain 1
          Grid points           :  128
          Dealiased Polynomials :  85
          Domain Lower Bound    :  5.38462E-01
          Domain Upper Bound    :  1.53846E+00

 -- Grid initialized.

 -- Initalizing Reference State...
 ---- Specified parameters:
 ---- Reference type           :  Boussinesq (Non-dimensional)
 ---- Rayleigh Number          :  1.00000E+05
 ---- Ekman Number             :  1.00000E-03
 ---- Prandtl Number           :  1.00000E+00
 ---- Magnetic Prandtl Number  :  5.00000E+00
 -- Reference State initialized.

 -- Initializing Fields...
 ---- Specified parameters:
 ---- Hydro Init Type    : Benchmark (Christensen et al. 2001)
 ---- Magnetic Init Type : Benchmark (Christensen et al. 2001)
 -- Fields initialized.

 Initialization Complete.
 //////////////////////////////////////

 Timestep has changed from  0.00000E+00 to  1.00000E-04.
 Iteration:  00000001   DeltaT:  1.000E-04   Iter/sec:  0.000E+00
 Timestep has changed from  1.00000E-04 to  2.55566E-06.
 Iteration:  00000002   DeltaT:  2.556E-06   Iter/sec:  6.130E-01
 Iteration:  00000003   DeltaT:  2.556E-06   Iter/sec:  7.665E-01
 Iteration:  00000004   DeltaT:  2.556E-06   Iter/sec:  8.803E-01
 Iteration:  00000005   DeltaT:  2.556E-06   Iter/sec:  8.778E-01
 Iteration:  00000006   DeltaT:  2.556E-06   Iter/sec:  8.918E-01
 Iteration:  00000007   DeltaT:  2.556E-06   Iter/sec:  8.726E-01
 Iteration:  00000008   DeltaT:  2.556E-06   Iter/sec:  8.418E-01
 Iteration:  00000009   DeltaT:  2.556E-06   Iter/sec:  8.791E-01
 Iteration:  00000010   DeltaT:  2.556E-06   Iter/sec:  8.843E-01
 Iteration:  00000011   DeltaT:  2.556E-06   Iter/sec:  8.887E-01
 Iteration:  00000012   DeltaT:  2.556E-06   Iter/sec:  8.834E-01
 Iteration:  00000013   DeltaT:  2.556E-06   Iter/sec:  8.773E-01
 Iteration:  00000014   DeltaT:  2.556E-06   Iter/sec:  8.760E-01
 Iteration:  00000015   DeltaT:  2.556E-06   Iter/sec:  8.777E-01
 Iteration:  00000016   DeltaT:  2.556E-06   Iter/sec:  8.799E-01
 Iteration:  00000017   DeltaT:  2.556E-06   Iter/sec:  8.790E-01
 Iteration:  00000018   DeltaT:  2.556E-06   Iter/sec:  8.865E-01
 Iteration:  00000019   DeltaT:  2.556E-06   Iter/sec:  8.716E-01
 Iteration:  00000020   DeltaT:  2.556E-06   Iter/sec:  8.689E-01
 Iteration:  00000021   DeltaT:  2.556E-06   Iter/sec:  8.957E-01
 Iteration:  00000022   DeltaT:  2.556E-06   Iter/sec:  8.641E-01
 Iteration:  00000023   DeltaT:  2.556E-06   Iter/sec:  8.890E-01
 Iteration:  00000024   DeltaT:  2.556E-06   Iter/sec:  8.873E-01
 Iteration:  00000025   DeltaT:  2.556E-06   Iter/sec:  8.750E-01
 Iteration:  00000026   DeltaT:  2.556E-06   Iter/sec:  8.874E-01
 Iteration:  00000027   DeltaT:  2.556E-06   Iter/sec:  8.875E-01
 Iteration:  00000028   DeltaT:  2.556E-06   Iter/sec:  8.862E-01
 Iteration:  00000029   DeltaT:  2.556E-06   Iter/sec:  8.906E-01
 Iteration:  00000030   DeltaT:  2.556E-06   Iter/sec:  8.769E-01
 Iteration:  00000031   DeltaT:  2.556E-06   Iter/sec:  8.799E-01
 Iteration:  00000032   DeltaT:  2.556E-06   Iter/sec:  8.757E-01
 Iteration:  00000033   DeltaT:  2.556E-06   Iter/sec:  8.763E-01
 Iteration:  00000034   DeltaT:  2.556E-06   Iter/sec:  8.908E-01
 Iteration:  00000035   DeltaT:  2.556E-06   Iter/sec:  8.792E-01
 Iteration:  00000036   DeltaT:  2.556E-06   Iter/sec:  8.766E-01
 Iteration:  00000037   DeltaT:  2.556E-06   Iter/sec:  8.844E-01
 Iteration:  00000038   DeltaT:  2.556E-06   Iter/sec:  8.695E-01
 Iteration:  00000039   DeltaT:  2.556E-06   Iter/sec:  8.978E-01
 Iteration:  00000040   DeltaT:  2.556E-06   Iter/sec:  8.736E-01
 Iteration:  00000041   DeltaT:  2.556E-06   Iter/sec:  8.847E-01
 Iteration:  00000042   DeltaT:  2.556E-06   Iter/sec:  8.822E-01
 Iteration:  00000043   DeltaT:  2.556E-06   Iter/sec:  8.593E-01
 Iteration:  00000044   DeltaT:  2.556E-06   Iter/sec:  8.858E-01
 Iteration:  00000045   DeltaT:  2.556E-06   Iter/sec:  8.955E-01
 Iteration:  00000046   DeltaT:  2.556E-06   Iter/sec:  8.892E-01
 Iteration:  00000047   DeltaT:  2.556E-06   Iter/sec:  8.673E-01
 Iteration:  00000048   DeltaT:  2.556E-06   Iter/sec:  8.886E-01
 Iteration:  00000049   DeltaT:  2.556E-06   Iter/sec:  8.963E-01
 Iteration:  00000050   DeltaT:  2.556E-06   Iter/sec:  8.724E-01


//////////////////////////////////////////////
   Measured Timings for Process 0  (seconds)

 Elapsed time:        57.1413
  Column time:         5.9963
     Row time:        20.6679
Legendre time:         7.8100
     FFT time:         3.9793
   Solve time:         1.4548
    rlma time:         1.1729
    rlmb time:         0.5496
  pspace time:         7.7498
  psolve time:         6.6391
    dphi time:         0.2962
captured time:        56.3158

     iter/sec:         0.8750
//////////////////////////////////////////////
