 //////////////////////////////////////
 Initializating Rayleigh...

 -- Initalizing MPI...
 ---- Specified parameters:
 ---- NCPU  :     32
 ---- NPROW :      4
 ---- NPCOL :      8
 -- MPI initialized.


 -- Initalizing Grid...
 ---- Specified parameters ----
 ---- N_R                 :    128
 ---- N_THETA             :    384
 ---- Ell_MAX             :    255
 ---- R_MIN               :  5.38462E-01
 ---- R_MAX               :  1.53846E+00
 ---- Chebyshev Domains   :      1

        Domain 1
          Grid points           :  128
          Dealiased Polynomials :  85
          Domain Lower Bound    :  5.38462E-01
          Domain Upper Bound    :  1.53846E+00

 -- Grid initialized.

 -- Initalizing Reference State...
 ---- Specified parameters:
 ---- Reference type           :  Boussinesq (Non-dimensional)
 ---- Rayleigh Number          :  1.00000E+05
 ---- Ekman Number             :  1.00000E-03
 ---- Prandtl Number           :  1.00000E+00
 ---- Magnetic Prandtl Number  :  5.00000E+00
 -- Reference State initialized.

 -- Initializing Fields...
 ---- Specified parameters:
 ---- Hydro Init Type    : Benchmark (Christensen et al. 2001)
 ---- Magnetic Init Type : Benchmark (Christensen et al. 2001)
 -- Fields initialized.

 Initialization Complete.
 //////////////////////////////////////

 Timestep has changed from  0.00000E+00 to  1.00000E-04.
 Iteration:  00000001   DeltaT:  1.000E-04   Iter/sec:  0.000E+00
 Timestep has changed from  1.00000E-04 to  2.55566E-06.
 Iteration:  00000002   DeltaT:  2.556E-06   Iter/sec:  3.142E-01
 Iteration:  00000003   DeltaT:  2.556E-06   Iter/sec:  3.835E-01
 Iteration:  00000004   DeltaT:  2.556E-06   Iter/sec:  4.089E-01
 Iteration:  00000005   DeltaT:  2.556E-06   Iter/sec:  4.110E-01
 Iteration:  00000006   DeltaT:  2.556E-06   Iter/sec:  4.118E-01
 Iteration:  00000007   DeltaT:  2.556E-06   Iter/sec:  4.094E-01
 Iteration:  00000008   DeltaT:  2.556E-06   Iter/sec:  4.076E-01
 Iteration:  00000009   DeltaT:  2.556E-06   Iter/sec:  4.092E-01
 Iteration:  00000010   DeltaT:  2.556E-06   Iter/sec:  4.121E-01
 Iteration:  00000011   DeltaT:  2.556E-06   Iter/sec:  4.143E-01
 Iteration:  00000012   DeltaT:  2.556E-06   Iter/sec:  4.088E-01
 Iteration:  00000013   DeltaT:  2.556E-06   Iter/sec:  4.163E-01
 Iteration:  00000014   DeltaT:  2.556E-06   Iter/sec:  4.134E-01
 Iteration:  00000015   DeltaT:  2.556E-06   Iter/sec:  4.160E-01
 Iteration:  00000016   DeltaT:  2.556E-06   Iter/sec:  4.110E-01
 Iteration:  00000017   DeltaT:  2.556E-06   Iter/sec:  4.115E-01
 Iteration:  00000018   DeltaT:  2.556E-06   Iter/sec:  4.112E-01
 Iteration:  00000019   DeltaT:  2.556E-06   Iter/sec:  4.133E-01
 Iteration:  00000020   DeltaT:  2.556E-06   Iter/sec:  4.117E-01
 Iteration:  00000021   DeltaT:  2.556E-06   Iter/sec:  4.146E-01
 Iteration:  00000022   DeltaT:  2.556E-06   Iter/sec:  4.116E-01
 Iteration:  00000023   DeltaT:  2.556E-06   Iter/sec:  4.115E-01
 Iteration:  00000024   DeltaT:  2.556E-06   Iter/sec:  4.143E-01
 Iteration:  00000025   DeltaT:  2.556E-06   Iter/sec:  4.129E-01
 Iteration:  00000026   DeltaT:  2.556E-06   Iter/sec:  4.136E-01
 Iteration:  00000027   DeltaT:  2.556E-06   Iter/sec:  4.111E-01
 Iteration:  00000028   DeltaT:  2.556E-06   Iter/sec:  4.108E-01
 Iteration:  00000029   DeltaT:  2.556E-06   Iter/sec:  4.130E-01
 Iteration:  00000030   DeltaT:  2.556E-06   Iter/sec:  4.119E-01
 Iteration:  00000031   DeltaT:  2.556E-06   Iter/sec:  4.108E-01
 Iteration:  00000032   DeltaT:  2.556E-06   Iter/sec:  4.094E-01
 Iteration:  00000033   DeltaT:  2.556E-06   Iter/sec:  4.114E-01
 Iteration:  00000034   DeltaT:  2.556E-06   Iter/sec:  4.132E-01
 Iteration:  00000035   DeltaT:  2.556E-06   Iter/sec:  4.141E-01
 Iteration:  00000036   DeltaT:  2.556E-06   Iter/sec:  4.135E-01
 Iteration:  00000037   DeltaT:  2.556E-06   Iter/sec:  4.119E-01
 Iteration:  00000038   DeltaT:  2.556E-06   Iter/sec:  4.126E-01
 Iteration:  00000039   DeltaT:  2.556E-06   Iter/sec:  4.117E-01
 Iteration:  00000040   DeltaT:  2.556E-06   Iter/sec:  4.110E-01
 Iteration:  00000041   DeltaT:  2.556E-06   Iter/sec:  4.132E-01
 Iteration:  00000042   DeltaT:  2.556E-06   Iter/sec:  4.088E-01
 Iteration:  00000043   DeltaT:  2.556E-06   Iter/sec:  4.102E-01
 Iteration:  00000044   DeltaT:  2.556E-06   Iter/sec:  4.122E-01
 Iteration:  00000045   DeltaT:  2.556E-06   Iter/sec:  4.111E-01
 Iteration:  00000046   DeltaT:  2.556E-06   Iter/sec:  4.095E-01
 Iteration:  00000047   DeltaT:  2.556E-06   Iter/sec:  4.124E-01
 Iteration:  00000048   DeltaT:  2.556E-06   Iter/sec:  4.099E-01
 Iteration:  00000049   DeltaT:  2.556E-06   Iter/sec:  4.120E-01
 Iteration:  00000050   DeltaT:  2.556E-06   Iter/sec:  4.144E-01


//////////////////////////////////////////////
   Measured Timings for Process 0  (seconds)

 Elapsed time:       121.8146
  Column time:         7.4412
     Row time:        49.1708
Legendre time:        16.1876
     FFT time:         7.6796
   Solve time:         2.1838
    rlma time:         2.9320
    rlmb time:         1.2300
  pspace time:        17.8652
  psolve time:        13.8507
    dphi time:         1.0332
captured time:       119.5742

     iter/sec:         0.4105
//////////////////////////////////////////////
