 //////////////////////////////////////
 Initializating Rayleigh...

 -- Initalizing MPI...
 ---- Specified parameters:
 ---- NCPU  :    256
 ---- NPROW :     16
 ---- NPCOL :     16
 -- MPI initialized.


 -- Initalizing Grid...
 ---- Specified parameters ----
 ---- N_R                 :     64
 ---- N_THETA             :    192
 ---- Ell_MAX             :    127
 ---- R_MIN               :  5.38462E-01
 ---- R_MAX               :  1.53846E+00
 ---- Chebyshev Domains   :      1

        Domain 1
          Grid points           :  64
          Dealiased Polynomials :  42
          Domain Lower Bound    :  5.38462E-01
          Domain Upper Bound    :  1.53846E+00

 -- Grid initialized.

 -- Initalizing Reference State...
 ---- Specified parameters:
 ---- Reference type           :  Boussinesq (Non-dimensional)
 ---- Rayleigh Number          :  1.00000E+05
 ---- Ekman Number             :  1.00000E-03
 ---- Prandtl Number           :  1.00000E+00
 ---- Magnetic Prandtl Number  :  5.00000E+00
 -- Reference State initialized.

 -- Initializing Fields...
 ---- Specified parameters:
 ---- Hydro Init Type    : Benchmark (Christensen et al. 2001)
 ---- Magnetic Init Type : Benchmark (Christensen et al. 2001)
 -- Fields initialized.

 Initialization Complete.
 //////////////////////////////////////

 Timestep has changed from  0.00000E+00 to  1.00000E-04.
 Iteration:  00000001   DeltaT:  1.000E-04   Iter/sec:  0.000E+00
 Timestep has changed from  1.00000E-04 to  1.02217E-05.
 Iteration:  00000002   DeltaT:  1.022E-05   Iter/sec:  1.766E+00
 Iteration:  00000003   DeltaT:  1.022E-05   Iter/sec:  2.963E+01
 Iteration:  00000004   DeltaT:  1.022E-05   Iter/sec:  4.299E+01
 Iteration:  00000005   DeltaT:  1.022E-05   Iter/sec:  4.139E+01
 Iteration:  00000006   DeltaT:  1.022E-05   Iter/sec:  4.240E+01
 Iteration:  00000007   DeltaT:  1.022E-05   Iter/sec:  4.157E+01
 Iteration:  00000008   DeltaT:  1.022E-05   Iter/sec:  4.280E+01
 Iteration:  00000009   DeltaT:  1.022E-05   Iter/sec:  4.147E+01
 Iteration:  00000010   DeltaT:  1.022E-05   Iter/sec:  4.207E+01
 Iteration:  00000011   DeltaT:  1.022E-05   Iter/sec:  4.196E+01
 Iteration:  00000012   DeltaT:  1.022E-05   Iter/sec:  4.305E+01
 Iteration:  00000013   DeltaT:  1.022E-05   Iter/sec:  4.218E+01
 Iteration:  00000014   DeltaT:  1.022E-05   Iter/sec:  4.226E+01
 Iteration:  00000015   DeltaT:  1.022E-05   Iter/sec:  4.189E+01
 Iteration:  00000016   DeltaT:  1.022E-05   Iter/sec:  4.198E+01
 Iteration:  00000017   DeltaT:  1.022E-05   Iter/sec:  4.248E+01
 Iteration:  00000018   DeltaT:  1.022E-05   Iter/sec:  4.176E+01
 Iteration:  00000019   DeltaT:  1.022E-05   Iter/sec:  4.149E+01
 Iteration:  00000020   DeltaT:  1.022E-05   Iter/sec:  4.298E+01
 Iteration:  00000021   DeltaT:  1.022E-05   Iter/sec:  4.288E+01
 Iteration:  00000022   DeltaT:  1.022E-05   Iter/sec:  4.190E+01
 Iteration:  00000023   DeltaT:  1.022E-05   Iter/sec:  4.189E+01
 Iteration:  00000024   DeltaT:  1.022E-05   Iter/sec:  4.190E+01
 Iteration:  00000025   DeltaT:  1.022E-05   Iter/sec:  4.131E+01
 Iteration:  00000026   DeltaT:  1.022E-05   Iter/sec:  4.198E+01
 Iteration:  00000027   DeltaT:  1.022E-05   Iter/sec:  4.244E+01
 Iteration:  00000028   DeltaT:  1.022E-05   Iter/sec:  4.206E+01
 Iteration:  00000029   DeltaT:  1.022E-05   Iter/sec:  4.193E+01
 Iteration:  00000030   DeltaT:  1.022E-05   Iter/sec:  4.221E+01
 Iteration:  00000031   DeltaT:  1.022E-05   Iter/sec:  4.256E+01
 Iteration:  00000032   DeltaT:  1.022E-05   Iter/sec:  4.335E+01
 Iteration:  00000033   DeltaT:  1.022E-05   Iter/sec:  4.159E+01
 Iteration:  00000034   DeltaT:  1.022E-05   Iter/sec:  4.185E+01
 Iteration:  00000035   DeltaT:  1.022E-05   Iter/sec:  4.209E+01
 Iteration:  00000036   DeltaT:  1.022E-05   Iter/sec:  4.106E+01
 Iteration:  00000037   DeltaT:  1.022E-05   Iter/sec:  4.213E+01
 Iteration:  00000038   DeltaT:  1.022E-05   Iter/sec:  4.299E+01
 Iteration:  00000039   DeltaT:  1.022E-05   Iter/sec:  4.200E+01
 Iteration:  00000040   DeltaT:  1.022E-05   Iter/sec:  4.210E+01
 Iteration:  00000041   DeltaT:  1.022E-05   Iter/sec:  4.223E+01
 Iteration:  00000042   DeltaT:  1.022E-05   Iter/sec:  4.151E+01
 Iteration:  00000043   DeltaT:  1.022E-05   Iter/sec:  4.237E+01
 Iteration:  00000044   DeltaT:  1.022E-05   Iter/sec:  4.225E+01
 Iteration:  00000045   DeltaT:  1.022E-05   Iter/sec:  4.198E+01
 Iteration:  00000046   DeltaT:  1.022E-05   Iter/sec:  4.212E+01
 Iteration:  00000047   DeltaT:  1.022E-05   Iter/sec:  4.273E+01
 Iteration:  00000048   DeltaT:  1.022E-05   Iter/sec:  4.200E+01
 Iteration:  00000049   DeltaT:  1.022E-05   Iter/sec:  4.272E+01
 Iteration:  00000050   DeltaT:  1.022E-05   Iter/sec:  4.213E+01


//////////////////////////////////////////////
   Measured Timings for Process 0  (seconds)

 Elapsed time:         1.3556
  Column time:         0.3461
     Row time:         0.3688
Legendre time:         0.1174
     FFT time:         0.1207
   Solve time:         0.0720
    rlma time:         0.0241
    rlmb time:         0.0096
  pspace time:         0.1156
  psolve time:         0.1480
    dphi time:         0.0139
captured time:         1.3362

     iter/sec:        36.8847
//////////////////////////////////////////////
