 //////////////////////////////////////
 Initializating Rayleigh...

 -- Initalizing MPI...
 ---- Specified parameters:
 ---- NCPU  :    512
 ---- NPROW :     32
 ---- NPCOL :     16
 -- MPI initialized.


 -- Initalizing Grid...
 ---- Specified parameters ----
 ---- N_R                 :    512
 ---- N_THETA             :   1536
 ---- Ell_MAX             :   1023
 ---- R_MIN               :  5.38462E-01
 ---- R_MAX               :  1.53846E+00
 ---- Chebyshev Domains   :      1

        Domain 1
          Grid points           :  512
          Dealiased Polynomials :  341
          Domain Lower Bound    :  5.38462E-01
          Domain Upper Bound    :  1.53846E+00

 -- Grid initialized.

 -- Initalizing Reference State...
 ---- Specified parameters:
 ---- Reference type           :  Boussinesq (Non-dimensional)
 ---- Rayleigh Number          :  1.00000E+05
 ---- Ekman Number             :  1.00000E-03
 ---- Prandtl Number           :  1.00000E+00
 ---- Magnetic Prandtl Number  :  5.00000E+00
 -- Reference State initialized.

 -- Initializing Fields...
 ---- Specified parameters:
 ---- Hydro Init Type    : Benchmark (Christensen et al. 2001)
 ---- Magnetic Init Type : Benchmark (Christensen et al. 2001)
 -- Fields initialized.

 Initialization Complete.
 //////////////////////////////////////

 Timestep has changed from  0.00000E+00 to  1.00000E-04.
 Iteration:  00000001   DeltaT:  1.000E-04   Iter/sec:  0.000E+00
 Timestep has changed from  1.00000E-04 to  1.59733E-07.
 Iteration:  00000002   DeltaT:  1.597E-07   Iter/sec:  2.968E-02
 Iteration:  00000003   DeltaT:  1.597E-07   Iter/sec:  3.462E-02
 Iteration:  00000004   DeltaT:  1.597E-07   Iter/sec:  7.258E-02
 Iteration:  00000005   DeltaT:  1.597E-07   Iter/sec:  7.244E-02
 Iteration:  00000006   DeltaT:  1.597E-07   Iter/sec:  7.266E-02
 Iteration:  00000007   DeltaT:  1.597E-07   Iter/sec:  7.194E-02
 Iteration:  00000008   DeltaT:  1.597E-07   Iter/sec:  7.256E-02
 Iteration:  00000009   DeltaT:  1.597E-07   Iter/sec:  7.142E-02
 Iteration:  00000010   DeltaT:  1.597E-07   Iter/sec:  7.247E-02
 Iteration:  00000011   DeltaT:  1.597E-07   Iter/sec:  7.164E-02
 Iteration:  00000012   DeltaT:  1.597E-07   Iter/sec:  7.171E-02
 Iteration:  00000013   DeltaT:  1.597E-07   Iter/sec:  7.164E-02
 Iteration:  00000014   DeltaT:  1.597E-07   Iter/sec:  7.248E-02
 Iteration:  00000015   DeltaT:  1.597E-07   Iter/sec:  7.083E-02
 Iteration:  00000016   DeltaT:  1.597E-07   Iter/sec:  7.318E-02
 Iteration:  00000017   DeltaT:  1.597E-07   Iter/sec:  7.146E-02
 Iteration:  00000018   DeltaT:  1.597E-07   Iter/sec:  7.160E-02
 Iteration:  00000019   DeltaT:  1.597E-07   Iter/sec:  7.164E-02
 Iteration:  00000020   DeltaT:  1.597E-07   Iter/sec:  7.370E-02
 Iteration:  00000021   DeltaT:  1.597E-07   Iter/sec:  7.066E-02
 Iteration:  00000022   DeltaT:  1.597E-07   Iter/sec:  7.119E-02
 Iteration:  00000023   DeltaT:  1.597E-07   Iter/sec:  7.127E-02
 Iteration:  00000024   DeltaT:  1.597E-07   Iter/sec:  7.245E-02
 Iteration:  00000025   DeltaT:  1.597E-07   Iter/sec:  7.164E-02
 Iteration:  00000026   DeltaT:  1.597E-07   Iter/sec:  7.224E-02
 Iteration:  00000027   DeltaT:  1.597E-07   Iter/sec:  7.290E-02
 Iteration:  00000028   DeltaT:  1.597E-07   Iter/sec:  7.086E-02
 Iteration:  00000029   DeltaT:  1.597E-07   Iter/sec:  7.158E-02
 Iteration:  00000030   DeltaT:  1.597E-07   Iter/sec:  7.275E-02
 Iteration:  00000031   DeltaT:  1.597E-07   Iter/sec:  7.098E-02
 Iteration:  00000032   DeltaT:  1.597E-07   Iter/sec:  7.266E-02
 Iteration:  00000033   DeltaT:  1.597E-07   Iter/sec:  7.136E-02
 Iteration:  00000034   DeltaT:  1.597E-07   Iter/sec:  7.084E-02
 Iteration:  00000035   DeltaT:  1.597E-07   Iter/sec:  7.189E-02
 Iteration:  00000036   DeltaT:  1.597E-07   Iter/sec:  7.190E-02
 Iteration:  00000037   DeltaT:  1.597E-07   Iter/sec:  7.254E-02
 Iteration:  00000038   DeltaT:  1.597E-07   Iter/sec:  7.147E-02
 Iteration:  00000039   DeltaT:  1.597E-07   Iter/sec:  7.129E-02
 Iteration:  00000040   DeltaT:  1.597E-07   Iter/sec:  7.175E-02
 Iteration:  00000041   DeltaT:  1.597E-07   Iter/sec:  7.249E-02
 Iteration:  00000042   DeltaT:  1.597E-07   Iter/sec:  7.183E-02
 Iteration:  00000043   DeltaT:  1.597E-07   Iter/sec:  7.163E-02
 Iteration:  00000044   DeltaT:  1.597E-07   Iter/sec:  7.235E-02
 Iteration:  00000045   DeltaT:  1.597E-07   Iter/sec:  7.110E-02
 Iteration:  00000046   DeltaT:  1.597E-07   Iter/sec:  7.249E-02
 Iteration:  00000047   DeltaT:  1.597E-07   Iter/sec:  7.073E-02
 Iteration:  00000048   DeltaT:  1.597E-07   Iter/sec:  7.210E-02
 Iteration:  00000049   DeltaT:  1.597E-07   Iter/sec:  7.192E-02
 Iteration:  00000050   DeltaT:  1.597E-07   Iter/sec:  7.183E-02


//////////////////////////////////////////////
   Measured Timings for Process 0  (seconds)

 Elapsed time:       725.8906
  Column time:       128.4751
     Row time:       241.2735
Legendre time:       108.4965
     FFT time:        32.0619
   Solve time:        37.5564
    rlma time:        14.0386
    rlmb time:         5.7765
  pspace time:        59.5947
  psolve time:        87.3846
    dphi time:         2.0802
captured time:       716.7379

     iter/sec:         0.0689
//////////////////////////////////////////////
