 //////////////////////////////////////
 Initializating Rayleigh...

 -- Initalizing MPI...
 ---- Specified parameters:
 ---- NCPU  :    128
 ---- NPROW :     16
 ---- NPCOL :      8
 -- MPI initialized.


 -- Initalizing Grid...
 ---- Specified parameters ----
 ---- N_R                 :    128
 ---- N_THETA             :    384
 ---- Ell_MAX             :    255
 ---- R_MIN               :  5.38462E-01
 ---- R_MAX               :  1.53846E+00
 ---- Chebyshev Domains   :      1

        Domain 1
          Grid points           :  128
          Dealiased Polynomials :  85
          Domain Lower Bound    :  5.38462E-01
          Domain Upper Bound    :  1.53846E+00

 -- Grid initialized.

 -- Initalizing Reference State...
 ---- Specified parameters:
 ---- Reference type           :  Boussinesq (Non-dimensional)
 ---- Rayleigh Number          :  1.00000E+05
 ---- Ekman Number             :  1.00000E-03
 ---- Prandtl Number           :  1.00000E+00
 ---- Magnetic Prandtl Number  :  5.00000E+00
 -- Reference State initialized.

 -- Initializing Fields...
 ---- Specified parameters:
 ---- Hydro Init Type    : Benchmark (Christensen et al. 2001)
 ---- Magnetic Init Type : Benchmark (Christensen et al. 2001)
 -- Fields initialized.

 Initialization Complete.
 //////////////////////////////////////

 Timestep has changed from  0.00000E+00 to  1.00000E-04.
 Iteration:  00000001   DeltaT:  1.000E-04   Iter/sec:  0.000E+00
 Timestep has changed from  1.00000E-04 to  2.55566E-06.
 Iteration:  00000002   DeltaT:  2.556E-06   Iter/sec:  9.020E-01
 Iteration:  00000003   DeltaT:  2.556E-06   Iter/sec:  1.378E+00
 Iteration:  00000004   DeltaT:  2.556E-06   Iter/sec:  1.746E+00
 Iteration:  00000005   DeltaT:  2.556E-06   Iter/sec:  1.729E+00
 Iteration:  00000006   DeltaT:  2.556E-06   Iter/sec:  1.748E+00
 Iteration:  00000007   DeltaT:  2.556E-06   Iter/sec:  1.763E+00
 Iteration:  00000008   DeltaT:  2.556E-06   Iter/sec:  1.758E+00
 Iteration:  00000009   DeltaT:  2.556E-06   Iter/sec:  1.731E+00
 Iteration:  00000010   DeltaT:  2.556E-06   Iter/sec:  1.715E+00
 Iteration:  00000011   DeltaT:  2.556E-06   Iter/sec:  1.741E+00
 Iteration:  00000012   DeltaT:  2.556E-06   Iter/sec:  1.744E+00
 Iteration:  00000013   DeltaT:  2.556E-06   Iter/sec:  1.731E+00
 Iteration:  00000014   DeltaT:  2.556E-06   Iter/sec:  1.722E+00
 Iteration:  00000015   DeltaT:  2.556E-06   Iter/sec:  1.748E+00
 Iteration:  00000016   DeltaT:  2.556E-06   Iter/sec:  1.760E+00
 Iteration:  00000017   DeltaT:  2.556E-06   Iter/sec:  1.750E+00
 Iteration:  00000018   DeltaT:  2.556E-06   Iter/sec:  1.736E+00
 Iteration:  00000019   DeltaT:  2.556E-06   Iter/sec:  1.755E+00
 Iteration:  00000020   DeltaT:  2.556E-06   Iter/sec:  1.745E+00
 Iteration:  00000021   DeltaT:  2.556E-06   Iter/sec:  1.765E+00
 Iteration:  00000022   DeltaT:  2.556E-06   Iter/sec:  1.748E+00
 Iteration:  00000023   DeltaT:  2.556E-06   Iter/sec:  1.742E+00
 Iteration:  00000024   DeltaT:  2.556E-06   Iter/sec:  1.718E+00
 Iteration:  00000025   DeltaT:  2.556E-06   Iter/sec:  1.762E+00
 Iteration:  00000026   DeltaT:  2.556E-06   Iter/sec:  1.745E+00
 Iteration:  00000027   DeltaT:  2.556E-06   Iter/sec:  1.753E+00
 Iteration:  00000028   DeltaT:  2.556E-06   Iter/sec:  1.731E+00
 Iteration:  00000029   DeltaT:  2.556E-06   Iter/sec:  1.772E+00
 Iteration:  00000030   DeltaT:  2.556E-06   Iter/sec:  1.752E+00
 Iteration:  00000031   DeltaT:  2.556E-06   Iter/sec:  1.732E+00
 Iteration:  00000032   DeltaT:  2.556E-06   Iter/sec:  1.735E+00
 Iteration:  00000033   DeltaT:  2.556E-06   Iter/sec:  1.750E+00
 Iteration:  00000034   DeltaT:  2.556E-06   Iter/sec:  1.736E+00
 Iteration:  00000035   DeltaT:  2.556E-06   Iter/sec:  1.734E+00
 Iteration:  00000036   DeltaT:  2.556E-06   Iter/sec:  1.736E+00
 Iteration:  00000037   DeltaT:  2.556E-06   Iter/sec:  1.729E+00
 Iteration:  00000038   DeltaT:  2.556E-06   Iter/sec:  1.743E+00
 Iteration:  00000039   DeltaT:  2.556E-06   Iter/sec:  1.766E+00
 Iteration:  00000040   DeltaT:  2.556E-06   Iter/sec:  1.743E+00
 Iteration:  00000041   DeltaT:  2.556E-06   Iter/sec:  1.743E+00
 Iteration:  00000042   DeltaT:  2.556E-06   Iter/sec:  1.723E+00
 Iteration:  00000043   DeltaT:  2.556E-06   Iter/sec:  1.765E+00
 Iteration:  00000044   DeltaT:  2.556E-06   Iter/sec:  1.747E+00
 Iteration:  00000045   DeltaT:  2.556E-06   Iter/sec:  1.745E+00
 Iteration:  00000046   DeltaT:  2.556E-06   Iter/sec:  1.726E+00
 Iteration:  00000047   DeltaT:  2.556E-06   Iter/sec:  1.742E+00
 Iteration:  00000048   DeltaT:  2.556E-06   Iter/sec:  1.731E+00
 Iteration:  00000049   DeltaT:  2.556E-06   Iter/sec:  1.749E+00
 Iteration:  00000050   DeltaT:  2.556E-06   Iter/sec:  1.747E+00


//////////////////////////////////////////////
   Measured Timings for Process 0  (seconds)

 Elapsed time:        28.9916
  Column time:         3.3165
     Row time:         9.3205
Legendre time:         4.0008
     FFT time:         1.9536
   Solve time:         1.0132
    rlma time:         0.5358
    rlmb time:         0.1884
  pspace time:         4.5172
  psolve time:         3.4658
    dphi time:         0.2296
captured time:        28.5414

     iter/sec:         1.7246
//////////////////////////////////////////////
