 //////////////////////////////////////
 Initializating Rayleigh...

 -- Initalizing MPI...
 ---- Specified parameters:
 ---- NCPU  :   2048
 ---- NPROW :     32
 ---- NPCOL :     64
 -- MPI initialized.


 -- Initalizing Grid...
 ---- Specified parameters ----
 ---- N_R                 :    256
 ---- N_THETA             :    768
 ---- Ell_MAX             :    511
 ---- R_MIN               :  5.38462E-01
 ---- R_MAX               :  1.53846E+00
 ---- Chebyshev Domains   :      1

        Domain 1
          Grid points           :  256
          Dealiased Polynomials :  170
          Domain Lower Bound    :  5.38462E-01
          Domain Upper Bound    :  1.53846E+00

 -- Grid initialized.

 -- Initalizing Reference State...
 ---- Specified parameters:
 ---- Reference type           :  Boussinesq (Non-dimensional)
 ---- Rayleigh Number          :  1.00000E+05
 ---- Ekman Number             :  1.00000E-03
 ---- Prandtl Number           :  1.00000E+00
 ---- Magnetic Prandtl Number  :  5.00000E+00
 -- Reference State initialized.

 -- Initializing Fields...
 ---- Specified parameters:
 ---- Hydro Init Type    : Benchmark (Christensen et al. 2001)
 ---- Magnetic Init Type : Benchmark (Christensen et al. 2001)
 -- Fields initialized.

 Initialization Complete.
 //////////////////////////////////////

 Timestep has changed from  0.00000E+00 to  1.00000E-04.
 Iteration:  00000001   DeltaT:  1.000E-04   Iter/sec:  0.000E+00
 Timestep has changed from  1.00000E-04 to  6.38929E-07.
 Iteration:  00000002   DeltaT:  6.389E-07   Iter/sec:  5.991E-01
 Iteration:  00000003   DeltaT:  6.389E-07   Iter/sec:  1.212E+00
 Iteration:  00000004   DeltaT:  6.389E-07   Iter/sec:  1.888E+00
 Iteration:  00000005   DeltaT:  6.389E-07   Iter/sec:  2.209E+00
 Iteration:  00000006   DeltaT:  6.389E-07   Iter/sec:  2.124E+00
 Iteration:  00000007   DeltaT:  6.389E-07   Iter/sec:  1.767E+00
 Iteration:  00000008   DeltaT:  6.389E-07   Iter/sec:  1.817E+00
 Iteration:  00000009   DeltaT:  6.389E-07   Iter/sec:  2.293E+00
 Iteration:  00000010   DeltaT:  6.389E-07   Iter/sec:  1.913E+00
 Iteration:  00000011   DeltaT:  6.389E-07   Iter/sec:  2.043E+00
 Iteration:  00000012   DeltaT:  6.389E-07   Iter/sec:  2.226E+00
 Iteration:  00000013   DeltaT:  6.389E-07   Iter/sec:  1.920E+00
 Iteration:  00000014   DeltaT:  6.389E-07   Iter/sec:  2.071E+00
 Iteration:  00000015   DeltaT:  6.389E-07   Iter/sec:  2.156E+00
 Iteration:  00000016   DeltaT:  6.389E-07   Iter/sec:  2.039E+00
 Iteration:  00000017   DeltaT:  6.389E-07   Iter/sec:  2.173E+00
 Iteration:  00000018   DeltaT:  6.389E-07   Iter/sec:  2.138E+00
 Iteration:  00000019   DeltaT:  6.389E-07   Iter/sec:  2.121E+00
 Iteration:  00000020   DeltaT:  6.389E-07   Iter/sec:  2.162E+00
 Iteration:  00000021   DeltaT:  6.389E-07   Iter/sec:  2.078E+00
 Iteration:  00000022   DeltaT:  6.389E-07   Iter/sec:  1.978E+00
 Iteration:  00000023   DeltaT:  6.389E-07   Iter/sec:  2.085E+00
 Iteration:  00000024   DeltaT:  6.389E-07   Iter/sec:  2.181E+00
 Iteration:  00000025   DeltaT:  6.389E-07   Iter/sec:  1.884E+00
 Iteration:  00000026   DeltaT:  6.389E-07   Iter/sec:  2.144E+00
 Iteration:  00000027   DeltaT:  6.389E-07   Iter/sec:  2.116E+00
 Iteration:  00000028   DeltaT:  6.389E-07   Iter/sec:  1.998E+00
 Iteration:  00000029   DeltaT:  6.389E-07   Iter/sec:  2.009E+00
 Iteration:  00000030   DeltaT:  6.389E-07   Iter/sec:  2.146E+00
 Iteration:  00000031   DeltaT:  6.389E-07   Iter/sec:  2.150E+00
 Iteration:  00000032   DeltaT:  6.389E-07   Iter/sec:  1.938E+00
 Iteration:  00000033   DeltaT:  6.389E-07   Iter/sec:  2.217E+00
 Iteration:  00000034   DeltaT:  6.389E-07   Iter/sec:  1.975E+00
 Iteration:  00000035   DeltaT:  6.389E-07   Iter/sec:  2.034E+00
 Iteration:  00000036   DeltaT:  6.389E-07   Iter/sec:  2.224E+00
 Iteration:  00000037   DeltaT:  6.389E-07   Iter/sec:  1.983E+00
 Iteration:  00000038   DeltaT:  6.389E-07   Iter/sec:  1.950E+00
 Iteration:  00000039   DeltaT:  6.389E-07   Iter/sec:  1.909E+00
 Iteration:  00000040   DeltaT:  6.389E-07   Iter/sec:  2.199E+00
 Iteration:  00000041   DeltaT:  6.389E-07   Iter/sec:  2.052E+00
 Iteration:  00000042   DeltaT:  6.389E-07   Iter/sec:  1.798E+00
 Iteration:  00000043   DeltaT:  6.389E-07   Iter/sec:  2.280E+00
 Iteration:  00000044   DeltaT:  6.389E-07   Iter/sec:  2.008E+00
 Iteration:  00000045   DeltaT:  6.389E-07   Iter/sec:  2.028E+00
 Iteration:  00000046   DeltaT:  6.389E-07   Iter/sec:  2.169E+00
 Iteration:  00000047   DeltaT:  6.389E-07   Iter/sec:  2.017E+00
 Iteration:  00000048   DeltaT:  6.389E-07   Iter/sec:  2.123E+00
 Iteration:  00000049   DeltaT:  6.389E-07   Iter/sec:  2.059E+00
 Iteration:  00000050   DeltaT:  6.389E-07   Iter/sec:  2.056E+00


//////////////////////////////////////////////
   Measured Timings for Process 0  (seconds)

 Elapsed time:        25.1051
  Column time:        10.6147
     Row time:         5.5097
Legendre time:         2.0593
     FFT time:         0.9654
   Solve time:         1.1257
    rlma time:         0.1777
    rlmb time:         0.0821
  pspace time:         1.9861
  psolve time:         2.3321
    dphi time:         0.0937
captured time:        24.9464

     iter/sec:         1.9916
//////////////////////////////////////////////
