 //////////////////////////////////////
 Initializating Rayleigh...

 -- Initalizing MPI...
 ---- Specified parameters:
 ---- NCPU  :   1024
 ---- NPROW :     64
 ---- NPCOL :     16
 -- MPI initialized.


 -- Initalizing Grid...
 ---- Specified parameters ----
 ---- N_R                 :    512
 ---- N_THETA             :   1536
 ---- Ell_MAX             :   1023
 ---- R_MIN               :  5.38462E-01
 ---- R_MAX               :  1.53846E+00
 ---- Chebyshev Domains   :      1

        Domain 1
          Grid points           :  512
          Dealiased Polynomials :  341
          Domain Lower Bound    :  5.38462E-01
          Domain Upper Bound    :  1.53846E+00

 -- Grid initialized.

 -- Initalizing Reference State...
 ---- Specified parameters:
 ---- Reference type           :  Boussinesq (Non-dimensional)
 ---- Rayleigh Number          :  1.00000E+05
 ---- Ekman Number             :  1.00000E-03
 ---- Prandtl Number           :  1.00000E+00
 ---- Magnetic Prandtl Number  :  5.00000E+00
 -- Reference State initialized.

 -- Initializing Fields...
 ---- Specified parameters:
 ---- Hydro Init Type    : Benchmark (Christensen et al. 2001)
 ---- Magnetic Init Type : Benchmark (Christensen et al. 2001)
 -- Fields initialized.

 Initialization Complete.
 //////////////////////////////////////

 Timestep has changed from  0.00000E+00 to  1.00000E-04.
 Iteration:  00000001   DeltaT:  1.000E-04   Iter/sec:  0.000E+00
 Timestep has changed from  1.00000E-04 to  1.59733E-07.
 Iteration:  00000002   DeltaT:  1.597E-07   Iter/sec:  3.988E-02
 Iteration:  00000003   DeltaT:  1.597E-07   Iter/sec:  4.540E-02
 Iteration:  00000004   DeltaT:  1.597E-07   Iter/sec:  1.184E-01
 Iteration:  00000005   DeltaT:  1.597E-07   Iter/sec:  1.206E-01
 Iteration:  00000006   DeltaT:  1.597E-07   Iter/sec:  1.212E-01
 Iteration:  00000007   DeltaT:  1.597E-07   Iter/sec:  1.203E-01
 Iteration:  00000008   DeltaT:  1.597E-07   Iter/sec:  1.198E-01
 Iteration:  00000009   DeltaT:  1.597E-07   Iter/sec:  1.214E-01
 Iteration:  00000010   DeltaT:  1.597E-07   Iter/sec:  1.208E-01
 Iteration:  00000011   DeltaT:  1.597E-07   Iter/sec:  1.201E-01
 Iteration:  00000012   DeltaT:  1.597E-07   Iter/sec:  1.209E-01
 Iteration:  00000013   DeltaT:  1.597E-07   Iter/sec:  1.203E-01
 Iteration:  00000014   DeltaT:  1.597E-07   Iter/sec:  1.201E-01
 Iteration:  00000015   DeltaT:  1.597E-07   Iter/sec:  1.215E-01
 Iteration:  00000016   DeltaT:  1.597E-07   Iter/sec:  1.204E-01
 Iteration:  00000017   DeltaT:  1.597E-07   Iter/sec:  1.201E-01
 Iteration:  00000018   DeltaT:  1.597E-07   Iter/sec:  1.210E-01
 Iteration:  00000019   DeltaT:  1.597E-07   Iter/sec:  1.209E-01
 Iteration:  00000020   DeltaT:  1.597E-07   Iter/sec:  1.205E-01
 Iteration:  00000021   DeltaT:  1.597E-07   Iter/sec:  1.203E-01
 Iteration:  00000022   DeltaT:  1.597E-07   Iter/sec:  1.211E-01
 Iteration:  00000023   DeltaT:  1.597E-07   Iter/sec:  1.209E-01
 Iteration:  00000024   DeltaT:  1.597E-07   Iter/sec:  1.205E-01
 Iteration:  00000025   DeltaT:  1.597E-07   Iter/sec:  1.222E-01
 Iteration:  00000026   DeltaT:  1.597E-07   Iter/sec:  1.221E-01
 Iteration:  00000027   DeltaT:  1.597E-07   Iter/sec:  1.210E-01
 Iteration:  00000028   DeltaT:  1.597E-07   Iter/sec:  1.201E-01
 Iteration:  00000029   DeltaT:  1.597E-07   Iter/sec:  1.210E-01
 Iteration:  00000030   DeltaT:  1.597E-07   Iter/sec:  1.203E-01
 Iteration:  00000031   DeltaT:  1.597E-07   Iter/sec:  1.204E-01
 Iteration:  00000032   DeltaT:  1.597E-07   Iter/sec:  1.212E-01
 Iteration:  00000033   DeltaT:  1.597E-07   Iter/sec:  1.207E-01
 Iteration:  00000034   DeltaT:  1.597E-07   Iter/sec:  1.206E-01
 Iteration:  00000035   DeltaT:  1.597E-07   Iter/sec:  1.211E-01
 Iteration:  00000036   DeltaT:  1.597E-07   Iter/sec:  1.211E-01
 Iteration:  00000037   DeltaT:  1.597E-07   Iter/sec:  1.201E-01
 Iteration:  00000038   DeltaT:  1.597E-07   Iter/sec:  1.201E-01
 Iteration:  00000039   DeltaT:  1.597E-07   Iter/sec:  1.208E-01
 Iteration:  00000040   DeltaT:  1.597E-07   Iter/sec:  1.205E-01
 Iteration:  00000041   DeltaT:  1.597E-07   Iter/sec:  1.206E-01
 Iteration:  00000042   DeltaT:  1.597E-07   Iter/sec:  1.210E-01
 Iteration:  00000043   DeltaT:  1.597E-07   Iter/sec:  1.204E-01
 Iteration:  00000044   DeltaT:  1.597E-07   Iter/sec:  1.195E-01
 Iteration:  00000045   DeltaT:  1.597E-07   Iter/sec:  1.206E-01
 Iteration:  00000046   DeltaT:  1.597E-07   Iter/sec:  1.199E-01
 Iteration:  00000047   DeltaT:  1.597E-07   Iter/sec:  1.222E-01
 Iteration:  00000048   DeltaT:  1.597E-07   Iter/sec:  1.210E-01
 Iteration:  00000049   DeltaT:  1.597E-07   Iter/sec:  1.209E-01
 Iteration:  00000050   DeltaT:  1.597E-07   Iter/sec:  1.213E-01


//////////////////////////////////////////////
   Measured Timings for Process 0  (seconds)

 Elapsed time:       442.0424
  Column time:        96.2330
     Row time:       142.5488
Legendre time:        53.9467
     FFT time:        16.7899
   Solve time:        27.9502
    rlma time:         6.6274
    rlmb time:         3.1065
  pspace time:        30.6422
  psolve time:        58.2358
    dphi time:         1.0660
captured time:       437.1464

     iter/sec:         0.1131
//////////////////////////////////////////////
