 //////////////////////////////////////
 Initializating Rayleigh...

 -- Initalizing MPI...
 ---- Specified parameters:
 ---- NCPU  :    256
 ---- NPROW :      8
 ---- NPCOL :     32
 -- MPI initialized.


 -- Initalizing Grid...
 ---- Specified parameters ----
 ---- N_R                 :    256
 ---- N_THETA             :    768
 ---- Ell_MAX             :    511
 ---- R_MIN               :  5.38462E-01
 ---- R_MAX               :  1.53846E+00
 ---- Chebyshev Domains   :      1

        Domain 1
          Grid points           :  256
          Dealiased Polynomials :  170
          Domain Lower Bound    :  5.38462E-01
          Domain Upper Bound    :  1.53846E+00

 -- Grid initialized.

 -- Initalizing Reference State...
 ---- Specified parameters:
 ---- Reference type           :  Boussinesq (Non-dimensional)
 ---- Rayleigh Number          :  1.00000E+05
 ---- Ekman Number             :  1.00000E-03
 ---- Prandtl Number           :  1.00000E+00
 ---- Magnetic Prandtl Number  :  5.00000E+00
 -- Reference State initialized.

 -- Initializing Fields...
 ---- Specified parameters:
 ---- Hydro Init Type    : Benchmark (Christensen et al. 2001)
 ---- Magnetic Init Type : Benchmark (Christensen et al. 2001)
 -- Fields initialized.

 Initialization Complete.
 //////////////////////////////////////

 Timestep has changed from  0.00000E+00 to  1.00000E-04.
 Iteration:  00000001   DeltaT:  1.000E-04   Iter/sec:  0.000E+00
 Timestep has changed from  1.00000E-04 to  6.38929E-07.
 Iteration:  00000002   DeltaT:  6.389E-07   Iter/sec:  1.840E-01
 Iteration:  00000003   DeltaT:  6.389E-07   Iter/sec:  2.800E-01
 Iteration:  00000004   DeltaT:  6.389E-07   Iter/sec:  3.809E-01
 Iteration:  00000005   DeltaT:  6.389E-07   Iter/sec:  3.786E-01
 Iteration:  00000006   DeltaT:  6.389E-07   Iter/sec:  3.793E-01
 Iteration:  00000007   DeltaT:  6.389E-07   Iter/sec:  3.787E-01
 Iteration:  00000008   DeltaT:  6.389E-07   Iter/sec:  3.754E-01
 Iteration:  00000009   DeltaT:  6.389E-07   Iter/sec:  3.807E-01
 Iteration:  00000010   DeltaT:  6.389E-07   Iter/sec:  3.788E-01
 Iteration:  00000011   DeltaT:  6.389E-07   Iter/sec:  3.840E-01
 Iteration:  00000012   DeltaT:  6.389E-07   Iter/sec:  3.746E-01
 Iteration:  00000013   DeltaT:  6.389E-07   Iter/sec:  3.797E-01
 Iteration:  00000014   DeltaT:  6.389E-07   Iter/sec:  3.782E-01
 Iteration:  00000015   DeltaT:  6.389E-07   Iter/sec:  3.789E-01
 Iteration:  00000016   DeltaT:  6.389E-07   Iter/sec:  3.793E-01
 Iteration:  00000017   DeltaT:  6.389E-07   Iter/sec:  3.845E-01
 Iteration:  00000018   DeltaT:  6.389E-07   Iter/sec:  3.732E-01
 Iteration:  00000019   DeltaT:  6.389E-07   Iter/sec:  3.789E-01
 Iteration:  00000020   DeltaT:  6.389E-07   Iter/sec:  3.797E-01
 Iteration:  00000021   DeltaT:  6.389E-07   Iter/sec:  3.795E-01
 Iteration:  00000022   DeltaT:  6.389E-07   Iter/sec:  3.757E-01
 Iteration:  00000023   DeltaT:  6.389E-07   Iter/sec:  3.775E-01
 Iteration:  00000024   DeltaT:  6.389E-07   Iter/sec:  3.803E-01
 Iteration:  00000025   DeltaT:  6.389E-07   Iter/sec:  3.791E-01
 Iteration:  00000026   DeltaT:  6.389E-07   Iter/sec:  3.804E-01
 Iteration:  00000027   DeltaT:  6.389E-07   Iter/sec:  3.803E-01
 Iteration:  00000028   DeltaT:  6.389E-07   Iter/sec:  3.779E-01
 Iteration:  00000029   DeltaT:  6.389E-07   Iter/sec:  3.805E-01
 Iteration:  00000030   DeltaT:  6.389E-07   Iter/sec:  3.804E-01
 Iteration:  00000031   DeltaT:  6.389E-07   Iter/sec:  3.784E-01
 Iteration:  00000032   DeltaT:  6.389E-07   Iter/sec:  3.791E-01
 Iteration:  00000033   DeltaT:  6.389E-07   Iter/sec:  3.793E-01
 Iteration:  00000034   DeltaT:  6.389E-07   Iter/sec:  3.776E-01
 Iteration:  00000035   DeltaT:  6.389E-07   Iter/sec:  3.780E-01
 Iteration:  00000036   DeltaT:  6.389E-07   Iter/sec:  3.784E-01
 Iteration:  00000037   DeltaT:  6.389E-07   Iter/sec:  3.829E-01
 Iteration:  00000038   DeltaT:  6.389E-07   Iter/sec:  3.794E-01
 Iteration:  00000039   DeltaT:  6.389E-07   Iter/sec:  3.817E-01
 Iteration:  00000040   DeltaT:  6.389E-07   Iter/sec:  3.747E-01
 Iteration:  00000041   DeltaT:  6.389E-07   Iter/sec:  3.787E-01
 Iteration:  00000042   DeltaT:  6.389E-07   Iter/sec:  3.801E-01
 Iteration:  00000043   DeltaT:  6.389E-07   Iter/sec:  3.807E-01
 Iteration:  00000044   DeltaT:  6.389E-07   Iter/sec:  3.792E-01
 Iteration:  00000045   DeltaT:  6.389E-07   Iter/sec:  3.773E-01
 Iteration:  00000046   DeltaT:  6.389E-07   Iter/sec:  3.795E-01
 Iteration:  00000047   DeltaT:  6.389E-07   Iter/sec:  3.774E-01
 Iteration:  00000048   DeltaT:  6.389E-07   Iter/sec:  3.812E-01
 Iteration:  00000049   DeltaT:  6.389E-07   Iter/sec:  3.790E-01
 Iteration:  00000050   DeltaT:  6.389E-07   Iter/sec:  3.784E-01


//////////////////////////////////////////////
   Measured Timings for Process 0  (seconds)

 Elapsed time:       133.7825
  Column time:        21.2713
     Row time:        42.4461
Legendre time:        19.4643
     FFT time:         7.7171
   Solve time:         4.7152
    rlma time:         2.6839
    rlmb time:         1.1350
  pspace time:        16.1309
  psolve time:        15.4502
    dphi time:         0.6662
captured time:       131.6800

     iter/sec:         0.3737
//////////////////////////////////////////////
