 //////////////////////////////////////
 Initializating Rayleigh...

 -- Initalizing MPI...
 ---- Specified parameters:
 ---- NCPU  :     64
 ---- NPROW :      4
 ---- NPCOL :     16
 -- MPI initialized.


 -- Initalizing Grid...
 ---- Specified parameters ----
 ---- N_R                 :    128
 ---- N_THETA             :    384
 ---- Ell_MAX             :    255
 ---- R_MIN               :  5.38462E-01
 ---- R_MAX               :  1.53846E+00
 ---- Chebyshev Domains   :      1

        Domain 1
          Grid points           :  128
          Dealiased Polynomials :  85
          Domain Lower Bound    :  5.38462E-01
          Domain Upper Bound    :  1.53846E+00

 -- Grid initialized.

 -- Initalizing Reference State...
 ---- Specified parameters:
 ---- Reference type           :  Boussinesq (Non-dimensional)
 ---- Rayleigh Number          :  1.00000E+05
 ---- Ekman Number             :  1.00000E-03
 ---- Prandtl Number           :  1.00000E+00
 ---- Magnetic Prandtl Number  :  5.00000E+00
 -- Reference State initialized.

 -- Initializing Fields...
 ---- Specified parameters:
 ---- Hydro Init Type    : Benchmark (Christensen et al. 2001)
 ---- Magnetic Init Type : Benchmark (Christensen et al. 2001)
 -- Fields initialized.

 Initialization Complete.
 //////////////////////////////////////

 Timestep has changed from  0.00000E+00 to  1.00000E-04.
 Iteration:  00000001   DeltaT:  1.000E-04   Iter/sec:  0.000E+00
 Timestep has changed from  1.00000E-04 to  2.55566E-06.
 Iteration:  00000002   DeltaT:  2.556E-06   Iter/sec:  5.740E-01
 Iteration:  00000003   DeltaT:  2.556E-06   Iter/sec:  8.264E-01
 Iteration:  00000004   DeltaT:  2.556E-06   Iter/sec:  9.047E-01
 Iteration:  00000005   DeltaT:  2.556E-06   Iter/sec:  8.886E-01
 Iteration:  00000006   DeltaT:  2.556E-06   Iter/sec:  8.884E-01
 Iteration:  00000007   DeltaT:  2.556E-06   Iter/sec:  8.875E-01
 Iteration:  00000008   DeltaT:  2.556E-06   Iter/sec:  8.989E-01
 Iteration:  00000009   DeltaT:  2.556E-06   Iter/sec:  8.884E-01
 Iteration:  00000010   DeltaT:  2.556E-06   Iter/sec:  8.978E-01
 Iteration:  00000011   DeltaT:  2.556E-06   Iter/sec:  9.044E-01
 Iteration:  00000012   DeltaT:  2.556E-06   Iter/sec:  8.861E-01
 Iteration:  00000013   DeltaT:  2.556E-06   Iter/sec:  8.934E-01
 Iteration:  00000014   DeltaT:  2.556E-06   Iter/sec:  8.987E-01
 Iteration:  00000015   DeltaT:  2.556E-06   Iter/sec:  8.830E-01
 Iteration:  00000016   DeltaT:  2.556E-06   Iter/sec:  9.017E-01
 Iteration:  00000017   DeltaT:  2.556E-06   Iter/sec:  8.973E-01
 Iteration:  00000018   DeltaT:  2.556E-06   Iter/sec:  8.887E-01
 Iteration:  00000019   DeltaT:  2.556E-06   Iter/sec:  8.985E-01
 Iteration:  00000020   DeltaT:  2.556E-06   Iter/sec:  8.870E-01
 Iteration:  00000021   DeltaT:  2.556E-06   Iter/sec:  8.903E-01
 Iteration:  00000022   DeltaT:  2.556E-06   Iter/sec:  8.992E-01
 Iteration:  00000023   DeltaT:  2.556E-06   Iter/sec:  8.620E-01
 Iteration:  00000024   DeltaT:  2.556E-06   Iter/sec:  8.883E-01
 Iteration:  00000025   DeltaT:  2.556E-06   Iter/sec:  8.927E-01
 Iteration:  00000026   DeltaT:  2.556E-06   Iter/sec:  8.915E-01
 Iteration:  00000027   DeltaT:  2.556E-06   Iter/sec:  9.008E-01
 Iteration:  00000028   DeltaT:  2.556E-06   Iter/sec:  8.928E-01
 Iteration:  00000029   DeltaT:  2.556E-06   Iter/sec:  8.950E-01
 Iteration:  00000030   DeltaT:  2.556E-06   Iter/sec:  8.902E-01
 Iteration:  00000031   DeltaT:  2.556E-06   Iter/sec:  8.871E-01
 Iteration:  00000032   DeltaT:  2.556E-06   Iter/sec:  8.969E-01
 Iteration:  00000033   DeltaT:  2.556E-06   Iter/sec:  8.965E-01
 Iteration:  00000034   DeltaT:  2.556E-06   Iter/sec:  8.962E-01
 Iteration:  00000035   DeltaT:  2.556E-06   Iter/sec:  8.958E-01
 Iteration:  00000036   DeltaT:  2.556E-06   Iter/sec:  8.911E-01
 Iteration:  00000037   DeltaT:  2.556E-06   Iter/sec:  8.907E-01
 Iteration:  00000038   DeltaT:  2.556E-06   Iter/sec:  8.862E-01
 Iteration:  00000039   DeltaT:  2.556E-06   Iter/sec:  8.954E-01
 Iteration:  00000040   DeltaT:  2.556E-06   Iter/sec:  8.853E-01
 Iteration:  00000041   DeltaT:  2.556E-06   Iter/sec:  8.971E-01
 Iteration:  00000042   DeltaT:  2.556E-06   Iter/sec:  9.070E-01
 Iteration:  00000043   DeltaT:  2.556E-06   Iter/sec:  8.904E-01
 Iteration:  00000044   DeltaT:  2.556E-06   Iter/sec:  8.981E-01
 Iteration:  00000045   DeltaT:  2.556E-06   Iter/sec:  8.926E-01
 Iteration:  00000046   DeltaT:  2.556E-06   Iter/sec:  9.058E-01
 Iteration:  00000047   DeltaT:  2.556E-06   Iter/sec:  8.883E-01
 Iteration:  00000048   DeltaT:  2.556E-06   Iter/sec:  8.968E-01
 Iteration:  00000049   DeltaT:  2.556E-06   Iter/sec:  8.969E-01
 Iteration:  00000050   DeltaT:  2.556E-06   Iter/sec:  8.899E-01


//////////////////////////////////////////////
   Measured Timings for Process 0  (seconds)

 Elapsed time:        56.1694
  Column time:         6.5511
     Row time:        20.3713
Legendre time:         6.7004
     FFT time:         4.0465
   Solve time:         1.2370
    rlma time:         1.1154
    rlmb time:         0.4673
  pspace time:         7.8513
  psolve time:         6.6434
    dphi time:         0.3004
captured time:        55.2840

     iter/sec:         0.8902
//////////////////////////////////////////////
