 //////////////////////////////////////
 Initializating Rayleigh...

 -- Initalizing MPI...
 ---- Specified parameters:
 ---- NCPU  :   4096
 ---- NPROW :     64
 ---- NPCOL :     64
 -- MPI initialized.


 -- Initalizing Grid...
 ---- Specified parameters ----
 ---- N_R                 :    256
 ---- N_THETA             :    768
 ---- Ell_MAX             :    511
 ---- R_MIN               :  5.38462E-01
 ---- R_MAX               :  1.53846E+00
 ---- Chebyshev Domains   :      1

        Domain 1
          Grid points           :  256
          Dealiased Polynomials :  170
          Domain Lower Bound    :  5.38462E-01
          Domain Upper Bound    :  1.53846E+00

 -- Grid initialized.

 -- Initalizing Reference State...
 ---- Specified parameters:
 ---- Reference type           :  Boussinesq (Non-dimensional)
 ---- Rayleigh Number          :  1.00000E+05
 ---- Ekman Number             :  1.00000E-03
 ---- Prandtl Number           :  1.00000E+00
 ---- Magnetic Prandtl Number  :  5.00000E+00
 -- Reference State initialized.

 -- Initializing Fields...
 ---- Specified parameters:
 ---- Hydro Init Type    : Benchmark (Christensen et al. 2001)
 ---- Magnetic Init Type : Benchmark (Christensen et al. 2001)
 -- Fields initialized.

 Initialization Complete.
 //////////////////////////////////////

 Timestep has changed from  0.00000E+00 to  1.00000E-04.
 Iteration:  00000001   DeltaT:  1.000E-04   Iter/sec:  0.000E+00
 Timestep has changed from  1.00000E-04 to  6.38929E-07.
 Iteration:  00000002   DeltaT:  6.389E-07   Iter/sec:  6.895E-01
 Iteration:  00000003   DeltaT:  6.389E-07   Iter/sec:  1.632E+00
 Iteration:  00000004   DeltaT:  6.389E-07   Iter/sec:  3.937E+00
 Iteration:  00000005   DeltaT:  6.389E-07   Iter/sec:  3.551E+00
 Iteration:  00000006   DeltaT:  6.389E-07   Iter/sec:  4.466E+00
 Iteration:  00000007   DeltaT:  6.389E-07   Iter/sec:  2.790E+00
 Iteration:  00000008   DeltaT:  6.389E-07   Iter/sec:  4.609E+00
 Iteration:  00000009   DeltaT:  6.389E-07   Iter/sec:  4.455E+00
 Iteration:  00000010   DeltaT:  6.389E-07   Iter/sec:  3.304E+00
 Iteration:  00000011   DeltaT:  6.389E-07   Iter/sec:  3.899E+00
 Iteration:  00000012   DeltaT:  6.389E-07   Iter/sec:  3.968E+00
 Iteration:  00000013   DeltaT:  6.389E-07   Iter/sec:  3.834E+00
 Iteration:  00000014   DeltaT:  6.389E-07   Iter/sec:  4.387E+00
 Iteration:  00000015   DeltaT:  6.389E-07   Iter/sec:  2.703E+00
 Iteration:  00000016   DeltaT:  6.389E-07   Iter/sec:  4.627E+00
 Iteration:  00000017   DeltaT:  6.389E-07   Iter/sec:  3.604E+00
 Iteration:  00000018   DeltaT:  6.389E-07   Iter/sec:  3.013E+00
 Iteration:  00000019   DeltaT:  6.389E-07   Iter/sec:  4.411E+00
 Iteration:  00000020   DeltaT:  6.389E-07   Iter/sec:  3.557E+00
 Iteration:  00000021   DeltaT:  6.389E-07   Iter/sec:  4.167E+00
 Iteration:  00000022   DeltaT:  6.389E-07   Iter/sec:  4.462E+00
 Iteration:  00000023   DeltaT:  6.389E-07   Iter/sec:  3.094E+00
 Iteration:  00000024   DeltaT:  6.389E-07   Iter/sec:  4.947E+00
 Iteration:  00000025   DeltaT:  6.389E-07   Iter/sec:  4.543E+00
 Iteration:  00000026   DeltaT:  6.389E-07   Iter/sec:  2.975E+00
 Iteration:  00000027   DeltaT:  6.389E-07   Iter/sec:  4.507E+00
 Iteration:  00000028   DeltaT:  6.389E-07   Iter/sec:  4.042E+00
 Iteration:  00000029   DeltaT:  6.389E-07   Iter/sec:  3.232E+00
 Iteration:  00000030   DeltaT:  6.389E-07   Iter/sec:  4.544E+00
 Iteration:  00000031   DeltaT:  6.389E-07   Iter/sec:  3.622E+00
 Iteration:  00000032   DeltaT:  6.389E-07   Iter/sec:  3.862E+00
 Iteration:  00000033   DeltaT:  6.389E-07   Iter/sec:  4.479E+00
 Iteration:  00000034   DeltaT:  6.389E-07   Iter/sec:  3.013E+00
 Iteration:  00000035   DeltaT:  6.389E-07   Iter/sec:  4.367E+00
 Iteration:  00000036   DeltaT:  6.389E-07   Iter/sec:  3.898E+00
 Iteration:  00000037   DeltaT:  6.389E-07   Iter/sec:  3.315E+00
 Iteration:  00000038   DeltaT:  6.389E-07   Iter/sec:  4.538E+00
 Iteration:  00000039   DeltaT:  6.389E-07   Iter/sec:  2.734E+00
 Iteration:  00000040   DeltaT:  6.389E-07   Iter/sec:  5.521E+00
 Iteration:  00000041   DeltaT:  6.389E-07   Iter/sec:  4.489E+00
 Iteration:  00000042   DeltaT:  6.389E-07   Iter/sec:  3.186E+00
 Iteration:  00000043   DeltaT:  6.389E-07   Iter/sec:  3.581E+00
 Iteration:  00000044   DeltaT:  6.389E-07   Iter/sec:  4.093E+00
 Iteration:  00000045   DeltaT:  6.389E-07   Iter/sec:  3.502E+00
 Iteration:  00000046   DeltaT:  6.389E-07   Iter/sec:  4.467E+00
 Iteration:  00000047   DeltaT:  6.389E-07   Iter/sec:  3.268E+00
 Iteration:  00000048   DeltaT:  6.389E-07   Iter/sec:  4.942E+00
 Iteration:  00000049   DeltaT:  6.389E-07   Iter/sec:  4.380E+00
 Iteration:  00000050   DeltaT:  6.389E-07   Iter/sec:  3.273E+00


//////////////////////////////////////////////
   Measured Timings for Process 0  (seconds)

 Elapsed time:        13.8994
  Column time:         5.6546
     Row time:         3.5700
Legendre time:         0.9563
     FFT time:         0.4769
   Solve time:         0.8619
    rlma time:         0.0902
    rlmb time:         0.0422
  pspace time:         0.8207
  psolve time:         1.3144
    dphi time:         0.0393
captured time:        13.8264

     iter/sec:         3.5973
//////////////////////////////////////////////
