 //////////////////////////////////////
 Initializating Rayleigh...

 -- Initalizing MPI...
 ---- Specified parameters:
 ---- NCPU  :   1024
 ---- NPROW :     16
 ---- NPCOL :     64
 -- MPI initialized.


 -- Initalizing Grid...
 ---- Specified parameters ----
 ---- N_R                 :    512
 ---- N_THETA             :   1536
 ---- Ell_MAX             :   1023
 ---- R_MIN               :  5.38462E-01
 ---- R_MAX               :  1.53846E+00
 ---- Chebyshev Domains   :      1

        Domain 1
          Grid points           :  512
          Dealiased Polynomials :  341
          Domain Lower Bound    :  5.38462E-01
          Domain Upper Bound    :  1.53846E+00

 -- Grid initialized.

 -- Initalizing Reference State...
 ---- Specified parameters:
 ---- Reference type           :  Boussinesq (Non-dimensional)
 ---- Rayleigh Number          :  1.00000E+05
 ---- Ekman Number             :  1.00000E-03
 ---- Prandtl Number           :  1.00000E+00
 ---- Magnetic Prandtl Number  :  5.00000E+00
 -- Reference State initialized.

 -- Initializing Fields...
 ---- Specified parameters:
 ---- Hydro Init Type    : Benchmark (Christensen et al. 2001)
 ---- Magnetic Init Type : Benchmark (Christensen et al. 2001)
 -- Fields initialized.

 Initialization Complete.
 //////////////////////////////////////

 Timestep has changed from  0.00000E+00 to  1.00000E-04.
 Iteration:  00000001   DeltaT:  1.000E-04   Iter/sec:  0.000E+00
 Timestep has changed from  1.00000E-04 to  1.59733E-07.
 Iteration:  00000002   DeltaT:  1.597E-07   Iter/sec:  4.925E-02
 Iteration:  00000003   DeltaT:  1.597E-07   Iter/sec:  7.610E-02
 Iteration:  00000004   DeltaT:  1.597E-07   Iter/sec:  1.372E-01
 Iteration:  00000005   DeltaT:  1.597E-07   Iter/sec:  1.381E-01
 Iteration:  00000006   DeltaT:  1.597E-07   Iter/sec:  1.390E-01
 Iteration:  00000007   DeltaT:  1.597E-07   Iter/sec:  1.370E-01
 Iteration:  00000008   DeltaT:  1.597E-07   Iter/sec:  1.389E-01
 Iteration:  00000009   DeltaT:  1.597E-07   Iter/sec:  1.388E-01
 Iteration:  00000010   DeltaT:  1.597E-07   Iter/sec:  1.371E-01
 Iteration:  00000011   DeltaT:  1.597E-07   Iter/sec:  1.398E-01
 Iteration:  00000012   DeltaT:  1.597E-07   Iter/sec:  1.371E-01
 Iteration:  00000013   DeltaT:  1.597E-07   Iter/sec:  1.369E-01
 Iteration:  00000014   DeltaT:  1.597E-07   Iter/sec:  1.385E-01
 Iteration:  00000015   DeltaT:  1.597E-07   Iter/sec:  1.371E-01
 Iteration:  00000016   DeltaT:  1.597E-07   Iter/sec:  1.391E-01
 Iteration:  00000017   DeltaT:  1.597E-07   Iter/sec:  1.368E-01
 Iteration:  00000018   DeltaT:  1.597E-07   Iter/sec:  1.368E-01
 Iteration:  00000019   DeltaT:  1.597E-07   Iter/sec:  1.368E-01
 Iteration:  00000020   DeltaT:  1.597E-07   Iter/sec:  1.393E-01
 Iteration:  00000021   DeltaT:  1.597E-07   Iter/sec:  1.368E-01
 Iteration:  00000022   DeltaT:  1.597E-07   Iter/sec:  1.393E-01
 Iteration:  00000023   DeltaT:  1.597E-07   Iter/sec:  1.376E-01
 Iteration:  00000024   DeltaT:  1.597E-07   Iter/sec:  1.386E-01
 Iteration:  00000025   DeltaT:  1.597E-07   Iter/sec:  1.380E-01
 Iteration:  00000026   DeltaT:  1.597E-07   Iter/sec:  1.388E-01
 Iteration:  00000027   DeltaT:  1.597E-07   Iter/sec:  1.363E-01
 Iteration:  00000028   DeltaT:  1.597E-07   Iter/sec:  1.388E-01
 Iteration:  00000029   DeltaT:  1.597E-07   Iter/sec:  1.379E-01
 Iteration:  00000030   DeltaT:  1.597E-07   Iter/sec:  1.373E-01
 Iteration:  00000031   DeltaT:  1.597E-07   Iter/sec:  1.383E-01
 Iteration:  00000032   DeltaT:  1.597E-07   Iter/sec:  1.388E-01
 Iteration:  00000033   DeltaT:  1.597E-07   Iter/sec:  1.372E-01
 Iteration:  00000034   DeltaT:  1.597E-07   Iter/sec:  1.382E-01
 Iteration:  00000035   DeltaT:  1.597E-07   Iter/sec:  1.377E-01
 Iteration:  00000036   DeltaT:  1.597E-07   Iter/sec:  1.388E-01
 Iteration:  00000037   DeltaT:  1.597E-07   Iter/sec:  1.381E-01
 Iteration:  00000038   DeltaT:  1.597E-07   Iter/sec:  1.376E-01
 Iteration:  00000039   DeltaT:  1.597E-07   Iter/sec:  1.365E-01
 Iteration:  00000040   DeltaT:  1.597E-07   Iter/sec:  1.402E-01
 Iteration:  00000041   DeltaT:  1.597E-07   Iter/sec:  1.368E-01
 Iteration:  00000042   DeltaT:  1.597E-07   Iter/sec:  1.386E-01
 Iteration:  00000043   DeltaT:  1.597E-07   Iter/sec:  1.381E-01
 Iteration:  00000044   DeltaT:  1.597E-07   Iter/sec:  1.381E-01
 Iteration:  00000045   DeltaT:  1.597E-07   Iter/sec:  1.387E-01
 Iteration:  00000046   DeltaT:  1.597E-07   Iter/sec:  1.374E-01
 Iteration:  00000047   DeltaT:  1.597E-07   Iter/sec:  1.386E-01
 Iteration:  00000048   DeltaT:  1.597E-07   Iter/sec:  1.365E-01
 Iteration:  00000049   DeltaT:  1.597E-07   Iter/sec:  1.380E-01
 Iteration:  00000050   DeltaT:  1.597E-07   Iter/sec:  1.390E-01


//////////////////////////////////////////////
   Measured Timings for Process 0  (seconds)

 Elapsed time:       374.1420
  Column time:        92.7923
     Row time:        97.8672
Legendre time:        54.1043
     FFT time:        16.8757
   Solve time:        17.7435
    rlma time:         6.8837
    rlmb time:         3.1067
  pspace time:        34.9248
  psolve time:        42.8012
    dphi time:         1.9887
captured time:       369.0882

     iter/sec:         0.1336
//////////////////////////////////////////////
