 //////////////////////////////////////
 Initializating Rayleigh...

 -- Initalizing MPI...
 ---- Specified parameters:
 ---- NCPU  :   2048
 ---- NPROW :     32
 ---- NPCOL :     64
 -- MPI initialized.


 -- Initalizing Grid...
 ---- Specified parameters ----
 ---- N_R                 :    128
 ---- N_THETA             :    384
 ---- Ell_MAX             :    255
 ---- R_MIN               :  5.38462E-01
 ---- R_MAX               :  1.53846E+00
 ---- Chebyshev Domains   :      1

        Domain 1
          Grid points           :  128
          Dealiased Polynomials :  85
          Domain Lower Bound    :  5.38462E-01
          Domain Upper Bound    :  1.53846E+00

 -- Grid initialized.

 -- Initalizing Reference State...
 ---- Specified parameters:
 ---- Reference type           :  Boussinesq (Non-dimensional)
 ---- Rayleigh Number          :  1.00000E+05
 ---- Ekman Number             :  1.00000E-03
 ---- Prandtl Number           :  1.00000E+00
 ---- Magnetic Prandtl Number  :  5.00000E+00
 -- Reference State initialized.

 -- Initializing Fields...
 ---- Specified parameters:
 ---- Hydro Init Type    : Benchmark (Christensen et al. 2001)
 ---- Magnetic Init Type : Benchmark (Christensen et al. 2001)
 -- Fields initialized.

 Initialization Complete.
 //////////////////////////////////////

 Timestep has changed from  0.00000E+00 to  1.00000E-04.
 Iteration:  00000001   DeltaT:  1.000E-04   Iter/sec:  0.000E+00
 Timestep has changed from  1.00000E-04 to  2.55566E-06.
 Iteration:  00000002   DeltaT:  2.556E-06   Iter/sec:  2.167E-01
 Iteration:  00000003   DeltaT:  2.556E-06   Iter/sec:  1.535E+01
 Iteration:  00000004   DeltaT:  2.556E-06   Iter/sec:  2.406E+01
 Iteration:  00000005   DeltaT:  2.556E-06   Iter/sec:  2.424E+01
 Iteration:  00000006   DeltaT:  2.556E-06   Iter/sec:  2.454E+01
 Iteration:  00000007   DeltaT:  2.556E-06   Iter/sec:  2.370E+01
 Iteration:  00000008   DeltaT:  2.556E-06   Iter/sec:  2.504E+01
 Iteration:  00000009   DeltaT:  2.556E-06   Iter/sec:  2.420E+01
 Iteration:  00000010   DeltaT:  2.556E-06   Iter/sec:  2.493E+01
 Iteration:  00000011   DeltaT:  2.556E-06   Iter/sec:  1.082E+01
 Iteration:  00000012   DeltaT:  2.556E-06   Iter/sec:  1.596E+01
 Iteration:  00000013   DeltaT:  2.556E-06   Iter/sec:  1.221E+01
 Iteration:  00000014   DeltaT:  2.556E-06   Iter/sec:  9.638E+00
 Iteration:  00000015   DeltaT:  2.556E-06   Iter/sec:  1.634E+01
 Iteration:  00000016   DeltaT:  2.556E-06   Iter/sec:  2.396E+01
 Iteration:  00000017   DeltaT:  2.556E-06   Iter/sec:  2.208E+01
 Iteration:  00000018   DeltaT:  2.556E-06   Iter/sec:  2.566E+01
 Iteration:  00000019   DeltaT:  2.556E-06   Iter/sec:  2.609E+01
 Iteration:  00000020   DeltaT:  2.556E-06   Iter/sec:  2.513E+01
 Iteration:  00000021   DeltaT:  2.556E-06   Iter/sec:  2.429E+01
 Iteration:  00000022   DeltaT:  2.556E-06   Iter/sec:  2.455E+01
 Iteration:  00000023   DeltaT:  2.556E-06   Iter/sec:  2.279E+01
 Iteration:  00000024   DeltaT:  2.556E-06   Iter/sec:  9.743E+00
 Iteration:  00000025   DeltaT:  2.556E-06   Iter/sec:  2.609E+01
 Iteration:  00000026   DeltaT:  2.556E-06   Iter/sec:  7.137E+00
 Iteration:  00000027   DeltaT:  2.556E-06   Iter/sec:  1.445E+01
 Iteration:  00000028   DeltaT:  2.556E-06   Iter/sec:  2.635E+01
 Iteration:  00000029   DeltaT:  2.556E-06   Iter/sec:  2.495E+01
 Iteration:  00000030   DeltaT:  2.556E-06   Iter/sec:  2.284E+01
 Iteration:  00000031   DeltaT:  2.556E-06   Iter/sec:  2.242E+01
 Iteration:  00000032   DeltaT:  2.556E-06   Iter/sec:  2.586E+01
 Iteration:  00000033   DeltaT:  2.556E-06   Iter/sec:  2.495E+01
 Iteration:  00000034   DeltaT:  2.556E-06   Iter/sec:  2.444E+01
 Iteration:  00000035   DeltaT:  2.556E-06   Iter/sec:  2.347E+01
 Iteration:  00000036   DeltaT:  2.556E-06   Iter/sec:  1.021E+01
 Iteration:  00000037   DeltaT:  2.556E-06   Iter/sec:  2.036E+01
 Iteration:  00000038   DeltaT:  2.556E-06   Iter/sec:  2.530E+01
 Iteration:  00000039   DeltaT:  2.556E-06   Iter/sec:  2.173E+01
 Iteration:  00000040   DeltaT:  2.556E-06   Iter/sec:  1.423E+01
 Iteration:  00000041   DeltaT:  2.556E-06   Iter/sec:  6.391E+00
 Iteration:  00000042   DeltaT:  2.556E-06   Iter/sec:  2.394E+01
 Iteration:  00000043   DeltaT:  2.556E-06   Iter/sec:  2.543E+01
 Iteration:  00000044   DeltaT:  2.556E-06   Iter/sec:  2.373E+01
 Iteration:  00000045   DeltaT:  2.556E-06   Iter/sec:  2.442E+01
 Iteration:  00000046   DeltaT:  2.556E-06   Iter/sec:  2.422E+01
 Iteration:  00000047   DeltaT:  2.556E-06   Iter/sec:  2.352E+01
 Iteration:  00000048   DeltaT:  2.556E-06   Iter/sec:  2.488E+01
 Iteration:  00000049   DeltaT:  2.556E-06   Iter/sec:  2.427E+01
 Iteration:  00000050   DeltaT:  2.556E-06   Iter/sec:  1.220E+01


//////////////////////////////////////////////
   Measured Timings for Process 0  (seconds)

 Elapsed time:         2.8275
  Column time:         1.5346
     Row time:         0.5907
Legendre time:         0.1545
     FFT time:         0.1030
   Solve time:         0.1348
    rlma time:         0.0273
    rlmb time:         0.0109
  pspace time:         0.0942
  psolve time:         0.1488
    dphi time:         0.0096
captured time:         2.8084

     iter/sec:        17.6837
//////////////////////////////////////////////
