 //////////////////////////////////////
 Initializating Rayleigh...

 -- Initalizing MPI...
 ---- Specified parameters:
 ---- NCPU  :   4096
 ---- NPROW :     64
 ---- NPCOL :     64
 -- MPI initialized.


 -- Initalizing Grid...
 ---- Specified parameters ----
 ---- N_R                 :    512
 ---- N_THETA             :   1536
 ---- Ell_MAX             :   1023
 ---- R_MIN               :  5.38462E-01
 ---- R_MAX               :  1.53846E+00
 ---- Chebyshev Domains   :      1

        Domain 1
          Grid points           :  512
          Dealiased Polynomials :  341
          Domain Lower Bound    :  5.38462E-01
          Domain Upper Bound    :  1.53846E+00

 -- Grid initialized.

 -- Initalizing Reference State...
 ---- Specified parameters:
 ---- Reference type           :  Boussinesq (Non-dimensional)
 ---- Rayleigh Number          :  1.00000E+05
 ---- Ekman Number             :  1.00000E-03
 ---- Prandtl Number           :  1.00000E+00
 ---- Magnetic Prandtl Number  :  5.00000E+00
 -- Reference State initialized.

 -- Initializing Fields...
 ---- Specified parameters:
 ---- Hydro Init Type    : Benchmark (Christensen et al. 2001)
 ---- Magnetic Init Type : Benchmark (Christensen et al. 2001)
 -- Fields initialized.

 Initialization Complete.
 //////////////////////////////////////

 Timestep has changed from  0.00000E+00 to  1.00000E-04.
 Iteration:  00000001   DeltaT:  1.000E-04   Iter/sec:  0.000E+00
 Timestep has changed from  1.00000E-04 to  1.59733E-07.
 Iteration:  00000002   DeltaT:  1.597E-07   Iter/sec:  1.099E-01
 Iteration:  00000003   DeltaT:  1.597E-07   Iter/sec:  1.575E-01
 Iteration:  00000004   DeltaT:  1.597E-07   Iter/sec:  4.422E-01
 Iteration:  00000005   DeltaT:  1.597E-07   Iter/sec:  4.403E-01
 Iteration:  00000006   DeltaT:  1.597E-07   Iter/sec:  4.418E-01
 Iteration:  00000007   DeltaT:  1.597E-07   Iter/sec:  4.285E-01
 Iteration:  00000008   DeltaT:  1.597E-07   Iter/sec:  4.419E-01
 Iteration:  00000009   DeltaT:  1.597E-07   Iter/sec:  4.226E-01
 Iteration:  00000010   DeltaT:  1.597E-07   Iter/sec:  4.246E-01
 Iteration:  00000011   DeltaT:  1.597E-07   Iter/sec:  4.496E-01
 Iteration:  00000012   DeltaT:  1.597E-07   Iter/sec:  4.243E-01
 Iteration:  00000013   DeltaT:  1.597E-07   Iter/sec:  4.301E-01
 Iteration:  00000014   DeltaT:  1.597E-07   Iter/sec:  4.395E-01
 Iteration:  00000015   DeltaT:  1.597E-07   Iter/sec:  4.407E-01
 Iteration:  00000016   DeltaT:  1.597E-07   Iter/sec:  4.335E-01
 Iteration:  00000017   DeltaT:  1.597E-07   Iter/sec:  4.436E-01
 Iteration:  00000018   DeltaT:  1.597E-07   Iter/sec:  4.368E-01
 Iteration:  00000019   DeltaT:  1.597E-07   Iter/sec:  4.464E-01
 Iteration:  00000020   DeltaT:  1.597E-07   Iter/sec:  4.395E-01
 Iteration:  00000021   DeltaT:  1.597E-07   Iter/sec:  4.244E-01
 Iteration:  00000022   DeltaT:  1.597E-07   Iter/sec:  4.419E-01
 Iteration:  00000023   DeltaT:  1.597E-07   Iter/sec:  4.425E-01
 Iteration:  00000024   DeltaT:  1.597E-07   Iter/sec:  4.378E-01
 Iteration:  00000025   DeltaT:  1.597E-07   Iter/sec:  4.255E-01
 Iteration:  00000026   DeltaT:  1.597E-07   Iter/sec:  4.447E-01
 Iteration:  00000027   DeltaT:  1.597E-07   Iter/sec:  4.333E-01
 Iteration:  00000028   DeltaT:  1.597E-07   Iter/sec:  4.404E-01
 Iteration:  00000029   DeltaT:  1.597E-07   Iter/sec:  4.347E-01
 Iteration:  00000030   DeltaT:  1.597E-07   Iter/sec:  4.394E-01
 Iteration:  00000031   DeltaT:  1.597E-07   Iter/sec:  4.380E-01
 Iteration:  00000032   DeltaT:  1.597E-07   Iter/sec:  4.355E-01
 Iteration:  00000033   DeltaT:  1.597E-07   Iter/sec:  4.448E-01
 Iteration:  00000034   DeltaT:  1.597E-07   Iter/sec:  4.309E-01
 Iteration:  00000035   DeltaT:  1.597E-07   Iter/sec:  4.420E-01
 Iteration:  00000036   DeltaT:  1.597E-07   Iter/sec:  4.262E-01
 Iteration:  00000037   DeltaT:  1.597E-07   Iter/sec:  4.387E-01
 Iteration:  00000038   DeltaT:  1.597E-07   Iter/sec:  4.363E-01
 Iteration:  00000039   DeltaT:  1.597E-07   Iter/sec:  4.401E-01
 Iteration:  00000040   DeltaT:  1.597E-07   Iter/sec:  4.459E-01
 Iteration:  00000041   DeltaT:  1.597E-07   Iter/sec:  4.379E-01
 Iteration:  00000042   DeltaT:  1.597E-07   Iter/sec:  4.403E-01
 Iteration:  00000043   DeltaT:  1.597E-07   Iter/sec:  4.284E-01
 Iteration:  00000044   DeltaT:  1.597E-07   Iter/sec:  4.423E-01
 Iteration:  00000045   DeltaT:  1.597E-07   Iter/sec:  4.462E-01
 Iteration:  00000046   DeltaT:  1.597E-07   Iter/sec:  4.328E-01
 Iteration:  00000047   DeltaT:  1.597E-07   Iter/sec:  4.346E-01
 Iteration:  00000048   DeltaT:  1.597E-07   Iter/sec:  4.454E-01
 Iteration:  00000049   DeltaT:  1.597E-07   Iter/sec:  4.470E-01
 Iteration:  00000050   DeltaT:  1.597E-07   Iter/sec:  4.404E-01


//////////////////////////////////////////////
   Measured Timings for Process 0  (seconds)

 Elapsed time:       122.4137
  Column time:        36.8270
     Row time:        32.9117
Legendre time:        14.0314
     FFT time:         4.2718
   Solve time:         7.8682
    rlma time:         1.2246
    rlmb time:         0.5496
  pspace time:         8.0886
  psolve time:        15.3697
    dphi time:         0.3041
captured time:       121.4467

     iter/sec:         0.4085
//////////////////////////////////////////////
