 //////////////////////////////////////
 Initializating Rayleigh...

 -- Initalizing MPI...
 ---- Specified parameters:
 ---- NCPU  :    256
 ---- NPROW :     16
 ---- NPCOL :     16
 -- MPI initialized.


 -- Initalizing Grid...
 ---- Specified parameters ----
 ---- N_R                 :    256
 ---- N_THETA             :    768
 ---- Ell_MAX             :    511
 ---- R_MIN               :  5.38462E-01
 ---- R_MAX               :  1.53846E+00
 ---- Chebyshev Domains   :      1

        Domain 1
          Grid points           :  256
          Dealiased Polynomials :  170
          Domain Lower Bound    :  5.38462E-01
          Domain Upper Bound    :  1.53846E+00

 -- Grid initialized.

 -- Initalizing Reference State...
 ---- Specified parameters:
 ---- Reference type           :  Boussinesq (Non-dimensional)
 ---- Rayleigh Number          :  1.00000E+05
 ---- Ekman Number             :  1.00000E-03
 ---- Prandtl Number           :  1.00000E+00
 ---- Magnetic Prandtl Number  :  5.00000E+00
 -- Reference State initialized.

 -- Initializing Fields...
 ---- Specified parameters:
 ---- Hydro Init Type    : Benchmark (Christensen et al. 2001)
 ---- Magnetic Init Type : Benchmark (Christensen et al. 2001)
 -- Fields initialized.

 Initialization Complete.
 //////////////////////////////////////

 Timestep has changed from  0.00000E+00 to  1.00000E-04.
 Iteration:  00000001   DeltaT:  1.000E-04   Iter/sec:  0.000E+00
 Timestep has changed from  1.00000E-04 to  6.38929E-07.
 Iteration:  00000002   DeltaT:  6.389E-07   Iter/sec:  1.903E-01
 Iteration:  00000003   DeltaT:  6.389E-07   Iter/sec:  2.416E-01
 Iteration:  00000004   DeltaT:  6.389E-07   Iter/sec:  3.806E-01
 Iteration:  00000005   DeltaT:  6.389E-07   Iter/sec:  3.641E-01
 Iteration:  00000006   DeltaT:  6.389E-07   Iter/sec:  3.698E-01
 Iteration:  00000007   DeltaT:  6.389E-07   Iter/sec:  3.733E-01
 Iteration:  00000008   DeltaT:  6.389E-07   Iter/sec:  3.719E-01
 Iteration:  00000009   DeltaT:  6.389E-07   Iter/sec:  3.701E-01
 Iteration:  00000010   DeltaT:  6.389E-07   Iter/sec:  3.730E-01
 Iteration:  00000011   DeltaT:  6.389E-07   Iter/sec:  3.713E-01
 Iteration:  00000012   DeltaT:  6.389E-07   Iter/sec:  3.695E-01
 Iteration:  00000013   DeltaT:  6.389E-07   Iter/sec:  3.687E-01
 Iteration:  00000014   DeltaT:  6.389E-07   Iter/sec:  3.734E-01
 Iteration:  00000015   DeltaT:  6.389E-07   Iter/sec:  3.675E-01
 Iteration:  00000016   DeltaT:  6.389E-07   Iter/sec:  3.733E-01
 Iteration:  00000017   DeltaT:  6.389E-07   Iter/sec:  3.685E-01
 Iteration:  00000018   DeltaT:  6.389E-07   Iter/sec:  3.706E-01
 Iteration:  00000019   DeltaT:  6.389E-07   Iter/sec:  3.679E-01
 Iteration:  00000020   DeltaT:  6.389E-07   Iter/sec:  3.702E-01
 Iteration:  00000021   DeltaT:  6.389E-07   Iter/sec:  3.713E-01
 Iteration:  00000022   DeltaT:  6.389E-07   Iter/sec:  3.730E-01
 Iteration:  00000023   DeltaT:  6.389E-07   Iter/sec:  3.673E-01
 Iteration:  00000024   DeltaT:  6.389E-07   Iter/sec:  3.725E-01
 Iteration:  00000025   DeltaT:  6.389E-07   Iter/sec:  3.705E-01
 Iteration:  00000026   DeltaT:  6.389E-07   Iter/sec:  3.738E-01
 Iteration:  00000027   DeltaT:  6.389E-07   Iter/sec:  3.712E-01
 Iteration:  00000028   DeltaT:  6.389E-07   Iter/sec:  3.725E-01
 Iteration:  00000029   DeltaT:  6.389E-07   Iter/sec:  3.665E-01
 Iteration:  00000030   DeltaT:  6.389E-07   Iter/sec:  3.701E-01
 Iteration:  00000031   DeltaT:  6.389E-07   Iter/sec:  3.703E-01
 Iteration:  00000032   DeltaT:  6.389E-07   Iter/sec:  3.707E-01
 Iteration:  00000033   DeltaT:  6.389E-07   Iter/sec:  3.730E-01
 Iteration:  00000034   DeltaT:  6.389E-07   Iter/sec:  3.724E-01
 Iteration:  00000035   DeltaT:  6.389E-07   Iter/sec:  3.701E-01
 Iteration:  00000036   DeltaT:  6.389E-07   Iter/sec:  3.689E-01
 Iteration:  00000037   DeltaT:  6.389E-07   Iter/sec:  3.679E-01
 Iteration:  00000038   DeltaT:  6.389E-07   Iter/sec:  3.694E-01
 Iteration:  00000039   DeltaT:  6.389E-07   Iter/sec:  3.739E-01
 Iteration:  00000040   DeltaT:  6.389E-07   Iter/sec:  3.688E-01
 Iteration:  00000041   DeltaT:  6.389E-07   Iter/sec:  3.698E-01
 Iteration:  00000042   DeltaT:  6.389E-07   Iter/sec:  3.711E-01
 Iteration:  00000043   DeltaT:  6.389E-07   Iter/sec:  3.713E-01
 Iteration:  00000044   DeltaT:  6.389E-07   Iter/sec:  3.760E-01
 Iteration:  00000045   DeltaT:  6.389E-07   Iter/sec:  3.664E-01
 Iteration:  00000046   DeltaT:  6.389E-07   Iter/sec:  3.734E-01
 Iteration:  00000047   DeltaT:  6.389E-07   Iter/sec:  3.647E-01
 Iteration:  00000048   DeltaT:  6.389E-07   Iter/sec:  3.676E-01
 Iteration:  00000049   DeltaT:  6.389E-07   Iter/sec:  3.737E-01
 Iteration:  00000050   DeltaT:  6.389E-07   Iter/sec:  3.718E-01


//////////////////////////////////////////////
   Measured Timings for Process 0  (seconds)

 Elapsed time:       137.7818
  Column time:        18.5801
     Row time:        44.7242
Legendre time:        21.3677
     FFT time:         7.7015
   Solve time:         5.3395
    rlma time:         3.2692
    rlmb time:         1.6011
  pspace time:        16.3965
  psolve time:        16.0851
    dphi time:         0.7312
captured time:       135.7961

     iter/sec:         0.3629
//////////////////////////////////////////////
