 //////////////////////////////////////
 Initializating Rayleigh...

 -- Initalizing MPI...
 ---- Specified parameters:
 ---- NCPU  :    512
 ---- NPROW :     16
 ---- NPCOL :     32
 -- MPI initialized.


 -- Initalizing Grid...
 ---- Specified parameters ----
 ---- N_R                 :    512
 ---- N_THETA             :   1536
 ---- Ell_MAX             :   1023
 ---- R_MIN               :  5.38462E-01
 ---- R_MAX               :  1.53846E+00
 ---- Chebyshev Domains   :      1

        Domain 1
          Grid points           :  512
          Dealiased Polynomials :  341
          Domain Lower Bound    :  5.38462E-01
          Domain Upper Bound    :  1.53846E+00

 -- Grid initialized.

 -- Initalizing Reference State...
 ---- Specified parameters:
 ---- Reference type           :  Boussinesq (Non-dimensional)
 ---- Rayleigh Number          :  1.00000E+05
 ---- Ekman Number             :  1.00000E-03
 ---- Prandtl Number           :  1.00000E+00
 ---- Magnetic Prandtl Number  :  5.00000E+00
 -- Reference State initialized.

 -- Initializing Fields...
 ---- Specified parameters:
 ---- Hydro Init Type    : Benchmark (Christensen et al. 2001)
 ---- Magnetic Init Type : Benchmark (Christensen et al. 2001)
 -- Fields initialized.

 Initialization Complete.
 //////////////////////////////////////

 Timestep has changed from  0.00000E+00 to  1.00000E-04.
 Iteration:  00000001   DeltaT:  1.000E-04   Iter/sec:  0.000E+00
 Timestep has changed from  1.00000E-04 to  1.59733E-07.
 Iteration:  00000002   DeltaT:  1.597E-07   Iter/sec:  3.327E-02
 Iteration:  00000003   DeltaT:  1.597E-07   Iter/sec:  4.387E-02
 Iteration:  00000004   DeltaT:  1.597E-07   Iter/sec:  7.772E-02
 Iteration:  00000005   DeltaT:  1.597E-07   Iter/sec:  7.769E-02
 Iteration:  00000006   DeltaT:  1.597E-07   Iter/sec:  7.753E-02
 Iteration:  00000007   DeltaT:  1.597E-07   Iter/sec:  7.794E-02
 Iteration:  00000008   DeltaT:  1.597E-07   Iter/sec:  7.732E-02
 Iteration:  00000009   DeltaT:  1.597E-07   Iter/sec:  7.764E-02
 Iteration:  00000010   DeltaT:  1.597E-07   Iter/sec:  7.831E-02
