 //////////////////////////////////////
 Initializating Rayleigh...

 -- Initalizing MPI...
 ---- Specified parameters:
 ---- NCPU  :   4096
 ---- NPROW :     32
 ---- NPCOL :    128
 -- MPI initialized.


 -- Initalizing Grid...
 ---- Specified parameters ----
 ---- N_R                 :    512
 ---- N_THETA             :   1536
 ---- Ell_MAX             :   1023
 ---- R_MIN               :  5.38462E-01
 ---- R_MAX               :  1.53846E+00
 ---- Chebyshev Domains   :      1

        Domain 1
          Grid points           :  512
          Dealiased Polynomials :  341
          Domain Lower Bound    :  5.38462E-01
          Domain Upper Bound    :  1.53846E+00

 -- Grid initialized.

 -- Initalizing Reference State...
 ---- Specified parameters:
 ---- Reference type           :  Boussinesq (Non-dimensional)
 ---- Rayleigh Number          :  1.00000E+05
 ---- Ekman Number             :  1.00000E-03
 ---- Prandtl Number           :  1.00000E+00
 ---- Magnetic Prandtl Number  :  5.00000E+00
 -- Reference State initialized.

 -- Initializing Fields...
 ---- Specified parameters:
 ---- Hydro Init Type    : Benchmark (Christensen et al. 2001)
 ---- Magnetic Init Type : Benchmark (Christensen et al. 2001)
 -- Fields initialized.

 Initialization Complete.
 //////////////////////////////////////

 Timestep has changed from  0.00000E+00 to  1.00000E-04.
 Iteration:  00000001   DeltaT:  1.000E-04   Iter/sec:  0.000E+00
 Timestep has changed from  1.00000E-04 to  1.59733E-07.
 Iteration:  00000002   DeltaT:  1.597E-07   Iter/sec:  4.115E-02
 Iteration:  00000003   DeltaT:  1.597E-07   Iter/sec:  1.896E-01
 Iteration:  00000004   DeltaT:  1.597E-07   Iter/sec:  4.752E-01
 Iteration:  00000005   DeltaT:  1.597E-07   Iter/sec:  4.758E-01
 Iteration:  00000006   DeltaT:  1.597E-07   Iter/sec:  4.743E-01
 Iteration:  00000007   DeltaT:  1.597E-07   Iter/sec:  4.780E-01
 Iteration:  00000008   DeltaT:  1.597E-07   Iter/sec:  4.873E-01
 Iteration:  00000009   DeltaT:  1.597E-07   Iter/sec:  4.681E-01
 Iteration:  00000010   DeltaT:  1.597E-07   Iter/sec:  4.787E-01
 Iteration:  00000011   DeltaT:  1.597E-07   Iter/sec:  4.656E-01
 Iteration:  00000012   DeltaT:  1.597E-07   Iter/sec:  4.824E-01
 Iteration:  00000013   DeltaT:  1.597E-07   Iter/sec:  4.783E-01
 Iteration:  00000014   DeltaT:  1.597E-07   Iter/sec:  4.735E-01
 Iteration:  00000015   DeltaT:  1.597E-07   Iter/sec:  4.856E-01
 Iteration:  00000016   DeltaT:  1.597E-07   Iter/sec:  4.840E-01
 Iteration:  00000017   DeltaT:  1.597E-07   Iter/sec:  4.868E-01
 Iteration:  00000018   DeltaT:  1.597E-07   Iter/sec:  4.853E-01
 Iteration:  00000019   DeltaT:  1.597E-07   Iter/sec:  4.860E-01
 Iteration:  00000020   DeltaT:  1.597E-07   Iter/sec:  4.842E-01
 Iteration:  00000021   DeltaT:  1.597E-07   Iter/sec:  4.799E-01
 Iteration:  00000022   DeltaT:  1.597E-07   Iter/sec:  4.828E-01
 Iteration:  00000023   DeltaT:  1.597E-07   Iter/sec:  4.914E-01
 Iteration:  00000024   DeltaT:  1.597E-07   Iter/sec:  4.929E-01
 Iteration:  00000025   DeltaT:  1.597E-07   Iter/sec:  4.806E-01
 Iteration:  00000026   DeltaT:  1.597E-07   Iter/sec:  4.859E-01
 Iteration:  00000027   DeltaT:  1.597E-07   Iter/sec:  4.738E-01
 Iteration:  00000028   DeltaT:  1.597E-07   Iter/sec:  4.701E-01
 Iteration:  00000029   DeltaT:  1.597E-07   Iter/sec:  4.831E-01
 Iteration:  00000030   DeltaT:  1.597E-07   Iter/sec:  4.774E-01
 Iteration:  00000031   DeltaT:  1.597E-07   Iter/sec:  4.864E-01
 Iteration:  00000032   DeltaT:  1.597E-07   Iter/sec:  4.626E-01
 Iteration:  00000033   DeltaT:  1.597E-07   Iter/sec:  4.778E-01
 Iteration:  00000034   DeltaT:  1.597E-07   Iter/sec:  4.767E-01
 Iteration:  00000035   DeltaT:  1.597E-07   Iter/sec:  4.758E-01
 Iteration:  00000036   DeltaT:  1.597E-07   Iter/sec:  4.791E-01
 Iteration:  00000037   DeltaT:  1.597E-07   Iter/sec:  4.861E-01
 Iteration:  00000038   DeltaT:  1.597E-07   Iter/sec:  4.700E-01
 Iteration:  00000039   DeltaT:  1.597E-07   Iter/sec:  4.707E-01
 Iteration:  00000040   DeltaT:  1.597E-07   Iter/sec:  4.749E-01
 Iteration:  00000041   DeltaT:  1.597E-07   Iter/sec:  4.808E-01
 Iteration:  00000042   DeltaT:  1.597E-07   Iter/sec:  4.843E-01
 Iteration:  00000043   DeltaT:  1.597E-07   Iter/sec:  4.734E-01
 Iteration:  00000044   DeltaT:  1.597E-07   Iter/sec:  4.817E-01
 Iteration:  00000045   DeltaT:  1.597E-07   Iter/sec:  4.724E-01
 Iteration:  00000046   DeltaT:  1.597E-07   Iter/sec:  4.756E-01
 Iteration:  00000047   DeltaT:  1.597E-07   Iter/sec:  4.814E-01
 Iteration:  00000048   DeltaT:  1.597E-07   Iter/sec:  4.823E-01
 Iteration:  00000049   DeltaT:  1.597E-07   Iter/sec:  4.757E-01
 Iteration:  00000050   DeltaT:  1.597E-07   Iter/sec:  4.674E-01


//////////////////////////////////////////////
   Measured Timings for Process 0  (seconds)

 Elapsed time:       110.8624
  Column time:        40.1349
     Row time:        21.4895
Legendre time:        12.8032
     FFT time:         4.1891
   Solve time:         6.7664
    rlma time:         0.8580
    rlmb time:         0.4796
  pspace time:         8.9896
  psolve time:        13.7154
    dphi time:         0.4330
captured time:       109.8588

     iter/sec:         0.4510
//////////////////////////////////////////////
