 //////////////////////////////////////
 Initializating Rayleigh...

 -- Initalizing MPI...
 ---- Specified parameters:
 ---- NCPU  :     32
 ---- NPROW :      8
 ---- NPCOL :      4
 -- MPI initialized.


 -- Initalizing Grid...
 ---- Specified parameters ----
 ---- N_R                 :     64
 ---- N_THETA             :    192
 ---- Ell_MAX             :    127
 ---- R_MIN               :  5.38462E-01
 ---- R_MAX               :  1.53846E+00
 ---- Chebyshev Domains   :      1

        Domain 1
          Grid points           :  64
          Dealiased Polynomials :  42
          Domain Lower Bound    :  5.38462E-01
          Domain Upper Bound    :  1.53846E+00

 -- Grid initialized.

 -- Initalizing Reference State...
 ---- Specified parameters:
 ---- Reference type           :  Boussinesq (Non-dimensional)
 ---- Rayleigh Number          :  1.00000E+05
 ---- Ekman Number             :  1.00000E-03
 ---- Prandtl Number           :  1.00000E+00
 ---- Magnetic Prandtl Number  :  5.00000E+00
 -- Reference State initialized.

 -- Initializing Fields...
 ---- Specified parameters:
 ---- Hydro Init Type    : Benchmark (Christensen et al. 2001)
 ---- Magnetic Init Type : Benchmark (Christensen et al. 2001)
 -- Fields initialized.

 Initialization Complete.
 //////////////////////////////////////

 Timestep has changed from  0.00000E+00 to  1.00000E-04.
 Iteration:  00000001   DeltaT:  1.000E-04   Iter/sec:  0.000E+00
 Timestep has changed from  1.00000E-04 to  1.02217E-05.
 Iteration:  00000002   DeltaT:  1.022E-05   Iter/sec:  2.792E+00
 Iteration:  00000003   DeltaT:  1.022E-05   Iter/sec:  3.669E+00
 Iteration:  00000004   DeltaT:  1.022E-05   Iter/sec:  4.130E+00
 Iteration:  00000005   DeltaT:  1.022E-05   Iter/sec:  4.154E+00
 Iteration:  00000006   DeltaT:  1.022E-05   Iter/sec:  4.137E+00
 Iteration:  00000007   DeltaT:  1.022E-05   Iter/sec:  4.088E+00
 Iteration:  00000008   DeltaT:  1.022E-05   Iter/sec:  4.119E+00
 Iteration:  00000009   DeltaT:  1.022E-05   Iter/sec:  4.165E+00
 Iteration:  00000010   DeltaT:  1.022E-05   Iter/sec:  4.099E+00
 Iteration:  00000011   DeltaT:  1.022E-05   Iter/sec:  4.133E+00
 Iteration:  00000012   DeltaT:  1.022E-05   Iter/sec:  4.113E+00
 Iteration:  00000013   DeltaT:  1.022E-05   Iter/sec:  4.118E+00
 Iteration:  00000014   DeltaT:  1.022E-05   Iter/sec:  4.155E+00
 Iteration:  00000015   DeltaT:  1.022E-05   Iter/sec:  4.034E+00
 Iteration:  00000016   DeltaT:  1.022E-05   Iter/sec:  4.136E+00
 Iteration:  00000017   DeltaT:  1.022E-05   Iter/sec:  4.098E+00
 Iteration:  00000018   DeltaT:  1.022E-05   Iter/sec:  4.147E+00
 Iteration:  00000019   DeltaT:  1.022E-05   Iter/sec:  4.091E+00
 Iteration:  00000020   DeltaT:  1.022E-05   Iter/sec:  4.188E+00
 Iteration:  00000021   DeltaT:  1.022E-05   Iter/sec:  4.159E+00
 Iteration:  00000022   DeltaT:  1.022E-05   Iter/sec:  4.113E+00
 Iteration:  00000023   DeltaT:  1.022E-05   Iter/sec:  4.153E+00
 Iteration:  00000024   DeltaT:  1.022E-05   Iter/sec:  4.139E+00
 Iteration:  00000025   DeltaT:  1.022E-05   Iter/sec:  4.138E+00
 Iteration:  00000026   DeltaT:  1.022E-05   Iter/sec:  4.139E+00
 Iteration:  00000027   DeltaT:  1.022E-05   Iter/sec:  4.149E+00
 Iteration:  00000028   DeltaT:  1.022E-05   Iter/sec:  4.130E+00
 Iteration:  00000029   DeltaT:  1.022E-05   Iter/sec:  4.146E+00
 Iteration:  00000030   DeltaT:  1.022E-05   Iter/sec:  4.167E+00
 Iteration:  00000031   DeltaT:  1.022E-05   Iter/sec:  4.149E+00
 Iteration:  00000032   DeltaT:  1.022E-05   Iter/sec:  4.135E+00
 Iteration:  00000033   DeltaT:  1.022E-05   Iter/sec:  4.098E+00
 Iteration:  00000034   DeltaT:  1.022E-05   Iter/sec:  4.107E+00
 Iteration:  00000035   DeltaT:  1.022E-05   Iter/sec:  4.104E+00
 Iteration:  00000036   DeltaT:  1.022E-05   Iter/sec:  4.095E+00
 Iteration:  00000037   DeltaT:  1.022E-05   Iter/sec:  4.159E+00
 Iteration:  00000038   DeltaT:  1.022E-05   Iter/sec:  4.133E+00
 Iteration:  00000039   DeltaT:  1.022E-05   Iter/sec:  4.143E+00
 Iteration:  00000040   DeltaT:  1.022E-05   Iter/sec:  4.156E+00
 Iteration:  00000041   DeltaT:  1.022E-05   Iter/sec:  4.145E+00
 Iteration:  00000042   DeltaT:  1.022E-05   Iter/sec:  4.151E+00
 Iteration:  00000043   DeltaT:  1.022E-05   Iter/sec:  4.105E+00
 Iteration:  00000044   DeltaT:  1.022E-05   Iter/sec:  4.097E+00
 Iteration:  00000045   DeltaT:  1.022E-05   Iter/sec:  4.162E+00
 Iteration:  00000046   DeltaT:  1.022E-05   Iter/sec:  4.171E+00
 Iteration:  00000047   DeltaT:  1.022E-05   Iter/sec:  4.091E+00
 Iteration:  00000048   DeltaT:  1.022E-05   Iter/sec:  4.146E+00
 Iteration:  00000049   DeltaT:  1.022E-05   Iter/sec:  4.142E+00
 Iteration:  00000050   DeltaT:  1.022E-05   Iter/sec:  4.141E+00


//////////////////////////////////////////////
   Measured Timings for Process 0  (seconds)

 Elapsed time:        12.1586
  Column time:         0.7792
     Row time:         4.4647
Legendre time:         1.4889
     FFT time:         0.9784
   Solve time:         0.2690
    rlma time:         0.1818
    rlmb time:         0.0736
  pspace time:         2.1545
  psolve time:         1.5189
    dphi time:         0.1079
captured time:        12.0170

     iter/sec:         4.1123
//////////////////////////////////////////////
