 //////////////////////////////////////
 Initializating Rayleigh...

 -- Initalizing MPI...
 ---- Specified parameters:
 ---- NCPU  :   2048
 ---- NPROW :     64
 ---- NPCOL :     32
 -- MPI initialized.


 -- Initalizing Grid...
 ---- Specified parameters ----
 ---- N_R                 :    256
 ---- N_THETA             :    768
 ---- Ell_MAX             :    511
 ---- R_MIN               :  5.38462E-01
 ---- R_MAX               :  1.53846E+00
 ---- Chebyshev Domains   :      1

        Domain 1
          Grid points           :  256
          Dealiased Polynomials :  170
          Domain Lower Bound    :  5.38462E-01
          Domain Upper Bound    :  1.53846E+00

 -- Grid initialized.

 -- Initalizing Reference State...
 ---- Specified parameters:
 ---- Reference type           :  Boussinesq (Non-dimensional)
 ---- Rayleigh Number          :  1.00000E+05
 ---- Ekman Number             :  1.00000E-03
 ---- Prandtl Number           :  1.00000E+00
 ---- Magnetic Prandtl Number  :  5.00000E+00
 -- Reference State initialized.

 -- Initializing Fields...
 ---- Specified parameters:
 ---- Hydro Init Type    : Benchmark (Christensen et al. 2001)
 ---- Magnetic Init Type : Benchmark (Christensen et al. 2001)
 -- Fields initialized.

 Initialization Complete.
 //////////////////////////////////////

 Timestep has changed from  0.00000E+00 to  1.00000E-04.
 Iteration:  00000001   DeltaT:  1.000E-04   Iter/sec:  0.000E+00
 Timestep has changed from  1.00000E-04 to  6.38929E-07.
 Iteration:  00000002   DeltaT:  6.389E-07   Iter/sec:  5.636E-01
 Iteration:  00000003   DeltaT:  6.389E-07   Iter/sec:  8.478E-01
 Iteration:  00000004   DeltaT:  6.389E-07   Iter/sec:  1.840E+00
 Iteration:  00000005   DeltaT:  6.389E-07   Iter/sec:  1.644E+00
 Iteration:  00000006   DeltaT:  6.389E-07   Iter/sec:  1.873E+00
 Iteration:  00000007   DeltaT:  6.389E-07   Iter/sec:  2.050E+00
 Iteration:  00000008   DeltaT:  6.389E-07   Iter/sec:  1.979E+00
 Iteration:  00000009   DeltaT:  6.389E-07   Iter/sec:  1.752E+00
 Iteration:  00000010   DeltaT:  6.389E-07   Iter/sec:  1.865E+00
 Iteration:  00000011   DeltaT:  6.389E-07   Iter/sec:  1.956E+00
 Iteration:  00000012   DeltaT:  6.389E-07   Iter/sec:  1.856E+00
 Iteration:  00000013   DeltaT:  6.389E-07   Iter/sec:  1.820E+00
 Iteration:  00000014   DeltaT:  6.389E-07   Iter/sec:  1.871E+00
 Iteration:  00000015   DeltaT:  6.389E-07   Iter/sec:  1.989E+00
 Iteration:  00000016   DeltaT:  6.389E-07   Iter/sec:  1.861E+00
 Iteration:  00000017   DeltaT:  6.389E-07   Iter/sec:  1.848E+00
 Iteration:  00000018   DeltaT:  6.389E-07   Iter/sec:  1.824E+00
 Iteration:  00000019   DeltaT:  6.389E-07   Iter/sec:  1.993E+00
 Iteration:  00000020   DeltaT:  6.389E-07   Iter/sec:  1.882E+00
 Iteration:  00000021   DeltaT:  6.389E-07   Iter/sec:  1.687E+00
 Iteration:  00000022   DeltaT:  6.389E-07   Iter/sec:  1.872E+00
 Iteration:  00000023   DeltaT:  6.389E-07   Iter/sec:  2.054E+00
 Iteration:  00000024   DeltaT:  6.389E-07   Iter/sec:  1.958E+00
 Iteration:  00000025   DeltaT:  6.389E-07   Iter/sec:  1.742E+00
 Iteration:  00000026   DeltaT:  6.389E-07   Iter/sec:  1.750E+00
 Iteration:  00000027   DeltaT:  6.389E-07   Iter/sec:  2.008E+00
 Iteration:  00000028   DeltaT:  6.389E-07   Iter/sec:  1.962E+00
 Iteration:  00000029   DeltaT:  6.389E-07   Iter/sec:  1.699E+00
 Iteration:  00000030   DeltaT:  6.389E-07   Iter/sec:  1.827E+00
 Iteration:  00000031   DeltaT:  6.389E-07   Iter/sec:  2.047E+00
 Iteration:  00000032   DeltaT:  6.389E-07   Iter/sec:  1.817E+00
 Iteration:  00000033   DeltaT:  6.389E-07   Iter/sec:  1.693E+00
 Iteration:  00000034   DeltaT:  6.389E-07   Iter/sec:  1.883E+00
 Iteration:  00000035   DeltaT:  6.389E-07   Iter/sec:  2.037E+00
 Iteration:  00000036   DeltaT:  6.389E-07   Iter/sec:  1.816E+00
 Iteration:  00000037   DeltaT:  6.389E-07   Iter/sec:  1.810E+00
 Iteration:  00000038   DeltaT:  6.389E-07   Iter/sec:  1.770E+00
 Iteration:  00000039   DeltaT:  6.389E-07   Iter/sec:  2.093E+00
 Iteration:  00000040   DeltaT:  6.389E-07   Iter/sec:  1.973E+00
 Iteration:  00000041   DeltaT:  6.389E-07   Iter/sec:  1.669E+00
 Iteration:  00000042   DeltaT:  6.389E-07   Iter/sec:  1.914E+00
 Iteration:  00000043   DeltaT:  6.389E-07   Iter/sec:  2.026E+00
 Iteration:  00000044   DeltaT:  6.389E-07   Iter/sec:  1.935E+00
 Iteration:  00000045   DeltaT:  6.389E-07   Iter/sec:  1.754E+00
 Iteration:  00000046   DeltaT:  6.389E-07   Iter/sec:  1.864E+00
 Iteration:  00000047   DeltaT:  6.389E-07   Iter/sec:  1.918E+00
 Iteration:  00000048   DeltaT:  6.389E-07   Iter/sec:  1.718E+00
 Iteration:  00000049   DeltaT:  6.389E-07   Iter/sec:  1.818E+00
 Iteration:  00000050   DeltaT:  6.389E-07   Iter/sec:  1.594E+00


//////////////////////////////////////////////
   Measured Timings for Process 0  (seconds)

 Elapsed time:        28.3256
  Column time:         9.9988
     Row time:         8.3363
Legendre time:         2.1413
     FFT time:         0.9580
   Solve time:         1.5655
    rlma time:         0.1740
    rlmb time:         0.0762
  pspace time:         2.0298
  psolve time:         2.7848
    dphi time:         0.1021
captured time:        28.1668

     iter/sec:         1.7652
//////////////////////////////////////////////
