 //////////////////////////////////////
 Initializating Rayleigh...

 -- Initalizing MPI...
 ---- Specified parameters:
 ---- NCPU  :    256
 ---- NPROW :      8
 ---- NPCOL :     32
 -- MPI initialized.


 -- Initalizing Grid...
 ---- Specified parameters ----
 ---- N_R                 :    128
 ---- N_THETA             :    384
 ---- Ell_MAX             :    255
 ---- R_MIN               :  5.38462E-01
 ---- R_MAX               :  1.53846E+00
 ---- Chebyshev Domains   :      1

        Domain 1
          Grid points           :  128
          Dealiased Polynomials :  85
          Domain Lower Bound    :  5.38462E-01
          Domain Upper Bound    :  1.53846E+00

 -- Grid initialized.

 -- Initalizing Reference State...
 ---- Specified parameters:
 ---- Reference type           :  Boussinesq (Non-dimensional)
 ---- Rayleigh Number          :  1.00000E+05
 ---- Ekman Number             :  1.00000E-03
 ---- Prandtl Number           :  1.00000E+00
 ---- Magnetic Prandtl Number  :  5.00000E+00
 -- Reference State initialized.

 -- Initializing Fields...
 ---- Specified parameters:
 ---- Hydro Init Type    : Benchmark (Christensen et al. 2001)
 ---- Magnetic Init Type : Benchmark (Christensen et al. 2001)
 -- Fields initialized.

 Initialization Complete.
 //////////////////////////////////////

 Timestep has changed from  0.00000E+00 to  1.00000E-04.
 Iteration:  00000001   DeltaT:  1.000E-04   Iter/sec:  0.000E+00
 Timestep has changed from  1.00000E-04 to  2.55566E-06.
 Iteration:  00000002   DeltaT:  2.556E-06   Iter/sec:  1.585E+00
 Iteration:  00000003   DeltaT:  2.556E-06   Iter/sec:  2.981E+00
 Iteration:  00000004   DeltaT:  2.556E-06   Iter/sec:  3.597E+00
 Iteration:  00000005   DeltaT:  2.556E-06   Iter/sec:  3.509E+00
 Iteration:  00000006   DeltaT:  2.556E-06   Iter/sec:  3.527E+00
 Iteration:  00000007   DeltaT:  2.556E-06   Iter/sec:  3.586E+00
 Iteration:  00000008   DeltaT:  2.556E-06   Iter/sec:  3.519E+00
 Iteration:  00000009   DeltaT:  2.556E-06   Iter/sec:  3.582E+00
 Iteration:  00000010   DeltaT:  2.556E-06   Iter/sec:  3.573E+00
 Iteration:  00000011   DeltaT:  2.556E-06   Iter/sec:  3.552E+00
 Iteration:  00000012   DeltaT:  2.556E-06   Iter/sec:  3.543E+00
 Iteration:  00000013   DeltaT:  2.556E-06   Iter/sec:  3.588E+00
 Iteration:  00000014   DeltaT:  2.556E-06   Iter/sec:  3.569E+00
 Iteration:  00000015   DeltaT:  2.556E-06   Iter/sec:  3.560E+00
 Iteration:  00000016   DeltaT:  2.556E-06   Iter/sec:  3.565E+00
 Iteration:  00000017   DeltaT:  2.556E-06   Iter/sec:  3.502E+00
 Iteration:  00000018   DeltaT:  2.556E-06   Iter/sec:  3.629E+00
 Iteration:  00000019   DeltaT:  2.556E-06   Iter/sec:  3.567E+00
 Iteration:  00000020   DeltaT:  2.556E-06   Iter/sec:  3.535E+00
 Iteration:  00000021   DeltaT:  2.556E-06   Iter/sec:  3.569E+00
 Iteration:  00000022   DeltaT:  2.556E-06   Iter/sec:  3.529E+00
 Iteration:  00000023   DeltaT:  2.556E-06   Iter/sec:  3.575E+00
 Iteration:  00000024   DeltaT:  2.556E-06   Iter/sec:  3.592E+00
 Iteration:  00000025   DeltaT:  2.556E-06   Iter/sec:  3.547E+00
 Iteration:  00000026   DeltaT:  2.556E-06   Iter/sec:  3.554E+00
 Iteration:  00000027   DeltaT:  2.556E-06   Iter/sec:  3.525E+00
 Iteration:  00000028   DeltaT:  2.556E-06   Iter/sec:  3.629E+00
 Iteration:  00000029   DeltaT:  2.556E-06   Iter/sec:  3.503E+00
 Iteration:  00000030   DeltaT:  2.556E-06   Iter/sec:  3.615E+00
 Iteration:  00000031   DeltaT:  2.556E-06   Iter/sec:  3.504E+00
 Iteration:  00000032   DeltaT:  2.556E-06   Iter/sec:  3.594E+00
 Iteration:  00000033   DeltaT:  2.556E-06   Iter/sec:  3.573E+00
 Iteration:  00000034   DeltaT:  2.556E-06   Iter/sec:  3.533E+00
 Iteration:  00000035   DeltaT:  2.556E-06   Iter/sec:  3.549E+00
 Iteration:  00000036   DeltaT:  2.556E-06   Iter/sec:  3.545E+00
 Iteration:  00000037   DeltaT:  2.556E-06   Iter/sec:  3.545E+00
 Iteration:  00000038   DeltaT:  2.556E-06   Iter/sec:  3.615E+00
 Iteration:  00000039   DeltaT:  2.556E-06   Iter/sec:  3.541E+00
 Iteration:  00000040   DeltaT:  2.556E-06   Iter/sec:  3.578E+00
 Iteration:  00000041   DeltaT:  2.556E-06   Iter/sec:  3.530E+00
 Iteration:  00000042   DeltaT:  2.556E-06   Iter/sec:  3.565E+00
 Iteration:  00000043   DeltaT:  2.556E-06   Iter/sec:  3.566E+00
 Iteration:  00000044   DeltaT:  2.556E-06   Iter/sec:  3.494E+00
 Iteration:  00000045   DeltaT:  2.556E-06   Iter/sec:  3.570E+00
 Iteration:  00000046   DeltaT:  2.556E-06   Iter/sec:  3.538E+00
 Iteration:  00000047   DeltaT:  2.556E-06   Iter/sec:  3.576E+00
 Iteration:  00000048   DeltaT:  2.556E-06   Iter/sec:  3.591E+00
 Iteration:  00000049   DeltaT:  2.556E-06   Iter/sec:  3.510E+00
 Iteration:  00000050   DeltaT:  2.556E-06   Iter/sec:  3.589E+00


//////////////////////////////////////////////
   Measured Timings for Process 0  (seconds)

 Elapsed time:        14.1627
  Column time:         2.4213
     Row time:         4.4175
Legendre time:         1.6404
     FFT time:         0.9580
   Solve time:         0.4627
    rlma time:         0.2135
    rlmb time:         0.0929
  pspace time:         2.0990
  psolve time:         1.5904
    dphi time:         0.1108
captured time:        14.0065

     iter/sec:         3.5304
//////////////////////////////////////////////
