 //////////////////////////////////////
 Initializating Rayleigh...

 -- Initalizing MPI...
 ---- Specified parameters:
 ---- NCPU  :   2048
 ---- NPROW :     64
 ---- NPCOL :     32
 -- MPI initialized.


 -- Initalizing Grid...
 ---- Specified parameters ----
 ---- N_R                 :    128
 ---- N_THETA             :    384
 ---- Ell_MAX             :    255
 ---- R_MIN               :  5.38462E-01
 ---- R_MAX               :  1.53846E+00
 ---- Chebyshev Domains   :      1

        Domain 1
          Grid points           :  128
          Dealiased Polynomials :  85
          Domain Lower Bound    :  5.38462E-01
          Domain Upper Bound    :  1.53846E+00

 -- Grid initialized.

 -- Initalizing Reference State...
 ---- Specified parameters:
 ---- Reference type           :  Boussinesq (Non-dimensional)
 ---- Rayleigh Number          :  1.00000E+05
 ---- Ekman Number             :  1.00000E-03
 ---- Prandtl Number           :  1.00000E+00
 ---- Magnetic Prandtl Number  :  5.00000E+00
 -- Reference State initialized.

 -- Initializing Fields...
 ---- Specified parameters:
 ---- Hydro Init Type    : Benchmark (Christensen et al. 2001)
 ---- Magnetic Init Type : Benchmark (Christensen et al. 2001)
 -- Fields initialized.

 Initialization Complete.
 //////////////////////////////////////

 Timestep has changed from  0.00000E+00 to  1.00000E-04.
 Iteration:  00000001   DeltaT:  1.000E-04   Iter/sec:  0.000E+00
 Timestep has changed from  1.00000E-04 to  2.55566E-06.
 Iteration:  00000002   DeltaT:  2.556E-06   Iter/sec:  9.818E-01
 Iteration:  00000003   DeltaT:  2.556E-06   Iter/sec:  6.410E+00
 Iteration:  00000004   DeltaT:  2.556E-06   Iter/sec:  1.312E+01
 Iteration:  00000005   DeltaT:  2.556E-06   Iter/sec:  1.724E+01
 Iteration:  00000006   DeltaT:  2.556E-06   Iter/sec:  2.239E+01
 Iteration:  00000007   DeltaT:  2.556E-06   Iter/sec:  2.284E+01
 Iteration:  00000008   DeltaT:  2.556E-06   Iter/sec:  2.312E+01
 Iteration:  00000009   DeltaT:  2.556E-06   Iter/sec:  2.019E+01
 Iteration:  00000010   DeltaT:  2.556E-06   Iter/sec:  1.945E+01
 Iteration:  00000011   DeltaT:  2.556E-06   Iter/sec:  2.288E+01
 Iteration:  00000012   DeltaT:  2.556E-06   Iter/sec:  9.931E+00
 Iteration:  00000013   DeltaT:  2.556E-06   Iter/sec:  1.703E+01
 Iteration:  00000014   DeltaT:  2.556E-06   Iter/sec:  6.623E+00
 Iteration:  00000015   DeltaT:  2.556E-06   Iter/sec:  1.209E+01
 Iteration:  00000016   DeltaT:  2.556E-06   Iter/sec:  2.151E+01
 Iteration:  00000017   DeltaT:  2.556E-06   Iter/sec:  2.210E+01
 Iteration:  00000018   DeltaT:  2.556E-06   Iter/sec:  2.238E+01
 Iteration:  00000019   DeltaT:  2.556E-06   Iter/sec:  2.374E+01
 Iteration:  00000020   DeltaT:  2.556E-06   Iter/sec:  2.208E+01
 Iteration:  00000021   DeltaT:  2.556E-06   Iter/sec:  2.380E+01
 Iteration:  00000022   DeltaT:  2.556E-06   Iter/sec:  2.040E+01
 Iteration:  00000023   DeltaT:  2.556E-06   Iter/sec:  1.586E+01
 Iteration:  00000024   DeltaT:  2.556E-06   Iter/sec:  1.031E+01
 Iteration:  00000025   DeltaT:  2.556E-06   Iter/sec:  1.080E+01
 Iteration:  00000026   DeltaT:  2.556E-06   Iter/sec:  7.475E+00
 Iteration:  00000027   DeltaT:  2.556E-06   Iter/sec:  2.270E+01
 Iteration:  00000028   DeltaT:  2.556E-06   Iter/sec:  2.253E+01
 Iteration:  00000029   DeltaT:  2.556E-06   Iter/sec:  2.311E+01
 Iteration:  00000030   DeltaT:  2.556E-06   Iter/sec:  2.259E+01
 Iteration:  00000031   DeltaT:  2.556E-06   Iter/sec:  2.320E+01
 Iteration:  00000032   DeltaT:  2.556E-06   Iter/sec:  2.235E+01
 Iteration:  00000033   DeltaT:  2.556E-06   Iter/sec:  2.214E+01
 Iteration:  00000034   DeltaT:  2.556E-06   Iter/sec:  2.330E+01
 Iteration:  00000035   DeltaT:  2.556E-06   Iter/sec:  1.092E+01
 Iteration:  00000036   DeltaT:  2.556E-06   Iter/sec:  1.962E+01
 Iteration:  00000037   DeltaT:  2.556E-06   Iter/sec:  1.860E+01
 Iteration:  00000038   DeltaT:  2.556E-06   Iter/sec:  5.712E+00
 Iteration:  00000039   DeltaT:  2.556E-06   Iter/sec:  1.979E+01
 Iteration:  00000040   DeltaT:  2.556E-06   Iter/sec:  2.276E+01
 Iteration:  00000041   DeltaT:  2.556E-06   Iter/sec:  2.251E+01
 Iteration:  00000042   DeltaT:  2.556E-06   Iter/sec:  2.157E+01
 Iteration:  00000043   DeltaT:  2.556E-06   Iter/sec:  2.233E+01
 Iteration:  00000044   DeltaT:  2.556E-06   Iter/sec:  2.311E+01
 Iteration:  00000045   DeltaT:  2.556E-06   Iter/sec:  2.135E+01
 Iteration:  00000046   DeltaT:  2.556E-06   Iter/sec:  2.276E+01
 Iteration:  00000047   DeltaT:  2.556E-06   Iter/sec:  9.161E+00
 Iteration:  00000048   DeltaT:  2.556E-06   Iter/sec:  2.482E+01
 Iteration:  00000049   DeltaT:  2.556E-06   Iter/sec:  9.018E+00
 Iteration:  00000050   DeltaT:  2.556E-06   Iter/sec:  8.759E+00


//////////////////////////////////////////////
   Measured Timings for Process 0  (seconds)

 Elapsed time:         3.3405
  Column time:         1.5705
     Row time:         1.0405
Legendre time:         0.1360
     FFT time:         0.0999
   Solve time:         0.1799
    rlma time:         0.0219
    rlmb time:         0.0092
  pspace time:         0.0782
  psolve time:         0.1766
    dphi time:         0.0092
captured time:         3.3220

     iter/sec:        14.9678
//////////////////////////////////////////////
