 //////////////////////////////////////
 Initializating Rayleigh...

 -- Initalizing MPI...
 ---- Specified parameters:
 ---- NCPU  :   1024
 ---- NPROW :     16
 ---- NPCOL :     64
 -- MPI initialized.


 -- Initalizing Grid...
 ---- Specified parameters ----
 ---- N_R                 :    256
 ---- N_THETA             :    768
 ---- Ell_MAX             :    511
 ---- R_MIN               :  5.38462E-01
 ---- R_MAX               :  1.53846E+00
 ---- Chebyshev Domains   :      1

        Domain 1
          Grid points           :  256
          Dealiased Polynomials :  170
          Domain Lower Bound    :  5.38462E-01
          Domain Upper Bound    :  1.53846E+00

 -- Grid initialized.

 -- Initalizing Reference State...
 ---- Specified parameters:
 ---- Reference type           :  Boussinesq (Non-dimensional)
 ---- Rayleigh Number          :  1.00000E+05
 ---- Ekman Number             :  1.00000E-03
 ---- Prandtl Number           :  1.00000E+00
 ---- Magnetic Prandtl Number  :  5.00000E+00
 -- Reference State initialized.

 -- Initializing Fields...
 ---- Specified parameters:
 ---- Hydro Init Type    : Benchmark (Christensen et al. 2001)
 ---- Magnetic Init Type : Benchmark (Christensen et al. 2001)
 -- Fields initialized.

 Initialization Complete.
 //////////////////////////////////////

 Timestep has changed from  0.00000E+00 to  1.00000E-04.
 Iteration:  00000001   DeltaT:  1.000E-04   Iter/sec:  0.000E+00
 Timestep has changed from  1.00000E-04 to  6.38929E-07.
 Iteration:  00000002   DeltaT:  6.389E-07   Iter/sec:  4.291E-01
 Iteration:  00000003   DeltaT:  6.389E-07   Iter/sec:  7.778E-01
 Iteration:  00000004   DeltaT:  6.389E-07   Iter/sec:  1.297E+00
 Iteration:  00000005   DeltaT:  6.389E-07   Iter/sec:  1.276E+00
 Iteration:  00000006   DeltaT:  6.389E-07   Iter/sec:  1.267E+00
 Iteration:  00000007   DeltaT:  6.389E-07   Iter/sec:  1.267E+00
 Iteration:  00000008   DeltaT:  6.389E-07   Iter/sec:  1.351E+00
 Iteration:  00000009   DeltaT:  6.389E-07   Iter/sec:  1.310E+00
 Iteration:  00000010   DeltaT:  6.389E-07   Iter/sec:  1.287E+00
 Iteration:  00000011   DeltaT:  6.389E-07   Iter/sec:  1.302E+00
 Iteration:  00000012   DeltaT:  6.389E-07   Iter/sec:  1.246E+00
 Iteration:  00000013   DeltaT:  6.389E-07   Iter/sec:  1.295E+00
 Iteration:  00000014   DeltaT:  6.389E-07   Iter/sec:  1.267E+00
 Iteration:  00000015   DeltaT:  6.389E-07   Iter/sec:  1.284E+00
 Iteration:  00000016   DeltaT:  6.389E-07   Iter/sec:  1.314E+00
 Iteration:  00000017   DeltaT:  6.389E-07   Iter/sec:  1.319E+00
 Iteration:  00000018   DeltaT:  6.389E-07   Iter/sec:  1.269E+00
 Iteration:  00000019   DeltaT:  6.389E-07   Iter/sec:  1.298E+00
 Iteration:  00000020   DeltaT:  6.389E-07   Iter/sec:  1.288E+00
 Iteration:  00000021   DeltaT:  6.389E-07   Iter/sec:  1.275E+00
 Iteration:  00000022   DeltaT:  6.389E-07   Iter/sec:  1.296E+00
 Iteration:  00000023   DeltaT:  6.389E-07   Iter/sec:  1.274E+00
 Iteration:  00000024   DeltaT:  6.389E-07   Iter/sec:  1.306E+00
 Iteration:  00000025   DeltaT:  6.389E-07   Iter/sec:  1.268E+00
 Iteration:  00000026   DeltaT:  6.389E-07   Iter/sec:  1.323E+00
 Iteration:  00000027   DeltaT:  6.389E-07   Iter/sec:  1.294E+00
 Iteration:  00000028   DeltaT:  6.389E-07   Iter/sec:  1.272E+00
 Iteration:  00000029   DeltaT:  6.389E-07   Iter/sec:  1.280E+00
 Iteration:  00000030   DeltaT:  6.389E-07   Iter/sec:  1.315E+00
 Iteration:  00000031   DeltaT:  6.389E-07   Iter/sec:  1.253E+00
 Iteration:  00000032   DeltaT:  6.389E-07   Iter/sec:  1.319E+00
 Iteration:  00000033   DeltaT:  6.389E-07   Iter/sec:  1.285E+00
 Iteration:  00000034   DeltaT:  6.389E-07   Iter/sec:  1.309E+00
 Iteration:  00000035   DeltaT:  6.389E-07   Iter/sec:  1.309E+00
 Iteration:  00000036   DeltaT:  6.389E-07   Iter/sec:  1.299E+00
 Iteration:  00000037   DeltaT:  6.389E-07   Iter/sec:  1.272E+00
 Iteration:  00000038   DeltaT:  6.389E-07   Iter/sec:  1.316E+00
 Iteration:  00000039   DeltaT:  6.389E-07   Iter/sec:  1.270E+00
 Iteration:  00000040   DeltaT:  6.389E-07   Iter/sec:  1.277E+00
 Iteration:  00000041   DeltaT:  6.389E-07   Iter/sec:  1.300E+00
 Iteration:  00000042   DeltaT:  6.389E-07   Iter/sec:  1.294E+00
 Iteration:  00000043   DeltaT:  6.389E-07   Iter/sec:  1.293E+00
 Iteration:  00000044   DeltaT:  6.389E-07   Iter/sec:  1.266E+00
 Iteration:  00000045   DeltaT:  6.389E-07   Iter/sec:  1.283E+00
 Iteration:  00000046   DeltaT:  6.389E-07   Iter/sec:  1.315E+00
 Iteration:  00000047   DeltaT:  6.389E-07   Iter/sec:  1.246E+00
 Iteration:  00000048   DeltaT:  6.389E-07   Iter/sec:  1.327E+00
 Iteration:  00000049   DeltaT:  6.389E-07   Iter/sec:  1.279E+00
 Iteration:  00000050   DeltaT:  6.389E-07   Iter/sec:  1.300E+00


//////////////////////////////////////////////
   Measured Timings for Process 0  (seconds)

 Elapsed time:        39.7220
  Column time:        12.3552
     Row time:         9.1162
Legendre time:         4.3397
     FFT time:         1.8939
   Solve time:         1.7435
    rlma time:         0.4088
    rlmb time:         0.1903
  pspace time:         4.5832
  psolve time:         4.4572
    dphi time:         0.2734
captured time:        39.3612

     iter/sec:         1.2587
//////////////////////////////////////////////
