 //////////////////////////////////////
 Initializating Rayleigh...

 -- Initalizing MPI...
 ---- Specified parameters:
 ---- NCPU  :   1024
 ---- NPROW :     64
 ---- NPCOL :     16
 -- MPI initialized.


 -- Initalizing Grid...
 ---- Specified parameters ----
 ---- N_R                 :    256
 ---- N_THETA             :    768
 ---- Ell_MAX             :    511
 ---- R_MIN               :  5.38462E-01
 ---- R_MAX               :  1.53846E+00
 ---- Chebyshev Domains   :      1

        Domain 1
          Grid points           :  256
          Dealiased Polynomials :  170
          Domain Lower Bound    :  5.38462E-01
          Domain Upper Bound    :  1.53846E+00

 -- Grid initialized.

 -- Initalizing Reference State...
 ---- Specified parameters:
 ---- Reference type           :  Boussinesq (Non-dimensional)
 ---- Rayleigh Number          :  1.00000E+05
 ---- Ekman Number             :  1.00000E-03
 ---- Prandtl Number           :  1.00000E+00
 ---- Magnetic Prandtl Number  :  5.00000E+00
 -- Reference State initialized.

 -- Initializing Fields...
 ---- Specified parameters:
 ---- Hydro Init Type    : Benchmark (Christensen et al. 2001)
 ---- Magnetic Init Type : Benchmark (Christensen et al. 2001)
 -- Fields initialized.

 Initialization Complete.
 //////////////////////////////////////

 Timestep has changed from  0.00000E+00 to  1.00000E-04.
 Iteration:  00000001   DeltaT:  1.000E-04   Iter/sec:  0.000E+00
 Timestep has changed from  1.00000E-04 to  6.38929E-07.
 Iteration:  00000002   DeltaT:  6.389E-07   Iter/sec:  3.731E-01
 Iteration:  00000003   DeltaT:  6.389E-07   Iter/sec:  4.593E-01
 Iteration:  00000004   DeltaT:  6.389E-07   Iter/sec:  1.030E+00
 Iteration:  00000005   DeltaT:  6.389E-07   Iter/sec:  1.085E+00
 Iteration:  00000006   DeltaT:  6.389E-07   Iter/sec:  1.079E+00
 Iteration:  00000007   DeltaT:  6.389E-07   Iter/sec:  1.093E+00
 Iteration:  00000008   DeltaT:  6.389E-07   Iter/sec:  1.049E+00
 Iteration:  00000009   DeltaT:  6.389E-07   Iter/sec:  1.085E+00
 Iteration:  00000010   DeltaT:  6.389E-07   Iter/sec:  1.073E+00
 Iteration:  00000011   DeltaT:  6.389E-07   Iter/sec:  1.078E+00
 Iteration:  00000012   DeltaT:  6.389E-07   Iter/sec:  1.075E+00
 Iteration:  00000013   DeltaT:  6.389E-07   Iter/sec:  1.070E+00
 Iteration:  00000014   DeltaT:  6.389E-07   Iter/sec:  1.102E+00
 Iteration:  00000015   DeltaT:  6.389E-07   Iter/sec:  1.081E+00
 Iteration:  00000016   DeltaT:  6.389E-07   Iter/sec:  1.081E+00
 Iteration:  00000017   DeltaT:  6.389E-07   Iter/sec:  1.092E+00
 Iteration:  00000018   DeltaT:  6.389E-07   Iter/sec:  1.065E+00
 Iteration:  00000019   DeltaT:  6.389E-07   Iter/sec:  1.078E+00
 Iteration:  00000020   DeltaT:  6.389E-07   Iter/sec:  1.069E+00
 Iteration:  00000021   DeltaT:  6.389E-07   Iter/sec:  1.087E+00
 Iteration:  00000022   DeltaT:  6.389E-07   Iter/sec:  1.057E+00
 Iteration:  00000023   DeltaT:  6.389E-07   Iter/sec:  1.104E+00
 Iteration:  00000024   DeltaT:  6.389E-07   Iter/sec:  1.060E+00
 Iteration:  00000025   DeltaT:  6.389E-07   Iter/sec:  1.076E+00
 Iteration:  00000026   DeltaT:  6.389E-07   Iter/sec:  1.092E+00
 Iteration:  00000027   DeltaT:  6.389E-07   Iter/sec:  1.082E+00
 Iteration:  00000028   DeltaT:  6.389E-07   Iter/sec:  1.090E+00
 Iteration:  00000029   DeltaT:  6.389E-07   Iter/sec:  1.050E+00
 Iteration:  00000030   DeltaT:  6.389E-07   Iter/sec:  1.099E+00
 Iteration:  00000031   DeltaT:  6.389E-07   Iter/sec:  1.089E+00
 Iteration:  00000032   DeltaT:  6.389E-07   Iter/sec:  1.105E+00
 Iteration:  00000033   DeltaT:  6.389E-07   Iter/sec:  1.058E+00
 Iteration:  00000034   DeltaT:  6.389E-07   Iter/sec:  1.086E+00
 Iteration:  00000035   DeltaT:  6.389E-07   Iter/sec:  1.072E+00
 Iteration:  00000036   DeltaT:  6.389E-07   Iter/sec:  1.028E+00
 Iteration:  00000037   DeltaT:  6.389E-07   Iter/sec:  1.114E+00
 Iteration:  00000038   DeltaT:  6.389E-07   Iter/sec:  1.055E+00
 Iteration:  00000039   DeltaT:  6.389E-07   Iter/sec:  1.075E+00
 Iteration:  00000040   DeltaT:  6.389E-07   Iter/sec:  1.061E+00
 Iteration:  00000041   DeltaT:  6.389E-07   Iter/sec:  1.067E+00
 Iteration:  00000042   DeltaT:  6.389E-07   Iter/sec:  1.064E+00
 Iteration:  00000043   DeltaT:  6.389E-07   Iter/sec:  1.097E+00
 Iteration:  00000044   DeltaT:  6.389E-07   Iter/sec:  1.064E+00
 Iteration:  00000045   DeltaT:  6.389E-07   Iter/sec:  1.070E+00
 Iteration:  00000046   DeltaT:  6.389E-07   Iter/sec:  1.082E+00
 Iteration:  00000047   DeltaT:  6.389E-07   Iter/sec:  1.071E+00
 Iteration:  00000048   DeltaT:  6.389E-07   Iter/sec:  1.096E+00
 Iteration:  00000049   DeltaT:  6.389E-07   Iter/sec:  1.055E+00
 Iteration:  00000050   DeltaT:  6.389E-07   Iter/sec:  1.086E+00


//////////////////////////////////////////////
   Measured Timings for Process 0  (seconds)

 Elapsed time:        49.0020
  Column time:        12.3282
     Row time:        15.7064
Legendre time:         5.1632
     FFT time:         1.7419
   Solve time:         3.0808
    rlma time:         0.5710
    rlmb time:         0.2587
  pspace time:         3.7949
  psolve time:         5.8453
    dphi time:         0.1419
captured time:        48.6323

     iter/sec:         1.0204
//////////////////////////////////////////////
