 //////////////////////////////////////
 Initializating Rayleigh...

 -- Initalizing MPI...
 ---- Specified parameters:
 ---- NCPU  :    256
 ---- NPROW :     32
 ---- NPCOL :      8
 -- MPI initialized.


 -- Initalizing Grid...
 ---- Specified parameters ----
 ---- N_R                 :    256
 ---- N_THETA             :    768
 ---- Ell_MAX             :    511
 ---- R_MIN               :  5.38462E-01
 ---- R_MAX               :  1.53846E+00
 ---- Chebyshev Domains   :      1

        Domain 1
          Grid points           :  256
          Dealiased Polynomials :  170
          Domain Lower Bound    :  5.38462E-01
          Domain Upper Bound    :  1.53846E+00

 -- Grid initialized.

 -- Initalizing Reference State...
 ---- Specified parameters:
 ---- Reference type           :  Boussinesq (Non-dimensional)
 ---- Rayleigh Number          :  1.00000E+05
 ---- Ekman Number             :  1.00000E-03
 ---- Prandtl Number           :  1.00000E+00
 ---- Magnetic Prandtl Number  :  5.00000E+00
 -- Reference State initialized.

 -- Initializing Fields...
 ---- Specified parameters:
 ---- Hydro Init Type    : Benchmark (Christensen et al. 2001)
 ---- Magnetic Init Type : Benchmark (Christensen et al. 2001)
 -- Fields initialized.

 Initialization Complete.
 //////////////////////////////////////

 Timestep has changed from  0.00000E+00 to  1.00000E-04.
 Iteration:  00000001   DeltaT:  1.000E-04   Iter/sec:  0.000E+00
 Timestep has changed from  1.00000E-04 to  6.38929E-07.
 Iteration:  00000002   DeltaT:  6.389E-07   Iter/sec:  1.561E-01
 Iteration:  00000003   DeltaT:  6.389E-07   Iter/sec:  1.775E-01
 Iteration:  00000004   DeltaT:  6.389E-07   Iter/sec:  3.445E-01
 Iteration:  00000005   DeltaT:  6.389E-07   Iter/sec:  3.362E-01
 Iteration:  00000006   DeltaT:  6.389E-07   Iter/sec:  3.413E-01
 Iteration:  00000007   DeltaT:  6.389E-07   Iter/sec:  3.287E-01
 Iteration:  00000008   DeltaT:  6.389E-07   Iter/sec:  3.351E-01
 Iteration:  00000009   DeltaT:  6.389E-07   Iter/sec:  3.479E-01
 Iteration:  00000010   DeltaT:  6.389E-07   Iter/sec:  3.446E-01
 Iteration:  00000011   DeltaT:  6.389E-07   Iter/sec:  3.336E-01
 Iteration:  00000012   DeltaT:  6.389E-07   Iter/sec:  3.398E-01
 Iteration:  00000013   DeltaT:  6.389E-07   Iter/sec:  3.387E-01
 Iteration:  00000014   DeltaT:  6.389E-07   Iter/sec:  3.281E-01
 Iteration:  00000015   DeltaT:  6.389E-07   Iter/sec:  3.432E-01
 Iteration:  00000016   DeltaT:  6.389E-07   Iter/sec:  3.393E-01
 Iteration:  00000017   DeltaT:  6.389E-07   Iter/sec:  3.347E-01
 Iteration:  00000018   DeltaT:  6.389E-07   Iter/sec:  3.297E-01
 Iteration:  00000019   DeltaT:  6.389E-07   Iter/sec:  3.425E-01
 Iteration:  00000020   DeltaT:  6.389E-07   Iter/sec:  3.353E-01
 Iteration:  00000021   DeltaT:  6.389E-07   Iter/sec:  3.371E-01
 Iteration:  00000022   DeltaT:  6.389E-07   Iter/sec:  3.362E-01
 Iteration:  00000023   DeltaT:  6.389E-07   Iter/sec:  3.510E-01
 Iteration:  00000024   DeltaT:  6.389E-07   Iter/sec:  3.407E-01
 Iteration:  00000025   DeltaT:  6.389E-07   Iter/sec:  3.360E-01
 Iteration:  00000026   DeltaT:  6.389E-07   Iter/sec:  3.321E-01
 Iteration:  00000027   DeltaT:  6.389E-07   Iter/sec:  3.278E-01
 Iteration:  00000028   DeltaT:  6.389E-07   Iter/sec:  3.349E-01
 Iteration:  00000029   DeltaT:  6.389E-07   Iter/sec:  3.414E-01
 Iteration:  00000030   DeltaT:  6.389E-07   Iter/sec:  3.323E-01
 Iteration:  00000031   DeltaT:  6.389E-07   Iter/sec:  3.345E-01
 Iteration:  00000032   DeltaT:  6.389E-07   Iter/sec:  3.463E-01
 Iteration:  00000033   DeltaT:  6.389E-07   Iter/sec:  3.421E-01
 Iteration:  00000034   DeltaT:  6.389E-07   Iter/sec:  3.307E-01
 Iteration:  00000035   DeltaT:  6.389E-07   Iter/sec:  3.394E-01
 Iteration:  00000036   DeltaT:  6.389E-07   Iter/sec:  3.460E-01
 Iteration:  00000037   DeltaT:  6.389E-07   Iter/sec:  3.337E-01
 Iteration:  00000038   DeltaT:  6.389E-07   Iter/sec:  3.336E-01
 Iteration:  00000039   DeltaT:  6.389E-07   Iter/sec:  3.401E-01
 Iteration:  00000040   DeltaT:  6.389E-07   Iter/sec:  3.305E-01
 Iteration:  00000041   DeltaT:  6.389E-07   Iter/sec:  3.378E-01
 Iteration:  00000042   DeltaT:  6.389E-07   Iter/sec:  3.397E-01
 Iteration:  00000043   DeltaT:  6.389E-07   Iter/sec:  3.344E-01
 Iteration:  00000044   DeltaT:  6.389E-07   Iter/sec:  3.353E-01
 Iteration:  00000045   DeltaT:  6.389E-07   Iter/sec:  3.392E-01
 Iteration:  00000046   DeltaT:  6.389E-07   Iter/sec:  3.323E-01
 Iteration:  00000047   DeltaT:  6.389E-07   Iter/sec:  3.375E-01
 Iteration:  00000048   DeltaT:  6.389E-07   Iter/sec:  3.381E-01
 Iteration:  00000049   DeltaT:  6.389E-07   Iter/sec:  3.368E-01
 Iteration:  00000050   DeltaT:  6.389E-07   Iter/sec:  3.327E-01


//////////////////////////////////////////////
   Measured Timings for Process 0  (seconds)

 Elapsed time:       153.6134
  Column time:        22.9874
     Row time:        57.0699
Legendre time:        20.5192
     FFT time:         6.5174
   Solve time:         7.4530
    rlma time:         2.9948
    rlmb time:         1.5979
  pspace time:        14.1861
  psolve time:        18.2710
    dphi time:         0.4776
captured time:       152.0742

     iter/sec:         0.3255
//////////////////////////////////////////////
