 //////////////////////////////////////
 Initializating Rayleigh...

 -- Initalizing MPI...
 ---- Specified parameters:
 ---- NCPU  :     32
 ---- NPROW :      8
 ---- NPCOL :      4
 -- MPI initialized.


 -- Initalizing Grid...
 ---- Specified parameters ----
 ---- N_R                 :     64
 ---- N_THETA             :    384
 ---- Ell_MAX             :    255
 ---- R_MIN               :  5.38462E-01
 ---- R_MAX               :  1.53846E+00
 ---- Chebyshev Domains   :      1

        Domain 1
          Grid points           :  64
          Dealiased Polynomials :  42
          Domain Lower Bound    :  5.38462E-01
          Domain Upper Bound    :  1.53846E+00

 -- Grid initialized.

[SHTns 3.4.5] built Apr 26 2021, 15:32:45, id: avx2,ishioka
        Lmax=255, Mmax*Mres=255, Mres=1, Nlm=32896  [1 threads, orthonormalized]
        => using FFTW : Mmax=255, Nphi=768, Nlat=384  (data layout : phi_inc=384, theta_inc=1, phi_embed=768)
        => using Gauss nodes
        + polar optimization threshold = 1.0e-08
        finding optimal algorithm..........
        + SHT accuracy = 2.11e-12
        => SHTns is ready.
 -- Initalizing Reference State...
 ---- Specified parameters:
 ---- Reference type           :  Boussinesq (Non-dimensional)
 ---- Rayleigh Number          :  1.00000E+05
 ---- Ekman Number             :  1.00000E-03
 ---- Prandtl Number           :  1.00000E+00
 ---- Magnetic Prandtl Number  :  5.00000E+00
 -- Reference State initialized.

 -- Initializing Fields...
 ---- Specified parameters:
 ---- Hydro Init Type    : Benchmark (Christensen et al. 2001)
 ---- Magnetic Init Type : Benchmark (Christensen et al. 2001)
 -- Fields initialized.

 Initialization Complete.
 //////////////////////////////////////

 Timestep has changed from  0.00000E+00 to  1.00000E-04.
 Iteration:  00000001   DeltaT:  1.000E-04   Iter/sec:  0.000E+00
 Timestep has changed from  1.00000E-04 to  1.02211E-05.
 Iteration:  00000002   DeltaT:  1.022E-05   Iter/sec:  1.102E-01
 Iteration:  00000003   DeltaT:  1.022E-05   Iter/sec:  9.184E-01
 Iteration:  00000004   DeltaT:  1.022E-05   Iter/sec:  9.634E-01
 Iteration:  00000005   DeltaT:  1.022E-05   Iter/sec:  9.652E-01
 Iteration:  00000006   DeltaT:  1.022E-05   Iter/sec:  9.699E-01
 Iteration:  00000007   DeltaT:  1.022E-05   Iter/sec:  9.819E-01
 Iteration:  00000008   DeltaT:  1.022E-05   Iter/sec:  9.782E-01
 Iteration:  00000009   DeltaT:  1.022E-05   Iter/sec:  9.617E-01
 Iteration:  00000010   DeltaT:  1.022E-05   Iter/sec:  9.416E-01
 Iteration:  00000011   DeltaT:  1.022E-05   Iter/sec:  9.558E-01
 Iteration:  00000012   DeltaT:  1.022E-05   Iter/sec:  9.670E-01
 Iteration:  00000013   DeltaT:  1.022E-05   Iter/sec:  9.675E-01
 Iteration:  00000014   DeltaT:  1.022E-05   Iter/sec:  9.748E-01
 Iteration:  00000015   DeltaT:  1.022E-05   Iter/sec:  9.518E-01
 Iteration:  00000016   DeltaT:  1.022E-05   Iter/sec:  9.643E-01
 Iteration:  00000017   DeltaT:  1.022E-05   Iter/sec:  9.747E-01
 Iteration:  00000018   DeltaT:  1.022E-05   Iter/sec:  9.517E-01
 Iteration:  00000019   DeltaT:  1.022E-05   Iter/sec:  9.663E-01
 Iteration:  00000020   DeltaT:  1.022E-05   Iter/sec:  9.732E-01
 Iteration:  00000021   DeltaT:  1.022E-05   Iter/sec:  9.573E-01
 Iteration:  00000022   DeltaT:  1.022E-05   Iter/sec:  9.707E-01
 Iteration:  00000023   DeltaT:  1.022E-05   Iter/sec:  9.550E-01
 Iteration:  00000024   DeltaT:  1.022E-05   Iter/sec:  9.654E-01
 Iteration:  00000025   DeltaT:  1.022E-05   Iter/sec:  9.727E-01
 Iteration:  00000026   DeltaT:  1.022E-05   Iter/sec:  9.729E-01
 Iteration:  00000027   DeltaT:  1.022E-05   Iter/sec:  9.523E-01
 Iteration:  00000028   DeltaT:  1.022E-05   Iter/sec:  9.658E-01
 Iteration:  00000029   DeltaT:  1.022E-05   Iter/sec:  9.694E-01
 Iteration:  00000030   DeltaT:  1.022E-05   Iter/sec:  9.640E-01
 Iteration:  00000031   DeltaT:  1.022E-05   Iter/sec:  9.506E-01
 Iteration:  00000032   DeltaT:  1.022E-05   Iter/sec:  9.533E-01
 Iteration:  00000033   DeltaT:  1.022E-05   Iter/sec:  9.611E-01
 Iteration:  00000034   DeltaT:  1.022E-05   Iter/sec:  9.713E-01
 Iteration:  00000035   DeltaT:  1.022E-05   Iter/sec:  9.646E-01
 Iteration:  00000036   DeltaT:  1.022E-05   Iter/sec:  9.777E-01
 Iteration:  00000037   DeltaT:  1.022E-05   Iter/sec:  9.620E-01
 Iteration:  00000038   DeltaT:  1.022E-05   Iter/sec:  9.582E-01
 Iteration:  00000039   DeltaT:  1.022E-05   Iter/sec:  9.606E-01
 Iteration:  00000040   DeltaT:  1.022E-05   Iter/sec:  9.693E-01
 Iteration:  00000041   DeltaT:  1.022E-05   Iter/sec:  9.682E-01
 Iteration:  00000042   DeltaT:  1.022E-05   Iter/sec:  9.703E-01
 Iteration:  00000043   DeltaT:  1.022E-05   Iter/sec:  9.596E-01
 Iteration:  00000044   DeltaT:  1.022E-05   Iter/sec:  9.677E-01
 Iteration:  00000045   DeltaT:  1.022E-05   Iter/sec:  9.656E-01
 Iteration:  00000046   DeltaT:  1.022E-05   Iter/sec:  9.545E-01
 Iteration:  00000047   DeltaT:  1.022E-05   Iter/sec:  9.836E-01
 Iteration:  00000048   DeltaT:  1.022E-05   Iter/sec:  9.613E-01
 Iteration:  00000049   DeltaT:  1.022E-05   Iter/sec:  9.657E-01
 Iteration:  00000050   DeltaT:  1.022E-05   Iter/sec:  9.731E-01


//////////////////////////////////////////////
   Measured Timings for Process 0  (seconds)

 Elapsed time:        52.6687
  Column time:         5.2893
     Row time:        20.3816
Legendre time:         4.8071
     FFT time:         4.0147
   Solve time:         0.7511
    rlma time:         0.9979
    rlmb time:         0.4912
  pspace time:         7.7984
  psolve time:         6.4801
    dphi time:         0.3119
captured time:        51.3234

     iter/sec:         0.9493
//////////////////////////////////////////////
