 //////////////////////////////////////
 Initializating Rayleigh...

 -- Initalizing MPI...
 ---- Specified parameters:
 ---- NCPU  :   2048
 ---- NPROW :     64
 ---- NPCOL :     32
 -- MPI initialized.


 -- Initalizing Grid...
 ---- Specified parameters ----
 ---- N_R                 :    128
 ---- N_THETA             :    384
 ---- Ell_MAX             :    255
 ---- R_MIN               :  5.38462E-01
 ---- R_MAX               :  1.53846E+00
 ---- Chebyshev Domains   :      1

        Domain 1
          Grid points           :  128
          Dealiased Polynomials :  85
          Domain Lower Bound    :  5.38462E-01
          Domain Upper Bound    :  1.53846E+00

 -- Grid initialized.

[SHTns 3.4.5] built Apr 26 2021, 15:32:45, id: avx2,ishioka
        Lmax=255, Mmax*Mres=255, Mres=1, Nlm=32896  [1 threads, orthonormalized]
        => using FFTW : Mmax=255, Nphi=768, Nlat=384  (data layout : phi_inc=384, theta_inc=1, phi_embed=768)
        => using Gauss nodes
        + polar optimization threshold = 1.0e-08
        finding optimal algorithm..........
        + SHT accuracy = 1.46e-12
        => SHTns is ready.
 -- Initalizing Reference State...
 ---- Specified parameters:
 ---- Reference type           :  Boussinesq (Non-dimensional)
 ---- Rayleigh Number          :  1.00000E+05
 ---- Ekman Number             :  1.00000E-03
 ---- Prandtl Number           :  1.00000E+00
 ---- Magnetic Prandtl Number  :  5.00000E+00
 -- Reference State initialized.

 -- Initializing Fields...
 ---- Specified parameters:
 ---- Hydro Init Type    : Benchmark (Christensen et al. 2001)
 ---- Magnetic Init Type : Benchmark (Christensen et al. 2001)
 -- Fields initialized.

 Initialization Complete.
 //////////////////////////////////////

 Timestep has changed from  0.00000E+00 to  1.00000E-04.
 Iteration:  00000001   DeltaT:  1.000E-04   Iter/sec:  0.000E+00
 Timestep has changed from  1.00000E-04 to  2.55566E-06.
 Iteration:  00000002   DeltaT:  2.556E-06   Iter/sec:  1.217E-01
 Iteration:  00000003   DeltaT:  2.556E-06   Iter/sec:  1.162E+01
 Iteration:  00000004   DeltaT:  2.556E-06   Iter/sec:  2.367E+01
 Iteration:  00000005   DeltaT:  2.556E-06   Iter/sec:  2.355E+01
 Iteration:  00000006   DeltaT:  2.556E-06   Iter/sec:  2.108E+01
 Iteration:  00000007   DeltaT:  2.556E-06   Iter/sec:  2.517E+01
 Iteration:  00000008   DeltaT:  2.556E-06   Iter/sec:  2.388E+01
 Iteration:  00000009   DeltaT:  2.556E-06   Iter/sec:  2.382E+01
 Iteration:  00000010   DeltaT:  2.556E-06   Iter/sec:  2.386E+01
 Iteration:  00000011   DeltaT:  2.556E-06   Iter/sec:  2.421E+01
 Iteration:  00000012   DeltaT:  2.556E-06   Iter/sec:  2.525E+01
 Iteration:  00000013   DeltaT:  2.556E-06   Iter/sec:  2.545E+01
 Iteration:  00000014   DeltaT:  2.556E-06   Iter/sec:  2.503E+01
 Iteration:  00000015   DeltaT:  2.556E-06   Iter/sec:  2.314E+01
 Iteration:  00000016   DeltaT:  2.556E-06   Iter/sec:  2.377E+01
 Iteration:  00000017   DeltaT:  2.556E-06   Iter/sec:  2.455E+01
 Iteration:  00000018   DeltaT:  2.556E-06   Iter/sec:  2.340E+01
 Iteration:  00000019   DeltaT:  2.556E-06   Iter/sec:  2.375E+01
 Iteration:  00000020   DeltaT:  2.556E-06   Iter/sec:  2.307E+01
 Iteration:  00000021   DeltaT:  2.556E-06   Iter/sec:  2.343E+01
 Iteration:  00000022   DeltaT:  2.556E-06   Iter/sec:  1.945E+01
 Iteration:  00000023   DeltaT:  2.556E-06   Iter/sec:  2.385E+01
 Iteration:  00000024   DeltaT:  2.556E-06   Iter/sec:  2.364E+01
 Iteration:  00000025   DeltaT:  2.556E-06   Iter/sec:  2.337E+01
 Iteration:  00000026   DeltaT:  2.556E-06   Iter/sec:  2.638E+01
 Iteration:  00000027   DeltaT:  2.556E-06   Iter/sec:  2.530E+01
 Iteration:  00000028   DeltaT:  2.556E-06   Iter/sec:  2.480E+01
 Iteration:  00000029   DeltaT:  2.556E-06   Iter/sec:  2.349E+01
 Iteration:  00000030   DeltaT:  2.556E-06   Iter/sec:  2.664E+01
 Iteration:  00000031   DeltaT:  2.556E-06   Iter/sec:  2.382E+01
 Iteration:  00000032   DeltaT:  2.556E-06   Iter/sec:  2.478E+01
 Iteration:  00000033   DeltaT:  2.556E-06   Iter/sec:  2.307E+01
 Iteration:  00000034   DeltaT:  2.556E-06   Iter/sec:  2.485E+01
 Iteration:  00000035   DeltaT:  2.556E-06   Iter/sec:  2.425E+01
 Iteration:  00000036   DeltaT:  2.556E-06   Iter/sec:  2.504E+01
 Iteration:  00000037   DeltaT:  2.556E-06   Iter/sec:  2.346E+01
 Iteration:  00000038   DeltaT:  2.556E-06   Iter/sec:  2.535E+01
 Iteration:  00000039   DeltaT:  2.556E-06   Iter/sec:  2.536E+01
 Iteration:  00000040   DeltaT:  2.556E-06   Iter/sec:  2.556E+01
 Iteration:  00000041   DeltaT:  2.556E-06   Iter/sec:  2.548E+01
 Iteration:  00000042   DeltaT:  2.556E-06   Iter/sec:  2.417E+01
 Iteration:  00000043   DeltaT:  2.556E-06   Iter/sec:  2.451E+01
 Iteration:  00000044   DeltaT:  2.556E-06   Iter/sec:  2.631E+01
 Iteration:  00000045   DeltaT:  2.556E-06   Iter/sec:  2.248E+01
 Iteration:  00000046   DeltaT:  2.556E-06   Iter/sec:  2.465E+01
 Iteration:  00000047   DeltaT:  2.556E-06   Iter/sec:  2.333E+01
 Iteration:  00000048   DeltaT:  2.556E-06   Iter/sec:  2.487E+01
 Iteration:  00000049   DeltaT:  2.556E-06   Iter/sec:  2.413E+01
 Iteration:  00000050   DeltaT:  2.556E-06   Iter/sec:  2.301E+01


//////////////////////////////////////////////
   Measured Timings for Process 0  (seconds)

 Elapsed time:         3.3757
  Column time:         0.6695
     Row time:         0.8809
Legendre time:         0.1057
     FFT time:         0.0981
   Solve time:         0.1946
    rlma time:         0.0214
    rlmb time:         0.0089
  pspace time:         0.0684
  psolve time:         0.1767
    dphi time:         0.0063
captured time:         2.2304

     iter/sec:        14.8115
//////////////////////////////////////////////
