 //////////////////////////////////////
 Initializating Rayleigh...

 -- Initalizing MPI...
 ---- Specified parameters:
 ---- NCPU  :     64
 ---- NPROW :      8
 ---- NPCOL :      8
 -- MPI initialized.


 -- Initalizing Grid...
 ---- Specified parameters ----
 ---- N_R                 :     64
 ---- N_THETA             :    192
 ---- Ell_MAX             :    127
 ---- R_MIN               :  5.38462E-01
 ---- R_MAX               :  1.53846E+00
 ---- Chebyshev Domains   :      1

        Domain 1
          Grid points           :  64
          Dealiased Polynomials :  42
          Domain Lower Bound    :  5.38462E-01
          Domain Upper Bound    :  1.53846E+00

 -- Grid initialized.

[SHTns 3.4.5] built Apr 26 2021, 15:32:45, id: avx2,ishioka
        Lmax=127, Mmax*Mres=127, Mres=1, Nlm=8256  [1 threads, orthonormalized]
        => using FFTW : Mmax=127, Nphi=384, Nlat=192  (data layout : phi_inc=192, theta_inc=1, phi_embed=384)
        => using Gauss nodes
        + polar optimization threshold = 1.0e-08
        finding optimal algorithm........
        + SHT accuracy = 3.91e-14
        => SHTns is ready.
 -- Initalizing Reference State...
 ---- Specified parameters:
 ---- Reference type           :  Boussinesq (Non-dimensional)
 ---- Rayleigh Number          :  1.00000E+05
 ---- Ekman Number             :  1.00000E-03
 ---- Prandtl Number           :  1.00000E+00
 ---- Magnetic Prandtl Number  :  5.00000E+00
 -- Reference State initialized.

 -- Initializing Fields...
 ---- Specified parameters:
 ---- Hydro Init Type    : Benchmark (Christensen et al. 2001)
 ---- Magnetic Init Type : Benchmark (Christensen et al. 2001)
 -- Fields initialized.

 Initialization Complete.
 //////////////////////////////////////

 Timestep has changed from  0.00000E+00 to  1.00000E-04.
 Iteration:  00000001   DeltaT:  1.000E-04   Iter/sec:  0.000E+00
 Timestep has changed from  1.00000E-04 to  1.02217E-05.
 Iteration:  00000002   DeltaT:  1.022E-05   Iter/sec:  2.388E-01
 Iteration:  00000003   DeltaT:  1.022E-05   Iter/sec:  8.029E+00
 Iteration:  00000004   DeltaT:  1.022E-05   Iter/sec:  9.214E+00
 Iteration:  00000005   DeltaT:  1.022E-05   Iter/sec:  9.171E+00
 Iteration:  00000006   DeltaT:  1.022E-05   Iter/sec:  9.309E+00
 Iteration:  00000007   DeltaT:  1.022E-05   Iter/sec:  9.431E+00
 Iteration:  00000008   DeltaT:  1.022E-05   Iter/sec:  9.168E+00
 Iteration:  00000009   DeltaT:  1.022E-05   Iter/sec:  9.187E+00
 Iteration:  00000010   DeltaT:  1.022E-05   Iter/sec:  9.323E+00
 Iteration:  00000011   DeltaT:  1.022E-05   Iter/sec:  9.260E+00
 Iteration:  00000012   DeltaT:  1.022E-05   Iter/sec:  9.406E+00
 Iteration:  00000013   DeltaT:  1.022E-05   Iter/sec:  9.196E+00
 Iteration:  00000014   DeltaT:  1.022E-05   Iter/sec:  9.215E+00
 Iteration:  00000015   DeltaT:  1.022E-05   Iter/sec:  9.312E+00
 Iteration:  00000016   DeltaT:  1.022E-05   Iter/sec:  9.401E+00
 Iteration:  00000017   DeltaT:  1.022E-05   Iter/sec:  9.555E+00
 Iteration:  00000018   DeltaT:  1.022E-05   Iter/sec:  9.625E+00
 Iteration:  00000019   DeltaT:  1.022E-05   Iter/sec:  9.632E+00
 Iteration:  00000020   DeltaT:  1.022E-05   Iter/sec:  9.677E+00
 Iteration:  00000021   DeltaT:  1.022E-05   Iter/sec:  9.668E+00
 Iteration:  00000022   DeltaT:  1.022E-05   Iter/sec:  9.598E+00
 Iteration:  00000023   DeltaT:  1.022E-05   Iter/sec:  9.641E+00
 Iteration:  00000024   DeltaT:  1.022E-05   Iter/sec:  9.677E+00
 Iteration:  00000025   DeltaT:  1.022E-05   Iter/sec:  9.784E+00
 Iteration:  00000026   DeltaT:  1.022E-05   Iter/sec:  9.579E+00
 Iteration:  00000027   DeltaT:  1.022E-05   Iter/sec:  9.539E+00
 Iteration:  00000028   DeltaT:  1.022E-05   Iter/sec:  9.720E+00
 Iteration:  00000029   DeltaT:  1.022E-05   Iter/sec:  9.626E+00
 Iteration:  00000030   DeltaT:  1.022E-05   Iter/sec:  9.589E+00
 Iteration:  00000031   DeltaT:  1.022E-05   Iter/sec:  9.587E+00
 Iteration:  00000032   DeltaT:  1.022E-05   Iter/sec:  9.743E+00
 Iteration:  00000033   DeltaT:  1.022E-05   Iter/sec:  9.591E+00
 Iteration:  00000034   DeltaT:  1.022E-05   Iter/sec:  9.634E+00
 Iteration:  00000035   DeltaT:  1.022E-05   Iter/sec:  9.787E+00
 Iteration:  00000036   DeltaT:  1.022E-05   Iter/sec:  9.905E+00
 Iteration:  00000037   DeltaT:  1.022E-05   Iter/sec:  9.776E+00
 Iteration:  00000038   DeltaT:  1.022E-05   Iter/sec:  9.700E+00
 Iteration:  00000039   DeltaT:  1.022E-05   Iter/sec:  9.763E+00
 Iteration:  00000040   DeltaT:  1.022E-05   Iter/sec:  9.662E+00
 Iteration:  00000041   DeltaT:  1.022E-05   Iter/sec:  9.809E+00
 Iteration:  00000042   DeltaT:  1.022E-05   Iter/sec:  9.673E+00
 Iteration:  00000043   DeltaT:  1.022E-05   Iter/sec:  9.922E+00
 Iteration:  00000044   DeltaT:  1.022E-05   Iter/sec:  9.793E+00
 Iteration:  00000045   DeltaT:  1.022E-05   Iter/sec:  9.697E+00
 Iteration:  00000046   DeltaT:  1.022E-05   Iter/sec:  9.787E+00
 Iteration:  00000047   DeltaT:  1.022E-05   Iter/sec:  9.736E+00
 Iteration:  00000048   DeltaT:  1.022E-05   Iter/sec:  9.698E+00
 Iteration:  00000049   DeltaT:  1.022E-05   Iter/sec:  9.696E+00
 Iteration:  00000050   DeltaT:  1.022E-05   Iter/sec:  9.772E+00


//////////////////////////////////////////////
   Measured Timings for Process 0  (seconds)

 Elapsed time:         5.8277
  Column time:         0.4975
     Row time:         2.0030
Legendre time:         0.3472
     FFT time:         0.4991
   Solve time:         0.1586
    rlma time:         0.0860
    rlmb time:         0.0363
  pspace time:         0.8715
  psolve time:         0.6412
    dphi time:         0.0640
captured time:         5.2044

     iter/sec:         8.5798
//////////////////////////////////////////////
