 //////////////////////////////////////
 Initializating Rayleigh...

 -- Initalizing MPI...
 ---- Specified parameters:
 ---- NCPU  :     32
 ---- NPROW :      8
 ---- NPCOL :      4
 -- MPI initialized.


 -- Initalizing Grid...
 ---- Specified parameters ----
 ---- N_R                 :     64
 ---- N_THETA             :    192
 ---- Ell_MAX             :    127
 ---- R_MIN               :  5.38462E-01
 ---- R_MAX               :  1.53846E+00
 ---- Chebyshev Domains   :      1

        Domain 1
          Grid points           :  64
          Dealiased Polynomials :  42
          Domain Lower Bound    :  5.38462E-01
          Domain Upper Bound    :  1.53846E+00

 -- Grid initialized.

[SHTns 3.4.5] built Apr 26 2021, 15:32:45, id: avx2,ishioka
        Lmax=127, Mmax*Mres=127, Mres=1, Nlm=8256  [1 threads, orthonormalized]
        => using FFTW : Mmax=127, Nphi=384, Nlat=192  (data layout : phi_inc=192, theta_inc=1, phi_embed=384)
        => using Gauss nodes
        + polar optimization threshold = 1.0e-08
        finding optimal algorithm........
        + SHT accuracy = 5.58e-14
        => SHTns is ready.
 -- Initalizing Reference State...
 ---- Specified parameters:
 ---- Reference type           :  Boussinesq (Non-dimensional)
 ---- Rayleigh Number          :  1.00000E+05
 ---- Ekman Number             :  1.00000E-03
 ---- Prandtl Number           :  1.00000E+00
 ---- Magnetic Prandtl Number  :  5.00000E+00
 -- Reference State initialized.

 -- Initializing Fields...
 ---- Specified parameters:
 ---- Hydro Init Type    : Benchmark (Christensen et al. 2001)
 ---- Magnetic Init Type : Benchmark (Christensen et al. 2001)
 -- Fields initialized.

 Initialization Complete.
 //////////////////////////////////////

 Timestep has changed from  0.00000E+00 to  1.00000E-04.
 Iteration:  00000001   DeltaT:  1.000E-04   Iter/sec:  0.000E+00
 Timestep has changed from  1.00000E-04 to  1.02217E-05.
 Iteration:  00000002   DeltaT:  1.022E-05   Iter/sec:  2.360E-01
 Iteration:  00000003   DeltaT:  1.022E-05   Iter/sec:  3.789E+00
 Iteration:  00000004   DeltaT:  1.022E-05   Iter/sec:  4.378E+00
 Iteration:  00000005   DeltaT:  1.022E-05   Iter/sec:  4.354E+00
 Iteration:  00000006   DeltaT:  1.022E-05   Iter/sec:  4.117E+00
 Iteration:  00000007   DeltaT:  1.022E-05   Iter/sec:  4.297E+00
 Iteration:  00000008   DeltaT:  1.022E-05   Iter/sec:  4.391E+00
 Iteration:  00000009   DeltaT:  1.022E-05   Iter/sec:  4.157E+00
 Iteration:  00000010   DeltaT:  1.022E-05   Iter/sec:  4.276E+00
 Iteration:  00000011   DeltaT:  1.022E-05   Iter/sec:  4.314E+00
 Iteration:  00000012   DeltaT:  1.022E-05   Iter/sec:  4.467E+00
 Iteration:  00000013   DeltaT:  1.022E-05   Iter/sec:  4.292E+00
 Iteration:  00000014   DeltaT:  1.022E-05   Iter/sec:  4.301E+00
 Iteration:  00000015   DeltaT:  1.022E-05   Iter/sec:  4.253E+00
 Iteration:  00000016   DeltaT:  1.022E-05   Iter/sec:  4.187E+00
 Iteration:  00000017   DeltaT:  1.022E-05   Iter/sec:  4.067E+00
 Iteration:  00000018   DeltaT:  1.022E-05   Iter/sec:  4.339E+00
 Iteration:  00000019   DeltaT:  1.022E-05   Iter/sec:  4.224E+00
 Iteration:  00000020   DeltaT:  1.022E-05   Iter/sec:  4.427E+00
 Iteration:  00000021   DeltaT:  1.022E-05   Iter/sec:  4.301E+00
 Iteration:  00000022   DeltaT:  1.022E-05   Iter/sec:  4.127E+00
 Iteration:  00000023   DeltaT:  1.022E-05   Iter/sec:  4.218E+00
 Iteration:  00000024   DeltaT:  1.022E-05   Iter/sec:  4.265E+00
 Iteration:  00000025   DeltaT:  1.022E-05   Iter/sec:  4.209E+00
 Iteration:  00000026   DeltaT:  1.022E-05   Iter/sec:  4.298E+00
 Iteration:  00000027   DeltaT:  1.022E-05   Iter/sec:  4.265E+00
 Iteration:  00000028   DeltaT:  1.022E-05   Iter/sec:  4.413E+00
 Iteration:  00000029   DeltaT:  1.022E-05   Iter/sec:  4.173E+00
 Iteration:  00000030   DeltaT:  1.022E-05   Iter/sec:  4.131E+00
 Iteration:  00000031   DeltaT:  1.022E-05   Iter/sec:  4.296E+00
 Iteration:  00000032   DeltaT:  1.022E-05   Iter/sec:  4.205E+00
 Iteration:  00000033   DeltaT:  1.022E-05   Iter/sec:  4.309E+00
 Iteration:  00000034   DeltaT:  1.022E-05   Iter/sec:  4.343E+00
 Iteration:  00000035   DeltaT:  1.022E-05   Iter/sec:  4.318E+00
 Iteration:  00000036   DeltaT:  1.022E-05   Iter/sec:  4.212E+00
 Iteration:  00000037   DeltaT:  1.022E-05   Iter/sec:  4.200E+00
 Iteration:  00000038   DeltaT:  1.022E-05   Iter/sec:  4.317E+00
 Iteration:  00000039   DeltaT:  1.022E-05   Iter/sec:  4.299E+00
 Iteration:  00000040   DeltaT:  1.022E-05   Iter/sec:  4.317E+00
 Iteration:  00000041   DeltaT:  1.022E-05   Iter/sec:  4.286E+00
 Iteration:  00000042   DeltaT:  1.022E-05   Iter/sec:  4.194E+00
 Iteration:  00000043   DeltaT:  1.022E-05   Iter/sec:  4.249E+00
 Iteration:  00000044   DeltaT:  1.022E-05   Iter/sec:  4.115E+00
 Iteration:  00000045   DeltaT:  1.022E-05   Iter/sec:  4.168E+00
 Iteration:  00000046   DeltaT:  1.022E-05   Iter/sec:  4.269E+00
 Iteration:  00000047   DeltaT:  1.022E-05   Iter/sec:  4.213E+00
 Iteration:  00000048   DeltaT:  1.022E-05   Iter/sec:  4.229E+00
 Iteration:  00000049   DeltaT:  1.022E-05   Iter/sec:  4.311E+00
 Iteration:  00000050   DeltaT:  1.022E-05   Iter/sec:  4.252E+00


//////////////////////////////////////////////
   Measured Timings for Process 0  (seconds)

 Elapsed time:        12.2269
  Column time:         1.0560
     Row time:         4.5807
Legendre time:         0.9028
     FFT time:         1.0032
   Solve time:         0.2655
    rlma time:         0.1789
    rlmb time:         0.0731
  pspace time:         2.1121
  psolve time:         1.3978
    dphi time:         0.1049
captured time:        11.6748

     iter/sec:         4.0893
//////////////////////////////////////////////
