 //////////////////////////////////////
 Initializating Rayleigh...

 -- Initalizing MPI...
 ---- Specified parameters:
 ---- NCPU  :    512
 ---- NPROW :     32
 ---- NPCOL :     16
 -- MPI initialized.


 -- Initalizing Grid...
 ---- Specified parameters ----
 ---- N_R                 :    128
 ---- N_THETA             :    768
 ---- Ell_MAX             :    511
 ---- R_MIN               :  5.38462E-01
 ---- R_MAX               :  1.53846E+00
 ---- Chebyshev Domains   :      1

        Domain 1
          Grid points           :  128
          Dealiased Polynomials :  85
          Domain Lower Bound    :  5.38462E-01
          Domain Upper Bound    :  1.53846E+00

 -- Grid initialized.

[SHTns 3.4.5] built Apr 26 2021, 15:32:45, id: avx2,ishioka
        Lmax=511, Mmax*Mres=511, Mres=1, Nlm=131328  [1 threads, orthonormalized]
        => using FFTW : Mmax=511, Nphi=1536, Nlat=768  (data layout : phi_inc=768, theta_inc=1, phi_embed=1536)
        => using Gauss nodes
        + polar optimization threshold = 1.0e-08
        finding optimal algorithm.......
        + SHT accuracy = 3.04e-13
        => SHTns is ready.
 -- Initalizing Reference State...
 ---- Specified parameters:
 ---- Reference type           :  Boussinesq (Non-dimensional)
 ---- Rayleigh Number          :  1.00000E+05
 ---- Ekman Number             :  1.00000E-03
 ---- Prandtl Number           :  1.00000E+00
 ---- Magnetic Prandtl Number  :  5.00000E+00
 -- Reference State initialized.

 -- Initializing Fields...
 ---- Specified parameters:
 ---- Hydro Init Type    : Benchmark (Christensen et al. 2001)
 ---- Magnetic Init Type : Benchmark (Christensen et al. 2001)
 -- Fields initialized.

 Initialization Complete.
 //////////////////////////////////////

 Timestep has changed from  0.00000E+00 to  1.00000E-04.
 Iteration:  00000001   DeltaT:  1.000E-04   Iter/sec:  0.000E+00
 Timestep has changed from  1.00000E-04 to  2.55562E-06.
 Iteration:  00000002   DeltaT:  2.556E-06   Iter/sec:  1.288E-01
 Iteration:  00000003   DeltaT:  2.556E-06   Iter/sec:  1.194E+00
 Iteration:  00000004   DeltaT:  2.556E-06   Iter/sec:  1.449E+00
 Iteration:  00000005   DeltaT:  2.556E-06   Iter/sec:  1.486E+00
 Iteration:  00000006   DeltaT:  2.556E-06   Iter/sec:  1.452E+00
 Iteration:  00000007   DeltaT:  2.556E-06   Iter/sec:  1.506E+00
 Iteration:  00000008   DeltaT:  2.556E-06   Iter/sec:  1.430E+00
 Iteration:  00000009   DeltaT:  2.556E-06   Iter/sec:  1.501E+00
 Iteration:  00000010   DeltaT:  2.556E-06   Iter/sec:  1.463E+00
 Iteration:  00000011   DeltaT:  2.556E-06   Iter/sec:  1.410E+00
 Iteration:  00000012   DeltaT:  2.556E-06   Iter/sec:  1.552E+00
 Iteration:  00000013   DeltaT:  2.556E-06   Iter/sec:  1.417E+00
 Iteration:  00000014   DeltaT:  2.556E-06   Iter/sec:  1.495E+00
 Iteration:  00000015   DeltaT:  2.556E-06   Iter/sec:  1.499E+00
 Iteration:  00000016   DeltaT:  2.556E-06   Iter/sec:  1.455E+00
 Iteration:  00000017   DeltaT:  2.556E-06   Iter/sec:  1.464E+00
 Iteration:  00000018   DeltaT:  2.556E-06   Iter/sec:  1.448E+00
 Iteration:  00000019   DeltaT:  2.556E-06   Iter/sec:  1.565E+00
 Iteration:  00000020   DeltaT:  2.556E-06   Iter/sec:  1.436E+00
 Iteration:  00000021   DeltaT:  2.556E-06   Iter/sec:  1.468E+00
 Iteration:  00000022   DeltaT:  2.556E-06   Iter/sec:  1.562E+00
 Iteration:  00000023   DeltaT:  2.556E-06   Iter/sec:  1.450E+00
 Iteration:  00000024   DeltaT:  2.556E-06   Iter/sec:  1.451E+00
 Iteration:  00000025   DeltaT:  2.556E-06   Iter/sec:  1.494E+00
 Iteration:  00000026   DeltaT:  2.556E-06   Iter/sec:  1.473E+00
 Iteration:  00000027   DeltaT:  2.556E-06   Iter/sec:  1.503E+00
 Iteration:  00000028   DeltaT:  2.556E-06   Iter/sec:  1.486E+00
 Iteration:  00000029   DeltaT:  2.556E-06   Iter/sec:  1.478E+00
 Iteration:  00000030   DeltaT:  2.556E-06   Iter/sec:  1.432E+00
 Iteration:  00000031   DeltaT:  2.556E-06   Iter/sec:  1.422E+00
 Iteration:  00000032   DeltaT:  2.556E-06   Iter/sec:  1.520E+00
 Iteration:  00000033   DeltaT:  2.556E-06   Iter/sec:  1.377E+00
 Iteration:  00000034   DeltaT:  2.556E-06   Iter/sec:  1.469E+00
 Iteration:  00000035   DeltaT:  2.556E-06   Iter/sec:  1.487E+00
 Iteration:  00000036   DeltaT:  2.556E-06   Iter/sec:  1.453E+00
 Iteration:  00000037   DeltaT:  2.556E-06   Iter/sec:  1.475E+00
 Iteration:  00000038   DeltaT:  2.556E-06   Iter/sec:  1.473E+00
 Iteration:  00000039   DeltaT:  2.556E-06   Iter/sec:  1.509E+00
 Iteration:  00000040   DeltaT:  2.556E-06   Iter/sec:  1.443E+00
 Iteration:  00000041   DeltaT:  2.556E-06   Iter/sec:  1.489E+00
 Iteration:  00000042   DeltaT:  2.556E-06   Iter/sec:  1.474E+00
 Iteration:  00000043   DeltaT:  2.556E-06   Iter/sec:  1.543E+00
 Iteration:  00000044   DeltaT:  2.556E-06   Iter/sec:  1.498E+00
 Iteration:  00000045   DeltaT:  2.556E-06   Iter/sec:  1.442E+00
 Iteration:  00000046   DeltaT:  2.556E-06   Iter/sec:  1.475E+00
 Iteration:  00000047   DeltaT:  2.556E-06   Iter/sec:  1.479E+00
 Iteration:  00000048   DeltaT:  2.556E-06   Iter/sec:  1.433E+00
 Iteration:  00000049   DeltaT:  2.556E-06   Iter/sec:  1.492E+00
 Iteration:  00000050   DeltaT:  2.556E-06   Iter/sec:  1.407E+00


//////////////////////////////////////////////
   Measured Timings for Process 0  (seconds)

 Elapsed time:        42.8833
  Column time:         8.9916
     Row time:        10.9605
Legendre time:         3.5659
     FFT time:         1.8702
   Solve time:         0.9660
    rlma time:         0.3799
    rlmb time:         0.1731
  pspace time:         3.7633
  psolve time:         3.1997
    dphi time:         0.1431
captured time:        34.0133

     iter/sec:         1.1660
//////////////////////////////////////////////
