 //////////////////////////////////////
 Initializating Rayleigh...

 -- Initalizing MPI...
 ---- Specified parameters:
 ---- NCPU  :     16
 ---- NPROW :      4
 ---- NPCOL :      4
 -- MPI initialized.


 -- Initalizing Grid...
 ---- Specified parameters ----
 ---- N_R                 :     64
 ---- N_THETA             :    384
 ---- Ell_MAX             :    255
 ---- R_MIN               :  5.38462E-01
 ---- R_MAX               :  1.53846E+00
 ---- Chebyshev Domains   :      1

        Domain 1
          Grid points           :  64
          Dealiased Polynomials :  42
          Domain Lower Bound    :  5.38462E-01
          Domain Upper Bound    :  1.53846E+00

 -- Grid initialized.

[SHTns 3.4.5] built Apr 26 2021, 15:32:45, id: avx2,ishioka
        Lmax=255, Mmax*Mres=255, Mres=1, Nlm=32896  [1 threads, orthonormalized]
        => using FFTW : Mmax=255, Nphi=768, Nlat=384  (data layout : phi_inc=384, theta_inc=1, phi_embed=768)
        => using Gauss nodes
        + polar optimization threshold = 1.0e-08
        finding optimal algorithm..........
        + SHT accuracy = 1.72e-12
        => SHTns is ready.
 -- Initalizing Reference State...
 ---- Specified parameters:
 ---- Reference type           :  Boussinesq (Non-dimensional)
 ---- Rayleigh Number          :  1.00000E+05
 ---- Ekman Number             :  1.00000E-03
 ---- Prandtl Number           :  1.00000E+00
 ---- Magnetic Prandtl Number  :  5.00000E+00
 -- Reference State initialized.

 -- Initializing Fields...
 ---- Specified parameters:
 ---- Hydro Init Type    : Benchmark (Christensen et al. 2001)
 ---- Magnetic Init Type : Benchmark (Christensen et al. 2001)
 -- Fields initialized.

 Initialization Complete.
 //////////////////////////////////////

 Timestep has changed from  0.00000E+00 to  1.00000E-04.
 Iteration:  00000001   DeltaT:  1.000E-04   Iter/sec:  0.000E+00
 Timestep has changed from  1.00000E-04 to  1.02211E-05.
 Iteration:  00000002   DeltaT:  1.022E-05   Iter/sec:  1.451E-01
 Iteration:  00000003   DeltaT:  1.022E-05   Iter/sec:  4.295E-01
 Iteration:  00000004   DeltaT:  1.022E-05   Iter/sec:  4.423E-01
 Iteration:  00000005   DeltaT:  1.022E-05   Iter/sec:  4.390E-01
 Iteration:  00000006   DeltaT:  1.022E-05   Iter/sec:  4.401E-01
 Iteration:  00000007   DeltaT:  1.022E-05   Iter/sec:  4.416E-01
 Iteration:  00000008   DeltaT:  1.022E-05   Iter/sec:  4.454E-01
 Iteration:  00000009   DeltaT:  1.022E-05   Iter/sec:  4.420E-01
 Iteration:  00000010   DeltaT:  1.022E-05   Iter/sec:  4.409E-01
 Iteration:  00000011   DeltaT:  1.022E-05   Iter/sec:  4.419E-01
 Iteration:  00000012   DeltaT:  1.022E-05   Iter/sec:  4.422E-01
 Iteration:  00000013   DeltaT:  1.022E-05   Iter/sec:  4.422E-01
 Iteration:  00000014   DeltaT:  1.022E-05   Iter/sec:  4.420E-01
 Iteration:  00000015   DeltaT:  1.022E-05   Iter/sec:  4.401E-01
 Iteration:  00000016   DeltaT:  1.022E-05   Iter/sec:  4.414E-01
 Iteration:  00000017   DeltaT:  1.022E-05   Iter/sec:  4.405E-01
 Iteration:  00000018   DeltaT:  1.022E-05   Iter/sec:  4.406E-01
 Iteration:  00000019   DeltaT:  1.022E-05   Iter/sec:  4.411E-01
 Iteration:  00000020   DeltaT:  1.022E-05   Iter/sec:  4.411E-01
 Iteration:  00000021   DeltaT:  1.022E-05   Iter/sec:  4.413E-01
 Iteration:  00000022   DeltaT:  1.022E-05   Iter/sec:  4.402E-01
 Iteration:  00000023   DeltaT:  1.022E-05   Iter/sec:  4.413E-01
 Iteration:  00000024   DeltaT:  1.022E-05   Iter/sec:  4.410E-01
 Iteration:  00000025   DeltaT:  1.022E-05   Iter/sec:  4.402E-01
 Iteration:  00000026   DeltaT:  1.022E-05   Iter/sec:  4.424E-01
 Iteration:  00000027   DeltaT:  1.022E-05   Iter/sec:  4.394E-01
 Iteration:  00000028   DeltaT:  1.022E-05   Iter/sec:  4.403E-01
 Iteration:  00000029   DeltaT:  1.022E-05   Iter/sec:  4.421E-01
 Iteration:  00000030   DeltaT:  1.022E-05   Iter/sec:  4.387E-01
 Iteration:  00000031   DeltaT:  1.022E-05   Iter/sec:  4.403E-01
 Iteration:  00000032   DeltaT:  1.022E-05   Iter/sec:  4.405E-01
 Iteration:  00000033   DeltaT:  1.022E-05   Iter/sec:  4.427E-01
 Iteration:  00000034   DeltaT:  1.022E-05   Iter/sec:  4.393E-01
 Iteration:  00000035   DeltaT:  1.022E-05   Iter/sec:  4.467E-01
 Iteration:  00000036   DeltaT:  1.022E-05   Iter/sec:  4.420E-01
 Iteration:  00000037   DeltaT:  1.022E-05   Iter/sec:  4.384E-01
 Iteration:  00000038   DeltaT:  1.022E-05   Iter/sec:  4.421E-01
 Iteration:  00000039   DeltaT:  1.022E-05   Iter/sec:  4.389E-01
 Iteration:  00000040   DeltaT:  1.022E-05   Iter/sec:  4.421E-01
 Iteration:  00000041   DeltaT:  1.022E-05   Iter/sec:  4.416E-01
 Iteration:  00000042   DeltaT:  1.022E-05   Iter/sec:  4.404E-01
 Iteration:  00000043   DeltaT:  1.022E-05   Iter/sec:  4.396E-01
 Iteration:  00000044   DeltaT:  1.022E-05   Iter/sec:  4.402E-01
 Iteration:  00000045   DeltaT:  1.022E-05   Iter/sec:  4.413E-01
 Iteration:  00000046   DeltaT:  1.022E-05   Iter/sec:  4.391E-01
 Iteration:  00000047   DeltaT:  1.022E-05   Iter/sec:  4.405E-01
 Iteration:  00000048   DeltaT:  1.022E-05   Iter/sec:  4.395E-01
 Iteration:  00000049   DeltaT:  1.022E-05   Iter/sec:  4.429E-01
 Iteration:  00000050   DeltaT:  1.022E-05   Iter/sec:  4.394E-01


//////////////////////////////////////////////
   Measured Timings for Process 0  (seconds)

 Elapsed time:       114.2493
  Column time:         7.1463
     Row time:        48.7407
Legendre time:         9.5531
     FFT time:         7.5784
   Solve time:         1.2083
    rlma time:         2.9047
    rlmb time:         1.4053
  pspace time:        18.1198
  psolve time:        13.5800
    dphi time:         1.0948
captured time:       111.3314

     iter/sec:         0.4376
//////////////////////////////////////////////
