 //////////////////////////////////////
 Initializating Rayleigh...

 -- Initalizing MPI...
 ---- Specified parameters:
 ---- NCPU  :   2048
 ---- NPROW :     64
 ---- NPCOL :     32
 -- MPI initialized.


 -- Initalizing Grid...
 ---- Specified parameters ----
 ---- N_R                 :    128
 ---- N_THETA             :    768
 ---- Ell_MAX             :    511
 ---- R_MIN               :  5.38462E-01
 ---- R_MAX               :  1.53846E+00
 ---- Chebyshev Domains   :      1

        Domain 1
          Grid points           :  128
          Dealiased Polynomials :  85
          Domain Lower Bound    :  5.38462E-01
          Domain Upper Bound    :  1.53846E+00

 -- Grid initialized.

[SHTns 3.4.5] built Apr 26 2021, 15:32:45, id: avx2,ishioka
        Lmax=511, Mmax*Mres=511, Mres=1, Nlm=131328  [1 threads, orthonormalized]
        => using FFTW : Mmax=511, Nphi=1536, Nlat=768  (data layout : phi_inc=768, theta_inc=1, phi_embed=1536)
        => using Gauss nodes
        + polar optimization threshold = 1.0e-08
        finding optimal algorithm........
        + SHT accuracy = 4.02e-13
        => SHTns is ready.
 -- Initalizing Reference State...
 ---- Specified parameters:
 ---- Reference type           :  Boussinesq (Non-dimensional)
 ---- Rayleigh Number          :  1.00000E+05
 ---- Ekman Number             :  1.00000E-03
 ---- Prandtl Number           :  1.00000E+00
 ---- Magnetic Prandtl Number  :  5.00000E+00
 -- Reference State initialized.

 -- Initializing Fields...
 ---- Specified parameters:
 ---- Hydro Init Type    : Benchmark (Christensen et al. 2001)
 ---- Magnetic Init Type : Benchmark (Christensen et al. 2001)
 -- Fields initialized.

 Initialization Complete.
 //////////////////////////////////////

 Timestep has changed from  0.00000E+00 to  1.00000E-04.
 Iteration:  00000001   DeltaT:  1.000E-04   Iter/sec:  0.000E+00
 Timestep has changed from  1.00000E-04 to  2.55562E-06.
 Iteration:  00000002   DeltaT:  2.556E-06   Iter/sec:  1.406E-01
 Iteration:  00000003   DeltaT:  2.556E-06   Iter/sec:  3.351E+00
 Iteration:  00000004   DeltaT:  2.556E-06   Iter/sec:  4.782E+00
 Iteration:  00000005   DeltaT:  2.556E-06   Iter/sec:  4.297E+00
 Iteration:  00000006   DeltaT:  2.556E-06   Iter/sec:  4.827E+00
 Iteration:  00000007   DeltaT:  2.556E-06   Iter/sec:  4.574E+00
 Iteration:  00000008   DeltaT:  2.556E-06   Iter/sec:  4.606E+00
 Iteration:  00000009   DeltaT:  2.556E-06   Iter/sec:  4.651E+00
 Iteration:  00000010   DeltaT:  2.556E-06   Iter/sec:  4.794E+00
 Iteration:  00000011   DeltaT:  2.556E-06   Iter/sec:  4.593E+00
 Iteration:  00000012   DeltaT:  2.556E-06   Iter/sec:  4.916E+00
 Iteration:  00000013   DeltaT:  2.556E-06   Iter/sec:  4.573E+00
 Iteration:  00000014   DeltaT:  2.556E-06   Iter/sec:  4.819E+00
 Iteration:  00000015   DeltaT:  2.556E-06   Iter/sec:  4.597E+00
 Iteration:  00000016   DeltaT:  2.556E-06   Iter/sec:  4.667E+00
 Iteration:  00000017   DeltaT:  2.556E-06   Iter/sec:  4.535E+00
 Iteration:  00000018   DeltaT:  2.556E-06   Iter/sec:  4.911E+00
 Iteration:  00000019   DeltaT:  2.556E-06   Iter/sec:  4.852E+00
 Iteration:  00000020   DeltaT:  2.556E-06   Iter/sec:  4.560E+00
 Iteration:  00000021   DeltaT:  2.556E-06   Iter/sec:  4.575E+00
 Iteration:  00000022   DeltaT:  2.556E-06   Iter/sec:  4.953E+00
 Iteration:  00000023   DeltaT:  2.556E-06   Iter/sec:  4.644E+00
 Iteration:  00000024   DeltaT:  2.556E-06   Iter/sec:  4.998E+00
 Iteration:  00000025   DeltaT:  2.556E-06   Iter/sec:  4.857E+00
 Iteration:  00000026   DeltaT:  2.556E-06   Iter/sec:  4.748E+00
 Iteration:  00000027   DeltaT:  2.556E-06   Iter/sec:  4.776E+00
 Iteration:  00000028   DeltaT:  2.556E-06   Iter/sec:  4.811E+00
 Iteration:  00000029   DeltaT:  2.556E-06   Iter/sec:  4.861E+00
 Iteration:  00000030   DeltaT:  2.556E-06   Iter/sec:  4.488E+00
 Iteration:  00000031   DeltaT:  2.556E-06   Iter/sec:  5.105E+00
 Iteration:  00000032   DeltaT:  2.556E-06   Iter/sec:  4.907E+00
 Iteration:  00000033   DeltaT:  2.556E-06   Iter/sec:  4.752E+00
 Iteration:  00000034   DeltaT:  2.556E-06   Iter/sec:  4.886E+00
 Iteration:  00000035   DeltaT:  2.556E-06   Iter/sec:  4.916E+00
 Iteration:  00000036   DeltaT:  2.556E-06   Iter/sec:  4.929E+00
 Iteration:  00000037   DeltaT:  2.556E-06   Iter/sec:  4.866E+00
 Iteration:  00000038   DeltaT:  2.556E-06   Iter/sec:  4.742E+00
 Iteration:  00000039   DeltaT:  2.556E-06   Iter/sec:  5.049E+00
 Iteration:  00000040   DeltaT:  2.556E-06   Iter/sec:  4.646E+00
 Iteration:  00000041   DeltaT:  2.556E-06   Iter/sec:  4.885E+00
 Iteration:  00000042   DeltaT:  2.556E-06   Iter/sec:  4.760E+00
 Iteration:  00000043   DeltaT:  2.556E-06   Iter/sec:  4.687E+00
 Iteration:  00000044   DeltaT:  2.556E-06   Iter/sec:  4.797E+00
 Iteration:  00000045   DeltaT:  2.556E-06   Iter/sec:  4.947E+00
 Iteration:  00000046   DeltaT:  2.556E-06   Iter/sec:  4.837E+00
 Iteration:  00000047   DeltaT:  2.556E-06   Iter/sec:  4.882E+00
 Iteration:  00000048   DeltaT:  2.556E-06   Iter/sec:  4.846E+00
 Iteration:  00000049   DeltaT:  2.556E-06   Iter/sec:  4.969E+00
 Iteration:  00000050   DeltaT:  2.556E-06   Iter/sec:  4.992E+00


//////////////////////////////////////////////
   Measured Timings for Process 0  (seconds)

 Elapsed time:        16.0042
  Column time:         3.6693
     Row time:         3.7316
Legendre time:         0.7366
     FFT time:         0.4739
   Solve time:         0.3652
    rlma time:         0.0832
    rlmb time:         0.0367
  pspace time:         0.8641
  psolve time:         0.6076
    dphi time:         0.0429
captured time:        10.6111

     iter/sec:         3.1242
//////////////////////////////////////////////
