 //////////////////////////////////////
 Initializating Rayleigh...

 -- Initalizing MPI...
 ---- Specified parameters:
 ---- NCPU  :   1024
 ---- NPROW :     32
 ---- NPCOL :     32
 -- MPI initialized.


 -- Initalizing Grid...
 ---- Specified parameters ----
 ---- N_R                 :     64
 ---- N_THETA             :    192
 ---- Ell_MAX             :    127
 ---- R_MIN               :  5.38462E-01
 ---- R_MAX               :  1.53846E+00
 ---- Chebyshev Domains   :      1

        Domain 1
          Grid points           :  64
          Dealiased Polynomials :  42
          Domain Lower Bound    :  5.38462E-01
          Domain Upper Bound    :  1.53846E+00

 -- Grid initialized.

[SHTns 3.4.5] built Apr 26 2021, 15:32:45, id: avx2,ishioka
        Lmax=127, Mmax*Mres=127, Mres=1, Nlm=8256  [1 threads, orthonormalized]
        => using FFTW : Mmax=127, Nphi=384, Nlat=192  (data layout : phi_inc=192, theta_inc=1, phi_embed=384)
        => using Gauss nodes
        + polar optimization threshold = 1.0e-08
        finding optimal algorithm........
        + SHT accuracy = 4.68e-14
        => SHTns is ready.
 -- Initalizing Reference State...
 ---- Specified parameters:
 ---- Reference type           :  Boussinesq (Non-dimensional)
 ---- Rayleigh Number          :  1.00000E+05
 ---- Ekman Number             :  1.00000E-03
 ---- Prandtl Number           :  1.00000E+00
 ---- Magnetic Prandtl Number  :  5.00000E+00
 -- Reference State initialized.

 -- Initializing Fields...
 ---- Specified parameters:
 ---- Hydro Init Type    : Benchmark (Christensen et al. 2001)
 ---- Magnetic Init Type : Benchmark (Christensen et al. 2001)
 -- Fields initialized.

 Initialization Complete.
 //////////////////////////////////////

 Timestep has changed from  0.00000E+00 to  1.00000E-04.
 Iteration:  00000001   DeltaT:  1.000E-04   Iter/sec:  0.000E+00
 Timestep has changed from  1.00000E-04 to  1.02217E-05.
 Iteration:  00000002   DeltaT:  1.022E-05   Iter/sec:  2.085E-01
 Iteration:  00000003   DeltaT:  1.022E-05   Iter/sec:  8.833E+01
 Iteration:  00000004   DeltaT:  1.022E-05   Iter/sec:  1.310E+02
 Iteration:  00000005   DeltaT:  1.022E-05   Iter/sec:  1.252E+02
 Iteration:  00000006   DeltaT:  1.022E-05   Iter/sec:  1.163E+02
 Iteration:  00000007   DeltaT:  1.022E-05   Iter/sec:  1.269E+02
 Iteration:  00000008   DeltaT:  1.022E-05   Iter/sec:  1.330E+02
 Iteration:  00000009   DeltaT:  1.022E-05   Iter/sec:  1.183E+02
 Iteration:  00000010   DeltaT:  1.022E-05   Iter/sec:  1.251E+02
 Iteration:  00000011   DeltaT:  1.022E-05   Iter/sec:  1.475E+02
 Iteration:  00000012   DeltaT:  1.022E-05   Iter/sec:  1.258E+02
 Iteration:  00000013   DeltaT:  1.022E-05   Iter/sec:  1.079E+02
 Iteration:  00000014   DeltaT:  1.022E-05   Iter/sec:  1.181E+02
 Iteration:  00000015   DeltaT:  1.022E-05   Iter/sec:  1.255E+02
 Iteration:  00000016   DeltaT:  1.022E-05   Iter/sec:  1.440E+02
 Iteration:  00000017   DeltaT:  1.022E-05   Iter/sec:  1.326E+02
 Iteration:  00000018   DeltaT:  1.022E-05   Iter/sec:  1.035E+02
 Iteration:  00000019   DeltaT:  1.022E-05   Iter/sec:  1.467E+02
 Iteration:  00000020   DeltaT:  1.022E-05   Iter/sec:  1.434E+02
 Iteration:  00000021   DeltaT:  1.022E-05   Iter/sec:  1.382E+02
 Iteration:  00000022   DeltaT:  1.022E-05   Iter/sec:  1.308E+02
 Iteration:  00000023   DeltaT:  1.022E-05   Iter/sec:  1.217E+02
 Iteration:  00000024   DeltaT:  1.022E-05   Iter/sec:  1.266E+02
 Iteration:  00000025   DeltaT:  1.022E-05   Iter/sec:  1.371E+02
 Iteration:  00000026   DeltaT:  1.022E-05   Iter/sec:  1.273E+02
 Iteration:  00000027   DeltaT:  1.022E-05   Iter/sec:  1.149E+02
 Iteration:  00000028   DeltaT:  1.022E-05   Iter/sec:  1.407E+02
 Iteration:  00000029   DeltaT:  1.022E-05   Iter/sec:  1.274E+02
 Iteration:  00000030   DeltaT:  1.022E-05   Iter/sec:  1.357E+02
 Iteration:  00000031   DeltaT:  1.022E-05   Iter/sec:  1.381E+02
 Iteration:  00000032   DeltaT:  1.022E-05   Iter/sec:  1.188E+02
 Iteration:  00000033   DeltaT:  1.022E-05   Iter/sec:  1.257E+02
 Iteration:  00000034   DeltaT:  1.022E-05   Iter/sec:  1.362E+02
 Iteration:  00000035   DeltaT:  1.022E-05   Iter/sec:  1.124E+02
 Iteration:  00000036   DeltaT:  1.022E-05   Iter/sec:  1.282E+02
 Iteration:  00000037   DeltaT:  1.022E-05   Iter/sec:  1.302E+02
 Iteration:  00000038   DeltaT:  1.022E-05   Iter/sec:  1.044E+02
 Iteration:  00000039   DeltaT:  1.022E-05   Iter/sec:  1.191E+02
 Iteration:  00000040   DeltaT:  1.022E-05   Iter/sec:  1.201E+02
 Iteration:  00000041   DeltaT:  1.022E-05   Iter/sec:  1.224E+02
 Iteration:  00000042   DeltaT:  1.022E-05   Iter/sec:  1.345E+02
 Iteration:  00000043   DeltaT:  1.022E-05   Iter/sec:  1.321E+02
 Iteration:  00000044   DeltaT:  1.022E-05   Iter/sec:  1.208E+02
 Iteration:  00000045   DeltaT:  1.022E-05   Iter/sec:  1.349E+02
 Iteration:  00000046   DeltaT:  1.022E-05   Iter/sec:  1.344E+02
 Iteration:  00000047   DeltaT:  1.022E-05   Iter/sec:  1.266E+02
 Iteration:  00000048   DeltaT:  1.022E-05   Iter/sec:  1.276E+02
 Iteration:  00000049   DeltaT:  1.022E-05   Iter/sec:  1.224E+02
 Iteration:  00000050   DeltaT:  1.022E-05   Iter/sec:  1.364E+02


//////////////////////////////////////////////
   Measured Timings for Process 0  (seconds)

 Elapsed time:         1.8723
  Column time:         0.2673
     Row time:         0.0970
Legendre time:         0.0183
     FFT time:         0.0171
   Solve time:         0.0347
    rlma time:         0.0071
    rlmb time:         0.0032
  pspace time:         0.0103
  psolve time:         0.0348
    dphi time:         0.0011
captured time:         0.4910

     iter/sec:        26.7056
//////////////////////////////////////////////
