 //////////////////////////////////////
 Initializating Rayleigh...

 -- Initalizing MPI...
 ---- Specified parameters:
 ---- NCPU  :   2048
 ---- NPROW :     64
 ---- NPCOL :     32
 -- MPI initialized.


 -- Initalizing Grid...
 ---- Specified parameters ----
 ---- N_R                 :     64
 ---- N_THETA             :    384
 ---- Ell_MAX             :    255
 ---- R_MIN               :  5.38462E-01
 ---- R_MAX               :  1.53846E+00
 ---- Chebyshev Domains   :      1

        Domain 1
          Grid points           :  64
          Dealiased Polynomials :  42
          Domain Lower Bound    :  5.38462E-01
          Domain Upper Bound    :  1.53846E+00

 -- Grid initialized.

[SHTns 3.4.5] built Apr 26 2021, 15:32:45, id: avx2,ishioka
        Lmax=255, Mmax*Mres=255, Mres=1, Nlm=32896  [1 threads, orthonormalized]
        => using FFTW : Mmax=255, Nphi=768, Nlat=384  (data layout : phi_inc=384, theta_inc=1, phi_embed=768)
        => using Gauss nodes
        + polar optimization threshold = 1.0e-08
        finding optimal algorithm..........
        + SHT accuracy = 1.77e-12
        => SHTns is ready.
 -- Initalizing Reference State...
 ---- Specified parameters:
 ---- Reference type           :  Boussinesq (Non-dimensional)
 ---- Rayleigh Number          :  1.00000E+05
 ---- Ekman Number             :  1.00000E-03
 ---- Prandtl Number           :  1.00000E+00
 ---- Magnetic Prandtl Number  :  5.00000E+00
 -- Reference State initialized.

 -- Initializing Fields...
 ---- Specified parameters:
 ---- Hydro Init Type    : Benchmark (Christensen et al. 2001)
 ---- Magnetic Init Type : Benchmark (Christensen et al. 2001)
 -- Fields initialized.

 Initialization Complete.
 //////////////////////////////////////

 Timestep has changed from  0.00000E+00 to  1.00000E-04.
 Iteration:  00000001   DeltaT:  1.000E-04   Iter/sec:  0.000E+00
 Timestep has changed from  1.00000E-04 to  1.02211E-05.
 Iteration:  00000002   DeltaT:  1.022E-05   Iter/sec:  1.221E-01
 Iteration:  00000003   DeltaT:  1.022E-05   Iter/sec:  4.159E+01
 Iteration:  00000004   DeltaT:  1.022E-05   Iter/sec:  5.659E+01
 Iteration:  00000005   DeltaT:  1.022E-05   Iter/sec:  5.770E+01
 Iteration:  00000006   DeltaT:  1.022E-05   Iter/sec:  5.770E+01
 Iteration:  00000007   DeltaT:  1.022E-05   Iter/sec:  5.771E+01
 Iteration:  00000008   DeltaT:  1.022E-05   Iter/sec:  5.761E+01
 Iteration:  00000009   DeltaT:  1.022E-05   Iter/sec:  5.497E+01
 Iteration:  00000010   DeltaT:  1.022E-05   Iter/sec:  5.461E+01
 Iteration:  00000011   DeltaT:  1.022E-05   Iter/sec:  5.973E+01
 Iteration:  00000012   DeltaT:  1.022E-05   Iter/sec:  5.776E+01
 Iteration:  00000013   DeltaT:  1.022E-05   Iter/sec:  5.796E+01
 Iteration:  00000014   DeltaT:  1.022E-05   Iter/sec:  6.047E+01
 Iteration:  00000015   DeltaT:  1.022E-05   Iter/sec:  5.874E+01
 Iteration:  00000016   DeltaT:  1.022E-05   Iter/sec:  5.791E+01
 Iteration:  00000017   DeltaT:  1.022E-05   Iter/sec:  5.942E+01
 Iteration:  00000018   DeltaT:  1.022E-05   Iter/sec:  5.828E+01
 Iteration:  00000019   DeltaT:  1.022E-05   Iter/sec:  6.164E+01
 Iteration:  00000020   DeltaT:  1.022E-05   Iter/sec:  5.636E+01
 Iteration:  00000021   DeltaT:  1.022E-05   Iter/sec:  6.103E+01
 Iteration:  00000022   DeltaT:  1.022E-05   Iter/sec:  5.887E+01
 Iteration:  00000023   DeltaT:  1.022E-05   Iter/sec:  5.754E+01
 Iteration:  00000024   DeltaT:  1.022E-05   Iter/sec:  6.004E+01
 Iteration:  00000025   DeltaT:  1.022E-05   Iter/sec:  5.794E+01
 Iteration:  00000026   DeltaT:  1.022E-05   Iter/sec:  5.683E+01
 Iteration:  00000027   DeltaT:  1.022E-05   Iter/sec:  5.988E+01
 Iteration:  00000028   DeltaT:  1.022E-05   Iter/sec:  5.777E+01
 Iteration:  00000029   DeltaT:  1.022E-05   Iter/sec:  5.929E+01
 Iteration:  00000030   DeltaT:  1.022E-05   Iter/sec:  6.065E+01
 Iteration:  00000031   DeltaT:  1.022E-05   Iter/sec:  5.720E+01
 Iteration:  00000032   DeltaT:  1.022E-05   Iter/sec:  5.724E+01
 Iteration:  00000033   DeltaT:  1.022E-05   Iter/sec:  5.757E+01
 Iteration:  00000034   DeltaT:  1.022E-05   Iter/sec:  6.262E+01
 Iteration:  00000035   DeltaT:  1.022E-05   Iter/sec:  5.876E+01
 Iteration:  00000036   DeltaT:  1.022E-05   Iter/sec:  5.709E+01
 Iteration:  00000037   DeltaT:  1.022E-05   Iter/sec:  5.963E+01
 Iteration:  00000038   DeltaT:  1.022E-05   Iter/sec:  6.004E+01
 Iteration:  00000039   DeltaT:  1.022E-05   Iter/sec:  5.683E+01
 Iteration:  00000040   DeltaT:  1.022E-05   Iter/sec:  6.119E+01
 Iteration:  00000041   DeltaT:  1.022E-05   Iter/sec:  5.831E+01
 Iteration:  00000042   DeltaT:  1.022E-05   Iter/sec:  5.487E+01
 Iteration:  00000043   DeltaT:  1.022E-05   Iter/sec:  4.077E+01
 Iteration:  00000044   DeltaT:  1.022E-05   Iter/sec:  5.719E+01
 Iteration:  00000045   DeltaT:  1.022E-05   Iter/sec:  5.954E+01
 Iteration:  00000046   DeltaT:  1.022E-05   Iter/sec:  5.415E+01
 Iteration:  00000047   DeltaT:  1.022E-05   Iter/sec:  5.534E+01
 Iteration:  00000048   DeltaT:  1.022E-05   Iter/sec:  4.762E+01
 Iteration:  00000049   DeltaT:  1.022E-05   Iter/sec:  5.685E+01
 Iteration:  00000050   DeltaT:  1.022E-05   Iter/sec:  6.134E+01


//////////////////////////////////////////////
   Measured Timings for Process 0  (seconds)

 Elapsed time:         2.1214
  Column time:         0.3168
     Row time:         0.4020
Legendre time:         0.0545
     FFT time:         0.0400
   Solve time:         0.0603
    rlma time:         0.0144
    rlmb time:         0.0057
  pspace time:         0.0215
  psolve time:         0.0570
    dphi time:         0.0033
captured time:         0.9755

     iter/sec:        23.5689
//////////////////////////////////////////////
