 //////////////////////////////////////
 Initializating Rayleigh...

 -- Initalizing MPI...
 ---- Specified parameters:
 ---- NCPU  :    256
 ---- NPROW :     16
 ---- NPCOL :     16
 -- MPI initialized.


 -- Initalizing Grid...
 ---- Specified parameters ----
 ---- N_R                 :     64
 ---- N_THETA             :    384
 ---- Ell_MAX             :    255
 ---- R_MIN               :  5.38462E-01
 ---- R_MAX               :  1.53846E+00
 ---- Chebyshev Domains   :      1

        Domain 1
          Grid points           :  64
          Dealiased Polynomials :  42
          Domain Lower Bound    :  5.38462E-01
          Domain Upper Bound    :  1.53846E+00

 -- Grid initialized.

[SHTns 3.4.5] built Apr 26 2021, 15:32:45, id: avx2,ishioka
        Lmax=255, Mmax*Mres=255, Mres=1, Nlm=32896  [1 threads, orthonormalized]
        => using FFTW : Mmax=255, Nphi=768, Nlat=384  (data layout : phi_inc=384, theta_inc=1, phi_embed=768)
        => using Gauss nodes
        + polar optimization threshold = 1.0e-08
        finding optimal algorithm..........
        + SHT accuracy = 3.43e-12
        => SHTns is ready.
 -- Initalizing Reference State...
 ---- Specified parameters:
 ---- Reference type           :  Boussinesq (Non-dimensional)
 ---- Rayleigh Number          :  1.00000E+05
 ---- Ekman Number             :  1.00000E-03
 ---- Prandtl Number           :  1.00000E+00
 ---- Magnetic Prandtl Number  :  5.00000E+00
 -- Reference State initialized.

 -- Initializing Fields...
 ---- Specified parameters:
 ---- Hydro Init Type    : Benchmark (Christensen et al. 2001)
 ---- Magnetic Init Type : Benchmark (Christensen et al. 2001)
 -- Fields initialized.

 Initialization Complete.
 //////////////////////////////////////

 Timestep has changed from  0.00000E+00 to  1.00000E-04.
 Iteration:  00000001   DeltaT:  1.000E-04   Iter/sec:  0.000E+00
 Timestep has changed from  1.00000E-04 to  1.02211E-05.
 Iteration:  00000002   DeltaT:  1.022E-05   Iter/sec:  1.204E-01
 Iteration:  00000003   DeltaT:  1.022E-05   Iter/sec:  7.082E+00
 Iteration:  00000004   DeltaT:  1.022E-05   Iter/sec:  7.915E+00
 Iteration:  00000005   DeltaT:  1.022E-05   Iter/sec:  7.361E+00
 Iteration:  00000006   DeltaT:  1.022E-05   Iter/sec:  8.002E+00
 Iteration:  00000007   DeltaT:  1.022E-05   Iter/sec:  7.613E+00
 Iteration:  00000008   DeltaT:  1.022E-05   Iter/sec:  7.860E+00
 Iteration:  00000009   DeltaT:  1.022E-05   Iter/sec:  8.024E+00
 Iteration:  00000010   DeltaT:  1.022E-05   Iter/sec:  7.635E+00
 Iteration:  00000011   DeltaT:  1.022E-05   Iter/sec:  7.778E+00
 Iteration:  00000012   DeltaT:  1.022E-05   Iter/sec:  8.019E+00
 Iteration:  00000013   DeltaT:  1.022E-05   Iter/sec:  7.898E+00
 Iteration:  00000014   DeltaT:  1.022E-05   Iter/sec:  8.021E+00
 Iteration:  00000015   DeltaT:  1.022E-05   Iter/sec:  7.738E+00
 Iteration:  00000016   DeltaT:  1.022E-05   Iter/sec:  8.100E+00
 Iteration:  00000017   DeltaT:  1.022E-05   Iter/sec:  7.720E+00
 Iteration:  00000018   DeltaT:  1.022E-05   Iter/sec:  8.110E+00
 Iteration:  00000019   DeltaT:  1.022E-05   Iter/sec:  7.877E+00
 Iteration:  00000020   DeltaT:  1.022E-05   Iter/sec:  8.397E+00
 Iteration:  00000021   DeltaT:  1.022E-05   Iter/sec:  8.105E+00
 Iteration:  00000022   DeltaT:  1.022E-05   Iter/sec:  7.638E+00
 Iteration:  00000023   DeltaT:  1.022E-05   Iter/sec:  8.230E+00
 Iteration:  00000024   DeltaT:  1.022E-05   Iter/sec:  8.193E+00
 Iteration:  00000025   DeltaT:  1.022E-05   Iter/sec:  8.137E+00
 Iteration:  00000026   DeltaT:  1.022E-05   Iter/sec:  8.228E+00
 Iteration:  00000027   DeltaT:  1.022E-05   Iter/sec:  8.263E+00
 Iteration:  00000028   DeltaT:  1.022E-05   Iter/sec:  7.966E+00
 Iteration:  00000029   DeltaT:  1.022E-05   Iter/sec:  7.802E+00
 Iteration:  00000030   DeltaT:  1.022E-05   Iter/sec:  8.142E+00
 Iteration:  00000031   DeltaT:  1.022E-05   Iter/sec:  8.061E+00
 Iteration:  00000032   DeltaT:  1.022E-05   Iter/sec:  8.165E+00
 Iteration:  00000033   DeltaT:  1.022E-05   Iter/sec:  8.244E+00
 Iteration:  00000034   DeltaT:  1.022E-05   Iter/sec:  8.190E+00
 Iteration:  00000035   DeltaT:  1.022E-05   Iter/sec:  8.097E+00
 Iteration:  00000036   DeltaT:  1.022E-05   Iter/sec:  7.996E+00
 Iteration:  00000037   DeltaT:  1.022E-05   Iter/sec:  8.232E+00
 Iteration:  00000038   DeltaT:  1.022E-05   Iter/sec:  8.147E+00
 Iteration:  00000039   DeltaT:  1.022E-05   Iter/sec:  8.052E+00
 Iteration:  00000040   DeltaT:  1.022E-05   Iter/sec:  8.087E+00
 Iteration:  00000041   DeltaT:  1.022E-05   Iter/sec:  8.045E+00
 Iteration:  00000042   DeltaT:  1.022E-05   Iter/sec:  8.287E+00
 Iteration:  00000043   DeltaT:  1.022E-05   Iter/sec:  8.172E+00
 Iteration:  00000044   DeltaT:  1.022E-05   Iter/sec:  8.055E+00
 Iteration:  00000045   DeltaT:  1.022E-05   Iter/sec:  8.268E+00
 Iteration:  00000046   DeltaT:  1.022E-05   Iter/sec:  8.016E+00
 Iteration:  00000047   DeltaT:  1.022E-05   Iter/sec:  8.134E+00
 Iteration:  00000048   DeltaT:  1.022E-05   Iter/sec:  8.248E+00
 Iteration:  00000049   DeltaT:  1.022E-05   Iter/sec:  8.199E+00
 Iteration:  00000050   DeltaT:  1.022E-05   Iter/sec:  8.298E+00


//////////////////////////////////////////////
   Measured Timings for Process 0  (seconds)

 Elapsed time:         7.7147
  Column time:         1.2254
     Row time:         1.9848
Legendre time:         0.5365
     FFT time:         0.4837
   Solve time:         0.1535
    rlma time:         0.0896
    rlmb time:         0.0371
  pspace time:         0.9733
  psolve time:         0.6315
    dphi time:         0.0703
captured time:         6.1855

     iter/sec:         6.4812
//////////////////////////////////////////////
