 //////////////////////////////////////
 Initializating Rayleigh...

 -- Initalizing MPI...
 ---- Specified parameters:
 ---- NCPU  :    128
 ---- NPROW :     16
 ---- NPCOL :      8
 -- MPI initialized.


 -- Initalizing Grid...
 ---- Specified parameters ----
 ---- N_R                 :    128
 ---- N_THETA             :    768
 ---- Ell_MAX             :    511
 ---- R_MIN               :  5.38462E-01
 ---- R_MAX               :  1.53846E+00
 ---- Chebyshev Domains   :      1

        Domain 1
          Grid points           :  128
          Dealiased Polynomials :  85
          Domain Lower Bound    :  5.38462E-01
          Domain Upper Bound    :  1.53846E+00

 -- Grid initialized.

[SHTns 3.4.5] built Apr 26 2021, 15:32:45, id: avx2,ishioka
        Lmax=511, Mmax*Mres=511, Mres=1, Nlm=131328  [1 threads, orthonormalized]
        => using FFTW : Mmax=511, Nphi=1536, Nlat=768  (data layout : phi_inc=768, theta_inc=1, phi_embed=1536)
        => using Gauss nodes
        + polar optimization threshold = 1.0e-08
        finding optimal algorithm........
        + SHT accuracy = 4.07e-13
        => SHTns is ready.
 -- Initalizing Reference State...
 ---- Specified parameters:
 ---- Reference type           :  Boussinesq (Non-dimensional)
 ---- Rayleigh Number          :  1.00000E+05
 ---- Ekman Number             :  1.00000E-03
 ---- Prandtl Number           :  1.00000E+00
 ---- Magnetic Prandtl Number  :  5.00000E+00
 -- Reference State initialized.

 -- Initializing Fields...
 ---- Specified parameters:
 ---- Hydro Init Type    : Benchmark (Christensen et al. 2001)
 ---- Magnetic Init Type : Benchmark (Christensen et al. 2001)
 -- Fields initialized.

 Initialization Complete.
 //////////////////////////////////////

 Timestep has changed from  0.00000E+00 to  1.00000E-04.
 Iteration:  00000001   DeltaT:  1.000E-04   Iter/sec:  0.000E+00
 Timestep has changed from  1.00000E-04 to  2.55562E-06.
 Iteration:  00000002   DeltaT:  2.556E-06   Iter/sec:  1.006E-01
 Iteration:  00000003   DeltaT:  2.556E-06   Iter/sec:  3.620E-01
 Iteration:  00000004   DeltaT:  2.556E-06   Iter/sec:  4.093E-01
 Iteration:  00000005   DeltaT:  2.556E-06   Iter/sec:  4.029E-01
 Iteration:  00000006   DeltaT:  2.556E-06   Iter/sec:  4.172E-01
 Iteration:  00000007   DeltaT:  2.556E-06   Iter/sec:  3.973E-01
 Iteration:  00000008   DeltaT:  2.556E-06   Iter/sec:  4.088E-01
 Iteration:  00000009   DeltaT:  2.556E-06   Iter/sec:  4.039E-01
 Iteration:  00000010   DeltaT:  2.556E-06   Iter/sec:  4.092E-01
 Iteration:  00000011   DeltaT:  2.556E-06   Iter/sec:  4.109E-01
 Iteration:  00000012   DeltaT:  2.556E-06   Iter/sec:  4.119E-01
 Iteration:  00000013   DeltaT:  2.556E-06   Iter/sec:  4.062E-01
 Iteration:  00000014   DeltaT:  2.556E-06   Iter/sec:  4.133E-01
 Iteration:  00000015   DeltaT:  2.556E-06   Iter/sec:  3.987E-01
 Iteration:  00000016   DeltaT:  2.556E-06   Iter/sec:  4.156E-01
 Iteration:  00000017   DeltaT:  2.556E-06   Iter/sec:  4.086E-01
 Iteration:  00000018   DeltaT:  2.556E-06   Iter/sec:  4.045E-01
 Iteration:  00000019   DeltaT:  2.556E-06   Iter/sec:  4.093E-01
 Iteration:  00000020   DeltaT:  2.556E-06   Iter/sec:  4.206E-01
 Iteration:  00000021   DeltaT:  2.556E-06   Iter/sec:  4.040E-01
 Iteration:  00000022   DeltaT:  2.556E-06   Iter/sec:  4.128E-01
 Iteration:  00000023   DeltaT:  2.556E-06   Iter/sec:  4.048E-01
 Iteration:  00000024   DeltaT:  2.556E-06   Iter/sec:  4.109E-01
 Iteration:  00000025   DeltaT:  2.556E-06   Iter/sec:  4.025E-01
 Iteration:  00000026   DeltaT:  2.556E-06   Iter/sec:  4.160E-01
 Iteration:  00000027   DeltaT:  2.556E-06   Iter/sec:  3.975E-01
 Iteration:  00000028   DeltaT:  2.556E-06   Iter/sec:  4.161E-01
 Iteration:  00000029   DeltaT:  2.556E-06   Iter/sec:  4.034E-01
 Iteration:  00000030   DeltaT:  2.556E-06   Iter/sec:  4.076E-01
 Iteration:  00000031   DeltaT:  2.556E-06   Iter/sec:  4.094E-01
 Iteration:  00000032   DeltaT:  2.556E-06   Iter/sec:  4.137E-01
 Iteration:  00000033   DeltaT:  2.556E-06   Iter/sec:  4.006E-01
 Iteration:  00000034   DeltaT:  2.556E-06   Iter/sec:  4.125E-01
 Iteration:  00000035   DeltaT:  2.556E-06   Iter/sec:  4.073E-01
 Iteration:  00000036   DeltaT:  2.556E-06   Iter/sec:  4.055E-01
 Iteration:  00000037   DeltaT:  2.556E-06   Iter/sec:  4.068E-01
 Iteration:  00000038   DeltaT:  2.556E-06   Iter/sec:  4.134E-01
 Iteration:  00000039   DeltaT:  2.556E-06   Iter/sec:  4.064E-01
 Iteration:  00000040   DeltaT:  2.556E-06   Iter/sec:  4.174E-01
 Iteration:  00000041   DeltaT:  2.556E-06   Iter/sec:  4.054E-01
 Iteration:  00000042   DeltaT:  2.556E-06   Iter/sec:  4.209E-01
 Iteration:  00000043   DeltaT:  2.556E-06   Iter/sec:  4.062E-01
 Iteration:  00000044   DeltaT:  2.556E-06   Iter/sec:  4.112E-01
 Iteration:  00000045   DeltaT:  2.556E-06   Iter/sec:  4.139E-01
 Iteration:  00000046   DeltaT:  2.556E-06   Iter/sec:  4.087E-01
 Iteration:  00000047   DeltaT:  2.556E-06   Iter/sec:  4.103E-01
 Iteration:  00000048   DeltaT:  2.556E-06   Iter/sec:  4.083E-01
 Iteration:  00000049   DeltaT:  2.556E-06   Iter/sec:  4.165E-01
 Iteration:  00000050   DeltaT:  2.556E-06   Iter/sec:  4.168E-01


//////////////////////////////////////////////
   Measured Timings for Process 0  (seconds)

 Elapsed time:       136.3861
  Column time:        17.0603
     Row time:        43.5970
Legendre time:        14.4607
     FFT time:         7.8000
   Solve time:         2.6520
    rlma time:         3.1009
    rlmb time:         1.5688
  pspace time:        16.1217
  psolve time:        13.6595
    dphi time:         0.8042
captured time:       120.8250

     iter/sec:         0.3666
//////////////////////////////////////////////
