 //////////////////////////////////////
 Initializating Rayleigh...

 -- Initalizing MPI...
 ---- Specified parameters:
 ---- NCPU  :   2048
 ---- NPROW :     64
 ---- NPCOL :     32
 -- MPI initialized.


 -- Initalizing Grid...
 ---- Specified parameters ----
 ---- N_R                 :     64
 ---- N_THETA             :    768
 ---- Ell_MAX             :    511
 ---- R_MIN               :  5.38462E-01
 ---- R_MAX               :  1.53846E+00
 ---- Chebyshev Domains   :      1

        Domain 1
          Grid points           :  64
          Dealiased Polynomials :  42
          Domain Lower Bound    :  5.38462E-01
          Domain Upper Bound    :  1.53846E+00

 -- Grid initialized.

[SHTns 3.4.5] built Apr 26 2021, 15:32:45, id: avx2,ishioka
        Lmax=511, Mmax*Mres=511, Mres=1, Nlm=131328  [1 threads, orthonormalized]
        => using FFTW : Mmax=511, Nphi=1536, Nlat=768  (data layout : phi_inc=768, theta_inc=1, phi_embed=1536)
        => using Gauss nodes
        + polar optimization threshold = 1.0e-08
        finding optimal algorithm........
        + SHT accuracy = 3.85e-13
        => SHTns is ready.
 -- Initalizing Reference State...
 ---- Specified parameters:
 ---- Reference type           :  Boussinesq (Non-dimensional)
 ---- Rayleigh Number          :  1.00000E+05
 ---- Ekman Number             :  1.00000E-03
 ---- Prandtl Number           :  1.00000E+00
 ---- Magnetic Prandtl Number  :  5.00000E+00
 -- Reference State initialized.

 -- Initializing Fields...
 ---- Specified parameters:
 ---- Hydro Init Type    : Benchmark (Christensen et al. 2001)
 ---- Magnetic Init Type : Benchmark (Christensen et al. 2001)
 -- Fields initialized.

 Initialization Complete.
 //////////////////////////////////////

 Timestep has changed from  0.00000E+00 to  1.00000E-04.
 Iteration:  00000001   DeltaT:  1.000E-04   Iter/sec:  0.000E+00
 Timestep has changed from  1.00000E-04 to  8.93257E-06.
 Iteration:  00000002   DeltaT:  8.933E-06   Iter/sec:  1.440E-01
 Iteration:  00000003   DeltaT:  8.933E-06   Iter/sec:  8.825E+00
 Iteration:  00000004   DeltaT:  8.933E-06   Iter/sec:  9.941E+00
 Iteration:  00000005   DeltaT:  8.933E-06   Iter/sec:  1.020E+01
 Iteration:  00000006   DeltaT:  8.933E-06   Iter/sec:  1.047E+01
 Iteration:  00000007   DeltaT:  8.933E-06   Iter/sec:  1.032E+01
 Iteration:  00000008   DeltaT:  8.933E-06   Iter/sec:  1.005E+01
 Iteration:  00000009   DeltaT:  8.933E-06   Iter/sec:  9.376E+00
 Iteration:  00000010   DeltaT:  8.933E-06   Iter/sec:  1.122E+01
 Iteration:  00000011   DeltaT:  8.933E-06   Iter/sec:  1.023E+01
 Iteration:  00000012   DeltaT:  8.933E-06   Iter/sec:  1.016E+01
 Iteration:  00000013   DeltaT:  8.933E-06   Iter/sec:  1.051E+01
 Iteration:  00000014   DeltaT:  8.933E-06   Iter/sec:  9.590E+00
 Iteration:  00000015   DeltaT:  8.933E-06   Iter/sec:  1.005E+01
 Iteration:  00000016   DeltaT:  8.933E-06   Iter/sec:  1.104E+01
 Iteration:  00000017   DeltaT:  8.933E-06   Iter/sec:  1.047E+01
 Iteration:  00000018   DeltaT:  8.933E-06   Iter/sec:  1.054E+01
 Iteration:  00000019   DeltaT:  8.933E-06   Iter/sec:  1.065E+01
 Iteration:  00000020   DeltaT:  8.933E-06   Iter/sec:  9.896E+00
 Iteration:  00000021   DeltaT:  8.933E-06   Iter/sec:  1.030E+01
 Iteration:  00000022   DeltaT:  8.933E-06   Iter/sec:  9.479E+00
 Iteration:  00000023   DeltaT:  8.933E-06   Iter/sec:  1.085E+01
 Iteration:  00000024   DeltaT:  8.933E-06   Iter/sec:  1.052E+01
 Iteration:  00000025   DeltaT:  8.933E-06   Iter/sec:  1.076E+01
 Iteration:  00000026   DeltaT:  8.933E-06   Iter/sec:  1.069E+01
 Iteration:  00000027   DeltaT:  8.933E-06   Iter/sec:  9.774E+00
 Iteration:  00000028   DeltaT:  8.933E-06   Iter/sec:  9.944E+00
 Iteration:  00000029   DeltaT:  8.933E-06   Iter/sec:  1.016E+01
 Iteration:  00000030   DeltaT:  8.933E-06   Iter/sec:  1.082E+01
 Iteration:  00000031   DeltaT:  8.933E-06   Iter/sec:  1.036E+01
 Iteration:  00000032   DeltaT:  8.933E-06   Iter/sec:  1.053E+01
 Iteration:  00000033   DeltaT:  8.933E-06   Iter/sec:  1.061E+01
 Iteration:  00000034   DeltaT:  8.933E-06   Iter/sec:  1.017E+01
 Iteration:  00000035   DeltaT:  8.933E-06   Iter/sec:  9.578E+00
 Iteration:  00000036   DeltaT:  8.933E-06   Iter/sec:  1.009E+01
 Iteration:  00000037   DeltaT:  8.933E-06   Iter/sec:  1.032E+01
 Iteration:  00000038   DeltaT:  8.933E-06   Iter/sec:  1.062E+01
 Iteration:  00000039   DeltaT:  8.933E-06   Iter/sec:  1.043E+01
 Iteration:  00000040   DeltaT:  8.933E-06   Iter/sec:  1.064E+01
 Iteration:  00000041   DeltaT:  8.933E-06   Iter/sec:  1.064E+01
 Iteration:  00000042   DeltaT:  8.933E-06   Iter/sec:  1.019E+01
 Iteration:  00000043   DeltaT:  8.933E-06   Iter/sec:  1.040E+01
 Iteration:  00000044   DeltaT:  8.933E-06   Iter/sec:  1.073E+01
 Iteration:  00000045   DeltaT:  8.933E-06   Iter/sec:  1.072E+01
 Iteration:  00000046   DeltaT:  8.933E-06   Iter/sec:  1.019E+01
 Iteration:  00000047   DeltaT:  8.933E-06   Iter/sec:  1.051E+01
 Iteration:  00000048   DeltaT:  8.933E-06   Iter/sec:  1.018E+01
 Iteration:  00000049   DeltaT:  8.933E-06   Iter/sec:  9.731E+00
 Iteration:  00000050   DeltaT:  8.933E-06   Iter/sec:  1.054E+01


//////////////////////////////////////////////
   Measured Timings for Process 0  (seconds)

 Elapsed time:         6.6838
  Column time:         1.8521
     Row time:         1.7407
Legendre time:         0.3673
     FFT time:         0.2678
   Solve time:         0.1158
    rlma time:         0.0469
    rlmb time:         0.0202
  pspace time:         0.2772
  psolve time:         0.2077
    dphi time:         0.0234
captured time:         4.9191

     iter/sec:         7.4808
//////////////////////////////////////////////
