 //////////////////////////////////////
 Initializating Rayleigh...

 -- Initalizing MPI...
 ---- Specified parameters:
 ---- NCPU  :    512
 ---- NPROW :     32
 ---- NPCOL :     16
 -- MPI initialized.


 -- Initalizing Grid...
 ---- Specified parameters ----
 ---- N_R                 :    128
 ---- N_THETA             :    192
 ---- Ell_MAX             :    127
 ---- R_MIN               :  5.38462E-01
 ---- R_MAX               :  1.53846E+00
 ---- Chebyshev Domains   :      1

        Domain 1
          Grid points           :  128
          Dealiased Polynomials :  85
          Domain Lower Bound    :  5.38462E-01
          Domain Upper Bound    :  1.53846E+00

 -- Grid initialized.

[SHTns 3.4.5] built Apr 26 2021, 15:32:45, id: avx2,ishioka
        Lmax=127, Mmax*Mres=127, Mres=1, Nlm=8256  [1 threads, orthonormalized]
        => using FFTW : Mmax=127, Nphi=384, Nlat=192  (data layout : phi_inc=192, theta_inc=1, phi_embed=384)
        => using Gauss nodes
        + polar optimization threshold = 1.0e-08
        finding optimal algorithm........
        + SHT accuracy = 4.95e-14
        => SHTns is ready.
 -- Initalizing Reference State...
 ---- Specified parameters:
 ---- Reference type           :  Boussinesq (Non-dimensional)
 ---- Rayleigh Number          :  1.00000E+05
 ---- Ekman Number             :  1.00000E-03
 ---- Prandtl Number           :  1.00000E+00
 ---- Magnetic Prandtl Number  :  5.00000E+00
 -- Reference State initialized.

 -- Initializing Fields...
 ---- Specified parameters:
 ---- Hydro Init Type    : Benchmark (Christensen et al. 2001)
 ---- Magnetic Init Type : Benchmark (Christensen et al. 2001)
 -- Fields initialized.

 Initialization Complete.
 //////////////////////////////////////

 Timestep has changed from  0.00000E+00 to  1.00000E-04.
 Iteration:  00000001   DeltaT:  1.000E-04   Iter/sec:  0.000E+00
 Timestep has changed from  1.00000E-04 to  2.55581E-06.
 Iteration:  00000002   DeltaT:  2.556E-06   Iter/sec:  2.491E-01
 Iteration:  00000003   DeltaT:  2.556E-06   Iter/sec:  1.214E+01
 Iteration:  00000004   DeltaT:  2.556E-06   Iter/sec:  3.342E+01
 Iteration:  00000005   DeltaT:  2.556E-06   Iter/sec:  2.949E+01
 Iteration:  00000006   DeltaT:  2.556E-06   Iter/sec:  3.052E+01
 Iteration:  00000007   DeltaT:  2.556E-06   Iter/sec:  2.761E+01
 Iteration:  00000008   DeltaT:  2.556E-06   Iter/sec:  2.927E+01
 Iteration:  00000009   DeltaT:  2.556E-06   Iter/sec:  3.087E+01
 Iteration:  00000010   DeltaT:  2.556E-06   Iter/sec:  3.100E+01
 Iteration:  00000011   DeltaT:  2.556E-06   Iter/sec:  3.169E+01
 Iteration:  00000012   DeltaT:  2.556E-06   Iter/sec:  3.142E+01
 Iteration:  00000013   DeltaT:  2.556E-06   Iter/sec:  2.965E+01
 Iteration:  00000014   DeltaT:  2.556E-06   Iter/sec:  2.819E+01
 Iteration:  00000015   DeltaT:  2.556E-06   Iter/sec:  2.921E+01
 Iteration:  00000016   DeltaT:  2.556E-06   Iter/sec:  2.428E+01
 Iteration:  00000017   DeltaT:  2.556E-06   Iter/sec:  2.735E+01
 Iteration:  00000018   DeltaT:  2.556E-06   Iter/sec:  3.296E+01
 Iteration:  00000019   DeltaT:  2.556E-06   Iter/sec:  2.914E+01
 Iteration:  00000020   DeltaT:  2.556E-06   Iter/sec:  3.009E+01
 Iteration:  00000021   DeltaT:  2.556E-06   Iter/sec:  3.077E+01
 Iteration:  00000022   DeltaT:  2.556E-06   Iter/sec:  2.912E+01
 Iteration:  00000023   DeltaT:  2.556E-06   Iter/sec:  3.101E+01
 Iteration:  00000024   DeltaT:  2.556E-06   Iter/sec:  3.102E+01
 Iteration:  00000025   DeltaT:  2.556E-06   Iter/sec:  2.597E+01
 Iteration:  00000026   DeltaT:  2.556E-06   Iter/sec:  3.075E+01
 Iteration:  00000027   DeltaT:  2.556E-06   Iter/sec:  3.054E+01
 Iteration:  00000028   DeltaT:  2.556E-06   Iter/sec:  3.244E+01
 Iteration:  00000029   DeltaT:  2.556E-06   Iter/sec:  3.148E+01
 Iteration:  00000030   DeltaT:  2.556E-06   Iter/sec:  3.067E+01
 Iteration:  00000031   DeltaT:  2.556E-06   Iter/sec:  3.199E+01
 Iteration:  00000032   DeltaT:  2.556E-06   Iter/sec:  3.079E+01
 Iteration:  00000033   DeltaT:  2.556E-06   Iter/sec:  3.159E+01
 Iteration:  00000034   DeltaT:  2.556E-06   Iter/sec:  2.684E+01
 Iteration:  00000035   DeltaT:  2.556E-06   Iter/sec:  3.288E+01
 Iteration:  00000036   DeltaT:  2.556E-06   Iter/sec:  3.209E+01
 Iteration:  00000037   DeltaT:  2.556E-06   Iter/sec:  3.025E+01
 Iteration:  00000038   DeltaT:  2.556E-06   Iter/sec:  3.192E+01
 Iteration:  00000039   DeltaT:  2.556E-06   Iter/sec:  3.174E+01
 Iteration:  00000040   DeltaT:  2.556E-06   Iter/sec:  2.804E+01
 Iteration:  00000041   DeltaT:  2.556E-06   Iter/sec:  2.901E+01
 Iteration:  00000042   DeltaT:  2.556E-06   Iter/sec:  2.968E+01
 Iteration:  00000043   DeltaT:  2.556E-06   Iter/sec:  2.933E+01
 Iteration:  00000044   DeltaT:  2.556E-06   Iter/sec:  3.355E+01
 Iteration:  00000045   DeltaT:  2.556E-06   Iter/sec:  3.084E+01
 Iteration:  00000046   DeltaT:  2.556E-06   Iter/sec:  3.227E+01
 Iteration:  00000047   DeltaT:  2.556E-06   Iter/sec:  3.109E+01
 Iteration:  00000048   DeltaT:  2.556E-06   Iter/sec:  3.251E+01
 Iteration:  00000049   DeltaT:  2.556E-06   Iter/sec:  2.729E+01
 Iteration:  00000050   DeltaT:  2.556E-06   Iter/sec:  3.209E+01


//////////////////////////////////////////////
   Measured Timings for Process 0  (seconds)

 Elapsed time:         4.4849
  Column time:         0.5779
     Row time:         0.4814
Legendre time:         0.0727
     FFT time:         0.1028
   Solve time:         0.1985
    rlma time:         0.0202
    rlmb time:         0.0083
  pspace time:         0.0837
  psolve time:         0.1774
    dphi time:         0.0098
captured time:         1.7329

     iter/sec:        11.1484
//////////////////////////////////////////////
