 //////////////////////////////////////
 Initializating Rayleigh...

 -- Initalizing MPI...
 ---- Specified parameters:
 ---- NCPU  :    256
 ---- NPROW :     16
 ---- NPCOL :     16
 -- MPI initialized.


 -- Initalizing Grid...
 ---- Specified parameters ----
 ---- N_R                 :    128
 ---- N_THETA             :    768
 ---- Ell_MAX             :    511
 ---- R_MIN               :  5.38462E-01
 ---- R_MAX               :  1.53846E+00
 ---- Chebyshev Domains   :      1

        Domain 1
          Grid points           :  128
          Dealiased Polynomials :  85
          Domain Lower Bound    :  5.38462E-01
          Domain Upper Bound    :  1.53846E+00

 -- Grid initialized.

[SHTns 3.4.5] built Apr 26 2021, 15:32:45, id: avx2,ishioka
        Lmax=511, Mmax*Mres=511, Mres=1, Nlm=131328  [1 threads, orthonormalized]
        => using FFTW : Mmax=511, Nphi=1536, Nlat=768  (data layout : phi_inc=768, theta_inc=1, phi_embed=1536)
        => using Gauss nodes
        + polar optimization threshold = 1.0e-08
        finding optimal algorithm........
        + SHT accuracy = 7.36e-13
        => SHTns is ready.
 -- Initalizing Reference State...
 ---- Specified parameters:
 ---- Reference type           :  Boussinesq (Non-dimensional)
 ---- Rayleigh Number          :  1.00000E+05
 ---- Ekman Number             :  1.00000E-03
 ---- Prandtl Number           :  1.00000E+00
 ---- Magnetic Prandtl Number  :  5.00000E+00
 -- Reference State initialized.

 -- Initializing Fields...
 ---- Specified parameters:
 ---- Hydro Init Type    : Benchmark (Christensen et al. 2001)
 ---- Magnetic Init Type : Benchmark (Christensen et al. 2001)
 -- Fields initialized.

 Initialization Complete.
 //////////////////////////////////////

 Timestep has changed from  0.00000E+00 to  1.00000E-04.
 Iteration:  00000001   DeltaT:  1.000E-04   Iter/sec:  0.000E+00
 Timestep has changed from  1.00000E-04 to  2.55562E-06.
 Iteration:  00000002   DeltaT:  2.556E-06   Iter/sec:  1.134E-01
 Iteration:  00000003   DeltaT:  2.556E-06   Iter/sec:  7.550E-01
 Iteration:  00000004   DeltaT:  2.556E-06   Iter/sec:  8.524E-01
 Iteration:  00000005   DeltaT:  2.556E-06   Iter/sec:  8.478E-01
 Iteration:  00000006   DeltaT:  2.556E-06   Iter/sec:  8.571E-01
 Iteration:  00000007   DeltaT:  2.556E-06   Iter/sec:  8.460E-01
 Iteration:  00000008   DeltaT:  2.556E-06   Iter/sec:  8.518E-01
 Iteration:  00000009   DeltaT:  2.556E-06   Iter/sec:  8.497E-01
 Iteration:  00000010   DeltaT:  2.556E-06   Iter/sec:  8.577E-01
 Iteration:  00000011   DeltaT:  2.556E-06   Iter/sec:  8.550E-01
 Iteration:  00000012   DeltaT:  2.556E-06   Iter/sec:  8.528E-01
 Iteration:  00000013   DeltaT:  2.556E-06   Iter/sec:  8.430E-01
 Iteration:  00000014   DeltaT:  2.556E-06   Iter/sec:  8.548E-01
 Iteration:  00000015   DeltaT:  2.556E-06   Iter/sec:  8.486E-01
 Iteration:  00000016   DeltaT:  2.556E-06   Iter/sec:  8.483E-01
 Iteration:  00000017   DeltaT:  2.556E-06   Iter/sec:  8.433E-01
 Iteration:  00000018   DeltaT:  2.556E-06   Iter/sec:  8.428E-01
 Iteration:  00000019   DeltaT:  2.556E-06   Iter/sec:  8.483E-01
 Iteration:  00000020   DeltaT:  2.556E-06   Iter/sec:  8.555E-01
 Iteration:  00000021   DeltaT:  2.556E-06   Iter/sec:  8.508E-01
 Iteration:  00000022   DeltaT:  2.556E-06   Iter/sec:  8.571E-01
 Iteration:  00000023   DeltaT:  2.556E-06   Iter/sec:  8.490E-01
 Iteration:  00000024   DeltaT:  2.556E-06   Iter/sec:  8.527E-01
 Iteration:  00000025   DeltaT:  2.556E-06   Iter/sec:  8.526E-01
 Iteration:  00000026   DeltaT:  2.556E-06   Iter/sec:  8.534E-01
 Iteration:  00000027   DeltaT:  2.556E-06   Iter/sec:  8.495E-01
 Iteration:  00000028   DeltaT:  2.556E-06   Iter/sec:  8.576E-01
 Iteration:  00000029   DeltaT:  2.556E-06   Iter/sec:  8.506E-01
 Iteration:  00000030   DeltaT:  2.556E-06   Iter/sec:  8.506E-01
 Iteration:  00000031   DeltaT:  2.556E-06   Iter/sec:  8.533E-01
 Iteration:  00000032   DeltaT:  2.556E-06   Iter/sec:  8.588E-01
 Iteration:  00000033   DeltaT:  2.556E-06   Iter/sec:  8.537E-01
 Iteration:  00000034   DeltaT:  2.556E-06   Iter/sec:  8.537E-01
 Iteration:  00000035   DeltaT:  2.556E-06   Iter/sec:  8.579E-01
 Iteration:  00000036   DeltaT:  2.556E-06   Iter/sec:  8.528E-01
 Iteration:  00000037   DeltaT:  2.556E-06   Iter/sec:  8.440E-01
 Iteration:  00000038   DeltaT:  2.556E-06   Iter/sec:  8.514E-01
 Iteration:  00000039   DeltaT:  2.556E-06   Iter/sec:  8.546E-01
 Iteration:  00000040   DeltaT:  2.556E-06   Iter/sec:  8.485E-01
 Iteration:  00000041   DeltaT:  2.556E-06   Iter/sec:  8.491E-01
 Iteration:  00000042   DeltaT:  2.556E-06   Iter/sec:  8.506E-01
 Iteration:  00000043   DeltaT:  2.556E-06   Iter/sec:  8.488E-01
 Iteration:  00000044   DeltaT:  2.556E-06   Iter/sec:  8.447E-01
 Iteration:  00000045   DeltaT:  2.556E-06   Iter/sec:  8.534E-01
 Iteration:  00000046   DeltaT:  2.556E-06   Iter/sec:  8.463E-01
 Iteration:  00000047   DeltaT:  2.556E-06   Iter/sec:  8.574E-01
 Iteration:  00000048   DeltaT:  2.556E-06   Iter/sec:  8.480E-01
 Iteration:  00000049   DeltaT:  2.556E-06   Iter/sec:  8.633E-01
 Iteration:  00000050   DeltaT:  2.556E-06   Iter/sec:  8.559E-01


//////////////////////////////////////////////
   Measured Timings for Process 0  (seconds)

 Elapsed time:        65.7968
  Column time:         9.8719
     Row time:        17.9911
Legendre time:         7.1966
     FFT time:         3.8312
   Solve time:         1.3685
    rlma time:         1.0188
    rlmb time:         0.4849
  pspace time:         8.9334
  psolve time:         7.0259
    dphi time:         0.4118
captured time:        58.1342

     iter/sec:         0.7599
//////////////////////////////////////////////
