 //////////////////////////////////////
 Initializating Rayleigh...

 -- Initalizing MPI...
 ---- Specified parameters:
 ---- NCPU  :    256
 ---- NPROW :     16
 ---- NPCOL :     16
 -- MPI initialized.


 -- Initalizing Grid...
 ---- Specified parameters ----
 ---- N_R                 :     64
 ---- N_THETA             :   1536
 ---- Ell_MAX             :   1023
 ---- R_MIN               :  5.38462E-01
 ---- R_MAX               :  1.53846E+00
 ---- Chebyshev Domains   :      1

        Domain 1
          Grid points           :  64
          Dealiased Polynomials :  42
          Domain Lower Bound    :  5.38462E-01
          Domain Upper Bound    :  1.53846E+00

 -- Grid initialized.

[SHTns 3.4.5] built Apr 26 2021, 15:32:45, id: avx2,ishioka
        Lmax=1023, Mmax*Mres=1023, Mres=1, Nlm=524800  [1 threads, orthonormalized]
        => using FFTW : Mmax=1023, Nphi=3072, Nlat=1536  (data layout : phi_inc=1536, theta_inc=1, phi_embed=3072)
        => using Gauss nodes
        + polar optimization threshold = 1.0e-08
        finding optimal algorithm...
        + SHT accuracy = 9.8e-13
        => SHTns is ready.
 -- Initalizing Reference State...
 ---- Specified parameters:
 ---- Reference type           :  Boussinesq (Non-dimensional)
 ---- Rayleigh Number          :  1.00000E+05
 ---- Ekman Number             :  1.00000E-03
 ---- Prandtl Number           :  1.00000E+00
 ---- Magnetic Prandtl Number  :  5.00000E+00
 -- Reference State initialized.

 -- Initializing Fields...
 ---- Specified parameters:
 ---- Hydro Init Type    : Benchmark (Christensen et al. 2001)
 ---- Magnetic Init Type : Benchmark (Christensen et al. 2001)
 -- Fields initialized.

 Initialization Complete.
 //////////////////////////////////////

 Timestep has changed from  0.00000E+00 to  1.00000E-04.
 Iteration:  00000001   DeltaT:  1.000E-04   Iter/sec:  0.000E+00
 Timestep has changed from  1.00000E-04 to  4.46409E-06.
 Iteration:  00000002   DeltaT:  4.464E-06   Iter/sec:  7.320E-02
 Iteration:  00000003   DeltaT:  4.464E-06   Iter/sec:  3.785E-01
 Iteration:  00000004   DeltaT:  4.464E-06   Iter/sec:  3.917E-01
 Iteration:  00000005   DeltaT:  4.464E-06   Iter/sec:  3.935E-01
 Iteration:  00000006   DeltaT:  4.464E-06   Iter/sec:  3.973E-01
 Iteration:  00000007   DeltaT:  4.464E-06   Iter/sec:  3.906E-01
 Iteration:  00000008   DeltaT:  4.464E-06   Iter/sec:  3.936E-01
 Iteration:  00000009   DeltaT:  4.464E-06   Iter/sec:  3.866E-01
 Iteration:  00000010   DeltaT:  4.464E-06   Iter/sec:  3.919E-01
 Iteration:  00000011   DeltaT:  4.464E-06   Iter/sec:  3.892E-01
 Iteration:  00000012   DeltaT:  4.464E-06   Iter/sec:  3.939E-01
 Iteration:  00000013   DeltaT:  4.464E-06   Iter/sec:  3.902E-01
 Iteration:  00000014   DeltaT:  4.464E-06   Iter/sec:  3.938E-01
 Iteration:  00000015   DeltaT:  4.464E-06   Iter/sec:  3.907E-01
 Iteration:  00000016   DeltaT:  4.464E-06   Iter/sec:  3.911E-01
 Iteration:  00000017   DeltaT:  4.464E-06   Iter/sec:  3.881E-01
 Iteration:  00000018   DeltaT:  4.464E-06   Iter/sec:  3.912E-01
 Iteration:  00000019   DeltaT:  4.464E-06   Iter/sec:  3.906E-01
 Iteration:  00000020   DeltaT:  4.464E-06   Iter/sec:  3.927E-01
 Iteration:  00000021   DeltaT:  4.464E-06   Iter/sec:  3.921E-01
 Iteration:  00000022   DeltaT:  4.464E-06   Iter/sec:  3.930E-01
 Iteration:  00000023   DeltaT:  4.464E-06   Iter/sec:  3.895E-01
 Iteration:  00000024   DeltaT:  4.464E-06   Iter/sec:  3.972E-01
 Iteration:  00000025   DeltaT:  4.464E-06   Iter/sec:  3.884E-01
 Iteration:  00000026   DeltaT:  4.464E-06   Iter/sec:  3.869E-01
 Iteration:  00000027   DeltaT:  4.464E-06   Iter/sec:  3.921E-01
 Iteration:  00000028   DeltaT:  4.464E-06   Iter/sec:  3.931E-01
 Iteration:  00000029   DeltaT:  4.464E-06   Iter/sec:  3.914E-01
 Iteration:  00000030   DeltaT:  4.464E-06   Iter/sec:  3.930E-01
 Iteration:  00000031   DeltaT:  4.464E-06   Iter/sec:  3.939E-01
 Iteration:  00000032   DeltaT:  4.464E-06   Iter/sec:  3.927E-01
 Iteration:  00000033   DeltaT:  4.464E-06   Iter/sec:  3.887E-01
 Iteration:  00000034   DeltaT:  4.464E-06   Iter/sec:  3.924E-01
 Iteration:  00000035   DeltaT:  4.464E-06   Iter/sec:  3.922E-01
 Iteration:  00000036   DeltaT:  4.464E-06   Iter/sec:  3.944E-01
 Iteration:  00000037   DeltaT:  4.464E-06   Iter/sec:  3.938E-01
 Iteration:  00000038   DeltaT:  4.464E-06   Iter/sec:  3.949E-01
 Iteration:  00000039   DeltaT:  4.464E-06   Iter/sec:  3.871E-01
 Iteration:  00000040   DeltaT:  4.464E-06   Iter/sec:  3.927E-01
 Iteration:  00000041   DeltaT:  4.464E-06   Iter/sec:  3.927E-01
 Iteration:  00000042   DeltaT:  4.464E-06   Iter/sec:  3.928E-01
 Iteration:  00000043   DeltaT:  4.464E-06   Iter/sec:  3.910E-01
 Iteration:  00000044   DeltaT:  4.464E-06   Iter/sec:  3.938E-01
 Iteration:  00000045   DeltaT:  4.464E-06   Iter/sec:  3.933E-01
 Iteration:  00000046   DeltaT:  4.464E-06   Iter/sec:  3.921E-01
 Iteration:  00000047   DeltaT:  4.464E-06   Iter/sec:  3.870E-01
 Iteration:  00000048   DeltaT:  4.464E-06   Iter/sec:  3.927E-01
 Iteration:  00000049   DeltaT:  4.464E-06   Iter/sec:  3.930E-01
 Iteration:  00000050   DeltaT:  4.464E-06   Iter/sec:  3.903E-01


//////////////////////////////////////////////
   Measured Timings for Process 0  (seconds)

 Elapsed time:       163.3103
  Column time:        21.3299
     Row time:        36.1089
Legendre time:        23.3949
     FFT time:         8.3593
   Solve time:         1.2659
    rlma time:         2.2939
    rlmb time:         0.9617
  pspace time:        17.9024
  psolve time:        13.0780
    dphi time:         1.0996
captured time:       125.7946

     iter/sec:         0.3062
//////////////////////////////////////////////
