 //////////////////////////////////////
 Initializating Rayleigh...

 -- Initalizing MPI...
 ---- Specified parameters:
 ---- NCPU  :    128
 ---- NPROW :     16
 ---- NPCOL :      8
 -- MPI initialized.


 -- Initalizing Grid...
 ---- Specified parameters ----
 ---- N_R                 :     64
 ---- N_THETA             :    768
 ---- Ell_MAX             :    511
 ---- R_MIN               :  5.38462E-01
 ---- R_MAX               :  1.53846E+00
 ---- Chebyshev Domains   :      1

        Domain 1
          Grid points           :  64
          Dealiased Polynomials :  42
          Domain Lower Bound    :  5.38462E-01
          Domain Upper Bound    :  1.53846E+00

 -- Grid initialized.

[SHTns 3.4.5] built Apr 26 2021, 15:32:45, id: avx2,ishioka
        Lmax=511, Mmax*Mres=511, Mres=1, Nlm=131328  [1 threads, orthonormalized]
        => using FFTW : Mmax=511, Nphi=1536, Nlat=768  (data layout : phi_inc=768, theta_inc=1, phi_embed=1536)
        => using Gauss nodes
        + polar optimization threshold = 1.0e-08
        finding optimal algorithm........
        + SHT accuracy = 3.93e-13
        => SHTns is ready.
 -- Initalizing Reference State...
 ---- Specified parameters:
 ---- Reference type           :  Boussinesq (Non-dimensional)
 ---- Rayleigh Number          :  1.00000E+05
 ---- Ekman Number             :  1.00000E-03
 ---- Prandtl Number           :  1.00000E+00
 ---- Magnetic Prandtl Number  :  5.00000E+00
 -- Reference State initialized.

 -- Initializing Fields...
 ---- Specified parameters:
 ---- Hydro Init Type    : Benchmark (Christensen et al. 2001)
 ---- Magnetic Init Type : Benchmark (Christensen et al. 2001)
 -- Fields initialized.

 Initialization Complete.
 //////////////////////////////////////

 Timestep has changed from  0.00000E+00 to  1.00000E-04.
 Iteration:  00000001   DeltaT:  1.000E-04   Iter/sec:  0.000E+00
 Timestep has changed from  1.00000E-04 to  8.93257E-06.
 Iteration:  00000002   DeltaT:  8.933E-06   Iter/sec:  1.171E-01
 Iteration:  00000003   DeltaT:  8.933E-06   Iter/sec:  8.327E-01
 Iteration:  00000004   DeltaT:  8.933E-06   Iter/sec:  8.645E-01
 Iteration:  00000005   DeltaT:  8.933E-06   Iter/sec:  9.012E-01
 Iteration:  00000006   DeltaT:  8.933E-06   Iter/sec:  8.732E-01
 Iteration:  00000007   DeltaT:  8.933E-06   Iter/sec:  8.456E-01
 Iteration:  00000008   DeltaT:  8.933E-06   Iter/sec:  8.764E-01
 Iteration:  00000009   DeltaT:  8.933E-06   Iter/sec:  8.547E-01
 Iteration:  00000010   DeltaT:  8.933E-06   Iter/sec:  8.543E-01
 Iteration:  00000011   DeltaT:  8.933E-06   Iter/sec:  8.875E-01
 Iteration:  00000012   DeltaT:  8.933E-06   Iter/sec:  8.710E-01
 Iteration:  00000013   DeltaT:  8.933E-06   Iter/sec:  8.445E-01
 Iteration:  00000014   DeltaT:  8.933E-06   Iter/sec:  8.603E-01
 Iteration:  00000015   DeltaT:  8.933E-06   Iter/sec:  8.959E-01
 Iteration:  00000016   DeltaT:  8.933E-06   Iter/sec:  8.739E-01
 Iteration:  00000017   DeltaT:  8.933E-06   Iter/sec:  8.705E-01
 Iteration:  00000018   DeltaT:  8.933E-06   Iter/sec:  8.751E-01
 Iteration:  00000019   DeltaT:  8.933E-06   Iter/sec:  8.711E-01
 Iteration:  00000020   DeltaT:  8.933E-06   Iter/sec:  8.848E-01
 Iteration:  00000021   DeltaT:  8.933E-06   Iter/sec:  8.683E-01
 Iteration:  00000022   DeltaT:  8.933E-06   Iter/sec:  8.862E-01
 Iteration:  00000023   DeltaT:  8.933E-06   Iter/sec:  8.736E-01
 Iteration:  00000024   DeltaT:  8.933E-06   Iter/sec:  8.808E-01
 Iteration:  00000025   DeltaT:  8.933E-06   Iter/sec:  8.728E-01
 Iteration:  00000026   DeltaT:  8.933E-06   Iter/sec:  8.742E-01
 Iteration:  00000027   DeltaT:  8.933E-06   Iter/sec:  8.642E-01
 Iteration:  00000028   DeltaT:  8.933E-06   Iter/sec:  8.547E-01
 Iteration:  00000029   DeltaT:  8.933E-06   Iter/sec:  8.582E-01
 Iteration:  00000030   DeltaT:  8.933E-06   Iter/sec:  8.730E-01
 Iteration:  00000031   DeltaT:  8.933E-06   Iter/sec:  8.668E-01
 Iteration:  00000032   DeltaT:  8.933E-06   Iter/sec:  8.666E-01
 Iteration:  00000033   DeltaT:  8.933E-06   Iter/sec:  8.668E-01
 Iteration:  00000034   DeltaT:  8.933E-06   Iter/sec:  8.631E-01
 Iteration:  00000035   DeltaT:  8.933E-06   Iter/sec:  8.938E-01
 Iteration:  00000036   DeltaT:  8.933E-06   Iter/sec:  8.493E-01
 Iteration:  00000037   DeltaT:  8.933E-06   Iter/sec:  8.676E-01
 Iteration:  00000038   DeltaT:  8.933E-06   Iter/sec:  8.804E-01
 Iteration:  00000039   DeltaT:  8.933E-06   Iter/sec:  8.776E-01
 Iteration:  00000040   DeltaT:  8.933E-06   Iter/sec:  8.422E-01
 Iteration:  00000041   DeltaT:  8.933E-06   Iter/sec:  8.809E-01
 Iteration:  00000042   DeltaT:  8.933E-06   Iter/sec:  8.755E-01
 Iteration:  00000043   DeltaT:  8.933E-06   Iter/sec:  8.935E-01
 Iteration:  00000044   DeltaT:  8.933E-06   Iter/sec:  8.602E-01
 Iteration:  00000045   DeltaT:  8.933E-06   Iter/sec:  8.926E-01
 Iteration:  00000046   DeltaT:  8.933E-06   Iter/sec:  8.668E-01
 Iteration:  00000047   DeltaT:  8.933E-06   Iter/sec:  8.708E-01
 Iteration:  00000048   DeltaT:  8.933E-06   Iter/sec:  8.585E-01
 Iteration:  00000049   DeltaT:  8.933E-06   Iter/sec:  8.337E-01
 Iteration:  00000050   DeltaT:  8.933E-06   Iter/sec:  8.776E-01


//////////////////////////////////////////////
   Measured Timings for Process 0  (seconds)

 Elapsed time:        65.5274
  Column time:         9.5207
     Row time:        18.6520
Legendre time:         7.2454
     FFT time:         3.8912
   Solve time:         0.7617
    rlma time:         0.9368
    rlmb time:         0.4906
  pspace time:         8.6770
  psolve time:         6.1413
    dphi time:         0.4216
captured time:        56.7383

     iter/sec:         0.7630
//////////////////////////////////////////////
