 //////////////////////////////////////
 Initializating Rayleigh...

 -- Initalizing MPI...
 ---- Specified parameters:
 ---- NCPU  :   2048
 ---- NPROW :     64
 ---- NPCOL :     32
 -- MPI initialized.


 -- Initalizing Grid...
 ---- Specified parameters ----
 ---- N_R                 :    128
 ---- N_THETA             :   1536
 ---- Ell_MAX             :   1023
 ---- R_MIN               :  5.38462E-01
 ---- R_MAX               :  1.53846E+00
 ---- Chebyshev Domains   :      1

        Domain 1
          Grid points           :  128
          Dealiased Polynomials :  85
          Domain Lower Bound    :  5.38462E-01
          Domain Upper Bound    :  1.53846E+00

 -- Grid initialized.

[SHTns 3.4.5] built Apr 26 2021, 15:32:45, id: avx2,ishioka
        Lmax=1023, Mmax*Mres=1023, Mres=1, Nlm=524800  [1 threads, orthonormalized]
        => using FFTW : Mmax=1023, Nphi=3072, Nlat=1536  (data layout : phi_inc=1536, theta_inc=1, phi_embed=3072)
        => using Gauss nodes
        + polar optimization threshold = 1.0e-08
        finding optimal algorithm...
        + SHT accuracy = 1.16e-12
        => SHTns is ready.
 -- Initalizing Reference State...
 ---- Specified parameters:
 ---- Reference type           :  Boussinesq (Non-dimensional)
 ---- Rayleigh Number          :  1.00000E+05
 ---- Ekman Number             :  1.00000E-03
 ---- Prandtl Number           :  1.00000E+00
 ---- Magnetic Prandtl Number  :  5.00000E+00
 -- Reference State initialized.

 -- Initializing Fields...
 ---- Specified parameters:
 ---- Hydro Init Type    : Benchmark (Christensen et al. 2001)
 ---- Magnetic Init Type : Benchmark (Christensen et al. 2001)
 -- Fields initialized.

 Initialization Complete.
 //////////////////////////////////////

 Timestep has changed from  0.00000E+00 to  1.00000E-04.
 Iteration:  00000001   DeltaT:  1.000E-04   Iter/sec:  0.000E+00
 Timestep has changed from  1.00000E-04 to  2.55561E-06.
 Iteration:  00000002   DeltaT:  2.556E-06   Iter/sec:  1.291E-01
 Iteration:  00000003   DeltaT:  2.556E-06   Iter/sec:  9.554E-01
 Iteration:  00000004   DeltaT:  2.556E-06   Iter/sec:  1.054E+00
 Iteration:  00000005   DeltaT:  2.556E-06   Iter/sec:  1.050E+00
 Iteration:  00000006   DeltaT:  2.556E-06   Iter/sec:  1.053E+00
 Iteration:  00000007   DeltaT:  2.556E-06   Iter/sec:  1.049E+00
 Iteration:  00000008   DeltaT:  2.556E-06   Iter/sec:  1.032E+00
 Iteration:  00000009   DeltaT:  2.556E-06   Iter/sec:  1.065E+00
 Iteration:  00000010   DeltaT:  2.556E-06   Iter/sec:  1.066E+00
 Iteration:  00000011   DeltaT:  2.556E-06   Iter/sec:  1.050E+00
 Iteration:  00000012   DeltaT:  2.556E-06   Iter/sec:  1.055E+00
 Iteration:  00000013   DeltaT:  2.556E-06   Iter/sec:  1.038E+00
 Iteration:  00000014   DeltaT:  2.556E-06   Iter/sec:  1.033E+00
 Iteration:  00000015   DeltaT:  2.556E-06   Iter/sec:  1.065E+00
 Iteration:  00000016   DeltaT:  2.556E-06   Iter/sec:  1.049E+00
 Iteration:  00000017   DeltaT:  2.556E-06   Iter/sec:  1.033E+00
 Iteration:  00000018   DeltaT:  2.556E-06   Iter/sec:  1.069E+00
 Iteration:  00000019   DeltaT:  2.556E-06   Iter/sec:  1.065E+00
 Iteration:  00000020   DeltaT:  2.556E-06   Iter/sec:  9.533E-01
 Iteration:  00000021   DeltaT:  2.556E-06   Iter/sec:  1.063E+00
 Iteration:  00000022   DeltaT:  2.556E-06   Iter/sec:  1.031E+00
 Iteration:  00000023   DeltaT:  2.556E-06   Iter/sec:  1.036E+00
 Iteration:  00000024   DeltaT:  2.556E-06   Iter/sec:  1.073E+00
 Iteration:  00000025   DeltaT:  2.556E-06   Iter/sec:  1.059E+00
 Iteration:  00000026   DeltaT:  2.556E-06   Iter/sec:  1.039E+00
 Iteration:  00000027   DeltaT:  2.556E-06   Iter/sec:  1.053E+00
 Iteration:  00000028   DeltaT:  2.556E-06   Iter/sec:  1.057E+00
 Iteration:  00000029   DeltaT:  2.556E-06   Iter/sec:  1.035E+00
 Iteration:  00000030   DeltaT:  2.556E-06   Iter/sec:  1.059E+00
 Iteration:  00000031   DeltaT:  2.556E-06   Iter/sec:  1.056E+00
 Iteration:  00000032   DeltaT:  2.556E-06   Iter/sec:  1.061E+00
 Iteration:  00000033   DeltaT:  2.556E-06   Iter/sec:  1.049E+00
 Iteration:  00000034   DeltaT:  2.556E-06   Iter/sec:  1.060E+00
 Iteration:  00000035   DeltaT:  2.556E-06   Iter/sec:  1.020E+00
 Iteration:  00000036   DeltaT:  2.556E-06   Iter/sec:  1.072E+00
 Iteration:  00000037   DeltaT:  2.556E-06   Iter/sec:  1.053E+00
 Iteration:  00000038   DeltaT:  2.556E-06   Iter/sec:  1.014E+00
 Iteration:  00000039   DeltaT:  2.556E-06   Iter/sec:  1.025E+00
 Iteration:  00000040   DeltaT:  2.556E-06   Iter/sec:  1.069E+00
 Iteration:  00000041   DeltaT:  2.556E-06   Iter/sec:  1.036E+00
 Iteration:  00000042   DeltaT:  2.556E-06   Iter/sec:  1.084E+00
 Iteration:  00000043   DeltaT:  2.556E-06   Iter/sec:  1.056E+00
 Iteration:  00000044   DeltaT:  2.556E-06   Iter/sec:  1.031E+00
 Iteration:  00000045   DeltaT:  2.556E-06   Iter/sec:  1.030E+00
 Iteration:  00000046   DeltaT:  2.556E-06   Iter/sec:  1.038E+00
 Iteration:  00000047   DeltaT:  2.556E-06   Iter/sec:  1.059E+00
 Iteration:  00000048   DeltaT:  2.556E-06   Iter/sec:  1.053E+00
 Iteration:  00000049   DeltaT:  2.556E-06   Iter/sec:  1.065E+00
 Iteration:  00000050   DeltaT:  2.556E-06   Iter/sec:  1.018E+00


//////////////////////////////////////////////
   Measured Timings for Process 0  (seconds)

 Elapsed time:        62.2075
  Column time:        16.0012
     Row time:        14.8508
Legendre time:         5.7656
     FFT time:         2.1115
   Solve time:         0.9128
    rlma time:         0.3433
    rlmb time:         0.1641
  pspace time:         4.2829
  psolve time:         3.1175
    dphi time:         0.2144
captured time:        47.7641

     iter/sec:         0.8038
//////////////////////////////////////////////
