 //////////////////////////////////////
 Initializating Rayleigh...

 -- Initalizing MPI...
 ---- Specified parameters:
 ---- NCPU  :   1024
 ---- NPROW :     32
 ---- NPCOL :     32
 -- MPI initialized.


 -- Initalizing Grid...
 ---- Specified parameters ----
 ---- N_R                 :    128
 ---- N_THETA             :   1536
 ---- Ell_MAX             :   1023
 ---- R_MIN               :  5.38462E-01
 ---- R_MAX               :  1.53846E+00
 ---- Chebyshev Domains   :      1

        Domain 1
          Grid points           :  128
          Dealiased Polynomials :  85
          Domain Lower Bound    :  5.38462E-01
          Domain Upper Bound    :  1.53846E+00

 -- Grid initialized.

[SHTns 3.4.5] built Apr 26 2021, 15:32:45, id: avx2,ishioka
        Lmax=1023, Mmax*Mres=1023, Mres=1, Nlm=524800  [1 threads, orthonormalized]
        => using FFTW : Mmax=1023, Nphi=3072, Nlat=1536  (data layout : phi_inc=1536, theta_inc=1, phi_embed=3072)
        => using Gauss nodes
        + polar optimization threshold = 1.0e-08
        finding optimal algorithm...
        + SHT accuracy = 1.44e-12
        => SHTns is ready.
 -- Initalizing Reference State...
 ---- Specified parameters:
 ---- Reference type           :  Boussinesq (Non-dimensional)
 ---- Rayleigh Number          :  1.00000E+05
 ---- Ekman Number             :  1.00000E-03
 ---- Prandtl Number           :  1.00000E+00
 ---- Magnetic Prandtl Number  :  5.00000E+00
 -- Reference State initialized.

 -- Initializing Fields...
 ---- Specified parameters:
 ---- Hydro Init Type    : Benchmark (Christensen et al. 2001)
 ---- Magnetic Init Type : Benchmark (Christensen et al. 2001)
 -- Fields initialized.

 Initialization Complete.
 //////////////////////////////////////

 Timestep has changed from  0.00000E+00 to  1.00000E-04.
 Iteration:  00000001   DeltaT:  1.000E-04   Iter/sec:  0.000E+00
 Timestep has changed from  1.00000E-04 to  2.55561E-06.
 Iteration:  00000002   DeltaT:  2.556E-06   Iter/sec:  1.010E-01
 Iteration:  00000003   DeltaT:  2.556E-06   Iter/sec:  5.757E-01
 Iteration:  00000004   DeltaT:  2.556E-06   Iter/sec:  6.151E-01
 Iteration:  00000005   DeltaT:  2.556E-06   Iter/sec:  6.130E-01
 Iteration:  00000006   DeltaT:  2.556E-06   Iter/sec:  6.155E-01
 Iteration:  00000007   DeltaT:  2.556E-06   Iter/sec:  6.196E-01
 Iteration:  00000008   DeltaT:  2.556E-06   Iter/sec:  6.331E-01
 Iteration:  00000009   DeltaT:  2.556E-06   Iter/sec:  6.156E-01
 Iteration:  00000010   DeltaT:  2.556E-06   Iter/sec:  6.145E-01
 Iteration:  00000011   DeltaT:  2.556E-06   Iter/sec:  6.104E-01
 Iteration:  00000012   DeltaT:  2.556E-06   Iter/sec:  6.126E-01
 Iteration:  00000013   DeltaT:  2.556E-06   Iter/sec:  6.142E-01
 Iteration:  00000014   DeltaT:  2.556E-06   Iter/sec:  6.153E-01
 Iteration:  00000015   DeltaT:  2.556E-06   Iter/sec:  6.175E-01
 Iteration:  00000016   DeltaT:  2.556E-06   Iter/sec:  6.157E-01
 Iteration:  00000017   DeltaT:  2.556E-06   Iter/sec:  6.110E-01
 Iteration:  00000018   DeltaT:  2.556E-06   Iter/sec:  6.107E-01
 Iteration:  00000019   DeltaT:  2.556E-06   Iter/sec:  6.263E-01
 Iteration:  00000020   DeltaT:  2.556E-06   Iter/sec:  6.147E-01
 Iteration:  00000021   DeltaT:  2.556E-06   Iter/sec:  6.038E-01
 Iteration:  00000022   DeltaT:  2.556E-06   Iter/sec:  6.174E-01
 Iteration:  00000023   DeltaT:  2.556E-06   Iter/sec:  6.049E-01
 Iteration:  00000024   DeltaT:  2.556E-06   Iter/sec:  6.163E-01
 Iteration:  00000025   DeltaT:  2.556E-06   Iter/sec:  6.156E-01
 Iteration:  00000026   DeltaT:  2.556E-06   Iter/sec:  6.122E-01
 Iteration:  00000027   DeltaT:  2.556E-06   Iter/sec:  6.087E-01
 Iteration:  00000028   DeltaT:  2.556E-06   Iter/sec:  6.126E-01
 Iteration:  00000029   DeltaT:  2.556E-06   Iter/sec:  6.286E-01
 Iteration:  00000030   DeltaT:  2.556E-06   Iter/sec:  6.121E-01
 Iteration:  00000031   DeltaT:  2.556E-06   Iter/sec:  6.127E-01
 Iteration:  00000032   DeltaT:  2.556E-06   Iter/sec:  6.226E-01
 Iteration:  00000033   DeltaT:  2.556E-06   Iter/sec:  6.143E-01
 Iteration:  00000034   DeltaT:  2.556E-06   Iter/sec:  6.092E-01
 Iteration:  00000035   DeltaT:  2.556E-06   Iter/sec:  6.158E-01
 Iteration:  00000036   DeltaT:  2.556E-06   Iter/sec:  6.123E-01
 Iteration:  00000037   DeltaT:  2.556E-06   Iter/sec:  6.168E-01
 Iteration:  00000038   DeltaT:  2.556E-06   Iter/sec:  6.064E-01
 Iteration:  00000039   DeltaT:  2.556E-06   Iter/sec:  6.170E-01
 Iteration:  00000040   DeltaT:  2.556E-06   Iter/sec:  6.236E-01
 Iteration:  00000041   DeltaT:  2.556E-06   Iter/sec:  6.048E-01
 Iteration:  00000042   DeltaT:  2.556E-06   Iter/sec:  6.144E-01
 Iteration:  00000043   DeltaT:  2.556E-06   Iter/sec:  6.205E-01
 Iteration:  00000044   DeltaT:  2.556E-06   Iter/sec:  6.074E-01
 Iteration:  00000045   DeltaT:  2.556E-06   Iter/sec:  6.231E-01
 Iteration:  00000046   DeltaT:  2.556E-06   Iter/sec:  6.224E-01
 Iteration:  00000047   DeltaT:  2.556E-06   Iter/sec:  6.042E-01
 Iteration:  00000048   DeltaT:  2.556E-06   Iter/sec:  6.171E-01
 Iteration:  00000049   DeltaT:  2.556E-06   Iter/sec:  6.219E-01
 Iteration:  00000050   DeltaT:  2.556E-06   Iter/sec:  6.127E-01


//////////////////////////////////////////////
   Measured Timings for Process 0  (seconds)

 Elapsed time:        96.1179
  Column time:        27.4258
     Row time:        20.0468
Legendre time:        11.6652
     FFT time:         4.2558
   Solve time:         1.3495
    rlma time:         0.8730
    rlmb time:         0.4315
  pspace time:         7.9421
  psolve time:         6.5962
    dphi time:         0.3192
captured time:        80.9052

     iter/sec:         0.5202
//////////////////////////////////////////////
