 //////////////////////////////////////
 Initializating Rayleigh...

 -- Initalizing MPI...
 ---- Specified parameters:
 ---- NCPU  :    128
 ---- NPROW :     16
 ---- NPCOL :      8
 -- MPI initialized.


 -- Initalizing Grid...
 ---- Specified parameters ----
 ---- N_R                 :    128
 ---- N_THETA             :    192
 ---- Ell_MAX             :    127
 ---- R_MIN               :  5.38462E-01
 ---- R_MAX               :  1.53846E+00
 ---- Chebyshev Domains   :      1

        Domain 1
          Grid points           :  128
          Dealiased Polynomials :  85
          Domain Lower Bound    :  5.38462E-01
          Domain Upper Bound    :  1.53846E+00

 -- Grid initialized.

[SHTns 3.4.5] built Apr 26 2021, 15:32:45, id: avx2,ishioka
        Lmax=127, Mmax*Mres=127, Mres=1, Nlm=8256  [1 threads, orthonormalized]
        => using FFTW : Mmax=127, Nphi=384, Nlat=192  (data layout : phi_inc=192, theta_inc=1, phi_embed=384)
        => using Gauss nodes
        + polar optimization threshold = 1.0e-08
        finding optimal algorithm........
        + SHT accuracy = 6.26e-14
        => SHTns is ready.
 -- Initalizing Reference State...
 ---- Specified parameters:
 ---- Reference type           :  Boussinesq (Non-dimensional)
 ---- Rayleigh Number          :  1.00000E+05
 ---- Ekman Number             :  1.00000E-03
 ---- Prandtl Number           :  1.00000E+00
 ---- Magnetic Prandtl Number  :  5.00000E+00
 -- Reference State initialized.

 -- Initializing Fields...
 ---- Specified parameters:
 ---- Hydro Init Type    : Benchmark (Christensen et al. 2001)
 ---- Magnetic Init Type : Benchmark (Christensen et al. 2001)
 -- Fields initialized.

 Initialization Complete.
 //////////////////////////////////////

 Timestep has changed from  0.00000E+00 to  1.00000E-04.
 Iteration:  00000001   DeltaT:  1.000E-04   Iter/sec:  0.000E+00
 Timestep has changed from  1.00000E-04 to  2.55581E-06.
 Iteration:  00000002   DeltaT:  2.556E-06   Iter/sec:  2.570E-01
 Iteration:  00000003   DeltaT:  2.556E-06   Iter/sec:  4.663E+00
 Iteration:  00000004   DeltaT:  2.556E-06   Iter/sec:  7.949E+00
 Iteration:  00000005   DeltaT:  2.556E-06   Iter/sec:  7.222E+00
 Iteration:  00000006   DeltaT:  2.556E-06   Iter/sec:  8.761E+00
 Iteration:  00000007   DeltaT:  2.556E-06   Iter/sec:  8.319E+00
 Iteration:  00000008   DeltaT:  2.556E-06   Iter/sec:  8.330E+00
 Iteration:  00000009   DeltaT:  2.556E-06   Iter/sec:  8.471E+00
 Iteration:  00000010   DeltaT:  2.556E-06   Iter/sec:  8.532E+00
 Iteration:  00000011   DeltaT:  2.556E-06   Iter/sec:  7.787E+00
 Iteration:  00000012   DeltaT:  2.556E-06   Iter/sec:  8.532E+00
 Iteration:  00000013   DeltaT:  2.556E-06   Iter/sec:  8.246E+00
 Iteration:  00000014   DeltaT:  2.556E-06   Iter/sec:  7.762E+00
 Iteration:  00000015   DeltaT:  2.556E-06   Iter/sec:  8.471E+00
 Iteration:  00000016   DeltaT:  2.556E-06   Iter/sec:  8.519E+00
 Iteration:  00000017   DeltaT:  2.556E-06   Iter/sec:  8.481E+00
 Iteration:  00000018   DeltaT:  2.556E-06   Iter/sec:  8.350E+00
 Iteration:  00000019   DeltaT:  2.556E-06   Iter/sec:  8.118E+00
 Iteration:  00000020   DeltaT:  2.556E-06   Iter/sec:  8.527E+00
 Iteration:  00000021   DeltaT:  2.556E-06   Iter/sec:  8.545E+00
 Iteration:  00000022   DeltaT:  2.556E-06   Iter/sec:  8.423E+00
 Iteration:  00000023   DeltaT:  2.556E-06   Iter/sec:  8.371E+00
 Iteration:  00000024   DeltaT:  2.556E-06   Iter/sec:  8.038E+00
 Iteration:  00000025   DeltaT:  2.556E-06   Iter/sec:  7.934E+00
 Iteration:  00000026   DeltaT:  2.556E-06   Iter/sec:  8.205E+00
 Iteration:  00000027   DeltaT:  2.556E-06   Iter/sec:  8.603E+00
 Iteration:  00000028   DeltaT:  2.556E-06   Iter/sec:  8.292E+00
 Iteration:  00000029   DeltaT:  2.556E-06   Iter/sec:  8.513E+00
 Iteration:  00000030   DeltaT:  2.556E-06   Iter/sec:  7.958E+00
 Iteration:  00000031   DeltaT:  2.556E-06   Iter/sec:  8.675E+00
 Iteration:  00000032   DeltaT:  2.556E-06   Iter/sec:  8.177E+00
 Iteration:  00000033   DeltaT:  2.556E-06   Iter/sec:  8.536E+00
 Iteration:  00000034   DeltaT:  2.556E-06   Iter/sec:  8.327E+00
 Iteration:  00000035   DeltaT:  2.556E-06   Iter/sec:  8.047E+00
 Iteration:  00000036   DeltaT:  2.556E-06   Iter/sec:  8.472E+00
 Iteration:  00000037   DeltaT:  2.556E-06   Iter/sec:  8.307E+00
 Iteration:  00000038   DeltaT:  2.556E-06   Iter/sec:  8.752E+00
 Iteration:  00000039   DeltaT:  2.556E-06   Iter/sec:  8.478E+00
 Iteration:  00000040   DeltaT:  2.556E-06   Iter/sec:  8.230E+00
 Iteration:  00000041   DeltaT:  2.556E-06   Iter/sec:  8.498E+00
 Iteration:  00000042   DeltaT:  2.556E-06   Iter/sec:  8.675E+00
 Iteration:  00000043   DeltaT:  2.556E-06   Iter/sec:  8.034E+00
 Iteration:  00000044   DeltaT:  2.556E-06   Iter/sec:  8.161E+00
 Iteration:  00000045   DeltaT:  2.556E-06   Iter/sec:  8.528E+00
 Iteration:  00000046   DeltaT:  2.556E-06   Iter/sec:  8.493E+00
 Iteration:  00000047   DeltaT:  2.556E-06   Iter/sec:  7.983E+00
 Iteration:  00000048   DeltaT:  2.556E-06   Iter/sec:  8.507E+00
 Iteration:  00000049   DeltaT:  2.556E-06   Iter/sec:  8.443E+00
 Iteration:  00000050   DeltaT:  2.556E-06   Iter/sec:  8.497E+00


//////////////////////////////////////////////
   Measured Timings for Process 0  (seconds)

 Elapsed time:         7.9876
  Column time:         0.8431
     Row time:         2.1106
Legendre time:         0.3279
     FFT time:         0.4881
   Solve time:         0.4231
    rlma time:         0.0805
    rlmb time:         0.0347
  pspace time:         0.9639
  psolve time:         0.7844
    dphi time:         0.0684
captured time:         6.1248

     iter/sec:         6.2597
//////////////////////////////////////////////
