 //////////////////////////////////////
 Initializating Rayleigh...

 -- Initalizing MPI...
 ---- Specified parameters:
 ---- NCPU  :    512
 ---- NPROW :     32
 ---- NPCOL :     16
 -- MPI initialized.


 -- Initalizing Grid...
 ---- Specified parameters ----
 ---- N_R                 :    128
 ---- N_THETA             :    384
 ---- Ell_MAX             :    255
 ---- R_MIN               :  5.38462E-01
 ---- R_MAX               :  1.53846E+00
 ---- Chebyshev Domains   :      1

        Domain 1
          Grid points           :  128
          Dealiased Polynomials :  85
          Domain Lower Bound    :  5.38462E-01
          Domain Upper Bound    :  1.53846E+00

 -- Grid initialized.

 -- Initalizing Reference State...
 ---- Specified parameters:
 ---- Reference type           :  Boussinesq (Non-dimensional)
 ---- Rayleigh Number          :  1.00000E+05
 ---- Ekman Number             :  1.00000E-03
 ---- Prandtl Number           :  1.00000E+00
 ---- Magnetic Prandtl Number  :  5.00000E+00
 -- Reference State initialized.

 -- Initializing Fields...
 ---- Specified parameters:
 ---- Hydro Init Type    : Benchmark (Christensen et al. 2001)
 ---- Magnetic Init Type : Benchmark (Christensen et al. 2001)
 -- Fields initialized.

 Initialization Complete.
 //////////////////////////////////////

 Timestep has changed from  0.00000E+00 to  1.00000E-04.
 Iteration:  00000001   DeltaT:  1.000E-04   Iter/sec:  0.000E+00
 Timestep has changed from  1.00000E-04 to  2.55566E-06.
 Iteration:  00000002   DeltaT:  2.556E-06   Iter/sec:  2.535E+00
 Iteration:  00000003   DeltaT:  2.556E-06   Iter/sec:  4.019E+00
 Iteration:  00000004   DeltaT:  2.556E-06   Iter/sec:  6.173E+00
 Iteration:  00000005   DeltaT:  2.556E-06   Iter/sec:  6.454E+00
 Iteration:  00000006   DeltaT:  2.556E-06   Iter/sec:  6.104E+00
 Iteration:  00000007   DeltaT:  2.556E-06   Iter/sec:  6.222E+00
 Iteration:  00000008   DeltaT:  2.556E-06   Iter/sec:  5.470E+00
 Iteration:  00000009   DeltaT:  2.556E-06   Iter/sec:  6.336E+00
 Iteration:  00000010   DeltaT:  2.556E-06   Iter/sec:  6.561E+00
 Iteration:  00000011   DeltaT:  2.556E-06   Iter/sec:  6.691E+00
 Iteration:  00000012   DeltaT:  2.556E-06   Iter/sec:  5.936E+00
 Iteration:  00000013   DeltaT:  2.556E-06   Iter/sec:  5.805E+00
 Iteration:  00000014   DeltaT:  2.556E-06   Iter/sec:  6.315E+00
 Iteration:  00000015   DeltaT:  2.556E-06   Iter/sec:  6.283E+00
 Iteration:  00000016   DeltaT:  2.556E-06   Iter/sec:  6.669E+00
 Iteration:  00000017   DeltaT:  2.556E-06   Iter/sec:  6.257E+00
 Iteration:  00000018   DeltaT:  2.556E-06   Iter/sec:  6.463E+00
 Iteration:  00000019   DeltaT:  2.556E-06   Iter/sec:  6.437E+00
 Iteration:  00000020   DeltaT:  2.556E-06   Iter/sec:  6.169E+00
 Iteration:  00000021   DeltaT:  2.556E-06   Iter/sec:  6.494E+00
 Iteration:  00000022   DeltaT:  2.556E-06   Iter/sec:  6.669E+00
 Iteration:  00000023   DeltaT:  2.556E-06   Iter/sec:  6.630E+00
 Iteration:  00000024   DeltaT:  2.556E-06   Iter/sec:  6.544E+00
 Iteration:  00000025   DeltaT:  2.556E-06   Iter/sec:  5.295E+00
 Iteration:  00000026   DeltaT:  2.556E-06   Iter/sec:  7.316E+00
 Iteration:  00000027   DeltaT:  2.556E-06   Iter/sec:  6.194E+00
 Iteration:  00000028   DeltaT:  2.556E-06   Iter/sec:  7.304E+00
 Iteration:  00000029   DeltaT:  2.556E-06   Iter/sec:  6.376E+00
 Iteration:  00000030   DeltaT:  2.556E-06   Iter/sec:  5.746E+00
 Iteration:  00000031   DeltaT:  2.556E-06   Iter/sec:  6.235E+00
 Iteration:  00000032   DeltaT:  2.556E-06   Iter/sec:  6.871E+00
 Iteration:  00000033   DeltaT:  2.556E-06   Iter/sec:  6.566E+00
 Iteration:  00000034   DeltaT:  2.556E-06   Iter/sec:  6.779E+00
 Iteration:  00000035   DeltaT:  2.556E-06   Iter/sec:  6.405E+00
 Iteration:  00000036   DeltaT:  2.556E-06   Iter/sec:  4.953E+00
 Iteration:  00000037   DeltaT:  2.556E-06   Iter/sec:  6.439E+00
 Iteration:  00000038   DeltaT:  2.556E-06   Iter/sec:  6.323E+00
 Iteration:  00000039   DeltaT:  2.556E-06   Iter/sec:  6.547E+00
 Iteration:  00000040   DeltaT:  2.556E-06   Iter/sec:  6.719E+00
 Iteration:  00000041   DeltaT:  2.556E-06   Iter/sec:  6.581E+00
 Iteration:  00000042   DeltaT:  2.556E-06   Iter/sec:  5.947E+00
 Iteration:  00000043   DeltaT:  2.556E-06   Iter/sec:  6.816E+00
 Iteration:  00000044   DeltaT:  2.556E-06   Iter/sec:  6.818E+00
 Iteration:  00000045   DeltaT:  2.556E-06   Iter/sec:  6.705E+00
 Iteration:  00000046   DeltaT:  2.556E-06   Iter/sec:  6.599E+00
 Iteration:  00000047   DeltaT:  2.556E-06   Iter/sec:  6.654E+00
 Iteration:  00000048   DeltaT:  2.556E-06   Iter/sec:  5.200E+00
 Iteration:  00000049   DeltaT:  2.556E-06   Iter/sec:  6.742E+00
 Iteration:  00000050   DeltaT:  2.556E-06   Iter/sec:  6.869E+00


//////////////////////////////////////////////
   Measured Timings for Process 0  (seconds)

 Elapsed time:         8.6851
  Column time:         2.3146
     Row time:         2.4068
Legendre time:         0.7379
     FFT time:         0.4712
   Solve time:         0.3999
    rlma time:         0.0836
    rlmb time:         0.0343
  pspace time:         0.8543
  psolve time:         0.6602
    dphi time:         0.0425
captured time:         8.0053

     iter/sec:         5.6419
//////////////////////////////////////////////
