 //////////////////////////////////////
 Initializating Rayleigh...

 -- Initalizing MPI...
 ---- Specified parameters:
 ---- NCPU  :   1024
 ---- NPROW :     32
 ---- NPCOL :     32
 -- MPI initialized.


 -- Initalizing Grid...
 ---- Specified parameters ----
 ---- N_R                 :    128
 ---- N_THETA             :    768
 ---- Ell_MAX             :    511
 ---- R_MIN               :  5.38462E-01
 ---- R_MAX               :  1.53846E+00
 ---- Chebyshev Domains   :      1

        Domain 1
          Grid points           :  128
          Dealiased Polynomials :  85
          Domain Lower Bound    :  5.38462E-01
          Domain Upper Bound    :  1.53846E+00

 -- Grid initialized.

 -- Initalizing Reference State...
 ---- Specified parameters:
 ---- Reference type           :  Boussinesq (Non-dimensional)
 ---- Rayleigh Number          :  1.00000E+05
 ---- Ekman Number             :  1.00000E-03
 ---- Prandtl Number           :  1.00000E+00
 ---- Magnetic Prandtl Number  :  5.00000E+00
 -- Reference State initialized.

 -- Initializing Fields...
 ---- Specified parameters:
 ---- Hydro Init Type    : Benchmark (Christensen et al. 2001)
 ---- Magnetic Init Type : Benchmark (Christensen et al. 2001)
 -- Fields initialized.

 Initialization Complete.
 //////////////////////////////////////

 Timestep has changed from  0.00000E+00 to  1.00000E-04.
 Iteration:  00000001   DeltaT:  1.000E-04   Iter/sec:  0.000E+00
 Timestep has changed from  1.00000E-04 to  2.55562E-06.
 Iteration:  00000002   DeltaT:  2.556E-06   Iter/sec:  9.299E-01
 Iteration:  00000003   DeltaT:  2.556E-06   Iter/sec:  2.202E+00
 Iteration:  00000004   DeltaT:  2.556E-06   Iter/sec:  2.534E+00
 Iteration:  00000005   DeltaT:  2.556E-06   Iter/sec:  2.536E+00
 Iteration:  00000006   DeltaT:  2.556E-06   Iter/sec:  2.573E+00
 Iteration:  00000007   DeltaT:  2.556E-06   Iter/sec:  2.582E+00
 Iteration:  00000008   DeltaT:  2.556E-06   Iter/sec:  2.555E+00
 Iteration:  00000009   DeltaT:  2.556E-06   Iter/sec:  2.531E+00
 Iteration:  00000010   DeltaT:  2.556E-06   Iter/sec:  2.523E+00
 Iteration:  00000011   DeltaT:  2.556E-06   Iter/sec:  2.522E+00
 Iteration:  00000012   DeltaT:  2.556E-06   Iter/sec:  2.636E+00
 Iteration:  00000013   DeltaT:  2.556E-06   Iter/sec:  2.502E+00
 Iteration:  00000014   DeltaT:  2.556E-06   Iter/sec:  2.432E+00
 Iteration:  00000015   DeltaT:  2.556E-06   Iter/sec:  2.587E+00
 Iteration:  00000016   DeltaT:  2.556E-06   Iter/sec:  2.530E+00
 Iteration:  00000017   DeltaT:  2.556E-06   Iter/sec:  2.271E+00
 Iteration:  00000018   DeltaT:  2.556E-06   Iter/sec:  2.808E+00
 Iteration:  00000019   DeltaT:  2.556E-06   Iter/sec:  2.535E+00
 Iteration:  00000020   DeltaT:  2.556E-06   Iter/sec:  2.505E+00
 Iteration:  00000021   DeltaT:  2.556E-06   Iter/sec:  2.554E+00
 Iteration:  00000022   DeltaT:  2.556E-06   Iter/sec:  2.477E+00
 Iteration:  00000023   DeltaT:  2.556E-06   Iter/sec:  2.513E+00
 Iteration:  00000024   DeltaT:  2.556E-06   Iter/sec:  2.514E+00
 Iteration:  00000025   DeltaT:  2.556E-06   Iter/sec:  2.469E+00
 Iteration:  00000026   DeltaT:  2.556E-06   Iter/sec:  2.603E+00
 Iteration:  00000027   DeltaT:  2.556E-06   Iter/sec:  2.480E+00
 Iteration:  00000028   DeltaT:  2.556E-06   Iter/sec:  2.608E+00
 Iteration:  00000029   DeltaT:  2.556E-06   Iter/sec:  2.524E+00
 Iteration:  00000030   DeltaT:  2.556E-06   Iter/sec:  2.470E+00
 Iteration:  00000031   DeltaT:  2.556E-06   Iter/sec:  2.443E+00
 Iteration:  00000032   DeltaT:  2.556E-06   Iter/sec:  2.468E+00
 Iteration:  00000033   DeltaT:  2.556E-06   Iter/sec:  2.662E+00
 Iteration:  00000034   DeltaT:  2.556E-06   Iter/sec:  2.487E+00
 Iteration:  00000035   DeltaT:  2.556E-06   Iter/sec:  2.523E+00
 Iteration:  00000036   DeltaT:  2.556E-06   Iter/sec:  2.484E+00
 Iteration:  00000037   DeltaT:  2.556E-06   Iter/sec:  2.552E+00
 Iteration:  00000038   DeltaT:  2.556E-06   Iter/sec:  2.575E+00
 Iteration:  00000039   DeltaT:  2.556E-06   Iter/sec:  2.501E+00
 Iteration:  00000040   DeltaT:  2.556E-06   Iter/sec:  2.419E+00
 Iteration:  00000041   DeltaT:  2.556E-06   Iter/sec:  2.506E+00
 Iteration:  00000042   DeltaT:  2.556E-06   Iter/sec:  2.620E+00
 Iteration:  00000043   DeltaT:  2.556E-06   Iter/sec:  2.584E+00
 Iteration:  00000044   DeltaT:  2.556E-06   Iter/sec:  2.310E+00
 Iteration:  00000045   DeltaT:  2.556E-06   Iter/sec:  2.621E+00
 Iteration:  00000046   DeltaT:  2.556E-06   Iter/sec:  2.511E+00
 Iteration:  00000047   DeltaT:  2.556E-06   Iter/sec:  2.547E+00
 Iteration:  00000048   DeltaT:  2.556E-06   Iter/sec:  2.539E+00
 Iteration:  00000049   DeltaT:  2.556E-06   Iter/sec:  2.580E+00
 Iteration:  00000050   DeltaT:  2.556E-06   Iter/sec:  2.473E+00


//////////////////////////////////////////////
   Measured Timings for Process 0  (seconds)

 Elapsed time:        23.0132
  Column time:         7.0820
     Row time:         5.2822
Legendre time:         2.1258
     FFT time:         0.9819
   Solve time:         0.5083
    rlma time:         0.1830
    rlmb time:         0.0803
  pspace time:         1.9250
  psolve time:         1.5328
    dphi time:         0.0855
captured time:        19.7868

     iter/sec:         2.1292
//////////////////////////////////////////////
