 //////////////////////////////////////
 Initializating Rayleigh...

 -- Initalizing MPI...
 ---- Specified parameters:
 ---- NCPU  :   1024
 ---- NPROW :     32
 ---- NPCOL :     32
 -- MPI initialized.


 -- Initalizing Grid...
 ---- Specified parameters ----
 ---- N_R                 :     64
 ---- N_THETA             :    384
 ---- Ell_MAX             :    255
 ---- R_MIN               :  5.38462E-01
 ---- R_MAX               :  1.53846E+00
 ---- Chebyshev Domains   :      1

        Domain 1
          Grid points           :  64
          Dealiased Polynomials :  42
          Domain Lower Bound    :  5.38462E-01
          Domain Upper Bound    :  1.53846E+00

 -- Grid initialized.

 -- Initalizing Reference State...
 ---- Specified parameters:
 ---- Reference type           :  Boussinesq (Non-dimensional)
 ---- Rayleigh Number          :  1.00000E+05
 ---- Ekman Number             :  1.00000E-03
 ---- Prandtl Number           :  1.00000E+00
 ---- Magnetic Prandtl Number  :  5.00000E+00
 -- Reference State initialized.

 -- Initializing Fields...
 ---- Specified parameters:
 ---- Hydro Init Type    : Benchmark (Christensen et al. 2001)
 ---- Magnetic Init Type : Benchmark (Christensen et al. 2001)
 -- Fields initialized.

 Initialization Complete.
 //////////////////////////////////////

 Timestep has changed from  0.00000E+00 to  1.00000E-04.
 Iteration:  00000001   DeltaT:  1.000E-04   Iter/sec:  0.000E+00
 Timestep has changed from  1.00000E-04 to  1.02211E-05.
 Iteration:  00000002   DeltaT:  1.022E-05   Iter/sec:  4.963E+00
 Iteration:  00000003   DeltaT:  1.022E-05   Iter/sec:  2.328E+01
 Iteration:  00000004   DeltaT:  1.022E-05   Iter/sec:  2.821E+01
 Iteration:  00000005   DeltaT:  1.022E-05   Iter/sec:  2.689E+01
 Iteration:  00000006   DeltaT:  1.022E-05   Iter/sec:  2.822E+01
 Iteration:  00000007   DeltaT:  1.022E-05   Iter/sec:  2.861E+01
 Iteration:  00000008   DeltaT:  1.022E-05   Iter/sec:  2.633E+01
 Iteration:  00000009   DeltaT:  1.022E-05   Iter/sec:  2.820E+01
 Iteration:  00000010   DeltaT:  1.022E-05   Iter/sec:  2.714E+01
 Iteration:  00000011   DeltaT:  1.022E-05   Iter/sec:  2.777E+01
 Iteration:  00000012   DeltaT:  1.022E-05   Iter/sec:  2.769E+01
 Iteration:  00000013   DeltaT:  1.022E-05   Iter/sec:  2.730E+01
 Iteration:  00000014   DeltaT:  1.022E-05   Iter/sec:  2.612E+01
 Iteration:  00000015   DeltaT:  1.022E-05   Iter/sec:  2.764E+01
 Iteration:  00000016   DeltaT:  1.022E-05   Iter/sec:  2.734E+01
 Iteration:  00000017   DeltaT:  1.022E-05   Iter/sec:  2.737E+01
 Iteration:  00000018   DeltaT:  1.022E-05   Iter/sec:  2.846E+01
 Iteration:  00000019   DeltaT:  1.022E-05   Iter/sec:  2.708E+01
 Iteration:  00000020   DeltaT:  1.022E-05   Iter/sec:  2.721E+01
 Iteration:  00000021   DeltaT:  1.022E-05   Iter/sec:  2.808E+01
 Iteration:  00000022   DeltaT:  1.022E-05   Iter/sec:  2.754E+01
 Iteration:  00000023   DeltaT:  1.022E-05   Iter/sec:  2.898E+01
 Iteration:  00000024   DeltaT:  1.022E-05   Iter/sec:  2.763E+01
 Iteration:  00000025   DeltaT:  1.022E-05   Iter/sec:  2.798E+01
 Iteration:  00000026   DeltaT:  1.022E-05   Iter/sec:  2.792E+01
 Iteration:  00000027   DeltaT:  1.022E-05   Iter/sec:  2.600E+01
 Iteration:  00000028   DeltaT:  1.022E-05   Iter/sec:  2.892E+01
 Iteration:  00000029   DeltaT:  1.022E-05   Iter/sec:  2.771E+01
 Iteration:  00000030   DeltaT:  1.022E-05   Iter/sec:  2.727E+01
 Iteration:  00000031   DeltaT:  1.022E-05   Iter/sec:  2.748E+01
 Iteration:  00000032   DeltaT:  1.022E-05   Iter/sec:  2.980E+01
 Iteration:  00000033   DeltaT:  1.022E-05   Iter/sec:  2.713E+01
 Iteration:  00000034   DeltaT:  1.022E-05   Iter/sec:  2.864E+01
 Iteration:  00000035   DeltaT:  1.022E-05   Iter/sec:  2.627E+01
 Iteration:  00000036   DeltaT:  1.022E-05   Iter/sec:  2.771E+01
 Iteration:  00000037   DeltaT:  1.022E-05   Iter/sec:  2.894E+01
 Iteration:  00000038   DeltaT:  1.022E-05   Iter/sec:  2.757E+01
 Iteration:  00000039   DeltaT:  1.022E-05   Iter/sec:  2.764E+01
 Iteration:  00000040   DeltaT:  1.022E-05   Iter/sec:  2.905E+01
 Iteration:  00000041   DeltaT:  1.022E-05   Iter/sec:  2.722E+01
 Iteration:  00000042   DeltaT:  1.022E-05   Iter/sec:  2.842E+01
 Iteration:  00000043   DeltaT:  1.022E-05   Iter/sec:  2.711E+01
 Iteration:  00000044   DeltaT:  1.022E-05   Iter/sec:  2.971E+01
 Iteration:  00000045   DeltaT:  1.022E-05   Iter/sec:  2.707E+01
 Iteration:  00000046   DeltaT:  1.022E-05   Iter/sec:  2.821E+01
 Iteration:  00000047   DeltaT:  1.022E-05   Iter/sec:  2.737E+01
 Iteration:  00000048   DeltaT:  1.022E-05   Iter/sec:  2.674E+01
 Iteration:  00000049   DeltaT:  1.022E-05   Iter/sec:  2.778E+01
 Iteration:  00000050   DeltaT:  1.022E-05   Iter/sec:  2.751E+01


//////////////////////////////////////////////
   Measured Timings for Process 0  (seconds)

 Elapsed time:         2.6942
  Column time:         0.6355
     Row time:         0.6309
Legendre time:         0.1485
     FFT time:         0.1004
   Solve time:         0.0604
    rlma time:         0.0259
    rlmb time:         0.0108
  pspace time:         0.0857
  psolve time:         0.0981
    dphi time:         0.0086
captured time:         1.8048

     iter/sec:        18.1869
//////////////////////////////////////////////
