 //////////////////////////////////////
 Initializating Rayleigh...

 -- Initalizing MPI...
 ---- Specified parameters:
 ---- NCPU  :    256
 ---- NPROW :     16
 ---- NPCOL :     16
 -- MPI initialized.


 -- Initalizing Grid...
 ---- Specified parameters ----
 ---- N_R                 :    128
 ---- N_THETA             :    192
 ---- Ell_MAX             :    127
 ---- R_MIN               :  5.38462E-01
 ---- R_MAX               :  1.53846E+00
 ---- Chebyshev Domains   :      1

        Domain 1
          Grid points           :  128
          Dealiased Polynomials :  85
          Domain Lower Bound    :  5.38462E-01
          Domain Upper Bound    :  1.53846E+00

 -- Grid initialized.

 -- Initalizing Reference State...
 ---- Specified parameters:
 ---- Reference type           :  Boussinesq (Non-dimensional)
 ---- Rayleigh Number          :  1.00000E+05
 ---- Ekman Number             :  1.00000E-03
 ---- Prandtl Number           :  1.00000E+00
 ---- Magnetic Prandtl Number  :  5.00000E+00
 -- Reference State initialized.

 -- Initializing Fields...
 ---- Specified parameters:
 ---- Hydro Init Type    : Benchmark (Christensen et al. 2001)
 ---- Magnetic Init Type : Benchmark (Christensen et al. 2001)
 -- Fields initialized.

 Initialization Complete.
 //////////////////////////////////////

 Timestep has changed from  0.00000E+00 to  1.00000E-04.
 Iteration:  00000001   DeltaT:  1.000E-04   Iter/sec:  0.000E+00
 Timestep has changed from  1.00000E-04 to  2.55581E-06.
 Iteration:  00000002   DeltaT:  2.556E-06   Iter/sec:  5.259E+00
 Iteration:  00000003   DeltaT:  2.556E-06   Iter/sec:  9.213E+00
 Iteration:  00000004   DeltaT:  2.556E-06   Iter/sec:  1.179E+01
 Iteration:  00000005   DeltaT:  2.556E-06   Iter/sec:  1.215E+01
 Iteration:  00000006   DeltaT:  2.556E-06   Iter/sec:  1.696E+01
 Iteration:  00000007   DeltaT:  2.556E-06   Iter/sec:  1.744E+01
 Iteration:  00000008   DeltaT:  2.556E-06   Iter/sec:  1.711E+01
 Iteration:  00000009   DeltaT:  2.556E-06   Iter/sec:  1.729E+01
 Iteration:  00000010   DeltaT:  2.556E-06   Iter/sec:  1.675E+01
 Iteration:  00000011   DeltaT:  2.556E-06   Iter/sec:  1.778E+01
 Iteration:  00000012   DeltaT:  2.556E-06   Iter/sec:  1.805E+01
 Iteration:  00000013   DeltaT:  2.556E-06   Iter/sec:  1.716E+01
 Iteration:  00000014   DeltaT:  2.556E-06   Iter/sec:  1.792E+01
 Iteration:  00000015   DeltaT:  2.556E-06   Iter/sec:  1.250E+01
 Iteration:  00000016   DeltaT:  2.556E-06   Iter/sec:  1.741E+01
 Iteration:  00000017   DeltaT:  2.556E-06   Iter/sec:  1.785E+01
 Iteration:  00000018   DeltaT:  2.556E-06   Iter/sec:  1.575E+01
 Iteration:  00000019   DeltaT:  2.556E-06   Iter/sec:  1.229E+01
 Iteration:  00000020   DeltaT:  2.556E-06   Iter/sec:  1.199E+01
 Iteration:  00000021   DeltaT:  2.556E-06   Iter/sec:  1.755E+01
 Iteration:  00000022   DeltaT:  2.556E-06   Iter/sec:  1.730E+01
 Iteration:  00000023   DeltaT:  2.556E-06   Iter/sec:  1.746E+01
 Iteration:  00000024   DeltaT:  2.556E-06   Iter/sec:  1.736E+01
 Iteration:  00000025   DeltaT:  2.556E-06   Iter/sec:  1.554E+01
 Iteration:  00000026   DeltaT:  2.556E-06   Iter/sec:  1.705E+01
 Iteration:  00000027   DeltaT:  2.556E-06   Iter/sec:  1.713E+01
 Iteration:  00000028   DeltaT:  2.556E-06   Iter/sec:  1.786E+01
 Iteration:  00000029   DeltaT:  2.556E-06   Iter/sec:  1.307E+01
 Iteration:  00000030   DeltaT:  2.556E-06   Iter/sec:  1.736E+01
 Iteration:  00000031   DeltaT:  2.556E-06   Iter/sec:  1.771E+01
 Iteration:  00000032   DeltaT:  2.556E-06   Iter/sec:  1.736E+01
 Iteration:  00000033   DeltaT:  2.556E-06   Iter/sec:  1.740E+01
 Iteration:  00000034   DeltaT:  2.556E-06   Iter/sec:  1.751E+01
 Iteration:  00000035   DeltaT:  2.556E-06   Iter/sec:  1.087E+01
 Iteration:  00000036   DeltaT:  2.556E-06   Iter/sec:  1.737E+01
 Iteration:  00000037   DeltaT:  2.556E-06   Iter/sec:  1.513E+01
 Iteration:  00000038   DeltaT:  2.556E-06   Iter/sec:  1.764E+01
 Iteration:  00000039   DeltaT:  2.556E-06   Iter/sec:  1.776E+01
 Iteration:  00000040   DeltaT:  2.556E-06   Iter/sec:  1.715E+01
 Iteration:  00000041   DeltaT:  2.556E-06   Iter/sec:  1.754E+01
 Iteration:  00000042   DeltaT:  2.556E-06   Iter/sec:  1.730E+01
 Iteration:  00000043   DeltaT:  2.556E-06   Iter/sec:  1.790E+01
 Iteration:  00000044   DeltaT:  2.556E-06   Iter/sec:  1.720E+01
 Iteration:  00000045   DeltaT:  2.556E-06   Iter/sec:  1.718E+01
 Iteration:  00000046   DeltaT:  2.556E-06   Iter/sec:  1.076E+01
 Iteration:  00000047   DeltaT:  2.556E-06   Iter/sec:  1.730E+01
 Iteration:  00000048   DeltaT:  2.556E-06   Iter/sec:  1.540E+01
 Iteration:  00000049   DeltaT:  2.556E-06   Iter/sec:  1.736E+01
 Iteration:  00000050   DeltaT:  2.556E-06   Iter/sec:  1.729E+01


//////////////////////////////////////////////
   Measured Timings for Process 0  (seconds)

 Elapsed time:         3.6009
  Column time:         0.8074
     Row time:         0.8902
Legendre time:         0.2889
     FFT time:         0.2355
   Solve time:         0.2321
    rlma time:         0.0435
    rlmb time:         0.0164
  pspace time:         0.3606
  psolve time:         0.3023
    dphi time:         0.0332
captured time:         3.2101

     iter/sec:        13.6078
//////////////////////////////////////////////
