 //////////////////////////////////////
 Initializating Rayleigh...

 -- Initalizing MPI...
 ---- Specified parameters:
 ---- NCPU  :    256
 ---- NPROW :     16
 ---- NPCOL :     16
 -- MPI initialized.


 -- Initalizing Grid...
 ---- Specified parameters ----
 ---- N_R                 :    128
 ---- N_THETA             :    768
 ---- Ell_MAX             :    511
 ---- R_MIN               :  5.38462E-01
 ---- R_MAX               :  1.53846E+00
 ---- Chebyshev Domains   :      1

        Domain 1
          Grid points           :  128
          Dealiased Polynomials :  85
          Domain Lower Bound    :  5.38462E-01
          Domain Upper Bound    :  1.53846E+00

 -- Grid initialized.

 -- Initalizing Reference State...
 ---- Specified parameters:
 ---- Reference type           :  Boussinesq (Non-dimensional)
 ---- Rayleigh Number          :  1.00000E+05
 ---- Ekman Number             :  1.00000E-03
 ---- Prandtl Number           :  1.00000E+00
 ---- Magnetic Prandtl Number  :  5.00000E+00
 -- Reference State initialized.

 -- Initializing Fields...
 ---- Specified parameters:
 ---- Hydro Init Type    : Benchmark (Christensen et al. 2001)
 ---- Magnetic Init Type : Benchmark (Christensen et al. 2001)
 -- Fields initialized.

 Initialization Complete.
 //////////////////////////////////////

 Timestep has changed from  0.00000E+00 to  1.00000E-04.
 Iteration:  00000001   DeltaT:  1.000E-04   Iter/sec:  0.000E+00
 Timestep has changed from  1.00000E-04 to  2.55562E-06.
 Iteration:  00000002   DeltaT:  2.556E-06   Iter/sec:  4.021E-01
 Iteration:  00000003   DeltaT:  2.556E-06   Iter/sec:  7.080E-01
 Iteration:  00000004   DeltaT:  2.556E-06   Iter/sec:  8.212E-01
 Iteration:  00000005   DeltaT:  2.556E-06   Iter/sec:  7.948E-01
 Iteration:  00000006   DeltaT:  2.556E-06   Iter/sec:  7.862E-01
 Iteration:  00000007   DeltaT:  2.556E-06   Iter/sec:  8.142E-01
 Iteration:  00000008   DeltaT:  2.556E-06   Iter/sec:  7.552E-01
 Iteration:  00000009   DeltaT:  2.556E-06   Iter/sec:  8.274E-01
 Iteration:  00000010   DeltaT:  2.556E-06   Iter/sec:  7.915E-01
 Iteration:  00000011   DeltaT:  2.556E-06   Iter/sec:  8.144E-01
 Iteration:  00000012   DeltaT:  2.556E-06   Iter/sec:  7.947E-01
 Iteration:  00000013   DeltaT:  2.556E-06   Iter/sec:  7.835E-01
 Iteration:  00000014   DeltaT:  2.556E-06   Iter/sec:  8.023E-01
 Iteration:  00000015   DeltaT:  2.556E-06   Iter/sec:  7.986E-01
 Iteration:  00000016   DeltaT:  2.556E-06   Iter/sec:  7.488E-01
 Iteration:  00000017   DeltaT:  2.556E-06   Iter/sec:  8.194E-01
 Iteration:  00000018   DeltaT:  2.556E-06   Iter/sec:  7.752E-01
 Iteration:  00000019   DeltaT:  2.556E-06   Iter/sec:  8.142E-01
 Iteration:  00000020   DeltaT:  2.556E-06   Iter/sec:  8.018E-01
 Iteration:  00000021   DeltaT:  2.556E-06   Iter/sec:  7.415E-01
 Iteration:  00000022   DeltaT:  2.556E-06   Iter/sec:  8.148E-01
 Iteration:  00000023   DeltaT:  2.556E-06   Iter/sec:  8.103E-01
 Iteration:  00000024   DeltaT:  2.556E-06   Iter/sec:  7.901E-01
 Iteration:  00000025   DeltaT:  2.556E-06   Iter/sec:  7.707E-01
 Iteration:  00000026   DeltaT:  2.556E-06   Iter/sec:  7.740E-01
 Iteration:  00000027   DeltaT:  2.556E-06   Iter/sec:  8.030E-01
 Iteration:  00000028   DeltaT:  2.556E-06   Iter/sec:  7.732E-01
 Iteration:  00000029   DeltaT:  2.556E-06   Iter/sec:  8.376E-01
 Iteration:  00000030   DeltaT:  2.556E-06   Iter/sec:  7.926E-01
 Iteration:  00000031   DeltaT:  2.556E-06   Iter/sec:  7.595E-01
 Iteration:  00000032   DeltaT:  2.556E-06   Iter/sec:  8.022E-01
 Iteration:  00000033   DeltaT:  2.556E-06   Iter/sec:  8.053E-01
 Iteration:  00000034   DeltaT:  2.556E-06   Iter/sec:  7.970E-01
 Iteration:  00000035   DeltaT:  2.556E-06   Iter/sec:  8.049E-01
 Iteration:  00000036   DeltaT:  2.556E-06   Iter/sec:  7.939E-01
 Iteration:  00000037   DeltaT:  2.556E-06   Iter/sec:  7.980E-01
 Iteration:  00000038   DeltaT:  2.556E-06   Iter/sec:  7.960E-01
 Iteration:  00000039   DeltaT:  2.556E-06   Iter/sec:  7.671E-01
 Iteration:  00000040   DeltaT:  2.556E-06   Iter/sec:  7.995E-01
 Iteration:  00000041   DeltaT:  2.556E-06   Iter/sec:  8.052E-01
 Iteration:  00000042   DeltaT:  2.556E-06   Iter/sec:  7.920E-01
 Iteration:  00000043   DeltaT:  2.556E-06   Iter/sec:  7.886E-01
 Iteration:  00000044   DeltaT:  2.556E-06   Iter/sec:  7.403E-01
 Iteration:  00000045   DeltaT:  2.556E-06   Iter/sec:  8.156E-01
 Iteration:  00000046   DeltaT:  2.556E-06   Iter/sec:  7.387E-01
 Iteration:  00000047   DeltaT:  2.556E-06   Iter/sec:  8.219E-01
 Iteration:  00000048   DeltaT:  2.556E-06   Iter/sec:  7.828E-01
 Iteration:  00000049   DeltaT:  2.556E-06   Iter/sec:  7.987E-01
 Iteration:  00000050   DeltaT:  2.556E-06   Iter/sec:  7.804E-01


//////////////////////////////////////////////
   Measured Timings for Process 0  (seconds)

 Elapsed time:        68.5239
  Column time:        11.4549
     Row time:        19.1561
Legendre time:         9.6489
     FFT time:         3.8526
   Solve time:         1.4093
    rlma time:         0.9455
    rlmb time:         0.4996
  pspace time:         8.9009
  psolve time:         6.5204
    dphi time:         0.4016
captured time:        62.7899

     iter/sec:         0.7151
//////////////////////////////////////////////
