 //////////////////////////////////////
 Initializating Rayleigh...

 -- Initalizing MPI...
 ---- Specified parameters:
 ---- NCPU  :     64
 ---- NPROW :      8
 ---- NPCOL :      8
 -- MPI initialized.


 -- Initalizing Grid...
 ---- Specified parameters ----
 ---- N_R                 :    128
 ---- N_THETA             :    384
 ---- Ell_MAX             :    255
 ---- R_MIN               :  5.38462E-01
 ---- R_MAX               :  1.53846E+00
 ---- Chebyshev Domains   :      1

        Domain 1
          Grid points           :  128
          Dealiased Polynomials :  85
          Domain Lower Bound    :  5.38462E-01
          Domain Upper Bound    :  1.53846E+00

 -- Grid initialized.

 -- Initalizing Reference State...
 ---- Specified parameters:
 ---- Reference type           :  Boussinesq (Non-dimensional)
 ---- Rayleigh Number          :  1.00000E+05
 ---- Ekman Number             :  1.00000E-03
 ---- Prandtl Number           :  1.00000E+00
 ---- Magnetic Prandtl Number  :  5.00000E+00
 -- Reference State initialized.

 -- Initializing Fields...
 ---- Specified parameters:
 ---- Hydro Init Type    : Benchmark (Christensen et al. 2001)
 ---- Magnetic Init Type : Benchmark (Christensen et al. 2001)
 -- Fields initialized.

 Initialization Complete.
 //////////////////////////////////////

 Timestep has changed from  0.00000E+00 to  1.00000E-04.
 Iteration:  00000001   DeltaT:  1.000E-04   Iter/sec:  0.000E+00
 Timestep has changed from  1.00000E-04 to  2.55566E-06.
 Iteration:  00000002   DeltaT:  2.556E-06   Iter/sec:  6.106E-01
 Iteration:  00000003   DeltaT:  2.556E-06   Iter/sec:  7.802E-01
 Iteration:  00000004   DeltaT:  2.556E-06   Iter/sec:  8.844E-01
 Iteration:  00000005   DeltaT:  2.556E-06   Iter/sec:  8.913E-01
 Iteration:  00000006   DeltaT:  2.556E-06   Iter/sec:  8.680E-01
 Iteration:  00000007   DeltaT:  2.556E-06   Iter/sec:  9.020E-01
 Iteration:  00000008   DeltaT:  2.556E-06   Iter/sec:  8.713E-01
 Iteration:  00000009   DeltaT:  2.556E-06   Iter/sec:  8.866E-01
 Iteration:  00000010   DeltaT:  2.556E-06   Iter/sec:  8.695E-01
 Iteration:  00000011   DeltaT:  2.556E-06   Iter/sec:  8.781E-01
 Iteration:  00000012   DeltaT:  2.556E-06   Iter/sec:  8.858E-01
 Iteration:  00000013   DeltaT:  2.556E-06   Iter/sec:  8.758E-01
 Iteration:  00000014   DeltaT:  2.556E-06   Iter/sec:  8.743E-01
 Iteration:  00000015   DeltaT:  2.556E-06   Iter/sec:  8.599E-01
 Iteration:  00000016   DeltaT:  2.556E-06   Iter/sec:  8.745E-01
 Iteration:  00000017   DeltaT:  2.556E-06   Iter/sec:  8.781E-01
 Iteration:  00000018   DeltaT:  2.556E-06   Iter/sec:  9.019E-01
 Iteration:  00000019   DeltaT:  2.556E-06   Iter/sec:  8.731E-01
 Iteration:  00000020   DeltaT:  2.556E-06   Iter/sec:  8.667E-01
 Iteration:  00000021   DeltaT:  2.556E-06   Iter/sec:  8.747E-01
 Iteration:  00000022   DeltaT:  2.556E-06   Iter/sec:  8.769E-01
 Iteration:  00000023   DeltaT:  2.556E-06   Iter/sec:  8.738E-01
 Iteration:  00000024   DeltaT:  2.556E-06   Iter/sec:  8.813E-01
 Iteration:  00000025   DeltaT:  2.556E-06   Iter/sec:  8.708E-01
 Iteration:  00000026   DeltaT:  2.556E-06   Iter/sec:  8.802E-01
 Iteration:  00000027   DeltaT:  2.556E-06   Iter/sec:  8.594E-01
 Iteration:  00000028   DeltaT:  2.556E-06   Iter/sec:  8.708E-01
 Iteration:  00000029   DeltaT:  2.556E-06   Iter/sec:  8.874E-01
 Iteration:  00000030   DeltaT:  2.556E-06   Iter/sec:  8.726E-01
 Iteration:  00000031   DeltaT:  2.556E-06   Iter/sec:  8.799E-01
 Iteration:  00000032   DeltaT:  2.556E-06   Iter/sec:  8.796E-01
 Iteration:  00000033   DeltaT:  2.556E-06   Iter/sec:  8.831E-01
 Iteration:  00000034   DeltaT:  2.556E-06   Iter/sec:  9.009E-01
 Iteration:  00000035   DeltaT:  2.556E-06   Iter/sec:  8.759E-01
 Iteration:  00000036   DeltaT:  2.556E-06   Iter/sec:  8.758E-01
 Iteration:  00000037   DeltaT:  2.556E-06   Iter/sec:  8.716E-01
 Iteration:  00000038   DeltaT:  2.556E-06   Iter/sec:  8.857E-01
 Iteration:  00000039   DeltaT:  2.556E-06   Iter/sec:  8.637E-01
 Iteration:  00000040   DeltaT:  2.556E-06   Iter/sec:  8.186E-01
 Iteration:  00000041   DeltaT:  2.556E-06   Iter/sec:  8.208E-01
 Iteration:  00000042   DeltaT:  2.556E-06   Iter/sec:  8.754E-01
 Iteration:  00000043   DeltaT:  2.556E-06   Iter/sec:  8.789E-01
 Iteration:  00000044   DeltaT:  2.556E-06   Iter/sec:  8.775E-01
 Iteration:  00000045   DeltaT:  2.556E-06   Iter/sec:  8.715E-01
 Iteration:  00000046   DeltaT:  2.556E-06   Iter/sec:  8.938E-01
 Iteration:  00000047   DeltaT:  2.556E-06   Iter/sec:  8.674E-01
 Iteration:  00000048   DeltaT:  2.556E-06   Iter/sec:  8.650E-01
 Iteration:  00000049   DeltaT:  2.556E-06   Iter/sec:  8.840E-01
 Iteration:  00000050   DeltaT:  2.556E-06   Iter/sec:  8.724E-01


//////////////////////////////////////////////
   Measured Timings for Process 0  (seconds)

 Elapsed time:        59.9166
  Column time:         5.9508
     Row time:        20.7405
Legendre time:         7.8261
     FFT time:         4.0068
   Solve time:         1.4462
    rlma time:         1.2430
    rlmb time:         0.5771
  pspace time:         7.8281
  psolve time:         6.6943
    dphi time:         0.2988
captured time:        56.6118

     iter/sec:         0.8178
//////////////////////////////////////////////
