 //////////////////////////////////////
 Initializating Rayleigh...

 -- Initalizing MPI...
 ---- Specified parameters:
 ---- NCPU  :    512
 ---- NPROW :     32
 ---- NPCOL :     16
 -- MPI initialized.


 -- Initalizing Grid...
 ---- Specified parameters ----
 ---- N_R                 :     64
 ---- N_THETA             :    768
 ---- Ell_MAX             :    511
 ---- R_MIN               :  5.38462E-01
 ---- R_MAX               :  1.53846E+00
 ---- Chebyshev Domains   :      1

        Domain 1
          Grid points           :  64
          Dealiased Polynomials :  42
          Domain Lower Bound    :  5.38462E-01
          Domain Upper Bound    :  1.53846E+00

 -- Grid initialized.

 -- Initalizing Reference State...
 ---- Specified parameters:
 ---- Reference type           :  Boussinesq (Non-dimensional)
 ---- Rayleigh Number          :  1.00000E+05
 ---- Ekman Number             :  1.00000E-03
 ---- Prandtl Number           :  1.00000E+00
 ---- Magnetic Prandtl Number  :  5.00000E+00
 -- Reference State initialized.

 -- Initializing Fields...
 ---- Specified parameters:
 ---- Hydro Init Type    : Benchmark (Christensen et al. 2001)
 ---- Magnetic Init Type : Benchmark (Christensen et al. 2001)
 -- Fields initialized.

 Initialization Complete.
 //////////////////////////////////////

 Timestep has changed from  0.00000E+00 to  1.00000E-04.
 Iteration:  00000001   DeltaT:  1.000E-04   Iter/sec:  0.000E+00
 Timestep has changed from  1.00000E-04 to  8.93257E-06.
 Iteration:  00000002   DeltaT:  8.933E-06   Iter/sec:  1.029E+00
 Iteration:  00000003   DeltaT:  8.933E-06   Iter/sec:  2.830E+00
 Iteration:  00000004   DeltaT:  8.933E-06   Iter/sec:  2.880E+00
 Iteration:  00000005   DeltaT:  8.933E-06   Iter/sec:  2.864E+00
 Iteration:  00000006   DeltaT:  8.933E-06   Iter/sec:  3.014E+00
 Iteration:  00000007   DeltaT:  8.933E-06   Iter/sec:  2.872E+00
 Iteration:  00000008   DeltaT:  8.933E-06   Iter/sec:  2.965E+00
 Iteration:  00000009   DeltaT:  8.933E-06   Iter/sec:  2.895E+00
 Iteration:  00000010   DeltaT:  8.933E-06   Iter/sec:  2.882E+00
 Iteration:  00000011   DeltaT:  8.933E-06   Iter/sec:  2.992E+00
 Iteration:  00000012   DeltaT:  8.933E-06   Iter/sec:  2.906E+00
 Iteration:  00000013   DeltaT:  8.933E-06   Iter/sec:  2.863E+00
 Iteration:  00000014   DeltaT:  8.933E-06   Iter/sec:  2.881E+00
 Iteration:  00000015   DeltaT:  8.933E-06   Iter/sec:  2.899E+00
 Iteration:  00000016   DeltaT:  8.933E-06   Iter/sec:  2.763E+00
 Iteration:  00000017   DeltaT:  8.933E-06   Iter/sec:  3.090E+00
 Iteration:  00000018   DeltaT:  8.933E-06   Iter/sec:  2.897E+00
 Iteration:  00000019   DeltaT:  8.933E-06   Iter/sec:  2.553E+00
 Iteration:  00000020   DeltaT:  8.933E-06   Iter/sec:  3.066E+00
 Iteration:  00000021   DeltaT:  8.933E-06   Iter/sec:  2.814E+00
 Iteration:  00000022   DeltaT:  8.933E-06   Iter/sec:  2.675E+00
 Iteration:  00000023   DeltaT:  8.933E-06   Iter/sec:  2.888E+00
 Iteration:  00000024   DeltaT:  8.933E-06   Iter/sec:  2.945E+00
 Iteration:  00000025   DeltaT:  8.933E-06   Iter/sec:  2.871E+00
 Iteration:  00000026   DeltaT:  8.933E-06   Iter/sec:  2.843E+00
 Iteration:  00000027   DeltaT:  8.933E-06   Iter/sec:  2.829E+00
 Iteration:  00000028   DeltaT:  8.933E-06   Iter/sec:  2.743E+00
 Iteration:  00000029   DeltaT:  8.933E-06   Iter/sec:  2.890E+00
 Iteration:  00000030   DeltaT:  8.933E-06   Iter/sec:  2.868E+00
 Iteration:  00000031   DeltaT:  8.933E-06   Iter/sec:  2.906E+00
 Iteration:  00000032   DeltaT:  8.933E-06   Iter/sec:  3.018E+00
 Iteration:  00000033   DeltaT:  8.933E-06   Iter/sec:  2.842E+00
 Iteration:  00000034   DeltaT:  8.933E-06   Iter/sec:  2.903E+00
 Iteration:  00000035   DeltaT:  8.933E-06   Iter/sec:  2.883E+00
 Iteration:  00000036   DeltaT:  8.933E-06   Iter/sec:  2.897E+00
 Iteration:  00000037   DeltaT:  8.933E-06   Iter/sec:  2.882E+00
 Iteration:  00000038   DeltaT:  8.933E-06   Iter/sec:  2.839E+00
 Iteration:  00000039   DeltaT:  8.933E-06   Iter/sec:  2.581E+00
 Iteration:  00000040   DeltaT:  8.933E-06   Iter/sec:  3.007E+00
 Iteration:  00000041   DeltaT:  8.933E-06   Iter/sec:  2.712E+00
 Iteration:  00000042   DeltaT:  8.933E-06   Iter/sec:  2.993E+00
 Iteration:  00000043   DeltaT:  8.933E-06   Iter/sec:  2.908E+00
 Iteration:  00000044   DeltaT:  8.933E-06   Iter/sec:  2.956E+00
 Iteration:  00000045   DeltaT:  8.933E-06   Iter/sec:  2.908E+00
 Iteration:  00000046   DeltaT:  8.933E-06   Iter/sec:  2.930E+00
 Iteration:  00000047   DeltaT:  8.933E-06   Iter/sec:  2.834E+00
 Iteration:  00000048   DeltaT:  8.933E-06   Iter/sec:  2.526E+00
 Iteration:  00000049   DeltaT:  8.933E-06   Iter/sec:  3.001E+00
 Iteration:  00000050   DeltaT:  8.933E-06   Iter/sec:  2.651E+00


//////////////////////////////////////////////
   Measured Timings for Process 0  (seconds)

 Elapsed time:        19.3735
  Column time:         4.7541
     Row time:         6.0279
Legendre time:         2.0614
     FFT time:         0.9230
   Solve time:         0.2448
    rlma time:         0.1767
    rlmb time:         0.0805
  pspace time:         1.7914
  psolve time:         1.2054
    dphi time:         0.0688
captured time:        17.3342

     iter/sec:         2.5292
//////////////////////////////////////////////
