 //////////////////////////////////////
 Initializating Rayleigh...

 -- Initalizing MPI...
 ---- Specified parameters:
 ---- NCPU  :   1024
 ---- NPROW :     32
 ---- NPCOL :     32
 -- MPI initialized.


 -- Initalizing Grid...
 ---- Specified parameters ----
 ---- N_R                 :    128
 ---- N_THETA             :    192
 ---- Ell_MAX             :    127
 ---- R_MIN               :  5.38462E-01
 ---- R_MAX               :  1.53846E+00
 ---- Chebyshev Domains   :      1

        Domain 1
          Grid points           :  128
          Dealiased Polynomials :  85
          Domain Lower Bound    :  5.38462E-01
          Domain Upper Bound    :  1.53846E+00

 -- Grid initialized.

 -- Initalizing Reference State...
 ---- Specified parameters:
 ---- Reference type           :  Boussinesq (Non-dimensional)
 ---- Rayleigh Number          :  1.00000E+05
 ---- Ekman Number             :  1.00000E-03
 ---- Prandtl Number           :  1.00000E+00
 ---- Magnetic Prandtl Number  :  5.00000E+00
 -- Reference State initialized.

 -- Initializing Fields...
 ---- Specified parameters:
 ---- Hydro Init Type    : Benchmark (Christensen et al. 2001)
 ---- Magnetic Init Type : Benchmark (Christensen et al. 2001)
 -- Fields initialized.

 Initialization Complete.
 //////////////////////////////////////

 Timestep has changed from  0.00000E+00 to  1.00000E-04.
 Iteration:  00000001   DeltaT:  1.000E-04   Iter/sec:  0.000E+00
 Timestep has changed from  1.00000E-04 to  2.55581E-06.
 Iteration:  00000002   DeltaT:  2.556E-06   Iter/sec:  7.600E+00
 Iteration:  00000003   DeltaT:  2.556E-06   Iter/sec:  2.451E+01
 Iteration:  00000004   DeltaT:  2.556E-06   Iter/sec:  6.170E+01
 Iteration:  00000005   DeltaT:  2.556E-06   Iter/sec:  5.419E+01
 Iteration:  00000006   DeltaT:  2.556E-06   Iter/sec:  5.187E+01
 Iteration:  00000007   DeltaT:  2.556E-06   Iter/sec:  6.226E+01
 Iteration:  00000008   DeltaT:  2.556E-06   Iter/sec:  6.240E+01
 Iteration:  00000009   DeltaT:  2.556E-06   Iter/sec:  6.357E+01
 Iteration:  00000010   DeltaT:  2.556E-06   Iter/sec:  6.154E+01
 Iteration:  00000011   DeltaT:  2.556E-06   Iter/sec:  6.581E+01
 Iteration:  00000012   DeltaT:  2.556E-06   Iter/sec:  6.130E+01
 Iteration:  00000013   DeltaT:  2.556E-06   Iter/sec:  6.394E+01
 Iteration:  00000014   DeltaT:  2.556E-06   Iter/sec:  6.337E+01
 Iteration:  00000015   DeltaT:  2.556E-06   Iter/sec:  6.017E+01
 Iteration:  00000016   DeltaT:  2.556E-06   Iter/sec:  6.353E+01
 Iteration:  00000017   DeltaT:  2.556E-06   Iter/sec:  6.388E+01
 Iteration:  00000018   DeltaT:  2.556E-06   Iter/sec:  6.146E+01
 Iteration:  00000019   DeltaT:  2.556E-06   Iter/sec:  6.479E+01
 Iteration:  00000020   DeltaT:  2.556E-06   Iter/sec:  6.474E+01
 Iteration:  00000021   DeltaT:  2.556E-06   Iter/sec:  5.811E+01
 Iteration:  00000022   DeltaT:  2.556E-06   Iter/sec:  2.259E+01
 Iteration:  00000023   DeltaT:  2.556E-06   Iter/sec:  5.543E+01
 Iteration:  00000024   DeltaT:  2.556E-06   Iter/sec:  4.582E+01
 Iteration:  00000025   DeltaT:  2.556E-06   Iter/sec:  3.644E+01
 Iteration:  00000026   DeltaT:  2.556E-06   Iter/sec:  3.176E+01
 Iteration:  00000027   DeltaT:  2.556E-06   Iter/sec:  5.205E+01
 Iteration:  00000028   DeltaT:  2.556E-06   Iter/sec:  5.174E+01
 Iteration:  00000029   DeltaT:  2.556E-06   Iter/sec:  6.441E+01
 Iteration:  00000030   DeltaT:  2.556E-06   Iter/sec:  6.122E+01
 Iteration:  00000031   DeltaT:  2.556E-06   Iter/sec:  6.068E+01
 Iteration:  00000032   DeltaT:  2.556E-06   Iter/sec:  6.694E+01
 Iteration:  00000033   DeltaT:  2.556E-06   Iter/sec:  6.397E+01
 Iteration:  00000034   DeltaT:  2.556E-06   Iter/sec:  6.424E+01
 Iteration:  00000035   DeltaT:  2.556E-06   Iter/sec:  6.265E+01
 Iteration:  00000036   DeltaT:  2.556E-06   Iter/sec:  6.339E+01
 Iteration:  00000037   DeltaT:  2.556E-06   Iter/sec:  6.150E+01
 Iteration:  00000038   DeltaT:  2.556E-06   Iter/sec:  6.363E+01
 Iteration:  00000039   DeltaT:  2.556E-06   Iter/sec:  6.366E+01
 Iteration:  00000040   DeltaT:  2.556E-06   Iter/sec:  6.390E+01
 Iteration:  00000041   DeltaT:  2.556E-06   Iter/sec:  6.433E+01
 Iteration:  00000042   DeltaT:  2.556E-06   Iter/sec:  6.202E+01
 Iteration:  00000043   DeltaT:  2.556E-06   Iter/sec:  6.346E+01
 Iteration:  00000044   DeltaT:  2.556E-06   Iter/sec:  5.222E+01
 Iteration:  00000045   DeltaT:  2.556E-06   Iter/sec:  3.788E+01
 Iteration:  00000046   DeltaT:  2.556E-06   Iter/sec:  6.418E+01
 Iteration:  00000047   DeltaT:  2.556E-06   Iter/sec:  6.564E+01
 Iteration:  00000048   DeltaT:  2.556E-06   Iter/sec:  6.283E+01
 Iteration:  00000049   DeltaT:  2.556E-06   Iter/sec:  6.286E+01
 Iteration:  00000050   DeltaT:  2.556E-06   Iter/sec:  6.330E+01


//////////////////////////////////////////////
   Measured Timings for Process 0  (seconds)

 Elapsed time:         1.5674
  Column time:         0.3759
     Row time:         0.2102
Legendre time:         0.0499
     FFT time:         0.0352
   Solve time:         0.1169
    rlma time:         0.0123
    rlmb time:         0.0054
  pspace time:         0.0228
  psolve time:         0.0954
    dphi time:         0.0027
captured time:         0.9266

     iter/sec:        31.2614
//////////////////////////////////////////////
