 //////////////////////////////////////
 Initializating Rayleigh...

 -- Initalizing MPI...
 ---- Specified parameters:
 ---- NCPU  :    256
 ---- NPROW :     16
 ---- NPCOL :     16
 -- MPI initialized.


 -- Initalizing Grid...
 ---- Specified parameters ----
 ---- N_R                 :     64
 ---- N_THETA             :    192
 ---- Ell_MAX             :    127
 ---- R_MIN               :  5.38462E-01
 ---- R_MAX               :  1.53846E+00
 ---- Chebyshev Domains   :      1

        Domain 1
          Grid points           :  64
          Dealiased Polynomials :  42
          Domain Lower Bound    :  5.38462E-01
          Domain Upper Bound    :  1.53846E+00

 -- Grid initialized.

 -- Initalizing Reference State...
 ---- Specified parameters:
 ---- Reference type           :  Boussinesq (Non-dimensional)
 ---- Rayleigh Number          :  1.00000E+05
 ---- Ekman Number             :  1.00000E-03
 ---- Prandtl Number           :  1.00000E+00
 ---- Magnetic Prandtl Number  :  5.00000E+00
 -- Reference State initialized.

 -- Initializing Fields...
 ---- Specified parameters:
 ---- Hydro Init Type    : Benchmark (Christensen et al. 2001)
 ---- Magnetic Init Type : Benchmark (Christensen et al. 2001)
 -- Fields initialized.

 Initialization Complete.
 //////////////////////////////////////

 Timestep has changed from  0.00000E+00 to  1.00000E-04.
 Iteration:  00000001   DeltaT:  1.000E-04   Iter/sec:  0.000E+00
 Timestep has changed from  1.00000E-04 to  1.02217E-05.
 Iteration:  00000002   DeltaT:  1.022E-05   Iter/sec:  2.211E+00
 Iteration:  00000003   DeltaT:  1.022E-05   Iter/sec:  2.373E+01
 Iteration:  00000004   DeltaT:  1.022E-05   Iter/sec:  3.802E+01
 Iteration:  00000005   DeltaT:  1.022E-05   Iter/sec:  3.607E+01
 Iteration:  00000006   DeltaT:  1.022E-05   Iter/sec:  1.796E+01
 Iteration:  00000007   DeltaT:  1.022E-05   Iter/sec:  3.290E+01
 Iteration:  00000008   DeltaT:  1.022E-05   Iter/sec:  2.318E+01
 Iteration:  00000009   DeltaT:  1.022E-05   Iter/sec:  2.426E+01
 Iteration:  00000010   DeltaT:  1.022E-05   Iter/sec:  4.329E+01
 Iteration:  00000011   DeltaT:  1.022E-05   Iter/sec:  4.252E+01
 Iteration:  00000012   DeltaT:  1.022E-05   Iter/sec:  4.160E+01
 Iteration:  00000013   DeltaT:  1.022E-05   Iter/sec:  4.126E+01
 Iteration:  00000014   DeltaT:  1.022E-05   Iter/sec:  4.099E+01
 Iteration:  00000015   DeltaT:  1.022E-05   Iter/sec:  4.320E+01
 Iteration:  00000016   DeltaT:  1.022E-05   Iter/sec:  4.194E+01
 Iteration:  00000017   DeltaT:  1.022E-05   Iter/sec:  4.182E+01
 Iteration:  00000018   DeltaT:  1.022E-05   Iter/sec:  4.235E+01
 Iteration:  00000019   DeltaT:  1.022E-05   Iter/sec:  4.185E+01
 Iteration:  00000020   DeltaT:  1.022E-05   Iter/sec:  4.146E+01
 Iteration:  00000021   DeltaT:  1.022E-05   Iter/sec:  2.163E+01
 Iteration:  00000022   DeltaT:  1.022E-05   Iter/sec:  4.167E+01
 Iteration:  00000023   DeltaT:  1.022E-05   Iter/sec:  4.168E+01
 Iteration:  00000024   DeltaT:  1.022E-05   Iter/sec:  4.183E+01
 Iteration:  00000025   DeltaT:  1.022E-05   Iter/sec:  4.194E+01
 Iteration:  00000026   DeltaT:  1.022E-05   Iter/sec:  4.218E+01
 Iteration:  00000027   DeltaT:  1.022E-05   Iter/sec:  4.267E+01
 Iteration:  00000028   DeltaT:  1.022E-05   Iter/sec:  4.189E+01
 Iteration:  00000029   DeltaT:  1.022E-05   Iter/sec:  3.912E+01
 Iteration:  00000030   DeltaT:  1.022E-05   Iter/sec:  4.050E+01
 Iteration:  00000031   DeltaT:  1.022E-05   Iter/sec:  2.564E+01
 Iteration:  00000032   DeltaT:  1.022E-05   Iter/sec:  3.768E+01
 Iteration:  00000033   DeltaT:  1.022E-05   Iter/sec:  3.827E+01
 Iteration:  00000034   DeltaT:  1.022E-05   Iter/sec:  4.067E+01
 Iteration:  00000035   DeltaT:  1.022E-05   Iter/sec:  3.762E+01
 Iteration:  00000036   DeltaT:  1.022E-05   Iter/sec:  4.347E+01
 Iteration:  00000037   DeltaT:  1.022E-05   Iter/sec:  4.218E+01
 Iteration:  00000038   DeltaT:  1.022E-05   Iter/sec:  4.173E+01
 Iteration:  00000039   DeltaT:  1.022E-05   Iter/sec:  4.182E+01
 Iteration:  00000040   DeltaT:  1.022E-05   Iter/sec:  1.782E+01
 Iteration:  00000041   DeltaT:  1.022E-05   Iter/sec:  2.879E+01
 Iteration:  00000042   DeltaT:  1.022E-05   Iter/sec:  1.564E+01
 Iteration:  00000043   DeltaT:  1.022E-05   Iter/sec:  3.969E+01
 Iteration:  00000044   DeltaT:  1.022E-05   Iter/sec:  4.106E+01
 Iteration:  00000045   DeltaT:  1.022E-05   Iter/sec:  4.204E+01
 Iteration:  00000046   DeltaT:  1.022E-05   Iter/sec:  4.222E+01
 Iteration:  00000047   DeltaT:  1.022E-05   Iter/sec:  4.179E+01
 Iteration:  00000048   DeltaT:  1.022E-05   Iter/sec:  4.137E+01
 Iteration:  00000049   DeltaT:  1.022E-05   Iter/sec:  4.333E+01
 Iteration:  00000050   DeltaT:  1.022E-05   Iter/sec:  4.240E+01


//////////////////////////////////////////////
   Measured Timings for Process 0  (seconds)

 Elapsed time:         2.3645
  Column time:         0.7178
     Row time:         0.3611
Legendre time:         0.1155
     FFT time:         0.0978
   Solve time:         0.0700
    rlma time:         0.0240
    rlmb time:         0.0097
  pspace time:         0.1120
  psolve time:         0.0961
    dphi time:         0.0096
captured time:         1.6136

     iter/sec:        20.7229
//////////////////////////////////////////////
