 //////////////////////////////////////
 Initializating Rayleigh...

 -- Initalizing MPI...
 ---- Specified parameters:
 ---- NCPU  :    256
 ---- NPROW :     16
 ---- NPCOL :     16
 -- MPI initialized.


 -- Initalizing Grid...
 ---- Specified parameters ----
 ---- N_R                 :    128
 ---- N_THETA             :   1536
 ---- Ell_MAX             :   1023
 ---- R_MIN               :  5.38462E-01
 ---- R_MAX               :  1.53846E+00
 ---- Chebyshev Domains   :      1

        Domain 1
          Grid points           :  128
          Dealiased Polynomials :  85
          Domain Lower Bound    :  5.38462E-01
          Domain Upper Bound    :  1.53846E+00

 -- Grid initialized.

 -- Initalizing Reference State...
 ---- Specified parameters:
 ---- Reference type           :  Boussinesq (Non-dimensional)
 ---- Rayleigh Number          :  1.00000E+05
 ---- Ekman Number             :  1.00000E-03
 ---- Prandtl Number           :  1.00000E+00
 ---- Magnetic Prandtl Number  :  5.00000E+00
 -- Reference State initialized.

 -- Initializing Fields...
 ---- Specified parameters:
 ---- Hydro Init Type    : Benchmark (Christensen et al. 2001)
 ---- Magnetic Init Type : Benchmark (Christensen et al. 2001)
 -- Fields initialized.

 Initialization Complete.
 //////////////////////////////////////

 Timestep has changed from  0.00000E+00 to  1.00000E-04.
 Iteration:  00000001   DeltaT:  1.000E-04   Iter/sec:  0.000E+00
 Timestep has changed from  1.00000E-04 to  2.55561E-06.
 Iteration:  00000002   DeltaT:  2.556E-06   Iter/sec:  7.507E-02
 Iteration:  00000003   DeltaT:  2.556E-06   Iter/sec:  1.623E-01
 Iteration:  00000004   DeltaT:  2.556E-06   Iter/sec:  1.680E-01
 Iteration:  00000005   DeltaT:  2.556E-06   Iter/sec:  1.695E-01
 Iteration:  00000006   DeltaT:  2.556E-06   Iter/sec:  1.693E-01
 Iteration:  00000007   DeltaT:  2.556E-06   Iter/sec:  1.704E-01
 Iteration:  00000008   DeltaT:  2.556E-06   Iter/sec:  1.687E-01
 Iteration:  00000009   DeltaT:  2.556E-06   Iter/sec:  1.679E-01
 Iteration:  00000010   DeltaT:  2.556E-06   Iter/sec:  1.694E-01
 Iteration:  00000011   DeltaT:  2.556E-06   Iter/sec:  1.680E-01
 Iteration:  00000012   DeltaT:  2.556E-06   Iter/sec:  1.679E-01
 Iteration:  00000013   DeltaT:  2.556E-06   Iter/sec:  1.690E-01
 Iteration:  00000014   DeltaT:  2.556E-06   Iter/sec:  1.690E-01
 Iteration:  00000015   DeltaT:  2.556E-06   Iter/sec:  1.706E-01
 Iteration:  00000016   DeltaT:  2.556E-06   Iter/sec:  1.688E-01
 Iteration:  00000017   DeltaT:  2.556E-06   Iter/sec:  1.705E-01
 Iteration:  00000018   DeltaT:  2.556E-06   Iter/sec:  1.689E-01
 Iteration:  00000019   DeltaT:  2.556E-06   Iter/sec:  1.688E-01
 Iteration:  00000020   DeltaT:  2.556E-06   Iter/sec:  1.722E-01
 Iteration:  00000021   DeltaT:  2.556E-06   Iter/sec:  1.688E-01
 Iteration:  00000022   DeltaT:  2.556E-06   Iter/sec:  1.711E-01
 Iteration:  00000023   DeltaT:  2.556E-06   Iter/sec:  1.688E-01
 Iteration:  00000024   DeltaT:  2.556E-06   Iter/sec:  1.704E-01
 Iteration:  00000025   DeltaT:  2.556E-06   Iter/sec:  1.686E-01
 Iteration:  00000026   DeltaT:  2.556E-06   Iter/sec:  1.698E-01
 Iteration:  00000027   DeltaT:  2.556E-06   Iter/sec:  1.714E-01
 Iteration:  00000028   DeltaT:  2.556E-06   Iter/sec:  1.700E-01
 Iteration:  00000029   DeltaT:  2.556E-06   Iter/sec:  1.722E-01
 Iteration:  00000030   DeltaT:  2.556E-06   Iter/sec:  1.694E-01
 Iteration:  00000031   DeltaT:  2.556E-06   Iter/sec:  1.690E-01
 Iteration:  00000032   DeltaT:  2.556E-06   Iter/sec:  1.706E-01
 Iteration:  00000033   DeltaT:  2.556E-06   Iter/sec:  1.708E-01
 Iteration:  00000034   DeltaT:  2.556E-06   Iter/sec:  1.688E-01
 Iteration:  00000035   DeltaT:  2.556E-06   Iter/sec:  1.690E-01
 Iteration:  00000036   DeltaT:  2.556E-06   Iter/sec:  1.711E-01
 Iteration:  00000037   DeltaT:  2.556E-06   Iter/sec:  1.696E-01
 Iteration:  00000038   DeltaT:  2.556E-06   Iter/sec:  1.699E-01
 Iteration:  00000039   DeltaT:  2.556E-06   Iter/sec:  1.704E-01
 Iteration:  00000040   DeltaT:  2.556E-06   Iter/sec:  1.667E-01
 Iteration:  00000041   DeltaT:  2.556E-06   Iter/sec:  1.695E-01
 Iteration:  00000042   DeltaT:  2.556E-06   Iter/sec:  1.705E-01
 Iteration:  00000043   DeltaT:  2.556E-06   Iter/sec:  1.680E-01
 Iteration:  00000044   DeltaT:  2.556E-06   Iter/sec:  1.690E-01
 Iteration:  00000045   DeltaT:  2.556E-06   Iter/sec:  1.690E-01
 Iteration:  00000046   DeltaT:  2.556E-06   Iter/sec:  1.685E-01
 Iteration:  00000047   DeltaT:  2.556E-06   Iter/sec:  1.674E-01
 Iteration:  00000048   DeltaT:  2.556E-06   Iter/sec:  1.688E-01
 Iteration:  00000049   DeltaT:  2.556E-06   Iter/sec:  1.698E-01
 Iteration:  00000050   DeltaT:  2.556E-06   Iter/sec:  1.672E-01


//////////////////////////////////////////////
   Measured Timings for Process 0  (seconds)

 Elapsed time:       317.7461
  Column time:        45.1446
     Row time:        96.2074
Legendre time:        56.3873
     FFT time:        16.7547
   Solve time:         4.4076
    rlma time:         7.2816
    rlmb time:         3.0239
  pspace time:        34.9787
  psolve time:        25.6941
    dphi time:         2.0078
captured time:       291.8879

     iter/sec:         0.1542
//////////////////////////////////////////////
