 //////////////////////////////////////
 Initializating Rayleigh...

 -- Initalizing MPI...
 ---- Specified parameters:
 ---- NCPU  :     64
 ---- NPROW :      8
 ---- NPCOL :      8
 -- MPI initialized.


 -- Initalizing Grid...
 ---- Specified parameters ----
 ---- N_R                 :     64
 ---- N_THETA             :    384
 ---- Ell_MAX             :    255
 ---- R_MIN               :  5.38462E-01
 ---- R_MAX               :  1.53846E+00
 ---- Chebyshev Domains   :      1

        Domain 1
          Grid points           :  64
          Dealiased Polynomials :  42
          Domain Lower Bound    :  5.38462E-01
          Domain Upper Bound    :  1.53846E+00

 -- Grid initialized.

 -- Initalizing Reference State...
 ---- Specified parameters:
 ---- Reference type           :  Boussinesq (Non-dimensional)
 ---- Rayleigh Number          :  1.00000E+05
 ---- Ekman Number             :  1.00000E-03
 ---- Prandtl Number           :  1.00000E+00
 ---- Magnetic Prandtl Number  :  5.00000E+00
 -- Reference State initialized.

 -- Initializing Fields...
 ---- Specified parameters:
 ---- Hydro Init Type    : Benchmark (Christensen et al. 2001)
 ---- Magnetic Init Type : Benchmark (Christensen et al. 2001)
 -- Fields initialized.

 Initialization Complete.
 //////////////////////////////////////

 Timestep has changed from  0.00000E+00 to  1.00000E-04.
 Iteration:  00000001   DeltaT:  1.000E-04   Iter/sec:  0.000E+00
 Timestep has changed from  1.00000E-04 to  1.02211E-05.
 Iteration:  00000002   DeltaT:  1.022E-05   Iter/sec:  1.182E+00
 Iteration:  00000003   DeltaT:  1.022E-05   Iter/sec:  1.800E+00
 Iteration:  00000004   DeltaT:  1.022E-05   Iter/sec:  1.859E+00
 Iteration:  00000005   DeltaT:  1.022E-05   Iter/sec:  1.939E+00
 Iteration:  00000006   DeltaT:  1.022E-05   Iter/sec:  1.907E+00
 Iteration:  00000007   DeltaT:  1.022E-05   Iter/sec:  1.879E+00
 Iteration:  00000008   DeltaT:  1.022E-05   Iter/sec:  1.911E+00
 Iteration:  00000009   DeltaT:  1.022E-05   Iter/sec:  1.920E+00
 Iteration:  00000010   DeltaT:  1.022E-05   Iter/sec:  1.802E+00
 Iteration:  00000011   DeltaT:  1.022E-05   Iter/sec:  1.885E+00
 Iteration:  00000012   DeltaT:  1.022E-05   Iter/sec:  1.940E+00
 Iteration:  00000013   DeltaT:  1.022E-05   Iter/sec:  1.928E+00
 Iteration:  00000014   DeltaT:  1.022E-05   Iter/sec:  1.897E+00
 Iteration:  00000015   DeltaT:  1.022E-05   Iter/sec:  1.895E+00
 Iteration:  00000016   DeltaT:  1.022E-05   Iter/sec:  1.867E+00
 Iteration:  00000017   DeltaT:  1.022E-05   Iter/sec:  1.908E+00
 Iteration:  00000018   DeltaT:  1.022E-05   Iter/sec:  1.901E+00
 Iteration:  00000019   DeltaT:  1.022E-05   Iter/sec:  1.900E+00
 Iteration:  00000020   DeltaT:  1.022E-05   Iter/sec:  1.909E+00
 Iteration:  00000021   DeltaT:  1.022E-05   Iter/sec:  1.896E+00
 Iteration:  00000022   DeltaT:  1.022E-05   Iter/sec:  1.933E+00
 Iteration:  00000023   DeltaT:  1.022E-05   Iter/sec:  1.933E+00
 Iteration:  00000024   DeltaT:  1.022E-05   Iter/sec:  1.931E+00
 Iteration:  00000025   DeltaT:  1.022E-05   Iter/sec:  1.906E+00
 Iteration:  00000026   DeltaT:  1.022E-05   Iter/sec:  1.921E+00
 Iteration:  00000027   DeltaT:  1.022E-05   Iter/sec:  1.929E+00
 Iteration:  00000028   DeltaT:  1.022E-05   Iter/sec:  1.923E+00
 Iteration:  00000029   DeltaT:  1.022E-05   Iter/sec:  1.874E+00
 Iteration:  00000030   DeltaT:  1.022E-05   Iter/sec:  1.923E+00
 Iteration:  00000031   DeltaT:  1.022E-05   Iter/sec:  1.930E+00
 Iteration:  00000032   DeltaT:  1.022E-05   Iter/sec:  1.896E+00
 Iteration:  00000033   DeltaT:  1.022E-05   Iter/sec:  1.893E+00
 Iteration:  00000034   DeltaT:  1.022E-05   Iter/sec:  1.927E+00
 Iteration:  00000035   DeltaT:  1.022E-05   Iter/sec:  1.911E+00
 Iteration:  00000036   DeltaT:  1.022E-05   Iter/sec:  1.920E+00
 Iteration:  00000037   DeltaT:  1.022E-05   Iter/sec:  1.927E+00
 Iteration:  00000038   DeltaT:  1.022E-05   Iter/sec:  1.922E+00
 Iteration:  00000039   DeltaT:  1.022E-05   Iter/sec:  1.901E+00
 Iteration:  00000040   DeltaT:  1.022E-05   Iter/sec:  1.884E+00
 Iteration:  00000041   DeltaT:  1.022E-05   Iter/sec:  1.896E+00
 Iteration:  00000042   DeltaT:  1.022E-05   Iter/sec:  1.843E+00
 Iteration:  00000043   DeltaT:  1.022E-05   Iter/sec:  1.875E+00
 Iteration:  00000044   DeltaT:  1.022E-05   Iter/sec:  1.914E+00
 Iteration:  00000045   DeltaT:  1.022E-05   Iter/sec:  1.895E+00
 Iteration:  00000046   DeltaT:  1.022E-05   Iter/sec:  1.900E+00
 Iteration:  00000047   DeltaT:  1.022E-05   Iter/sec:  1.888E+00
 Iteration:  00000048   DeltaT:  1.022E-05   Iter/sec:  1.857E+00
 Iteration:  00000049   DeltaT:  1.022E-05   Iter/sec:  1.921E+00
 Iteration:  00000050   DeltaT:  1.022E-05   Iter/sec:  1.910E+00


//////////////////////////////////////////////
   Measured Timings for Process 0  (seconds)

 Elapsed time:        28.1587
  Column time:         2.8934
     Row time:         9.4075
Legendre time:         3.3498
     FFT time:         1.9324
   Solve time:         0.4152
    rlma time:         0.4139
    rlmb time:         0.1777
  pspace time:         4.3003
  psolve time:         2.9546
    dphi time:         0.1879
captured time:        26.0326

     iter/sec:         1.7401
//////////////////////////////////////////////
