 //////////////////////////////////////
 Initializating Rayleigh...

 -- Initalizing MPI...
 ---- Specified parameters:
 ---- NCPU  :    128
 ---- NPROW :     16
 ---- NPCOL :      8
 -- MPI initialized.


 -- Initalizing Grid...
 ---- Specified parameters ----
 ---- N_R                 :     64
 ---- N_THETA             :    192
 ---- Ell_MAX             :    127
 ---- R_MIN               :  5.38462E-01
 ---- R_MAX               :  1.53846E+00
 ---- Chebyshev Domains   :      1

        Domain 1
          Grid points           :  64
          Dealiased Polynomials :  42
          Domain Lower Bound    :  5.38462E-01
          Domain Upper Bound    :  1.53846E+00

 -- Grid initialized.

 -- Initalizing Reference State...
 ---- Specified parameters:
 ---- Reference type           :  Boussinesq (Non-dimensional)
 ---- Rayleigh Number          :  1.00000E+05
 ---- Ekman Number             :  1.00000E-03
 ---- Prandtl Number           :  1.00000E+00
 ---- Magnetic Prandtl Number  :  5.00000E+00
 -- Reference State initialized.

 -- Initializing Fields...
 ---- Specified parameters:
 ---- Hydro Init Type    : Benchmark (Christensen et al. 2001)
 ---- Magnetic Init Type : Benchmark (Christensen et al. 2001)
 -- Fields initialized.

 Initialization Complete.
 //////////////////////////////////////

 Timestep has changed from  0.00000E+00 to  1.00000E-04.
 Iteration:  00000001   DeltaT:  1.000E-04   Iter/sec:  0.000E+00
 Timestep has changed from  1.00000E-04 to  1.02217E-05.
 Iteration:  00000002   DeltaT:  1.022E-05   Iter/sec:  2.914E+00
 Iteration:  00000003   DeltaT:  1.022E-05   Iter/sec:  1.453E+01
 Iteration:  00000004   DeltaT:  1.022E-05   Iter/sec:  1.904E+01
 Iteration:  00000005   DeltaT:  1.022E-05   Iter/sec:  1.889E+01
 Iteration:  00000006   DeltaT:  1.022E-05   Iter/sec:  1.897E+01
 Iteration:  00000007   DeltaT:  1.022E-05   Iter/sec:  1.919E+01
 Iteration:  00000008   DeltaT:  1.022E-05   Iter/sec:  1.918E+01
 Iteration:  00000009   DeltaT:  1.022E-05   Iter/sec:  1.909E+01
 Iteration:  00000010   DeltaT:  1.022E-05   Iter/sec:  1.923E+01
 Iteration:  00000011   DeltaT:  1.022E-05   Iter/sec:  1.913E+01
 Iteration:  00000012   DeltaT:  1.022E-05   Iter/sec:  1.923E+01
 Iteration:  00000013   DeltaT:  1.022E-05   Iter/sec:  1.860E+01
 Iteration:  00000014   DeltaT:  1.022E-05   Iter/sec:  1.932E+01
 Iteration:  00000015   DeltaT:  1.022E-05   Iter/sec:  1.900E+01
 Iteration:  00000016   DeltaT:  1.022E-05   Iter/sec:  1.893E+01
 Iteration:  00000017   DeltaT:  1.022E-05   Iter/sec:  1.916E+01
 Iteration:  00000018   DeltaT:  1.022E-05   Iter/sec:  1.927E+01
 Iteration:  00000019   DeltaT:  1.022E-05   Iter/sec:  1.900E+01
 Iteration:  00000020   DeltaT:  1.022E-05   Iter/sec:  1.910E+01
 Iteration:  00000021   DeltaT:  1.022E-05   Iter/sec:  1.927E+01
 Iteration:  00000022   DeltaT:  1.022E-05   Iter/sec:  1.909E+01
 Iteration:  00000023   DeltaT:  1.022E-05   Iter/sec:  1.887E+01
 Iteration:  00000024   DeltaT:  1.022E-05   Iter/sec:  1.901E+01
 Iteration:  00000025   DeltaT:  1.022E-05   Iter/sec:  1.936E+01
 Iteration:  00000026   DeltaT:  1.022E-05   Iter/sec:  1.928E+01
 Iteration:  00000027   DeltaT:  1.022E-05   Iter/sec:  1.898E+01
 Iteration:  00000028   DeltaT:  1.022E-05   Iter/sec:  1.943E+01
 Iteration:  00000029   DeltaT:  1.022E-05   Iter/sec:  1.903E+01
 Iteration:  00000030   DeltaT:  1.022E-05   Iter/sec:  1.913E+01
 Iteration:  00000031   DeltaT:  1.022E-05   Iter/sec:  1.929E+01
 Iteration:  00000032   DeltaT:  1.022E-05   Iter/sec:  1.932E+01
 Iteration:  00000033   DeltaT:  1.022E-05   Iter/sec:  1.921E+01
 Iteration:  00000034   DeltaT:  1.022E-05   Iter/sec:  1.911E+01
 Iteration:  00000035   DeltaT:  1.022E-05   Iter/sec:  1.921E+01
 Iteration:  00000036   DeltaT:  1.022E-05   Iter/sec:  1.886E+01
 Iteration:  00000037   DeltaT:  1.022E-05   Iter/sec:  1.941E+01
 Iteration:  00000038   DeltaT:  1.022E-05   Iter/sec:  1.936E+01
 Iteration:  00000039   DeltaT:  1.022E-05   Iter/sec:  1.867E+01
 Iteration:  00000040   DeltaT:  1.022E-05   Iter/sec:  1.906E+01
 Iteration:  00000041   DeltaT:  1.022E-05   Iter/sec:  1.904E+01
 Iteration:  00000042   DeltaT:  1.022E-05   Iter/sec:  1.904E+01
 Iteration:  00000043   DeltaT:  1.022E-05   Iter/sec:  1.912E+01
 Iteration:  00000044   DeltaT:  1.022E-05   Iter/sec:  1.901E+01
 Iteration:  00000045   DeltaT:  1.022E-05   Iter/sec:  1.922E+01
 Iteration:  00000046   DeltaT:  1.022E-05   Iter/sec:  1.901E+01
 Iteration:  00000047   DeltaT:  1.022E-05   Iter/sec:  1.881E+01
 Iteration:  00000048   DeltaT:  1.022E-05   Iter/sec:  1.932E+01
 Iteration:  00000049   DeltaT:  1.022E-05   Iter/sec:  1.907E+01
 Iteration:  00000050   DeltaT:  1.022E-05   Iter/sec:  1.927E+01


//////////////////////////////////////////////
   Measured Timings for Process 0  (seconds)

 Elapsed time:         3.3618
  Column time:         0.4397
     Row time:         0.8827
Legendre time:         0.3027
     FFT time:         0.2353
   Solve time:         0.1269
    rlma time:         0.0415
    rlmb time:         0.0167
  pspace time:         0.3631
  psolve time:         0.2405
    dphi time:         0.0334
captured time:         2.6825

     iter/sec:        14.5757
//////////////////////////////////////////////
