 //////////////////////////////////////
 Initializating Rayleigh...

 -- Initalizing MPI...
 ---- Specified parameters:
 ---- NCPU  :    128
 ---- NPROW :     16
 ---- NPCOL :      8
 -- MPI initialized.


 -- Initalizing Grid...
 ---- Specified parameters ----
 ---- N_R                 :    128
 ---- N_THETA             :    192
 ---- Ell_MAX             :    127
 ---- R_MIN               :  5.38462E-01
 ---- R_MAX               :  1.53846E+00
 ---- Chebyshev Domains   :      1

        Domain 1
          Grid points           :  128
          Dealiased Polynomials :  85
          Domain Lower Bound    :  5.38462E-01
          Domain Upper Bound    :  1.53846E+00

 -- Grid initialized.

 -- Initalizing Reference State...
 ---- Specified parameters:
 ---- Reference type           :  Boussinesq (Non-dimensional)
 ---- Rayleigh Number          :  1.00000E+05
 ---- Ekman Number             :  1.00000E-03
 ---- Prandtl Number           :  1.00000E+00
 ---- Magnetic Prandtl Number  :  5.00000E+00
 -- Reference State initialized.

 -- Initializing Fields...
 ---- Specified parameters:
 ---- Hydro Init Type    : Benchmark (Christensen et al. 2001)
 ---- Magnetic Init Type : Benchmark (Christensen et al. 2001)
 -- Fields initialized.

 Initialization Complete.
 //////////////////////////////////////

 Timestep has changed from  0.00000E+00 to  1.00000E-04.
 Iteration:  00000001   DeltaT:  1.000E-04   Iter/sec:  0.000E+00
 Timestep has changed from  1.00000E-04 to  2.55581E-06.
 Iteration:  00000002   DeltaT:  2.556E-06   Iter/sec:  3.254E+00
 Iteration:  00000003   DeltaT:  2.556E-06   Iter/sec:  4.562E+00
 Iteration:  00000004   DeltaT:  2.556E-06   Iter/sec:  8.131E+00
 Iteration:  00000005   DeltaT:  2.556E-06   Iter/sec:  7.798E+00
 Iteration:  00000006   DeltaT:  2.556E-06   Iter/sec:  8.040E+00
 Iteration:  00000007   DeltaT:  2.556E-06   Iter/sec:  8.135E+00
 Iteration:  00000008   DeltaT:  2.556E-06   Iter/sec:  7.560E+00
 Iteration:  00000009   DeltaT:  2.556E-06   Iter/sec:  7.315E+00
 Iteration:  00000010   DeltaT:  2.556E-06   Iter/sec:  8.066E+00
 Iteration:  00000011   DeltaT:  2.556E-06   Iter/sec:  7.544E+00
 Iteration:  00000012   DeltaT:  2.556E-06   Iter/sec:  8.075E+00
 Iteration:  00000013   DeltaT:  2.556E-06   Iter/sec:  8.091E+00
 Iteration:  00000014   DeltaT:  2.556E-06   Iter/sec:  7.824E+00
 Iteration:  00000015   DeltaT:  2.556E-06   Iter/sec:  8.103E+00
 Iteration:  00000016   DeltaT:  2.556E-06   Iter/sec:  6.435E+00
 Iteration:  00000017   DeltaT:  2.556E-06   Iter/sec:  8.166E+00
 Iteration:  00000018   DeltaT:  2.556E-06   Iter/sec:  8.138E+00
 Iteration:  00000019   DeltaT:  2.556E-06   Iter/sec:  7.600E+00
 Iteration:  00000020   DeltaT:  2.556E-06   Iter/sec:  7.999E+00
 Iteration:  00000021   DeltaT:  2.556E-06   Iter/sec:  7.827E+00
 Iteration:  00000022   DeltaT:  2.556E-06   Iter/sec:  8.321E+00
 Iteration:  00000023   DeltaT:  2.556E-06   Iter/sec:  8.054E+00
 Iteration:  00000024   DeltaT:  2.556E-06   Iter/sec:  6.849E+00
 Iteration:  00000025   DeltaT:  2.556E-06   Iter/sec:  8.202E+00
 Iteration:  00000026   DeltaT:  2.556E-06   Iter/sec:  8.051E+00
 Iteration:  00000027   DeltaT:  2.556E-06   Iter/sec:  8.261E+00
 Iteration:  00000028   DeltaT:  2.556E-06   Iter/sec:  8.193E+00
 Iteration:  00000029   DeltaT:  2.556E-06   Iter/sec:  8.080E+00
 Iteration:  00000030   DeltaT:  2.556E-06   Iter/sec:  8.124E+00
 Iteration:  00000031   DeltaT:  2.556E-06   Iter/sec:  8.218E+00
 Iteration:  00000032   DeltaT:  2.556E-06   Iter/sec:  8.028E+00
 Iteration:  00000033   DeltaT:  2.556E-06   Iter/sec:  7.087E+00
 Iteration:  00000034   DeltaT:  2.556E-06   Iter/sec:  8.452E+00
 Iteration:  00000035   DeltaT:  2.556E-06   Iter/sec:  8.097E+00
 Iteration:  00000036   DeltaT:  2.556E-06   Iter/sec:  8.111E+00
 Iteration:  00000037   DeltaT:  2.556E-06   Iter/sec:  8.044E+00
 Iteration:  00000038   DeltaT:  2.556E-06   Iter/sec:  7.783E+00
 Iteration:  00000039   DeltaT:  2.556E-06   Iter/sec:  8.273E+00
 Iteration:  00000040   DeltaT:  2.556E-06   Iter/sec:  8.227E+00
 Iteration:  00000041   DeltaT:  2.556E-06   Iter/sec:  6.349E+00
 Iteration:  00000042   DeltaT:  2.556E-06   Iter/sec:  8.414E+00
 Iteration:  00000043   DeltaT:  2.556E-06   Iter/sec:  7.586E+00
 Iteration:  00000044   DeltaT:  2.556E-06   Iter/sec:  7.993E+00
 Iteration:  00000045   DeltaT:  2.556E-06   Iter/sec:  8.189E+00
 Iteration:  00000046   DeltaT:  2.556E-06   Iter/sec:  8.378E+00
 Iteration:  00000047   DeltaT:  2.556E-06   Iter/sec:  8.168E+00
 Iteration:  00000048   DeltaT:  2.556E-06   Iter/sec:  7.692E+00
 Iteration:  00000049   DeltaT:  2.556E-06   Iter/sec:  8.061E+00
 Iteration:  00000050   DeltaT:  2.556E-06   Iter/sec:  8.294E+00


//////////////////////////////////////////////
   Measured Timings for Process 0  (seconds)

 Elapsed time:         6.9987
  Column time:         0.7690
     Row time:         2.0195
Legendre time:         0.7728
     FFT time:         0.4941
   Solve time:         0.4174
    rlma time:         0.0884
    rlmb time:         0.0326
  pspace time:         0.9707
  psolve time:         0.7881
    dphi time:         0.0671
captured time:         6.4197

     iter/sec:         7.0013
//////////////////////////////////////////////
