 //////////////////////////////////////
 Initializating Rayleigh...

 -- Initalizing MPI...
 ---- Specified parameters:
 ---- NCPU  :    512
 ---- NPROW :     32
 ---- NPCOL :     16
 -- MPI initialized.


 -- Initalizing Grid...
 ---- Specified parameters ----
 ---- N_R                 :    128
 ---- N_THETA             :    192
 ---- Ell_MAX             :    127
 ---- R_MIN               :  5.38462E-01
 ---- R_MAX               :  1.53846E+00
 ---- Chebyshev Domains   :      1

        Domain 1
          Grid points           :  128
          Dealiased Polynomials :  85
          Domain Lower Bound    :  5.38462E-01
          Domain Upper Bound    :  1.53846E+00

 -- Grid initialized.

 -- Initalizing Reference State...
 ---- Specified parameters:
 ---- Reference type           :  Boussinesq (Non-dimensional)
 ---- Rayleigh Number          :  1.00000E+05
 ---- Ekman Number             :  1.00000E-03
 ---- Prandtl Number           :  1.00000E+00
 ---- Magnetic Prandtl Number  :  5.00000E+00
 -- Reference State initialized.

 -- Initializing Fields...
 ---- Specified parameters:
 ---- Hydro Init Type    : Benchmark (Christensen et al. 2001)
 ---- Magnetic Init Type : Benchmark (Christensen et al. 2001)
 -- Fields initialized.

 Initialization Complete.
 //////////////////////////////////////

 Timestep has changed from  0.00000E+00 to  1.00000E-04.
 Iteration:  00000001   DeltaT:  1.000E-04   Iter/sec:  0.000E+00
 Timestep has changed from  1.00000E-04 to  2.55581E-06.
 Iteration:  00000002   DeltaT:  2.556E-06   Iter/sec:  6.508E+00
 Iteration:  00000003   DeltaT:  2.556E-06   Iter/sec:  1.264E+01
 Iteration:  00000004   DeltaT:  2.556E-06   Iter/sec:  3.083E+01
 Iteration:  00000005   DeltaT:  2.556E-06   Iter/sec:  3.109E+01
 Iteration:  00000006   DeltaT:  2.556E-06   Iter/sec:  3.005E+01
 Iteration:  00000007   DeltaT:  2.556E-06   Iter/sec:  2.957E+01
 Iteration:  00000008   DeltaT:  2.556E-06   Iter/sec:  2.084E+01
 Iteration:  00000009   DeltaT:  2.556E-06   Iter/sec:  3.060E+01
 Iteration:  00000010   DeltaT:  2.556E-06   Iter/sec:  3.002E+01
 Iteration:  00000011   DeltaT:  2.556E-06   Iter/sec:  3.081E+01
 Iteration:  00000012   DeltaT:  2.556E-06   Iter/sec:  3.151E+01
 Iteration:  00000013   DeltaT:  2.556E-06   Iter/sec:  3.026E+01
 Iteration:  00000014   DeltaT:  2.556E-06   Iter/sec:  2.532E+01
 Iteration:  00000015   DeltaT:  2.556E-06   Iter/sec:  2.221E+01
 Iteration:  00000016   DeltaT:  2.556E-06   Iter/sec:  3.164E+01
 Iteration:  00000017   DeltaT:  2.556E-06   Iter/sec:  2.692E+01
 Iteration:  00000018   DeltaT:  2.556E-06   Iter/sec:  3.016E+01
 Iteration:  00000019   DeltaT:  2.556E-06   Iter/sec:  3.327E+01
 Iteration:  00000020   DeltaT:  2.556E-06   Iter/sec:  3.110E+01
 Iteration:  00000021   DeltaT:  2.556E-06   Iter/sec:  3.146E+01
 Iteration:  00000022   DeltaT:  2.556E-06   Iter/sec:  1.653E+01
 Iteration:  00000023   DeltaT:  2.556E-06   Iter/sec:  1.712E+01
 Iteration:  00000024   DeltaT:  2.556E-06   Iter/sec:  3.018E+01
 Iteration:  00000025   DeltaT:  2.556E-06   Iter/sec:  3.123E+01
 Iteration:  00000026   DeltaT:  2.556E-06   Iter/sec:  3.084E+01
 Iteration:  00000027   DeltaT:  2.556E-06   Iter/sec:  3.101E+01
 Iteration:  00000028   DeltaT:  2.556E-06   Iter/sec:  3.107E+01
 Iteration:  00000029   DeltaT:  2.556E-06   Iter/sec:  3.077E+01
 Iteration:  00000030   DeltaT:  2.556E-06   Iter/sec:  3.131E+01
 Iteration:  00000031   DeltaT:  2.556E-06   Iter/sec:  2.988E+01
 Iteration:  00000032   DeltaT:  2.556E-06   Iter/sec:  3.129E+01
 Iteration:  00000033   DeltaT:  2.556E-06   Iter/sec:  2.364E+01
 Iteration:  00000034   DeltaT:  2.556E-06   Iter/sec:  3.115E+01
 Iteration:  00000035   DeltaT:  2.556E-06   Iter/sec:  3.097E+01
 Iteration:  00000036   DeltaT:  2.556E-06   Iter/sec:  2.979E+01
 Iteration:  00000037   DeltaT:  2.556E-06   Iter/sec:  3.007E+01
 Iteration:  00000038   DeltaT:  2.556E-06   Iter/sec:  3.085E+01
 Iteration:  00000039   DeltaT:  2.556E-06   Iter/sec:  3.175E+01
 Iteration:  00000040   DeltaT:  2.556E-06   Iter/sec:  3.072E+01
 Iteration:  00000041   DeltaT:  2.556E-06   Iter/sec:  3.049E+01
 Iteration:  00000042   DeltaT:  2.556E-06   Iter/sec:  2.955E+01
 Iteration:  00000043   DeltaT:  2.556E-06   Iter/sec:  2.870E+01
 Iteration:  00000044   DeltaT:  2.556E-06   Iter/sec:  2.521E+01
 Iteration:  00000045   DeltaT:  2.556E-06   Iter/sec:  3.125E+01
 Iteration:  00000046   DeltaT:  2.556E-06   Iter/sec:  2.989E+01
 Iteration:  00000047   DeltaT:  2.556E-06   Iter/sec:  3.032E+01
 Iteration:  00000048   DeltaT:  2.556E-06   Iter/sec:  2.934E+01
 Iteration:  00000049   DeltaT:  2.556E-06   Iter/sec:  3.009E+01
 Iteration:  00000050   DeltaT:  2.556E-06   Iter/sec:  1.564E+01


//////////////////////////////////////////////
   Measured Timings for Process 0  (seconds)

 Elapsed time:         2.3046
  Column time:         0.6373
     Row time:         0.5495
Legendre time:         0.1022
     FFT time:         0.1047
   Solve time:         0.1997
    rlma time:         0.0206
    rlmb time:         0.0084
  pspace time:         0.0810
  psolve time:         0.1761
    dphi time:         0.0100
captured time:         1.8895

     iter/sec:        21.2614
//////////////////////////////////////////////
