 //////////////////////////////////////
 Initializating Rayleigh...

 -- Initalizing MPI...
 ---- Specified parameters:
 ---- NCPU  :   1024
 ---- NPROW :     32
 ---- NPCOL :     32
 -- MPI initialized.


 -- Initalizing Grid...
 ---- Specified parameters ----
 ---- N_R                 :    128
 ---- N_THETA             :   1536
 ---- Ell_MAX             :   1023
 ---- R_MIN               :  5.38462E-01
 ---- R_MAX               :  1.53846E+00
 ---- Chebyshev Domains   :      1

        Domain 1
          Grid points           :  128
          Dealiased Polynomials :  85
          Domain Lower Bound    :  5.38462E-01
          Domain Upper Bound    :  1.53846E+00

 -- Grid initialized.

 -- Initalizing Reference State...
 ---- Specified parameters:
 ---- Reference type           :  Boussinesq (Non-dimensional)
 ---- Rayleigh Number          :  1.00000E+05
 ---- Ekman Number             :  1.00000E-03
 ---- Prandtl Number           :  1.00000E+00
 ---- Magnetic Prandtl Number  :  5.00000E+00
 -- Reference State initialized.

 -- Initializing Fields...
 ---- Specified parameters:
 ---- Hydro Init Type    : Benchmark (Christensen et al. 2001)
 ---- Magnetic Init Type : Benchmark (Christensen et al. 2001)
 -- Fields initialized.

 Initialization Complete.
 //////////////////////////////////////

 Timestep has changed from  0.00000E+00 to  1.00000E-04.
 Iteration:  00000001   DeltaT:  1.000E-04   Iter/sec:  0.000E+00
 Timestep has changed from  1.00000E-04 to  2.55561E-06.
 Iteration:  00000002   DeltaT:  2.556E-06   Iter/sec:  1.759E-01
 Iteration:  00000003   DeltaT:  2.556E-06   Iter/sec:  5.502E-01
 Iteration:  00000004   DeltaT:  2.556E-06   Iter/sec:  5.735E-01
 Iteration:  00000005   DeltaT:  2.556E-06   Iter/sec:  5.927E-01
 Iteration:  00000006   DeltaT:  2.556E-06   Iter/sec:  5.738E-01
 Iteration:  00000007   DeltaT:  2.556E-06   Iter/sec:  5.911E-01
 Iteration:  00000008   DeltaT:  2.556E-06   Iter/sec:  5.771E-01
 Iteration:  00000009   DeltaT:  2.556E-06   Iter/sec:  5.931E-01
 Iteration:  00000010   DeltaT:  2.556E-06   Iter/sec:  5.698E-01
 Iteration:  00000011   DeltaT:  2.556E-06   Iter/sec:  5.804E-01
 Iteration:  00000012   DeltaT:  2.556E-06   Iter/sec:  5.857E-01
 Iteration:  00000013   DeltaT:  2.556E-06   Iter/sec:  5.850E-01
 Iteration:  00000014   DeltaT:  2.556E-06   Iter/sec:  5.759E-01
 Iteration:  00000015   DeltaT:  2.556E-06   Iter/sec:  5.818E-01
 Iteration:  00000016   DeltaT:  2.556E-06   Iter/sec:  5.711E-01
 Iteration:  00000017   DeltaT:  2.556E-06   Iter/sec:  5.814E-01
 Iteration:  00000018   DeltaT:  2.556E-06   Iter/sec:  5.895E-01
 Iteration:  00000019   DeltaT:  2.556E-06   Iter/sec:  5.785E-01
 Iteration:  00000020   DeltaT:  2.556E-06   Iter/sec:  5.789E-01
 Iteration:  00000021   DeltaT:  2.556E-06   Iter/sec:  5.705E-01
 Iteration:  00000022   DeltaT:  2.556E-06   Iter/sec:  5.843E-01
 Iteration:  00000023   DeltaT:  2.556E-06   Iter/sec:  5.751E-01
 Iteration:  00000024   DeltaT:  2.556E-06   Iter/sec:  5.868E-01
 Iteration:  00000025   DeltaT:  2.556E-06   Iter/sec:  5.789E-01
 Iteration:  00000026   DeltaT:  2.556E-06   Iter/sec:  5.949E-01
 Iteration:  00000027   DeltaT:  2.556E-06   Iter/sec:  5.685E-01
 Iteration:  00000028   DeltaT:  2.556E-06   Iter/sec:  5.865E-01
 Iteration:  00000029   DeltaT:  2.556E-06   Iter/sec:  5.893E-01
 Iteration:  00000030   DeltaT:  2.556E-06   Iter/sec:  5.884E-01
 Iteration:  00000031   DeltaT:  2.556E-06   Iter/sec:  5.751E-01
 Iteration:  00000032   DeltaT:  2.556E-06   Iter/sec:  5.811E-01
 Iteration:  00000033   DeltaT:  2.556E-06   Iter/sec:  5.709E-01
 Iteration:  00000034   DeltaT:  2.556E-06   Iter/sec:  5.952E-01
 Iteration:  00000035   DeltaT:  2.556E-06   Iter/sec:  5.753E-01
 Iteration:  00000036   DeltaT:  2.556E-06   Iter/sec:  5.701E-01
 Iteration:  00000037   DeltaT:  2.556E-06   Iter/sec:  5.860E-01
 Iteration:  00000038   DeltaT:  2.556E-06   Iter/sec:  5.791E-01
 Iteration:  00000039   DeltaT:  2.556E-06   Iter/sec:  5.762E-01
 Iteration:  00000040   DeltaT:  2.556E-06   Iter/sec:  5.813E-01
 Iteration:  00000041   DeltaT:  2.556E-06   Iter/sec:  5.742E-01
 Iteration:  00000042   DeltaT:  2.556E-06   Iter/sec:  5.861E-01
 Iteration:  00000043   DeltaT:  2.556E-06   Iter/sec:  5.783E-01
 Iteration:  00000044   DeltaT:  2.556E-06   Iter/sec:  5.772E-01
 Iteration:  00000045   DeltaT:  2.556E-06   Iter/sec:  5.759E-01
 Iteration:  00000046   DeltaT:  2.556E-06   Iter/sec:  5.893E-01
 Iteration:  00000047   DeltaT:  2.556E-06   Iter/sec:  5.767E-01
 Iteration:  00000048   DeltaT:  2.556E-06   Iter/sec:  5.867E-01
 Iteration:  00000049   DeltaT:  2.556E-06   Iter/sec:  5.810E-01
 Iteration:  00000050   DeltaT:  2.556E-06   Iter/sec:  5.838E-01


//////////////////////////////////////////////
   Measured Timings for Process 0  (seconds)

 Elapsed time:       102.2200
  Column time:        28.9729
     Row time:        21.4314
Legendre time:        12.7277
     FFT time:         4.1270
   Solve time:         1.3942
    rlma time:         0.8737
    rlmb time:         0.4453
  pspace time:         8.7907
  psolve time:         6.4684
    dphi time:         0.4117
captured time:        85.6431

     iter/sec:         0.4794
//////////////////////////////////////////////
