 //////////////////////////////////////
 Initializating Rayleigh...

 -- Initalizing MPI...
 ---- Specified parameters:
 ---- NCPU  :   1024
 ---- NPROW :     32
 ---- NPCOL :     32
 -- MPI initialized.


 -- Initalizing Grid...
 ---- Specified parameters ----
 ---- N_R                 :     64
 ---- N_THETA             :    192
 ---- Ell_MAX             :    127
 ---- R_MIN               :  5.38462E-01
 ---- R_MAX               :  1.53846E+00
 ---- Chebyshev Domains   :      1

        Domain 1
          Grid points           :  64
          Dealiased Polynomials :  42
          Domain Lower Bound    :  5.38462E-01
          Domain Upper Bound    :  1.53846E+00

 -- Grid initialized.

 -- Initalizing Reference State...
 ---- Specified parameters:
 ---- Reference type           :  Boussinesq (Non-dimensional)
 ---- Rayleigh Number          :  1.00000E+05
 ---- Ekman Number             :  1.00000E-03
 ---- Prandtl Number           :  1.00000E+00
 ---- Magnetic Prandtl Number  :  5.00000E+00
 -- Reference State initialized.

 -- Initializing Fields...
 ---- Specified parameters:
 ---- Hydro Init Type    : Benchmark (Christensen et al. 2001)
 ---- Magnetic Init Type : Benchmark (Christensen et al. 2001)
 -- Fields initialized.

 Initialization Complete.
 //////////////////////////////////////

 Timestep has changed from  0.00000E+00 to  1.00000E-04.
 Iteration:  00000001   DeltaT:  1.000E-04   Iter/sec:  0.000E+00
 Timestep has changed from  1.00000E-04 to  1.02217E-05.
 Iteration:  00000002   DeltaT:  1.022E-05   Iter/sec:  1.411E+00
 Iteration:  00000003   DeltaT:  1.022E-05   Iter/sec:  2.548E+01
 Iteration:  00000004   DeltaT:  1.022E-05   Iter/sec:  8.957E+01
 Iteration:  00000005   DeltaT:  1.022E-05   Iter/sec:  1.201E+02
 Iteration:  00000006   DeltaT:  1.022E-05   Iter/sec:  1.185E+02
 Iteration:  00000007   DeltaT:  1.022E-05   Iter/sec:  1.218E+02
 Iteration:  00000008   DeltaT:  1.022E-05   Iter/sec:  1.321E+02
 Iteration:  00000009   DeltaT:  1.022E-05   Iter/sec:  1.217E+02
 Iteration:  00000010   DeltaT:  1.022E-05   Iter/sec:  1.212E+02
 Iteration:  00000011   DeltaT:  1.022E-05   Iter/sec:  1.224E+02
 Iteration:  00000012   DeltaT:  1.022E-05   Iter/sec:  1.194E+02
 Iteration:  00000013   DeltaT:  1.022E-05   Iter/sec:  1.197E+02
 Iteration:  00000014   DeltaT:  1.022E-05   Iter/sec:  1.173E+02
 Iteration:  00000015   DeltaT:  1.022E-05   Iter/sec:  1.240E+02
 Iteration:  00000016   DeltaT:  1.022E-05   Iter/sec:  1.267E+02
 Iteration:  00000017   DeltaT:  1.022E-05   Iter/sec:  1.221E+02
 Iteration:  00000018   DeltaT:  1.022E-05   Iter/sec:  1.279E+02
 Iteration:  00000019   DeltaT:  1.022E-05   Iter/sec:  1.197E+02
 Iteration:  00000020   DeltaT:  1.022E-05   Iter/sec:  1.294E+02
 Iteration:  00000021   DeltaT:  1.022E-05   Iter/sec:  1.235E+02
 Iteration:  00000022   DeltaT:  1.022E-05   Iter/sec:  1.263E+02
 Iteration:  00000023   DeltaT:  1.022E-05   Iter/sec:  1.255E+02
 Iteration:  00000024   DeltaT:  1.022E-05   Iter/sec:  1.244E+02
 Iteration:  00000025   DeltaT:  1.022E-05   Iter/sec:  1.212E+02
 Iteration:  00000026   DeltaT:  1.022E-05   Iter/sec:  1.237E+02
 Iteration:  00000027   DeltaT:  1.022E-05   Iter/sec:  3.744E+01
 Iteration:  00000028   DeltaT:  1.022E-05   Iter/sec:  1.260E+02
 Iteration:  00000029   DeltaT:  1.022E-05   Iter/sec:  1.281E+02
 Iteration:  00000030   DeltaT:  1.022E-05   Iter/sec:  6.869E+01
 Iteration:  00000031   DeltaT:  1.022E-05   Iter/sec:  6.481E+01
 Iteration:  00000032   DeltaT:  1.022E-05   Iter/sec:  1.113E+02
 Iteration:  00000033   DeltaT:  1.022E-05   Iter/sec:  1.253E+02
 Iteration:  00000034   DeltaT:  1.022E-05   Iter/sec:  1.198E+02
 Iteration:  00000035   DeltaT:  1.022E-05   Iter/sec:  9.283E+01
 Iteration:  00000036   DeltaT:  1.022E-05   Iter/sec:  1.251E+02
 Iteration:  00000037   DeltaT:  1.022E-05   Iter/sec:  9.664E+01
 Iteration:  00000038   DeltaT:  1.022E-05   Iter/sec:  8.564E+01
 Iteration:  00000039   DeltaT:  1.022E-05   Iter/sec:  1.358E+02
 Iteration:  00000040   DeltaT:  1.022E-05   Iter/sec:  8.940E+01
 Iteration:  00000041   DeltaT:  1.022E-05   Iter/sec:  1.217E+02
 Iteration:  00000042   DeltaT:  1.022E-05   Iter/sec:  1.068E+02
 Iteration:  00000043   DeltaT:  1.022E-05   Iter/sec:  1.188E+02
 Iteration:  00000044   DeltaT:  1.022E-05   Iter/sec:  1.291E+02
 Iteration:  00000045   DeltaT:  1.022E-05   Iter/sec:  1.227E+02
 Iteration:  00000046   DeltaT:  1.022E-05   Iter/sec:  1.245E+02
 Iteration:  00000047   DeltaT:  1.022E-05   Iter/sec:  1.283E+02
 Iteration:  00000048   DeltaT:  1.022E-05   Iter/sec:  1.299E+02
 Iteration:  00000049   DeltaT:  1.022E-05   Iter/sec:  1.397E+02
 Iteration:  00000050   DeltaT:  1.022E-05   Iter/sec:  1.340E+02


//////////////////////////////////////////////
   Measured Timings for Process 0  (seconds)

 Elapsed time:         1.7506
  Column time:         0.4908
     Row time:         0.1162
Legendre time:         0.0251
     FFT time:         0.0177
   Solve time:         0.0327
    rlma time:         0.0074
    rlmb time:         0.0032
  pspace time:         0.0102
  psolve time:         0.0309
    dphi time:         0.0012
captured time:         0.7353

     iter/sec:        27.9902
//////////////////////////////////////////////
