 //////////////////////////////////////
 Initializating Rayleigh...

 -- Initalizing MPI...
 ---- Specified parameters:
 ---- NCPU  :   1024
 ---- NPROW :     32
 ---- NPCOL :     32
 -- MPI initialized.


 -- Initalizing Grid...
 ---- Specified parameters ----
 ---- N_R                 :     64
 ---- N_THETA             :    768
 ---- Ell_MAX             :    511
 ---- R_MIN               :  5.38462E-01
 ---- R_MAX               :  1.53846E+00
 ---- Chebyshev Domains   :      1

        Domain 1
          Grid points           :  64
          Dealiased Polynomials :  42
          Domain Lower Bound    :  5.38462E-01
          Domain Upper Bound    :  1.53846E+00

 -- Grid initialized.

 -- Initalizing Reference State...
 ---- Specified parameters:
 ---- Reference type           :  Boussinesq (Non-dimensional)
 ---- Rayleigh Number          :  1.00000E+05
 ---- Ekman Number             :  1.00000E-03
 ---- Prandtl Number           :  1.00000E+00
 ---- Magnetic Prandtl Number  :  5.00000E+00
 -- Reference State initialized.

 -- Initializing Fields...
 ---- Specified parameters:
 ---- Hydro Init Type    : Benchmark (Christensen et al. 2001)
 ---- Magnetic Init Type : Benchmark (Christensen et al. 2001)
 -- Fields initialized.

 Initialization Complete.
 //////////////////////////////////////

 Timestep has changed from  0.00000E+00 to  1.00000E-04.
 Iteration:  00000001   DeltaT:  1.000E-04   Iter/sec:  0.000E+00
 Timestep has changed from  1.00000E-04 to  8.93257E-06.
 Iteration:  00000002   DeltaT:  8.933E-06   Iter/sec:  1.221E+00
 Iteration:  00000003   DeltaT:  8.933E-06   Iter/sec:  5.134E+00
 Iteration:  00000004   DeltaT:  8.933E-06   Iter/sec:  5.169E+00
 Iteration:  00000005   DeltaT:  8.933E-06   Iter/sec:  5.185E+00
 Iteration:  00000006   DeltaT:  8.933E-06   Iter/sec:  5.349E+00
 Iteration:  00000007   DeltaT:  8.933E-06   Iter/sec:  5.432E+00
 Iteration:  00000008   DeltaT:  8.933E-06   Iter/sec:  5.234E+00
 Iteration:  00000009   DeltaT:  8.933E-06   Iter/sec:  5.388E+00
 Iteration:  00000010   DeltaT:  8.933E-06   Iter/sec:  5.319E+00
 Iteration:  00000011   DeltaT:  8.933E-06   Iter/sec:  5.316E+00
 Iteration:  00000012   DeltaT:  8.933E-06   Iter/sec:  5.166E+00
 Iteration:  00000013   DeltaT:  8.933E-06   Iter/sec:  5.662E+00
 Iteration:  00000014   DeltaT:  8.933E-06   Iter/sec:  5.329E+00
 Iteration:  00000015   DeltaT:  8.933E-06   Iter/sec:  5.164E+00
 Iteration:  00000016   DeltaT:  8.933E-06   Iter/sec:  5.571E+00
 Iteration:  00000017   DeltaT:  8.933E-06   Iter/sec:  5.384E+00
 Iteration:  00000018   DeltaT:  8.933E-06   Iter/sec:  5.103E+00
 Iteration:  00000019   DeltaT:  8.933E-06   Iter/sec:  5.429E+00
 Iteration:  00000020   DeltaT:  8.933E-06   Iter/sec:  4.934E+00
 Iteration:  00000021   DeltaT:  8.933E-06   Iter/sec:  5.141E+00
 Iteration:  00000022   DeltaT:  8.933E-06   Iter/sec:  5.725E+00
 Iteration:  00000023   DeltaT:  8.933E-06   Iter/sec:  5.073E+00
 Iteration:  00000024   DeltaT:  8.933E-06   Iter/sec:  5.180E+00
 Iteration:  00000025   DeltaT:  8.933E-06   Iter/sec:  4.843E+00
 Iteration:  00000026   DeltaT:  8.933E-06   Iter/sec:  5.437E+00
 Iteration:  00000027   DeltaT:  8.933E-06   Iter/sec:  5.558E+00
 Iteration:  00000028   DeltaT:  8.933E-06   Iter/sec:  5.250E+00
 Iteration:  00000029   DeltaT:  8.933E-06   Iter/sec:  5.493E+00
 Iteration:  00000030   DeltaT:  8.933E-06   Iter/sec:  5.400E+00
 Iteration:  00000031   DeltaT:  8.933E-06   Iter/sec:  5.002E+00
 Iteration:  00000032   DeltaT:  8.933E-06   Iter/sec:  5.311E+00
 Iteration:  00000033   DeltaT:  8.933E-06   Iter/sec:  5.557E+00
 Iteration:  00000034   DeltaT:  8.933E-06   Iter/sec:  5.419E+00
 Iteration:  00000035   DeltaT:  8.933E-06   Iter/sec:  5.498E+00
 Iteration:  00000036   DeltaT:  8.933E-06   Iter/sec:  4.977E+00
 Iteration:  00000037   DeltaT:  8.933E-06   Iter/sec:  5.596E+00
 Iteration:  00000038   DeltaT:  8.933E-06   Iter/sec:  5.439E+00
 Iteration:  00000039   DeltaT:  8.933E-06   Iter/sec:  5.394E+00
 Iteration:  00000040   DeltaT:  8.933E-06   Iter/sec:  5.460E+00
 Iteration:  00000041   DeltaT:  8.933E-06   Iter/sec:  4.963E+00
 Iteration:  00000042   DeltaT:  8.933E-06   Iter/sec:  5.442E+00
 Iteration:  00000043   DeltaT:  8.933E-06   Iter/sec:  5.402E+00
 Iteration:  00000044   DeltaT:  8.933E-06   Iter/sec:  5.385E+00
 Iteration:  00000045   DeltaT:  8.933E-06   Iter/sec:  5.519E+00
 Iteration:  00000046   DeltaT:  8.933E-06   Iter/sec:  5.265E+00
 Iteration:  00000047   DeltaT:  8.933E-06   Iter/sec:  5.098E+00
 Iteration:  00000048   DeltaT:  8.933E-06   Iter/sec:  5.659E+00
 Iteration:  00000049   DeltaT:  8.933E-06   Iter/sec:  5.673E+00
 Iteration:  00000050   DeltaT:  8.933E-06   Iter/sec:  5.117E+00


//////////////////////////////////////////////
   Measured Timings for Process 0  (seconds)

 Elapsed time:        10.7952
  Column time:         3.6642
     Row time:         2.5509
Legendre time:         1.0145
     FFT time:         0.4799
   Solve time:         0.1324
    rlma time:         0.0981
    rlmb time:         0.0423
  pspace time:         0.8917
  psolve time:         0.4396
    dphi time:         0.0520
captured time:         9.3655

     iter/sec:         4.5391
//////////////////////////////////////////////
