 //////////////////////////////////////
 Initializating Rayleigh...

 -- Initalizing MPI...
 ---- Specified parameters:
 ---- NCPU  :   1024
 ---- NPROW :     32
 ---- NPCOL :     32
 -- MPI initialized.


 -- Initalizing Grid...
 ---- Specified parameters ----
 ---- N_R                 :     64
 ---- N_THETA             :   1536
 ---- Ell_MAX             :   1023
 ---- R_MIN               :  5.38462E-01
 ---- R_MAX               :  1.53846E+00
 ---- Chebyshev Domains   :      1

        Domain 1
          Grid points           :  64
          Dealiased Polynomials :  42
          Domain Lower Bound    :  5.38462E-01
          Domain Upper Bound    :  1.53846E+00

 -- Grid initialized.

 -- Initalizing Reference State...
 ---- Specified parameters:
 ---- Reference type           :  Boussinesq (Non-dimensional)
 ---- Rayleigh Number          :  1.00000E+05
 ---- Ekman Number             :  1.00000E-03
 ---- Prandtl Number           :  1.00000E+00
 ---- Magnetic Prandtl Number  :  5.00000E+00
 -- Reference State initialized.

 -- Initializing Fields...
 ---- Specified parameters:
 ---- Hydro Init Type    : Benchmark (Christensen et al. 2001)
 ---- Magnetic Init Type : Benchmark (Christensen et al. 2001)
 -- Fields initialized.

 Initialization Complete.
 //////////////////////////////////////

 Timestep has changed from  0.00000E+00 to  1.00000E-04.
 Iteration:  00000001   DeltaT:  1.000E-04   Iter/sec:  0.000E+00
 Timestep has changed from  1.00000E-04 to  4.46409E-06.
 Iteration:  00000002   DeltaT:  4.464E-06   Iter/sec:  2.139E-01
 Iteration:  00000003   DeltaT:  4.464E-06   Iter/sec:  1.128E+00
 Iteration:  00000004   DeltaT:  4.464E-06   Iter/sec:  1.046E+00
 Iteration:  00000005   DeltaT:  4.464E-06   Iter/sec:  1.198E+00
 Iteration:  00000006   DeltaT:  4.464E-06   Iter/sec:  1.136E+00
 Iteration:  00000007   DeltaT:  4.464E-06   Iter/sec:  1.153E+00
 Iteration:  00000008   DeltaT:  4.464E-06   Iter/sec:  1.099E+00
 Iteration:  00000009   DeltaT:  4.464E-06   Iter/sec:  1.147E+00
 Iteration:  00000010   DeltaT:  4.464E-06   Iter/sec:  1.135E+00
 Iteration:  00000011   DeltaT:  4.464E-06   Iter/sec:  1.120E+00
 Iteration:  00000012   DeltaT:  4.464E-06   Iter/sec:  1.137E+00
 Iteration:  00000013   DeltaT:  4.464E-06   Iter/sec:  1.149E+00
 Iteration:  00000014   DeltaT:  4.464E-06   Iter/sec:  1.138E+00
 Iteration:  00000015   DeltaT:  4.464E-06   Iter/sec:  1.132E+00
 Iteration:  00000016   DeltaT:  4.464E-06   Iter/sec:  1.163E+00
 Iteration:  00000017   DeltaT:  4.464E-06   Iter/sec:  1.102E+00
 Iteration:  00000018   DeltaT:  4.464E-06   Iter/sec:  1.157E+00
 Iteration:  00000019   DeltaT:  4.464E-06   Iter/sec:  1.128E+00
 Iteration:  00000020   DeltaT:  4.464E-06   Iter/sec:  1.156E+00
 Iteration:  00000021   DeltaT:  4.464E-06   Iter/sec:  1.138E+00
 Iteration:  00000022   DeltaT:  4.464E-06   Iter/sec:  1.128E+00
 Iteration:  00000023   DeltaT:  4.464E-06   Iter/sec:  1.066E+00
 Iteration:  00000024   DeltaT:  4.464E-06   Iter/sec:  1.184E+00
 Iteration:  00000025   DeltaT:  4.464E-06   Iter/sec:  1.157E+00
 Iteration:  00000026   DeltaT:  4.464E-06   Iter/sec:  1.097E+00
 Iteration:  00000027   DeltaT:  4.464E-06   Iter/sec:  1.112E+00
 Iteration:  00000028   DeltaT:  4.464E-06   Iter/sec:  1.137E+00
 Iteration:  00000029   DeltaT:  4.464E-06   Iter/sec:  1.162E+00
 Iteration:  00000030   DeltaT:  4.464E-06   Iter/sec:  1.126E+00
 Iteration:  00000031   DeltaT:  4.464E-06   Iter/sec:  1.131E+00
 Iteration:  00000032   DeltaT:  4.464E-06   Iter/sec:  1.116E+00
 Iteration:  00000033   DeltaT:  4.464E-06   Iter/sec:  1.133E+00
 Iteration:  00000034   DeltaT:  4.464E-06   Iter/sec:  1.140E+00
 Iteration:  00000035   DeltaT:  4.464E-06   Iter/sec:  1.140E+00
 Iteration:  00000036   DeltaT:  4.464E-06   Iter/sec:  1.151E+00
 Iteration:  00000037   DeltaT:  4.464E-06   Iter/sec:  1.111E+00
 Iteration:  00000038   DeltaT:  4.464E-06   Iter/sec:  1.155E+00
 Iteration:  00000039   DeltaT:  4.464E-06   Iter/sec:  1.142E+00
 Iteration:  00000040   DeltaT:  4.464E-06   Iter/sec:  1.106E+00
 Iteration:  00000041   DeltaT:  4.464E-06   Iter/sec:  1.146E+00
 Iteration:  00000042   DeltaT:  4.464E-06   Iter/sec:  1.140E+00
 Iteration:  00000043   DeltaT:  4.464E-06   Iter/sec:  1.121E+00
 Iteration:  00000044   DeltaT:  4.464E-06   Iter/sec:  1.120E+00
 Iteration:  00000045   DeltaT:  4.464E-06   Iter/sec:  1.143E+00
 Iteration:  00000046   DeltaT:  4.464E-06   Iter/sec:  1.090E+00
 Iteration:  00000047   DeltaT:  4.464E-06   Iter/sec:  1.129E+00
 Iteration:  00000048   DeltaT:  4.464E-06   Iter/sec:  1.137E+00
 Iteration:  00000049   DeltaT:  4.464E-06   Iter/sec:  1.166E+00
 Iteration:  00000050   DeltaT:  4.464E-06   Iter/sec:  1.111E+00


//////////////////////////////////////////////
   Measured Timings for Process 0  (seconds)

 Elapsed time:        53.8052
  Column time:        15.5108
     Row time:        10.9518
Legendre time:         6.9333
     FFT time:         2.0984
   Solve time:         0.3782
    rlma time:         0.4436
    rlmb time:         0.2004
  pspace time:         4.2865
  psolve time:         2.9377
    dphi time:         0.2034
captured time:        43.9442

     iter/sec:         0.9107
//////////////////////////////////////////////
