 //////////////////////////////////////
 Initializating Rayleigh...

 -- Initalizing MPI...
 ---- Specified parameters:
 ---- NCPU  :    128
 ---- NPROW :     16
 ---- NPCOL :      8
 -- MPI initialized.


 -- Initalizing Grid...
 ---- Specified parameters ----
 ---- N_R                 :     64
 ---- N_THETA             :    768
 ---- Ell_MAX             :    511
 ---- R_MIN               :  5.38462E-01
 ---- R_MAX               :  1.53846E+00
 ---- Chebyshev Domains   :      1

        Domain 1
          Grid points           :  64
          Dealiased Polynomials :  42
          Domain Lower Bound    :  5.38462E-01
          Domain Upper Bound    :  1.53846E+00

 -- Grid initialized.

 -- Initalizing Reference State...
 ---- Specified parameters:
 ---- Reference type           :  Boussinesq (Non-dimensional)
 ---- Rayleigh Number          :  1.00000E+05
 ---- Ekman Number             :  1.00000E-03
 ---- Prandtl Number           :  1.00000E+00
 ---- Magnetic Prandtl Number  :  5.00000E+00
 -- Reference State initialized.

 -- Initializing Fields...
 ---- Specified parameters:
 ---- Hydro Init Type    : Benchmark (Christensen et al. 2001)
 ---- Magnetic Init Type : Benchmark (Christensen et al. 2001)
 -- Fields initialized.

 Initialization Complete.
 //////////////////////////////////////

 Timestep has changed from  0.00000E+00 to  1.00000E-04.
 Iteration:  00000001   DeltaT:  1.000E-04   Iter/sec:  0.000E+00
 Timestep has changed from  1.00000E-04 to  8.93257E-06.
 Iteration:  00000002   DeltaT:  8.933E-06   Iter/sec:  4.450E-01
 Iteration:  00000003   DeltaT:  8.933E-06   Iter/sec:  8.133E-01
 Iteration:  00000004   DeltaT:  8.933E-06   Iter/sec:  8.627E-01
 Iteration:  00000005   DeltaT:  8.933E-06   Iter/sec:  8.545E-01
 Iteration:  00000006   DeltaT:  8.933E-06   Iter/sec:  8.533E-01
 Iteration:  00000007   DeltaT:  8.933E-06   Iter/sec:  8.159E-01
 Iteration:  00000008   DeltaT:  8.933E-06   Iter/sec:  8.333E-01
 Iteration:  00000009   DeltaT:  8.933E-06   Iter/sec:  8.493E-01
 Iteration:  00000010   DeltaT:  8.933E-06   Iter/sec:  8.158E-01
 Iteration:  00000011   DeltaT:  8.933E-06   Iter/sec:  8.118E-01
 Iteration:  00000012   DeltaT:  8.933E-06   Iter/sec:  8.157E-01
 Iteration:  00000013   DeltaT:  8.933E-06   Iter/sec:  8.260E-01
 Iteration:  00000014   DeltaT:  8.933E-06   Iter/sec:  8.490E-01
 Iteration:  00000015   DeltaT:  8.933E-06   Iter/sec:  8.550E-01
 Iteration:  00000016   DeltaT:  8.933E-06   Iter/sec:  8.006E-01
 Iteration:  00000017   DeltaT:  8.933E-06   Iter/sec:  8.164E-01
 Iteration:  00000018   DeltaT:  8.933E-06   Iter/sec:  8.101E-01
 Iteration:  00000019   DeltaT:  8.933E-06   Iter/sec:  8.630E-01
 Iteration:  00000020   DeltaT:  8.933E-06   Iter/sec:  7.886E-01
 Iteration:  00000021   DeltaT:  8.933E-06   Iter/sec:  8.293E-01
 Iteration:  00000022   DeltaT:  8.933E-06   Iter/sec:  8.418E-01
 Iteration:  00000023   DeltaT:  8.933E-06   Iter/sec:  8.534E-01
 Iteration:  00000024   DeltaT:  8.933E-06   Iter/sec:  7.751E-01
 Iteration:  00000025   DeltaT:  8.933E-06   Iter/sec:  8.355E-01
 Iteration:  00000026   DeltaT:  8.933E-06   Iter/sec:  8.148E-01
 Iteration:  00000027   DeltaT:  8.933E-06   Iter/sec:  8.496E-01
 Iteration:  00000028   DeltaT:  8.933E-06   Iter/sec:  8.433E-01
 Iteration:  00000029   DeltaT:  8.933E-06   Iter/sec:  8.673E-01
 Iteration:  00000030   DeltaT:  8.933E-06   Iter/sec:  8.488E-01
 Iteration:  00000031   DeltaT:  8.933E-06   Iter/sec:  8.661E-01
 Iteration:  00000032   DeltaT:  8.933E-06   Iter/sec:  8.514E-01
 Iteration:  00000033   DeltaT:  8.933E-06   Iter/sec:  8.541E-01
 Iteration:  00000034   DeltaT:  8.933E-06   Iter/sec:  8.373E-01
 Iteration:  00000035   DeltaT:  8.933E-06   Iter/sec:  7.950E-01
 Iteration:  00000036   DeltaT:  8.933E-06   Iter/sec:  8.474E-01
 Iteration:  00000037   DeltaT:  8.933E-06   Iter/sec:  8.472E-01
 Iteration:  00000038   DeltaT:  8.933E-06   Iter/sec:  8.428E-01
 Iteration:  00000039   DeltaT:  8.933E-06   Iter/sec:  8.177E-01
 Iteration:  00000040   DeltaT:  8.933E-06   Iter/sec:  8.366E-01
 Iteration:  00000041   DeltaT:  8.933E-06   Iter/sec:  8.088E-01
 Iteration:  00000042   DeltaT:  8.933E-06   Iter/sec:  8.389E-01
 Iteration:  00000043   DeltaT:  8.933E-06   Iter/sec:  8.134E-01
 Iteration:  00000044   DeltaT:  8.933E-06   Iter/sec:  8.396E-01
 Iteration:  00000045   DeltaT:  8.933E-06   Iter/sec:  8.108E-01
 Iteration:  00000046   DeltaT:  8.933E-06   Iter/sec:  8.385E-01
 Iteration:  00000047   DeltaT:  8.933E-06   Iter/sec:  7.977E-01
 Iteration:  00000048   DeltaT:  8.933E-06   Iter/sec:  8.027E-01
 Iteration:  00000049   DeltaT:  8.933E-06   Iter/sec:  8.009E-01
 Iteration:  00000050   DeltaT:  8.933E-06   Iter/sec:  8.449E-01


//////////////////////////////////////////////
   Measured Timings for Process 0  (seconds)

 Elapsed time:        65.2636
  Column time:         8.0583
     Row time:        21.5388
Legendre time:         8.9037
     FFT time:         3.8340
   Solve time:         0.7232
    rlma time:         0.8493
    rlmb time:         0.4639
  pspace time:         8.8975
  psolve time:         5.8391
    dphi time:         0.4222
captured time:        59.5300

     iter/sec:         0.7508
//////////////////////////////////////////////
