 //////////////////////////////////////
 Initializating Rayleigh...

 -- Initalizing MPI...
 ---- Specified parameters:
 ---- NCPU  :    512
 ---- NPROW :     32
 ---- NPCOL :     16
 -- MPI initialized.


 -- Initalizing Grid...
 ---- Specified parameters ----
 ---- N_R                 :     64
 ---- N_THETA             :    768
 ---- Ell_MAX             :    511
 ---- R_MIN               :  5.38462E-01
 ---- R_MAX               :  1.53846E+00
 ---- Chebyshev Domains   :      1

        Domain 1
          Grid points           :  64
          Dealiased Polynomials :  42
          Domain Lower Bound    :  5.38462E-01
          Domain Upper Bound    :  1.53846E+00

 -- Grid initialized.

[SHTns 3.4.5] built Apr 30 2021, 15:49:24, id: avx2,ishioka
        Lmax=511, Mmax*Mres=511, Mres=1, Nlm=131328  [1 threads, orthonormalized]
        => using FFTW : Mmax=511, Nphi=1536, Nlat=768  (data layout : phi_inc=768, theta_inc=1, phi_embed=1536)
        => using Gauss nodes
        + polar optimization threshold = 1.0e-08
        finding optimal algorithm.......
        + SHT accuracy = 3.75e-13
        => SHTns is ready.
 -- Initalizing Reference State...
 ---- Specified parameters:
 ---- Reference type           :  Boussinesq (Non-dimensional)
 ---- Rayleigh Number          :  1.00000E+05
 ---- Ekman Number             :  1.00000E-03
 ---- Prandtl Number           :  1.00000E+00
 ---- Magnetic Prandtl Number  :  5.00000E+00
 -- Reference State initialized.

 -- Initializing Fields...
 ---- Specified parameters:
 ---- Hydro Init Type    : Benchmark (Christensen et al. 2001)
 ---- Magnetic Init Type : Benchmark (Christensen et al. 2001)
 -- Fields initialized.

 Initialization Complete.
 //////////////////////////////////////

 Timestep has changed from  0.00000E+00 to  1.00000E-04.
 Iteration:  00000001   DeltaT:  1.000E-04   Iter/sec:  0.000E+00
 Timestep has changed from  1.00000E-04 to  8.93257E-06.
 Iteration:  00000002   DeltaT:  8.933E-06   Iter/sec:  1.303E-01
 Iteration:  00000003   DeltaT:  8.933E-06   Iter/sec:  3.002E+00
 Iteration:  00000004   DeltaT:  8.933E-06   Iter/sec:  3.078E+00
 Iteration:  00000005   DeltaT:  8.933E-06   Iter/sec:  3.038E+00
 Iteration:  00000006   DeltaT:  8.933E-06   Iter/sec:  3.110E+00
 Iteration:  00000007   DeltaT:  8.933E-06   Iter/sec:  2.958E+00
 Iteration:  00000008   DeltaT:  8.933E-06   Iter/sec:  3.089E+00
 Iteration:  00000009   DeltaT:  8.933E-06   Iter/sec:  3.076E+00
 Iteration:  00000010   DeltaT:  8.933E-06   Iter/sec:  3.115E+00
 Iteration:  00000011   DeltaT:  8.933E-06   Iter/sec:  3.033E+00
 Iteration:  00000012   DeltaT:  8.933E-06   Iter/sec:  3.106E+00
 Iteration:  00000013   DeltaT:  8.933E-06   Iter/sec:  3.037E+00
 Iteration:  00000014   DeltaT:  8.933E-06   Iter/sec:  3.143E+00
 Iteration:  00000015   DeltaT:  8.933E-06   Iter/sec:  2.981E+00
 Iteration:  00000016   DeltaT:  8.933E-06   Iter/sec:  3.098E+00
 Iteration:  00000017   DeltaT:  8.933E-06   Iter/sec:  3.160E+00
 Iteration:  00000018   DeltaT:  8.933E-06   Iter/sec:  2.964E+00
 Iteration:  00000019   DeltaT:  8.933E-06   Iter/sec:  3.288E+00
 Iteration:  00000020   DeltaT:  8.933E-06   Iter/sec:  2.953E+00
 Iteration:  00000021   DeltaT:  8.933E-06   Iter/sec:  3.183E+00
 Iteration:  00000022   DeltaT:  8.933E-06   Iter/sec:  3.107E+00
 Iteration:  00000023   DeltaT:  8.933E-06   Iter/sec:  3.159E+00
 Iteration:  00000024   DeltaT:  8.933E-06   Iter/sec:  2.913E+00
 Iteration:  00000025   DeltaT:  8.933E-06   Iter/sec:  3.068E+00
 Iteration:  00000026   DeltaT:  8.933E-06   Iter/sec:  3.057E+00
 Iteration:  00000027   DeltaT:  8.933E-06   Iter/sec:  3.079E+00
 Iteration:  00000028   DeltaT:  8.933E-06   Iter/sec:  3.026E+00
 Iteration:  00000029   DeltaT:  8.933E-06   Iter/sec:  3.053E+00
 Iteration:  00000030   DeltaT:  8.933E-06   Iter/sec:  3.196E+00
 Iteration:  00000031   DeltaT:  8.933E-06   Iter/sec:  3.013E+00
 Iteration:  00000032   DeltaT:  8.933E-06   Iter/sec:  3.065E+00
 Iteration:  00000033   DeltaT:  8.933E-06   Iter/sec:  2.886E+00
 Iteration:  00000034   DeltaT:  8.933E-06   Iter/sec:  3.158E+00
 Iteration:  00000035   DeltaT:  8.933E-06   Iter/sec:  3.077E+00
 Iteration:  00000036   DeltaT:  8.933E-06   Iter/sec:  2.912E+00
 Iteration:  00000037   DeltaT:  8.933E-06   Iter/sec:  3.184E+00
 Iteration:  00000038   DeltaT:  8.933E-06   Iter/sec:  3.026E+00
 Iteration:  00000039   DeltaT:  8.933E-06   Iter/sec:  3.135E+00
 Iteration:  00000040   DeltaT:  8.933E-06   Iter/sec:  3.060E+00
 Iteration:  00000041   DeltaT:  8.933E-06   Iter/sec:  2.915E+00
 Iteration:  00000042   DeltaT:  8.933E-06   Iter/sec:  3.057E+00
 Iteration:  00000043   DeltaT:  8.933E-06   Iter/sec:  3.088E+00
 Iteration:  00000044   DeltaT:  8.933E-06   Iter/sec:  3.149E+00
 Iteration:  00000045   DeltaT:  8.933E-06   Iter/sec:  3.072E+00
 Iteration:  00000046   DeltaT:  8.933E-06   Iter/sec:  3.077E+00
 Iteration:  00000047   DeltaT:  8.933E-06   Iter/sec:  3.063E+00
 Iteration:  00000048   DeltaT:  8.933E-06   Iter/sec:  3.050E+00
 Iteration:  00000049   DeltaT:  8.933E-06   Iter/sec:  3.114E+00
 Iteration:  00000050   DeltaT:  8.933E-06   Iter/sec:  2.943E+00


//////////////////////////////////////////////
   Measured Timings for Process 0  (seconds)

 Elapsed time:        20.0502
  Column time:         4.1917
     Row time:         5.5224
Legendre time:         1.9177
     FFT time:         0.9401
   Solve time:         0.2541
    rlma time:         0.1804
    rlmb time:         0.0777
  pspace time:         1.8110
  psolve time:         1.2667
    dphi time:         0.0727
captured time:        16.2347

     iter/sec:         2.4937
//////////////////////////////////////////////
