 //////////////////////////////////////
 Initializating Rayleigh...

 -- Initalizing MPI...
 ---- Specified parameters:
 ---- NCPU  :   2048
 ---- NPROW :     32
 ---- NPCOL :     64
 -- MPI initialized.


 -- Initalizing Grid...
 ---- Specified parameters ----
 ---- N_R                 :     64
 ---- N_THETA             :    768
 ---- Ell_MAX             :    511
 ---- R_MIN               :  5.38462E-01
 ---- R_MAX               :  1.53846E+00
 ---- Chebyshev Domains   :      1

        Domain 1
          Grid points           :  64
          Dealiased Polynomials :  42
          Domain Lower Bound    :  5.38462E-01
          Domain Upper Bound    :  1.53846E+00

 -- Grid initialized.

[SHTns 3.4.5] built Apr 30 2021, 15:49:24, id: avx2,ishioka
        Lmax=511, Mmax*Mres=511, Mres=1, Nlm=131328  [1 threads, orthonormalized]
        => using FFTW : Mmax=511, Nphi=1536, Nlat=768  (data layout : phi_inc=768, theta_inc=1, phi_embed=1536)
        => using Gauss nodes
        + polar optimization threshold = 1.0e-08
        finding optimal algorithm........
        + SHT accuracy = 5.34e-13
        => SHTns is ready.
 -- Initalizing Reference State...
 ---- Specified parameters:
 ---- Reference type           :  Boussinesq (Non-dimensional)
 ---- Rayleigh Number          :  1.00000E+05
 ---- Ekman Number             :  1.00000E-03
 ---- Prandtl Number           :  1.00000E+00
 ---- Magnetic Prandtl Number  :  5.00000E+00
 -- Reference State initialized.

 -- Initializing Fields...
 ---- Specified parameters:
 ---- Hydro Init Type    : Benchmark (Christensen et al. 2001)
 ---- Magnetic Init Type : Benchmark (Christensen et al. 2001)
 -- Fields initialized.

 Initialization Complete.
 //////////////////////////////////////

 Timestep has changed from  0.00000E+00 to  1.00000E-04.
 Iteration:  00000001   DeltaT:  1.000E-04   Iter/sec:  0.000E+00
 Timestep has changed from  1.00000E-04 to  8.93257E-06.
 Iteration:  00000002   DeltaT:  8.933E-06   Iter/sec:  1.333E-01
 Iteration:  00000003   DeltaT:  8.933E-06   Iter/sec:  1.148E+01
 Iteration:  00000004   DeltaT:  8.933E-06   Iter/sec:  1.179E+01
 Iteration:  00000005   DeltaT:  8.933E-06   Iter/sec:  1.017E+01
 Iteration:  00000006   DeltaT:  8.933E-06   Iter/sec:  6.341E+00
 Iteration:  00000007   DeltaT:  8.933E-06   Iter/sec:  1.281E+01
 Iteration:  00000008   DeltaT:  8.933E-06   Iter/sec:  1.251E+01
 Iteration:  00000009   DeltaT:  8.933E-06   Iter/sec:  1.344E+01
 Iteration:  00000010   DeltaT:  8.933E-06   Iter/sec:  1.313E+01
 Iteration:  00000011   DeltaT:  8.933E-06   Iter/sec:  1.248E+01
 Iteration:  00000012   DeltaT:  8.933E-06   Iter/sec:  9.561E+00
 Iteration:  00000013   DeltaT:  8.933E-06   Iter/sec:  6.246E+00
 Iteration:  00000014   DeltaT:  8.933E-06   Iter/sec:  1.370E+01
 Iteration:  00000015   DeltaT:  8.933E-06   Iter/sec:  1.266E+01
 Iteration:  00000016   DeltaT:  8.933E-06   Iter/sec:  1.338E+01
 Iteration:  00000017   DeltaT:  8.933E-06   Iter/sec:  1.301E+01
 Iteration:  00000018   DeltaT:  8.933E-06   Iter/sec:  1.239E+01
 Iteration:  00000019   DeltaT:  8.933E-06   Iter/sec:  9.315E+00
 Iteration:  00000020   DeltaT:  8.933E-06   Iter/sec:  6.374E+00
 Iteration:  00000021   DeltaT:  8.933E-06   Iter/sec:  1.277E+01
 Iteration:  00000022   DeltaT:  8.933E-06   Iter/sec:  1.301E+01
 Iteration:  00000023   DeltaT:  8.933E-06   Iter/sec:  1.274E+01
 Iteration:  00000024   DeltaT:  8.933E-06   Iter/sec:  1.263E+01
 Iteration:  00000025   DeltaT:  8.933E-06   Iter/sec:  1.233E+01
 Iteration:  00000026   DeltaT:  8.933E-06   Iter/sec:  9.787E+00
 Iteration:  00000027   DeltaT:  8.933E-06   Iter/sec:  6.438E+00
 Iteration:  00000028   DeltaT:  8.933E-06   Iter/sec:  1.321E+01
 Iteration:  00000029   DeltaT:  8.933E-06   Iter/sec:  1.253E+01
 Iteration:  00000030   DeltaT:  8.933E-06   Iter/sec:  1.358E+01
 Iteration:  00000031   DeltaT:  8.933E-06   Iter/sec:  1.329E+01
 Iteration:  00000032   DeltaT:  8.933E-06   Iter/sec:  1.236E+01
 Iteration:  00000033   DeltaT:  8.933E-06   Iter/sec:  9.467E+00
 Iteration:  00000034   DeltaT:  8.933E-06   Iter/sec:  6.223E+00
 Iteration:  00000035   DeltaT:  8.933E-06   Iter/sec:  1.379E+01
 Iteration:  00000036   DeltaT:  8.933E-06   Iter/sec:  1.289E+01
 Iteration:  00000037   DeltaT:  8.933E-06   Iter/sec:  1.330E+01
 Iteration:  00000038   DeltaT:  8.933E-06   Iter/sec:  1.243E+01
 Iteration:  00000039   DeltaT:  8.933E-06   Iter/sec:  7.390E+00
 Iteration:  00000040   DeltaT:  8.933E-06   Iter/sec:  1.583E+01
 Iteration:  00000041   DeltaT:  8.933E-06   Iter/sec:  6.413E+00
 Iteration:  00000042   DeltaT:  8.933E-06   Iter/sec:  1.297E+01
 Iteration:  00000043   DeltaT:  8.933E-06   Iter/sec:  1.294E+01
 Iteration:  00000044   DeltaT:  8.933E-06   Iter/sec:  1.332E+01
 Iteration:  00000045   DeltaT:  8.933E-06   Iter/sec:  1.290E+01
 Iteration:  00000046   DeltaT:  8.933E-06   Iter/sec:  1.267E+01
 Iteration:  00000047   DeltaT:  8.933E-06   Iter/sec:  9.340E+00
 Iteration:  00000048   DeltaT:  8.933E-06   Iter/sec:  6.122E+00
 Iteration:  00000049   DeltaT:  8.933E-06   Iter/sec:  1.352E+01
 Iteration:  00000050   DeltaT:  8.933E-06   Iter/sec:  1.278E+01


//////////////////////////////////////////////
   Measured Timings for Process 0  (seconds)

 Elapsed time:         7.5799
  Column time:         2.3061
     Row time:         1.1495
Legendre time:         0.4076
     FFT time:         0.2957
   Solve time:         0.0822
    rlma time:         0.0623
    rlmb time:         0.0261
  pspace time:         0.1982
  psolve time:         0.1929
    dphi time:         0.0271
captured time:         4.7478

     iter/sec:         6.5964
//////////////////////////////////////////////
