MPT: Launch to r617i4n1 failed (6817025), retrying...
 //////////////////////////////////////
 Initializating Rayleigh...

 -- Initalizing MPI...
 ---- Specified parameters:
 ---- NCPU  :   2048
 ---- NPROW :     64
 ---- NPCOL :     32
 -- MPI initialized.


 -- Initalizing Grid...
 ---- Specified parameters ----
 ---- N_R                 :     64
 ---- N_THETA             :   1536
 ---- Ell_MAX             :   1023
 ---- R_MIN               :  5.38462E-01
 ---- R_MAX               :  1.53846E+00
 ---- Chebyshev Domains   :      1

        Domain 1
          Grid points           :  64
          Dealiased Polynomials :  42
          Domain Lower Bound    :  5.38462E-01
          Domain Upper Bound    :  1.53846E+00

 -- Grid initialized.

[SHTns 3.4.5] built Apr 30 2021, 15:49:24, id: avx2,ishioka
        Lmax=1023, Mmax*Mres=1023, Mres=1, Nlm=524800  [1 threads, orthonormalized]
        => using FFTW : Mmax=1023, Nphi=3072, Nlat=1536  (data layout : phi_inc=1536, theta_inc=1, phi_embed=3072)
        => using Gauss nodes
        + polar optimization threshold = 1.0e-08
        finding optimal algorithm...
        + SHT accuracy = 1.19e-12
        => SHTns is ready.
 -- Initalizing Reference State...
 ---- Specified parameters:
 ---- Reference type           :  Boussinesq (Non-dimensional)
 ---- Rayleigh Number          :  1.00000E+05
 ---- Ekman Number             :  1.00000E-03
 ---- Prandtl Number           :  1.00000E+00
 ---- Magnetic Prandtl Number  :  5.00000E+00
 -- Reference State initialized.

 -- Initializing Fields...
 ---- Specified parameters:
 ---- Hydro Init Type    : Benchmark (Christensen et al. 2001)
 ---- Magnetic Init Type : Benchmark (Christensen et al. 2001)
 -- Fields initialized.

 Initialization Complete.
 //////////////////////////////////////

 Timestep has changed from  0.00000E+00 to  1.00000E-04.
 Iteration:  00000001   DeltaT:  1.000E-04   Iter/sec:  0.000E+00
 Timestep has changed from  1.00000E-04 to  4.46409E-06.
 Iteration:  00000002   DeltaT:  4.464E-06   Iter/sec:  1.316E-01
 Iteration:  00000003   DeltaT:  4.464E-06   Iter/sec:  2.005E+00
 Iteration:  00000004   DeltaT:  4.464E-06   Iter/sec:  2.050E+00
 Iteration:  00000005   DeltaT:  4.464E-06   Iter/sec:  2.254E+00
 Iteration:  00000006   DeltaT:  4.464E-06   Iter/sec:  2.251E+00
 Iteration:  00000007   DeltaT:  4.464E-06   Iter/sec:  2.046E+00
 Iteration:  00000008   DeltaT:  4.464E-06   Iter/sec:  1.890E+00
 Iteration:  00000009   DeltaT:  4.464E-06   Iter/sec:  2.008E+00
 Iteration:  00000010   DeltaT:  4.464E-06   Iter/sec:  2.360E+00
 Iteration:  00000011   DeltaT:  4.464E-06   Iter/sec:  2.216E+00
 Iteration:  00000012   DeltaT:  4.464E-06   Iter/sec:  2.034E+00
 Iteration:  00000013   DeltaT:  4.464E-06   Iter/sec:  2.349E+00
 Iteration:  00000014   DeltaT:  4.464E-06   Iter/sec:  1.937E+00
 Iteration:  00000015   DeltaT:  4.464E-06   Iter/sec:  1.868E+00
 Iteration:  00000016   DeltaT:  4.464E-06   Iter/sec:  2.010E+00
 Iteration:  00000017   DeltaT:  4.464E-06   Iter/sec:  2.376E+00
 Iteration:  00000018   DeltaT:  4.464E-06   Iter/sec:  2.001E+00
 Iteration:  00000019   DeltaT:  4.464E-06   Iter/sec:  1.839E+00
 Iteration:  00000020   DeltaT:  4.464E-06   Iter/sec:  1.997E+00
 Iteration:  00000021   DeltaT:  4.464E-06   Iter/sec:  2.376E+00
 Iteration:  00000022   DeltaT:  4.464E-06   Iter/sec:  2.013E+00
 Iteration:  00000023   DeltaT:  4.464E-06   Iter/sec:  1.835E+00
 Iteration:  00000024   DeltaT:  4.464E-06   Iter/sec:  2.020E+00
 Iteration:  00000025   DeltaT:  4.464E-06   Iter/sec:  2.229E+00
 Iteration:  00000026   DeltaT:  4.464E-06   Iter/sec:  1.974E+00
 Iteration:  00000027   DeltaT:  4.464E-06   Iter/sec:  1.896E+00
 Iteration:  00000028   DeltaT:  4.464E-06   Iter/sec:  2.008E+00
 Iteration:  00000029   DeltaT:  4.464E-06   Iter/sec:  2.390E+00
 Iteration:  00000030   DeltaT:  4.464E-06   Iter/sec:  2.012E+00
 Iteration:  00000031   DeltaT:  4.464E-06   Iter/sec:  1.848E+00
 Iteration:  00000032   DeltaT:  4.464E-06   Iter/sec:  2.013E+00
 Iteration:  00000033   DeltaT:  4.464E-06   Iter/sec:  2.362E+00
 Iteration:  00000034   DeltaT:  4.464E-06   Iter/sec:  2.082E+00
 Iteration:  00000035   DeltaT:  4.464E-06   Iter/sec:  2.248E+00
 Iteration:  00000036   DeltaT:  4.464E-06   Iter/sec:  2.248E+00
 Iteration:  00000037   DeltaT:  4.464E-06   Iter/sec:  2.109E+00
 Iteration:  00000038   DeltaT:  4.464E-06   Iter/sec:  1.906E+00
 Iteration:  00000039   DeltaT:  4.464E-06   Iter/sec:  2.019E+00
 Iteration:  00000040   DeltaT:  4.464E-06   Iter/sec:  2.265E+00
 Iteration:  00000041   DeltaT:  4.464E-06   Iter/sec:  1.958E+00
 Iteration:  00000042   DeltaT:  4.464E-06   Iter/sec:  1.931E+00
 Iteration:  00000043   DeltaT:  4.464E-06   Iter/sec:  2.023E+00
 Iteration:  00000044   DeltaT:  4.464E-06   Iter/sec:  2.329E+00
 Iteration:  00000045   DeltaT:  4.464E-06   Iter/sec:  2.016E+00
 Iteration:  00000046   DeltaT:  4.464E-06   Iter/sec:  1.853E+00
 Iteration:  00000047   DeltaT:  4.464E-06   Iter/sec:  2.048E+00
 Iteration:  00000048   DeltaT:  4.464E-06   Iter/sec:  2.157E+00
 Iteration:  00000049   DeltaT:  4.464E-06   Iter/sec:  2.091E+00
 Iteration:  00000050   DeltaT:  4.464E-06   Iter/sec:  1.878E+00


//////////////////////////////////////////////
   Measured Timings for Process 0  (seconds)

 Elapsed time:        27.8477
  Column time:         8.0172
     Row time:         8.1313
Legendre time:         3.1653
     FFT time:         1.0887
   Solve time:         0.2653
    rlma time:         0.1902
    rlmb time:         0.0853
  pspace time:         1.8220
  psolve time:         1.2729
    dphi time:         0.1045
captured time:        24.1427

     iter/sec:         1.7955
//////////////////////////////////////////////
