 //////////////////////////////////////
 Initializating Rayleigh...

 -- Initalizing MPI...
 ---- Specified parameters:
 ---- NCPU  :    512
 ---- NPROW :     32
 ---- NPCOL :     16
 -- MPI initialized.


 -- Initalizing Grid...
 ---- Specified parameters ----
 ---- N_R                 :     64
 ---- N_THETA             :   1536
 ---- Ell_MAX             :   1023
 ---- R_MIN               :  5.38462E-01
 ---- R_MAX               :  1.53846E+00
 ---- Chebyshev Domains   :      1

        Domain 1
          Grid points           :  64
          Dealiased Polynomials :  42
          Domain Lower Bound    :  5.38462E-01
          Domain Upper Bound    :  1.53846E+00

 -- Grid initialized.

[SHTns 3.4.5] built Apr 30 2021, 15:49:24, id: avx2,ishioka
        Lmax=1023, Mmax*Mres=1023, Mres=1, Nlm=524800  [1 threads, orthonormalized]
        => using FFTW : Mmax=1023, Nphi=3072, Nlat=1536  (data layout : phi_inc=1536, theta_inc=1, phi_embed=3072)
        => using Gauss nodes
        + polar optimization threshold = 1.0e-08
        finding optimal algorithm...
        + SHT accuracy = 9.37e-13
        => SHTns is ready.
 -- Initalizing Reference State...
 ---- Specified parameters:
 ---- Reference type           :  Boussinesq (Non-dimensional)
 ---- Rayleigh Number          :  1.00000E+05
 ---- Ekman Number             :  1.00000E-03
 ---- Prandtl Number           :  1.00000E+00
 ---- Magnetic Prandtl Number  :  5.00000E+00
 -- Reference State initialized.

 -- Initializing Fields...
 ---- Specified parameters:
 ---- Hydro Init Type    : Benchmark (Christensen et al. 2001)
 ---- Magnetic Init Type : Benchmark (Christensen et al. 2001)
 -- Fields initialized.

 Initialization Complete.
 //////////////////////////////////////

 Timestep has changed from  0.00000E+00 to  1.00000E-04.
 Iteration:  00000001   DeltaT:  1.000E-04   Iter/sec:  0.000E+00
 Timestep has changed from  1.00000E-04 to  4.46409E-06.
 Iteration:  00000002   DeltaT:  4.464E-06   Iter/sec:  9.722E-02
 Iteration:  00000003   DeltaT:  4.464E-06   Iter/sec:  6.808E-01
 Iteration:  00000004   DeltaT:  4.464E-06   Iter/sec:  6.819E-01
 Iteration:  00000005   DeltaT:  4.464E-06   Iter/sec:  6.942E-01
 Iteration:  00000006   DeltaT:  4.464E-06   Iter/sec:  6.841E-01
 Iteration:  00000007   DeltaT:  4.464E-06   Iter/sec:  6.853E-01
 Iteration:  00000008   DeltaT:  4.464E-06   Iter/sec:  6.883E-01
 Iteration:  00000009   DeltaT:  4.464E-06   Iter/sec:  6.834E-01
 Iteration:  00000010   DeltaT:  4.464E-06   Iter/sec:  6.845E-01
 Iteration:  00000011   DeltaT:  4.464E-06   Iter/sec:  6.817E-01
 Iteration:  00000012   DeltaT:  4.464E-06   Iter/sec:  6.802E-01
 Iteration:  00000013   DeltaT:  4.464E-06   Iter/sec:  6.883E-01
 Iteration:  00000014   DeltaT:  4.464E-06   Iter/sec:  7.026E-01
 Iteration:  00000015   DeltaT:  4.464E-06   Iter/sec:  6.503E-01
 Iteration:  00000016   DeltaT:  4.464E-06   Iter/sec:  6.932E-01
 Iteration:  00000017   DeltaT:  4.464E-06   Iter/sec:  6.848E-01
 Iteration:  00000018   DeltaT:  4.464E-06   Iter/sec:  6.764E-01
 Iteration:  00000019   DeltaT:  4.464E-06   Iter/sec:  6.837E-01
 Iteration:  00000020   DeltaT:  4.464E-06   Iter/sec:  6.901E-01
 Iteration:  00000021   DeltaT:  4.464E-06   Iter/sec:  6.710E-01
 Iteration:  00000022   DeltaT:  4.464E-06   Iter/sec:  7.121E-01
 Iteration:  00000023   DeltaT:  4.464E-06   Iter/sec:  6.768E-01
 Iteration:  00000024   DeltaT:  4.464E-06   Iter/sec:  6.868E-01
 Iteration:  00000025   DeltaT:  4.464E-06   Iter/sec:  6.728E-01
 Iteration:  00000026   DeltaT:  4.464E-06   Iter/sec:  6.804E-01
 Iteration:  00000027   DeltaT:  4.464E-06   Iter/sec:  6.879E-01
 Iteration:  00000028   DeltaT:  4.464E-06   Iter/sec:  6.752E-01
 Iteration:  00000029   DeltaT:  4.464E-06   Iter/sec:  6.837E-01
 Iteration:  00000030   DeltaT:  4.464E-06   Iter/sec:  6.862E-01
 Iteration:  00000031   DeltaT:  4.464E-06   Iter/sec:  6.611E-01
 Iteration:  00000032   DeltaT:  4.464E-06   Iter/sec:  6.913E-01
 Iteration:  00000033   DeltaT:  4.464E-06   Iter/sec:  6.864E-01
 Iteration:  00000034   DeltaT:  4.464E-06   Iter/sec:  6.880E-01
 Iteration:  00000035   DeltaT:  4.464E-06   Iter/sec:  6.932E-01
 Iteration:  00000036   DeltaT:  4.464E-06   Iter/sec:  6.956E-01
 Iteration:  00000037   DeltaT:  4.464E-06   Iter/sec:  6.930E-01
 Iteration:  00000038   DeltaT:  4.464E-06   Iter/sec:  6.958E-01
 Iteration:  00000039   DeltaT:  4.464E-06   Iter/sec:  6.838E-01
 Iteration:  00000040   DeltaT:  4.464E-06   Iter/sec:  7.190E-01
 Iteration:  00000041   DeltaT:  4.464E-06   Iter/sec:  6.647E-01
 Iteration:  00000042   DeltaT:  4.464E-06   Iter/sec:  6.972E-01
 Iteration:  00000043   DeltaT:  4.464E-06   Iter/sec:  6.876E-01
 Iteration:  00000044   DeltaT:  4.464E-06   Iter/sec:  6.886E-01
 Iteration:  00000045   DeltaT:  4.464E-06   Iter/sec:  7.000E-01
 Iteration:  00000046   DeltaT:  4.464E-06   Iter/sec:  6.958E-01
 Iteration:  00000047   DeltaT:  4.464E-06   Iter/sec:  7.301E-01
 Iteration:  00000048   DeltaT:  4.464E-06   Iter/sec:  6.492E-01
 Iteration:  00000049   DeltaT:  4.464E-06   Iter/sec:  6.883E-01
 Iteration:  00000050   DeltaT:  4.464E-06   Iter/sec:  7.032E-01


//////////////////////////////////////////////
   Measured Timings for Process 0  (seconds)

 Elapsed time:        85.8418
  Column time:        18.2386
     Row time:        20.3258
Legendre time:        12.7874
     FFT time:         4.2761
   Solve time:         0.7322
    rlma time:         0.9240
    rlmb time:         0.4204
  pspace time:         8.0413
  psolve time:         6.0591
    dphi time:         0.3308
captured time:        72.1358

     iter/sec:         0.5825
//////////////////////////////////////////////
