 //////////////////////////////////////
 Initializating Rayleigh...

 -- Initalizing MPI...
 ---- Specified parameters:
 ---- NCPU  :    256
 ---- NPROW :     16
 ---- NPCOL :     16
 -- MPI initialized.


 -- Initalizing Grid...
 ---- Specified parameters ----
 ---- N_R                 :     64
 ---- N_THETA             :    384
 ---- Ell_MAX             :    255
 ---- R_MIN               :  5.38462E-01
 ---- R_MAX               :  1.53846E+00
 ---- Chebyshev Domains   :      1

        Domain 1
          Grid points           :  64
          Dealiased Polynomials :  42
          Domain Lower Bound    :  5.38462E-01
          Domain Upper Bound    :  1.53846E+00

 -- Grid initialized.

[SHTns 3.4.5] built Apr 30 2021, 15:49:24, id: avx2,ishioka
        Lmax=255, Mmax*Mres=255, Mres=1, Nlm=32896  [1 threads, orthonormalized]
        => using FFTW : Mmax=255, Nphi=768, Nlat=384  (data layout : phi_inc=384, theta_inc=1, phi_embed=768)
        => using Gauss nodes
        + polar optimization threshold = 1.0e-08
        finding optimal algorithm..........
        + SHT accuracy = 1.56e-12
        => SHTns is ready.
 -- Initalizing Reference State...
 ---- Specified parameters:
 ---- Reference type           :  Boussinesq (Non-dimensional)
 ---- Rayleigh Number          :  1.00000E+05
 ---- Ekman Number             :  1.00000E-03
 ---- Prandtl Number           :  1.00000E+00
 ---- Magnetic Prandtl Number  :  5.00000E+00
 -- Reference State initialized.

 -- Initializing Fields...
 ---- Specified parameters:
 ---- Hydro Init Type    : Benchmark (Christensen et al. 2001)
 ---- Magnetic Init Type : Benchmark (Christensen et al. 2001)
 -- Fields initialized.

 Initialization Complete.
 //////////////////////////////////////

 Timestep has changed from  0.00000E+00 to  1.00000E-04.
 Iteration:  00000001   DeltaT:  1.000E-04   Iter/sec:  0.000E+00
 Timestep has changed from  1.00000E-04 to  1.02211E-05.
 Iteration:  00000002   DeltaT:  1.022E-05   Iter/sec:  1.125E-01
 Iteration:  00000003   DeltaT:  1.022E-05   Iter/sec:  7.010E+00
 Iteration:  00000004   DeltaT:  1.022E-05   Iter/sec:  7.850E+00
 Iteration:  00000005   DeltaT:  1.022E-05   Iter/sec:  7.821E+00
 Iteration:  00000006   DeltaT:  1.022E-05   Iter/sec:  7.797E+00
 Iteration:  00000007   DeltaT:  1.022E-05   Iter/sec:  8.085E+00
 Iteration:  00000008   DeltaT:  1.022E-05   Iter/sec:  7.540E+00
 Iteration:  00000009   DeltaT:  1.022E-05   Iter/sec:  7.712E+00
 Iteration:  00000010   DeltaT:  1.022E-05   Iter/sec:  7.890E+00
 Iteration:  00000011   DeltaT:  1.022E-05   Iter/sec:  7.561E+00
 Iteration:  00000012   DeltaT:  1.022E-05   Iter/sec:  7.953E+00
 Iteration:  00000013   DeltaT:  1.022E-05   Iter/sec:  7.743E+00
 Iteration:  00000014   DeltaT:  1.022E-05   Iter/sec:  7.907E+00
 Iteration:  00000015   DeltaT:  1.022E-05   Iter/sec:  7.630E+00
 Iteration:  00000016   DeltaT:  1.022E-05   Iter/sec:  7.806E+00
 Iteration:  00000017   DeltaT:  1.022E-05   Iter/sec:  7.967E+00
 Iteration:  00000018   DeltaT:  1.022E-05   Iter/sec:  7.879E+00
 Iteration:  00000019   DeltaT:  1.022E-05   Iter/sec:  7.847E+00
 Iteration:  00000020   DeltaT:  1.022E-05   Iter/sec:  7.986E+00
 Iteration:  00000021   DeltaT:  1.022E-05   Iter/sec:  7.955E+00
 Iteration:  00000022   DeltaT:  1.022E-05   Iter/sec:  7.787E+00
 Iteration:  00000023   DeltaT:  1.022E-05   Iter/sec:  7.704E+00
 Iteration:  00000024   DeltaT:  1.022E-05   Iter/sec:  7.683E+00
 Iteration:  00000025   DeltaT:  1.022E-05   Iter/sec:  7.986E+00
 Iteration:  00000026   DeltaT:  1.022E-05   Iter/sec:  8.052E+00
 Iteration:  00000027   DeltaT:  1.022E-05   Iter/sec:  8.109E+00
 Iteration:  00000028   DeltaT:  1.022E-05   Iter/sec:  7.892E+00
 Iteration:  00000029   DeltaT:  1.022E-05   Iter/sec:  8.145E+00
 Iteration:  00000030   DeltaT:  1.022E-05   Iter/sec:  8.057E+00
 Iteration:  00000031   DeltaT:  1.022E-05   Iter/sec:  8.021E+00
 Iteration:  00000032   DeltaT:  1.022E-05   Iter/sec:  7.802E+00
 Iteration:  00000033   DeltaT:  1.022E-05   Iter/sec:  8.196E+00
 Iteration:  00000034   DeltaT:  1.022E-05   Iter/sec:  8.152E+00
 Iteration:  00000035   DeltaT:  1.022E-05   Iter/sec:  7.954E+00
 Iteration:  00000036   DeltaT:  1.022E-05   Iter/sec:  7.886E+00
 Iteration:  00000037   DeltaT:  1.022E-05   Iter/sec:  8.127E+00
 Iteration:  00000038   DeltaT:  1.022E-05   Iter/sec:  8.079E+00
 Iteration:  00000039   DeltaT:  1.022E-05   Iter/sec:  7.994E+00
 Iteration:  00000040   DeltaT:  1.022E-05   Iter/sec:  8.180E+00
 Iteration:  00000041   DeltaT:  1.022E-05   Iter/sec:  8.031E+00
 Iteration:  00000042   DeltaT:  1.022E-05   Iter/sec:  8.147E+00
 Iteration:  00000043   DeltaT:  1.022E-05   Iter/sec:  8.111E+00
 Iteration:  00000044   DeltaT:  1.022E-05   Iter/sec:  7.862E+00
 Iteration:  00000045   DeltaT:  1.022E-05   Iter/sec:  8.221E+00
 Iteration:  00000046   DeltaT:  1.022E-05   Iter/sec:  8.029E+00
 Iteration:  00000047   DeltaT:  1.022E-05   Iter/sec:  7.813E+00
 Iteration:  00000048   DeltaT:  1.022E-05   Iter/sec:  7.994E+00
 Iteration:  00000049   DeltaT:  1.022E-05   Iter/sec:  8.168E+00
 Iteration:  00000050   DeltaT:  1.022E-05   Iter/sec:  8.261E+00


//////////////////////////////////////////////
   Measured Timings for Process 0  (seconds)

 Elapsed time:         7.2908
  Column time:         1.3012
     Row time:         1.9808
Legendre time:         0.5720
     FFT time:         0.4804
   Solve time:         0.1530
    rlma time:         0.0901
    rlmb time:         0.0371
  pspace time:         0.9652
  psolve time:         0.6154
    dphi time:         0.0654
captured time:         6.2605

     iter/sec:         6.8580
//////////////////////////////////////////////
