 //////////////////////////////////////
 Initializating Rayleigh...

 -- Initalizing MPI...
 ---- Specified parameters:
 ---- NCPU  :    256
 ---- NPROW :     16
 ---- NPCOL :     16
 -- MPI initialized.


 -- Initalizing Grid...
 ---- Specified parameters ----
 ---- N_R                 :    128
 ---- N_THETA             :    192
 ---- Ell_MAX             :    127
 ---- R_MIN               :  5.38462E-01
 ---- R_MAX               :  1.53846E+00
 ---- Chebyshev Domains   :      1

        Domain 1
          Grid points           :  128
          Dealiased Polynomials :  85
          Domain Lower Bound    :  5.38462E-01
          Domain Upper Bound    :  1.53846E+00

 -- Grid initialized.

[SHTns 3.4.5] built Apr 30 2021, 15:49:24, id: avx2,ishioka
        Lmax=127, Mmax*Mres=127, Mres=1, Nlm=8256  [1 threads, orthonormalized]
        => using FFTW : Mmax=127, Nphi=384, Nlat=192  (data layout : phi_inc=192, theta_inc=1, phi_embed=384)
        => using Gauss nodes
        + polar optimization threshold = 1.0e-08
        finding optimal algorithm........
        + SHT accuracy = 4.87e-14
        => SHTns is ready.
 -- Initalizing Reference State...
 ---- Specified parameters:
 ---- Reference type           :  Boussinesq (Non-dimensional)
 ---- Rayleigh Number          :  1.00000E+05
 ---- Ekman Number             :  1.00000E-03
 ---- Prandtl Number           :  1.00000E+00
 ---- Magnetic Prandtl Number  :  5.00000E+00
 -- Reference State initialized.

 -- Initializing Fields...
 ---- Specified parameters:
 ---- Hydro Init Type    : Benchmark (Christensen et al. 2001)
 ---- Magnetic Init Type : Benchmark (Christensen et al. 2001)
 -- Fields initialized.

 Initialization Complete.
 //////////////////////////////////////

 Timestep has changed from  0.00000E+00 to  1.00000E-04.
 Iteration:  00000001   DeltaT:  1.000E-04   Iter/sec:  0.000E+00
 Timestep has changed from  1.00000E-04 to  2.55581E-06.
 Iteration:  00000002   DeltaT:  2.556E-06   Iter/sec:  2.444E-01
 Iteration:  00000003   DeltaT:  2.556E-06   Iter/sec:  9.333E+00
 Iteration:  00000004   DeltaT:  2.556E-06   Iter/sec:  1.806E+01
 Iteration:  00000005   DeltaT:  2.556E-06   Iter/sec:  1.722E+01
 Iteration:  00000006   DeltaT:  2.556E-06   Iter/sec:  1.748E+01
 Iteration:  00000007   DeltaT:  2.556E-06   Iter/sec:  1.841E+01
 Iteration:  00000008   DeltaT:  2.556E-06   Iter/sec:  1.747E+01
 Iteration:  00000009   DeltaT:  2.556E-06   Iter/sec:  1.690E+01
 Iteration:  00000010   DeltaT:  2.556E-06   Iter/sec:  1.740E+01
 Iteration:  00000011   DeltaT:  2.556E-06   Iter/sec:  1.801E+01
 Iteration:  00000012   DeltaT:  2.556E-06   Iter/sec:  1.719E+01
 Iteration:  00000013   DeltaT:  2.556E-06   Iter/sec:  1.806E+01
 Iteration:  00000014   DeltaT:  2.556E-06   Iter/sec:  1.750E+01
 Iteration:  00000015   DeltaT:  2.556E-06   Iter/sec:  1.826E+01
 Iteration:  00000016   DeltaT:  2.556E-06   Iter/sec:  1.577E+01
 Iteration:  00000017   DeltaT:  2.556E-06   Iter/sec:  1.843E+01
 Iteration:  00000018   DeltaT:  2.556E-06   Iter/sec:  1.753E+01
 Iteration:  00000019   DeltaT:  2.556E-06   Iter/sec:  1.747E+01
 Iteration:  00000020   DeltaT:  2.556E-06   Iter/sec:  1.565E+01
 Iteration:  00000021   DeltaT:  2.556E-06   Iter/sec:  1.821E+01
 Iteration:  00000022   DeltaT:  2.556E-06   Iter/sec:  1.735E+01
 Iteration:  00000023   DeltaT:  2.556E-06   Iter/sec:  1.689E+01
 Iteration:  00000024   DeltaT:  2.556E-06   Iter/sec:  1.739E+01
 Iteration:  00000025   DeltaT:  2.556E-06   Iter/sec:  1.767E+01
 Iteration:  00000026   DeltaT:  2.556E-06   Iter/sec:  1.730E+01
 Iteration:  00000027   DeltaT:  2.556E-06   Iter/sec:  1.817E+01
 Iteration:  00000028   DeltaT:  2.556E-06   Iter/sec:  1.783E+01
 Iteration:  00000029   DeltaT:  2.556E-06   Iter/sec:  1.741E+01
 Iteration:  00000030   DeltaT:  2.556E-06   Iter/sec:  1.800E+01
 Iteration:  00000031   DeltaT:  2.556E-06   Iter/sec:  1.782E+01
 Iteration:  00000032   DeltaT:  2.556E-06   Iter/sec:  1.773E+01
 Iteration:  00000033   DeltaT:  2.556E-06   Iter/sec:  1.803E+01
 Iteration:  00000034   DeltaT:  2.556E-06   Iter/sec:  1.821E+01
 Iteration:  00000035   DeltaT:  2.556E-06   Iter/sec:  1.829E+01
 Iteration:  00000036   DeltaT:  2.556E-06   Iter/sec:  1.820E+01
 Iteration:  00000037   DeltaT:  2.556E-06   Iter/sec:  1.827E+01
 Iteration:  00000038   DeltaT:  2.556E-06   Iter/sec:  1.787E+01
 Iteration:  00000039   DeltaT:  2.556E-06   Iter/sec:  1.789E+01
 Iteration:  00000040   DeltaT:  2.556E-06   Iter/sec:  1.814E+01
 Iteration:  00000041   DeltaT:  2.556E-06   Iter/sec:  1.719E+01
 Iteration:  00000042   DeltaT:  2.556E-06   Iter/sec:  1.812E+01
 Iteration:  00000043   DeltaT:  2.556E-06   Iter/sec:  1.795E+01
 Iteration:  00000044   DeltaT:  2.556E-06   Iter/sec:  1.809E+01
 Iteration:  00000045   DeltaT:  2.556E-06   Iter/sec:  1.802E+01
 Iteration:  00000046   DeltaT:  2.556E-06   Iter/sec:  1.791E+01
 Iteration:  00000047   DeltaT:  2.556E-06   Iter/sec:  1.789E+01
 Iteration:  00000048   DeltaT:  2.556E-06   Iter/sec:  1.783E+01
 Iteration:  00000049   DeltaT:  2.556E-06   Iter/sec:  1.842E+01
 Iteration:  00000050   DeltaT:  2.556E-06   Iter/sec:  1.860E+01


//////////////////////////////////////////////
   Measured Timings for Process 0  (seconds)

 Elapsed time:         3.3090
  Column time:         0.6212
     Row time:         0.9022
Legendre time:         0.1683
     FFT time:         0.2502
   Solve time:         0.2303
    rlma time:         0.0408
    rlmb time:         0.0167
  pspace time:         0.3262
  psolve time:         0.3087
    dphi time:         0.0281
captured time:         2.8928

     iter/sec:        15.1105
//////////////////////////////////////////////
