 //////////////////////////////////////
 Initializating Rayleigh...

 -- Initalizing MPI...
 ---- Specified parameters:
 ---- NCPU  :    256
 ---- NPROW :     16
 ---- NPCOL :     16
 -- MPI initialized.


 -- Initalizing Grid...
 ---- Specified parameters ----
 ---- N_R                 :     64
 ---- N_THETA             :   1536
 ---- Ell_MAX             :   1023
 ---- R_MIN               :  5.38462E-01
 ---- R_MAX               :  1.53846E+00
 ---- Chebyshev Domains   :      1

        Domain 1
          Grid points           :  64
          Dealiased Polynomials :  42
          Domain Lower Bound    :  5.38462E-01
          Domain Upper Bound    :  1.53846E+00

 -- Grid initialized.

[SHTns 3.4.5] built Apr 30 2021, 15:49:24, id: avx2,ishioka
        Lmax=1023, Mmax*Mres=1023, Mres=1, Nlm=524800  [1 threads, orthonormalized]
        => using FFTW : Mmax=1023, Nphi=3072, Nlat=1536  (data layout : phi_inc=1536, theta_inc=1, phi_embed=3072)
        => using Gauss nodes
        + polar optimization threshold = 1.0e-08
        finding optimal algorithm...
        + SHT accuracy = 1.3e-12
        => SHTns is ready.
 -- Initalizing Reference State...
 ---- Specified parameters:
 ---- Reference type           :  Boussinesq (Non-dimensional)
 ---- Rayleigh Number          :  1.00000E+05
 ---- Ekman Number             :  1.00000E-03
 ---- Prandtl Number           :  1.00000E+00
 ---- Magnetic Prandtl Number  :  5.00000E+00
 -- Reference State initialized.

 -- Initializing Fields...
 ---- Specified parameters:
 ---- Hydro Init Type    : Benchmark (Christensen et al. 2001)
 ---- Magnetic Init Type : Benchmark (Christensen et al. 2001)
 -- Fields initialized.

 Initialization Complete.
 //////////////////////////////////////

 Timestep has changed from  0.00000E+00 to  1.00000E-04.
 Iteration:  00000001   DeltaT:  1.000E-04   Iter/sec:  0.000E+00
 Timestep has changed from  1.00000E-04 to  4.46409E-06.
 Iteration:  00000002   DeltaT:  4.464E-06   Iter/sec:  7.007E-02
 Iteration:  00000003   DeltaT:  4.464E-06   Iter/sec:  3.736E-01
 Iteration:  00000004   DeltaT:  4.464E-06   Iter/sec:  3.845E-01
 Iteration:  00000005   DeltaT:  4.464E-06   Iter/sec:  3.830E-01
 Iteration:  00000006   DeltaT:  4.464E-06   Iter/sec:  3.786E-01
 Iteration:  00000007   DeltaT:  4.464E-06   Iter/sec:  3.803E-01
 Iteration:  00000008   DeltaT:  4.464E-06   Iter/sec:  3.836E-01
 Iteration:  00000009   DeltaT:  4.464E-06   Iter/sec:  3.829E-01
 Iteration:  00000010   DeltaT:  4.464E-06   Iter/sec:  3.822E-01
 Iteration:  00000011   DeltaT:  4.464E-06   Iter/sec:  3.773E-01
 Iteration:  00000012   DeltaT:  4.464E-06   Iter/sec:  3.814E-01
 Iteration:  00000013   DeltaT:  4.464E-06   Iter/sec:  3.776E-01
 Iteration:  00000014   DeltaT:  4.464E-06   Iter/sec:  3.860E-01
 Iteration:  00000015   DeltaT:  4.464E-06   Iter/sec:  3.827E-01
 Iteration:  00000016   DeltaT:  4.464E-06   Iter/sec:  3.815E-01
 Iteration:  00000017   DeltaT:  4.464E-06   Iter/sec:  3.738E-01
 Iteration:  00000018   DeltaT:  4.464E-06   Iter/sec:  3.753E-01
 Iteration:  00000019   DeltaT:  4.464E-06   Iter/sec:  3.862E-01
 Iteration:  00000020   DeltaT:  4.464E-06   Iter/sec:  3.857E-01
 Iteration:  00000021   DeltaT:  4.464E-06   Iter/sec:  3.804E-01
 Iteration:  00000022   DeltaT:  4.464E-06   Iter/sec:  3.750E-01
 Iteration:  00000023   DeltaT:  4.464E-06   Iter/sec:  3.806E-01
 Iteration:  00000024   DeltaT:  4.464E-06   Iter/sec:  3.848E-01
 Iteration:  00000025   DeltaT:  4.464E-06   Iter/sec:  3.792E-01
 Iteration:  00000026   DeltaT:  4.464E-06   Iter/sec:  3.795E-01
 Iteration:  00000027   DeltaT:  4.464E-06   Iter/sec:  3.781E-01
 Iteration:  00000028   DeltaT:  4.464E-06   Iter/sec:  3.816E-01
 Iteration:  00000029   DeltaT:  4.464E-06   Iter/sec:  3.840E-01
 Iteration:  00000030   DeltaT:  4.464E-06   Iter/sec:  3.851E-01
 Iteration:  00000031   DeltaT:  4.464E-06   Iter/sec:  3.841E-01
 Iteration:  00000032   DeltaT:  4.464E-06   Iter/sec:  3.787E-01
 Iteration:  00000033   DeltaT:  4.464E-06   Iter/sec:  3.832E-01
 Iteration:  00000034   DeltaT:  4.464E-06   Iter/sec:  3.819E-01
 Iteration:  00000035   DeltaT:  4.464E-06   Iter/sec:  3.855E-01
 Iteration:  00000036   DeltaT:  4.464E-06   Iter/sec:  3.812E-01
 Iteration:  00000037   DeltaT:  4.464E-06   Iter/sec:  3.825E-01
 Iteration:  00000038   DeltaT:  4.464E-06   Iter/sec:  3.853E-01
 Iteration:  00000039   DeltaT:  4.464E-06   Iter/sec:  3.836E-01
 Iteration:  00000040   DeltaT:  4.464E-06   Iter/sec:  3.787E-01
 Iteration:  00000041   DeltaT:  4.464E-06   Iter/sec:  3.805E-01
 Iteration:  00000042   DeltaT:  4.464E-06   Iter/sec:  3.794E-01
 Iteration:  00000043   DeltaT:  4.464E-06   Iter/sec:  3.872E-01
 Iteration:  00000044   DeltaT:  4.464E-06   Iter/sec:  3.832E-01
 Iteration:  00000045   DeltaT:  4.464E-06   Iter/sec:  3.842E-01
 Iteration:  00000046   DeltaT:  4.464E-06   Iter/sec:  3.790E-01
 Iteration:  00000047   DeltaT:  4.464E-06   Iter/sec:  3.752E-01
 Iteration:  00000048   DeltaT:  4.464E-06   Iter/sec:  3.834E-01
 Iteration:  00000049   DeltaT:  4.464E-06   Iter/sec:  3.836E-01
 Iteration:  00000050   DeltaT:  4.464E-06   Iter/sec:  3.829E-01


//////////////////////////////////////////////
   Measured Timings for Process 0  (seconds)

 Elapsed time:       144.3899
  Column time:        23.3226
     Row time:        36.0912
Legendre time:        25.6618
     FFT time:         8.5034
   Solve time:         1.1941
    rlma time:         2.0337
    rlmb time:         0.8899
  pspace time:        17.7307
  psolve time:        12.8104
    dphi time:         1.1004
captured time:       129.3383

     iter/sec:         0.3463
//////////////////////////////////////////////
