 //////////////////////////////////////
 Initializating Rayleigh...

 -- Initalizing MPI...
 ---- Specified parameters:
 ---- NCPU  :    256
 ---- NPROW :      8
 ---- NPCOL :     32
 -- MPI initialized.


 -- Initalizing Grid...
 ---- Specified parameters ----
 ---- N_R                 :     64
 ---- N_THETA             :    384
 ---- Ell_MAX             :    255
 ---- R_MIN               :  5.38462E-01
 ---- R_MAX               :  1.53846E+00
 ---- Chebyshev Domains   :      1

        Domain 1
          Grid points           :  64
          Dealiased Polynomials :  42
          Domain Lower Bound    :  5.38462E-01
          Domain Upper Bound    :  1.53846E+00

 -- Grid initialized.

[SHTns 3.4.5] built Apr 30 2021, 15:49:24, id: avx2,ishioka
        Lmax=255, Mmax*Mres=255, Mres=1, Nlm=32896  [1 threads, orthonormalized]
        => using FFTW : Mmax=255, Nphi=768, Nlat=384  (data layout : phi_inc=384, theta_inc=1, phi_embed=768)
        => using Gauss nodes
        + polar optimization threshold = 1.0e-08
        finding optimal algorithm..........
        + SHT accuracy = 6.2e-13
        => SHTns is ready.
 -- Initalizing Reference State...
 ---- Specified parameters:
 ---- Reference type           :  Boussinesq (Non-dimensional)
 ---- Rayleigh Number          :  1.00000E+05
 ---- Ekman Number             :  1.00000E-03
 ---- Prandtl Number           :  1.00000E+00
 ---- Magnetic Prandtl Number  :  5.00000E+00
 -- Reference State initialized.

 -- Initializing Fields...
 ---- Specified parameters:
 ---- Hydro Init Type    : Benchmark (Christensen et al. 2001)
 ---- Magnetic Init Type : Benchmark (Christensen et al. 2001)
 -- Fields initialized.

 Initialization Complete.
 //////////////////////////////////////

 Timestep has changed from  0.00000E+00 to  1.00000E-04.
 Iteration:  00000001   DeltaT:  1.000E-04   Iter/sec:  0.000E+00
 Timestep has changed from  1.00000E-04 to  1.02211E-05.
 Iteration:  00000002   DeltaT:  1.022E-05   Iter/sec:  1.085E-01
 Iteration:  00000003   DeltaT:  1.022E-05   Iter/sec:  7.141E+00
 Iteration:  00000004   DeltaT:  1.022E-05   Iter/sec:  7.552E+00
 Iteration:  00000005   DeltaT:  1.022E-05   Iter/sec:  7.521E+00
 Iteration:  00000006   DeltaT:  1.022E-05   Iter/sec:  7.582E+00
 Iteration:  00000007   DeltaT:  1.022E-05   Iter/sec:  7.475E+00
 Iteration:  00000008   DeltaT:  1.022E-05   Iter/sec:  7.669E+00
 Iteration:  00000009   DeltaT:  1.022E-05   Iter/sec:  7.686E+00
 Iteration:  00000010   DeltaT:  1.022E-05   Iter/sec:  7.686E+00
 Iteration:  00000011   DeltaT:  1.022E-05   Iter/sec:  7.598E+00
 Iteration:  00000012   DeltaT:  1.022E-05   Iter/sec:  7.667E+00
 Iteration:  00000013   DeltaT:  1.022E-05   Iter/sec:  7.524E+00
 Iteration:  00000014   DeltaT:  1.022E-05   Iter/sec:  7.602E+00
 Iteration:  00000015   DeltaT:  1.022E-05   Iter/sec:  7.605E+00
 Iteration:  00000016   DeltaT:  1.022E-05   Iter/sec:  7.652E+00
 Iteration:  00000017   DeltaT:  1.022E-05   Iter/sec:  7.698E+00
 Iteration:  00000018   DeltaT:  1.022E-05   Iter/sec:  7.509E+00
 Iteration:  00000019   DeltaT:  1.022E-05   Iter/sec:  7.227E+00
 Iteration:  00000020   DeltaT:  1.022E-05   Iter/sec:  7.697E+00
 Iteration:  00000021   DeltaT:  1.022E-05   Iter/sec:  7.594E+00
 Iteration:  00000022   DeltaT:  1.022E-05   Iter/sec:  7.350E+00
 Iteration:  00000023   DeltaT:  1.022E-05   Iter/sec:  7.558E+00
 Iteration:  00000024   DeltaT:  1.022E-05   Iter/sec:  7.351E+00
 Iteration:  00000025   DeltaT:  1.022E-05   Iter/sec:  7.937E+00
 Iteration:  00000026   DeltaT:  1.022E-05   Iter/sec:  7.443E+00
 Iteration:  00000027   DeltaT:  1.022E-05   Iter/sec:  7.675E+00
 Iteration:  00000028   DeltaT:  1.022E-05   Iter/sec:  7.618E+00
 Iteration:  00000029   DeltaT:  1.022E-05   Iter/sec:  7.467E+00
 Iteration:  00000030   DeltaT:  1.022E-05   Iter/sec:  7.730E+00
 Iteration:  00000031   DeltaT:  1.022E-05   Iter/sec:  7.731E+00
 Iteration:  00000032   DeltaT:  1.022E-05   Iter/sec:  7.736E+00
 Iteration:  00000033   DeltaT:  1.022E-05   Iter/sec:  7.780E+00
 Iteration:  00000034   DeltaT:  1.022E-05   Iter/sec:  7.772E+00
 Iteration:  00000035   DeltaT:  1.022E-05   Iter/sec:  7.818E+00
 Iteration:  00000036   DeltaT:  1.022E-05   Iter/sec:  7.737E+00
 Iteration:  00000037   DeltaT:  1.022E-05   Iter/sec:  7.886E+00
 Iteration:  00000038   DeltaT:  1.022E-05   Iter/sec:  7.779E+00
 Iteration:  00000039   DeltaT:  1.022E-05   Iter/sec:  7.740E+00
 Iteration:  00000040   DeltaT:  1.022E-05   Iter/sec:  7.916E+00
 Iteration:  00000041   DeltaT:  1.022E-05   Iter/sec:  7.725E+00
 Iteration:  00000042   DeltaT:  1.022E-05   Iter/sec:  7.783E+00
 Iteration:  00000043   DeltaT:  1.022E-05   Iter/sec:  7.791E+00
 Iteration:  00000044   DeltaT:  1.022E-05   Iter/sec:  7.658E+00
 Iteration:  00000045   DeltaT:  1.022E-05   Iter/sec:  7.895E+00
 Iteration:  00000046   DeltaT:  1.022E-05   Iter/sec:  7.558E+00
 Iteration:  00000047   DeltaT:  1.022E-05   Iter/sec:  7.949E+00
 Iteration:  00000048   DeltaT:  1.022E-05   Iter/sec:  7.029E+00
 Iteration:  00000049   DeltaT:  1.022E-05   Iter/sec:  7.922E+00
 Iteration:  00000050   DeltaT:  1.022E-05   Iter/sec:  7.744E+00


//////////////////////////////////////////////
   Measured Timings for Process 0  (seconds)

 Elapsed time:         7.5686
  Column time:         1.5325
     Row time:         2.1553
Legendre time:         0.5592
     FFT time:         0.4666
   Solve time:         0.1321
    rlma time:         0.1045
    rlmb time:         0.0475
  pspace time:         0.8806
  psolve time:         0.5712
    dphi time:         0.0460
captured time:         6.4956

     iter/sec:         6.6062
//////////////////////////////////////////////
