 //////////////////////////////////////
 Initializating Rayleigh...

 -- Initalizing MPI...
 ---- Specified parameters:
 ---- NCPU  :    128
 ---- NPROW :      8
 ---- NPCOL :     16
 -- MPI initialized.


 -- Initalizing Grid...
 ---- Specified parameters ----
 ---- N_R                 :    128
 ---- N_THETA             :    192
 ---- Ell_MAX             :    127
 ---- R_MIN               :  5.38462E-01
 ---- R_MAX               :  1.53846E+00
 ---- Chebyshev Domains   :      1

        Domain 1
          Grid points           :  128
          Dealiased Polynomials :  85
          Domain Lower Bound    :  5.38462E-01
          Domain Upper Bound    :  1.53846E+00

 -- Grid initialized.

[SHTns 3.4.5] built Apr 30 2021, 15:49:24, id: avx2,ishioka
        Lmax=127, Mmax*Mres=127, Mres=1, Nlm=8256  [1 threads, orthonormalized]
        => using FFTW : Mmax=127, Nphi=384, Nlat=192  (data layout : phi_inc=192, theta_inc=1, phi_embed=384)
        => using Gauss nodes
        + polar optimization threshold = 1.0e-08
        finding optimal algorithm........
        + SHT accuracy = 4.14e-14
        => SHTns is ready.
 -- Initalizing Reference State...
 ---- Specified parameters:
 ---- Reference type           :  Boussinesq (Non-dimensional)
 ---- Rayleigh Number          :  1.00000E+05
 ---- Ekman Number             :  1.00000E-03
 ---- Prandtl Number           :  1.00000E+00
 ---- Magnetic Prandtl Number  :  5.00000E+00
 -- Reference State initialized.

 -- Initializing Fields...
 ---- Specified parameters:
 ---- Hydro Init Type    : Benchmark (Christensen et al. 2001)
 ---- Magnetic Init Type : Benchmark (Christensen et al. 2001)
 -- Fields initialized.

 Initialization Complete.
 //////////////////////////////////////

 Timestep has changed from  0.00000E+00 to  1.00000E-04.
 Iteration:  00000001   DeltaT:  1.000E-04   Iter/sec:  0.000E+00
 Timestep has changed from  1.00000E-04 to  2.55581E-06.
 Iteration:  00000002   DeltaT:  2.556E-06   Iter/sec:  2.402E-01
 Iteration:  00000003   DeltaT:  2.556E-06   Iter/sec:  5.841E+00
 Iteration:  00000004   DeltaT:  2.556E-06   Iter/sec:  8.438E+00
 Iteration:  00000005   DeltaT:  2.556E-06   Iter/sec:  8.490E+00
 Iteration:  00000006   DeltaT:  2.556E-06   Iter/sec:  8.594E+00
 Iteration:  00000007   DeltaT:  2.556E-06   Iter/sec:  8.630E+00
 Iteration:  00000008   DeltaT:  2.556E-06   Iter/sec:  8.573E+00
 Iteration:  00000009   DeltaT:  2.556E-06   Iter/sec:  8.679E+00
 Iteration:  00000010   DeltaT:  2.556E-06   Iter/sec:  8.461E+00
 Iteration:  00000011   DeltaT:  2.556E-06   Iter/sec:  8.660E+00
 Iteration:  00000012   DeltaT:  2.556E-06   Iter/sec:  8.611E+00
 Iteration:  00000013   DeltaT:  2.556E-06   Iter/sec:  8.580E+00
 Iteration:  00000014   DeltaT:  2.556E-06   Iter/sec:  8.707E+00
 Iteration:  00000015   DeltaT:  2.556E-06   Iter/sec:  8.762E+00
 Iteration:  00000016   DeltaT:  2.556E-06   Iter/sec:  8.654E+00
 Iteration:  00000017   DeltaT:  2.556E-06   Iter/sec:  8.656E+00
 Iteration:  00000018   DeltaT:  2.556E-06   Iter/sec:  8.674E+00
 Iteration:  00000019   DeltaT:  2.556E-06   Iter/sec:  8.756E+00
 Iteration:  00000020   DeltaT:  2.556E-06   Iter/sec:  8.668E+00
 Iteration:  00000021   DeltaT:  2.556E-06   Iter/sec:  8.733E+00
 Iteration:  00000022   DeltaT:  2.556E-06   Iter/sec:  8.650E+00
 Iteration:  00000023   DeltaT:  2.556E-06   Iter/sec:  8.680E+00
 Iteration:  00000024   DeltaT:  2.556E-06   Iter/sec:  8.842E+00
 Iteration:  00000025   DeltaT:  2.556E-06   Iter/sec:  8.630E+00
 Iteration:  00000026   DeltaT:  2.556E-06   Iter/sec:  8.962E+00
 Iteration:  00000027   DeltaT:  2.556E-06   Iter/sec:  8.769E+00
 Iteration:  00000028   DeltaT:  2.556E-06   Iter/sec:  8.732E+00
 Iteration:  00000029   DeltaT:  2.556E-06   Iter/sec:  8.710E+00
 Iteration:  00000030   DeltaT:  2.556E-06   Iter/sec:  8.717E+00
 Iteration:  00000031   DeltaT:  2.556E-06   Iter/sec:  8.770E+00
 Iteration:  00000032   DeltaT:  2.556E-06   Iter/sec:  8.692E+00
 Iteration:  00000033   DeltaT:  2.556E-06   Iter/sec:  8.726E+00
 Iteration:  00000034   DeltaT:  2.556E-06   Iter/sec:  8.803E+00
 Iteration:  00000035   DeltaT:  2.556E-06   Iter/sec:  8.687E+00
 Iteration:  00000036   DeltaT:  2.556E-06   Iter/sec:  8.754E+00
 Iteration:  00000037   DeltaT:  2.556E-06   Iter/sec:  8.752E+00
 Iteration:  00000038   DeltaT:  2.556E-06   Iter/sec:  8.976E+00
 Iteration:  00000039   DeltaT:  2.556E-06   Iter/sec:  8.702E+00
 Iteration:  00000040   DeltaT:  2.556E-06   Iter/sec:  8.779E+00
 Iteration:  00000041   DeltaT:  2.556E-06   Iter/sec:  8.617E+00
 Iteration:  00000042   DeltaT:  2.556E-06   Iter/sec:  8.700E+00
 Iteration:  00000043   DeltaT:  2.556E-06   Iter/sec:  8.815E+00
 Iteration:  00000044   DeltaT:  2.556E-06   Iter/sec:  8.751E+00
 Iteration:  00000045   DeltaT:  2.556E-06   Iter/sec:  8.792E+00
 Iteration:  00000046   DeltaT:  2.556E-06   Iter/sec:  8.775E+00
 Iteration:  00000047   DeltaT:  2.556E-06   Iter/sec:  8.761E+00
 Iteration:  00000048   DeltaT:  2.556E-06   Iter/sec:  8.827E+00
 Iteration:  00000049   DeltaT:  2.556E-06   Iter/sec:  8.680E+00
 Iteration:  00000050   DeltaT:  2.556E-06   Iter/sec:  8.988E+00


//////////////////////////////////////////////
   Measured Timings for Process 0  (seconds)

 Elapsed time:         6.2378
  Column time:         0.7134
     Row time:         2.0080
Legendre time:         0.4360
     FFT time:         0.4936
   Solve time:         0.3147
    rlma time:         0.0899
    rlmb time:         0.0435
  pspace time:         0.9273
  psolve time:         0.7033
    dphi time:         0.0594
captured time:         5.7891

     iter/sec:         8.0156
//////////////////////////////////////////////
