 //////////////////////////////////////
 Initializating Rayleigh...

 -- Initalizing MPI...
 ---- Specified parameters:
 ---- NCPU  :   1024
 ---- NPROW :     16
 ---- NPCOL :     64
 -- MPI initialized.


 -- Initalizing Grid...
 ---- Specified parameters ----
 ---- N_R                 :    128
 ---- N_THETA             :   1536
 ---- Ell_MAX             :   1023
 ---- R_MIN               :  5.38462E-01
 ---- R_MAX               :  1.53846E+00
 ---- Chebyshev Domains   :      1

        Domain 1
          Grid points           :  128
          Dealiased Polynomials :  85
          Domain Lower Bound    :  5.38462E-01
          Domain Upper Bound    :  1.53846E+00

 -- Grid initialized.

[SHTns 3.4.5] built Apr 30 2021, 15:49:24, id: avx2,ishioka
        Lmax=1023, Mmax*Mres=1023, Mres=1, Nlm=524800  [1 threads, orthonormalized]
        => using FFTW : Mmax=1023, Nphi=3072, Nlat=1536  (data layout : phi_inc=1536, theta_inc=1, phi_embed=3072)
        => using Gauss nodes
        + polar optimization threshold = 1.0e-08
        finding optimal algorithm...
        + SHT accuracy = 9.92e-13
        => SHTns is ready.
 -- Initalizing Reference State...
 ---- Specified parameters:
 ---- Reference type           :  Boussinesq (Non-dimensional)
 ---- Rayleigh Number          :  1.00000E+05
 ---- Ekman Number             :  1.00000E-03
 ---- Prandtl Number           :  1.00000E+00
 ---- Magnetic Prandtl Number  :  5.00000E+00
 -- Reference State initialized.

 -- Initializing Fields...
 ---- Specified parameters:
 ---- Hydro Init Type    : Benchmark (Christensen et al. 2001)
 ---- Magnetic Init Type : Benchmark (Christensen et al. 2001)
 -- Fields initialized.

 Initialization Complete.
 //////////////////////////////////////

 Timestep has changed from  0.00000E+00 to  1.00000E-04.
 Iteration:  00000001   DeltaT:  1.000E-04   Iter/sec:  0.000E+00
 Timestep has changed from  1.00000E-04 to  2.55561E-06.
 Iteration:  00000002   DeltaT:  2.556E-06   Iter/sec:  7.506E-02
 Iteration:  00000003   DeltaT:  2.556E-06   Iter/sec:  6.721E-01
 Iteration:  00000004   DeltaT:  2.556E-06   Iter/sec:  6.885E-01
 Iteration:  00000005   DeltaT:  2.556E-06   Iter/sec:  6.901E-01
 Iteration:  00000006   DeltaT:  2.556E-06   Iter/sec:  7.176E-01
 Iteration:  00000007   DeltaT:  2.556E-06   Iter/sec:  7.104E-01
 Iteration:  00000008   DeltaT:  2.556E-06   Iter/sec:  6.910E-01
 Iteration:  00000009   DeltaT:  2.556E-06   Iter/sec:  6.865E-01
 Iteration:  00000010   DeltaT:  2.556E-06   Iter/sec:  6.963E-01
 Iteration:  00000011   DeltaT:  2.556E-06   Iter/sec:  7.111E-01
 Iteration:  00000012   DeltaT:  2.556E-06   Iter/sec:  7.083E-01
 Iteration:  00000013   DeltaT:  2.556E-06   Iter/sec:  6.951E-01
 Iteration:  00000014   DeltaT:  2.556E-06   Iter/sec:  6.966E-01
 Iteration:  00000015   DeltaT:  2.556E-06   Iter/sec:  6.825E-01
 Iteration:  00000016   DeltaT:  2.556E-06   Iter/sec:  7.114E-01
 Iteration:  00000017   DeltaT:  2.556E-06   Iter/sec:  7.012E-01
 Iteration:  00000018   DeltaT:  2.556E-06   Iter/sec:  6.967E-01
 Iteration:  00000019   DeltaT:  2.556E-06   Iter/sec:  7.069E-01
 Iteration:  00000020   DeltaT:  2.556E-06   Iter/sec:  6.917E-01
 Iteration:  00000021   DeltaT:  2.556E-06   Iter/sec:  7.154E-01
 Iteration:  00000022   DeltaT:  2.556E-06   Iter/sec:  7.027E-01
 Iteration:  00000023   DeltaT:  2.556E-06   Iter/sec:  6.862E-01
 Iteration:  00000024   DeltaT:  2.556E-06   Iter/sec:  7.044E-01
 Iteration:  00000025   DeltaT:  2.556E-06   Iter/sec:  6.969E-01
 Iteration:  00000026   DeltaT:  2.556E-06   Iter/sec:  7.273E-01
 Iteration:  00000027   DeltaT:  2.556E-06   Iter/sec:  7.075E-01
 Iteration:  00000028   DeltaT:  2.556E-06   Iter/sec:  6.926E-01
 Iteration:  00000029   DeltaT:  2.556E-06   Iter/sec:  7.114E-01
 Iteration:  00000030   DeltaT:  2.556E-06   Iter/sec:  6.868E-01
 Iteration:  00000031   DeltaT:  2.556E-06   Iter/sec:  7.194E-01
 Iteration:  00000032   DeltaT:  2.556E-06   Iter/sec:  7.019E-01
 Iteration:  00000033   DeltaT:  2.556E-06   Iter/sec:  6.977E-01
 Iteration:  00000034   DeltaT:  2.556E-06   Iter/sec:  7.104E-01
 Iteration:  00000035   DeltaT:  2.556E-06   Iter/sec:  6.915E-01
 Iteration:  00000036   DeltaT:  2.556E-06   Iter/sec:  7.155E-01
 Iteration:  00000037   DeltaT:  2.556E-06   Iter/sec:  7.103E-01
 Iteration:  00000038   DeltaT:  2.556E-06   Iter/sec:  6.745E-01
 Iteration:  00000039   DeltaT:  2.556E-06   Iter/sec:  7.109E-01
 Iteration:  00000040   DeltaT:  2.556E-06   Iter/sec:  7.005E-01
 Iteration:  00000041   DeltaT:  2.556E-06   Iter/sec:  7.270E-01
 Iteration:  00000042   DeltaT:  2.556E-06   Iter/sec:  7.085E-01
 Iteration:  00000043   DeltaT:  2.556E-06   Iter/sec:  6.822E-01
 Iteration:  00000044   DeltaT:  2.556E-06   Iter/sec:  7.042E-01
 Iteration:  00000045   DeltaT:  2.556E-06   Iter/sec:  7.069E-01
 Iteration:  00000046   DeltaT:  2.556E-06   Iter/sec:  7.202E-01
 Iteration:  00000047   DeltaT:  2.556E-06   Iter/sec:  7.027E-01
 Iteration:  00000048   DeltaT:  2.556E-06   Iter/sec:  6.901E-01
 Iteration:  00000049   DeltaT:  2.556E-06   Iter/sec:  7.074E-01
 Iteration:  00000050   DeltaT:  2.556E-06   Iter/sec:  7.032E-01


//////////////////////////////////////////////
   Measured Timings for Process 0  (seconds)

 Elapsed time:        76.8731
  Column time:        15.7930
     Row time:        18.8876
Legendre time:        12.8332
     FFT time:         4.2440
   Solve time:         1.2253
    rlma time:         1.0419
    rlmb time:         0.4463
  pspace time:         9.0335
  psolve time:         6.5584
    dphi time:         0.5022
captured time:        70.5653

     iter/sec:         0.6504
//////////////////////////////////////////////
