 //////////////////////////////////////
 Initializating Rayleigh...

 -- Initalizing MPI...
 ---- Specified parameters:
 ---- NCPU  :    512
 ---- NPROW :     16
 ---- NPCOL :     32
 -- MPI initialized.


 -- Initalizing Grid...
 ---- Specified parameters ----
 ---- N_R                 :    128
 ---- N_THETA             :    192
 ---- Ell_MAX             :    127
 ---- R_MIN               :  5.38462E-01
 ---- R_MAX               :  1.53846E+00
 ---- Chebyshev Domains   :      1

        Domain 1
          Grid points           :  128
          Dealiased Polynomials :  85
          Domain Lower Bound    :  5.38462E-01
          Domain Upper Bound    :  1.53846E+00

 -- Grid initialized.

[SHTns 3.4.5] built Apr 30 2021, 15:49:24, id: avx2,ishioka
        Lmax=127, Mmax*Mres=127, Mres=1, Nlm=8256  [1 threads, orthonormalized]
        => using FFTW : Mmax=127, Nphi=384, Nlat=192  (data layout : phi_inc=192, theta_inc=1, phi_embed=384)
        => using Gauss nodes
        + polar optimization threshold = 1.0e-08
        finding optimal algorithm........
        + SHT accuracy = 5.5e-14
        => SHTns is ready.
 -- Initalizing Reference State...
 ---- Specified parameters:
 ---- Reference type           :  Boussinesq (Non-dimensional)
 ---- Rayleigh Number          :  1.00000E+05
 ---- Ekman Number             :  1.00000E-03
 ---- Prandtl Number           :  1.00000E+00
 ---- Magnetic Prandtl Number  :  5.00000E+00
 -- Reference State initialized.

 -- Initializing Fields...
 ---- Specified parameters:
 ---- Hydro Init Type    : Benchmark (Christensen et al. 2001)
 ---- Magnetic Init Type : Benchmark (Christensen et al. 2001)
 -- Fields initialized.

 Initialization Complete.
 //////////////////////////////////////

 Timestep has changed from  0.00000E+00 to  1.00000E-04.
 Iteration:  00000001   DeltaT:  1.000E-04   Iter/sec:  0.000E+00
 Timestep has changed from  1.00000E-04 to  2.55581E-06.
 Iteration:  00000002   DeltaT:  2.556E-06   Iter/sec:  2.400E-01
 Iteration:  00000003   DeltaT:  2.556E-06   Iter/sec:  1.715E+01
 Iteration:  00000004   DeltaT:  2.556E-06   Iter/sec:  4.158E+01
 Iteration:  00000005   DeltaT:  2.556E-06   Iter/sec:  3.998E+01
 Iteration:  00000006   DeltaT:  2.556E-06   Iter/sec:  4.064E+01
 Iteration:  00000007   DeltaT:  2.556E-06   Iter/sec:  4.054E+01
 Iteration:  00000008   DeltaT:  2.556E-06   Iter/sec:  4.043E+01
 Iteration:  00000009   DeltaT:  2.556E-06   Iter/sec:  4.192E+01
 Iteration:  00000010   DeltaT:  2.556E-06   Iter/sec:  4.175E+01
 Iteration:  00000011   DeltaT:  2.556E-06   Iter/sec:  4.199E+01
 Iteration:  00000012   DeltaT:  2.556E-06   Iter/sec:  4.175E+01
 Iteration:  00000013   DeltaT:  2.556E-06   Iter/sec:  4.104E+01
 Iteration:  00000014   DeltaT:  2.556E-06   Iter/sec:  4.139E+01
 Iteration:  00000015   DeltaT:  2.556E-06   Iter/sec:  4.141E+01
 Iteration:  00000016   DeltaT:  2.556E-06   Iter/sec:  4.231E+01
 Iteration:  00000017   DeltaT:  2.556E-06   Iter/sec:  4.164E+01
 Iteration:  00000018   DeltaT:  2.556E-06   Iter/sec:  4.220E+01
 Iteration:  00000019   DeltaT:  2.556E-06   Iter/sec:  4.228E+01
 Iteration:  00000020   DeltaT:  2.556E-06   Iter/sec:  4.164E+01
 Iteration:  00000021   DeltaT:  2.556E-06   Iter/sec:  4.196E+01
 Iteration:  00000022   DeltaT:  2.556E-06   Iter/sec:  4.251E+01
 Iteration:  00000023   DeltaT:  2.556E-06   Iter/sec:  4.167E+01
 Iteration:  00000024   DeltaT:  2.556E-06   Iter/sec:  4.106E+01
 Iteration:  00000025   DeltaT:  2.556E-06   Iter/sec:  4.094E+01
 Iteration:  00000026   DeltaT:  2.556E-06   Iter/sec:  4.278E+01
 Iteration:  00000027   DeltaT:  2.556E-06   Iter/sec:  4.003E+01
 Iteration:  00000028   DeltaT:  2.556E-06   Iter/sec:  4.122E+01
 Iteration:  00000029   DeltaT:  2.556E-06   Iter/sec:  4.163E+01
 Iteration:  00000030   DeltaT:  2.556E-06   Iter/sec:  4.082E+01
 Iteration:  00000031   DeltaT:  2.556E-06   Iter/sec:  4.193E+01
 Iteration:  00000032   DeltaT:  2.556E-06   Iter/sec:  4.141E+01
 Iteration:  00000033   DeltaT:  2.556E-06   Iter/sec:  4.213E+01
 Iteration:  00000034   DeltaT:  2.556E-06   Iter/sec:  4.169E+01
 Iteration:  00000035   DeltaT:  2.556E-06   Iter/sec:  4.215E+01
 Iteration:  00000036   DeltaT:  2.556E-06   Iter/sec:  4.050E+01
 Iteration:  00000037   DeltaT:  2.556E-06   Iter/sec:  4.248E+01
 Iteration:  00000038   DeltaT:  2.556E-06   Iter/sec:  4.240E+01
 Iteration:  00000039   DeltaT:  2.556E-06   Iter/sec:  4.104E+01
 Iteration:  00000040   DeltaT:  2.556E-06   Iter/sec:  4.213E+01
 Iteration:  00000041   DeltaT:  2.556E-06   Iter/sec:  4.163E+01
 Iteration:  00000042   DeltaT:  2.556E-06   Iter/sec:  4.192E+01
 Iteration:  00000043   DeltaT:  2.556E-06   Iter/sec:  4.202E+01
 Iteration:  00000044   DeltaT:  2.556E-06   Iter/sec:  4.206E+01
 Iteration:  00000045   DeltaT:  2.556E-06   Iter/sec:  4.161E+01
 Iteration:  00000046   DeltaT:  2.556E-06   Iter/sec:  4.237E+01
 Iteration:  00000047   DeltaT:  2.556E-06   Iter/sec:  4.304E+01
 Iteration:  00000048   DeltaT:  2.556E-06   Iter/sec:  3.947E+01
 Iteration:  00000049   DeltaT:  2.556E-06   Iter/sec:  4.022E+01
 Iteration:  00000050   DeltaT:  2.556E-06   Iter/sec:  4.143E+01


//////////////////////////////////////////////
   Measured Timings for Process 0  (seconds)

 Elapsed time:         1.7003
  Column time:         0.2521
     Row time:         0.3637
Legendre time:         0.0824
     FFT time:         0.0974
   Solve time:         0.1463
    rlma time:         0.0235
    rlmb time:         0.0097
  pspace time:         0.1132
  psolve time:         0.1474
    dphi time:         0.0147
captured time:         1.2504

     iter/sec:        29.4060
//////////////////////////////////////////////
