 //////////////////////////////////////
 Initializating Rayleigh...

 -- Initalizing MPI...
 ---- Specified parameters:
 ---- NCPU  :     64
 ---- NPROW :      4
 ---- NPCOL :     16
 -- MPI initialized.


 -- Initalizing Grid...
 ---- Specified parameters ----
 ---- N_R                 :    128
 ---- N_THETA             :    384
 ---- Ell_MAX             :    255
 ---- R_MIN               :  5.38462E-01
 ---- R_MAX               :  1.53846E+00
 ---- Chebyshev Domains   :      1

        Domain 1
          Grid points           :  128
          Dealiased Polynomials :  85
          Domain Lower Bound    :  5.38462E-01
          Domain Upper Bound    :  1.53846E+00

 -- Grid initialized.

[SHTns 3.4.5] built Apr 30 2021, 15:49:24, id: avx2,ishioka
        Lmax=255, Mmax*Mres=255, Mres=1, Nlm=32896  [1 threads, orthonormalized]
        => using FFTW : Mmax=255, Nphi=768, Nlat=384  (data layout : phi_inc=384, theta_inc=1, phi_embed=768)
        => using Gauss nodes
        + polar optimization threshold = 1.0e-08
        finding optimal algorithm..........
        + SHT accuracy = 1.76e-12
        => SHTns is ready.
 -- Initalizing Reference State...
 ---- Specified parameters:
 ---- Reference type           :  Boussinesq (Non-dimensional)
 ---- Rayleigh Number          :  1.00000E+05
 ---- Ekman Number             :  1.00000E-03
 ---- Prandtl Number           :  1.00000E+00
 ---- Magnetic Prandtl Number  :  5.00000E+00
 -- Reference State initialized.

 -- Initializing Fields...
 ---- Specified parameters:
 ---- Hydro Init Type    : Benchmark (Christensen et al. 2001)
 ---- Magnetic Init Type : Benchmark (Christensen et al. 2001)
 -- Fields initialized.

 Initialization Complete.
 //////////////////////////////////////

 Timestep has changed from  0.00000E+00 to  1.00000E-04.
 Iteration:  00000001   DeltaT:  1.000E-04   Iter/sec:  0.000E+00
 Timestep has changed from  1.00000E-04 to  2.55566E-06.
 Iteration:  00000002   DeltaT:  2.556E-06   Iter/sec:  9.766E-02
 Iteration:  00000003   DeltaT:  2.556E-06   Iter/sec:  8.576E-01
 Iteration:  00000004   DeltaT:  2.556E-06   Iter/sec:  9.320E-01
 Iteration:  00000005   DeltaT:  2.556E-06   Iter/sec:  9.341E-01
 Iteration:  00000006   DeltaT:  2.556E-06   Iter/sec:  9.341E-01
 Iteration:  00000007   DeltaT:  2.556E-06   Iter/sec:  9.294E-01
 Iteration:  00000008   DeltaT:  2.556E-06   Iter/sec:  9.242E-01
 Iteration:  00000009   DeltaT:  2.556E-06   Iter/sec:  9.343E-01
 Iteration:  00000010   DeltaT:  2.556E-06   Iter/sec:  9.512E-01
 Iteration:  00000011   DeltaT:  2.556E-06   Iter/sec:  9.298E-01
 Iteration:  00000012   DeltaT:  2.556E-06   Iter/sec:  9.249E-01
 Iteration:  00000013   DeltaT:  2.556E-06   Iter/sec:  9.303E-01
 Iteration:  00000014   DeltaT:  2.556E-06   Iter/sec:  9.325E-01
 Iteration:  00000015   DeltaT:  2.556E-06   Iter/sec:  9.221E-01
 Iteration:  00000016   DeltaT:  2.556E-06   Iter/sec:  9.327E-01
 Iteration:  00000017   DeltaT:  2.556E-06   Iter/sec:  9.381E-01
 Iteration:  00000018   DeltaT:  2.556E-06   Iter/sec:  9.297E-01
 Iteration:  00000019   DeltaT:  2.556E-06   Iter/sec:  9.374E-01
 Iteration:  00000020   DeltaT:  2.556E-06   Iter/sec:  9.293E-01
 Iteration:  00000021   DeltaT:  2.556E-06   Iter/sec:  9.167E-01
 Iteration:  00000022   DeltaT:  2.556E-06   Iter/sec:  9.422E-01
 Iteration:  00000023   DeltaT:  2.556E-06   Iter/sec:  9.434E-01
 Iteration:  00000024   DeltaT:  2.556E-06   Iter/sec:  9.313E-01
 Iteration:  00000025   DeltaT:  2.556E-06   Iter/sec:  9.265E-01
 Iteration:  00000026   DeltaT:  2.556E-06   Iter/sec:  9.358E-01
 Iteration:  00000027   DeltaT:  2.556E-06   Iter/sec:  9.154E-01
 Iteration:  00000028   DeltaT:  2.556E-06   Iter/sec:  9.166E-01
 Iteration:  00000029   DeltaT:  2.556E-06   Iter/sec:  9.189E-01
 Iteration:  00000030   DeltaT:  2.556E-06   Iter/sec:  9.274E-01
 Iteration:  00000031   DeltaT:  2.556E-06   Iter/sec:  9.362E-01
 Iteration:  00000032   DeltaT:  2.556E-06   Iter/sec:  8.958E-01
 Iteration:  00000033   DeltaT:  2.556E-06   Iter/sec:  9.704E-01
 Iteration:  00000034   DeltaT:  2.556E-06   Iter/sec:  9.352E-01
 Iteration:  00000035   DeltaT:  2.556E-06   Iter/sec:  9.092E-01
 Iteration:  00000036   DeltaT:  2.556E-06   Iter/sec:  9.291E-01
 Iteration:  00000037   DeltaT:  2.556E-06   Iter/sec:  9.307E-01
 Iteration:  00000038   DeltaT:  2.556E-06   Iter/sec:  9.304E-01
 Iteration:  00000039   DeltaT:  2.556E-06   Iter/sec:  9.251E-01
 Iteration:  00000040   DeltaT:  2.556E-06   Iter/sec:  9.253E-01
 Iteration:  00000041   DeltaT:  2.556E-06   Iter/sec:  9.072E-01
 Iteration:  00000042   DeltaT:  2.556E-06   Iter/sec:  9.432E-01
 Iteration:  00000043   DeltaT:  2.556E-06   Iter/sec:  9.284E-01
 Iteration:  00000044   DeltaT:  2.556E-06   Iter/sec:  9.227E-01
 Iteration:  00000045   DeltaT:  2.556E-06   Iter/sec:  9.336E-01
 Iteration:  00000046   DeltaT:  2.556E-06   Iter/sec:  9.297E-01
 Iteration:  00000047   DeltaT:  2.556E-06   Iter/sec:  9.134E-01
 Iteration:  00000048   DeltaT:  2.556E-06   Iter/sec:  9.231E-01
 Iteration:  00000049   DeltaT:  2.556E-06   Iter/sec:  9.389E-01
 Iteration:  00000050   DeltaT:  2.556E-06   Iter/sec:  9.364E-01


//////////////////////////////////////////////
   Measured Timings for Process 0  (seconds)

 Elapsed time:        57.1282
  Column time:         6.5643
     Row time:        19.8163
Legendre time:         5.1241
     FFT time:         4.0086
   Solve time:         1.2498
    rlma time:         1.0728
    rlmb time:         0.4791
  pspace time:         7.8538
  psolve time:         6.6342
    dphi time:         0.3182
captured time:        53.1213

     iter/sec:         0.8752
//////////////////////////////////////////////
