 //////////////////////////////////////
 Initializating Rayleigh...

 -- Initalizing MPI...
 ---- Specified parameters:
 ---- NCPU  :    512
 ---- NPROW :     16
 ---- NPCOL :     32
 -- MPI initialized.


 -- Initalizing Grid...
 ---- Specified parameters ----
 ---- N_R                 :     64
 ---- N_THETA             :    768
 ---- Ell_MAX             :    511
 ---- R_MIN               :  5.38462E-01
 ---- R_MAX               :  1.53846E+00
 ---- Chebyshev Domains   :      1

        Domain 1
          Grid points           :  64
          Dealiased Polynomials :  42
          Domain Lower Bound    :  5.38462E-01
          Domain Upper Bound    :  1.53846E+00

 -- Grid initialized.

[SHTns 3.4.5] built Apr 30 2021, 15:49:24, id: avx2,ishioka
        Lmax=511, Mmax*Mres=511, Mres=1, Nlm=131328  [1 threads, orthonormalized]
        => using FFTW : Mmax=511, Nphi=1536, Nlat=768  (data layout : phi_inc=768, theta_inc=1, phi_embed=1536)
        => using Gauss nodes
        + polar optimization threshold = 1.0e-08
        finding optimal algorithm.......
        + SHT accuracy = 5e-13
        => SHTns is ready.
 -- Initalizing Reference State...
 ---- Specified parameters:
 ---- Reference type           :  Boussinesq (Non-dimensional)
 ---- Rayleigh Number          :  1.00000E+05
 ---- Ekman Number             :  1.00000E-03
 ---- Prandtl Number           :  1.00000E+00
 ---- Magnetic Prandtl Number  :  5.00000E+00
 -- Reference State initialized.

 -- Initializing Fields...
 ---- Specified parameters:
 ---- Hydro Init Type    : Benchmark (Christensen et al. 2001)
 ---- Magnetic Init Type : Benchmark (Christensen et al. 2001)
 -- Fields initialized.

 Initialization Complete.
 //////////////////////////////////////

 Timestep has changed from  0.00000E+00 to  1.00000E-04.
 Iteration:  00000001   DeltaT:  1.000E-04   Iter/sec:  0.000E+00
 Timestep has changed from  1.00000E-04 to  8.93257E-06.
 Iteration:  00000002   DeltaT:  8.933E-06   Iter/sec:  1.228E-01
 Iteration:  00000003   DeltaT:  8.933E-06   Iter/sec:  3.156E+00
 Iteration:  00000004   DeltaT:  8.933E-06   Iter/sec:  3.243E+00
 Iteration:  00000005   DeltaT:  8.933E-06   Iter/sec:  3.222E+00
 Iteration:  00000006   DeltaT:  8.933E-06   Iter/sec:  3.256E+00
 Iteration:  00000007   DeltaT:  8.933E-06   Iter/sec:  3.201E+00
 Iteration:  00000008   DeltaT:  8.933E-06   Iter/sec:  3.246E+00
 Iteration:  00000009   DeltaT:  8.933E-06   Iter/sec:  3.258E+00
 Iteration:  00000010   DeltaT:  8.933E-06   Iter/sec:  3.213E+00
 Iteration:  00000011   DeltaT:  8.933E-06   Iter/sec:  3.270E+00
 Iteration:  00000012   DeltaT:  8.933E-06   Iter/sec:  3.255E+00
 Iteration:  00000013   DeltaT:  8.933E-06   Iter/sec:  3.212E+00
 Iteration:  00000014   DeltaT:  8.933E-06   Iter/sec:  3.252E+00
 Iteration:  00000015   DeltaT:  8.933E-06   Iter/sec:  3.224E+00
 Iteration:  00000016   DeltaT:  8.933E-06   Iter/sec:  3.268E+00
 Iteration:  00000017   DeltaT:  8.933E-06   Iter/sec:  3.250E+00
 Iteration:  00000018   DeltaT:  8.933E-06   Iter/sec:  3.236E+00
 Iteration:  00000019   DeltaT:  8.933E-06   Iter/sec:  3.238E+00
 Iteration:  00000020   DeltaT:  8.933E-06   Iter/sec:  3.252E+00
 Iteration:  00000021   DeltaT:  8.933E-06   Iter/sec:  3.236E+00
 Iteration:  00000022   DeltaT:  8.933E-06   Iter/sec:  3.259E+00
 Iteration:  00000023   DeltaT:  8.933E-06   Iter/sec:  3.204E+00
 Iteration:  00000024   DeltaT:  8.933E-06   Iter/sec:  3.303E+00
 Iteration:  00000025   DeltaT:  8.933E-06   Iter/sec:  3.276E+00
 Iteration:  00000026   DeltaT:  8.933E-06   Iter/sec:  3.189E+00
 Iteration:  00000027   DeltaT:  8.933E-06   Iter/sec:  3.263E+00
 Iteration:  00000028   DeltaT:  8.933E-06   Iter/sec:  3.253E+00
 Iteration:  00000029   DeltaT:  8.933E-06   Iter/sec:  3.191E+00
 Iteration:  00000030   DeltaT:  8.933E-06   Iter/sec:  3.225E+00
 Iteration:  00000031   DeltaT:  8.933E-06   Iter/sec:  3.240E+00
 Iteration:  00000032   DeltaT:  8.933E-06   Iter/sec:  3.257E+00
 Iteration:  00000033   DeltaT:  8.933E-06   Iter/sec:  3.271E+00
 Iteration:  00000034   DeltaT:  8.933E-06   Iter/sec:  3.246E+00
 Iteration:  00000035   DeltaT:  8.933E-06   Iter/sec:  3.243E+00
 Iteration:  00000036   DeltaT:  8.933E-06   Iter/sec:  3.209E+00
 Iteration:  00000037   DeltaT:  8.933E-06   Iter/sec:  3.237E+00
 Iteration:  00000038   DeltaT:  8.933E-06   Iter/sec:  3.228E+00
 Iteration:  00000039   DeltaT:  8.933E-06   Iter/sec:  3.235E+00
 Iteration:  00000040   DeltaT:  8.933E-06   Iter/sec:  3.235E+00
 Iteration:  00000041   DeltaT:  8.933E-06   Iter/sec:  3.246E+00
 Iteration:  00000042   DeltaT:  8.933E-06   Iter/sec:  3.217E+00
 Iteration:  00000043   DeltaT:  8.933E-06   Iter/sec:  3.254E+00
 Iteration:  00000044   DeltaT:  8.933E-06   Iter/sec:  3.254E+00
 Iteration:  00000045   DeltaT:  8.933E-06   Iter/sec:  3.264E+00
 Iteration:  00000046   DeltaT:  8.933E-06   Iter/sec:  3.220E+00
 Iteration:  00000047   DeltaT:  8.933E-06   Iter/sec:  3.266E+00
 Iteration:  00000048   DeltaT:  8.933E-06   Iter/sec:  3.194E+00
 Iteration:  00000049   DeltaT:  8.933E-06   Iter/sec:  3.268E+00
 Iteration:  00000050   DeltaT:  8.933E-06   Iter/sec:  3.261E+00


//////////////////////////////////////////////
   Measured Timings for Process 0  (seconds)

 Elapsed time:        16.8313
  Column time:         3.4109
     Row time:         4.7164
Legendre time:         1.9275
     FFT time:         0.9562
   Solve time:         0.2177
    rlma time:         0.2143
    rlmb time:         0.0957
  pspace time:         2.2009
  psolve time:         1.4332
    dphi time:         0.1292
captured time:        15.3018

     iter/sec:         2.9707
//////////////////////////////////////////////
