 //////////////////////////////////////
 Initializating Rayleigh...

 -- Initalizing MPI...
 ---- Specified parameters:
 ---- NCPU  :   1024
 ---- NPROW :     64
 ---- NPCOL :     16
 -- MPI initialized.


 -- Initalizing Grid...
 ---- Specified parameters ----
 ---- N_R                 :     64
 ---- N_THETA             :    384
 ---- Ell_MAX             :    255
 ---- R_MIN               :  5.38462E-01
 ---- R_MAX               :  1.53846E+00
 ---- Chebyshev Domains   :      1

        Domain 1
          Grid points           :  64
          Dealiased Polynomials :  42
          Domain Lower Bound    :  5.38462E-01
          Domain Upper Bound    :  1.53846E+00

 -- Grid initialized.

[SHTns 3.4.5] built Apr 30 2021, 15:49:24, id: avx2,ishioka
        Lmax=255, Mmax*Mres=255, Mres=1, Nlm=32896  [1 threads, orthonormalized]
        => using FFTW : Mmax=255, Nphi=768, Nlat=384  (data layout : phi_inc=384, theta_inc=1, phi_embed=768)
        => using Gauss nodes
        + polar optimization threshold = 1.0e-08
        finding optimal algorithm..........
        + SHT accuracy = 4.54e-13
        => SHTns is ready.
 -- Initalizing Reference State...
 ---- Specified parameters:
 ---- Reference type           :  Boussinesq (Non-dimensional)
 ---- Rayleigh Number          :  1.00000E+05
 ---- Ekman Number             :  1.00000E-03
 ---- Prandtl Number           :  1.00000E+00
 ---- Magnetic Prandtl Number  :  5.00000E+00
 -- Reference State initialized.

 -- Initializing Fields...
 ---- Specified parameters:
 ---- Hydro Init Type    : Benchmark (Christensen et al. 2001)
 ---- Magnetic Init Type : Benchmark (Christensen et al. 2001)
 -- Fields initialized.

 Initialization Complete.
 //////////////////////////////////////

 Timestep has changed from  0.00000E+00 to  1.00000E-04.
 Iteration:  00000001   DeltaT:  1.000E-04   Iter/sec:  0.000E+00
 Timestep has changed from  1.00000E-04 to  1.02211E-05.
 Iteration:  00000002   DeltaT:  1.022E-05   Iter/sec:  9.741E-02
 Iteration:  00000003   DeltaT:  1.022E-05   Iter/sec:  1.842E+01
 Iteration:  00000004   DeltaT:  1.022E-05   Iter/sec:  2.692E+01
 Iteration:  00000005   DeltaT:  1.022E-05   Iter/sec:  2.384E+01
 Iteration:  00000006   DeltaT:  1.022E-05   Iter/sec:  1.405E+01
 Iteration:  00000007   DeltaT:  1.022E-05   Iter/sec:  2.302E+01
 Iteration:  00000008   DeltaT:  1.022E-05   Iter/sec:  2.600E+01
 Iteration:  00000009   DeltaT:  1.022E-05   Iter/sec:  2.703E+01
 Iteration:  00000010   DeltaT:  1.022E-05   Iter/sec:  2.644E+01
 Iteration:  00000011   DeltaT:  1.022E-05   Iter/sec:  2.625E+01
 Iteration:  00000012   DeltaT:  1.022E-05   Iter/sec:  2.668E+01
 Iteration:  00000013   DeltaT:  1.022E-05   Iter/sec:  2.659E+01
 Iteration:  00000014   DeltaT:  1.022E-05   Iter/sec:  2.723E+01
 Iteration:  00000015   DeltaT:  1.022E-05   Iter/sec:  2.619E+01
 Iteration:  00000016   DeltaT:  1.022E-05   Iter/sec:  2.769E+01
 Iteration:  00000017   DeltaT:  1.022E-05   Iter/sec:  2.831E+01
 Iteration:  00000018   DeltaT:  1.022E-05   Iter/sec:  1.948E+01
 Iteration:  00000019   DeltaT:  1.022E-05   Iter/sec:  2.703E+01
 Iteration:  00000020   DeltaT:  1.022E-05   Iter/sec:  2.761E+01
 Iteration:  00000021   DeltaT:  1.022E-05   Iter/sec:  1.883E+01
 Iteration:  00000022   DeltaT:  1.022E-05   Iter/sec:  1.179E+01
 Iteration:  00000023   DeltaT:  1.022E-05   Iter/sec:  2.608E+01
 Iteration:  00000024   DeltaT:  1.022E-05   Iter/sec:  2.802E+01
 Iteration:  00000025   DeltaT:  1.022E-05   Iter/sec:  2.471E+01
 Iteration:  00000026   DeltaT:  1.022E-05   Iter/sec:  2.664E+01
 Iteration:  00000027   DeltaT:  1.022E-05   Iter/sec:  2.633E+01
 Iteration:  00000028   DeltaT:  1.022E-05   Iter/sec:  2.757E+01
 Iteration:  00000029   DeltaT:  1.022E-05   Iter/sec:  2.819E+01
 Iteration:  00000030   DeltaT:  1.022E-05   Iter/sec:  2.570E+01
 Iteration:  00000031   DeltaT:  1.022E-05   Iter/sec:  2.743E+01
 Iteration:  00000032   DeltaT:  1.022E-05   Iter/sec:  2.700E+01
 Iteration:  00000033   DeltaT:  1.022E-05   Iter/sec:  2.124E+01
 Iteration:  00000034   DeltaT:  1.022E-05   Iter/sec:  2.339E+01
 Iteration:  00000035   DeltaT:  1.022E-05   Iter/sec:  2.694E+01
 Iteration:  00000036   DeltaT:  1.022E-05   Iter/sec:  1.827E+01
 Iteration:  00000037   DeltaT:  1.022E-05   Iter/sec:  1.413E+01
 Iteration:  00000038   DeltaT:  1.022E-05   Iter/sec:  2.915E+01
 Iteration:  00000039   DeltaT:  1.022E-05   Iter/sec:  2.967E+01
 Iteration:  00000040   DeltaT:  1.022E-05   Iter/sec:  2.588E+01
 Iteration:  00000041   DeltaT:  1.022E-05   Iter/sec:  2.750E+01
 Iteration:  00000042   DeltaT:  1.022E-05   Iter/sec:  2.600E+01
 Iteration:  00000043   DeltaT:  1.022E-05   Iter/sec:  2.667E+01
 Iteration:  00000044   DeltaT:  1.022E-05   Iter/sec:  2.888E+01
 Iteration:  00000045   DeltaT:  1.022E-05   Iter/sec:  2.923E+01
 Iteration:  00000046   DeltaT:  1.022E-05   Iter/sec:  2.743E+01
 Iteration:  00000047   DeltaT:  1.022E-05   Iter/sec:  2.698E+01
 Iteration:  00000048   DeltaT:  1.022E-05   Iter/sec:  2.359E+01
 Iteration:  00000049   DeltaT:  1.022E-05   Iter/sec:  1.727E+01
 Iteration:  00000050   DeltaT:  1.022E-05   Iter/sec:  2.731E+01


//////////////////////////////////////////////
   Measured Timings for Process 0  (seconds)

 Elapsed time:         3.3306
  Column time:         0.7165
     Row time:         0.8798
Legendre time:         0.1135
     FFT time:         0.0992
   Solve time:         0.1053
    rlma time:         0.0227
    rlmb time:         0.0089
  pspace time:         0.0744
  psolve time:         0.1388
    dphi time:         0.0076
captured time:         2.1667

     iter/sec:        15.0125
//////////////////////////////////////////////
