 //////////////////////////////////////
 Initializating Rayleigh...

 -- Initalizing MPI...
 ---- Specified parameters:
 ---- NCPU  :    256
 ---- NPROW :     32
 ---- NPCOL :      8
 -- MPI initialized.


 -- Initalizing Grid...
 ---- Specified parameters ----
 ---- N_R                 :     64
 ---- N_THETA             :    384
 ---- Ell_MAX             :    255
 ---- R_MIN               :  5.38462E-01
 ---- R_MAX               :  1.53846E+00
 ---- Chebyshev Domains   :      1

        Domain 1
          Grid points           :  64
          Dealiased Polynomials :  42
          Domain Lower Bound    :  5.38462E-01
          Domain Upper Bound    :  1.53846E+00

 -- Grid initialized.

[SHTns 3.4.5] built Apr 30 2021, 15:49:24, id: avx2,ishioka
        Lmax=255, Mmax*Mres=255, Mres=1, Nlm=32896  [1 threads, orthonormalized]
        => using FFTW : Mmax=255, Nphi=768, Nlat=384  (data layout : phi_inc=384, theta_inc=1, phi_embed=768)
        => using Gauss nodes
        + polar optimization threshold = 1.0e-08
        finding optimal algorithm..........
        + SHT accuracy = 1.53e-12
        => SHTns is ready.
 -- Initalizing Reference State...
 ---- Specified parameters:
 ---- Reference type           :  Boussinesq (Non-dimensional)
 ---- Rayleigh Number          :  1.00000E+05
 ---- Ekman Number             :  1.00000E-03
 ---- Prandtl Number           :  1.00000E+00
 ---- Magnetic Prandtl Number  :  5.00000E+00
 -- Reference State initialized.

 -- Initializing Fields...
 ---- Specified parameters:
 ---- Hydro Init Type    : Benchmark (Christensen et al. 2001)
 ---- Magnetic Init Type : Benchmark (Christensen et al. 2001)
 -- Fields initialized.

 Initialization Complete.
 //////////////////////////////////////

 Timestep has changed from  0.00000E+00 to  1.00000E-04.
 Iteration:  00000001   DeltaT:  1.000E-04   Iter/sec:  0.000E+00
 Timestep has changed from  1.00000E-04 to  1.02211E-05.
 Iteration:  00000002   DeltaT:  1.022E-05   Iter/sec:  1.106E-01
 Iteration:  00000003   DeltaT:  1.022E-05   Iter/sec:  6.049E+00
 Iteration:  00000004   DeltaT:  1.022E-05   Iter/sec:  7.037E+00
 Iteration:  00000005   DeltaT:  1.022E-05   Iter/sec:  7.716E+00
 Iteration:  00000006   DeltaT:  1.022E-05   Iter/sec:  7.396E+00
 Iteration:  00000007   DeltaT:  1.022E-05   Iter/sec:  7.415E+00
 Iteration:  00000008   DeltaT:  1.022E-05   Iter/sec:  7.814E+00
 Iteration:  00000009   DeltaT:  1.022E-05   Iter/sec:  7.444E+00
 Iteration:  00000010   DeltaT:  1.022E-05   Iter/sec:  7.406E+00
 Iteration:  00000011   DeltaT:  1.022E-05   Iter/sec:  7.420E+00
 Iteration:  00000012   DeltaT:  1.022E-05   Iter/sec:  7.856E+00
 Iteration:  00000013   DeltaT:  1.022E-05   Iter/sec:  7.552E+00
 Iteration:  00000014   DeltaT:  1.022E-05   Iter/sec:  7.373E+00
 Iteration:  00000015   DeltaT:  1.022E-05   Iter/sec:  7.719E+00
 Iteration:  00000016   DeltaT:  1.022E-05   Iter/sec:  6.003E+00
 Iteration:  00000017   DeltaT:  1.022E-05   Iter/sec:  7.279E+00
 Iteration:  00000018   DeltaT:  1.022E-05   Iter/sec:  7.329E+00
 Iteration:  00000019   DeltaT:  1.022E-05   Iter/sec:  7.943E+00
 Iteration:  00000020   DeltaT:  1.022E-05   Iter/sec:  7.559E+00
 Iteration:  00000021   DeltaT:  1.022E-05   Iter/sec:  7.491E+00
 Iteration:  00000022   DeltaT:  1.022E-05   Iter/sec:  7.726E+00
 Iteration:  00000023   DeltaT:  1.022E-05   Iter/sec:  7.674E+00
 Iteration:  00000024   DeltaT:  1.022E-05   Iter/sec:  7.647E+00
 Iteration:  00000025   DeltaT:  1.022E-05   Iter/sec:  7.768E+00
 Iteration:  00000026   DeltaT:  1.022E-05   Iter/sec:  7.497E+00
 Iteration:  00000027   DeltaT:  1.022E-05   Iter/sec:  7.678E+00
 Iteration:  00000028   DeltaT:  1.022E-05   Iter/sec:  7.846E+00
 Iteration:  00000029   DeltaT:  1.022E-05   Iter/sec:  7.879E+00
 Iteration:  00000030   DeltaT:  1.022E-05   Iter/sec:  7.319E+00
 Iteration:  00000031   DeltaT:  1.022E-05   Iter/sec:  7.515E+00
 Iteration:  00000032   DeltaT:  1.022E-05   Iter/sec:  7.642E+00
 Iteration:  00000033   DeltaT:  1.022E-05   Iter/sec:  7.505E+00
 Iteration:  00000034   DeltaT:  1.022E-05   Iter/sec:  7.708E+00
 Iteration:  00000035   DeltaT:  1.022E-05   Iter/sec:  7.407E+00
 Iteration:  00000036   DeltaT:  1.022E-05   Iter/sec:  7.748E+00
 Iteration:  00000037   DeltaT:  1.022E-05   Iter/sec:  7.576E+00
 Iteration:  00000038   DeltaT:  1.022E-05   Iter/sec:  7.661E+00
 Iteration:  00000039   DeltaT:  1.022E-05   Iter/sec:  7.785E+00
 Iteration:  00000040   DeltaT:  1.022E-05   Iter/sec:  7.657E+00
 Iteration:  00000041   DeltaT:  1.022E-05   Iter/sec:  6.981E+00
 Iteration:  00000042   DeltaT:  1.022E-05   Iter/sec:  7.409E+00
 Iteration:  00000043   DeltaT:  1.022E-05   Iter/sec:  7.383E+00
 Iteration:  00000044   DeltaT:  1.022E-05   Iter/sec:  7.688E+00
 Iteration:  00000045   DeltaT:  1.022E-05   Iter/sec:  7.729E+00
 Iteration:  00000046   DeltaT:  1.022E-05   Iter/sec:  7.872E+00
 Iteration:  00000047   DeltaT:  1.022E-05   Iter/sec:  7.704E+00
 Iteration:  00000048   DeltaT:  1.022E-05   Iter/sec:  7.510E+00
 Iteration:  00000049   DeltaT:  1.022E-05   Iter/sec:  7.911E+00
 Iteration:  00000050   DeltaT:  1.022E-05   Iter/sec:  7.331E+00


//////////////////////////////////////////////
   Measured Timings for Process 0  (seconds)

 Elapsed time:         8.3538
  Column time:         1.6311
     Row time:         2.2728
Legendre time:         0.4833
     FFT time:         0.4809
   Solve time:         0.2174
    rlma time:         0.0803
    rlmb time:         0.0334
  pspace time:         0.8915
  psolve time:         0.5169
    dphi time:         0.0509
captured time:         6.6585

     iter/sec:         5.9853
//////////////////////////////////////////////
