 //////////////////////////////////////
 Initializating Rayleigh...

 -- Initalizing MPI...
 ---- Specified parameters:
 ---- NCPU  :   1024
 ---- NPROW :     16
 ---- NPCOL :     64
 -- MPI initialized.


 -- Initalizing Grid...
 ---- Specified parameters ----
 ---- N_R                 :     64
 ---- N_THETA             :   1536
 ---- Ell_MAX             :   1023
 ---- R_MIN               :  5.38462E-01
 ---- R_MAX               :  1.53846E+00
 ---- Chebyshev Domains   :      1

        Domain 1
          Grid points           :  64
          Dealiased Polynomials :  42
          Domain Lower Bound    :  5.38462E-01
          Domain Upper Bound    :  1.53846E+00

 -- Grid initialized.

[SHTns 3.4.5] built Apr 30 2021, 15:49:24, id: avx2,ishioka
        Lmax=1023, Mmax*Mres=1023, Mres=1, Nlm=524800  [1 threads, orthonormalized]
        => using FFTW : Mmax=1023, Nphi=3072, Nlat=1536  (data layout : phi_inc=1536, theta_inc=1, phi_embed=3072)
        => using Gauss nodes
        + polar optimization threshold = 1.0e-08
        finding optimal algorithm...
        + SHT accuracy = 1.14e-12
        => SHTns is ready.
 -- Initalizing Reference State...
 ---- Specified parameters:
 ---- Reference type           :  Boussinesq (Non-dimensional)
 ---- Rayleigh Number          :  1.00000E+05
 ---- Ekman Number             :  1.00000E-03
 ---- Prandtl Number           :  1.00000E+00
 ---- Magnetic Prandtl Number  :  5.00000E+00
 -- Reference State initialized.

 -- Initializing Fields...
 ---- Specified parameters:
 ---- Hydro Init Type    : Benchmark (Christensen et al. 2001)
 ---- Magnetic Init Type : Benchmark (Christensen et al. 2001)
 -- Fields initialized.

 Initialization Complete.
 //////////////////////////////////////

 Timestep has changed from  0.00000E+00 to  1.00000E-04.
 Iteration:  00000001   DeltaT:  1.000E-04   Iter/sec:  0.000E+00
 Timestep has changed from  1.00000E-04 to  4.46409E-06.
 Iteration:  00000002   DeltaT:  4.464E-06   Iter/sec:  8.084E-02
 Iteration:  00000003   DeltaT:  4.464E-06   Iter/sec:  1.387E+00
 Iteration:  00000004   DeltaT:  4.464E-06   Iter/sec:  1.426E+00
 Iteration:  00000005   DeltaT:  4.464E-06   Iter/sec:  1.408E+00
 Iteration:  00000006   DeltaT:  4.464E-06   Iter/sec:  1.419E+00
 Iteration:  00000007   DeltaT:  4.464E-06   Iter/sec:  1.353E+00
 Iteration:  00000008   DeltaT:  4.464E-06   Iter/sec:  1.398E+00
 Iteration:  00000009   DeltaT:  4.464E-06   Iter/sec:  1.299E+00
 Iteration:  00000010   DeltaT:  4.464E-06   Iter/sec:  1.318E+00
 Iteration:  00000011   DeltaT:  4.464E-06   Iter/sec:  1.347E+00
 Iteration:  00000012   DeltaT:  4.464E-06   Iter/sec:  1.456E+00
 Iteration:  00000013   DeltaT:  4.464E-06   Iter/sec:  1.419E+00
 Iteration:  00000014   DeltaT:  4.464E-06   Iter/sec:  1.399E+00
 Iteration:  00000015   DeltaT:  4.464E-06   Iter/sec:  1.412E+00
 Iteration:  00000016   DeltaT:  4.464E-06   Iter/sec:  1.350E+00
 Iteration:  00000017   DeltaT:  4.464E-06   Iter/sec:  1.387E+00
 Iteration:  00000018   DeltaT:  4.464E-06   Iter/sec:  1.332E+00
 Iteration:  00000019   DeltaT:  4.464E-06   Iter/sec:  1.297E+00
 Iteration:  00000020   DeltaT:  4.464E-06   Iter/sec:  1.429E+00
 Iteration:  00000021   DeltaT:  4.464E-06   Iter/sec:  1.415E+00
 Iteration:  00000022   DeltaT:  4.464E-06   Iter/sec:  1.417E+00
 Iteration:  00000023   DeltaT:  4.464E-06   Iter/sec:  1.419E+00
 Iteration:  00000024   DeltaT:  4.464E-06   Iter/sec:  1.382E+00
 Iteration:  00000025   DeltaT:  4.464E-06   Iter/sec:  1.395E+00
 Iteration:  00000026   DeltaT:  4.464E-06   Iter/sec:  1.346E+00
 Iteration:  00000027   DeltaT:  4.464E-06   Iter/sec:  1.299E+00
 Iteration:  00000028   DeltaT:  4.464E-06   Iter/sec:  1.406E+00
 Iteration:  00000029   DeltaT:  4.464E-06   Iter/sec:  1.415E+00
 Iteration:  00000030   DeltaT:  4.464E-06   Iter/sec:  1.412E+00
 Iteration:  00000031   DeltaT:  4.464E-06   Iter/sec:  1.409E+00
 Iteration:  00000032   DeltaT:  4.464E-06   Iter/sec:  1.405E+00
 Iteration:  00000033   DeltaT:  4.464E-06   Iter/sec:  1.367E+00
 Iteration:  00000034   DeltaT:  4.464E-06   Iter/sec:  1.335E+00
 Iteration:  00000035   DeltaT:  4.464E-06   Iter/sec:  1.312E+00
 Iteration:  00000036   DeltaT:  4.464E-06   Iter/sec:  1.354E+00
 Iteration:  00000037   DeltaT:  4.464E-06   Iter/sec:  1.402E+00
 Iteration:  00000038   DeltaT:  4.464E-06   Iter/sec:  1.414E+00
 Iteration:  00000039   DeltaT:  4.464E-06   Iter/sec:  1.413E+00
 Iteration:  00000040   DeltaT:  4.464E-06   Iter/sec:  1.414E+00
 Iteration:  00000041   DeltaT:  4.464E-06   Iter/sec:  1.368E+00
 Iteration:  00000042   DeltaT:  4.464E-06   Iter/sec:  1.339E+00
 Iteration:  00000043   DeltaT:  4.464E-06   Iter/sec:  1.279E+00
 Iteration:  00000044   DeltaT:  4.464E-06   Iter/sec:  1.376E+00
 Iteration:  00000045   DeltaT:  4.464E-06   Iter/sec:  1.410E+00
 Iteration:  00000046   DeltaT:  4.464E-06   Iter/sec:  1.416E+00
 Iteration:  00000047   DeltaT:  4.464E-06   Iter/sec:  1.409E+00
 Iteration:  00000048   DeltaT:  4.464E-06   Iter/sec:  1.414E+00
 Iteration:  00000049   DeltaT:  4.464E-06   Iter/sec:  1.364E+00
 Iteration:  00000050   DeltaT:  4.464E-06   Iter/sec:  1.319E+00


//////////////////////////////////////////////
   Measured Timings for Process 0  (seconds)

 Elapsed time:        40.8636
  Column time:         9.1608
     Row time:         9.3506
Legendre time:         6.4046
     FFT time:         2.1283
   Solve time:         0.3589
    rlma time:         0.5892
    rlmb time:         0.2599
  pspace time:         4.3808
  psolve time:         3.1651
    dphi time:         0.2524
captured time:        36.0507

     iter/sec:         1.2236
//////////////////////////////////////////////
