 //////////////////////////////////////
 Initializating Rayleigh...

 -- Initalizing MPI...
 ---- Specified parameters:
 ---- NCPU  :    512
 ---- NPROW :     16
 ---- NPCOL :     32
 -- MPI initialized.


 -- Initalizing Grid...
 ---- Specified parameters ----
 ---- N_R                 :    128
 ---- N_THETA             :   1536
 ---- Ell_MAX             :   1023
 ---- R_MIN               :  5.38462E-01
 ---- R_MAX               :  1.53846E+00
 ---- Chebyshev Domains   :      1

        Domain 1
          Grid points           :  128
          Dealiased Polynomials :  85
          Domain Lower Bound    :  5.38462E-01
          Domain Upper Bound    :  1.53846E+00

 -- Grid initialized.

[SHTns 3.4.5] built Apr 30 2021, 15:49:24, id: avx2,ishioka
        Lmax=1023, Mmax*Mres=1023, Mres=1, Nlm=524800  [1 threads, orthonormalized]
        => using FFTW : Mmax=1023, Nphi=3072, Nlat=1536  (data layout : phi_inc=1536, theta_inc=1, phi_embed=3072)
        => using Gauss nodes
        + polar optimization threshold = 1.0e-08
        finding optimal algorithm...
        + SHT accuracy = 1.1e-12
        => SHTns is ready.
 -- Initalizing Reference State...
 ---- Specified parameters:
 ---- Reference type           :  Boussinesq (Non-dimensional)
 ---- Rayleigh Number          :  1.00000E+05
 ---- Ekman Number             :  1.00000E-03
 ---- Prandtl Number           :  1.00000E+00
 ---- Magnetic Prandtl Number  :  5.00000E+00
 -- Reference State initialized.

 -- Initializing Fields...
 ---- Specified parameters:
 ---- Hydro Init Type    : Benchmark (Christensen et al. 2001)
 ---- Magnetic Init Type : Benchmark (Christensen et al. 2001)
 -- Fields initialized.

 Initialization Complete.
 //////////////////////////////////////

 Timestep has changed from  0.00000E+00 to  1.00000E-04.
 Iteration:  00000001   DeltaT:  1.000E-04   Iter/sec:  0.000E+00
 Timestep has changed from  1.00000E-04 to  2.55561E-06.
 Iteration:  00000002   DeltaT:  2.556E-06   Iter/sec:  6.795E-02
 Iteration:  00000003   DeltaT:  2.556E-06   Iter/sec:  3.524E-01
 Iteration:  00000004   DeltaT:  2.556E-06   Iter/sec:  3.760E-01
 Iteration:  00000005   DeltaT:  2.556E-06   Iter/sec:  3.731E-01
 Iteration:  00000006   DeltaT:  2.556E-06   Iter/sec:  3.755E-01
 Iteration:  00000007   DeltaT:  2.556E-06   Iter/sec:  3.751E-01
 Iteration:  00000008   DeltaT:  2.556E-06   Iter/sec:  3.744E-01
 Iteration:  00000009   DeltaT:  2.556E-06   Iter/sec:  3.728E-01
 Iteration:  00000010   DeltaT:  2.556E-06   Iter/sec:  3.703E-01
 Iteration:  00000011   DeltaT:  2.556E-06   Iter/sec:  3.732E-01
 Iteration:  00000012   DeltaT:  2.556E-06   Iter/sec:  3.732E-01
 Iteration:  00000013   DeltaT:  2.556E-06   Iter/sec:  3.768E-01
 Iteration:  00000014   DeltaT:  2.556E-06   Iter/sec:  3.715E-01
 Iteration:  00000015   DeltaT:  2.556E-06   Iter/sec:  3.737E-01
 Iteration:  00000016   DeltaT:  2.556E-06   Iter/sec:  3.722E-01
 Iteration:  00000017   DeltaT:  2.556E-06   Iter/sec:  3.696E-01
 Iteration:  00000018   DeltaT:  2.556E-06   Iter/sec:  3.740E-01
 Iteration:  00000019   DeltaT:  2.556E-06   Iter/sec:  3.682E-01
 Iteration:  00000020   DeltaT:  2.556E-06   Iter/sec:  3.730E-01
 Iteration:  00000021   DeltaT:  2.556E-06   Iter/sec:  3.692E-01
 Iteration:  00000022   DeltaT:  2.556E-06   Iter/sec:  3.750E-01
 Iteration:  00000023   DeltaT:  2.556E-06   Iter/sec:  3.714E-01
 Iteration:  00000024   DeltaT:  2.556E-06   Iter/sec:  3.719E-01
 Iteration:  00000025   DeltaT:  2.556E-06   Iter/sec:  3.747E-01
 Iteration:  00000026   DeltaT:  2.556E-06   Iter/sec:  3.725E-01
 Iteration:  00000027   DeltaT:  2.556E-06   Iter/sec:  3.750E-01
 Iteration:  00000028   DeltaT:  2.556E-06   Iter/sec:  3.699E-01
 Iteration:  00000029   DeltaT:  2.556E-06   Iter/sec:  3.757E-01
 Iteration:  00000030   DeltaT:  2.556E-06   Iter/sec:  3.710E-01
 Iteration:  00000031   DeltaT:  2.556E-06   Iter/sec:  3.737E-01
 Iteration:  00000032   DeltaT:  2.556E-06   Iter/sec:  3.744E-01
 Iteration:  00000033   DeltaT:  2.556E-06   Iter/sec:  3.718E-01
 Iteration:  00000034   DeltaT:  2.556E-06   Iter/sec:  3.763E-01
 Iteration:  00000035   DeltaT:  2.556E-06   Iter/sec:  3.727E-01
 Iteration:  00000036   DeltaT:  2.556E-06   Iter/sec:  3.745E-01
 Iteration:  00000037   DeltaT:  2.556E-06   Iter/sec:  3.765E-01
 Iteration:  00000038   DeltaT:  2.556E-06   Iter/sec:  3.746E-01
 Iteration:  00000039   DeltaT:  2.556E-06   Iter/sec:  3.766E-01
 Iteration:  00000040   DeltaT:  2.556E-06   Iter/sec:  3.727E-01
 Iteration:  00000041   DeltaT:  2.556E-06   Iter/sec:  3.770E-01
 Iteration:  00000042   DeltaT:  2.556E-06   Iter/sec:  3.731E-01
 Iteration:  00000043   DeltaT:  2.556E-06   Iter/sec:  3.757E-01
 Iteration:  00000044   DeltaT:  2.556E-06   Iter/sec:  3.720E-01
 Iteration:  00000045   DeltaT:  2.556E-06   Iter/sec:  3.759E-01
 Iteration:  00000046   DeltaT:  2.556E-06   Iter/sec:  3.744E-01
 Iteration:  00000047   DeltaT:  2.556E-06   Iter/sec:  3.731E-01
 Iteration:  00000048   DeltaT:  2.556E-06   Iter/sec:  3.754E-01
 Iteration:  00000049   DeltaT:  2.556E-06   Iter/sec:  3.710E-01
 Iteration:  00000050   DeltaT:  2.556E-06   Iter/sec:  3.744E-01


//////////////////////////////////////////////
   Measured Timings for Process 0  (seconds)

 Elapsed time:       144.5424
  Column time:        24.7331
     Row time:        36.1689
Legendre time:        25.6602
     FFT time:         8.3977
   Solve time:         2.2034
    rlma time:         2.2606
    rlmb time:         0.9188
  pspace time:        17.8616
  psolve time:        13.1155
    dphi time:         1.0965
captured time:       132.4162

     iter/sec:         0.3459
//////////////////////////////////////////////
