 //////////////////////////////////////
 Initializating Rayleigh...

 -- Initalizing MPI...
 ---- Specified parameters:
 ---- NCPU  :    128
 ---- NPROW :      8
 ---- NPCOL :     16
 -- MPI initialized.


 -- Initalizing Grid...
 ---- Specified parameters ----
 ---- N_R                 :     64
 ---- N_THETA             :    384
 ---- Ell_MAX             :    255
 ---- R_MIN               :  5.38462E-01
 ---- R_MAX               :  1.53846E+00
 ---- Chebyshev Domains   :      1

        Domain 1
          Grid points           :  64
          Dealiased Polynomials :  42
          Domain Lower Bound    :  5.38462E-01
          Domain Upper Bound    :  1.53846E+00

 -- Grid initialized.

[SHTns 3.4.5] built Apr 30 2021, 15:49:24, id: avx2,ishioka
        Lmax=255, Mmax*Mres=255, Mres=1, Nlm=32896  [1 threads, orthonormalized]
        => using FFTW : Mmax=255, Nphi=768, Nlat=384  (data layout : phi_inc=384, theta_inc=1, phi_embed=768)
        => using Gauss nodes
        + polar optimization threshold = 1.0e-08
        finding optimal algorithm..........
        + SHT accuracy = 9.79e-13
        => SHTns is ready.
 -- Initalizing Reference State...
 ---- Specified parameters:
 ---- Reference type           :  Boussinesq (Non-dimensional)
 ---- Rayleigh Number          :  1.00000E+05
 ---- Ekman Number             :  1.00000E-03
 ---- Prandtl Number           :  1.00000E+00
 ---- Magnetic Prandtl Number  :  5.00000E+00
 -- Reference State initialized.

 -- Initializing Fields...
 ---- Specified parameters:
 ---- Hydro Init Type    : Benchmark (Christensen et al. 2001)
 ---- Magnetic Init Type : Benchmark (Christensen et al. 2001)
 -- Fields initialized.

 Initialization Complete.
 //////////////////////////////////////

 Timestep has changed from  0.00000E+00 to  1.00000E-04.
 Iteration:  00000001   DeltaT:  1.000E-04   Iter/sec:  0.000E+00
 Timestep has changed from  1.00000E-04 to  1.02211E-05.
 Iteration:  00000002   DeltaT:  1.022E-05   Iter/sec:  1.081E-01
 Iteration:  00000003   DeltaT:  1.022E-05   Iter/sec:  3.727E+00
 Iteration:  00000004   DeltaT:  1.022E-05   Iter/sec:  3.847E+00
 Iteration:  00000005   DeltaT:  1.022E-05   Iter/sec:  3.863E+00
 Iteration:  00000006   DeltaT:  1.022E-05   Iter/sec:  3.894E+00
 Iteration:  00000007   DeltaT:  1.022E-05   Iter/sec:  3.911E+00
 Iteration:  00000008   DeltaT:  1.022E-05   Iter/sec:  3.849E+00
 Iteration:  00000009   DeltaT:  1.022E-05   Iter/sec:  3.870E+00
 Iteration:  00000010   DeltaT:  1.022E-05   Iter/sec:  3.856E+00
 Iteration:  00000011   DeltaT:  1.022E-05   Iter/sec:  3.872E+00
 Iteration:  00000012   DeltaT:  1.022E-05   Iter/sec:  3.867E+00
 Iteration:  00000013   DeltaT:  1.022E-05   Iter/sec:  3.884E+00
 Iteration:  00000014   DeltaT:  1.022E-05   Iter/sec:  3.850E+00
 Iteration:  00000015   DeltaT:  1.022E-05   Iter/sec:  3.908E+00
 Iteration:  00000016   DeltaT:  1.022E-05   Iter/sec:  3.862E+00
 Iteration:  00000017   DeltaT:  1.022E-05   Iter/sec:  3.850E+00
 Iteration:  00000018   DeltaT:  1.022E-05   Iter/sec:  3.899E+00
 Iteration:  00000019   DeltaT:  1.022E-05   Iter/sec:  3.897E+00
 Iteration:  00000020   DeltaT:  1.022E-05   Iter/sec:  3.892E+00
 Iteration:  00000021   DeltaT:  1.022E-05   Iter/sec:  3.849E+00
 Iteration:  00000022   DeltaT:  1.022E-05   Iter/sec:  3.862E+00
 Iteration:  00000023   DeltaT:  1.022E-05   Iter/sec:  3.841E+00
 Iteration:  00000024   DeltaT:  1.022E-05   Iter/sec:  3.822E+00
 Iteration:  00000025   DeltaT:  1.022E-05   Iter/sec:  3.883E+00
 Iteration:  00000026   DeltaT:  1.022E-05   Iter/sec:  3.871E+00
 Iteration:  00000027   DeltaT:  1.022E-05   Iter/sec:  3.852E+00
 Iteration:  00000028   DeltaT:  1.022E-05   Iter/sec:  3.896E+00
 Iteration:  00000029   DeltaT:  1.022E-05   Iter/sec:  3.847E+00
 Iteration:  00000030   DeltaT:  1.022E-05   Iter/sec:  3.871E+00
 Iteration:  00000031   DeltaT:  1.022E-05   Iter/sec:  3.838E+00
 Iteration:  00000032   DeltaT:  1.022E-05   Iter/sec:  3.892E+00
 Iteration:  00000033   DeltaT:  1.022E-05   Iter/sec:  3.910E+00
 Iteration:  00000034   DeltaT:  1.022E-05   Iter/sec:  3.904E+00
 Iteration:  00000035   DeltaT:  1.022E-05   Iter/sec:  3.866E+00
 Iteration:  00000036   DeltaT:  1.022E-05   Iter/sec:  3.838E+00
 Iteration:  00000037   DeltaT:  1.022E-05   Iter/sec:  3.868E+00
 Iteration:  00000038   DeltaT:  1.022E-05   Iter/sec:  3.882E+00
 Iteration:  00000039   DeltaT:  1.022E-05   Iter/sec:  3.870E+00
 Iteration:  00000040   DeltaT:  1.022E-05   Iter/sec:  3.840E+00
 Iteration:  00000041   DeltaT:  1.022E-05   Iter/sec:  3.882E+00
 Iteration:  00000042   DeltaT:  1.022E-05   Iter/sec:  3.851E+00
 Iteration:  00000043   DeltaT:  1.022E-05   Iter/sec:  3.931E+00
 Iteration:  00000044   DeltaT:  1.022E-05   Iter/sec:  3.848E+00
 Iteration:  00000045   DeltaT:  1.022E-05   Iter/sec:  3.888E+00
 Iteration:  00000046   DeltaT:  1.022E-05   Iter/sec:  3.867E+00
 Iteration:  00000047   DeltaT:  1.022E-05   Iter/sec:  3.890E+00
 Iteration:  00000048   DeltaT:  1.022E-05   Iter/sec:  3.851E+00
 Iteration:  00000049   DeltaT:  1.022E-05   Iter/sec:  3.839E+00
 Iteration:  00000050   DeltaT:  1.022E-05   Iter/sec:  3.869E+00


//////////////////////////////////////////////
   Measured Timings for Process 0  (seconds)

 Elapsed time:        15.2117
  Column time:         2.0812
     Row time:         4.3284
Legendre time:         1.2840
     FFT time:         0.9638
   Solve time:         0.2235
    rlma time:         0.2104
    rlmb time:         0.0881
  pspace time:         2.0846
  psolve time:         1.4301
    dphi time:         0.1102
captured time:        12.8044

     iter/sec:         3.2870
//////////////////////////////////////////////
