 //////////////////////////////////////
 Initializating Rayleigh...

 -- Initalizing MPI...
 ---- Specified parameters:
 ---- NCPU  :    512
 ---- NPROW :     32
 ---- NPCOL :     16
 -- MPI initialized.


 -- Initalizing Grid...
 ---- Specified parameters ----
 ---- N_R                 :    128
 ---- N_THETA             :   1536
 ---- Ell_MAX             :   1023
 ---- R_MIN               :  5.38462E-01
 ---- R_MAX               :  1.53846E+00
 ---- Chebyshev Domains   :      1

        Domain 1
          Grid points           :  128
          Dealiased Polynomials :  85
          Domain Lower Bound    :  5.38462E-01
          Domain Upper Bound    :  1.53846E+00

 -- Grid initialized.

[SHTns 3.4.5] built Apr 30 2021, 15:49:24, id: avx2,ishioka
        Lmax=1023, Mmax*Mres=1023, Mres=1, Nlm=524800  [1 threads, orthonormalized]
        => using FFTW : Mmax=1023, Nphi=3072, Nlat=1536  (data layout : phi_inc=1536, theta_inc=1, phi_embed=3072)
        => using Gauss nodes
        + polar optimization threshold = 1.0e-08
        finding optimal algorithm...
        + SHT accuracy = 1.16e-12
        => SHTns is ready.
 -- Initalizing Reference State...
 ---- Specified parameters:
 ---- Reference type           :  Boussinesq (Non-dimensional)
 ---- Rayleigh Number          :  1.00000E+05
 ---- Ekman Number             :  1.00000E-03
 ---- Prandtl Number           :  1.00000E+00
 ---- Magnetic Prandtl Number  :  5.00000E+00
 -- Reference State initialized.

 -- Initializing Fields...
 ---- Specified parameters:
 ---- Hydro Init Type    : Benchmark (Christensen et al. 2001)
 ---- Magnetic Init Type : Benchmark (Christensen et al. 2001)
 -- Fields initialized.

 Initialization Complete.
 //////////////////////////////////////

 Timestep has changed from  0.00000E+00 to  1.00000E-04.
 Iteration:  00000001   DeltaT:  1.000E-04   Iter/sec:  0.000E+00
 Timestep has changed from  1.00000E-04 to  2.55561E-06.
 Iteration:  00000002   DeltaT:  2.556E-06   Iter/sec:  8.138E-02
 Iteration:  00000003   DeltaT:  2.556E-06   Iter/sec:  3.083E-01
 Iteration:  00000004   DeltaT:  2.556E-06   Iter/sec:  3.520E-01
 Iteration:  00000005   DeltaT:  2.556E-06   Iter/sec:  3.440E-01
 Iteration:  00000006   DeltaT:  2.556E-06   Iter/sec:  3.505E-01
 Iteration:  00000007   DeltaT:  2.556E-06   Iter/sec:  3.428E-01
 Iteration:  00000008   DeltaT:  2.556E-06   Iter/sec:  3.542E-01
 Iteration:  00000009   DeltaT:  2.556E-06   Iter/sec:  3.460E-01
 Iteration:  00000010   DeltaT:  2.556E-06   Iter/sec:  3.529E-01
 Iteration:  00000011   DeltaT:  2.556E-06   Iter/sec:  3.434E-01
 Iteration:  00000012   DeltaT:  2.556E-06   Iter/sec:  3.549E-01
 Iteration:  00000013   DeltaT:  2.556E-06   Iter/sec:  3.431E-01
 Iteration:  00000014   DeltaT:  2.556E-06   Iter/sec:  3.522E-01
 Iteration:  00000015   DeltaT:  2.556E-06   Iter/sec:  3.436E-01
 Iteration:  00000016   DeltaT:  2.556E-06   Iter/sec:  3.591E-01
 Iteration:  00000017   DeltaT:  2.556E-06   Iter/sec:  3.411E-01
 Iteration:  00000018   DeltaT:  2.556E-06   Iter/sec:  3.516E-01
 Iteration:  00000019   DeltaT:  2.556E-06   Iter/sec:  3.436E-01
 Iteration:  00000020   DeltaT:  2.556E-06   Iter/sec:  3.518E-01
 Iteration:  00000021   DeltaT:  2.556E-06   Iter/sec:  3.450E-01
 Iteration:  00000022   DeltaT:  2.556E-06   Iter/sec:  3.531E-01
 Iteration:  00000023   DeltaT:  2.556E-06   Iter/sec:  3.443E-01
 Iteration:  00000024   DeltaT:  2.556E-06   Iter/sec:  3.512E-01
 Iteration:  00000025   DeltaT:  2.556E-06   Iter/sec:  3.455E-01
 Iteration:  00000026   DeltaT:  2.556E-06   Iter/sec:  3.524E-01
 Iteration:  00000027   DeltaT:  2.556E-06   Iter/sec:  3.459E-01
 Iteration:  00000028   DeltaT:  2.556E-06   Iter/sec:  3.524E-01
 Iteration:  00000029   DeltaT:  2.556E-06   Iter/sec:  3.435E-01
 Iteration:  00000030   DeltaT:  2.556E-06   Iter/sec:  3.534E-01
 Iteration:  00000031   DeltaT:  2.556E-06   Iter/sec:  3.396E-01
 Iteration:  00000032   DeltaT:  2.556E-06   Iter/sec:  3.524E-01
 Iteration:  00000033   DeltaT:  2.556E-06   Iter/sec:  3.442E-01
 Iteration:  00000034   DeltaT:  2.556E-06   Iter/sec:  3.514E-01
 Iteration:  00000035   DeltaT:  2.556E-06   Iter/sec:  3.438E-01
 Iteration:  00000036   DeltaT:  2.556E-06   Iter/sec:  3.517E-01
 Iteration:  00000037   DeltaT:  2.556E-06   Iter/sec:  3.453E-01
 Iteration:  00000038   DeltaT:  2.556E-06   Iter/sec:  3.524E-01
 Iteration:  00000039   DeltaT:  2.556E-06   Iter/sec:  3.421E-01
 Iteration:  00000040   DeltaT:  2.556E-06   Iter/sec:  3.524E-01
 Iteration:  00000041   DeltaT:  2.556E-06   Iter/sec:  3.455E-01
 Iteration:  00000042   DeltaT:  2.556E-06   Iter/sec:  3.530E-01
 Iteration:  00000043   DeltaT:  2.556E-06   Iter/sec:  3.420E-01
 Iteration:  00000044   DeltaT:  2.556E-06   Iter/sec:  3.544E-01
 Iteration:  00000045   DeltaT:  2.556E-06   Iter/sec:  3.424E-01
 Iteration:  00000046   DeltaT:  2.556E-06   Iter/sec:  3.538E-01
 Iteration:  00000047   DeltaT:  2.556E-06   Iter/sec:  3.417E-01
 Iteration:  00000048   DeltaT:  2.556E-06   Iter/sec:  3.530E-01
 Iteration:  00000049   DeltaT:  2.556E-06   Iter/sec:  3.447E-01
 Iteration:  00000050   DeltaT:  2.556E-06   Iter/sec:  3.500E-01


//////////////////////////////////////////////
   Measured Timings for Process 0  (seconds)

 Elapsed time:       164.1743
  Column time:        31.3479
     Row time:        41.9723
Legendre time:        25.4889
     FFT time:         8.1651
   Solve time:         2.5443
    rlma time:         2.6310
    rlmb time:         1.3596
  pspace time:        14.7675
  psolve time:        13.5078
    dphi time:         0.4774
captured time:       142.2619

     iter/sec:         0.3046
//////////////////////////////////////////////
