 //////////////////////////////////////
 Initializating Rayleigh...

 -- Initalizing MPI...
 ---- Specified parameters:
 ---- NCPU  :    128
 ---- NPROW :      8
 ---- NPCOL :     16
 -- MPI initialized.


 -- Initalizing Grid...
 ---- Specified parameters ----
 ---- N_R                 :     64
 ---- N_THETA             :    768
 ---- Ell_MAX             :    511
 ---- R_MIN               :  5.38462E-01
 ---- R_MAX               :  1.53846E+00
 ---- Chebyshev Domains   :      1

        Domain 1
          Grid points           :  64
          Dealiased Polynomials :  42
          Domain Lower Bound    :  5.38462E-01
          Domain Upper Bound    :  1.53846E+00

 -- Grid initialized.

[SHTns 3.4.5] built Apr 30 2021, 15:49:24, id: avx2,ishioka
        Lmax=511, Mmax*Mres=511, Mres=1, Nlm=131328  [1 threads, orthonormalized]
        => using FFTW : Mmax=511, Nphi=1536, Nlat=768  (data layout : phi_inc=768, theta_inc=1, phi_embed=1536)
        => using Gauss nodes
        + polar optimization threshold = 1.0e-08
        finding optimal algorithm........
        + SHT accuracy = 5.16e-13
        => SHTns is ready.
 -- Initalizing Reference State...
 ---- Specified parameters:
 ---- Reference type           :  Boussinesq (Non-dimensional)
 ---- Rayleigh Number          :  1.00000E+05
 ---- Ekman Number             :  1.00000E-03
 ---- Prandtl Number           :  1.00000E+00
 ---- Magnetic Prandtl Number  :  5.00000E+00
 -- Reference State initialized.

 -- Initializing Fields...
 ---- Specified parameters:
 ---- Hydro Init Type    : Benchmark (Christensen et al. 2001)
 ---- Magnetic Init Type : Benchmark (Christensen et al. 2001)
 -- Fields initialized.

 Initialization Complete.
 //////////////////////////////////////

 Timestep has changed from  0.00000E+00 to  1.00000E-04.
 Iteration:  00000001   DeltaT:  1.000E-04   Iter/sec:  0.000E+00
 Timestep has changed from  1.00000E-04 to  8.93257E-06.
 Iteration:  00000002   DeltaT:  8.933E-06   Iter/sec:  1.080E-01
 Iteration:  00000003   DeltaT:  8.933E-06   Iter/sec:  8.775E-01
 Iteration:  00000004   DeltaT:  8.933E-06   Iter/sec:  8.925E-01
 Iteration:  00000005   DeltaT:  8.933E-06   Iter/sec:  8.844E-01
 Iteration:  00000006   DeltaT:  8.933E-06   Iter/sec:  8.932E-01
 Iteration:  00000007   DeltaT:  8.933E-06   Iter/sec:  8.787E-01
 Iteration:  00000008   DeltaT:  8.933E-06   Iter/sec:  8.900E-01
 Iteration:  00000009   DeltaT:  8.933E-06   Iter/sec:  8.868E-01
 Iteration:  00000010   DeltaT:  8.933E-06   Iter/sec:  8.854E-01
 Iteration:  00000011   DeltaT:  8.933E-06   Iter/sec:  8.866E-01
 Iteration:  00000012   DeltaT:  8.933E-06   Iter/sec:  8.869E-01
 Iteration:  00000013   DeltaT:  8.933E-06   Iter/sec:  8.856E-01
 Iteration:  00000014   DeltaT:  8.933E-06   Iter/sec:  8.853E-01
 Iteration:  00000015   DeltaT:  8.933E-06   Iter/sec:  8.919E-01
 Iteration:  00000016   DeltaT:  8.933E-06   Iter/sec:  8.886E-01
 Iteration:  00000017   DeltaT:  8.933E-06   Iter/sec:  8.755E-01
 Iteration:  00000018   DeltaT:  8.933E-06   Iter/sec:  8.944E-01
 Iteration:  00000019   DeltaT:  8.933E-06   Iter/sec:  8.816E-01
 Iteration:  00000020   DeltaT:  8.933E-06   Iter/sec:  8.769E-01
 Iteration:  00000021   DeltaT:  8.933E-06   Iter/sec:  8.952E-01
 Iteration:  00000022   DeltaT:  8.933E-06   Iter/sec:  8.782E-01
 Iteration:  00000023   DeltaT:  8.933E-06   Iter/sec:  8.901E-01
 Iteration:  00000024   DeltaT:  8.933E-06   Iter/sec:  8.790E-01
 Iteration:  00000025   DeltaT:  8.933E-06   Iter/sec:  8.903E-01
 Iteration:  00000026   DeltaT:  8.933E-06   Iter/sec:  8.899E-01
 Iteration:  00000027   DeltaT:  8.933E-06   Iter/sec:  8.869E-01
 Iteration:  00000028   DeltaT:  8.933E-06   Iter/sec:  8.925E-01
 Iteration:  00000029   DeltaT:  8.933E-06   Iter/sec:  8.833E-01
 Iteration:  00000030   DeltaT:  8.933E-06   Iter/sec:  8.854E-01
 Iteration:  00000031   DeltaT:  8.933E-06   Iter/sec:  8.894E-01
 Iteration:  00000032   DeltaT:  8.933E-06   Iter/sec:  8.825E-01
 Iteration:  00000033   DeltaT:  8.933E-06   Iter/sec:  8.863E-01
 Iteration:  00000034   DeltaT:  8.933E-06   Iter/sec:  8.882E-01
 Iteration:  00000035   DeltaT:  8.933E-06   Iter/sec:  8.777E-01
 Iteration:  00000036   DeltaT:  8.933E-06   Iter/sec:  8.921E-01
 Iteration:  00000037   DeltaT:  8.933E-06   Iter/sec:  8.823E-01
 Iteration:  00000038   DeltaT:  8.933E-06   Iter/sec:  8.965E-01
 Iteration:  00000039   DeltaT:  8.933E-06   Iter/sec:  8.736E-01
 Iteration:  00000040   DeltaT:  8.933E-06   Iter/sec:  8.868E-01
 Iteration:  00000041   DeltaT:  8.933E-06   Iter/sec:  8.784E-01
 Iteration:  00000042   DeltaT:  8.933E-06   Iter/sec:  8.830E-01
 Iteration:  00000043   DeltaT:  8.933E-06   Iter/sec:  8.907E-01
 Iteration:  00000044   DeltaT:  8.933E-06   Iter/sec:  8.843E-01
 Iteration:  00000045   DeltaT:  8.933E-06   Iter/sec:  8.887E-01
 Iteration:  00000046   DeltaT:  8.933E-06   Iter/sec:  8.892E-01
 Iteration:  00000047   DeltaT:  8.933E-06   Iter/sec:  8.814E-01
 Iteration:  00000048   DeltaT:  8.933E-06   Iter/sec:  8.888E-01
 Iteration:  00000049   DeltaT:  8.933E-06   Iter/sec:  8.881E-01
 Iteration:  00000050   DeltaT:  8.933E-06   Iter/sec:  8.851E-01


//////////////////////////////////////////////
   Measured Timings for Process 0  (seconds)

 Elapsed time:        61.2631
  Column time:         9.2255
     Row time:        17.2744
Legendre time:         7.6330
     FFT time:         3.8176
   Solve time:         0.6486
    rlma time:         1.0672
    rlmb time:         0.5196
  pspace time:         8.7259
  psolve time:         6.3582
    dphi time:         0.3901
captured time:        55.6600

     iter/sec:         0.8162
//////////////////////////////////////////////
