 //////////////////////////////////////
 Initializating Rayleigh...

 -- Initalizing MPI...
 ---- Specified parameters:
 ---- NCPU  :   1024
 ---- NPROW :     64
 ---- NPCOL :     16
 -- MPI initialized.


 -- Initalizing Grid...
 ---- Specified parameters ----
 ---- N_R                 :     64
 ---- N_THETA             :   1536
 ---- Ell_MAX             :   1023
 ---- R_MIN               :  5.38462E-01
 ---- R_MAX               :  1.53846E+00
 ---- Chebyshev Domains   :      1

        Domain 1
          Grid points           :  64
          Dealiased Polynomials :  42
          Domain Lower Bound    :  5.38462E-01
          Domain Upper Bound    :  1.53846E+00

 -- Grid initialized.

[SHTns 3.4.5] built Apr 30 2021, 15:49:24, id: avx2,ishioka
        Lmax=1023, Mmax*Mres=1023, Mres=1, Nlm=524800  [1 threads, orthonormalized]
        => using FFTW : Mmax=1023, Nphi=3072, Nlat=1536  (data layout : phi_inc=1536, theta_inc=1, phi_embed=3072)
        => using Gauss nodes
        + polar optimization threshold = 1.0e-08
        finding optimal algorithm...
        + SHT accuracy = 1.09e-12
        => SHTns is ready.
 -- Initalizing Reference State...
 ---- Specified parameters:
 ---- Reference type           :  Boussinesq (Non-dimensional)
 ---- Rayleigh Number          :  1.00000E+05
 ---- Ekman Number             :  1.00000E-03
 ---- Prandtl Number           :  1.00000E+00
 ---- Magnetic Prandtl Number  :  5.00000E+00
 -- Reference State initialized.

 -- Initializing Fields...
 ---- Specified parameters:
 ---- Hydro Init Type    : Benchmark (Christensen et al. 2001)
 ---- Magnetic Init Type : Benchmark (Christensen et al. 2001)
 -- Fields initialized.

 Initialization Complete.
 //////////////////////////////////////

 Timestep has changed from  0.00000E+00 to  1.00000E-04.
 Iteration:  00000001   DeltaT:  1.000E-04   Iter/sec:  0.000E+00
 Timestep has changed from  1.00000E-04 to  4.46409E-06.
 Iteration:  00000002   DeltaT:  4.464E-06   Iter/sec:  1.241E-01
 Iteration:  00000003   DeltaT:  4.464E-06   Iter/sec:  1.167E+00
 Iteration:  00000004   DeltaT:  4.464E-06   Iter/sec:  1.190E+00
 Iteration:  00000005   DeltaT:  4.464E-06   Iter/sec:  1.198E+00
 Iteration:  00000006   DeltaT:  4.464E-06   Iter/sec:  1.201E+00
 Iteration:  00000007   DeltaT:  4.464E-06   Iter/sec:  1.260E+00
 Iteration:  00000008   DeltaT:  4.464E-06   Iter/sec:  1.245E+00
 Iteration:  00000009   DeltaT:  4.464E-06   Iter/sec:  1.193E+00
 Iteration:  00000010   DeltaT:  4.464E-06   Iter/sec:  1.229E+00
 Iteration:  00000011   DeltaT:  4.464E-06   Iter/sec:  1.211E+00
 Iteration:  00000012   DeltaT:  4.464E-06   Iter/sec:  1.211E+00
 Iteration:  00000013   DeltaT:  4.464E-06   Iter/sec:  1.241E+00
 Iteration:  00000014   DeltaT:  4.464E-06   Iter/sec:  1.241E+00
 Iteration:  00000015   DeltaT:  4.464E-06   Iter/sec:  1.167E+00
 Iteration:  00000016   DeltaT:  4.464E-06   Iter/sec:  1.185E+00
 Iteration:  00000017   DeltaT:  4.464E-06   Iter/sec:  1.250E+00
 Iteration:  00000018   DeltaT:  4.464E-06   Iter/sec:  1.190E+00
 Iteration:  00000019   DeltaT:  4.464E-06   Iter/sec:  1.229E+00
 Iteration:  00000020   DeltaT:  4.464E-06   Iter/sec:  1.235E+00
 Iteration:  00000021   DeltaT:  4.464E-06   Iter/sec:  1.230E+00
 Iteration:  00000022   DeltaT:  4.464E-06   Iter/sec:  1.234E+00
 Iteration:  00000023   DeltaT:  4.464E-06   Iter/sec:  1.230E+00
 Iteration:  00000024   DeltaT:  4.464E-06   Iter/sec:  1.220E+00
 Iteration:  00000025   DeltaT:  4.464E-06   Iter/sec:  1.228E+00
 Iteration:  00000026   DeltaT:  4.464E-06   Iter/sec:  1.234E+00
 Iteration:  00000027   DeltaT:  4.464E-06   Iter/sec:  1.209E+00
 Iteration:  00000028   DeltaT:  4.464E-06   Iter/sec:  1.201E+00
 Iteration:  00000029   DeltaT:  4.464E-06   Iter/sec:  1.209E+00
 Iteration:  00000030   DeltaT:  4.464E-06   Iter/sec:  1.254E+00
 Iteration:  00000031   DeltaT:  4.464E-06   Iter/sec:  1.251E+00
 Iteration:  00000032   DeltaT:  4.464E-06   Iter/sec:  1.219E+00
 Iteration:  00000033   DeltaT:  4.464E-06   Iter/sec:  1.220E+00
 Iteration:  00000034   DeltaT:  4.464E-06   Iter/sec:  1.250E+00
 Iteration:  00000035   DeltaT:  4.464E-06   Iter/sec:  1.189E+00
 Iteration:  00000036   DeltaT:  4.464E-06   Iter/sec:  1.272E+00
 Iteration:  00000037   DeltaT:  4.464E-06   Iter/sec:  1.207E+00
 Iteration:  00000038   DeltaT:  4.464E-06   Iter/sec:  1.222E+00
 Iteration:  00000039   DeltaT:  4.464E-06   Iter/sec:  1.170E+00
 Iteration:  00000040   DeltaT:  4.464E-06   Iter/sec:  1.238E+00
 Iteration:  00000041   DeltaT:  4.464E-06   Iter/sec:  1.213E+00
 Iteration:  00000042   DeltaT:  4.464E-06   Iter/sec:  1.207E+00
 Iteration:  00000043   DeltaT:  4.464E-06   Iter/sec:  1.207E+00
 Iteration:  00000044   DeltaT:  4.464E-06   Iter/sec:  1.204E+00
 Iteration:  00000045   DeltaT:  4.464E-06   Iter/sec:  1.256E+00
 Iteration:  00000046   DeltaT:  4.464E-06   Iter/sec:  1.184E+00
 Iteration:  00000047   DeltaT:  4.464E-06   Iter/sec:  1.293E+00
 Iteration:  00000048   DeltaT:  4.464E-06   Iter/sec:  1.217E+00
 Iteration:  00000049   DeltaT:  4.464E-06   Iter/sec:  1.247E+00
 Iteration:  00000050   DeltaT:  4.464E-06   Iter/sec:  1.229E+00


//////////////////////////////////////////////
   Measured Timings for Process 0  (seconds)

 Elapsed time:        50.0614
  Column time:         9.2332
     Row time:        15.0027
Legendre time:         6.3088
     FFT time:         2.1037
   Solve time:         0.5156
    rlma time:         0.3609
    rlmb time:         0.1518
  pspace time:         4.0231
  psolve time:         2.9272
    dphi time:         0.1756
captured time:        40.8026

     iter/sec:         0.9988
//////////////////////////////////////////////
