 //////////////////////////////////////
 Initializating Rayleigh...

 -- Initalizing MPI...
 ---- Specified parameters:
 ---- NCPU  :   2048
 ---- NPROW :     64
 ---- NPCOL :     32
 -- MPI initialized.


 -- Initalizing Grid...
 ---- Specified parameters ----
 ---- N_R                 :    128
 ---- N_THETA             :   1536
 ---- Ell_MAX             :   1023
 ---- R_MIN               :  5.38462E-01
 ---- R_MAX               :  1.53846E+00
 ---- Chebyshev Domains   :      1

        Domain 1
          Grid points           :  128
          Dealiased Polynomials :  85
          Domain Lower Bound    :  5.38462E-01
          Domain Upper Bound    :  1.53846E+00

 -- Grid initialized.

[SHTns 3.4.5] built Apr 30 2021, 15:49:24, id: avx2,ishioka
        Lmax=1023, Mmax*Mres=1023, Mres=1, Nlm=524800  [1 threads, orthonormalized]
        => using FFTW : Mmax=1023, Nphi=3072, Nlat=1536  (data layout : phi_inc=1536, theta_inc=1, phi_embed=3072)
        => using Gauss nodes
        + polar optimization threshold = 1.0e-08
        finding optimal algorithm...
        + SHT accuracy = 1.05e-12
        => SHTns is ready.
 -- Initalizing Reference State...
 ---- Specified parameters:
 ---- Reference type           :  Boussinesq (Non-dimensional)
 ---- Rayleigh Number          :  1.00000E+05
 ---- Ekman Number             :  1.00000E-03
 ---- Prandtl Number           :  1.00000E+00
 ---- Magnetic Prandtl Number  :  5.00000E+00
 -- Reference State initialized.

 -- Initializing Fields...
 ---- Specified parameters:
 ---- Hydro Init Type    : Benchmark (Christensen et al. 2001)
 ---- Magnetic Init Type : Benchmark (Christensen et al. 2001)
 -- Fields initialized.

 Initialization Complete.
 //////////////////////////////////////

 Timestep has changed from  0.00000E+00 to  1.00000E-04.
 Iteration:  00000001   DeltaT:  1.000E-04   Iter/sec:  0.000E+00
 Timestep has changed from  1.00000E-04 to  2.55561E-06.
 Iteration:  00000002   DeltaT:  2.556E-06   Iter/sec:  1.202E-01
 Iteration:  00000003   DeltaT:  2.556E-06   Iter/sec:  9.410E-01
 Iteration:  00000004   DeltaT:  2.556E-06   Iter/sec:  1.111E+00
 Iteration:  00000005   DeltaT:  2.556E-06   Iter/sec:  1.067E+00
 Iteration:  00000006   DeltaT:  2.556E-06   Iter/sec:  1.128E+00
 Iteration:  00000007   DeltaT:  2.556E-06   Iter/sec:  1.068E+00
 Iteration:  00000008   DeltaT:  2.556E-06   Iter/sec:  1.051E+00
 Iteration:  00000009   DeltaT:  2.556E-06   Iter/sec:  1.087E+00
 Iteration:  00000010   DeltaT:  2.556E-06   Iter/sec:  1.062E+00
 Iteration:  00000011   DeltaT:  2.556E-06   Iter/sec:  1.195E+00
 Iteration:  00000012   DeltaT:  2.556E-06   Iter/sec:  1.082E+00
 Iteration:  00000013   DeltaT:  2.556E-06   Iter/sec:  1.040E+00
 Iteration:  00000014   DeltaT:  2.556E-06   Iter/sec:  1.069E+00
 Iteration:  00000015   DeltaT:  2.556E-06   Iter/sec:  1.026E+00
 Iteration:  00000016   DeltaT:  2.556E-06   Iter/sec:  1.087E+00
 Iteration:  00000017   DeltaT:  2.556E-06   Iter/sec:  1.115E+00
 Iteration:  00000018   DeltaT:  2.556E-06   Iter/sec:  1.082E+00
 Iteration:  00000019   DeltaT:  2.556E-06   Iter/sec:  1.091E+00
 Iteration:  00000020   DeltaT:  2.556E-06   Iter/sec:  1.079E+00
 Iteration:  00000021   DeltaT:  2.556E-06   Iter/sec:  1.118E+00
 Iteration:  00000022   DeltaT:  2.556E-06   Iter/sec:  1.067E+00
 Iteration:  00000023   DeltaT:  2.556E-06   Iter/sec:  1.088E+00
 Iteration:  00000024   DeltaT:  2.556E-06   Iter/sec:  1.113E+00
 Iteration:  00000025   DeltaT:  2.556E-06   Iter/sec:  1.054E+00
 Iteration:  00000026   DeltaT:  2.556E-06   Iter/sec:  1.084E+00
 Iteration:  00000027   DeltaT:  2.556E-06   Iter/sec:  1.109E+00
 Iteration:  00000028   DeltaT:  2.556E-06   Iter/sec:  1.077E+00
 Iteration:  00000029   DeltaT:  2.556E-06   Iter/sec:  1.094E+00
 Iteration:  00000030   DeltaT:  2.556E-06   Iter/sec:  1.021E+00
 Iteration:  00000031   DeltaT:  2.556E-06   Iter/sec:  1.060E+00
 Iteration:  00000032   DeltaT:  2.556E-06   Iter/sec:  1.080E+00
 Iteration:  00000033   DeltaT:  2.556E-06   Iter/sec:  1.124E+00
 Iteration:  00000034   DeltaT:  2.556E-06   Iter/sec:  1.051E+00
 Iteration:  00000035   DeltaT:  2.556E-06   Iter/sec:  1.025E+00
 Iteration:  00000036   DeltaT:  2.556E-06   Iter/sec:  1.143E+00
 Iteration:  00000037   DeltaT:  2.556E-06   Iter/sec:  1.050E+00
 Iteration:  00000038   DeltaT:  2.556E-06   Iter/sec:  1.104E+00
 Iteration:  00000039   DeltaT:  2.556E-06   Iter/sec:  1.081E+00
 Iteration:  00000040   DeltaT:  2.556E-06   Iter/sec:  1.078E+00
 Iteration:  00000041   DeltaT:  2.556E-06   Iter/sec:  1.071E+00
 Iteration:  00000042   DeltaT:  2.556E-06   Iter/sec:  1.068E+00
 Iteration:  00000043   DeltaT:  2.556E-06   Iter/sec:  1.076E+00
 Iteration:  00000044   DeltaT:  2.556E-06   Iter/sec:  1.108E+00
 Iteration:  00000045   DeltaT:  2.556E-06   Iter/sec:  1.128E+00
 Iteration:  00000046   DeltaT:  2.556E-06   Iter/sec:  1.109E+00
 Iteration:  00000047   DeltaT:  2.556E-06   Iter/sec:  1.066E+00
 Iteration:  00000048   DeltaT:  2.556E-06   Iter/sec:  1.032E+00
 Iteration:  00000049   DeltaT:  2.556E-06   Iter/sec:  1.057E+00
 Iteration:  00000050   DeltaT:  2.556E-06   Iter/sec:  1.121E+00


//////////////////////////////////////////////
   Measured Timings for Process 0  (seconds)

 Elapsed time:        54.4021
  Column time:        12.9742
     Row time:        16.0061
Legendre time:         6.3308
     FFT time:         2.1249
   Solve time:         0.9129
    rlma time:         0.3550
    rlmb time:         0.1641
  pspace time:         4.0867
  psolve time:         3.0893
    dphi time:         0.2137
captured time:        46.2578

     iter/sec:         0.9191
//////////////////////////////////////////////
