 //////////////////////////////////////
 Initializating Rayleigh...

 -- Initalizing MPI...
 ---- Specified parameters:
 ---- NCPU  :     64
 ---- NPROW :      4
 ---- NPCOL :     16
 -- MPI initialized.


 -- Initalizing Grid...
 ---- Specified parameters ----
 ---- N_R                 :    128
 ---- N_THETA             :    192
 ---- Ell_MAX             :    127
 ---- R_MIN               :  5.38462E-01
 ---- R_MAX               :  1.53846E+00
 ---- Chebyshev Domains   :      1

        Domain 1
          Grid points           :  128
          Dealiased Polynomials :  85
          Domain Lower Bound    :  5.38462E-01
          Domain Upper Bound    :  1.53846E+00

 -- Grid initialized.

[SHTns 3.4.5] built Apr 30 2021, 15:49:24, id: avx2,ishioka
        Lmax=127, Mmax*Mres=127, Mres=1, Nlm=8256  [1 threads, orthonormalized]
        => using FFTW : Mmax=127, Nphi=384, Nlat=192  (data layout : phi_inc=192, theta_inc=1, phi_embed=384)
        => using Gauss nodes
        + polar optimization threshold = 1.0e-08
        finding optimal algorithm........
        + SHT accuracy = 5.33e-14
        => SHTns is ready.
 -- Initalizing Reference State...
 ---- Specified parameters:
 ---- Reference type           :  Boussinesq (Non-dimensional)
 ---- Rayleigh Number          :  1.00000E+05
 ---- Ekman Number             :  1.00000E-03
 ---- Prandtl Number           :  1.00000E+00
 ---- Magnetic Prandtl Number  :  5.00000E+00
 -- Reference State initialized.

 -- Initializing Fields...
 ---- Specified parameters:
 ---- Hydro Init Type    : Benchmark (Christensen et al. 2001)
 ---- Magnetic Init Type : Benchmark (Christensen et al. 2001)
 -- Fields initialized.

 Initialization Complete.
 //////////////////////////////////////

 Timestep has changed from  0.00000E+00 to  1.00000E-04.
 Iteration:  00000001   DeltaT:  1.000E-04   Iter/sec:  0.000E+00
 Timestep has changed from  1.00000E-04 to  2.55581E-06.
 Iteration:  00000002   DeltaT:  2.556E-06   Iter/sec:  2.313E-01
 Iteration:  00000003   DeltaT:  2.556E-06   Iter/sec:  3.269E+00
 Iteration:  00000004   DeltaT:  2.556E-06   Iter/sec:  3.919E+00
 Iteration:  00000005   DeltaT:  2.556E-06   Iter/sec:  4.035E+00
 Iteration:  00000006   DeltaT:  2.556E-06   Iter/sec:  3.953E+00
 Iteration:  00000007   DeltaT:  2.556E-06   Iter/sec:  4.201E+00
 Iteration:  00000008   DeltaT:  2.556E-06   Iter/sec:  4.101E+00
 Iteration:  00000009   DeltaT:  2.556E-06   Iter/sec:  4.133E+00
 Iteration:  00000010   DeltaT:  2.556E-06   Iter/sec:  4.209E+00
 Iteration:  00000011   DeltaT:  2.556E-06   Iter/sec:  4.034E+00
 Iteration:  00000012   DeltaT:  2.556E-06   Iter/sec:  4.045E+00
 Iteration:  00000013   DeltaT:  2.556E-06   Iter/sec:  4.102E+00
 Iteration:  00000014   DeltaT:  2.556E-06   Iter/sec:  4.095E+00
 Iteration:  00000015   DeltaT:  2.556E-06   Iter/sec:  4.172E+00
 Iteration:  00000016   DeltaT:  2.556E-06   Iter/sec:  4.016E+00
 Iteration:  00000017   DeltaT:  2.556E-06   Iter/sec:  4.137E+00
 Iteration:  00000018   DeltaT:  2.556E-06   Iter/sec:  3.958E+00
 Iteration:  00000019   DeltaT:  2.556E-06   Iter/sec:  4.157E+00
 Iteration:  00000020   DeltaT:  2.556E-06   Iter/sec:  4.045E+00
 Iteration:  00000021   DeltaT:  2.556E-06   Iter/sec:  3.995E+00
 Iteration:  00000022   DeltaT:  2.556E-06   Iter/sec:  4.172E+00
 Iteration:  00000023   DeltaT:  2.556E-06   Iter/sec:  4.149E+00
 Iteration:  00000024   DeltaT:  2.556E-06   Iter/sec:  4.077E+00
 Iteration:  00000025   DeltaT:  2.556E-06   Iter/sec:  4.109E+00
 Iteration:  00000026   DeltaT:  2.556E-06   Iter/sec:  3.978E+00
 Iteration:  00000027   DeltaT:  2.556E-06   Iter/sec:  4.071E+00
 Iteration:  00000028   DeltaT:  2.556E-06   Iter/sec:  4.125E+00
 Iteration:  00000029   DeltaT:  2.556E-06   Iter/sec:  4.066E+00
 Iteration:  00000030   DeltaT:  2.556E-06   Iter/sec:  4.074E+00
 Iteration:  00000031   DeltaT:  2.556E-06   Iter/sec:  3.909E+00
 Iteration:  00000032   DeltaT:  2.556E-06   Iter/sec:  4.129E+00
 Iteration:  00000033   DeltaT:  2.556E-06   Iter/sec:  4.052E+00
 Iteration:  00000034   DeltaT:  2.556E-06   Iter/sec:  4.136E+00
 Iteration:  00000035   DeltaT:  2.556E-06   Iter/sec:  4.148E+00
 Iteration:  00000036   DeltaT:  2.556E-06   Iter/sec:  4.139E+00
 Iteration:  00000037   DeltaT:  2.556E-06   Iter/sec:  4.129E+00
 Iteration:  00000038   DeltaT:  2.556E-06   Iter/sec:  4.082E+00
 Iteration:  00000039   DeltaT:  2.556E-06   Iter/sec:  4.026E+00
 Iteration:  00000040   DeltaT:  2.556E-06   Iter/sec:  3.871E+00
 Iteration:  00000041   DeltaT:  2.556E-06   Iter/sec:  4.176E+00
 Iteration:  00000042   DeltaT:  2.556E-06   Iter/sec:  3.954E+00
 Iteration:  00000043   DeltaT:  2.556E-06   Iter/sec:  4.122E+00
 Iteration:  00000044   DeltaT:  2.556E-06   Iter/sec:  4.082E+00
 Iteration:  00000045   DeltaT:  2.556E-06   Iter/sec:  3.809E+00
 Iteration:  00000046   DeltaT:  2.556E-06   Iter/sec:  3.956E+00
 Iteration:  00000047   DeltaT:  2.556E-06   Iter/sec:  4.121E+00
 Iteration:  00000048   DeltaT:  2.556E-06   Iter/sec:  4.033E+00
 Iteration:  00000049   DeltaT:  2.556E-06   Iter/sec:  4.126E+00
 Iteration:  00000050   DeltaT:  2.556E-06   Iter/sec:  3.936E+00


//////////////////////////////////////////////
   Measured Timings for Process 0  (seconds)

 Elapsed time:        14.3534
  Column time:         1.4680
     Row time:         4.4101
Legendre time:         0.9717
     FFT time:         0.9969
   Solve time:         0.4627
    rlma time:         0.1999
    rlmb time:         0.0910
  pspace time:         2.0790
  psolve time:         1.4873
    dphi time:         0.1136
captured time:        12.2802

     iter/sec:         3.4835
//////////////////////////////////////////////
