 //////////////////////////////////////
 Initializating Rayleigh...

 -- Initalizing MPI...
 ---- Specified parameters:
 ---- NCPU  :   1024
 ---- NPROW :     32
 ---- NPCOL :     32
 -- MPI initialized.


 -- Initalizing Grid...
 ---- Specified parameters ----
 ---- N_R                 :    128
 ---- N_THETA             :   1536
 ---- Ell_MAX             :   1023
 ---- R_MIN               :  5.38462E-01
 ---- R_MAX               :  1.53846E+00
 ---- Chebyshev Domains   :      1

        Domain 1
          Grid points           :  128
          Dealiased Polynomials :  85
          Domain Lower Bound    :  5.38462E-01
          Domain Upper Bound    :  1.53846E+00

 -- Grid initialized.

[SHTns 3.4.5] built Apr 30 2021, 15:49:24, id: avx2,ishioka
        Lmax=1023, Mmax*Mres=1023, Mres=1, Nlm=524800  [1 threads, orthonormalized]
        => using FFTW : Mmax=1023, Nphi=3072, Nlat=1536  (data layout : phi_inc=1536, theta_inc=1, phi_embed=3072)
        => using Gauss nodes
        + polar optimization threshold = 1.0e-08
        finding optimal algorithm...
        + SHT accuracy = 1.11e-12
        => SHTns is ready.
 -- Initalizing Reference State...
 ---- Specified parameters:
 ---- Reference type           :  Boussinesq (Non-dimensional)
 ---- Rayleigh Number          :  1.00000E+05
 ---- Ekman Number             :  1.00000E-03
 ---- Prandtl Number           :  1.00000E+00
 ---- Magnetic Prandtl Number  :  5.00000E+00
 -- Reference State initialized.

 -- Initializing Fields...
 ---- Specified parameters:
 ---- Hydro Init Type    : Benchmark (Christensen et al. 2001)
 ---- Magnetic Init Type : Benchmark (Christensen et al. 2001)
 -- Fields initialized.

 Initialization Complete.
 //////////////////////////////////////

 Timestep has changed from  0.00000E+00 to  1.00000E-04.
 Iteration:  00000001   DeltaT:  1.000E-04   Iter/sec:  0.000E+00
 Timestep has changed from  1.00000E-04 to  2.55561E-06.
 Iteration:  00000002   DeltaT:  2.556E-06   Iter/sec:  9.600E-02
 Iteration:  00000003   DeltaT:  2.556E-06   Iter/sec:  6.065E-01
 Iteration:  00000004   DeltaT:  2.556E-06   Iter/sec:  6.512E-01
 Iteration:  00000005   DeltaT:  2.556E-06   Iter/sec:  6.593E-01
 Iteration:  00000006   DeltaT:  2.556E-06   Iter/sec:  6.692E-01
 Iteration:  00000007   DeltaT:  2.556E-06   Iter/sec:  6.481E-01
 Iteration:  00000008   DeltaT:  2.556E-06   Iter/sec:  6.600E-01
 Iteration:  00000009   DeltaT:  2.556E-06   Iter/sec:  6.749E-01
 Iteration:  00000010   DeltaT:  2.556E-06   Iter/sec:  6.603E-01
 Iteration:  00000011   DeltaT:  2.556E-06   Iter/sec:  6.601E-01
 Iteration:  00000012   DeltaT:  2.556E-06   Iter/sec:  6.772E-01
 Iteration:  00000013   DeltaT:  2.556E-06   Iter/sec:  6.515E-01
 Iteration:  00000014   DeltaT:  2.556E-06   Iter/sec:  6.637E-01
 Iteration:  00000015   DeltaT:  2.556E-06   Iter/sec:  6.740E-01
 Iteration:  00000016   DeltaT:  2.556E-06   Iter/sec:  6.463E-01
 Iteration:  00000017   DeltaT:  2.556E-06   Iter/sec:  6.665E-01
 Iteration:  00000018   DeltaT:  2.556E-06   Iter/sec:  6.701E-01
 Iteration:  00000019   DeltaT:  2.556E-06   Iter/sec:  6.645E-01
 Iteration:  00000020   DeltaT:  2.556E-06   Iter/sec:  6.628E-01
 Iteration:  00000021   DeltaT:  2.556E-06   Iter/sec:  6.678E-01
 Iteration:  00000022   DeltaT:  2.556E-06   Iter/sec:  6.493E-01
 Iteration:  00000023   DeltaT:  2.556E-06   Iter/sec:  6.697E-01
 Iteration:  00000024   DeltaT:  2.556E-06   Iter/sec:  6.717E-01
 Iteration:  00000025   DeltaT:  2.556E-06   Iter/sec:  6.562E-01
 Iteration:  00000026   DeltaT:  2.556E-06   Iter/sec:  6.653E-01
 Iteration:  00000027   DeltaT:  2.556E-06   Iter/sec:  6.688E-01
 Iteration:  00000028   DeltaT:  2.556E-06   Iter/sec:  6.519E-01
 Iteration:  00000029   DeltaT:  2.556E-06   Iter/sec:  6.676E-01
 Iteration:  00000030   DeltaT:  2.556E-06   Iter/sec:  6.723E-01
 Iteration:  00000031   DeltaT:  2.556E-06   Iter/sec:  6.660E-01
 Iteration:  00000032   DeltaT:  2.556E-06   Iter/sec:  6.508E-01
 Iteration:  00000033   DeltaT:  2.556E-06   Iter/sec:  6.613E-01
 Iteration:  00000034   DeltaT:  2.556E-06   Iter/sec:  6.546E-01
 Iteration:  00000035   DeltaT:  2.556E-06   Iter/sec:  6.349E-01
 Iteration:  00000036   DeltaT:  2.556E-06   Iter/sec:  6.796E-01
 Iteration:  00000037   DeltaT:  2.556E-06   Iter/sec:  6.540E-01
 Iteration:  00000038   DeltaT:  2.556E-06   Iter/sec:  6.337E-01
 Iteration:  00000039   DeltaT:  2.556E-06   Iter/sec:  6.743E-01
 Iteration:  00000040   DeltaT:  2.556E-06   Iter/sec:  6.601E-01
 Iteration:  00000041   DeltaT:  2.556E-06   Iter/sec:  6.577E-01
 Iteration:  00000042   DeltaT:  2.556E-06   Iter/sec:  6.818E-01
 Iteration:  00000043   DeltaT:  2.556E-06   Iter/sec:  6.442E-01
 Iteration:  00000044   DeltaT:  2.556E-06   Iter/sec:  6.647E-01
 Iteration:  00000045   DeltaT:  2.556E-06   Iter/sec:  6.797E-01
 Iteration:  00000046   DeltaT:  2.556E-06   Iter/sec:  6.611E-01
 Iteration:  00000047   DeltaT:  2.556E-06   Iter/sec:  6.594E-01
 Iteration:  00000048   DeltaT:  2.556E-06   Iter/sec:  6.620E-01
 Iteration:  00000049   DeltaT:  2.556E-06   Iter/sec:  6.511E-01
 Iteration:  00000050   DeltaT:  2.556E-06   Iter/sec:  6.488E-01


//////////////////////////////////////////////
   Measured Timings for Process 0  (seconds)

 Elapsed time:        79.3433
  Column time:        20.8396
     Row time:        19.4494
Legendre time:        12.7825
     FFT time:         4.2524
   Solve time:         1.3827
    rlma time:         0.9685
    rlmb time:         0.4111
  pspace time:         8.1114
  psolve time:         6.6101
    dphi time:         0.3624
captured time:        75.1702

     iter/sec:         0.6302
//////////////////////////////////////////////
