 //////////////////////////////////////
 Initializating Rayleigh...

 -- Initalizing MPI...
 ---- Specified parameters:
 ---- NCPU  :     64
 ---- NPROW :      4
 ---- NPCOL :     16
 -- MPI initialized.


 -- Initalizing Grid...
 ---- Specified parameters ----
 ---- N_R                 :     64
 ---- N_THETA             :    384
 ---- Ell_MAX             :    255
 ---- R_MIN               :  5.38462E-01
 ---- R_MAX               :  1.53846E+00
 ---- Chebyshev Domains   :      1

        Domain 1
          Grid points           :  64
          Dealiased Polynomials :  42
          Domain Lower Bound    :  5.38462E-01
          Domain Upper Bound    :  1.53846E+00

 -- Grid initialized.

[SHTns 3.4.5] built Apr 30 2021, 15:49:24, id: avx2,ishioka
        Lmax=255, Mmax*Mres=255, Mres=1, Nlm=32896  [1 threads, orthonormalized]
        => using FFTW : Mmax=255, Nphi=768, Nlat=384  (data layout : phi_inc=384, theta_inc=1, phi_embed=768)
        => using Gauss nodes
        + polar optimization threshold = 1.0e-08
        finding optimal algorithm..........
        + SHT accuracy = 1.6e-12
        => SHTns is ready.
 -- Initalizing Reference State...
 ---- Specified parameters:
 ---- Reference type           :  Boussinesq (Non-dimensional)
 ---- Rayleigh Number          :  1.00000E+05
 ---- Ekman Number             :  1.00000E-03
 ---- Prandtl Number           :  1.00000E+00
 ---- Magnetic Prandtl Number  :  5.00000E+00
 -- Reference State initialized.

 -- Initializing Fields...
 ---- Specified parameters:
 ---- Hydro Init Type    : Benchmark (Christensen et al. 2001)
 ---- Magnetic Init Type : Benchmark (Christensen et al. 2001)
 -- Fields initialized.

 Initialization Complete.
 //////////////////////////////////////

 Timestep has changed from  0.00000E+00 to  1.00000E-04.
 Iteration:  00000001   DeltaT:  1.000E-04   Iter/sec:  0.000E+00
 Timestep has changed from  1.00000E-04 to  1.02211E-05.
 Iteration:  00000002   DeltaT:  1.022E-05   Iter/sec:  1.047E-01
 Iteration:  00000003   DeltaT:  1.022E-05   Iter/sec:  1.862E+00
 Iteration:  00000004   DeltaT:  1.022E-05   Iter/sec:  1.956E+00
 Iteration:  00000005   DeltaT:  1.022E-05   Iter/sec:  1.932E+00
 Iteration:  00000006   DeltaT:  1.022E-05   Iter/sec:  1.936E+00
 Iteration:  00000007   DeltaT:  1.022E-05   Iter/sec:  1.938E+00
 Iteration:  00000008   DeltaT:  1.022E-05   Iter/sec:  1.936E+00
 Iteration:  00000009   DeltaT:  1.022E-05   Iter/sec:  1.939E+00
 Iteration:  00000010   DeltaT:  1.022E-05   Iter/sec:  1.960E+00
 Iteration:  00000011   DeltaT:  1.022E-05   Iter/sec:  1.917E+00
 Iteration:  00000012   DeltaT:  1.022E-05   Iter/sec:  1.964E+00
 Iteration:  00000013   DeltaT:  1.022E-05   Iter/sec:  1.942E+00
 Iteration:  00000014   DeltaT:  1.022E-05   Iter/sec:  1.987E+00
 Iteration:  00000015   DeltaT:  1.022E-05   Iter/sec:  1.891E+00
 Iteration:  00000016   DeltaT:  1.022E-05   Iter/sec:  1.984E+00
 Iteration:  00000017   DeltaT:  1.022E-05   Iter/sec:  1.966E+00
 Iteration:  00000018   DeltaT:  1.022E-05   Iter/sec:  1.964E+00
 Iteration:  00000019   DeltaT:  1.022E-05   Iter/sec:  1.958E+00
 Iteration:  00000020   DeltaT:  1.022E-05   Iter/sec:  1.961E+00
 Iteration:  00000021   DeltaT:  1.022E-05   Iter/sec:  1.938E+00
 Iteration:  00000022   DeltaT:  1.022E-05   Iter/sec:  1.951E+00
 Iteration:  00000023   DeltaT:  1.022E-05   Iter/sec:  1.928E+00
 Iteration:  00000024   DeltaT:  1.022E-05   Iter/sec:  1.998E+00
 Iteration:  00000025   DeltaT:  1.022E-05   Iter/sec:  1.948E+00
 Iteration:  00000026   DeltaT:  1.022E-05   Iter/sec:  1.959E+00
 Iteration:  00000027   DeltaT:  1.022E-05   Iter/sec:  1.923E+00
 Iteration:  00000028   DeltaT:  1.022E-05   Iter/sec:  1.974E+00
 Iteration:  00000029   DeltaT:  1.022E-05   Iter/sec:  1.952E+00
 Iteration:  00000030   DeltaT:  1.022E-05   Iter/sec:  1.977E+00
 Iteration:  00000031   DeltaT:  1.022E-05   Iter/sec:  1.958E+00
 Iteration:  00000032   DeltaT:  1.022E-05   Iter/sec:  1.933E+00
 Iteration:  00000033   DeltaT:  1.022E-05   Iter/sec:  1.962E+00
 Iteration:  00000034   DeltaT:  1.022E-05   Iter/sec:  1.953E+00
 Iteration:  00000035   DeltaT:  1.022E-05   Iter/sec:  1.944E+00
 Iteration:  00000036   DeltaT:  1.022E-05   Iter/sec:  1.966E+00
 Iteration:  00000037   DeltaT:  1.022E-05   Iter/sec:  1.916E+00
 Iteration:  00000038   DeltaT:  1.022E-05   Iter/sec:  1.945E+00
 Iteration:  00000039   DeltaT:  1.022E-05   Iter/sec:  1.917E+00
 Iteration:  00000040   DeltaT:  1.022E-05   Iter/sec:  1.988E+00
 Iteration:  00000041   DeltaT:  1.022E-05   Iter/sec:  1.937E+00
 Iteration:  00000042   DeltaT:  1.022E-05   Iter/sec:  1.960E+00
 Iteration:  00000043   DeltaT:  1.022E-05   Iter/sec:  1.980E+00
 Iteration:  00000044   DeltaT:  1.022E-05   Iter/sec:  1.970E+00
 Iteration:  00000045   DeltaT:  1.022E-05   Iter/sec:  1.929E+00
 Iteration:  00000046   DeltaT:  1.022E-05   Iter/sec:  1.915E+00
 Iteration:  00000047   DeltaT:  1.022E-05   Iter/sec:  1.949E+00
 Iteration:  00000048   DeltaT:  1.022E-05   Iter/sec:  1.936E+00
 Iteration:  00000049   DeltaT:  1.022E-05   Iter/sec:  1.924E+00
 Iteration:  00000050   DeltaT:  1.022E-05   Iter/sec:  1.973E+00


//////////////////////////////////////////////
   Measured Timings for Process 0  (seconds)

 Elapsed time:        26.5138
  Column time:         3.5273
     Row time:         8.6268
Legendre time:         2.5693
     FFT time:         1.9430
   Solve time:         0.3632
    rlma time:         0.5124
    rlmb time:         0.2254
  pspace time:         4.3299
  psolve time:         3.0484
    dphi time:         0.2075
captured time:        25.3530

     iter/sec:         1.8858
//////////////////////////////////////////////
