 //////////////////////////////////////
 Initializating Rayleigh...

 -- Initalizing MPI...
 ---- Specified parameters:
 ---- NCPU  :     32
 ---- NPROW :      4
 ---- NPCOL :      8
 -- MPI initialized.


 -- Initalizing Grid...
 ---- Specified parameters ----
 ---- N_R                 :     64
 ---- N_THETA             :    384
 ---- Ell_MAX             :    255
 ---- R_MIN               :  5.38462E-01
 ---- R_MAX               :  1.53846E+00
 ---- Chebyshev Domains   :      1

        Domain 1
          Grid points           :  64
          Dealiased Polynomials :  42
          Domain Lower Bound    :  5.38462E-01
          Domain Upper Bound    :  1.53846E+00

 -- Grid initialized.

[SHTns 3.4.5] built Apr 30 2021, 15:49:24, id: avx2,ishioka
        Lmax=255, Mmax*Mres=255, Mres=1, Nlm=32896  [1 threads, orthonormalized]
        => using FFTW : Mmax=255, Nphi=768, Nlat=384  (data layout : phi_inc=384, theta_inc=1, phi_embed=768)
        => using Gauss nodes
        + polar optimization threshold = 1.0e-08
        finding optimal algorithm..........
        + SHT accuracy = 9.58e-13
        => SHTns is ready.
 -- Initalizing Reference State...
 ---- Specified parameters:
 ---- Reference type           :  Boussinesq (Non-dimensional)
 ---- Rayleigh Number          :  1.00000E+05
 ---- Ekman Number             :  1.00000E-03
 ---- Prandtl Number           :  1.00000E+00
 ---- Magnetic Prandtl Number  :  5.00000E+00
 -- Reference State initialized.

 -- Initializing Fields...
 ---- Specified parameters:
 ---- Hydro Init Type    : Benchmark (Christensen et al. 2001)
 ---- Magnetic Init Type : Benchmark (Christensen et al. 2001)
 -- Fields initialized.

 Initialization Complete.
 //////////////////////////////////////

 Timestep has changed from  0.00000E+00 to  1.00000E-04.
 Iteration:  00000001   DeltaT:  1.000E-04   Iter/sec:  0.000E+00
 Timestep has changed from  1.00000E-04 to  1.02211E-05.
 Iteration:  00000002   DeltaT:  1.022E-05   Iter/sec:  9.688E-02
 Iteration:  00000003   DeltaT:  1.022E-05   Iter/sec:  9.418E-01
 Iteration:  00000004   DeltaT:  1.022E-05   Iter/sec:  9.772E-01
 Iteration:  00000005   DeltaT:  1.022E-05   Iter/sec:  9.833E-01
 Iteration:  00000006   DeltaT:  1.022E-05   Iter/sec:  9.833E-01
 Iteration:  00000007   DeltaT:  1.022E-05   Iter/sec:  9.832E-01
 Iteration:  00000008   DeltaT:  1.022E-05   Iter/sec:  9.779E-01
 Iteration:  00000009   DeltaT:  1.022E-05   Iter/sec:  9.774E-01
 Iteration:  00000010   DeltaT:  1.022E-05   Iter/sec:  9.838E-01
 Iteration:  00000011   DeltaT:  1.022E-05   Iter/sec:  9.660E-01
 Iteration:  00000012   DeltaT:  1.022E-05   Iter/sec:  9.784E-01
 Iteration:  00000013   DeltaT:  1.022E-05   Iter/sec:  9.770E-01
 Iteration:  00000014   DeltaT:  1.022E-05   Iter/sec:  9.610E-01
 Iteration:  00000015   DeltaT:  1.022E-05   Iter/sec:  9.813E-01
 Iteration:  00000016   DeltaT:  1.022E-05   Iter/sec:  9.804E-01
 Iteration:  00000017   DeltaT:  1.022E-05   Iter/sec:  9.804E-01
 Iteration:  00000018   DeltaT:  1.022E-05   Iter/sec:  9.685E-01
 Iteration:  00000019   DeltaT:  1.022E-05   Iter/sec:  9.692E-01
 Iteration:  00000020   DeltaT:  1.022E-05   Iter/sec:  9.754E-01
 Iteration:  00000021   DeltaT:  1.022E-05   Iter/sec:  9.706E-01
 Iteration:  00000022   DeltaT:  1.022E-05   Iter/sec:  9.721E-01
 Iteration:  00000023   DeltaT:  1.022E-05   Iter/sec:  9.791E-01
 Iteration:  00000024   DeltaT:  1.022E-05   Iter/sec:  9.661E-01
 Iteration:  00000025   DeltaT:  1.022E-05   Iter/sec:  9.777E-01
 Iteration:  00000026   DeltaT:  1.022E-05   Iter/sec:  9.789E-01
 Iteration:  00000027   DeltaT:  1.022E-05   Iter/sec:  9.683E-01
 Iteration:  00000028   DeltaT:  1.022E-05   Iter/sec:  9.730E-01
 Iteration:  00000029   DeltaT:  1.022E-05   Iter/sec:  9.707E-01
 Iteration:  00000030   DeltaT:  1.022E-05   Iter/sec:  9.697E-01
 Iteration:  00000031   DeltaT:  1.022E-05   Iter/sec:  9.653E-01
 Iteration:  00000032   DeltaT:  1.022E-05   Iter/sec:  9.605E-01
 Iteration:  00000033   DeltaT:  1.022E-05   Iter/sec:  9.694E-01
 Iteration:  00000034   DeltaT:  1.022E-05   Iter/sec:  9.672E-01
 Iteration:  00000035   DeltaT:  1.022E-05   Iter/sec:  9.839E-01
 Iteration:  00000036   DeltaT:  1.022E-05   Iter/sec:  9.844E-01
 Iteration:  00000037   DeltaT:  1.022E-05   Iter/sec:  9.739E-01
 Iteration:  00000038   DeltaT:  1.022E-05   Iter/sec:  9.702E-01
 Iteration:  00000039   DeltaT:  1.022E-05   Iter/sec:  9.702E-01
 Iteration:  00000040   DeltaT:  1.022E-05   Iter/sec:  9.634E-01
 Iteration:  00000041   DeltaT:  1.022E-05   Iter/sec:  9.780E-01
 Iteration:  00000042   DeltaT:  1.022E-05   Iter/sec:  9.667E-01
 Iteration:  00000043   DeltaT:  1.022E-05   Iter/sec:  9.697E-01
 Iteration:  00000044   DeltaT:  1.022E-05   Iter/sec:  9.694E-01
 Iteration:  00000045   DeltaT:  1.022E-05   Iter/sec:  9.705E-01
 Iteration:  00000046   DeltaT:  1.022E-05   Iter/sec:  9.730E-01
 Iteration:  00000047   DeltaT:  1.022E-05   Iter/sec:  9.721E-01
 Iteration:  00000048   DeltaT:  1.022E-05   Iter/sec:  9.829E-01
 Iteration:  00000049   DeltaT:  1.022E-05   Iter/sec:  9.797E-01
 Iteration:  00000050   DeltaT:  1.022E-05   Iter/sec:  9.811E-01


//////////////////////////////////////////////
   Measured Timings for Process 0  (seconds)

 Elapsed time:        52.2246
  Column time:         4.4649
     Row time:        19.8078
Legendre time:         5.1523
     FFT time:         4.0198
   Solve time:         0.6401
    rlma time:         1.1304
    rlmb time:         0.4736
  pspace time:         7.8877
  psolve time:         6.5641
    dphi time:         0.3132
captured time:        50.4538

     iter/sec:         0.9574
//////////////////////////////////////////////
