 //////////////////////////////////////
 Initializating Rayleigh...

 -- Initalizing MPI...
 ---- Specified parameters:
 ---- NCPU  :    128
 ---- NPROW :      8
 ---- NPCOL :     16
 -- MPI initialized.


 -- Initalizing Grid...
 ---- Specified parameters ----
 ---- N_R                 :    128
 ---- N_THETA             :   1536
 ---- Ell_MAX             :   1023
 ---- R_MIN               :  5.38462E-01
 ---- R_MAX               :  1.53846E+00
 ---- Chebyshev Domains   :      1

        Domain 1
          Grid points           :  128
          Dealiased Polynomials :  85
          Domain Lower Bound    :  5.38462E-01
          Domain Upper Bound    :  1.53846E+00

 -- Grid initialized.

[SHTns 3.4.5] built Apr 30 2021, 15:49:24, id: avx2,ishioka
        Lmax=1023, Mmax*Mres=1023, Mres=1, Nlm=524800  [1 threads, orthonormalized]
        => using FFTW : Mmax=1023, Nphi=3072, Nlat=1536  (data layout : phi_inc=1536, theta_inc=1, phi_embed=3072)
        => using Gauss nodes
        + polar optimization threshold = 1.0e-08
        finding optimal algorithm...
        + SHT accuracy = 1.09e-12
        => SHTns is ready.
 -- Initalizing Reference State...
 ---- Specified parameters:
 ---- Reference type           :  Boussinesq (Non-dimensional)
 ---- Rayleigh Number          :  1.00000E+05
 ---- Ekman Number             :  1.00000E-03
 ---- Prandtl Number           :  1.00000E+00
 ---- Magnetic Prandtl Number  :  5.00000E+00
 -- Reference State initialized.

 -- Initializing Fields...
 ---- Specified parameters:
 ---- Hydro Init Type    : Benchmark (Christensen et al. 2001)
 ---- Magnetic Init Type : Benchmark (Christensen et al. 2001)
 -- Fields initialized.

 Initialization Complete.
 //////////////////////////////////////

 Timestep has changed from  0.00000E+00 to  1.00000E-04.
 Iteration:  00000001   DeltaT:  1.000E-04   Iter/sec:  0.000E+00
 Timestep has changed from  1.00000E-04 to  2.55561E-06.
 Iteration:  00000002   DeltaT:  2.556E-06   Iter/sec:  3.301E-02
 Iteration:  00000003   DeltaT:  2.556E-06   Iter/sec:  8.712E-02
 Iteration:  00000004   DeltaT:  2.556E-06   Iter/sec:  8.990E-02
 Iteration:  00000005   DeltaT:  2.556E-06   Iter/sec:  8.935E-02
 Iteration:  00000006   DeltaT:  2.556E-06   Iter/sec:  8.975E-02
 Iteration:  00000007   DeltaT:  2.556E-06   Iter/sec:  8.979E-02
 Iteration:  00000008   DeltaT:  2.556E-06   Iter/sec:  8.987E-02
 Iteration:  00000009   DeltaT:  2.556E-06   Iter/sec:  8.960E-02
 Iteration:  00000010   DeltaT:  2.556E-06   Iter/sec:  8.971E-02
 Iteration:  00000011   DeltaT:  2.556E-06   Iter/sec:  8.954E-02
 Iteration:  00000012   DeltaT:  2.556E-06   Iter/sec:  8.945E-02
 Iteration:  00000013   DeltaT:  2.556E-06   Iter/sec:  8.943E-02
 Iteration:  00000014   DeltaT:  2.556E-06   Iter/sec:  8.935E-02
 Iteration:  00000015   DeltaT:  2.556E-06   Iter/sec:  8.940E-02
 Iteration:  00000016   DeltaT:  2.556E-06   Iter/sec:  9.004E-02
 Iteration:  00000017   DeltaT:  2.556E-06   Iter/sec:  8.931E-02
 Iteration:  00000018   DeltaT:  2.556E-06   Iter/sec:  8.958E-02
 Iteration:  00000019   DeltaT:  2.556E-06   Iter/sec:  8.946E-02
 Iteration:  00000020   DeltaT:  2.556E-06   Iter/sec:  9.001E-02
 Iteration:  00000021   DeltaT:  2.556E-06   Iter/sec:  8.887E-02
 Iteration:  00000022   DeltaT:  2.556E-06   Iter/sec:  8.941E-02
 Iteration:  00000023   DeltaT:  2.556E-06   Iter/sec:  8.916E-02
 Iteration:  00000024   DeltaT:  2.556E-06   Iter/sec:  8.944E-02
 Iteration:  00000025   DeltaT:  2.556E-06   Iter/sec:  8.971E-02
 Iteration:  00000026   DeltaT:  2.556E-06   Iter/sec:  8.976E-02
 Iteration:  00000027   DeltaT:  2.556E-06   Iter/sec:  8.966E-02
 Iteration:  00000028   DeltaT:  2.556E-06   Iter/sec:  8.924E-02
 Iteration:  00000029   DeltaT:  2.556E-06   Iter/sec:  8.930E-02
 Iteration:  00000030   DeltaT:  2.556E-06   Iter/sec:  8.955E-02
 Iteration:  00000031   DeltaT:  2.556E-06   Iter/sec:  8.940E-02
 Iteration:  00000032   DeltaT:  2.556E-06   Iter/sec:  8.919E-02
 Iteration:  00000033   DeltaT:  2.556E-06   Iter/sec:  8.908E-02
 Iteration:  00000034   DeltaT:  2.556E-06   Iter/sec:  9.000E-02
 Iteration:  00000035   DeltaT:  2.556E-06   Iter/sec:  8.937E-02
 Iteration:  00000036   DeltaT:  2.556E-06   Iter/sec:  8.999E-02
 Iteration:  00000037   DeltaT:  2.556E-06   Iter/sec:  8.927E-02
 Iteration:  00000038   DeltaT:  2.556E-06   Iter/sec:  8.995E-02
 Iteration:  00000039   DeltaT:  2.556E-06   Iter/sec:  8.928E-02
 Iteration:  00000040   DeltaT:  2.556E-06   Iter/sec:  8.929E-02
 Iteration:  00000041   DeltaT:  2.556E-06   Iter/sec:  8.939E-02
 Iteration:  00000042   DeltaT:  2.556E-06   Iter/sec:  8.975E-02
 Iteration:  00000043   DeltaT:  2.556E-06   Iter/sec:  8.930E-02
 Iteration:  00000044   DeltaT:  2.556E-06   Iter/sec:  8.938E-02
 Iteration:  00000045   DeltaT:  2.556E-06   Iter/sec:  8.896E-02
 Iteration:  00000046   DeltaT:  2.556E-06   Iter/sec:  8.966E-02
 Iteration:  00000047   DeltaT:  2.556E-06   Iter/sec:  8.919E-02
 Iteration:  00000048   DeltaT:  2.556E-06   Iter/sec:  8.908E-02
 Iteration:  00000049   DeltaT:  2.556E-06   Iter/sec:  8.897E-02
 Iteration:  00000050   DeltaT:  2.556E-06   Iter/sec:  8.976E-02


//////////////////////////////////////////////
   Measured Timings for Process 0  (seconds)

 Elapsed time:       590.0473
  Column time:        61.2989
     Row time:       201.7961
Legendre time:       101.6735
     FFT time:        34.0258
   Solve time:         6.9469
    rlma time:        13.5835
    rlmb time:         4.7299
  pspace time:        68.8307
  psolve time:        54.8506
    dphi time:         3.3679
captured time:       551.1037

     iter/sec:         0.0847
//////////////////////////////////////////////
