 //////////////////////////////////////
 Initializating Rayleigh...

 -- Initalizing MPI...
 ---- Specified parameters:
 ---- NCPU  :    256
 ---- NPROW :     32
 ---- NPCOL :      8
 -- MPI initialized.


 -- Initalizing Grid...
 ---- Specified parameters ----
 ---- N_R                 :    128
 ---- N_THETA             :    384
 ---- Ell_MAX             :    255
 ---- R_MIN               :  5.38462E-01
 ---- R_MAX               :  1.53846E+00
 ---- Chebyshev Domains   :      1

        Domain 1
          Grid points           :  128
          Dealiased Polynomials :  85
          Domain Lower Bound    :  5.38462E-01
          Domain Upper Bound    :  1.53846E+00

 -- Grid initialized.

[SHTns 3.4.5] built Apr 30 2021, 15:49:24, id: avx2,ishioka
        Lmax=255, Mmax*Mres=255, Mres=1, Nlm=32896  [1 threads, orthonormalized]
        => using FFTW : Mmax=255, Nphi=768, Nlat=384  (data layout : phi_inc=384, theta_inc=1, phi_embed=768)
        => using Gauss nodes
        + polar optimization threshold = 1.0e-08
        finding optimal algorithm..........
        + SHT accuracy = 1.05e-12
        => SHTns is ready.
 -- Initalizing Reference State...
 ---- Specified parameters:
 ---- Reference type           :  Boussinesq (Non-dimensional)
 ---- Rayleigh Number          :  1.00000E+05
 ---- Ekman Number             :  1.00000E-03
 ---- Prandtl Number           :  1.00000E+00
 ---- Magnetic Prandtl Number  :  5.00000E+00
 -- Reference State initialized.

 -- Initializing Fields...
 ---- Specified parameters:
 ---- Hydro Init Type    : Benchmark (Christensen et al. 2001)
 ---- Magnetic Init Type : Benchmark (Christensen et al. 2001)
 -- Fields initialized.

 Initialization Complete.
 //////////////////////////////////////

 Timestep has changed from  0.00000E+00 to  1.00000E-04.
 Iteration:  00000001   DeltaT:  1.000E-04   Iter/sec:  0.000E+00
 Timestep has changed from  1.00000E-04 to  2.55566E-06.
 Iteration:  00000002   DeltaT:  2.556E-06   Iter/sec:  1.082E-01
 Iteration:  00000003   DeltaT:  2.556E-06   Iter/sec:  2.166E+00
 Iteration:  00000004   DeltaT:  2.556E-06   Iter/sec:  3.190E+00
 Iteration:  00000005   DeltaT:  2.556E-06   Iter/sec:  3.333E+00
 Iteration:  00000006   DeltaT:  2.556E-06   Iter/sec:  3.181E+00
 Iteration:  00000007   DeltaT:  2.556E-06   Iter/sec:  3.263E+00
 Iteration:  00000008   DeltaT:  2.556E-06   Iter/sec:  3.104E+00
 Iteration:  00000009   DeltaT:  2.556E-06   Iter/sec:  3.046E+00
 Iteration:  00000010   DeltaT:  2.556E-06   Iter/sec:  3.181E+00
 Iteration:  00000011   DeltaT:  2.556E-06   Iter/sec:  3.161E+00
 Iteration:  00000012   DeltaT:  2.556E-06   Iter/sec:  3.300E+00
 Iteration:  00000013   DeltaT:  2.556E-06   Iter/sec:  3.242E+00
 Iteration:  00000014   DeltaT:  2.556E-06   Iter/sec:  3.199E+00
 Iteration:  00000015   DeltaT:  2.556E-06   Iter/sec:  3.227E+00
 Iteration:  00000016   DeltaT:  2.556E-06   Iter/sec:  3.199E+00
 Iteration:  00000017   DeltaT:  2.556E-06   Iter/sec:  3.176E+00
 Iteration:  00000018   DeltaT:  2.556E-06   Iter/sec:  3.265E+00
 Iteration:  00000019   DeltaT:  2.556E-06   Iter/sec:  3.222E+00
 Iteration:  00000020   DeltaT:  2.556E-06   Iter/sec:  3.040E+00
 Iteration:  00000021   DeltaT:  2.556E-06   Iter/sec:  3.337E+00
 Iteration:  00000022   DeltaT:  2.556E-06   Iter/sec:  3.317E+00
 Iteration:  00000023   DeltaT:  2.556E-06   Iter/sec:  3.241E+00
 Iteration:  00000024   DeltaT:  2.556E-06   Iter/sec:  3.240E+00
 Iteration:  00000025   DeltaT:  2.556E-06   Iter/sec:  3.275E+00
 Iteration:  00000026   DeltaT:  2.556E-06   Iter/sec:  3.220E+00
 Iteration:  00000027   DeltaT:  2.556E-06   Iter/sec:  3.200E+00
 Iteration:  00000028   DeltaT:  2.556E-06   Iter/sec:  3.265E+00
 Iteration:  00000029   DeltaT:  2.556E-06   Iter/sec:  3.160E+00
 Iteration:  00000030   DeltaT:  2.556E-06   Iter/sec:  3.016E+00
 Iteration:  00000031   DeltaT:  2.556E-06   Iter/sec:  3.197E+00
 Iteration:  00000032   DeltaT:  2.556E-06   Iter/sec:  3.198E+00
 Iteration:  00000033   DeltaT:  2.556E-06   Iter/sec:  3.230E+00
 Iteration:  00000034   DeltaT:  2.556E-06   Iter/sec:  3.287E+00
 Iteration:  00000035   DeltaT:  2.556E-06   Iter/sec:  3.231E+00
 Iteration:  00000036   DeltaT:  2.556E-06   Iter/sec:  3.216E+00
 Iteration:  00000037   DeltaT:  2.556E-06   Iter/sec:  3.179E+00
 Iteration:  00000038   DeltaT:  2.556E-06   Iter/sec:  3.220E+00
 Iteration:  00000039   DeltaT:  2.556E-06   Iter/sec:  3.282E+00
 Iteration:  00000040   DeltaT:  2.556E-06   Iter/sec:  3.137E+00
 Iteration:  00000041   DeltaT:  2.556E-06   Iter/sec:  3.332E+00
 Iteration:  00000042   DeltaT:  2.556E-06   Iter/sec:  3.243E+00
 Iteration:  00000043   DeltaT:  2.556E-06   Iter/sec:  3.220E+00
 Iteration:  00000044   DeltaT:  2.556E-06   Iter/sec:  3.144E+00
 Iteration:  00000045   DeltaT:  2.556E-06   Iter/sec:  3.199E+00
 Iteration:  00000046   DeltaT:  2.556E-06   Iter/sec:  3.162E+00
 Iteration:  00000047   DeltaT:  2.556E-06   Iter/sec:  3.094E+00
 Iteration:  00000048   DeltaT:  2.556E-06   Iter/sec:  3.112E+00
 Iteration:  00000049   DeltaT:  2.556E-06   Iter/sec:  3.137E+00
 Iteration:  00000050   DeltaT:  2.556E-06   Iter/sec:  3.314E+00


//////////////////////////////////////////////
   Measured Timings for Process 0  (seconds)

 Elapsed time:        19.0852
  Column time:         3.0443
     Row time:         5.9372
Legendre time:         1.2790
     FFT time:         0.9570
   Solve time:         0.7533
    rlma time:         0.2008
    rlmb time:         0.0738
  pspace time:         1.7620
  psolve time:         1.6609
    dphi time:         0.0693
captured time:        15.7375

     iter/sec:         2.6198
//////////////////////////////////////////////
