 //////////////////////////////////////
 Initializating Rayleigh...

 -- Initalizing MPI...
 ---- Specified parameters:
 ---- NCPU  :   2048
 ---- NPROW :     32
 ---- NPCOL :     64
 -- MPI initialized.


 -- Initalizing Grid...
 ---- Specified parameters ----
 ---- N_R                 :    128
 ---- N_THETA             :   1536
 ---- Ell_MAX             :   1023
 ---- R_MIN               :  5.38462E-01
 ---- R_MAX               :  1.53846E+00
 ---- Chebyshev Domains   :      1

        Domain 1
          Grid points           :  128
          Dealiased Polynomials :  85
          Domain Lower Bound    :  5.38462E-01
          Domain Upper Bound    :  1.53846E+00

 -- Grid initialized.

[SHTns 3.4.5] built Apr 30 2021, 15:49:24, id: avx2,ishioka
        Lmax=1023, Mmax*Mres=1023, Mres=1, Nlm=524800  [1 threads, orthonormalized]
        => using FFTW : Mmax=1023, Nphi=3072, Nlat=1536  (data layout : phi_inc=1536, theta_inc=1, phi_embed=3072)
        => using Gauss nodes
        + polar optimization threshold = 1.0e-08
        finding optimal algorithm...
        + SHT accuracy = 1.28e-12
        => SHTns is ready.
 -- Initalizing Reference State...
 ---- Specified parameters:
 ---- Reference type           :  Boussinesq (Non-dimensional)
 ---- Rayleigh Number          :  1.00000E+05
 ---- Ekman Number             :  1.00000E-03
 ---- Prandtl Number           :  1.00000E+00
 ---- Magnetic Prandtl Number  :  5.00000E+00
 -- Reference State initialized.

 -- Initializing Fields...
 ---- Specified parameters:
 ---- Hydro Init Type    : Benchmark (Christensen et al. 2001)
 ---- Magnetic Init Type : Benchmark (Christensen et al. 2001)
 -- Fields initialized.

 Initialization Complete.
 //////////////////////////////////////

 Timestep has changed from  0.00000E+00 to  1.00000E-04.
 Iteration:  00000001   DeltaT:  1.000E-04   Iter/sec:  0.000E+00
 Timestep has changed from  1.00000E-04 to  2.55561E-06.
 Iteration:  00000002   DeltaT:  2.556E-06   Iter/sec:  1.035E-01
 Iteration:  00000003   DeltaT:  2.556E-06   Iter/sec:  1.116E+00
 Iteration:  00000004   DeltaT:  2.556E-06   Iter/sec:  1.131E+00
 Iteration:  00000005   DeltaT:  2.556E-06   Iter/sec:  1.140E+00
 Iteration:  00000006   DeltaT:  2.556E-06   Iter/sec:  1.187E+00
 Iteration:  00000007   DeltaT:  2.556E-06   Iter/sec:  1.130E+00
 Iteration:  00000008   DeltaT:  2.556E-06   Iter/sec:  1.127E+00
 Iteration:  00000009   DeltaT:  2.556E-06   Iter/sec:  1.186E+00
 Iteration:  00000010   DeltaT:  2.556E-06   Iter/sec:  1.102E+00
 Iteration:  00000011   DeltaT:  2.556E-06   Iter/sec:  1.146E+00
 Iteration:  00000012   DeltaT:  2.556E-06   Iter/sec:  1.174E+00
 Iteration:  00000013   DeltaT:  2.556E-06   Iter/sec:  1.144E+00
 Iteration:  00000014   DeltaT:  2.556E-06   Iter/sec:  1.084E+00
 Iteration:  00000015   DeltaT:  2.556E-06   Iter/sec:  1.150E+00
 Iteration:  00000016   DeltaT:  2.556E-06   Iter/sec:  1.166E+00
 Iteration:  00000017   DeltaT:  2.556E-06   Iter/sec:  1.084E+00
 Iteration:  00000018   DeltaT:  2.556E-06   Iter/sec:  1.172E+00
 Iteration:  00000019   DeltaT:  2.556E-06   Iter/sec:  1.088E+00
 Iteration:  00000020   DeltaT:  2.556E-06   Iter/sec:  1.121E+00
 Iteration:  00000021   DeltaT:  2.556E-06   Iter/sec:  1.188E+00
 Iteration:  00000022   DeltaT:  2.556E-06   Iter/sec:  1.179E+00
 Iteration:  00000023   DeltaT:  2.556E-06   Iter/sec:  1.179E+00
 Iteration:  00000024   DeltaT:  2.556E-06   Iter/sec:  1.124E+00
 Iteration:  00000025   DeltaT:  2.556E-06   Iter/sec:  1.116E+00
 Iteration:  00000026   DeltaT:  2.556E-06   Iter/sec:  1.160E+00
 Iteration:  00000027   DeltaT:  2.556E-06   Iter/sec:  1.183E+00
 Iteration:  00000028   DeltaT:  2.556E-06   Iter/sec:  1.084E+00
 Iteration:  00000029   DeltaT:  2.556E-06   Iter/sec:  1.183E+00
 Iteration:  00000030   DeltaT:  2.556E-06   Iter/sec:  1.146E+00
 Iteration:  00000031   DeltaT:  2.556E-06   Iter/sec:  1.085E+00
 Iteration:  00000032   DeltaT:  2.556E-06   Iter/sec:  1.169E+00
 Iteration:  00000033   DeltaT:  2.556E-06   Iter/sec:  1.182E+00
 Iteration:  00000034   DeltaT:  2.556E-06   Iter/sec:  1.071E+00
 Iteration:  00000035   DeltaT:  2.556E-06   Iter/sec:  1.193E+00
 Iteration:  00000036   DeltaT:  2.556E-06   Iter/sec:  1.147E+00
 Iteration:  00000037   DeltaT:  2.556E-06   Iter/sec:  1.061E+00
 Iteration:  00000038   DeltaT:  2.556E-06   Iter/sec:  1.178E+00
 Iteration:  00000039   DeltaT:  2.556E-06   Iter/sec:  1.156E+00
 Iteration:  00000040   DeltaT:  2.556E-06   Iter/sec:  1.088E+00
 Iteration:  00000041   DeltaT:  2.556E-06   Iter/sec:  1.150E+00
 Iteration:  00000042   DeltaT:  2.556E-06   Iter/sec:  1.162E+00
 Iteration:  00000043   DeltaT:  2.556E-06   Iter/sec:  1.093E+00
 Iteration:  00000044   DeltaT:  2.556E-06   Iter/sec:  1.165E+00
 Iteration:  00000045   DeltaT:  2.556E-06   Iter/sec:  1.101E+00
 Iteration:  00000046   DeltaT:  2.556E-06   Iter/sec:  1.103E+00
 Iteration:  00000047   DeltaT:  2.556E-06   Iter/sec:  1.155E+00
 Iteration:  00000048   DeltaT:  2.556E-06   Iter/sec:  1.206E+00
 Iteration:  00000049   DeltaT:  2.556E-06   Iter/sec:  1.067E+00
 Iteration:  00000050   DeltaT:  2.556E-06   Iter/sec:  1.170E+00


//////////////////////////////////////////////
   Measured Timings for Process 0  (seconds)

 Elapsed time:        53.5164
  Column time:        15.9282
     Row time:        10.7623
Legendre time:         6.3867
     FFT time:         2.1502
   Solve time:         0.7529
    rlma time:         0.4135
    rlmb time:         0.1949
  pspace time:         3.7792
  psolve time:         3.2254
    dphi time:         0.1514
captured time:        43.7448

     iter/sec:         0.9343
//////////////////////////////////////////////
