 //////////////////////////////////////
 Initializating Rayleigh...

 -- Initalizing MPI...
 ---- Specified parameters:
 ---- NCPU  :    512
 ---- NPROW :     32
 ---- NPCOL :     16
 -- MPI initialized.


 -- Initalizing Grid...
 ---- Specified parameters ----
 ---- N_R                 :    128
 ---- N_THETA             :    384
 ---- Ell_MAX             :    255
 ---- R_MIN               :  5.38462E-01
 ---- R_MAX               :  1.53846E+00
 ---- Chebyshev Domains   :      1

        Domain 1
          Grid points           :  128
          Dealiased Polynomials :  85
          Domain Lower Bound    :  5.38462E-01
          Domain Upper Bound    :  1.53846E+00

 -- Grid initialized.

[SHTns 3.4.5] built Apr 30 2021, 15:49:24, id: avx2,ishioka
        Lmax=255, Mmax*Mres=255, Mres=1, Nlm=32896  [1 threads, orthonormalized]
        => using FFTW : Mmax=255, Nphi=768, Nlat=384  (data layout : phi_inc=384, theta_inc=1, phi_embed=768)
        => using Gauss nodes
        + polar optimization threshold = 1.0e-08
        finding optimal algorithm..........
        + SHT accuracy = 1.06e-12
        => SHTns is ready.
 -- Initalizing Reference State...
 ---- Specified parameters:
 ---- Reference type           :  Boussinesq (Non-dimensional)
 ---- Rayleigh Number          :  1.00000E+05
 ---- Ekman Number             :  1.00000E-03
 ---- Prandtl Number           :  1.00000E+00
 ---- Magnetic Prandtl Number  :  5.00000E+00
 -- Reference State initialized.

 -- Initializing Fields...
 ---- Specified parameters:
 ---- Hydro Init Type    : Benchmark (Christensen et al. 2001)
 ---- Magnetic Init Type : Benchmark (Christensen et al. 2001)
 -- Fields initialized.

 Initialization Complete.
 //////////////////////////////////////

 Timestep has changed from  0.00000E+00 to  1.00000E-04.
 Iteration:  00000001   DeltaT:  1.000E-04   Iter/sec:  0.000E+00
 Timestep has changed from  1.00000E-04 to  2.55566E-06.
 Iteration:  00000002   DeltaT:  2.556E-06   Iter/sec:  2.113E-01
 Iteration:  00000003   DeltaT:  2.556E-06   Iter/sec:  4.134E+00
 Iteration:  00000004   DeltaT:  2.556E-06   Iter/sec:  6.367E+00
 Iteration:  00000005   DeltaT:  2.556E-06   Iter/sec:  6.617E+00
 Iteration:  00000006   DeltaT:  2.556E-06   Iter/sec:  6.681E+00
 Iteration:  00000007   DeltaT:  2.556E-06   Iter/sec:  6.846E+00
 Iteration:  00000008   DeltaT:  2.556E-06   Iter/sec:  6.921E+00
 Iteration:  00000009   DeltaT:  2.556E-06   Iter/sec:  7.099E+00
 Iteration:  00000010   DeltaT:  2.556E-06   Iter/sec:  6.507E+00
 Iteration:  00000011   DeltaT:  2.556E-06   Iter/sec:  7.105E+00
 Iteration:  00000012   DeltaT:  2.556E-06   Iter/sec:  7.117E+00
 Iteration:  00000013   DeltaT:  2.556E-06   Iter/sec:  7.014E+00
 Iteration:  00000014   DeltaT:  2.556E-06   Iter/sec:  6.925E+00
 Iteration:  00000015   DeltaT:  2.556E-06   Iter/sec:  6.756E+00
 Iteration:  00000016   DeltaT:  2.556E-06   Iter/sec:  6.837E+00
 Iteration:  00000017   DeltaT:  2.556E-06   Iter/sec:  6.966E+00
 Iteration:  00000018   DeltaT:  2.556E-06   Iter/sec:  6.960E+00
 Iteration:  00000019   DeltaT:  2.556E-06   Iter/sec:  6.770E+00
 Iteration:  00000020   DeltaT:  2.556E-06   Iter/sec:  7.268E+00
 Iteration:  00000021   DeltaT:  2.556E-06   Iter/sec:  6.877E+00
 Iteration:  00000022   DeltaT:  2.556E-06   Iter/sec:  7.098E+00
 Iteration:  00000023   DeltaT:  2.556E-06   Iter/sec:  6.862E+00
 Iteration:  00000024   DeltaT:  2.556E-06   Iter/sec:  7.084E+00
 Iteration:  00000025   DeltaT:  2.556E-06   Iter/sec:  6.922E+00
 Iteration:  00000026   DeltaT:  2.556E-06   Iter/sec:  7.008E+00
 Iteration:  00000027   DeltaT:  2.556E-06   Iter/sec:  6.941E+00
 Iteration:  00000028   DeltaT:  2.556E-06   Iter/sec:  6.960E+00
 Iteration:  00000029   DeltaT:  2.556E-06   Iter/sec:  6.952E+00
 Iteration:  00000030   DeltaT:  2.556E-06   Iter/sec:  6.894E+00
 Iteration:  00000031   DeltaT:  2.556E-06   Iter/sec:  7.229E+00
 Iteration:  00000032   DeltaT:  2.556E-06   Iter/sec:  6.760E+00
 Iteration:  00000033   DeltaT:  2.556E-06   Iter/sec:  7.143E+00
 Iteration:  00000034   DeltaT:  2.556E-06   Iter/sec:  6.864E+00
 Iteration:  00000035   DeltaT:  2.556E-06   Iter/sec:  7.136E+00
 Iteration:  00000036   DeltaT:  2.556E-06   Iter/sec:  6.869E+00
 Iteration:  00000037   DeltaT:  2.556E-06   Iter/sec:  7.173E+00
 Iteration:  00000038   DeltaT:  2.556E-06   Iter/sec:  6.943E+00
 Iteration:  00000039   DeltaT:  2.556E-06   Iter/sec:  6.840E+00
 Iteration:  00000040   DeltaT:  2.556E-06   Iter/sec:  6.970E+00
 Iteration:  00000041   DeltaT:  2.556E-06   Iter/sec:  7.013E+00
 Iteration:  00000042   DeltaT:  2.556E-06   Iter/sec:  7.012E+00
 Iteration:  00000043   DeltaT:  2.556E-06   Iter/sec:  7.067E+00
 Iteration:  00000044   DeltaT:  2.556E-06   Iter/sec:  7.054E+00
 Iteration:  00000045   DeltaT:  2.556E-06   Iter/sec:  6.766E+00
 Iteration:  00000046   DeltaT:  2.556E-06   Iter/sec:  7.207E+00
 Iteration:  00000047   DeltaT:  2.556E-06   Iter/sec:  7.037E+00
 Iteration:  00000048   DeltaT:  2.556E-06   Iter/sec:  6.976E+00
 Iteration:  00000049   DeltaT:  2.556E-06   Iter/sec:  7.251E+00
 Iteration:  00000050   DeltaT:  2.556E-06   Iter/sec:  6.719E+00


//////////////////////////////////////////////
   Measured Timings for Process 0  (seconds)

 Elapsed time:         8.2381
  Column time:         1.9149
     Row time:         2.3267
Legendre time:         0.5410
     FFT time:         0.4825
   Solve time:         0.4002
    rlma time:         0.0855
    rlmb time:         0.0367
  pspace time:         0.8420
  psolve time:         0.6633
    dphi time:         0.0411
captured time:         7.3339

     iter/sec:         6.0694
//////////////////////////////////////////////
