 //////////////////////////////////////
 Initializating Rayleigh...

 -- Initalizing MPI...
 ---- Specified parameters:
 ---- NCPU  :    512
 ---- NPROW :     16
 ---- NPCOL :     32
 -- MPI initialized.


 -- Initalizing Grid...
 ---- Specified parameters ----
 ---- N_R                 :    128
 ---- N_THETA             :    768
 ---- Ell_MAX             :    511
 ---- R_MIN               :  5.38462E-01
 ---- R_MAX               :  1.53846E+00
 ---- Chebyshev Domains   :      1

        Domain 1
          Grid points           :  128
          Dealiased Polynomials :  85
          Domain Lower Bound    :  5.38462E-01
          Domain Upper Bound    :  1.53846E+00

 -- Grid initialized.

[SHTns 3.4.5] built Apr 30 2021, 15:49:24, id: avx2,ishioka
        Lmax=511, Mmax*Mres=511, Mres=1, Nlm=131328  [1 threads, orthonormalized]
        => using FFTW : Mmax=511, Nphi=1536, Nlat=768  (data layout : phi_inc=768, theta_inc=1, phi_embed=1536)
        => using Gauss nodes
        + polar optimization threshold = 1.0e-08
        finding optimal algorithm........
        + SHT accuracy = 5.85e-13
        => SHTns is ready.
 -- Initalizing Reference State...
 ---- Specified parameters:
 ---- Reference type           :  Boussinesq (Non-dimensional)
 ---- Rayleigh Number          :  1.00000E+05
 ---- Ekman Number             :  1.00000E-03
 ---- Prandtl Number           :  1.00000E+00
 ---- Magnetic Prandtl Number  :  5.00000E+00
 -- Reference State initialized.

 -- Initializing Fields...
 ---- Specified parameters:
 ---- Hydro Init Type    : Benchmark (Christensen et al. 2001)
 ---- Magnetic Init Type : Benchmark (Christensen et al. 2001)
 -- Fields initialized.

 Initialization Complete.
 //////////////////////////////////////

 Timestep has changed from  0.00000E+00 to  1.00000E-04.
 Iteration:  00000001   DeltaT:  1.000E-04   Iter/sec:  0.000E+00
 Timestep has changed from  1.00000E-04 to  2.55562E-06.
 Iteration:  00000002   DeltaT:  2.556E-06   Iter/sec:  1.178E-01
 Iteration:  00000003   DeltaT:  2.556E-06   Iter/sec:  1.449E+00
 Iteration:  00000004   DeltaT:  2.556E-06   Iter/sec:  1.658E+00
 Iteration:  00000005   DeltaT:  2.556E-06   Iter/sec:  1.655E+00
 Iteration:  00000006   DeltaT:  2.556E-06   Iter/sec:  1.658E+00
 Iteration:  00000007   DeltaT:  2.556E-06   Iter/sec:  1.659E+00
 Iteration:  00000008   DeltaT:  2.556E-06   Iter/sec:  1.653E+00
 Iteration:  00000009   DeltaT:  2.556E-06   Iter/sec:  1.655E+00
 Iteration:  00000010   DeltaT:  2.556E-06   Iter/sec:  1.667E+00
 Iteration:  00000011   DeltaT:  2.556E-06   Iter/sec:  1.639E+00
 Iteration:  00000012   DeltaT:  2.556E-06   Iter/sec:  1.652E+00
 Iteration:  00000013   DeltaT:  2.556E-06   Iter/sec:  1.653E+00
 Iteration:  00000014   DeltaT:  2.556E-06   Iter/sec:  1.651E+00
 Iteration:  00000015   DeltaT:  2.556E-06   Iter/sec:  1.655E+00
 Iteration:  00000016   DeltaT:  2.556E-06   Iter/sec:  1.669E+00
 Iteration:  00000017   DeltaT:  2.556E-06   Iter/sec:  1.651E+00
 Iteration:  00000018   DeltaT:  2.556E-06   Iter/sec:  1.674E+00
 Iteration:  00000019   DeltaT:  2.556E-06   Iter/sec:  1.646E+00
 Iteration:  00000020   DeltaT:  2.556E-06   Iter/sec:  1.645E+00
 Iteration:  00000021   DeltaT:  2.556E-06   Iter/sec:  1.662E+00
 Iteration:  00000022   DeltaT:  2.556E-06   Iter/sec:  1.653E+00
 Iteration:  00000023   DeltaT:  2.556E-06   Iter/sec:  1.645E+00
 Iteration:  00000024   DeltaT:  2.556E-06   Iter/sec:  1.645E+00
 Iteration:  00000025   DeltaT:  2.556E-06   Iter/sec:  1.654E+00
 Iteration:  00000026   DeltaT:  2.556E-06   Iter/sec:  1.651E+00
 Iteration:  00000027   DeltaT:  2.556E-06   Iter/sec:  1.668E+00
 Iteration:  00000028   DeltaT:  2.556E-06   Iter/sec:  1.629E+00
 Iteration:  00000029   DeltaT:  2.556E-06   Iter/sec:  1.661E+00
 Iteration:  00000030   DeltaT:  2.556E-06   Iter/sec:  1.656E+00
 Iteration:  00000031   DeltaT:  2.556E-06   Iter/sec:  1.654E+00
 Iteration:  00000032   DeltaT:  2.556E-06   Iter/sec:  1.655E+00
 Iteration:  00000033   DeltaT:  2.556E-06   Iter/sec:  1.663E+00
 Iteration:  00000034   DeltaT:  2.556E-06   Iter/sec:  1.655E+00
 Iteration:  00000035   DeltaT:  2.556E-06   Iter/sec:  1.650E+00
 Iteration:  00000036   DeltaT:  2.556E-06   Iter/sec:  1.657E+00
 Iteration:  00000037   DeltaT:  2.556E-06   Iter/sec:  1.666E+00
 Iteration:  00000038   DeltaT:  2.556E-06   Iter/sec:  1.646E+00
 Iteration:  00000039   DeltaT:  2.556E-06   Iter/sec:  1.651E+00
 Iteration:  00000040   DeltaT:  2.556E-06   Iter/sec:  1.655E+00
 Iteration:  00000041   DeltaT:  2.556E-06   Iter/sec:  1.665E+00
 Iteration:  00000042   DeltaT:  2.556E-06   Iter/sec:  1.657E+00
 Iteration:  00000043   DeltaT:  2.556E-06   Iter/sec:  1.638E+00
 Iteration:  00000044   DeltaT:  2.556E-06   Iter/sec:  1.664E+00
 Iteration:  00000045   DeltaT:  2.556E-06   Iter/sec:  1.655E+00
 Iteration:  00000046   DeltaT:  2.556E-06   Iter/sec:  1.659E+00
 Iteration:  00000047   DeltaT:  2.556E-06   Iter/sec:  1.653E+00
 Iteration:  00000048   DeltaT:  2.556E-06   Iter/sec:  1.659E+00
 Iteration:  00000049   DeltaT:  2.556E-06   Iter/sec:  1.656E+00
 Iteration:  00000050   DeltaT:  2.556E-06   Iter/sec:  1.660E+00


//////////////////////////////////////////////
   Measured Timings for Process 0  (seconds)

 Elapsed time:        41.6852
  Column time:         6.0073
     Row time:         8.8234
Legendre time:         3.8040
     FFT time:         1.9330
   Solve time:         0.7590
    rlma time:         0.4097
    rlmb time:         0.1977
  pspace time:         4.5613
  psolve time:         3.2407
    dphi time:         0.2610
captured time:        29.9971

     iter/sec:         1.1995
//////////////////////////////////////////////
