 //////////////////////////////////////
 Initializating Rayleigh...

 -- Initalizing MPI...
 ---- Specified parameters:
 ---- NCPU  :    512
 ---- NPROW :     32
 ---- NPCOL :     16
 -- MPI initialized.


 -- Initalizing Grid...
 ---- Specified parameters ----
 ---- N_R                 :    256
 ---- N_THETA             :    768
 ---- Ell_MAX             :    511
 ---- R_MIN               :  5.38462E-01
 ---- R_MAX               :  1.53846E+00
 ---- Chebyshev Domains   :      1

        Domain 1
          Grid points           :  256
          Dealiased Polynomials :  170
          Domain Lower Bound    :  5.38462E-01
          Domain Upper Bound    :  1.53846E+00

 -- Grid initialized.

[SHTns 3.4.5] built Apr 30 2021, 15:49:24, id: avx2,ishioka
        Lmax=511, Mmax*Mres=511, Mres=1, Nlm=131328  [1 threads, orthonormalized]
        => using FFTW : Mmax=511, Nphi=1536, Nlat=768  (data layout : phi_inc=768, theta_inc=1, phi_embed=1536)
        => using Gauss nodes
        + polar optimization threshold = 1.0e-08
        finding optimal algorithm........
        + SHT accuracy = 3.23e-13
        => SHTns is ready.
 -- Initalizing Reference State...
 ---- Specified parameters:
 ---- Reference type           :  Boussinesq (Non-dimensional)
 ---- Rayleigh Number          :  1.00000E+05
 ---- Ekman Number             :  1.00000E-03
 ---- Prandtl Number           :  1.00000E+00
 ---- Magnetic Prandtl Number  :  5.00000E+00
 -- Reference State initialized.

 -- Initializing Fields...
 ---- Specified parameters:
 ---- Hydro Init Type    : Benchmark (Christensen et al. 2001)
 ---- Magnetic Init Type : Benchmark (Christensen et al. 2001)
 -- Fields initialized.

 Initialization Complete.
 //////////////////////////////////////

 Timestep has changed from  0.00000E+00 to  1.00000E-04.
 Iteration:  00000001   DeltaT:  1.000E-04   Iter/sec:  0.000E+00
 Timestep has changed from  1.00000E-04 to  6.38929E-07.
 Iteration:  00000002   DeltaT:  6.389E-07   Iter/sec:  9.659E-02
 Iteration:  00000003   DeltaT:  6.389E-07   Iter/sec:  3.632E-01
 Iteration:  00000004   DeltaT:  6.389E-07   Iter/sec:  7.053E-01
 Iteration:  00000005   DeltaT:  6.389E-07   Iter/sec:  7.019E-01
 Iteration:  00000006   DeltaT:  6.389E-07   Iter/sec:  7.120E-01
 Iteration:  00000007   DeltaT:  6.389E-07   Iter/sec:  7.138E-01
 Iteration:  00000008   DeltaT:  6.389E-07   Iter/sec:  6.992E-01
 Iteration:  00000009   DeltaT:  6.389E-07   Iter/sec:  7.228E-01
 Iteration:  00000010   DeltaT:  6.389E-07   Iter/sec:  6.845E-01
 Iteration:  00000011   DeltaT:  6.389E-07   Iter/sec:  7.142E-01
 Iteration:  00000012   DeltaT:  6.389E-07   Iter/sec:  7.288E-01
 Iteration:  00000013   DeltaT:  6.389E-07   Iter/sec:  6.840E-01
 Iteration:  00000014   DeltaT:  6.389E-07   Iter/sec:  7.002E-01
 Iteration:  00000015   DeltaT:  6.389E-07   Iter/sec:  7.347E-01
 Iteration:  00000016   DeltaT:  6.389E-07   Iter/sec:  6.978E-01
 Iteration:  00000017   DeltaT:  6.389E-07   Iter/sec:  7.311E-01
 Iteration:  00000018   DeltaT:  6.389E-07   Iter/sec:  7.072E-01
 Iteration:  00000019   DeltaT:  6.389E-07   Iter/sec:  6.946E-01
 Iteration:  00000020   DeltaT:  6.389E-07   Iter/sec:  7.157E-01
 Iteration:  00000021   DeltaT:  6.389E-07   Iter/sec:  6.994E-01
 Iteration:  00000022   DeltaT:  6.389E-07   Iter/sec:  7.180E-01
 Iteration:  00000023   DeltaT:  6.389E-07   Iter/sec:  7.041E-01
 Iteration:  00000024   DeltaT:  6.389E-07   Iter/sec:  7.390E-01
 Iteration:  00000025   DeltaT:  6.389E-07   Iter/sec:  6.902E-01
 Iteration:  00000026   DeltaT:  6.389E-07   Iter/sec:  7.024E-01
 Iteration:  00000027   DeltaT:  6.389E-07   Iter/sec:  7.045E-01
 Iteration:  00000028   DeltaT:  6.389E-07   Iter/sec:  7.048E-01
 Iteration:  00000029   DeltaT:  6.389E-07   Iter/sec:  7.179E-01
 Iteration:  00000030   DeltaT:  6.389E-07   Iter/sec:  7.007E-01
 Iteration:  00000031   DeltaT:  6.389E-07   Iter/sec:  7.011E-01
 Iteration:  00000032   DeltaT:  6.389E-07   Iter/sec:  7.159E-01
 Iteration:  00000033   DeltaT:  6.389E-07   Iter/sec:  7.070E-01
 Iteration:  00000034   DeltaT:  6.389E-07   Iter/sec:  7.058E-01
 Iteration:  00000035   DeltaT:  6.389E-07   Iter/sec:  6.995E-01
 Iteration:  00000036   DeltaT:  6.389E-07   Iter/sec:  7.188E-01
 Iteration:  00000037   DeltaT:  6.389E-07   Iter/sec:  6.892E-01
 Iteration:  00000038   DeltaT:  6.389E-07   Iter/sec:  7.134E-01
 Iteration:  00000039   DeltaT:  6.389E-07   Iter/sec:  7.046E-01
 Iteration:  00000040   DeltaT:  6.389E-07   Iter/sec:  7.064E-01
 Iteration:  00000041   DeltaT:  6.389E-07   Iter/sec:  7.057E-01
 Iteration:  00000042   DeltaT:  6.389E-07   Iter/sec:  7.041E-01
 Iteration:  00000043   DeltaT:  6.389E-07   Iter/sec:  7.181E-01
 Iteration:  00000044   DeltaT:  6.389E-07   Iter/sec:  6.935E-01
 Iteration:  00000045   DeltaT:  6.389E-07   Iter/sec:  7.108E-01
 Iteration:  00000046   DeltaT:  6.389E-07   Iter/sec:  7.202E-01
 Iteration:  00000047   DeltaT:  6.389E-07   Iter/sec:  7.057E-01
 Iteration:  00000048   DeltaT:  6.389E-07   Iter/sec:  7.290E-01
 Iteration:  00000049   DeltaT:  6.389E-07   Iter/sec:  6.934E-01
 Iteration:  00000050   DeltaT:  6.389E-07   Iter/sec:  7.059E-01


//////////////////////////////////////////////
   Measured Timings for Process 0  (seconds)

 Elapsed time:        73.3049
  Column time:        16.0608
     Row time:        21.8801
Legendre time:         7.5287
     FFT time:         3.8587
   Solve time:         3.7742
    rlma time:         1.4917
    rlmb time:         0.6545
  pspace time:         7.7358
  psolve time:         9.2285
    dphi time:         0.2765
captured time:        72.4896

     iter/sec:         0.6821
//////////////////////////////////////////////
