 //////////////////////////////////////
 Initializating Rayleigh...

 -- Initalizing MPI...
 ---- Specified parameters:
 ---- NCPU  :    512
 ---- NPROW :     16
 ---- NPCOL :     32
 -- MPI initialized.


 -- Initalizing Grid...
 ---- Specified parameters ----
 ---- N_R                 :    128
 ---- N_THETA             :    384
 ---- Ell_MAX             :    255
 ---- R_MIN               :  5.38462E-01
 ---- R_MAX               :  1.53846E+00
 ---- Chebyshev Domains   :      1

        Domain 1
          Grid points           :  128
          Dealiased Polynomials :  85
          Domain Lower Bound    :  5.38462E-01
          Domain Upper Bound    :  1.53846E+00

 -- Grid initialized.

[SHTns 3.4.5] built Apr 30 2021, 15:49:24, id: avx2,ishioka
        Lmax=255, Mmax*Mres=255, Mres=1, Nlm=32896  [1 threads, orthonormalized]
        => using FFTW : Mmax=255, Nphi=768, Nlat=384  (data layout : phi_inc=384, theta_inc=1, phi_embed=768)
        => using Gauss nodes
        + polar optimization threshold = 1.0e-08
        finding optimal algorithm..........
        + SHT accuracy = 1.05e-12
        => SHTns is ready.
 -- Initalizing Reference State...
 ---- Specified parameters:
 ---- Reference type           :  Boussinesq (Non-dimensional)
 ---- Rayleigh Number          :  1.00000E+05
 ---- Ekman Number             :  1.00000E-03
 ---- Prandtl Number           :  1.00000E+00
 ---- Magnetic Prandtl Number  :  5.00000E+00
 -- Reference State initialized.

 -- Initializing Fields...
 ---- Specified parameters:
 ---- Hydro Init Type    : Benchmark (Christensen et al. 2001)
 ---- Magnetic Init Type : Benchmark (Christensen et al. 2001)
 -- Fields initialized.

 Initialization Complete.
 //////////////////////////////////////

 Timestep has changed from  0.00000E+00 to  1.00000E-04.
 Iteration:  00000001   DeltaT:  1.000E-04   Iter/sec:  0.000E+00
 Timestep has changed from  1.00000E-04 to  2.55566E-06.
 Iteration:  00000002   DeltaT:  2.556E-06   Iter/sec:  1.075E-01
 Iteration:  00000003   DeltaT:  2.556E-06   Iter/sec:  5.303E+00
 Iteration:  00000004   DeltaT:  2.556E-06   Iter/sec:  7.344E+00
 Iteration:  00000005   DeltaT:  2.556E-06   Iter/sec:  7.184E+00
 Iteration:  00000006   DeltaT:  2.556E-06   Iter/sec:  7.400E+00
 Iteration:  00000007   DeltaT:  2.556E-06   Iter/sec:  7.400E+00
 Iteration:  00000008   DeltaT:  2.556E-06   Iter/sec:  7.309E+00
 Iteration:  00000009   DeltaT:  2.556E-06   Iter/sec:  7.285E+00
 Iteration:  00000010   DeltaT:  2.556E-06   Iter/sec:  7.467E+00
 Iteration:  00000011   DeltaT:  2.556E-06   Iter/sec:  7.384E+00
 Iteration:  00000012   DeltaT:  2.556E-06   Iter/sec:  7.379E+00
 Iteration:  00000013   DeltaT:  2.556E-06   Iter/sec:  7.177E+00
 Iteration:  00000014   DeltaT:  2.556E-06   Iter/sec:  7.563E+00
 Iteration:  00000015   DeltaT:  2.556E-06   Iter/sec:  7.249E+00
 Iteration:  00000016   DeltaT:  2.556E-06   Iter/sec:  7.437E+00
 Iteration:  00000017   DeltaT:  2.556E-06   Iter/sec:  7.257E+00
 Iteration:  00000018   DeltaT:  2.556E-06   Iter/sec:  7.502E+00
 Iteration:  00000019   DeltaT:  2.556E-06   Iter/sec:  7.451E+00
 Iteration:  00000020   DeltaT:  2.556E-06   Iter/sec:  7.410E+00
 Iteration:  00000021   DeltaT:  2.556E-06   Iter/sec:  7.372E+00
 Iteration:  00000022   DeltaT:  2.556E-06   Iter/sec:  7.316E+00
 Iteration:  00000023   DeltaT:  2.556E-06   Iter/sec:  7.539E+00
 Iteration:  00000024   DeltaT:  2.556E-06   Iter/sec:  7.398E+00
 Iteration:  00000025   DeltaT:  2.556E-06   Iter/sec:  7.571E+00
 Iteration:  00000026   DeltaT:  2.556E-06   Iter/sec:  7.347E+00
 Iteration:  00000027   DeltaT:  2.556E-06   Iter/sec:  7.681E+00
 Iteration:  00000028   DeltaT:  2.556E-06   Iter/sec:  7.260E+00
 Iteration:  00000029   DeltaT:  2.556E-06   Iter/sec:  7.720E+00
 Iteration:  00000030   DeltaT:  2.556E-06   Iter/sec:  7.446E+00
 Iteration:  00000031   DeltaT:  2.556E-06   Iter/sec:  7.342E+00
 Iteration:  00000032   DeltaT:  2.556E-06   Iter/sec:  7.526E+00
 Iteration:  00000033   DeltaT:  2.556E-06   Iter/sec:  7.413E+00
 Iteration:  00000034   DeltaT:  2.556E-06   Iter/sec:  7.782E+00
 Iteration:  00000035   DeltaT:  2.556E-06   Iter/sec:  7.568E+00
 Iteration:  00000036   DeltaT:  2.556E-06   Iter/sec:  7.742E+00
 Iteration:  00000037   DeltaT:  2.556E-06   Iter/sec:  7.498E+00
 Iteration:  00000038   DeltaT:  2.556E-06   Iter/sec:  7.555E+00
 Iteration:  00000039   DeltaT:  2.556E-06   Iter/sec:  7.430E+00
 Iteration:  00000040   DeltaT:  2.556E-06   Iter/sec:  7.482E+00
 Iteration:  00000041   DeltaT:  2.556E-06   Iter/sec:  7.559E+00
 Iteration:  00000042   DeltaT:  2.556E-06   Iter/sec:  7.547E+00
 Iteration:  00000043   DeltaT:  2.556E-06   Iter/sec:  7.713E+00
 Iteration:  00000044   DeltaT:  2.556E-06   Iter/sec:  7.416E+00
 Iteration:  00000045   DeltaT:  2.556E-06   Iter/sec:  7.499E+00
 Iteration:  00000046   DeltaT:  2.556E-06   Iter/sec:  7.604E+00
 Iteration:  00000047   DeltaT:  2.556E-06   Iter/sec:  7.703E+00
 Iteration:  00000048   DeltaT:  2.556E-06   Iter/sec:  7.516E+00
 Iteration:  00000049   DeltaT:  2.556E-06   Iter/sec:  7.499E+00
 Iteration:  00000050   DeltaT:  2.556E-06   Iter/sec:  7.603E+00


//////////////////////////////////////////////
   Measured Timings for Process 0  (seconds)

 Elapsed time:         6.7944
  Column time:         1.5030
     Row time:         2.1006
Legendre time:         0.4967
     FFT time:         0.4794
   Solve time:         0.3057
    rlma time:         0.0915
    rlmb time:         0.0376
  pspace time:         0.9669
  psolve time:         0.6808
    dphi time:         0.0670
captured time:         6.7292

     iter/sec:         7.3591
//////////////////////////////////////////////
