 //////////////////////////////////////
 Initializating Rayleigh...

 -- Initalizing MPI...
 ---- Specified parameters:
 ---- NCPU  :     64
 ---- NPROW :      8
 ---- NPCOL :      8
 -- MPI initialized.


 -- Initalizing Grid...
 ---- Specified parameters ----
 ---- N_R                 :     64
 ---- N_THETA             :    192
 ---- Ell_MAX             :    127
 ---- R_MIN               :  5.38462E-01
 ---- R_MAX               :  1.53846E+00
 ---- Chebyshev Domains   :      1

        Domain 1
          Grid points           :  64
          Dealiased Polynomials :  42
          Domain Lower Bound    :  5.38462E-01
          Domain Upper Bound    :  1.53846E+00

 -- Grid initialized.

[SHTns 3.4.5] built Apr 30 2021, 15:49:24, id: avx2,ishioka
        Lmax=127, Mmax*Mres=127, Mres=1, Nlm=8256  [1 threads, orthonormalized]
        => using FFTW : Mmax=127, Nphi=384, Nlat=192  (data layout : phi_inc=192, theta_inc=1, phi_embed=384)
        => using Gauss nodes
        + polar optimization threshold = 1.0e-08
        finding optimal algorithm........
        + SHT accuracy = 4.5e-14
        => SHTns is ready.
 -- Initalizing Reference State...
 ---- Specified parameters:
 ---- Reference type           :  Boussinesq (Non-dimensional)
 ---- Rayleigh Number          :  1.00000E+05
 ---- Ekman Number             :  1.00000E-03
 ---- Prandtl Number           :  1.00000E+00
 ---- Magnetic Prandtl Number  :  5.00000E+00
 -- Reference State initialized.

 -- Initializing Fields...
 ---- Specified parameters:
 ---- Hydro Init Type    : Benchmark (Christensen et al. 2001)
 ---- Magnetic Init Type : Benchmark (Christensen et al. 2001)
 -- Fields initialized.

 Initialization Complete.
 //////////////////////////////////////

 Timestep has changed from  0.00000E+00 to  1.00000E-04.
 Iteration:  00000001   DeltaT:  1.000E-04   Iter/sec:  0.000E+00
 Timestep has changed from  1.00000E-04 to  1.02217E-05.
 Iteration:  00000002   DeltaT:  1.022E-05   Iter/sec:  2.426E-01
 Iteration:  00000003   DeltaT:  1.022E-05   Iter/sec:  7.880E+00
 Iteration:  00000004   DeltaT:  1.022E-05   Iter/sec:  9.131E+00
 Iteration:  00000005   DeltaT:  1.022E-05   Iter/sec:  9.101E+00
 Iteration:  00000006   DeltaT:  1.022E-05   Iter/sec:  9.115E+00
 Iteration:  00000007   DeltaT:  1.022E-05   Iter/sec:  9.340E+00
 Iteration:  00000008   DeltaT:  1.022E-05   Iter/sec:  9.155E+00
 Iteration:  00000009   DeltaT:  1.022E-05   Iter/sec:  9.111E+00
 Iteration:  00000010   DeltaT:  1.022E-05   Iter/sec:  8.919E+00
 Iteration:  00000011   DeltaT:  1.022E-05   Iter/sec:  9.022E+00
 Iteration:  00000012   DeltaT:  1.022E-05   Iter/sec:  9.356E+00
 Iteration:  00000013   DeltaT:  1.022E-05   Iter/sec:  9.189E+00
 Iteration:  00000014   DeltaT:  1.022E-05   Iter/sec:  9.128E+00
 Iteration:  00000015   DeltaT:  1.022E-05   Iter/sec:  9.284E+00
 Iteration:  00000016   DeltaT:  1.022E-05   Iter/sec:  9.390E+00
 Iteration:  00000017   DeltaT:  1.022E-05   Iter/sec:  9.426E+00
 Iteration:  00000018   DeltaT:  1.022E-05   Iter/sec:  9.264E+00
 Iteration:  00000019   DeltaT:  1.022E-05   Iter/sec:  9.451E+00
 Iteration:  00000020   DeltaT:  1.022E-05   Iter/sec:  9.609E+00
 Iteration:  00000021   DeltaT:  1.022E-05   Iter/sec:  9.535E+00
 Iteration:  00000022   DeltaT:  1.022E-05   Iter/sec:  9.573E+00
 Iteration:  00000023   DeltaT:  1.022E-05   Iter/sec:  9.572E+00
 Iteration:  00000024   DeltaT:  1.022E-05   Iter/sec:  9.556E+00
 Iteration:  00000025   DeltaT:  1.022E-05   Iter/sec:  9.664E+00
 Iteration:  00000026   DeltaT:  1.022E-05   Iter/sec:  9.265E+00
 Iteration:  00000027   DeltaT:  1.022E-05   Iter/sec:  9.364E+00
 Iteration:  00000028   DeltaT:  1.022E-05   Iter/sec:  9.417E+00
 Iteration:  00000029   DeltaT:  1.022E-05   Iter/sec:  9.144E+00
 Iteration:  00000030   DeltaT:  1.022E-05   Iter/sec:  9.490E+00
 Iteration:  00000031   DeltaT:  1.022E-05   Iter/sec:  9.526E+00
 Iteration:  00000032   DeltaT:  1.022E-05   Iter/sec:  9.686E+00
 Iteration:  00000033   DeltaT:  1.022E-05   Iter/sec:  9.513E+00
 Iteration:  00000034   DeltaT:  1.022E-05   Iter/sec:  9.643E+00
 Iteration:  00000035   DeltaT:  1.022E-05   Iter/sec:  9.546E+00
 Iteration:  00000036   DeltaT:  1.022E-05   Iter/sec:  9.558E+00
 Iteration:  00000037   DeltaT:  1.022E-05   Iter/sec:  9.590E+00
 Iteration:  00000038   DeltaT:  1.022E-05   Iter/sec:  9.672E+00
 Iteration:  00000039   DeltaT:  1.022E-05   Iter/sec:  9.687E+00
 Iteration:  00000040   DeltaT:  1.022E-05   Iter/sec:  9.624E+00
 Iteration:  00000041   DeltaT:  1.022E-05   Iter/sec:  9.701E+00
 Iteration:  00000042   DeltaT:  1.022E-05   Iter/sec:  9.649E+00
 Iteration:  00000043   DeltaT:  1.022E-05   Iter/sec:  9.614E+00
 Iteration:  00000044   DeltaT:  1.022E-05   Iter/sec:  9.568E+00
 Iteration:  00000045   DeltaT:  1.022E-05   Iter/sec:  9.429E+00
 Iteration:  00000046   DeltaT:  1.022E-05   Iter/sec:  9.681E+00
 Iteration:  00000047   DeltaT:  1.022E-05   Iter/sec:  9.621E+00
 Iteration:  00000048   DeltaT:  1.022E-05   Iter/sec:  9.587E+00
 Iteration:  00000049   DeltaT:  1.022E-05   Iter/sec:  9.636E+00
 Iteration:  00000050   DeltaT:  1.022E-05   Iter/sec:  9.715E+00


//////////////////////////////////////////////
   Measured Timings for Process 0  (seconds)

 Elapsed time:         5.3343
  Column time:         0.5625
     Row time:         2.0064
Legendre time:         0.3700
     FFT time:         0.5027
   Solve time:         0.1562
    rlma time:         0.0869
    rlmb time:         0.0360
  pspace time:         0.8656
  psolve time:         0.6272
    dphi time:         0.0618
captured time:         5.2752

     iter/sec:         9.3733
//////////////////////////////////////////////
