 //////////////////////////////////////
 Initializating Rayleigh...

 -- Initalizing MPI...
 ---- Specified parameters:
 ---- NCPU  :   1024
 ---- NPROW :     16
 ---- NPCOL :     64
 -- MPI initialized.


 -- Initalizing Grid...
 ---- Specified parameters ----
 ---- N_R                 :    512
 ---- N_THETA             :   1536
 ---- Ell_MAX             :   1023
 ---- R_MIN               :  5.38462E-01
 ---- R_MAX               :  1.53846E+00
 ---- Chebyshev Domains   :      1

        Domain 1
          Grid points           :  512
          Dealiased Polynomials :  341
          Domain Lower Bound    :  5.38462E-01
          Domain Upper Bound    :  1.53846E+00

 -- Grid initialized.

[SHTns 3.4.5] built Apr 30 2021, 15:49:24, id: avx2,ishioka
        Lmax=1023, Mmax*Mres=1023, Mres=1, Nlm=524800  [1 threads, orthonormalized]
        => using FFTW : Mmax=1023, Nphi=3072, Nlat=1536  (data layout : phi_inc=1536, theta_inc=1, phi_embed=3072)
        => using Gauss nodes
        + polar optimization threshold = 1.0e-08
        finding optimal algorithm...
        + SHT accuracy = 1.09e-12
        => SHTns is ready.
 -- Initalizing Reference State...
 ---- Specified parameters:
 ---- Reference type           :  Boussinesq (Non-dimensional)
 ---- Rayleigh Number          :  1.00000E+05
 ---- Ekman Number             :  1.00000E-03
 ---- Prandtl Number           :  1.00000E+00
 ---- Magnetic Prandtl Number  :  5.00000E+00
 -- Reference State initialized.

 -- Initializing Fields...
 ---- Specified parameters:
 ---- Hydro Init Type    : Benchmark (Christensen et al. 2001)
 ---- Magnetic Init Type : Benchmark (Christensen et al. 2001)
 -- Fields initialized.

 Initialization Complete.
 //////////////////////////////////////

 Timestep has changed from  0.00000E+00 to  1.00000E-04.
 Iteration:  00000001   DeltaT:  1.000E-04   Iter/sec:  0.000E+00
 Timestep has changed from  1.00000E-04 to  1.59733E-07.
 Iteration:  00000002   DeltaT:  1.597E-07   Iter/sec:  4.017E-02
 Iteration:  00000003   DeltaT:  1.597E-07   Iter/sec:  7.769E-02
 Iteration:  00000004   DeltaT:  1.597E-07   Iter/sec:  1.417E-01
 Iteration:  00000005   DeltaT:  1.597E-07   Iter/sec:  1.444E-01
 Iteration:  00000006   DeltaT:  1.597E-07   Iter/sec:  1.433E-01
 Iteration:  00000007   DeltaT:  1.597E-07   Iter/sec:  1.437E-01
 Iteration:  00000008   DeltaT:  1.597E-07   Iter/sec:  1.426E-01
 Iteration:  00000009   DeltaT:  1.597E-07   Iter/sec:  1.464E-01
 Iteration:  00000010   DeltaT:  1.597E-07   Iter/sec:  1.431E-01
 Iteration:  00000011   DeltaT:  1.597E-07   Iter/sec:  1.436E-01
 Iteration:  00000012   DeltaT:  1.597E-07   Iter/sec:  1.441E-01
 Iteration:  00000013   DeltaT:  1.597E-07   Iter/sec:  1.428E-01
 Iteration:  00000014   DeltaT:  1.597E-07   Iter/sec:  1.449E-01
 Iteration:  00000015   DeltaT:  1.597E-07   Iter/sec:  1.435E-01
 Iteration:  00000016   DeltaT:  1.597E-07   Iter/sec:  1.440E-01
 Iteration:  00000017   DeltaT:  1.597E-07   Iter/sec:  1.451E-01
 Iteration:  00000018   DeltaT:  1.597E-07   Iter/sec:  1.443E-01
 Iteration:  00000019   DeltaT:  1.597E-07   Iter/sec:  1.427E-01
 Iteration:  00000020   DeltaT:  1.597E-07   Iter/sec:  1.451E-01
 Iteration:  00000021   DeltaT:  1.597E-07   Iter/sec:  1.420E-01
 Iteration:  00000022   DeltaT:  1.597E-07   Iter/sec:  1.456E-01
 Iteration:  00000023   DeltaT:  1.597E-07   Iter/sec:  1.446E-01
 Iteration:  00000024   DeltaT:  1.597E-07   Iter/sec:  1.443E-01
 Iteration:  00000025   DeltaT:  1.597E-07   Iter/sec:  1.438E-01
 Iteration:  00000026   DeltaT:  1.597E-07   Iter/sec:  1.450E-01
 Iteration:  00000027   DeltaT:  1.597E-07   Iter/sec:  1.427E-01
 Iteration:  00000028   DeltaT:  1.597E-07   Iter/sec:  1.448E-01
 Iteration:  00000029   DeltaT:  1.597E-07   Iter/sec:  1.431E-01
 Iteration:  00000030   DeltaT:  1.597E-07   Iter/sec:  1.441E-01
 Iteration:  00000031   DeltaT:  1.597E-07   Iter/sec:  1.433E-01
 Iteration:  00000032   DeltaT:  1.597E-07   Iter/sec:  1.444E-01
 Iteration:  00000033   DeltaT:  1.597E-07   Iter/sec:  1.441E-01
 Iteration:  00000034   DeltaT:  1.597E-07   Iter/sec:  1.437E-01
 Iteration:  00000035   DeltaT:  1.597E-07   Iter/sec:  1.437E-01
 Iteration:  00000036   DeltaT:  1.597E-07   Iter/sec:  1.447E-01
 Iteration:  00000037   DeltaT:  1.597E-07   Iter/sec:  1.446E-01
 Iteration:  00000038   DeltaT:  1.597E-07   Iter/sec:  1.434E-01
 Iteration:  00000039   DeltaT:  1.597E-07   Iter/sec:  1.433E-01
 Iteration:  00000040   DeltaT:  1.597E-07   Iter/sec:  1.429E-01
 Iteration:  00000041   DeltaT:  1.597E-07   Iter/sec:  1.440E-01
 Iteration:  00000042   DeltaT:  1.597E-07   Iter/sec:  1.434E-01
 Iteration:  00000043   DeltaT:  1.597E-07   Iter/sec:  1.439E-01
 Iteration:  00000044   DeltaT:  1.597E-07   Iter/sec:  1.438E-01
 Iteration:  00000045   DeltaT:  1.597E-07   Iter/sec:  1.429E-01
 Iteration:  00000046   DeltaT:  1.597E-07   Iter/sec:  1.440E-01
 Iteration:  00000047   DeltaT:  1.597E-07   Iter/sec:  1.421E-01
 Iteration:  00000048   DeltaT:  1.597E-07   Iter/sec:  1.463E-01
 Iteration:  00000049   DeltaT:  1.597E-07   Iter/sec:  1.428E-01
 Iteration:  00000050   DeltaT:  1.597E-07   Iter/sec:  1.459E-01


//////////////////////////////////////////////
   Measured Timings for Process 0  (seconds)

 Elapsed time:       359.3935
  Column time:        89.6646
     Row time:        91.3371
Legendre time:        51.3161
     FFT time:        16.9345
   Solve time:        16.9677
    rlma time:         6.0246
    rlmb time:         2.4579
  pspace time:        35.0837
  psolve time:        42.7673
    dphi time:         1.9826
captured time:       354.5361

     iter/sec:         0.1391
//////////////////////////////////////////////
