 //////////////////////////////////////
 Initializating Rayleigh...

 -- Initalizing MPI...
 ---- Specified parameters:
 ---- NCPU  :   4096
 ---- NPROW :     32
 ---- NPCOL :    128
 -- MPI initialized.


 -- Initalizing Grid...
 ---- Specified parameters ----
 ---- N_R                 :    512
 ---- N_THETA             :   1536
 ---- Ell_MAX             :   1023
 ---- R_MIN               :  5.38462E-01
 ---- R_MAX               :  1.53846E+00
 ---- Chebyshev Domains   :      1

        Domain 1
          Grid points           :  512
          Dealiased Polynomials :  341
          Domain Lower Bound    :  5.38462E-01
          Domain Upper Bound    :  1.53846E+00

 -- Grid initialized.

[SHTns 3.4.5] built Apr 30 2021, 15:49:24, id: avx2,ishioka
        Lmax=1023, Mmax*Mres=1023, Mres=1, Nlm=524800  [1 threads, orthonormalized]
        => using FFTW : Mmax=1023, Nphi=3072, Nlat=1536  (data layout : phi_inc=1536, theta_inc=1, phi_embed=3072)
        => using Gauss nodes
        + polar optimization threshold = 1.0e-08
        finding optimal algorithm...
        + SHT accuracy = 1.24e-12
        => SHTns is ready.
 -- Initalizing Reference State...
 ---- Specified parameters:
 ---- Reference type           :  Boussinesq (Non-dimensional)
 ---- Rayleigh Number          :  1.00000E+05
 ---- Ekman Number             :  1.00000E-03
 ---- Prandtl Number           :  1.00000E+00
 ---- Magnetic Prandtl Number  :  5.00000E+00
 -- Reference State initialized.

 -- Initializing Fields...
 ---- Specified parameters:
 ---- Hydro Init Type    : Benchmark (Christensen et al. 2001)
 ---- Magnetic Init Type : Benchmark (Christensen et al. 2001)
 -- Fields initialized.

 Initialization Complete.
 //////////////////////////////////////

 Timestep has changed from  0.00000E+00 to  1.00000E-04.
 Iteration:  00000001   DeltaT:  1.000E-04   Iter/sec:  0.000E+00
 Timestep has changed from  1.00000E-04 to  1.59733E-07.
 Iteration:  00000002   DeltaT:  1.597E-07   Iter/sec:  6.806E-02
 Iteration:  00000003   DeltaT:  1.597E-07   Iter/sec:  1.922E-01
 Iteration:  00000004   DeltaT:  1.597E-07   Iter/sec:  4.981E-01
 Iteration:  00000005   DeltaT:  1.597E-07   Iter/sec:  4.807E-01
 Iteration:  00000006   DeltaT:  1.597E-07   Iter/sec:  4.791E-01
 Iteration:  00000007   DeltaT:  1.597E-07   Iter/sec:  4.913E-01
 Iteration:  00000008   DeltaT:  1.597E-07   Iter/sec:  4.939E-01
 Iteration:  00000009   DeltaT:  1.597E-07   Iter/sec:  5.004E-01
 Iteration:  00000010   DeltaT:  1.597E-07   Iter/sec:  4.907E-01
 Iteration:  00000011   DeltaT:  1.597E-07   Iter/sec:  4.968E-01
 Iteration:  00000012   DeltaT:  1.597E-07   Iter/sec:  4.937E-01
 Iteration:  00000013   DeltaT:  1.597E-07   Iter/sec:  4.756E-01
 Iteration:  00000014   DeltaT:  1.597E-07   Iter/sec:  5.070E-01
 Iteration:  00000015   DeltaT:  1.597E-07   Iter/sec:  4.865E-01
 Iteration:  00000016   DeltaT:  1.597E-07   Iter/sec:  5.000E-01
 Iteration:  00000017   DeltaT:  1.597E-07   Iter/sec:  4.966E-01
 Iteration:  00000018   DeltaT:  1.597E-07   Iter/sec:  4.910E-01
 Iteration:  00000019   DeltaT:  1.597E-07   Iter/sec:  4.936E-01
 Iteration:  00000020   DeltaT:  1.597E-07   Iter/sec:  4.779E-01
 Iteration:  00000021   DeltaT:  1.597E-07   Iter/sec:  4.832E-01
 Iteration:  00000022   DeltaT:  1.597E-07   Iter/sec:  4.995E-01
 Iteration:  00000023   DeltaT:  1.597E-07   Iter/sec:  4.856E-01
 Iteration:  00000024   DeltaT:  1.597E-07   Iter/sec:  5.052E-01
 Iteration:  00000025   DeltaT:  1.597E-07   Iter/sec:  4.936E-01
 Iteration:  00000026   DeltaT:  1.597E-07   Iter/sec:  4.952E-01
 Iteration:  00000027   DeltaT:  1.597E-07   Iter/sec:  4.946E-01
 Iteration:  00000028   DeltaT:  1.597E-07   Iter/sec:  4.903E-01
 Iteration:  00000029   DeltaT:  1.597E-07   Iter/sec:  4.962E-01
 Iteration:  00000030   DeltaT:  1.597E-07   Iter/sec:  5.011E-01
 Iteration:  00000031   DeltaT:  1.597E-07   Iter/sec:  4.922E-01
 Iteration:  00000032   DeltaT:  1.597E-07   Iter/sec:  4.765E-01
 Iteration:  00000033   DeltaT:  1.597E-07   Iter/sec:  4.844E-01
 Iteration:  00000034   DeltaT:  1.597E-07   Iter/sec:  4.844E-01
 Iteration:  00000035   DeltaT:  1.597E-07   Iter/sec:  4.870E-01
 Iteration:  00000036   DeltaT:  1.597E-07   Iter/sec:  4.807E-01
 Iteration:  00000037   DeltaT:  1.597E-07   Iter/sec:  5.012E-01
 Iteration:  00000038   DeltaT:  1.597E-07   Iter/sec:  4.697E-01
 Iteration:  00000039   DeltaT:  1.597E-07   Iter/sec:  5.023E-01
 Iteration:  00000040   DeltaT:  1.597E-07   Iter/sec:  4.990E-01
 Iteration:  00000041   DeltaT:  1.597E-07   Iter/sec:  4.976E-01
 Iteration:  00000042   DeltaT:  1.597E-07   Iter/sec:  4.932E-01
 Iteration:  00000043   DeltaT:  1.597E-07   Iter/sec:  4.999E-01
 Iteration:  00000044   DeltaT:  1.597E-07   Iter/sec:  4.823E-01
 Iteration:  00000045   DeltaT:  1.597E-07   Iter/sec:  4.747E-01
 Iteration:  00000046   DeltaT:  1.597E-07   Iter/sec:  4.856E-01
 Iteration:  00000047   DeltaT:  1.597E-07   Iter/sec:  4.771E-01
 Iteration:  00000048   DeltaT:  1.597E-07   Iter/sec:  4.832E-01
 Iteration:  00000049   DeltaT:  1.597E-07   Iter/sec:  4.838E-01
 Iteration:  00000050   DeltaT:  1.597E-07   Iter/sec:  4.791E-01


//////////////////////////////////////////////
   Measured Timings for Process 0  (seconds)

 Elapsed time:       108.5257
  Column time:        39.6537
     Row time:        19.6844
Legendre time:        12.8309
     FFT time:         4.2611
   Solve time:         6.6139
    rlma time:         0.9238
    rlmb time:         0.4175
  pspace time:         8.8596
  psolve time:        13.8038
    dphi time:         0.4443
captured time:       107.4931

     iter/sec:         0.4607
//////////////////////////////////////////////
