 //////////////////////////////////////
 Initializating Rayleigh...

 -- Initalizing MPI...
 ---- Specified parameters:
 ---- NCPU  :   4096
 ---- NPROW :     32
 ---- NPCOL :    128
 -- MPI initialized.


 -- Initalizing Grid...
 ---- Specified parameters ----
 ---- N_R                 :    256
 ---- N_THETA             :    768
 ---- Ell_MAX             :    511
 ---- R_MIN               :  5.38462E-01
 ---- R_MAX               :  1.53846E+00
 ---- Chebyshev Domains   :      1

        Domain 1
          Grid points           :  256
          Dealiased Polynomials :  170
          Domain Lower Bound    :  5.38462E-01
          Domain Upper Bound    :  1.53846E+00

 -- Grid initialized.

[SHTns 3.4.5] built Apr 30 2021, 15:49:24, id: avx2,ishioka
        Lmax=511, Mmax*Mres=511, Mres=1, Nlm=131328  [1 threads, orthonormalized]
        => using FFTW : Mmax=511, Nphi=1536, Nlat=768  (data layout : phi_inc=768, theta_inc=1, phi_embed=1536)
        => using Gauss nodes
        + polar optimization threshold = 1.0e-08
        finding optimal algorithm........
        + SHT accuracy = 5.4e-13
        => SHTns is ready.
 -- Initalizing Reference State...
 ---- Specified parameters:
 ---- Reference type           :  Boussinesq (Non-dimensional)
 ---- Rayleigh Number          :  1.00000E+05
 ---- Ekman Number             :  1.00000E-03
 ---- Prandtl Number           :  1.00000E+00
 ---- Magnetic Prandtl Number  :  5.00000E+00
 -- Reference State initialized.

 -- Initializing Fields...
 ---- Specified parameters:
 ---- Hydro Init Type    : Benchmark (Christensen et al. 2001)
 ---- Magnetic Init Type : Benchmark (Christensen et al. 2001)
 -- Fields initialized.

 Initialization Complete.
 //////////////////////////////////////

 Timestep has changed from  0.00000E+00 to  1.00000E-04.
 Iteration:  00000001   DeltaT:  1.000E-04   Iter/sec:  0.000E+00
 Timestep has changed from  1.00000E-04 to  6.38929E-07.
 Iteration:  00000002   DeltaT:  6.389E-07   Iter/sec:  1.177E-01
 Iteration:  00000003   DeltaT:  6.389E-07   Iter/sec:  1.977E+00
 Iteration:  00000004   DeltaT:  6.389E-07   Iter/sec:  4.317E+00
 Iteration:  00000005   DeltaT:  6.389E-07   Iter/sec:  3.948E+00
 Iteration:  00000006   DeltaT:  6.389E-07   Iter/sec:  4.788E+00
 Iteration:  00000007   DeltaT:  6.389E-07   Iter/sec:  4.510E+00
 Iteration:  00000008   DeltaT:  6.389E-07   Iter/sec:  3.951E+00
 Iteration:  00000009   DeltaT:  6.389E-07   Iter/sec:  4.694E+00
 Iteration:  00000010   DeltaT:  6.389E-07   Iter/sec:  4.464E+00
 Iteration:  00000011   DeltaT:  6.389E-07   Iter/sec:  3.859E+00
 Iteration:  00000012   DeltaT:  6.389E-07   Iter/sec:  4.708E+00
 Iteration:  00000013   DeltaT:  6.389E-07   Iter/sec:  4.495E+00
 Iteration:  00000014   DeltaT:  6.389E-07   Iter/sec:  4.292E+00
 Iteration:  00000015   DeltaT:  6.389E-07   Iter/sec:  4.593E+00
 Iteration:  00000016   DeltaT:  6.389E-07   Iter/sec:  4.466E+00
 Iteration:  00000017   DeltaT:  6.389E-07   Iter/sec:  3.486E+00
 Iteration:  00000018   DeltaT:  6.389E-07   Iter/sec:  4.831E+00
 Iteration:  00000019   DeltaT:  6.389E-07   Iter/sec:  4.579E+00
 Iteration:  00000020   DeltaT:  6.389E-07   Iter/sec:  4.014E+00
 Iteration:  00000021   DeltaT:  6.389E-07   Iter/sec:  4.833E+00
 Iteration:  00000022   DeltaT:  6.389E-07   Iter/sec:  4.415E+00
 Iteration:  00000023   DeltaT:  6.389E-07   Iter/sec:  4.408E+00
 Iteration:  00000024   DeltaT:  6.389E-07   Iter/sec:  4.888E+00
 Iteration:  00000025   DeltaT:  6.389E-07   Iter/sec:  4.777E+00
 Iteration:  00000026   DeltaT:  6.389E-07   Iter/sec:  4.173E+00
 Iteration:  00000027   DeltaT:  6.389E-07   Iter/sec:  4.781E+00
 Iteration:  00000028   DeltaT:  6.389E-07   Iter/sec:  4.668E+00
 Iteration:  00000029   DeltaT:  6.389E-07   Iter/sec:  4.827E+00
 Iteration:  00000030   DeltaT:  6.389E-07   Iter/sec:  4.202E+00
 Iteration:  00000031   DeltaT:  6.389E-07   Iter/sec:  4.752E+00
 Iteration:  00000032   DeltaT:  6.389E-07   Iter/sec:  4.646E+00
 Iteration:  00000033   DeltaT:  6.389E-07   Iter/sec:  4.382E+00
 Iteration:  00000034   DeltaT:  6.389E-07   Iter/sec:  4.681E+00
 Iteration:  00000035   DeltaT:  6.389E-07   Iter/sec:  4.546E+00
 Iteration:  00000036   DeltaT:  6.389E-07   Iter/sec:  4.226E+00
 Iteration:  00000037   DeltaT:  6.389E-07   Iter/sec:  4.910E+00
 Iteration:  00000038   DeltaT:  6.389E-07   Iter/sec:  4.695E+00
 Iteration:  00000039   DeltaT:  6.389E-07   Iter/sec:  4.556E+00
 Iteration:  00000040   DeltaT:  6.389E-07   Iter/sec:  4.757E+00
 Iteration:  00000041   DeltaT:  6.389E-07   Iter/sec:  4.795E+00
 Iteration:  00000042   DeltaT:  6.389E-07   Iter/sec:  4.597E+00
 Iteration:  00000043   DeltaT:  6.389E-07   Iter/sec:  4.195E+00
 Iteration:  00000044   DeltaT:  6.389E-07   Iter/sec:  4.865E+00
 Iteration:  00000045   DeltaT:  6.389E-07   Iter/sec:  4.732E+00
 Iteration:  00000046   DeltaT:  6.389E-07   Iter/sec:  4.447E+00
 Iteration:  00000047   DeltaT:  6.389E-07   Iter/sec:  4.779E+00
 Iteration:  00000048   DeltaT:  6.389E-07   Iter/sec:  4.320E+00
 Iteration:  00000049   DeltaT:  6.389E-07   Iter/sec:  4.003E+00
 Iteration:  00000050   DeltaT:  6.389E-07   Iter/sec:  4.821E+00


//////////////////////////////////////////////
   Measured Timings for Process 0  (seconds)

 Elapsed time:        11.8706
  Column time:         4.7051
     Row time:         2.8386
Legendre time:         0.8214
     FFT time:         0.4829
   Solve time:         0.7166
    rlma time:         0.0956
    rlmb time:         0.0410
  pspace time:         0.8982
  psolve time:         1.1453
    dphi time:         0.0573
captured time:        11.8021

     iter/sec:         4.2121
//////////////////////////////////////////////
