 //////////////////////////////////////
 Initializating Rayleigh...

 -- Initalizing MPI...
 ---- Specified parameters:
 ---- NCPU  :   1024
 ---- NPROW :     64
 ---- NPCOL :     16
 -- MPI initialized.


 -- Initalizing Grid...
 ---- Specified parameters ----
 ---- N_R                 :    128
 ---- N_THETA             :    384
 ---- Ell_MAX             :    255
 ---- R_MIN               :  5.38462E-01
 ---- R_MAX               :  1.53846E+00
 ---- Chebyshev Domains   :      1

        Domain 1
          Grid points           :  128
          Dealiased Polynomials :  85
          Domain Lower Bound    :  5.38462E-01
          Domain Upper Bound    :  1.53846E+00

 -- Grid initialized.

[SHTns 3.4.5] built Apr 30 2021, 15:49:24, id: avx2,ishioka
        Lmax=255, Mmax*Mres=255, Mres=1, Nlm=32896  [1 threads, orthonormalized]
        => using FFTW : Mmax=255, Nphi=768, Nlat=384  (data layout : phi_inc=384, theta_inc=1, phi_embed=768)
        => using Gauss nodes
        + polar optimization threshold = 1.0e-08
        finding optimal algorithm..........
        + SHT accuracy = 3.25e-12
        => SHTns is ready.
 -- Initalizing Reference State...
 ---- Specified parameters:
 ---- Reference type           :  Boussinesq (Non-dimensional)
 ---- Rayleigh Number          :  1.00000E+05
 ---- Ekman Number             :  1.00000E-03
 ---- Prandtl Number           :  1.00000E+00
 ---- Magnetic Prandtl Number  :  5.00000E+00
 -- Reference State initialized.

 -- Initializing Fields...
 ---- Specified parameters:
 ---- Hydro Init Type    : Benchmark (Christensen et al. 2001)
 ---- Magnetic Init Type : Benchmark (Christensen et al. 2001)
 -- Fields initialized.

 Initialization Complete.
 //////////////////////////////////////

 Timestep has changed from  0.00000E+00 to  1.00000E-04.
 Iteration:  00000001   DeltaT:  1.000E-04   Iter/sec:  0.000E+00
 Timestep has changed from  1.00000E-04 to  2.55566E-06.
 Iteration:  00000002   DeltaT:  2.556E-06   Iter/sec:  9.879E-02
 Iteration:  00000003   DeltaT:  2.556E-06   Iter/sec:  5.547E+00
 Iteration:  00000004   DeltaT:  2.556E-06   Iter/sec:  9.972E+00
 Iteration:  00000005   DeltaT:  2.556E-06   Iter/sec:  1.018E+01
 Iteration:  00000006   DeltaT:  2.556E-06   Iter/sec:  9.737E+00
 Iteration:  00000007   DeltaT:  2.556E-06   Iter/sec:  1.057E+01
 Iteration:  00000008   DeltaT:  2.556E-06   Iter/sec:  1.117E+01
 Iteration:  00000009   DeltaT:  2.556E-06   Iter/sec:  1.016E+01
 Iteration:  00000010   DeltaT:  2.556E-06   Iter/sec:  1.045E+01
 Iteration:  00000011   DeltaT:  2.556E-06   Iter/sec:  1.042E+01
 Iteration:  00000012   DeltaT:  2.556E-06   Iter/sec:  1.049E+01
 Iteration:  00000013   DeltaT:  2.556E-06   Iter/sec:  9.880E+00
 Iteration:  00000014   DeltaT:  2.556E-06   Iter/sec:  1.046E+01
 Iteration:  00000015   DeltaT:  2.556E-06   Iter/sec:  9.930E+00
 Iteration:  00000016   DeltaT:  2.556E-06   Iter/sec:  1.202E+01
 Iteration:  00000017   DeltaT:  2.556E-06   Iter/sec:  1.037E+01
 Iteration:  00000018   DeltaT:  2.556E-06   Iter/sec:  1.078E+01
 Iteration:  00000019   DeltaT:  2.556E-06   Iter/sec:  1.101E+01
 Iteration:  00000020   DeltaT:  2.556E-06   Iter/sec:  1.078E+01
 Iteration:  00000021   DeltaT:  2.556E-06   Iter/sec:  1.026E+01
 Iteration:  00000022   DeltaT:  2.556E-06   Iter/sec:  1.083E+01
 Iteration:  00000023   DeltaT:  2.556E-06   Iter/sec:  1.076E+01
 Iteration:  00000024   DeltaT:  2.556E-06   Iter/sec:  1.063E+01
 Iteration:  00000025   DeltaT:  2.556E-06   Iter/sec:  9.433E+00
 Iteration:  00000026   DeltaT:  2.556E-06   Iter/sec:  1.060E+01
 Iteration:  00000027   DeltaT:  2.556E-06   Iter/sec:  1.031E+01
 Iteration:  00000028   DeltaT:  2.556E-06   Iter/sec:  8.826E+00
 Iteration:  00000029   DeltaT:  2.556E-06   Iter/sec:  1.170E+01
 Iteration:  00000030   DeltaT:  2.556E-06   Iter/sec:  9.634E+00
 Iteration:  00000031   DeltaT:  2.556E-06   Iter/sec:  1.064E+01
 Iteration:  00000032   DeltaT:  2.556E-06   Iter/sec:  1.131E+01
 Iteration:  00000033   DeltaT:  2.556E-06   Iter/sec:  9.575E+00
 Iteration:  00000034   DeltaT:  2.556E-06   Iter/sec:  9.746E+00
 Iteration:  00000035   DeltaT:  2.556E-06   Iter/sec:  1.063E+01
 Iteration:  00000036   DeltaT:  2.556E-06   Iter/sec:  1.051E+01
 Iteration:  00000037   DeltaT:  2.556E-06   Iter/sec:  9.925E+00
 Iteration:  00000038   DeltaT:  2.556E-06   Iter/sec:  1.160E+01
 Iteration:  00000039   DeltaT:  2.556E-06   Iter/sec:  9.712E+00
 Iteration:  00000040   DeltaT:  2.556E-06   Iter/sec:  1.064E+01
 Iteration:  00000041   DeltaT:  2.556E-06   Iter/sec:  1.039E+01
 Iteration:  00000042   DeltaT:  2.556E-06   Iter/sec:  1.067E+01
 Iteration:  00000043   DeltaT:  2.556E-06   Iter/sec:  1.081E+01
 Iteration:  00000044   DeltaT:  2.556E-06   Iter/sec:  1.125E+01
 Iteration:  00000045   DeltaT:  2.556E-06   Iter/sec:  1.068E+01
 Iteration:  00000046   DeltaT:  2.556E-06   Iter/sec:  1.028E+01
 Iteration:  00000047   DeltaT:  2.556E-06   Iter/sec:  1.029E+01
 Iteration:  00000048   DeltaT:  2.556E-06   Iter/sec:  1.140E+01
 Iteration:  00000049   DeltaT:  2.556E-06   Iter/sec:  9.455E+00
 Iteration:  00000050   DeltaT:  2.556E-06   Iter/sec:  1.110E+01


//////////////////////////////////////////////
   Measured Timings for Process 0  (seconds)

 Elapsed time:         5.0151
  Column time:         1.7478
     Row time:         1.6868
Legendre time:         0.2269
     FFT time:         0.2505
   Solve time:         0.3389
    rlma time:         0.0382
    rlmb time:         0.0162
  pspace time:         0.2690
  psolve time:         0.3893
    dphi time:         0.0213
captured time:         4.9850

     iter/sec:         9.9699
//////////////////////////////////////////////
