 //////////////////////////////////////
 Initializating Rayleigh...

 -- Initalizing MPI...
 ---- Specified parameters:
 ---- NCPU  :    512
 ---- NPROW :     16
 ---- NPCOL :     32
 -- MPI initialized.


 -- Initalizing Grid...
 ---- Specified parameters ----
 ---- N_R                 :    512
 ---- N_THETA             :   1536
 ---- Ell_MAX             :   1023
 ---- R_MIN               :  5.38462E-01
 ---- R_MAX               :  1.53846E+00
 ---- Chebyshev Domains   :      1

        Domain 1
          Grid points           :  512
          Dealiased Polynomials :  341
          Domain Lower Bound    :  5.38462E-01
          Domain Upper Bound    :  1.53846E+00

 -- Grid initialized.

[SHTns 3.4.5] built Apr 30 2021, 15:49:24, id: avx2,ishioka
        Lmax=1023, Mmax*Mres=1023, Mres=1, Nlm=524800  [1 threads, orthonormalized]
        => using FFTW : Mmax=1023, Nphi=3072, Nlat=1536  (data layout : phi_inc=1536, theta_inc=1, phi_embed=3072)
        => using Gauss nodes
        + polar optimization threshold = 1.0e-08
        finding optimal algorithm...
        + SHT accuracy = 1.08e-12
        => SHTns is ready.
 -- Initalizing Reference State...
 ---- Specified parameters:
 ---- Reference type           :  Boussinesq (Non-dimensional)
 ---- Rayleigh Number          :  1.00000E+05
 ---- Ekman Number             :  1.00000E-03
 ---- Prandtl Number           :  1.00000E+00
 ---- Magnetic Prandtl Number  :  5.00000E+00
 -- Reference State initialized.

 -- Initializing Fields...
 ---- Specified parameters:
 ---- Hydro Init Type    : Benchmark (Christensen et al. 2001)
 ---- Magnetic Init Type : Benchmark (Christensen et al. 2001)
 -- Fields initialized.

 Initialization Complete.
 //////////////////////////////////////

 Timestep has changed from  0.00000E+00 to  1.00000E-04.
 Iteration:  00000001   DeltaT:  1.000E-04   Iter/sec:  0.000E+00
 Timestep has changed from  1.00000E-04 to  1.59733E-07.
 Iteration:  00000002   DeltaT:  1.597E-07   Iter/sec:  2.910E-02
 Iteration:  00000003   DeltaT:  1.597E-07   Iter/sec:  4.485E-02
 Iteration:  00000004   DeltaT:  1.597E-07   Iter/sec:  8.116E-02
 Iteration:  00000005   DeltaT:  1.597E-07   Iter/sec:  8.187E-02
 Iteration:  00000006   DeltaT:  1.597E-07   Iter/sec:  8.101E-02
 Iteration:  00000007   DeltaT:  1.597E-07   Iter/sec:  8.169E-02
 Iteration:  00000008   DeltaT:  1.597E-07   Iter/sec:  8.162E-02
 Iteration:  00000009   DeltaT:  1.597E-07   Iter/sec:  8.151E-02
 Iteration:  00000010   DeltaT:  1.597E-07   Iter/sec:  8.123E-02
 Iteration:  00000011   DeltaT:  1.597E-07   Iter/sec:  8.157E-02
 Iteration:  00000012   DeltaT:  1.597E-07   Iter/sec:  8.114E-02
 Iteration:  00000013   DeltaT:  1.597E-07   Iter/sec:  8.156E-02
 Iteration:  00000014   DeltaT:  1.597E-07   Iter/sec:  8.087E-02
 Iteration:  00000015   DeltaT:  1.597E-07   Iter/sec:  8.162E-02
 Iteration:  00000016   DeltaT:  1.597E-07   Iter/sec:  8.068E-02
 Iteration:  00000017   DeltaT:  1.597E-07   Iter/sec:  8.169E-02
 Iteration:  00000018   DeltaT:  1.597E-07   Iter/sec:  8.059E-02
 Iteration:  00000019   DeltaT:  1.597E-07   Iter/sec:  8.161E-02
 Iteration:  00000020   DeltaT:  1.597E-07   Iter/sec:  8.132E-02
 Iteration:  00000021   DeltaT:  1.597E-07   Iter/sec:  8.133E-02
 Iteration:  00000022   DeltaT:  1.597E-07   Iter/sec:  8.091E-02
 Iteration:  00000023   DeltaT:  1.597E-07   Iter/sec:  8.100E-02
 Iteration:  00000024   DeltaT:  1.597E-07   Iter/sec:  8.081E-02
 Iteration:  00000025   DeltaT:  1.597E-07   Iter/sec:  8.104E-02
 Iteration:  00000026   DeltaT:  1.597E-07   Iter/sec:  8.034E-02
 Iteration:  00000027   DeltaT:  1.597E-07   Iter/sec:  8.102E-02
 Iteration:  00000028   DeltaT:  1.597E-07   Iter/sec:  8.081E-02
 Iteration:  00000029   DeltaT:  1.597E-07   Iter/sec:  8.118E-02
 Iteration:  00000030   DeltaT:  1.597E-07   Iter/sec:  8.027E-02
 Iteration:  00000031   DeltaT:  1.597E-07   Iter/sec:  8.126E-02
 Iteration:  00000032   DeltaT:  1.597E-07   Iter/sec:  8.058E-02
 Iteration:  00000033   DeltaT:  1.597E-07   Iter/sec:  8.116E-02
 Iteration:  00000034   DeltaT:  1.597E-07   Iter/sec:  8.059E-02
 Iteration:  00000035   DeltaT:  1.597E-07   Iter/sec:  8.078E-02
 Iteration:  00000036   DeltaT:  1.597E-07   Iter/sec:  8.076E-02
 Iteration:  00000037   DeltaT:  1.597E-07   Iter/sec:  8.128E-02
 Iteration:  00000038   DeltaT:  1.597E-07   Iter/sec:  8.055E-02
 Iteration:  00000039   DeltaT:  1.597E-07   Iter/sec:  8.085E-02
 Iteration:  00000040   DeltaT:  1.597E-07   Iter/sec:  8.060E-02
 Iteration:  00000041   DeltaT:  1.597E-07   Iter/sec:  8.090E-02
 Iteration:  00000042   DeltaT:  1.597E-07   Iter/sec:  8.071E-02
 Iteration:  00000043   DeltaT:  1.597E-07   Iter/sec:  8.080E-02
 Iteration:  00000044   DeltaT:  1.597E-07   Iter/sec:  8.075E-02
 Iteration:  00000045   DeltaT:  1.597E-07   Iter/sec:  8.118E-02
 Iteration:  00000046   DeltaT:  1.597E-07   Iter/sec:  8.057E-02
 Iteration:  00000047   DeltaT:  1.597E-07   Iter/sec:  8.115E-02
 Iteration:  00000048   DeltaT:  1.597E-07   Iter/sec:  8.067E-02
 Iteration:  00000049   DeltaT:  1.597E-07   Iter/sec:  8.089E-02
 Iteration:  00000050   DeltaT:  1.597E-07   Iter/sec:  8.057E-02


//////////////////////////////////////////////
   Measured Timings for Process 0  (seconds)

 Elapsed time:       636.9566
  Column time:        78.0904
     Row time:       206.5186
Legendre time:       102.6793
     FFT time:        33.9231
   Solve time:        29.4178
    rlma time:        14.0738
    rlmb time:         5.5774
  pspace time:        72.5513
  psolve time:        79.9815
    dphi time:         4.4744
captured time:       627.2875

     iter/sec:         0.0785
//////////////////////////////////////////////
