 //////////////////////////////////////
 Initializating Rayleigh...

 -- Initalizing MPI...
 ---- Specified parameters:
 ---- NCPU  :    256
 ---- NPROW :      8
 ---- NPCOL :     32
 -- MPI initialized.


 -- Initalizing Grid...
 ---- Specified parameters ----
 ---- N_R                 :    256
 ---- N_THETA             :    768
 ---- Ell_MAX             :    511
 ---- R_MIN               :  5.38462E-01
 ---- R_MAX               :  1.53846E+00
 ---- Chebyshev Domains   :      1

        Domain 1
          Grid points           :  256
          Dealiased Polynomials :  170
          Domain Lower Bound    :  5.38462E-01
          Domain Upper Bound    :  1.53846E+00

 -- Grid initialized.

[SHTns 3.4.5] built Apr 30 2021, 15:49:24, id: avx2,ishioka
        Lmax=511, Mmax*Mres=511, Mres=1, Nlm=131328  [1 threads, orthonormalized]
        => using FFTW : Mmax=511, Nphi=1536, Nlat=768  (data layout : phi_inc=768, theta_inc=1, phi_embed=1536)
        => using Gauss nodes
        + polar optimization threshold = 1.0e-08
        finding optimal algorithm.......
        + SHT accuracy = 3.23e-13
        => SHTns is ready.
 -- Initalizing Reference State...
 ---- Specified parameters:
 ---- Reference type           :  Boussinesq (Non-dimensional)
 ---- Rayleigh Number          :  1.00000E+05
 ---- Ekman Number             :  1.00000E-03
 ---- Prandtl Number           :  1.00000E+00
 ---- Magnetic Prandtl Number  :  5.00000E+00
 -- Reference State initialized.

 -- Initializing Fields...
 ---- Specified parameters:
 ---- Hydro Init Type    : Benchmark (Christensen et al. 2001)
 ---- Magnetic Init Type : Benchmark (Christensen et al. 2001)
 -- Fields initialized.

 Initialization Complete.
 //////////////////////////////////////

 Timestep has changed from  0.00000E+00 to  1.00000E-04.
 Iteration:  00000001   DeltaT:  1.000E-04   Iter/sec:  0.000E+00
 Timestep has changed from  1.00000E-04 to  6.38929E-07.
 Iteration:  00000002   DeltaT:  6.389E-07   Iter/sec:  8.508E-02
 Iteration:  00000003   DeltaT:  6.389E-07   Iter/sec:  2.866E-01
 Iteration:  00000004   DeltaT:  6.389E-07   Iter/sec:  3.947E-01
 Iteration:  00000005   DeltaT:  6.389E-07   Iter/sec:  3.883E-01
 Iteration:  00000006   DeltaT:  6.389E-07   Iter/sec:  3.919E-01
 Iteration:  00000007   DeltaT:  6.389E-07   Iter/sec:  3.902E-01
 Iteration:  00000008   DeltaT:  6.389E-07   Iter/sec:  3.920E-01
 Iteration:  00000009   DeltaT:  6.389E-07   Iter/sec:  3.902E-01
 Iteration:  00000010   DeltaT:  6.389E-07   Iter/sec:  3.895E-01
 Iteration:  00000011   DeltaT:  6.389E-07   Iter/sec:  3.943E-01
 Iteration:  00000012   DeltaT:  6.389E-07   Iter/sec:  3.926E-01
 Iteration:  00000013   DeltaT:  6.389E-07   Iter/sec:  3.896E-01
 Iteration:  00000014   DeltaT:  6.389E-07   Iter/sec:  3.925E-01
 Iteration:  00000015   DeltaT:  6.389E-07   Iter/sec:  3.912E-01
 Iteration:  00000016   DeltaT:  6.389E-07   Iter/sec:  3.914E-01
 Iteration:  00000017   DeltaT:  6.389E-07   Iter/sec:  3.909E-01
 Iteration:  00000018   DeltaT:  6.389E-07   Iter/sec:  3.919E-01
 Iteration:  00000019   DeltaT:  6.389E-07   Iter/sec:  3.898E-01
 Iteration:  00000020   DeltaT:  6.389E-07   Iter/sec:  3.875E-01
 Iteration:  00000021   DeltaT:  6.389E-07   Iter/sec:  3.896E-01
 Iteration:  00000022   DeltaT:  6.389E-07   Iter/sec:  3.927E-01
 Iteration:  00000023   DeltaT:  6.389E-07   Iter/sec:  3.903E-01
 Iteration:  00000024   DeltaT:  6.389E-07   Iter/sec:  3.915E-01
 Iteration:  00000025   DeltaT:  6.389E-07   Iter/sec:  3.935E-01
 Iteration:  00000026   DeltaT:  6.389E-07   Iter/sec:  3.888E-01
 Iteration:  00000027   DeltaT:  6.389E-07   Iter/sec:  3.924E-01
 Iteration:  00000028   DeltaT:  6.389E-07   Iter/sec:  3.882E-01
 Iteration:  00000029   DeltaT:  6.389E-07   Iter/sec:  3.894E-01
 Iteration:  00000030   DeltaT:  6.389E-07   Iter/sec:  3.911E-01
 Iteration:  00000031   DeltaT:  6.389E-07   Iter/sec:  3.927E-01
 Iteration:  00000032   DeltaT:  6.389E-07   Iter/sec:  3.917E-01
 Iteration:  00000033   DeltaT:  6.389E-07   Iter/sec:  3.892E-01
 Iteration:  00000034   DeltaT:  6.389E-07   Iter/sec:  3.917E-01
 Iteration:  00000035   DeltaT:  6.389E-07   Iter/sec:  3.922E-01
 Iteration:  00000036   DeltaT:  6.389E-07   Iter/sec:  3.931E-01
 Iteration:  00000037   DeltaT:  6.389E-07   Iter/sec:  3.878E-01
 Iteration:  00000038   DeltaT:  6.389E-07   Iter/sec:  3.916E-01
 Iteration:  00000039   DeltaT:  6.389E-07   Iter/sec:  3.926E-01
 Iteration:  00000040   DeltaT:  6.389E-07   Iter/sec:  3.930E-01
 Iteration:  00000041   DeltaT:  6.389E-07   Iter/sec:  3.913E-01
 Iteration:  00000042   DeltaT:  6.389E-07   Iter/sec:  3.912E-01
 Iteration:  00000043   DeltaT:  6.389E-07   Iter/sec:  3.938E-01
 Iteration:  00000044   DeltaT:  6.389E-07   Iter/sec:  3.908E-01
 Iteration:  00000045   DeltaT:  6.389E-07   Iter/sec:  3.922E-01
 Iteration:  00000046   DeltaT:  6.389E-07   Iter/sec:  3.932E-01
 Iteration:  00000047   DeltaT:  6.389E-07   Iter/sec:  3.932E-01
 Iteration:  00000048   DeltaT:  6.389E-07   Iter/sec:  3.922E-01
 Iteration:  00000049   DeltaT:  6.389E-07   Iter/sec:  3.922E-01
 Iteration:  00000050   DeltaT:  6.389E-07   Iter/sec:  3.907E-01


//////////////////////////////////////////////
   Measured Timings for Process 0  (seconds)

 Elapsed time:       129.5942
  Column time:        23.3551
     Row time:        41.3577
Legendre time:        15.4776
     FFT time:         7.7067
   Solve time:         4.7081
    rlma time:         2.0651
    rlmb time:         0.9909
  pspace time:        15.5120
  psolve time:        15.9055
    dphi time:         0.5963
captured time:       127.6752

     iter/sec:         0.3858
//////////////////////////////////////////////
