 //////////////////////////////////////
 Initializating Rayleigh...

 -- Initalizing MPI...
 ---- Specified parameters:
 ---- NCPU  :    512
 ---- NPROW :     32
 ---- NPCOL :     16
 -- MPI initialized.


 -- Initalizing Grid...
 ---- Specified parameters ----
 ---- N_R                 :     64
 ---- N_THETA             :    192
 ---- Ell_MAX             :    127
 ---- R_MIN               :  5.38462E-01
 ---- R_MAX               :  1.53846E+00
 ---- Chebyshev Domains   :      1

        Domain 1
          Grid points           :  64
          Dealiased Polynomials :  42
          Domain Lower Bound    :  5.38462E-01
          Domain Upper Bound    :  1.53846E+00

 -- Grid initialized.

[SHTns 3.4.5] built Apr 30 2021, 15:49:24, id: avx2,ishioka
        Lmax=127, Mmax*Mres=127, Mres=1, Nlm=8256  [1 threads, orthonormalized]
        => using FFTW : Mmax=127, Nphi=384, Nlat=192  (data layout : phi_inc=192, theta_inc=1, phi_embed=384)
        => using Gauss nodes
        + polar optimization threshold = 1.0e-08
        finding optimal algorithm........
        + SHT accuracy = 4.84e-14
        => SHTns is ready.
 -- Initalizing Reference State...
 ---- Specified parameters:
 ---- Reference type           :  Boussinesq (Non-dimensional)
 ---- Rayleigh Number          :  1.00000E+05
 ---- Ekman Number             :  1.00000E-03
 ---- Prandtl Number           :  1.00000E+00
 ---- Magnetic Prandtl Number  :  5.00000E+00
 -- Reference State initialized.

 -- Initializing Fields...
 ---- Specified parameters:
 ---- Hydro Init Type    : Benchmark (Christensen et al. 2001)
 ---- Magnetic Init Type : Benchmark (Christensen et al. 2001)
 -- Fields initialized.

 Initialization Complete.
 //////////////////////////////////////

 Timestep has changed from  0.00000E+00 to  1.00000E-04.
 Iteration:  00000001   DeltaT:  1.000E-04   Iter/sec:  0.000E+00
 Timestep has changed from  1.00000E-04 to  1.02217E-05.
 Iteration:  00000002   DeltaT:  1.022E-05   Iter/sec:  2.165E-01
 Iteration:  00000003   DeltaT:  1.022E-05   Iter/sec:  4.798E+01
 Iteration:  00000004   DeltaT:  1.022E-05   Iter/sec:  8.101E+01
 Iteration:  00000005   DeltaT:  1.022E-05   Iter/sec:  7.614E+01
 Iteration:  00000006   DeltaT:  1.022E-05   Iter/sec:  8.628E+01
 Iteration:  00000007   DeltaT:  1.022E-05   Iter/sec:  7.466E+01
 Iteration:  00000008   DeltaT:  1.022E-05   Iter/sec:  8.307E+01
 Iteration:  00000009   DeltaT:  1.022E-05   Iter/sec:  7.887E+01
 Iteration:  00000010   DeltaT:  1.022E-05   Iter/sec:  8.078E+01
 Iteration:  00000011   DeltaT:  1.022E-05   Iter/sec:  8.118E+01
 Iteration:  00000012   DeltaT:  1.022E-05   Iter/sec:  7.937E+01
 Iteration:  00000013   DeltaT:  1.022E-05   Iter/sec:  7.982E+01
 Iteration:  00000014   DeltaT:  1.022E-05   Iter/sec:  8.183E+01
 Iteration:  00000015   DeltaT:  1.022E-05   Iter/sec:  7.874E+01
 Iteration:  00000016   DeltaT:  1.022E-05   Iter/sec:  8.099E+01
 Iteration:  00000017   DeltaT:  1.022E-05   Iter/sec:  7.899E+01
 Iteration:  00000018   DeltaT:  1.022E-05   Iter/sec:  7.789E+01
 Iteration:  00000019   DeltaT:  1.022E-05   Iter/sec:  7.932E+01
 Iteration:  00000020   DeltaT:  1.022E-05   Iter/sec:  7.944E+01
 Iteration:  00000021   DeltaT:  1.022E-05   Iter/sec:  7.779E+01
 Iteration:  00000022   DeltaT:  1.022E-05   Iter/sec:  8.370E+01
 Iteration:  00000023   DeltaT:  1.022E-05   Iter/sec:  7.740E+01
 Iteration:  00000024   DeltaT:  1.022E-05   Iter/sec:  8.328E+01
 Iteration:  00000025   DeltaT:  1.022E-05   Iter/sec:  8.136E+01
 Iteration:  00000026   DeltaT:  1.022E-05   Iter/sec:  7.734E+01
 Iteration:  00000027   DeltaT:  1.022E-05   Iter/sec:  8.207E+01
 Iteration:  00000028   DeltaT:  1.022E-05   Iter/sec:  7.811E+01
 Iteration:  00000029   DeltaT:  1.022E-05   Iter/sec:  8.154E+01
 Iteration:  00000030   DeltaT:  1.022E-05   Iter/sec:  7.933E+01
 Iteration:  00000031   DeltaT:  1.022E-05   Iter/sec:  8.221E+01
 Iteration:  00000032   DeltaT:  1.022E-05   Iter/sec:  7.935E+01
 Iteration:  00000033   DeltaT:  1.022E-05   Iter/sec:  7.834E+01
 Iteration:  00000034   DeltaT:  1.022E-05   Iter/sec:  8.128E+01
 Iteration:  00000035   DeltaT:  1.022E-05   Iter/sec:  8.340E+01
 Iteration:  00000036   DeltaT:  1.022E-05   Iter/sec:  7.838E+01
 Iteration:  00000037   DeltaT:  1.022E-05   Iter/sec:  7.816E+01
 Iteration:  00000038   DeltaT:  1.022E-05   Iter/sec:  7.653E+01
 Iteration:  00000039   DeltaT:  1.022E-05   Iter/sec:  8.279E+01
 Iteration:  00000040   DeltaT:  1.022E-05   Iter/sec:  8.030E+01
 Iteration:  00000041   DeltaT:  1.022E-05   Iter/sec:  8.001E+01
 Iteration:  00000042   DeltaT:  1.022E-05   Iter/sec:  8.203E+01
 Iteration:  00000043   DeltaT:  1.022E-05   Iter/sec:  7.936E+01
 Iteration:  00000044   DeltaT:  1.022E-05   Iter/sec:  7.964E+01
 Iteration:  00000045   DeltaT:  1.022E-05   Iter/sec:  7.693E+01
 Iteration:  00000046   DeltaT:  1.022E-05   Iter/sec:  8.527E+01
 Iteration:  00000047   DeltaT:  1.022E-05   Iter/sec:  7.895E+01
 Iteration:  00000048   DeltaT:  1.022E-05   Iter/sec:  7.914E+01
 Iteration:  00000049   DeltaT:  1.022E-05   Iter/sec:  7.939E+01
 Iteration:  00000050   DeltaT:  1.022E-05   Iter/sec:  8.170E+01


//////////////////////////////////////////////
   Measured Timings for Process 0  (seconds)

 Elapsed time:         0.6607
  Column time:         0.2268
     Row time:         0.1752
Legendre time:         0.0380
     FFT time:         0.0365
   Solve time:         0.0669
    rlma time:         0.0124
    rlmb time:         0.0050
  pspace time:         0.0232
  psolve time:         0.0615
    dphi time:         0.0030
captured time:         0.6486

     iter/sec:        75.6774
//////////////////////////////////////////////
