 //////////////////////////////////////
 Initializating Rayleigh...

 -- Initalizing MPI...
 ---- Specified parameters:
 ---- NCPU  :   1024
 ---- NPROW :     32
 ---- NPCOL :     32
 -- MPI initialized.


 -- Initalizing Grid...
 ---- Specified parameters ----
 ---- N_R                 :    128
 ---- N_THETA             :    384
 ---- Ell_MAX             :    255
 ---- R_MIN               :  5.38462E-01
 ---- R_MAX               :  1.53846E+00
 ---- Chebyshev Domains   :      1

        Domain 1
          Grid points           :  128
          Dealiased Polynomials :  85
          Domain Lower Bound    :  5.38462E-01
          Domain Upper Bound    :  1.53846E+00

 -- Grid initialized.

[SHTns 3.4.5] built Apr 30 2021, 15:49:24, id: avx2,ishioka
        Lmax=255, Mmax*Mres=255, Mres=1, Nlm=32896  [1 threads, orthonormalized]
        => using FFTW : Mmax=255, Nphi=768, Nlat=384  (data layout : phi_inc=384, theta_inc=1, phi_embed=768)
        => using Gauss nodes
        + polar optimization threshold = 1.0e-08
        finding optimal algorithm..........
        + SHT accuracy = 1.52e-12
        => SHTns is ready.
 -- Initalizing Reference State...
 ---- Specified parameters:
 ---- Reference type           :  Boussinesq (Non-dimensional)
 ---- Rayleigh Number          :  1.00000E+05
 ---- Ekman Number             :  1.00000E-03
 ---- Prandtl Number           :  1.00000E+00
 ---- Magnetic Prandtl Number  :  5.00000E+00
 -- Reference State initialized.

 -- Initializing Fields...
 ---- Specified parameters:
 ---- Hydro Init Type    : Benchmark (Christensen et al. 2001)
 ---- Magnetic Init Type : Benchmark (Christensen et al. 2001)
 -- Fields initialized.

 Initialization Complete.
 //////////////////////////////////////

 Timestep has changed from  0.00000E+00 to  1.00000E-04.
 Iteration:  00000001   DeltaT:  1.000E-04   Iter/sec:  0.000E+00
 Timestep has changed from  1.00000E-04 to  2.55566E-06.
 Iteration:  00000002   DeltaT:  2.556E-06   Iter/sec:  2.132E-01
 Iteration:  00000003   DeltaT:  2.556E-06   Iter/sec:  8.134E+00
 Iteration:  00000004   DeltaT:  2.556E-06   Iter/sec:  1.158E+01
 Iteration:  00000005   DeltaT:  2.556E-06   Iter/sec:  1.315E+01
 Iteration:  00000006   DeltaT:  2.556E-06   Iter/sec:  1.206E+01
 Iteration:  00000007   DeltaT:  2.556E-06   Iter/sec:  1.224E+01
 Iteration:  00000008   DeltaT:  2.556E-06   Iter/sec:  1.268E+01
 Iteration:  00000009   DeltaT:  2.556E-06   Iter/sec:  1.270E+01
 Iteration:  00000010   DeltaT:  2.556E-06   Iter/sec:  1.290E+01
 Iteration:  00000011   DeltaT:  2.556E-06   Iter/sec:  1.211E+01
 Iteration:  00000012   DeltaT:  2.556E-06   Iter/sec:  1.212E+01
 Iteration:  00000013   DeltaT:  2.556E-06   Iter/sec:  1.309E+01
 Iteration:  00000014   DeltaT:  2.556E-06   Iter/sec:  1.268E+01
 Iteration:  00000015   DeltaT:  2.556E-06   Iter/sec:  1.264E+01
 Iteration:  00000016   DeltaT:  2.556E-06   Iter/sec:  1.294E+01
 Iteration:  00000017   DeltaT:  2.556E-06   Iter/sec:  1.326E+01
 Iteration:  00000018   DeltaT:  2.556E-06   Iter/sec:  1.304E+01
 Iteration:  00000019   DeltaT:  2.556E-06   Iter/sec:  1.322E+01
 Iteration:  00000020   DeltaT:  2.556E-06   Iter/sec:  1.281E+01
 Iteration:  00000021   DeltaT:  2.556E-06   Iter/sec:  1.127E+01
 Iteration:  00000022   DeltaT:  2.556E-06   Iter/sec:  1.212E+01
 Iteration:  00000023   DeltaT:  2.556E-06   Iter/sec:  1.284E+01
 Iteration:  00000024   DeltaT:  2.556E-06   Iter/sec:  1.265E+01
 Iteration:  00000025   DeltaT:  2.556E-06   Iter/sec:  1.252E+01
 Iteration:  00000026   DeltaT:  2.556E-06   Iter/sec:  1.292E+01
 Iteration:  00000027   DeltaT:  2.556E-06   Iter/sec:  1.299E+01
 Iteration:  00000028   DeltaT:  2.556E-06   Iter/sec:  1.162E+01
 Iteration:  00000029   DeltaT:  2.556E-06   Iter/sec:  1.291E+01
 Iteration:  00000030   DeltaT:  2.556E-06   Iter/sec:  1.288E+01
 Iteration:  00000031   DeltaT:  2.556E-06   Iter/sec:  1.256E+01
 Iteration:  00000032   DeltaT:  2.556E-06   Iter/sec:  1.233E+01
 Iteration:  00000033   DeltaT:  2.556E-06   Iter/sec:  1.218E+01
 Iteration:  00000034   DeltaT:  2.556E-06   Iter/sec:  1.279E+01
 Iteration:  00000035   DeltaT:  2.556E-06   Iter/sec:  1.223E+01
 Iteration:  00000036   DeltaT:  2.556E-06   Iter/sec:  1.274E+01
 Iteration:  00000037   DeltaT:  2.556E-06   Iter/sec:  1.275E+01
 Iteration:  00000038   DeltaT:  2.556E-06   Iter/sec:  1.206E+01
 Iteration:  00000039   DeltaT:  2.556E-06   Iter/sec:  1.294E+01
 Iteration:  00000040   DeltaT:  2.556E-06   Iter/sec:  1.252E+01
 Iteration:  00000041   DeltaT:  2.556E-06   Iter/sec:  1.285E+01
 Iteration:  00000042   DeltaT:  2.556E-06   Iter/sec:  1.313E+01
 Iteration:  00000043   DeltaT:  2.556E-06   Iter/sec:  1.224E+01
 Iteration:  00000044   DeltaT:  2.556E-06   Iter/sec:  1.277E+01
 Iteration:  00000045   DeltaT:  2.556E-06   Iter/sec:  1.316E+01
 Iteration:  00000046   DeltaT:  2.556E-06   Iter/sec:  1.324E+01
 Iteration:  00000047   DeltaT:  2.556E-06   Iter/sec:  1.226E+01
 Iteration:  00000048   DeltaT:  2.556E-06   Iter/sec:  1.286E+01
 Iteration:  00000049   DeltaT:  2.556E-06   Iter/sec:  1.230E+01
 Iteration:  00000050   DeltaT:  2.556E-06   Iter/sec:  1.265E+01


//////////////////////////////////////////////
   Measured Timings for Process 0  (seconds)

 Elapsed time:         4.0634
  Column time:         1.7403
     Row time:         0.8697
Legendre time:         0.2427
     FFT time:         0.2534
   Solve time:         0.2333
    rlma time:         0.0436
    rlmb time:         0.0177
  pspace time:         0.3100
  psolve time:         0.2966
    dphi time:         0.0237
captured time:         4.0309

     iter/sec:        12.3049
//////////////////////////////////////////////
