 //////////////////////////////////////
 Initializating Rayleigh...

 -- Initalizing MPI...
 ---- Specified parameters:
 ---- NCPU  :     64
 ---- NPROW :      4
 ---- NPCOL :     16
 -- MPI initialized.


 -- Initalizing Grid...
 ---- Specified parameters ----
 ---- N_R                 :     64
 ---- N_THETA             :    192
 ---- Ell_MAX             :    127
 ---- R_MIN               :  5.38462E-01
 ---- R_MAX               :  1.53846E+00
 ---- Chebyshev Domains   :      1

        Domain 1
          Grid points           :  64
          Dealiased Polynomials :  42
          Domain Lower Bound    :  5.38462E-01
          Domain Upper Bound    :  1.53846E+00

 -- Grid initialized.

[SHTns 3.4.5] built Apr 30 2021, 15:49:24, id: avx2,ishioka
        Lmax=127, Mmax*Mres=127, Mres=1, Nlm=8256  [1 threads, orthonormalized]
        => using FFTW : Mmax=127, Nphi=384, Nlat=192  (data layout : phi_inc=192, theta_inc=1, phi_embed=384)
        => using Gauss nodes
        + polar optimization threshold = 1.0e-08
        finding optimal algorithm........
        + SHT accuracy = 4.2e-14
        => SHTns is ready.
 -- Initalizing Reference State...
 ---- Specified parameters:
 ---- Reference type           :  Boussinesq (Non-dimensional)
 ---- Rayleigh Number          :  1.00000E+05
 ---- Ekman Number             :  1.00000E-03
 ---- Prandtl Number           :  1.00000E+00
 ---- Magnetic Prandtl Number  :  5.00000E+00
 -- Reference State initialized.

 -- Initializing Fields...
 ---- Specified parameters:
 ---- Hydro Init Type    : Benchmark (Christensen et al. 2001)
 ---- Magnetic Init Type : Benchmark (Christensen et al. 2001)
 -- Fields initialized.

 Initialization Complete.
 //////////////////////////////////////

 Timestep has changed from  0.00000E+00 to  1.00000E-04.
 Iteration:  00000001   DeltaT:  1.000E-04   Iter/sec:  0.000E+00
 Timestep has changed from  1.00000E-04 to  1.02217E-05.
 Iteration:  00000002   DeltaT:  1.022E-05   Iter/sec:  2.057E-01
 Iteration:  00000003   DeltaT:  1.022E-05   Iter/sec:  8.145E+00
 Iteration:  00000004   DeltaT:  1.022E-05   Iter/sec:  9.037E+00
 Iteration:  00000005   DeltaT:  1.022E-05   Iter/sec:  8.985E+00
 Iteration:  00000006   DeltaT:  1.022E-05   Iter/sec:  9.383E+00
 Iteration:  00000007   DeltaT:  1.022E-05   Iter/sec:  9.259E+00
 Iteration:  00000008   DeltaT:  1.022E-05   Iter/sec:  9.066E+00
 Iteration:  00000009   DeltaT:  1.022E-05   Iter/sec:  9.366E+00
 Iteration:  00000010   DeltaT:  1.022E-05   Iter/sec:  9.101E+00
 Iteration:  00000011   DeltaT:  1.022E-05   Iter/sec:  8.970E+00
 Iteration:  00000012   DeltaT:  1.022E-05   Iter/sec:  9.374E+00
 Iteration:  00000013   DeltaT:  1.022E-05   Iter/sec:  8.914E+00
 Iteration:  00000014   DeltaT:  1.022E-05   Iter/sec:  8.988E+00
 Iteration:  00000015   DeltaT:  1.022E-05   Iter/sec:  9.212E+00
 Iteration:  00000016   DeltaT:  1.022E-05   Iter/sec:  9.016E+00
 Iteration:  00000017   DeltaT:  1.022E-05   Iter/sec:  9.100E+00
 Iteration:  00000018   DeltaT:  1.022E-05   Iter/sec:  9.159E+00
 Iteration:  00000019   DeltaT:  1.022E-05   Iter/sec:  9.081E+00
 Iteration:  00000020   DeltaT:  1.022E-05   Iter/sec:  9.056E+00
 Iteration:  00000021   DeltaT:  1.022E-05   Iter/sec:  9.217E+00
 Iteration:  00000022   DeltaT:  1.022E-05   Iter/sec:  9.009E+00
 Iteration:  00000023   DeltaT:  1.022E-05   Iter/sec:  8.853E+00
 Iteration:  00000024   DeltaT:  1.022E-05   Iter/sec:  9.059E+00
 Iteration:  00000025   DeltaT:  1.022E-05   Iter/sec:  8.965E+00
 Iteration:  00000026   DeltaT:  1.022E-05   Iter/sec:  9.130E+00
 Iteration:  00000027   DeltaT:  1.022E-05   Iter/sec:  9.083E+00
 Iteration:  00000028   DeltaT:  1.022E-05   Iter/sec:  9.210E+00
 Iteration:  00000029   DeltaT:  1.022E-05   Iter/sec:  9.048E+00
 Iteration:  00000030   DeltaT:  1.022E-05   Iter/sec:  9.109E+00
 Iteration:  00000031   DeltaT:  1.022E-05   Iter/sec:  9.122E+00
 Iteration:  00000032   DeltaT:  1.022E-05   Iter/sec:  9.026E+00
 Iteration:  00000033   DeltaT:  1.022E-05   Iter/sec:  9.115E+00
 Iteration:  00000034   DeltaT:  1.022E-05   Iter/sec:  9.188E+00
 Iteration:  00000035   DeltaT:  1.022E-05   Iter/sec:  8.925E+00
 Iteration:  00000036   DeltaT:  1.022E-05   Iter/sec:  9.079E+00
 Iteration:  00000037   DeltaT:  1.022E-05   Iter/sec:  9.241E+00
 Iteration:  00000038   DeltaT:  1.022E-05   Iter/sec:  9.041E+00
 Iteration:  00000039   DeltaT:  1.022E-05   Iter/sec:  9.229E+00
 Iteration:  00000040   DeltaT:  1.022E-05   Iter/sec:  9.105E+00
 Iteration:  00000041   DeltaT:  1.022E-05   Iter/sec:  8.893E+00
 Iteration:  00000042   DeltaT:  1.022E-05   Iter/sec:  9.165E+00
 Iteration:  00000043   DeltaT:  1.022E-05   Iter/sec:  9.212E+00
 Iteration:  00000044   DeltaT:  1.022E-05   Iter/sec:  9.022E+00
 Iteration:  00000045   DeltaT:  1.022E-05   Iter/sec:  9.232E+00
 Iteration:  00000046   DeltaT:  1.022E-05   Iter/sec:  9.354E+00
 Iteration:  00000047   DeltaT:  1.022E-05   Iter/sec:  9.131E+00
 Iteration:  00000048   DeltaT:  1.022E-05   Iter/sec:  9.282E+00
 Iteration:  00000049   DeltaT:  1.022E-05   Iter/sec:  9.382E+00
 Iteration:  00000050   DeltaT:  1.022E-05   Iter/sec:  9.167E+00


//////////////////////////////////////////////
   Measured Timings for Process 0  (seconds)

 Elapsed time:         5.5097
  Column time:         1.0287
     Row time:         1.8631
Legendre time:         0.3798
     FFT time:         0.4646
   Solve time:         0.1359
    rlma time:         0.0990
    rlmb time:         0.0454
  pspace time:         0.7849
  psolve time:         0.6016
    dphi time:         0.0440
captured time:         5.4469

     iter/sec:         9.0749
//////////////////////////////////////////////
