 //////////////////////////////////////
 Initializating Rayleigh...

 -- Initalizing MPI...
 ---- Specified parameters:
 ---- NCPU  :   2048
 ---- NPROW :     64
 ---- NPCOL :     32
 -- MPI initialized.


 -- Initalizing Grid...
 ---- Specified parameters ----
 ---- N_R                 :    256
 ---- N_THETA             :    768
 ---- Ell_MAX             :    511
 ---- R_MIN               :  5.38462E-01
 ---- R_MAX               :  1.53846E+00
 ---- Chebyshev Domains   :      1

        Domain 1
          Grid points           :  256
          Dealiased Polynomials :  170
          Domain Lower Bound    :  5.38462E-01
          Domain Upper Bound    :  1.53846E+00

 -- Grid initialized.

[SHTns 3.4.5] built Apr 30 2021, 15:49:24, id: avx2,ishioka
        Lmax=511, Mmax*Mres=511, Mres=1, Nlm=131328  [1 threads, orthonormalized]
        => using FFTW : Mmax=511, Nphi=1536, Nlat=768  (data layout : phi_inc=768, theta_inc=1, phi_embed=1536)
        => using Gauss nodes
        + polar optimization threshold = 1.0e-08
        finding optimal algorithm........
        + SHT accuracy = 3.9e-13
        => SHTns is ready.
 -- Initalizing Reference State...
 ---- Specified parameters:
 ---- Reference type           :  Boussinesq (Non-dimensional)
 ---- Rayleigh Number          :  1.00000E+05
 ---- Ekman Number             :  1.00000E-03
 ---- Prandtl Number           :  1.00000E+00
 ---- Magnetic Prandtl Number  :  5.00000E+00
 -- Reference State initialized.

 -- Initializing Fields...
 ---- Specified parameters:
 ---- Hydro Init Type    : Benchmark (Christensen et al. 2001)
 ---- Magnetic Init Type : Benchmark (Christensen et al. 2001)
 -- Fields initialized.

 Initialization Complete.
 //////////////////////////////////////

 Timestep has changed from  0.00000E+00 to  1.00000E-04.
 Iteration:  00000001   DeltaT:  1.000E-04   Iter/sec:  0.000E+00
 Timestep has changed from  1.00000E-04 to  6.38929E-07.
 Iteration:  00000002   DeltaT:  6.389E-07   Iter/sec:  1.190E-01
 Iteration:  00000003   DeltaT:  6.389E-07   Iter/sec:  8.657E-01
 Iteration:  00000004   DeltaT:  6.389E-07   Iter/sec:  1.741E+00
 Iteration:  00000005   DeltaT:  6.389E-07   Iter/sec:  1.783E+00
 Iteration:  00000006   DeltaT:  6.389E-07   Iter/sec:  1.996E+00
 Iteration:  00000007   DeltaT:  6.389E-07   Iter/sec:  1.954E+00
 Iteration:  00000008   DeltaT:  6.389E-07   Iter/sec:  1.774E+00
 Iteration:  00000009   DeltaT:  6.389E-07   Iter/sec:  1.810E+00
 Iteration:  00000010   DeltaT:  6.389E-07   Iter/sec:  1.995E+00
 Iteration:  00000011   DeltaT:  6.389E-07   Iter/sec:  1.946E+00
 Iteration:  00000012   DeltaT:  6.389E-07   Iter/sec:  1.613E+00
 Iteration:  00000013   DeltaT:  6.389E-07   Iter/sec:  2.177E+00
 Iteration:  00000014   DeltaT:  6.389E-07   Iter/sec:  2.002E+00
 Iteration:  00000015   DeltaT:  6.389E-07   Iter/sec:  1.757E+00
 Iteration:  00000016   DeltaT:  6.389E-07   Iter/sec:  1.726E+00
 Iteration:  00000017   DeltaT:  6.389E-07   Iter/sec:  2.159E+00
 Iteration:  00000018   DeltaT:  6.389E-07   Iter/sec:  1.875E+00
 Iteration:  00000019   DeltaT:  6.389E-07   Iter/sec:  1.678E+00
 Iteration:  00000020   DeltaT:  6.389E-07   Iter/sec:  1.645E+00
 Iteration:  00000021   DeltaT:  6.389E-07   Iter/sec:  2.188E+00
 Iteration:  00000022   DeltaT:  6.389E-07   Iter/sec:  1.972E+00
 Iteration:  00000023   DeltaT:  6.389E-07   Iter/sec:  1.688E+00
 Iteration:  00000024   DeltaT:  6.389E-07   Iter/sec:  1.788E+00
 Iteration:  00000025   DeltaT:  6.389E-07   Iter/sec:  2.155E+00
 Iteration:  00000026   DeltaT:  6.389E-07   Iter/sec:  1.928E+00
 Iteration:  00000027   DeltaT:  6.389E-07   Iter/sec:  1.681E+00
 Iteration:  00000028   DeltaT:  6.389E-07   Iter/sec:  1.856E+00
 Iteration:  00000029   DeltaT:  6.389E-07   Iter/sec:  2.042E+00
 Iteration:  00000030   DeltaT:  6.389E-07   Iter/sec:  1.880E+00
 Iteration:  00000031   DeltaT:  6.389E-07   Iter/sec:  1.721E+00
 Iteration:  00000032   DeltaT:  6.389E-07   Iter/sec:  1.826E+00
 Iteration:  00000033   DeltaT:  6.389E-07   Iter/sec:  2.105E+00
 Iteration:  00000034   DeltaT:  6.389E-07   Iter/sec:  1.934E+00
 Iteration:  00000035   DeltaT:  6.389E-07   Iter/sec:  1.702E+00
 Iteration:  00000036   DeltaT:  6.389E-07   Iter/sec:  1.715E+00
 Iteration:  00000037   DeltaT:  6.389E-07   Iter/sec:  2.111E+00
 Iteration:  00000038   DeltaT:  6.389E-07   Iter/sec:  1.889E+00
 Iteration:  00000039   DeltaT:  6.389E-07   Iter/sec:  1.701E+00
 Iteration:  00000040   DeltaT:  6.389E-07   Iter/sec:  1.688E+00
 Iteration:  00000041   DeltaT:  6.389E-07   Iter/sec:  2.123E+00
 Iteration:  00000042   DeltaT:  6.389E-07   Iter/sec:  1.891E+00
 Iteration:  00000043   DeltaT:  6.389E-07   Iter/sec:  1.684E+00
 Iteration:  00000044   DeltaT:  6.389E-07   Iter/sec:  1.848E+00
 Iteration:  00000045   DeltaT:  6.389E-07   Iter/sec:  2.081E+00
 Iteration:  00000046   DeltaT:  6.389E-07   Iter/sec:  1.918E+00
 Iteration:  00000047   DeltaT:  6.389E-07   Iter/sec:  1.699E+00
 Iteration:  00000048   DeltaT:  6.389E-07   Iter/sec:  1.774E+00
 Iteration:  00000049   DeltaT:  6.389E-07   Iter/sec:  2.099E+00
 Iteration:  00000050   DeltaT:  6.389E-07   Iter/sec:  1.923E+00


//////////////////////////////////////////////
   Measured Timings for Process 0  (seconds)

 Elapsed time:        28.0615
  Column time:        10.7994
     Row time:         7.5797
Legendre time:         1.8564
     FFT time:         0.9555
   Solve time:         1.5795
    rlma time:         0.1667
    rlmb time:         0.0739
  pspace time:         1.9813
  psolve time:         2.8128
    dphi time:         0.1000
captured time:        27.9053

     iter/sec:         1.7818
//////////////////////////////////////////////
