 //////////////////////////////////////
 Initializating Rayleigh...

 -- Initalizing MPI...
 ---- Specified parameters:
 ---- NCPU  :    512
 ---- NPROW :     16
 ---- NPCOL :     32
 -- MPI initialized.


 -- Initalizing Grid...
 ---- Specified parameters ----
 ---- N_R                 :    256
 ---- N_THETA             :    768
 ---- Ell_MAX             :    511
 ---- R_MIN               :  5.38462E-01
 ---- R_MAX               :  1.53846E+00
 ---- Chebyshev Domains   :      1

        Domain 1
          Grid points           :  256
          Dealiased Polynomials :  170
          Domain Lower Bound    :  5.38462E-01
          Domain Upper Bound    :  1.53846E+00

 -- Grid initialized.

[SHTns 3.4.5] built Apr 30 2021, 15:49:24, id: avx2,ishioka
        Lmax=511, Mmax*Mres=511, Mres=1, Nlm=131328  [1 threads, orthonormalized]
        => using FFTW : Mmax=511, Nphi=1536, Nlat=768  (data layout : phi_inc=768, theta_inc=1, phi_embed=1536)
        => using Gauss nodes
        + polar optimization threshold = 1.0e-08
        finding optimal algorithm........
        + SHT accuracy = 4.72e-13
        => SHTns is ready.
 -- Initalizing Reference State...
 ---- Specified parameters:
 ---- Reference type           :  Boussinesq (Non-dimensional)
 ---- Rayleigh Number          :  1.00000E+05
 ---- Ekman Number             :  1.00000E-03
 ---- Prandtl Number           :  1.00000E+00
 ---- Magnetic Prandtl Number  :  5.00000E+00
 -- Reference State initialized.

 -- Initializing Fields...
 ---- Specified parameters:
 ---- Hydro Init Type    : Benchmark (Christensen et al. 2001)
 ---- Magnetic Init Type : Benchmark (Christensen et al. 2001)
 -- Fields initialized.

 Initialization Complete.
 //////////////////////////////////////

 Timestep has changed from  0.00000E+00 to  1.00000E-04.
 Iteration:  00000001   DeltaT:  1.000E-04   Iter/sec:  0.000E+00
 Timestep has changed from  1.00000E-04 to  6.38929E-07.
 Iteration:  00000002   DeltaT:  6.389E-07   Iter/sec:  1.021E-01
 Iteration:  00000003   DeltaT:  6.389E-07   Iter/sec:  4.706E-01
 Iteration:  00000004   DeltaT:  6.389E-07   Iter/sec:  8.059E-01
 Iteration:  00000005   DeltaT:  6.389E-07   Iter/sec:  7.998E-01
 Iteration:  00000006   DeltaT:  6.389E-07   Iter/sec:  7.979E-01
 Iteration:  00000007   DeltaT:  6.389E-07   Iter/sec:  8.007E-01
 Iteration:  00000008   DeltaT:  6.389E-07   Iter/sec:  7.967E-01
 Iteration:  00000009   DeltaT:  6.389E-07   Iter/sec:  8.026E-01
 Iteration:  00000010   DeltaT:  6.389E-07   Iter/sec:  7.958E-01
 Iteration:  00000011   DeltaT:  6.389E-07   Iter/sec:  7.995E-01
 Iteration:  00000012   DeltaT:  6.389E-07   Iter/sec:  7.952E-01
 Iteration:  00000013   DeltaT:  6.389E-07   Iter/sec:  8.014E-01
 Iteration:  00000014   DeltaT:  6.389E-07   Iter/sec:  8.051E-01
 Iteration:  00000015   DeltaT:  6.389E-07   Iter/sec:  7.869E-01
 Iteration:  00000016   DeltaT:  6.389E-07   Iter/sec:  7.979E-01
 Iteration:  00000017   DeltaT:  6.389E-07   Iter/sec:  7.954E-01
 Iteration:  00000018   DeltaT:  6.389E-07   Iter/sec:  7.954E-01
 Iteration:  00000019   DeltaT:  6.389E-07   Iter/sec:  8.005E-01
 Iteration:  00000020   DeltaT:  6.389E-07   Iter/sec:  7.998E-01
 Iteration:  00000021   DeltaT:  6.389E-07   Iter/sec:  8.061E-01
 Iteration:  00000022   DeltaT:  6.389E-07   Iter/sec:  7.903E-01
 Iteration:  00000023   DeltaT:  6.389E-07   Iter/sec:  7.989E-01
 Iteration:  00000024   DeltaT:  6.389E-07   Iter/sec:  7.956E-01
 Iteration:  00000025   DeltaT:  6.389E-07   Iter/sec:  8.013E-01
 Iteration:  00000026   DeltaT:  6.389E-07   Iter/sec:  7.998E-01
 Iteration:  00000027   DeltaT:  6.389E-07   Iter/sec:  7.873E-01
 Iteration:  00000028   DeltaT:  6.389E-07   Iter/sec:  8.007E-01
 Iteration:  00000029   DeltaT:  6.389E-07   Iter/sec:  8.022E-01
 Iteration:  00000030   DeltaT:  6.389E-07   Iter/sec:  7.889E-01
 Iteration:  00000031   DeltaT:  6.389E-07   Iter/sec:  7.961E-01
 Iteration:  00000032   DeltaT:  6.389E-07   Iter/sec:  7.946E-01
 Iteration:  00000033   DeltaT:  6.389E-07   Iter/sec:  7.959E-01
 Iteration:  00000034   DeltaT:  6.389E-07   Iter/sec:  7.940E-01
 Iteration:  00000035   DeltaT:  6.389E-07   Iter/sec:  7.975E-01
 Iteration:  00000036   DeltaT:  6.389E-07   Iter/sec:  8.010E-01
 Iteration:  00000037   DeltaT:  6.389E-07   Iter/sec:  7.992E-01
 Iteration:  00000038   DeltaT:  6.389E-07   Iter/sec:  7.929E-01
 Iteration:  00000039   DeltaT:  6.389E-07   Iter/sec:  7.915E-01
 Iteration:  00000040   DeltaT:  6.389E-07   Iter/sec:  7.998E-01
 Iteration:  00000041   DeltaT:  6.389E-07   Iter/sec:  8.043E-01
 Iteration:  00000042   DeltaT:  6.389E-07   Iter/sec:  7.899E-01
 Iteration:  00000043   DeltaT:  6.389E-07   Iter/sec:  7.973E-01
 Iteration:  00000044   DeltaT:  6.389E-07   Iter/sec:  7.994E-01
 Iteration:  00000045   DeltaT:  6.389E-07   Iter/sec:  7.963E-01
 Iteration:  00000046   DeltaT:  6.389E-07   Iter/sec:  8.009E-01
 Iteration:  00000047   DeltaT:  6.389E-07   Iter/sec:  7.962E-01
 Iteration:  00000048   DeltaT:  6.389E-07   Iter/sec:  7.974E-01
 Iteration:  00000049   DeltaT:  6.389E-07   Iter/sec:  7.922E-01
 Iteration:  00000050   DeltaT:  6.389E-07   Iter/sec:  8.040E-01


//////////////////////////////////////////////
   Measured Timings for Process 0  (seconds)

 Elapsed time:        64.4306
  Column time:        11.7447
     Row time:        18.0148
Legendre time:         7.6166
     FFT time:         3.9001
   Solve time:         2.9043
    rlma time:         1.0601
    rlmb time:         0.4939
  pspace time:         8.9244
  psolve time:         8.4480
    dphi time:         0.4198
captured time:        63.5267

     iter/sec:         0.7760
//////////////////////////////////////////////
