 //////////////////////////////////////
 Initializating Rayleigh...

 -- Initalizing MPI...
 ---- Specified parameters:
 ---- NCPU  :   2048
 ---- NPROW :     32
 ---- NPCOL :     64
 -- MPI initialized.


 -- Initalizing Grid...
 ---- Specified parameters ----
 ---- N_R                 :    512
 ---- N_THETA             :   1536
 ---- Ell_MAX             :   1023
 ---- R_MIN               :  5.38462E-01
 ---- R_MAX               :  1.53846E+00
 ---- Chebyshev Domains   :      1

        Domain 1
          Grid points           :  512
          Dealiased Polynomials :  341
          Domain Lower Bound    :  5.38462E-01
          Domain Upper Bound    :  1.53846E+00

 -- Grid initialized.

[SHTns 3.4.5] built Apr 30 2021, 15:49:24, id: avx2,ishioka
        Lmax=1023, Mmax*Mres=1023, Mres=1, Nlm=524800  [1 threads, orthonormalized]
        => using FFTW : Mmax=1023, Nphi=3072, Nlat=1536  (data layout : phi_inc=1536, theta_inc=1, phi_embed=3072)
        => using Gauss nodes
        + polar optimization threshold = 1.0e-08
        finding optimal algorithm...
        + SHT accuracy = 1.21e-12
        => SHTns is ready.
 -- Initalizing Reference State...
 ---- Specified parameters:
 ---- Reference type           :  Boussinesq (Non-dimensional)
 ---- Rayleigh Number          :  1.00000E+05
 ---- Ekman Number             :  1.00000E-03
 ---- Prandtl Number           :  1.00000E+00
 ---- Magnetic Prandtl Number  :  5.00000E+00
 -- Reference State initialized.

 -- Initializing Fields...
 ---- Specified parameters:
 ---- Hydro Init Type    : Benchmark (Christensen et al. 2001)
 ---- Magnetic Init Type : Benchmark (Christensen et al. 2001)
 -- Fields initialized.

 Initialization Complete.
 //////////////////////////////////////

 Timestep has changed from  0.00000E+00 to  1.00000E-04.
 Iteration:  00000001   DeltaT:  1.000E-04   Iter/sec:  0.000E+00
 Timestep has changed from  1.00000E-04 to  1.59733E-07.
 Iteration:  00000002   DeltaT:  1.597E-07   Iter/sec:  5.785E-02
 Iteration:  00000003   DeltaT:  1.597E-07   Iter/sec:  1.186E-01
 Iteration:  00000004   DeltaT:  1.597E-07   Iter/sec:  2.638E-01
 Iteration:  00000005   DeltaT:  1.597E-07   Iter/sec:  2.612E-01
 Iteration:  00000006   DeltaT:  1.597E-07   Iter/sec:  2.654E-01
 Iteration:  00000007   DeltaT:  1.597E-07   Iter/sec:  2.645E-01
 Iteration:  00000008   DeltaT:  1.597E-07   Iter/sec:  2.690E-01
 Iteration:  00000009   DeltaT:  1.597E-07   Iter/sec:  2.606E-01
 Iteration:  00000010   DeltaT:  1.597E-07   Iter/sec:  2.683E-01
 Iteration:  00000011   DeltaT:  1.597E-07   Iter/sec:  2.569E-01
 Iteration:  00000012   DeltaT:  1.597E-07   Iter/sec:  2.655E-01
 Iteration:  00000013   DeltaT:  1.597E-07   Iter/sec:  2.635E-01
 Iteration:  00000014   DeltaT:  1.597E-07   Iter/sec:  2.603E-01
 Iteration:  00000015   DeltaT:  1.597E-07   Iter/sec:  2.577E-01
 Iteration:  00000016   DeltaT:  1.597E-07   Iter/sec:  2.730E-01
 Iteration:  00000017   DeltaT:  1.597E-07   Iter/sec:  2.591E-01
 Iteration:  00000018   DeltaT:  1.597E-07   Iter/sec:  2.681E-01
 Iteration:  00000019   DeltaT:  1.597E-07   Iter/sec:  2.571E-01
 Iteration:  00000020   DeltaT:  1.597E-07   Iter/sec:  2.704E-01
 Iteration:  00000021   DeltaT:  1.597E-07   Iter/sec:  2.652E-01
 Iteration:  00000022   DeltaT:  1.597E-07   Iter/sec:  2.608E-01
 Iteration:  00000023   DeltaT:  1.597E-07   Iter/sec:  2.620E-01
 Iteration:  00000024   DeltaT:  1.597E-07   Iter/sec:  2.588E-01
 Iteration:  00000025   DeltaT:  1.597E-07   Iter/sec:  2.652E-01
 Iteration:  00000026   DeltaT:  1.597E-07   Iter/sec:  2.644E-01
 Iteration:  00000027   DeltaT:  1.597E-07   Iter/sec:  2.612E-01
 Iteration:  00000028   DeltaT:  1.597E-07   Iter/sec:  2.708E-01
 Iteration:  00000029   DeltaT:  1.597E-07   Iter/sec:  2.674E-01
 Iteration:  00000030   DeltaT:  1.597E-07   Iter/sec:  2.593E-01
 Iteration:  00000031   DeltaT:  1.597E-07   Iter/sec:  2.714E-01
 Iteration:  00000032   DeltaT:  1.597E-07   Iter/sec:  2.634E-01
 Iteration:  00000033   DeltaT:  1.597E-07   Iter/sec:  2.578E-01
 Iteration:  00000034   DeltaT:  1.597E-07   Iter/sec:  2.666E-01
 Iteration:  00000035   DeltaT:  1.597E-07   Iter/sec:  2.545E-01
 Iteration:  00000036   DeltaT:  1.597E-07   Iter/sec:  2.640E-01
 Iteration:  00000037   DeltaT:  1.597E-07   Iter/sec:  2.568E-01
 Iteration:  00000038   DeltaT:  1.597E-07   Iter/sec:  2.693E-01
 Iteration:  00000039   DeltaT:  1.597E-07   Iter/sec:  2.513E-01
 Iteration:  00000040   DeltaT:  1.597E-07   Iter/sec:  2.759E-01
 Iteration:  00000041   DeltaT:  1.597E-07   Iter/sec:  2.649E-01
 Iteration:  00000042   DeltaT:  1.597E-07   Iter/sec:  2.644E-01
 Iteration:  00000043   DeltaT:  1.597E-07   Iter/sec:  2.599E-01
 Iteration:  00000044   DeltaT:  1.597E-07   Iter/sec:  2.588E-01
 Iteration:  00000045   DeltaT:  1.597E-07   Iter/sec:  2.582E-01
 Iteration:  00000046   DeltaT:  1.597E-07   Iter/sec:  2.681E-01
 Iteration:  00000047   DeltaT:  1.597E-07   Iter/sec:  2.564E-01
 Iteration:  00000048   DeltaT:  1.597E-07   Iter/sec:  2.630E-01
 Iteration:  00000049   DeltaT:  1.597E-07   Iter/sec:  2.619E-01
 Iteration:  00000050   DeltaT:  1.597E-07   Iter/sec:  2.509E-01


//////////////////////////////////////////////
   Measured Timings for Process 0  (seconds)

 Elapsed time:       199.1439
  Column time:        67.7256
     Row time:        40.0790
Legendre time:        25.6112
     FFT time:         8.3318
   Solve time:        10.8861
    rlma time:         2.5730
    rlmb time:         1.3334
  pspace time:        15.6143
  psolve time:        24.1813
    dphi time:         0.5924
captured time:       196.9282

     iter/sec:         0.2511
//////////////////////////////////////////////
