 //////////////////////////////////////
 Initializating Rayleigh...

 -- Initalizing MPI...
 ---- Specified parameters:
 ---- NCPU  :   4096
 ---- NPROW :    128
 ---- NPCOL :     32
 -- MPI initialized.


 -- Initalizing Grid...
 ---- Specified parameters ----
 ---- N_R                 :    256
 ---- N_THETA             :    768
 ---- Ell_MAX             :    511
 ---- R_MIN               :  5.38462E-01
 ---- R_MAX               :  1.53846E+00
 ---- Chebyshev Domains   :      1

        Domain 1
          Grid points           :  256
          Dealiased Polynomials :  170
          Domain Lower Bound    :  5.38462E-01
          Domain Upper Bound    :  1.53846E+00

 -- Grid initialized.

[SHTns 3.4.5] built Apr 30 2021, 15:49:24, id: avx2,ishioka
        Lmax=511, Mmax*Mres=511, Mres=1, Nlm=131328  [1 threads, orthonormalized]
        => using FFTW : Mmax=511, Nphi=1536, Nlat=768  (data layout : phi_inc=768, theta_inc=1, phi_embed=1536)
        => using Gauss nodes
        + polar optimization threshold = 1.0e-08
        finding optimal algorithm......
        + SHT accuracy = 4.08e-13
        => SHTns is ready.
 -- Initalizing Reference State...
 ---- Specified parameters:
 ---- Reference type           :  Boussinesq (Non-dimensional)
 ---- Rayleigh Number          :  1.00000E+05
 ---- Ekman Number             :  1.00000E-03
 ---- Prandtl Number           :  1.00000E+00
 ---- Magnetic Prandtl Number  :  5.00000E+00
 -- Reference State initialized.

 -- Initializing Fields...
 ---- Specified parameters:
 ---- Hydro Init Type    : Benchmark (Christensen et al. 2001)
 ---- Magnetic Init Type : Benchmark (Christensen et al. 2001)
 -- Fields initialized.

 Initialization Complete.
 //////////////////////////////////////

 Timestep has changed from  0.00000E+00 to  1.00000E-04.
 Iteration:  00000001   DeltaT:  1.000E-04   Iter/sec:  0.000E+00
 Timestep has changed from  1.00000E-04 to  6.38929E-07.
 Iteration:  00000002   DeltaT:  6.389E-07   Iter/sec:  1.022E-01
 Iteration:  00000003   DeltaT:  6.389E-07   Iter/sec:  9.488E-01
 Iteration:  00000004   DeltaT:  6.389E-07   Iter/sec:  3.595E+00
 Iteration:  00000005   DeltaT:  6.389E-07   Iter/sec:  2.917E+00
 Iteration:  00000006   DeltaT:  6.389E-07   Iter/sec:  3.643E+00
 Iteration:  00000007   DeltaT:  6.389E-07   Iter/sec:  3.192E+00
 Iteration:  00000008   DeltaT:  6.389E-07   Iter/sec:  3.161E+00
 Iteration:  00000009   DeltaT:  6.389E-07   Iter/sec:  3.680E+00
 Iteration:  00000010   DeltaT:  6.389E-07   Iter/sec:  2.969E+00
 Iteration:  00000011   DeltaT:  6.389E-07   Iter/sec:  3.711E+00
 Iteration:  00000012   DeltaT:  6.389E-07   Iter/sec:  3.038E+00
 Iteration:  00000013   DeltaT:  6.389E-07   Iter/sec:  3.531E+00
 Iteration:  00000014   DeltaT:  6.389E-07   Iter/sec:  3.482E+00
 Iteration:  00000015   DeltaT:  6.389E-07   Iter/sec:  3.301E+00
 Iteration:  00000016   DeltaT:  6.389E-07   Iter/sec:  3.370E+00
 Iteration:  00000017   DeltaT:  6.389E-07   Iter/sec:  2.949E+00
 Iteration:  00000018   DeltaT:  6.389E-07   Iter/sec:  3.681E+00
 Iteration:  00000019   DeltaT:  6.389E-07   Iter/sec:  2.663E+00
 Iteration:  00000020   DeltaT:  6.389E-07   Iter/sec:  3.755E+00
 Iteration:  00000021   DeltaT:  6.389E-07   Iter/sec:  3.050E+00
 Iteration:  00000022   DeltaT:  6.389E-07   Iter/sec:  3.757E+00
 Iteration:  00000023   DeltaT:  6.389E-07   Iter/sec:  3.560E+00
 Iteration:  00000024   DeltaT:  6.389E-07   Iter/sec:  2.751E+00
 Iteration:  00000025   DeltaT:  6.389E-07   Iter/sec:  3.571E+00
 Iteration:  00000026   DeltaT:  6.389E-07   Iter/sec:  3.181E+00
 Iteration:  00000027   DeltaT:  6.389E-07   Iter/sec:  3.876E+00
 Iteration:  00000028   DeltaT:  6.389E-07   Iter/sec:  2.463E+00
 Iteration:  00000029   DeltaT:  6.389E-07   Iter/sec:  3.857E+00
 Iteration:  00000030   DeltaT:  6.389E-07   Iter/sec:  3.734E+00
 Iteration:  00000031   DeltaT:  6.389E-07   Iter/sec:  2.871E+00
 Iteration:  00000032   DeltaT:  6.389E-07   Iter/sec:  3.760E+00
 Iteration:  00000033   DeltaT:  6.389E-07   Iter/sec:  2.705E+00
 Iteration:  00000034   DeltaT:  6.389E-07   Iter/sec:  3.691E+00
 Iteration:  00000035   DeltaT:  6.389E-07   Iter/sec:  2.943E+00
 Iteration:  00000036   DeltaT:  6.389E-07   Iter/sec:  3.744E+00
 Iteration:  00000037   DeltaT:  6.389E-07   Iter/sec:  2.874E+00
 Iteration:  00000038   DeltaT:  6.389E-07   Iter/sec:  3.725E+00
 Iteration:  00000039   DeltaT:  6.389E-07   Iter/sec:  3.572E+00
 Iteration:  00000040   DeltaT:  6.389E-07   Iter/sec:  2.992E+00
 Iteration:  00000041   DeltaT:  6.389E-07   Iter/sec:  3.529E+00
 Iteration:  00000042   DeltaT:  6.389E-07   Iter/sec:  3.156E+00
 Iteration:  00000043   DeltaT:  6.389E-07   Iter/sec:  3.865E+00
 Iteration:  00000044   DeltaT:  6.389E-07   Iter/sec:  2.863E+00
 Iteration:  00000045   DeltaT:  6.389E-07   Iter/sec:  3.746E+00
 Iteration:  00000046   DeltaT:  6.389E-07   Iter/sec:  3.301E+00
 Iteration:  00000047   DeltaT:  6.389E-07   Iter/sec:  3.019E+00
 Iteration:  00000048   DeltaT:  6.389E-07   Iter/sec:  3.795E+00
 Iteration:  00000049   DeltaT:  6.389E-07   Iter/sec:  2.883E+00
 Iteration:  00000050   DeltaT:  6.389E-07   Iter/sec:  3.971E+00


//////////////////////////////////////////////
   Measured Timings for Process 0  (seconds)

 Elapsed time:        16.8089
  Column time:         5.9536
     Row time:         5.4139
Legendre time:         0.7520
     FFT time:         0.4797
   Solve time:         1.3752
    rlma time:         0.0821
    rlmb time:         0.0355
  pspace time:         0.8060
  psolve time:         1.8009
    dphi time:         0.0448
captured time:        16.7437

     iter/sec:         2.9746
//////////////////////////////////////////////
