 //////////////////////////////////////
 Initializating Rayleigh...

 -- Initalizing MPI...
 ---- Specified parameters:
 ---- NCPU  :    256
 ---- NPROW :     16
 ---- NPCOL :     16
 -- MPI initialized.


 -- Initalizing Grid...
 ---- Specified parameters ----
 ---- N_R                 :    128
 ---- N_THETA             :    192
 ---- Ell_MAX             :    127
 ---- R_MIN               :  5.38462E-01
 ---- R_MAX               :  1.53846E+00
 ---- Chebyshev Domains   :      1

        Domain 1
          Grid points           :  128
          Dealiased Polynomials :  85
          Domain Lower Bound    :  5.38462E-01
          Domain Upper Bound    :  1.53846E+00

 -- Grid initialized.

[SHTns 3.4.5] built Apr 22 2021, 10:11:08, id: avx2,ishioka
        Lmax=127, Mmax*Mres=127, Mres=1, Nlm=8256  [1 threads, orthonormalized]
        => using FFTW : Mmax=127, Nphi=384, Nlat=192  (data layout : phi_inc=192, theta_inc=1, phi_embed=384)
        => using Gauss nodes
        + polar optimization threshold = 1.0e-08
        finding optimal algorithm........
        + SHT accuracy = 3.33e-14
        => SHTns is ready.
 -- Initalizing Reference State...
 ---- Specified parameters:
 ---- Reference type           :  Boussinesq (Non-dimensional)
 ---- Rayleigh Number          :  1.00000E+05
 ---- Ekman Number             :  1.00000E-03
 ---- Prandtl Number           :  1.00000E+00
 ---- Magnetic Prandtl Number  :  5.00000E+00
 -- Reference State initialized.

 -- Initializing Fields...
 ---- Specified parameters:
 ---- Hydro Init Type    : Benchmark (Christensen et al. 2001)
 ---- Magnetic Init Type : Benchmark (Christensen et al. 2001)
 -- Fields initialized.

 Initialization Complete.
 //////////////////////////////////////

 Timestep has changed from  0.00000E+00 to  1.00000E-04.
 Iteration:  00000001   DeltaT:  1.000E-04   Iter/sec:  0.000E+00
 Timestep has changed from  1.00000E-04 to  2.55581E-06.
 Iteration:  00000002   DeltaT:  2.556E-06   Iter/sec:  2.221E-01
 Iteration:  00000003   DeltaT:  2.556E-06   Iter/sec:  9.220E+00
 Iteration:  00000004   DeltaT:  2.556E-06   Iter/sec:  1.797E+01
 Iteration:  00000005   DeltaT:  2.556E-06   Iter/sec:  1.713E+01
 Iteration:  00000006   DeltaT:  2.556E-06   Iter/sec:  1.739E+01
 Iteration:  00000007   DeltaT:  2.556E-06   Iter/sec:  1.767E+01
 Iteration:  00000008   DeltaT:  2.556E-06   Iter/sec:  1.797E+01
 Iteration:  00000009   DeltaT:  2.556E-06   Iter/sec:  1.784E+01
 Iteration:  00000010   DeltaT:  2.556E-06   Iter/sec:  1.746E+01
 Iteration:  00000011   DeltaT:  2.556E-06   Iter/sec:  1.747E+01
 Iteration:  00000012   DeltaT:  2.556E-06   Iter/sec:  1.767E+01
 Iteration:  00000013   DeltaT:  2.556E-06   Iter/sec:  1.792E+01
 Iteration:  00000014   DeltaT:  2.556E-06   Iter/sec:  1.787E+01
 Iteration:  00000015   DeltaT:  2.556E-06   Iter/sec:  1.768E+01
 Iteration:  00000016   DeltaT:  2.556E-06   Iter/sec:  1.764E+01
 Iteration:  00000017   DeltaT:  2.556E-06   Iter/sec:  1.789E+01
 Iteration:  00000018   DeltaT:  2.556E-06   Iter/sec:  1.749E+01
 Iteration:  00000019   DeltaT:  2.556E-06   Iter/sec:  1.778E+01
 Iteration:  00000020   DeltaT:  2.556E-06   Iter/sec:  1.766E+01
 Iteration:  00000021   DeltaT:  2.556E-06   Iter/sec:  1.765E+01
 Iteration:  00000022   DeltaT:  2.556E-06   Iter/sec:  1.811E+01
 Iteration:  00000023   DeltaT:  2.556E-06   Iter/sec:  1.787E+01
 Iteration:  00000024   DeltaT:  2.556E-06   Iter/sec:  1.799E+01
 Iteration:  00000025   DeltaT:  2.556E-06   Iter/sec:  1.793E+01
 Iteration:  00000026   DeltaT:  2.556E-06   Iter/sec:  1.771E+01
 Iteration:  00000027   DeltaT:  2.556E-06   Iter/sec:  1.811E+01
 Iteration:  00000028   DeltaT:  2.556E-06   Iter/sec:  1.788E+01
 Iteration:  00000029   DeltaT:  2.556E-06   Iter/sec:  1.763E+01
 Iteration:  00000030   DeltaT:  2.556E-06   Iter/sec:  1.789E+01
 Iteration:  00000031   DeltaT:  2.556E-06   Iter/sec:  1.762E+01
 Iteration:  00000032   DeltaT:  2.556E-06   Iter/sec:  1.777E+01
 Iteration:  00000033   DeltaT:  2.556E-06   Iter/sec:  1.782E+01
 Iteration:  00000034   DeltaT:  2.556E-06   Iter/sec:  1.796E+01
 Iteration:  00000035   DeltaT:  2.556E-06   Iter/sec:  1.776E+01
 Iteration:  00000036   DeltaT:  2.556E-06   Iter/sec:  1.741E+01
 Iteration:  00000037   DeltaT:  2.556E-06   Iter/sec:  1.763E+01
 Iteration:  00000038   DeltaT:  2.556E-06   Iter/sec:  1.795E+01
 Iteration:  00000039   DeltaT:  2.556E-06   Iter/sec:  1.764E+01
 Iteration:  00000040   DeltaT:  2.556E-06   Iter/sec:  1.753E+01
 Iteration:  00000041   DeltaT:  2.556E-06   Iter/sec:  1.764E+01
 Iteration:  00000042   DeltaT:  2.556E-06   Iter/sec:  1.776E+01
 Iteration:  00000043   DeltaT:  2.556E-06   Iter/sec:  1.774E+01
 Iteration:  00000044   DeltaT:  2.556E-06   Iter/sec:  1.809E+01
 Iteration:  00000045   DeltaT:  2.556E-06   Iter/sec:  1.761E+01
 Iteration:  00000046   DeltaT:  2.556E-06   Iter/sec:  1.778E+01
 Iteration:  00000047   DeltaT:  2.556E-06   Iter/sec:  1.794E+01
 Iteration:  00000048   DeltaT:  2.556E-06   Iter/sec:  1.759E+01
 Iteration:  00000049   DeltaT:  2.556E-06   Iter/sec:  1.780E+01
 Iteration:  00000050   DeltaT:  2.556E-06   Iter/sec:  1.778E+01


//////////////////////////////////////////////
   Measured Timings for Process 0  (seconds)

 Elapsed time:         3.3940
  Column time:         0.5472
     Row time:         0.8702
Legendre time:         0.2683
     FFT time:         0.2577
   Solve time:         0.2286
    rlma time:         0.0394
    rlmb time:         0.0166
  pspace time:         0.3263
  psolve time:         0.3088
    dphi time:         0.0296
captured time:         2.8925

     iter/sec:        14.7320
//////////////////////////////////////////////
