 //////////////////////////////////////
 Initializating Rayleigh...

 -- Initalizing MPI...
 ---- Specified parameters:
 ---- NCPU  :    256
 ---- NPROW :     16
 ---- NPCOL :     16
 -- MPI initialized.


 -- Initalizing Grid...
 ---- Specified parameters ----
 ---- N_R                 :    128
 ---- N_THETA             :    384
 ---- Ell_MAX             :    255
 ---- R_MIN               :  5.38462E-01
 ---- R_MAX               :  1.53846E+00
 ---- Chebyshev Domains   :      1

        Domain 1
          Grid points           :  128
          Dealiased Polynomials :  85
          Domain Lower Bound    :  5.38462E-01
          Domain Upper Bound    :  1.53846E+00

 -- Grid initialized.

[SHTns 3.4.5] built Apr 22 2021, 10:11:08, id: avx2,ishioka
        Lmax=255, Mmax*Mres=255, Mres=1, Nlm=32896  [1 threads, orthonormalized]
        => using FFTW : Mmax=255, Nphi=768, Nlat=384  (data layout : phi_inc=384, theta_inc=1, phi_embed=768)
        => using Gauss nodes
        + polar optimization threshold = 1.0e-08
        finding optimal algorithm..........
        + SHT accuracy = 1.62e-12
        => SHTns is ready.
 -- Initalizing Reference State...
 ---- Specified parameters:
 ---- Reference type           :  Boussinesq (Non-dimensional)
 ---- Rayleigh Number          :  1.00000E+05
 ---- Ekman Number             :  1.00000E-03
 ---- Prandtl Number           :  1.00000E+00
 ---- Magnetic Prandtl Number  :  5.00000E+00
 -- Reference State initialized.

 -- Initializing Fields...
 ---- Specified parameters:
 ---- Hydro Init Type    : Benchmark (Christensen et al. 2001)
 ---- Magnetic Init Type : Benchmark (Christensen et al. 2001)
 -- Fields initialized.

 Initialization Complete.
 //////////////////////////////////////

 Timestep has changed from  0.00000E+00 to  1.00000E-04.
 Iteration:  00000001   DeltaT:  1.000E-04   Iter/sec:  0.000E+00
 Timestep has changed from  1.00000E-04 to  2.55566E-06.
 Iteration:  00000002   DeltaT:  2.556E-06   Iter/sec:  9.774E-02
 Iteration:  00000003   DeltaT:  2.556E-06   Iter/sec:  2.696E+00
 Iteration:  00000004   DeltaT:  2.556E-06   Iter/sec:  3.488E+00
 Iteration:  00000005   DeltaT:  2.556E-06   Iter/sec:  3.416E+00
 Iteration:  00000006   DeltaT:  2.556E-06   Iter/sec:  3.509E+00
 Iteration:  00000007   DeltaT:  2.556E-06   Iter/sec:  3.455E+00
 Iteration:  00000008   DeltaT:  2.556E-06   Iter/sec:  3.442E+00
 Iteration:  00000009   DeltaT:  2.556E-06   Iter/sec:  3.449E+00
 Iteration:  00000010   DeltaT:  2.556E-06   Iter/sec:  3.484E+00
 Iteration:  00000011   DeltaT:  2.556E-06   Iter/sec:  3.431E+00
 Iteration:  00000012   DeltaT:  2.556E-06   Iter/sec:  3.419E+00
 Iteration:  00000013   DeltaT:  2.556E-06   Iter/sec:  3.510E+00
 Iteration:  00000014   DeltaT:  2.556E-06   Iter/sec:  3.424E+00
 Iteration:  00000015   DeltaT:  2.556E-06   Iter/sec:  3.482E+00
 Iteration:  00000016   DeltaT:  2.556E-06   Iter/sec:  3.497E+00
 Iteration:  00000017   DeltaT:  2.556E-06   Iter/sec:  3.453E+00
 Iteration:  00000018   DeltaT:  2.556E-06   Iter/sec:  3.433E+00
 Iteration:  00000019   DeltaT:  2.556E-06   Iter/sec:  3.407E+00
 Iteration:  00000020   DeltaT:  2.556E-06   Iter/sec:  3.488E+00
 Iteration:  00000021   DeltaT:  2.556E-06   Iter/sec:  3.469E+00
 Iteration:  00000022   DeltaT:  2.556E-06   Iter/sec:  3.443E+00
 Iteration:  00000023   DeltaT:  2.556E-06   Iter/sec:  3.486E+00
 Iteration:  00000024   DeltaT:  2.556E-06   Iter/sec:  3.449E+00
 Iteration:  00000025   DeltaT:  2.556E-06   Iter/sec:  3.526E+00
 Iteration:  00000026   DeltaT:  2.556E-06   Iter/sec:  3.461E+00
 Iteration:  00000027   DeltaT:  2.556E-06   Iter/sec:  3.437E+00
 Iteration:  00000028   DeltaT:  2.556E-06   Iter/sec:  3.453E+00
 Iteration:  00000029   DeltaT:  2.556E-06   Iter/sec:  3.457E+00
 Iteration:  00000030   DeltaT:  2.556E-06   Iter/sec:  3.448E+00
 Iteration:  00000031   DeltaT:  2.556E-06   Iter/sec:  3.464E+00
 Iteration:  00000032   DeltaT:  2.556E-06   Iter/sec:  3.455E+00
 Iteration:  00000033   DeltaT:  2.556E-06   Iter/sec:  3.428E+00
 Iteration:  00000034   DeltaT:  2.556E-06   Iter/sec:  3.481E+00
 Iteration:  00000035   DeltaT:  2.556E-06   Iter/sec:  3.486E+00
 Iteration:  00000036   DeltaT:  2.556E-06   Iter/sec:  3.417E+00
 Iteration:  00000037   DeltaT:  2.556E-06   Iter/sec:  3.442E+00
 Iteration:  00000038   DeltaT:  2.556E-06   Iter/sec:  3.482E+00
 Iteration:  00000039   DeltaT:  2.556E-06   Iter/sec:  3.463E+00
 Iteration:  00000040   DeltaT:  2.556E-06   Iter/sec:  3.408E+00
 Iteration:  00000041   DeltaT:  2.556E-06   Iter/sec:  3.481E+00
 Iteration:  00000042   DeltaT:  2.556E-06   Iter/sec:  3.499E+00
 Iteration:  00000043   DeltaT:  2.556E-06   Iter/sec:  3.466E+00
 Iteration:  00000044   DeltaT:  2.556E-06   Iter/sec:  3.458E+00
 Iteration:  00000045   DeltaT:  2.556E-06   Iter/sec:  3.439E+00
 Iteration:  00000046   DeltaT:  2.556E-06   Iter/sec:  3.434E+00
 Iteration:  00000047   DeltaT:  2.556E-06   Iter/sec:  3.400E+00
 Iteration:  00000048   DeltaT:  2.556E-06   Iter/sec:  3.506E+00
 Iteration:  00000049   DeltaT:  2.556E-06   Iter/sec:  3.520E+00
 Iteration:  00000050   DeltaT:  2.556E-06   Iter/sec:  3.431E+00


//////////////////////////////////////////////
   Measured Timings for Process 0  (seconds)

 Elapsed time:        15.1953
  Column time:         2.2238
     Row time:         4.5807
Legendre time:         2.0931
     FFT time:         0.9614
   Solve time:         0.5347
    rlma time:         0.1812
    rlmb time:         0.0742
  pspace time:         2.2008
  psolve time:         1.4967
    dphi time:         0.1384
captured time:        14.4850

     iter/sec:         3.2905
//////////////////////////////////////////////
