 //////////////////////////////////////
 Initializating Rayleigh...

 -- Initalizing MPI...
 ---- Specified parameters:
 ---- NCPU  :    512
 ---- NPROW :     32
 ---- NPCOL :     16
 -- MPI initialized.


 -- Initalizing Grid...
 ---- Specified parameters ----
 ---- N_R                 :     64
 ---- N_THETA             :    192
 ---- Ell_MAX             :    127
 ---- R_MIN               :  5.38462E-01
 ---- R_MAX               :  1.53846E+00
 ---- Chebyshev Domains   :      1

        Domain 1
          Grid points           :  64
          Dealiased Polynomials :  42
          Domain Lower Bound    :  5.38462E-01
          Domain Upper Bound    :  1.53846E+00

 -- Grid initialized.

[SHTns 3.4.5] built Apr 22 2021, 10:11:08, id: avx2,ishioka
        Lmax=127, Mmax*Mres=127, Mres=1, Nlm=8256  [1 threads, orthonormalized]
        => using FFTW : Mmax=127, Nphi=384, Nlat=192  (data layout : phi_inc=192, theta_inc=1, phi_embed=384)
        => using Gauss nodes
        + polar optimization threshold = 1.0e-08
        finding optimal algorithm........
        + SHT accuracy = 5.28e-14
        => SHTns is ready.
 -- Initalizing Reference State...
 ---- Specified parameters:
 ---- Reference type           :  Boussinesq (Non-dimensional)
 ---- Rayleigh Number          :  1.00000E+05
 ---- Ekman Number             :  1.00000E-03
 ---- Prandtl Number           :  1.00000E+00
 ---- Magnetic Prandtl Number  :  5.00000E+00
 -- Reference State initialized.

 -- Initializing Fields...
 ---- Specified parameters:
 ---- Hydro Init Type    : Benchmark (Christensen et al. 2001)
 ---- Magnetic Init Type : Benchmark (Christensen et al. 2001)
 -- Fields initialized.

 Initialization Complete.
 //////////////////////////////////////

 Timestep has changed from  0.00000E+00 to  1.00000E-04.
 Iteration:  00000001   DeltaT:  1.000E-04   Iter/sec:  0.000E+00
 Timestep has changed from  1.00000E-04 to  1.02217E-05.
 Iteration:  00000002   DeltaT:  1.022E-05   Iter/sec:  2.084E-01
 Iteration:  00000003   DeltaT:  1.022E-05   Iter/sec:  4.728E+01
 Iteration:  00000004   DeltaT:  1.022E-05   Iter/sec:  7.509E+01
 Iteration:  00000005   DeltaT:  1.022E-05   Iter/sec:  7.716E+01
 Iteration:  00000006   DeltaT:  1.022E-05   Iter/sec:  7.205E+01
 Iteration:  00000007   DeltaT:  1.022E-05   Iter/sec:  7.239E+01
 Iteration:  00000008   DeltaT:  1.022E-05   Iter/sec:  7.753E+01
 Iteration:  00000009   DeltaT:  1.022E-05   Iter/sec:  7.517E+01
 Iteration:  00000010   DeltaT:  1.022E-05   Iter/sec:  7.680E+01
 Iteration:  00000011   DeltaT:  1.022E-05   Iter/sec:  7.403E+01
 Iteration:  00000012   DeltaT:  1.022E-05   Iter/sec:  7.913E+01
 Iteration:  00000013   DeltaT:  1.022E-05   Iter/sec:  7.503E+01
 Iteration:  00000014   DeltaT:  1.022E-05   Iter/sec:  7.523E+01
 Iteration:  00000015   DeltaT:  1.022E-05   Iter/sec:  7.503E+01
 Iteration:  00000016   DeltaT:  1.022E-05   Iter/sec:  8.006E+01
 Iteration:  00000017   DeltaT:  1.022E-05   Iter/sec:  7.187E+01
 Iteration:  00000018   DeltaT:  1.022E-05   Iter/sec:  8.032E+01
 Iteration:  00000019   DeltaT:  1.022E-05   Iter/sec:  7.770E+01
 Iteration:  00000020   DeltaT:  1.022E-05   Iter/sec:  5.713E+01
 Iteration:  00000021   DeltaT:  1.022E-05   Iter/sec:  7.612E+01
 Iteration:  00000022   DeltaT:  1.022E-05   Iter/sec:  7.663E+01
 Iteration:  00000023   DeltaT:  1.022E-05   Iter/sec:  7.565E+01
 Iteration:  00000024   DeltaT:  1.022E-05   Iter/sec:  8.010E+01
 Iteration:  00000025   DeltaT:  1.022E-05   Iter/sec:  7.504E+01
 Iteration:  00000026   DeltaT:  1.022E-05   Iter/sec:  8.178E+01
 Iteration:  00000027   DeltaT:  1.022E-05   Iter/sec:  7.769E+01
 Iteration:  00000028   DeltaT:  1.022E-05   Iter/sec:  7.481E+01
 Iteration:  00000029   DeltaT:  1.022E-05   Iter/sec:  7.708E+01
 Iteration:  00000030   DeltaT:  1.022E-05   Iter/sec:  7.880E+01
 Iteration:  00000031   DeltaT:  1.022E-05   Iter/sec:  7.859E+01
 Iteration:  00000032   DeltaT:  1.022E-05   Iter/sec:  7.743E+01
 Iteration:  00000033   DeltaT:  1.022E-05   Iter/sec:  7.398E+01
 Iteration:  00000034   DeltaT:  1.022E-05   Iter/sec:  7.807E+01
 Iteration:  00000035   DeltaT:  1.022E-05   Iter/sec:  7.382E+01
 Iteration:  00000036   DeltaT:  1.022E-05   Iter/sec:  7.997E+01
 Iteration:  00000037   DeltaT:  1.022E-05   Iter/sec:  7.741E+01
 Iteration:  00000038   DeltaT:  1.022E-05   Iter/sec:  7.506E+01
 Iteration:  00000039   DeltaT:  1.022E-05   Iter/sec:  8.038E+01
 Iteration:  00000040   DeltaT:  1.022E-05   Iter/sec:  7.530E+01
 Iteration:  00000041   DeltaT:  1.022E-05   Iter/sec:  7.683E+01
 Iteration:  00000042   DeltaT:  1.022E-05   Iter/sec:  7.534E+01
 Iteration:  00000043   DeltaT:  1.022E-05   Iter/sec:  7.543E+01
 Iteration:  00000044   DeltaT:  1.022E-05   Iter/sec:  7.671E+01
 Iteration:  00000045   DeltaT:  1.022E-05   Iter/sec:  7.676E+01
 Iteration:  00000046   DeltaT:  1.022E-05   Iter/sec:  7.733E+01
 Iteration:  00000047   DeltaT:  1.022E-05   Iter/sec:  7.826E+01
 Iteration:  00000048   DeltaT:  1.022E-05   Iter/sec:  7.782E+01
 Iteration:  00000049   DeltaT:  1.022E-05   Iter/sec:  7.824E+01
 Iteration:  00000050   DeltaT:  1.022E-05   Iter/sec:  7.807E+01


//////////////////////////////////////////////
   Measured Timings for Process 0  (seconds)

 Elapsed time:         1.1696
  Column time:         0.2394
     Row time:         0.1887
Legendre time:         0.0636
     FFT time:         0.0370
   Solve time:         0.0665
    rlma time:         0.0121
    rlmb time:         0.0051
  pspace time:         0.0230
  psolve time:         0.0601
    dphi time:         0.0031
captured time:         0.6986

     iter/sec:        42.7506
//////////////////////////////////////////////
