 //////////////////////////////////////
 Initializating Rayleigh...

 -- Initalizing MPI...
 ---- Specified parameters:
 ---- NCPU  :    128
 ---- NPROW :     16
 ---- NPCOL :      8
 -- MPI initialized.


 -- Initalizing Grid...
 ---- Specified parameters ----
 ---- N_R                 :    128
 ---- N_THETA             :    192
 ---- Ell_MAX             :    127
 ---- R_MIN               :  5.38462E-01
 ---- R_MAX               :  1.53846E+00
 ---- Chebyshev Domains   :      1

        Domain 1
          Grid points           :  128
          Dealiased Polynomials :  85
          Domain Lower Bound    :  5.38462E-01
          Domain Upper Bound    :  1.53846E+00

 -- Grid initialized.

[SHTns 3.4.5] built Apr 22 2021, 10:11:08, id: avx2,ishioka
        Lmax=127, Mmax*Mres=127, Mres=1, Nlm=8256  [1 threads, orthonormalized]
        => using FFTW : Mmax=127, Nphi=384, Nlat=192  (data layout : phi_inc=192, theta_inc=1, phi_embed=384)
        => using Gauss nodes
        + polar optimization threshold = 1.0e-08
        finding optimal algorithm........
        + SHT accuracy = 5.03e-14
        => SHTns is ready.
 -- Initalizing Reference State...
 ---- Specified parameters:
 ---- Reference type           :  Boussinesq (Non-dimensional)
 ---- Rayleigh Number          :  1.00000E+05
 ---- Ekman Number             :  1.00000E-03
 ---- Prandtl Number           :  1.00000E+00
 ---- Magnetic Prandtl Number  :  5.00000E+00
 -- Reference State initialized.

 -- Initializing Fields...
 ---- Specified parameters:
 ---- Hydro Init Type    : Benchmark (Christensen et al. 2001)
 ---- Magnetic Init Type : Benchmark (Christensen et al. 2001)
 -- Fields initialized.

 Initialization Complete.
 //////////////////////////////////////

 Timestep has changed from  0.00000E+00 to  1.00000E-04.
 Iteration:  00000001   DeltaT:  1.000E-04   Iter/sec:  0.000E+00
 Timestep has changed from  1.00000E-04 to  2.55581E-06.
 Iteration:  00000002   DeltaT:  2.556E-06   Iter/sec:  2.165E-01
 Iteration:  00000003   DeltaT:  2.556E-06   Iter/sec:  4.615E+00
 Iteration:  00000004   DeltaT:  2.556E-06   Iter/sec:  8.062E+00
 Iteration:  00000005   DeltaT:  2.556E-06   Iter/sec:  8.089E+00
 Iteration:  00000006   DeltaT:  2.556E-06   Iter/sec:  7.996E+00
 Iteration:  00000007   DeltaT:  2.556E-06   Iter/sec:  8.182E+00
 Iteration:  00000008   DeltaT:  2.556E-06   Iter/sec:  8.248E+00
 Iteration:  00000009   DeltaT:  2.556E-06   Iter/sec:  8.133E+00
 Iteration:  00000010   DeltaT:  2.556E-06   Iter/sec:  8.515E+00
 Iteration:  00000011   DeltaT:  2.556E-06   Iter/sec:  8.252E+00
 Iteration:  00000012   DeltaT:  2.556E-06   Iter/sec:  8.286E+00
 Iteration:  00000013   DeltaT:  2.556E-06   Iter/sec:  8.356E+00
 Iteration:  00000014   DeltaT:  2.556E-06   Iter/sec:  8.305E+00
 Iteration:  00000015   DeltaT:  2.556E-06   Iter/sec:  8.297E+00
 Iteration:  00000016   DeltaT:  2.556E-06   Iter/sec:  8.411E+00
 Iteration:  00000017   DeltaT:  2.556E-06   Iter/sec:  8.187E+00
 Iteration:  00000018   DeltaT:  2.556E-06   Iter/sec:  8.186E+00
 Iteration:  00000019   DeltaT:  2.556E-06   Iter/sec:  8.360E+00
 Iteration:  00000020   DeltaT:  2.556E-06   Iter/sec:  8.520E+00
 Iteration:  00000021   DeltaT:  2.556E-06   Iter/sec:  8.118E+00
 Iteration:  00000022   DeltaT:  2.556E-06   Iter/sec:  8.178E+00
 Iteration:  00000023   DeltaT:  2.556E-06   Iter/sec:  8.293E+00
 Iteration:  00000024   DeltaT:  2.556E-06   Iter/sec:  8.216E+00
 Iteration:  00000025   DeltaT:  2.556E-06   Iter/sec:  8.426E+00
 Iteration:  00000026   DeltaT:  2.556E-06   Iter/sec:  8.229E+00
 Iteration:  00000027   DeltaT:  2.556E-06   Iter/sec:  8.358E+00
 Iteration:  00000028   DeltaT:  2.556E-06   Iter/sec:  8.421E+00
 Iteration:  00000029   DeltaT:  2.556E-06   Iter/sec:  8.212E+00
 Iteration:  00000030   DeltaT:  2.556E-06   Iter/sec:  8.462E+00
 Iteration:  00000031   DeltaT:  2.556E-06   Iter/sec:  8.257E+00
 Iteration:  00000032   DeltaT:  2.556E-06   Iter/sec:  8.519E+00
 Iteration:  00000033   DeltaT:  2.556E-06   Iter/sec:  8.238E+00
 Iteration:  00000034   DeltaT:  2.556E-06   Iter/sec:  8.499E+00
 Iteration:  00000035   DeltaT:  2.556E-06   Iter/sec:  8.294E+00
 Iteration:  00000036   DeltaT:  2.556E-06   Iter/sec:  8.435E+00
 Iteration:  00000037   DeltaT:  2.556E-06   Iter/sec:  8.330E+00
 Iteration:  00000038   DeltaT:  2.556E-06   Iter/sec:  8.569E+00
 Iteration:  00000039   DeltaT:  2.556E-06   Iter/sec:  8.241E+00
 Iteration:  00000040   DeltaT:  2.556E-06   Iter/sec:  8.511E+00
 Iteration:  00000041   DeltaT:  2.556E-06   Iter/sec:  8.287E+00
 Iteration:  00000042   DeltaT:  2.556E-06   Iter/sec:  8.636E+00
 Iteration:  00000043   DeltaT:  2.556E-06   Iter/sec:  8.199E+00
 Iteration:  00000044   DeltaT:  2.556E-06   Iter/sec:  8.389E+00
 Iteration:  00000045   DeltaT:  2.556E-06   Iter/sec:  8.497E+00
 Iteration:  00000046   DeltaT:  2.556E-06   Iter/sec:  8.263E+00
 Iteration:  00000047   DeltaT:  2.556E-06   Iter/sec:  8.457E+00
 Iteration:  00000048   DeltaT:  2.556E-06   Iter/sec:  8.468E+00
 Iteration:  00000049   DeltaT:  2.556E-06   Iter/sec:  8.494E+00
 Iteration:  00000050   DeltaT:  2.556E-06   Iter/sec:  8.377E+00


//////////////////////////////////////////////
   Measured Timings for Process 0  (seconds)

 Elapsed time:         6.7539
  Column time:         0.6501
     Row time:         2.1304
Legendre time:         0.5455
     FFT time:         0.4862
   Solve time:         0.4279
    rlma time:         0.0798
    rlmb time:         0.0336
  pspace time:         0.9721
  psolve time:         0.7411
    dphi time:         0.0704
captured time:         6.1370

     iter/sec:         7.4031
//////////////////////////////////////////////
