 //////////////////////////////////////
 Initializating Rayleigh...

 -- Initalizing MPI...
 ---- Specified parameters:
 ---- NCPU  :    256
 ---- NPROW :     16
 ---- NPCOL :     16
 -- MPI initialized.


 -- Initalizing Grid...
 ---- Specified parameters ----
 ---- N_R                 :     64
 ---- N_THETA             :    384
 ---- Ell_MAX             :    255
 ---- R_MIN               :  5.38462E-01
 ---- R_MAX               :  1.53846E+00
 ---- Chebyshev Domains   :      1

        Domain 1
          Grid points           :  64
          Dealiased Polynomials :  42
          Domain Lower Bound    :  5.38462E-01
          Domain Upper Bound    :  1.53846E+00

 -- Grid initialized.

[SHTns 3.4.5] built Apr 22 2021, 10:11:08, id: avx2,ishioka
        Lmax=255, Mmax*Mres=255, Mres=1, Nlm=32896  [1 threads, orthonormalized]
        => using FFTW : Mmax=255, Nphi=768, Nlat=384  (data layout : phi_inc=384, theta_inc=1, phi_embed=768)
        => using Gauss nodes
        + polar optimization threshold = 1.0e-08
        finding optimal algorithm..........
        + SHT accuracy = 1.25e-12
        => SHTns is ready.
 -- Initalizing Reference State...
 ---- Specified parameters:
 ---- Reference type           :  Boussinesq (Non-dimensional)
 ---- Rayleigh Number          :  1.00000E+05
 ---- Ekman Number             :  1.00000E-03
 ---- Prandtl Number           :  1.00000E+00
 ---- Magnetic Prandtl Number  :  5.00000E+00
 -- Reference State initialized.

 -- Initializing Fields...
 ---- Specified parameters:
 ---- Hydro Init Type    : Benchmark (Christensen et al. 2001)
 ---- Magnetic Init Type : Benchmark (Christensen et al. 2001)
 -- Fields initialized.

 Initialization Complete.
 //////////////////////////////////////

 Timestep has changed from  0.00000E+00 to  1.00000E-04.
 Iteration:  00000001   DeltaT:  1.000E-04   Iter/sec:  0.000E+00
 Timestep has changed from  1.00000E-04 to  1.02211E-05.
 Iteration:  00000002   DeltaT:  1.022E-05   Iter/sec:  9.995E-02
 Iteration:  00000003   DeltaT:  1.022E-05   Iter/sec:  6.697E+00
 Iteration:  00000004   DeltaT:  1.022E-05   Iter/sec:  7.472E+00
 Iteration:  00000005   DeltaT:  1.022E-05   Iter/sec:  7.422E+00
 Iteration:  00000006   DeltaT:  1.022E-05   Iter/sec:  7.559E+00
 Iteration:  00000007   DeltaT:  1.022E-05   Iter/sec:  7.399E+00
 Iteration:  00000008   DeltaT:  1.022E-05   Iter/sec:  7.601E+00
 Iteration:  00000009   DeltaT:  1.022E-05   Iter/sec:  7.580E+00
 Iteration:  00000010   DeltaT:  1.022E-05   Iter/sec:  7.601E+00
 Iteration:  00000011   DeltaT:  1.022E-05   Iter/sec:  7.659E+00
 Iteration:  00000012   DeltaT:  1.022E-05   Iter/sec:  7.567E+00
 Iteration:  00000013   DeltaT:  1.022E-05   Iter/sec:  7.571E+00
 Iteration:  00000014   DeltaT:  1.022E-05   Iter/sec:  7.487E+00
 Iteration:  00000015   DeltaT:  1.022E-05   Iter/sec:  7.659E+00
 Iteration:  00000016   DeltaT:  1.022E-05   Iter/sec:  7.583E+00
 Iteration:  00000017   DeltaT:  1.022E-05   Iter/sec:  7.592E+00
 Iteration:  00000018   DeltaT:  1.022E-05   Iter/sec:  7.713E+00
 Iteration:  00000019   DeltaT:  1.022E-05   Iter/sec:  7.638E+00
 Iteration:  00000020   DeltaT:  1.022E-05   Iter/sec:  7.590E+00
 Iteration:  00000021   DeltaT:  1.022E-05   Iter/sec:  7.727E+00
 Iteration:  00000022   DeltaT:  1.022E-05   Iter/sec:  7.587E+00
 Iteration:  00000023   DeltaT:  1.022E-05   Iter/sec:  7.609E+00
 Iteration:  00000024   DeltaT:  1.022E-05   Iter/sec:  7.720E+00
 Iteration:  00000025   DeltaT:  1.022E-05   Iter/sec:  7.689E+00
 Iteration:  00000026   DeltaT:  1.022E-05   Iter/sec:  7.761E+00
 Iteration:  00000027   DeltaT:  1.022E-05   Iter/sec:  7.855E+00
 Iteration:  00000028   DeltaT:  1.022E-05   Iter/sec:  7.661E+00
 Iteration:  00000029   DeltaT:  1.022E-05   Iter/sec:  7.832E+00
 Iteration:  00000030   DeltaT:  1.022E-05   Iter/sec:  7.666E+00
 Iteration:  00000031   DeltaT:  1.022E-05   Iter/sec:  7.702E+00
 Iteration:  00000032   DeltaT:  1.022E-05   Iter/sec:  7.721E+00
 Iteration:  00000033   DeltaT:  1.022E-05   Iter/sec:  7.741E+00
 Iteration:  00000034   DeltaT:  1.022E-05   Iter/sec:  7.913E+00
 Iteration:  00000035   DeltaT:  1.022E-05   Iter/sec:  7.789E+00
 Iteration:  00000036   DeltaT:  1.022E-05   Iter/sec:  7.723E+00
 Iteration:  00000037   DeltaT:  1.022E-05   Iter/sec:  7.843E+00
 Iteration:  00000038   DeltaT:  1.022E-05   Iter/sec:  7.672E+00
 Iteration:  00000039   DeltaT:  1.022E-05   Iter/sec:  7.672E+00
 Iteration:  00000040   DeltaT:  1.022E-05   Iter/sec:  7.815E+00
 Iteration:  00000041   DeltaT:  1.022E-05   Iter/sec:  7.680E+00
 Iteration:  00000042   DeltaT:  1.022E-05   Iter/sec:  8.018E+00
 Iteration:  00000043   DeltaT:  1.022E-05   Iter/sec:  7.772E+00
 Iteration:  00000044   DeltaT:  1.022E-05   Iter/sec:  7.649E+00
 Iteration:  00000045   DeltaT:  1.022E-05   Iter/sec:  7.987E+00
 Iteration:  00000046   DeltaT:  1.022E-05   Iter/sec:  7.740E+00
 Iteration:  00000047   DeltaT:  1.022E-05   Iter/sec:  7.654E+00
 Iteration:  00000048   DeltaT:  1.022E-05   Iter/sec:  7.801E+00
 Iteration:  00000049   DeltaT:  1.022E-05   Iter/sec:  7.786E+00
 Iteration:  00000050   DeltaT:  1.022E-05   Iter/sec:  8.013E+00


//////////////////////////////////////////////
   Measured Timings for Process 0  (seconds)

 Elapsed time:         7.6865
  Column time:         1.1163
     Row time:         1.9388
Legendre time:         0.9948
     FFT time:         0.4865
   Solve time:         0.1538
    rlma time:         0.0899
    rlmb time:         0.0379
  pspace time:         0.9650
  psolve time:         0.6198
    dphi time:         0.0695
captured time:         6.4723

     iter/sec:         6.5049
//////////////////////////////////////////////
