 //////////////////////////////////////
 Initializating Rayleigh...

 -- Initalizing MPI...
 ---- Specified parameters:
 ---- NCPU  :     32
 ---- NPROW :      8
 ---- NPCOL :      4
 -- MPI initialized.


 -- Initalizing Grid...
 ---- Specified parameters ----
 ---- N_R                 :    128
 ---- N_THETA             :    384
 ---- Ell_MAX             :    255
 ---- R_MIN               :  5.38462E-01
 ---- R_MAX               :  1.53846E+00
 ---- Chebyshev Domains   :      1

        Domain 1
          Grid points           :  128
          Dealiased Polynomials :  85
          Domain Lower Bound    :  5.38462E-01
          Domain Upper Bound    :  1.53846E+00

 -- Grid initialized.

[SHTns 3.4.5] built Apr 21 2021, 13:41:29, id: sse2,ishioka
        Lmax=255, Mmax*Mres=255, Mres=1, Nlm=32896  [1 threads, orthonormalized]
        => using FFTW : Mmax=255, Nphi=768, Nlat=384  (data layout : phi_inc=384, theta_inc=1, phi_embed=768)
        => using Gauss nodes
        + polar optimization threshold = 1.0e-08
        finding optimal algorithm...
        + SHT accuracy = 1.4e-12
        => SHTns is ready.
 -- Initalizing Reference State...
 ---- Specified parameters:
 ---- Reference type           :  Boussinesq (Non-dimensional)
 ---- Rayleigh Number          :  1.00000E+05
 ---- Ekman Number             :  1.00000E-03
 ---- Prandtl Number           :  1.00000E+00
 ---- Magnetic Prandtl Number  :  5.00000E+00
 -- Reference State initialized.

 -- Initializing Fields...
 ---- Specified parameters:
 ---- Hydro Init Type    : Benchmark (Christensen et al. 2001)
 ---- Magnetic Init Type : Benchmark (Christensen et al. 2001)
 -- Fields initialized.

 Initialization Complete.
 //////////////////////////////////////

 Timestep has changed from  0.00000E+00 to  1.00000E-04.
 Iteration:  00000001   DeltaT:  1.000E-04   Iter/sec:  0.000E+00
 Timestep has changed from  1.00000E-04 to  2.55566E-06.
 Iteration:  00000002   DeltaT:  2.556E-06   Iter/sec:  5.042E-02
 Iteration:  00000003   DeltaT:  2.556E-06   Iter/sec:  6.629E-02
 Iteration:  00000004   DeltaT:  2.556E-06   Iter/sec:  6.791E-02
 Iteration:  00000005   DeltaT:  2.556E-06   Iter/sec:  6.788E-02
 Iteration:  00000006   DeltaT:  2.556E-06   Iter/sec:  6.791E-02
 Iteration:  00000007   DeltaT:  2.556E-06   Iter/sec:  6.787E-02
 Iteration:  00000008   DeltaT:  2.556E-06   Iter/sec:  6.791E-02
 Iteration:  00000009   DeltaT:  2.556E-06   Iter/sec:  6.790E-02
 Iteration:  00000010   DeltaT:  2.556E-06   Iter/sec:  6.789E-02
 Iteration:  00000011   DeltaT:  2.556E-06   Iter/sec:  6.782E-02
 Iteration:  00000012   DeltaT:  2.556E-06   Iter/sec:  6.789E-02
 Iteration:  00000013   DeltaT:  2.556E-06   Iter/sec:  6.787E-02
 Iteration:  00000014   DeltaT:  2.556E-06   Iter/sec:  6.796E-02
 Iteration:  00000015   DeltaT:  2.556E-06   Iter/sec:  6.776E-02
 Iteration:  00000016   DeltaT:  2.556E-06   Iter/sec:  6.784E-02
 Iteration:  00000017   DeltaT:  2.556E-06   Iter/sec:  6.788E-02
 Iteration:  00000018   DeltaT:  2.556E-06   Iter/sec:  6.785E-02
 Iteration:  00000019   DeltaT:  2.556E-06   Iter/sec:  6.788E-02
 Iteration:  00000020   DeltaT:  2.556E-06   Iter/sec:  6.787E-02
 Iteration:  00000021   DeltaT:  2.556E-06   Iter/sec:  6.780E-02
 Iteration:  00000022   DeltaT:  2.556E-06   Iter/sec:  6.782E-02
 Iteration:  00000023   DeltaT:  2.556E-06   Iter/sec:  6.784E-02
 Iteration:  00000024   DeltaT:  2.556E-06   Iter/sec:  6.779E-02
 Iteration:  00000025   DeltaT:  2.556E-06   Iter/sec:  6.780E-02
 Iteration:  00000026   DeltaT:  2.556E-06   Iter/sec:  6.778E-02
 Iteration:  00000027   DeltaT:  2.556E-06   Iter/sec:  6.777E-02
 Iteration:  00000028   DeltaT:  2.556E-06   Iter/sec:  6.771E-02
 Iteration:  00000029   DeltaT:  2.556E-06   Iter/sec:  6.794E-02
 Iteration:  00000030   DeltaT:  2.556E-06   Iter/sec:  6.792E-02
 Iteration:  00000031   DeltaT:  2.556E-06   Iter/sec:  6.789E-02
 Iteration:  00000032   DeltaT:  2.556E-06   Iter/sec:  6.790E-02
 Iteration:  00000033   DeltaT:  2.556E-06   Iter/sec:  6.782E-02
 Iteration:  00000034   DeltaT:  2.556E-06   Iter/sec:  6.784E-02
 Iteration:  00000035   DeltaT:  2.556E-06   Iter/sec:  6.778E-02
 Iteration:  00000036   DeltaT:  2.556E-06   Iter/sec:  6.781E-02
 Iteration:  00000037   DeltaT:  2.556E-06   Iter/sec:  6.786E-02
 Iteration:  00000038   DeltaT:  2.556E-06   Iter/sec:  6.784E-02
 Iteration:  00000039   DeltaT:  2.556E-06   Iter/sec:  6.787E-02
 Iteration:  00000040   DeltaT:  2.556E-06   Iter/sec:  6.788E-02
 Iteration:  00000041   DeltaT:  2.556E-06   Iter/sec:  6.792E-02
 Iteration:  00000042   DeltaT:  2.556E-06   Iter/sec:  6.792E-02
 Iteration:  00000043   DeltaT:  2.556E-06   Iter/sec:  6.788E-02
 Iteration:  00000044   DeltaT:  2.556E-06   Iter/sec:  6.778E-02
 Iteration:  00000045   DeltaT:  2.556E-06   Iter/sec:  6.790E-02
 Iteration:  00000046   DeltaT:  2.556E-06   Iter/sec:  6.784E-02
 Iteration:  00000047   DeltaT:  2.556E-06   Iter/sec:  6.789E-02
 Iteration:  00000048   DeltaT:  2.556E-06   Iter/sec:  6.792E-02
 Iteration:  00000049   DeltaT:  2.556E-06   Iter/sec:  6.789E-02
 Iteration:  00000050   DeltaT:  2.556E-06   Iter/sec:  6.776E-02


//////////////////////////////////////////////
   Measured Timings for Process 0  (seconds)

 Elapsed time:       739.2710
  Column time:         5.6480
     Row time:        47.5319
Legendre time:       641.1806
     FFT time:         7.8153
   Solve time:         2.4310
    rlma time:         2.3173
    rlmb time:         1.3459
  pspace time:        17.0399
  psolve time:        10.0067
    dphi time:         0.8636
captured time:       736.1803

     iter/sec:         0.0676
//////////////////////////////////////////////
