 //////////////////////////////////////
 Initializating Rayleigh...

 -- Initalizing MPI...
 ---- Specified parameters:
 ---- NCPU  :     32
 ---- NPROW :      8
 ---- NPCOL :      4
 -- MPI initialized.


 -- Initalizing Grid...
 ---- Specified parameters ----
 ---- N_R                 :    128
 ---- N_THETA             :    192
 ---- Ell_MAX             :    127
 ---- R_MIN               :  5.38462E-01
 ---- R_MAX               :  1.53846E+00
 ---- Chebyshev Domains   :      1

        Domain 1
          Grid points           :  128
          Dealiased Polynomials :  85
          Domain Lower Bound    :  5.38462E-01
          Domain Upper Bound    :  1.53846E+00

 -- Grid initialized.

[SHTns 3.4.5] built Apr 21 2021, 13:41:29, id: sse2,ishioka
        Lmax=127, Mmax*Mres=127, Mres=1, Nlm=8256  [1 threads, orthonormalized]
        => using FFTW : Mmax=127, Nphi=384, Nlat=192  (data layout : phi_inc=192, theta_inc=1, phi_embed=384)
        => using Gauss nodes
        + polar optimization threshold = 1.0e-08
        finding optimal algorithm........
        + SHT accuracy = 4.81e-14
        => SHTns is ready.
 -- Initalizing Reference State...
 ---- Specified parameters:
 ---- Reference type           :  Boussinesq (Non-dimensional)
 ---- Rayleigh Number          :  1.00000E+05
 ---- Ekman Number             :  1.00000E-03
 ---- Prandtl Number           :  1.00000E+00
 ---- Magnetic Prandtl Number  :  5.00000E+00
 -- Reference State initialized.

 -- Initializing Fields...
 ---- Specified parameters:
 ---- Hydro Init Type    : Benchmark (Christensen et al. 2001)
 ---- Magnetic Init Type : Benchmark (Christensen et al. 2001)
 -- Fields initialized.

 Initialization Complete.
 //////////////////////////////////////

 Timestep has changed from  0.00000E+00 to  1.00000E-04.
 Iteration:  00000001   DeltaT:  1.000E-04   Iter/sec:  0.000E+00
 Timestep has changed from  1.00000E-04 to  2.55581E-06.
 Iteration:  00000002   DeltaT:  2.556E-06   Iter/sec:  1.735E-01
 Iteration:  00000003   DeltaT:  2.556E-06   Iter/sec:  4.260E-01
 Iteration:  00000004   DeltaT:  2.556E-06   Iter/sec:  4.575E-01
 Iteration:  00000005   DeltaT:  2.556E-06   Iter/sec:  4.568E-01
 Iteration:  00000006   DeltaT:  2.556E-06   Iter/sec:  4.577E-01
 Iteration:  00000007   DeltaT:  2.556E-06   Iter/sec:  4.555E-01
 Iteration:  00000008   DeltaT:  2.556E-06   Iter/sec:  4.577E-01
 Iteration:  00000009   DeltaT:  2.556E-06   Iter/sec:  4.570E-01
 Iteration:  00000010   DeltaT:  2.556E-06   Iter/sec:  4.583E-01
 Iteration:  00000011   DeltaT:  2.556E-06   Iter/sec:  4.565E-01
 Iteration:  00000012   DeltaT:  2.556E-06   Iter/sec:  4.558E-01
 Iteration:  00000013   DeltaT:  2.556E-06   Iter/sec:  4.576E-01
 Iteration:  00000014   DeltaT:  2.556E-06   Iter/sec:  4.593E-01
 Iteration:  00000015   DeltaT:  2.556E-06   Iter/sec:  4.567E-01
 Iteration:  00000016   DeltaT:  2.556E-06   Iter/sec:  4.576E-01
 Iteration:  00000017   DeltaT:  2.556E-06   Iter/sec:  4.581E-01
 Iteration:  00000018   DeltaT:  2.556E-06   Iter/sec:  4.585E-01
 Iteration:  00000019   DeltaT:  2.556E-06   Iter/sec:  4.565E-01
 Iteration:  00000020   DeltaT:  2.556E-06   Iter/sec:  4.586E-01
 Iteration:  00000021   DeltaT:  2.556E-06   Iter/sec:  4.575E-01
 Iteration:  00000022   DeltaT:  2.556E-06   Iter/sec:  4.581E-01
 Iteration:  00000023   DeltaT:  2.556E-06   Iter/sec:  4.567E-01
 Iteration:  00000024   DeltaT:  2.556E-06   Iter/sec:  4.546E-01
 Iteration:  00000025   DeltaT:  2.556E-06   Iter/sec:  4.563E-01
 Iteration:  00000026   DeltaT:  2.556E-06   Iter/sec:  4.574E-01
 Iteration:  00000027   DeltaT:  2.556E-06   Iter/sec:  4.579E-01
 Iteration:  00000028   DeltaT:  2.556E-06   Iter/sec:  4.568E-01
 Iteration:  00000029   DeltaT:  2.556E-06   Iter/sec:  4.567E-01
 Iteration:  00000030   DeltaT:  2.556E-06   Iter/sec:  4.575E-01
 Iteration:  00000031   DeltaT:  2.556E-06   Iter/sec:  4.581E-01
 Iteration:  00000032   DeltaT:  2.556E-06   Iter/sec:  4.573E-01
 Iteration:  00000033   DeltaT:  2.556E-06   Iter/sec:  4.565E-01
 Iteration:  00000034   DeltaT:  2.556E-06   Iter/sec:  4.565E-01
 Iteration:  00000035   DeltaT:  2.556E-06   Iter/sec:  4.581E-01
 Iteration:  00000036   DeltaT:  2.556E-06   Iter/sec:  4.572E-01
 Iteration:  00000037   DeltaT:  2.556E-06   Iter/sec:  4.562E-01
 Iteration:  00000038   DeltaT:  2.556E-06   Iter/sec:  4.568E-01
 Iteration:  00000039   DeltaT:  2.556E-06   Iter/sec:  4.581E-01
 Iteration:  00000040   DeltaT:  2.556E-06   Iter/sec:  4.578E-01
 Iteration:  00000041   DeltaT:  2.556E-06   Iter/sec:  4.565E-01
 Iteration:  00000042   DeltaT:  2.556E-06   Iter/sec:  4.563E-01
 Iteration:  00000043   DeltaT:  2.556E-06   Iter/sec:  4.587E-01
 Iteration:  00000044   DeltaT:  2.556E-06   Iter/sec:  4.572E-01
 Iteration:  00000045   DeltaT:  2.556E-06   Iter/sec:  4.572E-01
 Iteration:  00000046   DeltaT:  2.556E-06   Iter/sec:  4.575E-01
 Iteration:  00000047   DeltaT:  2.556E-06   Iter/sec:  4.569E-01
 Iteration:  00000048   DeltaT:  2.556E-06   Iter/sec:  4.589E-01
 Iteration:  00000049   DeltaT:  2.556E-06   Iter/sec:  4.559E-01
 Iteration:  00000050   DeltaT:  2.556E-06   Iter/sec:  4.574E-01


//////////////////////////////////////////////
   Measured Timings for Process 0  (seconds)

 Elapsed time:       109.9959
  Column time:         1.4617
     Row time:        12.0113
Legendre time:        85.2506
     FFT time:         2.0572
   Solve time:         0.9997
    rlma time:         0.3468
    rlmb time:         0.1467
  pspace time:         3.7173
  psolve time:         3.1486
    dphi time:         0.1445
captured time:       109.2843

     iter/sec:         0.4546
//////////////////////////////////////////////
