 //////////////////////////////////////
 Initializating Rayleigh...

 -- Initalizing MPI...
 ---- Specified parameters:
 ---- NCPU  :     64
 ---- NPROW :      8
 ---- NPCOL :      8
 -- MPI initialized.


 -- Initalizing Grid...
 ---- Specified parameters ----
 ---- N_R                 :    128
 ---- N_THETA             :    192
 ---- Ell_MAX             :    127
 ---- R_MIN               :  5.38462E-01
 ---- R_MAX               :  1.53846E+00
 ---- Chebyshev Domains   :      1

        Domain 1
          Grid points           :  128
          Dealiased Polynomials :  85
          Domain Lower Bound    :  5.38462E-01
          Domain Upper Bound    :  1.53846E+00

 -- Grid initialized.

[SHTns 3.4.5] built Apr 21 2021, 13:41:29, id: sse2,ishioka
        Lmax=127, Mmax*Mres=127, Mres=1, Nlm=8256  [1 threads, orthonormalized]
        => using FFTW : Mmax=127, Nphi=384, Nlat=192  (data layout : phi_inc=192, theta_inc=1, phi_embed=384)
        => using Gauss nodes
        + polar optimization threshold = 1.0e-08
        finding optimal algorithm........
        + SHT accuracy = 5.5e-14
        => SHTns is ready.
 -- Initalizing Reference State...
 ---- Specified parameters:
 ---- Reference type           :  Boussinesq (Non-dimensional)
 ---- Rayleigh Number          :  1.00000E+05
 ---- Ekman Number             :  1.00000E-03
 ---- Prandtl Number           :  1.00000E+00
 ---- Magnetic Prandtl Number  :  5.00000E+00
 -- Reference State initialized.

 -- Initializing Fields...
 ---- Specified parameters:
 ---- Hydro Init Type    : Benchmark (Christensen et al. 2001)
 ---- Magnetic Init Type : Benchmark (Christensen et al. 2001)
 -- Fields initialized.

 Initialization Complete.
 //////////////////////////////////////

 Timestep has changed from  0.00000E+00 to  1.00000E-04.
 Iteration:  00000001   DeltaT:  1.000E-04   Iter/sec:  0.000E+00
 Timestep has changed from  1.00000E-04 to  2.55581E-06.
 Iteration:  00000002   DeltaT:  2.556E-06   Iter/sec:  2.588E-01
 Iteration:  00000003   DeltaT:  2.556E-06   Iter/sec:  8.514E-01
 Iteration:  00000004   DeltaT:  2.556E-06   Iter/sec:  9.247E-01
 Iteration:  00000005   DeltaT:  2.556E-06   Iter/sec:  9.230E-01
 Iteration:  00000006   DeltaT:  2.556E-06   Iter/sec:  9.120E-01
 Iteration:  00000007   DeltaT:  2.556E-06   Iter/sec:  9.031E-01
 Iteration:  00000008   DeltaT:  2.556E-06   Iter/sec:  9.223E-01
 Iteration:  00000009   DeltaT:  2.556E-06   Iter/sec:  9.206E-01
 Iteration:  00000010   DeltaT:  2.556E-06   Iter/sec:  9.277E-01
 Iteration:  00000011   DeltaT:  2.556E-06   Iter/sec:  9.208E-01
 Iteration:  00000012   DeltaT:  2.556E-06   Iter/sec:  9.230E-01
 Iteration:  00000013   DeltaT:  2.556E-06   Iter/sec:  9.275E-01
 Iteration:  00000014   DeltaT:  2.556E-06   Iter/sec:  9.228E-01
 Iteration:  00000015   DeltaT:  2.556E-06   Iter/sec:  9.246E-01
 Iteration:  00000016   DeltaT:  2.556E-06   Iter/sec:  9.195E-01
 Iteration:  00000017   DeltaT:  2.556E-06   Iter/sec:  9.278E-01
 Iteration:  00000018   DeltaT:  2.556E-06   Iter/sec:  9.216E-01
 Iteration:  00000019   DeltaT:  2.556E-06   Iter/sec:  9.212E-01
 Iteration:  00000020   DeltaT:  2.556E-06   Iter/sec:  9.275E-01
 Iteration:  00000021   DeltaT:  2.556E-06   Iter/sec:  9.248E-01
 Iteration:  00000022   DeltaT:  2.556E-06   Iter/sec:  9.210E-01
 Iteration:  00000023   DeltaT:  2.556E-06   Iter/sec:  9.234E-01
 Iteration:  00000024   DeltaT:  2.556E-06   Iter/sec:  9.232E-01
 Iteration:  00000025   DeltaT:  2.556E-06   Iter/sec:  9.226E-01
 Iteration:  00000026   DeltaT:  2.556E-06   Iter/sec:  9.271E-01
 Iteration:  00000027   DeltaT:  2.556E-06   Iter/sec:  9.240E-01
 Iteration:  00000028   DeltaT:  2.556E-06   Iter/sec:  9.231E-01
 Iteration:  00000029   DeltaT:  2.556E-06   Iter/sec:  9.222E-01
 Iteration:  00000030   DeltaT:  2.556E-06   Iter/sec:  9.231E-01
 Iteration:  00000031   DeltaT:  2.556E-06   Iter/sec:  9.270E-01
 Iteration:  00000032   DeltaT:  2.556E-06   Iter/sec:  9.235E-01
 Iteration:  00000033   DeltaT:  2.556E-06   Iter/sec:  9.218E-01
 Iteration:  00000034   DeltaT:  2.556E-06   Iter/sec:  9.246E-01
 Iteration:  00000035   DeltaT:  2.556E-06   Iter/sec:  9.214E-01
 Iteration:  00000036   DeltaT:  2.556E-06   Iter/sec:  9.235E-01
 Iteration:  00000037   DeltaT:  2.556E-06   Iter/sec:  9.187E-01
 Iteration:  00000038   DeltaT:  2.556E-06   Iter/sec:  9.271E-01
 Iteration:  00000039   DeltaT:  2.556E-06   Iter/sec:  9.261E-01
 Iteration:  00000040   DeltaT:  2.556E-06   Iter/sec:  9.207E-01
 Iteration:  00000041   DeltaT:  2.556E-06   Iter/sec:  9.280E-01
 Iteration:  00000042   DeltaT:  2.556E-06   Iter/sec:  9.236E-01
 Iteration:  00000043   DeltaT:  2.556E-06   Iter/sec:  9.244E-01
 Iteration:  00000044   DeltaT:  2.556E-06   Iter/sec:  9.287E-01
 Iteration:  00000045   DeltaT:  2.556E-06   Iter/sec:  9.189E-01
 Iteration:  00000046   DeltaT:  2.556E-06   Iter/sec:  9.264E-01
 Iteration:  00000047   DeltaT:  2.556E-06   Iter/sec:  9.202E-01
 Iteration:  00000048   DeltaT:  2.556E-06   Iter/sec:  9.243E-01
 Iteration:  00000049   DeltaT:  2.556E-06   Iter/sec:  9.226E-01
 Iteration:  00000050   DeltaT:  2.556E-06   Iter/sec:  9.214E-01


//////////////////////////////////////////////
   Measured Timings for Process 0  (seconds)

 Elapsed time:        54.7254
  Column time:         0.6806
     Row time:         5.3697
Legendre time:        42.6666
     FFT time:         1.0145
   Solve time:         0.5433
    rlma time:         0.1715
    rlmb time:         0.0711
  pspace time:         2.0791
  psolve time:         1.5122
    dphi time:         0.1068
captured time:        54.2153

     iter/sec:         0.9137
//////////////////////////////////////////////
