 //////////////////////////////////////
 Initializating Rayleigh...

 -- Initalizing MPI...
 ---- Specified parameters:
 ---- NCPU  :     16
 ---- NPROW :      4
 ---- NPCOL :      4
 -- MPI initialized.


 -- Initalizing Grid...
 ---- Specified parameters ----
 ---- N_R                 :     64
 ---- N_THETA             :    192
 ---- Ell_MAX             :    127
 ---- R_MIN               :  5.38462E-01
 ---- R_MAX               :  1.53846E+00
 ---- Chebyshev Domains   :      1

        Domain 1
          Grid points           :  64
          Dealiased Polynomials :  42
          Domain Lower Bound    :  5.38462E-01
          Domain Upper Bound    :  1.53846E+00

 -- Grid initialized.

[SHTns 3.4.5] built Apr 21 2021, 13:41:29, id: sse2,ishioka
        Lmax=127, Mmax*Mres=127, Mres=1, Nlm=8256  [1 threads, orthonormalized]
        => using FFTW : Mmax=127, Nphi=384, Nlat=192  (data layout : phi_inc=192, theta_inc=1, phi_embed=384)
        => using Gauss nodes
        + polar optimization threshold = 1.0e-08
        finding optimal algorithm........
        + SHT accuracy = 3.46e-14
        => SHTns is ready.
 -- Initalizing Reference State...
 ---- Specified parameters:
 ---- Reference type           :  Boussinesq (Non-dimensional)
 ---- Rayleigh Number          :  1.00000E+05
 ---- Ekman Number             :  1.00000E-03
 ---- Prandtl Number           :  1.00000E+00
 ---- Magnetic Prandtl Number  :  5.00000E+00
 -- Reference State initialized.

 -- Initializing Fields...
 ---- Specified parameters:
 ---- Hydro Init Type    : Benchmark (Christensen et al. 2001)
 ---- Magnetic Init Type : Benchmark (Christensen et al. 2001)
 -- Fields initialized.

 Initialization Complete.
 //////////////////////////////////////

 Timestep has changed from  0.00000E+00 to  1.00000E-04.
 Iteration:  00000001   DeltaT:  1.000E-04   Iter/sec:  0.000E+00
 Timestep has changed from  1.00000E-04 to  1.02217E-05.
 Iteration:  00000002   DeltaT:  1.022E-05   Iter/sec:  1.931E-01
 Iteration:  00000003   DeltaT:  1.022E-05   Iter/sec:  4.594E-01
 Iteration:  00000004   DeltaT:  1.022E-05   Iter/sec:  4.647E-01
 Iteration:  00000005   DeltaT:  1.022E-05   Iter/sec:  4.665E-01
 Iteration:  00000006   DeltaT:  1.022E-05   Iter/sec:  4.657E-01
 Iteration:  00000007   DeltaT:  1.022E-05   Iter/sec:  4.648E-01
 Iteration:  00000008   DeltaT:  1.022E-05   Iter/sec:  4.664E-01
 Iteration:  00000009   DeltaT:  1.022E-05   Iter/sec:  4.663E-01
 Iteration:  00000010   DeltaT:  1.022E-05   Iter/sec:  4.657E-01
 Iteration:  00000011   DeltaT:  1.022E-05   Iter/sec:  4.647E-01
 Iteration:  00000012   DeltaT:  1.022E-05   Iter/sec:  4.659E-01
 Iteration:  00000013   DeltaT:  1.022E-05   Iter/sec:  4.665E-01
 Iteration:  00000014   DeltaT:  1.022E-05   Iter/sec:  4.641E-01
 Iteration:  00000015   DeltaT:  1.022E-05   Iter/sec:  4.637E-01
 Iteration:  00000016   DeltaT:  1.022E-05   Iter/sec:  4.655E-01
 Iteration:  00000017   DeltaT:  1.022E-05   Iter/sec:  4.658E-01
 Iteration:  00000018   DeltaT:  1.022E-05   Iter/sec:  4.661E-01
 Iteration:  00000019   DeltaT:  1.022E-05   Iter/sec:  4.650E-01
 Iteration:  00000020   DeltaT:  1.022E-05   Iter/sec:  4.665E-01
 Iteration:  00000021   DeltaT:  1.022E-05   Iter/sec:  4.653E-01
 Iteration:  00000022   DeltaT:  1.022E-05   Iter/sec:  4.651E-01
 Iteration:  00000023   DeltaT:  1.022E-05   Iter/sec:  4.642E-01
 Iteration:  00000024   DeltaT:  1.022E-05   Iter/sec:  4.655E-01
 Iteration:  00000025   DeltaT:  1.022E-05   Iter/sec:  4.653E-01
 Iteration:  00000026   DeltaT:  1.022E-05   Iter/sec:  4.638E-01
 Iteration:  00000027   DeltaT:  1.022E-05   Iter/sec:  4.665E-01
 Iteration:  00000028   DeltaT:  1.022E-05   Iter/sec:  4.655E-01
 Iteration:  00000029   DeltaT:  1.022E-05   Iter/sec:  4.662E-01
 Iteration:  00000030   DeltaT:  1.022E-05   Iter/sec:  4.643E-01
 Iteration:  00000031   DeltaT:  1.022E-05   Iter/sec:  4.644E-01
 Iteration:  00000032   DeltaT:  1.022E-05   Iter/sec:  4.617E-01
 Iteration:  00000033   DeltaT:  1.022E-05   Iter/sec:  4.651E-01
 Iteration:  00000034   DeltaT:  1.022E-05   Iter/sec:  4.647E-01
 Iteration:  00000035   DeltaT:  1.022E-05   Iter/sec:  4.645E-01
 Iteration:  00000036   DeltaT:  1.022E-05   Iter/sec:  4.650E-01
 Iteration:  00000037   DeltaT:  1.022E-05   Iter/sec:  4.656E-01
 Iteration:  00000038   DeltaT:  1.022E-05   Iter/sec:  4.666E-01
 Iteration:  00000039   DeltaT:  1.022E-05   Iter/sec:  4.655E-01
 Iteration:  00000040   DeltaT:  1.022E-05   Iter/sec:  4.642E-01
 Iteration:  00000041   DeltaT:  1.022E-05   Iter/sec:  4.661E-01
 Iteration:  00000042   DeltaT:  1.022E-05   Iter/sec:  4.645E-01
 Iteration:  00000043   DeltaT:  1.022E-05   Iter/sec:  4.645E-01
 Iteration:  00000044   DeltaT:  1.022E-05   Iter/sec:  4.649E-01
 Iteration:  00000045   DeltaT:  1.022E-05   Iter/sec:  4.659E-01
 Iteration:  00000046   DeltaT:  1.022E-05   Iter/sec:  4.646E-01
 Iteration:  00000047   DeltaT:  1.022E-05   Iter/sec:  4.652E-01
 Iteration:  00000048   DeltaT:  1.022E-05   Iter/sec:  4.658E-01
 Iteration:  00000049   DeltaT:  1.022E-05   Iter/sec:  4.679E-01
 Iteration:  00000050   DeltaT:  1.022E-05   Iter/sec:  4.648E-01


//////////////////////////////////////////////
   Measured Timings for Process 0  (seconds)

 Elapsed time:       107.9691
  Column time:         4.2165
     Row time:         9.5822
Legendre time:        83.6566
     FFT time:         2.0588
   Solve time:         0.4181
    rlma time:         0.3562
    rlmb time:         0.1515
  pspace time:         3.7011
  psolve time:         2.9241
    dphi time:         0.1507
captured time:       107.2158

     iter/sec:         0.4631
//////////////////////////////////////////////
