 //////////////////////////////////////
 Initializating Rayleigh...

 -- Initalizing MPI...
 ---- Specified parameters:
 ---- NCPU  :     16
 ---- NPROW :      4
 ---- NPCOL :      4
 -- MPI initialized.


 -- Initalizing Grid...
 ---- Specified parameters ----
 ---- N_R                 :    128
 ---- N_THETA             :    384
 ---- Ell_MAX             :    255
 ---- R_MIN               :  5.38462E-01
 ---- R_MAX               :  1.53846E+00
 ---- Chebyshev Domains   :      1

        Domain 1
          Grid points           :  128
          Dealiased Polynomials :  85
          Domain Lower Bound    :  5.38462E-01
          Domain Upper Bound    :  1.53846E+00

 -- Grid initialized.

[SHTns 3.4.5] built Apr 21 2021, 13:41:29, id: sse2,ishioka
        Lmax=255, Mmax*Mres=255, Mres=1, Nlm=32896  [1 threads, orthonormalized]
        => using FFTW : Mmax=255, Nphi=768, Nlat=384  (data layout : phi_inc=384, theta_inc=1, phi_embed=768)
        => using Gauss nodes
        + polar optimization threshold = 1.0e-08
        finding optimal algorithm...
        + SHT accuracy = 2.04e-12
        => SHTns is ready.
 -- Initalizing Reference State...
 ---- Specified parameters:
 ---- Reference type           :  Boussinesq (Non-dimensional)
 ---- Rayleigh Number          :  1.00000E+05
 ---- Ekman Number             :  1.00000E-03
 ---- Prandtl Number           :  1.00000E+00
 ---- Magnetic Prandtl Number  :  5.00000E+00
 -- Reference State initialized.

 -- Initializing Fields...
 ---- Specified parameters:
 ---- Hydro Init Type    : Benchmark (Christensen et al. 2001)
 ---- Magnetic Init Type : Benchmark (Christensen et al. 2001)
 -- Fields initialized.

 Initialization Complete.
 //////////////////////////////////////

 Timestep has changed from  0.00000E+00 to  1.00000E-04.
 Iteration:  00000001   DeltaT:  1.000E-04   Iter/sec:  0.000E+00
 Timestep has changed from  1.00000E-04 to  2.55566E-06.
 Iteration:  00000002   DeltaT:  2.556E-06   Iter/sec:  2.821E-02
 Iteration:  00000003   DeltaT:  2.556E-06   Iter/sec:  3.277E-02
 Iteration:  00000004   DeltaT:  2.556E-06   Iter/sec:  3.317E-02
 Iteration:  00000005   DeltaT:  2.556E-06   Iter/sec:  3.319E-02
 Iteration:  00000006   DeltaT:  2.556E-06   Iter/sec:  3.319E-02
 Iteration:  00000007   DeltaT:  2.556E-06   Iter/sec:  3.318E-02
 Iteration:  00000008   DeltaT:  2.556E-06   Iter/sec:  3.314E-02
 Iteration:  00000009   DeltaT:  2.556E-06   Iter/sec:  3.315E-02
 Iteration:  00000010   DeltaT:  2.556E-06   Iter/sec:  3.318E-02
 Iteration:  00000011   DeltaT:  2.556E-06   Iter/sec:  3.316E-02
 Iteration:  00000012   DeltaT:  2.556E-06   Iter/sec:  3.314E-02
 Iteration:  00000013   DeltaT:  2.556E-06   Iter/sec:  3.316E-02
 Iteration:  00000014   DeltaT:  2.556E-06   Iter/sec:  3.318E-02
 Iteration:  00000015   DeltaT:  2.556E-06   Iter/sec:  3.313E-02
 Iteration:  00000016   DeltaT:  2.556E-06   Iter/sec:  3.314E-02
 Iteration:  00000017   DeltaT:  2.556E-06   Iter/sec:  3.312E-02
 Iteration:  00000018   DeltaT:  2.556E-06   Iter/sec:  3.318E-02
 Iteration:  00000019   DeltaT:  2.556E-06   Iter/sec:  3.318E-02
 Iteration:  00000020   DeltaT:  2.556E-06   Iter/sec:  3.317E-02
 Iteration:  00000021   DeltaT:  2.556E-06   Iter/sec:  3.318E-02
 Iteration:  00000022   DeltaT:  2.556E-06   Iter/sec:  3.313E-02
 Iteration:  00000023   DeltaT:  2.556E-06   Iter/sec:  3.312E-02
 Iteration:  00000024   DeltaT:  2.556E-06   Iter/sec:  3.315E-02
 Iteration:  00000025   DeltaT:  2.556E-06   Iter/sec:  3.314E-02
 Iteration:  00000026   DeltaT:  2.556E-06   Iter/sec:  3.313E-02
 Iteration:  00000027   DeltaT:  2.556E-06   Iter/sec:  3.309E-02
 Iteration:  00000028   DeltaT:  2.556E-06   Iter/sec:  3.312E-02
 Iteration:  00000029   DeltaT:  2.556E-06   Iter/sec:  3.317E-02
 Iteration:  00000030   DeltaT:  2.556E-06   Iter/sec:  3.319E-02
 Iteration:  00000031   DeltaT:  2.556E-06   Iter/sec:  3.319E-02
 Iteration:  00000032   DeltaT:  2.556E-06   Iter/sec:  3.318E-02
 Iteration:  00000033   DeltaT:  2.556E-06   Iter/sec:  3.317E-02
 Iteration:  00000034   DeltaT:  2.556E-06   Iter/sec:  3.313E-02
 Iteration:  00000035   DeltaT:  2.556E-06   Iter/sec:  3.316E-02
 Iteration:  00000036   DeltaT:  2.556E-06   Iter/sec:  3.314E-02
 Iteration:  00000037   DeltaT:  2.556E-06   Iter/sec:  3.316E-02
 Iteration:  00000038   DeltaT:  2.556E-06   Iter/sec:  3.311E-02
 Iteration:  00000039   DeltaT:  2.556E-06   Iter/sec:  3.316E-02
 Iteration:  00000040   DeltaT:  2.556E-06   Iter/sec:  3.315E-02
 Iteration:  00000041   DeltaT:  2.556E-06   Iter/sec:  3.316E-02
 Iteration:  00000042   DeltaT:  2.556E-06   Iter/sec:  3.318E-02
 Iteration:  00000043   DeltaT:  2.556E-06   Iter/sec:  3.318E-02
 Iteration:  00000044   DeltaT:  2.556E-06   Iter/sec:  3.314E-02
 Iteration:  00000045   DeltaT:  2.556E-06   Iter/sec:  3.315E-02
 Iteration:  00000046   DeltaT:  2.556E-06   Iter/sec:  3.314E-02
 Iteration:  00000047   DeltaT:  2.556E-06   Iter/sec:  3.314E-02
 Iteration:  00000048   DeltaT:  2.556E-06   Iter/sec:  3.315E-02
 Iteration:  00000049   DeltaT:  2.556E-06   Iter/sec:  3.316E-02
 Iteration:  00000050   DeltaT:  2.556E-06   Iter/sec:  3.316E-02


//////////////////////////////////////////////
   Measured Timings for Process 0  (seconds)

 Elapsed time:      1510.5166
  Column time:        10.6938
     Row time:        94.8443
Legendre time:      1320.6270
     FFT time:        15.5972
   Solve time:         3.6745
    rlma time:         5.0685
    rlmb time:         1.3004
  pspace time:        33.3284
  psolve time:        19.4098
    dphi time:         1.4831
captured time:      1506.0267

     iter/sec:         0.0331
//////////////////////////////////////////////
