 //////////////////////////////////////
 Initializating Rayleigh...

 -- Initalizing MPI...
 ---- Specified parameters:
 ---- NCPU  :    512
 ---- NPROW :     32
 ---- NPCOL :     16
 -- MPI initialized.


 -- Initalizing Grid...
 ---- Specified parameters ----
 ---- N_R                 :     64
 ---- N_THETA             :    384
 ---- Ell_MAX             :    255
 ---- R_MIN               :  5.38462E-01
 ---- R_MAX               :  1.53846E+00
 ---- Chebyshev Domains   :      1

        Domain 1
          Grid points           :  64
          Dealiased Polynomials :  42
          Domain Lower Bound    :  5.38462E-01
          Domain Upper Bound    :  1.53846E+00

 -- Grid initialized.

[SHTns 3.4.5] built Apr 21 2021, 13:41:29, id: sse2,ishioka
        Lmax=255, Mmax*Mres=255, Mres=1, Nlm=32896  [1 threads, orthonormalized]
        => using FFTW : Mmax=255, Nphi=768, Nlat=384  (data layout : phi_inc=384, theta_inc=1, phi_embed=768)
        => using Gauss nodes
        + polar optimization threshold = 1.0e-08
        finding optimal algorithm...
        + SHT accuracy = 1.82e-12
        => SHTns is ready.
 -- Initalizing Reference State...
 ---- Specified parameters:
 ---- Reference type           :  Boussinesq (Non-dimensional)
 ---- Rayleigh Number          :  1.00000E+05
 ---- Ekman Number             :  1.00000E-03
 ---- Prandtl Number           :  1.00000E+00
 ---- Magnetic Prandtl Number  :  5.00000E+00
 -- Reference State initialized.

 -- Initializing Fields...
 ---- Specified parameters:
 ---- Hydro Init Type    : Benchmark (Christensen et al. 2001)
 ---- Magnetic Init Type : Benchmark (Christensen et al. 2001)
 -- Fields initialized.

 Initialization Complete.
 //////////////////////////////////////

 Timestep has changed from  0.00000E+00 to  1.00000E-04.
 Iteration:  00000001   DeltaT:  1.000E-04   Iter/sec:  0.000E+00
 Timestep has changed from  1.00000E-04 to  1.02211E-05.
 Iteration:  00000002   DeltaT:  1.022E-05   Iter/sec:  2.053E-01
 Iteration:  00000003   DeltaT:  1.022E-05   Iter/sec:  2.090E+00
 Iteration:  00000004   DeltaT:  1.022E-05   Iter/sec:  2.180E+00
 Iteration:  00000005   DeltaT:  1.022E-05   Iter/sec:  2.178E+00
 Iteration:  00000006   DeltaT:  1.022E-05   Iter/sec:  2.183E+00
 Iteration:  00000007   DeltaT:  1.022E-05   Iter/sec:  2.178E+00
 Iteration:  00000008   DeltaT:  1.022E-05   Iter/sec:  2.180E+00
 Iteration:  00000009   DeltaT:  1.022E-05   Iter/sec:  2.181E+00
 Iteration:  00000010   DeltaT:  1.022E-05   Iter/sec:  2.138E+00
 Iteration:  00000011   DeltaT:  1.022E-05   Iter/sec:  2.222E+00
 Iteration:  00000012   DeltaT:  1.022E-05   Iter/sec:  2.184E+00
 Iteration:  00000013   DeltaT:  1.022E-05   Iter/sec:  2.182E+00
 Iteration:  00000014   DeltaT:  1.022E-05   Iter/sec:  2.180E+00
 Iteration:  00000015   DeltaT:  1.022E-05   Iter/sec:  2.180E+00
 Iteration:  00000016   DeltaT:  1.022E-05   Iter/sec:  2.182E+00
 Iteration:  00000017   DeltaT:  1.022E-05   Iter/sec:  2.180E+00
 Iteration:  00000018   DeltaT:  1.022E-05   Iter/sec:  2.179E+00
 Iteration:  00000019   DeltaT:  1.022E-05   Iter/sec:  2.164E+00
 Iteration:  00000020   DeltaT:  1.022E-05   Iter/sec:  2.199E+00
 Iteration:  00000021   DeltaT:  1.022E-05   Iter/sec:  2.180E+00
 Iteration:  00000022   DeltaT:  1.022E-05   Iter/sec:  2.177E+00
 Iteration:  00000023   DeltaT:  1.022E-05   Iter/sec:  2.181E+00
 Iteration:  00000024   DeltaT:  1.022E-05   Iter/sec:  2.180E+00
 Iteration:  00000025   DeltaT:  1.022E-05   Iter/sec:  2.179E+00
 Iteration:  00000026   DeltaT:  1.022E-05   Iter/sec:  2.170E+00
 Iteration:  00000027   DeltaT:  1.022E-05   Iter/sec:  2.186E+00
 Iteration:  00000028   DeltaT:  1.022E-05   Iter/sec:  2.179E+00
 Iteration:  00000029   DeltaT:  1.022E-05   Iter/sec:  2.178E+00
 Iteration:  00000030   DeltaT:  1.022E-05   Iter/sec:  2.183E+00
 Iteration:  00000031   DeltaT:  1.022E-05   Iter/sec:  2.182E+00
 Iteration:  00000032   DeltaT:  1.022E-05   Iter/sec:  2.132E+00
 Iteration:  00000033   DeltaT:  1.022E-05   Iter/sec:  2.227E+00
 Iteration:  00000034   DeltaT:  1.022E-05   Iter/sec:  2.179E+00
 Iteration:  00000035   DeltaT:  1.022E-05   Iter/sec:  2.179E+00
 Iteration:  00000036   DeltaT:  1.022E-05   Iter/sec:  2.180E+00
 Iteration:  00000037   DeltaT:  1.022E-05   Iter/sec:  2.181E+00
 Iteration:  00000038   DeltaT:  1.022E-05   Iter/sec:  2.181E+00
 Iteration:  00000039   DeltaT:  1.022E-05   Iter/sec:  2.180E+00
 Iteration:  00000040   DeltaT:  1.022E-05   Iter/sec:  2.178E+00
 Iteration:  00000041   DeltaT:  1.022E-05   Iter/sec:  2.169E+00
 Iteration:  00000042   DeltaT:  1.022E-05   Iter/sec:  2.187E+00
 Iteration:  00000043   DeltaT:  1.022E-05   Iter/sec:  2.181E+00
 Iteration:  00000044   DeltaT:  1.022E-05   Iter/sec:  2.179E+00
 Iteration:  00000045   DeltaT:  1.022E-05   Iter/sec:  2.176E+00
 Iteration:  00000046   DeltaT:  1.022E-05   Iter/sec:  2.180E+00
 Iteration:  00000047   DeltaT:  1.022E-05   Iter/sec:  2.178E+00
 Iteration:  00000048   DeltaT:  1.022E-05   Iter/sec:  2.177E+00
 Iteration:  00000049   DeltaT:  1.022E-05   Iter/sec:  2.181E+00
 Iteration:  00000050   DeltaT:  1.022E-05   Iter/sec:  2.166E+00


//////////////////////////////////////////////
   Measured Timings for Process 0  (seconds)

 Elapsed time:        23.7109
  Column time:         0.3876
     Row time:         2.7404
Legendre time:        18.9023
     FFT time:         0.2546
   Solve time:         0.0947
    rlma time:         0.0426
    rlmb time:         0.0178
  pspace time:         0.3169
  psolve time:         0.1818
    dphi time:         0.0253
captured time:        22.9639

     iter/sec:         2.1087
//////////////////////////////////////////////
